 0, 20
 0.200000, 38.000000, 0.000000, 703.000000, 1127.000000
 257.333333, 28.295337, 3.839378, 1.968912, 5.943005
 331.333333, 22.161972, 1.186117, 1.228370, 2.455734
 397.666667, 24.606873, 1.421626, 1.051132, 2.497066
 374.000000, 25.900178, 1.548128, 1.094474, 2.673797
 376.333333, 24.519043, 1.519929, 1.242693, 2.798051
 393.000000, 25.145038, 1.548770, 1.181510, 2.807464
 405.000000, 23.492181, 1.449383, 0.961317, 2.437860
 403.000000, 25.073615, 1.351530, 1.207610, 2.598842
 374.000000, 22.681818, 1.460784, 1.168449, 2.659537
 390.666667, 23.922355, 1.564846, 1.156143, 2.746587
 355.000000, 21.884507, 1.181221, 1.187793, 2.407512
 399.333333, 23.979132, 1.386477, 1.115192, 2.535058
 341.333333, 22.494141, 1.187500, 1.072266, 2.313477
 393.666667, 24.966130, 1.458086, 1.038103, 2.524132
 343.333333, 22.732039, 1.333010, 1.143689, 2.530097
 363.666667, 23.998167, 1.060495, 0.850596, 1.957837
 381.000000, 21.243220, 1.182852, 0.979003, 2.215223
 415.333333, 23.975120, 1.253612, 0.805778, 2.101926
 352.333333, 23.192999, 1.112583, 1.004730, 2.180700
 1, 20
 0.200000, 8.000000, 79.000000, 38.000000, 492.000000
 235.666667, 29.585573, 3.652051, 2.091938, 5.892504
 332.000000, 21.785141, 1.097390, 1.068273, 2.200803
 350.666667, 22.877376, 1.283270, 1.158745, 2.481939
 334.333333, 24.307079, 1.511466, 1.154536, 2.712861
 340.000000, 22.839216, 1.438235, 1.293137, 2.780392
 377.333333, 24.680212, 1.492933, 1.205830, 2.760601
 362.666667, 24.333640, 1.376838, 0.965074, 2.415441
 383.000000, 25.341166, 1.225413, 1.173194, 2.429939
 374.666667, 23.413701, 1.456406, 1.123665, 2.610320
 398.666667, 24.598662, 1.520903, 1.036789, 2.607023
 376.333333, 23.097431, 1.246236, 1.155890, 2.442870
 391.333333, 23.639693, 1.333901, 1.087734, 2.453152
 345.333333, 21.998069, 1.097490, 0.970077, 2.111969
 385.666667, 24.398444, 1.423509, 1.146932, 2.618842
 359.666667, 22.724745, 1.370714, 1.090825, 2.505097
 393.333333, 23.538983, 1.283898, 0.861864, 2.192373
 381.000000, 20.686789, 1.154856, 1.050744, 2.246719
 469.666667, 24.120653, 1.412349, 0.751597, 2.189496
 369.333333, 22.423285, 1.112816, 0.966606, 2.121841
 2, 20
 0.200000, 38.000000, 0.000000, 501.000000, 974.000000
 277.000000, 26.632972, 2.558363, 1.676294, 4.357401
 329.666667, 21.988878, 1.067745, 1.159757, 2.264914
 339.666667, 22.210991, 1.344455, 1.096173, 2.487733
 343.333333, 24.374757, 1.476699, 1.157282, 2.672816
 339.666667, 23.014720, 1.366045, 1.343474, 2.776251
 383.666667, 23.176368, 1.600348, 1.197220, 2.847089
 380.000000, 23.005263, 1.517544, 1.041228, 2.595614
 344.666667, 22.687621, 1.300774, 1.345261, 2.693424
 394.333333, 24.354184, 1.322063, 1.054945, 2.414201
 360.666667, 25.075786, 1.394640, 1.125693, 2.571165
 374.333333, 22.858415, 1.250223, 1.137133, 2.428317
 373.666667, 24.028546, 1.239072, 1.064228, 2.349688
 409.333333, 24.711726, 1.254072, 0.900651, 2.186482
 360.000000, 23.396296, 1.464815, 1.197222, 2.707407
 384.333333, 25.854293, 1.536860, 1.058109, 2.651344
 378.000000, 23.767196, 1.221340, 0.897707, 2.172840
 354.000000, 20.889831, 1.068738, 1.008475, 2.121469
 440.666667, 23.571104, 1.295764, 0.757943, 2.090772
 381.666667, 22.630568, 1.087336, 0.946725, 2.068996
 3, 20
 0.200000, 38.000000, 0.000000, 713.000000, 1062.000000
 255.666667, 25.475880, 3.552803, 1.928292, 5.586701
 385.666667, 23.756266, 1.168539, 0.894555, 2.094209
 369.666667, 24.109107, 1.428314, 1.073940, 2.529306
 321.666667, 23.500518, 1.574093, 1.196891, 2.850777
 340.666667, 23.407045, 1.396282, 1.406067, 2.869863
 323.666667, 22.956746, 1.377961, 1.244078, 2.668383
 350.333333, 22.375833, 1.500476, 1.146527, 2.698382
 378.666667, 24.077465, 1.227113, 1.275528, 2.550176
 419.333333, 24.233704, 1.480922, 1.010334, 2.518283
 332.666667, 22.848697, 1.393788, 1.191383, 2.658317
 385.666667, 23.727744, 1.358686, 1.099395, 2.509075
 371.333333, 23.894973, 1.274686, 1.172352, 2.482047
 383.000000, 22.530896, 1.314186, 0.936466, 2.297650
 347.666667, 22.707574, 1.495686, 1.129434, 2.702780
 383.000000, 24.722367, 1.422977, 1.053960, 2.522193
 343.666667, 22.473327, 1.147430, 0.946654, 2.132881
 411.333333, 22.734198, 1.126418, 0.924635, 2.095624
 388.000000, 22.858247, 1.273196, 0.887457, 2.206186
 439.000000, 23.861807, 1.264996, 0.864085, 2.165528
 4, 20
 0.166667, 0.000000, 0.000000, 623.000000, 1655.000000
 355.666667, 27.266167, 2.237113, 1.074039, 3.349578
 357.666667, 23.520037, 1.260019, 0.987884, 2.298229
 330.666667, 22.492944, 1.507056, 1.269153, 2.814516
 370.000000, 24.747748, 1.721622, 1.081982, 2.835135
 358.000000, 22.951583, 1.488827, 1.359404, 2.905028
 346.666667, 23.043269, 1.327885, 1.135577, 2.517308
 391.666667, 24.456170, 1.531915, 1.025532, 2.605957
 377.666667, 24.416593, 1.452780, 1.251545, 2.751986
 421.333333, 24.045095, 1.398734, 0.939873, 2.378956
 356.333333, 23.895229, 1.521048, 1.194574, 2.760524
 378.666667, 21.979754, 1.361796, 1.203345, 2.609155
 358.000000, 22.531657, 1.186220, 1.032588, 2.309125
 358.666667, 24.050186, 1.277881, 1.035316, 2.360595
 329.666667, 23.261881, 1.479272, 1.318504, 2.853387
 378.666667, 24.497359, 1.363556, 1.000880, 2.415493
 378.333333, 23.351542, 1.245815, 0.891630, 2.171806
 430.000000, 23.632558, 1.248837, 0.881395, 2.158915
 401.000000, 24.762261, 1.283458, 0.907731, 2.253533
 368.666667, 22.960217, 1.059675, 0.991863, 2.093128
 5, 20
 0.200000, 38.000000, 0.000000, 500.000000, 944.000000
 213.333333, 25.117188, 2.778125, 2.021875, 4.904688
 363.333333, 22.839450, 1.167890, 0.937615, 2.138532
 345.333333, 22.397683, 1.297297, 1.156371, 2.496139
 360.000000, 24.182407, 1.636111, 1.100000, 2.764815
 312.333333, 21.707577, 1.382070, 1.448239, 2.890075
 328.000000, 23.730691, 1.581301, 1.309959, 2.973577
 406.666667, 23.031148, 1.488525, 1.031148, 2.574590
 362.333333, 24.168353, 1.453542, 1.298068, 2.787489
 386.000000, 24.900691, 1.402418, 1.067358, 2.507772
 398.000000, 25.824121, 1.510050, 1.074539, 2.629816
 381.000000, 23.731409, 1.332458, 1.096238, 2.460192
 363.333333, 24.347706, 1.233945, 1.161468, 2.446789
 365.333333, 23.720803, 1.341241, 1.027372, 2.414234
 399.666667, 26.135113, 1.526272, 1.048374, 2.628857
 444.333333, 27.104276, 1.735184, 0.972243, 2.751688
 430.666667, 23.120743, 1.565015, 0.780186, 2.393963
 387.666667, 22.269991, 1.126397, 0.921754, 2.089424
 377.333333, 22.709364, 1.220848, 0.854240, 2.115724
 434.666667, 25.010736, 1.251534, 0.878067, 2.157209
 6, 20
 0.200000, 38.000000, 0.000000, 704.000000, 1033.000000
 252.333333, 27.461030, 4.357992, 1.676354, 6.475561
 375.666667, 23.119787, 1.242236, 1.022183, 2.299024
 325.333333, 21.957992, 1.438525, 1.145492, 2.625000
 373.666667, 24.798394, 1.535236, 1.095450, 2.674398
 390.000000, 24.382906, 1.498291, 1.226496, 2.748718
 375.333333, 23.912966, 1.533748, 1.209591, 2.778863
 429.333333, 24.493012, 1.445652, 0.963509, 2.437112
 411.666667, 24.857490, 1.421862, 1.124696, 2.570040
 396.000000, 24.067340, 1.356061, 1.026936, 2.442761
 386.000000, 25.666667, 1.493092, 1.155440, 2.679620
 410.000000, 24.084553, 1.427642, 1.053659, 2.526829
 375.333333, 24.358792, 1.356128, 1.149201, 2.539964
 415.666667, 24.543705, 1.346431, 0.851644, 2.247795
 330.333333, 23.415742, 1.502523, 1.186680, 2.748739
 356.000000, 23.249064, 1.432584, 1.003745, 2.486891
 393.666667, 23.906859, 1.256562, 0.856054, 2.180356
 396.000000, 22.347643, 1.041246, 0.964646, 2.059764
 367.000000, 22.842870, 1.244323, 0.900999, 2.183470
 398.333333, 21.815063, 1.185774, 0.915481, 2.156485
 7, 20
 0.200000, 38.000000, 0.000000, 704.000000, 1032.000000
 203.666667, 27.837971, 4.291326, 2.294599, 6.702128
 352.000000, 21.931818, 1.163826, 1.028409, 2.224432
 333.666667, 21.883117, 1.292707, 1.143856, 2.507493
 352.333333, 24.122044, 1.425733, 1.128666, 2.604541
 398.666667, 24.329431, 1.493311, 1.180602, 2.726589
 374.333333, 23.977738, 1.527159, 1.182547, 2.753339
 382.333333, 21.503923, 1.523976, 1.068875, 2.627724
 348.000000, 23.204981, 1.262452, 1.306513, 2.619732
 402.000000, 24.665837, 1.398010, 1.076285, 2.518242
 362.000000, 23.965930, 1.579190, 1.140884, 2.755064
 358.666667, 23.223978, 1.142193, 1.199814, 2.427509
 338.000000, 21.773176, 1.144970, 1.196252, 2.396450
 386.000000, 24.016408, 1.306563, 0.894646, 2.255613
 375.666667, 23.516415, 1.332742, 1.108252, 2.475599
 375.000000, 23.632000, 1.387556, 1.118222, 2.548444
 368.666667, 23.675407, 1.271248, 0.914105, 2.246835
 435.333333, 22.963247, 1.161562, 0.872129, 2.059724
 382.000000, 24.071553, 1.342932, 0.903141, 2.282723
 384.333333, 23.581093, 1.172593, 0.957502, 2.179532
 8, 20
 0.200000, 38.000000, 0.000000, 703.000000, 1032.000000
 230.333333, 27.829233, 3.652677, 2.123010, 5.958032
 348.333333, 23.173206, 1.254545, 0.957895, 2.261244
 388.333333, 24.015451, 1.279828, 1.022318, 2.337339
 379.333333, 25.048330, 1.566784, 1.109842, 2.707381
 334.333333, 22.177468, 1.491525, 1.326022, 2.861416
 377.333333, 23.625442, 1.537102, 1.167845, 2.750883
 436.000000, 24.252294, 1.489297, 0.907492, 2.440367
 346.666667, 22.969231, 1.383654, 1.304808, 2.750000
 361.000000, 24.033241, 1.418283, 1.097876, 2.549400
 394.000000, 24.632826, 1.502538, 1.088832, 2.631134
 390.000000, 23.466667, 1.186325, 1.080342, 2.311966
 392.000000, 23.944728, 1.335034, 1.125000, 2.500000
 394.000000, 24.583756, 1.308799, 0.873942, 2.247039
 360.000000, 23.794444, 1.445370, 1.151852, 2.628704
 437.000000, 25.733791, 1.753623, 1.003814, 2.797864
 377.000000, 23.224580, 1.318302, 0.963749, 2.339523
 393.666667, 22.438611, 1.160034, 0.961050, 2.168501
 350.666667, 21.581749, 1.250951, 0.930608, 2.219582
 375.000000, 23.700444, 1.130667, 0.897778, 2.080889
 9, 20
 0.200000, 38.000000, 1.000000, 703.000000, 1032.000000
 208.333333, 29.788800, 3.368000, 1.742400, 5.334400
 371.333333, 22.376122, 1.264811, 0.982047, 2.278276
 375.000000, 23.205333, 1.382222, 1.074667, 2.500444
 364.666667, 24.850091, 1.613346, 1.097806, 2.739488
 379.333333, 23.450791, 1.575571, 1.197715, 2.811072
 427.000000, 26.012490, 1.690086, 1.101483, 2.836846
 342.666667, 21.220817, 1.281128, 1.142996, 2.474708
 380.000000, 24.484211, 1.281579, 1.207895, 2.532456
 323.333333, 21.685567, 1.296907, 1.261856, 2.645361
 349.333333, 24.151718, 1.325382, 1.157443, 2.533397
 384.000000, 22.312500, 1.357639, 1.112847, 2.508681
 388.000000, 24.632302, 1.386598, 1.112543, 2.537801
 406.000000, 24.021346, 1.428571, 0.931856, 2.404762
 334.000000, 23.571856, 1.451098, 1.251497, 2.759481
 393.333333, 23.642373, 1.483898, 1.065254, 2.596610
 320.666667, 20.704782, 1.216216, 0.998960, 2.262994
 381.333333, 22.575175, 1.025350, 0.883741, 1.947552
 403.333333, 22.713223, 1.224793, 0.830579, 2.100826
 380.000000, 22.870175, 1.100877, 0.900000, 2.061404
 10, 20
 0.200000, 38.000000, 0.000000, 703.000000, 1031.000000
 238.666667, 25.716480, 3.155028, 1.493017, 4.756983
 353.333333, 22.835849, 1.138679, 0.953774, 2.125472
 429.000000, 24.988345, 1.539239, 0.963481, 2.527584
 346.000000, 23.866089, 1.446050, 1.107900, 2.588632
 351.333333, 22.917457, 1.568311, 1.274194, 2.888994
 347.666667, 23.566635, 1.460211, 1.296261, 2.796740
 436.666667, 24.150382, 1.481679, 0.981679, 2.538931
 370.333333, 24.657066, 1.377138, 1.351935, 2.771377
 440.666667, 24.580182, 1.464448, 0.957640, 2.450832
 366.333333, 24.146497, 1.524113, 1.121019, 2.688808
 386.000000, 23.589810, 1.374784, 1.075130, 2.487047
 429.333333, 24.671584, 1.411491, 1.045031, 2.488354
 426.000000, 24.644757, 1.332551, 0.912363, 2.294210
 370.333333, 23.513951, 1.405041, 1.171017, 2.615662
 381.000000, 23.856518, 1.423447, 0.995626, 2.460192
 383.333333, 24.112174, 1.189565, 0.876522, 2.125217
 425.000000, 23.710588, 1.180392, 0.905882, 2.116863
 405.000000, 23.002469, 1.311934, 0.843621, 2.199177
 386.666667, 23.075862, 1.326724, 0.956034, 2.320690
 11, 20
 0.200000, 38.000000, 0.000000, 703.000000, 1030.000000
 230.666667, 25.489884, 3.411850, 1.450867, 5.065029
 326.333333, 21.549540, 1.154239, 1.016343, 2.212462
 405.666667, 24.434675, 1.477403, 1.000822, 2.506163
 395.000000, 25.184810, 1.697046, 1.055696, 2.787342
 362.000000, 23.447514, 1.447514, 1.316759, 2.816759
 383.666667, 24.824500, 1.602085, 1.178975, 2.818419
 399.666667, 23.870726, 1.563803, 0.991660, 2.580484
 416.666667, 24.236800, 1.371200, 1.081600, 2.485600
 418.333333, 25.188048, 1.379283, 1.009562, 2.419124
 385.000000, 25.124675, 1.408658, 1.072727, 2.529870
 379.333333, 22.867311, 1.347100, 1.148506, 2.532513
 356.000000, 22.395131, 1.364232, 1.213483, 2.622659
 399.333333, 22.572621, 1.291319, 0.951586, 2.272120
 369.333333, 24.672383, 1.307762, 1.067690, 2.416065
 358.000000, 23.239292, 1.452514, 1.059590, 2.568901
 354.000000, 22.891714, 1.207156, 0.952919, 2.231638
 402.333333, 21.671914, 1.108534, 0.920464, 2.061309
 407.666667, 23.013900, 1.232216, 0.792314, 2.059689
 424.333333, 24.454046, 1.267871, 0.846033, 2.161822
 12, 20
 0.200000, 38.000000, 0.000000, 501.000000, 934.000000
 219.000000, 26.707763, 2.733638, 1.920852, 4.771689
 370.333333, 23.781278, 1.115212, 0.996400, 2.143114
 394.333333, 24.131023, 1.578191, 0.989856, 2.615385
 332.333333, 23.011033, 1.534604, 1.136409, 2.715145
 382.333333, 24.343505, 1.470793, 1.287707, 2.786399
 367.666667, 25.227561, 1.475068, 1.310063, 2.853128
 358.000000, 22.388268, 1.252328, 1.095903, 2.375233
 402.666667, 25.415563, 1.432947, 1.170530, 2.647351
 356.666667, 22.684112, 1.228972, 1.084112, 2.375701
 392.333333, 26.022940, 1.483432, 1.060323, 2.588785
 411.333333, 23.087520, 1.388979, 1.102107, 2.534036
 340.333333, 22.438786, 1.338883, 1.190989, 2.619001
 372.666667, 23.462433, 1.262075, 1.016995, 2.349732
 357.666667, 24.384902, 1.367195, 1.151911, 2.569432
 421.000000, 25.335709, 1.798892, 0.997625, 2.830562
 409.666667, 24.292921, 1.314076, 0.829129, 2.179007
 453.000000, 24.053716, 1.253863, 0.849890, 2.131714
 412.000000, 23.112460, 1.389968, 0.843851, 2.268608
 364.333333, 22.989936, 1.109790, 0.950595, 2.102470
 13, 20
 0.200000, 39.000000, 0.000000, 609.000000, 1042.000000
 204.666667, 25.778502, 4.066775, 2.298046, 6.488599
 349.666667, 22.555767, 1.228789, 1.068637, 2.330791
 346.000000, 22.571291, 1.513487, 1.123314, 2.675337
 334.000000, 22.555888, 1.589820, 1.174651, 2.806387
 367.000000, 24.068120, 1.428701, 1.307902, 2.768392
 363.333333, 25.006422, 1.648624, 1.155046, 2.861468
 388.000000, 24.558419, 1.317010, 0.991409, 2.365979
 328.333333, 21.896447, 1.375635, 1.341117, 2.773604
 356.000000, 23.455993, 1.266854, 1.089888, 2.406367
 400.666667, 24.693844, 1.568220, 1.094842, 2.701331
 393.000000, 22.360475, 1.366412, 1.039016, 2.446989
 408.333333, 24.593469, 1.345306, 1.081633, 2.467755
 422.000000, 24.778831, 1.481833, 0.888626, 2.405213
 405.666667, 24.759244, 1.503698, 1.078061, 2.625308
 387.000000, 24.110250, 1.522825, 1.108527, 2.700258
 400.666667, 24.276206, 1.296173, 0.881032, 2.207155
 377.666667, 22.147396, 1.081200, 0.970874, 2.109444
 425.666667, 23.454973, 1.315583, 0.845732, 2.192639
 404.333333, 24.035449, 1.160758, 0.871393, 2.070899
 14, 20
 0.200000, 38.000000, 0.000000, 500.000000, 933.000000
 233.666667, 30.192582, 2.904422, 1.938659, 4.985735
 368.333333, 24.093213, 1.108597, 1.050679, 2.185520
 327.000000, 22.907238, 1.281346, 1.115189, 2.437309
 374.000000, 25.353832, 1.668449, 1.122103, 2.818182
 369.333333, 24.757220, 1.458484, 1.314079, 2.816787
 380.000000, 24.600877, 1.540351, 1.201754, 2.780702
 389.666667, 23.973482, 1.330197, 0.997434, 2.394354
 375.000000, 24.218667, 1.345778, 1.245333, 2.636444
 408.000000, 24.457516, 1.361928, 1.019608, 2.407680
 354.333333, 23.825024, 1.281279, 1.228598, 2.569144
 426.666667, 23.859375, 1.273438, 1.056250, 2.355469
 378.666667, 23.519366, 1.431338, 1.146127, 2.606514
 369.000000, 24.392954, 1.293586, 0.967480, 2.357724
 378.666667, 23.280810, 1.510563, 1.160211, 2.721831
 343.000000, 23.554908, 1.365403, 1.075802, 2.515063
 349.666667, 22.977121, 1.091516, 0.931363, 2.103908
 395.333333, 22.561551, 1.171164, 0.978078, 2.180438
 411.000000, 23.184915, 1.300892, 0.816707, 2.150041
 409.000000, 24.305623, 1.188264, 0.909535, 2.135289
 15, 20
 0.200000, 38.000000, 0.000000, 500.000000, 933.000000
 275.666667, 29.592503, 3.245466, 1.695284, 5.039903
 348.333333, 23.819139, 1.114833, 0.993301, 2.138756
 373.000000, 23.714030, 1.499553, 1.066130, 2.603217
 377.666667, 25.455428, 1.661959, 1.099735, 2.791703
 373.333333, 23.937500, 1.650893, 1.321429, 3.004464
 382.333333, 24.821273, 1.655623, 1.203139, 2.906713
 350.000000, 22.660000, 1.345714, 1.108571, 2.535238
 388.666667, 24.157804, 1.309605, 1.119211, 2.460549
 362.666667, 22.552390, 1.463235, 1.198529, 2.707721
 331.000000, 24.378651, 1.267875, 1.176234, 2.507553
 386.000000, 23.028497, 1.205527, 1.131261, 2.373921
 406.333333, 24.761280, 1.287941, 1.129614, 2.459393
 402.666667, 24.938742, 1.284768, 0.942053, 2.264073
 349.666667, 23.938990, 1.447092, 1.123928, 2.621544
 399.666667, 25.557965, 1.629691, 1.060050, 2.748123
 386.000000, 22.880829, 1.278929, 0.954231, 2.292746
 381.666667, 21.978166, 1.098690, 0.964192, 2.106550
 408.000000, 23.423203, 1.344771, 0.846405, 2.228758
 374.000000, 22.743316, 1.131907, 0.892157, 2.063280
 16, 20
 0.166667, 0.000000, 0.000000, 936.000000, 1625.000000
 333.000000, 24.152152, 1.929930, 1.010010, 3.041041
 349.333333, 23.183206, 1.344466, 1.068702, 2.446565
 332.666667, 22.706413, 1.329659, 1.284569, 2.665331
 384.000000, 24.775174, 1.699653, 1.044271, 2.774306
 402.333333, 25.669428, 1.571665, 1.240265, 2.850870
 383.666667, 24.417029, 1.596003, 1.093831, 2.716768
 393.333333, 23.799153, 1.436441, 0.971186, 2.440678
 395.333333, 25.383642, 1.239460, 1.188027, 2.451939
 378.333333, 23.103084, 1.311013, 1.010573, 2.353304
 377.000000, 25.918656, 1.534041, 1.115827, 2.708223
 393.000000, 23.567430, 1.315522, 1.201866, 2.547922
 361.666667, 23.191705, 1.358525, 1.088479, 2.487558
 377.666667, 24.401589, 1.300088, 0.943513, 2.288614
 388.333333, 25.566524, 1.648069, 1.201717, 2.891845
 346.333333, 23.764196, 1.177093, 0.927815, 2.154957
 407.000000, 23.588043, 1.278460, 0.883702, 2.189189
 403.000000, 22.079404, 1.153019, 0.862696, 2.041356
 366.333333, 22.866242, 1.219290, 0.985441, 2.246588
 407.000000, 24.167076, 1.104832, 0.903358, 2.057330
 17, 20
 0.200000, 10.000000, 0.000000, 355.000000, 623.000000
 260.333333, 26.051216, 2.615877, 1.711908, 4.448143
 354.666667, 22.277256, 1.207707, 1.083647, 2.328947
 326.000000, 21.866053, 1.256646, 1.148262, 2.455010
 360.666667, 23.370610, 1.563771, 1.145102, 2.742144
 391.000000, 25.209719, 1.545610, 1.110827, 2.682864
 390.666667, 23.946246, 1.706485, 1.156143, 2.913823
 364.333333, 23.170174, 1.408966, 1.050320, 2.514181
 406.666667, 24.510656, 1.269672, 1.145902, 2.439344
 407.666667, 24.601799, 1.273917, 0.986100, 2.297629
 374.333333, 23.981300, 1.533393, 1.138023, 2.731077
 357.333333, 22.640858, 1.152985, 1.180970, 2.399254
 380.666667, 23.577058, 1.310858, 1.123468, 2.471979
 407.000000, 24.375921, 1.288288, 0.923014, 2.246519
 355.666667, 23.199625, 1.366448, 1.147142, 2.578257
 387.000000, 25.652885, 1.345392, 1.062016, 2.457364
 411.000000, 24.789132, 1.268451, 0.908354, 2.224655
 366.000000, 21.744991, 1.064663, 0.970856, 2.093807
 386.333333, 22.454702, 1.257981, 0.901639, 2.194996
 369.666667, 22.623986, 1.229035, 1.046889, 2.322813
 18, 20
 0.200000, 10.000000, 0.000000, 356.000000, 781.000000
 254.666667, 26.761780, 2.774869, 1.829843, 4.713351
 337.000000, 21.283877, 1.218595, 1.003956, 2.263106
 401.333333, 24.125415, 1.450166, 0.998339, 2.481728
 349.666667, 23.701621, 1.497617, 1.131554, 2.661582
 368.000000, 24.677536, 1.471920, 1.278080, 2.780797
 346.333333, 23.466795, 1.464870, 1.238691, 2.786333
 410.666667, 23.702110, 1.466721, 0.952110, 2.457792
 361.666667, 23.659908, 1.374194, 1.217512, 2.646083
 371.666667, 23.692377, 1.389238, 1.112108, 2.562332
 357.333333, 23.639925, 1.508396, 1.155784, 2.715485
 396.666667, 22.979832, 1.348739, 1.089916, 2.484874
 417.333333, 25.607029, 1.337859, 1.068690, 2.450479
 375.666667, 22.940550, 1.287489, 0.958296, 2.304348
 376.000000, 23.488475, 1.492021, 1.149823, 2.685284
 358.333333, 24.407442, 1.541395, 1.100465, 2.690233
 386.666667, 24.497414, 1.215517, 0.933621, 2.205172
 379.333333, 21.653779, 1.198594, 0.996485, 2.245167
 402.000000, 23.679934, 1.348259, 0.883085, 2.273632
 397.333333, 22.927013, 1.222315, 0.927852, 2.192114
 19, 20
 0.200000, 38.000000, 0.000000, 724.000000, 1011.000000
 202.000000, 25.778878, 4.402640, 1.816832, 6.356436
 393.000000, 24.216285, 1.151824, 0.938931, 2.130619
 350.666667, 23.269011, 1.327947, 1.062738, 2.423004
 355.000000, 24.380282, 1.532394, 1.156808, 2.721127
 332.666667, 23.036072, 1.419840, 1.418838, 2.877756
 368.333333, 23.964706, 1.473303, 1.241629, 2.753846
 375.666667, 22.693878, 1.408163, 0.983141, 2.423248
 405.333333, 25.062500, 1.337993, 1.166941, 2.536184
 406.333333, 23.880230, 1.440525, 1.031993, 2.507793
 391.000000, 25.722080, 1.458653, 1.075021, 2.589940
 374.666667, 23.128114, 1.240214, 1.166370, 2.437722
 415.666667, 23.836407, 1.355253, 1.127506, 2.530072
 439.000000, 25.375854, 1.469248, 0.871678, 2.378891
 397.333333, 25.302852, 1.418624, 1.018456, 2.485738
 406.000000, 25.013136, 1.687192, 1.050082, 2.791461
 398.333333, 24.321339, 1.184937, 0.880335, 2.092050
 408.000000, 23.360294, 1.199346, 0.927288, 2.188725
 365.333333, 23.144161, 1.206204, 0.864051, 2.112226
 345.333333, 22.903475, 1.197876, 0.925676, 2.182432
 20, 20
 0.200000, 38.000000, 0.000000, 714.000000, 1010.000000
 188.666667, 28.469965, 4.427562, 2.563604, 7.146643
 352.666667, 22.258979, 1.146503, 0.996219, 2.169187
 335.333333, 22.567594, 1.406561, 1.158052, 2.612326
 338.000000, 23.630178, 1.571006, 1.153846, 2.766272
 337.333333, 23.289526, 1.371542, 1.332016, 2.763834
 387.333333, 25.006024, 1.550775, 1.216867, 2.832186
 380.333333, 23.311131, 1.427695, 1.066608, 2.554777
 368.333333, 23.529412, 1.415385, 1.248869, 2.732127
 379.333333, 23.960457, 1.382250, 1.080844, 2.496485
 391.333333, 23.843271, 1.495741, 1.090290, 2.632027
 359.000000, 22.735376, 1.320334, 1.162488, 2.548747
 399.333333, 24.297162, 1.335559, 1.053422, 2.442404
 346.333333, 22.668912, 1.187680, 0.933590, 2.200192
 361.000000, 25.389658, 1.410896, 1.209603, 2.657433
 362.000000, 23.764273, 1.293738, 1.064457, 2.411602
 355.333333, 23.001876, 1.146341, 0.937148, 2.152908
 377.333333, 21.296820, 1.036219, 0.912544, 1.999117
 359.333333, 21.643785, 1.165121, 0.874768, 2.106679
 340.333333, 20.671890, 1.156709, 1.071499, 2.303624
 21, 20
 0.200000, 38.000000, 0.000000, 596.000000, 1003.000000
 294.333333, 28.176670, 2.959230, 1.652322, 4.671574
 361.000000, 23.313019, 1.233610, 0.935365, 2.193906
 373.000000, 24.722967, 1.320822, 1.028597, 2.373548
 332.333333, 24.338014, 1.487462, 1.206620, 2.728185
 385.000000, 24.242424, 1.571429, 1.260606, 2.864069
 390.333333, 24.272417, 1.491887, 1.233988, 2.754910
 380.333333, 24.279579, 1.304996, 1.051709, 2.404908
 380.333333, 24.265557, 1.406661, 1.248904, 2.731814
 404.666667, 24.019769, 1.397035, 1.044481, 2.478583
 401.333333, 25.259136, 1.549834, 1.032392, 2.637043
 369.333333, 22.492780, 1.189531, 1.103791, 2.341155
 398.000000, 23.434673, 1.404523, 1.151591, 2.593802
 422.666667, 24.059148, 1.305205, 0.887224, 2.219243
 367.000000, 24.602180, 1.392371, 1.155313, 2.603088
 384.000000, 23.153646, 1.434028, 0.994792, 2.470486
 353.333333, 23.228302, 1.112264, 0.912264, 2.064151
 436.333333, 23.545455, 1.209320, 0.874714, 2.114591
 352.000000, 23.068182, 1.218750, 0.896780, 2.161932
 387.666667, 23.119518, 1.263972, 0.995701, 2.305245
 22, 20
 0.200000, 38.000000, 0.000000, 732.000000, 1003.000000
 236.000000, 28.351695, 2.799435, 2.161017, 5.050847
 353.333333, 21.990566, 1.191509, 0.996226, 2.219811
 410.666667, 24.948864, 1.471591, 1.004058, 2.500000
 360.333333, 24.584644, 1.556892, 1.118409, 2.714154
 419.000000, 25.637232, 1.573588, 1.159109, 2.766110
 375.000000, 23.719111, 1.608889, 1.211556, 2.859556
 402.666667, 24.693709, 1.418874, 0.995033, 2.450331
 389.666667, 23.931565, 1.183918, 1.163388, 2.416595
 371.000000, 23.423181, 1.331536, 1.074573, 2.469003
 349.333333, 24.441794, 1.363550, 1.154580, 2.565840
 347.000000, 21.296830, 1.201729, 1.212296, 2.474544
 372.333333, 23.381379, 1.311549, 1.140555, 2.500448
 392.000000, 23.959184, 1.330782, 0.955782, 2.336735
 355.666667, 24.431115, 1.383318, 1.194939, 2.626054
 377.000000, 24.244916, 1.641910, 1.098143, 2.794872
 377.000000, 23.230769, 1.267905, 0.916888, 2.211317
 409.666667, 22.912124, 1.138324, 0.947111, 2.127746
 424.000000, 24.194182, 1.278302, 0.841195, 2.153302
 387.666667, 23.220980, 1.167670, 0.894239, 2.098882
 23, 20
 0.166667, 0.000000, 0.000000, 797.000000, 1610.000000
 313.666667, 26.784272, 2.163656, 1.119022, 3.413390
 376.666667, 23.737168, 1.395575, 0.960177, 2.398230
 374.666667, 24.591637, 1.495552, 1.145907, 2.677936
 345.666667, 24.439730, 1.583414, 1.136933, 2.766635
 378.333333, 24.362996, 1.467841, 1.335683, 2.835242
 301.666667, 22.498343, 1.257459, 1.303867, 2.635359
 372.666667, 23.271020, 1.483900, 1.029517, 2.553667
 372.333333, 23.977619, 1.460161, 1.308863, 2.831692
 410.666667, 24.612013, 1.256494, 0.944805, 2.258117
 341.000000, 23.821114, 1.363636, 1.109482, 2.543500
 372.333333, 22.706356, 1.303491, 1.242614, 2.606088
 426.000000, 25.093114, 1.415493, 0.997653, 2.453052
 406.000000, 23.504926, 1.364532, 0.976190, 2.385878
 401.333333, 23.803156, 1.525748, 1.063123, 2.637874
 386.000000, 25.493955, 1.233161, 0.944732, 2.227979
 354.000000, 21.082863, 1.267420, 1.010358, 2.337100
 399.333333, 21.102671, 1.200334, 0.949082, 2.206177
 393.666667, 24.637595, 1.314987, 0.938188, 2.288738
 388.000000, 22.575601, 1.159794, 0.926117, 2.144330
 24, 20
 0.166667, 0.000000, 0.000000, 792.000000, 1616.000000
 297.000000, 25.423120, 2.609428, 1.236813, 3.983165
 336.000000, 22.225198, 1.309524, 0.951389, 2.302579
 386.333333, 22.552200, 1.585850, 1.062123, 2.673857
 359.333333, 23.882189, 1.638219, 1.144712, 2.818182
 366.666667, 22.714545, 1.505455, 1.336364, 2.893636
 390.666667, 24.472696, 1.399317, 1.121160, 2.560580
 353.000000, 23.760151, 1.270066, 1.084986, 2.393768
 396.000000, 24.321549, 1.554714, 1.264310, 2.867845
 373.666667, 23.155219, 1.281891, 1.000892, 2.314005
 366.333333, 25.671520, 1.496815, 1.115560, 2.656961
 315.666667, 19.411827, 1.265048, 1.338965, 2.664203
 390.000000, 23.716239, 1.375214, 1.069231, 2.477778
 374.000000, 23.630125, 1.320856, 1.088235, 2.461676
 361.333333, 23.461255, 1.588561, 1.270295, 2.915129
 369.333333, 24.620939, 1.402527, 1.009928, 2.461191
 397.000000, 23.998321, 1.182200, 0.903442, 2.127624
 425.333333, 23.469436, 1.240596, 0.876176, 2.146552
 386.000000, 23.990501, 1.382556, 0.955095, 2.370466
 387.333333, 22.606713, 1.079174, 0.938038, 2.069707
 25, 20
 0.200000, 38.000000, 0.000000, 964.000000, 1003.000000
 240.000000, 27.427778, 2.930556, 1.825000, 4.875000
 361.333333, 23.518450, 1.167897, 0.971402, 2.165129
 355.333333, 23.123827, 1.395872, 1.128518, 2.557223
 379.333333, 25.377856, 1.633568, 1.119508, 2.779438
 373.666667, 24.094558, 1.396075, 1.214095, 2.638715
 364.000000, 24.212454, 1.419414, 1.161172, 2.623626
 357.333333, 23.026119, 1.232276, 1.110075, 2.387127
 363.000000, 23.089073, 1.341598, 1.296602, 2.667585
 401.333333, 24.776578, 1.319767, 1.000831, 2.356312
 370.666667, 23.126799, 1.636691, 1.142986, 2.815647
 377.666667, 23.729038, 1.258605, 1.165931, 2.476611
 372.333333, 23.284691, 1.305282, 1.189794, 2.522829
 381.666667, 23.980786, 1.342358, 0.944978, 2.361572
 368.666667, 23.838156, 1.375226, 1.150995, 2.560579
 374.333333, 23.839715, 1.503117, 1.136242, 2.710597
 383.666667, 22.884448, 1.321460, 0.947871, 2.307559
 407.666667, 22.565822, 1.110384, 0.959935, 2.107931
 391.000000, 22.099744, 1.311168, 0.908781, 2.251492
 379.333333, 22.569420, 1.145870, 0.917399, 2.094025
 26, 20
 0.200000, 38.000000, 10.000000, 790.000000, 1003.000000
 237.000000, 27.773558, 4.014065, 2.036568, 6.215190
 351.666667, 22.327014, 1.237915, 1.040758, 2.309953
 390.666667, 24.016212, 1.313140, 0.977816, 2.332765
 333.000000, 23.740741, 1.445445, 1.146146, 2.621622
 362.666667, 25.380515, 1.486213, 1.244485, 2.772978
 403.000000, 25.177006, 1.622829, 1.199338, 2.865178
 368.666667, 23.142857, 1.541591, 1.111212, 2.701627
 358.000000, 23.408752, 1.315642, 1.222533, 2.585661
 329.666667, 22.169869, 1.234580, 1.228514, 2.501517
 389.000000, 24.696658, 1.419880, 1.031705, 2.495287
 387.000000, 22.531438, 1.222222, 1.118863, 2.365202
 373.333333, 23.014286, 1.146429, 1.119643, 2.297321
 348.333333, 22.478469, 1.217225, 1.007656, 2.272727
 369.333333, 25.925090, 1.472022, 1.161552, 2.684116
 412.000000, 24.995146, 1.627023, 1.118123, 2.811489
 395.000000, 24.024473, 1.552743, 0.852321, 2.447257
 422.333333, 23.346488, 1.140489, 0.911602, 2.084451
 379.666667, 22.165057, 1.267779, 0.821773, 2.132572
 329.000000, 19.398176, 1.139818, 1.088146, 2.290780
 27, 20
 0.200000, 8.000000, 0.000000, 39.000000, 392.000000
 276.666667, 29.610843, 3.145783, 1.327711, 4.537349
 345.000000, 22.689855, 1.093720, 1.130435, 2.255072
 339.333333, 22.417485, 1.414538, 1.103143, 2.562868
 404.000000, 25.507426, 1.732673, 1.010726, 2.776403
 414.000000, 24.642512, 1.553140, 1.157810, 2.747987
 377.333333, 23.893110, 1.599823, 1.166961, 2.832155
 340.333333, 21.980411, 1.293830, 1.078355, 2.416259
 368.666667, 23.330922, 1.409584, 1.318264, 2.754069
 361.666667, 23.608295, 1.261751, 1.125346, 2.420276
 387.333333, 24.697074, 1.422547, 1.080034, 2.567986
 339.666667, 21.397448, 1.195289, 1.175662, 2.423945
 392.333333, 22.874257, 1.343246, 1.050127, 2.444350
 373.333333, 22.667857, 1.273214, 0.936607, 2.258036
 358.333333, 23.213023, 1.387907, 1.158140, 2.607442
 378.666667, 25.468310, 1.362676, 1.058099, 2.467430
 379.333333, 24.064148, 1.253954, 0.948155, 2.262742
 402.000000, 21.664179, 1.032338, 0.932007, 1.989221
 370.333333, 23.473447, 1.169217, 0.954095, 2.160216
 408.666667, 23.467374, 1.257749, 0.859706, 2.152529
 28, 20
 0.200000, 8.000000, 0.000000, 36.000000, 375.000000
 287.333333, 28.531323, 3.142691, 1.656613, 4.893271
 349.000000, 22.354346, 1.184336, 1.166189, 2.378223
 372.000000, 23.377240, 1.342294, 1.045699, 2.420251
 326.666667, 24.413265, 1.484694, 1.177551, 2.708163
 345.000000, 23.064734, 1.597101, 1.375845, 3.014493
 381.333333, 24.205420, 1.621503, 1.200175, 2.861014
 343.000000, 22.954325, 1.335277, 1.132167, 2.520894
 348.333333, 22.859330, 1.396172, 1.251675, 2.698565
 411.333333, 25.198541, 1.359806, 1.001621, 2.401135
 353.666667, 21.867107, 1.471254, 1.126296, 2.641847
 380.000000, 21.863158, 1.243860, 1.108772, 2.392982
 363.333333, 23.177982, 1.243119, 1.205505, 2.494495
 401.333333, 23.807309, 1.221761, 0.893688, 2.150332
 388.666667, 24.247856, 1.524014, 1.198971, 2.758148
 400.000000, 24.863333, 1.502500, 0.996667, 2.555000
 389.000000, 23.436161, 1.227935, 0.903171, 2.178235
 410.000000, 23.215447, 1.064228, 0.906504, 1.994309
 403.000000, 22.148883, 1.302730, 0.862696, 2.202647
 407.666667, 23.056419, 1.238757, 0.913328, 2.188062
 29, 20
 0.200000, 12.000000, 0.000000, 945.000000, 1010.000000
 254.000000, 28.035433, 2.925197, 1.601050, 5.082677
 361.000000, 22.216990, 1.168052, 0.939058, 2.149584
 372.000000, 24.020609, 1.467742, 1.086022, 2.593190
 366.666667, 25.040909, 1.544545, 1.099091, 2.680000
 397.333333, 25.441275, 1.420302, 1.168624, 2.618289
 353.000000, 23.795090, 1.442871, 1.199245, 2.706327
 393.000000, 23.524173, 1.354538, 0.992366, 2.374894
 377.333333, 23.320671, 1.409011, 1.144876, 2.609541
 347.000000, 22.010567, 1.391931, 1.158501, 2.595581
 388.333333, 24.876395, 1.356223, 1.070386, 2.473820
 402.000000, 22.451078, 1.327529, 1.069652, 2.432007
 400.333333, 24.077435, 1.337219, 1.064113, 2.442964
 392.000000, 23.551020, 1.249150, 0.943027, 2.240646
 339.666667, 23.548577, 1.441609, 1.182532, 2.679097
 397.000000, 24.329975, 1.591100, 1.031066, 2.679261
 373.666667, 23.234612, 1.586084, 0.880464, 2.535236
 403.666667, 22.033031, 1.132122, 0.928159, 2.121387
 381.666667, 22.920524, 1.243668, 0.899563, 2.186026
 411.333333, 23.470016, 1.230956, 0.840357, 2.106969
 30, 20
 0.200000, 38.000000, 9.000000, 734.000000, 973.000000
 226.000000, 27.287611, 2.538348, 1.921829, 4.592920
 372.333333, 23.112802, 1.215756, 1.095792, 2.346464
 329.666667, 21.743175, 1.308392, 1.213347, 2.560162
 373.666667, 24.733274, 1.606601, 1.094558, 2.741302
 365.333333, 24.447080, 1.463504, 1.323905, 2.826642
 367.000000, 24.504995, 1.742961, 1.196185, 2.990009
 375.333333, 23.083481, 1.458259, 1.103020, 2.611012
 351.666667, 22.951659, 1.349763, 1.289100, 2.676777
 364.000000, 23.616300, 1.362637, 1.086081, 2.488095
 380.333333, 24.158633, 1.625767, 1.130587, 2.803681
 390.666667, 23.622867, 1.308020, 1.104949, 2.476962
 410.333333, 24.722989, 1.403737, 1.129163, 2.569456
 367.666667, 23.577516, 1.244787, 0.951949, 2.245694
 378.666667, 23.816901, 1.490317, 1.048415, 2.574824
 413.666667, 24.462530, 1.555197, 1.044319, 2.663981
 403.000000, 24.145575, 1.299421, 0.866005, 2.204301
 408.333333, 23.084082, 1.174694, 0.925714, 2.137959
 427.000000, 24.064012, 1.395004, 0.837627, 2.268540
 403.333333, 23.519008, 1.111570, 0.858678, 2.004959
 31, 20
 0.200000, 38.000000, 20.000000, 712.000000, 964.000000
 246.666667, 26.733784, 4.718919, 2.009459, 6.829730
 313.666667, 21.530287, 1.102019, 1.251860, 2.380446
 354.666667, 22.603383, 1.350564, 1.078947, 2.472744
 349.000000, 24.148042, 1.653295, 1.163324, 2.856734
 344.333333, 22.422072, 1.464666, 1.363020, 2.901258
 305.000000, 21.842623, 1.395628, 1.380328, 2.881967
 374.000000, 24.366310, 1.489305, 1.084670, 2.622103
 380.333333, 22.743208, 1.380368, 1.177038, 2.603856
 425.333333, 24.884013, 1.438871, 1.007837, 2.470219
 385.000000, 24.981818, 1.533333, 1.064069, 2.638961
 376.000000, 23.007092, 1.243794, 1.128546, 2.411348
 391.333333, 23.892675, 1.433560, 1.128620, 2.595400
 418.000000, 24.078947, 1.358852, 0.901116, 2.318182
 337.666667, 22.990128, 1.330701, 1.219151, 2.587364
 316.333333, 21.937829, 1.326660, 1.143309, 2.550053
 376.666667, 22.823009, 1.194690, 0.903540, 2.167257
 373.666667, 21.193577, 1.157895, 1.015165, 2.206958
 409.000000, 23.711491, 1.298289, 0.839446, 2.176039
 393.666667, 24.055885, 1.149026, 0.961050, 2.157494
Histogram
0 5 569 6 12 9 6 1 0 0 0 0 0 0 0 0 0 0 0 0 0 0 0 0 0 0 0 0 0 0 0 0 0 0 0 0 0 0 0 0 0 0 0 0 0 0 0 0 0 0 0 0 0 0 0 0 0 0 0 0 0 0 0 0 0 0 0 0 0 0 0 0 0 0 0 0 0 0 0 0 0 0 0 0 0 0 0 0 0 0 0 0 0 0 0 0 0 0 0 32 
Cache Miss Ratio
3.230020528574915E-4
Average number of keys
1.0
numOfSets
0
numOfGets
696590
numOfMultiGets
0
