 0, 20
 0.200000, 44.000000, 4.000000, 9.000000, 64.000000
 591.666667, 160.757183, 33.766197, 1.631549, 35.453521
 708.000000, 163.911017, 28.931262, 1.390301, 30.341808
 640.000000, 165.823958, 32.632292, 1.539583, 34.193229
 702.000000, 162.827635, 28.995252, 1.397911, 30.420703
 658.666667, 165.150810, 31.246964, 1.496457, 32.763664
 667.333333, 165.112388, 30.640360, 1.477522, 32.137363
 719.666667, 163.855025, 28.782770, 1.366836, 30.170912
 651.000000, 165.467998, 31.815156, 1.513569, 33.349718
 642.666667, 165.481328, 32.020228, 1.533714, 33.575726
 684.666667, 165.047712, 29.803797, 1.436709, 31.263389
 609.333333, 165.370350, 33.614333, 1.618162, 35.254376
 716.333333, 164.877617, 28.979060, 1.369474, 30.375989
 658.000000, 164.707700, 31.660081, 1.495947, 33.178318
 701.333333, 164.297053, 29.465304, 1.402567, 30.890209
 694.000000, 164.745437, 29.547070, 1.420269, 30.990394
 677.000000, 165.725258, 30.688823, 1.455441, 32.164943
 695.666667, 165.583134, 29.816004, 1.416387, 31.252516
 688.000000, 165.143895, 30.096899, 1.433140, 31.548934
 714.333333, 166.000933, 28.839011, 1.379375, 30.237517
 1, 20
 0.200000, 42.000000, 0.000000, 1.000000, 68.000000
 576.000000, 160.956597, 33.656250, 1.673032, 35.390046
 710.000000, 163.632864, 28.892019, 1.380282, 30.295305
 636.000000, 165.746331, 32.757338, 1.546122, 34.327568
 713.333333, 162.999533, 28.856075, 1.370561, 30.253738
 649.666667, 165.435095, 31.217547, 1.519754, 32.755772
 687.000000, 165.347889, 30.684134, 1.436196, 32.143620
 705.333333, 163.416824, 28.747164, 1.391304, 30.162571
 648.333333, 165.771722, 31.775321, 1.522879, 33.316195
 648.666667, 166.102261, 32.057040, 1.521583, 33.597122
 693.000000, 164.977393, 29.929774, 1.410293, 31.372294
 632.333333, 165.474960, 33.588297, 1.559304, 35.168687
 713.666667, 164.408688, 29.016815, 1.377861, 30.418029
 641.000000, 164.579823, 31.703068, 1.538222, 33.262611
 698.333333, 163.910740, 29.526492, 1.410979, 30.957518
 698.000000, 164.957975, 29.585482, 1.410697, 31.016714
 671.000000, 165.593641, 30.729757, 1.460507, 32.217586
 684.333333, 165.392109, 29.810034, 1.439844, 31.270823
 682.666667, 165.280273, 30.011719, 1.440430, 31.475098
 729.666667, 165.244404, 28.699406, 1.347647, 30.068981
 2, 20
 0.250000, 44.000000, 0.000000, 1.000000, 58.000000
 541.666667, 160.432000, 33.507077, 1.767385, 35.344615
 704.333333, 163.919546, 28.878372, 1.397539, 30.300047
 629.333333, 165.672140, 32.710805, 1.566737, 34.297669
 706.666667, 163.577358, 29.110849, 1.385849, 30.530189
 665.666667, 165.235854, 31.259890, 1.477717, 32.761142
 664.000000, 165.667671, 30.665161, 1.485442, 32.170181
 702.333333, 163.399620, 28.798766, 1.392976, 30.224015
 645.000000, 165.255814, 31.740568, 1.524548, 33.289922
 650.000000, 166.211795, 31.894359, 1.517949, 33.431282
 690.333333, 164.567359, 29.819411, 1.422984, 31.265089
 617.666667, 164.966001, 33.669185, 1.573125, 35.286023
 704.666667, 164.491958, 28.934248, 1.395459, 30.351939
 651.666667, 164.917647, 31.756522, 1.513043, 33.290537
 699.333333, 164.513346, 29.577693, 1.408961, 31.006196
 684.333333, 164.895762, 29.528982, 1.433512, 30.991719
 673.333333, 165.583168, 30.648020, 1.461881, 32.132178
 705.333333, 165.539225, 29.813327, 1.396030, 31.230151
 694.000000, 164.906820, 30.047550, 1.417867, 31.487512
 724.000000, 165.690608, 28.821823, 1.359576, 30.203039
 3, 20
 0.250000, 43.000000, 0.000000, 1.000000, 59.000000
 574.333333, 160.706326, 33.540917, 1.671503, 35.284388
 713.666667, 163.974311, 28.933209, 1.375058, 30.330687
 632.000000, 165.606013, 32.681435, 1.555380, 34.261603
 690.666667, 163.004826, 28.867761, 1.420849, 30.313707
 658.333333, 165.259241, 31.148354, 1.493671, 32.665316
 667.333333, 165.695804, 30.760240, 1.476024, 32.257742
 719.333333, 163.920760, 28.779425, 1.366080, 30.168211
 668.666667, 165.691924, 31.936690, 1.474576, 33.430209
 650.000000, 165.881538, 32.226667, 1.516410, 33.763590
 680.666667, 164.734574, 29.736043, 1.442703, 31.204212
 616.333333, 165.308275, 33.691725, 1.596539, 35.319632
 703.666667, 164.538134, 28.952629, 1.397916, 30.372335
 654.666667, 164.497454, 31.550916, 1.504073, 33.077393
 673.000000, 164.115899, 29.611194, 1.458148, 31.095097
 700.666667, 165.298287, 29.619886, 1.404853, 31.046147
 678.666667, 165.722004, 30.705796, 1.452358, 32.178782
 699.666667, 165.597427, 29.810386, 1.407813, 31.238685
 684.333333, 165.677058, 30.053580, 1.441305, 31.514369
 716.000000, 165.736034, 28.811453, 1.376164, 30.207169
 4, 20
 0.250000, 43.000000, 0.000000, 1.000000, 59.000000
 579.333333, 160.828539, 33.733602, 1.665708, 35.452819
 710.000000, 164.112676, 28.930986, 1.383099, 30.337089
 637.333333, 166.505753, 32.911611, 1.545502, 34.482218
 714.000000, 163.222222, 28.943511, 1.375817, 30.341737
 654.666667, 165.313136, 31.097251, 1.496945, 32.623727
 675.000000, 165.496790, 30.735802, 1.461235, 32.215802
 715.000000, 163.375291, 28.764569, 1.373893, 30.161772
 648.333333, 165.604627, 31.921337, 1.520823, 33.468895
 658.666667, 166.222166, 32.214069, 1.497470, 33.730769
 700.000000, 164.784286, 29.851429, 1.398571, 31.281429
 610.000000, 165.183607, 33.700546, 1.618579, 35.342623
 706.333333, 164.528551, 28.919302, 1.389335, 30.333648
 654.333333, 164.610290, 31.581763, 1.506877, 33.112583
 698.666667, 164.058683, 29.572996, 1.408874, 31.004294
 691.666667, 165.084819, 29.518072, 1.422651, 30.965301
 666.000000, 165.526026, 30.764765, 1.476476, 32.265265
 696.333333, 165.371470, 29.753471, 1.412638, 31.188607
 687.333333, 165.419981, 30.053831, 1.432590, 31.507759
 705.333333, 165.676276, 28.717864, 1.395558, 30.134688
 5, 20
 0.250000, 41.000000, 0.000000, 1.000000, 66.000000
 602.333333, 160.427781, 33.691201, 1.612618, 35.347537
 712.666667, 163.814780, 28.805426, 1.379794, 30.205800
 639.666667, 166.130797, 32.699844, 1.538822, 34.260552
 708.666667, 163.215898, 29.004233, 1.382408, 30.413452
 664.666667, 165.358576, 31.154463, 1.480943, 32.657974
 675.000000, 164.921975, 30.596049, 1.460247, 32.076543
 711.333333, 163.736176, 28.790534, 1.374883, 30.194939
 645.333333, 165.506198, 31.939050, 1.526343, 33.487087
 636.000000, 165.766771, 31.979036, 1.544549, 33.550314
 695.333333, 164.713327, 29.959252, 1.415149, 31.395973
 625.666667, 165.382525, 33.621204, 1.576985, 35.221630
 706.666667, 164.660377, 28.986792, 1.391038, 30.403774
 662.666667, 164.378773, 31.526660, 1.486922, 33.037223
 694.666667, 164.071977, 29.491363, 1.413628, 30.929463
 696.000000, 164.513889, 29.523946, 1.413314, 30.959291
 684.000000, 165.411793, 30.746101, 1.441520, 32.213938
 697.000000, 165.537542, 29.822095, 1.413199, 31.254424
 685.000000, 165.423358, 30.093917, 1.436983, 31.552311
 724.333333, 165.666820, 28.776346, 1.357570, 30.158767
 6, 20
 0.250000, 44.000000, 0.000000, 1.000000, 67.000000
 584.333333, 160.043354, 33.637764, 1.654877, 35.345123
 707.000000, 163.818953, 28.851014, 1.388967, 30.263555
 634.333333, 165.805570, 32.706779, 1.554913, 34.288492
 709.000000, 163.652562, 29.030559, 1.388340, 30.438646
 657.666667, 164.894070, 31.115560, 1.495185, 32.635073
 672.000000, 165.475198, 30.675099, 1.469246, 32.164187
 706.000000, 163.721435, 28.803588, 1.393296, 30.219075
 646.666667, 165.804124, 31.742784, 1.524742, 33.287629
 649.333333, 165.851643, 32.092916, 1.519507, 33.631930
 674.000000, 164.775470, 29.688922, 1.457468, 31.170623
 612.000000, 165.290305, 33.656318, 1.603486, 35.288671
 717.666667, 164.693451, 28.924292, 1.371110, 30.316767
 654.333333, 164.638309, 31.798268, 1.507896, 33.325522
 702.666667, 163.720114, 29.512808, 1.399431, 30.935009
 706.666667, 165.043868, 29.594811, 1.393396, 31.011792
 672.666667, 165.533697, 30.637265, 1.463330, 32.122894
 676.000000, 165.507890, 29.822485, 1.454635, 31.301282
 687.000000, 164.949054, 30.092188, 1.427948, 31.546822
 725.666667, 165.448783, 28.751952, 1.353238, 30.129077
 7, 20
 0.250000, 42.000000, 0.000000, 7.000000, 69.000000
 595.333333, 161.291713, 33.746361, 1.614782, 35.419373
 713.666667, 163.996730, 28.989257, 1.377861, 30.388603
 629.333333, 165.364407, 32.583157, 1.565678, 34.170021
 699.666667, 163.511672, 29.138637, 1.401143, 30.566937
 670.333333, 165.035803, 31.210840, 1.471407, 32.704625
 680.666667, 165.199804, 30.667973, 1.449070, 32.137120
 712.666667, 163.679607, 28.758185, 1.377456, 30.159963
 654.666667, 165.687882, 31.993890, 1.506619, 33.519857
 634.333333, 165.508671, 32.052023, 1.553862, 33.630058
 696.000000, 164.620690, 29.880268, 1.412835, 31.316571
 621.000000, 165.110038, 33.450349, 1.585615, 35.057434
 703.333333, 165.146919, 29.016114, 1.400000, 30.436493
 651.333333, 164.813204, 31.576254, 1.509212, 33.110031
 704.000000, 164.418561, 29.571023, 1.399621, 30.990530
 698.666667, 164.910305, 29.547710, 1.408874, 30.980439
 673.000000, 165.582467, 30.713720, 1.465082, 32.198613
 688.000000, 165.419089, 29.842054, 1.430233, 31.298450
 689.333333, 165.193424, 30.100097, 1.429400, 31.549323
 720.000000, 165.519907, 28.753704, 1.360648, 30.142130
Histogram
0 0 0 0 0 0 0 0 0 0 0 0 0 0 0 0 0 0 0 0 0 0 0 0 0 0 0 0 0 0 50 30 24 24 8 16 0 0 0 0 0 0 0 0 0 0 0 0 0 0 0 0 0 0 0 0 0 0 1 2 0 0 0 0 1 0 1 1 1 1 0 0 0 0 0 0 0 0 0 0 0 0 0 0 0 0 0 0 0 0 0 0 0 0 0 0 0 0 0 0 
Cache Miss Ratio
5.934589694214084E-4
Average number of keys
1.0
numOfSets
0
numOfGets
323527
numOfMultiGets
0
