 0, 20
 0.250000, 50.000000, 0.000000, 11.000000, 93.000000
 264.666667, 25.993703, 3.557935, 2.793451, 6.424433
 306.000000, 27.497821, 2.904139, 2.545752, 5.469499
 291.333333, 27.140732, 3.089245, 2.720824, 5.832952
 302.333333, 29.639471, 3.244763, 2.750827, 6.015436
 296.000000, 29.007883, 3.420045, 2.752252, 6.203829
 290.000000, 29.874713, 3.567816, 2.819540, 6.409195
 288.666667, 27.484988, 3.087760, 2.618938, 5.726328
 287.333333, 27.515081, 3.042923, 2.680974, 5.764501
 310.333333, 27.176155, 2.940924, 2.515575, 5.476907
 291.000000, 25.452463, 2.902635, 2.544101, 5.466208
 311.333333, 24.264454, 2.544968, 2.253747, 4.826552
 319.666667, 24.994786, 2.469239, 2.158498, 4.653806
 305.666667, 25.003272, 2.723010, 2.273719, 5.029444
 309.000000, 25.217907, 2.641855, 2.360302, 5.020496
 313.666667, 27.258236, 2.823592, 2.307120, 5.166844
 313.000000, 25.956337, 2.735889, 2.356763, 5.111821
 316.333333, 25.141201, 2.434141, 2.239199, 4.700738
 314.333333, 25.525981, 2.646872, 2.193001, 4.885472
 312.666667, 27.024520, 2.936034, 2.392324, 5.348614
 1, 20
 0.250000, 0.000000, 0.000000, 1.000000, 136.000000
 277.000000, 26.279182, 3.257521, 2.689531, 6.000000
 302.666667, 27.105727, 2.838106, 2.545154, 5.404185
 292.333333, 26.454960, 3.174458, 2.734322, 5.929304
 306.000000, 29.745098, 3.244009, 2.704793, 5.976035
 290.666667, 28.090596, 3.395642, 2.815367, 6.231651
 281.333333, 29.700237, 3.362559, 2.859005, 6.260664
 291.000000, 25.774341, 2.998855, 2.493700, 5.560137
 308.000000, 28.387446, 3.115801, 2.529221, 5.673160
 299.333333, 25.719376, 2.825167, 2.570156, 5.414254
 299.333333, 27.065702, 2.919822, 2.453229, 5.426503
 318.000000, 25.680294, 2.601677, 2.246331, 4.873166
 315.666667, 24.355861, 2.460401, 2.182682, 4.668427
 311.000000, 26.741693, 2.812433, 2.279743, 5.122186
 309.666667, 25.530678, 2.642626, 2.298170, 4.975242
 311.333333, 26.118844, 2.861884, 2.341542, 5.233405
 313.000000, 25.604899, 2.779553, 2.356763, 5.161874
 321.666667, 26.477720, 2.544041, 2.192746, 4.758549
 314.000000, 25.642251, 2.674098, 2.204883, 4.909766
 312.333333, 26.978655, 2.849520, 2.330843, 5.228388
 2, 20
 0.250000, 50.000000, 1.000000, 31.000000, 79.000000
 277.333333, 25.967548, 3.698317, 2.622596, 6.353365
 294.000000, 25.778912, 2.791383, 2.604308, 5.421769
 302.333333, 28.521499, 3.175303, 2.670342, 5.865491
 309.666667, 31.460710, 3.393972, 2.678149, 6.095802
 300.333333, 29.615982, 3.479467, 2.705882, 6.209767
 283.000000, 29.368669, 3.453475, 2.863369, 6.338045
 294.333333, 26.240091, 3.007928, 2.513024, 5.548131
 305.000000, 27.168306, 3.054645, 2.548634, 5.622951
 306.000000, 27.263617, 2.964052, 2.486928, 5.472767
 301.333333, 26.853982, 2.973451, 2.456858, 5.452434
 320.000000, 26.554167, 2.594792, 2.245833, 4.870833
 299.666667, 24.589544, 2.456062, 2.411568, 4.903226
 315.666667, 26.859556, 2.993664, 2.323126, 5.344245
 321.333333, 26.540456, 2.751037, 2.283195, 5.054979
 310.000000, 26.774194, 2.855914, 2.345161, 5.230108
 310.000000, 26.094624, 2.735484, 2.355914, 5.129032
 323.666667, 26.045314, 2.603502, 2.192585, 4.814624
 314.000000, 25.194268, 2.662420, 2.208068, 4.889597
 314.333333, 27.207847, 2.942736, 2.382821, 5.344645
 3, 20
 0.250000, 0.000000, 0.000000, 2.000000, 130.000000
 269.333333, 26.492574, 3.279703, 2.702970, 6.039604
 304.000000, 27.595395, 2.869518, 2.559211, 5.448465
 308.333333, 29.590270, 3.312432, 2.588108, 5.921081
 302.333333, 29.039691, 3.209482, 2.699008, 5.934950
 295.000000, 28.938983, 3.432768, 2.788701, 6.241808
 283.000000, 29.365135, 3.411072, 2.842167, 6.285041
 292.666667, 26.195900, 2.981777, 2.519362, 5.521640
 285.666667, 26.085181, 2.922987, 2.667445, 5.617270
 311.000000, 27.599143, 2.930332, 2.488746, 5.446945
 304.333333, 26.944140, 3.006572, 2.399781, 5.441402
 319.666667, 25.513034, 2.597497, 2.232534, 4.851929
 320.000000, 24.690625, 2.507292, 2.159375, 4.693750
 308.000000, 25.517316, 2.880952, 2.350649, 5.251082
 307.666667, 26.042254, 2.694475, 2.341278, 5.062839
 304.666667, 25.370897, 2.725383, 2.349015, 5.121444
 312.000000, 25.676282, 2.717949, 2.371795, 5.110043
 323.333333, 25.476289, 2.496907, 2.179381, 4.702062
 317.666667, 25.849948, 2.656873, 2.205666, 4.895068
 302.666667, 25.482379, 2.803965, 2.411894, 5.242291
 4, 20
 0.250000, 1.000000, 0.000000, 2.000000, 130.000000
 276.666667, 28.074699, 3.219277, 2.655422, 5.931325
 297.000000, 27.163861, 2.800224, 2.534231, 5.367003
 303.333333, 28.539560, 3.168132, 2.636264, 5.825275
 304.666667, 27.566740, 3.098468, 2.678337, 5.804158
 294.333333, 28.838052, 3.363533, 2.773499, 6.158550
 278.000000, 27.251799, 3.205036, 2.862110, 6.121103
 287.666667, 26.780997, 2.949015, 2.556199, 5.533024
 300.333333, 27.250832, 3.014428, 2.607103, 5.648169
 297.666667, 25.600224, 2.797312, 2.576708, 5.402016
 300.666667, 26.688470, 2.889135, 2.452328, 5.373614
 312.666667, 24.037313, 2.475480, 2.233475, 4.739872
 315.333333, 24.027484, 2.494715, 2.211416, 4.725159
 318.333333, 27.174869, 3.027225, 2.283770, 5.332984
 316.000000, 26.555907, 2.684599, 2.305907, 5.018987
 311.333333, 26.735546, 2.855460, 2.351178, 5.226981
 295.000000, 25.169492, 2.672316, 2.466667, 5.168362
 317.333333, 24.542017, 2.461134, 2.210084, 4.691176
 318.000000, 26.735849, 2.710692, 2.194969, 4.927673
 309.333333, 27.628233, 2.842672, 2.371767, 5.240302
 5, 20
 0.250000, 62.000000, 0.000000, 2.000000, 96.000000
 270.000000, 26.086420, 3.362963, 2.625926, 6.095062
 310.666667, 27.517167, 2.947425, 2.489270, 5.460300
 303.333333, 29.591209, 3.360440, 2.625275, 6.007692
 298.666667, 29.012277, 3.398438, 2.784598, 6.209821
 287.666667, 28.355736, 3.371958, 2.821553, 6.220162
 280.000000, 29.452381, 3.472619, 2.869048, 6.363095
 287.666667, 26.777520, 3.082271, 2.590962, 5.701043
 320.333333, 28.876171, 3.127992, 2.415193, 5.571280
 305.666667, 27.834242, 2.995638, 2.532170, 5.553980
 298.333333, 27.071508, 2.912849, 2.437989, 5.414525
 315.000000, 24.947090, 2.507937, 2.261376, 4.788360
 320.333333, 25.654527, 2.546306, 2.178980, 4.752341
 307.000000, 26.457112, 2.779587, 2.328990, 5.137894
 318.666667, 28.494770, 2.805439, 2.325314, 5.155858
 302.333333, 25.336273, 2.728776, 2.366042, 5.126792
 309.333333, 25.266164, 2.663793, 2.386853, 5.078664
 327.333333, 25.763747, 2.490835, 2.148676, 4.669043
 312.000000, 24.885684, 2.615385, 2.189103, 4.844017
 314.333333, 28.079533, 3.006363, 2.427359, 5.453871
 6, 20
 0.250000, 0.000000, 0.000000, 2.000000, 131.000000
 267.333333, 25.821696, 3.253117, 2.751870, 6.073566
 305.666667, 27.129771, 2.801527, 2.522356, 5.343511
 291.666667, 26.844571, 3.044571, 2.726857, 5.794286
 290.000000, 27.854023, 3.250575, 2.833333, 6.102299
 295.666667, 28.170237, 3.261556, 2.755355, 6.048478
 280.000000, 29.302381, 3.402381, 2.898810, 6.330952
 295.000000, 26.314124, 3.036158, 2.538983, 5.603390
 309.666667, 29.122713, 3.130248, 2.534984, 5.686760
 309.666667, 27.238967, 2.898816, 2.501615, 5.419806
 303.000000, 27.838284, 2.950495, 2.430143, 5.413641
 325.666667, 25.512794, 2.557830, 2.189355, 4.766633
 321.333333, 24.586100, 2.534232, 2.210581, 4.765560
 303.000000, 25.127613, 2.743674, 2.305831, 5.082508
 306.000000, 24.815904, 2.584967, 2.346405, 4.966231
 307.333333, 26.258134, 2.790672, 2.365510, 5.186551
 306.666667, 26.325000, 2.697826, 2.404348, 5.135870
 328.000000, 26.564024, 2.585366, 2.144309, 4.758130
 325.333333, 26.870902, 2.736680, 2.147541, 4.920082
 319.333333, 26.920668, 2.853862, 2.344468, 5.217119
 7, 20
 0.250000, 62.000000, 0.000000, 2.000000, 96.000000
 271.000000, 27.397294, 3.629766, 2.692497, 6.388684
 301.000000, 27.107420, 2.943522, 2.554817, 5.526024
 299.000000, 28.065775, 3.197324, 2.703456, 5.921962
 302.333333, 27.736494, 3.156560, 2.676957, 5.857773
 278.000000, 26.598321, 3.159472, 2.895683, 6.074341
 281.333333, 30.291469, 3.567536, 2.866114, 6.463270
 295.333333, 27.356659, 3.068849, 2.539503, 5.629797
 301.333333, 29.186947, 3.100664, 2.619469, 5.743363
 307.000000, 27.663409, 2.976113, 2.553746, 5.549403
 303.666667, 27.006586, 2.941822, 2.431394, 5.398463
 309.666667, 24.936491, 2.490850, 2.278794, 4.820237
 311.333333, 23.911135, 2.425054, 2.207709, 4.659529
 303.666667, 26.249177, 2.862788, 2.301866, 5.189901
 319.333333, 26.894572, 2.788100, 2.304802, 5.128392
 315.333333, 26.894292, 2.877378, 2.300211, 5.208245
 319.333333, 27.292276, 2.838205, 2.347599, 5.208768
 315.333333, 25.253700, 2.423890, 2.188161, 4.636364
 303.333333, 24.856044, 2.615385, 2.248352, 4.886813
 307.666667, 25.866739, 2.798483, 2.403034, 5.223185
 8, 20
 0.250000, 50.000000, 0.000000, 1.000000, 88.000000
 281.333333, 26.415877, 3.306872, 2.632701, 6.026066
 303.333333, 27.579121, 2.901099, 2.546154, 5.481319
 301.333333, 29.564159, 3.359513, 2.693584, 6.076327
 321.000000, 31.561786, 3.455867, 2.580478, 6.060228
 287.666667, 29.000000, 3.283893, 2.849363, 6.152955
 272.000000, 28.544118, 3.149510, 2.957108, 6.133578
 291.000000, 26.804124, 3.069874, 2.594502, 5.694158
 304.666667, 28.719912, 3.091904, 2.543764, 5.654267
 304.000000, 26.200658, 2.892544, 2.507675, 5.418860
 305.000000, 27.654645, 2.885246, 2.467760, 5.378142
 319.000000, 25.668757, 2.616510, 2.244514, 4.884013
 324.666667, 25.780287, 2.521561, 2.157084, 4.713552
 307.333333, 25.084599, 2.760304, 2.265727, 5.065076
 304.000000, 25.134868, 2.634868, 2.345395, 5.001096
 305.000000, 25.886339, 2.772678, 2.332240, 5.132240
 316.666667, 26.061053, 2.740000, 2.375789, 5.145263
 315.666667, 25.544879, 2.477297, 2.211193, 4.717001
 311.333333, 25.175589, 2.633833, 2.202355, 4.865096
 313.333333, 27.114894, 2.954255, 2.368085, 5.350000
 9, 20
 0.250000, 50.000000, 0.000000, 11.000000, 88.000000
 278.333333, 27.144910, 3.491018, 2.626347, 6.192814
 305.000000, 27.249180, 2.897268, 2.516940, 5.433880
 294.666667, 27.926471, 3.064480, 2.722851, 5.807692
 285.333333, 27.886682, 3.133178, 2.866822, 6.021028
 282.333333, 27.198347, 3.206612, 2.900826, 6.126328
 283.000000, 29.526502, 3.459364, 2.884570, 6.365135
 300.333333, 28.405105, 3.097669, 2.518313, 5.638180
 297.000000, 26.747475, 2.850730, 2.591470, 5.459035
 316.000000, 28.496835, 2.915612, 2.475738, 5.414557
 304.000000, 26.995614, 2.953947, 2.457237, 5.441886
 324.000000, 26.848765, 2.617284, 2.234568, 4.873457
 324.000000, 24.888889, 2.484568, 2.139918, 4.644033
 305.000000, 25.299454, 2.846995, 2.288525, 5.173770
 307.333333, 25.149675, 2.528200, 2.363341, 4.917570
 303.000000, 25.931793, 2.767877, 2.376238, 5.180418
 312.000000, 26.612179, 2.788462, 2.357906, 5.180556
 320.666667, 25.291060, 2.496881, 2.178794, 4.695426
 315.333333, 25.875264, 2.640592, 2.189218, 4.857294
 300.666667, 25.220621, 2.770510, 2.441242, 5.246120
 10, 20
 0.250000, 49.000000, 0.000000, 30.000000, 76.000000
 271.000000, 26.236162, 3.311193, 2.694957, 6.075031
 301.333333, 26.206858, 2.799779, 2.542035, 5.367257
 293.666667, 27.269012, 3.111237, 2.717367, 5.850170
 285.666667, 26.863477, 3.060677, 2.862310, 5.941657
 278.000000, 26.514388, 3.115108, 2.916067, 6.062350
 277.000000, 27.311673, 3.215403, 2.895307, 6.133574
 295.333333, 27.088036, 3.119639, 2.557562, 5.705418
 305.000000, 28.676503, 3.048087, 2.563934, 5.631694
 312.000000, 28.175214, 2.940171, 2.474359, 5.434829
 294.333333, 25.458664, 2.919592, 2.500566, 5.439411
 313.333333, 25.122340, 2.491489, 2.271277, 4.784043
 311.333333, 23.919700, 2.380086, 2.200214, 4.612420
 304.666667, 25.656455, 2.796499, 2.322757, 5.144420
 304.000000, 24.938596, 2.694079, 2.361842, 5.089912
 304.000000, 25.224781, 2.702851, 2.372807, 5.104167
 309.666667, 25.556512, 2.720129, 2.365985, 5.107643
 318.666667, 25.560669, 2.462343, 2.197699, 4.688285
 309.000000, 25.021575, 2.568501, 2.231931, 4.833873
 303.666667, 26.217344, 2.802415, 2.453348, 5.287596
 11, 20
 0.250000, 50.000000, 0.000000, 41.000000, 88.000000
 267.333333, 26.114713, 3.259352, 2.734414, 6.088529
 306.000000, 26.814815, 2.832244, 2.511983, 5.370370
 302.000000, 29.738411, 3.416115, 2.696468, 6.137969
 301.666667, 28.754696, 3.205525, 2.713812, 5.941436
 284.333333, 26.878077, 3.148886, 2.840563, 6.025791
 277.666667, 28.319328, 3.399760, 2.917167, 6.337335
 292.000000, 25.996575, 2.956621, 2.555936, 5.539954
 302.333333, 27.864388, 3.057332, 2.546858, 5.630650
 301.666667, 25.796685, 2.793370, 2.520442, 5.333702
 301.000000, 27.011074, 2.980066, 2.468439, 5.475083
 308.666667, 24.526998, 2.530238, 2.264579, 4.834773
 315.333333, 24.088795, 2.487315, 2.195560, 4.706131
 315.333333, 25.960888, 2.826638, 2.293869, 5.152220
 315.333333, 27.048626, 2.692389, 2.297040, 5.014799
 315.333333, 26.717759, 2.904863, 2.306554, 5.233615
 314.000000, 26.457537, 2.805732, 2.364119, 5.191083
 318.000000, 25.408805, 2.535639, 2.209644, 4.773585
 315.000000, 25.411640, 2.635979, 2.161905, 4.825397
 302.333333, 26.305402, 2.857773, 2.463065, 5.345094
 12, 20
 0.250000, 0.000000, 0.000000, 1.000000, 129.000000
 275.333333, 26.056901, 3.257869, 2.681598, 5.973366
 302.666667, 26.019824, 2.821586, 2.544053, 5.385463
 294.666667, 27.669683, 3.065611, 2.673077, 5.759050
 316.666667, 29.825263, 3.291579, 2.632632, 5.944211
 290.666667, 28.989679, 3.358945, 2.816514, 6.204128
 277.666667, 28.385354, 3.380552, 2.882353, 6.303721
 291.000000, 26.580756, 2.990836, 2.548683, 5.561283
 303.666667, 27.604830, 3.109769, 2.562020, 5.699232
 308.333333, 27.592432, 2.955676, 2.489730, 5.469189
 294.000000, 26.106576, 2.766440, 2.487528, 5.276644
 325.000000, 26.609231, 2.684103, 2.201026, 4.912821
 319.666667, 24.258603, 2.469239, 2.197080, 4.694473
 313.000000, 26.037274, 2.811502, 2.268371, 5.102236
 317.666667, 26.411333, 2.706191, 2.314795, 5.040923
 315.000000, 26.388360, 2.902646, 2.329101, 5.260317
 315.000000, 26.641270, 2.848677, 2.385185, 5.258201
 322.333333, 26.427094, 2.572906, 2.199586, 4.797311
 306.666667, 25.356522, 2.623913, 2.252174, 4.897826
 308.333333, 25.625946, 2.810811, 2.363243, 5.192432
 13, 20
 0.250000, 49.000000, 0.000000, 28.000000, 75.000000
 269.000000, 26.589839, 3.315985, 2.684015, 6.094176
 309.000000, 27.354908, 2.909385, 2.469256, 5.408846
 297.000000, 28.215488, 3.108866, 2.676768, 5.822671
 296.333333, 28.843645, 3.137233, 2.767154, 5.923510
 283.666667, 25.901293, 3.109283, 2.849589, 5.976498
 280.000000, 27.476190, 3.251190, 2.883333, 6.152381
 290.666667, 25.709862, 3.133028, 2.522936, 5.684633
 299.000000, 28.612040, 3.111483, 2.589744, 5.722408
 305.000000, 28.104918, 2.949727, 2.559563, 5.530055
 305.000000, 28.215301, 3.025137, 2.461202, 5.511475
 319.000000, 25.661442, 2.591432, 2.236155, 4.856844
 316.666667, 23.952632, 2.472632, 2.181053, 4.685263
 304.666667, 25.437637, 2.815098, 2.339168, 5.189278
 304.000000, 25.615132, 2.627193, 2.355263, 5.002193
 304.666667, 25.518600, 2.764770, 2.386214, 5.188184
 310.000000, 25.670968, 2.761290, 2.365591, 5.146237
 318.666667, 25.253138, 2.456067, 2.198745, 4.674686
 319.333333, 26.215031, 2.735908, 2.177453, 4.937370
 318.666667, 26.796025, 2.827406, 2.312762, 5.173640
 14, 20
 0.250000, 49.000000, 0.000000, 28.000000, 76.000000
 275.000000, 26.292121, 3.521212, 2.646061, 6.250909
 306.000000, 27.529412, 2.948802, 2.535948, 5.505447
 286.666667, 27.297674, 3.137209, 2.770930, 5.933721
 290.666667, 28.035550, 3.174312, 2.782110, 5.978211
 299.000000, 29.157191, 3.523969, 2.755853, 6.302118
 280.333333, 28.468490, 3.372176, 2.866825, 6.259215
 280.000000, 26.894048, 3.125000, 2.755952, 5.910714
 304.000000, 27.792763, 3.064693, 2.567982, 5.666667
 298.000000, 26.540268, 2.868009, 2.579418, 5.469799
 301.333333, 26.784292, 2.908186, 2.461283, 5.392699
 310.333333, 25.108485, 2.493018, 2.243824, 4.774436
 317.333333, 24.362395, 2.474790, 2.170168, 4.684874
 307.000000, 25.570033, 2.762215, 2.281216, 5.071661
 320.333333, 27.344433, 2.729448, 2.300728, 5.053070
 306.333333, 26.866159, 2.817193, 2.365615, 5.216540
 310.333333, 25.966702, 2.740064, 2.387755, 5.158969
 325.666667, 26.431934, 2.523030, 2.190379, 4.737973
 312.333333, 26.928495, 2.676628, 2.262540, 4.967983
 322.666667, 28.130165, 2.950413, 2.338843, 5.316116
 15, 20
 0.250000, 60.000000, 0.000000, 2.000000, 95.000000
 269.333333, 27.533416, 3.637376, 2.753713, 6.454208
 308.666667, 27.382289, 2.895248, 2.487041, 5.409287
 291.333333, 27.558352, 3.120137, 2.751716, 5.890160
 314.333333, 29.940615, 3.215270, 2.618240, 5.863203
 294.333333, 27.873160, 3.238958, 2.740657, 6.002265
 283.333333, 29.403529, 3.458824, 2.870588, 6.351765
 297.000000, 27.090909, 3.007856, 2.498316, 5.536476
 289.333333, 25.973502, 2.980415, 2.618664, 5.617512
 301.333333, 25.566372, 2.785398, 2.494469, 5.323009
 298.333333, 26.577654, 2.925140, 2.496089, 5.446927
 324.333333, 25.865365, 2.646454, 2.220966, 4.887975
 326.333333, 25.021450, 2.488253, 2.140960, 4.649642
 296.333333, 24.475816, 2.673791, 2.418448, 5.115861
 303.666667, 25.493963, 2.580681, 2.349067, 4.954995
 311.000000, 26.706324, 2.826367, 2.377278, 5.228296
 316.333333, 26.748156, 2.829294, 2.334036, 5.185458
 321.000000, 25.157840, 2.561786, 2.161994, 4.747664
 312.333333, 25.324440, 2.691569, 2.191035, 4.902882
 313.000000, 26.062833, 2.807242, 2.326944, 5.176784
 16, 20
 0.250000, 0.000000, 0.000000, 2.000000, 130.000000
 272.666667, 27.737164, 3.371638, 2.705379, 6.134474
 307.666667, 26.854821, 2.892741, 2.485374, 5.398700
 289.666667, 27.074799, 3.140391, 2.779056, 5.940161
 296.666667, 29.742697, 3.359551, 2.780899, 6.178652
 295.000000, 28.774011, 3.410169, 2.770621, 6.206780
 276.666667, 26.136145, 3.326506, 2.885542, 6.234940
 299.000000, 28.587514, 3.205128, 2.488294, 5.723523
 298.333333, 27.230168, 2.979888, 2.569832, 5.570950
 309.666667, 27.565124, 3.029064, 2.513455, 5.562971
 303.666667, 28.183315, 2.923161, 2.470911, 5.425906
 323.000000, 25.374613, 2.642931, 2.202270, 4.863777
 315.000000, 24.594709, 2.469841, 2.197884, 4.688889
 308.333333, 25.783784, 2.882162, 2.318919, 5.221622
 306.333333, 24.763874, 2.581066, 2.298150, 4.912949
 309.000000, 25.338727, 2.819849, 2.340885, 5.188781
 311.666667, 26.264171, 2.773262, 2.382888, 5.178610
 325.000000, 25.797949, 2.524103, 2.183590, 4.737436
 313.666667, 25.591923, 2.672689, 2.174283, 4.875664
 301.333333, 25.929204, 2.793142, 2.432522, 5.256637
 17, 20
 0.250000, 0.000000, 0.000000, 2.000000, 128.000000
 274.000000, 26.787105, 3.312652, 2.774939, 6.137470
 305.666667, 27.041439, 2.830971, 2.532170, 5.398037
 296.666667, 27.882022, 3.223596, 2.707865, 5.956180
 305.666667, 29.482007, 3.333697, 2.730643, 6.083969
 286.333333, 28.196740, 3.381839, 2.861467, 6.271246
 276.666667, 28.851807, 3.442169, 2.915663, 6.390361
 288.666667, 26.725173, 3.088915, 2.576212, 5.685912
 298.666667, 26.822545, 2.819196, 2.575893, 5.415179
 315.666667, 27.362196, 2.913411, 2.453010, 5.399155
 312.333333, 27.759872, 3.074707, 2.403415, 5.503735
 316.000000, 25.489451, 2.563291, 2.247890, 4.840717
 305.333333, 23.426856, 2.447598, 2.253275, 4.720524
 304.333333, 25.917853, 2.772180, 2.301205, 5.105148
 316.666667, 27.052632, 2.732632, 2.310526, 5.070526
 298.666667, 25.515625, 2.719866, 2.424107, 5.176339
 318.333333, 25.603141, 2.735079, 2.313089, 5.067016
 330.333333, 26.758829, 2.632694, 2.163471, 4.817356
 317.666667, 25.683106, 2.650577, 2.222455, 4.900315
 322.000000, 26.488613, 2.870600, 2.287785, 5.211180
 18, 20
 0.250000, 0.000000, 0.000000, 2.000000, 128.000000
 276.000000, 25.547101, 3.303140, 2.641304, 5.996377
 304.333333, 27.300110, 2.868565, 2.518072, 5.407448
 300.333333, 28.407325, 3.187569, 2.701443, 5.912320
 293.000000, 27.962457, 3.158134, 2.779295, 5.967008
 287.333333, 27.249420, 3.155452, 2.827146, 6.016241
 279.666667, 28.526818, 3.284863, 2.870083, 6.182360
 296.000000, 26.922297, 3.068694, 2.552928, 5.643018
 295.666667, 27.158963, 3.032694, 2.594138, 5.651635
 305.666667, 26.679389, 2.884406, 2.492912, 5.404580
 303.000000, 27.484048, 2.991199, 2.453245, 5.475248
 316.333333, 25.407798, 2.548999, 2.258166, 4.831401
 314.666667, 24.300847, 2.514831, 2.173729, 4.729873
 301.666667, 24.149171, 2.815470, 2.363536, 5.216575
 306.666667, 24.968478, 2.605435, 2.332609, 4.976087
 308.333333, 26.901622, 2.843243, 2.344865, 5.211892
 306.333333, 25.684440, 2.778020, 2.376496, 5.190424
 314.333333, 25.034995, 2.429480, 2.196182, 4.654295
 313.000000, 25.058573, 2.577210, 2.202343, 4.823216
 310.333333, 26.300752, 2.781955, 2.343716, 5.181525
 19, 20
 0.250000, 2.000000, 0.000000, 2.000000, 127.000000
 275.333333, 26.628329, 3.319613, 2.679177, 6.039952
 311.666667, 28.645989, 2.989305, 2.483422, 5.494118
 304.000000, 28.565789, 3.248904, 2.656798, 5.927632
 298.666667, 28.526786, 3.232143, 2.746652, 6.000000
 285.000000, 27.996491, 3.267836, 2.856140, 6.146199
 276.666667, 28.959036, 3.387952, 2.902410, 6.321687
 300.666667, 27.915743, 3.097561, 2.453437, 5.620843
 315.333333, 29.329810, 3.175476, 2.506342, 5.709302
 311.333333, 28.240899, 2.949679, 2.472163, 5.449679
 288.666667, 26.016166, 2.908776, 2.623557, 5.570439
 309.000000, 23.605178, 2.421791, 2.254585, 4.714132
 320.000000, 25.258333, 2.525000, 2.191667, 4.738542
 301.666667, 25.478453, 2.691713, 2.310497, 5.022099
 310.000000, 26.712903, 2.750538, 2.316129, 5.098925
 304.000000, 25.609649, 2.824561, 2.395833, 5.252193
 315.333333, 26.242072, 2.755814, 2.342495, 5.126850
 311.333333, 24.340471, 2.433619, 2.198073, 4.665953
 312.000000, 24.559829, 2.611111, 2.233974, 4.865385
 298.000000, 24.780761, 2.642058, 2.403803, 5.088367
 20, 20
 0.250000, 0.000000, 0.000000, 1.000000, 128.000000
 268.666667, 26.750620, 3.200993, 2.715881, 5.966501
 305.333333, 25.912664, 2.872271, 2.503275, 5.394105
 304.000000, 29.299342, 3.263158, 2.601974, 5.908991
 316.666667, 30.654737, 3.402105, 2.635789, 6.060000
 288.666667, 28.498845, 3.267898, 2.825635, 6.113164
 280.666667, 27.907363, 3.264846, 2.847981, 6.153207
 291.000000, 25.932417, 2.990836, 2.563574, 5.583047
 295.000000, 27.735593, 2.978531, 2.646328, 5.651977
 306.333333, 26.624592, 2.870511, 2.511425, 5.403700
 278.666667, 26.305024, 2.870813, 2.775120, 5.681818
 314.666667, 25.647246, 2.525424, 2.271186, 4.824153
 315.000000, 25.443386, 2.534392, 2.210582, 4.766138
 313.000000, 26.432375, 2.797657, 2.282215, 5.103301
 320.000000, 26.047917, 2.653125, 2.271875, 4.946875
 300.666667, 25.815965, 2.718404, 2.379157, 5.125277
 310.666667, 26.204936, 2.738197, 2.410944, 5.175966
 320.000000, 25.363542, 2.542708, 2.180208, 4.759375
 313.000000, 24.487753, 2.588924, 2.179979, 4.804047
 298.000000, 25.000000, 2.795302, 2.425056, 5.277405
 21, 20
 0.250000, 50.000000, 0.000000, 31.000000, 86.000000
 263.333333, 24.865823, 3.369620, 2.724051, 6.198734
 300.000000, 27.098889, 2.834444, 2.587778, 5.442222
 296.666667, 27.435955, 3.142697, 2.696629, 5.861798
 306.000000, 29.794118, 3.293028, 2.685185, 6.000000
 302.333333, 28.622933, 3.361632, 2.702315, 6.088203
 269.333333, 28.112624, 3.345297, 2.938119, 6.320545
 287.333333, 26.053364, 2.986079, 2.575406, 5.581206
 300.666667, 26.843681, 2.971175, 2.492239, 5.523282
 310.333333, 27.346939, 2.893663, 2.505908, 5.418904
 295.666667, 25.508455, 2.844419, 2.468997, 5.343856
 307.666667, 25.039003, 2.521127, 2.282774, 4.832069
 307.333333, 24.861171, 2.523861, 2.383948, 4.927332
 308.000000, 26.041126, 2.836580, 2.303030, 5.167749
 315.000000, 26.275132, 2.662434, 2.322751, 5.010582
 311.666667, 26.296257, 2.877005, 2.298396, 5.205348
 310.666667, 25.085837, 2.738197, 2.366953, 5.157725
 314.333333, 24.411453, 2.408271, 2.179215, 4.621421
 314.666667, 26.221398, 2.692797, 2.202331, 4.921610
 305.666667, 25.911668, 2.811341, 2.372955, 5.223555
 22, 20
 0.250000, 50.000000, 0.000000, 10.000000, 86.000000
 274.666667, 27.320388, 3.587379, 2.674757, 6.313107
 304.666667, 26.187090, 2.836980, 2.456236, 5.358862
 294.666667, 29.040724, 3.161765, 2.768100, 5.951357
 291.666667, 27.377143, 3.192000, 2.797714, 6.010286
 296.000000, 28.029279, 3.295045, 2.753378, 6.073198
 283.333333, 29.500000, 3.481176, 2.844706, 6.356471
 296.666667, 27.783146, 3.059551, 2.496629, 5.579775
 294.333333, 27.405436, 2.936580, 2.596829, 5.579841
 298.333333, 26.177654, 2.730726, 2.540782, 5.291620
 301.000000, 26.664452, 2.899225, 2.482835, 5.404208
 321.666667, 25.811399, 2.565803, 2.194819, 4.783420
 321.666667, 24.996891, 2.546114, 2.146114, 4.711917
 301.666667, 25.428729, 2.786740, 2.299448, 5.112707
 307.666667, 25.534128, 2.665222, 2.354280, 5.040087
 312.333333, 26.368196, 2.811099, 2.358591, 5.197439
 320.666667, 26.962578, 2.787942, 2.350312, 5.159044
 325.666667, 26.460594, 2.492323, 2.169908, 4.683726
 320.333333, 26.558793, 2.750260, 2.168574, 4.942768
 303.333333, 26.951648, 2.807692, 2.414286, 5.262637
 23, 20
 0.250000, 50.000000, 0.000000, 11.000000, 85.000000
 263.333333, 25.235443, 3.515190, 2.675949, 6.269620
 312.000000, 28.001068, 2.925214, 2.483974, 5.438034
 292.000000, 27.837900, 3.143836, 2.724886, 5.892694
 303.000000, 29.183718, 3.279428, 2.719472, 6.020902
 286.333333, 27.700815, 3.270081, 2.825378, 6.126892
 282.000000, 28.795508, 3.411348, 2.852246, 6.294326
 295.333333, 25.370203, 2.949210, 2.519187, 5.495485
 301.000000, 26.766334, 2.932447, 2.565891, 5.517165
 308.000000, 27.211039, 2.900433, 2.485931, 5.406926
 301.666667, 26.774586, 2.916022, 2.406630, 5.385635
 311.000000, 24.525188, 2.494105, 2.271168, 4.787781
 316.000000, 24.936709, 2.466245, 2.194093, 4.686709
 312.333333, 27.358591, 2.928495, 2.315902, 5.266809
 312.000000, 27.020299, 2.694444, 2.347222, 5.066239
 298.000000, 25.804251, 2.747204, 2.450783, 5.230425
 310.666667, 25.943133, 2.802575, 2.415236, 5.243562
 327.666667, 26.142421, 2.534079, 2.155646, 4.710071
 319.666667, 26.208551, 2.749739, 2.178311, 4.959333
 314.000000, 27.732484, 2.841826, 2.389597, 5.265393
 24, 20
 0.250000, 49.000000, 0.000000, 30.000000, 73.000000
 264.333333, 26.290038, 3.427491, 2.756620, 6.263556
 297.333333, 27.162556, 2.839686, 2.575112, 5.436099
 297.000000, 28.309764, 3.145903, 2.700337, 5.870932
 313.333333, 30.568085, 3.267021, 2.605319, 5.897872
 298.666667, 30.208705, 3.445313, 2.735491, 6.206473
 282.000000, 29.306147, 3.399527, 2.868794, 6.289598
 289.666667, 26.599540, 3.082854, 2.563867, 5.666283
 297.666667, 26.633819, 2.946249, 2.584546, 5.559910
 304.000000, 27.282895, 2.879386, 2.523026, 5.423246
 293.666667, 25.928490, 2.896708, 2.523269, 5.441544
 319.333333, 24.993737, 2.599165, 2.218163, 4.852818
 321.000000, 24.233645, 2.454829, 2.139148, 4.614746
 292.666667, 24.152620, 2.649203, 2.363326, 5.046697
 298.666667, 24.484375, 2.581473, 2.416295, 5.024554
 311.666667, 27.114439, 2.759358, 2.341176, 5.131551
 306.000000, 27.015251, 2.798475, 2.460784, 5.284314
 320.000000, 26.434375, 2.528125, 2.216667, 4.763542
 313.000000, 25.473908, 2.725240, 2.204473, 4.949947
 315.000000, 27.700529, 2.910053, 2.355556, 5.299471
 25, 20
 0.250000, 50.000000, 0.000000, 42.000000, 86.000000
 272.666667, 26.201711, 3.397311, 2.640587, 6.143032
 303.666667, 26.678375, 2.871570, 2.540066, 5.439078
 292.333333, 27.820981, 3.124287, 2.733181, 5.877993
 295.666667, 27.827508, 3.143179, 2.792559, 5.956032
 290.333333, 27.678530, 3.306544, 2.801378, 6.126292
 274.333333, 27.970838, 3.382746, 2.955043, 6.356015
 302.333333, 26.848953, 3.037486, 2.447630, 5.503859
 297.333333, 26.931614, 2.960762, 2.579596, 5.565022
 306.333333, 26.645267, 2.918390, 2.525571, 5.470076
 305.000000, 26.767213, 2.949727, 2.427322, 5.410929
 318.000000, 24.807128, 2.605870, 2.224319, 4.849057
 317.666667, 24.075551, 2.497377, 2.187828, 4.711438
 306.666667, 26.503261, 2.759783, 2.292391, 5.086957
 315.000000, 25.898413, 2.731217, 2.316402, 5.068783
 308.666667, 26.181425, 2.876890, 2.338013, 5.253780
 304.000000, 25.445175, 2.687500, 2.434211, 5.142544
 317.000000, 24.807571, 2.508938, 2.184017, 4.740273
 309.000000, 25.058252, 2.604099, 2.214671, 4.840345
 307.333333, 26.689805, 2.925163, 2.421909, 5.378525
 26, 20
 0.250000, 49.000000, 0.000000, 28.000000, 73.000000
 281.666667, 26.714793, 3.542012, 2.636686, 6.222485
 309.666667, 28.248654, 2.908504, 2.539290, 5.473628
 295.333333, 28.966140, 3.248307, 2.726862, 6.009029
 302.666667, 28.439427, 3.197137, 2.683921, 5.900881
 305.000000, 30.091803, 3.381421, 2.681967, 6.084153
 280.666667, 29.052257, 3.543943, 2.859857, 6.437055
 292.000000, 27.710046, 3.114155, 2.591324, 5.728311
 315.333333, 28.668076, 3.102537, 2.510571, 5.640592
 312.333333, 27.368196, 2.944504, 2.482391, 5.447172
 300.000000, 26.958889, 2.903333, 2.484444, 5.412222
 315.333333, 25.456660, 2.530655, 2.243129, 4.800211
 327.000000, 25.626911, 2.514781, 2.126402, 4.664628
 308.333333, 25.014054, 2.818378, 2.287568, 5.135135
 319.000000, 26.108673, 2.723093, 2.310345, 5.057471
 303.333333, 25.583516, 2.764835, 2.375824, 5.165934
 298.666667, 25.191964, 2.638393, 2.459821, 5.127232
 314.333333, 24.317073, 2.355249, 2.188759, 4.583245
 310.666667, 25.391631, 2.700644, 2.217811, 4.937768
 306.000000, 26.017429, 2.726580, 2.369281, 5.144880
 27, 20
 0.250000, 50.000000, 0.000000, 42.000000, 86.000000
 271.000000, 27.113161, 3.463715, 2.734317, 6.258303
 298.333333, 26.303911, 2.844693, 2.577654, 5.449162
 302.333333, 27.794928, 3.299890, 2.700110, 6.020948
 311.333333, 29.459315, 3.415418, 2.686296, 6.126338
 285.666667, 27.298716, 3.194866, 2.809802, 6.037340
 274.000000, 28.515815, 3.444039, 2.935523, 6.406326
 289.000000, 26.019608, 3.020761, 2.577855, 5.618224
 301.333333, 27.075221, 2.981195, 2.559735, 5.560841
 306.000000, 27.636166, 2.901961, 2.492375, 5.419390
 301.333333, 27.449115, 2.976770, 2.471239, 5.474558
 308.666667, 24.668467, 2.579914, 2.340173, 4.954644
 312.333333, 23.796158, 2.461046, 2.188901, 4.677695
 297.000000, 24.281706, 2.737374, 2.300786, 5.087542
 298.333333, 24.122905, 2.582123, 2.345251, 4.954190
 305.000000, 25.951913, 2.833880, 2.394536, 5.250273
 308.333333, 25.203243, 2.634595, 2.384865, 5.037838
 315.333333, 25.156448, 2.459831, 2.188161, 4.684989
 306.333333, 25.776931, 2.634385, 2.252448, 4.916213
 312.666667, 26.994670, 2.813433, 2.368870, 5.202559
 28, 20
 0.250000, 35.000000, 0.000000, 4.000000, 102.000000
 271.000000, 26.568266, 3.275523, 2.740467, 6.108241
 313.333333, 26.769149, 2.935106, 2.445745, 5.402128
 286.666667, 26.650000, 3.087209, 2.777907, 5.887209
 312.333333, 30.710779, 3.368196, 2.661686, 6.057631
 289.666667, 27.584580, 3.314154, 2.818182, 6.153049
 284.333333, 28.815944, 3.477140, 2.842907, 6.357562
 296.000000, 26.516892, 3.001126, 2.528153, 5.548423
 300.666667, 27.707317, 2.903548, 2.576497, 5.505543
 307.333333, 26.915401, 2.942516, 2.527115, 5.490239
 296.666667, 26.675281, 2.901124, 2.476404, 5.406742
 313.333333, 24.465957, 2.531915, 2.246809, 4.814894
 308.000000, 24.150433, 2.428571, 2.222944, 4.685065
 300.333333, 25.017758, 2.650388, 2.332963, 5.009989
 305.666667, 24.813522, 2.642312, 2.351145, 5.020720
 315.000000, 27.059259, 2.899471, 2.319577, 5.247619
 316.000000, 26.175105, 2.754219, 2.318565, 5.100211
 323.000000, 26.195046, 2.610939, 2.167183, 4.799794
 301.000000, 23.212625, 2.507198, 2.200443, 4.759690
 310.666667, 26.450644, 2.883047, 2.365880, 5.277897
 29, 20
 0.250000, 46.000000, 0.000000, 4.000000, 102.000000
 277.000000, 26.368231, 3.423586, 2.661853, 6.148014
 309.333333, 27.516164, 2.869612, 2.496767, 5.386853
 297.666667, 27.608063, 3.250840, 2.671892, 5.942889
 303.666667, 28.035126, 3.226125, 2.703622, 5.958288
 284.333333, 27.042204, 3.120750, 2.771395, 5.917937
 279.333333, 28.446301, 3.402148, 2.880668, 6.312649
 291.000000, 26.824742, 3.091638, 2.554410, 5.667812
 307.333333, 27.850325, 3.005423, 2.560738, 5.592191
 308.666667, 26.673866, 2.868251, 2.484881, 5.372570
 302.000000, 27.086093, 2.979029, 2.460265, 5.463576
 312.333333, 24.744931, 2.520811, 2.250800, 4.794023
 304.666667, 23.355580, 2.450766, 2.241794, 4.735230
 300.000000, 24.387778, 2.786667, 2.382222, 5.188889
 316.000000, 27.059072, 2.746835, 2.305907, 5.080169
 304.666667, 26.729759, 2.757112, 2.339168, 5.156455
 315.000000, 26.002116, 2.738624, 2.353439, 5.118519
 322.000000, 25.266046, 2.511387, 2.137681, 4.683230
 315.333333, 25.943975, 2.661734, 2.196617, 4.882664
 318.000000, 27.649895, 2.988470, 2.353249, 5.368973
 30, 20
 0.250000, 61.000000, 0.000000, 1.000000, 91.000000
 254.333333, 26.521625, 3.562254, 2.952818, 6.581913
 309.666667, 27.682454, 2.862217, 2.474704, 5.357374
 289.666667, 26.437284, 3.093211, 2.753740, 5.865362
 304.666667, 28.775711, 3.125821, 2.659737, 5.809628
 287.000000, 27.413473, 3.263647, 2.844367, 6.127758
 285.666667, 29.324387, 3.431739, 2.823804, 6.278880
 290.000000, 26.387356, 3.022989, 2.554023, 5.606897
 301.333333, 27.955752, 3.015487, 2.559735, 5.603982
 304.666667, 27.280088, 2.909190, 2.549234, 5.480306
 294.000000, 26.536281, 2.961451, 2.520408, 5.505669
 306.333333, 24.988030, 2.551687, 2.322089, 4.917301
 330.666667, 25.815524, 2.639113, 2.159274, 4.827621
 294.666667, 25.062217, 2.731900, 2.338235, 5.099548
 310.333333, 25.959184, 2.667025, 2.340494, 5.031149
 306.333333, 26.210011, 2.811752, 2.369967, 5.207835
 319.000000, 26.588297, 2.822362, 2.351097, 5.193312
 332.333333, 26.629890, 2.576730, 2.154463, 4.758275
 301.666667, 24.365746, 2.593370, 2.253039, 4.871823
 305.666667, 25.243184, 2.731734, 2.411123, 5.173391
 31, 20
 0.250000, 35.000000, 0.000000, 4.000000, 112.000000
 267.333333, 26.135910, 3.390274, 2.750623, 6.224439
 305.666667, 27.429662, 2.935660, 2.529989, 5.484188
 293.333333, 27.779545, 3.298864, 2.719318, 6.060227
 310.000000, 30.287097, 3.324731, 2.679570, 6.024731
 289.333333, 27.132488, 3.342166, 2.831797, 6.195853
 283.333333, 28.694118, 3.467059, 2.854118, 6.342353
 293.666667, 26.968218, 3.105562, 2.573212, 5.709421
 308.333333, 28.998919, 2.967568, 2.541622, 5.531892
 296.333333, 25.953881, 2.813273, 2.600675, 5.430821
 305.333333, 27.277293, 2.919214, 2.408297, 5.354803
 322.333333, 25.943123, 2.567735, 2.195450, 4.783868
 305.333333, 24.534934, 2.538210, 2.383188, 4.942140
 308.333333, 25.557838, 2.776216, 2.289730, 5.087568
 312.666667, 26.569296, 2.715352, 2.317697, 5.054371
 303.000000, 26.048405, 2.685369, 2.381738, 5.110011
 302.333333, 25.061742, 2.648291, 2.401323, 5.078280
 325.666667, 26.068577, 2.575230, 2.148414, 4.764585
 310.000000, 26.163441, 2.637634, 2.247312, 4.912903
 312.333333, 26.925293, 2.788687, 2.371398, 5.189968
Histogram
0 0 0 0 136 360 112 0 0 0 0 0 0 0 0 0 0 0 0 0 0 0 0 0 0 0 0 0 0 0 0 0 0 0 0 0 0 0 0 0 0 0 0 0 0 0 0 0 0 0 0 0 0 0 0 0 0 0 0 0 0 0 0 0 0 0 0 0 0 0 0 0 0 2 0 1 2 0 0 1 0 0 0 0 0 1 4 0 3 0 0 1 0 1 0 1 2 0 0 13 
Cache Miss Ratio
3.303492927600167E-4
Average number of keys
1.0
numOfSets
0
numOfGets
581203
numOfMultiGets
0
