 0, 21
 8.333333, 28.320000, 13.400000, 1.680000, 17.040000
 674.666667, 53.170949, 9.466897, 1.392292, 10.937253
 898.333333, 58.201113, 7.992208, 1.070130, 9.099443
 963.000000, 58.293873, 7.631014, 1.005192, 8.663898
 900.666667, 59.492228, 8.340118, 1.074389, 9.449667
 920.333333, 57.244839, 7.896777, 1.050344, 8.979717
 964.000000, 57.508990, 7.558091, 1.007607, 8.592324
 945.666667, 56.574551, 7.440254, 1.029256, 8.496299
 972.333333, 56.368186, 7.305794, 0.997600, 8.327048
 967.000000, 54.827301, 7.053775, 1.003792, 8.084109
 950.666667, 57.563815, 7.439691, 1.024895, 8.488079
 957.666667, 54.163244, 6.967630, 1.012530, 8.011138
 954.333333, 56.553964, 7.382117, 1.010828, 8.426476
 872.000000, 54.968654, 8.477829, 1.118119, 9.621942
 989.000000, 55.709471, 6.911695, 0.978092, 7.919784
 1012.000000, 56.064559, 7.008893, 0.954216, 7.997036
 1031.333333, 53.691338, 6.755656, 0.929218, 7.721073
 967.333333, 55.942109, 7.128187, 0.995865, 8.156099
 1005.000000, 56.064345, 6.872305, 0.965174, 7.864345
 1010.666667, 55.313984, 6.765831, 0.963720, 7.754947
 825.333333, 55.477787, 8.510905, 1.154685, 9.692649
 1, 21
 13.333333, 25.550000, 8.725000, 1.825000, 12.275000
 678.666667, 54.546169, 9.787328, 1.345776, 11.247544
 897.333333, 58.290490, 8.118871, 1.077266, 9.227712
 921.666667, 57.191320, 7.531284, 1.049910, 8.614828
 861.333333, 59.736068, 8.412539, 1.127709, 9.569659
 946.666667, 56.938028, 7.889437, 1.015493, 8.935211
 926.666667, 57.789928, 7.624101, 1.038489, 8.698201
 962.666667, 56.604571, 7.469875, 1.004155, 8.505540
 968.666667, 55.227116, 7.396077, 1.004129, 8.426703
 975.666667, 54.343355, 6.974718, 0.996242, 7.994875
 959.666667, 57.816603, 7.746092, 1.010073, 8.786384
 968.333333, 54.638554, 7.009294, 0.999312, 8.037866
 963.000000, 57.224299, 7.532710, 1.006923, 8.567324
 846.666667, 55.605118, 8.591339, 1.142520, 9.768110
 977.000000, 55.605937, 6.881610, 0.990447, 7.899011
 987.333333, 55.825793, 7.100608, 0.981769, 8.112086
 1013.000000, 54.187891, 6.740375, 0.958210, 7.722606
 989.333333, 55.111860, 7.001011, 0.975067, 8.003369
 1022.333333, 55.375285, 6.988914, 0.948158, 7.964460
 1006.000000, 55.049370, 6.842942, 0.962227, 7.836315
 839.000000, 55.110052, 8.237584, 1.118792, 9.383790
 2, 21
 30.666667, 28.891304, 8.739130, 1.510870, 10.826087
 687.000000, 55.468705, 9.932557, 1.351286, 11.374090
 900.000000, 58.545926, 8.146296, 1.070000, 9.252963
 951.666667, 57.758319, 7.624869, 1.009807, 8.672504
 884.333333, 59.661138, 8.474934, 1.098379, 9.603845
 903.333333, 57.548339, 7.847232, 1.074539, 8.950923
 958.000000, 57.022269, 7.491997, 1.007655, 8.534447
 949.000000, 56.238145, 7.324903, 1.020372, 8.375834
 1005.333333, 55.573276, 7.229443, 0.969164, 8.220822
 979.666667, 54.347057, 6.993195, 0.988772, 8.014631
 936.333333, 57.352795, 7.721609, 1.028480, 8.784977
 967.666667, 54.336204, 6.988288, 0.997933, 8.020668
 959.666667, 56.983675, 7.598124, 1.007294, 8.638069
 855.000000, 55.085380, 8.488889, 1.129045, 9.654191
 984.000000, 55.587060, 6.741192, 0.987805, 7.755081
 994.666667, 55.805630, 7.018767, 0.976877, 8.021113
 1005.333333, 53.437003, 6.757626, 0.960544, 7.746021
 986.000000, 55.569642, 7.094320, 0.986139, 8.103448
 1001.333333, 54.997004, 6.916778, 0.970373, 7.912117
 1030.666667, 55.423674, 6.720569, 0.939845, 7.688551
 841.000000, 53.904082, 8.500595, 1.096314, 9.628617
 3, 21
 31.000000, 31.139785, 9.118280, 1.978495, 11.752688
 697.333333, 56.382409, 9.858031, 1.339866, 11.285373
 927.000000, 57.916936, 8.168644, 1.042071, 9.240201
 942.666667, 57.060467, 7.688472, 1.029703, 8.749293
 884.333333, 59.143611, 8.367132, 1.089333, 9.487750
 936.666667, 57.285409, 7.992527, 1.029537, 9.056584
 994.333333, 57.694938, 7.553134, 0.969829, 8.551793
 986.666667, 56.131757, 7.359122, 0.977703, 8.369257
 977.000000, 56.104401, 7.271921, 0.993859, 8.293074
 987.000000, 54.444782, 6.991219, 0.977710, 8.000338
 912.000000, 56.906067, 7.536915, 1.062135, 8.633406
 963.333333, 54.795502, 7.221453, 1.007958, 8.255017
 948.000000, 56.828411, 7.361111, 1.020042, 8.413502
 875.000000, 55.058667, 8.632381, 1.109714, 9.771429
 1011.333333, 55.598550, 6.812788, 0.958141, 7.799934
 1003.666667, 56.334440, 7.067752, 0.966456, 8.063766
 998.000000, 54.532398, 6.746827, 0.971944, 7.742485
 965.000000, 56.385492, 7.135751, 1.004145, 8.166839
 1001.333333, 55.261318, 6.799601, 0.969374, 7.798935
 1012.333333, 55.333553, 6.769509, 0.948634, 7.754363
 809.666667, 53.993413, 8.391519, 1.136270, 9.549197
 4, 21
 51.666667, 33.406452, 8.845161, 1.574194, 10.890323
 714.666667, 55.375933, 9.680037, 1.248134, 11.065765
 873.333333, 57.735496, 8.012977, 1.101145, 9.148473
 935.666667, 58.022444, 7.693623, 1.035981, 8.759530
 893.000000, 59.251960, 8.366181, 1.091452, 9.484136
 914.000000, 56.750912, 7.785558, 1.055434, 8.874179
 962.666667, 57.386427, 7.531510, 0.994114, 8.564058
 946.666667, 55.698944, 7.423239, 1.021831, 8.477465
 1010.333333, 56.011547, 7.218410, 0.961069, 8.207522
 985.666667, 54.406831, 7.008793, 0.986135, 8.018938
 939.000000, 56.504082, 7.605964, 1.035144, 8.668442
 960.000000, 55.334375, 7.082292, 1.011458, 8.120833
 966.000000, 57.038992, 7.361629, 1.003796, 8.396135
 867.333333, 55.173328, 8.283628, 1.116449, 9.432360
 982.666667, 54.389077, 6.964722, 0.984396, 7.981004
 985.333333, 56.229702, 6.949594, 0.982070, 7.962111
 1004.666667, 54.366622, 6.808228, 0.968149, 7.799934
 960.000000, 55.324653, 7.175347, 1.009722, 8.217361
 999.000000, 54.936270, 6.817484, 0.966300, 7.815148
 1029.000000, 55.312925, 6.725624, 0.948170, 7.697117
 784.000000, 53.946429, 8.585884, 1.155187, 9.764031
 5, 21
 53.666667, 33.608696, 8.024845, 1.608696, 10.130435
 732.000000, 56.087887, 9.735428, 1.271858, 11.095173
 932.000000, 58.199213, 8.005007, 1.035765, 9.071531
 927.666667, 57.865972, 7.794826, 1.036651, 8.869206
 905.333333, 59.393225, 8.354566, 1.071797, 9.452872
 908.333333, 57.786055, 7.889174, 1.062385, 8.986422
 974.666667, 57.283174, 7.494870, 0.993844, 8.517100
 984.666667, 56.066351, 7.476303, 0.984089, 8.488152
 981.666667, 55.906621, 7.191171, 0.990832, 8.207810
 986.333333, 54.643799, 7.035485, 0.981413, 8.045286
 935.000000, 56.689127, 7.409626, 1.041355, 8.476292
 957.666667, 54.695788, 7.100244, 1.013227, 8.142708
 965.333333, 56.554558, 7.503453, 1.003453, 8.535566
 882.333333, 54.735927, 8.467699, 1.101624, 9.597280
 1043.000000, 55.216683, 6.867050, 0.929051, 7.824545
 1009.666667, 56.075272, 6.953120, 0.961704, 7.942555
 970.000000, 54.480412, 6.815464, 0.999656, 7.844330
 954.000000, 56.378756, 7.172956, 1.015374, 8.215933
 1016.666667, 54.896721, 6.711148, 0.948852, 7.687213
 1023.666667, 55.126343, 6.684142, 0.948877, 7.659069
 791.000000, 53.886641, 8.272229, 1.133165, 9.428571
 6, 21
 68.333333, 34.639024, 8.268293, 1.639024, 10.317073
 759.000000, 57.271849, 9.811594, 1.253404, 11.123408
 912.333333, 57.842894, 8.066862, 1.054805, 9.155645
 943.000000, 57.769530, 7.726052, 1.020855, 8.781548
 902.333333, 59.621352, 8.345770, 1.072405, 9.448098
 946.333333, 57.535752, 7.836562, 1.023600, 8.887989
 959.333333, 56.489229, 7.559764, 1.007297, 8.597290
 962.333333, 55.805681, 7.391756, 1.001732, 8.426394
 941.000000, 56.185972, 7.317747, 1.032944, 8.376904
 1002.666667, 54.348072, 6.968085, 0.965758, 7.961769
 978.000000, 57.013292, 7.474438, 0.989093, 8.494888
 960.000000, 56.025000, 7.343056, 1.011806, 8.381597
 960.333333, 57.097536, 7.453662, 1.007983, 8.490108
 836.333333, 54.788760, 8.599043, 1.157832, 9.792746
 1014.666667, 55.319317, 6.891261, 0.955650, 7.874836
 1003.666667, 55.571903, 7.004650, 0.965792, 8.001328
 1017.000000, 54.876434, 6.859390, 0.946575, 7.835464
 992.666667, 55.936199, 7.083277, 0.972465, 8.084621
 1011.333333, 55.461437, 6.718194, 0.958471, 7.703362
 993.000000, 55.092984, 6.774421, 0.976166, 7.780799
 770.333333, 52.533103, 8.410212, 1.147122, 9.585894
 7, 21
 84.333333, 35.260870, 8.280632, 1.683794, 10.308300
 721.000000, 56.621822, 9.661581, 1.311604, 11.040684
 914.666667, 58.532070, 7.998907, 1.057945, 9.085641
 943.000000, 57.762107, 7.785790, 1.027925, 8.840226
 894.666667, 59.020864, 8.215350, 1.081967, 9.326751
 940.000000, 57.389362, 7.826950, 1.030142, 8.885816
 945.333333, 56.282087, 7.466150, 1.026446, 8.524330
 950.000000, 56.615439, 7.446316, 1.023860, 8.496842
 1000.000000, 55.321667, 7.163667, 0.969667, 8.159333
 962.333333, 54.984759, 7.007620, 1.010045, 8.043644
 919.666667, 56.326568, 7.511417, 1.054005, 8.593331
 964.333333, 56.115105, 7.175251, 1.007950, 8.212236
 960.333333, 56.937175, 7.472405, 1.010760, 8.508504
 844.000000, 55.655213, 8.195498, 1.148499, 9.374013
 998.333333, 55.303172, 6.923873, 0.970284, 7.921870
 993.333333, 55.130201, 6.939933, 0.979195, 7.944631
 988.000000, 54.118758, 6.823549, 0.982456, 7.835358
 972.000000, 55.137860, 7.124143, 0.997599, 8.148834
 1015.333333, 55.537754, 6.850952, 0.955680, 7.832896
 1054.333333, 55.987986, 6.763516, 0.918116, 7.709137
 758.000000, 52.517590, 8.201407, 1.131926, 9.364556
Histogram
0 0 0 0 0 0 0 38 81 33 6 8 1 0 0 0 0 1 0 0 0 0 0 0 0 0 0 0 0 0 0 0 0 0 0 0 0 0 0 0 0 0 0 0 0 0 0 0 0 0 0 0 0 0 0 0 0 0 0 0 0 0 0 0 0 0 0 0 0 0 0 0 0 0 0 0 0 0 0 0 0 0 0 0 0 0 0 0 0 0 0 0 0 0 0 0 0 0 0 0 
Cache Miss Ratio
4.228469492253312E-4
Average number of keys
1.0
numOfSets
0
numOfGets
454065
numOfMultiGets
0
