 0, 20
 0.250000, 0.000000, 0.000000, 0.000000, 106.000000
 166.000000, 28.514056, 5.654618, 3.138554, 8.983936
 340.000000, 24.327451, 1.852941, 1.419608, 3.300980
 365.666667, 23.983592, 1.363719, 1.241568, 2.634458
 376.000000, 23.990248, 1.241135, 1.264184, 2.535461
 363.666667, 22.943171, 1.120073, 1.151237, 2.320807
 388.333333, 24.706438, 1.197425, 1.082403, 2.314163
 373.666667, 23.983051, 1.143622, 1.283675, 2.450491
 362.666667, 23.364890, 1.336397, 1.225184, 2.592831
 386.333333, 23.725626, 1.132010, 1.068162, 2.226057
 380.666667, 23.941331, 1.211909, 1.333625, 2.580560
 398.666667, 24.441472, 1.206522, 1.161371, 2.390468
 367.666667, 23.553944, 1.417044, 1.300997, 2.739801
 320.666667, 23.566528, 1.725572, 1.776507, 3.558212
 342.333333, 24.984421, 1.476144, 1.512171, 3.015579
 345.000000, 24.519807, 1.552657, 1.454106, 3.079227
 249.666667, 22.636849, 1.911883, 2.524700, 4.467290
 351.333333, 22.581594, 1.378558, 1.391841, 2.801708
 362.000000, 22.151013, 1.292818, 1.205341, 2.534991
 342.333333, 22.688413, 1.199611, 1.331061, 2.558909
 1, 20
 0.250000, 5.000000, 1.000000, 0.000000, 104.000000
 129.333333, 32.979381, 5.471649, 4.685567, 10.368557
 358.333333, 25.864186, 1.974884, 1.433488, 3.435349
 353.666667, 23.281810, 1.361923, 1.277097, 2.680490
 366.000000, 22.926230, 1.232240, 1.325137, 2.586521
 368.333333, 23.701357, 1.133937, 1.168326, 2.324887
 365.333333, 24.360401, 1.096715, 1.140511, 2.261861
 370.666667, 24.050360, 1.041367, 1.279676, 2.368705
 352.666667, 22.852552, 1.368620, 1.233459, 2.661626
 365.666667, 23.835005, 1.257976, 1.184139, 2.467639
 376.000000, 24.173759, 1.208333, 1.354610, 2.593972
 356.666667, 22.921495, 1.105607, 1.246729, 2.383178
 336.333333, 23.058474, 1.325074, 1.389495, 2.754212
 345.666667, 24.355834, 1.761813, 1.507232, 3.306654
 351.666667, 25.216114, 1.294787, 1.392417, 2.741232
 342.333333, 24.175268, 1.590068, 1.481986, 3.097371
 264.333333, 22.952081, 2.247163, 2.383354, 4.664565
 332.333333, 22.059178, 1.484453, 1.429288, 3.030090
 361.333333, 23.659594, 1.197417, 1.184502, 2.416052
 327.666667, 22.255341, 1.280773, 1.368260, 2.683622
 2, 20
 0.250000, 1.000000, 1.000000, 0.000000, 113.000000
 129.333333, 26.760309, 6.054124, 4.090206, 10.327320
 330.333333, 24.586276, 1.834511, 1.478305, 3.354188
 361.000000, 23.278855, 1.431210, 1.268698, 2.738689
 380.000000, 23.500000, 1.196491, 1.236842, 2.463158
 366.666667, 24.349091, 1.150000, 1.166364, 2.354545
 377.666667, 23.825243, 1.156222, 1.109444, 2.296558
 390.333333, 25.210931, 1.161401, 1.270709, 2.458582
 357.000000, 23.635854, 1.282913, 1.231559, 2.545285
 368.666667, 23.330922, 1.226944, 1.158228, 2.414105
 387.666667, 24.575236, 1.220980, 1.256234, 2.505589
 385.000000, 24.816450, 1.203463, 1.196537, 2.428571
 341.333333, 24.373047, 1.406250, 1.462891, 2.904297
 354.666667, 25.226504, 1.744361, 1.485902, 3.264098
 330.666667, 23.111895, 1.333669, 1.536290, 2.895161
 352.666667, 25.011342, 1.582231, 1.399811, 3.017958
 256.666667, 22.868831, 1.920779, 2.438961, 4.424675
 366.000000, 23.927140, 1.467213, 1.351548, 2.851548
 368.666667, 23.805606, 1.220615, 1.144665, 2.401447
 322.333333, 21.940021, 1.296794, 1.421923, 2.745605
 3, 20
 0.250000, 4.000000, 0.000000, 8.000000, 103.000000
 141.333333, 34.504717, 4.077830, 3.724057, 8.558962
 324.333333, 24.311408, 1.900308, 1.581706, 3.520041
 350.333333, 23.266413, 1.379638, 1.288297, 2.699334
 375.333333, 24.078153, 1.158970, 1.299290, 2.487567
 372.666667, 24.445438, 1.145796, 1.090340, 2.268336
 387.666667, 24.994841, 1.153052, 1.071367, 2.253654
 366.000000, 24.513661, 1.134791, 1.292350, 2.451730
 375.666667, 23.312334, 1.400177, 1.170364, 2.598935
 358.000000, 22.868715, 1.334264, 1.184358, 2.551210
 371.666667, 23.609865, 1.196413, 1.321076, 2.551570
 371.666667, 23.687892, 1.178475, 1.181166, 2.396413
 343.000000, 23.560739, 1.379981, 1.464529, 2.873664
 345.000000, 24.460870, 1.613527, 1.484058, 3.122705
 333.333333, 23.534000, 1.363000, 1.528000, 2.925000
 345.000000, 24.580676, 1.353623, 1.454106, 2.840580
 238.333333, 22.804196, 1.770629, 2.595804, 4.397203
 355.000000, 22.899531, 1.715493, 1.306103, 3.154930
 370.000000, 23.642342, 1.246847, 1.199099, 2.477477
 344.333333, 22.451113, 1.262343, 1.312682, 2.605034
 4, 20
 0.250000, 0.000000, 0.000000, 11.000000, 104.000000
 168.000000, 28.378968, 6.567460, 3.206349, 9.894841
 346.000000, 25.521195, 1.930636, 1.464355, 3.453757
 377.333333, 24.561837, 1.340989, 1.211131, 2.576855
 370.000000, 23.445045, 1.215315, 1.295495, 2.543243
 367.000000, 24.779292, 1.193460, 1.147139, 2.374205
 383.666667, 24.108601, 1.236316, 1.131190, 2.395308
 368.000000, 23.630435, 1.034420, 1.335145, 2.402174
 344.333333, 23.381413, 1.239109, 1.221684, 2.509197
 361.666667, 23.561290, 1.219355, 1.237788, 2.494009
 369.333333, 24.163357, 1.242780, 1.375451, 2.661552
 381.333333, 24.400350, 1.132867, 1.209790, 2.366259
 390.333333, 25.304868, 1.393681, 1.222032, 2.642186
 355.000000, 24.896714, 1.784977, 1.463850, 3.298592
 350.666667, 25.271863, 1.427757, 1.433460, 2.897338
 352.666667, 25.592628, 1.524575, 1.431947, 2.986767
 260.333333, 22.896287, 1.824584, 2.418694, 4.289373
 366.000000, 23.313297, 1.576503, 1.306011, 2.911658
 373.666667, 24.459411, 1.290812, 1.148082, 2.473684
 338.333333, 22.508374, 1.179310, 1.342857, 2.559606
 5, 20
 0.250000, 12.000000, 0.000000, 5.000000, 103.000000
 163.333333, 26.687755, 5.532653, 3.642857, 9.253061
 308.333333, 24.387027, 1.798919, 1.647568, 3.476757
 363.000000, 23.546373, 1.352617, 1.232323, 2.616162
 359.333333, 23.839518, 1.165121, 1.337662, 2.539889
 377.333333, 23.769435, 1.127208, 1.206714, 2.401060
 372.666667, 23.389088, 1.163685, 1.084973, 2.291592
 382.666667, 24.286585, 1.100174, 1.268293, 2.396341
 347.666667, 23.620326, 1.343241, 1.244487, 2.628955
 382.000000, 24.787086, 1.252182, 1.102967, 2.384817
 388.333333, 23.975966, 1.205150, 1.278970, 2.509013
 379.000000, 24.664908, 1.230431, 1.210202, 2.481091
 362.333333, 23.519779, 1.396504, 1.342226, 2.770009
 344.333333, 24.069700, 1.752178, 1.496612, 3.290416
 338.000000, 24.440828, 1.398422, 1.494083, 2.919132
 325.333333, 24.094262, 1.551230, 1.504098, 3.148566
 280.333333, 23.315101, 1.900119, 2.292509, 4.222354
 375.000000, 23.712889, 1.829333, 1.312000, 3.169778
 361.333333, 23.365314, 1.282288, 1.158672, 2.534133
 332.666667, 22.307615, 1.247495, 1.370741, 2.655311
 6, 20
 0.250000, 0.000000, 0.000000, 1.000000, 103.000000
 161.666667, 29.727835, 5.364948, 3.740206, 9.208247
 334.333333, 24.064806, 1.805583, 1.490528, 3.345962
 361.666667, 24.693088, 1.363134, 1.267281, 2.658986
 349.333333, 22.754771, 1.096374, 1.293893, 2.419847
 378.333333, 25.772687, 1.133921, 1.138326, 2.311013
 352.000000, 23.541667, 1.118371, 1.189394, 2.338068
 362.333333, 24.712052, 1.080037, 1.353266, 2.463661
 358.000000, 23.495345, 1.359404, 1.247672, 2.636872
 356.000000, 23.460674, 1.375468, 1.218165, 2.617041
 364.666667, 23.506399, 1.149909, 1.336380, 2.512797
 382.333333, 25.829119, 1.132520, 1.212729, 2.370532
 341.333333, 23.125977, 1.433594, 1.507813, 2.986328
 333.333333, 23.329000, 1.784000, 1.553000, 3.391000
 318.666667, 24.131799, 1.331590, 1.574268, 2.951883
 330.000000, 23.970707, 1.518182, 1.553535, 3.097980
 252.000000, 22.339947, 1.879630, 2.525132, 4.469577
 350.333333, 22.795433, 1.641294, 1.367269, 3.049477
 358.666667, 24.663569, 1.259294, 1.259294, 2.543680
 353.666667, 22.779453, 1.189444, 1.310085, 2.521206
 7, 20
 0.250000, 0.000000, 0.000000, 0.000000, 106.000000
 174.666667, 28.540076, 5.509542, 3.250000, 8.895038
 318.000000, 24.582809, 1.781971, 1.547170, 3.360587
 370.000000, 25.239640, 1.286486, 1.215315, 2.536937
 381.000000, 25.047244, 1.244969, 1.286964, 2.571304
 358.000000, 23.922719, 1.082868, 1.146182, 2.276536
 372.666667, 24.187835, 1.147585, 1.132379, 2.310376
 373.666667, 24.048171, 1.110616, 1.297056, 2.431757
 357.666667, 22.961789, 1.315005, 1.234856, 2.593663
 346.333333, 22.365736, 1.288739, 1.198268, 2.530318
 371.000000, 23.716981, 1.168014, 1.304582, 2.506739
 384.333333, 24.104076, 1.161318, 1.197745, 2.384215
 357.666667, 24.582479, 1.345760, 1.333644, 2.713886
 343.666667, 23.517944, 1.709020, 1.462658, 3.223084
 345.000000, 24.401932, 1.291787, 1.428986, 2.771981
 341.333333, 24.734375, 1.448242, 1.551758, 3.028320
 259.666667, 22.317073, 2.370988, 2.494223, 4.903723
 368.333333, 24.013575, 1.406335, 1.291403, 2.768326
 356.666667, 23.549533, 1.364486, 1.289720, 2.679439
 330.000000, 20.792929, 1.361616, 1.362626, 2.747475
 8, 20
 0.250000, 8.000000, 0.000000, 0.000000, 102.000000
 125.666667, 25.458886, 5.363395, 3.779841, 9.596817
 340.666667, 25.091977, 1.879648, 1.459883, 3.376712
 364.333333, 23.160110, 1.403477, 1.253431, 2.686185
 375.333333, 23.793073, 1.231794, 1.318828, 2.580817
 349.666667, 22.129647, 1.169685, 1.204957, 2.398475
 371.333333, 23.842011, 1.169659, 1.157092, 2.350987
 375.666667, 23.996451, 1.117125, 1.296362, 2.447205
 377.333333, 25.235866, 1.457597, 1.234982, 2.720848
 376.333333, 22.663419, 1.323295, 1.179805, 2.535872
 381.333333, 24.258741, 1.181818, 1.295455, 2.505245
 386.333333, 23.578947, 1.190682, 1.195858, 2.421053
 339.000000, 24.467060, 1.370698, 1.513274, 2.910521
 309.666667, 22.903122, 1.632939, 1.780409, 3.469322
 338.333333, 24.043350, 1.358621, 1.499507, 2.887685
 350.666667, 24.611217, 1.615019, 1.493346, 3.134981
 274.333333, 23.452005, 2.040097, 2.342649, 4.422843
 356.666667, 22.741121, 1.649533, 1.392523, 3.074766
 372.333333, 25.076992, 1.312444, 1.166517, 2.537153
 337.333333, 22.266798, 1.354743, 1.328063, 2.718379
 9, 20
 0.250000, 0.000000, 0.000000, 0.000000, 112.000000
 177.333333, 25.633459, 5.571429, 2.958647, 8.791353
 335.333333, 24.692843, 1.730616, 1.458250, 3.224652
 386.333333, 26.059534, 1.480587, 1.221743, 2.753236
 381.000000, 24.097988, 1.118110, 1.251094, 2.398950
 369.333333, 24.228339, 1.129964, 1.130866, 2.288809
 374.000000, 24.316399, 1.229055, 1.139929, 2.393048
 368.333333, 23.098643, 1.052489, 1.251584, 2.361086
 367.333333, 24.764065, 1.423775, 1.289474, 2.761343
 376.333333, 24.022143, 1.303809, 1.180691, 2.515500
 388.666667, 24.560892, 1.218696, 1.310463, 2.550600
 400.333333, 24.372190, 1.193172, 1.168193, 2.402998
 372.666667, 24.648479, 1.380143, 1.319320, 2.739714
 354.333333, 24.830668, 1.727187, 1.470367, 3.226717
 306.333333, 22.770403, 1.263330, 1.552775, 2.858542
 359.000000, 25.584958, 1.583101, 1.378830, 2.993500
 257.000000, 22.705577, 1.832685, 2.453956, 4.341115
 346.666667, 22.960577, 1.328846, 1.417308, 2.776923
 360.333333, 23.751156, 1.328400, 1.279371, 2.636448
 309.000000, 22.581446, 1.278317, 1.430421, 2.755124
 10, 20
 0.250000, 11.000000, 0.000000, 0.000000, 50.000000
 171.333333, 28.721790, 6.126459, 3.163424, 9.647860
 351.666667, 25.921327, 1.890047, 1.581991, 3.494787
 371.000000, 23.131177, 1.341420, 1.219227, 2.591195
 404.333333, 24.576257, 1.284419, 1.225886, 2.532564
 363.000000, 24.842057, 1.107438, 1.172635, 2.312213
 357.666667, 22.482759, 1.072693, 1.106244, 2.215284
 351.000000, 23.136752, 1.032289, 1.285850, 2.369421
 363.333333, 24.699083, 1.295413, 1.258716, 2.577982
 365.000000, 24.131507, 1.160731, 1.158904, 2.417352
 383.666667, 24.309296, 1.212858, 1.298871, 2.539531
 390.000000, 24.321368, 1.172650, 1.185470, 2.392308
 348.333333, 23.068900, 1.376077, 1.376077, 2.785646
 344.000000, 23.651163, 1.658915, 1.463178, 3.156977
 340.666667, 23.994129, 1.358121, 1.445205, 2.848337
 340.000000, 24.399020, 1.371569, 1.403922, 2.827451
 259.000000, 22.288288, 1.823681, 2.456885, 4.323037
 342.000000, 22.001949, 1.534113, 1.593567, 3.208577
 353.333333, 23.937736, 1.246226, 1.240566, 2.527358
 336.666667, 22.412871, 1.335644, 1.361386, 2.737624
 11, 20
 0.250000, 0.000000, 0.000000, 9.000000, 102.000000
 143.666667, 34.596288, 4.512761, 4.329466, 9.000000
 349.666667, 26.081030, 1.767398, 1.427073, 3.217350
 358.666667, 24.489777, 1.351301, 1.277881, 2.663569
 377.000000, 23.115827, 1.146773, 1.263484, 2.450928
 360.666667, 23.605360, 1.145102, 1.148799, 2.319778
 363.333333, 23.755963, 1.105505, 1.069725, 2.207339
 365.666667, 23.764813, 1.120328, 1.291705, 2.456700
 338.000000, 21.683432, 1.355030, 1.291913, 2.699211
 371.333333, 23.242370, 1.108618, 1.090664, 2.243268
 362.666667, 24.413603, 1.149816, 1.354779, 2.538603
 382.333333, 24.452485, 1.185702, 1.173496, 2.394071
 363.333333, 24.401835, 1.419266, 1.330275, 2.786239
 341.666667, 23.214634, 1.731707, 1.509268, 3.279024
 334.000000, 24.561876, 1.332335, 1.515968, 2.891218
 340.666667, 23.795499, 1.441292, 1.456947, 2.934442
 265.666667, 22.639900, 2.153074, 2.416562, 4.606023
 338.000000, 22.791913, 1.477318, 1.629191, 3.156805
 376.000000, 24.348404, 1.365248, 1.222518, 2.625000
 321.000000, 20.977155, 1.305296, 1.420561, 2.767394
 12, 20
 0.250000, 12.000000, 1.000000, 8.000000, 102.000000
 160.333333, 34.474012, 4.866944, 3.665281, 8.754678
 323.666667, 25.339856, 1.806385, 1.511843, 3.350154
 369.333333, 24.418773, 1.428700, 1.256318, 2.719314
 391.666667, 24.114043, 1.239149, 1.262979, 2.535319
 371.333333, 24.293537, 1.167864, 1.114901, 2.315978
 362.333333, 22.850966, 1.144434, 1.108556, 2.286109
 388.333333, 24.218026, 1.051502, 1.192275, 2.282403
 345.666667, 23.474446, 1.407907, 1.287367, 2.727097
 351.000000, 23.047483, 1.207028, 1.201330, 2.433048
 371.333333, 23.886894, 1.159785, 1.355476, 2.543986
 384.000000, 24.302951, 1.146701, 1.190972, 2.361979
 357.333333, 23.783582, 1.431903, 1.359142, 2.819030
 340.000000, 23.376471, 1.698039, 1.493137, 3.218627
 343.333333, 24.417476, 1.343689, 1.473786, 2.852427
 349.000000, 23.592168, 1.427889, 1.453677, 2.916905
 263.666667, 23.452592, 1.867257, 2.376738, 4.271808
 366.666667, 23.771818, 1.785455, 1.382727, 3.194545
 366.000000, 24.111111, 1.293260, 1.213115, 2.535519
 322.333333, 21.387797, 1.271975, 1.419855, 2.715615
 13, 20
 0.250000, 8.000000, 5.000000, 0.000000, 50.000000
 134.666667, 31.103960, 6.012376, 4.032178, 10.304455
 316.000000, 23.987342, 1.773207, 1.530591, 3.335443
 381.000000, 24.468941, 1.385827, 1.166229, 2.586177
 374.000000, 22.904635, 1.286988, 1.292335, 2.609626
 381.333333, 24.888986, 1.124126, 1.063811, 2.219406
 378.000000, 24.487654, 1.107584, 1.050265, 2.194004
 386.000000, 25.384283, 1.075130, 1.228843, 2.329016
 373.000000, 24.568365, 1.363718, 1.186774, 2.578195
 371.333333, 24.543088, 1.368043, 1.090664, 2.497307
 380.333333, 24.837862, 1.190184, 1.326030, 2.537248
 390.333333, 24.824082, 1.221178, 1.181896, 2.429547
 368.333333, 24.857919, 1.445249, 1.336652, 2.819910
 334.666667, 22.996016, 1.777888, 1.509960, 3.319721
 343.000000, 25.482993, 1.372206, 1.494655, 2.899903
 346.000000, 24.691715, 1.372832, 1.388247, 2.789017
 272.333333, 22.712362, 2.155447, 2.353733, 4.555692
 351.333333, 22.981025, 1.792220, 1.318786, 3.185009
 370.333333, 23.914491, 1.153015, 1.166517, 2.362736
 358.000000, 23.505587, 1.265363, 1.269088, 2.556797
 14, 20
 0.250000, 9.000000, 5.000000, 0.000000, 50.000000
 151.000000, 27.551876, 5.520971, 3.662252, 9.386313
 345.666667, 25.365477, 1.874638, 1.470588, 3.374156
 361.666667, 23.577880, 1.331797, 1.222120, 2.604608
 355.000000, 23.383099, 1.153052, 1.328638, 2.561502
 375.000000, 25.131556, 1.141333, 1.194667, 2.366222
 395.666667, 24.499579, 1.181971, 1.062342, 2.267060
 368.666667, 24.384268, 1.066908, 1.271248, 2.391501
 378.000000, 25.150794, 1.402116, 1.191358, 2.618166
 372.000000, 23.405914, 1.263441, 1.112903, 2.409498
 376.666667, 24.731858, 1.169027, 1.324779, 2.538053
 383.666667, 23.193745, 1.217202, 1.211990, 2.452650
 348.000000, 24.390805, 1.415709, 1.442529, 2.913793
 339.000000, 23.010816, 1.668633, 1.544739, 3.243854
 351.666667, 25.147867, 1.378199, 1.447393, 2.851185
 342.666667, 23.226654, 1.645914, 1.424125, 3.091440
 281.666667, 23.694675, 2.004734, 2.343195, 4.390533
 357.333333, 21.837687, 1.493470, 1.259328, 2.868470
 360.000000, 24.492593, 1.282407, 1.243519, 2.553704
 317.000000, 21.270242, 1.264984, 1.370137, 2.689800
 15, 20
 0.250000, 15.000000, 5.000000, 0.000000, 49.000000
 138.666667, 33.867788, 6.132212, 3.980769, 10.451923
 353.333333, 25.215094, 1.819811, 1.467925, 3.316038
 364.333333, 23.978957, 1.391583, 1.265325, 2.681610
 369.666667, 22.756537, 1.220018, 1.285843, 2.536519
 375.000000, 25.256000, 1.160889, 1.149333, 2.340444
 374.666667, 23.772242, 1.162811, 1.103203, 2.295374
 384.666667, 24.551127, 1.130849, 1.245234, 2.413345
 362.666667, 24.397059, 1.244485, 1.215993, 2.494485
 358.333333, 23.514419, 1.399070, 1.197209, 2.622326
 379.000000, 23.912049, 1.175022, 1.340369, 2.540897
 399.333333, 24.636895, 1.199499, 1.180301, 2.406511
 354.000000, 24.190207, 1.404896, 1.375706, 2.806026
 345.666667, 23.839923, 1.714561, 1.438766, 3.198650
 340.000000, 25.808824, 1.296078, 1.477451, 2.808824
 335.333333, 24.469185, 1.377734, 1.454274, 2.877734
 265.333333, 23.567839, 1.667085, 2.322864, 4.057789
 360.000000, 24.029630, 1.895370, 1.395370, 3.322222
 360.000000, 23.660185, 1.253704, 1.230556, 2.520370
 323.333333, 22.306186, 1.253608, 1.364948, 2.656701
 16, 20
 0.250000, 8.000000, 0.000000, 11.000000, 95.000000
 155.333333, 34.396996, 5.135193, 4.180258, 9.450644
 331.666667, 24.615075, 1.716583, 1.502513, 3.256281
 350.000000, 24.455238, 1.328571, 1.282857, 2.658095
 371.000000, 23.721473, 1.130279, 1.295597, 2.462713
 387.333333, 25.368330, 1.134251, 1.099828, 2.256454
 389.333333, 24.863014, 1.184075, 1.101027, 2.307363
 366.333333, 24.831665, 1.053685, 1.247498, 2.337580
 363.333333, 23.684404, 1.339450, 1.220183, 2.586239
 358.333333, 23.210233, 1.127442, 1.144186, 2.309767
 388.333333, 25.178541, 1.198283, 1.330472, 2.551931
 389.000000, 24.825193, 1.189374, 1.194516, 2.413882
 367.000000, 24.605813, 1.404178, 1.342416, 2.782925
 348.000000, 23.768199, 1.626437, 1.453065, 3.129310
 340.666667, 25.242661, 1.477495, 1.505871, 3.028376
 362.000000, 24.889503, 1.554328, 1.378453, 2.971455
 248.333333, 21.983893, 2.006711, 2.528859, 4.585235
 357.666667, 23.305685, 1.735322, 1.255359, 3.104380
 366.666667, 23.350000, 1.301818, 1.239091, 2.570909
 329.666667, 21.853387, 1.268959, 1.381193, 2.675430
 17, 20
 0.250000, 0.000000, 0.000000, 0.000000, 95.000000
 186.333333, 26.440072, 4.923077, 3.082290, 8.085868
 330.000000, 24.656566, 1.603030, 1.538384, 3.177778
 368.000000, 23.355072, 1.351449, 1.225543, 2.611413
 384.333333, 23.708586, 1.243712, 1.274068, 2.539462
 382.000000, 24.551483, 1.133508, 1.104712, 2.260908
 376.666667, 23.959292, 1.103540, 1.105310, 2.238938
 381.333333, 24.083916, 1.079545, 1.277098, 2.389860
 357.000000, 24.137255, 1.332400, 1.248366, 2.621849
 370.000000, 24.333333, 1.244144, 1.143243, 2.415315
 387.666667, 24.674119, 1.214961, 1.310404, 2.553740
 390.666667, 24.843003, 1.185154, 1.176621, 2.401024
 350.333333, 24.711703, 1.401522, 1.419600, 2.853473
 334.333333, 23.350947, 1.745763, 1.563310, 3.336989
 352.333333, 26.303690, 1.342479, 1.388836, 2.759697
 362.000000, 25.117864, 1.655617, 1.395948, 3.074586
 270.666667, 23.256158, 1.967980, 2.321429, 4.337438
 359.666667, 23.506024, 1.903614, 1.386469, 3.346617
 386.666667, 25.582759, 1.287931, 1.163793, 2.520690
 332.333333, 21.721163, 1.328987, 1.390171, 2.741224
 18, 20
 0.250000, 8.000000, 0.000000, 8.000000, 94.000000
 172.000000, 28.899225, 5.631783, 3.319767, 9.116279
 336.000000, 26.200397, 1.849206, 1.512897, 3.401786
 353.666667, 24.867107, 1.347785, 1.331762, 2.713478
 381.666667, 23.957205, 1.203493, 1.230568, 2.457642
 360.666667, 23.966728, 1.125693, 1.134011, 2.287431
 358.000000, 23.038175, 1.164804, 1.173184, 2.364060
 386.333333, 24.635030, 1.123382, 1.244176, 2.415013
 370.333333, 23.930693, 1.308731, 1.195320, 2.532853
 376.000000, 24.062943, 1.247340, 1.118794, 2.405142
 367.333333, 23.567151, 1.147913, 1.349365, 2.537205
 385.000000, 24.096104, 1.178355, 1.149784, 2.357576
 348.333333, 24.867943, 1.377990, 1.396172, 2.802871
 347.333333, 24.272553, 1.653551, 1.499040, 3.197697
 332.000000, 25.212851, 1.302209, 1.314257, 2.863454
 335.666667, 24.915591, 1.419067, 1.478649, 2.923535
 262.666667, 23.039340, 1.996193, 2.395939, 4.453046
 347.666667, 22.824545, 1.421860, 1.392138, 2.839885
 375.000000, 23.687111, 1.296889, 1.203556, 2.523556
 344.333333, 22.379477, 1.444337, 1.306873, 2.776379
 19, 20
 0.250000, 5.000000, 0.000000, 1.000000, 75.000000
 164.000000, 29.026423, 5.831301, 3.642276, 9.636179
 336.666667, 26.301980, 1.696040, 1.538614, 3.274257
 389.333333, 24.753425, 1.404966, 1.161815, 2.589897
 349.666667, 21.719733, 1.203051, 1.366063, 2.599619
 360.333333, 23.858464, 1.099907, 1.143386, 2.288622
 361.000000, 23.916898, 1.089566, 1.165282, 2.298246
 388.000000, 24.839347, 1.149485, 1.250000, 2.424399
 364.666667, 24.728519, 1.319013, 1.220293, 2.581353
 351.333333, 22.888994, 1.182163, 1.397533, 2.623340
 369.666667, 24.538323, 1.202885, 1.353472, 2.577998
 391.666667, 25.509787, 1.232340, 1.172766, 2.436596
 367.000000, 25.309718, 1.425068, 1.345141, 2.792007
 348.333333, 24.158852, 1.727273, 1.485167, 3.242105
 354.333333, 25.091251, 1.348071, 1.441204, 2.813735
 360.000000, 25.165741, 1.572222, 1.399074, 3.001852
 260.333333, 21.432778, 2.121639, 2.407170, 4.563380
 352.666667, 21.966919, 1.514178, 1.354442, 2.906427
 384.666667, 26.205373, 1.243501, 1.158579, 2.435875
 336.666667, 21.867327, 1.269307, 1.328713, 2.618812
 20, 20
 0.250000, 0.000000, 0.000000, 1.000000, 91.000000
 170.666667, 26.707031, 5.658203, 3.669922, 9.437500
 325.333333, 23.566598, 1.803279, 1.468238, 3.325820
 347.666667, 22.627037, 1.341323, 1.269415, 2.659636
 367.666667, 23.059837, 1.174071, 1.391659, 2.591115
 377.000000, 24.961981, 1.143236, 1.149425, 2.319187
 394.000000, 25.212352, 1.192047, 1.078680, 2.308799
 381.000000, 24.773403, 1.131234, 1.251969, 2.411199
 390.666667, 24.150171, 1.387372, 1.135666, 2.547782
 396.333333, 24.977292, 1.180824, 1.087468, 2.291001
 381.333333, 24.429196, 1.172203, 1.304196, 2.505245
 372.333333, 24.206804, 1.237243, 1.250671, 2.512981
 355.333333, 23.728893, 1.375235, 1.375235, 2.776735
 359.000000, 24.165274, 1.685237, 1.387187, 3.127205
 334.666667, 25.234064, 1.357570, 1.500000, 2.910359
 341.333333, 24.073242, 1.617188, 1.474609, 3.146484
 274.666667, 24.064320, 1.853155, 2.290049, 4.183252
 367.333333, 23.307623, 1.749546, 1.357532, 3.133394
 357.333333, 23.100746, 1.256530, 1.257463, 2.553172
 337.666667, 23.403751, 1.296150, 1.293189, 2.641658
 21, 20
 0.250000, 19.000000, 0.000000, 9.000000, 90.000000
 140.000000, 35.511905, 4.476190, 4.573810, 9.233333
 357.333333, 25.777985, 1.868470, 1.437500, 3.328358
 370.000000, 23.882883, 1.430631, 1.288288, 2.757658
 403.666667, 25.023947, 1.207267, 1.202312, 2.451693
 372.333333, 24.380483, 1.146822, 1.100269, 2.275739
 369.666667, 24.018034, 1.164112, 1.125338, 2.318305
 360.666667, 22.567468, 1.117375, 1.297597, 2.444547
 356.333333, 23.678204, 1.385407, 1.307764, 2.716558
 362.666667, 23.631434, 1.368566, 1.147978, 2.557904
 391.000000, 24.988917, 1.153453, 1.290708, 2.472293
 380.333333, 24.789658, 1.239264, 1.231376, 2.502191
 349.000000, 23.743075, 1.389685, 1.420248, 2.845272
 361.333333, 23.621771, 1.833948, 1.426199, 3.288745
 350.333333, 25.058991, 1.311132, 1.406280, 2.742150
 347.333333, 24.468330, 1.566219, 1.484645, 3.079655
 257.666667, 22.155239, 1.835705, 2.426908, 4.311772
 364.666667, 24.343693, 1.416819, 1.297989, 2.777879
 368.000000, 23.608696, 1.248188, 1.206522, 2.479167
 352.000000, 22.720644, 1.284091, 1.268939, 2.578598
 22, 20
 0.250000, 14.000000, 0.000000, 0.000000, 36.000000
 153.333333, 27.930435, 5.750000, 3.369565, 9.371739
 317.666667, 24.097587, 1.880378, 1.743966, 3.670514
 348.666667, 23.500956, 1.330784, 1.273423, 2.666348
 375.333333, 23.433393, 1.327709, 1.320604, 2.683837
 362.000000, 24.151934, 1.155617, 1.186924, 2.381215
 359.333333, 23.467532, 1.104824, 1.141002, 2.294991
 376.333333, 24.255093, 1.041630, 1.291408, 2.376439
 371.000000, 23.495058, 1.379155, 1.203953, 2.611860
 383.333333, 24.152174, 1.353913, 1.144348, 2.527826
 376.333333, 24.287865, 1.223206, 1.355182, 2.603189
 375.666667, 23.234250, 1.191659, 1.229814, 2.452529
 364.666667, 24.426874, 1.398537, 1.376600, 2.798903
 343.000000, 23.016521, 1.768707, 1.502430, 3.310010
 339.000000, 24.690265, 1.452311, 1.464110, 2.941003
 356.666667, 24.240187, 1.604673, 1.451402, 3.078505
 261.333333, 22.901786, 1.808673, 2.475765, 4.332908
 342.666667, 23.314202, 1.381323, 1.442607, 2.865759
 368.333333, 24.635294, 1.255204, 1.212670, 2.504072
 351.000000, 22.544160, 1.287749, 1.276353, 2.587844
 23, 20
 0.250000, 16.000000, 0.000000, 0.000000, 32.000000
 167.666667, 24.749503, 5.731610, 3.202783, 9.214712
 346.666667, 25.841346, 1.900000, 1.513462, 3.442308
 370.666667, 25.181655, 1.389388, 1.205935, 2.626799
 354.000000, 22.908663, 1.174200, 1.340866, 2.565913
 384.000000, 24.876736, 1.207465, 1.130208, 2.367188
 390.666667, 23.967577, 1.186007, 1.093857, 2.305461
 359.333333, 23.986085, 1.037106, 1.309833, 2.384972
 357.333333, 23.341418, 1.386194, 1.240672, 2.651119
 352.000000, 23.710227, 1.248106, 1.289773, 2.567235
 379.000000, 24.983289, 1.169745, 1.306069, 2.496922
 387.000000, 24.674419, 1.216193, 1.193798, 2.443583
 353.666667, 23.940622, 1.366635, 1.392083, 2.791706
 355.333333, 24.861163, 1.698874, 1.440901, 3.176360
 344.666667, 24.927466, 1.355899, 1.466151, 2.862669
 334.000000, 24.392216, 1.488024, 1.438124, 2.993014
 275.333333, 23.208232, 1.952785, 2.357143, 4.332930
 373.333333, 23.250000, 1.633929, 1.297321, 2.955357
 353.666667, 22.418473, 1.150801, 1.218662, 2.425071
 322.000000, 21.431677, 1.299172, 1.393375, 2.715321
 24, 20
 0.250000, 17.000000, 0.000000, 0.000000, 32.000000
 165.333333, 24.243952, 5.830645, 3.219758, 9.306452
 338.333333, 25.359606, 1.834483, 1.474877, 3.343842
 355.666667, 23.820056, 1.370197, 1.246485, 2.646673
 380.000000, 23.127193, 1.270175, 1.243860, 2.537719
 369.000000, 22.748871, 1.135501, 1.123758, 2.285456
 370.333333, 24.529253, 1.178218, 1.090009, 2.300630
 381.000000, 24.210849, 1.043745, 1.270341, 2.336833
 356.000000, 23.763109, 1.352996, 1.247191, 2.632959
 384.666667, 24.624783, 1.300693, 1.114385, 2.449740
 361.666667, 23.004608, 1.190783, 1.302304, 2.529032
 388.333333, 24.804292, 1.169957, 1.200858, 2.393991
 347.000000, 23.531220, 1.398655, 1.386167, 2.830932
 366.333333, 24.515014, 1.829845, 1.445860, 3.307552
 359.666667, 25.227989, 1.393883, 1.414272, 2.831325
 353.333333, 24.941509, 1.589623, 1.437736, 3.066038
 280.000000, 23.955952, 1.777381, 2.276190, 4.095238
 381.333333, 24.094406, 1.912587, 1.313811, 3.262238
 366.333333, 24.080983, 1.212921, 1.179254, 2.434031
 336.000000, 21.976190, 1.291667, 1.347222, 2.679563
 25, 20
 0.250000, 20.000000, 0.000000, 0.000000, 22.000000
 115.666667, 33.256484, 4.936599, 5.389049, 10.694524
 317.000000, 23.197687, 1.746583, 1.534175, 3.318612
 354.333333, 24.398871, 1.327375, 1.293509, 2.663217
 366.000000, 23.050091, 1.200364, 1.309654, 2.560109
 398.333333, 25.812552, 1.144770, 1.097908, 2.265272
 364.000000, 23.558608, 1.089744, 1.108059, 2.231685
 362.333333, 23.268629, 1.034959, 1.288868, 2.360626
 367.000000, 24.112625, 1.385104, 1.219800, 2.635786
 376.666667, 24.708850, 1.300000, 1.139823, 2.474336
 361.666667, 24.185253, 1.130876, 1.305991, 2.479263
 358.000000, 23.856611, 1.092179, 1.196462, 2.337058
 359.666667, 25.130677, 1.463392, 1.367933, 2.866543
 337.666667, 23.325765, 1.674235, 1.506417, 3.237907
 336.000000, 24.323413, 1.311508, 1.490079, 2.834325
 334.666667, 23.311753, 1.595618, 1.502988, 3.124502
 255.000000, 22.281046, 2.009150, 2.501961, 4.569935
 364.666667, 23.297075, 1.288848, 1.261426, 2.595978
 361.000000, 23.597415, 1.323176, 1.225300, 2.590951
 345.666667, 22.592093, 1.363549, 1.337512, 2.726133
 26, 20
 0.250000, 19.000000, 0.000000, 0.000000, 23.000000
 138.666667, 27.122596, 5.706731, 3.742788, 9.966346
 342.666667, 25.713035, 1.880350, 1.484436, 3.392996
 365.333333, 24.114964, 1.331204, 1.214416, 2.595803
 365.000000, 22.530594, 1.147032, 1.252968, 2.450228
 376.666667, 23.373451, 1.150442, 1.115929, 2.290265
 379.333333, 25.761863, 1.128295, 1.119508, 2.284710
 364.333333, 23.228728, 1.109790, 1.325709, 2.483989
 337.333333, 22.531621, 1.356719, 1.291502, 2.686759
 366.333333, 23.554140, 1.217470, 1.142857, 2.399454
 377.333333, 24.680212, 1.157244, 1.324205, 2.511484
 362.666667, 22.826287, 1.183824, 1.240809, 2.454044
 347.333333, 23.880998, 1.371401, 1.328215, 2.742802
 360.333333, 24.581869, 1.814061, 1.446809, 3.292322
 333.666667, 24.618382, 1.298701, 1.467532, 2.811189
 332.666667, 23.750501, 1.520040, 1.476954, 3.029058
 279.000000, 24.113501, 1.867384, 2.367981, 4.262843
 348.333333, 22.877512, 1.390431, 1.558852, 2.990431
 343.333333, 22.129126, 1.222330, 1.270874, 2.526214
 329.666667, 22.473205, 1.164813, 1.336704, 2.529828
 27, 20
 0.250000, 6.000000, 0.000000, 2.000000, 33.000000
 119.666667, 33.715877, 4.665738, 4.818942, 10.008357
 335.333333, 26.673956, 1.729622, 1.566600, 3.330020
 366.666667, 24.443636, 1.349091, 1.242727, 2.616364
 390.666667, 24.715017, 1.209898, 1.267918, 2.517918
 386.333333, 24.496117, 1.136324, 1.099223, 2.261432
 376.333333, 23.807795, 1.147033, 1.101860, 2.276351
 371.333333, 23.917415, 1.161580, 1.291741, 2.479354
 365.000000, 24.422831, 1.365297, 1.246575, 2.639269
 377.666667, 24.233010, 1.256840, 1.118270, 2.401589
 372.333333, 23.220233, 1.181737, 1.299910, 2.528201
 392.666667, 25.115450, 1.158744, 1.158744, 2.360781
 362.666667, 24.111213, 1.452206, 1.340993, 2.819853
 344.333333, 23.047435, 1.718296, 1.507260, 3.261375
 331.333333, 25.450704, 1.337022, 1.519115, 2.910463
 324.666667, 24.042094, 1.411704, 1.433265, 2.921971
 282.333333, 22.961039, 1.946871, 2.295159, 4.285714
 363.000000, 23.717172, 1.626263, 1.364555, 3.013774
 362.333333, 24.192272, 1.208832, 1.207912, 2.453542
 349.666667, 22.711153, 1.418494, 1.272641, 2.714967
 28, 20
 0.250000, 13.000000, 0.000000, 4.000000, 32.000000
 135.333333, 25.746305, 5.950739, 3.916256, 10.068966
 320.666667, 26.080042, 1.794179, 1.745322, 3.576923
 369.333333, 23.453069, 1.361913, 1.232852, 2.631769
 372.666667, 23.880143, 1.209302, 1.299642, 2.546512
 362.333333, 23.601656, 1.109476, 1.160994, 2.329347
 355.000000, 23.493897, 1.096714, 1.191549, 2.319249
 369.666667, 24.856628, 1.064022, 1.279531, 2.378720
 359.000000, 24.170845, 1.339833, 1.254410, 2.623955
 376.666667, 24.019469, 1.284956, 1.115929, 2.430973
 403.000000, 25.937138, 1.169562, 1.258892, 2.461538
 379.000000, 25.180299, 1.175022, 1.225154, 2.431838
 383.000000, 25.410792, 1.412533, 1.281114, 2.736292
 340.666667, 24.683953, 1.778865, 1.492172, 3.303327
 354.333333, 26.117592, 1.391345, 1.433678, 2.854186
 332.000000, 22.775100, 1.528112, 1.489960, 3.045181
 283.333333, 23.970588, 1.995294, 2.298824, 4.318824
 359.666667, 22.632994, 1.530120, 1.343837, 2.915663
 389.333333, 24.930651, 1.358733, 1.139555, 2.522260
 365.000000, 22.217352, 1.326941, 1.274886, 2.622831
 29, 20
 0.250000, 12.000000, 0.000000, 1.000000, 32.000000
 160.333333, 27.498960, 5.328482, 3.561331, 9.166320
 324.000000, 26.049383, 1.833333, 1.588477, 3.448560
 357.000000, 23.462185, 1.334267, 1.241830, 2.621849
 356.333333, 22.721235, 1.213283, 1.318990, 2.582788
 366.000000, 23.924408, 1.170310, 1.132969, 2.334244
 369.666667, 23.767358, 1.154193, 1.154193, 2.332732
 384.333333, 25.403296, 1.090199, 1.308760, 2.421509
 359.000000, 23.406685, 1.315692, 1.237697, 2.577530
 376.666667, 23.596460, 1.165487, 1.169027, 2.370796
 365.000000, 23.208219, 1.153425, 1.379909, 2.556164
 380.666667, 24.117338, 1.150613, 1.201401, 2.385289
 368.000000, 24.574275, 1.421196, 1.338768, 2.788949
 348.000000, 25.112069, 1.758621, 1.461686, 3.249042
 344.666667, 24.643133, 1.441006, 1.493230, 2.974855
 344.000000, 23.154070, 1.381783, 1.437984, 2.865310
 305.666667, 24.659760, 1.993457, 2.154853, 4.182116
 345.666667, 24.485053, 1.518804, 1.414658, 2.966249
 401.666667, 24.278008, 1.290456, 1.093776, 2.406639
 333.333333, 22.199000, 1.303000, 1.367000, 2.699000
 30, 20
 0.250000, 18.000000, 0.000000, 4.000000, 22.000000
 144.000000, 34.081019, 6.349537, 4.201389, 10.960648
 351.333333, 26.261860, 1.889943, 1.492410, 3.419355
 373.333333, 24.432143, 1.296429, 1.177679, 2.508036
 378.333333, 24.889868, 1.243172, 1.278414, 2.545374
 369.333333, 24.852888, 1.137184, 1.132671, 2.296029
 367.000000, 22.817439, 1.152589, 1.152589, 2.336058
 390.333333, 24.227156, 1.119556, 1.240820, 2.383433
 365.333333, 24.624088, 1.406022, 1.243613, 2.680657
 374.000000, 24.329768, 1.247772, 1.247772, 2.528520
 366.000000, 23.920765, 1.151184, 1.319672, 2.513661
 365.000000, 23.545205, 1.237443, 1.272146, 2.535160
 354.666667, 24.509398, 1.383459, 1.390038, 2.796992
 359.000000, 24.985144, 1.664810, 1.480037, 3.176416
 328.333333, 24.129949, 1.474112, 1.663959, 3.161421
 361.000000, 25.709141, 1.693444, 1.410896, 3.128347
 277.333333, 24.274038, 1.793269, 2.347356, 4.181490
 363.666667, 23.126489, 1.506874, 1.294225, 2.893676
 370.000000, 24.781081, 1.286486, 1.236937, 2.559459
 337.666667, 22.246792, 1.223100, 1.346496, 2.598223
 31, 20
 0.250000, 13.000000, 9.000000, 9.000000, 71.000000
 178.666667, 28.093284, 5.625000, 3.302239, 9.044776
 334.666667, 25.052789, 1.815737, 1.473108, 3.314741
 350.666667, 22.913498, 1.298479, 1.267110, 2.601711
 377.000000, 23.668435, 1.238727, 1.257294, 2.539346
 383.000000, 24.730200, 1.196693, 1.068755, 2.288077
 363.000000, 24.078053, 1.145087, 1.139578, 2.319559
 356.666667, 22.791589, 1.037383, 1.270093, 2.357009
 386.666667, 23.968966, 1.468966, 1.161207, 2.656897
 363.666667, 23.419798, 1.285976, 1.239230, 2.548121
 399.333333, 25.166110, 1.217863, 1.238731, 2.484975
 380.333333, 23.727432, 1.192813, 1.196319, 2.420684
 375.000000, 24.630222, 1.464889, 1.272000, 2.760000
 365.333333, 25.126825, 1.809307, 1.447993, 3.282847
 338.000000, 23.395464, 1.341223, 1.452663, 2.819527
 336.666667, 23.898020, 1.516832, 1.491089, 3.039604
 251.666667, 22.715232, 1.838411, 2.430464, 4.323179
 357.000000, 22.933707, 1.580766, 1.339869, 2.960784
 355.666667, 24.136832, 1.280225, 1.282099, 2.585754
 334.000000, 22.663673, 1.295409, 1.336327, 2.669661
Histogram
0 0 443 101 32 0 0 0 6 18 8 0 0 0 0 0 0 0 0 0 0 0 2 1 0 0 0 0 0 0 0 0 4 1 0 0 1 0 0 0 0 0 0 0 0 0 0 0 0 1 3 0 0 0 0 0 0 0 0 0 0 0 0 0 0 0 0 0 0 0 0 1 0 0 0 1 0 0 0 0 0 0 0 0 0 0 0 0 0 0 1 1 0 0 1 2 0 0 0 12 
Cache Miss Ratio
3.12902465127247E-4
Average number of keys
1.0
numOfSets
0
numOfGets
661548
numOfMultiGets
0
