 0, 20
 0.250000, 63.000000, 0.000000, 8.000000, 101.000000
 319.000000, 29.425287, 2.319749, 1.175549, 3.567398
 370.333333, 22.309631, 1.232223, 1.227723, 2.504950
 392.333333, 22.586236, 1.367035, 1.339847, 2.736619
 378.000000, 21.656085, 1.541446, 1.191358, 2.764550
 362.666667, 21.655331, 1.327206, 1.385110, 2.744485
 396.666667, 21.989076, 0.968908, 1.027731, 2.022689
 395.000000, 21.922363, 1.074262, 1.058228, 2.162869
 389.666667, 21.000855, 1.208725, 1.065013, 2.330197
 382.000000, 21.248691, 1.239965, 1.208551, 2.478185
 396.333333, 22.272498, 1.209420, 1.090833, 2.338940
 351.666667, 19.133649, 1.293839, 1.018957, 2.356398
 378.333333, 21.831718, 1.215859, 0.948899, 2.190308
 384.666667, 22.260832, 1.099653, 0.951473, 2.081456
 378.666667, 19.406690, 1.177817, 0.990317, 2.201585
 388.333333, 23.002575, 1.181974, 0.979399, 2.198283
 371.333333, 22.707361, 1.411131, 1.096948, 2.561041
 411.666667, 22.640486, 1.182996, 0.845344, 2.068826
 374.000000, 22.084670, 1.336007, 1.062389, 2.426025
 362.000000, 22.045120, 1.243094, 1.152855, 2.431860
 1, 20
 0.250000, 62.000000, 0.000000, 9.000000, 103.000000
 328.666667, 29.169371, 2.601420, 1.107505, 3.814402
 391.000000, 22.674339, 1.426257, 1.211424, 2.670929
 378.000000, 22.819224, 1.379189, 1.361552, 2.762787
 402.333333, 23.327258, 1.520298, 1.180613, 2.729909
 391.666667, 22.375319, 1.359149, 1.348085, 2.746383
 428.000000, 22.452492, 1.033489, 0.970405, 2.031931
 327.000000, 20.063201, 0.977574, 1.211009, 2.222222
 415.333333, 22.910915, 1.109952, 1.009631, 2.156501
 424.333333, 23.087981, 1.321288, 1.089552, 2.446976
 389.000000, 22.075407, 1.215081, 1.019709, 2.266495
 338.666667, 19.382874, 1.341535, 1.021654, 2.400591
 375.000000, 20.840000, 1.216000, 0.995556, 2.242667
 381.333333, 21.521853, 1.085664, 0.909965, 2.048951
 389.333333, 20.822774, 1.174658, 0.955479, 2.154110
 411.000000, 23.846715, 1.203569, 0.863747, 2.111111
 359.666667, 23.037071, 1.329935, 1.136237, 2.496756
 379.666667, 22.339772, 1.090430, 0.879719, 1.999122
 382.333333, 22.503051, 1.412380, 1.021796, 2.467306
 372.333333, 20.851388, 1.256043, 1.076992, 2.363474
 2, 20
 0.250000, 60.000000, 0.000000, 8.000000, 103.000000
 317.666667, 26.074502, 2.347324, 1.083945, 3.493179
 368.666667, 22.405063, 1.380651, 1.279385, 2.707052
 393.000000, 22.202714, 1.372349, 1.309584, 2.703986
 384.000000, 22.258681, 1.301215, 1.203993, 2.529514
 398.333333, 22.564854, 1.391632, 1.323849, 2.740586
 397.666667, 21.026823, 0.996647, 1.006706, 2.041073
 358.666667, 20.573420, 0.953532, 1.145911, 2.130112
 382.333333, 21.773322, 1.077594, 1.063644, 2.189189
 386.333333, 22.369284, 1.273512, 1.180328, 2.479724
 407.000000, 22.654382, 1.257985, 0.970516, 2.253071
 384.333333, 21.450130, 1.340850, 0.949696, 2.325239
 399.666667, 22.441201, 1.388657, 0.894912, 2.322769
 381.333333, 22.233392, 1.148601, 0.944930, 2.118007
 430.000000, 21.751938, 1.325581, 0.845736, 2.207752
 402.333333, 22.584093, 1.152444, 0.935377, 2.135874
 416.000000, 23.604968, 1.480769, 1.052083, 2.571314
 400.333333, 22.501249, 1.184013, 0.925895, 2.130724
 358.333333, 21.600000, 1.355349, 1.062326, 2.456744
 370.333333, 21.990999, 1.163816, 1.082808, 2.294329
 3, 20
 0.250000, 59.000000, 0.000000, 15.000000, 103.000000
 271.333333, 25.680590, 2.398034, 1.185504, 3.656020
 418.000000, 23.364434, 1.331738, 1.148325, 2.503987
 367.333333, 23.897459, 1.351180, 1.408348, 2.784029
 372.000000, 22.231183, 1.397849, 1.240143, 2.669355
 409.666667, 22.707893, 1.366151, 1.340928, 2.729862
 423.000000, 22.474389, 1.052797, 0.974783, 2.053586
 396.000000, 22.150673, 1.026094, 0.959596, 2.010101
 406.000000, 22.127258, 1.104269, 1.016420, 2.144499
 416.000000, 21.554487, 1.312500, 1.106571, 2.448718
 386.666667, 21.904310, 1.260345, 0.969828, 2.270690
 371.666667, 20.418834, 1.097758, 0.929148, 2.061883
 325.333333, 20.629098, 1.287910, 1.099385, 2.433402
 390.000000, 22.610256, 1.074359, 0.933333, 2.036752
 389.000000, 21.168809, 1.131105, 0.991431, 2.152528
 376.000000, 22.535461, 1.101064, 0.984043, 2.146277
 347.666667, 21.755513, 1.166826, 1.327900, 2.544583
 388.333333, 22.739056, 1.127039, 0.869528, 2.033476
 366.666667, 21.402727, 1.198182, 1.063636, 2.298182
 385.666667, 22.295592, 1.243734, 1.025929, 2.344857
 4, 20
 0.250000, 61.000000, 0.000000, 9.000000, 103.000000
 348.333333, 29.755024, 2.305263, 1.007656, 3.391388
 362.000000, 22.023020, 1.210866, 1.291897, 2.534070
 395.333333, 22.638280, 1.385329, 1.327993, 2.747049
 363.666667, 20.699358, 1.482126, 1.253896, 2.766269
 375.666667, 22.806566, 1.383319, 1.405501, 2.828749
 376.666667, 19.991150, 1.017699, 1.034513, 2.092920
 361.000000, 20.723915, 0.974146, 0.973223, 1.975069
 385.333333, 21.964533, 1.021626, 1.072664, 2.124567
 384.000000, 21.944444, 1.296007, 1.164931, 2.493056
 368.000000, 22.363225, 1.165761, 1.038043, 2.234601
 380.000000, 21.305263, 1.164912, 0.951754, 2.146491
 374.666667, 21.765125, 1.184164, 1.026690, 2.241103
 383.666667, 22.341442, 1.099044, 0.898349, 2.022589
 394.333333, 20.920541, 1.080304, 0.918005, 2.041420
 352.333333, 20.175970, 1.034059, 0.968780, 2.059603
 352.666667, 21.323251, 1.521739, 1.163516, 2.718336
 347.666667, 21.135187, 1.020134, 0.982742, 2.036433
 341.000000, 20.250244, 1.213099, 1.101662, 2.345064
 383.333333, 22.390435, 1.213043, 1.093043, 2.334783
 5, 20
 0.250000, 23.000000, 0.000000, 0.000000, 104.000000
 315.666667, 26.659979, 2.333685, 1.151003, 3.630412
 382.666667, 21.709930, 1.299652, 1.249129, 2.572300
 390.000000, 22.459829, 1.380342, 1.310256, 2.711966
 396.000000, 22.530303, 1.373737, 1.178451, 2.578283
 384.333333, 21.405898, 1.323504, 1.346054, 2.694709
 396.666667, 20.821849, 1.040336, 1.044538, 2.119328
 405.333333, 22.106908, 1.036184, 0.891447, 1.952303
 370.333333, 20.540954, 1.115212, 1.095410, 2.256526
 415.333333, 22.528892, 1.381220, 1.129213, 2.547352
 399.000000, 23.092732, 1.202172, 0.989975, 2.225564
 353.333333, 20.381132, 1.195283, 1.058491, 2.283962
 378.000000, 21.424162, 1.335979, 1.014991, 2.397707
 371.333333, 22.026930, 1.102334, 0.973070, 2.098743
 395.333333, 21.508432, 1.138280, 0.941821, 2.107083
 408.333333, 23.213878, 1.165714, 0.946122, 2.141224
 352.666667, 22.049149, 1.181474, 1.102079, 2.313800
 323.333333, 20.259794, 1.019588, 0.978351, 2.049485
 339.000000, 20.439528, 1.107178, 1.095379, 2.252704
 328.666667, 19.639959, 1.163286, 1.249493, 2.465517
 6, 20
 0.250000, 17.000000, 0.000000, 0.000000, 104.000000
 291.333333, 29.561785, 2.620137, 1.279176, 4.012586
 353.000000, 21.848914, 1.254013, 1.340888, 2.621341
 389.333333, 22.266267, 1.370719, 1.372432, 2.765411
 402.000000, 23.292703, 1.391376, 1.165008, 2.582919
 377.333333, 22.359541, 1.346290, 1.392226, 2.781802
 382.000000, 20.616928, 0.999127, 1.039267, 2.068935
 361.666667, 20.531797, 0.964977, 1.082028, 2.069124
 386.666667, 22.037069, 1.093966, 1.037069, 2.165517
 390.666667, 21.394198, 1.320819, 1.169795, 2.522184
 384.000000, 22.241319, 1.177951, 1.056424, 2.258681
 386.333333, 20.729940, 1.387403, 0.921484, 2.344262
 349.000000, 20.696275, 1.177650, 1.048711, 2.255014
 329.666667, 21.479272, 1.077856, 1.015167, 2.126390
 329.666667, 18.245703, 0.952477, 1.119312, 2.112235
 368.000000, 22.069746, 1.172101, 1.122283, 2.329710
 403.000000, 24.603805, 1.301902, 1.185277, 2.519438
 375.000000, 22.502222, 1.227556, 0.913778, 2.186667
 382.000000, 22.194590, 1.445899, 1.017452, 2.490401
 360.000000, 22.474074, 1.073148, 1.181481, 2.330556
 7, 20
 0.250000, 59.000000, 0.000000, 16.000000, 93.000000
 318.666667, 29.043933, 2.504184, 1.153766, 3.753138
 393.333333, 22.728814, 1.307627, 1.230508, 2.566102
 401.666667, 23.000000, 1.374274, 1.283817, 2.689627
 395.000000, 22.947679, 1.354430, 1.172996, 2.558650
 408.666667, 22.961664, 1.404568, 1.286297, 2.715334
 394.666667, 21.955236, 1.033784, 1.021959, 2.088682
 400.333333, 23.589509, 1.084929, 0.917569, 2.034138
 415.666667, 21.604651, 1.152366, 1.008821, 2.182839
 405.000000, 23.199177, 1.274074, 1.162963, 2.459259
 357.000000, 21.661064, 1.154062, 1.103641, 2.312792
 345.333333, 20.150579, 1.207529, 1.057915, 2.296332
 367.000000, 21.301544, 1.221617, 0.968211, 2.223433
 388.000000, 22.563574, 1.115979, 0.950172, 2.094502
 390.000000, 20.811111, 1.155556, 0.999145, 2.188889
 416.666667, 23.107200, 1.248800, 0.924800, 2.198400
 343.666667, 21.995150, 1.382153, 1.200776, 2.639185
 400.666667, 23.014143, 1.167221, 0.898502, 2.101498
 401.666667, 23.531120, 1.541079, 0.946888, 2.510373
 403.666667, 23.470685, 1.165979, 1.061107, 2.261767
 8, 20
 0.250000, 13.000000, 0.000000, 0.000000, 95.000000
 281.666667, 26.491124, 2.672189, 1.330178, 4.089941
 405.000000, 22.610700, 1.275720, 1.184362, 2.510288
 386.333333, 22.624676, 1.376186, 1.387403, 2.785160
 390.333333, 22.966695, 1.319385, 1.197267, 2.542272
 423.333333, 23.218110, 1.456693, 1.252756, 2.733858
 416.000000, 22.369391, 1.038462, 0.996795, 2.059295
 388.000000, 21.842784, 0.999141, 0.942440, 1.984536
 396.666667, 22.000000, 1.086555, 1.034454, 2.144538
 381.000000, 21.447944, 1.242345, 1.201225, 2.468066
 389.333333, 21.668664, 1.218322, 0.976884, 2.227740
 360.000000, 20.781481, 1.230556, 1.032407, 2.287037
 355.000000, 21.478873, 1.285446, 0.994366, 2.338967
 392.000000, 22.741497, 1.091837, 0.903061, 2.030612
 374.666667, 20.386121, 1.075623, 0.967972, 2.096085
 381.666667, 23.434934, 1.161572, 0.974672, 2.172052
 345.666667, 22.439730, 1.265188, 1.214079, 2.521697
 359.333333, 21.361781, 1.181818, 0.873840, 2.102041
 331.000000, 20.844914, 0.979859, 1.106747, 2.123867
 401.333333, 22.726744, 1.290698, 1.038206, 2.382890
 9, 20
 0.250000, 10.000000, 0.000000, 0.000000, 95.000000
 303.666667, 26.119649, 2.490670, 1.266740, 3.809001
 351.666667, 21.295735, 1.247393, 1.306161, 2.626540
 384.666667, 22.731369, 1.375217, 1.370884, 2.775563
 400.333333, 23.507910, 1.468776, 1.144047, 2.641132
 390.666667, 23.195392, 1.449659, 1.285836, 2.772184
 387.666667, 20.738607, 1.012038, 1.086844, 2.122958
 348.333333, 20.333971, 0.960766, 1.131100, 2.158852
 351.000000, 20.389364, 1.070275, 1.153846, 2.273504
 357.333333, 21.256530, 1.162313, 1.264925, 2.459888
 366.000000, 21.687614, 1.183971, 1.030055, 2.265938
 373.333333, 20.962500, 1.259821, 0.996429, 2.290179
 355.000000, 20.510798, 1.242254, 1.018779, 2.304225
 385.666667, 20.515125, 1.205704, 0.950735, 2.191876
 375.666667, 21.025732, 1.052351, 0.944987, 2.047028
 372.000000, 23.751792, 1.202509, 1.008961, 2.267921
 348.333333, 22.034450, 1.332057, 1.368421, 2.733971
 335.000000, 20.896517, 1.078607, 0.994030, 2.111443
 343.000000, 20.401361, 1.311953, 1.138970, 2.481050
 398.000000, 22.531826, 1.287270, 1.078727, 2.409548
 10, 20
 0.250000, 56.000000, 0.000000, 0.000000, 93.000000
 328.000000, 26.400407, 2.666667, 1.139228, 3.879065
 420.333333, 23.362411, 1.424266, 1.124504, 2.576527
 372.000000, 22.098566, 1.346774, 1.394265, 2.771505
 392.666667, 22.714771, 1.265705, 1.124788, 2.414261
 402.000000, 23.249585, 1.367330, 1.340796, 2.731343
 438.666667, 22.408815, 1.084347, 0.929331, 2.041793
 388.333333, 22.155365, 1.008584, 1.131330, 2.164807
 381.000000, 21.609799, 1.141732, 1.083115, 2.252843
 402.666667, 22.176325, 1.307119, 1.123344, 2.456954
 401.666667, 23.175934, 1.241494, 0.991701, 2.267220
 361.666667, 19.861751, 1.290323, 0.988940, 2.305069
 383.333333, 22.776522, 1.238261, 0.934783, 2.225217
 400.666667, 22.792013, 1.115641, 0.841098, 2.002496
 384.666667, 20.778163, 1.065858, 0.963605, 2.061525
 366.000000, 22.629326, 1.052823, 0.965392, 2.058288
 387.666667, 23.589854, 1.336199, 1.101462, 2.478074
 393.000000, 23.189992, 1.125530, 0.904156, 2.084818
 411.000000, 21.854826, 1.549878, 0.991890, 2.569343
 362.000000, 21.476980, 1.246777, 1.115101, 2.407919
 11, 20
 0.250000, 64.000000, 0.000000, 2.000000, 72.000000
 293.000000, 27.637088, 2.261661, 1.195677, 3.518771
 359.333333, 21.756030, 1.232839, 1.319109, 2.592764
 398.000000, 22.783082, 1.396985, 1.308208, 2.733668
 386.666667, 22.246552, 1.376724, 1.179310, 2.582759
 369.666667, 21.571686, 1.312894, 1.412985, 2.752029
 418.000000, 22.141148, 1.064593, 1.024721, 2.118022
 385.666667, 22.362143, 1.089888, 1.113224, 2.235955
 352.000000, 20.984848, 1.126894, 1.108902, 2.281250
 395.666667, 21.634372, 1.326032, 1.168492, 2.541702
 341.333333, 20.068359, 1.148438, 1.095703, 2.276367
 365.666667, 19.988149, 1.168642, 0.973564, 2.178669
 336.666667, 20.066337, 1.261386, 1.045545, 2.344554
 387.666667, 21.743766, 1.178848, 0.938091, 2.147893
 368.333333, 21.237104, 0.981900, 0.980090, 2.009955
 395.333333, 23.180438, 1.148398, 1.004216, 2.182968
 360.333333, 21.731730, 1.320999, 1.106383, 2.523589
 404.666667, 23.504942, 1.177100, 0.819605, 2.024712
 365.666667, 21.556974, 1.224248, 1.061987, 2.334549
 368.000000, 22.458333, 1.195652, 1.094203, 2.333333
 12, 20
 0.250000, 42.000000, 0.000000, 1.000000, 93.000000
 304.666667, 29.237418, 2.270241, 1.241794, 3.578775
 393.333333, 21.917797, 1.327966, 1.186441, 2.549153
 401.666667, 23.099585, 1.360996, 1.323651, 2.706224
 386.666667, 21.693103, 1.304310, 1.222414, 2.556034
 360.333333, 22.128585, 1.245143, 1.486586, 2.754857
 423.666667, 22.524784, 1.025964, 0.963021, 2.012589
 393.000000, 21.944020, 1.004241, 1.044105, 2.069550
 405.000000, 21.724280, 1.125926, 1.028807, 2.195062
 389.000000, 22.205656, 1.257926, 1.151671, 2.442159
 398.666667, 21.841973, 1.188963, 0.976589, 2.196488
 361.000000, 19.885503, 1.246537, 0.946445, 2.228070
 383.000000, 22.308094, 1.336815, 0.960836, 2.325500
 366.666667, 20.578182, 1.230000, 0.989091, 2.249091
 422.666667, 21.706625, 1.129338, 0.924290, 2.077287
 385.000000, 22.312554, 1.132468, 0.928139, 2.107359
 378.000000, 22.810406, 1.260141, 1.077601, 2.372134
 395.666667, 22.000842, 1.224094, 0.917439, 2.172704
 401.333333, 23.259967, 1.405316, 0.960133, 2.406977
 377.000000, 22.438550, 1.173298, 1.082228, 2.289125
 13, 20
 0.250000, 60.000000, 0.000000, 9.000000, 92.000000
 292.333333, 28.677309, 2.726340, 1.245154, 4.057013
 416.666667, 24.220000, 1.456000, 1.175200, 2.655200
 384.333333, 23.053773, 1.362533, 1.370338, 2.757155
 387.666667, 23.138435, 1.435942, 1.219261, 2.684437
 399.333333, 23.097663, 1.403172, 1.299666, 2.732053
 393.333333, 22.156780, 0.998305, 1.058475, 2.091525
 408.000000, 22.062092, 1.045752, 1.017157, 2.093954
 406.000000, 22.215928, 1.193760, 1.008210, 2.238095
 364.333333, 20.663312, 1.319305, 1.258920, 2.609332
 394.333333, 22.984784, 1.218935, 0.948436, 2.194421
 387.000000, 19.695952, 1.257537, 0.903531, 2.197244
 347.666667, 21.020134, 1.164909, 1.023969, 2.233941
 362.666667, 21.468750, 1.182904, 0.997243, 2.234375
 396.333333, 21.804878, 1.059714, 0.915055, 2.010934
 398.666667, 22.526756, 1.073579, 0.943980, 2.041806
 391.666667, 22.848511, 1.295319, 1.081702, 2.417872
 361.333333, 21.694649, 1.137454, 0.982472, 2.168819
 360.333333, 21.879741, 1.270120, 1.041628, 2.350601
 392.000000, 22.394558, 1.275510, 1.093537, 2.415816
 14, 20
 0.250000, 64.000000, 0.000000, 2.000000, 71.000000
 353.666667, 30.385485, 2.418473, 1.115928, 3.624882
 411.333333, 24.419773, 1.397083, 1.172609, 2.593193
 353.666667, 21.997172, 1.366635, 1.481621, 2.901037
 383.333333, 21.594783, 1.309565, 1.145217, 2.477391
 419.666667, 23.571882, 1.409849, 1.215250, 2.646545
 434.666667, 23.319785, 1.108129, 0.968558, 2.101227
 377.000000, 22.034483, 1.053050, 1.072502, 2.151194
 391.333333, 21.391823, 1.167802, 1.057070, 2.247019
 397.333333, 22.479866, 1.246644, 1.168624, 2.447148
 397.333333, 23.156040, 1.236577, 1.010906, 2.271812
 402.000000, 21.385572, 1.351575, 0.919569, 2.295191
 363.000000, 21.345271, 1.259871, 1.089073, 2.371901
 359.333333, 21.455473, 1.227273, 1.145640, 2.412801
 365.000000, 20.303196, 1.074886, 0.947945, 2.089498
 383.666667, 22.401390, 1.056473, 0.949609, 2.066030
 377.000000, 23.328028, 1.294430, 1.134394, 2.468612
 352.333333, 21.309366, 1.178808, 1.046358, 2.262062
 380.333333, 22.505697, 1.220859, 0.984224, 2.231376
 353.666667, 21.633365, 1.295947, 1.129123, 2.475966
 15, 20
 0.250000, 64.000000, 0.000000, 2.000000, 71.000000
 319.666667, 26.598540, 2.470282, 1.077164, 3.649635
 389.666667, 22.033362, 1.331052, 1.196749, 2.566296
 398.000000, 23.041039, 1.345059, 1.329983, 2.699330
 388.000000, 22.193299, 1.435567, 1.207045, 2.665808
 412.000000, 24.672330, 1.390777, 1.261327, 2.679612
 428.333333, 23.968093, 1.074708, 1.007004, 2.108949
 391.333333, 22.444634, 0.997445, 1.057922, 2.087734
 382.666667, 21.790941, 1.058362, 1.080139, 2.168118
 406.333333, 23.344545, 1.336341, 1.123872, 2.497949
 387.666667, 22.456578, 1.153912, 1.027515, 2.221840
 357.333333, 19.564366, 1.125933, 1.053172, 2.206157
 333.333333, 20.695000, 1.081000, 1.083000, 2.220000
 420.000000, 23.346825, 1.156349, 0.865079, 2.053968
 397.000000, 21.600336, 1.172964, 0.958018, 2.157851
 392.666667, 22.076401, 1.136672, 0.927844, 2.093379
 356.000000, 22.105805, 1.212547, 1.292135, 2.566479
 385.666667, 22.220398, 1.214347, 0.932584, 2.178047
 395.666667, 21.968829, 1.463353, 1.010952, 2.514743
 411.000000, 22.967559, 1.253041, 1.098135, 2.380373
 16, 20
 0.250000, 64.000000, 0.000000, 6.000000, 74.000000
 246.333333, 26.626522, 2.213802, 1.270636, 3.606225
 400.666667, 22.752912, 1.448419, 1.210483, 2.688020
 358.666667, 22.813197, 1.424721, 1.434015, 2.904275
 378.666667, 21.745599, 1.280810, 1.175176, 2.484155
 409.666667, 22.293735, 1.378356, 1.298617, 2.706265
 432.000000, 21.942130, 1.100309, 0.964506, 2.094136
 397.000000, 22.418136, 1.086482, 1.111671, 2.230059
 408.000000, 21.059641, 1.119281, 0.987745, 2.133170
 385.333333, 21.606401, 1.263841, 1.186851, 2.476644
 400.333333, 22.333056, 1.203164, 0.986678, 2.214821
 366.000000, 20.357013, 1.227687, 0.987250, 2.251366
 316.666667, 18.512632, 1.124211, 1.053684, 2.222105
 362.333333, 20.237351, 1.011040, 0.931923, 1.978841
 367.000000, 20.083560, 1.040872, 0.970027, 2.046322
 400.666667, 22.805324, 1.147255, 0.967554, 2.137271
 380.666667, 23.388792, 1.352890, 1.194396, 2.609457
 381.666667, 21.449782, 1.109170, 0.928384, 2.061135
 342.333333, 20.178189, 1.359299, 1.113924, 2.505355
 420.333333, 23.427439, 1.218874, 1.045995, 2.295004
 17, 20
 0.250000, 50.000000, 0.000000, 16.000000, 85.000000
 315.000000, 28.427513, 2.470899, 1.303704, 3.868783
 375.000000, 21.563556, 1.332444, 1.224889, 2.585778
 362.000000, 22.523020, 1.326888, 1.421731, 2.775322
 359.666667, 21.550510, 1.270621, 1.274328, 2.573679
 389.333333, 22.803082, 1.385274, 1.318493, 2.734589
 399.000000, 21.213868, 1.070175, 1.050125, 2.144528
 381.333333, 21.191434, 0.979895, 1.045455, 2.057692
 387.000000, 22.124892, 1.016365, 1.034453, 2.091301
 377.333333, 21.427562, 1.257951, 1.245583, 2.529152
 396.666667, 22.932773, 1.179832, 0.987395, 2.196639
 373.333333, 20.821429, 1.336607, 1.011607, 2.373214
 364.000000, 22.161172, 1.264652, 1.009158, 2.314103
 376.666667, 22.157522, 1.125664, 0.920354, 2.118584
 417.000000, 21.776978, 1.167866, 0.848122, 2.055156
 382.000000, 21.850785, 1.105585, 0.958115, 2.098604
 401.000000, 22.637573, 1.520366, 1.202826, 2.751455
 395.333333, 22.032040, 1.193929, 0.857504, 2.087690
 344.666667, 20.821083, 1.234043, 1.094778, 2.378143
 369.666667, 22.596934, 1.157800, 1.119026, 2.302074
 18, 20
 0.250000, 8.000000, 0.000000, 0.000000, 87.000000
 309.000000, 27.487594, 2.550162, 1.253506, 3.866235
 345.666667, 21.327869, 1.202507, 1.359691, 2.594021
 413.000000, 24.359161, 1.403551, 1.246166, 2.677966
 355.000000, 21.556808, 1.230986, 1.279812, 2.541784
 374.666667, 21.949288, 1.307829, 1.349644, 2.682384
 407.666667, 21.939493, 1.013900, 1.130008, 2.168438
 370.333333, 20.750675, 0.985599, 1.109811, 2.122412
 385.666667, 21.612792, 1.128781, 1.051858, 2.210026
 361.000000, 21.243767, 1.199446, 1.253001, 2.491228
 397.000000, 21.539043, 1.223342, 1.009236, 2.267842
 354.333333, 20.121355, 1.198495, 1.023518, 2.262465
 348.000000, 20.750958, 1.056513, 1.035441, 2.114943
 408.000000, 23.248366, 1.227941, 0.891340, 2.153595
 361.333333, 20.464945, 1.107934, 1.015683, 2.165129
 384.666667, 22.606586, 1.129116, 0.996534, 2.168111
 357.666667, 22.155638, 1.318733, 1.331780, 2.689655
 383.666667, 22.536056, 1.122502, 0.947003, 2.115552
 380.333333, 21.747590, 1.460999, 1.034181, 2.529360
 410.333333, 24.499594, 1.304630, 1.051990, 2.380179
 19, 20
 0.250000, 29.000000, 0.000000, 1.000000, 85.000000
 253.333333, 25.759211, 3.055263, 1.531579, 4.703947
 353.000000, 22.033050, 1.301228, 1.309726, 2.646837
 370.666667, 23.157374, 1.381295, 1.400180, 2.836331
 392.666667, 23.629032, 1.345501, 1.186757, 2.553480
 385.000000, 22.720346, 1.298701, 1.363636, 2.691775
 427.333333, 23.267551, 1.106864, 1.020281, 2.167707
 373.666667, 22.448707, 1.013381, 1.043711, 2.105263
 406.333333, 22.492207, 1.045119, 1.000820, 2.091879
 378.666667, 22.828345, 1.194542, 1.165493, 2.390845
 362.000000, 21.866483, 1.184162, 1.091160, 2.302026
 386.666667, 20.862069, 1.292241, 0.930172, 2.254310
 373.000000, 21.511171, 1.260947, 0.961573, 2.246649
 375.000000, 21.641778, 1.098667, 0.946667, 2.075556
 404.333333, 21.779885, 1.199505, 0.921682, 2.157461
 428.000000, 24.243769, 1.222741, 0.895639, 2.143302
 385.666667, 22.668971, 1.436474, 1.296456, 2.767502
 391.666667, 23.015319, 1.234894, 0.886809, 2.165106
 341.666667, 20.196098, 1.466341, 1.106341, 2.616585
 358.000000, 20.588454, 1.103352, 1.132216, 2.286778
 20, 20
 0.250000, 17.000000, 0.000000, 7.000000, 85.000000
 218.000000, 25.880734, 2.764526, 1.695719, 4.721713
 380.666667, 21.586690, 1.304729, 1.259194, 2.604203
 392.000000, 23.583333, 1.467687, 1.350340, 2.849490
 429.333333, 24.243012, 1.392857, 1.103261, 2.527174
 371.333333, 21.654399, 1.404847, 1.460503, 2.890485
 392.333333, 20.915888, 1.025489, 1.047579, 2.112150
 370.666667, 21.464928, 0.935252, 0.968525, 1.937050
 401.333333, 21.765781, 1.109635, 1.032392, 2.171096
 382.000000, 21.853403, 1.306283, 1.169284, 2.513962
 379.333333, 21.753076, 1.220562, 1.028998, 2.274165
 346.666667, 20.180769, 1.300962, 1.031731, 2.364423
 341.333333, 19.819336, 1.214844, 1.075195, 2.344727
 357.000000, 21.142857, 1.098973, 0.981326, 2.126050
 362.666667, 20.076287, 1.078125, 0.994485, 2.132353
 352.666667, 22.017958, 1.093573, 1.023629, 2.149338
 374.333333, 23.008905, 1.263580, 1.212823, 2.498664
 359.333333, 21.137291, 1.197588, 1.038033, 2.279221
 347.333333, 20.329175, 1.431862, 1.089251, 2.558541
 370.000000, 21.891892, 1.114414, 1.149550, 2.299099
 21, 20
 0.250000, 16.000000, 0.000000, 6.000000, 85.000000
 272.666667, 27.199267, 2.217604, 1.272616, 3.536675
 406.333333, 22.978671, 1.237080, 1.123052, 2.421657
 396.000000, 22.617845, 1.388889, 1.287037, 2.697811
 398.666667, 23.180602, 1.333612, 1.161371, 2.518395
 394.666667, 23.177365, 1.355574, 1.308277, 2.698480
 408.000000, 21.547386, 1.083333, 1.053105, 2.160948
 361.333333, 21.922509, 0.919742, 1.083026, 2.026753
 394.666667, 21.909628, 1.097128, 1.066723, 2.184966
 399.333333, 21.757930, 1.393155, 1.184474, 2.612688
 389.333333, 23.214897, 1.178082, 1.021404, 2.232021
 394.000000, 21.387479, 1.131980, 1.017766, 2.181895
 359.666667, 21.130677, 1.206673, 0.965709, 2.199259
 371.333333, 21.304309, 1.062837, 0.965889, 2.070018
 392.666667, 20.711375, 1.140917, 0.962649, 2.138370
 379.333333, 21.970123, 1.160808, 0.967487, 2.165202
 369.666667, 21.442741, 1.552750, 1.292155, 2.871957
 403.333333, 23.457025, 1.254545, 0.895041, 2.178512
 337.666667, 21.363277, 1.167818, 1.081935, 2.293189
 403.000000, 22.914806, 1.292804, 1.067825, 2.385443
 22, 20
 0.250000, 45.000000, 0.000000, 0.000000, 84.000000
 313.666667, 27.863974, 2.334750, 1.106270, 3.490967
 401.000000, 23.201995, 1.293433, 1.208645, 2.528678
 398.666667, 23.087793, 1.414716, 1.306856, 2.742475
 414.000000, 22.999195, 1.529791, 1.144122, 2.696457
 420.000000, 23.351587, 1.423016, 1.267460, 2.716667
 415.000000, 21.506024, 1.028112, 0.968675, 2.020080
 385.333333, 22.317474, 0.982699, 0.986159, 1.998270
 409.333333, 22.039902, 1.043160, 1.039088, 2.114007
 376.000000, 22.116135, 1.312943, 1.221631, 2.566489
 413.000000, 22.799031, 1.218725, 0.974173, 2.218725
 354.000000, 20.939736, 1.309793, 1.006591, 2.344633
 354.666667, 21.164474, 1.154135, 1.024436, 2.222744
 370.000000, 21.880180, 1.065766, 0.945045, 2.046847
 406.000000, 21.119869, 1.090312, 0.883415, 1.998358
 414.000000, 22.971820, 1.173913, 0.900966, 2.100644
 407.000000, 23.200655, 1.481572, 1.226863, 2.737101
 382.666667, 22.648955, 1.161150, 0.871951, 2.063589
 382.333333, 22.133391, 1.316478, 1.022668, 2.376635
 398.333333, 23.002510, 1.252720, 1.084519, 2.364017
 23, 20
 0.250000, 59.000000, 0.000000, 0.000000, 83.000000
 320.000000, 28.697917, 2.533333, 1.084375, 3.733333
 411.333333, 23.064019, 1.330632, 1.166126, 2.521070
 420.000000, 23.694444, 1.466667, 1.261111, 2.750794
 404.666667, 23.078254, 1.463756, 1.152389, 2.639209
 386.333333, 22.628128, 1.241588, 1.346851, 2.610871
 406.333333, 21.625103, 0.981952, 1.050861, 2.056604
 386.000000, 21.278929, 1.025043, 1.031952, 2.082902
 440.666667, 23.807867, 1.207262, 0.951589, 2.186082
 362.666667, 20.916360, 1.238051, 1.298713, 2.572610
 366.666667, 20.467273, 1.178182, 1.050000, 2.267273
 384.000000, 20.736979, 1.269965, 0.978299, 2.269965
 383.000000, 21.553525, 1.168842, 0.978242, 2.191471
 391.000000, 22.644501, 1.002558, 0.896846, 1.924979
 398.666667, 21.332776, 1.130435, 0.977425, 2.129599
 379.666667, 21.887621, 1.187884, 1.219491, 2.452151
 426.000000, 24.111894, 1.593897, 1.054773, 2.672144
 366.000000, 22.653916, 1.224044, 0.965392, 2.247723
 385.333333, 22.033737, 1.328720, 0.971453, 2.328720
 378.000000, 22.223104, 1.149912, 1.147266, 2.342152
 24, 20
 0.250000, 66.000000, 0.000000, 2.000000, 72.000000
 313.666667, 26.516472, 2.418704, 1.181722, 3.686504
 393.333333, 22.746610, 1.317797, 1.222034, 2.570339
 379.666667, 22.451273, 1.416155, 1.359087, 2.799824
 374.333333, 22.301870, 1.345503, 1.217275, 2.586821
 413.666667, 23.636583, 1.338437, 1.295729, 2.668010
 397.000000, 21.320739, 0.996641, 1.003359, 2.026029
 394.000000, 22.063452, 1.026227, 1.082910, 2.137902
 392.666667, 21.260611, 1.132428, 1.085739, 2.243633
 397.666667, 22.612741, 1.265717, 1.176027, 2.473596
 358.666667, 21.332714, 1.151487, 1.092007, 2.281599
 345.333333, 19.460425, 1.246139, 1.088803, 2.375483
 364.666667, 20.700183, 1.240402, 1.003656, 2.284278
 386.333333, 22.033650, 1.110440, 0.918896, 2.067299
 387.666667, 22.684437, 1.069647, 0.979364, 2.082545
 414.333333, 23.144006, 1.113435, 0.912309, 2.060338
 397.000000, 23.919395, 1.357683, 1.090680, 2.483627
 373.666667, 22.247993, 1.082962, 0.931311, 2.056200
 377.333333, 21.840106, 1.422261, 1.031802, 2.477032
 373.000000, 22.259160, 1.294013, 1.142091, 2.476318
 25, 20
 0.250000, 58.000000, 0.000000, 16.000000, 82.000000
 342.666667, 29.220817, 2.354086, 1.105058, 3.508755
 400.000000, 22.386667, 1.333333, 1.175833, 2.532500
 406.333333, 24.000820, 1.410993, 1.277276, 2.724364
 378.000000, 21.608466, 1.294533, 1.232804, 2.559083
 354.000000, 20.508475, 1.302260, 1.458569, 2.808851
 413.666667, 21.466559, 0.988719, 1.020951, 2.032232
 346.666667, 20.213462, 0.996154, 1.200000, 2.225000
 415.000000, 22.137349, 1.104418, 1.014458, 2.148594
 401.666667, 21.568465, 1.254772, 1.159336, 2.443154
 389.333333, 23.230308, 1.174658, 1.029110, 2.237158
 373.666667, 20.910794, 1.260482, 1.018733, 2.301517
 314.666667, 19.750000, 1.135593, 1.132415, 2.314619
 341.000000, 19.061584, 1.085044, 1.018573, 2.141740
 397.333333, 22.526846, 1.132550, 0.947148, 2.107383
 370.666667, 22.403777, 1.100719, 0.983813, 2.136691
 347.333333, 21.208253, 1.249520, 1.146833, 2.422265
 361.333333, 22.325646, 1.074723, 0.958487, 2.086716
 330.666667, 20.667339, 1.063508, 1.094758, 2.195565
 404.666667, 23.103789, 1.271005, 1.042010, 2.346787
 26, 20
 0.250000, 59.000000, 0.000000, 16.000000, 82.000000
 285.333333, 28.950935, 2.816589, 1.496495, 4.414720
 385.000000, 21.785281, 1.322944, 1.249351, 2.615584
 397.666667, 23.261526, 1.449288, 1.298407, 2.771165
 416.000000, 23.160256, 1.404647, 1.114583, 2.541667
 381.666667, 21.695197, 1.350218, 1.349345, 2.726638
 389.333333, 20.973459, 0.978596, 0.996575, 2.004281
 376.333333, 20.880425, 1.013286, 0.969885, 2.012400
 401.666667, 21.790871, 1.055602, 1.039004, 2.117012
 378.666667, 21.329225, 1.250000, 1.237676, 2.508803
 432.333333, 23.425598, 1.218196, 0.930609, 2.173477
 414.000000, 20.593398, 1.408213, 0.888084, 2.325282
 374.000000, 22.841355, 1.333333, 1.049911, 2.420677
 381.000000, 21.935258, 1.125984, 0.975503, 2.128609
 375.333333, 20.595027, 1.162522, 0.991119, 2.190941
 421.666667, 23.486166, 1.154150, 0.867984, 2.061660
 341.000000, 22.130010, 1.186706, 1.154448, 2.370479
 372.333333, 21.930170, 1.141450, 0.946285, 2.130707
 373.666667, 21.289920, 1.182872, 1.057092, 2.266726
 375.333333, 22.376554, 1.312611, 1.153641, 2.507993
 27, 20
 0.250000, 65.000000, 0.000000, 6.000000, 71.000000
 291.000000, 26.691867, 2.546392, 1.232532, 3.878580
 385.000000, 22.238095, 1.290909, 1.207792, 2.521212
 402.333333, 24.235294, 1.492958, 1.249379, 2.792875
 401.000000, 22.613466, 1.476309, 1.210308, 2.709061
 385.666667, 22.622299, 1.358686, 1.401901, 2.802074
 384.000000, 22.398438, 1.019097, 1.041667, 2.104167
 379.666667, 21.645303, 1.002634, 1.037752, 2.060579
 419.666667, 23.003177, 1.119142, 1.000000, 2.152502
 370.666667, 21.196043, 1.253597, 1.253597, 2.535971
 396.333333, 21.424727, 1.183347, 1.026913, 2.233810
 397.666667, 20.396479, 1.291702, 0.912825, 2.233026
 373.666667, 21.029438, 1.281891, 0.933988, 2.253345
 405.000000, 21.874897, 1.171193, 0.881481, 2.077366
 372.333333, 20.553268, 1.152193, 1.009848, 2.211280
 363.000000, 21.808999, 1.082645, 1.020202, 2.134986
 372.000000, 22.219534, 1.352151, 1.249104, 2.642473
 356.000000, 21.215356, 1.115169, 0.975655, 2.144195
 367.000000, 21.727520, 1.357856, 1.126249, 2.509537
 399.333333, 23.184474, 1.178631, 1.054257, 2.297997
 28, 20
 0.250000, 0.000000, 0.000000, 0.000000, 91.000000
 334.333333, 30.112662, 2.554337, 1.128614, 3.749751
 385.333333, 22.639273, 1.390138, 1.258651, 2.697232
 358.333333, 22.101395, 1.301395, 1.461395, 2.789767
 391.666667, 23.629787, 1.335319, 1.223830, 2.583830
 408.333333, 23.289796, 1.350204, 1.297143, 2.673469
 404.666667, 21.535420, 1.016474, 1.025535, 2.072488
 398.000000, 22.023451, 1.026801, 1.005863, 2.067002
 384.333333, 21.768430, 1.101474, 1.061578, 2.213356
 402.000000, 22.631012, 1.355721, 1.183250, 2.563847
 372.333333, 21.941808, 1.183527, 1.011638, 2.224709
 335.333333, 18.073559, 1.119284, 0.997018, 2.153082
 375.000000, 22.165333, 1.310222, 0.978667, 2.320889
 393.666667, 22.106689, 1.161727, 0.961897, 2.152413
 412.000000, 21.602751, 1.147249, 0.915858, 2.086570
 364.666667, 22.493601, 1.144424, 0.943327, 2.154479
 292.000000, 19.512557, 1.399543, 1.340183, 2.787671
 377.666667, 21.545455, 1.135922, 0.834069, 1.996470
 336.666667, 20.295050, 1.000990, 1.101980, 2.143564
 380.000000, 23.457895, 1.271053, 1.098246, 2.393860
 29, 20
 0.250000, 12.000000, 0.000000, 1.000000, 84.000000
 322.000000, 27.557971, 2.413043, 1.106625, 3.629400
 388.333333, 22.048927, 1.218026, 1.217167, 2.465236
 386.333333, 23.127696, 1.452114, 1.345125, 2.825712
 388.333333, 23.017167, 1.356223, 1.189700, 2.570815
 382.333333, 22.717524, 1.326940, 1.403662, 2.758500
 378.666667, 22.098592, 1.063380, 1.104754, 2.197183
 380.333333, 20.924628, 0.948291, 1.076249, 2.055215
 421.666667, 23.917787, 1.199209, 0.947036, 2.175494
 381.333333, 21.807692, 1.229895, 1.151224, 2.402972
 386.333333, 21.704918, 1.134599, 1.041415, 2.202761
 369.333333, 20.788809, 1.181408, 1.015343, 2.222022
 378.333333, 21.955947, 1.333921, 0.960352, 2.331278
 359.666667, 22.088971, 1.051900, 0.956441, 2.033364
 367.333333, 19.894737, 1.081670, 1.044465, 2.156987
 404.000000, 23.833333, 1.108086, 0.897690, 2.054455
 361.666667, 21.809217, 1.329954, 1.378802, 2.741014
 358.000000, 21.442272, 1.156425, 0.987896, 2.194600
 324.333333, 19.609455, 1.177801, 1.162384, 2.391572
 381.666667, 21.916157, 1.262882, 1.152838, 2.458515
 30, 20
 0.250000, 44.000000, 0.000000, 0.000000, 82.000000
 315.666667, 27.770855, 2.619852, 1.092925, 3.782471
 389.333333, 21.883562, 1.226884, 1.163527, 2.450342
 381.333333, 22.593531, 1.416958, 1.354895, 2.810315
 396.333333, 22.729184, 1.402860, 1.181665, 2.614802
 356.666667, 21.952336, 1.342056, 1.457009, 2.843925
 383.333333, 21.093913, 1.014783, 1.049565, 2.112174
 385.666667, 22.090752, 1.027658, 0.936906, 1.992221
 422.666667, 22.820978, 1.134858, 0.988959, 2.147476
 398.333333, 21.556485, 1.309623, 1.192469, 2.524686
 410.000000, 23.469919, 1.247967, 0.943089, 2.213008
 361.666667, 20.511521, 1.279263, 0.954839, 2.269124
 393.333333, 21.755085, 1.313559, 0.915254, 2.259322
 411.000000, 22.236821, 1.213301, 0.896999, 2.134631
 350.666667, 18.805133, 1.018061, 0.998099, 2.054183
 361.666667, 20.898618, 1.160369, 1.014747, 2.235945
 350.000000, 21.953333, 1.446667, 1.213333, 2.746667
 347.333333, 21.969290, 1.129559, 0.960653, 2.128599
 357.666667, 21.777260, 1.120224, 1.085741, 2.243243
 362.333333, 21.348666, 1.146274, 1.078197, 2.275989
 31, 20
 0.250000, 55.000000, 0.000000, 17.000000, 82.000000
 303.666667, 26.947311, 2.468716, 1.132821, 3.672887
 423.000000, 23.724980, 1.317573, 1.110323, 2.484634
 369.666667, 23.155095, 1.464382, 1.398557, 2.887286
 377.000000, 22.091954, 1.310345, 1.242263, 2.578249
 380.000000, 23.080702, 1.298246, 1.352632, 2.708772
 410.666667, 21.828734, 1.005682, 1.056006, 2.093344
 349.000000, 20.148042, 1.005731, 1.193887, 2.239733
 434.666667, 22.930982, 1.171012, 0.922546, 2.125767
 372.333333, 22.024172, 1.290958, 1.229185, 2.546106
 393.333333, 21.977119, 1.241525, 0.995763, 2.263559
 375.000000, 20.731556, 1.332444, 0.931556, 2.295111
 390.666667, 21.918942, 1.366041, 0.921502, 2.315700
 368.000000, 21.138587, 1.049819, 0.966486, 2.048007
 424.333333, 22.011783, 1.210526, 0.909662, 2.144540
 394.000000, 22.611675, 1.139594, 0.961083, 2.130288
 388.333333, 23.018884, 1.278112, 1.090129, 2.442918
 371.333333, 23.412926, 1.064632, 0.882406, 1.993716
 365.666667, 21.806746, 1.302644, 1.062899, 2.401094
 358.000000, 22.346369, 1.254190, 1.198324, 2.492551
Histogram
0 12 564 26 6 0 0 0 0 0 0 0 0 0 0 0 0 0 0 0 0 0 0 0 0 0 0 0 0 0 0 0 0 0 0 0 0 0 0 0 0 0 0 0 0 0 0 0 0 0 0 0 0 0 0 0 0 0 0 0 0 0 0 0 0 0 0 0 0 0 0 3 2 0 1 0 0 0 0 0 0 0 4 1 2 4 0 1 0 0 0 1 1 3 0 2 0 0 0 7 
Cache Miss Ratio
3.1792195154316553E-4
Average number of keys
1.0
numOfSets
0
numOfGets
723448
numOfMultiGets
0
