 0, 21
 0.250000, 12.000000, 0.000000, 22.000000, 77.000000
 298.333333, 98.317318, 10.156425, 3.237989, 13.472626
 364.666667, 105.490859, 9.378428, 2.701097, 12.117916
 308.333333, 104.463784, 10.790270, 3.169730, 14.023784
 361.333333, 107.700185, 9.769373, 2.724170, 12.530443
 330.666667, 109.555444, 10.648185, 2.981855, 13.670363
 350.000000, 105.595238, 9.666667, 2.802857, 12.518095
 367.666667, 107.208522, 9.597461, 2.694470, 12.313690
 342.000000, 105.429825, 9.682261, 2.866472, 12.601365
 360.000000, 106.988889, 9.824074, 2.750926, 12.600926
 364.666667, 104.133455, 9.489031, 2.719378, 12.228519
 368.000000, 107.183877, 9.772645, 2.668478, 12.478261
 368.333333, 105.777376, 9.275113, 2.651584, 11.990045
 359.333333, 104.735622, 9.670686, 2.754174, 12.456401
 376.666667, 106.545133, 9.294690, 2.621239, 11.943363
 367.333333, 108.346642, 9.578947, 2.685118, 12.300363
 376.666667, 107.046903, 9.063717, 2.625664, 11.717699
 381.666667, 104.244541, 8.668122, 2.576419, 11.277729
 395.000000, 106.263291, 8.816034, 2.502954, 11.348523
 408.333333, 104.622857, 8.477551, 2.421224, 10.924898
 411.666667, 99.427530, 7.970850, 2.350607, 10.356275
 1, 21
 0.250000, 1.000000, 0.000000, 2.000000, 120.000000
 327.000000, 99.610601, 10.207951, 2.880734, 13.176351
 367.333333, 103.806715, 9.300363, 2.696007, 12.019056
 319.333333, 109.742171, 11.260960, 3.083507, 14.378914
 358.666667, 106.114312, 9.698885, 2.748141, 12.479554
 337.333333, 108.925889, 10.584980, 2.911067, 13.550395
 363.333333, 107.780734, 9.868807, 2.725688, 12.626606
 363.000000, 105.530762, 9.438935, 2.707071, 12.191919
 358.666667, 106.783457, 9.862454, 2.724907, 12.649628
 358.333333, 105.919070, 9.593488, 2.744186, 12.383256
 366.666667, 106.690909, 9.657273, 2.705455, 12.382727
 371.666667, 105.817040, 9.575785, 2.653812, 12.261883
 372.333333, 106.055506, 9.420770, 2.601611, 12.093107
 363.666667, 105.730522, 9.570119, 2.717690, 12.318057
 380.333333, 106.858896, 9.395267, 2.589833, 12.028922
 363.666667, 108.067828, 9.473877, 2.703025, 12.220898
 394.000000, 108.554992, 9.107445, 2.508460, 11.637902
 344.000000, 103.082364, 8.811047, 2.857558, 11.709302
 389.000000, 104.245930, 8.689803, 2.539846, 11.259640
 402.333333, 103.027341, 8.367026, 2.465617, 10.850041
 407.000000, 100.352989, 7.875512, 2.376740, 10.289926
 2, 21
 0.250000, 18.000000, 0.000000, 2.000000, 122.000000
 305.333333, 101.157205, 10.278384, 3.133188, 13.461790
 376.666667, 106.642478, 9.513274, 2.632743, 12.166372
 325.666667, 108.811668, 11.192426, 3.026612, 14.262027
 365.666667, 108.112124, 9.881495, 2.705561, 12.615314
 336.666667, 108.739604, 10.641584, 2.945545, 13.610891
 355.666667, 107.679475, 9.869728, 2.768510, 12.676664
 364.000000, 106.660256, 9.586996, 2.709707, 12.332418
 354.666667, 107.455827, 9.966165, 2.750000, 12.771617
 361.666667, 106.950230, 9.852535, 2.736406, 12.616590
 370.000000, 104.630631, 9.365766, 2.619820, 12.068468
 367.333333, 104.475499, 9.298548, 2.696007, 12.015426
 374.333333, 107.667854, 9.531612, 2.601959, 12.202137
 362.666667, 104.124081, 9.609375, 2.724265, 12.365809
 363.333333, 105.574312, 9.135780, 2.708257, 11.886239
 368.666667, 107.173599, 9.540687, 2.687161, 12.252260
 372.333333, 105.492390, 9.013429, 2.649060, 11.694718
 389.333333, 105.352740, 8.869007, 2.533390, 11.423801
 388.666667, 104.141509, 8.695540, 2.540309, 11.265866
 401.333333, 102.394518, 8.273256, 2.436877, 10.760797
 409.666667, 97.966640, 7.831570, 2.379170, 10.230269
 3, 21
 0.250000, 13.000000, 0.000000, 23.000000, 68.000000
 307.000000, 101.934853, 10.406080, 3.111835, 13.633008
 370.333333, 105.945095, 9.371737, 2.669667, 12.072007
 319.333333, 107.701461, 11.066806, 3.067850, 14.184760
 361.666667, 105.765899, 9.680184, 2.705991, 12.437788
 337.000000, 109.674580, 10.727992, 2.908012, 13.663699
 359.000000, 109.106778, 10.036212, 2.757660, 12.820799
 362.333333, 105.444342, 9.406624, 2.716651, 12.161914
 357.333333, 106.769590, 9.942164, 2.778918, 12.746269
 364.333333, 106.735590, 9.518756, 2.709058, 12.268984
 370.000000, 106.286486, 9.569369, 2.665766, 12.263964
 368.000000, 106.571558, 9.663043, 2.682971, 12.373188
 376.333333, 107.434012, 9.488043, 2.635961, 12.145261
 361.333333, 105.433579, 9.660517, 2.737085, 12.428044
 370.333333, 104.762376, 9.104410, 2.674167, 11.810981
 371.000000, 108.687332, 9.579515, 2.664870, 12.273136
 392.666667, 107.274194, 9.138370, 2.523769, 11.683362
 382.333333, 104.625109, 8.788143, 2.571055, 11.394071
 391.333333, 104.758944, 8.811755, 2.523850, 11.365417
 408.333333, 102.786122, 8.332245, 2.394286, 10.778776
 408.333333, 100.019592, 7.928163, 2.378776, 10.345306
 4, 21
 0.250000, 13.000000, 0.000000, 22.000000, 68.000000
 274.000000, 98.340633, 10.209246, 3.427007, 13.773723
 374.333333, 104.727516, 9.357970, 2.636687, 12.029386
 318.333333, 106.268063, 10.953927, 3.085864, 14.078534
 357.333333, 105.756530, 9.626866, 2.744403, 12.416978
 333.000000, 108.895896, 10.705706, 2.959960, 13.702703
 358.000000, 107.291434, 9.743017, 2.756983, 12.536313
 366.000000, 107.791439, 9.602914, 2.700364, 12.330601
 364.333333, 110.288198, 10.058554, 2.716377, 12.806953
 362.333333, 107.031279, 9.619135, 2.723091, 12.383625
 366.666667, 105.693636, 9.651818, 2.693636, 12.370909
 365.000000, 104.886758, 9.622831, 2.694977, 12.353425
 374.333333, 104.334817, 9.295637, 2.600178, 11.966162
 366.000000, 104.744080, 9.501821, 2.693989, 12.232240
 373.333333, 107.100000, 9.384821, 2.641071, 12.062500
 366.333333, 107.737034, 9.440400, 2.707006, 12.169245
 391.000000, 105.895993, 8.874680, 2.514066, 11.427110
 386.000000, 104.660622, 8.721934, 2.559585, 11.304836
 387.333333, 104.350258, 8.721170, 2.531842, 11.296041
 405.000000, 105.888066, 8.540741, 2.447737, 11.018930
 408.333333, 101.236735, 8.013061, 2.397551, 10.430204
 5, 21
 0.250000, 20.000000, 0.000000, 1.000000, 87.000000
 307.666667, 102.049837, 10.379198, 3.085590, 13.542795
 371.666667, 109.320179, 9.546188, 2.665471, 12.238565
 319.666667, 107.471324, 10.947862, 3.080292, 14.066736
 366.333333, 107.100091, 9.787079, 2.696087, 12.514104
 334.333333, 107.870389, 10.528415, 2.960120, 13.516451
 341.666667, 107.633171, 9.882927, 2.899512, 12.816585
 369.333333, 107.976534, 9.685018, 2.679603, 12.392599
 354.333333, 108.383819, 9.948260, 2.778928, 12.768579
 368.000000, 106.854167, 9.763587, 2.692029, 12.480978
 364.333333, 105.505947, 9.555352, 2.695334, 12.301921
 370.333333, 106.481548, 9.639964, 2.659766, 12.333933
 373.333333, 106.275000, 9.429464, 2.646429, 12.108036
 366.666667, 106.624545, 9.601818, 2.701818, 12.328182
 376.000000, 108.039894, 9.388298, 2.625000, 12.048759
 366.000000, 108.163024, 9.574681, 2.701275, 12.305100
 392.666667, 104.507640, 8.922750, 2.521222, 11.468591
 383.333333, 104.736522, 8.813913, 2.566087, 11.419130
 390.333333, 104.257899, 8.744663, 2.530316, 11.308284
 400.333333, 102.832639, 8.369692, 2.467111, 10.865112
 411.000000, 100.218978, 7.965126, 2.355231, 10.360908
 6, 21
 0.250000, 14.000000, 0.000000, 22.000000, 68.000000
 265.666667, 97.795483, 10.311167, 3.611041, 14.037641
 354.333333, 104.205080, 9.317968, 2.717780, 12.129821
 327.666667, 110.247202, 11.300102, 3.018311, 14.340793
 359.000000, 107.740947, 9.879294, 2.721448, 12.661096
 340.000000, 111.107843, 10.838235, 2.878431, 13.756863
 343.000000, 104.058309, 9.614189, 2.854227, 12.518950
 365.666667, 108.618961, 9.701914, 2.700091, 12.427530
 355.000000, 108.629108, 10.019718, 2.769953, 12.834742
 360.666667, 106.161738, 9.778189, 2.730129, 12.548983
 369.000000, 104.900632, 9.612466, 2.687444, 12.320687
 365.666667, 104.598906, 9.375570, 2.710119, 12.103920
 370.333333, 103.601260, 9.102610, 2.671467, 11.802880
 357.333333, 103.546642, 9.442164, 2.760261, 12.238806
 373.666667, 106.528992, 9.363069, 2.645852, 12.038359
 372.333333, 109.235452, 9.557744, 2.642793, 12.246195
 314.000000, 104.561571, 9.294055, 3.158174, 12.478769
 363.666667, 104.595784, 8.856095, 2.696609, 11.590284
 384.666667, 103.876950, 8.727903, 2.552860, 11.324957
 399.000000, 103.381788, 8.312448, 2.466165, 10.815372
 415.333333, 101.196629, 8.025682, 2.357945, 10.408507
 7, 21
 0.250000, 4.000000, 0.000000, 1.000000, 119.000000
 310.000000, 102.619355, 10.211828, 3.102151, 13.358065
 374.333333, 105.148709, 9.438112, 2.653606, 12.111309
 325.333333, 107.824795, 11.036885, 3.032787, 14.100410
 364.333333, 107.064044, 9.788655, 2.716377, 12.528820
 340.333333, 110.957884, 10.881489, 2.911851, 13.819785
 353.000000, 105.193579, 9.516525, 2.795090, 12.345609
 364.333333, 108.458371, 9.752059, 2.712717, 12.492223
 358.000000, 107.868715, 9.847300, 2.771881, 12.638734
 357.666667, 106.168686, 9.506990, 2.738117, 12.302889
 368.000000, 105.969203, 9.519022, 2.666667, 12.236413
 374.666667, 106.688612, 9.588078, 2.625445, 12.250890
 366.666667, 104.791818, 9.295455, 2.630000, 12.020909
 363.333333, 104.703670, 9.405505, 2.727523, 12.165138
 364.666667, 105.290676, 9.301645, 2.698355, 12.034735
 372.000000, 109.087814, 9.556452, 2.658602, 12.243728
 394.333333, 107.541843, 9.099746, 2.514793, 11.635672
 384.000000, 103.171875, 8.762153, 2.562500, 11.358507
 387.666667, 103.710232, 8.678418, 2.527945, 11.253654
 401.000000, 103.024106, 8.465503, 2.467997, 10.957606
 406.333333, 98.091058, 7.772765, 2.397047, 10.191140
 8, 21
 0.250000, 15.000000, 0.000000, 2.000000, 67.000000
 329.333333, 99.909919, 10.194332, 2.902834, 13.178138
 372.000000, 108.670251, 9.726703, 2.642473, 12.414875
 320.666667, 106.721414, 11.021830, 3.084200, 14.129938
 363.000000, 106.982553, 9.781451, 2.719008, 12.528926
 326.666667, 105.726531, 10.391837, 2.985714, 13.433673
 350.000000, 105.589524, 9.731429, 2.798095, 12.584762
 363.666667, 108.024748, 9.534372, 2.702108, 12.285976
 362.666667, 109.594669, 10.133272, 2.740809, 12.897059
 360.666667, 106.364140, 9.749538, 2.740296, 12.523105
 367.666667, 106.176791, 9.722575, 2.683590, 12.441523
 366.666667, 105.585455, 9.510909, 2.698182, 12.230909
 374.000000, 106.205882, 9.409982, 2.638146, 12.083779
 361.333333, 105.974170, 9.609779, 2.722325, 12.377306
 372.000000, 105.585125, 9.076165, 2.650538, 11.757168
 373.666667, 108.235504, 9.501338, 2.644068, 12.177520
 392.000000, 107.877551, 9.200680, 2.525510, 11.754252
 385.000000, 104.981818, 8.830303, 2.559307, 11.421645
 388.666667, 104.473413, 8.746998, 2.528302, 11.318182
 407.000000, 104.108927, 8.408681, 2.416871, 10.877150
 407.333333, 98.246318, 7.856792, 2.389525, 10.277414
 9, 21
 0.250000, 14.000000, 0.000000, 23.000000, 66.000000
 320.666667, 101.113306, 10.286902, 3.007277, 13.363825
 364.666667, 107.490859, 9.527422, 2.713894, 12.265996
 322.000000, 108.639752, 11.089027, 3.067288, 14.175983
 357.666667, 104.745573, 9.651445, 2.755825, 12.444548
 332.666667, 108.400802, 10.559118, 2.959920, 13.541082
 358.000000, 106.851024, 9.735568, 2.766294, 12.526071
 364.333333, 105.001830, 9.240622, 2.706313, 11.977127
 359.666667, 107.679333, 9.966636, 2.741427, 12.754402
 361.333333, 106.833026, 9.571956, 2.725092, 12.339483
 362.333333, 105.422263, 9.540018, 2.737810, 12.297148
 367.333333, 105.292196, 9.431034, 2.696915, 12.147005
 373.333333, 108.178571, 9.492857, 2.650000, 12.166071
 368.333333, 105.975566, 9.543891, 2.687783, 12.257919
 378.000000, 108.279541, 9.409171, 2.617284, 12.052910
 367.000000, 107.278837, 9.463215, 2.689373, 12.186194
 391.333333, 106.424191, 8.924191, 2.528961, 11.478705
 376.333333, 104.022143, 8.763508, 2.619132, 11.413640
 389.000000, 103.841474, 8.682948, 2.545844, 11.251071
 404.666667, 103.733114, 8.405272, 2.448929, 10.874794
 409.000000, 99.790546, 7.909535, 2.384678, 10.322738
 10, 21
 0.250000, 15.000000, 7.000000, 30.000000, 67.000000
 306.000000, 100.504357, 10.165577, 3.106754, 13.362745
 360.000000, 105.006481, 9.392593, 2.729630, 12.168519
 322.000000, 108.497930, 11.057971, 3.070393, 14.153209
 346.000000, 107.594412, 9.785164, 2.846821, 12.668593
 334.333333, 107.853440, 10.570289, 2.952144, 13.560319
 358.666667, 107.487918, 9.908922, 2.766729, 12.696097
 369.333333, 107.401625, 9.499097, 2.675993, 12.209386
 358.000000, 107.338920, 9.923650, 2.771881, 12.720670
 355.000000, 105.231925, 9.669484, 2.785915, 12.483568
 366.000000, 106.431694, 9.561020, 2.667577, 12.292350
 364.000000, 105.893773, 9.533883, 2.700549, 12.274725
 376.333333, 105.492471, 9.309123, 2.635961, 11.970771
 362.333333, 105.862925, 9.569457, 2.735971, 12.325667
 373.333333, 107.299107, 9.310714, 2.657143, 11.987500
 368.000000, 107.028986, 9.413949, 2.669384, 12.130435
 390.000000, 105.111966, 8.883761, 2.500000, 11.447863
 363.666667, 105.119157, 8.795600, 2.698442, 11.536205
 389.666667, 105.218135, 8.786142, 2.526946, 11.350727
 410.666667, 104.052760, 8.402597, 2.417208, 10.841721
 412.333333, 99.923201, 7.951496, 2.363783, 10.345190
 11, 21
 0.250000, 10.000000, 6.000000, 23.000000, 66.000000
 315.000000, 98.711111, 10.015873, 3.021164, 13.152381
 365.333333, 105.348540, 9.472628, 2.720803, 12.213504
 302.666667, 108.340308, 11.213656, 3.268722, 14.502203
 365.000000, 107.823744, 9.744292, 2.709589, 12.473973
 331.333333, 106.735412, 10.481891, 2.982897, 13.508048
 358.000000, 108.724395, 9.913408, 2.770019, 12.704842
 370.000000, 107.028829, 9.603604, 2.676577, 12.299099
 358.000000, 107.222533, 9.794227, 2.744879, 12.570764
 361.333333, 106.321956, 9.723247, 2.733395, 12.490775
 372.666667, 105.768336, 9.559928, 2.647585, 12.237030
 365.333333, 104.913321, 9.433394, 2.687044, 12.165146
 374.666667, 107.707295, 9.379004, 2.620996, 12.047153
 360.000000, 104.087037, 9.328704, 2.686111, 12.099074
 373.666667, 105.097235, 9.224799, 2.650312, 11.900981
 366.666667, 107.614545, 9.430000, 2.690909, 12.149091
 389.666667, 106.524380, 8.959795, 2.540633, 11.532934
 382.333333, 104.885789, 8.967742, 2.589364, 11.584133
 385.666667, 104.781331, 8.796889, 2.547969, 11.388073
 401.666667, 104.185892, 8.364315, 2.444813, 10.851452
 406.333333, 98.391304, 7.805578, 2.382281, 10.238720
 12, 21
 0.250000, 18.000000, 6.000000, 1.000000, 119.000000
 313.000000, 101.787007, 10.350373, 3.101171, 13.495208
 359.000000, 104.682451, 9.395543, 2.733519, 12.185701
 314.000000, 106.369427, 10.756900, 3.124204, 13.924628
 357.666667, 105.662628, 9.571295, 2.736253, 12.358807
 339.000000, 109.136676, 10.630285, 2.903638, 13.578171
 355.333333, 105.493433, 9.652908, 2.775797, 12.463415
 353.666667, 105.157399, 9.471254, 2.785108, 12.294062
 358.000000, 107.243017, 9.743948, 2.726257, 12.535382
 361.666667, 108.317051, 10.014747, 2.729032, 12.778802
 364.333333, 105.177493, 9.652333, 2.688015, 12.396157
 368.666667, 105.586799, 9.488246, 2.669982, 12.193490
 370.333333, 104.922592, 9.174617, 2.681368, 11.882088
 359.666667, 105.708063, 9.468026, 2.752549, 12.261353
 374.333333, 106.585040, 9.227961, 2.638468, 11.891362
 365.333333, 106.823905, 9.387774, 2.689781, 12.117701
 390.000000, 105.406838, 8.859829, 2.543590, 11.422222
 386.333333, 103.812770, 8.843831, 2.543572, 11.424504
 387.666667, 104.134996, 8.723990, 2.545142, 11.300946
 409.000000, 105.797881, 8.577832, 2.422983, 11.022005
 413.333333, 100.588710, 8.002419, 2.320968, 10.378226
 13, 21
 0.250000, 20.000000, 6.000000, 1.000000, 85.000000
 268.333333, 98.614907, 10.534161, 3.532919, 14.160248
 355.666667, 105.273664, 9.373008, 2.770384, 12.180881
 318.000000, 107.205451, 11.031447, 3.098532, 14.164570
 352.666667, 106.760870, 9.662571, 2.795841, 12.491493
 340.000000, 111.945098, 10.885294, 2.914706, 13.823529
 356.333333, 106.399439, 9.851263, 2.779233, 12.654818
 359.333333, 106.820965, 9.446197, 2.707792, 12.211503
 356.666667, 107.754206, 9.978505, 2.772897, 12.779439
 364.000000, 107.341575, 9.739011, 2.704212, 12.477106
 368.000000, 107.281703, 9.664855, 2.695652, 12.379529
 367.000000, 107.064487, 9.576748, 2.688465, 12.294278
 368.000000, 104.801630, 9.265399, 2.645833, 11.975543
 358.666667, 105.301115, 9.351301, 2.769517, 12.141264
 377.333333, 105.515901, 9.222615, 2.615724, 11.874558
 368.000000, 108.564312, 9.511775, 2.680254, 12.228261
 382.666667, 105.189895, 8.886760, 2.578397, 11.500000
 388.000000, 105.548969, 8.844502, 2.535223, 11.418385
 393.666667, 103.866215, 8.711262, 2.509738, 11.254022
 403.000000, 104.655087, 8.425972, 2.449132, 10.906534
 409.666667, 101.100081, 7.939788, 2.376729, 10.340928
 14, 21
 0.250000, 15.000000, 6.000000, 22.000000, 65.000000
 332.333333, 101.293882, 10.427282, 2.859579, 13.386158
 362.333333, 104.814167, 9.453542, 2.731371, 12.218031
 316.666667, 106.764211, 10.892632, 3.104211, 14.040000
 364.333333, 107.631290, 9.775846, 2.712717, 12.512351
 335.666667, 108.752731, 10.551142, 2.917577, 13.528302
 351.333333, 106.785579, 9.752372, 2.781784, 12.599620
 369.000000, 106.639566, 9.559169, 2.673893, 12.271003
 353.666667, 107.244109, 9.852026, 2.792648, 12.671065
 359.666667, 106.548656, 9.689527, 2.746061, 12.468953
 371.000000, 105.846361, 9.575921, 2.648697, 12.269542
 369.000000, 106.160795, 9.621500, 2.675700, 12.325203
 370.000000, 104.520721, 9.215315, 2.642342, 11.917117
 360.333333, 104.205365, 9.468085, 2.738205, 12.240518
 378.333333, 107.450220, 9.338326, 2.610573, 11.978855
 373.666667, 108.815343, 9.462979, 2.647636, 12.139161
 386.333333, 105.672131, 8.859362, 2.555651, 11.445211
 382.333333, 104.591107, 8.793374, 2.588492, 11.401046
 390.333333, 103.306576, 8.749787, 2.523484, 11.309137
 405.000000, 104.144856, 8.401646, 2.441152, 10.869136
 407.333333, 100.463175, 7.958265, 2.395254, 10.381342
 15, 21
 0.250000, 17.000000, 6.000000, 22.000000, 64.000000
 299.666667, 102.806452, 10.443826, 3.189099, 13.720801
 362.666667, 105.667279, 9.547794, 2.683824, 12.301471
 313.333333, 108.472340, 11.212766, 3.150000, 14.394681
 361.000000, 107.532779, 9.815328, 2.737765, 12.578947
 336.333333, 107.858276, 10.519326, 2.921705, 13.491576
 345.000000, 104.486957, 9.555556, 2.822222, 12.447343
 363.000000, 105.515152, 9.487603, 2.706152, 12.238751
 352.666667, 107.242911, 9.793006, 2.804348, 12.633270
 366.000000, 107.560109, 9.795993, 2.704007, 12.527322
 367.000000, 104.611262, 9.560400, 2.676658, 12.285195
 364.333333, 105.990851, 9.634035, 2.703568, 12.369625
 372.333333, 106.437780, 9.335721, 2.623098, 12.020591
 358.000000, 105.074488, 9.530726, 2.717877, 12.315642
 375.000000, 106.078222, 9.287111, 2.603556, 11.940444
 368.000000, 106.756341, 9.345109, 2.687500, 12.058877
 387.333333, 104.202238, 8.825301, 2.544750, 11.411360
 382.000000, 102.328970, 8.607330, 2.570681, 11.217277
 387.333333, 103.125645, 8.643718, 2.549914, 11.223752
 402.666667, 103.107616, 8.267384, 2.455298, 10.749172
 406.000000, 98.150246, 7.788998, 2.397373, 10.220033
 16, 21
 0.250000, 15.000000, 6.000000, 2.000000, 118.000000
 324.333333, 101.931141, 10.203494, 2.907503, 13.209661
 366.000000, 105.418033, 9.301457, 2.700364, 12.030965
 317.666667, 107.403987, 11.002099, 3.108080, 14.138510
 363.333333, 106.698165, 9.803670, 2.733945, 12.561468
 332.333333, 107.348044, 10.405216, 2.933801, 13.387161
 351.666667, 105.373460, 9.634123, 2.799052, 12.483412
 361.666667, 105.627650, 9.440553, 2.743779, 12.205530
 365.000000, 107.439269, 9.798174, 2.714155, 12.534247
 359.666667, 108.352178, 9.843373, 2.753475, 12.623726
 369.666667, 106.156898, 9.660054, 2.670875, 12.364292
 367.333333, 104.325771, 9.397459, 2.680581, 12.112523
 373.333333, 105.750000, 9.339286, 2.583929, 12.008036
 353.666667, 103.018850, 9.355325, 2.772856, 12.180961
 376.666667, 106.716814, 9.258407, 2.621239, 11.912389
 366.666667, 107.890000, 9.435455, 2.669091, 12.157273
 364.666667, 107.697441, 9.146252, 2.719378, 11.889397
 388.000000, 104.743127, 8.880584, 2.543814, 11.450172
 388.000000, 104.070447, 8.725945, 2.547251, 11.307560
 409.666667, 103.888527, 8.323027, 2.410090, 10.760781
 409.666667, 99.984540, 7.912937, 2.360456, 10.312449
 17, 21
 0.250000, 12.000000, 6.000000, 22.000000, 66.000000
 318.000000, 102.451782, 10.381551, 2.953878, 13.432914
 355.333333, 104.457786, 9.382739, 2.784240, 12.199812
 316.000000, 107.425105, 11.049578, 3.110759, 14.196203
 371.000000, 109.040431, 9.878706, 2.665768, 12.566038
 339.666667, 110.990186, 10.882237, 2.919529, 13.823356
 359.000000, 108.248839, 9.967502, 2.763231, 12.753018
 361.666667, 105.940092, 9.444240, 2.715207, 12.203687
 357.000000, 108.080299, 9.843137, 2.768441, 12.648926
 357.000000, 105.830065, 9.441643, 2.744164, 12.235294
 367.000000, 104.215259, 9.514078, 2.695731, 12.237965
 368.333333, 105.769231, 9.611765, 2.685973, 12.319457
 369.666667, 104.559964, 9.235347, 2.641118, 11.932372
 364.333333, 105.166514, 9.694419, 2.716377, 12.437328
 379.000000, 108.575198, 9.444151, 2.613017, 12.080915
 368.666667, 108.729656, 9.481013, 2.692586, 12.193490
 388.333333, 107.676395, 9.134764, 2.551931, 11.708155
 389.333333, 104.695205, 8.798801, 2.541096, 11.359589
 391.666667, 106.648511, 8.856170, 2.523404, 11.405106
 404.333333, 103.980214, 8.345425, 2.447650, 10.816158
 409.666667, 100.010578, 7.940602, 2.361269, 10.351505
 18, 21
 0.250000, 9.000000, 6.000000, 10.000000, 98.000000
 319.000000, 103.147335, 10.420063, 2.955068, 13.452456
 378.666667, 107.069542, 9.606514, 2.617077, 12.245599
 318.666667, 107.343096, 11.041841, 3.096234, 14.163180
 357.666667, 107.954334, 9.858341, 2.767008, 12.648649
 329.333333, 107.280364, 10.530364, 2.993927, 13.561741
 351.666667, 107.016114, 9.819905, 2.812322, 12.656872
 361.333333, 104.501845, 9.451107, 2.723247, 12.215867
 355.333333, 107.059099, 9.949343, 2.773921, 12.756098
 366.333333, 107.566879, 10.100091, 2.678799, 12.827116
 366.000000, 104.736794, 9.420765, 2.699454, 12.148452
 351.000000, 104.243115, 9.419753, 2.795821, 12.258310
 375.666667, 105.125111, 9.247560, 2.635315, 11.905945
 364.666667, 105.723949, 9.460695, 2.723949, 12.205667
 369.000000, 105.268293, 9.133695, 2.677507, 11.841012
 365.000000, 107.884932, 9.494977, 2.718721, 12.233790
 389.333333, 107.067637, 9.086473, 2.523973, 11.654110
 381.000000, 104.656168, 8.853018, 2.594051, 11.469816
 390.333333, 104.931682, 8.765158, 2.532024, 11.318531
 405.333333, 104.712171, 8.557566, 2.435855, 11.016447
 408.333333, 97.959184, 7.835102, 2.386122, 10.240000
 19, 21
 0.250000, 11.000000, 5.000000, 22.000000, 65.000000
 307.666667, 99.303359, 10.045504, 3.117010, 13.240520
 356.000000, 104.154494, 9.378277, 2.773408, 12.181648
 323.666667, 108.480947, 11.011329, 3.050463, 14.087539
 349.333333, 106.225191, 9.752863, 2.830153, 12.613550
 333.666667, 110.036963, 10.736264, 2.971029, 13.730270
 354.666667, 107.435150, 9.870301, 2.779135, 12.686090
 359.333333, 105.216141, 9.377551, 2.727273, 12.145640
 354.333333, 106.804327, 9.860771, 2.777046, 12.680151
 358.333333, 106.995349, 9.705116, 2.764651, 12.494884
 368.333333, 105.457014, 9.315837, 2.699548, 12.034389
 354.333333, 104.685795, 9.431797, 2.779868, 12.251176
 372.333333, 104.280215, 9.277529, 2.603402, 11.962399
 364.000000, 105.704212, 9.425824, 2.708791, 12.172161
 376.666667, 104.652212, 9.256637, 2.624779, 11.913274
 364.666667, 107.654479, 9.359232, 2.700183, 12.100548
 387.000000, 105.668389, 8.935401, 2.545220, 11.513351
 383.000000, 104.523934, 8.878155, 2.553525, 11.485640
 391.666667, 105.979574, 8.945532, 2.532766, 11.505532
 407.000000, 104.484848, 8.499590, 2.430794, 10.955774
 410.000000, 99.286992, 7.889431, 2.358537, 10.292683
 20, 21
 0.250000, 20.000000, 5.000000, 23.000000, 62.000000
 275.666667, 102.550181, 10.210399, 3.426844, 13.762999
 317.333333, 103.946429, 9.268908, 3.107143, 12.418067
 310.666667, 108.513948, 11.122318, 3.173820, 14.330472
 358.666667, 107.747212, 9.877323, 2.734201, 12.649628
 336.666667, 108.611881, 10.693069, 2.938614, 13.655446
 353.000000, 105.740321, 9.719547, 2.777148, 12.552408
 370.666667, 107.503597, 9.596223, 2.672662, 12.294964
 360.333333, 110.014801, 10.156337, 2.753932, 12.930620
 358.333333, 107.654884, 9.614884, 2.769302, 12.423256
 364.333333, 105.011894, 9.546203, 2.694419, 12.284538
 361.333333, 103.440959, 9.275830, 2.715867, 12.038745
 375.666667, 105.857143, 9.236912, 2.641526, 11.904170
 367.666667, 105.894832, 9.611967, 2.693563, 12.330916
 371.333333, 104.813285, 9.143627, 2.667864, 11.835727
 365.666667, 107.692799, 9.378304, 2.701914, 12.111212
 388.666667, 107.135506, 9.045455, 2.548885, 11.623499
 387.666667, 103.638865, 8.770421, 2.545142, 11.342218
 388.666667, 102.773585, 8.587479, 2.535163, 11.156947
 398.333333, 103.360669, 8.372385, 2.482008, 10.880335
 408.333333, 98.619592, 7.777959, 2.402449, 10.198367
 21, 21
 0.250000, 18.000000, 5.000000, 23.000000, 63.000000
 314.666667, 100.441737, 10.350636, 3.003178, 13.462924
 375.333333, 105.783304, 9.352575, 2.636767, 12.015986
 315.333333, 108.182875, 11.010571, 3.133192, 14.163848
 363.000000, 106.470156, 9.621671, 2.718090, 12.368228
 330.333333, 106.591322, 10.325933, 2.965691, 13.329970
 355.333333, 105.918386, 9.716698, 2.776735, 12.530019
 366.000000, 107.909836, 9.612022, 2.689435, 12.342441
 354.666667, 107.438910, 9.897556, 2.765038, 12.711466
 361.000000, 106.235457, 9.676824, 2.732225, 12.448753
 357.666667, 102.728798, 9.369059, 2.750233, 12.151911
 351.000000, 106.825261, 9.673314, 2.800570, 12.511871
 373.666667, 107.024086, 9.350580, 2.643176, 12.024086
 365.000000, 106.472146, 9.535160, 2.720548, 12.276712
 375.000000, 106.177778, 9.241778, 2.646222, 11.912889
 364.333333, 109.809698, 9.564501, 2.699909, 12.302836
 392.333333, 105.546304, 8.853016, 2.527613, 11.401020
 384.666667, 103.024263, 8.662912, 2.570191, 11.257366
 391.666667, 104.053617, 8.795745, 2.533617, 11.354043
 403.000000, 103.811414, 8.483871, 2.449959, 10.963606
 404.333333, 98.451772, 7.884584, 2.428689, 10.333059
 22, 21
 0.250000, 17.000000, 5.000000, 23.000000, 63.000000
 311.333333, 99.955032, 10.267666, 3.071734, 13.431478
 376.000000, 107.923759, 9.607270, 2.630319, 12.261525
 313.333333, 107.438298, 11.030851, 3.094681, 14.205319
 366.666667, 108.480000, 9.800909, 2.692727, 12.525455
 334.333333, 110.378863, 10.793619, 2.961117, 13.782652
 350.666667, 105.936312, 9.661597, 2.810837, 12.512357
 364.000000, 106.584249, 9.470696, 2.714286, 12.220696
 354.000000, 106.183616, 9.774011, 2.780603, 12.601695
 360.666667, 107.359519, 9.619224, 2.734750, 12.391867
 366.666667, 106.014545, 9.697273, 2.688182, 12.423636
 370.666667, 106.829137, 9.654676, 2.668165, 12.352518
 374.333333, 106.030276, 9.320570, 2.625111, 11.997329
 366.333333, 107.051865, 9.773430, 2.699727, 12.502275
 371.666667, 105.691480, 9.183857, 2.628700, 11.873543
 367.666667, 108.948323, 9.562103, 2.685403, 12.281958
 385.666667, 105.663786, 8.863440, 2.547105, 11.455488
 386.000000, 105.599309, 8.891192, 2.559585, 11.473230
 392.000000, 103.232143, 8.715986, 2.487245, 11.259354
 406.666667, 106.425410, 8.504098, 2.441803, 10.967213
 409.666667, 100.026037, 7.959317, 2.386493, 10.366965
 23, 21
 0.250000, 1.000000, 5.000000, 1.000000, 116.000000
 309.000000, 99.655879, 10.116505, 3.079827, 13.268608
 360.000000, 102.976852, 9.273148, 2.711111, 12.049074
 320.333333, 107.909469, 11.171696, 3.080125, 14.281998
 367.000000, 108.580381, 9.811989, 2.699364, 12.529519
 332.666667, 106.436874, 10.437876, 2.961924, 13.441884
 356.000000, 104.855805, 9.638577, 2.760300, 12.445693
 367.666667, 108.713509, 9.651859, 2.689937, 12.370807
 359.333333, 108.632653, 9.959184, 2.762523, 12.748609
 358.333333, 106.299535, 9.719070, 2.733023, 12.507907
 367.000000, 104.815622, 9.398728, 2.682107, 12.121708
 366.666667, 104.231818, 9.329091, 2.693636, 12.050909
 372.000000, 106.922939, 9.458781, 2.655914, 12.146953
 361.666667, 106.156682, 9.591705, 2.729954, 12.356682
 375.000000, 107.642667, 9.280000, 2.625778, 11.945778
 359.333333, 108.225417, 9.481447, 2.744898, 12.263451
 390.666667, 106.901024, 9.040102, 2.526451, 11.604949
 384.666667, 104.809359, 8.915078, 2.551127, 11.507799
 387.333333, 105.264200, 8.803787, 2.549053, 11.382960
 410.333333, 105.058489, 8.497157, 2.414297, 10.932575
 407.000000, 98.493857, 7.812449, 2.380016, 10.228501
 24, 21
 0.250000, 18.000000, 5.000000, 1.000000, 117.000000
 297.000000, 100.287318, 10.352413, 3.209877, 13.622896
 360.333333, 103.913043, 9.280296, 2.712303, 12.052729
 320.333333, 107.837669, 10.987513, 3.092612, 14.099896
 363.666667, 107.211732, 9.826764, 2.714940, 12.560953
 337.666667, 111.016782, 10.840079, 2.919052, 13.803554
 362.000000, 107.933702, 9.939227, 2.733886, 12.700737
 365.666667, 106.833181, 9.546946, 2.683683, 12.279854
 350.333333, 106.185538, 9.666032, 2.799239, 12.515699
 356.333333, 106.754911, 9.669785, 2.691300, 12.474275
 368.000000, 105.100543, 9.519022, 2.670290, 12.235507
 369.000000, 106.560072, 9.638663, 2.673893, 12.342367
 371.666667, 107.403587, 9.408072, 2.648430, 12.097758
 362.000000, 105.967772, 9.496317, 2.728361, 12.261510
 375.000000, 107.879111, 9.383111, 2.632000, 12.048000
 362.333333, 108.176633, 9.448942, 2.719411, 12.207912
 390.666667, 107.251706, 9.094710, 2.523891, 11.651024
 365.333333, 105.135036, 8.841241, 2.659672, 11.572080
 390.000000, 104.461538, 8.806838, 2.541880, 11.370085
 406.666667, 103.961475, 8.414754, 2.422131, 10.872131
 407.333333, 99.611293, 7.855155, 2.381342, 10.270049
 25, 21
 0.250000, 17.000000, 5.000000, 1.000000, 84.000000
 312.666667, 102.491471, 10.572495, 3.025586, 13.711087
 373.666667, 105.281891, 9.402319, 2.647636, 12.074041
 316.333333, 107.087460, 10.888303, 3.115911, 14.041096
 361.333333, 106.329336, 9.732472, 2.728782, 12.487085
 332.333333, 106.054162, 10.360080, 2.942828, 13.332999
 355.333333, 106.152908, 9.768293, 2.764540, 12.580675
 360.666667, 105.873383, 9.417745, 2.745841, 12.196858
 352.333333, 107.681173, 9.949858, 2.797540, 12.785241
 359.333333, 105.744898, 9.506494, 2.729128, 12.282931
 367.333333, 106.380218, 9.616152, 2.673321, 12.336661
 366.666667, 106.574545, 9.711818, 2.700000, 12.434545
 371.000000, 105.177898, 9.416891, 2.654088, 12.112309
 361.333333, 104.998155, 9.477860, 2.744465, 12.250923
 374.333333, 106.003562, 9.196794, 2.626892, 11.869101
 368.333333, 106.017195, 9.345701, 2.664253, 12.047964
 389.333333, 106.063356, 8.798801, 2.532534, 11.366438
 386.333333, 105.617774, 8.899914, 2.552200, 11.481450
 390.000000, 103.726496, 8.741026, 2.539316, 11.305983
 406.333333, 103.162428, 8.347006, 2.427400, 10.806399
 407.333333, 99.066285, 7.828969, 2.386252, 10.243863
 26, 21
 0.250000, 19.000000, 5.000000, 22.000000, 62.000000
 302.333333, 103.702315, 10.579934, 3.073870, 13.773980
 369.000000, 106.562782, 9.450768, 2.682927, 12.151762
 310.333333, 106.040816, 10.895811, 3.170784, 14.107411
 364.666667, 106.406764, 9.575868, 2.707495, 12.308958
 331.000000, 106.804632, 10.534743, 2.955690, 13.539778
 358.333333, 108.776744, 9.943256, 2.768372, 12.735814
 363.333333, 105.611009, 9.390826, 2.723853, 12.141284
 359.666667, 108.880445, 10.083411, 2.727525, 12.862836
 363.333333, 106.893578, 9.609174, 2.676147, 12.357798
 366.666667, 106.229091, 9.816364, 2.687273, 12.536364
 367.000000, 107.975477, 9.676658, 2.683924, 12.396004
 375.333333, 105.792185, 9.424512, 2.609236, 12.087034
 363.333333, 103.633945, 9.372477, 2.733028, 12.125688
 375.666667, 107.134871, 9.383319, 2.633540, 12.048802
 365.333333, 108.557482, 9.558394, 2.708942, 12.293796
 371.000000, 107.120395, 9.145553, 2.662174, 11.846361
 389.333333, 103.743151, 8.679795, 2.547089, 11.245719
 389.333333, 103.512842, 8.680651, 2.547089, 11.247432
 407.333333, 104.351882, 8.488543, 2.427169, 10.941899
 408.000000, 98.879085, 7.844771, 2.376634, 10.267974
 27, 21
 0.250000, 9.000000, 5.000000, 11.000000, 97.000000
 333.000000, 101.750751, 10.214214, 2.874875, 13.166166
 372.000000, 106.617384, 9.483871, 2.665771, 12.168459
 320.666667, 107.233888, 10.839917, 3.086279, 13.949064
 364.333333, 107.153705, 9.864593, 2.712717, 12.603843
 326.666667, 104.640816, 10.396939, 2.954082, 13.446939
 356.666667, 107.205607, 9.812150, 2.766355, 12.615888
 358.000000, 104.879888, 9.280261, 2.738361, 12.080074
 352.000000, 106.357955, 9.821970, 2.810606, 12.662879
 352.666667, 106.207940, 9.739130, 2.794896, 12.576560
 367.666667, 106.806890, 9.700816, 2.685403, 12.412511
 354.666667, 102.757519, 9.229323, 2.748120, 12.036654
 370.000000, 104.744144, 9.207207, 2.672973, 11.911712
 358.333333, 103.089302, 9.239070, 2.759070, 12.032558
 374.000000, 104.838681, 9.075758, 2.634581, 11.747772
 356.333333, 107.183349, 9.498597, 2.771749, 12.297474
 369.666667, 104.634806, 8.882777, 2.671776, 11.579802
 386.000000, 105.238342, 8.810017, 2.558722, 11.392919
 388.000000, 103.269759, 8.603093, 2.530928, 11.178694
 400.666667, 103.064892, 8.331115, 2.456739, 10.819468
 411.000000, 99.294404, 7.955393, 2.369019, 10.343877
 28, 21
 0.250000, 13.000000, 5.000000, 12.000000, 100.000000
 334.666667, 101.545817, 10.188247, 2.834661, 13.122510
 367.666667, 106.599275, 9.597461, 2.682684, 12.318223
 314.666667, 107.336864, 11.104873, 3.126059, 14.273305
 352.333333, 105.480605, 9.596973, 2.786187, 12.428571
 338.000000, 110.511834, 10.686391, 2.937870, 13.644970
 357.333333, 108.536381, 9.888060, 2.774254, 12.682836
 370.000000, 108.177477, 9.681081, 2.666667, 12.384685
 360.333333, 107.749306, 9.787234, 2.753932, 12.560592
 356.666667, 105.878505, 9.569159, 2.743925, 12.371963
 364.333333, 105.434584, 9.550778, 2.698994, 12.280878
 364.000000, 103.562271, 9.271978, 2.707875, 12.012821
 364.333333, 103.638609, 9.164684, 2.659652, 11.903934
 365.333333, 105.961679, 9.617701, 2.679745, 12.354015
 376.666667, 106.891150, 9.346018, 2.633628, 11.999115
 354.333333, 106.834431, 9.619003, 2.777987, 12.441204
 390.333333, 105.548249, 8.977797, 2.532878, 11.532878
 374.666667, 106.189502, 9.026690, 2.629004, 11.689502
 396.333333, 106.176619, 8.899916, 2.492851, 11.428091
 407.000000, 103.332514, 8.384111, 2.430794, 10.838657
 405.000000, 98.851029, 7.681481, 2.395062, 10.101235
 29, 21
 0.250000, 10.000000, 4.000000, 11.000000, 97.000000
 271.666667, 104.695706, 10.559509, 3.538650, 14.155828
 366.000000, 107.549180, 9.628415, 2.696721, 12.363388
 317.000000, 107.706625, 10.968454, 3.087277, 14.120925
 358.666667, 107.119888, 9.714684, 2.729554, 12.490706
 337.000000, 107.527201, 10.591494, 2.903066, 13.553907
 358.000000, 107.198324, 9.732775, 2.756983, 12.522346
 359.000000, 106.815227, 9.501393, 2.732591, 12.279480
 358.000000, 107.938547, 9.932961, 2.766294, 12.730912
 354.666667, 105.143797, 9.731203, 2.738722, 12.546992
 368.000000, 106.419384, 9.499094, 2.682065, 12.214674
 373.666667, 106.517395, 9.600357, 2.638715, 12.265834
 367.000000, 105.456857, 9.341508, 2.687557, 12.067212
 367.000000, 105.217984, 9.541326, 2.709355, 12.269755
 373.666667, 106.808207, 9.165923, 2.655665, 11.840321
 364.333333, 109.027447, 9.732845, 2.712717, 12.477585
 382.666667, 107.659408, 9.079268, 2.586237, 11.687282
 381.000000, 104.825022, 8.925634, 2.586177, 11.548556
 389.666667, 104.663815, 8.751925, 2.532934, 11.313944
 403.000000, 103.291977, 8.387924, 2.459884, 10.866832
 408.666667, 99.606852, 7.935563, 2.372757, 10.340131
 30, 21
 0.250000, 19.000000, 4.000000, 2.000000, 117.000000
 273.000000, 98.859585, 10.361416, 3.527473, 13.945055
 349.000000, 104.265521, 9.459408, 2.816619, 12.313276
 325.000000, 109.189744, 11.188718, 3.036923, 14.263590
 359.333333, 105.759740, 9.636364, 2.730056, 12.410946
 332.333333, 108.581745, 10.507523, 2.986961, 13.516550
 356.333333, 106.750234, 9.718428, 2.782975, 12.523854
 341.333333, 106.681641, 9.636719, 2.908203, 12.565430
 361.666667, 109.423963, 10.002765, 2.730876, 12.766820
 355.000000, 105.358685, 9.687324, 2.766197, 12.487324
 357.333333, 103.626866, 9.402052, 2.754664, 12.199627
 369.666667, 107.115419, 9.707845, 2.669973, 12.408476
 376.666667, 105.953097, 9.373451, 2.635398, 12.028319
 365.666667, 105.357338, 9.446673, 2.701003, 12.179581
 374.333333, 105.549421, 9.083704, 2.627783, 11.747996
 354.666667, 109.040414, 9.565789, 2.788534, 12.384398
 396.666667, 107.841176, 9.207563, 2.500840, 11.728571
 383.333333, 103.900870, 8.797391, 2.568696, 11.398261
 388.000000, 105.560137, 8.828179, 2.551546, 11.404639
 399.666667, 102.180150, 8.297748, 2.482068, 10.798165
 411.666667, 100.778947, 8.005668, 2.364372, 10.392713
 31, 21
 0.250000, 11.000000, 0.000000, 8.000000, 105.000000
 323.000000, 99.697626, 10.103199, 2.947368, 13.114551
 370.000000, 105.993694, 9.668468, 2.670270, 12.368468
 324.333333, 108.527235, 11.027749, 3.051387, 14.102775
 357.000000, 105.726424, 9.676004, 2.756303, 12.469655
 333.000000, 108.864865, 10.559560, 2.945946, 13.549550
 353.333333, 107.005660, 9.775472, 2.789623, 12.602830
 368.000000, 107.194746, 9.634964, 2.691123, 12.347826
 359.333333, 107.458256, 9.747681, 2.742115, 12.527829
 365.333333, 106.821168, 9.742701, 2.720803, 12.482664
 363.000000, 104.776860, 9.483930, 2.719008, 12.244261
 365.666667, 103.447584, 9.402917, 2.695533, 12.133090
 370.666667, 105.191547, 9.408273, 2.668165, 12.102518
 365.666667, 105.998177, 9.670009, 2.706472, 12.410210
 374.000000, 105.855615, 9.121212, 2.635472, 11.793226
 368.666667, 110.415913, 9.605787, 2.688065, 12.315552
 392.000000, 108.058673, 9.053571, 2.522959, 11.597789
 373.666667, 103.322926, 8.812667, 2.631579, 11.477252
 390.666667, 103.318259, 8.654437, 2.526451, 11.213311
 405.000000, 103.548971, 8.302058, 2.441152, 10.775309
 409.333333, 98.313518, 7.830619, 2.366450, 10.229642
Histogram
0 0 0 0 0 0 0 0 0 0 61 136 347 63 33 0 0 0 0 0 0 0 0 0 0 0 0 0 0 0 0 0 0 0 0 0 0 0 0 0 0 0 0 0 0 0 0 0 0 0 0 0 0 0 0 0 0 0 0 0 0 0 2 2 1 2 3 2 3 0 0 0 0 0 0 0 0 1 0 0 0 0 0 0 1 1 0 1 0 0 0 0 0 0 0 0 0 2 1 10 
Cache Miss Ratio
5.450751607545885E-4
Average number of keys
1.0
numOfSets
0
numOfGets
704490
numOfMultiGets
0
