 0, 21
 0.250000, 15.000000, 0.000000, 15.000000, 102.000000
 276.333333, 25.591074, 3.077201, 2.214717, 5.423402
 346.333333, 26.694899, 2.196343, 1.857555, 4.072185
 340.000000, 27.730392, 2.406863, 1.785294, 4.237255
 341.666667, 26.537561, 2.283902, 1.783415, 4.102439
 359.333333, 27.103896, 2.343228, 1.730983, 4.098330
 359.000000, 27.848654, 2.254410, 1.843083, 4.127205
 349.666667, 26.803622, 2.242135, 1.714967, 3.979981
 342.000000, 26.269006, 1.972710, 1.807018, 3.818713
 347.000000, 27.636888, 2.204611, 1.766571, 3.992315
 335.666667, 27.748759, 2.291956, 1.916584, 4.234359
 333.000000, 26.932933, 2.357357, 1.901902, 4.280280
 340.333333, 25.339863, 2.087169, 1.750245, 3.863859
 322.000000, 26.498965, 2.196687, 1.989648, 4.212215
 338.333333, 26.893596, 2.366502, 1.939901, 4.334975
 349.333333, 28.759542, 2.247137, 1.792939, 4.068702
 320.666667, 27.163202, 2.405405, 2.019751, 4.446985
 359.666667, 27.829472, 2.377201, 1.761816, 4.169601
 341.333333, 27.470703, 2.289063, 1.920898, 4.233398
 340.666667, 27.350294, 2.308219, 1.898239, 4.229941
 330.333333, 26.045409, 2.410696, 1.930373, 4.368315
 1, 21
 0.250000, 1.000000, 4.000000, 5.000000, 151.000000
 255.000000, 24.082353, 3.070588, 2.349020, 5.558170
 357.000000, 29.067227, 2.262372, 1.793651, 4.085901
 315.666667, 27.902851, 2.254488, 1.978881, 4.273495
 343.666667, 27.459748, 2.300679, 1.781765, 4.111542
 355.666667, 27.934396, 2.402999, 1.768510, 4.194002
 341.666667, 27.397073, 2.219512, 1.879024, 4.119024
 338.666667, 27.139764, 2.120079, 1.782480, 3.941929
 348.666667, 28.008604, 2.086998, 1.794455, 3.911090
 336.333333, 26.757185, 2.113974, 1.747275, 3.903865
 337.666667, 26.917078, 2.247779, 1.896347, 4.196446
 338.333333, 28.695567, 2.350739, 1.890640, 4.280788
 344.000000, 26.964147, 2.104651, 1.750969, 3.884690
 335.000000, 27.652736, 2.316418, 1.940299, 4.287562
 341.333333, 28.097656, 2.450195, 1.915039, 4.402344
 354.333333, 28.371590, 2.260583, 1.749765, 4.038570
 320.666667, 26.780665, 2.611227, 2.044699, 4.693347
 335.333333, 26.996024, 2.227634, 1.837972, 4.098410
 344.666667, 27.684720, 2.230174, 1.882979, 4.138298
 345.000000, 27.551691, 2.326570, 1.829952, 4.177778
 338.333333, 27.721182, 2.398030, 1.920197, 4.341872
 2, 21
 0.250000, 9.000000, 4.000000, 7.000000, 134.000000
 270.000000, 25.635802, 3.024691, 2.376543, 5.445679
 358.333333, 28.095814, 2.280930, 1.815814, 4.128372
 336.000000, 27.864087, 2.351190, 1.781746, 4.154762
 333.000000, 26.169169, 2.229229, 1.800801, 4.061061
 333.333333, 26.670000, 2.182000, 1.823000, 4.049000
 339.666667, 27.969578, 2.266928, 1.946026, 4.247301
 356.666667, 27.565421, 2.264486, 1.719626, 4.016822
 356.666667, 28.264486, 2.157944, 1.745794, 3.925234
 356.333333, 28.647334, 2.228251, 1.790458, 4.040225
 339.666667, 27.630029, 2.332679, 1.876349, 4.270854
 343.333333, 28.801942, 2.398058, 1.856311, 4.289320
 347.666667, 26.577181, 2.122723, 1.750719, 3.900288
 344.666667, 27.894584, 2.284333, 1.882979, 4.188588
 331.666667, 28.210050, 2.372864, 1.884422, 4.345729
 338.000000, 28.705128, 2.274162, 1.853057, 4.154832
 321.666667, 28.141969, 2.503627, 2.024870, 4.549223
 342.666667, 27.180934, 2.348249, 1.845331, 4.228599
 335.333333, 27.009940, 2.310139, 1.908549, 4.251491
 336.333333, 27.279485, 2.394450, 1.877106, 4.291378
 312.000000, 25.121795, 2.348291, 2.016026, 4.391026
 3, 21
 0.250000, 19.000000, 0.000000, 1.000000, 119.000000
 260.666667, 25.819693, 3.162404, 2.360614, 5.650895
 330.000000, 27.110101, 2.216162, 2.062626, 4.321212
 331.333333, 27.942656, 2.364185, 1.817907, 4.209256
 340.000000, 26.664706, 2.178431, 1.758824, 3.979412
 344.666667, 27.139265, 2.264990, 1.783366, 4.078337
 342.000000, 27.277778, 2.119883, 1.894737, 4.052632
 349.000000, 28.756447, 2.145177, 1.722063, 3.895893
 353.666667, 27.327992, 2.115928, 1.721960, 3.862394
 356.333333, 28.196445, 2.246960, 1.706268, 3.973807
 327.000000, 26.908257, 2.284404, 1.946993, 4.293578
 342.000000, 29.123782, 2.346004, 1.856725, 4.225146
 340.000000, 26.305882, 2.094118, 1.768627, 3.891176
 339.333333, 27.504912, 2.420432, 1.925344, 4.373281
 328.333333, 27.525888, 2.503553, 2.052792, 4.579695
 349.333333, 28.584924, 2.294847, 1.770992, 4.098282
 325.333333, 27.492828, 2.448770, 2.046107, 4.518443
 337.666667, 26.553801, 2.229023, 1.865745, 4.125370
 338.666667, 27.401575, 2.263780, 1.908465, 4.192913
 341.000000, 27.735093, 2.380254, 1.844575, 4.245357
 333.333333, 27.251000, 2.426000, 1.963000, 4.413000
 4, 21
 0.250000, 20.000000, 0.000000, 11.000000, 57.000000
 243.000000, 25.078189, 2.916324, 2.382716, 5.524005
 346.666667, 27.907692, 2.260577, 1.890385, 4.176923
 351.333333, 29.354839, 2.293169, 1.732448, 4.054080
 327.333333, 26.631365, 2.132383, 1.775967, 3.993890
 345.666667, 27.996143, 2.168756, 1.777242, 3.974928
 354.333333, 27.521167, 2.232361, 1.844779, 4.118532
 348.333333, 28.147368, 2.320574, 1.744498, 4.097608
 351.000000, 27.554606, 2.137702, 1.774929, 3.939221
 345.000000, 28.059903, 2.127536, 1.771981, 3.933333
 340.666667, 27.635029, 2.276908, 1.867906, 4.174168
 344.000000, 28.267442, 2.406008, 1.864341, 4.292636
 350.000000, 26.498095, 2.200000, 1.742857, 3.965714
 339.333333, 27.257367, 2.391945, 1.941061, 4.358546
 340.666667, 27.446184, 2.412916, 1.912916, 4.356164
 345.000000, 27.952657, 2.255072, 1.853140, 4.132367
 328.333333, 27.568528, 2.651777, 1.967513, 4.644670
 333.666667, 26.395604, 2.199800, 1.839161, 4.059940
 345.000000, 28.008696, 2.336232, 1.863768, 4.220290
 348.000000, 28.478927, 2.378352, 1.858238, 4.256705
 338.000000, 27.266272, 2.337278, 1.884615, 4.242604
 5, 21
 0.250000, 17.000000, 0.000000, 16.000000, 86.000000
 234.333333, 23.517781, 3.058321, 2.668563, 5.910384
 347.666667, 26.900288, 2.174497, 1.818792, 4.013423
 337.666667, 28.374136, 2.266535, 1.814413, 4.109576
 338.666667, 26.959646, 2.320866, 1.832677, 4.178150
 339.333333, 27.626719, 2.199411, 1.795678, 4.023576
 347.666667, 28.438159, 2.256951, 1.860019, 4.145733
 349.333333, 27.432252, 2.191794, 1.735687, 3.955153
 344.000000, 27.563953, 2.006783, 1.802326, 3.834302
 344.000000, 27.882752, 2.178295, 1.783915, 3.990310
 340.666667, 28.431507, 2.323875, 1.944227, 4.297456
 345.000000, 27.731401, 2.338164, 1.841546, 4.206763
 339.666667, 26.894014, 2.186457, 1.823356, 4.042198
 345.333333, 27.312741, 2.405405, 1.892857, 4.322394
 327.666667, 26.933876, 2.333672, 1.965412, 4.341811
 351.666667, 28.639810, 2.247393, 1.799052, 4.076777
 319.000000, 27.160920, 2.479624, 2.012539, 4.525601
 347.333333, 27.065259, 2.343570, 1.779271, 4.156430
 341.000000, 27.587488, 2.277615, 1.866080, 4.182796
 337.333333, 28.384387, 2.286561, 1.857708, 4.172925
 329.666667, 27.235592, 2.372093, 1.959555, 4.352882
 6, 21
 0.250000, 16.000000, 0.000000, 4.000000, 118.000000
 257.666667, 25.077620, 3.046572, 2.397154, 5.639069
 341.000000, 26.681329, 2.136852, 1.841642, 4.024438
 346.333333, 28.780558, 2.465833, 1.806545, 4.299326
 340.333333, 27.788443, 2.223310, 1.785504, 4.031342
 360.666667, 27.804991, 2.238447, 1.701479, 3.971349
 358.000000, 27.952514, 2.356611, 1.853818, 4.242086
 349.000000, 27.572111, 2.244508, 1.730659, 4.015282
 359.666667, 28.074143, 2.149212, 1.734013, 3.911956
 347.333333, 28.260077, 2.209213, 1.725528, 3.968330
 347.333333, 28.471209, 2.419386, 1.870441, 4.333013
 343.000000, 28.085520, 2.329446, 1.885326, 4.262391
 342.000000, 26.087719, 2.152047, 1.778752, 3.955166
 336.333333, 27.339941, 2.396432, 1.926660, 4.357780
 331.333333, 27.753521, 2.433602, 1.923541, 4.387324
 360.333333, 29.569843, 2.273821, 1.749306, 4.053654
 328.000000, 27.770325, 2.761179, 1.994919, 4.778455
 340.333333, 27.547502, 2.278159, 1.819785, 4.131244
 355.666667, 27.955014, 2.329897, 1.783505, 4.135895
 353.000000, 27.959396, 2.474032, 1.820585, 4.318225
 336.333333, 26.805748, 2.378593, 1.897919, 4.305253
 7, 21
 0.250000, 1.000000, 0.000000, 7.000000, 137.000000
 254.000000, 25.502625, 3.015748, 2.401575, 5.522310
 352.333333, 27.324503, 2.122990, 1.810785, 3.965941
 337.333333, 27.818182, 2.295455, 1.772727, 4.091897
 344.333333, 27.101646, 2.249758, 1.787028, 4.059051
 345.000000, 26.966184, 2.272464, 1.801932, 4.094686
 356.666667, 28.424299, 2.257009, 1.818692, 4.104673
 343.000000, 26.980564, 2.225462, 1.725948, 3.972789
 352.333333, 26.985809, 2.030274, 1.751183, 3.808893
 348.000000, 28.638889, 2.196360, 1.717433, 3.968391
 341.666667, 27.979512, 2.324878, 1.909268, 4.270244
 344.333333, 28.317522, 2.374637, 1.852856, 4.251694
 350.000000, 26.488571, 2.087619, 1.760952, 3.868571
 334.333333, 27.560319, 2.276171, 1.956132, 4.259222
 331.666667, 27.661307, 2.349749, 1.978894, 4.349749
 310.000000, 27.397849, 2.170968, 2.098925, 4.311828
 325.000000, 27.304615, 2.352821, 1.958974, 4.366154
 338.333333, 26.942857, 2.308374, 1.856158, 4.187192
 349.666667, 28.082936, 2.289800, 1.816969, 4.126787
 348.333333, 27.786603, 2.336842, 1.866029, 4.222967
 329.333333, 26.823887, 2.408907, 1.934211, 4.363360
 8, 21
 0.250000, 1.000000, 0.000000, 10.000000, 137.000000
 271.333333, 24.997543, 2.972973, 2.330467, 5.380835
 356.666667, 28.177570, 2.251402, 1.813084, 4.097196
 344.666667, 28.613153, 2.403288, 1.771760, 4.209865
 340.333333, 26.541626, 2.313418, 1.833497, 4.168462
 345.333333, 27.675676, 2.251931, 1.799228, 4.078185
 346.333333, 28.504331, 2.186718, 1.862368, 4.079885
 351.666667, 27.414218, 2.174408, 1.742180, 3.960190
 347.333333, 27.368522, 2.079655, 1.802303, 3.903071
 354.000000, 28.871940, 2.298493, 1.754237, 4.073446
 343.666667, 28.151309, 2.412221, 1.917556, 4.351115
 356.333333, 27.677268, 2.305893, 1.802619, 4.145931
 335.666667, 25.716981, 2.007944, 1.765641, 3.809335
 314.333333, 26.639449, 2.309650, 2.135737, 4.472959
 338.666667, 28.189961, 2.467520, 1.920276, 4.411417
 348.000000, 28.091954, 2.254789, 1.778736, 4.064176
 333.666667, 26.969031, 2.654346, 1.959041, 4.638362
 330.666667, 26.191532, 2.232863, 1.922379, 4.209677
 344.333333, 27.786060, 2.289448, 1.897386, 4.226525
 346.000000, 26.847784, 2.245665, 1.807322, 4.087669
 328.666667, 26.077079, 2.328600, 1.899594, 4.265720
 9, 21
 0.250000, 17.000000, 0.000000, 3.000000, 117.000000
 254.333333, 24.517693, 2.958060, 2.450852, 5.516383
 350.000000, 27.669524, 2.152381, 1.804762, 4.018095
 343.000000, 27.068027, 2.399417, 1.757046, 4.174927
 344.333333, 26.939981, 2.206196, 1.738625, 3.983543
 352.333333, 27.940397, 2.284768, 1.771050, 4.077578
 350.000000, 28.177143, 2.229524, 1.853333, 4.104762
 356.333333, 28.538821, 2.183349, 1.688494, 3.899906
 351.333333, 27.889943, 2.092030, 1.787476, 3.908918
 354.000000, 28.320151, 2.161959, 1.706215, 3.900188
 326.666667, 26.548980, 2.320408, 1.957143, 4.341837
 341.333333, 27.976563, 2.309570, 1.865234, 4.194336
 337.000000, 25.655786, 2.107814, 1.761622, 3.905045
 324.666667, 25.820329, 2.358316, 1.980493, 4.365503
 342.000000, 29.091618, 2.416179, 1.923977, 4.367446
 343.666667, 27.768186, 2.325897, 1.806984, 4.167798
 336.666667, 26.953465, 2.654455, 1.897030, 4.576238
 349.000000, 27.470869, 2.308500, 1.799427, 4.131805
 359.000000, 27.743733, 2.402971, 1.795729, 4.220056
 346.666667, 27.996154, 2.332692, 1.833654, 4.187500
 335.000000, 27.800995, 2.415920, 1.940299, 4.379104
 10, 21
 0.250000, 17.000000, 0.000000, 1.000000, 67.000000
 213.666667, 25.012480, 3.215289, 2.879875, 6.375975
 334.000000, 26.889222, 2.211577, 1.983034, 4.218563
 338.333333, 27.858128, 2.337931, 1.789163, 4.168473
 346.333333, 27.595765, 2.215592, 1.794995, 4.044273
 351.000000, 27.431149, 2.254511, 1.766382, 4.048433
 345.000000, 28.237681, 2.278261, 1.973913, 4.277295
 344.000000, 26.999031, 2.155039, 1.736434, 3.920543
 351.000000, 27.492877, 2.113960, 1.745489, 3.880342
 334.000000, 27.362275, 2.111776, 1.831337, 3.962076
 344.333333, 27.480155, 2.379477, 1.879961, 4.303001
 341.666667, 27.659512, 2.395122, 1.859512, 4.281951
 340.000000, 26.108824, 2.101961, 1.737255, 3.875490
 333.666667, 26.683317, 2.361638, 1.923077, 4.326673
 348.666667, 28.580306, 2.388145, 1.870937, 4.290631
 344.333333, 28.501452, 2.222652, 1.828654, 4.077444
 319.333333, 27.913361, 2.631524, 2.024008, 4.679541
 340.333333, 27.040157, 2.255632, 1.827620, 4.117532
 328.666667, 26.165314, 2.257606, 1.929006, 4.208925
 350.666667, 28.346008, 2.349810, 1.822243, 4.204373
 329.333333, 27.046559, 2.301619, 1.890688, 4.235830
 11, 21
 0.250000, 18.000000, 0.000000, 11.000000, 67.000000
 236.000000, 24.871469, 3.170904, 2.594633, 5.933616
 316.000000, 27.238397, 2.225738, 2.120253, 4.373418
 326.333333, 28.472932, 2.281920, 1.833504, 4.137896
 332.333333, 26.983952, 2.196590, 1.833501, 4.073220
 349.666667, 27.382269, 2.252622, 1.776930, 4.059104
 335.000000, 27.977114, 2.135323, 1.971144, 4.135323
 348.333333, 27.338756, 2.237321, 1.701435, 3.965550
 358.666667, 27.887546, 2.126394, 1.726766, 3.878253
 344.000000, 27.635659, 2.168605, 1.808140, 4.000000
 341.666667, 28.122927, 2.288780, 1.934634, 4.247805
 335.000000, 27.450746, 2.298507, 1.901493, 4.236816
 341.333333, 26.942383, 2.102539, 1.791992, 3.915039
 336.333333, 26.712587, 2.367691, 1.941526, 4.333994
 322.666667, 27.011364, 2.418388, 1.976240, 4.418388
 343.666667, 28.709990, 2.274491, 1.877789, 4.171678
 323.333333, 27.095876, 2.423711, 1.922680, 4.424742
 345.333333, 26.783784, 2.335907, 1.775097, 4.139961
 347.333333, 28.076775, 2.328215, 1.820537, 4.185221
 340.666667, 27.913894, 2.354207, 1.850294, 4.238748
 333.333333, 27.593000, 2.278000, 1.924000, 4.240000
 12, 21
 0.250000, 18.000000, 0.000000, 16.000000, 85.000000
 264.000000, 26.794192, 3.256313, 2.381313, 5.794192
 335.666667, 27.528302, 2.162860, 2.013903, 4.204568
 337.666667, 29.424482, 2.425469, 1.805528, 4.259625
 347.333333, 27.688100, 2.303263, 1.782150, 4.120921
 349.333333, 27.056298, 2.300573, 1.780534, 4.104008
 346.333333, 28.065448, 2.135707, 1.876805, 4.051973
 346.333333, 27.594803, 2.247353, 1.743985, 4.013474
 353.333333, 27.510377, 2.183019, 1.773585, 3.980189
 338.666667, 28.025591, 2.162402, 1.810039, 4.001969
 338.000000, 27.531558, 2.262327, 1.908284, 4.200197
 334.333333, 27.354935, 2.385842, 1.869392, 4.281157
 349.333333, 26.324427, 2.158397, 1.757634, 3.939885
 330.000000, 26.890909, 2.410101, 1.978788, 4.409091
 330.666667, 26.968750, 2.304435, 1.897177, 4.286290
 356.666667, 28.882243, 2.330841, 1.792523, 4.142991
 331.000000, 28.141994, 2.536757, 1.987915, 4.546828
 343.333333, 27.332039, 2.295146, 1.795146, 4.109709
 343.000000, 27.213800, 2.215743, 1.860058, 4.095238
 353.333333, 28.462264, 2.304717, 1.818868, 4.143396
 321.666667, 26.607254, 2.276684, 1.965803, 4.269430
 13, 21
 0.250000, 14.000000, 0.000000, 7.000000, 117.000000
 268.333333, 25.372671, 3.091925, 2.315528, 5.455901
 333.333333, 26.961000, 2.082000, 1.922000, 4.024000
 347.333333, 28.647793, 2.397313, 1.767754, 4.190019
 344.666667, 27.729207, 2.284333, 1.766925, 4.075435
 343.333333, 27.425243, 2.248544, 1.828155, 4.103883
 354.666667, 28.335526, 2.266917, 1.841165, 4.132519
 344.333333, 27.719264, 2.185866, 1.779284, 3.995160
 351.333333, 27.126186, 2.166983, 1.758065, 3.955408
 351.333333, 28.879507, 2.142315, 1.716319, 3.884250
 342.000000, 26.728070, 2.357700, 1.856725, 4.251462
 342.666667, 28.368677, 2.392996, 1.864786, 4.278210
 346.333333, 26.646776, 2.169394, 1.805582, 4.007700
 339.000000, 27.406096, 2.266470, 1.900688, 4.201573
 352.000000, 28.464015, 2.469697, 1.909091, 4.399621
 358.666667, 28.784387, 2.308550, 1.767658, 4.103160
 323.666667, 27.083419, 2.450051, 1.969104, 4.440783
 343.000000, 26.295432, 2.253644, 1.805637, 4.097182
 350.333333, 26.776403, 2.228354, 1.825880, 4.081827
 346.000000, 28.891137, 2.314066, 1.836224, 4.173410
 331.000000, 26.617321, 2.343404, 1.925478, 4.298087
 14, 21
 0.250000, 1.000000, 0.000000, 8.000000, 137.000000
 257.000000, 25.312581, 2.833982, 2.451362, 5.373541
 336.333333, 26.752230, 2.222993, 1.904856, 4.158573
 337.666667, 28.100691, 2.318855, 1.770977, 4.136229
 337.000000, 27.026706, 2.338279, 1.824926, 4.192878
 344.000000, 26.809109, 2.202519, 1.833333, 4.058140
 361.000000, 29.198523, 2.231764, 1.797784, 4.060018
 340.666667, 27.859100, 2.213307, 1.791585, 4.027397
 360.666667, 28.396488, 2.167283, 1.712569, 3.902033
 341.000000, 27.412512, 2.150538, 1.825024, 3.996090
 324.000000, 27.500000, 2.269547, 2.027778, 4.348765
 325.666667, 27.078813, 2.196520, 1.876151, 4.107472
 350.333333, 27.135109, 2.118934, 1.762131, 3.909610
 334.333333, 26.481555, 2.337986, 1.948156, 4.337986
 345.333333, 27.596525, 2.391892, 1.903475, 4.322394
 347.333333, 28.171785, 2.233205, 1.790787, 4.051823
 323.000000, 26.723426, 2.537668, 2.004128, 4.570691
 336.666667, 25.705941, 2.247525, 1.828713, 4.124752
 339.666667, 27.087341, 2.265947, 1.875368, 4.168793
 330.666667, 26.390121, 2.271169, 1.924395, 4.217742
 321.000000, 25.782970, 2.273105, 1.986501, 4.279335
 15, 21
 0.250000, 0.000000, 0.000000, 10.000000, 136.000000
 263.333333, 26.592405, 2.926582, 2.387342, 5.440506
 355.333333, 27.202627, 2.257036, 1.787054, 4.067542
 330.333333, 28.356206, 2.387487, 1.829465, 4.245207
 360.333333, 28.667900, 2.395005, 1.753006, 4.169288
 343.000000, 27.788144, 2.286686, 1.782313, 4.116618
 351.666667, 27.415166, 2.122275, 1.840758, 3.984834
 348.666667, 27.403442, 2.153920, 1.726577, 3.913958
 366.666667, 28.192727, 2.109091, 1.741818, 3.878182
 350.333333, 28.668887, 2.190295, 1.708849, 3.923882
 334.333333, 27.881356, 2.352941, 1.894317, 4.311067
 345.333333, 28.277027, 2.254826, 1.830116, 4.137066
 338.000000, 25.742604, 2.062130, 1.773176, 3.874753
 338.000000, 27.273176, 2.473373, 1.936884, 4.440828
 326.666667, 27.009184, 2.290816, 1.968367, 4.293878
 339.333333, 29.199411, 2.239686, 1.841847, 4.117878
 315.333333, 26.389006, 2.260042, 2.008457, 4.311839
 347.333333, 27.310940, 2.355086, 1.818618, 4.207294
 352.000000, 28.387311, 2.287879, 1.803977, 4.113636
 341.666667, 27.532683, 2.378537, 1.832195, 4.237073
 327.333333, 26.773931, 2.391039, 1.928717, 4.354379
 16, 21
 0.250000, 15.000000, 0.000000, 7.000000, 116.000000
 249.000000, 25.954485, 2.878179, 2.534137, 5.502008
 342.666667, 27.003891, 2.038911, 1.823930, 3.913424
 339.000000, 27.914454, 2.264503, 1.776794, 4.073746
 344.333333, 27.481123, 2.256534, 1.782188, 4.089061
 346.000000, 26.648362, 2.234104, 1.781310, 4.055877
 354.333333, 28.227658, 2.259643, 1.823142, 4.104421
 350.333333, 27.611798, 2.179829, 1.731684, 3.960990
 351.666667, 27.728910, 2.071090, 1.763033, 3.853081
 347.000000, 27.693564, 2.165226, 1.738713, 3.932757
 337.666667, 27.307009, 2.273445, 1.897335, 4.224087
 342.333333, 27.972736, 2.434275, 1.875365, 4.332035
 344.000000, 26.401163, 2.175388, 1.779070, 3.975775
 327.666667, 26.474059, 2.284842, 1.997965, 4.315361
 333.666667, 28.400599, 2.321678, 1.911089, 4.325674
 347.333333, 27.785029, 2.231286, 1.795585, 4.061420
 321.666667, 27.423834, 2.567876, 1.994819, 4.586528
 330.666667, 26.435484, 2.222782, 1.883065, 4.141129
 354.666667, 28.236842, 2.305451, 1.795113, 4.137218
 343.666667, 27.516004, 2.270611, 1.855480, 4.150339
 326.666667, 26.594898, 2.323469, 1.947959, 4.309184
 17, 21
 0.250000, 0.000000, 0.000000, 10.000000, 136.000000
 252.333333, 24.980185, 2.919419, 2.454425, 5.500661
 352.000000, 27.232008, 2.231061, 1.821970, 4.108902
 330.666667, 27.680444, 2.304435, 1.771169, 4.123992
 345.333333, 28.090734, 2.209459, 1.794402, 4.053089
 347.333333, 28.416507, 2.263916, 1.788868, 4.083493
 346.333333, 27.452358, 2.269490, 1.865255, 4.171319
 342.333333, 27.468354, 2.128530, 1.810127, 3.961052
 343.000000, 26.794947, 2.060253, 1.815355, 3.916424
 334.000000, 27.551896, 2.104790, 1.774451, 3.912176
 340.000000, 27.890196, 2.258824, 1.872549, 4.159804
 338.333333, 28.552709, 2.375369, 1.911330, 4.317241
 342.000000, 26.269981, 2.118908, 1.788499, 3.954191
 328.333333, 27.107614, 2.213198, 1.963452, 4.230457
 336.000000, 28.291667, 2.390873, 1.944444, 4.356151
 348.666667, 27.894837, 2.256214, 1.820268, 4.097514
 319.000000, 26.034483, 2.406479, 2.040752, 4.474399
 347.333333, 26.857965, 2.326296, 1.791747, 4.162188
 344.000000, 27.946705, 2.251938, 1.852713, 4.133721
 346.666667, 28.337500, 2.391346, 1.846154, 4.265385
 316.000000, 26.658228, 2.339662, 2.042194, 4.405063
 18, 21
 0.250000, 0.000000, 0.000000, 10.000000, 136.000000
 270.333333, 25.942047, 3.060419, 2.295931, 5.452528
 360.000000, 28.432407, 2.330556, 1.784259, 4.134259
 344.000000, 28.511628, 2.312016, 1.761628, 4.093992
 349.666667, 28.289800, 2.275500, 1.791230, 4.087703
 352.000000, 28.043561, 2.212121, 1.735795, 3.982955
 326.333333, 26.924413, 2.110317, 1.922370, 4.055158
 357.000000, 27.835668, 2.248366, 1.717087, 3.990663
 349.000000, 27.237822, 2.123209, 1.751671, 3.898758
 343.333333, 28.247573, 2.156311, 1.756311, 3.939806
 336.333333, 28.353816, 2.299306, 1.955401, 4.275520
 331.666667, 27.607035, 2.272362, 1.913568, 4.214070
 338.666667, 26.703740, 2.129921, 1.775591, 3.945866
 340.000000, 28.008824, 2.340196, 1.900980, 4.280392
 329.666667, 27.651163, 2.378160, 1.948433, 4.366026
 344.666667, 27.987427, 2.270793, 1.799807, 4.104449
 322.333333, 27.661841, 2.301965, 1.993795, 4.338159
 338.333333, 26.712315, 2.269951, 1.858128, 4.156650
 353.333333, 28.616981, 2.413208, 1.844340, 4.277358
 335.000000, 27.741294, 2.255721, 1.873632, 4.170149
 340.333333, 27.260529, 2.354554, 1.871694, 4.246817
 19, 21
 0.250000, 3.000000, 0.000000, 1.000000, 118.000000
 268.666667, 25.440447, 3.084367, 2.346154, 5.473945
 341.333333, 28.030273, 2.107422, 1.829102, 3.992188
 325.000000, 28.501538, 2.206154, 1.857436, 4.095385
 347.666667, 27.955896, 2.267498, 1.751678, 4.047939
 352.333333, 27.575213, 2.261116, 1.757805, 4.038789
 343.666667, 28.177498, 2.275461, 1.983511, 4.288070
 354.666667, 27.967105, 2.254699, 1.712406, 4.013158
 358.333333, 27.213953, 2.116279, 1.729302, 3.872558
 350.666667, 28.586502, 2.153042, 1.748099, 3.937262
 336.666667, 27.898020, 2.390099, 1.931683, 4.355446
 348.666667, 28.130019, 2.298279, 1.812620, 4.152964
 346.333333, 26.875842, 2.224254, 1.775746, 4.022137
 341.666667, 26.961951, 2.355122, 1.891707, 4.277073
 340.000000, 27.586275, 2.431373, 1.942157, 4.400000
 336.666667, 27.876238, 2.257426, 1.860396, 4.166337
 315.333333, 26.563425, 2.716702, 1.980973, 4.785412
 332.333333, 26.403210, 2.222668, 1.835507, 4.095286
 354.333333, 27.594544, 2.379116, 1.846660, 4.249294
 345.000000, 27.716908, 2.381643, 1.844444, 4.257971
 318.333333, 26.375916, 2.352880, 1.987435, 4.366492
 20, 21
 0.250000, 17.000000, 0.000000, 16.000000, 84.000000
 243.000000, 24.803841, 3.167353, 2.524005, 5.821674
 312.666667, 27.356077, 2.238806, 2.222814, 4.515991
 348.666667, 28.678776, 2.399618, 1.741874, 4.169216
 343.000000, 28.424684, 2.281827, 1.770651, 4.084548
 344.333333, 27.257502, 2.289448, 1.799613, 4.123911
 336.666667, 27.478218, 2.155446, 1.937624, 4.132673
 342.666667, 27.351167, 2.177043, 1.707198, 3.916342
 343.333333, 27.066990, 2.108738, 1.774757, 3.909709
 350.333333, 27.804948, 2.257850, 1.790676, 4.073264
 339.333333, 27.743615, 2.348723, 1.910609, 4.286837
 336.000000, 28.086310, 2.274802, 1.893849, 4.208333
 336.666667, 25.884158, 2.126733, 1.813861, 3.963366
 329.666667, 27.665319, 2.435794, 2.036400, 4.508595
 337.333333, 27.037549, 2.432806, 1.926877, 4.390316
 336.666667, 27.486139, 2.209901, 1.884158, 4.128713
 325.333333, 27.446721, 2.511270, 1.980533, 4.529713
 361.333333, 28.035055, 2.385609, 1.736162, 4.143911
 341.333333, 27.723633, 2.352539, 1.871094, 4.257813
 346.000000, 26.817919, 2.381503, 1.802505, 4.211946
 311.000000, 26.259378, 2.195070, 2.039657, 4.264737
 21, 21
 0.250000, 0.000000, 0.000000, 10.000000, 135.000000
 260.666667, 25.551151, 2.993606, 2.351662, 5.461637
 358.333333, 27.451163, 2.268837, 1.809302, 4.103256
 351.000000, 28.843305, 2.329535, 1.748338, 4.110161
 345.333333, 27.554054, 2.369691, 1.784749, 4.175676
 353.666667, 28.423186, 2.302545, 1.757776, 4.081998
 350.333333, 27.720266, 2.154139, 1.793530, 3.985728
 355.666667, 26.921275, 2.219306, 1.696345, 3.940019
 342.666667, 26.243191, 2.104086, 1.790856, 3.917315
 349.333333, 27.733779, 2.094466, 1.718511, 3.841603
 343.000000, 27.873664, 2.315841, 1.928086, 4.267250
 339.333333, 28.502947, 2.366405, 1.840864, 4.237721
 352.333333, 26.360454, 2.170293, 1.748344, 3.942289
 328.666667, 26.365112, 2.220081, 1.963489, 4.208925
 334.666667, 28.321713, 2.502988, 1.969124, 4.493028
 350.333333, 28.671741, 2.259753, 1.759277, 4.043768
 319.666667, 27.472367, 2.357664, 2.039625, 4.434828
 336.000000, 26.034722, 2.174603, 1.825397, 4.042659
 349.333333, 26.944656, 2.312977, 1.847328, 4.180344
 356.666667, 28.931776, 2.333645, 1.804673, 4.167290
 320.000000, 26.222917, 2.372917, 2.003125, 4.397917
 22, 21
 0.250000, 19.000000, 0.000000, 16.000000, 83.000000
 240.666667, 23.871191, 3.077562, 2.649584, 5.826870
 352.666667, 27.721172, 2.274102, 1.828922, 4.123819
 337.666667, 28.853899, 2.318855, 1.788746, 4.129319
 341.666667, 26.984390, 2.224390, 1.746341, 3.997073
 354.333333, 27.580433, 2.276576, 1.738476, 4.049859
 333.666667, 27.583417, 2.130869, 1.929071, 4.103896
 354.666667, 27.932331, 2.338346, 1.718985, 4.080827
 342.666667, 26.554475, 2.088521, 1.788911, 3.904669
 351.333333, 28.960152, 2.170778, 1.778937, 3.990512
 339.000000, 26.952802, 2.357915, 1.923304, 4.310718
 300.333333, 28.480577, 2.423973, 2.274140, 4.738069
 355.000000, 27.225352, 2.167136, 1.697653, 3.895775
 334.333333, 28.518445, 2.393819, 1.993021, 4.410768
 341.666667, 28.208780, 2.411707, 1.900488, 4.336585
 337.333333, 27.532609, 2.176877, 1.855731, 4.067194
 313.000000, 26.489883, 2.438765, 2.055378, 4.571885
 351.000000, 26.429250, 2.302944, 1.808167, 4.150047
 343.666667, 28.281280, 2.307468, 1.842871, 4.175558
 343.000000, 27.377065, 2.295432, 1.849368, 4.176871
 337.000000, 27.223541, 2.361029, 1.932740, 4.320475
 23, 21
 0.250000, 16.000000, 0.000000, 2.000000, 80.000000
 255.666667, 25.035202, 3.176010, 2.430248, 5.743155
 337.333333, 27.308300, 2.071146, 1.899209, 4.027668
 339.666667, 28.570167, 2.453386, 1.799804, 4.288518
 345.333333, 27.111004, 2.280888, 1.767375, 4.068533
 345.333333, 27.545367, 2.213320, 1.775097, 4.026062
 345.666667, 27.521697, 2.196721, 1.891032, 4.130183
 346.000000, 28.318882, 2.215800, 1.736031, 3.993256
 356.666667, 27.275701, 2.180374, 1.728037, 3.929907
 348.333333, 28.283254, 2.251675, 1.806699, 4.078469
 328.666667, 26.878296, 2.242394, 2.006085, 4.267748
 343.333333, 28.619417, 2.408738, 1.863107, 4.293204
 354.333333, 27.095955, 2.162747, 1.702728, 3.895579
 336.000000, 27.069444, 2.349206, 1.921627, 4.292659
 330.333333, 27.644803, 2.319879, 1.964682, 4.311806
 344.333333, 29.328170, 2.196515, 1.840271, 4.071636
 322.000000, 26.760870, 2.532091, 2.019669, 4.582816
 341.666667, 26.764878, 2.222439, 1.746341, 4.032195
 341.666667, 27.253659, 2.309268, 1.913171, 4.248780
 332.333333, 27.252758, 2.325978, 1.896690, 4.252758
 340.333333, 27.272282, 2.393732, 1.880509, 4.302644
 24, 21
 0.250000, 15.000000, 0.000000, 1.000000, 80.000000
 255.333333, 24.040470, 3.107050, 2.398172, 5.660574
 345.333333, 27.512548, 2.197876, 1.880309, 4.104247
 348.333333, 28.549282, 2.278469, 1.718660, 4.019139
 345.666667, 27.283510, 2.343298, 1.764706, 4.141755
 346.666667, 26.408654, 2.323077, 1.783654, 4.128846
 350.666667, 28.143536, 2.263308, 1.864068, 4.150190
 350.666667, 27.373574, 2.257605, 1.679658, 3.962928
 347.666667, 27.710451, 2.079578, 1.779482, 3.882071
 354.333333, 28.571966, 2.158043, 1.758231, 3.940734
 341.666667, 27.557073, 2.243902, 1.909268, 4.178537
 327.666667, 28.366226, 2.290946, 2.002035, 4.373347
 339.666667, 25.896958, 2.096173, 1.764475, 3.892051
 343.666667, 26.941804, 2.349176, 1.917556, 4.298739
 337.666667, 27.211254, 2.371175, 1.891412, 4.289240
 346.333333, 27.573628, 2.212705, 1.798845, 4.034649
 317.000000, 27.405889, 2.376446, 2.044164, 4.454259
 346.666667, 26.381731, 2.210577, 1.770192, 4.025962
 340.000000, 27.188235, 2.267647, 1.830392, 4.149020
 329.666667, 26.757331, 2.298281, 1.940344, 4.278059
 322.333333, 26.347466, 2.211996, 1.988625, 4.231644
 25, 21
 0.250000, 14.000000, 0.000000, 2.000000, 81.000000
 265.000000, 25.276730, 3.338365, 2.332075, 5.840252
 354.000000, 27.843691, 2.185499, 1.815443, 4.035782
 333.333333, 28.230000, 2.388000, 1.808000, 4.224000
 344.333333, 26.689255, 2.326234, 1.761859, 4.121975
 342.000000, 27.019493, 2.154971, 1.777778, 3.959064
 351.333333, 27.681214, 2.227704, 1.891841, 4.147059
 356.333333, 28.449953, 2.235734, 1.716558, 3.978485
 353.333333, 27.883019, 2.047170, 1.752830, 3.828302
 350.666667, 28.268061, 2.190114, 1.783270, 4.004753
 343.666667, 27.494665, 2.290980, 1.896217, 4.210475
 339.333333, 27.800589, 2.356582, 1.881139, 4.278978
 340.666667, 25.933464, 2.067515, 1.759295, 3.861057
 318.666667, 27.862971, 2.313808, 2.107741, 4.450837
 344.333333, 27.921588, 2.425944, 1.866409, 4.324298
 345.333333, 28.335907, 2.280888, 1.827220, 4.150579
 316.000000, 26.455696, 2.484177, 2.039030, 4.553797
 349.666667, 26.681602, 2.322212, 1.788370, 4.135367
 338.000000, 26.794872, 2.300789, 1.893491, 4.231755
 339.666667, 27.815505, 2.292444, 1.883219, 4.208047
 337.000000, 27.480712, 2.402572, 1.909001, 4.345203
 26, 21
 0.250000, 19.000000, 0.000000, 2.000000, 65.000000
 259.333333, 26.124679, 3.115681, 2.417738, 5.673522
 347.666667, 26.807287, 2.226270, 1.851390, 4.104506
 342.666667, 28.193580, 2.376459, 1.780156, 4.190661
 349.333333, 28.122137, 2.235687, 1.748092, 4.010496
 361.000000, 27.915051, 2.220683, 1.708218, 3.949215
 320.333333, 27.485952, 2.127992, 2.092612, 4.288241
 339.000000, 26.672566, 2.162242, 1.748279, 3.932153
 352.666667, 27.538752, 2.132325, 1.748582, 3.905482
 336.000000, 27.478175, 2.190476, 1.803571, 4.015873
 337.333333, 27.380435, 2.208498, 1.903162, 4.143281
 339.666667, 27.775270, 2.295388, 1.841021, 4.173700
 351.000000, 26.672365, 2.234568, 1.730294, 3.999050
 334.666667, 27.081673, 2.400398, 1.942231, 4.372510
 316.666667, 26.384211, 2.213684, 2.002105, 4.274737
 357.666667, 28.983225, 2.309413, 1.751165, 4.082945
 327.666667, 26.879959, 2.695829, 1.979654, 4.703967
 340.000000, 26.552941, 2.252941, 1.804902, 4.108824
 344.333333, 27.814134, 2.333011, 1.861568, 4.224589
 338.333333, 27.207882, 2.379310, 1.881773, 4.281773
 325.666667, 26.561924, 2.332651, 2.004094, 4.356192
 27, 21
 0.250000, 20.000000, 0.000000, 10.000000, 63.000000
 263.666667, 25.537295, 2.986094, 2.323641, 5.475348
 302.333333, 27.744212, 2.255788, 2.380375, 4.671444
 331.666667, 26.628141, 2.281407, 1.810050, 4.119598
 327.666667, 26.784334, 2.156663, 1.835198, 4.028484
 345.000000, 27.650242, 2.294686, 1.790338, 4.107246
 351.000000, 27.750237, 2.187085, 1.880342, 4.101614
 344.000000, 27.156008, 2.208333, 1.756783, 3.992248
 357.666667, 27.217148, 2.140727, 1.764212, 3.931966
 354.333333, 27.891816, 2.262465, 1.752587, 4.041392
 358.666667, 28.602230, 2.400558, 1.817844, 4.252788
 347.000000, 27.985591, 2.353506, 1.872238, 4.256484
 341.333333, 26.272461, 2.168945, 1.760742, 3.951172
 334.333333, 26.740778, 2.466600, 1.916251, 4.411765
 336.000000, 27.705357, 2.418651, 1.928571, 4.374008
 347.666667, 27.624161, 2.288591, 1.797699, 4.121764
 320.666667, 27.521830, 2.509356, 1.977131, 4.551975
 338.333333, 26.697537, 2.213793, 1.822660, 4.071921
 358.333333, 28.192558, 2.352558, 1.785116, 4.158140
 355.333333, 28.141651, 2.358349, 1.790807, 4.185741
 333.000000, 26.363363, 2.330330, 1.928929, 4.284284
 28, 21
 0.250000, 20.000000, 0.000000, 1.000000, 114.000000
 249.000000, 25.518072, 3.285141, 2.431058, 5.915663
 347.666667, 27.148610, 2.113135, 1.797699, 3.967402
 340.666667, 27.886497, 2.297456, 1.774951, 4.093933
 338.666667, 26.924213, 2.266732, 1.772638, 4.079724
 354.333333, 27.737535, 2.256820, 1.783631, 4.063029
 359.666667, 27.542169, 2.239110, 1.789620, 4.060241
 337.000000, 27.944609, 2.218595, 1.801187, 4.045500
 345.333333, 27.078185, 2.112934, 1.768340, 3.909266
 355.666667, 27.784442, 2.223055, 1.746954, 3.995314
 343.333333, 28.310680, 2.350485, 1.900971, 4.287379
 336.666667, 27.215842, 2.342574, 1.881188, 4.242574
 336.333333, 26.622398, 2.149653, 1.781962, 3.962339
 338.666667, 27.065945, 2.316929, 1.949803, 4.286417
 332.333333, 27.744233, 2.343029, 1.989970, 4.356068
 348.333333, 28.007656, 2.194258, 1.773206, 4.002871
 330.666667, 27.024194, 2.477823, 1.955645, 4.471774
 352.333333, 27.680227, 2.322611, 1.790918, 4.139073
 351.333333, 27.814991, 2.431689, 1.866224, 4.317837
 349.333333, 28.468511, 2.230916, 1.816794, 4.084924
 335.000000, 26.282587, 2.316418, 1.931343, 4.265672
 29, 21
 0.250000, 20.000000, 0.000000, 16.000000, 82.000000
 266.333333, 25.710889, 3.141427, 2.305382, 5.607009
 331.333333, 26.653924, 2.202213, 1.886318, 4.145875
 340.666667, 28.759295, 2.325832, 1.812133, 4.170254
 340.000000, 27.533333, 2.186275, 1.798039, 4.009804
 352.000000, 27.482008, 2.241477, 1.753788, 4.014205
 339.333333, 27.674853, 2.156189, 1.936149, 4.125737
 351.000000, 27.979107, 2.311491, 1.707502, 4.041785
 353.000000, 27.845137, 2.095373, 1.740321, 3.868744
 343.000000, 27.876579, 2.180758, 1.781341, 3.987366
 349.333333, 28.457061, 2.361641, 1.864504, 4.259542
 338.666667, 28.153543, 2.347441, 1.893701, 4.272638
 349.333333, 26.260496, 2.097328, 1.751908, 3.894084
 331.333333, 27.347082, 2.315895, 1.925553, 4.301811
 309.333333, 27.281250, 2.529095, 2.285560, 4.851293
 321.666667, 27.716062, 2.263212, 2.014508, 4.316062
 314.333333, 27.291622, 2.325557, 2.033934, 4.397667
 335.000000, 27.203980, 2.201990, 1.818905, 4.052736
 337.333333, 27.589921, 2.301383, 1.917984, 4.246047
 339.000000, 26.969518, 2.328417, 1.876106, 4.234022
 323.666667, 26.297631, 2.295572, 1.958805, 4.287333
 30, 21
 0.250000, 13.000000, 0.000000, 7.000000, 115.000000
 257.666667, 25.693402, 3.040103, 2.388098, 5.487710
 349.666667, 26.384175, 2.207817, 1.823642, 4.073403
 351.000000, 28.602089, 2.343780, 1.714150, 4.085470
 353.666667, 27.104618, 2.331762, 1.741753, 4.103676
 351.000000, 27.358025, 2.252612, 1.772080, 4.052232
 334.333333, 27.451645, 2.195414, 1.914257, 4.159521
 347.000000, 27.542747, 2.221902, 1.723343, 3.983670
 346.333333, 27.386910, 2.069297, 1.779596, 3.882579
 350.666667, 28.983840, 2.147338, 1.784221, 3.963878
 331.666667, 27.768844, 2.265327, 1.872362, 4.197990
 348.000000, 27.818966, 2.358238, 1.841954, 4.224138
 349.333333, 26.942748, 2.155534, 1.709924, 3.895992
 343.333333, 27.373786, 2.349515, 1.904854, 4.287379
 333.666667, 27.101898, 2.408591, 1.954046, 4.397602
 349.000000, 27.807068, 2.272206, 1.768863, 4.069723
 328.666667, 27.581136, 2.620690, 2.004057, 4.645030
 345.000000, 27.090821, 2.297585, 1.817391, 4.144928
 339.666667, 27.790972, 2.350343, 1.930324, 4.304220
 348.666667, 28.073614, 2.354685, 1.847992, 4.227533
 323.666667, 25.891864, 2.380021, 1.989701, 4.398558
 31, 21
 0.250000, 19.000000, 0.000000, 10.000000, 63.000000
 242.000000, 26.217631, 3.393939, 2.612948, 6.170799
 346.000000, 27.890173, 2.293834, 1.872832, 4.203276
 335.000000, 27.687562, 2.343284, 1.833831, 4.197015
 338.000000, 27.333333, 2.237673, 1.808679, 4.071992
 344.000000, 27.398256, 2.281977, 1.803295, 4.104651
 343.333333, 27.284466, 2.207767, 1.887379, 4.118447
 344.333333, 26.943853, 2.172314, 1.744434, 3.948693
 352.333333, 26.825922, 2.152318, 1.729423, 3.903500
 349.000000, 27.760267, 2.200573, 1.779370, 4.002865
 343.333333, 28.138835, 2.300971, 1.941748, 4.273786
 345.666667, 28.067502, 2.420444, 1.830280, 4.309547
 342.333333, 26.304771, 2.194742, 1.756573, 3.992210
 337.666667, 27.608095, 2.357354, 1.968411, 4.356367
 324.333333, 27.570401, 2.371017, 2.026721, 4.432682
 349.666667, 29.500477, 2.287893, 1.841754, 4.152526
 324.666667, 26.656057, 2.614990, 1.972279, 4.618070
 353.333333, 26.829245, 2.353774, 1.765094, 4.151887
 339.666667, 27.686948, 2.337586, 1.903827, 4.269872
 351.666667, 27.020853, 2.411374, 1.809479, 4.246445
 328.333333, 26.041624, 2.326904, 1.963452, 4.308629
Histogram
0 0 0 121 487 30 2 0 0 0 0 0 0 0 0 0 0 0 0 0 0 0 0 0 0 0 0 0 0 0 0 0 0 0 0 0 0 0 0 0 0 0 0 0 0 0 0 0 0 0 0 0 0 0 0 0 0 1 0 0 0 0 0 2 0 1 0 2 0 0 0 0 0 0 0 0 0 0 0 0 2 1 1 1 1 1 1 0 0 0 0 0 0 0 0 0 0 0 0 18 
Cache Miss Ratio
3.116235587410408E-4
Average number of keys
1.0
numOfSets
0
numOfGets
651427
numOfMultiGets
0
