 0, 21
 0.200000, 135.000000, 0.000000, 13.000000, 807.000000
 423.000000, 169.990544, 58.460993, 2.165485, 60.814815
 541.333333, 169.040640, 39.252463, 1.822044, 41.097291
 552.333333, 168.895594, 38.406759, 1.786964, 40.216053
 554.000000, 168.572202, 37.953069, 1.781588, 39.756318
 532.000000, 168.382832, 39.489975, 1.848997, 41.367794
 522.000000, 169.295019, 40.263091, 1.891443, 42.176884
 522.000000, 169.528097, 40.860153, 1.893997, 42.774585
 543.666667, 169.014715, 38.860208, 1.816677, 40.702636
 562.333333, 168.550682, 37.526971, 1.756372, 39.304090
 537.000000, 168.301676, 39.072005, 1.846679, 40.940410
 534.333333, 169.001871, 39.859014, 1.849033, 41.729881
 548.666667, 168.975091, 38.805589, 1.769745, 40.627582
 530.333333, 168.751728, 39.392835, 1.862979, 41.277184
 492.000000, 169.403117, 42.937669, 2.010163, 44.973577
 542.000000, 169.062731, 39.051046, 1.823493, 40.895449
 498.000000, 169.374833, 42.403614, 1.985944, 44.413655
 454.333333, 169.170946, 46.738078, 2.176816, 48.938371
 554.333333, 168.472640, 37.856284, 1.780517, 39.659050
 555.666667, 168.535693, 38.190762, 1.776245, 39.989802
 541.666667, 130.632615, 30.475692, 1.824000, 32.321231
 1, 21
 0.200000, 133.000000, 1.000000, 14.000000, 807.000000
 434.666667, 169.190184, 57.388804, 2.123466, 59.677914
 541.000000, 169.308071, 39.293900, 1.822551, 41.144794
 546.333333, 168.928615, 38.330689, 1.807200, 40.159243
 556.333333, 168.591971, 37.953865, 1.774715, 39.749551
 531.333333, 168.157465, 39.562735, 1.859473, 41.442911
 521.666667, 169.292013, 40.332268, 1.895847, 42.247923
 517.333333, 169.715206, 40.833763, 1.897552, 42.764175
 545.666667, 169.113012, 38.794746, 1.810018, 40.626145
 560.000000, 168.378571, 37.524405, 1.763095, 39.308929
 534.000000, 168.413233, 39.053683, 1.856429, 40.931336
 535.333333, 168.872354, 39.803861, 1.843711, 41.669988
 543.666667, 168.537707, 38.727161, 1.816677, 40.565297
 533.666667, 168.717676, 39.412242, 1.850718, 41.285447
 494.333333, 169.292650, 43.015509, 1.999326, 45.037761
 546.666667, 168.917683, 38.992683, 1.807317, 40.821951
 499.000000, 169.377422, 42.398130, 1.981296, 44.401470
 452.000000, 169.146018, 47.007375, 2.179204, 49.219027
 556.000000, 168.332134, 37.830336, 1.773381, 39.627698
 552.000000, 168.577295, 38.227657, 1.785628, 40.038647
 540.000000, 130.522840, 30.466667, 1.830247, 32.317284
 2, 21
 0.200000, 136.000000, 0.000000, 12.000000, 805.000000
 411.666667, 169.889069, 59.737652, 2.248583, 62.154656
 540.000000, 168.751235, 39.188272, 1.829012, 41.041358
 546.333333, 168.512508, 38.296522, 1.809030, 40.125076
 555.000000, 168.441441, 37.997598, 1.778378, 39.797598
 534.333333, 168.568933, 39.625702, 1.850281, 41.500312
 528.333333, 169.297161, 40.330599, 1.871293, 42.221451
 516.666667, 169.584516, 40.854839, 1.912258, 42.789677
 544.666667, 169.103427, 38.725214, 1.810282, 40.559976
 561.000000, 168.322044, 37.527629, 1.760547, 39.308972
 536.000000, 168.282338, 38.981343, 1.848259, 40.851990
 537.000000, 169.190565, 39.867163, 1.839230, 41.728119
 546.000000, 169.175214, 38.834554, 1.805861, 40.665446
 533.666667, 168.667083, 39.379763, 1.851968, 41.252967
 501.000000, 169.259481, 43.011311, 1.973387, 45.006653
 538.666667, 168.691832, 38.955446, 1.834777, 40.811262
 500.666667, 169.415446, 42.623835, 1.976032, 44.620506
 450.000000, 168.911111, 46.911111, 2.200741, 49.132593
 558.333333, 168.417313, 37.896716, 1.768955, 39.686567
 552.333333, 168.465902, 38.125528, 1.786964, 39.934822
 543.333333, 130.443558, 30.487117, 1.816564, 32.326380
 3, 21
 0.200000, 134.000000, 0.000000, 12.000000, 806.000000
 426.000000, 169.474961, 58.386541, 2.140845, 60.725352
 540.000000, 169.524074, 39.341975, 1.827160, 41.191358
 549.666667, 168.646452, 38.297150, 1.795634, 40.119466
 554.333333, 168.439567, 37.953698, 1.777511, 39.755863
 533.333333, 168.192500, 39.512500, 1.854375, 41.386875
 520.666667, 169.224712, 40.275928, 1.897567, 42.193982
 525.000000, 169.747937, 40.961270, 1.882540, 42.864762
 544.333333, 169.170239, 38.921617, 1.791794, 40.762400
 561.666667, 168.642730, 37.510386, 1.758457, 39.288427
 534.333333, 168.419214, 39.078603, 1.855271, 40.955708
 537.333333, 168.957196, 39.896402, 1.838089, 41.756824
 542.666667, 168.748771, 38.748771, 1.819410, 40.590295
 536.666667, 168.927329, 39.428571, 1.839752, 41.295652
 495.666667, 169.371890, 42.843309, 1.993275, 44.864156
 539.666667, 169.061767, 39.075973, 1.829524, 40.927733
 500.000000, 169.332000, 42.509333, 1.978667, 44.508667
 455.000000, 169.222711, 46.847619, 2.174359, 49.044689
 557.000000, 168.508079, 37.868342, 1.771993, 39.662478
 550.666667, 168.555085, 38.195521, 1.790557, 40.010896
 540.333333, 131.034547, 30.505244, 1.827884, 32.355953
 4, 21
 0.200000, 130.000000, 0.000000, 12.000000, 806.000000
 425.000000, 169.640000, 58.789020, 2.149020, 61.130980
 539.333333, 168.974660, 39.223733, 1.823239, 41.074784
 548.666667, 168.503645, 38.261239, 1.800122, 40.082017
 556.333333, 168.672858, 38.023367, 1.772918, 39.823247
 534.000000, 167.995630, 39.502497, 1.848939, 41.377653
 523.333333, 169.409554, 40.271338, 1.889172, 42.185350
 523.666667, 169.594526, 40.926798, 1.887333, 42.835137
 543.000000, 169.237569, 38.877839, 1.817680, 40.717618
 562.000000, 168.562278, 37.493476, 1.758007, 39.275208
 536.000000, 168.771766, 39.156095, 1.844527, 41.024876
 534.000000, 169.036829, 39.901998, 1.849563, 41.772784
 542.333333, 168.525507, 38.673632, 1.815612, 40.511985
 533.333333, 168.596875, 39.427500, 1.853750, 41.301875
 492.333333, 169.392688, 43.054841, 2.008125, 45.085308
 545.333333, 168.948044, 39.014059, 1.811736, 40.847188
 499.000000, 169.390114, 42.503674, 1.982632, 44.507014
 453.666667, 168.995591, 47.099192, 2.178545, 49.301984
 553.000000, 168.468957, 37.822785, 1.781193, 39.630500
 553.000000, 168.426160, 38.133213, 1.784810, 39.939723
 540.333333, 129.976558, 30.370759, 1.820481, 32.220234
 5, 21
 0.200000, 135.000000, 0.000000, 12.000000, 806.000000
 429.000000, 169.724165, 58.109557, 2.159285, 60.426573
 539.000000, 168.972171, 39.221398, 1.829314, 41.072975
 549.666667, 168.919345, 38.362038, 1.795634, 40.180109
 551.666667, 168.301511, 37.984290, 1.791541, 39.795166
 531.333333, 168.014429, 39.464868, 1.845671, 41.345044
 524.666667, 169.364041, 40.292249, 1.882465, 42.195680
 520.333333, 169.754644, 40.871236, 1.900705, 42.797566
 541.000000, 169.176217, 38.741220, 1.825015, 40.588417
 560.333333, 168.342653, 37.449732, 1.762641, 39.233195
 535.666667, 168.484754, 39.034848, 1.850653, 40.907281
 537.000000, 168.846679, 39.905028, 1.839851, 41.766605
 544.333333, 168.633190, 38.713411, 1.815064, 40.549296
 533.333333, 169.144375, 39.446875, 1.851875, 41.321250
 492.666667, 169.190798, 42.918809, 2.004060, 44.947226
 539.333333, 169.079728, 39.037083, 1.833127, 40.890606
 497.666667, 169.482920, 42.645680, 1.987944, 44.654387
 451.333333, 168.850812, 46.886263, 2.193501, 49.100443
 556.333333, 168.708808, 37.937687, 1.774116, 39.732774
 551.666667, 168.656193, 38.149245, 1.790937, 39.960725
 542.000000, 130.279213, 30.440959, 1.823493, 32.284748
 6, 21
 0.200000, 131.000000, 0.000000, 14.000000, 806.000000
 436.666667, 169.741985, 58.179389, 2.128244, 60.458015
 538.000000, 168.695167, 39.155514, 1.835812, 41.011772
 549.333333, 168.793689, 38.319782, 1.797330, 40.138350
 555.333333, 168.446579, 37.999400, 1.773109, 39.802521
 532.333333, 168.369443, 39.634314, 1.855354, 41.510958
 523.333333, 169.456051, 40.347771, 1.887261, 42.257325
 519.000000, 169.701991, 40.807322, 1.894027, 42.732177
 546.000000, 168.942002, 38.833944, 1.809524, 40.666056
 561.000000, 168.238265, 37.438503, 1.760547, 39.220440
 534.000000, 168.588639, 38.984395, 1.854557, 40.862672
 533.000000, 168.938712, 39.881176, 1.854909, 41.756723
 543.666667, 168.779277, 38.733292, 1.814838, 40.570202
 535.000000, 168.669782, 39.424922, 1.846106, 41.293458
 492.666667, 169.150203, 42.916779, 2.002706, 44.939783
 544.000000, 169.038603, 39.026348, 1.816176, 40.863971
 497.666667, 169.164099, 42.569993, 1.987274, 44.578031
 453.666667, 168.963262, 46.705364, 2.182219, 48.908156
 553.666667, 168.590006, 37.874172, 1.779049, 39.683323
 549.333333, 168.554005, 38.171117, 1.796723, 39.993932
 541.000000, 130.721503, 30.494763, 1.819470, 32.341959
 7, 21
 0.200000, 132.000000, 0.000000, 14.000000, 806.000000
 427.333333, 169.743370, 59.003120, 2.177067, 61.336193
 542.333333, 168.840811, 39.262446, 1.820529, 41.108175
 550.333333, 168.952756, 38.393701, 1.794064, 40.208964
 554.000000, 168.656438, 38.009627, 1.782792, 39.812876
 531.000000, 168.556183, 39.701820, 1.860640, 41.583176
 523.666667, 169.079567, 40.285805, 1.885423, 42.191598
 519.000000, 169.550417, 40.793192, 1.902376, 42.719974
 542.000000, 169.033825, 38.792743, 1.822878, 40.637761
 561.666667, 168.595252, 37.507418, 1.758457, 39.286053
 535.666667, 168.487243, 39.011823, 1.848164, 40.884256
 535.333333, 168.786426, 39.916563, 1.846202, 41.783313
 547.333333, 168.865408, 38.765530, 1.799026, 40.595615
 532.666667, 168.668335, 39.402378, 1.851690, 41.279099
 490.333333, 169.247451, 42.981645, 2.008838, 45.019714
 540.000000, 168.759877, 38.996296, 1.827778, 40.847531
 497.666667, 169.365707, 42.395177, 1.988614, 44.403885
 453.333333, 168.688235, 46.676471, 2.178676, 48.881618
 551.000000, 168.581367, 37.909256, 1.788264, 39.727163
 552.000000, 168.448671, 38.100242, 1.789251, 39.911232
 539.666667, 130.720815, 30.529957, 1.830142, 32.382335
Histogram
0 0 0 0 0 0 0 0 0 0 0 0 0 0 0 0 0 0 0 0 0 0 0 0 0 0 0 0 0 0 0 0 8 0 0 0 0 0 0 30 41 33 16 0 12 4 0 0 3 5 0 0 0 0 0 0 0 0 0 1 4 2 1 0 0 0 0 0 0 0 0 0 0 0 0 0 0 0 0 0 0 0 0 0 0 0 0 0 0 0 0 0 0 0 0 0 0 0 0 8 
Cache Miss Ratio
7.572560511463357E-4
Average number of keys
1.0
numOfSets
0
numOfGets
253547
numOfMultiGets
0
