 0, 20
 0.250000, 43.000000, 0.000000, 8.000000, 50.000000
 611.333333, 67.328244, 14.513631, 1.541439, 16.137950
 744.000000, 67.895161, 11.715054, 1.318996, 13.059588
 724.000000, 68.728361, 11.931400, 1.358656, 13.311234
 706.666667, 69.109434, 12.311321, 1.391038, 13.724057
 733.000000, 68.504775, 11.642565, 1.341064, 13.005912
 728.333333, 68.488787, 11.741419, 1.347826, 13.113501
 749.000000, 68.033823, 11.474855, 1.310191, 12.808634
 699.666667, 68.688899, 12.091472, 1.404002, 13.519295
 652.000000, 68.898262, 13.295501, 1.510225, 14.827710
 731.333333, 68.402005, 11.657703, 1.341386, 13.020966
 716.000000, 67.944134, 11.893389, 1.367784, 13.288641
 725.000000, 68.527356, 11.810575, 1.355862, 13.188046
 732.666667, 68.277070, 11.781165, 1.338490, 13.145132
 738.000000, 68.519422, 11.765131, 1.333785, 13.119241
 748.000000, 67.781194, 11.438503, 1.310606, 12.776738
 729.333333, 68.412706, 11.859232, 1.347349, 13.228976
 737.666667, 67.564392, 11.478536, 1.330773, 12.832806
 708.666667, 68.226717, 11.998119, 1.384760, 13.407808
 741.333333, 67.011241, 11.214928, 1.327338, 12.566547
 1, 20
 0.250000, 42.000000, 3.000000, 9.000000, 50.000000
 584.333333, 67.888192, 14.353679, 1.621791, 16.057045
 725.333333, 67.474265, 11.602022, 1.344210, 12.978860
 726.000000, 68.105142, 11.850321, 1.350781, 13.224059
 706.000000, 68.607649, 12.236072, 1.378659, 13.650614
 734.666667, 68.039927, 11.636570, 1.338022, 12.996824
 729.000000, 68.053041, 11.673983, 1.348880, 13.044353
 728.000000, 67.376832, 11.316392, 1.348901, 12.692308
 706.666667, 68.130660, 12.116509, 1.388679, 13.532547
 658.000000, 68.614995, 13.217325, 1.489868, 14.735056
 731.666667, 67.543052, 11.622779, 1.343052, 12.991800
 713.333333, 68.085047, 11.885047, 1.380374, 13.285981
 720.000000, 68.922685, 11.840741, 1.362963, 13.225463
 730.000000, 68.136986, 11.720548, 1.347945, 13.088584
 733.000000, 68.712142, 11.856753, 1.342883, 13.220555
 740.000000, 68.313514, 11.536036, 1.327928, 12.885586
 721.333333, 68.410351, 11.786506, 1.361368, 13.170980
 732.666667, 67.508644, 11.491356, 1.341674, 12.855323
 699.333333, 67.417064, 12.031935, 1.397045, 13.460439
 754.333333, 67.121962, 11.257623, 1.303579, 12.582855
 2, 20
 0.250000, 42.000000, 2.000000, 8.000000, 50.000000
 587.333333, 68.053348, 14.595346, 1.629966, 16.288309
 730.666667, 67.731752, 11.665602, 1.343978, 13.031934
 715.666667, 68.461574, 11.923614, 1.371681, 13.318584
 703.000000, 68.864865, 12.366050, 1.391655, 13.787103
 739.666667, 67.898152, 11.651194, 1.327625, 13.001352
 730.000000, 68.455251, 11.810959, 1.345205, 13.179452
 745.333333, 67.780411, 11.347496, 1.315295, 12.687835
 701.666667, 67.852257, 12.046081, 1.401900, 13.469359
 647.666667, 68.569738, 13.528049, 1.512609, 15.071024
 729.000000, 67.808871, 11.597622, 1.350251, 12.968450
 710.000000, 68.084977, 11.861502, 1.377465, 13.268545
 727.333333, 68.505041, 11.880385, 1.347388, 13.247938
 722.000000, 68.504155, 11.783010, 1.360111, 13.165743
 716.000000, 68.312849, 11.741620, 1.371508, 13.137337
 728.000000, 67.972527, 11.493590, 1.348443, 12.869048
 716.333333, 68.921824, 11.867380, 1.373197, 13.266170
 744.666667, 67.504924, 11.518800, 1.318711, 12.860788
 712.333333, 67.582592, 11.891437, 1.382312, 13.294806
 749.333333, 67.338078, 11.241993, 1.307384, 12.575623
 3, 20
 0.250000, 44.000000, 2.000000, 8.000000, 49.000000
 590.333333, 67.067194, 14.280068, 1.584980, 15.965556
 724.666667, 67.228611, 11.678473, 1.349586, 13.052898
 708.666667, 68.667921, 11.931326, 1.383349, 13.339605
 702.000000, 69.070275, 12.270655, 1.397911, 13.694207
 724.666667, 67.890524, 11.595216, 1.356026, 12.972861
 730.000000, 68.246575, 11.707763, 1.347032, 13.076256
 747.666667, 67.793580, 11.342399, 1.315649, 12.679001
 722.666667, 68.669280, 12.231089, 1.360240, 13.613469
 670.000000, 68.770149, 13.197015, 1.468657, 14.688060
 739.333333, 68.049594, 11.555005, 1.327322, 12.906222
 717.000000, 68.218503, 11.966527, 1.371455, 13.359368
 723.666667, 68.787655, 11.822202, 1.360663, 13.203593
 720.666667, 68.063367, 11.736355, 1.364940, 13.122572
 725.333333, 68.743566, 11.820313, 1.356618, 13.198070
 736.000000, 67.760870, 11.469656, 1.335145, 12.826993
 728.000000, 68.386447, 11.818681, 1.349817, 13.191850
 724.333333, 67.510354, 11.489646, 1.352508, 12.874827
 711.666667, 68.308197, 12.116628, 1.382670, 13.520843
 745.666667, 67.651319, 11.347787, 1.310684, 12.687081
 4, 20
 0.250000, 44.000000, 2.000000, 8.000000, 49.000000
 574.333333, 67.710969, 14.341846, 1.651190, 16.070807
 728.666667, 67.713632, 11.643184, 1.345837, 13.016926
 716.666667, 68.371628, 11.945116, 1.367442, 13.335349
 701.666667, 68.659857, 12.177672, 1.398100, 13.600950
 744.666667, 68.368845, 11.631155, 1.318711, 12.977171
 727.000000, 68.205869, 11.729940, 1.345254, 13.104081
 748.666667, 67.920303, 11.360196, 1.313446, 12.695013
 705.000000, 68.678960, 12.138061, 1.392435, 13.555556
 653.333333, 68.005612, 13.181633, 1.504592, 14.707653
 732.666667, 67.560965, 11.593722, 1.338035, 12.956779
 714.666667, 67.954757, 11.852146, 1.375000, 13.250000
 729.666667, 69.493376, 11.978529, 1.346734, 13.349931
 720.333333, 68.462286, 11.779269, 1.364646, 13.166127
 712.333333, 68.779130, 11.802527, 1.380908, 13.204492
 741.666667, 68.343820, 11.530787, 1.323596, 12.877303
 723.000000, 68.726602, 11.910097, 1.360535, 13.291840
 717.333333, 67.302974, 11.355948, 1.365706, 12.749535
 706.333333, 67.770647, 11.989618, 1.386975, 13.402548
 759.333333, 67.887621, 11.294118, 1.295874, 12.612379
 5, 20
 0.250000, 40.000000, 2.000000, 8.000000, 50.000000
 600.333333, 67.575791, 14.308717, 1.561910, 15.966130
 734.333333, 67.574671, 11.626872, 1.337267, 12.985928
 714.333333, 68.201120, 11.810079, 1.374708, 13.207653
 711.666667, 68.628103, 12.164403, 1.381265, 13.566276
 741.000000, 67.818713, 11.675664, 1.323887, 13.023392
 720.000000, 68.162963, 11.788426, 1.364815, 13.175926
 740.000000, 67.432883, 11.360811, 1.329730, 12.710811
 694.000000, 68.360231, 12.168588, 1.406340, 13.609030
 649.000000, 68.812532, 13.280431, 1.518233, 14.823832
 722.000000, 67.865189, 11.538319, 1.359649, 12.920591
 722.333333, 68.173973, 11.861560, 1.361329, 13.246424
 721.666667, 68.628637, 11.862818, 1.362125, 13.253580
 731.333333, 68.402917, 11.765269, 1.344120, 13.131267
 732.000000, 68.502732, 11.845173, 1.344262, 13.210383
 735.333333, 67.887579, 11.531278, 1.332729, 12.889393
 734.000000, 68.504541, 11.771117, 1.340599, 13.132607
 730.666667, 67.388230, 11.537409, 1.343066, 12.904653
 702.666667, 67.657495, 11.957306, 1.400854, 13.379981
 752.000000, 67.629433, 11.350621, 1.306294, 12.679521
 6, 20
 0.250000, 39.000000, 2.000000, 9.000000, 50.000000
 590.000000, 67.639548, 14.733898, 1.618079, 16.419209
 729.000000, 67.445359, 11.664838, 1.346594, 13.034751
 724.666667, 68.548758, 11.927323, 1.357406, 13.304968
 688.666667, 68.990803, 12.221200, 1.419652, 13.670378
 740.666667, 67.973897, 11.627363, 1.326733, 12.975698
 728.000000, 68.051740, 11.726190, 1.352106, 13.098443
 738.666667, 67.205776, 11.310469, 1.328069, 12.663357
 700.666667, 68.450048, 12.109895, 1.405804, 13.535680
 656.000000, 68.098069, 13.251016, 1.458841, 14.773882
 736.333333, 68.111363, 11.602988, 1.335446, 12.959710
 721.333333, 68.327172, 11.971811, 1.360444, 13.354898
 723.000000, 68.902720, 11.904103, 1.355924, 13.285385
 719.000000, 68.059805, 11.797867, 1.367640, 13.187761
 733.666667, 68.346206, 11.789641, 1.341663, 13.151749
 745.333333, 68.187388, 11.487478, 1.318426, 12.830948
 732.000000, 68.484973, 11.831967, 1.346084, 13.196721
 730.000000, 67.627854, 11.488584, 1.345205, 12.857534
 709.000000, 67.933239, 12.022567, 1.387870, 13.434885
 747.333333, 67.358608, 11.246655, 1.312667, 12.580285
 7, 20
 0.250000, 44.000000, 2.000000, 8.000000, 48.000000
 584.666667, 67.812429, 14.651083, 1.623147, 16.347777
 724.000000, 67.482505, 11.616943, 1.355893, 12.995856
 722.333333, 68.630365, 11.948777, 1.359022, 13.330872
 698.333333, 69.121241, 12.342721, 1.408115, 13.771838
 722.000000, 67.923823, 11.606648, 1.360572, 12.993075
 727.333333, 67.809349, 11.672777, 1.350137, 13.049496
 749.000000, 67.450378, 11.275478, 1.312862, 12.612372
 698.000000, 68.202483, 12.115091, 1.411175, 13.547278
 645.000000, 68.681137, 13.188630, 1.521964, 14.737468
 740.000000, 67.875225, 11.510360, 1.329279, 12.859910
 716.000000, 68.225326, 11.834264, 1.375233, 13.232775
 716.000000, 68.659683, 11.923184, 1.374302, 13.320298
 711.666667, 68.161124, 11.770960, 1.381733, 13.174707
 719.333333, 68.699722, 11.811863, 1.368397, 13.200649
 737.666667, 68.250339, 11.556258, 1.332580, 12.913240
 723.000000, 68.754265, 11.803135, 1.360996, 13.185339
 753.333333, 67.696018, 11.450000, 1.303097, 12.776991
 712.000000, 67.755618, 12.052903, 1.380618, 13.455993
 742.333333, 67.344859, 11.328244, 1.324203, 12.674001
Histogram
0 0 0 0 0 0 0 0 0 0 0 0 47 89 7 3 6 0 0 0 0 0 0 0 0 0 0 0 0 0 0 0 0 0 0 0 0 0 0 0 0 0 0 0 0 0 0 0 1 2 5 0 0 0 0 0 0 0 0 0 0 0 0 0 0 0 0 0 0 0 0 0 0 0 0 0 0 0 0 0 0 0 0 0 0 0 0 0 0 0 0 0 0 0 0 0 0 0 0 0 
Cache Miss Ratio
5.596851770878881E-4
Average number of keys
1.0
numOfSets
0
numOfGets
343050
numOfMultiGets
0
