 0, 32
S, 122.333333, 3.542234, 0.762943, 2.108992, 2.910082
S, 138.333333, 3.101205, 0.592771, 1.807229, 2.431325
S, 113.666667, 8.360704, 2.492669, 6.413490, 8.956012
S, 132.333333, 6.690176, 1.534005, 3.204030, 4.778338
S, 144.666667, 3.951613, 0.652074, 1.615207, 2.299539
S, 137.666667, 2.893462, 0.464891, 1.903148, 2.401937
S, 107.666667, 9.792570, 2.956656, 7.077399, 10.083591
S, 128.666667, 8.577720, 1.818653, 3.142487, 5.002591
S, 137.666667, 2.653753, 0.406780, 1.539952, 1.983051
S, 138.000000, 2.570048, 0.449275, 1.698068, 2.181159
S, 111.000000, 10.021021, 3.024024, 6.882883, 9.960961
S, 131.333333, 4.535533, 1.000000, 2.997462, 4.035533
S, 136.333333, 2.051345, 0.452323, 1.865526, 2.349633
S, 127.666667, 6.446475, 1.167102, 2.091384, 3.300261
S, 119.000000, 11.666667, 3.358543, 6.577031, 9.985994
S, 134.333333, 4.972705, 1.213400, 3.496278, 4.749380
S, 65.000000, 10.584615, 1.066667, 2.425641, 3.528205
M, 72.333333, 9.511521, 0.433180, 0.797235, 1.276498, 0.000000, 0.000000, 0.000000
M, 133.666667, 2.573566, 0.206983, 1.052369, 1.299252, 0.000000, 0.000000, 0.000000
M, 135.333333, 6.970443, 0.399015, 0.596059, 1.027094, 0.000000, 0.000000, 0.000000
M, 134.000000, 2.947761, 0.186567, 0.447761, 0.666667, 0.000000, 0.000000, 0.000000
M, 139.333333, 2.928230, 0.177033, 0.416268, 0.629187, 0.000000, 0.000000, 0.000000
M, 145.000000, 4.427586, 0.239080, 0.574713, 0.850575, 0.000000, 0.002299, 0.000000
M, 139.666667, 1.639618, 0.212411, 0.656325, 0.926014, 0.002387, 0.000000, 0.000000
M, 144.000000, 2.724537, 0.192130, 0.518519, 0.754630, 0.000000, 0.000000, 0.000000
M, 148.666667, 3.647982, 0.170404, 0.410314, 0.614350, 0.000000, 0.000000, 0.000000
M, 153.000000, 2.799564, 0.143791, 0.374728, 0.553377, 0.000000, 0.000000, 0.000000
M, 134.333333, 2.707196, 0.143921, 0.426799, 0.605459, 0.002481, 0.000000, 0.000000
M, 140.000000, 2.445238, 0.173810, 0.473810, 0.683333, 0.000000, 0.000000, 0.000000
M, 141.000000, 2.683215, 0.321513, 0.723404, 1.089835, 0.002364, 0.000000, 0.000000
M, 140.333333, 2.418052, 0.289786, 0.966746, 1.311164, 0.002375, 0.000000, 0.000000
M, 144.666667, 3.928571, 0.200461, 0.483871, 0.716590, 0.000000, 0.000000, 0.000000
 1, 32
S, 120.666667, 3.632597, 0.784530, 2.146409, 2.969613
S, 138.000000, 3.050725, 0.565217, 1.855072, 2.502415
S, 115.333333, 9.156069, 2.615607, 6.679191, 9.346821
S, 125.000000, 5.746667, 1.480000, 3.237333, 4.752000
S, 143.000000, 3.517483, 0.543124, 1.641026, 2.319347
S, 137.333333, 2.837379, 0.516990, 1.929612, 2.480583
S, 108.666667, 9.837423, 2.803681, 7.279141, 10.131902
S, 131.000000, 7.727735, 1.750636, 3.167939, 4.956743
S, 144.666667, 2.665899, 0.421659, 1.601382, 2.052995
S, 139.000000, 2.642686, 0.429257, 1.652278, 2.112710
S, 109.000000, 11.226300, 3.336391, 6.944954, 10.339450
S, 127.333333, 4.125654, 1.073298, 3.065445, 4.178010
S, 128.333333, 2.096104, 0.477922, 1.961039, 2.472727
S, 131.333333, 6.200508, 1.106599, 2.025381, 3.164975
S, 111.333333, 11.326347, 3.350299, 6.898204, 10.302395
S, 124.666667, 4.729947, 1.114973, 3.636364, 4.788770
S, 64.333333, 7.445596, 0.860104, 2.238342, 3.139896
M, 69.333333, 6.908654, 0.475962, 0.807692, 1.326923, 0.000000, 0.000000, 0.000000
M, 137.666667, 2.845036, 0.222760, 1.019370, 1.278450, 0.000000, 0.000000, 0.000000
M, 146.333333, 7.284738, 0.387244, 0.553531, 0.970387, 0.000000, 0.000000, 0.000000
M, 147.333333, 3.506787, 0.199095, 0.414027, 0.647059, 0.000000, 0.000000, 0.000000
M, 144.333333, 3.526559, 0.150115, 0.376443, 0.561201, 0.000000, 0.000000, 0.000000
M, 139.666667, 3.947494, 0.243437, 0.556086, 0.835322, 0.000000, 0.000000, 0.000000
M, 143.666667, 1.726218, 0.197216, 0.614849, 0.867749, 0.002320, 0.000000, 0.000000
M, 138.666667, 2.360577, 0.187500, 0.564904, 0.793269, 0.000000, 0.000000, 0.000000
M, 141.000000, 3.056738, 0.158392, 0.423168, 0.617021, 0.000000, 0.000000, 0.000000
M, 143.666667, 2.487239, 0.143852, 0.366589, 0.545244, 0.000000, 0.000000, 0.000000
M, 141.333333, 3.115566, 0.158019, 0.436321, 0.627358, 0.000000, 0.000000, 0.000000
M, 140.333333, 3.083135, 0.180523, 0.494062, 0.710214, 0.000000, 0.000000, 0.000000
M, 143.000000, 2.822844, 0.261072, 0.720280, 1.025641, 0.000000, 0.000000, 0.000000
M, 145.666667, 2.189931, 0.279176, 0.951945, 1.283753, 0.002288, 0.000000, 0.000000
M, 138.333333, 3.571084, 0.202410, 0.506024, 0.742169, 0.000000, 0.000000, 0.000000
 2, 32
S, 112.333333, 2.756677, 0.762611, 2.246291, 3.050445
S, 131.000000, 2.918575, 0.559796, 1.857506, 2.447837
S, 109.000000, 8.290520, 2.418960, 6.880734, 9.348624
S, 127.666667, 6.067885, 1.503916, 3.383812, 4.924282
S, 134.333333, 3.749380, 0.612903, 1.786600, 2.431762
S, 142.000000, 2.950704, 0.521127, 1.880282, 2.434272
S, 115.000000, 10.634783, 2.736232, 6.724638, 9.507246
S, 120.333333, 8.357341, 1.878116, 3.299169, 5.216066
S, 137.333333, 2.169903, 0.412621, 1.550971, 1.995146
S, 136.333333, 2.315403, 0.405868, 1.684597, 2.122249
S, 110.333333, 11.027190, 2.933535, 6.960725, 9.942598
S, 129.666667, 4.807198, 0.956298, 3.074550, 4.064267
S, 136.666667, 2.290244, 0.458537, 1.756098, 2.248780
S, 124.333333, 5.865952, 1.112601, 2.037534, 3.184987
S, 115.333333, 12.141618, 3.355491, 6.956647, 10.367052
S, 128.333333, 4.807792, 1.262338, 3.758442, 5.072727
S, 71.000000, 8.004695, 0.793427, 2.169014, 3.000000
M, 67.666667, 8.399015, 0.581281, 0.871921, 1.492611, 0.000000, 0.000000, 0.000000
M, 136.666667, 2.736585, 0.209756, 1.031707, 1.278049, 0.000000, 0.000000, 0.000000
M, 145.333333, 7.431193, 0.366972, 0.541284, 0.940367, 0.000000, 0.000000, 0.000000
M, 143.666667, 3.647332, 0.213457, 0.431555, 0.682135, 0.000000, 0.000000, 0.000000
M, 143.333333, 3.234884, 0.153488, 0.402326, 0.590698, 0.000000, 0.000000, 0.000000
M, 146.666667, 4.197727, 0.225000, 0.556818, 0.815909, 0.000000, 0.000000, 0.000000
M, 135.333333, 2.145320, 0.214286, 0.637931, 0.903941, 0.002463, 0.000000, 0.000000
M, 146.000000, 2.006849, 0.175799, 0.538813, 0.753425, 0.000000, 0.000000, 0.000000
M, 138.333333, 2.780723, 0.151807, 0.409639, 0.595181, 0.000000, 0.000000, 0.000000
M, 139.333333, 2.495215, 0.145933, 0.380383, 0.562201, 0.000000, 0.000000, 0.000000
M, 142.000000, 3.248826, 0.152582, 0.420188, 0.607981, 0.000000, 0.000000, 0.000000
M, 140.333333, 2.627078, 0.206651, 0.486936, 0.729216, 0.000000, 0.000000, 0.000000
M, 145.000000, 3.188506, 0.273563, 0.696552, 1.013793, 0.000000, 0.000000, 0.000000
M, 134.666667, 1.693069, 0.274752, 0.987624, 1.314356, 0.002475, 0.000000, 0.000000
M, 134.333333, 3.265509, 0.215881, 0.501241, 0.751861, 0.000000, 0.000000, 0.000000
 3, 32
S, 118.666667, 3.174157, 0.780899, 2.109551, 2.929775
S, 136.000000, 3.401961, 0.539216, 1.901961, 2.475490
S, 117.333333, 8.946023, 2.502841, 6.434659, 8.980114
S, 132.333333, 9.022670, 1.569270, 3.168766, 4.778338
S, 136.333333, 2.894866, 0.518337, 1.838631, 2.391198
S, 140.000000, 2.652381, 0.490476, 2.040476, 2.566667
S, 111.333333, 9.916168, 2.916168, 7.101796, 10.068862
S, 123.000000, 8.005420, 1.804878, 3.219512, 5.065041
S, 133.333333, 2.065000, 0.415000, 1.607500, 2.055000
S, 144.333333, 2.799076, 0.397229, 1.605081, 2.036952
S, 111.666667, 11.444776, 2.997015, 6.895522, 9.940299
S, 135.000000, 5.153086, 1.377778, 2.886420, 4.301235
S, 134.333333, 2.000000, 0.461538, 1.898263, 2.394541
S, 129.000000, 5.832041, 1.085271, 1.997416, 3.121447
S, 105.666667, 11.895899, 3.416404, 7.208202, 10.700315
S, 126.000000, 4.973545, 1.298942, 3.838624, 5.187831
S, 63.333333, 8.426316, 0.889474, 2.331579, 3.257895
M, 72.333333, 7.377880, 0.460829, 0.907834, 1.414747, 0.000000, 0.000000, 0.000000
M, 141.666667, 3.152941, 0.214118, 1.018824, 1.268235, 0.000000, 0.000000, 0.000000
M, 143.666667, 7.245940, 0.401392, 0.545244, 0.979118, 0.000000, 0.000000, 0.000000
M, 136.666667, 3.009756, 0.190244, 0.431707, 0.656098, 0.000000, 0.000000, 0.000000
M, 134.666667, 2.529703, 0.175743, 0.413366, 0.623762, 0.000000, 0.000000, 0.000000
M, 140.333333, 3.952494, 0.268409, 0.615202, 0.921615, 0.000000, 0.000000, 0.000000
M, 145.666667, 2.096110, 0.205950, 0.606407, 0.867277, 0.002288, 0.000000, 0.000000
M, 144.666667, 2.377880, 0.175115, 0.532258, 0.746544, 0.000000, 0.000000, 0.000000
M, 147.666667, 3.699774, 0.158014, 0.410835, 0.604966, 0.000000, 0.000000, 0.000000
M, 143.000000, 2.144522, 0.139860, 0.375291, 0.550117, 0.000000, 0.000000, 0.000000
M, 142.333333, 3.318501, 0.163934, 0.423888, 0.622951, 0.000000, 0.000000, 0.000000
M, 137.000000, 2.216545, 0.180049, 0.476886, 0.690998, 0.000000, 0.000000, 0.000000
M, 136.000000, 2.605392, 0.257353, 0.747549, 1.046569, 0.000000, 0.000000, 0.000000
M, 140.333333, 2.361045, 0.292162, 0.971496, 1.315914, 0.002375, 0.000000, 0.000000
M, 135.666667, 3.378378, 0.203931, 0.508600, 0.746929, 0.000000, 0.000000, 0.000000
 4, 32
S, 121.333333, 3.788462, 0.791209, 2.148352, 2.980769
S, 141.333333, 3.511792, 0.591981, 1.750000, 2.377358
S, 113.000000, 9.188791, 2.563422, 6.569322, 9.176991
S, 124.000000, 5.502688, 1.602151, 3.448925, 5.088710
S, 126.666667, 3.394737, 0.739474, 1.818421, 2.692105
S, 136.000000, 3.232843, 0.502451, 1.963235, 2.502451
S, 113.000000, 9.902655, 2.946903, 6.938053, 9.935103
S, 119.333333, 8.248603, 1.857542, 3.243017, 5.142458
S, 138.000000, 2.157005, 0.413043, 1.521739, 1.966184
S, 141.666667, 2.581176, 0.418824, 1.583529, 2.035294
S, 108.333333, 10.169231, 3.178462, 7.049231, 10.276923
S, 130.000000, 5.305128, 1.269231, 3.012821, 4.320513
S, 134.666667, 2.410891, 0.460396, 1.811881, 2.304455
S, 128.000000, 6.486979, 1.075521, 2.023438, 3.135417
S, 109.666667, 10.671733, 3.212766, 6.930091, 10.209726
S, 127.666667, 4.574413, 1.148825, 3.671018, 4.859008
S, 60.333333, 8.790055, 0.828729, 2.364641, 3.232044
M, 70.000000, 7.576190, 0.538095, 0.966667, 1.547619, 0.000000, 0.000000, 0.000000
M, 132.666667, 2.871859, 0.226131, 0.615578, 0.879397, 0.000000, 0.000000, 0.000000
M, 141.333333, 8.332547, 0.431604, 0.544811, 1.007075, 0.000000, 0.000000, 0.000000
M, 140.333333, 3.638955, 0.190024, 0.448931, 0.672209, 0.000000, 0.000000, 0.000000
M, 141.000000, 3.250591, 0.156028, 0.416076, 0.605201, 0.000000, 0.000000, 0.000000
M, 152.000000, 4.611842, 0.245614, 0.559211, 0.839912, 0.000000, 0.000000, 0.000000
M, 142.333333, 1.976581, 0.222482, 0.625293, 0.901639, 0.002342, 0.000000, 0.000000
M, 150.000000, 2.568889, 0.171111, 0.548889, 0.760000, 0.000000, 0.000000, 0.000000
M, 142.000000, 3.105634, 0.147887, 0.403756, 0.584507, 0.000000, 0.000000, 0.000000
M, 148.666667, 2.692825, 0.143498, 0.358744, 0.533632, 0.000000, 0.000000, 0.000000
M, 136.333333, 2.550122, 0.154034, 0.447433, 0.633252, 0.000000, 0.000000, 0.000000
M, 141.333333, 2.872642, 0.195755, 0.462264, 0.693396, 0.000000, 0.000000, 0.000000
M, 144.666667, 2.652074, 0.269585, 0.737327, 1.048387, 0.000000, 0.000000, 0.000000
M, 142.000000, 2.392019, 0.300469, 1.000000, 1.354460, 0.002347, 0.000000, 0.000000
M, 136.000000, 3.129902, 0.223039, 0.512255, 0.769608, 0.000000, 0.000000, 0.000000
 5, 32
S, 120.333333, 3.900277, 0.853186, 2.174515, 3.063712
S, 135.000000, 3.520988, 0.585185, 1.980247, 2.602469
S, 112.000000, 8.372024, 2.458333, 6.836310, 9.342262
S, 127.666667, 5.349869, 1.415144, 3.373368, 4.848564
S, 135.666667, 4.656020, 0.685504, 1.673219, 2.393120
S, 138.333333, 2.657831, 0.542169, 1.934940, 2.510843
S, 113.000000, 9.949853, 2.834808, 6.864307, 9.766962
S, 119.333333, 7.659218, 1.745810, 3.256983, 5.041899
S, 140.000000, 2.252381, 0.402381, 1.628571, 2.061905
S, 136.000000, 2.274510, 0.441176, 1.705882, 2.181373
S, 105.000000, 9.990476, 3.025397, 6.958730, 10.034921
S, 132.666667, 4.572864, 0.939698, 3.022613, 4.000000
S, 135.666667, 2.189189, 0.452088, 1.842752, 2.329238
S, 127.333333, 6.403141, 1.143979, 2.141361, 3.321990
S, 108.000000, 10.975309, 3.401235, 7.163580, 10.614198
S, 128.666667, 4.450777, 1.266839, 3.751295, 5.059585
S, 61.333333, 10.005435, 1.010870, 2.434783, 3.483696
M, 71.333333, 8.602804, 0.500000, 0.897196, 1.439252, 0.000000, 0.000000, 0.000000
M, 128.333333, 2.638961, 0.205195, 1.080519, 1.324675, 0.000000, 0.000000, 0.000000
M, 152.666667, 7.799127, 0.390830, 0.528384, 0.951965, 0.000000, 0.000000, 0.000000
M, 147.000000, 3.816327, 0.172336, 0.426304, 0.632653, 0.000000, 0.000000, 0.000000
M, 141.666667, 3.089412, 0.148235, 0.402353, 0.585882, 0.000000, 0.000000, 0.000000
M, 151.333333, 4.704846, 0.231278, 0.539648, 0.808370, 0.000000, 0.000000, 0.000000
M, 141.000000, 1.985816, 0.222222, 0.609929, 0.886525, 0.002364, 0.000000, 0.000000
M, 146.666667, 2.029545, 0.170455, 0.561364, 0.775000, 0.002273, 0.000000, 0.000000
M, 150.666667, 3.371681, 0.143805, 0.396018, 0.575221, 0.000000, 0.000000, 0.000000
M, 137.000000, 2.379562, 0.138686, 0.381995, 0.554745, 0.000000, 0.000000, 0.000000
M, 152.000000, 3.127193, 0.157895, 0.410088, 0.605263, 0.000000, 0.000000, 0.000000
M, 146.333333, 2.756264, 0.175399, 0.460137, 0.671982, 0.000000, 0.000000, 0.000000
M, 144.000000, 2.833333, 0.250000, 0.689815, 0.986111, 0.002315, 0.000000, 0.000000
M, 141.333333, 2.353774, 0.285377, 0.990566, 1.330189, 0.002358, 0.000000, 0.000000
M, 145.333333, 4.211009, 0.204128, 0.470183, 0.706422, 0.000000, 0.000000, 0.000000
 6, 32
S, 111.333333, 3.488024, 0.727545, 2.269461, 3.032934
S, 138.666667, 3.687500, 0.586538, 1.882212, 2.497596
S, 116.000000, 9.341954, 2.428161, 6.436782, 8.910920
S, 133.333333, 9.052500, 1.502500, 3.125000, 4.670000
S, 136.333333, 2.555012, 0.506112, 1.655257, 2.193154
S, 134.333333, 3.062035, 0.491315, 2.042184, 2.568238
S, 111.000000, 10.393393, 2.774775, 7.189189, 10.015015
S, 125.666667, 7.949602, 1.832891, 3.177719, 5.047745
S, 135.000000, 2.765432, 0.390123, 1.597531, 2.019753
S, 139.666667, 2.276850, 0.408115, 1.603819, 2.045346
S, 112.666667, 10.062130, 3.136095, 6.715976, 9.902367
S, 131.666667, 4.379747, 1.040506, 2.946835, 4.025316
S, 145.000000, 2.531034, 0.439080, 1.689655, 2.160920
S, 123.333333, 7.178378, 1.094595, 2.108108, 3.237838
S, 104.333333, 11.108626, 3.348243, 7.214058, 10.613419
S, 122.333333, 4.046322, 1.076294, 3.910082, 5.027248
S, 59.333333, 8.078652, 0.831461, 2.219101, 3.089888
M, 71.000000, 6.751174, 0.553991, 0.985915, 1.582160, 0.000000, 0.000000, 0.000000
M, 135.333333, 3.167488, 0.201970, 0.576355, 0.815271, 0.000000, 0.000000, 0.000000
M, 154.666667, 8.717672, 0.446121, 0.523707, 1.002155, 0.000000, 0.000000, 0.000000
M, 142.333333, 3.543326, 0.170960, 0.449649, 0.653396, 0.000000, 0.000000, 0.000000
M, 142.333333, 3.002342, 0.152225, 0.412178, 0.599532, 0.000000, 0.000000, 0.000000
M, 142.333333, 4.182670, 0.264637, 0.573770, 0.873536, 0.000000, 0.000000, 0.000000
M, 150.666667, 2.132743, 0.210177, 0.597345, 0.862832, 0.002212, 0.000000, 0.000000
M, 136.333333, 1.765281, 0.171149, 0.550122, 0.762836, 0.002445, 0.000000, 0.000000
M, 140.666667, 3.196682, 0.144550, 0.407583, 0.585308, 0.000000, 0.000000, 0.000000
M, 145.333333, 2.458716, 0.146789, 0.364679, 0.545872, 0.000000, 0.000000, 0.000000
M, 139.333333, 2.822967, 0.162679, 0.430622, 0.626794, 0.000000, 0.000000, 0.000000
M, 134.333333, 2.672457, 0.220844, 0.503722, 0.759305, 0.000000, 0.000000, 0.000000
M, 144.666667, 2.845622, 0.246544, 0.725806, 1.016129, 0.002304, 0.000000, 0.000000
M, 140.666667, 2.355450, 0.272512, 0.995261, 1.322275, 0.002370, 0.000000, 0.000000
M, 139.000000, 3.772182, 0.220624, 0.510791, 0.762590, 0.000000, 0.000000, 0.000000
 7, 33
S, 114.666667, 2.578488, 0.770349, 2.188953, 2.997093
S, 136.333333, 3.515892, 0.591687, 1.897311, 2.520782
S, 112.666667, 8.319527, 2.482249, 6.727811, 9.266272
S, 129.666667, 9.084833, 1.465296, 3.077121, 4.580977
S, 132.000000, 3.651515, 0.691919, 1.780303, 2.505051
S, 134.333333, 2.084367, 0.513648, 2.076923, 2.622829
S, 110.666667, 9.674699, 2.753012, 7.066265, 9.867470
S, 118.000000, 8.045198, 1.810734, 3.435028, 5.285311
S, 144.666667, 3.124424, 0.412442, 1.543779, 1.988479
S, 139.333333, 2.148325, 0.444976, 1.722488, 2.203349
S, 109.000000, 10.859327, 2.822630, 7.064220, 9.935780
S, 124.666667, 4.184492, 1.077540, 3.173797, 4.299465
S, 139.333333, 2.193780, 0.435407, 1.811005, 2.279904
S, 132.000000, 7.154040, 1.121212, 2.007576, 3.161616
S, 105.333333, 11.006329, 3.145570, 7.287975, 10.481013
S, 125.333333, 4.324468, 1.130319, 3.680851, 4.864362
S, 64.000000, 9.166667, 0.864583, 2.333333, 3.239583
M, 76.333333, 7.685590, 0.502183, 0.794760, 1.336245, 0.000000, 0.000000, 0.000000
S, 0.333333, 1081.000000, 0.000000, 0.000000, 1.000000
M, 128.333333, 2.807792, 0.220779, 1.106494, 1.366234, 0.000000, 0.000000, 0.000000
M, 148.666667, 7.116592, 0.363229, 0.544843, 0.941704, 0.000000, 0.000000, 0.000000
M, 145.666667, 3.647597, 0.151030, 0.400458, 0.583524, 0.000000, 0.000000, 0.000000
M, 143.666667, 2.814385, 0.157773, 0.396752, 0.589327, 0.000000, 0.000000, 0.000000
M, 141.333333, 4.033019, 0.287736, 0.556604, 0.879717, 0.000000, 0.000000, 0.000000
M, 140.000000, 2.080952, 0.209524, 0.626190, 0.890476, 0.002381, 0.000000, 0.000000
M, 140.666667, 2.274882, 0.187204, 0.556872, 0.786730, 0.000000, 0.000000, 0.000000
M, 143.000000, 3.039627, 0.160839, 0.410256, 0.603730, 0.000000, 0.000000, 0.000000
M, 142.000000, 2.725352, 0.140845, 0.370892, 0.546948, 0.000000, 0.000000, 0.000000
M, 142.666667, 2.787383, 0.142523, 0.413551, 0.591121, 0.000000, 0.000000, 0.000000
M, 148.000000, 3.405405, 0.200450, 0.441441, 0.675676, 0.000000, 0.000000, 0.000000
M, 140.333333, 2.520190, 0.282660, 0.712589, 1.040380, 0.002375, 0.000000, 0.000000
M, 148.000000, 2.112613, 0.270270, 0.912162, 1.236486, 0.002252, 0.000000, 0.000000
M, 143.333333, 3.983721, 0.202326, 0.500000, 0.734884, 0.000000, 0.000000, 0.000000
 8, 32
S, 117.333333, 3.017045, 0.781250, 2.198864, 3.017045
S, 129.666667, 3.048843, 0.557841, 1.876607, 2.465296
S, 112.333333, 8.026706, 2.406528, 6.632047, 9.094955
S, 127.333333, 5.390052, 1.486911, 3.259162, 4.787958
S, 143.333333, 4.897674, 0.800000, 1.634884, 2.465116
S, 141.333333, 3.216981, 0.544811, 2.051887, 2.629717
S, 111.000000, 10.465465, 2.969970, 7.051051, 10.072072
S, 120.333333, 8.731302, 1.817175, 3.346260, 5.202216
S, 138.666667, 2.391827, 0.430288, 1.562500, 2.026442
S, 130.333333, 1.864450, 0.424552, 1.705882, 2.166240
S, 112.000000, 11.247024, 2.892857, 6.883929, 9.827381
S, 121.333333, 3.991758, 1.115385, 3.109890, 4.263736
S, 144.666667, 2.960829, 0.453917, 1.767281, 2.255760
S, 127.333333, 6.225131, 1.089005, 2.075916, 3.201571
S, 108.666667, 11.012270, 3.331288, 6.849693, 10.226994
S, 127.000000, 4.181102, 1.215223, 3.708661, 4.963255
S, 62.000000, 8.059140, 0.838710, 2.268817, 3.150538
M, 71.000000, 7.037559, 0.375587, 1.018779, 1.441315, 0.004695, 0.000000, 0.000000
M, 140.000000, 3.438095, 0.202381, 0.566667, 0.807143, 0.002381, 0.000000, 0.000000
M, 144.666667, 7.573733, 0.426267, 0.557604, 1.016129, 0.000000, 0.000000, 0.000000
M, 133.666667, 2.997506, 0.206983, 0.448878, 0.690773, 0.000000, 0.000000, 0.000000
M, 144.333333, 3.117783, 0.152425, 0.411085, 0.598152, 0.000000, 0.000000, 0.000000
M, 147.666667, 4.595937, 0.257336, 0.568849, 0.862302, 0.000000, 0.000000, 0.000000
M, 146.000000, 2.257991, 0.207763, 0.618721, 0.881279, 0.002283, 0.000000, 0.000000
M, 144.000000, 1.905093, 0.175926, 0.546296, 0.761574, 0.000000, 0.000000, 0.000000
M, 144.666667, 2.947005, 0.161290, 0.410138, 0.605991, 0.000000, 0.000000, 0.000000
M, 135.000000, 2.380247, 0.130864, 0.372840, 0.540741, 0.000000, 0.000000, 0.000000
M, 137.000000, 2.549878, 0.150852, 0.430657, 0.615572, 0.000000, 0.000000, 0.000000
M, 139.000000, 2.875300, 0.187050, 0.486811, 0.707434, 0.000000, 0.000000, 0.000000
M, 143.000000, 2.783217, 0.258741, 0.701632, 1.009324, 0.002331, 0.000000, 0.000000
M, 147.333333, 2.694570, 0.296380, 0.941176, 1.289593, 0.002262, 0.000000, 0.000000
M, 147.000000, 4.394558, 0.195011, 0.458050, 0.687075, 0.000000, 0.000000, 0.000000
 9, 32
S, 111.333333, 3.505988, 0.787425, 2.113772, 2.943114
S, 132.333333, 3.460957, 0.667506, 1.891688, 2.591940
S, 106.000000, 8.009434, 2.509434, 6.886792, 9.459119
S, 128.000000, 6.872396, 1.510417, 3.218750, 4.768229
S, 136.666667, 3.885366, 0.809756, 1.829268, 2.670732
S, 130.666667, 2.168367, 0.566327, 2.081633, 2.683673
S, 117.333333, 10.596591, 2.869318, 6.579545, 9.502841
S, 127.333333, 8.151832, 1.722513, 3.143979, 4.905759
S, 139.333333, 2.275120, 0.380383, 1.617225, 2.031100
S, 141.333333, 2.150943, 0.457547, 1.695755, 2.186321
S, 113.666667, 10.486804, 3.117302, 6.797654, 9.961877
S, 126.666667, 4.644737, 1.071053, 3.126316, 4.234211
S, 136.000000, 2.424020, 0.438725, 1.855392, 2.328431
S, 131.000000, 6.430025, 1.137405, 2.038168, 3.208651
S, 109.666667, 11.598784, 3.343465, 6.990881, 10.389058
S, 128.333333, 4.394805, 1.106494, 3.620779, 4.766234
S, 63.000000, 8.518519, 0.915344, 2.142857, 3.100529
M, 74.000000, 7.252252, 0.418919, 0.896396, 1.360360, 0.000000, 0.000000, 0.000000
M, 130.333333, 2.588235, 0.225064, 0.595908, 0.856777, 0.000000, 0.000000, 0.000000
M, 147.333333, 8.020362, 0.409502, 0.549774, 0.993213, 0.000000, 0.000000, 0.000000
M, 141.666667, 3.458824, 0.169412, 0.442353, 0.644706, 0.000000, 0.000000, 0.000000
M, 146.333333, 3.095672, 0.150342, 0.398633, 0.583144, 0.000000, 0.000000, 0.000000
M, 140.000000, 4.145238, 0.252381, 0.569048, 0.854762, 0.000000, 0.000000, 0.000000
M, 142.333333, 1.908665, 0.217799, 0.629977, 0.901639, 0.002342, 0.000000, 0.000000
M, 149.666667, 2.129176, 0.195991, 0.554566, 0.790646, 0.000000, 0.000000, 0.000000
M, 140.666667, 2.867299, 0.156398, 0.424171, 0.613744, 0.000000, 0.000000, 0.000000
M, 141.333333, 2.735849, 0.136792, 0.379717, 0.551887, 0.000000, 0.000000, 0.000000
M, 144.333333, 3.376443, 0.143187, 0.408776, 0.586605, 0.000000, 0.000000, 0.000000
M, 141.000000, 2.607565, 0.189125, 0.460993, 0.685579, 0.000000, 0.000000, 0.000000
M, 140.666667, 2.665877, 0.289100, 0.732227, 1.066351, 0.000000, 0.000000, 0.000000
M, 141.000000, 2.255319, 0.286052, 0.997636, 1.359338, 0.002364, 0.023641, 0.000000
M, 137.333333, 3.446602, 0.201456, 0.490291, 0.725728, 0.000000, 0.000000, 0.000000
 10, 32
S, 121.666667, 3.419178, 0.802740, 2.115068, 2.956164
S, 132.666667, 3.042714, 0.575377, 1.957286, 2.562814
S, 112.333333, 9.112760, 2.320475, 6.679525, 9.044510
S, 127.000000, 5.104987, 1.430446, 3.131234, 4.598425
S, 138.666667, 3.382212, 0.668269, 1.649038, 2.350962
S, 137.333333, 2.635922, 0.490291, 1.946602, 2.470874
S, 111.666667, 10.340299, 2.838806, 6.925373, 9.811940
S, 128.000000, 8.143229, 1.768229, 3.041667, 4.846354
S, 139.000000, 2.446043, 0.376499, 1.642686, 2.052758
S, 132.333333, 2.324937, 0.443325, 1.780856, 2.256927
S, 109.333333, 11.292683, 3.024390, 6.826220, 9.914634
S, 132.333333, 5.181360, 1.027708, 2.949622, 4.012594
S, 136.666667, 2.063415, 0.458537, 1.768293, 2.260976
S, 135.333333, 6.985222, 1.064039, 2.029557, 3.128079
S, 110.333333, 11.317221, 3.296073, 7.105740, 10.453172
S, 124.666667, 4.679144, 1.184492, 3.890374, 5.114973
S, 67.000000, 8.676617, 0.880597, 2.338308, 3.258706
M, 74.666667, 7.785714, 0.424107, 0.808036, 1.272321, 0.000000, 0.000000, 0.000000
M, 135.666667, 2.557740, 0.228501, 1.058968, 1.324324, 0.000000, 0.000000, 0.000000
M, 149.000000, 7.982103, 0.409396, 0.539150, 0.979866, 0.000000, 0.000000, 0.000000
M, 144.666667, 3.610599, 0.182028, 0.435484, 0.649770, 0.000000, 0.000000, 0.000000
M, 145.333333, 3.144495, 0.169725, 0.385321, 0.587156, 0.000000, 0.000000, 0.000000
M, 141.333333, 3.924528, 0.264151, 0.563679, 0.860849, 0.000000, 0.000000, 0.000000
M, 143.666667, 2.058005, 0.208817, 0.598608, 0.863109, 0.002320, 0.000000, 0.000000
M, 149.666667, 2.209354, 0.173719, 0.536748, 0.750557, 0.000000, 0.000000, 0.000000
M, 138.666667, 3.038462, 0.158654, 0.439904, 0.632212, 0.000000, 0.000000, 0.000000
M, 145.666667, 2.386728, 0.153318, 0.356979, 0.551487, 0.000000, 0.000000, 0.000000
M, 137.000000, 2.635036, 0.143552, 0.420925, 0.598540, 0.000000, 0.000000, 0.000000
M, 141.333333, 2.747642, 0.209906, 0.497642, 0.742925, 0.000000, 0.000000, 0.000000
M, 135.666667, 2.432432, 0.277641, 0.756757, 1.081081, 0.000000, 0.000000, 0.000000
M, 137.666667, 2.179177, 0.249395, 0.968523, 1.271186, 0.002421, 0.000000, 0.000000
M, 139.333333, 3.459330, 0.188995, 0.480861, 0.703349, 0.000000, 0.000000, 0.000000
 11, 32
S, 123.000000, 4.170732, 0.775068, 2.054201, 2.867209
S, 134.666667, 3.111386, 0.522277, 1.834158, 2.386139
S, 113.666667, 8.527859, 2.527859, 6.683284, 9.255132
S, 130.000000, 5.587179, 1.441026, 3.282051, 4.758974
S, 135.666667, 3.149877, 0.552826, 1.697789, 2.282555
S, 139.333333, 2.478469, 0.511962, 1.956938, 2.502392
S, 110.333333, 10.634441, 3.012085, 6.870091, 9.930514
S, 119.000000, 7.271709, 1.700280, 3.299720, 5.039216
S, 135.000000, 2.143210, 0.412346, 1.582716, 2.027160
S, 141.000000, 2.392435, 0.458629, 1.628842, 2.122931
S, 108.333333, 10.301538, 3.012308, 6.947692, 10.009231
S, 132.000000, 4.537879, 1.047980, 2.939394, 4.025253
S, 138.666667, 2.605769, 0.487981, 1.766827, 2.290865
S, 123.333333, 6.410811, 1.094595, 2.097297, 3.227027
S, 107.333333, 11.624224, 3.307453, 7.248447, 10.605590
S, 127.666667, 4.182768, 1.182768, 3.488251, 4.712794
S, 62.666667, 7.952128, 0.840426, 2.292553, 3.170213
M, 70.000000, 7.119048, 0.504762, 0.947619, 1.500000, 0.000000, 0.000000, 0.000000
M, 133.333333, 2.997500, 0.227500, 1.047500, 1.312500, 0.000000, 0.000000, 0.000000
M, 143.666667, 8.000000, 0.415313, 0.556845, 1.004640, 0.000000, 0.000000, 0.000000
M, 142.333333, 3.313817, 0.187354, 0.442623, 0.665105, 0.000000, 0.000000, 0.000000
M, 143.333333, 3.200000, 0.148837, 0.418605, 0.604651, 0.000000, 0.000000, 0.000000
M, 138.333333, 4.002410, 0.248193, 0.575904, 0.857831, 0.000000, 0.000000, 0.000000
M, 145.333333, 2.311927, 0.222477, 0.621560, 0.899083, 0.002294, 0.000000, 0.000000
M, 146.333333, 2.100228, 0.195900, 0.548975, 0.785877, 0.000000, 0.000000, 0.000000
M, 143.000000, 3.337995, 0.153846, 0.421911, 0.610723, 0.000000, 0.000000, 0.000000
M, 144.666667, 2.534562, 0.145161, 0.375576, 0.555300, 0.000000, 0.000000, 0.000000
M, 140.666667, 2.613744, 0.149289, 0.431280, 0.613744, 0.000000, 0.000000, 0.000000
M, 144.000000, 2.682870, 0.196759, 0.490741, 0.722222, 0.000000, 0.000000, 0.000000
M, 141.000000, 2.891253, 0.267139, 0.713948, 1.023641, 0.000000, 0.000000, 0.000000
M, 141.666667, 1.983529, 0.291765, 0.952941, 1.298824, 0.002353, 0.000000, 0.000000
M, 138.333333, 3.807229, 0.192771, 0.467470, 0.693976, 0.000000, 0.000000, 0.000000
 12, 32
S, 125.333333, 3.585106, 0.710106, 2.146277, 2.896277
S, 134.000000, 3.141791, 0.539801, 1.825871, 2.395522
S, 115.666667, 8.939481, 2.250720, 6.380403, 8.677233
S, 127.000000, 5.561680, 1.503937, 3.238845, 4.782152
S, 134.000000, 3.706468, 0.626866, 1.611940, 2.271144
S, 134.000000, 2.184080, 0.487562, 1.985075, 2.504975
S, 108.000000, 9.391975, 2.922840, 7.157407, 10.129630
S, 118.000000, 8.347458, 1.878531, 3.533898, 5.457627
S, 140.666667, 2.580569, 0.398104, 1.535545, 1.966825
S, 142.000000, 2.727700, 0.394366, 1.579812, 2.007042
S, 109.000000, 11.525994, 3.195719, 6.944954, 10.186544
S, 124.666667, 4.550802, 1.163102, 3.181818, 4.382353
S, 134.000000, 2.089552, 0.450249, 1.853234, 2.338308
S, 130.333333, 7.289003, 1.017903, 1.987212, 3.040921
S, 112.000000, 11.455357, 3.235119, 6.901786, 10.181548
S, 131.000000, 4.809160, 1.139949, 3.541985, 4.725191
S, 67.000000, 9.975124, 1.049751, 2.129353, 3.223881
M, 75.000000, 8.911111, 0.528889, 0.946667, 1.515556, 0.000000, 0.000000, 0.000000
M, 135.000000, 3.135802, 0.227160, 1.059259, 1.323457, 0.000000, 0.000000, 0.000000
M, 140.666667, 8.144550, 0.417062, 0.566351, 1.014218, 0.000000, 0.000000, 0.000000
M, 142.333333, 3.646370, 0.166276, 0.440281, 0.641686, 0.000000, 0.000000, 0.000000
M, 142.666667, 3.144860, 0.170561, 0.399533, 0.605140, 0.000000, 0.000000, 0.000000
M, 139.666667, 3.763723, 0.241050, 0.572792, 0.852029, 0.000000, 0.000000, 0.000000
M, 138.000000, 1.823671, 0.224638, 0.635266, 0.915459, 0.002415, 0.000000, 0.000000
M, 136.333333, 1.735941, 0.178484, 0.599022, 0.816626, 0.000000, 0.000000, 0.000000
M, 143.000000, 3.627040, 0.158508, 0.412587, 0.606061, 0.000000, 0.000000, 0.000000
M, 147.666667, 2.851016, 0.164786, 0.383747, 0.582393, 0.000000, 0.000000, 0.000000
M, 141.000000, 2.947991, 0.160757, 0.418440, 0.612293, 0.000000, 0.000000, 0.000000
M, 146.000000, 3.009132, 0.191781, 0.468037, 0.694064, 0.000000, 0.000000, 0.000000
M, 142.000000, 3.035211, 0.262911, 0.727700, 1.039906, 0.000000, 0.000000, 0.000000
M, 134.000000, 1.823383, 0.323383, 1.017413, 1.395522, 0.002488, 0.000000, 0.000000
M, 129.000000, 3.113695, 0.209302, 0.532300, 0.775194, 0.000000, 0.000000, 0.000000
 13, 32
S, 120.666667, 3.720994, 0.779006, 2.049724, 2.872928
S, 142.666667, 3.750000, 0.586449, 1.768692, 2.390187
S, 107.666667, 7.820433, 2.473684, 6.792570, 9.325077
S, 134.000000, 6.669154, 1.497512, 3.047264, 4.582090
S, 138.000000, 4.210145, 0.705314, 1.570048, 2.306763
S, 130.000000, 2.533333, 0.497436, 2.038462, 2.571795
S, 113.666667, 10.269795, 2.929619, 6.900293, 9.882698
S, 127.000000, 8.742782, 1.671916, 3.165354, 4.876640
S, 143.333333, 2.888372, 0.409302, 1.479070, 1.918605
S, 139.000000, 2.462830, 0.398082, 1.520384, 1.952038
S, 118.333333, 11.800000, 2.935211, 6.521127, 9.504225
S, 126.333333, 4.712401, 1.079156, 3.203166, 4.321900
S, 138.333333, 2.185542, 0.522892, 1.857831, 2.414458
S, 122.333333, 5.784741, 1.119891, 1.967302, 3.119891
S, 111.666667, 11.456716, 3.191045, 7.083582, 10.334328
S, 120.666667, 4.165746, 1.207182, 4.044199, 5.292818
S, 63.666667, 10.324607, 0.989529, 2.141361, 3.167539
M, 71.333333, 9.214953, 0.429907, 0.915888, 1.387850, 0.000000, 0.000000, 0.000000
M, 131.666667, 2.551899, 0.235443, 1.106329, 1.377215, 0.000000, 0.000000, 0.000000
M, 139.333333, 7.581340, 0.416268, 0.562201, 1.009569, 0.000000, 0.000000, 0.000000
M, 142.666667, 3.378505, 0.175234, 0.427570, 0.635514, 0.000000, 0.000000, 0.000000
M, 145.666667, 3.526316, 0.164760, 0.389016, 0.588101, 0.000000, 0.000000, 0.000000
M, 133.000000, 3.937343, 0.275689, 0.609023, 0.919799, 0.000000, 0.000000, 0.000000
M, 136.666667, 1.807317, 0.204878, 0.607317, 0.878049, 0.002439, 0.000000, 0.000000
M, 135.000000, 1.918519, 0.195062, 0.590123, 0.822222, 0.000000, 0.000000, 0.000000
M, 142.666667, 3.369159, 0.163551, 0.422897, 0.621495, 0.000000, 0.000000, 0.000000
M, 140.333333, 2.477435, 0.140143, 0.377672, 0.551069, 0.000000, 0.000000, 0.000000
M, 146.000000, 3.114155, 0.148402, 0.413242, 0.595890, 0.000000, 0.000000, 0.000000
M, 136.333333, 2.173594, 0.178484, 0.486553, 0.699267, 0.000000, 0.000000, 0.000000
M, 140.000000, 2.845238, 0.266667, 0.726190, 1.035714, 0.002381, 0.000000, 0.000000
M, 134.333333, 1.774194, 0.305211, 0.970223, 1.327543, 0.002481, 0.000000, 0.000000
M, 130.666667, 3.051020, 0.198980, 0.530612, 0.762755, 0.000000, 0.000000, 0.000000
 14, 32
S, 118.333333, 3.490141, 0.735211, 2.109859, 2.881690
S, 129.666667, 3.616967, 0.624679, 1.915167, 2.570694
S, 113.000000, 8.663717, 2.492625, 6.584071, 9.120944
S, 127.333333, 5.871728, 1.431937, 3.222513, 4.693717
S, 136.000000, 3.681373, 0.656863, 1.678922, 2.365196
S, 139.666667, 3.747017, 0.563246, 1.985680, 2.584726
S, 111.666667, 10.080597, 3.038806, 6.922388, 10.017910
S, 124.333333, 8.144772, 1.769437, 3.209115, 5.018767
S, 129.333333, 1.927835, 0.438144, 1.587629, 2.059278
S, 140.333333, 2.415677, 0.420428, 1.655582, 2.109264
S, 107.666667, 11.746130, 3.030960, 6.962848, 10.040248
S, 133.333333, 4.375000, 1.027500, 2.937500, 4.002500
S, 135.333333, 2.155172, 0.463054, 1.775862, 2.283251
S, 134.666667, 6.710396, 1.106436, 1.955446, 3.096535
S, 109.333333, 11.341463, 3.271341, 7.012195, 10.335366
S, 131.000000, 4.620865, 1.185751, 3.575064, 4.801527
S, 66.000000, 12.833333, 0.909091, 2.080808, 3.030303
M, 74.000000, 11.445946, 0.463964, 0.851351, 1.360360, 0.000000, 0.000000, 0.000000
M, 130.000000, 2.592308, 0.215385, 1.089744, 1.341026, 0.000000, 0.000000, 0.000000
M, 146.000000, 7.353881, 0.337900, 0.541096, 0.913242, 0.000000, 0.000000, 0.000000
M, 143.666667, 3.466357, 0.176334, 0.431555, 0.649652, 0.000000, 0.000000, 0.000000
M, 141.666667, 2.901176, 0.143529, 0.400000, 0.576471, 0.000000, 0.000000, 0.000000
M, 140.333333, 4.361045, 0.268409, 0.591449, 0.895487, 0.000000, 0.000000, 0.000000
M, 145.666667, 2.109840, 0.194508, 0.581236, 0.832952, 0.002288, 0.000000, 0.000000
M, 145.000000, 2.154023, 0.190805, 0.526437, 0.756322, 0.000000, 0.000000, 0.000000
M, 139.666667, 2.696897, 0.169451, 0.415274, 0.620525, 0.000000, 0.000000, 0.000000
M, 140.666667, 2.554502, 0.151659, 0.364929, 0.552133, 0.000000, 0.000000, 0.000000
M, 143.666667, 3.058005, 0.157773, 0.426914, 0.619490, 0.000000, 0.000000, 0.000000
M, 140.666667, 2.668246, 0.191943, 0.473934, 0.701422, 0.000000, 0.000000, 0.000000
M, 140.333333, 2.793349, 0.249406, 0.729216, 1.019002, 0.000000, 0.000000, 0.000000
M, 136.333333, 2.246944, 0.283619, 0.980440, 1.320293, 0.002445, 0.000000, 0.000000
M, 143.666667, 4.171694, 0.206497, 0.494200, 0.735499, 0.000000, 0.000000, 0.000000
 15, 32
S, 114.333333, 3.268222, 0.781341, 2.244898, 3.061224
S, 140.666667, 3.402844, 0.500000, 1.772512, 2.303318
S, 115.333333, 8.815029, 2.355491, 6.520231, 8.924855
S, 129.666667, 5.413882, 1.539846, 3.228792, 4.807198
S, 139.666667, 4.143198, 0.749403, 1.713604, 2.496420
S, 135.666667, 2.651106, 0.523342, 2.054054, 2.611794
S, 109.666667, 10.510638, 2.881459, 7.069909, 10.003040
S, 119.000000, 7.974790, 1.747899, 3.394958, 5.182073
S, 127.000000, 2.183727, 0.404199, 1.643045, 2.081365
S, 137.000000, 2.291971, 0.372263, 1.642336, 2.048662
S, 114.333333, 11.967930, 2.994169, 6.661808, 9.705539
S, 126.666667, 4.721053, 1.081579, 3.097368, 4.215789
S, 131.666667, 2.075949, 0.430380, 1.855696, 2.318987
S, 126.000000, 6.248677, 1.089947, 2.111111, 3.235450
S, 114.000000, 12.137427, 3.321637, 6.783626, 10.154971
S, 127.000000, 4.107612, 1.141732, 3.677165, 4.858268
S, 64.333333, 12.549223, 1.082902, 2.383420, 3.507772
M, 70.333333, 11.478673, 0.563981, 0.924171, 1.535545, 0.000000, 0.000000, 0.000000
M, 131.000000, 2.842239, 0.244275, 1.101781, 1.384224, 0.000000, 0.000000, 0.000000
M, 136.333333, 7.772616, 0.430318, 0.591687, 1.056235, 0.000000, 0.000000, 0.000000
M, 144.333333, 3.325635, 0.180139, 0.436490, 0.651270, 0.000000, 0.000000, 0.000000
M, 141.000000, 2.886525, 0.172577, 0.399527, 0.607565, 0.000000, 0.000000, 0.000000
M, 143.333333, 4.255814, 0.253488, 0.579070, 0.867442, 0.000000, 0.000000, 0.000000
M, 137.666667, 1.767554, 0.210654, 0.617433, 0.883777, 0.002421, 0.000000, 0.000000
M, 140.666667, 2.388626, 0.210900, 0.554502, 0.805687, 0.000000, 0.000000, 0.000000
M, 146.000000, 3.641553, 0.164384, 0.420091, 0.618721, 0.000000, 0.000000, 0.000000
M, 151.666667, 3.072527, 0.158242, 0.349451, 0.542857, 0.000000, 0.000000, 0.000000
M, 149.000000, 3.187919, 0.149888, 0.425056, 0.608501, 0.000000, 0.000000, 0.000000
M, 136.666667, 2.834146, 0.180488, 0.480488, 0.695122, 0.000000, 0.000000, 0.000000
M, 135.333333, 2.236453, 0.246305, 0.751232, 1.041872, 0.000000, 0.000000, 0.000000
M, 137.333333, 2.417476, 0.271845, 0.985437, 1.313107, 0.002427, 0.000000, 0.000000
M, 145.000000, 3.806897, 0.202299, 0.480460, 0.719540, 0.000000, 0.000000, 0.000000
 16, 33
S, 121.333333, 4.137363, 0.807692, 2.189560, 3.035714
S, 134.000000, 3.763682, 0.592040, 1.786070, 2.410448
S, 113.333333, 9.202941, 2.497059, 6.597059, 9.147059
S, 121.666667, 4.939726, 1.526027, 3.391781, 4.956164
S, 134.000000, 3.415423, 0.708955, 1.703980, 2.447761
S, 133.000000, 2.426065, 0.523810, 2.030075, 2.591479
S, 112.000000, 10.360119, 2.919643, 6.830357, 9.797619
S, 122.000000, 8.163934, 1.860656, 3.360656, 5.275956
S, 143.333333, 2.858140, 0.381395, 1.493023, 1.906977
S, 141.000000, 2.541371, 0.444444, 1.579196, 2.056738
S, 111.666667, 11.537313, 2.976119, 6.823881, 9.847761
S, 130.000000, 5.084615, 1.094872, 3.066667, 4.200000
S, 137.000000, 2.608273, 0.442822, 1.766423, 2.243309
S, 132.000000, 6.924242, 1.113636, 1.916667, 3.063131
S, 115.000000, 12.721739, 3.263768, 6.675362, 9.988406
S, 125.666667, 4.546419, 1.122016, 3.742706, 4.904509
S, 61.000000, 10.792350, 1.092896, 2.371585, 3.502732
M, 75.333333, 8.738938, 0.469027, 0.982301, 1.495575, 0.000000, 0.000000, 0.000000
S, 0.333333, 1057.000000, 0.000000, 0.000000, 0.000000
M, 134.333333, 2.622829, 0.213400, 1.039702, 1.287841, 0.000000, 0.000000, 0.000000
M, 140.000000, 7.273810, 0.409524, 0.566667, 1.007143, 0.000000, 0.000000, 0.000000
M, 144.333333, 3.173210, 0.210162, 0.450346, 0.692841, 0.000000, 0.000000, 0.000000
M, 132.000000, 3.027778, 0.151515, 0.419192, 0.606061, 0.000000, 0.000000, 0.000000
M, 140.666667, 3.436019, 0.241706, 0.578199, 0.855450, 0.000000, 0.000000, 0.000000
M, 139.333333, 1.980861, 0.196172, 0.588517, 0.842105, 0.002392, 0.000000, 0.000000
M, 144.000000, 2.136574, 0.171296, 0.539352, 0.752315, 0.000000, 0.000000, 0.000000
M, 149.000000, 3.234899, 0.161074, 0.407159, 0.601790, 0.000000, 0.000000, 0.000000
M, 145.666667, 2.828375, 0.151030, 0.370709, 0.558352, 0.000000, 0.000000, 0.000000
M, 141.000000, 3.044917, 0.156028, 0.418440, 0.605201, 0.000000, 0.000000, 0.000000
M, 143.333333, 2.904651, 0.176744, 0.472093, 0.683721, 0.000000, 0.000000, 0.000000
M, 134.666667, 2.740099, 0.257426, 0.725248, 1.024752, 0.000000, 0.000000, 0.000000
M, 133.333333, 1.955000, 0.275000, 1.027500, 1.357500, 0.002500, 0.000000, 0.000000
M, 140.333333, 3.515439, 0.201900, 0.491686, 0.736342, 0.000000, 0.000000, 0.000000
 17, 32
S, 125.333333, 4.023936, 0.837766, 2.148936, 3.023936
S, 132.333333, 3.335013, 0.556675, 1.826196, 2.413098
S, 110.000000, 8.600000, 2.454545, 6.893939, 9.393939
S, 128.000000, 5.546875, 1.479167, 3.156250, 4.674479
S, 137.000000, 4.248175, 0.644769, 1.729927, 2.406326
S, 134.333333, 2.555831, 0.548387, 2.014888, 2.595533
S, 109.000000, 9.834862, 2.902141, 6.981651, 9.932722
S, 120.000000, 8.075000, 1.861111, 3.288889, 5.188889
S, 136.333333, 2.366748, 0.420538, 1.616137, 2.068460
S, 140.666667, 2.649289, 0.450237, 1.658768, 2.144550
S, 109.666667, 10.927052, 3.145897, 6.948328, 10.142857
S, 127.333333, 4.267016, 1.083770, 3.039267, 4.162304
S, 141.333333, 2.205189, 0.474057, 1.832547, 2.346698
S, 132.666667, 6.844221, 1.138191, 1.997487, 3.170854
S, 110.333333, 10.613293, 3.438066, 6.815710, 10.314199
S, 135.000000, 4.385185, 1.165432, 3.570370, 4.777778
S, 58.333333, 8.474286, 0.891429, 2.514286, 3.445714
M, 76.333333, 6.475983, 0.458515, 0.938865, 1.441048, 0.000000, 0.000000, 0.000000
M, 133.333333, 2.862500, 0.217500, 1.057500, 1.312500, 0.000000, 0.000000, 0.000000
M, 141.000000, 7.056738, 0.418440, 0.565012, 1.016548, 0.000000, 0.000000, 0.000000
M, 145.000000, 3.377011, 0.172414, 0.429885, 0.634483, 0.000000, 0.000000, 0.000000
M, 139.666667, 3.124105, 0.157518, 0.398568, 0.589499, 0.000000, 0.000000, 0.000000
M, 142.000000, 4.009390, 0.262911, 0.582160, 0.882629, 0.000000, 0.000000, 0.000000
M, 142.666667, 2.002336, 0.221963, 0.609813, 0.883178, 0.002336, 0.000000, 0.000000
M, 141.000000, 2.241135, 0.174941, 0.557920, 0.773050, 0.000000, 0.000000, 0.000000
M, 147.000000, 3.204082, 0.158730, 0.410431, 0.603175, 0.000000, 0.000000, 0.000000
M, 140.666667, 2.443128, 0.146919, 0.369668, 0.552133, 0.000000, 0.000000, 0.000000
M, 146.666667, 3.377273, 0.150000, 0.400000, 0.584091, 0.000000, 0.000000, 0.000000
M, 143.333333, 3.188372, 0.188372, 0.448837, 0.672093, 0.002326, 0.000000, 0.000000
M, 142.333333, 2.770492, 0.262295, 0.693208, 0.997658, 0.002342, 0.000000, 0.000000
M, 142.333333, 2.088993, 0.274005, 1.009368, 1.337237, 0.002342, 0.000000, 0.000000
M, 134.000000, 3.358209, 0.226368, 0.517413, 0.778607, 0.000000, 0.000000, 0.000000
 18, 32
S, 118.000000, 3.451977, 0.788136, 2.214689, 3.039548
S, 128.666667, 3.474093, 0.554404, 1.906736, 2.494819
S, 110.000000, 7.824242, 2.572727, 6.724242, 9.342424
S, 123.333333, 5.751351, 1.464865, 3.248649, 4.751351
S, 133.666667, 3.551122, 0.763092, 1.620948, 2.416459
S, 135.333333, 2.460591, 0.509852, 2.002463, 2.549261
S, 112.666667, 9.970414, 2.934911, 6.754438, 9.739645
S, 113.000000, 7.587021, 1.716814, 3.613569, 5.371681
S, 137.333333, 2.131068, 0.434466, 1.580097, 2.046117
S, 141.666667, 2.312941, 0.407059, 1.729412, 2.169412
S, 108.333333, 11.156923, 3.286154, 7.123077, 10.470769
S, 125.333333, 4.502660, 0.976064, 3.005319, 4.018617
S, 140.000000, 2.485714, 0.483333, 1.859524, 2.373810
S, 128.666667, 5.917098, 1.025907, 1.948187, 3.007772
S, 106.000000, 11.169811, 3.339623, 7.135220, 10.534591
S, 128.666667, 4.419689, 1.134715, 3.660622, 4.839378
S, 58.333333, 10.034286, 0.851429, 2.268571, 3.165714
M, 75.000000, 7.804444, 0.448889, 0.964444, 1.457778, 0.000000, 0.000000, 0.000000
M, 131.666667, 2.605063, 0.222785, 1.081013, 1.339241, 0.000000, 0.000000, 0.000000
M, 140.666667, 7.116114, 0.372038, 0.561611, 0.964455, 0.000000, 0.000000, 0.000000
M, 137.000000, 3.364964, 0.194647, 0.442822, 0.671533, 0.000000, 0.000000, 0.000000
M, 150.666667, 3.137168, 0.159292, 0.380531, 0.575221, 0.000000, 0.000000, 0.000000
M, 137.000000, 3.880779, 0.243309, 0.603406, 0.883212, 0.000000, 0.000000, 0.000000
M, 144.333333, 1.923788, 0.203233, 0.598152, 0.856813, 0.002309, 0.000000, 0.000000
M, 135.333333, 1.603448, 0.177340, 0.536946, 0.756158, 0.000000, 0.000000, 0.000000
M, 137.666667, 2.728814, 0.152542, 0.430993, 0.617433, 0.000000, 0.000000, 0.000000
M, 142.333333, 2.421546, 0.152225, 0.379391, 0.566745, 0.000000, 0.000000, 0.000000
M, 142.666667, 3.042056, 0.151869, 0.418224, 0.605140, 0.000000, 0.000000, 0.000000
M, 150.000000, 2.924444, 0.193333, 0.464444, 0.693333, 0.000000, 0.000000, 0.000000
M, 144.666667, 3.179724, 0.271889, 0.709677, 1.023041, 0.000000, 0.000000, 0.000000
M, 144.000000, 2.437500, 0.314815, 0.993056, 1.363426, 0.002315, 0.000000, 0.000000
M, 146.000000, 3.764840, 0.214612, 0.502283, 0.751142, 0.000000, 0.000000, 0.000000
 19, 32
S, 124.000000, 3.846774, 0.768817, 2.080645, 2.887097
S, 132.333333, 3.234257, 0.644836, 1.901763, 2.579345
S, 107.666667, 8.266254, 2.436533, 6.873065, 9.405573
S, 127.000000, 5.309711, 1.438320, 3.356955, 4.834646
S, 140.000000, 4.057143, 0.714286, 1.623810, 2.369048
S, 136.666667, 2.524390, 0.497561, 1.863415, 2.397561
S, 116.000000, 10.991379, 2.951149, 6.767241, 9.772989
S, 122.666667, 7.970109, 1.807065, 3.233696, 5.078804
S, 148.000000, 2.596847, 0.409910, 1.529279, 1.970721
S, 133.666667, 2.099751, 0.433915, 1.708229, 2.174564
S, 112.333333, 11.112760, 3.002967, 6.807122, 9.866469
S, 130.333333, 4.833760, 0.956522, 2.941176, 3.936061
S, 137.333333, 1.718447, 0.478155, 1.834951, 2.347087
S, 130.000000, 6.976923, 1.046154, 1.992308, 3.071795
S, 118.000000, 12.765537, 3.146893, 6.576271, 9.774011
S, 125.333333, 4.186170, 1.146277, 3.686170, 4.875000
S, 54.666667, 10.219512, 0.878049, 2.463415, 3.384146
M, 72.666667, 7.688073, 0.490826, 1.018349, 1.555046, 0.000000, 0.000000, 0.000000
M, 134.333333, 2.692308, 0.215881, 1.071960, 1.322581, 0.000000, 0.000000, 0.000000
M, 141.000000, 7.151300, 0.394799, 0.569740, 0.997636, 0.000000, 0.000000, 0.000000
M, 143.000000, 3.538462, 0.186480, 0.438228, 0.657343, 0.000000, 0.000000, 0.000000
M, 146.000000, 3.029680, 0.159817, 0.406393, 0.600457, 0.000000, 0.000000, 0.000000
M, 146.666667, 4.402273, 0.252273, 0.561364, 0.850000, 0.000000, 0.000000, 0.000000
M, 139.666667, 1.952267, 0.205251, 0.615752, 0.873508, 0.002387, 0.000000, 0.000000
M, 142.333333, 2.159251, 0.177986, 0.580796, 0.796253, 0.000000, 0.000000, 0.000000
M, 135.000000, 3.091358, 0.162963, 0.437037, 0.637037, 0.000000, 0.000000, 0.000000
M, 135.000000, 2.195062, 0.155556, 0.380247, 0.570370, 0.000000, 0.000000, 0.000000
M, 136.333333, 2.738386, 0.149144, 0.440098, 0.621027, 0.000000, 0.000000, 0.000000
M, 141.000000, 2.799054, 0.205674, 0.496454, 0.735225, 0.000000, 0.000000, 0.000000
M, 135.333333, 2.495074, 0.253695, 0.770936, 1.068966, 0.000000, 0.000000, 0.000000
M, 151.000000, 2.607064, 0.282561, 0.951435, 1.286976, 0.002208, 0.000000, 0.000000
M, 130.666667, 2.783163, 0.211735, 0.538265, 0.783163, 0.000000, 0.000000, 0.000000
 20, 32
S, 116.666667, 3.211429, 0.734286, 2.268571, 3.040000
S, 133.000000, 3.488722, 0.586466, 1.849624, 2.466165
S, 108.666667, 8.076687, 2.423313, 6.723926, 9.193252
S, 124.666667, 5.379679, 1.510695, 3.358289, 4.909091
S, 130.333333, 3.312020, 0.705882, 1.744246, 2.485934
S, 140.000000, 2.747619, 0.483333, 1.957143, 2.476190
S, 112.000000, 9.443452, 2.812500, 6.860119, 9.758929
S, 125.000000, 7.706667, 1.656000, 3.077333, 4.789333
S, 136.000000, 2.286765, 0.399510, 1.600490, 2.039216
S, 140.000000, 2.440476, 0.445238, 1.666667, 2.150000
S, 115.666667, 11.703170, 3.250720, 6.700288, 10.002882
S, 131.000000, 4.460560, 1.000000, 2.844784, 3.880407
S, 131.666667, 2.045570, 0.450633, 1.913924, 2.397468
S, 128.000000, 7.033854, 1.250000, 2.005208, 3.289063
S, 120.000000, 12.272222, 3.333333, 6.638889, 10.022222
S, 131.000000, 4.536896, 1.180662, 3.503817, 4.725191
S, 56.000000, 11.791667, 1.279762, 2.476190, 3.791667
M, 72.000000, 9.171296, 0.393519, 0.824074, 1.263889, 0.000000, 0.000000, 0.000000
M, 140.666667, 3.059242, 0.206161, 1.014218, 1.255924, 0.000000, 0.000000, 0.000000
M, 149.333333, 7.229911, 0.399554, 0.535714, 0.968750, 0.000000, 0.000000, 0.000000
M, 143.333333, 3.567442, 0.165116, 0.425581, 0.625581, 0.000000, 0.000000, 0.000000
M, 141.333333, 2.768868, 0.158019, 0.408019, 0.601415, 0.000000, 0.000000, 0.000000
M, 142.666667, 4.415888, 0.252336, 0.586449, 0.876168, 0.000000, 0.000000, 0.000000
M, 139.000000, 2.199041, 0.189448, 0.630695, 0.872902, 0.002398, 0.000000, 0.000000
M, 139.333333, 1.784689, 0.188995, 0.562201, 0.791866, 0.000000, 0.000000, 0.000000
M, 142.333333, 2.887588, 0.159251, 0.430913, 0.622951, 0.000000, 0.000000, 0.000000
M, 137.000000, 2.474453, 0.143552, 0.369830, 0.549878, 0.000000, 0.000000, 0.000000
M, 140.333333, 2.705463, 0.152019, 0.427553, 0.615202, 0.000000, 0.000000, 0.000000
M, 136.000000, 2.573529, 0.176471, 0.490196, 0.703431, 0.000000, 0.000000, 0.000000
M, 138.666667, 2.663462, 0.247596, 0.735577, 1.028846, 0.000000, 0.000000, 0.000000
M, 130.333333, 1.570332, 0.301790, 1.020460, 1.373402, 0.002558, 0.000000, 0.000000
M, 138.000000, 3.427536, 0.212560, 0.495169, 0.741546, 0.000000, 0.000000, 0.000000
 21, 32
S, 117.333333, 3.136364, 0.801136, 2.187500, 3.022727
S, 135.000000, 3.503704, 0.595062, 1.856790, 2.483951
S, 117.333333, 9.750000, 2.636364, 6.392045, 9.085227
S, 123.333333, 5.729730, 1.445946, 3.302703, 4.786486
S, 135.666667, 3.039312, 0.574939, 1.626536, 2.235872
S, 146.333333, 2.943052, 0.478360, 1.842825, 2.357631
S, 109.666667, 9.775076, 2.981763, 7.066869, 10.106383
S, 124.000000, 8.876344, 1.857527, 3.440860, 5.336022
S, 143.666667, 2.758701, 0.366589, 1.487239, 1.883991
S, 142.333333, 2.444965, 0.402810, 1.599532, 2.035129
S, 113.000000, 10.351032, 2.935103, 6.799410, 9.778761
S, 128.000000, 4.445313, 1.067708, 3.002604, 4.132813
S, 133.666667, 2.189526, 0.441397, 1.827930, 2.304239
S, 130.000000, 7.023077, 1.043590, 2.033333, 3.110256
S, 113.333333, 10.955882, 3.200000, 6.864706, 10.114706
S, 124.666667, 4.606952, 1.213904, 3.850267, 5.104278
S, 67.000000, 10.855721, 1.000000, 2.179104, 3.218905
M, 76.000000, 9.570175, 0.530702, 0.912281, 1.491228, 0.000000, 0.000000, 0.000000
M, 138.333333, 3.053012, 0.214458, 1.026506, 1.274699, 0.000000, 0.000000, 0.000000
M, 148.000000, 6.824324, 0.382883, 0.540541, 0.957207, 0.000000, 0.000000, 0.000000
M, 142.000000, 3.396714, 0.173709, 0.410798, 0.619718, 0.000000, 0.000000, 0.000000
M, 142.333333, 2.585480, 0.149883, 0.405152, 0.590164, 0.000000, 0.000000, 0.000000
M, 137.666667, 3.719128, 0.263923, 0.585956, 0.883777, 0.000000, 0.000000, 0.000000
M, 141.666667, 2.237647, 0.204706, 0.614118, 0.875294, 0.002353, 0.000000, 0.000000
M, 136.333333, 1.782396, 0.166259, 0.557457, 0.765281, 0.000000, 0.000000, 0.000000
M, 145.000000, 3.124138, 0.160920, 0.409195, 0.604598, 0.000000, 0.000000, 0.000000
M, 146.333333, 2.489749, 0.136674, 0.357631, 0.528474, 0.000000, 0.000000, 0.000000
M, 136.333333, 2.902200, 0.158924, 0.422983, 0.616137, 0.000000, 0.000000, 0.000000
M, 150.666667, 3.365044, 0.192478, 0.451327, 0.679204, 0.000000, 0.000000, 0.000000
M, 139.000000, 2.724221, 0.266187, 0.738609, 1.050360, 0.000000, 0.000000, 0.000000
M, 138.000000, 2.144928, 0.270531, 0.954106, 1.277778, 0.002415, 0.000000, 0.000000
M, 137.000000, 3.119221, 0.206813, 0.513382, 0.756691, 0.000000, 0.000000, 0.000000
 22, 32
S, 118.000000, 3.500000, 0.771186, 2.112994, 2.954802
S, 133.666667, 3.399002, 0.563591, 1.800499, 2.399002
S, 122.333333, 9.223433, 2.457766, 6.177112, 8.686649
S, 127.000000, 9.338583, 1.517060, 3.133858, 4.690289
S, 136.333333, 2.718826, 0.545232, 1.765281, 2.342298
S, 127.333333, 2.371728, 0.473822, 2.117801, 2.630890
S, 111.666667, 9.689552, 2.817910, 6.991045, 9.856716
S, 118.333333, 8.442254, 1.811268, 3.414085, 5.264789
S, 138.333333, 2.024096, 0.373494, 1.566265, 1.973494
S, 139.000000, 2.743405, 0.438849, 1.673861, 2.146283
S, 111.333333, 11.634731, 3.032934, 6.742515, 9.823353
S, 133.333333, 4.732500, 1.045000, 2.927500, 4.010000
S, 131.333333, 1.913706, 0.472081, 1.928934, 2.434010
S, 129.666667, 6.159383, 1.167095, 2.051414, 3.251928
S, 110.666667, 11.683735, 3.162651, 7.084337, 10.301205
S, 123.666667, 4.132075, 1.199461, 3.716981, 4.962264
S, 66.666667, 8.425000, 0.790000, 2.205000, 3.040000
M, 71.333333, 7.873832, 0.551402, 0.957944, 1.551402, 0.000000, 0.000000, 0.000000
M, 133.333333, 2.755000, 0.215000, 1.050000, 1.300000, 0.000000, 0.000000, 0.000000
M, 143.666667, 7.642691, 0.401392, 0.556845, 0.990719, 0.000000, 0.000000, 0.000000
M, 141.333333, 3.214623, 0.165094, 0.417453, 0.615566, 0.000000, 0.000000, 0.000000
M, 147.000000, 2.936508, 0.172336, 0.401361, 0.607710, 0.000000, 0.000000, 0.000000
M, 133.333333, 3.110000, 0.285000, 0.577500, 0.897500, 0.000000, 0.000000, 0.000000
M, 145.000000, 1.910345, 0.211494, 0.611494, 0.875862, 0.002299, 0.000000, 0.000000
M, 132.333333, 1.763224, 0.173804, 0.571788, 0.785894, 0.000000, 0.000000, 0.000000
M, 137.000000, 2.722628, 0.160584, 0.416058, 0.613139, 0.000000, 0.000000, 0.000000
M, 135.666667, 2.201474, 0.142506, 0.361179, 0.538084, 0.000000, 0.000000, 0.000000
M, 147.666667, 2.936795, 0.146727, 0.413093, 0.595937, 0.000000, 0.000000, 0.000000
M, 140.333333, 2.313539, 0.185273, 0.465558, 0.686461, 0.000000, 0.000000, 0.000000
M, 140.666667, 2.744076, 0.246445, 0.699052, 0.988152, 0.000000, 0.000000, 0.000000
M, 138.333333, 2.002410, 0.281928, 1.016867, 1.351807, 0.002410, 0.000000, 0.000000
M, 131.666667, 2.688608, 0.217722, 0.524051, 0.777215, 0.000000, 0.000000, 0.000000
 23, 32
S, 114.666667, 3.008721, 0.770349, 2.392442, 3.203488
S, 137.666667, 3.837772, 0.610169, 1.866828, 2.510896
S, 113.666667, 8.671554, 2.425220, 6.442815, 8.923754
S, 128.000000, 5.325521, 1.450521, 3.429688, 4.919271
S, 136.000000, 4.203431, 0.664216, 1.705882, 2.401961
S, 139.000000, 2.841727, 0.491607, 1.901679, 2.426859
S, 118.333333, 10.667606, 2.912676, 6.681690, 9.642254
S, 126.333333, 8.514512, 1.715040, 3.263852, 5.034301
S, 139.333333, 2.150718, 0.423445, 1.624402, 2.078947
S, 129.333333, 1.876289, 0.399485, 1.719072, 2.154639
S, 110.333333, 10.181269, 3.033233, 6.912387, 9.996979
S, 126.666667, 4.402632, 1.021053, 3.071053, 4.128947
S, 149.666667, 3.425390, 0.514477, 1.748330, 2.293987
S, 133.000000, 6.754386, 1.157895, 1.959900, 3.152882
S, 110.666667, 12.237952, 3.153614, 6.861446, 10.066265
S, 121.333333, 4.049451, 1.189560, 3.848901, 5.082418
S, 63.333333, 9.052632, 0.863158, 2.184211, 3.089474
M, 73.666667, 7.782805, 0.475113, 0.932127, 1.452489, 0.000000, 0.000000, 0.000000
M, 139.000000, 2.827338, 0.220624, 1.023981, 1.280576, 0.000000, 0.000000, 0.000000
M, 145.000000, 7.427586, 0.413793, 0.537931, 0.983908, 0.000000, 0.000000, 0.000000
M, 140.000000, 3.321429, 0.176190, 0.438095, 0.647619, 0.000000, 0.000000, 0.000000
M, 139.666667, 2.756563, 0.152745, 0.408115, 0.594272, 0.000000, 0.000000, 0.000000
M, 134.333333, 4.116625, 0.225806, 0.590571, 0.851117, 0.000000, 0.000000, 0.000000
M, 151.666667, 2.659341, 0.213187, 0.569231, 0.837363, 0.002198, 0.000000, 0.000000
M, 143.666667, 2.893271, 0.192575, 0.542923, 0.774942, 0.000000, 0.000000, 0.000000
M, 133.000000, 2.536341, 0.160401, 0.426065, 0.621554, 0.000000, 0.000000, 0.000000
M, 140.000000, 2.483333, 0.142857, 0.378571, 0.557143, 0.000000, 0.000000, 0.000000
M, 144.000000, 3.090278, 0.150463, 0.423611, 0.606481, 0.000000, 0.000000, 0.000000
M, 145.000000, 2.942529, 0.218391, 0.459770, 0.714943, 0.000000, 0.000000, 0.000000
M, 150.000000, 2.895556, 0.255556, 0.702222, 1.000000, 0.002222, 0.000000, 0.000000
M, 137.666667, 2.498789, 0.302663, 0.975787, 1.331719, 0.002421, 0.000000, 0.000000
M, 135.333333, 3.640394, 0.211823, 0.519704, 0.766010, 0.000000, 0.000000, 0.000000
 24, 32
S, 118.666667, 3.691011, 0.828652, 2.275281, 3.140449
S, 136.666667, 3.373171, 0.604878, 1.931707, 2.568293
S, 115.666667, 9.472622, 2.489914, 6.337176, 8.878963
S, 124.333333, 5.565684, 1.431635, 3.388740, 4.860590
S, 139.666667, 3.369928, 0.682578, 1.649165, 2.362768
S, 127.666667, 2.506527, 0.550914, 2.099217, 2.684073
S, 113.666667, 10.539589, 2.976540, 6.950147, 9.979472
S, 120.000000, 8.288889, 1.797222, 3.355556, 5.191667
S, 147.666667, 2.821670, 0.383747, 1.582393, 2.000000
S, 137.666667, 2.387409, 0.467312, 1.641646, 2.140436
S, 113.666667, 10.495601, 2.897361, 6.850440, 9.803519
S, 125.333333, 4.928191, 1.098404, 3.090426, 4.226064
S, 133.333333, 2.062500, 0.462500, 1.872500, 2.367500
S, 127.666667, 6.091384, 1.096606, 2.041775, 3.174935
S, 109.333333, 11.146341, 3.359756, 7.024390, 10.439024
S, 131.666667, 4.630380, 1.172152, 3.594937, 4.810127
S, 60.666667, 10.021978, 0.796703, 2.351648, 3.186813
M, 72.000000, 8.444444, 0.421296, 0.976852, 1.699074, 0.000000, 0.000000, 0.000000
M, 130.666667, 2.892857, 0.219388, 0.599490, 0.857143, 0.000000, 0.000000, 0.000000
M, 143.000000, 7.433566, 0.398601, 0.566434, 0.997669, 0.000000, 0.000000, 0.000000
M, 144.000000, 3.398148, 0.182870, 0.435185, 0.650463, 0.000000, 0.000000, 0.000000
M, 140.333333, 2.864608, 0.163895, 0.406176, 0.605701, 0.000000, 0.000000, 0.000000
M, 141.666667, 4.162353, 0.237647, 0.567059, 0.840000, 0.000000, 0.000000, 0.000000
M, 145.333333, 2.034404, 0.199541, 0.626147, 0.880734, 0.002294, 0.000000, 0.000000
M, 145.666667, 1.901602, 0.162471, 0.542334, 0.745995, 0.000000, 0.000000, 0.000000
M, 143.000000, 3.461538, 0.165501, 0.410256, 0.608392, 0.000000, 0.000000, 0.000000
M, 149.333333, 2.546875, 0.129464, 0.359375, 0.524554, 0.000000, 0.000000, 0.000000
M, 148.333333, 3.301124, 0.143820, 0.415730, 0.593258, 0.000000, 0.000000, 0.000000
M, 138.000000, 2.705314, 0.183575, 0.485507, 0.705314, 0.000000, 0.000000, 0.000000
M, 137.000000, 2.170316, 0.248175, 0.742092, 1.034063, 0.000000, 0.000000, 0.000000
M, 140.333333, 2.123515, 0.277910, 1.014252, 1.346793, 0.002375, 0.000000, 0.000000
M, 137.000000, 3.700730, 0.209246, 0.506083, 0.749392, 0.000000, 0.000000, 0.000000
 25, 32
S, 114.666667, 3.194767, 0.796512, 2.151163, 2.985465
S, 133.666667, 3.583541, 0.573566, 1.892768, 2.498753
S, 117.000000, 9.216524, 2.521368, 6.515670, 9.085470
S, 123.666667, 6.436658, 1.533693, 3.431267, 5.010782
S, 139.000000, 3.225420, 0.683453, 1.628297, 2.342926
S, 139.666667, 2.785203, 0.548926, 2.062053, 2.646778
S, 110.333333, 9.779456, 2.870091, 6.734139, 9.673716
S, 120.666667, 8.425414, 1.917127, 3.419890, 5.378453
S, 137.333333, 2.121359, 0.410194, 1.633495, 2.075243
S, 141.000000, 2.801418, 0.458629, 1.617021, 2.108747
S, 109.333333, 9.753049, 3.164634, 6.722561, 9.954268
S, 131.000000, 5.246819, 1.119593, 3.106870, 4.264631
S, 134.666667, 2.178218, 0.430693, 1.774752, 2.240099
S, 133.666667, 6.847880, 1.077307, 2.012469, 3.122195
S, 111.333333, 12.137725, 3.143713, 6.982036, 10.176647
S, 124.333333, 4.305630, 1.184987, 3.855228, 5.080429
S, 57.000000, 9.432749, 0.807018, 2.327485, 3.169591
M, 75.666667, 7.105727, 0.511013, 1.039648, 1.594714, 0.000000, 0.000000, 0.000000
M, 140.333333, 3.505938, 0.209026, 1.033254, 1.277910, 0.000000, 0.000000, 0.000000
M, 134.333333, 6.947891, 0.429280, 0.593052, 1.057072, 0.000000, 0.000000, 0.000000
M, 132.666667, 3.500000, 0.158291, 0.444724, 0.638191, 0.000000, 0.000000, 0.000000
M, 150.000000, 3.224444, 0.155556, 0.411111, 0.600000, 0.000000, 0.000000, 0.000000
M, 151.000000, 4.885210, 0.225166, 0.545254, 0.805740, 0.000000, 0.000000, 0.000000
M, 147.000000, 2.052154, 0.210884, 0.637188, 0.902494, 0.002268, 0.000000, 0.000000
M, 141.000000, 2.174941, 0.174941, 0.579196, 0.791962, 0.000000, 0.000000, 0.000000
M, 145.000000, 3.491954, 0.156322, 0.390805, 0.579310, 0.000000, 0.000000, 0.000000
M, 140.333333, 2.418052, 0.168646, 0.368171, 0.572447, 0.000000, 0.000000, 0.000000
M, 137.000000, 2.773723, 0.145985, 0.430657, 0.608273, 0.000000, 0.000000, 0.000000
M, 147.000000, 3.074830, 0.185941, 0.478458, 0.700680, 0.000000, 0.000000, 0.000000
M, 151.333333, 3.337004, 0.248899, 0.680617, 0.971366, 0.002203, 0.000000, 0.000000
M, 148.000000, 2.229730, 0.290541, 0.961712, 1.308559, 0.002252, 0.000000, 0.000000
M, 150.333333, 3.496674, 0.219512, 0.467849, 0.722838, 0.000000, 0.000000, 0.000000
 26, 32
S, 122.000000, 3.374317, 0.795082, 2.144809, 2.978142
S, 134.666667, 3.198020, 0.502475, 1.762376, 2.297030
S, 112.000000, 7.821429, 2.446429, 6.607143, 9.101190
S, 126.333333, 6.039578, 1.480211, 3.197889, 4.717678
S, 136.000000, 4.132353, 0.723039, 1.740196, 2.497549
S, 128.333333, 2.623377, 0.496104, 2.148052, 2.680519
S, 108.000000, 10.577160, 2.854938, 7.185185, 10.101852
S, 118.000000, 8.946328, 1.926554, 3.420904, 5.389831
S, 138.666667, 2.242788, 0.406250, 1.576923, 2.016827
S, 134.333333, 2.387097, 0.399504, 1.746898, 2.181141
S, 108.000000, 10.873457, 3.339506, 7.163580, 10.552469
S, 133.333333, 3.965000, 0.992500, 2.937500, 3.967500
S, 136.666667, 2.578049, 0.524390, 1.812195, 2.370732
S, 123.666667, 6.242588, 1.175202, 2.099730, 3.312668
S, 112.000000, 12.071429, 3.455357, 6.988095, 10.494048
S, 128.666667, 4.489637, 1.103627, 3.562176, 4.704663
S, 59.666667, 7.888268, 0.815642, 2.301676, 3.156425
M, 67.333333, 6.990099, 0.425743, 0.900990, 1.371287, 0.000000, 0.000000, 0.000000
M, 139.333333, 3.177033, 0.210526, 1.040670, 1.287081, 0.000000, 0.000000, 0.000000
M, 142.000000, 7.849765, 0.436620, 0.568075, 1.037559, 0.000000, 0.000000, 0.000000
M, 143.666667, 3.603248, 0.192575, 0.436195, 0.661253, 0.000000, 0.000000, 0.000000
M, 141.333333, 2.830189, 0.148585, 0.403302, 0.584906, 0.000000, 0.000000, 0.000000
M, 143.333333, 3.500000, 0.230233, 0.569767, 0.837209, 0.000000, 0.000000, 0.000000
M, 144.666667, 2.253456, 0.216590, 0.608295, 0.877880, 0.002304, 0.000000, 0.000000
M, 141.000000, 2.042553, 0.182033, 0.546099, 0.773050, 0.000000, 0.000000, 0.000000
M, 137.333333, 3.104369, 0.160194, 0.429612, 0.623786, 0.000000, 0.000000, 0.000000
M, 143.666667, 2.563805, 0.153132, 0.373550, 0.561485, 0.000000, 0.000000, 0.000000
M, 140.666667, 2.616114, 0.154028, 0.436019, 0.625592, 0.000000, 0.000000, 0.000000
M, 144.000000, 2.791667, 0.178241, 0.462963, 0.675926, 0.000000, 0.000000, 0.000000
M, 141.333333, 2.959906, 0.250000, 0.745283, 1.040094, 0.000000, 0.000000, 0.000000
M, 136.000000, 1.955882, 0.308824, 0.982843, 1.375000, 0.004902, 0.029412, 0.000000
M, 143.333333, 3.688372, 0.209302, 0.490698, 0.732558, 0.000000, 0.000000, 0.000000
 27, 32
S, 131.333333, 3.743655, 0.819797, 1.944162, 2.807107
S, 136.333333, 3.127139, 0.638142, 1.911980, 2.581907
S, 112.000000, 8.446429, 2.497024, 6.669643, 9.211310
S, 126.000000, 6.066138, 1.537037, 3.396825, 4.970899
S, 135.666667, 3.570025, 0.719902, 1.734644, 2.488943
S, 131.000000, 3.053435, 0.508906, 2.012723, 2.554707
S, 112.000000, 10.044643, 2.892857, 6.940476, 9.886905
S, 117.333333, 8.090909, 1.809659, 3.309659, 5.159091
S, 135.333333, 2.406404, 0.411330, 1.573892, 2.014778
S, 146.333333, 2.902050, 0.428246, 1.571754, 2.031891
S, 109.333333, 9.856707, 2.899390, 6.948171, 9.896341
S, 131.666667, 4.549367, 1.048101, 3.010127, 4.093671
S, 137.666667, 2.467312, 0.479419, 1.815981, 2.329298
S, 123.333333, 5.597297, 1.089189, 2.481081, 3.602703
S, 110.000000, 11.315152, 3.181818, 7.009091, 10.239394
S, 123.000000, 4.617886, 1.186992, 3.907859, 5.138211
S, 62.000000, 12.252688, 0.876344, 2.225806, 3.145161
M, 80.333333, 9.456432, 0.448133, 0.867220, 1.360996, 0.000000, 0.000000, 0.000000
M, 136.333333, 2.784841, 0.229829, 1.051345, 1.317848, 0.000000, 0.000000, 0.000000
M, 137.000000, 6.973236, 0.423358, 0.574209, 1.029197, 0.000000, 0.000000, 0.000000
M, 136.000000, 3.134804, 0.178922, 0.455882, 0.666667, 0.000000, 0.000000, 0.000000
M, 144.000000, 3.247685, 0.157407, 0.393519, 0.585648, 0.000000, 0.000000, 0.000000
M, 139.333333, 4.009569, 0.244019, 0.574163, 0.851675, 0.000000, 0.000000, 0.000000
M, 133.000000, 1.631579, 0.210526, 0.634085, 0.897243, 0.002506, 0.000000, 0.000000
M, 131.666667, 1.817722, 0.182278, 0.589873, 0.812658, 0.000000, 0.000000, 0.000000
M, 140.000000, 3.042857, 0.169048, 0.419048, 0.621429, 0.000000, 0.000000, 0.000000
M, 143.333333, 2.790698, 0.146512, 0.383721, 0.562791, 0.000000, 0.000000, 0.000000
M, 145.666667, 3.066362, 0.146453, 0.411899, 0.592677, 0.000000, 0.000000, 0.000000
M, 145.333333, 2.692661, 0.188073, 0.467890, 0.692661, 0.000000, 0.000000, 0.000000
M, 142.666667, 3.285047, 0.280374, 0.771028, 1.095794, 0.000000, 0.000000, 0.000000
M, 140.000000, 2.171429, 0.290476, 0.942857, 1.285714, 0.002381, 0.000000, 0.000000
M, 132.666667, 3.309045, 0.218593, 0.542714, 0.793970, 0.000000, 0.000000, 0.000000
 28, 32
S, 120.333333, 3.565097, 0.747922, 2.149584, 2.933518
S, 139.666667, 3.498807, 0.575179, 1.861575, 2.467780
S, 120.666667, 9.776243, 2.422652, 6.331492, 8.801105
S, 124.000000, 5.034946, 1.497312, 3.169355, 4.704301
S, 135.666667, 4.380835, 0.746929, 1.714988, 2.493857
S, 137.333333, 3.160194, 0.536408, 2.048544, 2.618932
S, 113.333333, 9.938235, 2.788235, 6.758824, 9.597059
S, 122.666667, 8.206522, 1.741848, 3.271739, 5.057065
S, 133.000000, 2.205514, 0.378446, 1.576441, 1.987469
S, 132.000000, 2.325758, 0.446970, 1.803030, 2.282828
S, 112.000000, 10.994048, 3.029762, 6.738095, 9.830357
S, 130.666667, 4.581633, 0.974490, 2.892857, 3.903061
S, 136.000000, 2.392157, 0.507353, 1.799020, 2.343137
S, 120.333333, 6.753463, 1.360111, 2.166205, 3.559557
S, 115.000000, 11.646377, 3.330435, 6.646377, 10.078261
S, 126.000000, 4.370370, 1.256614, 3.759259, 5.055556
S, 68.000000, 8.666667, 0.867647, 2.156863, 3.068627
M, 74.000000, 7.963964, 0.423423, 0.887387, 1.351351, 0.000000, 0.000000, 0.000000
M, 138.666667, 3.295673, 0.192308, 1.012019, 1.242788, 0.000000, 0.000000, 0.000000
M, 135.333333, 7.408867, 0.416256, 0.598522, 1.049261, 0.000000, 0.000000, 0.000000
M, 146.666667, 3.534091, 0.170455, 0.420455, 0.625000, 0.000000, 0.000000, 0.000000
M, 139.000000, 2.647482, 0.146283, 0.390887, 0.570743, 0.000000, 0.000000, 0.000000
M, 145.666667, 4.455378, 0.244851, 0.558352, 0.837529, 0.000000, 0.000000, 0.000000
M, 151.333333, 2.226872, 0.187225, 0.555066, 0.799559, 0.002203, 0.000000, 0.000000
M, 140.666667, 1.888626, 0.187204, 0.549763, 0.779621, 0.000000, 0.000000, 0.000000
M, 138.333333, 3.067470, 0.161446, 0.424096, 0.619277, 0.000000, 0.000000, 0.000000
M, 131.333333, 1.847716, 0.159898, 0.398477, 0.593909, 0.000000, 0.000000, 0.000000
M, 144.666667, 2.831797, 0.154378, 0.421659, 0.610599, 0.000000, 0.000000, 0.000000
M, 138.333333, 2.677108, 0.171084, 0.477108, 0.684337, 0.000000, 0.000000, 0.000000
M, 138.333333, 2.534940, 0.255422, 0.742169, 1.040964, 0.000000, 0.000000, 0.000000
M, 141.666667, 2.352941, 0.265882, 0.941176, 1.261176, 0.002353, 0.000000, 0.000000
M, 146.000000, 4.105023, 0.200913, 0.493151, 0.728311, 0.000000, 0.000000, 0.000000
 29, 32
S, 121.333333, 3.554945, 0.796703, 2.021978, 2.857143
S, 131.000000, 3.595420, 0.613232, 1.880407, 2.526718
S, 112.333333, 8.735905, 2.335312, 6.673591, 9.065282
S, 120.000000, 5.955556, 1.458333, 3.391667, 4.886111
S, 141.666667, 3.823529, 0.687059, 1.578824, 2.301176
S, 130.666667, 2.369898, 0.446429, 1.966837, 2.448980
S, 117.000000, 10.256410, 3.005698, 6.643875, 9.700855
S, 129.666667, 8.699229, 1.863753, 3.141388, 5.043702
S, 135.333333, 2.450739, 0.381773, 1.502463, 1.916256
S, 135.666667, 1.985258, 0.385749, 1.611794, 2.031941
S, 107.000000, 9.800623, 3.202492, 6.947040, 10.246106
S, 131.000000, 4.356234, 1.066158, 2.882952, 3.984733
S, 137.000000, 2.041363, 0.515815, 1.861314, 2.411192
S, 126.666667, 6.560526, 1.115789, 1.994737, 3.144737
S, 109.666667, 11.231003, 3.455927, 6.911854, 10.419453
S, 126.000000, 4.992063, 1.251323, 3.687831, 4.994709
S, 54.333333, 9.552147, 0.834356, 2.496933, 3.380368
M, 73.666667, 7.045249, 0.438914, 0.977376, 1.461538, 0.000000, 0.000000, 0.000000
M, 134.666667, 3.123762, 0.220297, 1.054455, 1.311881, 0.000000, 0.000000, 0.000000
M, 147.333333, 6.755656, 0.386878, 0.554299, 0.972851, 0.000000, 0.000000, 0.000000
M, 147.000000, 3.494331, 0.188209, 0.439909, 0.659864, 0.000000, 0.000000, 0.000000
M, 138.000000, 2.729469, 0.166667, 0.415459, 0.618357, 0.000000, 0.000000, 0.000000
M, 143.333333, 3.890698, 0.255814, 0.548837, 0.841860, 0.000000, 0.000000, 0.000000
M, 134.000000, 1.843284, 0.208955, 0.641791, 0.902985, 0.002488, 0.000000, 0.000000
M, 146.333333, 2.271071, 0.191344, 0.551253, 0.783599, 0.000000, 0.000000, 0.000000
M, 139.333333, 3.148325, 0.162679, 0.421053, 0.619617, 0.000000, 0.000000, 0.000000
M, 139.333333, 2.392344, 0.138756, 0.373206, 0.547847, 0.000000, 0.000000, 0.000000
M, 142.333333, 3.152225, 0.156909, 0.437939, 0.627635, 0.000000, 0.000000, 0.000000
M, 140.333333, 2.895487, 0.197150, 0.467933, 0.700713, 0.000000, 0.000000, 0.000000
M, 150.000000, 3.002222, 0.308889, 0.686667, 1.040000, 0.000000, 0.000000, 0.000000
M, 140.333333, 2.510689, 0.299287, 0.980998, 1.332542, 0.002375, 0.000000, 0.000000
M, 147.666667, 4.153499, 0.216704, 0.474041, 0.724605, 0.000000, 0.000000, 0.000000
 30, 32
S, 121.000000, 3.402204, 0.760331, 2.272727, 3.068871
S, 133.333333, 3.472500, 0.515000, 1.872500, 2.417500
S, 114.333333, 9.026239, 2.384840, 6.629738, 9.058309
S, 121.666667, 5.005479, 1.493151, 3.443836, 4.972603
S, 131.333333, 4.322335, 0.741117, 1.703046, 2.477157
S, 143.666667, 2.972158, 0.517401, 2.004640, 2.554524
S, 110.666667, 9.765060, 2.807229, 7.135542, 9.990964
S, 116.000000, 8.425287, 1.658046, 3.339080, 5.034483
S, 137.333333, 2.373786, 0.393204, 1.558252, 1.983010
S, 131.000000, 2.424936, 0.414758, 1.679389, 2.129771
S, 103.666667, 10.180064, 3.180064, 7.157556, 10.392283
S, 127.000000, 4.564304, 1.065617, 3.133858, 4.238845
S, 135.000000, 1.982716, 0.471605, 1.829630, 2.335802
S, 131.666667, 6.349367, 1.169620, 2.083544, 3.286076
S, 109.000000, 11.299694, 3.174312, 7.030581, 10.269113
S, 125.000000, 4.728000, 1.189333, 3.805333, 5.034667
S, 65.666667, 8.543147, 0.969543, 2.340102, 3.350254
M, 69.333333, 8.091346, 0.548077, 0.889423, 1.480769, 0.000000, 0.000000, 0.000000
M, 139.333333, 3.193780, 0.208134, 1.047847, 1.291866, 0.000000, 0.000000, 0.000000
M, 146.000000, 7.986301, 0.394977, 0.541096, 0.970320, 0.000000, 0.000000, 0.000000
M, 145.666667, 3.636156, 0.178490, 0.423341, 0.633867, 0.000000, 0.000000, 0.000000
M, 139.000000, 3.105516, 0.153477, 0.414868, 0.599520, 0.000000, 0.000000, 0.000000
M, 140.666667, 4.094787, 0.236967, 0.571090, 0.843602, 0.000000, 0.000000, 0.000000
M, 135.666667, 2.024570, 0.206388, 0.616708, 0.879607, 0.002457, 0.000000, 0.000000
M, 138.000000, 2.096618, 0.164251, 0.543478, 0.746377, 0.000000, 0.000000, 0.000000
M, 144.666667, 3.096774, 0.161290, 0.414747, 0.608295, 0.000000, 0.000000, 0.000000
M, 138.333333, 2.481928, 0.163855, 0.380723, 0.578313, 0.000000, 0.000000, 0.000000
M, 142.333333, 2.840749, 0.152225, 0.433255, 0.618267, 0.000000, 0.000000, 0.000000
M, 145.666667, 3.203661, 0.189931, 0.459954, 0.686499, 0.000000, 0.000000, 0.000000
M, 142.666667, 2.726636, 0.247664, 0.712617, 1.002336, 0.000000, 0.000000, 0.000000
M, 142.000000, 2.382629, 0.279343, 0.990610, 1.326291, 0.002347, 0.000000, 0.000000
M, 138.333333, 3.448193, 0.228916, 0.510843, 0.780723, 0.000000, 0.000000, 0.000000
 31, 32
S, 120.333333, 3.254848, 0.811634, 2.055402, 2.905817
S, 134.000000, 3.472637, 0.599502, 2.052239, 2.684080
S, 113.000000, 8.480826, 2.498525, 6.439528, 8.985251
S, 132.666667, 5.304020, 1.412060, 3.183417, 4.630653
S, 134.666667, 3.695545, 0.633663, 1.668317, 2.334158
S, 135.666667, 3.117936, 0.518428, 1.970516, 2.520885
S, 111.333333, 10.565868, 2.934132, 6.883234, 9.865269
S, 119.666667, 8.420613, 1.844011, 3.406685, 5.289694
S, 141.333333, 2.834906, 0.396226, 1.500000, 1.929245
S, 135.333333, 2.312808, 0.435961, 1.721675, 2.189655
S, 116.000000, 11.267241, 3.241379, 6.609195, 9.899425
S, 127.666667, 4.373368, 1.031332, 3.007833, 4.075718
S, 142.333333, 2.667447, 0.508197, 1.761124, 2.304450
S, 127.000000, 6.241470, 1.120735, 2.152231, 3.307087
S, 112.000000, 11.110119, 3.178571, 6.735119, 9.961310
S, 130.666667, 4.561224, 1.198980, 3.589286, 4.836735
S, 60.333333, 9.486188, 0.861878, 2.209945, 3.110497
M, 75.333333, 7.597345, 0.491150, 0.889381, 1.429204, 0.000000, 0.000000, 0.000000
M, 135.333333, 2.839901, 0.219212, 1.059113, 1.315271, 0.000000, 0.000000, 0.000000
M, 150.333333, 8.727273, 0.423503, 0.534368, 0.988914, 0.000000, 0.000000, 0.000000
M, 137.666667, 2.997579, 0.186441, 0.435835, 0.653753, 0.000000, 0.000000, 0.000000
M, 130.666667, 2.686224, 0.176020, 0.428571, 0.640306, 0.000000, 0.000000, 0.000000
M, 142.333333, 4.400468, 0.224824, 0.573770, 0.833724, 0.000000, 0.000000, 0.000000
M, 142.000000, 2.049296, 0.215962, 0.612676, 0.884977, 0.002347, 0.000000, 0.000000
M, 147.000000, 2.108844, 0.165533, 0.541950, 0.748299, 0.000000, 0.000000, 0.000000
M, 142.000000, 3.417840, 0.152582, 0.417840, 0.605634, 0.000000, 0.000000, 0.000000
M, 141.666667, 2.216471, 0.138824, 0.357647, 0.529412, 0.000000, 0.000000, 0.000000
M, 144.000000, 2.986111, 0.145833, 0.428241, 0.608796, 0.000000, 0.000000, 0.000000
M, 141.666667, 2.830588, 0.185882, 0.458824, 0.680000, 0.000000, 0.000000, 0.000000
M, 136.666667, 2.739024, 0.268293, 0.717073, 1.029268, 0.000000, 0.000000, 0.000000
M, 150.000000, 3.133333, 0.304444, 0.931111, 1.288889, 0.002222, 0.000000, 0.000000
M, 131.666667, 3.531646, 0.220253, 0.526582, 0.782278, 0.000000, 0.000000, 0.000000
Histogram
1 0 0 0 0 64 117 72 63 31 43 0 25 45 12 8 1 0 1 14 27 21 17 38 36 25 13 0 7 12 22 25 15 7 2 4 1 1 1 4 11 4 8 4 0 3 5 20 15 12 20 9 7 4 1 0 0 0 0 0 0 0 0 0 0 0 0 0 0 0 0 0 0 0 0 0 0 0 0 0 0 0 0 0 0 0 2 0 2 6 6 5 3 6 2 4 2 9 14 67 
Cache Miss Ratio
0.1914
Average number of keys
10.0
numOfSets
200000
numOfGets
0
numOfMultiGets
200000
Server Hash Count
0
0
0
Number of unknown request types found:
0
