21
0
 0.250000, 1.000000, 0.000000, 2.000000, 15.000000
 276.333333, 1.811821, 0.495778, 1.498191, 2.055489
 325.666667, 1.780962, 0.480041, 1.421699, 1.951894
 329.666667, 1.470172, 0.317492, 1.287159, 1.659252
 318.333333, 1.515183, 0.396859, 1.354974, 1.806283
 336.000000, 1.984127, 0.506944, 1.421627, 1.974206
 337.000000, 1.798220, 0.464886, 1.444115, 1.955490
 338.333333, 1.633498, 0.449261, 1.387192, 1.898522
 353.000000, 1.890463, 0.454202, 1.371105, 1.870633
 355.666667, 1.680412, 0.409560, 1.289597, 1.741331
 296.666667, 1.322472, 0.370787, 1.385393, 1.823596
 339.333333, 1.715128, 0.409627, 1.302554, 1.762279
 348.333333, 1.824880, 0.423923, 1.322488, 1.795215
 365.666667, 1.796718, 0.373747, 1.227894, 1.654512
 331.000000, 1.775428, 0.468278, 1.465257, 2.003021
 334.666667, 1.878486, 0.452191, 1.457171, 1.971116
 317.666667, 1.478489, 0.371459, 1.346275, 1.778594
 347.666667, 2.135187, 0.447747, 1.515820, 2.020134
 311.000000, 1.392283, 0.364416, 1.468382, 1.882101
 328.000000, 1.920732, 0.500000, 1.429878, 1.986789
 345.666667, 2.423337, 0.625844, 1.538091, 2.220829
1
 0.250000, 0.000000, 1.000000, 14.000000, 19.000000
 290.666667, 1.833716, 0.522936, 1.481651, 2.066514
 335.000000, 1.889552, 0.536318, 1.375124, 1.975124
 349.333333, 1.622137, 0.393130, 1.251908, 1.689885
 339.666667, 1.721295, 0.410206, 1.350343, 1.815505
 330.000000, 1.671717, 0.489899, 1.393939, 1.947475
 354.000000, 1.845574, 0.513183, 1.420904, 1.995292
 351.666667, 1.682464, 0.460664, 1.391469, 1.898578
 336.333333, 1.533201, 0.456888, 1.428147, 1.934589
 365.333333, 1.922445, 0.457117, 1.306569, 1.806569
 336.000000, 1.718254, 0.440476, 1.417659, 1.903770
 319.333333, 1.457203, 0.387265, 1.359081, 1.794363
 326.333333, 1.633299, 0.419816, 1.373851, 1.840654
 350.666667, 1.520913, 0.355513, 1.221483, 1.619772
 329.666667, 1.753286, 0.451972, 1.476239, 1.979778
 340.333333, 1.913810, 0.486778, 1.432909, 1.966699
 334.000000, 1.782435, 0.389222, 1.302395, 1.745509
 337.000000, 1.993076, 0.423343, 1.517310, 1.985163
 357.333333, 2.222948, 0.513993, 1.366604, 1.926306
 327.000000, 1.649337, 0.458716, 1.432212, 1.950051
 320.000000, 1.851042, 0.544792, 1.521875, 2.140625
2
 0.250000, 0.000000, 1.000000, 12.000000, 18.000000
 300.000000, 2.055556, 0.632222, 1.471111, 2.192222
 332.333333, 1.821464, 0.468405, 1.362086, 1.876630
 365.333333, 1.865876, 0.384124, 1.223540, 1.654197
 335.333333, 1.804175, 0.481113, 1.357853, 1.897614
 318.000000, 1.582809, 0.491614, 1.459119, 2.000000
 347.666667, 1.799616, 0.492809, 1.438159, 1.974113
 340.333333, 1.661117, 0.430950, 1.407444, 1.886386
 363.333333, 2.056881, 0.494495, 1.383486, 1.923853
 337.333333, 1.717391, 0.423913, 1.355731, 1.827075
 334.666667, 1.812749, 0.432271, 1.418327, 1.899402
 336.333333, 1.480674, 0.400396, 1.310208, 1.761150
 333.333333, 1.547000, 0.423000, 1.319000, 1.812000
 350.333333, 1.614653, 0.382493, 1.248335, 1.679353
 332.666667, 1.756513, 0.486974, 1.465932, 2.029058
 326.666667, 1.686735, 0.407143, 1.492857, 1.945918
 360.333333, 1.979648, 0.477336, 1.280296, 1.805735
 313.333333, 1.665957, 0.374468, 1.278723, 1.702128
 326.000000, 1.829243, 0.449898, 1.625767, 2.155419
 322.000000, 1.721532, 0.438923, 1.444099, 1.949275
 332.000000, 2.124498, 0.524096, 1.470884, 2.047189
3
 0.250000, 0.000000, 1.000000, 13.000000, 18.000000
 290.000000, 2.010345, 0.516092, 1.466667, 2.056322
 324.000000, 1.767490, 0.426955, 1.407407, 1.880658
 367.333333, 1.768603, 0.399274, 1.238657, 1.680581
 349.333333, 1.862595, 0.453244, 1.315840, 1.824427
 344.000000, 2.021318, 0.529070, 1.483527, 2.074612
 357.333333, 2.004664, 0.517724, 1.431903, 1.993470
 364.000000, 1.880952, 0.526557, 1.343407, 1.933150
 337.666667, 1.654492, 0.413623, 1.386969, 1.857848
 337.333333, 1.510870, 0.427866, 1.332016, 1.806324
 321.000000, 1.546210, 0.382139, 1.422638, 1.861890
 344.000000, 1.658915, 0.426357, 1.271318, 1.756783
 350.000000, 1.905714, 0.474286, 1.305714, 1.842857
 360.333333, 1.593895, 0.329325, 1.223867, 1.597595
 325.666667, 1.875128, 0.442170, 1.506653, 2.001024
 326.000000, 1.701431, 0.456033, 1.470348, 1.972393
 333.333333, 1.778000, 0.406000, 1.327000, 1.790000
 300.333333, 1.577137, 0.340733, 1.350721, 1.746948
 359.333333, 2.165121, 0.529685, 1.310761, 1.886827
 327.666667, 1.728383, 0.468973, 1.498474, 2.026450
 315.000000, 1.769312, 0.463492, 1.539683, 2.056085
4
 0.250000, 0.000000, 2.000000, 12.000000, 18.000000
 281.666667, 1.758580, 0.485207, 1.455621, 2.027219
 356.000000, 2.113296, 0.579588, 1.343633, 1.971910
 367.333333, 1.802178, 0.401089, 1.235935, 1.678766
 349.666667, 2.000000, 0.503337, 1.327931, 1.881792
 352.000000, 2.053030, 0.582386, 1.364583, 2.001894
 357.333333, 2.132463, 0.523321, 1.389925, 1.959888
 334.000000, 1.493014, 0.391218, 1.417166, 1.872255
 338.666667, 1.719488, 0.423228, 1.459646, 1.929134
 352.333333, 1.731315, 0.414380, 1.275307, 1.743614
 324.333333, 1.656732, 0.385406, 1.423433, 1.860226
 348.666667, 1.699809, 0.375717, 1.260038, 1.694073
 347.000000, 1.973103, 0.439962, 1.323727, 1.807877
 369.333333, 1.654332, 0.387184, 1.189531, 1.629964
 326.333333, 1.743616, 0.485189, 1.473953, 2.008172
 328.333333, 1.713706, 0.459898, 1.485279, 1.990863
 348.000000, 1.909004, 0.448276, 1.292146, 1.794061
 316.000000, 1.719409, 0.417722, 1.325949, 1.800633
 312.333333, 1.549626, 0.432231, 1.413020, 1.908218
 315.000000, 1.562963, 0.465608, 1.500529, 2.019048
 311.000000, 1.878885, 0.514469, 1.551983, 2.127546
5
 0.250000, 0.000000, 2.000000, 13.000000, 18.000000
 280.666667, 1.768409, 0.533254, 1.461995, 2.080760
 337.000000, 1.838773, 0.436202, 1.387735, 1.871414
 366.000000, 1.918033, 0.410747, 1.213115, 1.666667
 338.333333, 1.880788, 0.432512, 1.303448, 1.800985
 325.666667, 1.837257, 0.497441, 1.475947, 2.033777
 311.333333, 1.456103, 0.406852, 1.437901, 1.935760
 338.666667, 1.599409, 0.473425, 1.410433, 1.943898
 312.333333, 1.481323, 0.392743, 1.481323, 1.946638
 327.333333, 1.424644, 0.382892, 1.373727, 1.809572
 326.000000, 1.792434, 0.411043, 1.395706, 1.860941
 358.333333, 1.967442, 0.437209, 1.282791, 1.773953
 322.000000, 1.480331, 0.388199, 1.356108, 1.809524
 362.333333, 1.726771, 0.410304, 1.193192, 1.653174
 321.000000, 1.699896, 0.471443, 1.507788, 2.037383
 350.666667, 2.073194, 0.499049, 1.416350, 1.970532
 340.333333, 1.808031, 0.450539, 1.370225, 1.870715
 336.000000, 2.039683, 0.451389, 1.513889, 2.017857
 329.000000, 1.834853, 0.440729, 1.491388, 2.001013
 308.000000, 1.413420, 0.419913, 1.522727, 1.996753
 307.666667, 1.759480, 0.398700, 1.541712, 2.003250
6
 0.250000, 0.000000, 2.000000, 2.000000, 18.000000
 302.666667, 2.257709, 0.579295, 1.484581, 2.121145
 321.000000, 1.569055, 0.447560, 1.385254, 1.885774
 337.333333, 1.438735, 0.359684, 1.262846, 1.680830
 319.333333, 1.478079, 0.398747, 1.343424, 1.802714
 322.000000, 1.728778, 0.513458, 1.459627, 2.025880
 354.000000, 1.922787, 0.475518, 1.404896, 1.926554
 338.666667, 1.752953, 0.417323, 1.393701, 1.878937
 337.333333, 1.650198, 0.442688, 1.429842, 1.924901
 361.000000, 1.956602, 0.457064, 1.316713, 1.816251
 313.000000, 1.520767, 0.428115, 1.355698, 1.844515
 333.333333, 1.530000, 0.391000, 1.321000, 1.759000
 331.000000, 1.672709, 0.371601, 1.359517, 1.778449
 363.333333, 1.749541, 0.357798, 1.176147, 1.576147
 343.666667, 2.013579, 0.494665, 1.514064, 2.078565
 336.000000, 2.062500, 0.493056, 1.428571, 1.972222
 331.666667, 1.628141, 0.375879, 1.343719, 1.772864
 312.000000, 1.724359, 0.404915, 1.330128, 1.790598
 367.333333, 2.214156, 0.547187, 1.356624, 1.946461
 300.333333, 1.486127, 0.378468, 1.765816, 2.234184
 313.000000, 1.802982, 0.451544, 1.568690, 2.073482
7
 0.250000, 0.000000, 1.000000, 0.000000, 10.000000
 282.666667, 1.790094, 0.520047, 1.601415, 2.204009
 332.000000, 1.920683, 0.433735, 1.391566, 1.877510
 365.000000, 1.792694, 0.445662, 1.238356, 1.726941
 359.333333, 2.127087, 0.461967, 1.284787, 1.797774
 344.000000, 2.007752, 0.521318, 1.471899, 2.042636
 348.666667, 1.862333, 0.474187, 1.409178, 1.932122
 351.000000, 1.853751, 0.480532, 1.382716, 1.905983
 349.333333, 1.695611, 0.419847, 1.421756, 1.885496
 359.000000, 1.845868, 0.456825, 1.288765, 1.792015
 338.666667, 1.703740, 0.413386, 1.399606, 1.860236
 357.666667, 1.795899, 0.462255, 1.276794, 1.787512
 327.333333, 1.599796, 0.398167, 1.558045, 2.020367
 342.333333, 1.553067, 0.349562, 1.225901, 1.631938
 318.666667, 1.653766, 0.438285, 1.500000, 1.986402
 335.000000, 1.905473, 0.513433, 1.441791, 1.999005
 381.333333, 2.181818, 0.493007, 1.224650, 1.784965
 313.000000, 1.497338, 0.379127, 1.565495, 1.991480
 327.666667, 1.879959, 0.453713, 1.351984, 1.859613
 348.333333, 2.033493, 0.476555, 1.417225, 1.943541
 334.000000, 2.000998, 0.578842, 1.510978, 2.135729
8
 0.250000, 0.000000, 0.000000, 0.000000, 3.000000
 312.000000, 2.334402, 0.653846, 1.420940, 2.134615
 328.333333, 1.739086, 0.455838, 1.346193, 1.862944
 363.333333, 1.866055, 0.428440, 1.230275, 1.700917
 332.333333, 1.813440, 0.427282, 1.340020, 1.826479
 337.000000, 1.883284, 0.483680, 1.413452, 1.954500
 326.000000, 1.710634, 0.372188, 1.462168, 1.883436
 345.000000, 1.804831, 0.481159, 1.484058, 2.011594
 339.000000, 1.628319, 0.444444, 1.394297, 1.889872
 343.333333, 1.681553, 0.397087, 1.316505, 1.763107
 334.666667, 1.826693, 0.453187, 1.413347, 1.910359
 348.333333, 1.799043, 0.444019, 1.309091, 1.796172
 361.000000, 1.865189, 0.469991, 1.283472, 1.802401
 351.000000, 1.674264, 0.367521, 1.230769, 1.640076
 331.333333, 1.907445, 0.459759, 1.490946, 2.007042
 337.666667, 1.902270, 0.516288, 1.495558, 2.067127
 368.666667, 2.212477, 0.513562, 1.264014, 1.830018
 309.000000, 1.747573, 0.403452, 1.350593, 1.800431
 336.666667, 1.845545, 0.456436, 1.366337, 1.867327
 324.333333, 1.745118, 0.468654, 1.440904, 1.970195
 336.333333, 2.170466, 0.541130, 1.489594, 2.079286
9
 0.250000, 0.000000, 0.000000, 1.000000, 10.000000
 288.666667, 1.916859, 0.524249, 1.534642, 2.135104
 341.000000, 1.888563, 0.471163, 1.341153, 1.859238
 354.000000, 1.739171, 0.425612, 1.246704, 1.718456
 330.333333, 1.607467, 0.448032, 1.319879, 1.821393
 326.333333, 1.747702, 0.516854, 1.452503, 2.020429
 327.666667, 1.464903, 0.435402, 1.428281, 1.923703
 337.666667, 1.689042, 0.461007, 1.386969, 1.898322
 344.333333, 1.822846, 0.412391, 1.401742, 1.865440
 348.333333, 1.695694, 0.434450, 1.318660, 1.796172
 343.000000, 1.919339, 0.482993, 1.331390, 1.867833
 360.000000, 1.890741, 0.432407, 1.269444, 1.750000
 342.666667, 1.793774, 0.393969, 1.332685, 1.770428
 357.000000, 1.698413, 0.362278, 1.202614, 1.607843
 353.333333, 2.078302, 0.536792, 1.452830, 2.045283
 343.666667, 1.963143, 0.548982, 1.569350, 2.165858
 359.666667, 2.007414, 0.432808, 1.266914, 1.770158
 326.666667, 1.939796, 0.391837, 1.556122, 2.009184
 320.333333, 1.826223, 0.432882, 1.453694, 1.941727
 353.666667, 2.076343, 0.553252, 1.418473, 2.020735
 328.333333, 2.064975, 0.482234, 1.500508, 2.038579
10
 0.250000, 0.000000, 0.000000, 1.000000, 10.000000
 285.666667, 1.830805, 0.621937, 1.505251, 2.205368
 345.333333, 1.955598, 0.481660, 1.333012, 1.865830
 323.000000, 1.388029, 0.359133, 1.297214, 1.704850
 341.000000, 1.814272, 0.446725, 1.529814, 2.027370
 336.000000, 1.835317, 0.488095, 1.412698, 1.945437
 322.666667, 1.465909, 0.392562, 1.455579, 1.901860
 355.000000, 1.905164, 0.524883, 1.366197, 1.938967
 357.666667, 1.961789, 0.539609, 1.367195, 1.955266
 359.000000, 1.836583, 0.452182, 1.294336, 1.788301
 308.000000, 1.529221, 0.378788, 1.485931, 1.912338
 349.000000, 1.795606, 0.427889, 1.284623, 1.759312
 327.666667, 1.606307, 0.371312, 1.553408, 2.012208
 363.000000, 1.898072, 0.381084, 1.203857, 1.639118
 335.333333, 1.894632, 0.482107, 1.457256, 1.989066
 325.333333, 1.744877, 0.438525, 1.496926, 1.985656
 335.000000, 1.528358, 0.408955, 1.311443, 1.770149
 319.333333, 1.777662, 0.377871, 1.525052, 1.967641
 355.666667, 2.162137, 0.543580, 1.382381, 1.975633
 333.000000, 1.795796, 0.511512, 1.433433, 1.992993
 294.333333, 1.705549, 0.422424, 1.575311, 2.083805
11
 0.250000, 0.000000, 0.000000, 0.000000, 10.000000
 292.666667, 2.069476, 0.603645, 1.500000, 2.162870
 354.333333, 2.145814, 0.571025, 1.381938, 2.007526
 379.666667, 1.944688, 0.423178, 1.203687, 1.674276
 348.333333, 1.899522, 0.454545, 1.338756, 1.849761
 333.666667, 1.808192, 0.431568, 1.434565, 1.918082
 358.666667, 2.027881, 0.515799, 1.411710, 1.975836
 344.333333, 1.735721, 0.455954, 1.397870, 1.903195
 349.000000, 1.721108, 0.499522, 1.416428, 1.960840
 351.666667, 1.722275, 0.452133, 1.314692, 1.814218
 316.666667, 1.488421, 0.435789, 1.432632, 1.965263
 355.000000, 1.812207, 0.469484, 1.303286, 1.817840
 309.666667, 1.330463, 0.343380, 1.728741, 2.153929
 351.000000, 1.522317, 0.339981, 1.222222, 1.616334
 345.000000, 1.947826, 0.514976, 1.465700, 2.040580
 337.000000, 1.963403, 0.512364, 1.467854, 2.026706
 357.666667, 2.035415, 0.443616, 1.308481, 1.800559
 309.666667, 1.663079, 0.397201, 1.540366, 2.274489
 320.000000, 1.611458, 0.431250, 1.411458, 1.908333
 330.333333, 1.684157, 0.527750, 1.423814, 2.026236
 335.333333, 2.009940, 0.567594, 1.457256, 2.094433
12
 0.250000, 0.000000, 0.000000, 1.000000, 10.000000
 289.000000, 1.869666, 0.584775, 1.490196, 2.148789
 317.333333, 1.638655, 0.506303, 1.370798, 1.946429
 347.666667, 1.617450, 0.400767, 1.275168, 1.732502
 338.333333, 1.816749, 0.423645, 1.361576, 1.833498
 328.666667, 1.615619, 0.449290, 1.415822, 1.913793
 334.333333, 1.623131, 0.433699, 1.465603, 1.952144
 357.000000, 1.813259, 0.436975, 1.371615, 1.858077
 338.333333, 1.743842, 0.447291, 1.414778, 1.906404
 337.333333, 1.630435, 0.430830, 1.364625, 1.846838
 324.000000, 1.662551, 0.395062, 1.294239, 1.747942
 332.000000, 1.454819, 0.409639, 1.294177, 1.754016
 327.333333, 1.634420, 0.408350, 1.332994, 1.803462
 334.000000, 1.439122, 0.323353, 1.262475, 1.644711
 326.666667, 1.683673, 0.457143, 1.456122, 1.983673
 337.000000, 1.878338, 0.464886, 1.459941, 1.971316
 352.666667, 1.829868, 0.418715, 1.290170, 1.755198
 322.333333, 1.812823, 0.390900, 1.295760, 1.743537
 316.000000, 1.638186, 0.420886, 1.411392, 1.882911
 343.666667, 1.945684, 0.502425, 1.421920, 1.971872
 318.333333, 1.778010, 0.503665, 1.522513, 2.074346
13
 0.250000, 0.000000, 0.000000, 0.000000, 10.000000
 278.666667, 1.873206, 0.575359, 1.521531, 2.183014
 336.333333, 1.889990, 0.551041, 1.388503, 1.985134
 381.000000, 2.078740, 0.455818, 1.236220, 1.741907
 338.666667, 1.715551, 0.434055, 1.320866, 1.800197
 341.666667, 1.915122, 0.512195, 1.389268, 1.967805
 330.000000, 1.556566, 0.419192, 1.441414, 1.908081
 346.333333, 1.686237, 0.466795, 1.409047, 1.918191
 299.333333, 1.120267, 0.299555, 1.503341, 1.861915
 336.000000, 1.526786, 0.388889, 1.333333, 1.777778
 330.000000, 1.790909, 0.410101, 1.396970, 1.856566
 343.333333, 1.686408, 0.408738, 1.269903, 1.726214
 355.000000, 1.843192, 0.451643, 1.308920, 1.806573
 354.333333, 1.642521, 0.396049, 1.230480, 1.679210
 339.666667, 1.949951, 0.492640, 1.450442, 2.000000
 327.333333, 1.690428, 0.450102, 1.443992, 1.943992
 356.000000, 1.920412, 0.466292, 1.331461, 1.848315
 318.666667, 1.654812, 0.368201, 1.560669, 1.979079
 334.666667, 1.851594, 0.459163, 1.441235, 1.964143
 320.000000, 1.698958, 0.439583, 1.509375, 1.994792
 321.333333, 1.855809, 0.524896, 1.504149, 2.080913
14
 0.250000, 0.000000, 1.000000, 8.000000, 10.000000
 299.666667, 2.147942, 0.565072, 1.450501, 2.081201
 353.666667, 1.980207, 0.508011, 1.332705, 1.900094
 316.666667, 1.368421, 0.314737, 1.324211, 1.696842
 353.333333, 1.931132, 0.483962, 1.299057, 1.828302
 304.000000, 1.403509, 0.424342, 1.489035, 1.972588
 357.333333, 1.845149, 0.539179, 1.400187, 1.982276
 330.333333, 1.507568, 0.437941, 1.407669, 1.896065
 361.333333, 2.030443, 0.565498, 1.357011, 1.966790
 365.666667, 1.940747, 0.466727, 1.323610, 1.833181
 335.000000, 1.793035, 0.488557, 1.362189, 1.902488
 355.666667, 1.770384, 0.425492, 1.278351, 1.746954
 341.666667, 1.606829, 0.387317, 1.301463, 1.739512
 369.333333, 1.805957, 0.398917, 1.220217, 1.661552
 317.000000, 1.657203, 0.444795, 1.518402, 2.015773
 329.000000, 1.857143, 0.448835, 1.471125, 1.968592
 330.000000, 1.664646, 0.377778, 1.315152, 1.757576
 327.666667, 1.960326, 0.423194, 1.270600, 1.759919
 331.000000, 1.818731, 0.451158, 1.360524, 1.866062
 342.666667, 1.857977, 0.490272, 1.439689, 1.980545
 323.333333, 1.835052, 0.476289, 1.512371, 2.045361
15
 0.250000, 0.000000, 1.000000, 8.000000, 10.000000
 306.333333, 2.274211, 0.585419, 1.449402, 2.094668
 319.666667, 1.644421, 0.470282, 1.375391, 1.898853
 347.666667, 1.581975, 0.398849, 1.262704, 1.718121
 336.666667, 1.639604, 0.382178, 1.305941, 1.740594
 317.666667, 1.747114, 0.483736, 1.497377, 2.041973
 343.333333, 1.705825, 0.449515, 1.434951, 1.939806
 360.000000, 1.894444, 0.494444, 1.385185, 1.926852
 344.000000, 1.695736, 0.516473, 1.435078, 2.000000
 339.666667, 1.657507, 0.374877, 1.297350, 1.731109
 338.666667, 1.823819, 0.437008, 1.412402, 1.896654
 326.333333, 1.427988, 0.347293, 1.328907, 1.725230
 343.333333, 1.773786, 0.458252, 1.352427, 1.861165
 369.333333, 1.728339, 0.371841, 1.198556, 1.612816
 333.000000, 1.828829, 0.461461, 1.471471, 1.989990
 337.333333, 1.971344, 0.465415, 1.476285, 2.002964
 370.333333, 1.935194, 0.482448, 1.263726, 1.789379
 323.000000, 1.910217, 0.409701, 1.605779, 2.081527
 315.000000, 1.631746, 0.462434, 1.489947, 2.004233
 347.000000, 1.964457, 0.524496, 1.413064, 1.987512
 318.333333, 1.836649, 0.523560, 1.510995, 2.087958
Histogram
0 0 0 0 0 0 0 0 0 0 0 0 0 0 0 2 24 52 78 89 57 13 5 0 0 0 0 0 0 0 1 0 0 0 0 0 0 0 0 0 0 0 0 0 0 0 0 0 0 0 0 0 0 0 0 0 0 0 0 0 0 0 0 0 0 0 0 0 0 0 0 0 0 0 0 0 0 0 0 0 0 0 0 0 0 0 0 0 0 0 0 0 0 0 0 0 0 0 0 0 8 0 0 0 0 0 0 0 0 0 0 0 0 0 0 0 0 0 0 7 
Cache Miss Ratio
NaN
numOfSets
322470
numOfGets
0
numOfMultiGets
0
