21
0
 0.250000, 3.000000, 0.000000, 1.000000, 4.000000
 560.333333, 8.241523, 1.356336, 1.098751, 2.512195
 610.000000, 8.668306, 1.176503, 0.954645, 2.174863
 593.666667, 8.458731, 1.290286, 1.006176, 2.336328
 633.000000, 8.535545, 1.149552, 0.909953, 2.104265
 599.000000, 8.303283, 1.209238, 0.996105, 2.252643
 600.666667, 8.416759, 1.178135, 0.974473, 2.196448
 605.000000, 8.808264, 1.254545, 0.986777, 2.287603
 611.666667, 8.407084, 1.138420, 0.924251, 2.106812
 630.333333, 8.442094, 1.189847, 0.934955, 2.165521
 617.000000, 8.514317, 1.192869, 0.959481, 2.194489
 590.666667, 8.562077, 1.383747, 1.041761, 2.471783
 605.000000, 8.122865, 1.333884, 1.066667, 2.441322
 637.333333, 8.223849, 1.237971, 0.985356, 2.267259
 628.000000, 8.148620, 1.231423, 0.971868, 2.253185
 583.000000, 8.026301, 1.215552, 1.036592, 2.300172
 648.666667, 8.423433, 1.245632, 0.965057, 2.258479
 592.000000, 8.360923, 1.272523, 1.007883, 2.324887
 617.333333, 8.297516, 1.202484, 0.951404, 2.203564
 614.666667, 8.409978, 1.204989, 0.952820, 2.208243
 533.333333, 8.160000, 1.421875, 1.169375, 2.648125
1
 0.250000, 3.000000, 0.000000, 1.000000, 2.000000
 559.333333, 8.545292, 1.343862, 1.102503, 2.506555
 606.000000, 8.256326, 1.132563, 0.960946, 2.142464
 588.000000, 8.384921, 1.290816, 1.009070, 2.344671
 627.000000, 8.549176, 1.149920, 0.912281, 2.103668
 605.666667, 8.514034, 1.194276, 0.979637, 2.216841
 600.666667, 8.382353, 1.200888, 0.968923, 2.214206
 594.333333, 8.549075, 1.254627, 1.002804, 2.303421
 614.000000, 8.220955, 1.125950, 0.916395, 2.089577
 605.000000, 8.218182, 1.179063, 0.968044, 2.195592
 617.333333, 8.628510, 1.210043, 0.953024, 2.211123
 581.000000, 8.491107, 1.374641, 1.040161, 2.465290
 607.333333, 8.107574, 1.341932, 1.066959, 2.453348
 629.333333, 8.146186, 1.235169, 0.996292, 2.272246
 627.333333, 8.081828, 1.218385, 0.964931, 2.238045
 587.333333, 8.159478, 1.251419, 1.037457, 2.332009
 627.000000, 7.741627, 1.234450, 0.982456, 2.270601
 584.666667, 8.145382, 1.275941, 1.028506, 2.344926
 616.000000, 8.317641, 1.200216, 0.957792, 2.206169
 619.666667, 8.582033, 1.204949, 0.959118, 2.220549
 543.000000, 8.205648, 1.470227, 1.157152, 2.675875
2
 0.250000, 3.000000, 0.000000, 1.000000, 2.000000
 567.666667, 8.402231, 1.354081, 1.095126, 2.509689
 606.666667, 8.407692, 1.165385, 0.965934, 2.180220
 589.000000, 8.253537, 1.250707, 0.995473, 2.295982
 627.000000, 8.536948, 1.165869, 0.914939, 2.121212
 600.333333, 8.503054, 1.229872, 0.992782, 2.263187
 607.000000, 8.452499, 1.204833, 0.966502, 2.218012
 584.000000, 8.162100, 1.230594, 1.017123, 2.289954
 621.333333, 8.465129, 1.130901, 0.912017, 2.087446
 610.666667, 8.167576, 1.174672, 0.953057, 2.180131
 619.000000, 8.259020, 1.194938, 0.962843, 2.202477
 582.333333, 8.535776, 1.380080, 1.043503, 2.465369
 604.333333, 8.056812, 1.331495, 1.054606, 2.429123
 636.000000, 8.573375, 1.240566, 0.986897, 2.270440
 631.333333, 8.157867, 1.231785, 0.960929, 2.246568
 596.666667, 8.346369, 1.270950, 1.022346, 2.336872
 635.666667, 8.342947, 1.252753, 0.976403, 2.280021
 601.666667, 8.700277, 1.294183, 1.007202, 2.350693
 611.000000, 8.547190, 1.212766, 0.974359, 2.230769
 611.333333, 8.412759, 1.221919, 0.968375, 2.231189
 538.666667, 8.187500, 1.373144, 1.167698, 2.595916
3
 0.250000, 1.000000, 0.000000, 2.000000, 4.000000
 561.000000, 8.300654, 1.352347, 1.092692, 2.503268
 597.000000, 8.262423, 1.136237, 0.964266, 2.164154
 588.333333, 8.372805, 1.221530, 1.006232, 2.272521
 627.666667, 8.439724, 1.162507, 0.911312, 2.114180
 613.000000, 8.686786, 1.228929, 0.970092, 2.240892
 606.000000, 8.375138, 1.196370, 0.959296, 2.202420
 596.000000, 8.474273, 1.244407, 1.000559, 2.290268
 628.666667, 8.598091, 1.144751, 0.906681, 2.092259
 616.000000, 8.386364, 1.204004, 0.952381, 2.201299
 598.666667, 8.048441, 1.214365, 0.978842, 2.248886
 585.000000, 8.403419, 1.374929, 1.058120, 2.475214
 613.666667, 8.316676, 1.337860, 1.049430, 2.430744
 630.666667, 8.006871, 1.229915, 0.993129, 2.269027
 622.333333, 7.890734, 1.225495, 0.973755, 2.245849
 600.000000, 8.400556, 1.273889, 1.016667, 2.332222
 637.666667, 8.107684, 1.269211, 0.974909, 2.286461
 593.000000, 8.243957, 1.259696, 1.011804, 2.313659
 606.333333, 8.155580, 1.185267, 0.972512, 2.200660
 600.333333, 8.184342, 1.220433, 0.977235, 2.244864
 535.333333, 8.147572, 1.450187, 1.165006, 2.668742
4
 0.250000, 1.000000, 0.000000, 0.000000, 4.000000
 557.000000, 8.207062, 1.330940, 1.106523, 2.496110
 606.000000, 8.113311, 1.133663, 0.951595, 2.141364
 585.666667, 8.344337, 1.257826, 1.008537, 2.310188
 630.000000, 8.502646, 1.158201, 0.912169, 2.112169
 607.666667, 8.543609, 1.225453, 0.978607, 2.254526
 597.333333, 8.470982, 1.160714, 0.977121, 2.180804
 590.666667, 8.402370, 1.234199, 1.001129, 2.279910
 619.666667, 8.450242, 1.144701, 0.918774, 2.107047
 630.000000, 8.582011, 1.219048, 0.941799, 2.202116
 607.000000, 8.406919, 1.204283, 0.967600, 2.219660
 573.000000, 8.186155, 1.358930, 1.055846, 2.468296
 614.000000, 8.207383, 1.344734, 1.043431, 2.437025
 625.000000, 7.968533, 1.229333, 1.001067, 2.273067
 637.666667, 8.220596, 1.260324, 0.970727, 2.274438
 593.666667, 8.432341, 1.267827, 1.026951, 2.342504
 627.333333, 7.838470, 1.269394, 0.988842, 2.298618
 605.000000, 8.649036, 1.257851, 0.993939, 2.296970
 628.666667, 8.545599, 1.219512, 0.945387, 2.213150
 611.333333, 8.338604, 1.214831, 0.958015, 2.231189
 544.333333, 8.327618, 1.421310, 1.163503, 2.630129
5
 0.250000, 0.000000, 2.000000, 0.000000, 4.000000
 560.000000, 8.440476, 1.325595, 1.104167, 2.481548
 613.666667, 8.277023, 1.178164, 0.957632, 2.179794
 581.333333, 8.208142, 1.264908, 1.010894, 2.320528
 617.666667, 8.213168, 1.136535, 0.926606, 2.105235
 610.666667, 8.664301, 1.216157, 0.977620, 2.235808
 600.333333, 8.422543, 1.175458, 0.975569, 2.195447
 585.000000, 8.263818, 1.245584, 1.009687, 2.297436
 614.000000, 8.268730, 1.128664, 0.916395, 2.089034
 620.000000, 8.256989, 1.170968, 0.940323, 2.155376
 614.333333, 8.461747, 1.213782, 0.969072, 2.230060
 589.000000, 8.621958, 1.366723, 1.029994, 2.437465
 607.666667, 8.115195, 1.333516, 1.060889, 2.436094
 619.333333, 8.056512, 1.229279, 1.003767, 2.279871
 620.666667, 8.103652, 1.209452, 0.990333, 2.250806
 592.000000, 8.248311, 1.262950, 1.025338, 2.332207
 615.000000, 7.686179, 1.251491, 1.004878, 2.307317
 594.000000, 8.388889, 1.276094, 1.013468, 2.329966
 616.666667, 8.277838, 1.215135, 0.960541, 2.220541
 624.333333, 8.605980, 1.218366, 0.955152, 2.215697
 548.000000, 8.429440, 1.475669, 1.155718, 2.678832
6
 0.250000, 0.000000, 0.000000, 1.000000, 2.000000
 560.000000, 8.469048, 1.332738, 1.102976, 2.504762
 605.333333, 8.165749, 1.126101, 0.953744, 2.122247
 581.333333, 8.232798, 1.234518, 1.014908, 2.301606
 616.000000, 8.208874, 1.143939, 0.925325, 2.115260
 600.666667, 8.345727, 1.206992, 0.987236, 2.245283
 590.000000, 8.176836, 1.181356, 0.977966, 2.210734
 589.666667, 8.150933, 1.244771, 1.000565, 2.295082
 628.333333, 8.521485, 1.136870, 0.900796, 2.079576
 616.333333, 8.176312, 1.181179, 0.954570, 2.186047
 615.333333, 8.454496, 1.196641, 0.956663, 2.196641
 578.666667, 7.975806, 1.366935, 1.052995, 2.470622
 606.666667, 7.998901, 1.334615, 1.058791, 2.434615
 626.000000, 7.972843, 1.224707, 0.978168, 2.262513
 626.666667, 8.031915, 1.219681, 0.968617, 2.235106
 584.666667, 8.204105, 1.280502, 1.031357, 2.366021
 625.666667, 8.221097, 1.239212, 0.992541, 2.283964
 588.666667, 8.251416, 1.253114, 1.028879, 2.326727
 604.666667, 8.212238, 1.196251, 0.978501, 2.222712
 617.666667, 8.636266, 1.216945, 0.954668, 2.215866
 552.333333, 8.601690, 1.432106, 1.147858, 2.624019
7
 0.250000, 0.000000, 0.000000, 4.000000, 5.000000
 558.333333, 7.964776, 1.345075, 1.108657, 2.504478
 608.000000, 8.336075, 1.148575, 0.960526, 2.157346
 590.333333, 8.637493, 1.241671, 0.995483, 2.286279
 622.333333, 8.213712, 1.149438, 0.921800, 2.114622
 601.666667, 8.428809, 1.233795, 0.998892, 2.274238
 602.000000, 8.464563, 1.158915, 1.006645, 2.210410
 591.000000, 8.394811, 1.246475, 0.926114, 2.296672
 619.666667, 8.376009, 1.118881, 0.905863, 2.073696
 621.666667, 8.495979, 1.194102, 0.937265, 2.174263
 613.666667, 8.507876, 1.225964, 0.970125, 2.248235
 576.666667, 8.313873, 1.369364, 1.052601, 2.464740
 616.333333, 8.342888, 1.341266, 1.043267, 2.428340
 625.666667, 8.082579, 1.231753, 0.996271, 2.274374
 627.333333, 8.087673, 1.240170, 0.970244, 2.261955
 598.000000, 8.455964, 1.258640, 1.021182, 2.326087
 640.000000, 8.371875, 1.245313, 0.979688, 2.270833
 598.333333, 8.408914, 1.298607, 1.015599, 2.359889
 611.000000, 8.092744, 1.193672, 0.975450, 2.212220
 628.000000, 8.883758, 1.212845, 0.941614, 2.209130
Histogram
0 0 0 0 0 0 0 0 0 0 0 0 0 0 0 0 0 0 0 0 9 29 71 22 18 7 6 0 0 0 0 0 0 0 0 0 0 0 0 0 4 0 0 0 0 0 0 0 0 0 1 0 0 0 0 0 0 0 0 0 0 0 0 0 0 0 0 0 0 0 0 0 0 0 0 0 0 0 0 0 0 0 0 0 0 0 0 0 0 0 0 0 0 0 0 0 0 0 0 0 0 0 0 0 0 0 0 0 0 0 0 0 0 0 0 0 0 0 0 0 
Cache Miss Ratio
NaN
numOfSets
289582
numOfGets
0
numOfMultiGets
0
