20
0
 0.250000, 13.000000, 0.000000, 2.000000, 17.000000
 113.000000, 6.088496, 1.303835, 4.592920, 5.967552
 112.666667, 5.547337, 1.171598, 4.467456, 5.772189
 130.000000, 5.400000, 1.038462, 4.407692, 5.505128
 123.666667, 5.528302, 1.175202, 4.671159, 5.935310
 114.000000, 3.625731, 0.730994, 4.979532, 5.786550
 129.333333, 5.314433, 1.030928, 4.347938, 5.448454
 117.333333, 4.017045, 0.948864, 4.872159, 5.866477
 122.000000, 4.357923, 1.109290, 4.806011, 5.980874
 114.000000, 4.330409, 0.970760, 4.944444, 5.979532
 129.333333, 4.386598, 0.953608, 4.347938, 5.371134
 126.333333, 3.158311, 0.786280, 4.683377, 5.540897
 122.666667, 3.500000, 0.875000, 4.714674, 5.644022
 128.000000, 4.890625, 0.950521, 4.674479, 5.718750
 125.333333, 5.406915, 0.930851, 4.444149, 5.446809
 133.666667, 5.314214, 0.970075, 4.453865, 5.468828
 137.666667, 4.661017, 1.058111, 4.360775, 5.462470
 135.000000, 4.086420, 0.829630, 4.222222, 5.118519
 119.333333, 3.569832, 0.865922, 4.874302, 5.796089
 135.000000, 5.111111, 0.953086, 4.404938, 5.404938
1
 0.250000, 14.000000, 1.000000, 2.000000, 15.000000
 108.333333, 5.372308, 1.501538, 4.572308, 6.141538
 115.666667, 5.201729, 1.167147, 4.553314, 5.775216
 117.333333, 4.005682, 0.994318, 4.460227, 5.534091
 125.000000, 5.408000, 1.192000, 4.778667, 6.021333
 115.333333, 3.942197, 0.945087, 5.150289, 6.141618
 113.666667, 3.997067, 1.149560, 4.595308, 5.862170
 122.333333, 4.702997, 1.013624, 4.798365, 5.880109
 122.000000, 3.292350, 0.997268, 4.718579, 5.803279
 114.666667, 3.360465, 0.997093, 5.037791, 6.151163
 127.333333, 4.222513, 0.937173, 4.392670, 5.400524
 132.333333, 3.732997, 0.881612, 4.566751, 5.511335
 126.000000, 4.507937, 0.933862, 4.441799, 5.444444
 130.666667, 4.632653, 0.875000, 4.635204, 5.573980
 134.666667, 4.524752, 0.910891, 4.037129, 4.995050
 121.666667, 4.668493, 0.967123, 4.621918, 5.641096
 125.000000, 3.941333, 0.944000, 4.634667, 5.650667
 138.666667, 4.766827, 0.983173, 4.312500, 5.341346
 136.000000, 5.191176, 0.973039, 4.441176, 5.477941
 126.333333, 3.905013, 0.939314, 4.501319, 5.522427
 122.666667, 4.277174, 1.013587, 4.654891, 5.725543
2
 0.250000, 13.000000, 1.000000, 1.000000, 17.000000
 119.666667, 7.153203, 1.515320, 4.431755, 6.013928
 111.000000, 3.891892, 1.105105, 4.591592, 5.753754
 123.666667, 6.029650, 1.134771, 4.568733, 5.760108
 114.000000, 4.535088, 1.000000, 5.134503, 6.242690
 119.000000, 3.577031, 0.887955, 4.974790, 5.927171
 121.333333, 5.601648, 1.178571, 4.552198, 5.810440
 120.666667, 4.986188, 1.000000, 5.046961, 6.127072
 125.666667, 3.427056, 0.931034, 4.602122, 5.586207
 121.000000, 4.785124, 1.027548, 4.652893, 5.746556
 131.000000, 4.170483, 1.033079, 4.366412, 5.442748
 133.333333, 4.122500, 0.962500, 4.507500, 5.512500
 135.666667, 4.584767, 0.874693, 4.339066, 5.272727
 124.666667, 3.812834, 0.994652, 4.818182, 5.890374
 134.666667, 4.574257, 0.915842, 4.079208, 5.047030
 131.666667, 3.982278, 0.956962, 4.432911, 5.435443
 130.666667, 4.645408, 0.943878, 4.487245, 5.510204
 141.666667, 4.416471, 0.964706, 4.138824, 5.152941
 135.333333, 5.086207, 1.056650, 4.497537, 5.605911
 122.333333, 4.297003, 0.882834, 4.847411, 5.776567
3
 0.250000, 14.000000, 1.000000, 1.000000, 15.000000
 107.666667, 6.012384, 1.226006, 4.817337, 6.142415
 120.000000, 4.650000, 1.200000, 4.475000, 5.775000
 120.333333, 4.772853, 1.052632, 4.662050, 5.795014
 128.333333, 5.605195, 1.140260, 4.522078, 5.711688
 125.666667, 3.485411, 0.960212, 4.694960, 5.721485
 129.666667, 6.053985, 1.074550, 4.652956, 5.791774
 121.333333, 4.662088, 1.140110, 4.923077, 6.137363
 125.666667, 4.137931, 1.071618, 4.771883, 5.888594
 117.666667, 3.784703, 0.949008, 5.082153, 6.084986
 123.333333, 3.518919, 0.789189, 4.578378, 5.435135
 126.000000, 3.735450, 0.793651, 4.605820, 5.452381
 122.000000, 4.057377, 0.860656, 4.934426, 5.866120
 135.666667, 4.670762, 1.014742, 4.511057, 5.604423
 121.333333, 4.038462, 1.013736, 4.456044, 5.576923
 127.666667, 3.968668, 0.838120, 4.428198, 5.313316
 134.000000, 4.843284, 0.853234, 4.343284, 5.241294
 135.333333, 3.849754, 0.967980, 4.330049, 5.342365
 124.666667, 3.943850, 0.919786, 4.807487, 5.804813
 125.666667, 4.257294, 0.901857, 4.546419, 5.517241
4
 0.250000, 14.000000, 1.000000, 1.000000, 15.000000
 120.333333, 7.277008, 1.504155, 4.429363, 5.986150
 116.000000, 5.471264, 1.135057, 4.614943, 5.824713
 129.000000, 4.715762, 1.206718, 4.325581, 5.576227
 125.333333, 5.234043, 1.101064, 4.667553, 5.821809
 120.666667, 3.632597, 1.011050, 4.961326, 6.022099
 117.333333, 4.352273, 0.997159, 4.613636, 5.684659
 128.333333, 4.636364, 0.935065, 4.729870, 5.709091
 129.000000, 4.896641, 1.023256, 4.589147, 5.661499
 129.666667, 5.102828, 1.000000, 4.814910, 5.876607
 132.333333, 4.566751, 0.944584, 4.408060, 5.395466
 130.666667, 3.533163, 0.905612, 4.556122, 5.515306
 126.333333, 3.891821, 0.886544, 4.646438, 5.577836
 133.000000, 4.634085, 0.942356, 4.353383, 5.375940
 138.000000, 5.033816, 0.898551, 4.246377, 5.219807
 123.666667, 3.741240, 0.997305, 4.638814, 5.690027
 131.333333, 4.043147, 0.946701, 4.393401, 5.383249
 136.666667, 3.973171, 0.978049, 4.334146, 5.370732
 129.666667, 4.609254, 0.969152, 4.601542, 5.632391
 134.000000, 4.211443, 1.017413, 4.398010, 5.485075
5
 0.250000, 8.000000, 1.000000, 13.000000, 18.000000
 109.000000, 7.464832, 1.461774, 4.602446, 6.146789
 112.666667, 4.278107, 0.985207, 4.541420, 5.639053
 119.333333, 4.505587, 1.050279, 4.430168, 5.527933
 117.333333, 5.289773, 1.142045, 4.778409, 5.974432
 117.000000, 3.641026, 0.871795, 4.923077, 5.857550
 117.333333, 4.000000, 1.125000, 4.579545, 5.767045
 120.333333, 4.202216, 1.072022, 4.941828, 6.066482
 118.000000, 4.135593, 1.014124, 4.946328, 6.005650
 120.000000, 4.194444, 1.019444, 4.769444, 5.858333
 128.000000, 4.531250, 0.973958, 4.539063, 5.562500
 131.333333, 2.880711, 0.824873, 4.469543, 5.345178
 120.333333, 3.842105, 0.883657, 4.526316, 5.459834
 118.000000, 3.206215, 0.855932, 4.810734, 5.720339
 127.333333, 3.835079, 0.863874, 4.311518, 5.269634
 127.666667, 4.903394, 1.020888, 4.569191, 5.652742
 128.000000, 3.609375, 0.825521, 4.520833, 5.393229
 131.333333, 3.928934, 0.911168, 4.286802, 5.248731
 122.000000, 4.240437, 1.098361, 4.800546, 5.948087
 138.333333, 4.874699, 0.891566, 4.173494, 5.108434
6
 0.250000, 8.000000, 2.000000, 12.000000, 18.000000
 109.666667, 6.018237, 1.255319, 4.911854, 6.246201
 125.333333, 5.824468, 1.268617, 4.449468, 5.763298
 133.666667, 5.940150, 0.962594, 4.331671, 5.379052
 124.666667, 5.729947, 0.871658, 4.572193, 5.489305
 121.000000, 4.085399, 0.889807, 4.925620, 5.862259
 122.666667, 6.269022, 1.043478, 4.703804, 5.842391
 112.000000, 4.336310, 0.970238, 5.312500, 6.348214
 127.333333, 4.664921, 1.159686, 4.633508, 5.856021
 125.333333, 4.859043, 0.989362, 4.837766, 5.869681
 127.000000, 4.559055, 0.960630, 4.582677, 5.587927
 126.666667, 3.771053, 0.884211, 4.560526, 5.497368
 132.000000, 4.522727, 0.866162, 4.558081, 5.467172
 132.333333, 3.926952, 0.984887, 4.465995, 5.493703
 126.666667, 3.668421, 0.860526, 4.394737, 5.347368
 116.666667, 4.377143, 0.988571, 4.994286, 6.057143
 128.666667, 4.440415, 0.725389, 4.626943, 5.409326
 136.666667, 4.441463, 0.904878, 4.295122, 5.287805
 129.000000, 4.733850, 0.896641, 4.684755, 5.653747
 127.000000, 4.249344, 0.897638, 4.713911, 5.711286
7
 0.250000, 0.000000, 2.000000, 14.000000, 29.000000
 97.666667, 4.498294, 1.290102, 4.901024, 6.259386
 109.333333, 4.515244, 1.176829, 4.820122, 6.079268
 121.000000, 4.721763, 1.033058, 4.366391, 5.465565
 119.000000, 4.868347, 1.100840, 4.773109, 5.921569
 125.333333, 3.436170, 0.954787, 4.651596, 5.648936
 123.000000, 4.178862, 1.051491, 4.555556, 5.655827
 120.333333, 5.005540, 1.011080, 4.806094, 5.883657
 125.666667, 4.328912, 1.095491, 4.633952, 5.774536
 113.666667, 3.873900, 0.985337, 4.906158, 5.938416
 124.666667, 4.229947, 0.930481, 4.689840, 5.705882
 127.000000, 4.480315, 1.013123, 4.522310, 5.598425
 128.666667, 4.525907, 0.865285, 4.437824, 5.375648
 124.666667, 4.245989, 0.946524, 4.866310, 5.893048
 141.000000, 5.513002, 0.839243, 4.089835, 4.976359
 127.666667, 4.840731, 1.015666, 4.436031, 5.496084
 134.000000, 3.763682, 0.888060, 4.380597, 5.315920
 135.000000, 3.834568, 0.886420, 4.306173, 5.241975
 130.666667, 4.512755, 0.971939, 4.637755, 5.660714
 138.666667, 5.144231, 0.932692, 4.326923, 5.322115
8
 0.250000, 1.000000, 2.000000, 1.000000, 31.000000
 111.666667, 6.289552, 1.405970, 4.901493, 6.411940
 128.333333, 5.163636, 1.288312, 4.314286, 5.646753
 122.000000, 5.319672, 1.144809, 4.491803, 5.685792
 118.333333, 5.335211, 1.188732, 4.974648, 6.273239
 123.000000, 5.341463, 1.094851, 4.791328, 5.975610
 117.666667, 5.464589, 1.050992, 4.594901, 5.745042
 120.666667, 5.303867, 1.185083, 4.944751, 6.204420
 129.000000, 4.428941, 0.919897, 4.633075, 5.602067
 128.666667, 5.181347, 0.878238, 4.629534, 5.569948
 125.666667, 3.572944, 0.901857, 4.262599, 5.228117
 124.000000, 3.744624, 0.870968, 4.715054, 5.666667
 130.333333, 4.836317, 1.005115, 4.516624, 5.562660
 122.666667, 2.975543, 0.845109, 4.611413, 5.532609
 132.333333, 4.460957, 0.906801, 4.234257, 5.191436
 123.000000, 5.040650, 1.029810, 4.677507, 5.777778
 119.000000, 3.456583, 0.770308, 4.680672, 5.526611
 127.000000, 3.771654, 0.724409, 4.514436, 5.307087
 137.333333, 4.650485, 0.929612, 4.468447, 5.444175
 130.666667, 3.734694, 0.936224, 4.464286, 5.446429
9
 0.250000, 0.000000, 15.000000, 0.000000, 29.000000
 114.666667, 5.715116, 1.334302, 4.529070, 6.063953
 123.000000, 5.693767, 1.271003, 4.344173, 5.658537
 118.000000, 4.248588, 1.028249, 4.553672, 5.641243
 118.666667, 4.258427, 0.974719, 4.505618, 5.567416
 124.000000, 4.102151, 0.852151, 4.776882, 5.674731
 134.666667, 6.096535, 1.141089, 4.336634, 5.539604
 120.333333, 4.373961, 1.063712, 4.836565, 5.950139
 130.666667, 3.880102, 1.170918, 4.604592, 5.839286
 127.000000, 4.716535, 1.272966, 4.622047, 5.939633
 127.000000, 4.013123, 1.047244, 4.377953, 5.469816
 122.333333, 2.667575, 0.782016, 4.869210, 5.765668
 119.666667, 3.612813, 0.813370, 4.729805, 5.612813
 135.666667, 4.437346, 0.948403, 4.746929, 5.739558
 130.666667, 4.711735, 0.875000, 4.352041, 5.290816
 114.000000, 4.245614, 0.921053, 5.049708, 6.040936
 127.666667, 4.422977, 0.885117, 4.490862, 5.420366
 129.333333, 2.837629, 0.796392, 4.358247, 5.201031
 130.666667, 4.137755, 0.961735, 4.683673, 5.727041
 127.333333, 4.780105, 0.910995, 4.455497, 5.455497
10
 0.250000, 0.000000, 15.000000, 1.000000, 29.000000
 112.000000, 5.258929, 1.250000, 4.488095, 5.806548
 121.333333, 4.961538, 1.225275, 4.252747, 5.532967
 124.666667, 4.689840, 1.093583, 4.336898, 5.505348
 123.333333, 5.543243, 1.105405, 4.654054, 5.856757
 119.666667, 3.568245, 0.899721, 4.866295, 5.832869
 123.666667, 4.433962, 0.938005, 4.309973, 5.296496
 128.000000, 4.963542, 1.057292, 4.799479, 5.903646
 120.000000, 4.472222, 0.950000, 4.841667, 5.872222
 123.000000, 5.119241, 1.108401, 4.807588, 5.967480
 116.333333, 3.194842, 0.902579, 4.570201, 5.573066
 124.666667, 2.735294, 0.879679, 4.695187, 5.639037
 126.000000, 3.746032, 0.923280, 4.735450, 5.711640
 129.000000, 4.385013, 0.961240, 4.568475, 5.583979
 134.666667, 5.066832, 0.888614, 4.029703, 4.967822
 126.000000, 4.208995, 0.925926, 4.687831, 5.664021
 130.333333, 3.746803, 0.813299, 4.590793, 5.450128
 134.000000, 4.532338, 0.905473, 4.278607, 5.231343
 121.666667, 4.254795, 0.928767, 4.884932, 5.917808
 128.666667, 4.303109, 0.940415, 4.375648, 5.362694
11
 0.250000, 0.000000, 16.000000, 1.000000, 29.000000
 113.333333, 6.017647, 1.429412, 4.482353, 5.988235
 122.666667, 4.410326, 1.206522, 4.347826, 5.614130
 122.333333, 4.261580, 1.054496, 4.482289, 5.588556
 123.333333, 5.318919, 1.172973, 4.624324, 5.843243
 127.333333, 4.675393, 0.905759, 4.790576, 5.740838
 119.666667, 5.724234, 1.080780, 4.626741, 5.771588
 121.333333, 5.019231, 0.903846, 4.967033, 5.972527
 124.666667, 4.291444, 0.949198, 4.727273, 5.737968
 115.333333, 3.910405, 1.049133, 5.028902, 6.124277
 134.666667, 4.663366, 0.960396, 4.376238, 5.415842
 124.666667, 3.355615, 0.868984, 4.743316, 5.663102
 126.000000, 3.505291, 0.949735, 4.518519, 5.513228
 133.666667, 4.441397, 0.905237, 4.533666, 5.481297
 125.333333, 4.125000, 1.007979, 4.268617, 5.340426
 115.333333, 3.245665, 0.907514, 4.768786, 5.849711
 129.000000, 3.723514, 0.948320, 4.485788, 5.480620
 141.000000, 4.801418, 0.919622, 4.165485, 5.134752
 126.000000, 3.735450, 0.947090, 4.611111, 5.626984
 125.333333, 4.069149, 0.904255, 4.680851, 5.638298
12
 0.250000, 0.000000, 16.000000, 0.000000, 29.000000
 127.000000, 7.036745, 1.293963, 4.333333, 5.679790
 124.333333, 5.554960, 1.367292, 4.498660, 5.911528
 130.333333, 4.836317, 1.017903, 4.314578, 5.401535
 129.333333, 6.798969, 0.987113, 4.579897, 5.690722
 112.666667, 3.831361, 0.852071, 5.254438, 6.168639
 116.333333, 5.077364, 1.005731, 4.446991, 5.550143
 125.666667, 5.217507, 0.944297, 4.798408, 5.793103
 127.333333, 3.562827, 1.057592, 4.712042, 5.848168
 127.000000, 5.244094, 1.230971, 4.881890, 6.178478
 130.666667, 4.908163, 0.892857, 4.683673, 5.660714
 127.333333, 3.814136, 0.971204, 4.667539, 5.706806
 121.333333, 3.403846, 0.785714, 4.884615, 5.758242
 134.000000, 3.995025, 1.019900, 4.554726, 5.636816
 137.666667, 5.259080, 0.900726, 4.048426, 5.014528
 124.000000, 3.774194, 1.077957, 4.739247, 5.865591
 121.666667, 3.931507, 0.863014, 4.610959, 5.545205
 129.666667, 3.560411, 0.897172, 4.529563, 5.529563
 118.000000, 3.485876, 0.870056, 5.014124, 5.949153
 137.666667, 5.334140, 0.760291, 4.368039, 5.179177
13
 0.250000, 0.000000, 16.000000, 0.000000, 28.000000
 103.333333, 4.967742, 1.412903, 4.938710, 6.419355
 109.000000, 4.779817, 1.122324, 4.666667, 5.840979
 118.666667, 3.303371, 0.910112, 4.589888, 5.553371
 114.333333, 6.104956, 0.991254, 4.877551, 5.962099
 127.666667, 4.749347, 0.929504, 4.655352, 5.631854
 132.333333, 6.508816, 1.161209, 4.083123, 5.289673
 117.000000, 4.566952, 1.108262, 5.017094, 6.210826
 118.333333, 3.442254, 0.954930, 4.856338, 5.861972
 116.333333, 4.621777, 0.865330, 4.951289, 5.936963
 124.333333, 4.410188, 0.938338, 4.493298, 5.506702
 120.333333, 2.963989, 0.684211, 4.551247, 5.304709
 124.000000, 4.188172, 0.784946, 4.395161, 5.236559
 134.000000, 3.728856, 0.907960, 4.537313, 5.492537
 132.333333, 5.272040, 0.841310, 4.128463, 5.047859
 124.000000, 4.481183, 0.895161, 4.575269, 5.521505
 125.000000, 3.410667, 0.845333, 4.501333, 5.397333
 139.333333, 4.533493, 0.947368, 4.275120, 5.306220
 125.666667, 3.745358, 0.832891, 4.655172, 5.533156
 124.666667, 3.823529, 0.831551, 4.486631, 5.443850
14
 0.250000, 0.000000, 16.000000, 0.000000, 28.000000
 109.333333, 4.240854, 1.365854, 4.521341, 5.993902
 119.666667, 4.805014, 1.253482, 4.345404, 5.651811
 129.666667, 5.010283, 1.033419, 4.239075, 5.321337
 117.333333, 4.957386, 1.156250, 4.803977, 6.031250
 129.666667, 4.647815, 0.904884, 4.748072, 5.699229
 126.666667, 4.786842, 1.010526, 4.347368, 5.402632
 131.666667, 4.918987, 1.197468, 4.678481, 5.926582
 123.333333, 4.102703, 1.232432, 4.702703, 5.981081
 119.666667, 4.467967, 1.270195, 4.891365, 6.222841
 125.666667, 4.143236, 0.944297, 4.347480, 5.336870
 128.333333, 4.145455, 0.854545, 4.792208, 5.709091
 126.333333, 4.313984, 0.915567, 4.646438, 5.606860
 129.666667, 3.835476, 0.915167, 4.637532, 5.596401
 140.333333, 4.387173, 0.836105, 4.000000, 4.881235
 119.666667, 3.777159, 0.941504, 4.632312, 5.623955
 125.333333, 3.473404, 0.984043, 4.388298, 5.433511
 122.333333, 3.596730, 0.833787, 4.482289, 5.378747
 129.666667, 5.000000, 0.933162, 4.719794, 5.704370
 120.333333, 3.578947, 0.767313, 4.504155, 5.321330
15
 0.250000, 0.000000, 16.000000, 0.000000, 28.000000
 106.666667, 6.087500, 1.287500, 4.931250, 6.296875
 120.333333, 4.983380, 1.108033, 4.343490, 5.498615
 125.000000, 3.373333, 0.912000, 4.370667, 5.330667
 132.666667, 6.012563, 1.208543, 4.324121, 5.585427
 113.666667, 3.126100, 0.870968, 5.011730, 6.005865
 114.333333, 4.559767, 1.029155, 4.760933, 5.857143
 125.000000, 5.477333, 1.058667, 4.914667, 6.029333
 123.666667, 3.743935, 0.997305, 4.741240, 5.808625
 120.666667, 4.516575, 1.085635, 4.900552, 6.033149
 132.666667, 4.595477, 0.871859, 4.447236, 5.381910
 126.333333, 3.746702, 0.886544, 4.496042, 5.456464
 129.333333, 4.185567, 0.817010, 4.420103, 5.286082
 128.333333, 3.685714, 0.919481, 4.628571, 5.600000
 133.000000, 4.829574, 0.817043, 4.135338, 5.020050
 133.666667, 5.481297, 1.059850, 4.356608, 5.458853
 128.666667, 3.528497, 0.904145, 4.500000, 5.484456
 142.000000, 5.044601, 1.030516, 4.089202, 5.166667
 121.000000, 3.928375, 0.856749, 4.964187, 5.870523
 132.333333, 4.380353, 0.876574, 4.430730, 5.355164
16
 0.250000, 1.000000, 16.000000, 0.000000, 30.000000
 111.666667, 6.026866, 1.319403, 4.841791, 6.229851
 126.333333, 5.625330, 1.364116, 4.292876, 5.704485
 122.666667, 4.554348, 1.057065, 4.445652, 5.570652
 125.666667, 6.549072, 1.092838, 4.761273, 5.920424
 112.333333, 3.661721, 0.916914, 5.169139, 6.154303
 116.666667, 5.428571, 1.011429, 4.397143, 5.494286
 121.333333, 5.752747, 1.162088, 4.903846, 6.195055
 118.000000, 2.587571, 0.878531, 4.581921, 5.505650
 120.000000, 5.322222, 1.047222, 4.788889, 5.880556
 120.000000, 4.386111, 1.013889, 4.638889, 5.725000
 133.333333, 4.147500, 0.827500, 4.517500, 5.390000
 120.333333, 3.337950, 0.783934, 4.753463, 5.609418
 125.000000, 3.610667, 0.968000, 4.704000, 5.717333
 133.666667, 4.593516, 0.850374, 3.982544, 4.882793
 120.333333, 4.966759, 0.955679, 4.728532, 5.725762
 128.666667, 4.489637, 0.883420, 4.588083, 5.533679
 135.333333, 3.965517, 0.953202, 4.266010, 5.288177
 128.000000, 4.911458, 0.916667, 4.625000, 5.591146
 138.666667, 5.103365, 0.935096, 4.161058, 5.163462
17
 0.250000, 5.000000, 16.000000, 2.000000, 19.000000
 109.333333, 5.698171, 1.426829, 4.637195, 6.265244
 112.666667, 2.816568, 1.171598, 4.393491, 5.624260
 124.000000, 4.298387, 0.932796, 4.572581, 5.588710
 124.000000, 6.454301, 1.236559, 4.779570, 6.075269
 106.666667, 4.112500, 0.912500, 5.409375, 6.431250
 124.000000, 5.661290, 1.185484, 4.688172, 5.940860
 116.666667, 4.011429, 1.102857, 5.114286, 6.291429
 129.000000, 4.614987, 0.976744, 4.612403, 5.653747
 122.666667, 4.269022, 1.179348, 4.820652, 6.054348
 117.666667, 4.815864, 0.900850, 4.824363, 5.813031
 137.666667, 3.997579, 0.912833, 4.348668, 5.305085
 131.000000, 5.526718, 1.015267, 4.508906, 5.600509
 131.000000, 4.083969, 0.875318, 4.564885, 5.486005
 124.333333, 3.506702, 0.911528, 4.345845, 5.305630
 117.000000, 3.612536, 0.823362, 4.678063, 5.547009
 131.666667, 4.592405, 0.967089, 4.420253, 5.435443
 131.000000, 3.348601, 0.972010, 4.274809, 5.328244
 122.333333, 3.092643, 0.847411, 4.787466, 5.708447
 127.666667, 4.498695, 0.835509, 4.331593, 5.224543
18
 0.250000, 6.000000, 17.000000, 2.000000, 19.000000
 103.666667, 6.135048, 1.411576, 4.855305, 6.315113
 118.333333, 5.478873, 1.188732, 4.588732, 5.828169
 122.666667, 4.548913, 1.054348, 4.573370, 5.679348
 125.333333, 5.795213, 1.148936, 4.646277, 5.896277
 129.666667, 4.616967, 0.899743, 4.778920, 5.740360
 116.333333, 4.094556, 1.022923, 4.670487, 5.765043
 114.000000, 4.845029, 0.982456, 5.190058, 6.260234
 129.000000, 4.772610, 1.049096, 4.633075, 5.728682
 113.000000, 3.377581, 0.932153, 4.964602, 5.994100
 133.333333, 5.107500, 1.077500, 4.612500, 5.735000
 132.333333, 4.239295, 0.949622, 4.561713, 5.581864
 120.000000, 3.502778, 0.888889, 4.911111, 5.869444
 123.000000, 3.100271, 0.739837, 4.848238, 5.639566
 126.000000, 4.314815, 0.859788, 4.343915, 5.256614
 134.333333, 4.421836, 1.133995, 4.312655, 5.491315
 129.666667, 3.323907, 0.979434, 4.393316, 5.416452
 133.333333, 4.420000, 0.960000, 4.150000, 5.157500
 130.000000, 4.907692, 0.848718, 4.510256, 5.446154
 128.666667, 4.246114, 0.932642, 4.448187, 5.432642
19
 0.250000, 0.000000, 15.000000, 3.000000, 21.000000
 111.000000, 6.489489, 1.438438, 4.750751, 6.246246
 114.666667, 4.034884, 1.206395, 4.630814, 5.912791
 127.000000, 5.766404, 0.868766, 4.535433, 5.454068
 121.666667, 5.210959, 1.005479, 4.852055, 5.909589
 128.000000, 5.268229, 1.059896, 4.697917, 5.817708
 129.000000, 5.217054, 1.002584, 4.315245, 5.361757
 123.666667, 5.008086, 1.070081, 4.973046, 6.097035
 123.000000, 4.314363, 1.111111, 4.853659, 6.040650
 115.000000, 4.257971, 0.892754, 4.936232, 5.895652
 119.333333, 3.324022, 1.000000, 4.555866, 5.608939
 126.666667, 3.523684, 0.984211, 4.626316, 5.655263
 126.666667, 4.094737, 0.844737, 4.500000, 5.394737
 124.333333, 3.554960, 0.986595, 4.662198, 5.721180
 127.666667, 3.477807, 0.838120, 4.355091, 5.242820
 120.333333, 3.678670, 0.850416, 4.736842, 5.662050
 129.666667, 4.074550, 0.863753, 4.483290, 5.411311
 132.666667, 4.105528, 1.027638, 4.407035, 5.505025
 129.333333, 4.525773, 0.953608, 4.520619, 5.543814
 133.000000, 5.002506, 1.032581, 4.268170, 5.350877
20
 0.250000, 0.000000, 17.000000, 1.000000, 19.000000
 103.333333, 4.612903, 1.274194, 4.948387, 6.312903
 120.000000, 4.508333, 1.077778, 4.413889, 5.572222
 118.666667, 4.213483, 1.087079, 4.435393, 5.587079
 124.000000, 7.161290, 1.110215, 4.645161, 5.827957
 119.000000, 3.691877, 0.801120, 5.022409, 5.876751
 116.000000, 4.778736, 0.997126, 4.738506, 5.827586
 124.333333, 4.938338, 0.981233, 4.817694, 5.852547
 119.333333, 3.695531, 1.069832, 4.821229, 6.005587
 115.666667, 4.069164, 0.933718, 4.991354, 6.020173
 123.000000, 3.845528, 0.897019, 4.544715, 5.512195
 128.000000, 3.302083, 0.786458, 4.549479, 5.403646
 121.333333, 3.854396, 0.857143, 4.656593, 5.563187
 122.666667, 3.108696, 0.913043, 4.739130, 5.711957
 134.333333, 5.047146, 0.937965, 4.357320, 5.359801
 129.333333, 5.502577, 1.059278, 4.567010, 5.685567
 122.666667, 3.415761, 1.019022, 4.586957, 5.657609
 135.000000, 4.523457, 0.958025, 4.338272, 5.360494
 120.000000, 4.261111, 0.911111, 4.855556, 5.855556
 127.000000, 4.005249, 0.832021, 4.506562, 5.409449
21
 0.250000, 0.000000, 5.000000, 1.000000, 6.000000
 107.666667, 5.575851, 1.315789, 4.631579, 6.009288
 118.000000, 5.581921, 1.076271, 4.779661, 5.946328
 120.666667, 4.715470, 1.138122, 4.569061, 5.792818
 125.333333, 5.308511, 1.119681, 4.577128, 5.763298
 123.666667, 4.045822, 0.773585, 4.792453, 5.617251
 121.666667, 4.923288, 0.978082, 4.720548, 5.780822
 125.000000, 4.085333, 1.149333, 4.666667, 5.858667
 118.666667, 3.452247, 0.912921, 4.831461, 5.808989
 117.000000, 4.954416, 0.974359, 4.940171, 5.985755
 126.000000, 5.497354, 0.862434, 4.510582, 5.425926
 130.333333, 3.810742, 0.831202, 4.616368, 5.514066
 122.666667, 3.720109, 0.923913, 4.972826, 5.964674
 123.000000, 3.504065, 0.875339, 4.658537, 5.590786
 135.666667, 5.240786, 0.889435, 4.027027, 4.987715
 128.000000, 4.510417, 0.940104, 4.471354, 5.458333
 128.000000, 4.041667, 0.895833, 4.536458, 5.476563
 134.000000, 4.156716, 0.915423, 4.368159, 5.330846
 137.000000, 5.287105, 1.053528, 4.445255, 5.545012
 135.666667, 3.953317, 0.943489, 4.167076, 5.169533
22
 0.250000, 0.000000, 3.000000, 2.000000, 29.000000
 110.666667, 6.403614, 1.298193, 4.774096, 6.286145
 121.666667, 5.643836, 1.213699, 4.545205, 5.824658
 125.000000, 4.797333, 1.066667, 4.349333, 5.472000
 119.333333, 4.550279, 1.058659, 4.611732, 5.734637
 121.666667, 4.271233, 0.865753, 4.761644, 5.673973
 128.333333, 6.532468, 1.096104, 4.690909, 5.844156
 127.666667, 5.937337, 1.190601, 4.718016, 5.958225
 115.333333, 4.156069, 0.867052, 5.014451, 5.997110
 120.333333, 3.952909, 1.005540, 4.831025, 5.889197
 125.333333, 3.789894, 0.893617, 4.468085, 5.428191
 137.666667, 4.503632, 0.973366, 4.481840, 5.501211
 123.000000, 4.598916, 0.886179, 4.552846, 5.509485
 130.333333, 4.299233, 1.012788, 4.580563, 5.644501
 137.333333, 4.422330, 1.031553, 4.060680, 5.140777
 116.000000, 3.804598, 0.913793, 4.824713, 5.847701
 134.666667, 4.400990, 0.903465, 4.264851, 5.232673
 135.666667, 4.407862, 0.884521, 4.162162, 5.132678
 132.333333, 4.486146, 0.977330, 4.617128, 5.639798
 128.000000, 4.804688, 1.062500, 4.604167, 5.718750
23
 0.250000, 0.000000, 3.000000, 2.000000, 29.000000
 120.000000, 6.113889, 1.272222, 4.430556, 5.752778
 110.333333, 4.287009, 1.036254, 4.483384, 5.619335
 127.000000, 4.396325, 0.981627, 4.396325, 5.440945
 124.333333, 5.305630, 1.225201, 4.367292, 5.638070
 132.000000, 4.454545, 0.992424, 4.575758, 5.613636
 110.000000, 3.881818, 1.012121, 4.942424, 6.048485
 121.333333, 4.384615, 1.027473, 4.950549, 6.063187
 122.666667, 3.644022, 1.027174, 4.823370, 5.913043
 114.666667, 4.523256, 1.063953, 5.116279, 6.235465
 124.000000, 3.365591, 1.002688, 4.553763, 5.618280
 131.000000, 4.078880, 1.038168, 4.516539, 5.615776
 120.666667, 4.234807, 0.972376, 4.765193, 5.806630
 124.666667, 3.657754, 0.885027, 4.644385, 5.577540
 134.666667, 4.957921, 0.893564, 4.111386, 5.076733
 118.333333, 3.757746, 0.907042, 4.729577, 5.704225
 125.666667, 3.374005, 0.936340, 4.477454, 5.461538
 139.333333, 4.244019, 0.930622, 4.114833, 5.090909
 121.000000, 3.190083, 0.848485, 4.763085, 5.688705
 135.333333, 5.152709, 0.918719, 4.209360, 5.177340
24
 0.250000, 0.000000, 2.000000, 2.000000, 29.000000
 118.333333, 6.397183, 1.453521, 4.425352, 5.938028
 122.000000, 5.057377, 1.377049, 4.267760, 5.693989
 132.000000, 4.583333, 1.121212, 4.277778, 5.467172
 126.333333, 5.984169, 1.189974, 4.741425, 6.005277
 119.000000, 3.593838, 0.873950, 4.708683, 5.635854
 127.333333, 5.303665, 1.102094, 4.552356, 5.701571
 129.333333, 4.646907, 0.981959, 4.775773, 5.806701
 127.333333, 4.884817, 1.078534, 4.819372, 5.945026
 113.333333, 3.964706, 0.920588, 5.211765, 6.220588
 121.000000, 3.504132, 0.878788, 4.556474, 5.498623
 124.000000, 2.647849, 0.838710, 4.733871, 5.629032
 125.000000, 3.354667, 0.861333, 4.634667, 5.538667
 132.000000, 4.239899, 0.873737, 4.492424, 5.414141
 126.666667, 4.747368, 0.850000, 4.410526, 5.326316
 114.666667, 4.011628, 0.880814, 4.761628, 5.703488
 122.333333, 3.825613, 0.937330, 4.765668, 5.768392
 127.333333, 4.395288, 1.005236, 4.565445, 5.625654
 125.666667, 3.737401, 0.832891, 4.742706, 5.620690
 127.333333, 3.861257, 0.824607, 4.251309, 5.159686
25
 0.250000, 0.000000, 2.000000, 2.000000, 29.000000
 110.333333, 8.637462, 1.380665, 4.764350, 6.217523
 123.000000, 5.821138, 1.205962, 4.303523, 5.560976
 124.666667, 4.970588, 1.088235, 4.606952, 5.748663
 123.333333, 5.105405, 1.227027, 4.697297, 6.000000
 121.666667, 3.583562, 0.947945, 4.808219, 5.805479
 119.666667, 4.838440, 1.064067, 4.601671, 5.727019
 119.000000, 4.901961, 1.058824, 5.000000, 6.145658
 120.333333, 3.681440, 1.138504, 4.681440, 5.864266
 126.333333, 5.852243, 1.026385, 4.620053, 5.709763
 124.333333, 4.337802, 0.981233, 4.402145, 5.428954
 122.333333, 3.223433, 0.822888, 4.811989, 5.708447
 125.333333, 4.196809, 0.906915, 4.638298, 5.635638
 126.666667, 3.676316, 0.918421, 4.576316, 5.544737
 140.333333, 4.501188, 1.030879, 4.038005, 5.118765
 131.333333, 4.512690, 1.020305, 4.456853, 5.522843
 125.333333, 4.332447, 0.936170, 4.558511, 5.547872
 136.666667, 4.604878, 0.851220, 4.251220, 5.173171
 132.333333, 5.251889, 0.952141, 4.564232, 5.579345
 125.333333, 4.023936, 0.840426, 4.390957, 5.284574
26
 0.250000, 1.000000, 0.000000, 1.000000, 1.000000
 115.333333, 5.575145, 1.294798, 4.632948, 5.979769
 116.666667, 5.180000, 1.234286, 4.497143, 5.848571
 127.333333, 5.465969, 1.180628, 4.366492, 5.615183
 126.333333, 5.614776, 1.100264, 4.620053, 5.765172
 123.333333, 3.478378, 0.921622, 4.735135, 5.727027
 125.000000, 4.378667, 1.165333, 4.536000, 5.744000
 124.000000, 4.545699, 1.018817, 4.884409, 5.973118
 126.333333, 4.176781, 1.063325, 4.440633, 5.554090
 126.666667, 5.207895, 1.136842, 4.660526, 5.842105
 127.000000, 4.553806, 0.971129, 4.514436, 5.532808
 137.333333, 4.322816, 0.966019, 4.621359, 5.633495
 121.333333, 4.208791, 0.980769, 4.620879, 5.673077
 131.666667, 4.075949, 0.956962, 4.660759, 5.665823
 133.000000, 4.739348, 0.907268, 4.248120, 5.213033
 131.666667, 4.762025, 0.951899, 4.341772, 5.364557
 124.333333, 3.506702, 0.831099, 4.587131, 5.471850
 139.333333, 3.834928, 0.954545, 4.251196, 5.255981
 120.666667, 3.372928, 0.903315, 4.759669, 5.726519
 134.666667, 4.997525, 0.925743, 4.346535, 5.321782
27
 0.250000, 0.000000, 14.000000, 2.000000, 18.000000
 104.666667, 5.057325, 1.302548, 5.111465, 6.646497
 123.666667, 5.727763, 1.366577, 4.318059, 5.765499
 139.333333, 5.528708, 1.172249, 4.153110, 5.370813
 120.666667, 5.544199, 0.986188, 4.472376, 5.502762
 122.333333, 4.727520, 0.959128, 4.792916, 5.798365
 126.666667, 4.997368, 1.128947, 4.384211, 5.557895
 122.333333, 4.550409, 1.019074, 4.801090, 5.871935
 127.000000, 4.784777, 0.960630, 4.632546, 5.643045
 113.333333, 3.820588, 1.011765, 5.055882, 6.117647
 128.000000, 3.744792, 1.010417, 4.382813, 5.479167
 119.000000, 2.775910, 0.795518, 4.778711, 5.638655
 128.333333, 5.090909, 0.872727, 4.963636, 5.893506
 128.333333, 3.516883, 0.854545, 4.574026, 5.496104
 141.000000, 4.557920, 1.016548, 3.919622, 4.978723
 133.000000, 4.897243, 0.982456, 4.338346, 5.388471
 132.333333, 3.801008, 0.843829, 4.496222, 5.387909
 133.333333, 4.300000, 0.895000, 4.242500, 5.205000
 131.666667, 4.470886, 1.010127, 4.635443, 5.696203
 130.000000, 4.076923, 0.969231, 4.317949, 5.353846
28
 0.250000, 1.000000, 0.000000, 1.000000, 1.000000
 119.333333, 6.569832, 1.268156, 4.617318, 5.966480
 123.000000, 5.785908, 1.487805, 4.615176, 6.178862
 130.000000, 4.941026, 1.082051, 4.287179, 5.420513
 132.333333, 6.166247, 1.287154, 4.586902, 5.942065
 114.666667, 3.781977, 0.936047, 5.165698, 6.197674
 118.000000, 5.344633, 0.912429, 4.627119, 5.618644
 121.333333, 3.500000, 0.991758, 4.760989, 5.818681
 127.000000, 3.790026, 0.874016, 4.580052, 5.503937
 116.333333, 4.561605, 1.031519, 4.905444, 5.991404
 132.666667, 4.236181, 0.917085, 4.371859, 5.331658
 136.333333, 4.567237, 0.916870, 4.432763, 5.398533
 130.000000, 3.794872, 0.956410, 4.417949, 5.420513
 130.000000, 4.282051, 1.005128, 4.651282, 5.700000
 142.000000, 5.380282, 1.051643, 3.946009, 5.039906
 134.666667, 5.415842, 0.975248, 4.418317, 5.440594
 124.666667, 3.368984, 0.922460, 4.660428, 5.660428
 129.333333, 3.448454, 0.837629, 4.231959, 5.118557
 130.000000, 4.615385, 0.958974, 4.689744, 5.702564
 124.000000, 3.586022, 0.841398, 4.325269, 5.236559
29
 0.250000, 1.000000, 0.000000, 1.000000, 1.000000
 113.666667, 6.571848, 1.457478, 4.472141, 6.117302
 118.000000, 5.644068, 1.299435, 4.573446, 5.940678
 128.666667, 5.740933, 1.093264, 4.261658, 5.427461
 115.000000, 4.182609, 1.084058, 4.968116, 6.118841
 133.333333, 5.807500, 0.975000, 4.542500, 5.560000
 122.666667, 4.842391, 0.926630, 4.380435, 5.380435
 117.666667, 3.419263, 1.028329, 4.912181, 5.980170
 134.333333, 4.543424, 1.037221, 4.478908, 5.578164
 122.333333, 4.389646, 1.054496, 4.959128, 6.057221
 125.000000, 4.602667, 0.842667, 4.594667, 5.514667
 127.666667, 3.597911, 0.817232, 4.718016, 5.603133
 130.333333, 4.843990, 0.867008, 4.460358, 5.375959
 128.666667, 4.072539, 0.873057, 4.603627, 5.525907
 133.000000, 4.842105, 0.919799, 4.255639, 5.250627
 125.333333, 4.047872, 0.909574, 4.441489, 5.414894
 125.000000, 3.728000, 0.898667, 4.690667, 5.658667
 128.666667, 3.427461, 0.790155, 4.481865, 5.323834
 139.666667, 5.174224, 0.971360, 4.427208, 5.446301
 130.333333, 4.363171, 0.928389, 4.255754, 5.232737
30
 0.250000, 1.000000, 0.000000, 1.000000, 1.000000
 105.333333, 5.313291, 1.325949, 4.765823, 6.139241
 114.000000, 3.836257, 1.154971, 4.555556, 5.809942
 127.666667, 5.689295, 1.182768, 4.378590, 5.691906
 122.333333, 5.689373, 1.002725, 4.433243, 5.574932
 128.000000, 4.721354, 0.919271, 4.651042, 5.614583
 118.333333, 4.481690, 0.957746, 4.659155, 5.695775
 111.333333, 3.269461, 1.047904, 5.371257, 6.488024
 112.333333, 3.560831, 1.065282, 5.219585, 6.364985
 127.666667, 4.639687, 1.080940, 4.590078, 5.715405
 135.333333, 5.036946, 0.908867, 4.364532, 5.320197
 133.333333, 3.735000, 0.917500, 4.540000, 5.502500
 125.000000, 3.645333, 0.994667, 4.600000, 5.642667
 131.666667, 4.364557, 1.030380, 4.531646, 5.607595
 123.666667, 4.800539, 0.940701, 4.544474, 5.547170
 133.666667, 5.925187, 0.920200, 4.341646, 5.309227
 124.333333, 3.812332, 0.906166, 4.587131, 5.568365
 128.333333, 3.197403, 0.901299, 4.306494, 5.277922
 131.000000, 4.391858, 0.916031, 4.631043, 5.592875
 125.000000, 4.269333, 0.922667, 4.485333, 5.477333
31
 0.250000, 0.000000, 0.000000, 53.000000, 53.000000
 111.000000, 6.183183, 1.105105, 4.885886, 6.087087
 119.333333, 4.743017, 1.097765, 4.421788, 5.564246
 121.000000, 4.236915, 1.132231, 4.586777, 5.787879
 124.000000, 6.163978, 0.978495, 4.776882, 5.830645
 119.666667, 4.030641, 0.935933, 5.005571, 5.988858
 116.666667, 5.468571, 1.057143, 4.860000, 6.037143
 117.666667, 4.059490, 0.830028, 4.949008, 5.830028
 118.000000, 4.180791, 0.926554, 4.918079, 5.920904
 128.666667, 5.691710, 1.095855, 4.702073, 5.841969
 119.333333, 4.016760, 0.829609, 4.810056, 5.692737
 122.333333, 3.051771, 0.880109, 4.784741, 5.719346
 118.666667, 4.075843, 0.946629, 4.893258, 5.898876
 123.666667, 3.487871, 0.929919, 4.522911, 5.501348
 132.333333, 4.166247, 0.952141, 4.110831, 5.128463
 120.000000, 4.997222, 0.905556, 4.558333, 5.516667
 125.666667, 3.830239, 0.968170, 4.519894, 5.586207
 130.666667, 4.178571, 0.829082, 4.436224, 5.316327
 131.000000, 4.066158, 1.012723, 4.809160, 5.872774
 124.000000, 4.142473, 0.975806, 4.642473, 5.661290
32
 0.250000, 2.000000, 0.000000, 53.000000, 53.000000
 120.000000, 6.227778, 1.616667, 4.586111, 6.291667
 119.333333, 4.673184, 1.128492, 4.483240, 5.684358
 118.000000, 4.324859, 1.014124, 4.553672, 5.635593
 122.000000, 7.393443, 1.245902, 4.729508, 6.076503
 128.666667, 5.217617, 0.927461, 4.738342, 5.725389
 127.666667, 6.266319, 1.258486, 4.394256, 5.720627
 124.333333, 4.729223, 1.050938, 4.817694, 5.911528
 122.333333, 3.400545, 0.929155, 4.858311, 5.839237
 131.000000, 4.865140, 0.885496, 4.725191, 5.659033
 124.333333, 3.734584, 0.876676, 4.600536, 5.525469
 133.333333, 3.970000, 0.992500, 4.597500, 5.640000
 117.666667, 3.648725, 0.980170, 5.274788, 6.308782
 128.000000, 4.007813, 0.932292, 4.473958, 5.486979
 136.000000, 5.053922, 0.830882, 4.220588, 5.137255
 116.666667, 3.537143, 0.920000, 4.905714, 5.900000
 128.000000, 3.950521, 0.986979, 4.458333, 5.507813
 135.666667, 4.206388, 0.894349, 4.238329, 5.184275
 110.000000, 2.942424, 0.939394, 5.127273, 6.148485
 137.333333, 4.548544, 0.856796, 4.140777, 5.043689
33
 0.250000, 0.000000, 0.000000, 0.000000, 1.000000
 113.000000, 5.227139, 1.277286, 4.814159, 6.185841
 118.666667, 3.845506, 0.876404, 4.382022, 5.308989
 120.000000, 4.405556, 0.991667, 4.736111, 5.777778
 122.666667, 5.057065, 0.970109, 4.562500, 5.595109
 110.666667, 3.385542, 0.852410, 5.090361, 6.069277
 118.666667, 5.033708, 0.941011, 4.483146, 5.491573
 117.000000, 4.527066, 0.951567, 5.000000, 6.017094
 117.666667, 4.424929, 1.056657, 4.841360, 5.960340
 116.000000, 4.626437, 0.893678, 4.994253, 5.974138
 126.666667, 4.086842, 0.957895, 4.468421, 5.489474
 133.333333, 3.332500, 0.787500, 4.525000, 5.360000
 129.333333, 4.412371, 0.762887, 4.801546, 5.680412
 121.666667, 2.926027, 0.846575, 4.832877, 5.723288
 140.000000, 5.007143, 0.950000, 4.264286, 5.254762
 133.000000, 5.401003, 1.012531, 4.308271, 5.378446
 132.000000, 3.707071, 0.765152, 4.308081, 5.118687
 130.666667, 4.158163, 0.762755, 4.331633, 5.168367
 131.333333, 4.832487, 0.921320, 4.703046, 5.670051
 130.666667, 4.451531, 0.903061, 4.448980, 5.395408
34
 0.250000, 0.000000, 0.000000, 0.000000, 1.000000
 101.666667, 4.462295, 1.131148, 5.108197, 6.291803
 122.666667, 5.135870, 1.173913, 4.459239, 5.736413
 132.000000, 5.032828, 1.030303, 4.217172, 5.295455
 129.333333, 5.384021, 1.368557, 4.536082, 5.951031
 122.333333, 4.051771, 0.918256, 4.956403, 5.934605
 120.333333, 4.961219, 1.127424, 4.595568, 5.789474
 123.666667, 4.994609, 1.099730, 4.892183, 6.056604
 120.000000, 4.327778, 1.061111, 4.841667, 5.950000
 114.000000, 3.622807, 0.859649, 4.903509, 5.809942
 127.666667, 4.503916, 0.916449, 4.566580, 5.550914
 125.666667, 3.358090, 0.848806, 4.777188, 5.687003
 130.000000, 5.094872, 0.958974, 4.810256, 5.828205
 126.666667, 4.205263, 0.955263, 4.605263, 5.605263
 124.666667, 3.938503, 0.863636, 4.109626, 5.024064
 128.666667, 4.803109, 0.997409, 4.500000, 5.541451
 130.666667, 4.091837, 0.880102, 4.558673, 5.502551
 127.666667, 3.443864, 0.819843, 4.355091, 5.227154
 127.000000, 4.511811, 0.965879, 4.719160, 5.737533
 139.666667, 5.355609, 1.016706, 4.241050, 5.300716
35
 0.250000, 0.000000, 0.000000, 53.000000, 53.000000
 114.000000, 7.192982, 1.526316, 4.929825, 6.508772
 120.000000, 4.533333, 1.286111, 4.530556, 5.861111
 125.666667, 4.901857, 1.092838, 4.363395, 5.530504
 122.666667, 6.274457, 1.095109, 4.733696, 5.896739
 113.000000, 3.787611, 0.955752, 5.023599, 6.041298
 124.666667, 5.572193, 1.147059, 4.532086, 5.740642
 131.000000, 5.203562, 1.038168, 4.694656, 5.778626
 124.666667, 4.780749, 1.056150, 4.770053, 5.895722
 125.000000, 4.504000, 1.016000, 4.842667, 5.906667
 127.333333, 4.696335, 0.986911, 4.486911, 5.520942
 129.666667, 3.730077, 0.928021, 4.537275, 5.524422
 123.000000, 3.577236, 0.934959, 4.441734, 5.558266
 129.666667, 3.850900, 1.015424, 4.596401, 5.655527
 135.000000, 4.570370, 0.933333, 4.079012, 5.059259
 125.333333, 4.396277, 0.928191, 4.609043, 5.590426
 119.333333, 3.106145, 0.849162, 4.583799, 5.511173
 133.333333, 3.027500, 0.875000, 4.315000, 5.237500
 132.333333, 4.337531, 0.959698, 4.559194, 5.589421
 120.000000, 4.044444, 0.802778, 4.647222, 5.516667
36
 0.250000, 0.000000, 0.000000, 11.000000, 11.000000
 101.000000, 4.920792, 1.135314, 5.211221, 6.435644
 121.333333, 5.461538, 1.134615, 4.420330, 5.604396
 126.333333, 5.229551, 1.052770, 4.308707, 5.403694
 130.333333, 6.759591, 1.235294, 4.424552, 5.731458
 113.000000, 3.557522, 0.902655, 5.153392, 6.144543
 123.666667, 4.506739, 0.946092, 4.482480, 5.490566
 112.333333, 4.329377, 1.059347, 5.252226, 6.376855
 128.666667, 4.248705, 0.981865, 4.536269, 5.564767
 116.666667, 4.417143, 1.082857, 4.942857, 6.074286
 122.333333, 3.531335, 0.907357, 4.604905, 5.569482
 122.333333, 2.555858, 0.757493, 4.700272, 5.506812
 126.333333, 4.627968, 0.820580, 4.759894, 5.633245
 126.666667, 3.663158, 0.923684, 4.715789, 5.721053
 139.333333, 4.315789, 0.782297, 4.074163, 4.923445
 123.666667, 4.223720, 0.911051, 4.598383, 5.587601
 134.666667, 4.940594, 0.990099, 4.519802, 5.551980
 133.333333, 3.875000, 0.847500, 4.252500, 5.150000
 128.000000, 4.593750, 0.846354, 4.598958, 5.539063
 131.000000, 4.872774, 0.933842, 4.475827, 5.455471
37
 0.250000, 2.000000, 0.000000, 52.000000, 53.000000
 112.000000, 4.833333, 1.366071, 4.729167, 6.166667
 116.666667, 4.365714, 1.222857, 4.580000, 5.862857
 129.666667, 4.676093, 1.187661, 4.239075, 5.473008
 120.333333, 5.606648, 1.024931, 4.659280, 5.767313
 120.000000, 5.144444, 1.044444, 5.119444, 6.236111
 128.666667, 5.582902, 1.075130, 4.290155, 5.411917
 123.333333, 4.986486, 1.054054, 4.943243, 6.064865
 114.000000, 3.856725, 1.210526, 5.058480, 6.356725
 117.000000, 3.555556, 0.980057, 4.849003, 5.894587
 124.333333, 4.855228, 0.879357, 4.565684, 5.506702
 140.666667, 4.161137, 1.035545, 4.336493, 5.417062
 122.000000, 4.234973, 0.912568, 5.090164, 6.049180
 122.333333, 4.168937, 0.888283, 4.607629, 5.572207
 125.333333, 3.279255, 0.747340, 4.226064, 5.026596
 134.000000, 4.895522, 0.975124, 4.323383, 5.345771
 113.000000, 3.746313, 1.005900, 4.769912, 5.879056
 125.333333, 4.260638, 0.797872, 4.547872, 5.422872
 120.333333, 4.337950, 0.850416, 4.908587, 5.814404
 132.666667, 4.316583, 0.982412, 4.293970, 5.324121
38
 0.250000, 1.000000, 0.000000, 9.000000, 10.000000
 117.333333, 5.636364, 1.329545, 4.522727, 6.190341
 119.000000, 5.025210, 1.198880, 4.389356, 5.638655
 125.333333, 4.481383, 1.061170, 4.188830, 5.300532
 114.333333, 4.545190, 0.915452, 4.959184, 5.932945
 131.000000, 5.274809, 0.931298, 4.740458, 5.720102
 121.666667, 4.263014, 1.041096, 4.589041, 5.679452
 126.000000, 5.420635, 1.190476, 4.851852, 6.111111
 130.666667, 4.520408, 1.107143, 4.625000, 5.775510
 122.666667, 5.097826, 1.016304, 4.989130, 6.100543
 119.333333, 3.896648, 0.913408, 4.734637, 5.743017
 126.333333, 3.406332, 0.923483, 4.754617, 5.725594
 124.333333, 5.099196, 0.957105, 4.579088, 5.603217
 133.333333, 4.392500, 0.975000, 4.420000, 5.455000
 141.333333, 5.580189, 0.990566, 4.082547, 5.122642
 131.333333, 4.979695, 0.954315, 4.576142, 5.598985
 123.333333, 3.421622, 0.927027, 4.743243, 5.729730
 126.666667, 2.718421, 0.728947, 4.334211, 5.107895
 121.000000, 4.749311, 0.862259, 4.955923, 5.870523
 128.000000, 4.109375, 0.901042, 4.382813, 5.382813
39
 0.250000, 1.000000, 0.000000, 1.000000, 10.000000
 123.333333, 7.637838, 1.508108, 4.602703, 6.213514
 111.000000, 4.375375, 1.240240, 4.711712, 6.033033
 109.333333, 4.274390, 1.067073, 4.856707, 6.006098
 124.333333, 5.680965, 1.115282, 4.689008, 5.852547
 120.333333, 3.955679, 0.817175, 5.016620, 5.883657
 118.000000, 4.827684, 1.209040, 4.689266, 6.014124
 126.333333, 5.617414, 1.213720, 4.839050, 6.118734
 119.333333, 3.636872, 1.036313, 4.966480, 6.089385
 119.666667, 4.125348, 1.064067, 4.838440, 5.966574
 128.666667, 4.398964, 0.953368, 4.577720, 5.577720
 130.000000, 3.492308, 0.789744, 4.466667, 5.305128
 128.333333, 3.974026, 0.955844, 4.433766, 5.433766
 121.333333, 4.337912, 0.945055, 4.835165, 5.868132
 138.000000, 5.746377, 0.980676, 4.140097, 5.171498
 125.000000, 4.362667, 1.002667, 4.554667, 5.608000
 137.333333, 4.266990, 0.866505, 4.456311, 5.366505
 130.333333, 3.332481, 0.838875, 4.373402, 5.260870
 119.666667, 3.512535, 0.908078, 4.821727, 5.777159
 126.000000, 4.071429, 0.854497, 4.510582, 5.428571
40
 0.250000, 10.000000, 0.000000, 1.000000, 54.000000
 111.000000, 7.132132, 1.291291, 5.075075, 6.558559
 115.000000, 4.333333, 0.924638, 4.382609, 5.356522
 137.666667, 6.043584, 1.225182, 4.341404, 5.629540
 135.000000, 6.358025, 1.041975, 4.508642, 5.614815
 126.000000, 4.846561, 0.835979, 4.793651, 5.677249
 131.000000, 5.849873, 1.284987, 4.394402, 5.743003
 130.333333, 4.726343, 1.130435, 4.588235, 5.767263
 124.000000, 4.018817, 1.099462, 4.798387, 5.943548
 114.333333, 3.906706, 0.979592, 4.941691, 5.991254
 124.333333, 3.798928, 0.903485, 4.474531, 5.431635
 134.000000, 3.932836, 0.932836, 4.450249, 5.425373
 137.666667, 5.743341, 1.002421, 4.605327, 5.653753
 134.333333, 4.550868, 0.930521, 4.516129, 5.493797
 133.000000, 4.443609, 0.954887, 4.213033, 5.245614
 128.000000, 4.109375, 1.005208, 4.398438, 5.447917
 120.000000, 3.552778, 0.827778, 4.747222, 5.647222
 139.666667, 3.789976, 0.916468, 4.243437, 5.224344
 141.000000, 5.600473, 1.011820, 4.482270, 5.539007
 121.666667, 4.120548, 0.794521, 4.526027, 5.402740
41
 0.250000, 25.000000, 0.000000, 1.000000, 1.000000
 120.000000, 6.597222, 1.466667, 4.752778, 6.305556
 121.000000, 4.790634, 1.170799, 4.517906, 5.732782
 127.333333, 4.910995, 1.034031, 4.376963, 5.473822
 123.333333, 5.713514, 1.121622, 4.651351, 5.827027
 120.333333, 4.191136, 0.836565, 4.844875, 5.775623
 123.000000, 5.027100, 1.032520, 4.476965, 5.579946
 122.000000, 5.273224, 1.032787, 5.092896, 6.177596
 115.333333, 3.962428, 1.101156, 5.156069, 6.306358
 119.333333, 3.740223, 0.877095, 4.944134, 5.879888
 127.666667, 4.248042, 1.046997, 4.550914, 5.644909
 126.666667, 3.744737, 0.765789, 4.534211, 5.350000
 125.333333, 4.077128, 0.944149, 4.667553, 5.659574
 126.333333, 3.540897, 0.923483, 4.509235, 5.480211
 126.333333, 4.535620, 1.034301, 4.517150, 5.633245
 117.000000, 3.985755, 0.817664, 4.723647, 5.595442
 125.333333, 3.654255, 0.885638, 4.646277, 5.582447
 139.666667, 4.202864, 1.095465, 4.128878, 5.288783
 122.000000, 4.019126, 1.030055, 4.857923, 5.959016
 130.666667, 4.461735, 0.982143, 4.318878, 5.346939
42
 0.250000, 0.000000, 0.000000, 0.000000, 1.000000
 109.333333, 4.984756, 1.253049, 4.774390, 6.161585
 115.000000, 4.898551, 1.284058, 4.498551, 5.849275
 127.000000, 4.787402, 1.104987, 4.272966, 5.425197
 120.666667, 5.011050, 0.922652, 4.560773, 5.533149
 120.333333, 4.562327, 0.933518, 4.886427, 5.886427
 115.666667, 3.582133, 0.939481, 4.775216, 5.780980
 118.666667, 5.070225, 1.148876, 4.862360, 6.081461
 120.666667, 3.303867, 0.988950, 4.754144, 5.792818
 118.000000, 4.951977, 1.025424, 4.887006, 5.968927
 122.666667, 4.040761, 0.880435, 4.644022, 5.570652
 124.333333, 3.249330, 0.782842, 4.777480, 5.608579
 121.000000, 3.798898, 0.953168, 4.826446, 5.823691
 122.666667, 3.948370, 1.029891, 4.956522, 6.065217
 137.000000, 4.883212, 0.854015, 4.326034, 5.228710
 127.666667, 4.216710, 1.023499, 4.404700, 5.472585
 127.333333, 3.465969, 0.821990, 4.405759, 5.345550
 122.333333, 2.975477, 0.833787, 4.512262, 5.411444
 122.333333, 4.098093, 0.836512, 4.811989, 5.697548
 129.666667, 4.131105, 0.874036, 4.388175, 5.311054
43
 0.250000, 0.000000, 0.000000, 0.000000, 1.000000
 127.000000, 6.635171, 1.451444, 4.217848, 5.721785
 123.000000, 5.485095, 1.281843, 4.327913, 5.655827
 123.000000, 5.485095, 1.094851, 4.447154, 5.604336
 113.666667, 4.316716, 1.023460, 4.865103, 5.944282
 116.666667, 3.137143, 0.874286, 4.860000, 5.782857
 130.666667, 5.035714, 1.071429, 4.331633, 5.446429
 122.000000, 4.606557, 1.158470, 4.887978, 6.131148
 126.666667, 3.802632, 1.036842, 4.697368, 5.792105
 125.000000, 5.637333, 1.034667, 4.906667, 6.029333
 122.000000, 3.778689, 0.912568, 4.625683, 5.617486
 128.000000, 3.434896, 0.945313, 4.585938, 5.575521
 125.000000, 4.061333, 0.845333, 4.634667, 5.528000
 127.000000, 4.475066, 0.892388, 4.797900, 5.742782
 137.000000, 5.700730, 0.931873, 4.107056, 5.087591
 132.333333, 4.647355, 0.929471, 4.463476, 5.440806
 124.666667, 3.596257, 0.858289, 4.481283, 5.401070
 140.000000, 4.326190, 0.957143, 4.292857, 5.295238
 123.666667, 4.210243, 0.884097, 4.938005, 5.902965
 142.000000, 4.978873, 0.995305, 4.147887, 5.187793
44
 0.250000, 0.000000, 0.000000, 0.000000, 1.000000
 111.333333, 4.056886, 1.260479, 4.649701, 5.961078
 119.333333, 5.550279, 1.170391, 4.405028, 5.639665
 116.666667, 4.154286, 1.014286, 4.608571, 5.705714
 119.333333, 4.086592, 1.030726, 4.843575, 5.927374
 114.000000, 3.304094, 0.932749, 4.985380, 5.994152
 122.666667, 5.239130, 1.230978, 4.551630, 5.847826
 120.000000, 4.316667, 1.058333, 4.930556, 6.063889
 118.333333, 3.687324, 0.983099, 4.692958, 5.746479
 131.333333, 6.505076, 0.956853, 4.621827, 5.659898
 130.666667, 4.237245, 1.053571, 4.362245, 5.459184
 124.333333, 3.426273, 0.812332, 4.731903, 5.600536
 116.333333, 3.472779, 0.842407, 4.876791, 5.793696
 127.000000, 4.212598, 1.110236, 4.774278, 5.971129
 133.333333, 4.327500, 1.030000, 4.242500, 5.325000
 122.333333, 3.212534, 0.920981, 4.705722, 5.697548
 126.666667, 4.565789, 0.902632, 4.668421, 5.626316
 133.333333, 4.405000, 0.832500, 4.312500, 5.217500
 129.666667, 5.223650, 0.992288, 4.930591, 5.974293
 135.333333, 5.374384, 0.935961, 4.268473, 5.243842
45
 0.250000, 0.000000, 0.000000, 0.000000, 1.000000
 120.333333, 6.337950, 1.340720, 4.493075, 5.886427
 119.666667, 5.298050, 1.203343, 4.445682, 5.710306
 129.333333, 5.613402, 1.126289, 4.324742, 5.536082
 120.666667, 4.903315, 0.969613, 4.972376, 6.000000
 116.000000, 3.364943, 0.916667, 5.017241, 6.031609
 121.333333, 4.324176, 0.906593, 4.527473, 5.494505
 121.333333, 3.931319, 1.063187, 4.769231, 5.884615
 122.333333, 4.365123, 1.073569, 4.768392, 5.891008
 120.000000, 4.602778, 0.977778, 4.838889, 5.888889
 132.666667, 4.537688, 0.919598, 4.427136, 5.402010
 132.666667, 4.542714, 0.881910, 4.497487, 5.464824
 128.333333, 4.529870, 0.950649, 4.490909, 5.516883
 133.333333, 4.582500, 0.940000, 4.525000, 5.557500
 135.000000, 4.844444, 0.896296, 4.162963, 5.128395
 123.333333, 3.816216, 1.029730, 4.445946, 5.527027
 137.666667, 4.476998, 0.956416, 4.421308, 5.433414
 129.666667, 3.624679, 0.789203, 4.413882, 5.254499
 128.333333, 4.379221, 0.937662, 4.675325, 5.659740
 134.333333, 4.062035, 0.915633, 4.290323, 5.250620
46
 0.250000, 0.000000, 0.000000, 0.000000, 1.000000
 113.666667, 5.384164, 1.413490, 4.445748, 5.912023
 118.000000, 5.372881, 1.265537, 4.621469, 5.946328
 123.666667, 5.148248, 0.967655, 4.617251, 5.660377
 117.666667, 5.815864, 0.997167, 4.730878, 5.849858
 114.333333, 2.230321, 0.909621, 5.148688, 6.104956
 131.333333, 6.043147, 1.038071, 4.370558, 5.454315
 121.333333, 3.508242, 1.090659, 4.681319, 5.818681
 118.333333, 4.008451, 0.952113, 4.915493, 5.923944
 115.666667, 4.244957, 1.017291, 5.031700, 6.103746
 128.666667, 4.805699, 0.953368, 4.556995, 5.575130
 134.000000, 4.174129, 1.032338, 4.343284, 5.422886
 127.333333, 4.280105, 1.005236, 4.562827, 5.612565
 130.666667, 4.219388, 0.992347, 4.642857, 5.693878
 135.000000, 3.325926, 0.839506, 4.162963, 5.051852
 125.000000, 5.082667, 0.840000, 4.421333, 5.306667
 128.333333, 3.628571, 0.909091, 4.615584, 5.568831
 133.666667, 3.548628, 0.847880, 4.229426, 5.127182
 137.000000, 4.807786, 0.987835, 4.501217, 5.535280
 123.666667, 3.932615, 0.854447, 4.595687, 5.522911
47
 0.250000, 0.000000, 0.000000, 1.000000, 2.000000
 130.333333, 6.680307, 1.578005, 4.332481, 5.974425
 118.000000, 4.480226, 1.251412, 4.316384, 5.629944
 121.000000, 4.363636, 1.041322, 4.553719, 5.672176
 115.333333, 3.734104, 0.968208, 4.803468, 5.817919
 119.000000, 3.386555, 0.854342, 4.935574, 5.859944
 119.666667, 5.064067, 0.910864, 4.760446, 5.743733
 124.333333, 4.579088, 1.077748, 4.860590, 5.991957
 119.666667, 4.167131, 1.103064, 4.743733, 5.913649
 122.333333, 4.474114, 1.065395, 4.915531, 6.027248
 104.333333, 3.728435, 0.779553, 5.706070, 6.575080
 129.000000, 3.837209, 0.896641, 4.806202, 5.775194
 131.333333, 5.012690, 1.093909, 4.639594, 5.799492
 126.666667, 4.121053, 1.026316, 4.526316, 5.613158
 144.666667, 5.433180, 0.838710, 3.933180, 4.827189
 128.666667, 4.225389, 0.922280, 4.492228, 5.476684
 117.333333, 3.085227, 0.815341, 4.730114, 5.590909
 130.666667, 4.520408, 0.961735, 4.471939, 5.500000
 129.666667, 4.892031, 0.994859, 4.673522, 5.737789
 129.666667, 4.401028, 0.866324, 4.403599, 5.318766
48
 0.250000, 5.000000, 0.000000, 4.000000, 4.000000
 116.666667, 6.400000, 1.494286, 4.625714, 6.208571
 105.333333, 3.598101, 1.174051, 4.930380, 6.363924
 121.333333, 4.579670, 1.123626, 4.403846, 5.590659
 119.000000, 5.145658, 0.966387, 4.887955, 5.904762
 126.333333, 4.311346, 1.071240, 4.728232, 5.844327
 119.333333, 4.754190, 0.960894, 4.424581, 5.449721
 115.000000, 3.623188, 1.063768, 4.939130, 6.069565
 117.333333, 3.474432, 0.928977, 4.846591, 5.826705
 116.333333, 4.272206, 1.011461, 4.988539, 6.060172
 121.333333, 3.392857, 0.939560, 4.508242, 5.519231
 133.333333, 4.067500, 0.910000, 4.392500, 5.347500
 126.333333, 4.087071, 1.002639, 4.656992, 5.701847
 128.666667, 4.665803, 1.007772, 4.683938, 5.738342
 124.666667, 4.192513, 0.938503, 4.350267, 5.331551
 119.666667, 3.086351, 0.944290, 4.554318, 5.562674
 121.000000, 3.432507, 0.842975, 4.776860, 5.683196
 132.000000, 3.560606, 0.893939, 4.229798, 5.174242
 119.666667, 3.958217, 0.857939, 4.908078, 5.821727
 135.666667, 4.739558, 0.923833, 4.235872, 5.223587
49
 0.250000, 1.000000, 0.000000, 10.000000, 10.000000
 109.666667, 6.133739, 1.431611, 5.003040, 6.492401
 123.666667, 5.215633, 1.199461, 4.409704, 5.652291
 118.000000, 5.259887, 0.951977, 4.601695, 5.604520
 120.000000, 5.361111, 1.075000, 4.577778, 5.713889
 120.000000, 3.311111, 0.955556, 4.736111, 5.741667
 122.666667, 4.391304, 1.217391, 4.538043, 5.847826
 123.666667, 4.641509, 0.956873, 4.870620, 5.902965
 118.000000, 4.070621, 0.937853, 4.994350, 5.991525
 120.333333, 4.504155, 0.947368, 5.052632, 6.052632
 125.000000, 4.018667, 0.906667, 4.762667, 5.720000
 130.666667, 3.130102, 0.808673, 4.436224, 5.293367
 129.000000, 4.335917, 0.976744, 4.679587, 5.702842
 128.333333, 3.555844, 0.890909, 4.529870, 5.464935
 145.333333, 5.353211, 0.977064, 3.892202, 4.928899
 131.000000, 4.946565, 1.007634, 4.325700, 5.394402
 129.666667, 4.041131, 0.902314, 4.488432, 5.431877
 138.666667, 3.935096, 1.021635, 4.206731, 5.274038
 122.333333, 4.182561, 1.032698, 4.852861, 5.940054
 133.000000, 5.167920, 1.020050, 4.411028, 5.508772
50
 0.250000, 1.000000, 0.000000, 9.000000, 9.000000
 111.666667, 5.973134, 1.343284, 4.952239, 6.382090
 118.666667, 5.188202, 1.382022, 4.455056, 5.946629
 123.333333, 4.300000, 1.032432, 4.340541, 5.435135
 117.000000, 5.578348, 0.914530, 4.985755, 6.056980
 119.333333, 3.491620, 0.837989, 4.743017, 5.631285
 123.666667, 4.350404, 0.889488, 4.409704, 5.393531
 129.333333, 5.221649, 1.118557, 4.737113, 5.930412
 119.333333, 4.413408, 0.916201, 4.958101, 5.930168
 120.000000, 5.308333, 1.097222, 4.930556, 6.144444
 119.333333, 3.460894, 0.991620, 4.821229, 5.874302
 128.333333, 2.716883, 0.981818, 4.566234, 5.594805
 134.666667, 4.876238, 0.962871, 4.611386, 5.616337
 128.333333, 3.820779, 0.929870, 4.709091, 5.683117
 135.333333, 5.386700, 0.854680, 4.189655, 5.096059
 125.666667, 3.899204, 0.870027, 4.511936, 5.435013
 121.666667, 3.312329, 1.027397, 4.671233, 5.750685
 125.666667, 3.466844, 0.809019, 4.389920, 5.270557
 121.666667, 3.657534, 0.926027, 4.991781, 5.964384
 125.000000, 3.469333, 0.888000, 4.402667, 5.354667
51
 0.250000, 2.000000, 0.000000, 9.000000, 9.000000
 115.333333, 6.566474, 1.335260, 4.797688, 6.208092
 121.333333, 4.991758, 1.206044, 4.392857, 5.667582
 128.333333, 5.885714, 0.992208, 4.436364, 5.514286
 119.000000, 5.184874, 0.994398, 4.756303, 5.801120
 119.666667, 4.445682, 1.013928, 4.802228, 5.883008
 116.666667, 5.411429, 1.128571, 4.880000, 6.140000
 124.333333, 5.436997, 1.144772, 4.876676, 6.069705
 125.666667, 4.909814, 1.029178, 4.618037, 5.726790
 124.000000, 4.446237, 0.846774, 4.712366, 5.604839
 125.333333, 4.050532, 1.026596, 4.765957, 5.840426
 130.333333, 3.652174, 0.838875, 4.675192, 5.613811
 129.000000, 3.702842, 0.795866, 4.679587, 5.555556
 132.333333, 4.327456, 0.942065, 4.370277, 5.357683
 132.000000, 4.373737, 0.848485, 4.133838, 5.045455
 126.000000, 4.193122, 0.904762, 4.550265, 5.505291
 124.000000, 4.029570, 0.803763, 4.653226, 5.556452
 132.000000, 3.676768, 0.914141, 4.315657, 5.287879
 124.666667, 3.403743, 1.005348, 4.617647, 5.689840
 142.333333, 5.498829, 1.028103, 4.283372, 5.372365
52
 0.250000, 5.000000, 0.000000, 8.000000, 9.000000
 117.333333, 7.335227, 1.542614, 4.568182, 6.207386
 112.333333, 4.700297, 1.062315, 4.694362, 5.818991
 118.333333, 4.267606, 1.022535, 4.507042, 5.597183
 121.000000, 5.104683, 0.862259, 4.570248, 5.479339
 125.333333, 4.462766, 0.914894, 4.723404, 5.683511
 129.666667, 5.588689, 1.128535, 4.249357, 5.447301
 128.000000, 5.815104, 1.195313, 4.752604, 6.036458
 118.666667, 3.384831, 0.988764, 4.808989, 5.845506
 121.666667, 4.490411, 0.961644, 4.665753, 5.673973
 130.000000, 4.394872, 0.892308, 4.307692, 5.269231
 130.666667, 3.808673, 0.992347, 4.543367, 5.584184
 119.666667, 3.913649, 0.883008, 4.779944, 5.713092
 128.333333, 3.828571, 0.906494, 4.532468, 5.483117
 134.000000, 4.651741, 0.793532, 4.206468, 5.049751
 127.333333, 4.704188, 1.120419, 4.623037, 5.793194
 128.000000, 4.716146, 0.992188, 4.414063, 5.450521
 125.333333, 3.757979, 0.760638, 4.476064, 5.308511
 128.666667, 4.388601, 0.948187, 4.580311, 5.580311
 130.000000, 4.710256, 0.897436, 4.389744, 5.335897
53
 0.250000, 3.000000, 0.000000, 3.000000, 12.000000
 111.333333, 5.589820, 1.299401, 4.739521, 6.092814
 117.666667, 4.909348, 1.235127, 4.487252, 5.779037
 128.000000, 5.125000, 1.067708, 4.208333, 5.351563
 131.666667, 5.701266, 1.164557, 4.574684, 5.837975
 120.333333, 4.556787, 1.016620, 4.720222, 5.803324
 121.333333, 5.181319, 1.068681, 4.846154, 5.961538
 123.333333, 4.654054, 1.086486, 4.775676, 5.935135
 133.666667, 5.231920, 1.152120, 4.491272, 5.690773
 116.333333, 4.214900, 0.939828, 4.902579, 5.888252
 125.333333, 3.811170, 0.920213, 4.494681, 5.460106
 129.666667, 4.053985, 0.964010, 4.627249, 5.704370
 122.000000, 4.013661, 0.800546, 4.530055, 5.379781
 125.666667, 3.729443, 0.864721, 4.655172, 5.570292
 131.000000, 5.066158, 0.964377, 4.348601, 5.363868
 129.000000, 5.074935, 1.010336, 4.395349, 5.452196
 127.333333, 3.793194, 0.916230, 4.489529, 5.450262
 145.000000, 4.501149, 0.910345, 4.167816, 5.124138
 130.666667, 4.818878, 1.000000, 4.520408, 5.599490
 128.333333, 3.597403, 0.870130, 4.553247, 5.483117
54
 0.250000, 3.000000, 0.000000, 3.000000, 3.000000
 109.000000, 7.134557, 1.483180, 5.207951, 6.746177
 118.333333, 4.867606, 1.385915, 4.515493, 5.969014
 126.000000, 5.116402, 1.224868, 4.410053, 5.682540
 128.333333, 5.561039, 1.088312, 4.374026, 5.509091
 122.000000, 4.071038, 0.915301, 5.051913, 6.038251
 120.666667, 4.538674, 0.936464, 4.770718, 5.781768
 121.666667, 4.660274, 1.161644, 4.912329, 6.123288
 117.333333, 3.409091, 0.937500, 5.036932, 6.048295
 124.666667, 4.620321, 1.032086, 4.756684, 5.836898
 126.666667, 4.310526, 0.913158, 4.673684, 5.631579
 131.333333, 3.675127, 0.835025, 4.423858, 5.345178
 124.000000, 3.569892, 0.900538, 4.741935, 5.690860
 135.333333, 4.876847, 0.953202, 4.492611, 5.507389
 129.666667, 3.879177, 0.933162, 4.236504, 5.223650
 117.000000, 3.316239, 1.028490, 4.612536, 5.689459
 132.666667, 4.150754, 0.952261, 4.422111, 5.419598
 132.000000, 4.141414, 0.813131, 4.378788, 5.242424
 131.000000, 4.162850, 0.910941, 4.631043, 5.590331
 137.666667, 5.123487, 1.038741, 4.259080, 5.380145
55
 0.250000, 3.000000, 0.000000, 3.000000, 3.000000
 94.333333, 4.717314, 1.431095, 5.233216, 6.734982
 118.000000, 4.084746, 1.022599, 4.384181, 5.466102
 134.666667, 5.195545, 1.099010, 4.178218, 5.324257
 126.000000, 5.132275, 1.164021, 4.764550, 6.010582
 123.666667, 4.393531, 1.000000, 4.714286, 5.760108
 125.666667, 4.952255, 1.053050, 4.535809, 5.636605
 125.000000, 4.397333, 1.026667, 4.789333, 5.861333
 120.000000, 4.422222, 1.077778, 4.888889, 6.016667
 124.333333, 4.565684, 1.040214, 4.865952, 5.965147
 125.000000, 4.146667, 0.928000, 4.642667, 5.650667
 132.333333, 3.690176, 1.027708, 4.496222, 5.581864
 123.333333, 3.651351, 0.870270, 4.543243, 5.475676
 121.666667, 3.002740, 0.726027, 4.736986, 5.550685
 134.000000, 4.305970, 0.912935, 4.151741, 5.151741
 121.666667, 4.227397, 1.005479, 4.712329, 5.791781
 131.000000, 4.351145, 0.839695, 4.470738, 5.374046
 141.000000, 4.553191, 0.843972, 4.170213, 5.059102
 125.333333, 4.311170, 1.010638, 4.686170, 5.742021
 122.000000, 4.095628, 0.833333, 4.579235, 5.486339
56
 0.250000, 2.000000, 0.000000, 1.000000, 1.000000
 104.666667, 4.904459, 1.280255, 4.869427, 6.312102
 114.000000, 4.286550, 1.108187, 4.482456, 5.716374
 122.000000, 4.650273, 1.139344, 4.505464, 5.699454
 119.000000, 5.708683, 1.081232, 4.577031, 5.778711
 126.333333, 4.889182, 0.978892, 4.791557, 5.815303
 126.666667, 5.068421, 1.155263, 4.413158, 5.631579
 118.333333, 3.695775, 1.084507, 5.115493, 6.273239
 119.000000, 3.593838, 1.145658, 4.770308, 5.966387
 130.333333, 5.478261, 1.000000, 4.854220, 5.902813
 130.000000, 4.343590, 1.033333, 4.343590, 5.420513
 136.666667, 3.812195, 0.914634, 4.373171, 5.346341
 122.333333, 3.811989, 0.910082, 4.702997, 5.670300
 122.333333, 3.250681, 0.801090, 4.722071, 5.585831
 136.333333, 5.066015, 0.814181, 4.224939, 5.088020
 127.666667, 4.349869, 1.005222, 4.412533, 5.462141
 118.666667, 3.609551, 0.859551, 4.882022, 5.853933
 120.000000, 3.355556, 0.800000, 4.522222, 5.405556
 123.666667, 3.811321, 0.857143, 4.983827, 5.897574
 131.666667, 3.906329, 0.891139, 4.356962, 5.311392
57
 0.250000, 2.000000, 0.000000, 2.000000, 3.000000
 111.333333, 6.377246, 1.658683, 4.643713, 6.350299
 118.666667, 5.028090, 1.404494, 4.587079, 6.042135
 114.333333, 4.000000, 0.988338, 4.676385, 5.714286
 123.333333, 4.859459, 1.078378, 4.575676, 5.735135
 110.666667, 5.373494, 0.759036, 5.000000, 5.882530
 126.000000, 4.838624, 0.960317, 4.624339, 5.645503
 128.666667, 4.813472, 1.225389, 4.787565, 6.059585
 128.666667, 4.575130, 1.186528, 4.668394, 5.911917
 113.333333, 4.897059, 1.076471, 5.002941, 6.152941
 125.000000, 4.586667, 1.045333, 4.725333, 5.858667
 124.333333, 3.353887, 0.734584, 4.694370, 5.501340
 127.666667, 3.509138, 0.877285, 4.467363, 5.394256
 129.666667, 3.871465, 0.994859, 4.593830, 5.634961
 136.333333, 4.897311, 0.924205, 4.085575, 5.053790
 130.666667, 5.155612, 1.181122, 4.492347, 5.716837
 114.000000, 2.529240, 0.994152, 4.818713, 5.926901
 140.666667, 4.554502, 0.888626, 4.177725, 5.139810
 119.000000, 3.731092, 0.817927, 4.904762, 5.817927
 117.333333, 4.312500, 0.860795, 4.875000, 5.869318
58
 0.250000, 1.000000, 0.000000, 2.000000, 2.000000
 112.666667, 4.603550, 1.118343, 4.884615, 6.056213
 118.333333, 4.861972, 1.016901, 4.428169, 5.492958
 124.000000, 4.034946, 1.067204, 4.137097, 5.250000
 115.666667, 4.342939, 0.884726, 4.962536, 5.925072
 117.000000, 3.598291, 0.911681, 4.977208, 6.005698
 124.000000, 4.518817, 0.913978, 4.669355, 5.629032
 124.333333, 5.343164, 1.058981, 4.892761, 6.002681
 127.666667, 4.519582, 1.156658, 4.759791, 5.966057
 116.333333, 4.478510, 1.148997, 5.094556, 6.338109
 122.666667, 4.423913, 1.043478, 4.619565, 5.763587
 125.000000, 2.842667, 0.792000, 4.629333, 5.488000
 120.333333, 3.637119, 0.775623, 4.487535, 5.332410
 125.333333, 4.000000, 0.928191, 4.864362, 5.864362
 136.333333, 5.014670, 1.012225, 4.161369, 5.220049
 126.666667, 4.578947, 0.957895, 4.476316, 5.481579
 123.666667, 3.458221, 0.983827, 4.673854, 5.706199
 134.666667, 4.777228, 0.888614, 4.410891, 5.353960
 126.666667, 3.160526, 0.942105, 4.594737, 5.589474
 134.333333, 4.258065, 1.002481, 4.270471, 5.322581
59
 0.250000, 1.000000, 0.000000, 1.000000, 1.000000
 121.666667, 6.068493, 1.498630, 4.380822, 5.997260
 129.333333, 6.399485, 1.327320, 4.309278, 5.737113
 115.333333, 4.765896, 1.115607, 4.575145, 5.774566
 127.000000, 6.270341, 1.091864, 4.585302, 5.769029
 118.333333, 4.400000, 0.966197, 5.053521, 6.112676
 126.000000, 5.187831, 0.955026, 4.502646, 5.521164
 122.000000, 5.109290, 1.076503, 4.885246, 6.043716
 115.666667, 4.190202, 1.034582, 5.054755, 6.138329
 127.000000, 5.136483, 0.892388, 4.577428, 5.517060
 125.000000, 3.981333, 0.864000, 4.376000, 5.290667
 144.000000, 4.722222, 0.937500, 4.173611, 5.155093
 125.666667, 3.514589, 0.835544, 4.419098, 5.323607
 127.666667, 4.548303, 0.869452, 4.621410, 5.540470
 134.333333, 4.774194, 0.880893, 4.158809, 5.101737
 122.000000, 3.557377, 1.215847, 4.683060, 5.980874
 133.000000, 5.230576, 0.869674, 4.323308, 5.275689
 128.000000, 3.919271, 0.708333, 4.419271, 5.187500
 117.666667, 3.858357, 0.909348, 4.926346, 5.926346
 132.000000, 5.704545, 0.775253, 4.315657, 5.141414
60
 0.250000, 8.000000, 0.000000, 7.000000, 8.000000
 105.333333, 5.490506, 1.243671, 4.939873, 6.370253
 117.666667, 4.410765, 1.152975, 4.492918, 5.696884
 125.000000, 5.304000, 1.096000, 4.317333, 5.466667
 126.333333, 5.905013, 1.105541, 4.451187, 5.604222
 124.000000, 4.752688, 1.134409, 4.779570, 5.981183
 119.333333, 5.790503, 1.276536, 4.592179, 5.955307
 122.000000, 4.614754, 1.043716, 4.961749, 6.057377
 131.000000, 4.501272, 1.165394, 4.442748, 5.656489
 126.333333, 4.994723, 1.105541, 4.781003, 5.934037
 127.666667, 4.885117, 1.101828, 4.334204, 5.530026
 130.000000, 4.194872, 0.730769, 4.630769, 5.438462
 126.666667, 3.686842, 0.873684, 4.744737, 5.663158
 134.333333, 4.625310, 1.027295, 4.464020, 5.535980
 146.000000, 4.981735, 0.940639, 3.993151, 4.977169
 124.000000, 4.556452, 0.932796, 4.736559, 5.720430
 116.666667, 3.325714, 0.817143, 4.974286, 5.865714
 129.000000, 3.082687, 0.937984, 4.465116, 5.470284
 131.000000, 4.615776, 0.862595, 4.707379, 5.615776
 132.000000, 3.838384, 0.916667, 4.361111, 5.328283
61
 0.250000, 9.000000, 0.000000, 7.000000, 8.000000
 117.000000, 6.062678, 1.333333, 4.484330, 5.894587
 125.000000, 5.186667, 1.064000, 4.365333, 5.493333
 121.333333, 5.244505, 1.046703, 4.576923, 5.678571
 124.000000, 5.169355, 1.051075, 4.615591, 5.717742
 128.333333, 4.854545, 0.966234, 4.722078, 5.737662
 126.666667, 4.536842, 1.097368, 4.397368, 5.552632
 119.000000, 4.109244, 0.918768, 4.781513, 5.767507
 121.666667, 4.336986, 0.934247, 4.980822, 5.980822
 120.333333, 3.667590, 0.972299, 4.728532, 5.764543
 123.333333, 3.675676, 0.818919, 4.640541, 5.516216
 128.666667, 3.740933, 0.992228, 4.624352, 5.665803
 126.000000, 4.489418, 0.917989, 4.492063, 5.476190
 125.666667, 4.116711, 0.970822, 4.798408, 5.816976
 130.333333, 4.703325, 1.005115, 4.189258, 5.245524
 124.666667, 4.569519, 0.796791, 4.580214, 5.427807
 126.333333, 3.672823, 0.839050, 4.485488, 5.387863
 130.000000, 3.594872, 0.889744, 4.410256, 5.366667
 128.333333, 4.358442, 1.103896, 4.706494, 5.875325
 137.000000, 4.927007, 0.956204, 4.182482, 5.182482
62
 0.250000, 1.000000, 0.000000, 2.000000, 2.000000
 113.000000, 4.421829, 1.265487, 4.651917, 6.020649
 121.666667, 5.865753, 1.076712, 4.402740, 5.528767
 130.000000, 4.694872, 1.061538, 4.228205, 5.335897
 122.333333, 4.920981, 1.010899, 4.591281, 5.653951
 117.000000, 3.982906, 0.928775, 5.091168, 6.068376
 121.333333, 6.140110, 1.115385, 4.491758, 5.670330
 110.000000, 4.439394, 0.972727, 5.375758, 6.448485
 126.666667, 4.686842, 1.028947, 4.715789, 5.789474
 118.333333, 3.633803, 0.850704, 5.014085, 5.966197
 129.666667, 3.856041, 0.933162, 4.269923, 5.264781
 126.000000, 3.375661, 0.883598, 4.547619, 5.500000
 131.000000, 4.488550, 0.966921, 4.651399, 5.664122
 132.000000, 4.325758, 0.808081, 4.446970, 5.310606
 128.666667, 3.875648, 0.831606, 4.150259, 5.031088
 128.000000, 5.000000, 0.971354, 4.510417, 5.528646
 126.333333, 3.638522, 1.000000, 4.562005, 5.625330
 132.666667, 3.718593, 0.899497, 4.273869, 5.241206
 121.000000, 4.768595, 0.958678, 4.688705, 5.719008
 122.666667, 3.451087, 0.847826, 4.692935, 5.608696
63
 0.250000, 1.000000, 0.000000, 1.000000, 1.000000
 107.666667, 5.839009, 1.216718, 4.712074, 6.015480
 114.333333, 4.463557, 1.282799, 4.650146, 5.976676
 129.000000, 5.961240, 1.170543, 4.364341, 5.586563
 118.666667, 4.421348, 0.941011, 4.735955, 5.797753
 121.000000, 4.650138, 0.752066, 4.749311, 5.553719
 124.666667, 5.366310, 1.085561, 4.516043, 5.657754
 127.000000, 5.519685, 1.186352, 4.711286, 5.968504
 121.666667, 3.873973, 0.835616, 4.854795, 5.761644
 123.333333, 5.472973, 1.186486, 4.751351, 6.008108
 110.666667, 3.587349, 0.813253, 5.156627, 6.042169
 131.333333, 4.022843, 0.951777, 4.497462, 5.502538
 123.666667, 3.997305, 0.778976, 4.652291, 5.501348
 131.000000, 4.496183, 0.936387, 4.636132, 5.620865
 135.666667, 4.914005, 0.837838, 4.110565, 5.009828
 116.333333, 3.787966, 0.859599, 4.687679, 5.607450
 133.000000, 3.694236, 0.862155, 4.483709, 5.403509
 126.000000, 3.267196, 0.793651, 4.399471, 5.243386
 120.333333, 3.434903, 0.847645, 4.745152, 5.689751
 130.333333, 5.028133, 1.017903, 4.345269, 5.424552
Histogram
0 0 0 0 0 0 0 0 0 0 15 0 0 0 0 0 0 0 0 0 3 0 0 0 0 0 0 0 0 0 3 0 0 0 0 0 0 0 0 0 1 0 0 0 0 0 0 0 3 8 21 38 58 100 136 160 165 143 122 102 71 38 25 15 7 3 1 2 0 0 0 0 0 0 0 0 0 0 0 0 2 0 0 0 0 0 0 0 0 0 3 0 0 0 0 0 0 0 0 0 3 0 0 0 0 0 0 0 0 0 1 0 0 0 0 0 0 0 0 32 
Cache Miss Ratio
NaN
numOfSets
478801
numOfGets
0
numOfMultiGets
0
