21
0
 0.200000, 1.000000, 0.000000, 5.000000, 9.000000
 625.000000, 70.265067, 13.784000, 1.509333, 15.371733
 634.666667, 70.639181, 14.522059, 1.507878, 16.088235
 623.333333, 70.380214, 14.134759, 1.532620, 15.737433
 623.666667, 71.574025, 14.578300, 1.541422, 16.172635
 654.333333, 72.159450, 14.504330, 1.470199, 16.030565
 628.333333, 71.263660, 14.743236, 1.517241, 16.326260
 625.666667, 72.159297, 15.151305, 1.535429, 16.746937
 656.666667, 70.955330, 14.180711, 1.457360, 15.697970
 627.333333, 71.633369, 14.580234, 1.524973, 16.168969
 679.000000, 71.629848, 13.811978, 1.416298, 15.288169
 687.333333, 71.408826, 13.656159, 1.396217, 15.108632
 713.333333, 71.004206, 12.748131, 1.344393, 14.144393
 702.000000, 70.325736, 12.990503, 1.377018, 14.413105
 687.000000, 71.833576, 13.389617, 1.398836, 14.843280
 693.666667, 72.102835, 13.311389, 1.389716, 14.751081
 647.333333, 71.549434, 14.184346, 1.489701, 15.726571
 696.333333, 71.528483, 13.159885, 1.392532, 14.594064
 696.666667, 71.012440, 13.025359, 1.383732, 14.455502
 682.000000, 72.135386, 13.877322, 1.413490, 15.343597
 687.666667, 70.624333, 13.279205, 1.396510, 14.728066
1
 0.200000, 2.000000, 1.000000, 2.000000, 7.000000
 629.666667, 69.878242, 13.784542, 1.466384, 15.353097
 605.000000, 70.174105, 14.446832, 1.553719, 16.092011
 637.000000, 70.673469, 14.220827, 1.495552, 15.784406
 633.333333, 71.924211, 14.670000, 1.502105, 16.248421
 641.666667, 71.858182, 14.464935, 1.491948, 16.022857
 625.000000, 71.395733, 14.764267, 1.529067, 16.361600
 600.000000, 71.972222, 15.130000, 1.596111, 16.788333
 668.000000, 71.190619, 14.176647, 1.433633, 15.668164
 640.333333, 71.969807, 14.511713, 1.492972, 16.070796
 698.333333, 71.974224, 13.925537, 1.383294, 15.357995
 667.666667, 71.052921, 13.578632, 1.440839, 15.073889
 720.666667, 71.120259, 12.812211, 1.329325, 14.197965
 706.333333, 70.698443, 13.038226, 1.358188, 14.449269
 684.333333, 71.793473, 13.375061, 1.391135, 14.834876
 710.666667, 72.416979, 13.337242, 1.354128, 14.742026
 663.000000, 71.940171, 14.245349, 1.458522, 15.754148
 694.666667, 71.531190, 13.098369, 1.383877, 14.538868
 725.333333, 71.404412, 13.173254, 1.333180, 14.549173
 670.333333, 72.012432, 13.857782, 1.429140, 15.350572
 684.666667, 70.400195, 13.286758, 1.396787, 14.741967
2
 0.200000, 2.000000, 1.000000, 4.000000, 8.000000
 624.666667, 70.586446, 14.028815, 1.507471, 15.614728
 625.333333, 70.601812, 14.550107, 1.530384, 16.146055
 628.333333, 70.635544, 14.162865, 1.521485, 15.755968
 627.333333, 71.577046, 14.595112, 1.518066, 16.183847
 644.666667, 71.991210, 14.531541, 1.481903, 16.079111
 637.333333, 71.627092, 14.811715, 1.516736, 16.378661
 626.000000, 72.343983, 15.262513, 1.536741, 16.857295
 655.333333, 70.872838, 14.054425, 1.461343, 15.578332
 632.333333, 71.674750, 14.537164, 1.497101, 16.116500
 684.000000, 71.841618, 13.910331, 1.410819, 15.368421
 665.333333, 71.122244, 13.616733, 1.446894, 15.120240
 735.000000, 71.239456, 12.803175, 1.312925, 14.161451
 704.666667, 70.384579, 13.034532, 1.369915, 14.453169
 683.666667, 71.964895, 13.404193, 1.404193, 14.862506
 702.333333, 72.151875, 13.343617, 1.368771, 14.766967
 649.000000, 71.583462, 14.251669, 1.480226, 15.790960
 717.666667, 71.758012, 13.209940, 1.342778, 14.604738
 700.666667, 71.145576, 13.117031, 1.378687, 14.544719
 676.666667, 72.214778, 13.916256, 1.429064, 15.389655
 688.666667, 70.386254, 13.249758, 1.386254, 14.695547
3
 0.200000, 0.000000, 1.000000, 2.000000, 6.000000
 667.666667, 70.490764, 13.938093, 1.430354, 15.421867
 630.333333, 71.062401, 14.579588, 1.532522, 16.160233
 641.666667, 70.703896, 14.218182, 1.500260, 15.779221
 626.000000, 71.348775, 14.657614, 1.518637, 16.247071
 615.333333, 71.450163, 14.383532, 1.535753, 16.002167
 619.333333, 71.403122, 14.696448, 1.535522, 16.308934
 628.666667, 72.555143, 15.163839, 1.517497, 16.739130
 639.666667, 70.723814, 14.048984, 1.488275, 15.607608
 625.666667, 71.448055, 14.437400, 1.519446, 16.032499
 662.666667, 71.283702, 13.764085, 1.425553, 15.270121
 659.000000, 71.061710, 13.626201, 1.452200, 15.141123
 720.666667, 71.009251, 12.831175, 1.340888, 14.219704
 708.333333, 70.870588, 13.073412, 1.349647, 14.485176
 692.666667, 72.442252, 13.425409, 1.398460, 14.870067
 704.333333, 72.287269, 13.378609, 1.353053, 14.796971
 655.000000, 71.887532, 14.304835, 1.474809, 15.829008
 707.000000, 71.921735, 13.203206, 1.365865, 14.615276
 701.333333, 70.884506, 12.988593, 1.383080, 14.417300
 672.666667, 71.978196, 13.890981, 1.428147, 15.375619
 688.333333, 70.427119, 13.243099, 1.391283, 14.688620
4
 0.200000, 2.000000, 0.000000, 2.000000, 3.000000
 647.000000, 70.447192, 13.909325, 1.466770, 15.439464
 623.000000, 70.677903, 14.519529, 1.535045, 16.124131
 648.000000, 71.223765, 14.310185, 1.475823, 15.850823
 649.000000, 71.986133, 14.730868, 1.472522, 16.268105
 652.333333, 71.819111, 14.421053, 1.484415, 15.954011
 652.333333, 72.077670, 14.805314, 1.481860, 16.333163
 590.333333, 71.613778, 15.002259, 1.560700, 16.680407
 651.333333, 70.907881, 14.089048, 1.456499, 15.626407
 653.666667, 71.855686, 14.580316, 1.473738, 16.110658
 664.000000, 71.332329, 13.763052, 1.446787, 15.266566
 688.000000, 71.355136, 13.690891, 1.407946, 15.144864
 714.666667, 71.080224, 12.819030, 1.341884, 14.218750
 720.333333, 71.230449, 13.046738, 1.346136, 14.438223
 703.333333, 71.997630, 13.361137, 1.377725, 14.782938
 686.333333, 72.069451, 13.291889, 1.398252, 14.745508
 665.666667, 71.915874, 14.330996, 1.454181, 15.834251
 704.333333, 71.651680, 13.168481, 1.370090, 14.588736
 712.000000, 70.948970, 13.078184, 1.366105, 14.483146
 663.666667, 71.964842, 13.828227, 1.452034, 15.332998
 680.666667, 69.999021, 13.217924, 1.393732, 14.676787
5
 0.200000, 0.000000, 0.000000, 2.000000, 3.000000
 674.333333, 70.791399, 13.990114, 1.428077, 15.471577
 640.333333, 70.745445, 14.634045, 1.489849, 16.188444
 663.000000, 71.284062, 14.349422, 1.449472, 15.855204
 635.666667, 71.743052, 14.647090, 1.503933, 16.214473
 630.333333, 71.878371, 14.500793, 1.511370, 16.083025
 618.000000, 71.231931, 14.718447, 1.537756, 16.331176
 597.000000, 71.939698, 14.926298, 1.580123, 16.598548
 667.333333, 71.386114, 14.128372, 1.438561, 15.624875
 652.333333, 71.986714, 14.524783, 1.478283, 16.055697
 660.000000, 71.378283, 13.743939, 1.442929, 15.253535
 683.666667, 71.496831, 13.682594, 1.411507, 15.142370
 718.000000, 70.987465, 12.847725, 1.344940, 14.238162
 709.333333, 70.773966, 12.990132, 1.367481, 14.400376
 713.333333, 72.205140, 13.429907, 1.351869, 14.831308
 696.666667, 72.320574, 13.375598, 1.378469, 14.810526
 649.000000, 71.403184, 14.211094, 1.487930, 15.753467
 695.000000, 71.587050, 13.164508, 1.394724, 14.601918
 699.000000, 70.738197, 13.003815, 1.373391, 14.434430
 660.666667, 71.915742, 13.796165, 1.461655, 15.313320
 676.666667, 69.573399, 13.104433, 1.401970, 14.566995
6
 0.200000, 0.000000, 0.000000, 1.000000, 3.000000
 653.333333, 70.260714, 13.868367, 1.440306, 15.390306
 628.666667, 70.937964, 14.544539, 1.508484, 16.126723
 616.666667, 70.105946, 14.137838, 1.517297, 15.756216
 624.333333, 71.722371, 14.724506, 1.532835, 16.332088
 632.666667, 71.648577, 14.446786, 1.504215, 16.023709
 609.000000, 71.153804, 14.672687, 1.570881, 16.314724
 612.000000, 72.193355, 15.247821, 1.575163, 16.879085
 659.000000, 71.258472, 14.138088, 1.453212, 15.657056
 623.666667, 71.670230, 14.450027, 1.509888, 16.047568
 675.000000, 71.739753, 13.757531, 1.419259, 15.234074
 674.000000, 71.266568, 13.654303, 1.428289, 15.133037
 712.666667, 70.921422, 12.796539, 1.359682, 14.197848
 711.000000, 70.955462, 13.061885, 1.355368, 14.462729
 690.000000, 71.609179, 13.338647, 1.396135, 14.787923
 691.666667, 72.137831, 13.261687, 1.393253, 14.706506
 647.333333, 71.938208, 14.203913, 1.494851, 15.745623
 705.000000, 71.818440, 13.245390, 1.358865, 14.661939
 696.666667, 70.886124, 12.978947, 1.383732, 14.415311
 676.666667, 72.165025, 13.929064, 1.425123, 15.405911
 689.333333, 70.313346, 13.262573, 1.390232, 14.709381
7
 0.200000, 17.000000, 13.000000, 1.000000, 16.000000
 635.666667, 69.878343, 13.676455, 1.475092, 15.235973
 631.000000, 70.816693, 14.638141, 1.524036, 16.217116
 662.000000, 71.252769, 14.375126, 1.455186, 15.883686
 646.333333, 71.929861, 14.640021, 1.465188, 16.178442
 635.000000, 71.599475, 14.414173, 1.507612, 15.984252
 626.333333, 71.193720, 14.656732, 1.540181, 16.253858
 607.666667, 72.144816, 15.260560, 1.572682, 16.906199
 619.666667, 70.276493, 13.917698, 1.515331, 15.523938
 629.000000, 71.617912, 14.560148, 1.507154, 16.144144
 671.666667, 71.771712, 13.866501, 1.420347, 15.354839
 668.666667, 71.071785, 13.583250, 1.434197, 15.077268
 726.000000, 71.278696, 12.837925, 1.321396, 14.213499
 683.333333, 70.188780, 13.038049, 1.391220, 14.499512
 702.000000, 71.847578, 13.386515, 1.374169, 14.812915
 707.000000, 72.328147, 13.343234, 1.362565, 14.755776
 653.333333, 71.866327, 14.236224, 1.468878, 15.765816
 713.666667, 71.827184, 13.190098, 1.355908, 14.589911
 702.333333, 71.143806, 13.080683, 1.378263, 14.502610
 663.000000, 71.544997, 13.797386, 1.452489, 15.302665
Histogram
0 0 0 0 0 0 0 0 0 0 0 0 0 0 0 0 0 0 0 0 0 0 0 0 0 0 0 0 0 0 3 0 0 0 0 0 0 0 0 0 0 0 0 0 0 0 0 0 0 0 0 0 0 0 0 0 0 0 0 0 1 0 0 0 0 0 0 0 0 0 1 0 0 0 0 0 0 0 0 0 1 0 0 0 0 0 0 0 0 0 1 0 0 0 0 0 0 0 0 0 0 0 0 0 0 0 0 0 0 0 0 0 0 0 0 0 0 0 0 160 
Cache Miss Ratio
NaN
numOfSets
319108
numOfGets
0
numOfMultiGets
0
