21
0
 0.250000, 5.000000, 0.000000, 10.000000, 13.000000
 510.666667, 36.033943, 8.961488, 1.819843, 10.896214
 647.000000, 35.535806, 7.114374, 1.450283, 8.622875
 632.333333, 36.920401, 7.721666, 1.491302, 9.273590
 635.333333, 37.165792, 7.863589, 1.503148, 9.419203
 623.000000, 36.715356, 7.797218, 1.525950, 9.384698
 623.666667, 36.241048, 7.618920, 1.529129, 9.206307
 628.000000, 35.585987, 7.286624, 1.492569, 8.843949
 609.666667, 36.673592, 7.679060, 1.521597, 9.277201
 652.333333, 36.758815, 7.507409, 1.454778, 9.019928
 615.333333, 36.708017, 7.759480, 1.539545, 9.377573
 613.666667, 36.667029, 8.117871, 1.549158, 9.715915
 598.666667, 37.665924, 8.398664, 1.571826, 10.035635
 628.000000, 36.281316, 7.929406, 1.525478, 9.504777
 596.333333, 36.779206, 7.974287, 1.584684, 9.625489
 598.333333, 36.689694, 7.855710, 1.577159, 9.501950
 620.000000, 35.491398, 7.420968, 1.518280, 8.995699
 624.000000, 36.981303, 7.911859, 1.508013, 9.483974
 593.000000, 36.317032, 8.111861, 1.591906, 9.770096
 609.000000, 35.872469, 7.484401, 1.511221, 9.087575
 627.666667, 35.260223, 7.292618, 1.479023, 8.842804
1
 0.250000, 5.000000, 1.000000, 9.000000, 12.000000
 526.333333, 36.011400, 9.189994, 1.797340, 11.063965
 640.666667, 35.337669, 6.970864, 1.445890, 8.482830
 619.666667, 36.322754, 7.623991, 1.528241, 9.199032
 611.666667, 36.868120, 7.898093, 1.536240, 9.512807
 625.666667, 37.198189, 7.891316, 1.517848, 9.468300
 619.333333, 36.404736, 7.648009, 1.540904, 9.241119
 635.333333, 36.445960, 7.440189, 1.484785, 8.987408
 626.000000, 36.816826, 7.732694, 1.517572, 9.302982
 639.333333, 36.550574, 7.463504, 1.474453, 8.996872
 600.333333, 36.309828, 7.724042, 1.551360, 9.343698
 584.666667, 36.354618, 8.023375, 1.581528, 9.700684
 575.333333, 37.036501, 8.289108, 1.622248, 9.988413
 592.333333, 36.106359, 7.864941, 1.590321, 9.530107
 598.333333, 36.342061, 7.898050, 1.593872, 9.559331
 598.333333, 36.738719, 7.899721, 1.561560, 9.541504
 645.666667, 36.080021, 7.473412, 1.468766, 8.994321
 609.666667, 36.810279, 7.865500, 1.539092, 9.471296
 582.000000, 36.056128, 7.964490, 1.587629, 9.638603
 622.666667, 36.085118, 7.546574, 1.502141, 9.127409
 631.666667, 35.999472, 7.427441, 1.483905, 8.969393
2
 0.250000, 5.000000, 1.000000, 1.000000, 10.000000
 541.666667, 36.778462, 9.033846, 1.762462, 10.867077
 666.333333, 36.034017, 7.068034, 1.430715, 8.539770
 627.000000, 36.248272, 7.596491, 1.503456, 9.161085
 592.666667, 36.245219, 7.732283, 1.582115, 9.390889
 625.666667, 37.077251, 7.865210, 1.527970, 9.456047
 628.000000, 36.343949, 7.563163, 1.501062, 9.132166
 640.333333, 36.429464, 7.420614, 1.480999, 8.960437
 635.333333, 36.991081, 7.847324, 1.506296, 9.397167
 640.000000, 36.583333, 7.425000, 1.478125, 8.961458
 633.333333, 37.060000, 7.838947, 1.478421, 9.391579
 608.666667, 36.711391, 8.075027, 1.541073, 9.682366
 588.000000, 37.771542, 8.420635, 1.606009, 10.089569
 607.333333, 36.103183, 7.861142, 1.571899, 9.487377
 610.000000, 36.817486, 7.917486, 1.559016, 9.540437
 628.666667, 37.645811, 8.043478, 1.517497, 9.615589
 644.000000, 36.123188, 7.498965, 1.459110, 9.016046
 599.666667, 36.629794, 7.909950, 1.556976, 9.546415
 596.666667, 36.422905, 8.151955, 1.581006, 9.798324
 606.666667, 36.040659, 7.537363, 1.541209, 9.150549
 619.666667, 35.034965, 7.229155, 1.506724, 8.792899
3
 0.250000, 6.000000, 1.000000, 8.000000, 12.000000
 505.000000, 36.213201, 9.216502, 1.901650, 11.179538
 658.000000, 36.016211, 7.181864, 1.431611, 8.670213
 632.333333, 36.722720, 7.657881, 1.494992, 9.210859
 615.000000, 36.901355, 7.913279, 1.523035, 9.519241
 627.666667, 37.031864, 7.941583, 1.505576, 9.510356
 632.333333, 36.355825, 7.596732, 1.502372, 9.154982
 621.333333, 35.507511, 7.313841, 1.489807, 8.879828
 606.000000, 36.100110, 7.671067, 1.541804, 9.282178
 642.000000, 36.389927, 7.407061, 1.479751, 8.942887
 630.333333, 36.815442, 7.786356, 1.502909, 9.347435
 579.333333, 35.578826, 7.909091, 1.603567, 9.588032
 598.666667, 37.566258, 8.335746, 1.573497, 9.968263
 596.333333, 35.900503, 7.796534, 1.576300, 9.447177
 627.333333, 37.086610, 8.042508, 1.523379, 9.620616
 615.333333, 37.800650, 8.061213, 1.536295, 9.660888
 637.666667, 36.152640, 7.494511, 1.466283, 9.020910
 616.666667, 37.089730, 7.895676, 1.520541, 9.480541
 609.333333, 37.062363, 8.193107, 1.555799, 9.798140
 619.000000, 36.269251, 7.589661, 1.495961, 9.159397
 631.000000, 35.668780, 7.353407, 1.489699, 8.893291
4
 0.250000, 5.000000, 1.000000, 7.000000, 11.000000
 533.000000, 36.677924, 9.300188, 1.776110, 11.156973
 678.666667, 36.377210, 7.180255, 1.398821, 8.628684
 618.666667, 36.575431, 7.629849, 1.527478, 9.211207
 620.333333, 36.552391, 7.814078, 1.540032, 9.409457
 612.333333, 36.690800, 7.924333, 1.544366, 9.531301
 617.000000, 35.896813, 7.575365, 1.533766, 9.170719
 634.333333, 36.114556, 7.311088, 1.477141, 8.857593
 622.666667, 36.715739, 7.785332, 1.518201, 9.367238
 627.000000, 36.298777, 7.369484, 1.499203, 8.931951
 618.000000, 36.853830, 7.763754, 1.500000, 9.339806
 570.666667, 35.792640, 7.883178, 1.619159, 9.589369
 556.333333, 36.455362, 8.147394, 1.657879, 9.896345
 597.666667, 36.074177, 7.856665, 1.590630, 9.505298
 618.333333, 36.989757, 8.043666, 1.526685, 9.635580
 612.000000, 37.505447, 7.984749, 1.551743, 9.593682
 629.000000, 35.605193, 7.369899, 1.476948, 8.914149
 617.666667, 36.856449, 7.863465, 1.522396, 9.450621
 599.666667, 36.541968, 8.158421, 1.575320, 9.787104
 626.666667, 36.170213, 7.595745, 1.485106, 9.165957
 627.333333, 35.387885, 7.260361, 1.479277, 8.804463
5
 0.250000, 5.000000, 1.000000, 0.000000, 12.000000
 516.000000, 36.423773, 9.248062, 1.848191, 11.156977
 665.333333, 36.355210, 7.268537, 1.420842, 8.743988
 616.333333, 35.982153, 7.597620, 1.512169, 9.170362
 617.000000, 36.773096, 7.841707, 1.537007, 9.433820
 622.333333, 36.785753, 7.830209, 1.540975, 9.420461
 603.000000, 35.841902, 7.538972, 1.557214, 9.171365
 631.333333, 36.286167, 7.379092, 1.489968, 8.934530
 597.666667, 35.865588, 7.627998, 1.564417, 9.262131
 612.333333, 35.443114, 7.334785, 1.524769, 8.927599
 599.333333, 36.351502, 7.728031, 1.531146, 9.343159
 591.000000, 36.159616, 7.951495, 1.586576, 9.622673
 600.666667, 37.800222, 8.375139, 1.569922, 10.018868
 611.333333, 36.167939, 7.853871, 1.564340, 9.468920
 582.666667, 36.178490, 7.881007, 1.609268, 9.573799
 601.000000, 36.846367, 7.867998, 1.556850, 9.491403
 653.666667, 36.434982, 7.547170, 1.436512, 9.041815
 613.333333, 36.938043, 7.945652, 1.542391, 9.548370
 606.666667, 36.901648, 8.289011, 1.559890, 9.906593
 612.333333, 35.934132, 7.624388, 1.516603, 9.212303
 631.000000, 35.527205, 7.319599, 1.469625, 8.867934
6
 0.250000, 4.000000, 9.000000, 1.000000, 13.000000
 535.333333, 36.556040, 9.269614, 1.785803, 11.125156
 674.000000, 36.400593, 7.227498, 1.416914, 8.684965
 614.333333, 36.253391, 7.553988, 1.508410, 9.142160
 620.333333, 36.794197, 7.674369, 1.506179, 9.264911
 619.333333, 36.938105, 7.892357, 1.532831, 9.489774
 619.333333, 36.304629, 7.652314, 1.528525, 9.237352
 648.666667, 36.410072, 7.489209, 1.460432, 9.003597
 625.666667, 36.491209, 7.737347, 1.511987, 9.306873
 654.333333, 36.622517, 7.524707, 1.447275, 9.025981
 631.666667, 37.077573, 7.784697, 1.485488, 9.334037
 628.333333, 36.610610, 8.127321, 1.528912, 9.709814
 595.000000, 37.504762, 8.410644, 1.585434, 10.052101
 597.333333, 35.835938, 7.826451, 1.595424, 9.481585
 594.000000, 36.157688, 7.874860, 1.586981, 9.533670
 601.000000, 36.934554, 7.838048, 1.559068, 9.478647
 629.000000, 35.857446, 7.465819, 1.478537, 9.016958
 608.000000, 36.766996, 7.850877, 1.550987, 9.472588
 591.666667, 36.361127, 8.090704, 1.579718, 9.739718
 629.666667, 36.084701, 7.587083, 1.488089, 9.140286
 625.333333, 35.666844, 7.340618, 1.504264, 8.900853
7
 0.250000, 4.000000, 10.000000, 1.000000, 12.000000
 524.333333, 36.668150, 9.139860, 1.814367, 11.032422
 674.333333, 36.468611, 7.221948, 1.417202, 8.682650
 621.333333, 36.347639, 7.634120, 1.482833, 9.208155
 634.000000, 37.398002, 8.019453, 1.508412, 9.580442
 613.666667, 36.417165, 7.769147, 1.557849, 9.379685
 619.000000, 36.137318, 7.572429, 1.503500, 9.150781
 658.666667, 37.071356, 7.553138, 1.446356, 9.051113
 603.666667, 36.157372, 7.680839, 1.551077, 9.295417
 634.000000, 36.259201, 7.450578, 1.473712, 8.986856
 619.666667, 36.736417, 7.703066, 1.511565, 9.288865
 603.333333, 36.154144, 8.068508, 1.546961, 9.696685
 584.666667, 37.373432, 8.324401, 1.601482, 9.994869
 612.333333, 36.265106, 7.924878, 1.544366, 9.537833
 604.000000, 36.630795, 7.995033, 1.555740, 9.627483
 619.333333, 37.618407, 8.034446, 1.532831, 9.624865
 629.000000, 35.860095, 7.430843, 1.473238, 8.977742
 605.666667, 36.477160, 7.852504, 1.549807, 9.487617
 579.333333, 36.291139, 8.112773, 1.597814, 9.797468
 618.666667, 36.109914, 7.562500, 1.510237, 9.135776
 636.000000, 35.662998, 7.378407, 1.471174, 8.911950
Histogram
0 0 0 0 0 0 0 0 0 0 0 0 0 0 0 0 0 0 0 0 0 0 0 0 0 0 0 0 0 0 0 0 0 0 0 0 0 0 0 0 0 0 0 0 0 0 0 0 0 0 0 0 0 0 0 0 0 0 0 0 0 0 0 0 0 0 0 0 0 0 0 0 0 0 0 0 0 0 0 0 0 0 0 0 1 1 5 2 7 16 9 15 14 14 19 20 11 9 1 4 5 0 0 0 0 0 0 0 2 0 3 4 0 0 0 0 0 0 0 6 
Cache Miss Ratio
NaN
numOfSets
294580
numOfGets
0
numOfMultiGets
0
