21
0
 0.250000, 0.000000, 0.000000, 3.000000, 22.000000
 231.333333, 16.707493, 2.622478, 3.383285, 6.079251
 261.666667, 18.059873, 2.712102, 3.250955, 6.014013
 252.666667, 17.373351, 2.718997, 3.390501, 6.151715
 242.000000, 16.801653, 2.404959, 3.493113, 5.965565
 227.000000, 17.083700, 2.743025, 3.765051, 6.588840
 239.000000, 17.174338, 3.068340, 3.550907, 6.663877
 238.000000, 17.085434, 2.753501, 3.518207, 6.366947
 211.333333, 18.651420, 3.736593, 3.774448, 7.575710
 199.333333, 17.794314, 3.065217, 4.165552, 7.359532
 212.333333, 16.127159, 2.660911, 3.901099, 6.675039
 223.333333, 18.007463, 3.158209, 3.935821, 7.153731
 217.666667, 17.238897, 3.094946, 3.826953, 7.019908
 208.333333, 16.544000, 2.593600, 4.009600, 6.654400
 222.000000, 17.241742, 2.764264, 3.885886, 6.708709
 204.333333, 16.311582, 2.711256, 4.084829, 6.885808
 220.333333, 16.972769, 2.918306, 3.768533, 6.803328
 233.333333, 17.504286, 3.340000, 3.514286, 6.917143
 234.333333, 17.603129, 2.836415, 3.571835, 6.473684
 206.000000, 16.360841, 2.846278, 3.985437, 6.922330
 224.000000, 15.834821, 2.672619, 3.720238, 6.458333
1
 0.250000, 0.000000, 0.000000, 1.000000, 13.000000
 221.333333, 15.817771, 2.698795, 3.519578, 6.292169
 242.000000, 16.590909, 2.523416, 3.438017, 6.045455
 249.666667, 17.217623, 2.642190, 3.424566, 6.138852
 247.333333, 16.847709, 2.448787, 3.429919, 5.947439
 236.333333, 17.083216, 2.853315, 3.657264, 6.574048
 238.666667, 17.393855, 2.938547, 3.554469, 6.539106
 239.000000, 17.262204, 2.859135, 3.610879, 6.516039
 211.000000, 18.181675, 3.609795, 3.698262, 7.366509
 205.333333, 18.266234, 3.163961, 4.113636, 7.342532
 239.000000, 17.110181, 2.817294, 3.513250, 6.417015
 202.333333, 16.515651, 3.085667, 4.233937, 7.415157
 237.000000, 18.488045, 2.883263, 3.528833, 6.517581
 229.666667, 16.734398, 2.827286, 3.629898, 6.522496
 226.666667, 16.958824, 2.792647, 3.757353, 6.622059
 223.000000, 17.327354, 2.925262, 3.783259, 6.777280
 213.333333, 16.200000, 2.885938, 3.831250, 6.829688
 227.000000, 16.804699, 3.221733, 3.600587, 6.876652
 215.333333, 16.738390, 2.930341, 3.860681, 6.882353
 231.333333, 17.734870, 2.939481, 3.586455, 6.572046
 215.333333, 15.260062, 2.667183, 3.834365, 6.563467
2
 0.250000, 0.000000, 2.000000, 0.000000, 12.000000
 231.666667, 16.769784, 2.854676, 3.417266, 6.329496
 241.666667, 17.224828, 2.492414, 3.514483, 6.086897
 220.000000, 15.274242, 2.531818, 3.775758, 6.365152
 264.666667, 17.551637, 2.569270, 3.212846, 5.831234
 225.000000, 16.037037, 2.654815, 3.757037, 6.471111
 226.666667, 16.333824, 2.919118, 3.625000, 6.604412
 235.333333, 17.584986, 2.922096, 3.628895, 6.657224
 212.000000, 17.773585, 3.759434, 3.699686, 7.503145
 206.333333, 17.906300, 3.261712, 3.967690, 7.360258
 229.000000, 16.404658, 2.755459, 3.679767, 6.502183
 212.666667, 17.749216, 3.010972, 3.987461, 7.079937
 230.000000, 17.307246, 2.984058, 3.630435, 6.685507
 226.333333, 17.013255, 2.553756, 3.686303, 6.296024
 230.333333, 17.285094, 2.801737, 3.629522, 6.520984
 225.333333, 17.278107, 2.961538, 3.721893, 6.754438
 208.000000, 16.879808, 2.931090, 4.100962, 7.126603
 224.333333, 17.056464, 3.060921, 3.658247, 6.769688
 228.666667, 17.715743, 2.785714, 3.709913, 6.553936
 226.000000, 17.076696, 2.809735, 3.727139, 6.592920
 209.000000, 15.510367, 2.585327, 3.909091, 6.639553
3
 0.250000, 0.000000, 0.000000, 1.000000, 10.000000
 219.333333, 16.569909, 2.743161, 3.580547, 6.373860
 251.000000, 17.285525, 2.722444, 3.374502, 6.142098
 240.000000, 16.200000, 2.650000, 3.509722, 6.209722
 248.333333, 16.638926, 2.491275, 3.438926, 5.975839
 248.000000, 18.189516, 2.958333, 3.534946, 6.537634
 237.666667, 17.141655, 3.033661, 3.601683, 6.680224
 216.666667, 16.641538, 2.664615, 3.824615, 6.589231
 188.333333, 16.601770, 3.516814, 4.092035, 7.734513
 217.000000, 18.892473, 3.244240, 3.772657, 7.182796
 228.666667, 16.861516, 2.807580, 3.679300, 6.574344
 208.000000, 17.487179, 3.076923, 4.048077, 7.237179
 215.666667, 17.072643, 2.990726, 3.840804, 6.916538
 237.666667, 17.357644, 2.806452, 3.566620, 6.427770
 222.333333, 16.410795, 2.713643, 3.718141, 6.506747
 229.000000, 18.184862, 2.981077, 3.724891, 6.756914
 194.000000, 16.097938, 2.690722, 4.237113, 7.101375
 230.333333, 18.130246, 3.195369, 3.596237, 6.869754
 229.333333, 17.651163, 2.747093, 3.672965, 6.481105
 237.000000, 17.627286, 2.831224, 3.518987, 6.398031
 226.000000, 16.610619, 2.806785, 3.712389, 6.592920
4
 0.250000, 1.000000, 0.000000, 0.000000, 1.000000
 207.666667, 14.619583, 2.590690, 3.878010, 6.537721
 248.666667, 16.912869, 2.563003, 3.411528, 6.025469
 249.000000, 17.092369, 2.597055, 3.431058, 6.076305
 244.000000, 16.392077, 2.341530, 3.494536, 5.885246
 231.333333, 17.115274, 2.819885, 3.723343, 6.623919
 226.666667, 16.864706, 2.979412, 3.777941, 6.822059
 224.000000, 16.857143, 2.601190, 3.754464, 6.443452
 214.666667, 18.298137, 3.860248, 3.697205, 7.604037
 208.000000, 17.504808, 2.894231, 3.903846, 6.969551
 239.666667, 17.101530, 2.872045, 3.481224, 6.407510
 204.333333, 16.903752, 3.141925, 4.047308, 7.280587
 195.666667, 16.487223, 2.706985, 4.136286, 7.023850
 200.000000, 15.973333, 2.465000, 4.150000, 6.755000
 230.333333, 16.903039, 2.850941, 3.617945, 6.554269
 228.666667, 17.158892, 2.983965, 3.631195, 6.692420
 218.000000, 16.443425, 2.911315, 3.929664, 6.885321
 226.333333, 17.428571, 3.156112, 3.640648, 6.885125
 205.333333, 16.663961, 2.732143, 4.012987, 6.853896
 223.333333, 17.200000, 2.889552, 3.698507, 6.682090
 196.666667, 14.647458, 2.564407, 4.179661, 6.877966
5
 0.250000, 0.000000, 0.000000, 1.000000, 3.000000
 224.000000, 17.361607, 2.654762, 3.578869, 6.318452
 246.666667, 17.468919, 2.666216, 3.447297, 6.156757
 250.666667, 16.547872, 2.602394, 3.348404, 5.996011
 239.000000, 15.552301, 2.397490, 3.528591, 5.993026
 229.333333, 16.130814, 2.476744, 3.710756, 6.257267
 234.333333, 16.739687, 3.125178, 3.559033, 6.769559
 236.000000, 17.483051, 2.861582, 3.567797, 6.536723
 205.666667, 17.948136, 3.632091, 3.886548, 7.567261
 198.666667, 17.025168, 3.147651, 4.194631, 7.463087
 225.666667, 16.391433, 2.794682, 3.732644, 6.574594
 221.666667, 17.366917, 2.950376, 3.822556, 6.918797
 208.333333, 16.068800, 2.737600, 3.913600, 6.726400
 208.333333, 16.363200, 2.616000, 4.044800, 6.737600
 226.000000, 16.387906, 2.694690, 3.694690, 6.479351
 215.666667, 17.041731, 2.718702, 3.882535, 6.695518
 219.666667, 16.585736, 2.931715, 3.836115, 6.854325
 216.000000, 16.507716, 3.148148, 3.782407, 7.009259
 229.333333, 17.226744, 2.802326, 3.566860, 6.454942
 240.000000, 17.633333, 2.933333, 3.504167, 6.526389
 197.000000, 14.935702, 2.526227, 4.065990, 6.692047
6
 0.250000, 0.000000, 0.000000, 1.000000, 4.000000
 221.333333, 16.584337, 2.736446, 3.549699, 6.362952
 236.333333, 16.722144, 2.593794, 3.634697, 6.290550
 250.666667, 17.389628, 2.682181, 3.401596, 6.144947
 259.666667, 17.613607, 2.621309, 3.315789, 5.989730
 237.333333, 17.612360, 2.879213, 3.669944, 6.616573
 244.000000, 17.725410, 3.181694, 3.490437, 6.729508
 223.666667, 16.727273, 2.813711, 3.771982, 6.669151
 199.666667, 17.485810, 3.367279, 3.826377, 7.358932
 197.000000, 17.236887, 2.984772, 4.170897, 7.377327
 236.666667, 16.801408, 2.863380, 3.511268, 6.463380
 202.333333, 17.051071, 3.037891, 4.032949, 7.286656
 228.000000, 17.450292, 2.934211, 3.671053, 6.688596
 232.333333, 17.209469, 2.784792, 3.674319, 6.513630
 230.333333, 17.580318, 2.927641, 3.630970, 6.687410
 241.666667, 17.870345, 3.030345, 3.528276, 6.602759
 236.000000, 18.004237, 3.151130, 3.672316, 6.871469
 220.000000, 17.442424, 3.119697, 3.759091, 6.966667
 241.000000, 17.739972, 2.856155, 3.520055, 6.430152
 227.666667, 17.292826, 2.950220, 3.663250, 6.685212
 234.666667, 17.056818, 2.911932, 3.588068, 6.563920
7
 0.250000, 0.000000, 0.000000, 1.000000, 3.000000
 231.000000, 16.418470, 2.783550, 3.434343, 6.284271
 248.000000, 17.232527, 2.635753, 3.411290, 6.102151
 238.666667, 16.571229, 2.525140, 3.543296, 6.118715
 258.000000, 17.417313, 2.617571, 3.255814, 5.927649
 238.333333, 17.204196, 2.716084, 3.650350, 6.422378
 228.000000, 16.937135, 2.970760, 3.757310, 6.795322
 237.000000, 17.246132, 2.880450, 3.599156, 6.535865
 205.333333, 17.793831, 3.639610, 3.847403, 7.589286
 213.666667, 17.675507, 3.035881, 3.837754, 6.954758
 214.000000, 15.853583, 2.683801, 3.886293, 6.627726
 209.000000, 17.309410, 2.925040, 4.110048, 7.108453
 216.333333, 16.979969, 2.865948, 3.790447, 6.785824
 229.666667, 17.252540, 2.859216, 3.622642, 6.550073
 245.333333, 18.260870, 2.934783, 3.480978, 6.475543
 210.000000, 16.547619, 2.852381, 3.888889, 6.847619
 218.666667, 17.660061, 2.853659, 3.842988, 6.797256
 224.666667, 17.522255, 3.154303, 3.710682, 6.939169
 211.000000, 16.466035, 2.649289, 3.930490, 6.638231
 230.000000, 17.655072, 2.894203, 3.602899, 6.591304
 224.333333, 16.322437, 2.778603, 3.671620, 6.576523
8
 0.250000, 0.000000, 0.000000, 1.000000, 3.000000
 225.666667, 16.311669, 2.750369, 3.465288, 6.267356
 249.000000, 17.061580, 2.567604, 3.409639, 6.018742
 224.000000, 15.404762, 2.504464, 3.745536, 6.312500
 227.333333, 15.347507, 2.388563, 3.678886, 6.152493
 225.000000, 15.986667, 2.680000, 3.776296, 6.527407
 208.333333, 15.800000, 2.963200, 4.008000, 7.040000
 237.333333, 17.582865, 2.762640, 3.544944, 6.373596
 210.000000, 18.336508, 3.593651, 3.811111, 7.452381
 206.666667, 17.654839, 3.146774, 4.053226, 7.256452
 241.666667, 17.019310, 2.906207, 3.457931, 6.420690
 212.000000, 16.853774, 3.006289, 4.018868, 7.088050
 231.000000, 17.673882, 2.868687, 3.656566, 6.590188
 219.000000, 17.059361, 2.700152, 3.850837, 6.625571
 233.000000, 17.430615, 2.854077, 3.587983, 6.543634
 235.000000, 17.865248, 3.235461, 3.656738, 6.943262
 214.000000, 17.707165, 2.884735, 3.965732, 6.936137
 236.000000, 18.007062, 3.231638, 3.480226, 6.759887
 240.000000, 17.954167, 3.076389, 3.498611, 6.655556
 219.666667, 17.127466, 2.740516, 3.793627, 6.593323
 238.000000, 16.717087, 2.861345, 3.509804, 6.421569
9
 0.250000, 0.000000, 0.000000, 1.000000, 2.000000
 198.333333, 14.806723, 2.605042, 4.001681, 6.700840
 218.333333, 15.265649, 2.384733, 3.676336, 6.169466
 223.333333, 15.350746, 2.550746, 3.711940, 6.325373
 235.000000, 16.574468, 2.438298, 3.571631, 6.095035
 225.333333, 16.261834, 2.755917, 3.822485, 6.625740
 228.333333, 16.582482, 2.913869, 3.624818, 6.617518
 233.333333, 17.105714, 2.767143, 3.710000, 6.534286
 198.000000, 17.888889, 3.806397, 3.981481, 7.895623
 188.666667, 16.111307, 2.895760, 4.424028, 7.399293
 226.666667, 16.888235, 2.836765, 3.723529, 6.625000
 217.000000, 17.531490, 3.172043, 3.944700, 7.201229
 227.666667, 17.751098, 2.836018, 3.667643, 6.592972
 214.000000, 16.079439, 2.498442, 3.979751, 6.549844
 225.000000, 16.745185, 2.721481, 3.715556, 6.521481
 224.666667, 17.277448, 2.964392, 3.715134, 6.732938
 211.333333, 16.869085, 2.847003, 4.075710, 6.992114
 209.666667, 16.842607, 2.942766, 3.944356, 6.944356
 239.666667, 17.599444, 2.823366, 3.557719, 6.445063
 222.666667, 16.294910, 2.854790, 3.706587, 6.649701
 234.666667, 16.688920, 2.771307, 3.558239, 6.392045
10
 0.250000, 0.000000, 0.000000, 0.000000, 2.000000
 224.000000, 16.547619, 2.678571, 3.502976, 6.257440
 241.000000, 15.818811, 2.587828, 3.493776, 6.142462
 245.333333, 16.664402, 2.707880, 3.500000, 6.259511
 257.333333, 17.463731, 2.733161, 3.348446, 6.124352
 247.333333, 17.955526, 2.882749, 3.481132, 6.408356
 226.666667, 16.702941, 2.980882, 3.601471, 6.667647
 233.333333, 17.380000, 2.728571, 3.580000, 6.391429
 202.000000, 18.234323, 3.630363, 3.828383, 7.556106
 213.000000, 18.881064, 3.410016, 3.917058, 7.417840
 232.333333, 16.335725, 2.856528, 3.598278, 6.520803
 206.333333, 17.759289, 2.928918, 4.064620, 7.166397
 218.666667, 16.682927, 2.810976, 3.795732, 6.670732
 215.333333, 16.665635, 2.561920, 3.874613, 6.535604
 228.000000, 16.847953, 2.704678, 3.678363, 6.476608
 201.333333, 16.781457, 2.837748, 4.115894, 7.081126
 216.666667, 17.492308, 2.896923, 3.878462, 6.878462
 218.666667, 16.804878, 3.033537, 3.768293, 6.870427
 219.000000, 16.579909, 3.077626, 3.808219, 6.971081
 238.666667, 18.026536, 2.864525, 3.504190, 6.425978
 222.333333, 16.328336, 2.697151, 3.772114, 6.545727
11
 0.250000, 0.000000, 0.000000, 0.000000, 9.000000
 209.000000, 14.893142, 2.623604, 3.690590, 6.381180
 248.666667, 17.611260, 2.544236, 3.420912, 6.030831
 229.000000, 15.767103, 2.538574, 3.590975, 6.196507
 252.000000, 17.175926, 2.451058, 3.408730, 5.903439
 232.666667, 16.412607, 2.646132, 3.663324, 6.425501
 234.333333, 16.822191, 2.927454, 3.536273, 6.510669
 238.000000, 17.163866, 2.763305, 3.596639, 6.408964
 200.000000, 17.615000, 3.735000, 3.985000, 7.831667
 238.000000, 19.813725, 3.533613, 3.522409, 7.148459
 239.333333, 17.058496, 2.760446, 3.527855, 6.344011
 209.000000, 17.148325, 3.129187, 4.054226, 7.266348
 220.000000, 17.612121, 2.945455, 3.804545, 6.854545
 243.666667, 17.938440, 3.004104, 3.488372, 6.544460
 219.666667, 17.177542, 2.793627, 3.767830, 6.688923
 230.333333, 17.940666, 2.955137, 3.700434, 6.701881
 221.000000, 16.853695, 3.024133, 3.889894, 6.981900
 227.666667, 17.007321, 3.105417, 3.591508, 6.749634
 233.333333, 17.400000, 2.915714, 3.605714, 6.600000
 218.000000, 16.778287, 2.816514, 3.758410, 6.668196
 227.000000, 16.812041, 2.842878, 3.694567, 6.615272
12
 0.250000, 0.000000, 1.000000, 1.000000, 9.000000
 226.666667, 16.158824, 2.639706, 3.411765, 6.110294
 235.666667, 15.530410, 2.489392, 3.528996, 6.063649
 242.000000, 16.652893, 2.539945, 3.560606, 6.147383
 242.333333, 16.635488, 2.458047, 3.497937, 6.002751
 205.000000, 14.986992, 2.461789, 4.011382, 6.578862
 221.666667, 16.003008, 2.938346, 3.727820, 6.736842
 234.666667, 17.491477, 2.644886, 3.605114, 6.296875
 194.000000, 17.458763, 4.104811, 4.290378, 8.465636
 205.666667, 17.800648, 3.027553, 4.076175, 7.184765
 222.000000, 16.381381, 2.779279, 3.698198, 6.561562
 217.000000, 16.927803, 3.152074, 3.955453, 7.156682
 234.666667, 17.869318, 2.934659, 3.562500, 6.568182
 224.000000, 16.785714, 2.568452, 3.775298, 6.416667
 236.000000, 17.375706, 2.848870, 3.579096, 6.516949
 220.666667, 16.459215, 2.854985, 3.797583, 6.735650
 209.666667, 16.143084, 2.680445, 3.957075, 6.720191
 198.666667, 15.598993, 2.989933, 4.119128, 7.221477
 207.333333, 16.590032, 3.049839, 4.017685, 7.141479
 219.666667, 16.590288, 2.813354, 3.737481, 6.652504
 239.666667, 16.891516, 2.890125, 3.496523, 6.439499
13
 0.250000, 0.000000, 0.000000, 9.000000, 20.000000
 215.333333, 15.705882, 2.736842, 3.696594, 6.517028
 239.000000, 16.478382, 2.580195, 3.523013, 6.163180
 235.000000, 15.981560, 2.591489, 3.598582, 6.251064
 251.000000, 16.966799, 2.588313, 3.451527, 6.091633
 217.333333, 16.299080, 2.665644, 3.874233, 6.628834
 222.666667, 16.170659, 2.863772, 3.664671, 6.637725
 249.666667, 18.220294, 2.847797, 3.483311, 6.376502
 197.666667, 17.748735, 3.475548, 4.021922, 7.571669
 210.000000, 17.400000, 3.177778, 3.998413, 7.239683
 223.000000, 17.424514, 2.840060, 3.736921, 6.653214
 208.000000, 17.466346, 3.133013, 4.067308, 7.304487
 228.666667, 17.954810, 2.874636, 3.625364, 6.588921
 229.333333, 16.813953, 2.664244, 3.755814, 6.466570
 197.666667, 15.849916, 2.662732, 4.129848, 6.908938
 234.666667, 18.066761, 3.046875, 3.626420, 6.728693
 212.000000, 16.443396, 2.893082, 3.998428, 6.998428
 210.000000, 17.033333, 3.160317, 3.795238, 7.039683
 234.666667, 17.718750, 2.863636, 3.556818, 6.490057
 249.333333, 17.913102, 2.890374, 3.367647, 6.302139
 235.000000, 16.034043, 2.652482, 3.521986, 6.239716
14
 0.250000, 0.000000, 0.000000, 9.000000, 10.000000
 220.666667, 16.145015, 2.728097, 3.564955, 6.371601
 252.000000, 17.669312, 2.771164, 3.362434, 6.186508
 246.333333, 16.703654, 2.782138, 3.433018, 6.270636
 257.333333, 17.414508, 2.506477, 3.336788, 5.887306
 234.666667, 16.541193, 2.673295, 3.676136, 6.393466
 210.333333, 15.803487, 2.841521, 4.057052, 6.971474
 225.666667, 17.283604, 2.672083, 3.760709, 6.493353
 194.333333, 17.392796, 3.711835, 3.898799, 7.674099
 219.666667, 18.239757, 2.992413, 3.814871, 6.889226
 221.000000, 16.378582, 2.754148, 3.773756, 6.610860
 216.000000, 18.057099, 3.083333, 3.958333, 7.146605
 224.000000, 18.056548, 3.017857, 3.761905, 6.863095
 235.666667, 17.369165, 2.799151, 3.589816, 6.448373
 241.333333, 17.845304, 2.997238, 3.487569, 6.556630
 228.000000, 17.131579, 3.086257, 3.701754, 6.842105
 215.666667, 16.956723, 2.882535, 3.908810, 6.874807
 235.333333, 17.848442, 3.143059, 3.488669, 6.689802
 232.333333, 18.064562, 2.915352, 3.705882, 6.687231
 233.333333, 17.688571, 2.842857, 3.640000, 6.551429
15
 0.250000, 0.000000, 0.000000, 2.000000, 2.000000
 222.333333, 15.418291, 2.685157, 3.499250, 6.251874
 248.333333, 16.993289, 2.684564, 3.374497, 6.102013
 247.666667, 16.829071, 2.664872, 3.402423, 6.129206
 236.666667, 16.060563, 2.567606, 3.604225, 6.221127
 229.666667, 16.577649, 2.750363, 3.756168, 6.555878
 230.000000, 16.355072, 3.039130, 3.676812, 6.769565
 227.333333, 16.750733, 2.788856, 3.711144, 6.576246
 170.333333, 15.984344, 3.727984, 4.618395, 8.450098
 218.333333, 18.462595, 3.183206, 3.815267, 7.091603
 242.333333, 17.557084, 2.994498, 3.485557, 6.546080
 210.000000, 16.726984, 2.865079, 4.004762, 6.957143
 224.000000, 17.349702, 3.031250, 3.715774, 6.845238
 222.666667, 16.742515, 2.594311, 3.770958, 6.444611
 227.333333, 17.350440, 3.013196, 3.724340, 6.804985
 234.666667, 17.613636, 3.009943, 3.642045, 6.703125
 234.666667, 17.674716, 2.913352, 3.613636, 6.593750
 218.666667, 17.771341, 3.277439, 3.714939, 7.091463
 242.666667, 18.057692, 3.163462, 3.498626, 6.706044
 237.000000, 17.699015, 2.894515, 3.527426, 6.504923
 236.333333, 16.860367, 2.787024, 3.530324, 6.372355
16
 0.250000, 0.000000, 0.000000, 1.000000, 7.000000
 208.000000, 14.750000, 2.709936, 3.709936, 6.480769
 239.333333, 16.250696, 2.409471, 3.564067, 6.041783
 242.000000, 16.424242, 2.592287, 3.450413, 6.100551
 246.000000, 16.017615, 2.518970, 3.452575, 6.016260
 229.666667, 16.792453, 2.817126, 3.719884, 6.603774
 214.333333, 16.020218, 2.979782, 3.944012, 6.992224
 247.666667, 17.499327, 2.936743, 3.460296, 6.468371
 210.333333, 17.930269, 3.671949, 3.763867, 7.522979
 210.000000, 17.869841, 3.125397, 3.963492, 7.153968
 230.666667, 16.362717, 2.861272, 3.611272, 6.540462
 220.333333, 16.996974, 3.048411, 3.773071, 6.947050
 239.000000, 18.232915, 3.152022, 3.439331, 6.649930
 225.666667, 16.719350, 2.722304, 3.660266, 6.459380
 214.000000, 16.862928, 2.691589, 3.898754, 6.666667
 224.000000, 17.355655, 2.819940, 3.793155, 6.688988
 224.666667, 16.833828, 2.881306, 3.777448, 6.749258
 202.666667, 16.925987, 2.942434, 4.003289, 7.039474
 224.666667, 17.040059, 2.772997, 3.669139, 6.538576
 223.000000, 16.554559, 2.735426, 3.654709, 6.460389
 211.666667, 15.511811, 2.623622, 3.877165, 6.601575
17
 0.250000, 0.000000, 0.000000, 1.000000, 7.000000
 237.666667, 16.695652, 2.788219, 3.318373, 6.185133
 244.000000, 16.176230, 2.547814, 3.464481, 6.057377
 247.000000, 16.489879, 2.630229, 3.425101, 6.114710
 258.333333, 17.615484, 2.627097, 3.263226, 5.934194
 227.000000, 16.556535, 2.697504, 3.688693, 6.480176
 215.000000, 15.491473, 2.786047, 3.902326, 6.764341
 224.000000, 16.354167, 2.519345, 3.816964, 6.403274
 199.000000, 18.206030, 3.490787, 3.951424, 7.587940
 207.666667, 17.454254, 3.075441, 3.947030, 7.232745
 229.000000, 16.614265, 2.896652, 3.605531, 6.618632
 221.333333, 17.623494, 3.131024, 3.808735, 7.090361
 234.000000, 18.031339, 2.911681, 3.586895, 6.588319
 209.666667, 16.785374, 2.570747, 3.985692, 6.632750
 227.666667, 16.836018, 2.748170, 3.691069, 6.512445
 232.000000, 18.413793, 3.147989, 3.693966, 6.918103
 241.666667, 17.903448, 3.180690, 3.547586, 6.773793
 230.333333, 18.096961, 3.115774, 3.599132, 6.804631
 220.333333, 17.225416, 2.922844, 3.785174, 6.806354
 239.333333, 17.328691, 2.930362, 3.487465, 6.473538
 239.666667, 16.511822, 2.687065, 3.465925, 6.194715
18
 0.250000, 0.000000, 0.000000, 1.000000, 7.000000
 231.333333, 16.363112, 2.711816, 3.381844, 6.148415
 249.666667, 17.411215, 2.671562, 3.361816, 6.110814
 240.333333, 16.119279, 2.493759, 3.463245, 6.012483
 257.666667, 17.311772, 2.500647, 3.306598, 5.878396
 240.666667, 17.272853, 2.818560, 3.572022, 6.452909
 220.333333, 16.349470, 2.800303, 3.894100, 6.765507
 233.000000, 17.237482, 2.859800, 3.645207, 6.583691
 203.333333, 17.785246, 4.329508, 4.170492, 8.595082
 220.666667, 18.678248, 3.439577, 3.817221, 7.320242
 213.666667, 16.262090, 2.812793, 3.884555, 6.769111
 210.333333, 17.036450, 2.860539, 4.009509, 6.949287
 214.333333, 17.116641, 2.771384, 3.810264, 6.726283
 224.666667, 16.338279, 2.905045, 3.661721, 6.652819
 203.333333, 16.854098, 2.624590, 4.081967, 6.857377
 218.666667, 17.439024, 2.875000, 3.929878, 6.882622
 193.000000, 16.031088, 2.810017, 4.288428, 7.243523
 200.000000, 16.396667, 2.906667, 4.021667, 7.066667
 234.000000, 17.689459, 2.833333, 3.628205, 6.509972
 226.666667, 17.325000, 2.805882, 3.676471, 6.583824
 235.666667, 16.859972, 2.790665, 3.545969, 6.393211
19
 0.250000, 0.000000, 0.000000, 0.000000, 6.000000
 231.666667, 16.728058, 2.795683, 3.420144, 6.279137
 233.333333, 16.374286, 2.560000, 3.615714, 6.225714
 227.000000, 16.038179, 2.572687, 3.792952, 6.425844
 231.666667, 15.732374, 2.401439, 3.579856, 6.058993
 226.666667, 17.345588, 2.675000, 3.788235, 6.513235
 219.000000, 15.465753, 2.870624, 3.818874, 6.742770
 226.000000, 16.657817, 2.668142, 3.679941, 6.436578
 208.666667, 18.400958, 3.493610, 3.678914, 7.261981
 202.000000, 17.417492, 3.080858, 3.985149, 7.272277
 249.000000, 18.113788, 2.947791, 3.437751, 6.435074
 222.666667, 18.014970, 3.238024, 3.826347, 7.157186
 221.000000, 17.371041, 2.968326, 3.717949, 6.767722
 231.000000, 17.689755, 2.870130, 3.727273, 6.681097
 214.666667, 16.706522, 2.636646, 3.822981, 6.605590
 213.000000, 16.834116, 2.953052, 3.909233, 6.968701
 211.000000, 16.635071, 2.935229, 3.971564, 6.979463
 201.000000, 16.290216, 2.885572, 3.955224, 6.956882
 230.666667, 17.395954, 2.830925, 3.605491, 6.488439
 227.666667, 17.016105, 2.882870, 3.714495, 6.664714
 227.000000, 16.682819, 2.831131, 3.709251, 6.613803
20
 0.250000, 0.000000, 0.000000, 0.000000, 6.000000
 224.666667, 15.864985, 2.645401, 3.510386, 6.215134
 236.333333, 16.369535, 2.588152, 3.521862, 6.196051
 232.000000, 15.449713, 2.635057, 3.603448, 6.293103
 247.333333, 16.587601, 2.543127, 3.454178, 6.049865
 249.666667, 17.967957, 2.921228, 3.471295, 6.435247
 239.000000, 17.244073, 3.030683, 3.449093, 6.536960
 215.333333, 16.280186, 2.585139, 3.914861, 6.585139
 173.666667, 16.339731, 3.351248, 4.460653, 7.900192
 216.333333, 18.368259, 3.231125, 3.816641, 7.152542
 231.333333, 16.687320, 2.804035, 3.657061, 6.525937
 212.000000, 17.088050, 3.039308, 3.987421, 7.102201
 235.333333, 18.332861, 3.035411, 3.556657, 6.661473
 225.333333, 17.196746, 2.713018, 3.735207, 6.516272
 227.000000, 16.838473, 2.863436, 3.726872, 6.646109
 206.666667, 16.472581, 2.803226, 4.033871, 6.940323
 207.333333, 16.268489, 2.792605, 3.972669, 6.932476
 230.000000, 17.586957, 3.088406, 3.571014, 6.705797
 240.000000, 17.893056, 3.034722, 3.554167, 6.640278
 227.000000, 17.356828, 3.077827, 3.649046, 6.803231
 231.666667, 16.041727, 2.830216, 3.548201, 6.444604
21
 0.250000, 1.000000, 0.000000, 1.000000, 9.000000
 221.666667, 16.383459, 2.621053, 3.503759, 6.187970
 246.000000, 17.409214, 2.724932, 3.452575, 6.230352
 229.333333, 15.629360, 2.553779, 3.566860, 6.209302
 246.666667, 16.479730, 2.571622, 3.433784, 6.086486
 212.000000, 15.683962, 2.644654, 3.946541, 6.713836
 225.333333, 16.646450, 2.818047, 3.698225, 6.582840
 237.666667, 17.828892, 2.681627, 3.590463, 6.342216
 191.000000, 16.910995, 3.218150, 3.989529, 7.315881
 228.000000, 18.726608, 3.264620, 3.700292, 7.029240
 231.333333, 17.329971, 2.811239, 3.636888, 6.507205
 212.000000, 17.081761, 3.088050, 4.031447, 7.201258
 210.000000, 17.309524, 2.871429, 3.836508, 6.860317
 236.333333, 17.217207, 2.658674, 3.530324, 6.235543
 213.333333, 16.314063, 2.835938, 3.907813, 6.846875
 218.000000, 17.273700, 2.821101, 3.963303, 6.830275
 220.333333, 16.547655, 2.971256, 3.901664, 6.927383
 217.333333, 16.909509, 3.059816, 3.728528, 6.884969
 229.333333, 17.148256, 2.793605, 3.665698, 6.520349
 246.333333, 17.990528, 2.921516, 3.369418, 6.354533
22
 0.250000, 2.000000, 0.000000, 0.000000, 1.000000
 219.666667, 15.714719, 2.597876, 3.515933, 6.165402
 236.666667, 16.423944, 2.516901, 3.536620, 6.104225
 244.666667, 16.404632, 2.613079, 3.429155, 6.102180
 246.333333, 17.250338, 2.546685, 3.416779, 6.046008
 232.333333, 17.398852, 2.793400, 3.720230, 6.566714
 229.333333, 16.296512, 3.013081, 3.654070, 6.736919
 244.333333, 18.294679, 2.736698, 3.518417, 6.301501
 198.000000, 16.799663, 3.639731, 3.944444, 7.829966
 208.666667, 18.365815, 2.988818, 3.953674, 7.027157
 243.333333, 17.373973, 2.754795, 3.464384, 6.304110
 221.000000, 17.828054, 3.229261, 3.815988, 7.177979
 203.333333, 16.254098, 2.781967, 4.001639, 6.896721
 232.666667, 17.564470, 2.657593, 3.601719, 6.305158
 214.666667, 16.122671, 2.652174, 3.840062, 6.638199
 232.000000, 18.840517, 3.089080, 3.581897, 6.760057
 223.000000, 17.523169, 3.007474, 3.816143, 6.872945
 234.666667, 18.198864, 3.065341, 3.524148, 6.637784
 240.666667, 18.091413, 2.966759, 3.518006, 6.559557
 245.333333, 17.410326, 2.918478, 3.432065, 6.395380
 227.666667, 16.819912, 2.726208, 3.672035, 6.464129
23
 0.250000, 0.000000, 0.000000, 0.000000, 1.000000
 231.000000, 17.047619, 2.763348, 3.532468, 6.373737
 237.000000, 16.954993, 2.516174, 3.537271, 6.133615
 239.333333, 16.023677, 2.690808, 3.474930, 6.238162
 261.333333, 17.131378, 2.570153, 3.271684, 5.889031
 239.000000, 17.119944, 2.810321, 3.634589, 6.502092
 219.333333, 16.270517, 2.983283, 3.835866, 6.910334
 235.333333, 17.379603, 2.528329, 3.644476, 6.230878
 198.333333, 17.704202, 4.152941, 3.983193, 8.267227
 219.000000, 18.582953, 3.143075, 3.809741, 7.068493
 226.000000, 16.899705, 2.750737, 3.674041, 6.514749
 228.000000, 18.021930, 3.280702, 3.703216, 7.074561
 212.666667, 17.462382, 2.838558, 3.844828, 6.746082
 223.666667, 16.904620, 2.684054, 3.766021, 6.526080
 226.666667, 17.201471, 2.882353, 3.670588, 6.647059
 218.000000, 17.438838, 2.857798, 3.862385, 6.801223
 229.333333, 17.702035, 3.029070, 3.699128, 6.797965
 199.333333, 16.827759, 2.886288, 4.133779, 7.112040
 214.000000, 16.431464, 2.758567, 3.908100, 6.739875
 207.333333, 16.697749, 2.712219, 3.926045, 6.763666
24
 0.250000, 1.000000, 0.000000, 0.000000, 0.000000
 218.000000, 15.863914, 2.648318, 3.605505, 6.321101
 243.000000, 16.956104, 2.572016, 3.406036, 6.064472
 233.333333, 15.417143, 2.424286, 3.568571, 6.041429
 250.000000, 16.934667, 2.572000, 3.409333, 6.041333
 213.333333, 16.379688, 2.656250, 3.978125, 6.731250
 227.666667, 16.758419, 3.042460, 3.720351, 6.837482
 239.000000, 17.319386, 2.608089, 3.549512, 6.227336
 194.666667, 17.738014, 3.845890, 4.226027, 8.143836
 186.000000, 16.890681, 2.924731, 4.501792, 7.500000
 232.666667, 17.030086, 2.793696, 3.593123, 6.471347
 225.000000, 17.912593, 3.143704, 3.845926, 7.042963
 223.333333, 17.852239, 2.983582, 3.637313, 6.698507
 223.666667, 17.032787, 2.633383, 3.797317, 6.502235
 236.000000, 17.358757, 2.769774, 3.556497, 6.403955
 241.333333, 18.720994, 3.135359, 3.540055, 6.729282
 233.333333, 17.635714, 3.221429, 3.720000, 7.017143
 216.000000, 17.046296, 3.013889, 3.750000, 6.854938
 229.333333, 16.792151, 2.783430, 3.643895, 6.500000
 225.000000, 16.783704, 2.743704, 3.714074, 6.514074
 237.000000, 17.298172, 2.798875, 3.450070, 6.344585
25
 0.250000, 2.000000, 0.000000, 0.000000, 0.000000
 230.000000, 17.007246, 2.834783, 3.452174, 6.339130
 250.666667, 17.698138, 2.688830, 3.432181, 6.167553
 223.333333, 15.244776, 2.429851, 3.688060, 6.225373
 227.333333, 15.630499, 2.344575, 3.740469, 6.158358
 240.000000, 17.437500, 2.795833, 3.590278, 6.472222
 223.333333, 16.380597, 2.897015, 3.776119, 6.732836
 220.333333, 16.514372, 2.833585, 3.771558, 6.735250
 206.000000, 17.789644, 3.616505, 3.809061, 7.482201
 213.333333, 17.964063, 3.095313, 3.843750, 7.053125
 236.000000, 17.050847, 2.888418, 3.596045, 6.557910
 201.666667, 17.485950, 2.988430, 4.186777, 7.257851
 217.000000, 17.258065, 2.887865, 3.887865, 6.866359
 229.000000, 17.347889, 2.912664, 3.705968, 6.700146
 227.333333, 16.523460, 2.809384, 3.721408, 6.580645
 227.666667, 17.181552, 3.081991, 3.748170, 6.888726
 220.333333, 17.146747, 2.930408, 3.801815, 6.836611
 209.000000, 17.054226, 2.937799, 3.934609, 6.958533
 218.666667, 17.128049, 2.890244, 3.852134, 6.830793
 227.333333, 17.489736, 2.818182, 3.662757, 6.551320
 233.333333, 16.725714, 2.742857, 3.561429, 6.384286
26
 0.250000, 2.000000, 0.000000, 0.000000, 10.000000
 214.333333, 15.446345, 2.791602, 3.701400, 6.590980
 214.333333, 15.253499, 2.314152, 3.878694, 6.278383
 239.333333, 16.281337, 2.580780, 3.498607, 6.160167
 247.000000, 17.140351, 2.523617, 3.456140, 6.043185
 225.000000, 16.571852, 2.487407, 3.811852, 6.394074
 231.000000, 16.702742, 2.808081, 3.593074, 6.528139
 226.666667, 16.588235, 2.705882, 3.736765, 6.517647
 182.333333, 16.961609, 3.839122, 4.332724, 8.287020
 234.333333, 19.055477, 3.495021, 3.586060, 7.132290
 226.333333, 16.543446, 2.787923, 3.674521, 6.539028
 220.666667, 17.768882, 3.141994, 3.876133, 7.086103
 240.333333, 18.411928, 2.815534, 3.531207, 6.392510
 228.666667, 16.736152, 2.814869, 3.680758, 6.572886
 218.666667, 16.307927, 2.647866, 3.743902, 6.466463
 224.666667, 17.543027, 2.893175, 3.759644, 6.738872
 216.666667, 17.138462, 3.164615, 3.927692, 7.180000
 217.333333, 17.630368, 3.142638, 3.794479, 7.019939
 232.000000, 18.290230, 2.843391, 3.698276, 6.604885
 243.666667, 17.942544, 2.941176, 3.484268, 6.473324
27
 0.250000, 10.000000, 0.000000, 0.000000, 1.000000
 223.333333, 16.479104, 2.652239, 3.585075, 6.331343
 236.666667, 16.170423, 2.495775, 3.545070, 6.085915
 251.333333, 16.848806, 2.785146, 3.371353, 6.217507
 243.000000, 17.020576, 2.592593, 3.486968, 6.149520
 225.666667, 16.760709, 2.742984, 3.800591, 6.608567
 246.333333, 17.545332, 3.132612, 3.476319, 6.650880
 236.333333, 17.385049, 2.740480, 3.638928, 6.447109
 194.333333, 16.648370, 3.516295, 4.037736, 7.624357
 216.666667, 19.095385, 3.207692, 3.840000, 7.115385
 226.333333, 16.316642, 2.858616, 3.683358, 6.642121
 212.666667, 16.572100, 3.075235, 3.874608, 6.998433
 213.666667, 17.071763, 2.659906, 3.839314, 6.600624
 194.333333, 14.849057, 2.596913, 4.295026, 7.024014
 206.666667, 15.425806, 2.751613, 4.029032, 6.854839
 234.000000, 18.185185, 3.018519, 3.690883, 6.770655
 225.666667, 17.088626, 3.054653, 3.756278, 6.890694
 224.666667, 17.581602, 3.100890, 3.654303, 6.817507
 225.000000, 17.485926, 2.909630, 3.749630, 6.727407
 228.000000, 17.647661, 2.928363, 3.692982, 6.719298
28
 0.250000, 0.000000, 8.000000, 0.000000, 11.000000
 235.000000, 16.770213, 2.717730, 3.409929, 6.174468
 232.333333, 15.585366, 2.549498, 3.560976, 6.186514
 230.333333, 15.898698, 2.648336, 3.659913, 6.373372
 255.666667, 17.105606, 2.629726, 3.349413, 6.020860
 241.666667, 17.157241, 2.798621, 3.542069, 6.404138
 226.000000, 16.631268, 2.949853, 3.702065, 6.740413
 199.000000, 15.864322, 2.659966, 4.180905, 6.948074
 184.000000, 16.829710, 3.724638, 4.228261, 8.056159
 192.000000, 17.338542, 3.072917, 4.295139, 7.461806
 230.000000, 16.830435, 2.927536, 3.653623, 6.646377
 210.666667, 16.851266, 2.981013, 4.034810, 7.112342
 227.666667, 17.855051, 2.827233, 3.708638, 6.600293
 236.000000, 17.120056, 2.665254, 3.572034, 6.281073
 213.333333, 16.564063, 2.784375, 3.920313, 6.789063
 227.000000, 17.286344, 2.813510, 3.728341, 6.610866
 226.000000, 17.569322, 3.002950, 3.719764, 6.817109
 225.333333, 17.397929, 3.144970, 3.636095, 6.850592
 243.000000, 17.854595, 2.902606, 3.443073, 6.399177
 237.000000, 17.059072, 3.005626, 3.464135, 6.552743
29
 0.250000, 10.000000, 0.000000, 0.000000, 0.000000
 216.666667, 15.760000, 2.490769, 3.596923, 6.184615
 240.000000, 16.409722, 2.530556, 3.540278, 6.118056
 233.000000, 15.526466, 2.585122, 3.595136, 6.237482
 248.333333, 16.672483, 2.464430, 3.417450, 5.936913
 232.333333, 16.962697, 2.786227, 3.737446, 6.568149
 224.666667, 16.544510, 2.983680, 3.727003, 6.780415
 248.666667, 17.772118, 2.713137, 3.416890, 6.176944
 210.333333, 17.976228, 3.645008, 3.708399, 7.396197
 200.666667, 17.242525, 3.004983, 4.174419, 7.272425
 236.666667, 17.367606, 2.811268, 3.607042, 6.466197
 223.333333, 17.898507, 3.198507, 3.822388, 7.094030
 209.333333, 16.675159, 2.732484, 3.952229, 6.757962
 219.666667, 16.943854, 2.861912, 3.728376, 6.702580
 235.666667, 16.963225, 2.900990, 3.524752, 6.514851
 222.000000, 17.253754, 2.998498, 3.866366, 6.915916
 259.000000, 18.568855, 3.334620, 3.337194, 6.728443
 237.000000, 17.625879, 3.210970, 3.500703, 6.776371
 218.000000, 17.117737, 2.769113, 3.899083, 6.738532
 239.333333, 17.598886, 2.798050, 3.509749, 6.369081
 243.666667, 17.336525, 2.958960, 3.424077, 6.435021
30
 0.250000, 0.000000, 0.000000, 0.000000, 2.000000
 217.666667, 16.450230, 2.781011, 3.655436, 6.493109
 253.333333, 17.623684, 2.684211, 3.390789, 6.128947
 246.000000, 16.475610, 2.585366, 3.432249, 6.092141
 242.000000, 15.911846, 2.546832, 3.493113, 6.106061
 234.333333, 17.149360, 2.726885, 3.640114, 6.469417
 221.333333, 16.334337, 2.884036, 3.650602, 6.658133
 237.000000, 16.863572, 2.645570, 3.475387, 6.239100
 190.333333, 16.698774, 3.688266, 4.136602, 7.908932
 189.666667, 16.291740, 2.945518, 4.172232, 7.342707
 234.000000, 16.635328, 2.847578, 3.649573, 6.539886
 208.000000, 16.530449, 3.048077, 4.043269, 7.166667
 236.000000, 17.949153, 3.079096, 3.540960, 6.694915
 232.333333, 17.160689, 2.935438, 3.658537, 6.654232
 226.000000, 17.206490, 2.805310, 3.713864, 6.607670
 227.000000, 17.346549, 3.066079, 3.778267, 6.897210
 219.333333, 16.735562, 2.974164, 3.940729, 6.981763
 213.333333, 17.257813, 3.075000, 3.867188, 7.035938
 199.000000, 15.907873, 2.556114, 4.110553, 6.782245
 237.666667, 17.892006, 2.973352, 3.535764, 6.580645
31
 0.250000, 0.000000, 0.000000, 0.000000, 2.000000
 242.000000, 17.659780, 2.844353, 3.334711, 6.257576
 238.000000, 16.415966, 2.492997, 3.550420, 6.086835
 237.333333, 16.382022, 2.602528, 3.546348, 6.213483
 228.000000, 15.729532, 2.488304, 3.660819, 6.232456
 240.666667, 17.609418, 2.864266, 3.620499, 6.537396
 236.000000, 16.699153, 3.009887, 3.449153, 6.519774
 242.000000, 17.403581, 2.753444, 3.542700, 6.362259
 185.333333, 17.785971, 3.357914, 4.190647, 7.661871
 204.333333, 17.535073, 3.112561, 3.983687, 7.305057
 232.666667, 16.342407, 2.696275, 3.613181, 6.363897
 237.000000, 18.489451, 3.172996, 3.618847, 6.872011
 219.000000, 17.712329, 3.042618, 3.791476, 6.942161
 239.333333, 17.587744, 2.708914, 3.552925, 6.314763
 237.666667, 17.120617, 2.913043, 3.520337, 6.499299
 227.333333, 17.112903, 3.036657, 3.646628, 6.758065
 219.333333, 17.495441, 2.882979, 3.796353, 6.828267
 227.666667, 17.472914, 3.262079, 3.576867, 6.932650
 232.333333, 17.400287, 2.849354, 3.606887, 6.533716
 240.666667, 17.691136, 2.839335, 3.473684, 6.361496
Histogram
3 0 0 0 0 0 0 0 0 0 4 0 0 0 0 0 0 0 0 0 5 0 0 0 0 0 0 0 0 0 3 0 0 0 0 0 0 0 0 0 1 0 0 0 0 0 0 0 0 0 0 0 0 0 0 0 0 0 5 10 30 41 34 41 56 93 72 60 49 36 28 22 15 13 6 9 4 1 3 2 1 1 2 0 2 1 0 0 0 0 3 0 0 0 0 0 0 0 0 0 3 0 0 0 0 0 0 0 0 0 1 0 0 0 0 0 0 0 0 4 
Cache Miss Ratio
NaN
numOfSets
433755
numOfGets
0
numOfMultiGets
0
