21
0
 0.250000, 0.000000, 0.000000, 7.000000, 10.000000
 162.333333, 1.926078, 0.480493, 1.622177, 2.156057
 181.333333, 0.961397, 0.231618, 1.437500, 1.720588
 184.333333, 0.669078, 0.171790, 1.354430, 1.587703
 177.000000, 0.604520, 0.203390, 1.344633, 1.604520
 176.666667, 0.760377, 0.207547, 1.443396, 1.700000
 185.666667, 0.807899, 0.183124, 1.269300, 1.493716
 182.333333, 0.745887, 0.188300, 1.365631, 1.599634
 177.333333, 0.500000, 0.178571, 1.453008, 1.678571
 187.333333, 0.583630, 0.154804, 1.295374, 1.498221
 165.666667, 0.708249, 0.245473, 1.559356, 1.857143
 182.666667, 0.698905, 0.195255, 1.375912, 1.620438
 173.666667, 0.587332, 0.188100, 1.335893, 1.575816
 185.000000, 0.648649, 0.183784, 1.463063, 1.690090
 179.000000, 0.389199, 0.186220, 1.454376, 1.685289
 174.333333, 0.632887, 0.195029, 1.451243, 1.697897
 171.000000, 1.023392, 0.233918, 1.619883, 1.925926
 183.333333, 0.901818, 0.252727, 1.552727, 1.865455
 179.666667, 0.582560, 0.207792, 1.400742, 1.658627
 181.000000, 0.580110, 0.220994, 1.394107, 1.666667
 176.000000, 0.729167, 0.221591, 1.827652, 2.100379
1
 0.250000, 0.000000, 1.000000, 8.000000, 17.000000
 152.000000, 1.473684, 0.438596, 1.548246, 2.057018
 188.000000, 0.750000, 0.225177, 1.411348, 1.684397
 184.666667, 0.824910, 0.180505, 1.350181, 1.577617
 184.666667, 0.830325, 0.196751, 1.281588, 1.527076
 177.666667, 0.637899, 0.181989, 1.499062, 1.726079
 175.000000, 0.830476, 0.213333, 1.453333, 1.712381
 181.333333, 0.621324, 0.172794, 1.358456, 1.577206
 185.333333, 0.658273, 0.188849, 1.458633, 1.690647
 188.333333, 0.638938, 0.157522, 1.345133, 1.561062
 173.000000, 0.753372, 0.206166, 1.472062, 1.734104
 192.333333, 0.871750, 0.197574, 1.331023, 1.587522
 172.000000, 0.589147, 0.199612, 1.294574, 1.556202
 182.333333, 0.861060, 0.210238, 1.486289, 1.742230
 175.333333, 0.370722, 0.155894, 1.482890, 1.705323
 191.333333, 0.914634, 0.203833, 1.439024, 1.693380
 184.000000, 1.003623, 0.213768, 1.554348, 1.826087
 179.333333, 0.821561, 0.245353, 1.526022, 1.828996
 160.333333, 0.656965, 0.189189, 1.557173, 1.812890
 174.000000, 0.729885, 0.199234, 1.434866, 1.683908
 165.666667, 0.824950, 0.213280, 1.728370, 2.022133
2
 0.250000, 0.000000, 1.000000, 10.000000, 41.000000
 161.000000, 1.552795, 0.416149, 1.581781, 2.062112
 174.666667, 0.641221, 0.213740, 1.431298, 1.704198
 172.000000, 0.494186, 0.184109, 1.360465, 1.593023
 178.000000, 0.552434, 0.226592, 1.308989, 1.582397
 176.333333, 0.786389, 0.194707, 1.506616, 1.756144
 186.000000, 0.772401, 0.182796, 1.474910, 1.720430
 180.333333, 0.667283, 0.173752, 1.340111, 1.556377
 184.000000, 0.672101, 0.190217, 1.409420, 1.643116
 181.000000, 0.500921, 0.152855, 1.327808, 1.526703
 178.000000, 0.810861, 0.189139, 1.627341, 1.868914
 182.000000, 0.641026, 0.206960, 1.415751, 1.672161
 183.000000, 0.573770, 0.187614, 1.285974, 1.530055
 174.333333, 0.669216, 0.181644, 1.472275, 1.709369
 184.666667, 0.559567, 0.157040, 1.460289, 1.658845
 168.333333, 0.689109, 0.198020, 1.489109, 1.746535
 184.000000, 0.782609, 0.206522, 1.545290, 1.802536
 189.000000, 1.134039, 0.285714, 1.439153, 1.776014
 173.666667, 0.560461, 0.234165, 1.380038, 1.664107
 187.333333, 0.838078, 0.227758, 1.407473, 1.692171
 171.000000, 0.922027, 0.272904, 1.750487, 2.087719
3
 0.250000, 0.000000, 0.000000, 8.000000, 41.000000
 154.000000, 1.272727, 0.396104, 1.564935, 2.012987
 172.666667, 0.777992, 0.243243, 1.413127, 1.704633
 171.333333, 0.671206, 0.190661, 1.447471, 1.700389
 175.333333, 0.560837, 0.197719, 1.399240, 1.652091
 179.666667, 0.827458, 0.185529, 1.517625, 1.760668
 180.333333, 0.750462, 0.179298, 1.386322, 1.615527
 180.000000, 0.694444, 0.172222, 1.329630, 1.546296
 180.333333, 0.783734, 0.182994, 1.425139, 1.658041
 184.000000, 0.579710, 0.153986, 1.293478, 1.492754
 169.666667, 0.783890, 0.216110, 1.424361, 1.683694
 187.666667, 0.944938, 0.236234, 1.381883, 1.664298
 188.000000, 0.696809, 0.191489, 1.257092, 1.496454
 187.000000, 0.723708, 0.196078, 1.559715, 1.803922
 179.333333, 0.485130, 0.172862, 1.682156, 1.901487
 177.333333, 0.783835, 0.218045, 1.501880, 1.780075
 175.666667, 0.952562, 0.244782, 1.512334, 1.817837
 181.333333, 0.836397, 0.250000, 1.457721, 1.768382
 187.000000, 0.862745, 0.217469, 1.454545, 1.716578
 183.666667, 0.771325, 0.226860, 1.421053, 1.720508
 166.666667, 0.778000, 0.228000, 2.046000, 2.344000
4
 0.250000, 0.000000, 0.000000, 7.000000, 11.000000
 159.666667, 1.839248, 0.584551, 1.674322, 2.334029
 185.000000, 0.686486, 0.185586, 1.306306, 1.536937
 183.000000, 0.781421, 0.213115, 1.331512, 1.593807
 170.000000, 0.547059, 0.201961, 1.305882, 1.558824
 177.333333, 0.798872, 0.189850, 1.483083, 1.716165
 173.666667, 0.689060, 0.191939, 1.424184, 1.679463
 175.666667, 0.487666, 0.170778, 1.406072, 1.631879
 175.333333, 0.585551, 0.171103, 1.471483, 1.684411
 188.000000, 0.514184, 0.145390, 1.297872, 1.492908
 178.666667, 0.807836, 0.244403, 1.559701, 1.860075
 193.000000, 0.953368, 0.189983, 1.331606, 1.573402
 179.666667, 0.551020, 0.178108, 1.326531, 1.551020
 166.333333, 0.533066, 0.180361, 1.476954, 1.721443
 180.666667, 0.520295, 0.184502, 1.514760, 1.749077
 183.333333, 0.727273, 0.201818, 1.441818, 1.689091
 173.666667, 0.765835, 0.243762, 1.692898, 1.990403
 187.333333, 0.818505, 0.249110, 1.457295, 1.761566
 193.666667, 0.889845, 0.216867, 1.411360, 1.669535
 169.666667, 0.544204, 0.212181, 1.392927, 1.664047
 167.333333, 0.838645, 0.247012, 1.828685, 2.121514
5
 0.250000, 0.000000, 1.000000, 8.000000, 11.000000
 157.666667, 1.272727, 0.452431, 1.541226, 2.063425
 182.666667, 0.698905, 0.235401, 1.479927, 1.764599
 172.000000, 0.620155, 0.199612, 1.395349, 1.664729
 175.666667, 0.597723, 0.231499, 1.343454, 1.645161
 166.000000, 0.365462, 0.204819, 1.459839, 1.712851
 189.333333, 0.735915, 0.177817, 1.352113, 1.577465
 179.666667, 0.595547, 0.185529, 1.332096, 1.564007
 182.333333, 0.685558, 0.168190, 1.394881, 1.608775
 195.333333, 0.788396, 0.156997, 1.329352, 1.535836
 174.666667, 0.828244, 0.227099, 1.496183, 1.782443
 178.000000, 0.691011, 0.189139, 1.398876, 1.647940
 171.666667, 0.537864, 0.198058, 1.368932, 1.621359
 188.666667, 0.720848, 0.199647, 1.399293, 1.643110
 182.666667, 0.664234, 0.191606, 1.417883, 1.664234
 179.666667, 0.858998, 0.220779, 1.415584, 1.684601
 178.000000, 0.777154, 0.198502, 1.513109, 1.758427
 181.666667, 1.187156, 0.288073, 1.473394, 1.818349
 184.000000, 0.925725, 0.260870, 1.498188, 1.826087
 176.333333, 0.493384, 0.219282, 1.646503, 1.945180
 166.333333, 0.757515, 0.244489, 1.877756, 2.176353
6
 0.250000, 0.000000, 1.000000, 6.000000, 9.000000
 163.000000, 1.492843, 0.378323, 1.580777, 2.008180
 181.333333, 0.902574, 0.218750, 1.336397, 1.606618
 182.000000, 0.858974, 0.184982, 1.333333, 1.565934
 166.666667, 0.526000, 0.232000, 1.444000, 1.730000
 172.666667, 0.548263, 0.212355, 1.430502, 1.687259
 182.000000, 0.615385, 0.184982, 1.426740, 1.668498
 174.333333, 0.604207, 0.172084, 1.372849, 1.602294
 179.666667, 0.606679, 0.183673, 1.445269, 1.673469
 187.333333, 0.768683, 0.179715, 1.341637, 1.583630
 170.000000, 0.729412, 0.239216, 1.527451, 1.827451
 181.000000, 0.795580, 0.180479, 1.430939, 1.681400
 176.666667, 0.569811, 0.198113, 1.292453, 1.537736
 183.000000, 0.938069, 0.211293, 1.510018, 1.766849
 178.666667, 0.472015, 0.169776, 1.436567, 1.662313
 168.333333, 0.772277, 0.215842, 1.489109, 1.750495
 174.333333, 0.827916, 0.210325, 1.548757, 1.808795
 185.666667, 1.100539, 0.272890, 1.497307, 1.831239
 179.333333, 0.624535, 0.191450, 1.423792, 1.661710
 179.000000, 0.756052, 0.229050, 1.402235, 1.679702
 160.000000, 0.587500, 0.200000, 1.858333, 2.108333
7
 0.250000, 0.000000, 1.000000, 6.000000, 9.000000
 144.000000, 0.921296, 0.361111, 1.678241, 2.090278
 185.666667, 0.947935, 0.213645, 1.434470, 1.692998
 179.333333, 0.763941, 0.195167, 1.342007, 1.602230
 173.000000, 0.780347, 0.200385, 1.335260, 1.587669
 176.666667, 0.679245, 0.209434, 1.432075, 1.690566
 188.333333, 0.768142, 0.201770, 1.366372, 1.621239
 177.333333, 0.650376, 0.171053, 1.379699, 1.599624
 169.333333, 0.592520, 0.177165, 1.407480, 1.627953
 190.333333, 0.746060, 0.152364, 1.262697, 1.462347
 175.000000, 0.721905, 0.215238, 1.468571, 1.729524
 181.333333, 0.722426, 0.181985, 1.443015, 1.672794
 171.666667, 0.543689, 0.225243, 1.335922, 1.627184
 178.000000, 0.681648, 0.189139, 1.486891, 1.724719
 182.333333, 0.455210, 0.144424, 1.484461, 1.674589
 179.666667, 0.762523, 0.192950, 1.454545, 1.695733
 175.000000, 0.664762, 0.222857, 1.643810, 1.910476
 196.666667, 1.155932, 0.277966, 1.454237, 1.796610
 181.000000, 0.723757, 0.224678, 1.495396, 1.766114
 178.000000, 0.614232, 0.224719, 1.385768, 1.668539
 170.000000, 0.913725, 0.258824, 1.798039, 2.103922
8
 0.250000, 1.000000, 0.000000, 0.000000, 30.000000
 152.333333, 1.389497, 0.420131, 1.730853, 2.214442
 173.333333, 0.332692, 0.209615, 1.425000, 1.682692
 189.666667, 0.671353, 0.196837, 1.321617, 1.564148
 186.333333, 0.729875, 0.252236, 1.243292, 1.568873
 176.333333, 0.735350, 0.207940, 1.493384, 1.748582
 184.000000, 0.807971, 0.182971, 1.454710, 1.684783
 184.666667, 0.740072, 0.194946, 1.400722, 1.653430
 173.000000, 0.693642, 0.190751, 1.514451, 1.755299
 190.333333, 0.686515, 0.164623, 1.215412, 1.423818
 174.000000, 0.894636, 0.224138, 1.492337, 1.766284
 193.000000, 0.763385, 0.200345, 1.414508, 1.659758
 177.333333, 0.796992, 0.240602, 1.319549, 1.605263
 177.333333, 0.691729, 0.219925, 1.522556, 1.793233
 172.000000, 0.412791, 0.176357, 1.478682, 1.697674
 175.666667, 0.855787, 0.220114, 1.538899, 1.802657
 178.666667, 0.744403, 0.223881, 1.623134, 1.908582
 187.000000, 1.194296, 0.278075, 1.518717, 1.873440
 175.333333, 0.728137, 0.195817, 1.520913, 1.760456
 172.666667, 0.579151, 0.223938, 1.457529, 1.729730
 163.666667, 0.784114, 0.224033, 1.867617, 2.144603
9
 0.250000, 0.000000, 6.000000, 0.000000, 31.000000
 153.333333, 1.180435, 0.530435, 1.613043, 2.213043
 174.666667, 0.572519, 0.219466, 1.419847, 1.683206
 180.333333, 0.757856, 0.207024, 1.393715, 1.646950
 185.000000, 0.776577, 0.218018, 1.250450, 1.518919
 185.666667, 0.861759, 0.193896, 1.350090, 1.587074
 182.666667, 0.857664, 0.211679, 1.403285, 1.660584
 184.000000, 0.603261, 0.182971, 1.382246, 1.608696
 177.000000, 0.693032, 0.169492, 1.433145, 1.649718
 193.333333, 0.746552, 0.165517, 1.286207, 1.496552
 176.000000, 0.768939, 0.200758, 1.376894, 1.623106
 189.000000, 0.998236, 0.197531, 1.312169, 1.555556
 184.000000, 0.670290, 0.188406, 1.288043, 1.543478
 191.000000, 0.780105, 0.191972, 1.469459, 1.703316
 187.666667, 0.586146, 0.177620, 1.483126, 1.705151
 183.333333, 0.801818, 0.200000, 1.549091, 1.794545
 170.666667, 0.654297, 0.216797, 1.509766, 1.775391
 195.000000, 1.056410, 0.254701, 1.444444, 1.752137
 174.333333, 0.600382, 0.175908, 1.447419, 1.669216
 182.000000, 0.514652, 0.212454, 1.428571, 1.688645
 171.333333, 0.955253, 0.227626, 1.904669, 2.196498
10
 0.250000, 1.000000, 0.000000, 0.000000, 29.000000
 153.333333, 1.530435, 0.369565, 1.689130, 2.128261
 168.666667, 0.745059, 0.211462, 1.389328, 1.666008
 173.333333, 0.453846, 0.188462, 1.365385, 1.609615
 171.333333, 0.612840, 0.219844, 1.326848, 1.610895
 184.666667, 0.808664, 0.180505, 1.397112, 1.626354
 189.333333, 0.818662, 0.195423, 1.371479, 1.612676
 175.666667, 0.493359, 0.166983, 1.415560, 1.633776
 186.333333, 0.724508, 0.218247, 1.431127, 1.720930
 184.666667, 0.510830, 0.153430, 1.238267, 1.445848
 170.666667, 0.744141, 0.210938, 1.542969, 1.796875
 198.666667, 0.934564, 0.199664, 1.377517, 1.625839
 190.000000, 0.763158, 0.205263, 1.263158, 1.524561
 173.666667, 0.761996, 0.176583, 1.857965, 2.094050
 196.666667, 0.689831, 0.188136, 1.374576, 1.616949
 173.333333, 0.767308, 0.225000, 1.707692, 2.000000
 179.000000, 0.743017, 0.234637, 1.590317, 1.871508
 183.666667, 0.756806, 0.241379, 1.433757, 1.725953
 171.666667, 0.695146, 0.188350, 1.460194, 1.714563
 170.666667, 0.742188, 0.224609, 1.384766, 1.667969
 163.000000, 0.811861, 0.241309, 1.834356, 2.155419
11
 0.250000, 0.000000, 0.000000, 0.000000, 29.000000
 153.000000, 1.623094, 0.509804, 1.699346, 2.296296
 180.666667, 0.629151, 0.221402, 1.433579, 1.699262
 199.000000, 0.762144, 0.226131, 1.373534, 1.641541
 171.666667, 0.586408, 0.219417, 1.291262, 1.559223
 177.333333, 0.674812, 0.201128, 1.464286, 1.712406
 178.666667, 0.781716, 0.201493, 1.330224, 1.578358
 174.666667, 0.528626, 0.171756, 1.265267, 1.482824
 176.000000, 0.577652, 0.214015, 1.418561, 1.685606
 191.333333, 0.580139, 0.144599, 1.275261, 1.463415
 177.666667, 0.827392, 0.238274, 1.525328, 1.819887
 186.333333, 0.837209, 0.196780, 1.388193, 1.645796
 179.666667, 0.627087, 0.191095, 1.328386, 1.576994
 178.666667, 0.660448, 0.184701, 1.548507, 1.785448
 175.000000, 0.527619, 0.184762, 1.523810, 1.752381
 195.333333, 0.952218, 0.233788, 1.389078, 1.670648
 171.000000, 0.779727, 0.216374, 1.549708, 1.820663
 175.000000, 1.066667, 0.253333, 1.459048, 1.767619
 167.666667, 0.626243, 0.208748, 1.540755, 1.805169
 190.333333, 1.036778, 0.234676, 1.397548, 1.679510
 174.333333, 0.919694, 0.258126, 1.795411, 2.101338
12
 0.250000, 0.000000, 0.000000, 0.000000, 28.000000
 151.666667, 1.298901, 0.402198, 1.701099, 2.153846
 170.333333, 0.819961, 0.209393, 1.436399, 1.712329
 170.000000, 0.607843, 0.184314, 1.321569, 1.556863
 181.333333, 0.735294, 0.213235, 1.351103, 1.621324
 189.666667, 0.838313, 0.205624, 1.444640, 1.697715
 186.000000, 0.623656, 0.173835, 1.392473, 1.611111
 171.000000, 0.567251, 0.179337, 1.233918, 1.460039
 174.666667, 0.532443, 0.175573, 1.513359, 1.746183
 203.000000, 0.885057, 0.160920, 1.236453, 1.438424
 169.666667, 0.724951, 0.233792, 1.577603, 1.870334
 184.333333, 0.683544, 0.182640, 1.385172, 1.614828
 171.333333, 0.610895, 0.204280, 1.321012, 1.571984
 172.666667, 0.600386, 0.189189, 1.517375, 1.750965
 182.333333, 0.747715, 0.186472, 1.425960, 1.658135
 175.666667, 0.734345, 0.210626, 1.523719, 1.783681
 181.333333, 0.979779, 0.246324, 1.454044, 1.748162
 169.333333, 0.468504, 0.261811, 1.513780, 1.836614
 166.666667, 0.460000, 0.190000, 1.800000, 2.034000
 167.333333, 0.605578, 0.225100, 1.408367, 1.685259
 156.666667, 0.808511, 0.263830, 1.876596, 2.189362
13
 0.250000, 0.000000, 0.000000, 1.000000, 2.000000
 157.000000, 1.371550, 0.424628, 1.662420, 2.150743
 195.333333, 0.776451, 0.191126, 1.337884, 1.580205
 182.333333, 0.954296, 0.206581, 1.340037, 1.606947
 199.000000, 0.976549, 0.226131, 1.229481, 1.504188
 168.666667, 0.468379, 0.195652, 1.397233, 1.640316
 179.666667, 0.717996, 0.178108, 1.408163, 1.632653
 177.666667, 0.574109, 0.185741, 1.382739, 1.613508
 175.333333, 0.585551, 0.169202, 1.437262, 1.653992
 194.000000, 0.654639, 0.175258, 1.292096, 1.512027
 175.333333, 0.699620, 0.273764, 1.492395, 1.819392
 184.000000, 0.777174, 0.199275, 1.418478, 1.677536
 180.666667, 0.726937, 0.173432, 1.378229, 1.599631
 173.666667, 0.543186, 0.184261, 1.585413, 1.831094
 186.000000, 0.675627, 0.166667, 1.464158, 1.675627
 169.000000, 0.747535, 0.207101, 1.564103, 1.834320
 173.000000, 0.674374, 0.211946, 1.560694, 1.832370
 181.000000, 0.979742, 0.215470, 1.440147, 1.709024
 167.666667, 0.598410, 0.186879, 1.504970, 1.739563
 184.666667, 1.052347, 0.285199, 1.384477, 1.716606
 169.000000, 0.859961, 0.242604, 1.897436, 2.199211
14
 0.250000, 0.000000, 0.000000, 1.000000, 2.000000
 159.000000, 1.775681, 0.465409, 1.549266, 2.077568
 179.333333, 0.594796, 0.213755, 1.412639, 1.671004
 186.666667, 0.832143, 0.207143, 1.408929, 1.660714
 186.333333, 0.783542, 0.212880, 1.291592, 1.549195
 177.666667, 0.626642, 0.191370, 1.317073, 1.551595
 183.666667, 0.874773, 0.190563, 1.362976, 1.600726
 174.000000, 0.557471, 0.180077, 1.348659, 1.578544
 179.000000, 0.456238, 0.186220, 1.491620, 1.722533
 187.000000, 0.550802, 0.162210, 1.212121, 1.420677
 175.666667, 0.743833, 0.275142, 1.542694, 1.867173
 180.000000, 0.651852, 0.185185, 1.455556, 1.709259
 177.666667, 0.634146, 0.181989, 1.317073, 1.547842
 184.666667, 0.705776, 0.196751, 1.492780, 1.758123
 181.333333, 0.634191, 0.170956, 1.457721, 1.674632
 172.000000, 0.843023, 0.222868, 1.531008, 1.800388
 173.000000, 0.743738, 0.223507, 1.514451, 1.788054
 167.000000, 0.932136, 0.291417, 1.598802, 1.966068
 175.666667, 0.607211, 0.180266, 1.430740, 1.669829
 184.000000, 0.690217, 0.221014, 1.407609, 1.686594
 157.333333, 0.654661, 0.245763, 1.805085, 2.101695
15
 0.250000, 0.000000, 0.000000, 0.000000, 1.000000
 155.333333, 0.967811, 0.431330, 1.761803, 2.255365
 173.666667, 0.740883, 0.224568, 1.397313, 1.667946
 174.000000, 0.783525, 0.237548, 1.496169, 1.793103
 178.666667, 0.591418, 0.220149, 1.339552, 1.636194
 172.333333, 0.694391, 0.195358, 1.431335, 1.684720
 185.333333, 0.776978, 0.194245, 1.399281, 1.636691
 181.666667, 0.722936, 0.174312, 1.333945, 1.552294
 182.000000, 0.633700, 0.195971, 1.448718, 1.695971
 181.000000, 0.390424, 0.154696, 1.346225, 1.545120
 171.000000, 0.705653, 0.228070, 1.481481, 1.756335
 183.666667, 0.960073, 0.190563, 1.422868, 1.675136
 168.000000, 0.587302, 0.204365, 1.361111, 1.615079
 178.000000, 0.554307, 0.174157, 1.503745, 1.724719
 182.333333, 0.414991, 0.157221, 1.466179, 1.669104
 173.666667, 0.604607, 0.207294, 1.618042, 1.884837
 177.666667, 0.868668, 0.213884, 1.487805, 1.752345
 180.333333, 0.850277, 0.227357, 1.469501, 1.783734
 178.000000, 0.646067, 0.202247, 1.451311, 1.717228
 179.000000, 0.919926, 0.245810, 1.487896, 1.783985
 173.000000, 0.820809, 0.242775, 1.822736, 2.127168
16
 0.250000, 0.000000, 0.000000, 1.000000, 7.000000
 152.333333, 1.343545, 0.450766, 1.588621, 2.094092
 177.666667, 0.622889, 0.206379, 1.369606, 1.622889
 190.333333, 0.954466, 0.187391, 1.309982, 1.542907
 192.333333, 0.795494, 0.220104, 1.263432, 1.526863
 178.666667, 0.647388, 0.195896, 1.468284, 1.712687
 182.666667, 0.684307, 0.182482, 1.423358, 1.647810
 177.666667, 0.574109, 0.168856, 1.298311, 1.512195
 174.666667, 0.685115, 0.177481, 1.473282, 1.694656
 190.333333, 0.432574, 0.147110, 1.259194, 1.455342
 173.333333, 0.875000, 0.228846, 1.432692, 1.705769
 178.333333, 0.704673, 0.183178, 1.379439, 1.613084
 180.666667, 0.898524, 0.230627, 1.280443, 1.555351
 186.666667, 0.662500, 0.196429, 1.478571, 1.719643
 180.000000, 0.538889, 0.153704, 1.507407, 1.705556
 181.000000, 0.734807, 0.198895, 1.440147, 1.685083
 187.000000, 0.823529, 0.206774, 1.424242, 1.679144
 192.333333, 1.185442, 0.291161, 1.436742, 1.776430
 181.000000, 0.670350, 0.195212, 1.445672, 1.692449
 174.333333, 0.562141, 0.217973, 1.468451, 1.734226
 171.666667, 0.965049, 0.238835, 1.803883, 2.095146
17
 0.250000, 0.000000, 0.000000, 6.000000, 6.000000
 145.333333, 1.504587, 0.435780, 1.639908, 2.149083
 177.333333, 0.836466, 0.236842, 1.413534, 1.695489
 180.000000, 0.831481, 0.174074, 1.487037, 1.720370
 189.333333, 0.804577, 0.207746, 1.267606, 1.522887
 182.333333, 0.541133, 0.188300, 1.471664, 1.707495
 188.000000, 0.819149, 0.195035, 1.375887, 1.624113
 178.000000, 0.576779, 0.204120, 1.316479, 1.561798
 176.666667, 0.513208, 0.201887, 1.503774, 1.758491
 190.666667, 0.648601, 0.150350, 1.309441, 1.512238
 164.000000, 0.617886, 0.221545, 1.565041, 1.837398
 190.666667, 0.753497, 0.190559, 1.365385, 1.613636
 165.000000, 0.604040, 0.187879, 1.305051, 1.545455
 185.000000, 0.899099, 0.189189, 1.522523, 1.769369
 180.333333, 0.526802, 0.166359, 1.415896, 1.652495
 188.000000, 0.771277, 0.234043, 1.361702, 1.643617
 176.333333, 0.964083, 0.249527, 1.540643, 1.839319
 183.333333, 0.947273, 0.261818, 1.516364, 1.838182
 177.333333, 0.766917, 0.191729, 1.419173, 1.661654
 176.000000, 0.695076, 0.232955, 1.393939, 1.687500
 166.666667, 0.976000, 0.236000, 1.806000, 2.108000
18
 0.250000, 2.000000, 0.000000, 0.000000, 7.000000
 152.666667, 1.205240, 0.379913, 1.650655, 2.109170
 183.333333, 0.729091, 0.232727, 1.376364, 1.654545
 181.333333, 0.729779, 0.178309, 1.312500, 1.534926
 184.666667, 0.604693, 0.193141, 1.258123, 1.496390
 179.666667, 0.788497, 0.179963, 1.443414, 1.671614
 177.000000, 0.508475, 0.193974, 1.480226, 1.726930
 171.000000, 0.625731, 0.181287, 1.259259, 1.499025
 172.333333, 0.717602, 0.181818, 1.510638, 1.740812
 187.666667, 0.609236, 0.158082, 1.333925, 1.536412
 172.333333, 0.878143, 0.303675, 1.528046, 1.882012
 187.666667, 0.731794, 0.200710, 1.403197, 1.662522
 174.666667, 0.624046, 0.221374, 1.303435, 1.574427
 181.333333, 0.806985, 0.209559, 1.534926, 1.788603
 179.333333, 0.436803, 0.165428, 1.496283, 1.706320
 184.666667, 0.859206, 0.223827, 1.460289, 1.727437
 180.000000, 0.750000, 0.209259, 1.451852, 1.707407
 182.333333, 0.939671, 0.290676, 1.530165, 1.881170
 172.000000, 0.711240, 0.222868, 1.478682, 1.753876
 174.666667, 0.612595, 0.251908, 1.400763, 1.721374
 167.333333, 0.862550, 0.227092, 1.800797, 2.093625
19
 0.250000, 1.000000, 0.000000, 0.000000, 1.000000
 159.666667, 1.434238, 0.434238, 1.603340, 2.104384
 183.333333, 0.730909, 0.230909, 1.434545, 1.732727
 170.333333, 0.641879, 0.197652, 1.409002, 1.655577
 195.666667, 0.764906, 0.178876, 1.255537, 1.482112
 184.333333, 0.811935, 0.206148, 1.441230, 1.690778
 174.333333, 0.573614, 0.185468, 1.380497, 1.625239
 174.333333, 0.478011, 0.170172, 1.399618, 1.613767
 184.000000, 0.632246, 0.202899, 1.434783, 1.681159
 197.000000, 0.737733, 0.152284, 1.280880, 1.492386
 179.000000, 0.890130, 0.256983, 1.506518, 1.808194
 173.000000, 0.612717, 0.200385, 1.408478, 1.657033
 173.666667, 0.541267, 0.191939, 1.289827, 1.550864
 171.000000, 0.625731, 0.200780, 1.522417, 1.773879
 183.666667, 0.756806, 0.176044, 1.499093, 1.731397
 176.000000, 0.753788, 0.189394, 1.418561, 1.664773
 182.000000, 0.730769, 0.230769, 1.527473, 1.824176
 176.333333, 0.788280, 0.228733, 1.510397, 1.816635
 178.000000, 0.698502, 0.222846, 1.458801, 1.741573
 182.000000, 0.756410, 0.249084, 1.369963, 1.690476
 169.000000, 0.644970, 0.236686, 1.727811, 2.017751
20
 0.250000, 0.000000, 0.000000, 0.000000, 0.000000
 152.666667, 1.469432, 0.495633, 1.766376, 2.314410
 182.666667, 0.532847, 0.208029, 1.388686, 1.640511
 186.333333, 0.844365, 0.180680, 1.384615, 1.617174
 185.333333, 0.447842, 0.215827, 1.323741, 1.595324
 170.333333, 0.688845, 0.199609, 1.495108, 1.749511
 183.666667, 0.586207, 0.199637, 1.399274, 1.646098
 190.333333, 0.597198, 0.166375, 1.206655, 1.413310
 191.333333, 0.907666, 0.209059, 1.393728, 1.644599
 196.000000, 0.695578, 0.151361, 1.314626, 1.511905
 172.000000, 0.815891, 0.205426, 1.525194, 1.788760
 181.333333, 0.672794, 0.176471, 1.424632, 1.648897
 170.333333, 0.637965, 0.203523, 1.318982, 1.571429
 179.333333, 0.654275, 0.202602, 1.544610, 1.793680
 187.666667, 0.616341, 0.165187, 1.492007, 1.705151
 178.000000, 0.764045, 0.220974, 1.565543, 1.842697
 170.666667, 0.730469, 0.253906, 1.675781, 1.980469
 169.666667, 0.740668, 0.229862, 1.603143, 1.891945
 190.000000, 0.687719, 0.243860, 1.422807, 1.710526
 174.000000, 0.603448, 0.193487, 1.438697, 1.681992
 179.000000, 0.776536, 0.191806, 1.612663, 1.851024
21
 0.250000, 1.000000, 0.000000, 1.000000, 1.000000
 146.666667, 0.936364, 0.470455, 1.650000, 2.211364
 177.666667, 0.654784, 0.230769, 1.433396, 1.707317
 177.333333, 0.537594, 0.178571, 1.390977, 1.616541
 176.666667, 0.464151, 0.216981, 1.371698, 1.635849
 170.666667, 0.625000, 0.210938, 1.542969, 1.798828
 174.333333, 0.604207, 0.193117, 1.437859, 1.674952
 184.333333, 0.566004, 0.160940, 1.276673, 1.481013
 179.000000, 0.627561, 0.191806, 1.383613, 1.629423
 189.000000, 0.592593, 0.144621, 1.352734, 1.544974
 169.000000, 0.664694, 0.228797, 1.463511, 1.765286
 186.666667, 0.850000, 0.180357, 1.358929, 1.583929
 174.333333, 0.512428, 0.185468, 1.374761, 1.608031
 184.333333, 0.786618, 0.204340, 1.504521, 1.757685
 176.333333, 0.731569, 0.196597, 1.465028, 1.710775
 172.666667, 0.741313, 0.220077, 1.486486, 1.754826
 164.333333, 0.896552, 0.233266, 1.616633, 1.912779
 182.000000, 0.789377, 0.250916, 1.652015, 1.959707
 182.666667, 0.742701, 0.182482, 1.427007, 1.680657
 169.333333, 0.614173, 0.218504, 1.503937, 1.777559
 166.333333, 0.915832, 0.238477, 1.863727, 2.150301
22
 0.250000, 2.000000, 0.000000, 0.000000, 1.000000
 154.333333, 1.803456, 0.492441, 1.762419, 2.349892
 192.333333, 1.107452, 0.296360, 1.325823, 1.665511
 177.000000, 0.711864, 0.186441, 1.397363, 1.640301
 188.333333, 0.745133, 0.189381, 1.284956, 1.520354
 185.666667, 0.766607, 0.199282, 1.385996, 1.631957
 183.666667, 0.742287, 0.186933, 1.388385, 1.635209
 182.666667, 0.720803, 0.204380, 1.341241, 1.593066
 190.666667, 0.655594, 0.201049, 1.375874, 1.620629
 195.666667, 0.621806, 0.144804, 1.212947, 1.400341
 171.333333, 0.622568, 0.243191, 1.416342, 1.745136
 185.666667, 0.718133, 0.188510, 1.369838, 1.606822
 185.000000, 0.715315, 0.218018, 1.326126, 1.594595
 197.333333, 0.969595, 0.204392, 1.462838, 1.714527
 173.000000, 0.576108, 0.169557, 1.491329, 1.707129
 184.000000, 0.909420, 0.201087, 1.420290, 1.668478
 183.000000, 0.792350, 0.224044, 1.442623, 1.730419
 176.666667, 0.649057, 0.239623, 1.530189, 1.830189
 175.333333, 0.899240, 0.205323, 1.463878, 1.737643
 180.000000, 0.735185, 0.231481, 1.450000, 1.744444
 169.666667, 0.719057, 0.214145, 1.827112, 2.086444
23
 0.250000, 3.000000, 0.000000, 1.000000, 1.000000
 161.333333, 1.388430, 0.530992, 1.646694, 2.229339
 184.666667, 0.971119, 0.265343, 1.481949, 1.828520
 187.333333, 0.822064, 0.193950, 1.320285, 1.569395
 180.666667, 0.588561, 0.212177, 1.291513, 1.547970
 183.333333, 0.714545, 0.192727, 1.352727, 1.592727
 182.000000, 0.631868, 0.194139, 1.448718, 1.695971
 192.333333, 0.762565, 0.180243, 1.282496, 1.506066
 176.666667, 0.754717, 0.192453, 1.488679, 1.730189
 187.333333, 0.498221, 0.144128, 1.450178, 1.642349
 181.666667, 0.812844, 0.201835, 1.521101, 1.768807
 185.333333, 0.875899, 0.183453, 1.370504, 1.620504
 188.333333, 0.826549, 0.198230, 1.315044, 1.559292
 185.666667, 0.779174, 0.197487, 1.486535, 1.728905
 177.000000, 0.591337, 0.184557, 1.478343, 1.711864
 164.666667, 0.680162, 0.200405, 1.524291, 1.771255
 173.333333, 0.751923, 0.232692, 1.503846, 1.788462
 187.666667, 0.861456, 0.261101, 1.477798, 1.790409
 182.666667, 0.850365, 0.202555, 1.428832, 1.680657
 179.666667, 0.551020, 0.191095, 1.489796, 1.740260
 155.000000, 0.490323, 0.223656, 1.883871, 2.167742
24
 0.250000, 0.000000, 0.000000, 19.000000, 25.000000
 159.333333, 1.774059, 0.420502, 1.623431, 2.096234
 178.333333, 0.461682, 0.196262, 1.396262, 1.648598
 182.666667, 0.709854, 0.191606, 1.348540, 1.585766
 189.000000, 0.638448, 0.211640, 1.303351, 1.571429
 186.000000, 0.940860, 0.229391, 1.446237, 1.718638
 180.333333, 0.696858, 0.170055, 1.528651, 1.743068
 184.666667, 0.602888, 0.175090, 1.258123, 1.478339
 183.000000, 0.714026, 0.173042, 1.437158, 1.652095
 200.666667, 0.769103, 0.152824, 1.239203, 1.438538
 179.666667, 0.844156, 0.237477, 1.495362, 1.779221
 191.000000, 0.937173, 0.211169, 1.410122, 1.664921
 183.666667, 0.533575, 0.215971, 1.275862, 1.544465
 181.333333, 0.926471, 0.220588, 1.485294, 1.751838
 179.333333, 0.533457, 0.172862, 1.524164, 1.743494
 177.000000, 0.789077, 0.214689, 1.500942, 1.758945
 173.666667, 0.646833, 0.226488, 1.520154, 1.802303
 171.000000, 0.752437, 0.228070, 1.481481, 1.764133
 180.333333, 0.637708, 0.214418, 1.460259, 1.719039
 182.000000, 0.609890, 0.232601, 1.402930, 1.684982
 178.666667, 1.050373, 0.276119, 1.757463, 2.082090
25
 0.250000, 0.000000, 0.000000, 0.000000, 20.000000
 161.333333, 1.716942, 0.407025, 1.772727, 2.233471
 183.000000, 0.888889, 0.242259, 1.418944, 1.704918
 186.666667, 0.751786, 0.178571, 1.287500, 1.535714
 187.000000, 0.786096, 0.231729, 1.370766, 1.650624
 171.666667, 0.578641, 0.196117, 1.466019, 1.710680
 188.000000, 0.906028, 0.196809, 1.331560, 1.574468
 185.000000, 0.520721, 0.171171, 1.282883, 1.500901
 174.666667, 0.492366, 0.158397, 1.564885, 1.767176
 198.333333, 0.692437, 0.169748, 1.223529, 1.436975
 172.666667, 0.830116, 0.249035, 1.507722, 1.801158
 190.333333, 0.656743, 0.190893, 1.360771, 1.598949
 181.000000, 0.666667, 0.197053, 1.364641, 1.611418
 171.000000, 0.744639, 0.206628, 1.633528, 1.890838
 178.666667, 0.583955, 0.182836, 1.492537, 1.731343
 172.000000, 0.782946, 0.211240, 1.525194, 1.796512
 169.000000, 0.717949, 0.236686, 1.639053, 1.930966
 186.333333, 0.926655, 0.236136, 1.436494, 1.722719
 178.000000, 0.552434, 0.181648, 1.391386, 1.619850
 180.000000, 0.727778, 0.233333, 1.300000, 1.601852
 174.333333, 0.906310, 0.219885, 1.774379, 2.042065
26
 0.250000, 0.000000, 0.000000, 6.000000, 6.000000
 156.333333, 1.439232, 0.445629, 1.601279, 2.138593
 190.333333, 0.796848, 0.197898, 1.373030, 1.612960
 180.333333, 0.617375, 0.199630, 1.308688, 1.585952
 170.666667, 0.460938, 0.234375, 1.302734, 1.582031
 187.333333, 0.786477, 0.208185, 1.432384, 1.695730
 185.000000, 0.636036, 0.190991, 1.398198, 1.634234
 184.333333, 0.540687, 0.177215, 1.296564, 1.528029
 178.666667, 0.671642, 0.175373, 1.447761, 1.664179
 191.000000, 0.602094, 0.150087, 1.251309, 1.452007
 172.666667, 0.747104, 0.235521, 1.370656, 1.669884
 184.000000, 0.635870, 0.170290, 1.291667, 1.512681
 174.000000, 0.618774, 0.178161, 1.335249, 1.568966
 189.333333, 0.776408, 0.183099, 1.450704, 1.688380
 179.333333, 0.403346, 0.172862, 1.483271, 1.698885
 191.666667, 0.986087, 0.208696, 1.490435, 1.747826
 166.000000, 0.748996, 0.218876, 1.596386, 1.879518
 178.666667, 0.736940, 0.235075, 1.462687, 1.757463
 171.333333, 0.817121, 0.225681, 1.476654, 1.750973
 187.666667, 0.744227, 0.248668, 1.433393, 1.737123
 159.666667, 0.745303, 0.212944, 1.941545, 2.227557
27
 0.250000, 0.000000, 0.000000, 0.000000, 0.000000
 156.333333, 1.729211, 0.473348, 1.750533, 2.319829
 177.333333, 0.503759, 0.206767, 1.503759, 1.770677
 179.333333, 0.806691, 0.206320, 1.420074, 1.674721
 187.333333, 0.770463, 0.220641, 1.249110, 1.517794
 179.666667, 0.717996, 0.200371, 1.473098, 1.729128
 180.000000, 0.662963, 0.170370, 1.370370, 1.587037
 179.000000, 0.525140, 0.180633, 1.255121, 1.478585
 178.000000, 0.591760, 0.170412, 1.430712, 1.651685
 203.666667, 0.643208, 0.147300, 1.242226, 1.443535
 177.333333, 0.686090, 0.231203, 1.496241, 1.772556
 178.333333, 0.742056, 0.196262, 1.418692, 1.663551
 172.000000, 0.713178, 0.251938, 1.333333, 1.633721
 168.333333, 0.588119, 0.205941, 1.558416, 1.813861
 183.333333, 0.734545, 0.192727, 1.369091, 1.607273
 174.333333, 0.808795, 0.193117, 1.424474, 1.692161
 166.666667, 0.902000, 0.252000, 1.454000, 1.766000
 168.000000, 0.821429, 0.267857, 1.521825, 1.843254
 176.000000, 0.501894, 0.208333, 1.365530, 1.617424
 181.333333, 0.650735, 0.264706, 1.422794, 1.733456
 165.666667, 0.619718, 0.243461, 1.720322, 2.026157
28
 0.250000, 0.000000, 0.000000, 0.000000, 1.000000
 149.000000, 1.257271, 0.451902, 1.695749, 2.201342
 180.666667, 0.791513, 0.256458, 1.463100, 1.785978
 177.666667, 0.720450, 0.198874, 1.424015, 1.671670
 195.666667, 0.930153, 0.192504, 1.282794, 1.533220
 188.666667, 0.959364, 0.206714, 1.381625, 1.632509
 183.000000, 0.810565, 0.180328, 1.329690, 1.566485
 178.666667, 0.567164, 0.179104, 1.283582, 1.507463
 180.000000, 0.627778, 0.188889, 1.374074, 1.605556
 197.666667, 0.709949, 0.165261, 1.308600, 1.526138
 175.000000, 0.836190, 0.247619, 1.558095, 1.851429
 185.333333, 0.812950, 0.192446, 1.469424, 1.710432
 184.666667, 0.711191, 0.187726, 1.348375, 1.581227
 196.000000, 0.841837, 0.170068, 1.450680, 1.675170
 184.000000, 0.498188, 0.184783, 1.416667, 1.648551
 184.666667, 0.806859, 0.203971, 1.500000, 1.761733
 175.333333, 0.733840, 0.235741, 1.617871, 1.912548
 186.666667, 1.010714, 0.246429, 1.483929, 1.789286
 186.000000, 0.715054, 0.175627, 1.397849, 1.616487
 183.000000, 0.573770, 0.211293, 1.367942, 1.642987
 158.000000, 0.548523, 0.289030, 1.797468, 2.145570
29
 0.250000, 1.000000, 0.000000, 0.000000, 0.000000
 159.666667, 1.308977, 0.407098, 1.691023, 2.202505
 185.000000, 0.711712, 0.200000, 1.360360, 1.601802
 181.666667, 0.735780, 0.205505, 1.280734, 1.544954
 187.666667, 0.653641, 0.216696, 1.264654, 1.527531
 178.333333, 0.699065, 0.179439, 1.450467, 1.676636
 177.333333, 0.597744, 0.182331, 1.404135, 1.631579
 179.333333, 0.734201, 0.191450, 1.288104, 1.529740
 181.000000, 0.585635, 0.206262, 1.386740, 1.640884
 192.333333, 0.648180, 0.157712, 1.282496, 1.485269
 171.333333, 0.719844, 0.202335, 1.484436, 1.745136
 174.000000, 0.647510, 0.180077, 1.634100, 1.913793
 176.333333, 0.612476, 0.194707, 1.361059, 1.599244
 184.666667, 0.992780, 0.196751, 1.472924, 1.718412
 172.666667, 0.442085, 0.164093, 1.488417, 1.702703
 174.333333, 0.659656, 0.216061, 1.523901, 1.783939
 167.000000, 0.724551, 0.203593, 1.602794, 1.904192
 170.333333, 0.726027, 0.256360, 1.461840, 1.778865
 168.333333, 0.708911, 0.211881, 1.441584, 1.720792
 196.000000, 0.858844, 0.258503, 1.389456, 1.692177
 185.000000, 1.028829, 0.223423, 1.769369, 2.043243
30
 0.250000, 2.000000, 0.000000, 0.000000, 0.000000
 174.333333, 2.032505, 0.483748, 1.634799, 2.198853
 178.000000, 0.949438, 0.207865, 1.359551, 1.631086
 180.333333, 0.988909, 0.225508, 1.404806, 1.678373
 177.333333, 0.695489, 0.240602, 1.313910, 1.618421
 181.666667, 0.783486, 0.201835, 1.385321, 1.640367
 185.333333, 0.829137, 0.190647, 1.307554, 1.539568
 177.000000, 0.544256, 0.173258, 1.370998, 1.589454
 190.000000, 0.959649, 0.180702, 1.373684, 1.598246
 198.000000, 0.686869, 0.151515, 1.267677, 1.461279
 164.333333, 0.645030, 0.239351, 1.505071, 1.795132
 183.000000, 0.726776, 0.187614, 1.347905, 1.581056
 190.666667, 0.851399, 0.209790, 1.281469, 1.545455
 184.333333, 0.893309, 0.211573, 1.455696, 1.725136
 183.666667, 0.513612, 0.176044, 1.455535, 1.675136
 178.666667, 0.667910, 0.235075, 1.518657, 1.800373
 174.000000, 0.862069, 0.233716, 1.595785, 1.894636
 179.333333, 0.789963, 0.280669, 1.518587, 1.882900
 182.333333, 0.804388, 0.215722, 1.451554, 1.725777
 181.000000, 0.644567, 0.228361, 1.534070, 1.819521
 174.666667, 0.854962, 0.215649, 1.795802, 2.070611
31
 0.250000, 1.000000, 0.000000, 6.000000, 6.000000
 163.666667, 1.676171, 0.443992, 1.755601, 2.256619
 192.333333, 0.797227, 0.233969, 1.419411, 1.696707
 198.666667, 0.951342, 0.189597, 1.239933, 1.474832
 181.000000, 0.642726, 0.211786, 1.272560, 1.532228
 171.000000, 0.672515, 0.198830, 1.407407, 1.653021
 181.000000, 0.707182, 0.193370, 1.418048, 1.668508
 179.666667, 0.705009, 0.174397, 1.352505, 1.571429
 175.666667, 0.607211, 0.180266, 1.495256, 1.721063
 186.666667, 0.580357, 0.157143, 1.266071, 1.467857
 181.333333, 1.066176, 0.277574, 1.431985, 1.766544
 183.666667, 0.847550, 0.186933, 1.321234, 1.558984
 176.333333, 0.657845, 0.189036, 1.313800, 1.550095
 172.000000, 0.697674, 0.195736, 1.513566, 1.755814
 181.000000, 0.567219, 0.174954, 1.418048, 1.648250
 182.333333, 0.925046, 0.223035, 1.453382, 1.720293
 183.666667, 1.226860, 0.270417, 1.508167, 1.827586
 191.000000, 0.898778, 0.270506, 1.406632, 1.738220
 183.333333, 0.710909, 0.232727, 1.450909, 1.727273
 190.666667, 0.987762, 0.286713, 1.314685, 1.646853
 172.000000, 0.788760, 0.232558, 1.720930, 2.000000
Histogram
4 0 0 0 0 0 0 0 0 0 6 0 0 0 32 107 203 163 55 14 26 26 11 5 0 0 0 0 0 0 0 0 0 0 0 0 0 0 0 0 0 0 0 0 0 0 0 0 0 0 0 0 0 0 0 0 0 0 0 0 3 0 0 0 0 0 0 0 0 0 2 0 0 0 0 0 0 0 0 0 0 0 0 0 0 0 0 0 0 0 2 0 0 0 0 0 0 0 0 0 1 0 0 0 0 0 0 0 0 0 2 0 0 0 0 0 0 0 0 10 
Cache Miss Ratio
NaN
numOfSets
343017
numOfGets
0
numOfMultiGets
0
