21
0
 0.250000, 0.000000, 2.000000, 15.000000, 21.000000
 181.333333, 3.604779, 1.220588, 3.242647, 4.540441
 213.333333, 4.115625, 1.053125, 3.025000, 4.134375
 215.666667, 4.842349, 1.217929, 2.910355, 4.200927
 215.333333, 4.130031, 1.080495, 3.078947, 4.222910
 201.333333, 3.895695, 0.970199, 3.000000, 4.026490
 227.666667, 4.019034, 0.882870, 2.612006, 3.549048
 218.000000, 4.345566, 1.018349, 2.984709, 4.074924
 200.666667, 4.662791, 1.126246, 3.156146, 4.380399
 200.000000, 3.613333, 1.000000, 3.183333, 4.246667
 209.000000, 4.103668, 1.007974, 2.937799, 4.012759
 223.000000, 4.319880, 0.965620, 2.852018, 3.869955
 206.666667, 4.090323, 1.188710, 3.248387, 4.496774
 206.000000, 4.663430, 1.077670, 3.080906, 4.236246
 211.666667, 4.236220, 0.932283, 3.059843, 4.081890
 202.333333, 4.553542, 1.158155, 3.016474, 4.280066
 214.000000, 4.619938, 1.116822, 2.979751, 4.152648
 228.000000, 4.660819, 1.052632, 2.814327, 3.931287
 194.666667, 4.256849, 1.078767, 3.155822, 4.330479
 201.333333, 3.440397, 0.978477, 3.091060, 4.140728
 208.000000, 4.657051, 1.169872, 3.088141, 4.333333
1
 0.250000, 0.000000, 3.000000, 15.000000, 21.000000
 180.666667, 3.802583, 1.151292, 3.273063, 4.496310
 220.333333, 4.413011, 1.140696, 2.950076, 4.148260
 221.333333, 4.801205, 1.171687, 2.834337, 4.061747
 209.333333, 3.952229, 1.087580, 3.062102, 4.235669
 226.666667, 4.835294, 1.110294, 2.783824, 3.941176
 212.333333, 3.116170, 0.816327, 2.623234, 3.497645
 221.333333, 4.135542, 0.974398, 2.906627, 3.929217
 219.666667, 5.417299, 1.191199, 2.952959, 4.203338
 212.000000, 4.518868, 0.996855, 2.965409, 4.022013
 209.000000, 3.851675, 0.931419, 2.933014, 3.937799
 215.666667, 4.049459, 1.018547, 2.817620, 3.899536
 211.000000, 3.924171, 1.074250, 3.063191, 4.210111
 205.666667, 4.555916, 1.077796, 2.995138, 4.163695
 197.666667, 3.973019, 1.000000, 3.145025, 4.247892
 184.333333, 4.110307, 0.971067, 3.153707, 4.209765
 192.666667, 3.553633, 0.953287, 3.397924, 4.434256
 220.000000, 4.327273, 1.116667, 2.957576, 4.133333
 216.666667, 4.710769, 1.290769, 2.955385, 4.332308
 211.000000, 3.881517, 0.979463, 2.954186, 3.995261
 194.000000, 4.032646, 1.159794, 3.209622, 4.439863
2
 0.250000, 4.000000, 3.000000, 2.000000, 17.000000
 174.666667, 3.288168, 1.061069, 3.244275, 4.385496
 225.333333, 4.062130, 1.105030, 2.902367, 4.060651
 229.000000, 4.639010, 1.267831, 2.815138, 4.135371
 214.000000, 4.348910, 1.090343, 3.060748, 4.216511
 214.333333, 4.516330, 1.104199, 2.912908, 4.080871
 228.333333, 3.835036, 0.927007, 2.670073, 3.654015
 215.666667, 4.364760, 1.043277, 3.072643, 4.200927
 208.666667, 4.618211, 1.220447, 3.087859, 4.361022
 215.666667, 4.469861, 1.066461, 3.165379, 4.295209
 220.000000, 4.175758, 1.007576, 2.939394, 4.007576
 213.333333, 3.576563, 0.928125, 2.876563, 3.856250
 209.333333, 4.361465, 1.127389, 3.261146, 4.447452
 212.000000, 5.179245, 1.234277, 2.940252, 4.265723
 219.666667, 4.698027, 1.118361, 3.001517, 4.168437
 214.333333, 5.040435, 1.124417, 2.925350, 4.129082
 218.000000, 4.469419, 1.082569, 2.975535, 4.114679
 210.333333, 4.131537, 0.950872, 2.996830, 4.038035
 200.000000, 3.836667, 1.211667, 3.030000, 4.346667
 212.666667, 4.159875, 1.101881, 2.963950, 4.131661
 199.000000, 4.723618, 1.179229, 3.149079, 4.438861
3
 0.250000, 0.000000, 3.000000, 14.000000, 20.000000
 177.333333, 3.616541, 1.142857, 3.332707, 4.535714
 212.333333, 3.963893, 1.102041, 3.032967, 4.196232
 226.000000, 4.526549, 1.176991, 2.741888, 3.979351
 216.333333, 4.180277, 1.021572, 2.986133, 4.078582
 202.666667, 3.944079, 0.950658, 2.950658, 3.968750
 215.000000, 3.579845, 0.753488, 2.683721, 3.516279
 230.000000, 4.418841, 1.208696, 2.884058, 4.140580
 199.333333, 4.466555, 1.128763, 3.086957, 4.287625
 218.000000, 4.625382, 1.021407, 2.996942, 4.081040
 218.000000, 4.639144, 1.088685, 2.922018, 4.068807
 199.000000, 3.760469, 1.006700, 3.112228, 4.214405
 196.666667, 3.791525, 1.067797, 3.283051, 4.454237
 183.000000, 3.905282, 0.989071, 3.329690, 4.424408
 212.000000, 4.795597, 1.103774, 3.025157, 4.190252
 207.666667, 4.603531, 1.243981, 2.996790, 4.301766
 224.333333, 5.205052, 1.212481, 2.988113, 4.297177
 223.333333, 4.444776, 1.094030, 2.814925, 3.965672
 207.000000, 4.541063, 1.180354, 3.043478, 4.334944
 219.666667, 4.569044, 1.180577, 2.854325, 4.080425
 178.000000, 4.003745, 1.011236, 3.361423, 4.455056
4
 0.250000, 0.000000, 4.000000, 13.000000, 20.000000
 185.000000, 3.983784, 1.073874, 3.147748, 4.288288
 210.333333, 3.721078, 1.122029, 3.104596, 4.283677
 199.666667, 3.964942, 1.063439, 2.998331, 4.115192
 203.333333, 4.116393, 0.939344, 3.159016, 4.175410
 218.333333, 4.169466, 1.001527, 2.824427, 3.900763
 221.000000, 3.550528, 0.831071, 2.607843, 3.526395
 216.000000, 3.975309, 0.983025, 3.027778, 4.067901
 209.666667, 5.050874, 1.143084, 2.963434, 4.289348
 215.000000, 4.494574, 1.080620, 3.010853, 4.142636
 229.000000, 5.023290, 1.117904, 2.758370, 3.925764
 207.666667, 3.844302, 0.974318, 2.996790, 4.032103
 204.666667, 4.201954, 1.105863, 3.280130, 4.469055
 226.000000, 5.165192, 1.281711, 2.911504, 4.249263
 208.000000, 3.841346, 1.019231, 3.100962, 4.181090
 197.333333, 4.143581, 1.150338, 3.094595, 4.319257
 220.000000, 4.781818, 1.151515, 2.993939, 4.221212
 229.666667, 4.866473, 1.010160, 2.808418, 3.879536
 216.000000, 4.242284, 1.274691, 2.924383, 4.251543
 228.000000, 4.241228, 1.217836, 2.907895, 4.178363
 195.666667, 4.788756, 1.127768, 3.349233, 4.528109
5
 0.250000, 0.000000, 4.000000, 12.000000, 20.000000
 181.333333, 3.516544, 1.073529, 3.227941, 4.356618
 198.000000, 3.580808, 0.964646, 3.163300, 4.188552
 216.000000, 4.445988, 1.084877, 2.901235, 4.050926
 217.000000, 4.514593, 1.039939, 2.995392, 4.093702
 229.000000, 4.752547, 1.064047, 2.745269, 3.855895
 236.000000, 4.161017, 0.911017, 2.593220, 3.560734
 223.333333, 4.140299, 1.100000, 2.940299, 4.091045
 199.000000, 4.274707, 1.095477, 3.092127, 4.283082
 205.666667, 4.017828, 1.042139, 2.931929, 4.051864
 217.000000, 4.436252, 0.978495, 2.881720, 3.918587
 217.333333, 4.306748, 1.079755, 2.845092, 3.990798
 209.666667, 4.171701, 1.244833, 3.173291, 4.481717
 195.666667, 4.369676, 0.989779, 3.221465, 4.291312
 225.666667, 5.347120, 1.203840, 2.980798, 4.243722
 208.333333, 4.603200, 1.102400, 3.011200, 4.192000
 201.333333, 3.922185, 1.087748, 2.956954, 4.094371
 226.000000, 4.731563, 1.104720, 2.797935, 3.971976
 198.333333, 4.139496, 1.047059, 3.006723, 4.109244
 204.666667, 3.848534, 1.030945, 3.078176, 4.184039
 204.333333, 5.298532, 1.104405, 3.119086, 4.287113
6
 0.250000, 1.000000, 4.000000, 12.000000, 19.000000
 185.666667, 3.971275, 1.122083, 3.226212, 4.450628
 215.666667, 4.072643, 1.156105, 3.058733, 4.264297
 213.000000, 4.059468, 1.170579, 2.870110, 4.104851
 218.666667, 4.167683, 1.083841, 2.958841, 4.109756
 209.333333, 4.210191, 1.049363, 2.933121, 4.039809
 238.000000, 3.848739, 0.854342, 2.535014, 3.438375
 213.666667, 3.689548, 1.199688, 3.043682, 4.305772
 203.333333, 4.421311, 1.247541, 3.114754, 4.473770
 207.000000, 3.956522, 0.987118, 3.014493, 4.057971
 207.000000, 3.909823, 0.959742, 3.017713, 4.046699
 227.666667, 4.467057, 1.051245, 2.855051, 3.964861
 197.333333, 3.805743, 1.045608, 3.403716, 4.525338
 198.333333, 4.152941, 1.169748, 3.184874, 4.403361
 216.333333, 4.651772, 1.186441, 2.961479, 4.212635
 203.000000, 4.029557, 1.129721, 2.921182, 4.108374
 212.333333, 4.605965, 1.254317, 2.963893, 4.376766
 219.666667, 4.562974, 1.030349, 2.913505, 3.998483
 208.333333, 4.558400, 1.118400, 3.046400, 4.212800
 218.666667, 4.048780, 1.045732, 2.963415, 4.060976
 201.666667, 5.009917, 1.110744, 3.150413, 4.373554
7
 0.250000, 0.000000, 5.000000, 12.000000, 19.000000
 180.333333, 3.621072, 1.123845, 3.353050, 4.523105
 219.666667, 4.209408, 1.223065, 2.931715, 4.216995
 211.666667, 3.807874, 1.047244, 2.937008, 4.037795
 218.333333, 4.577099, 1.189313, 2.980153, 4.248855
 219.000000, 4.421613, 1.010654, 2.792998, 3.881279
 225.333333, 3.551775, 0.924556, 2.726331, 3.704142
 214.333333, 3.639191, 0.911353, 3.038880, 4.020218
 196.333333, 4.519525, 1.105263, 3.300509, 4.470289
 220.000000, 4.421212, 1.112121, 2.854545, 4.034848
 216.000000, 3.875000, 0.956790, 2.859568, 3.885802
 214.000000, 3.903427, 0.936137, 2.925234, 3.920561
 208.333333, 3.900800, 1.116800, 3.209600, 4.384000
 213.000000, 4.569640, 1.269171, 2.879499, 4.200313
 206.666667, 3.922581, 0.988710, 3.032258, 4.090323
 221.333333, 4.707831, 1.170181, 2.807229, 4.064759
 214.666667, 4.048137, 1.133540, 2.908385, 4.097826
 223.666667, 4.460507, 1.026826, 2.776453, 3.877794
 196.333333, 3.855688, 1.174873, 3.156197, 4.382003
 222.000000, 4.641141, 1.178679, 2.903904, 4.130631
 203.333333, 4.616393, 1.270492, 3.162295, 4.495082
8
 0.250000, 0.000000, 5.000000, 0.000000, 19.000000
 168.333333, 3.142574, 0.899010, 3.407921, 4.390099
 200.000000, 3.710000, 1.030000, 3.145000, 4.235000
 215.666667, 4.848532, 1.102009, 2.834621, 4.004637
 216.000000, 3.990741, 1.138889, 3.033951, 4.231481
 223.333333, 4.537313, 1.085075, 2.826866, 3.971642
 236.666667, 3.745070, 0.963380, 2.590141, 3.602817
 217.666667, 4.352221, 1.114855, 3.096478, 4.294028
 197.000000, 4.274112, 1.137056, 3.203046, 4.431472
 232.666667, 5.262178, 1.183381, 2.879656, 4.128940
 210.666667, 3.800633, 0.990506, 2.814873, 3.871835
 213.666667, 3.921997, 1.045242, 2.928237, 4.042122
 210.000000, 4.244444, 1.177778, 3.153968, 4.412698
 192.666667, 4.006920, 0.987889, 3.224913, 4.290657
 192.000000, 3.454861, 1.022569, 3.213542, 4.310764
 192.333333, 4.097054, 1.086655, 3.076256, 4.246101
 219.000000, 4.707763, 1.155251, 2.975647, 4.184170
 202.333333, 3.639209, 0.906096, 3.115321, 4.098847
 215.666667, 4.687790, 1.185471, 2.928903, 4.187017
 203.000000, 3.706076, 1.052545, 3.106732, 4.234811
 186.000000, 3.958781, 1.111111, 3.299283, 4.471326
9
 0.250000, 0.000000, 17.000000, 0.000000, 19.000000
 182.666667, 3.686131, 1.114964, 3.209854, 4.388686
 208.000000, 3.807692, 0.988782, 3.070513, 4.112179
 208.333333, 4.718400, 1.027200, 3.016000, 4.121600
 224.000000, 4.919643, 1.275298, 2.971726, 4.300595
 215.666667, 4.703246, 1.078825, 2.874807, 4.035549
 225.333333, 3.877219, 0.815089, 2.600592, 3.483728
 206.000000, 4.090615, 1.025890, 3.097087, 4.241100
 209.666667, 4.597774, 1.206677, 3.124006, 4.395866
 213.333333, 3.985938, 0.975000, 3.029688, 4.059375
 226.666667, 4.463235, 1.182353, 2.704412, 3.952941
 213.666667, 4.035881, 0.878315, 2.858034, 3.795632
 204.666667, 3.970684, 1.171010, 3.171010, 4.408795
 206.666667, 4.704839, 1.183871, 2.974194, 4.253226
 210.000000, 4.333333, 1.146032, 3.049206, 4.247619
 202.000000, 4.173267, 1.211221, 2.980198, 4.275578
 203.666667, 4.400982, 0.972177, 3.063830, 4.096563
 201.000000, 3.689884, 0.945274, 3.019900, 4.064677
 216.000000, 4.833333, 1.186728, 2.837963, 4.072531
 218.000000, 4.400612, 1.061162, 2.981651, 4.094801
 200.333333, 5.294509, 1.226290, 3.064892, 4.369384
10
 0.250000, 1.000000, 17.000000, 3.000000, 21.000000
 179.666667, 3.825603, 1.174397, 3.254174, 4.497217
 205.000000, 3.904065, 0.973984, 3.149593, 4.185366
 193.666667, 3.876076, 0.982788, 3.101549, 4.149742
 212.666667, 4.090909, 1.036050, 2.957680, 4.111285
 216.000000, 4.157407, 1.067901, 2.867284, 4.010802
 227.333333, 3.870968, 0.923754, 2.667155, 3.651026
 213.333333, 3.896875, 0.970313, 3.018750, 4.070313
 209.666667, 4.713831, 1.163752, 3.012719, 4.238474
 224.000000, 4.456845, 1.116071, 2.910714, 4.075893
 202.666667, 3.827303, 0.947368, 3.149671, 4.174342
 214.333333, 4.295490, 1.023328, 2.894246, 3.984448
 189.666667, 3.463972, 0.984183, 3.362039, 4.449912
 203.000000, 4.612479, 1.075534, 3.083744, 4.262726
 206.333333, 4.101777, 1.168013, 3.171244, 4.413570
 199.000000, 4.393635, 1.021776, 3.036851, 4.118928
 211.333333, 4.397476, 1.089905, 2.947950, 4.115142
 211.666667, 4.074016, 0.921260, 2.948031, 3.977953
 204.000000, 4.442810, 1.124183, 2.919935, 4.120915
 233.666667, 4.845934, 1.162625, 2.871612, 4.078459
 207.000000, 5.012882, 1.209340, 3.149758, 4.412238
11
 0.250000, 0.000000, 16.000000, 2.000000, 21.000000
 171.666667, 3.436893, 1.071845, 3.403883, 4.561165
 213.333333, 4.360938, 1.089063, 2.998438, 4.145313
 206.000000, 4.012945, 1.101942, 2.962783, 4.118123
 199.666667, 3.579299, 0.959933, 3.110184, 4.166945
 213.000000, 3.859155, 1.020344, 2.881064, 3.968701
 232.666667, 4.024355, 0.891117, 2.638968, 3.581662
 216.666667, 4.027692, 1.038462, 3.004615, 4.109231
 204.666667, 4.723127, 1.195440, 3.174267, 4.475570
 221.333333, 4.176205, 1.197289, 2.911145, 4.156627
 201.666667, 3.710744, 1.004959, 3.147107, 4.238017
 222.333333, 4.113943, 1.109445, 2.815592, 3.970015
 206.666667, 4.030645, 1.125806, 3.217742, 4.393548
 196.000000, 4.078231, 1.034014, 3.270408, 4.384354
 200.000000, 3.845000, 0.988333, 3.198333, 4.243333
 178.666667, 3.947761, 0.985075, 3.356343, 4.464552
 195.666667, 3.848382, 0.986371, 3.195911, 4.255537
 215.000000, 4.079070, 0.911628, 2.910078, 3.871318
 211.666667, 5.598425, 1.204724, 2.902362, 4.187402
 205.666667, 3.846029, 0.977310, 3.027553, 4.072934
 221.333333, 4.864458, 1.239458, 2.945783, 4.245482
12
 0.250000, 0.000000, 17.000000, 1.000000, 20.000000
 165.333333, 3.334677, 1.076613, 3.427419, 4.604839
 204.333333, 3.676998, 1.068515, 3.141925, 4.261011
 202.333333, 4.200988, 1.054366, 3.047776, 4.158155
 213.666667, 4.207488, 1.060842, 3.096724, 4.205928
 222.333333, 4.350825, 1.028486, 2.766117, 3.844078
 238.333333, 3.760839, 0.934266, 2.565035, 3.548252
 209.000000, 3.936204, 1.004785, 3.060606, 4.130781
 209.000000, 4.695375, 1.106858, 3.017544, 4.277512
 223.666667, 4.676602, 1.116244, 2.937407, 4.104322
 208.000000, 3.580128, 0.967949, 2.940705, 3.956731
 221.000000, 4.200603, 0.974359, 2.867270, 3.888386
 185.000000, 3.601802, 0.965766, 3.450450, 4.524324
 202.000000, 4.513201, 1.089109, 3.141914, 4.285479
 219.333333, 4.610942, 1.191489, 3.025836, 4.294833
 192.666667, 4.117647, 0.942907, 3.057093, 4.086505
 202.333333, 3.968699, 1.011532, 3.207578, 4.301483
 220.000000, 4.136364, 1.040909, 2.843939, 3.933333
 198.000000, 4.114478, 1.099327, 3.168350, 4.331650
 206.666667, 3.756452, 0.953226, 3.061290, 4.082258
 206.666667, 4.414516, 1.138710, 3.077419, 4.267742
13
 0.250000, 1.000000, 0.000000, 1.000000, 4.000000
 188.666667, 4.521201, 1.141343, 3.256184, 4.464664
 195.333333, 4.126280, 0.854949, 3.189420, 4.134812
 209.666667, 4.211447, 1.052464, 2.850556, 3.987281
 215.000000, 4.122481, 1.052713, 3.010853, 4.156589
 216.000000, 4.513889, 0.992284, 2.822531, 3.861111
 233.666667, 4.008559, 0.858773, 2.600571, 3.517832
 231.000000, 4.544012, 1.112554, 2.933622, 4.103896
 210.000000, 4.555556, 1.206349, 3.096825, 4.365079
 218.333333, 4.670229, 1.059542, 2.893130, 4.022901
 221.000000, 4.187029, 1.054299, 2.888386, 3.995475
 220.666667, 4.114804, 1.083082, 2.977341, 4.104230
 201.000000, 3.623549, 1.086235, 3.114428, 4.270315
 192.666667, 4.153979, 1.072664, 3.096886, 4.294118
 209.666667, 4.238474, 1.147854, 3.004769, 4.205087
 198.000000, 4.218855, 1.131313, 2.937710, 4.126263
 203.000000, 3.924466, 1.027915, 3.026273, 4.103448
 212.666667, 4.205329, 1.039185, 2.963950, 4.087774
 201.333333, 4.372517, 1.162252, 3.127483, 4.360927
 209.000000, 4.593301, 1.143541, 2.944179, 4.159490
 205.666667, 4.518639, 1.147488, 3.108590, 4.319287
14
 0.250000, 0.000000, 0.000000, 0.000000, 4.000000
 179.666667, 3.417440, 1.243043, 3.263451, 4.575139
 211.333333, 3.993691, 1.052050, 3.083596, 4.187697
 201.000000, 4.227197, 1.149254, 3.059701, 4.283582
 221.666667, 4.209023, 1.126316, 3.025564, 4.198496
 204.666667, 3.894137, 1.039088, 3.078176, 4.177524
 244.000000, 4.525956, 0.870219, 2.452186, 3.371585
 229.333333, 4.313953, 1.075581, 2.901163, 4.023256
 195.333333, 4.284983, 1.191126, 3.117747, 4.397611
 217.333333, 4.394172, 1.098160, 2.869632, 4.027607
 206.333333, 3.786753, 0.911147, 3.051696, 4.038772
 211.666667, 4.305512, 0.974803, 2.954331, 4.020472
 212.666667, 4.089342, 1.166144, 3.213166, 4.423197
 221.666667, 4.972932, 1.344361, 2.905263, 4.299248
 209.333333, 4.009554, 1.100318, 3.030255, 4.181529
 216.333333, 4.878274, 1.157165, 2.913713, 4.120185
 225.000000, 4.798519, 1.250370, 2.857778, 4.202963
 235.333333, 4.815864, 1.033994, 2.797450, 3.892351
 183.666667, 3.609800, 1.099819, 3.226860, 4.379310
 203.666667, 3.790507, 0.998363, 3.026187, 4.104746
 213.333333, 5.270313, 1.243750, 3.045313, 4.339063
15
 0.250000, 2.000000, 0.000000, 0.000000, 1.000000
 173.000000, 3.520231, 0.994220, 3.435453, 4.491329
 217.000000, 4.113671, 1.215054, 3.119816, 4.388633
 221.666667, 4.377444, 1.156391, 2.932331, 4.165414
 218.666667, 4.469512, 1.140244, 2.945122, 4.179878
 216.666667, 4.226154, 1.084615, 2.923077, 4.092308
 237.000000, 4.151899, 0.946554, 2.579466, 3.587904
 231.333333, 4.397695, 1.090778, 2.917867, 4.061960
 209.666667, 4.701113, 1.149444, 3.003180, 4.222576
 222.666667, 4.413174, 1.137725, 2.947605, 4.151198
 224.666667, 4.103858, 0.894659, 2.775964, 3.719585
 231.000000, 4.441558, 1.216450, 2.751804, 4.033189
 213.666667, 4.202808, 1.262090, 3.121685, 4.432137
 203.000000, 4.453202, 1.259442, 3.119869, 4.441708
 214.000000, 4.644860, 1.017134, 3.032710, 4.109034
 199.333333, 4.382943, 1.198997, 3.090301, 4.356187
 216.333333, 4.693374, 1.118644, 3.126348, 4.325116
 211.666667, 4.110236, 1.037795, 3.066142, 4.174803
 197.000000, 4.314721, 1.170897, 3.071066, 4.318105
 213.000000, 3.751174, 0.990610, 2.995305, 4.035994
16
 0.250000, 0.000000, 0.000000, 1.000000, 2.000000
 182.666667, 4.368613, 1.122263, 3.251825, 4.423358
 206.333333, 3.909532, 0.998384, 3.100162, 4.166397
 221.666667, 4.326316, 1.236090, 2.921805, 4.206015
 220.000000, 4.183333, 1.131818, 2.930303, 4.118182
 217.666667, 4.298622, 0.911179, 2.825421, 3.784074
 227.000000, 3.916300, 0.875184, 2.631424, 3.568282
 213.666667, 3.957878, 1.067083, 3.009360, 4.177847
 201.000000, 4.404643, 1.112769, 3.230514, 4.411277
 210.666667, 3.818038, 1.018987, 2.992089, 4.091772
 225.666667, 4.246677, 1.082718, 2.853767, 3.980798
 205.666667, 3.670989, 0.935170, 3.030794, 4.035656
 206.000000, 3.823625, 1.116505, 3.158576, 4.409385
 213.000000, 4.478873, 1.206573, 2.934272, 4.187793
 217.000000, 4.857143, 1.162826, 3.010753, 4.241167
 207.000000, 4.919485, 1.219002, 3.056361, 4.413849
 216.666667, 4.206154, 1.106154, 2.932308, 4.136923
 226.333333, 4.312224, 1.011782, 2.784978, 3.879234
 198.666667, 3.716443, 1.075503, 2.942953, 4.065436
 218.666667, 4.196646, 1.106707, 2.916159, 4.080793
17
 0.250000, 0.000000, 7.000000, 9.000000, 17.000000
 178.666667, 3.712687, 1.235075, 3.283582, 4.569030
 200.000000, 3.886667, 0.888333, 3.183333, 4.135000
 208.666667, 4.575080, 1.078275, 2.908946, 4.052716
 209.333333, 3.917197, 1.108280, 3.085987, 4.248408
 203.333333, 3.911475, 0.895082, 2.913115, 3.877049
 225.666667, 3.797637, 0.862629, 2.607090, 3.515510
 199.666667, 3.567613, 0.871452, 3.153589, 4.108514
 212.666667, 4.503135, 1.155172, 2.932602, 4.153605
 221.000000, 4.351433, 1.034691, 3.063348, 4.144796
 232.666667, 5.075931, 1.107450, 2.780802, 3.939828
 215.666667, 3.944359, 1.000000, 2.916538, 3.982998
 213.000000, 4.007825, 1.236307, 3.133020, 4.427230
 215.333333, 4.568111, 1.213622, 2.902477, 4.181115
 201.333333, 4.281457, 1.006623, 3.155629, 4.231788
 198.666667, 4.442953, 1.062081, 3.026846, 4.176174
 204.000000, 4.029412, 1.080065, 3.142157, 4.326797
 215.000000, 4.457364, 1.027907, 2.979845, 4.069767
 209.000000, 4.746411, 1.199362, 3.060606, 4.315789
 217.666667, 4.068913, 1.056662, 2.895865, 4.029096
18
 0.250000, 0.000000, 7.000000, 9.000000, 17.000000
 175.333333, 3.566540, 1.165399, 3.290875, 4.515209
 210.000000, 3.761905, 1.119048, 3.073016, 4.247619
 213.666667, 4.489860, 1.204368, 2.926677, 4.177847
 220.333333, 4.258699, 1.074130, 3.039334, 4.170953
 219.000000, 4.214612, 0.969559, 2.863014, 3.890411
 219.666667, 3.437026, 0.773900, 2.685888, 3.514416
 234.666667, 4.272727, 1.113636, 2.853693, 4.044034
 215.000000, 4.851163, 1.213953, 2.975194, 4.277519
 207.666667, 4.396469, 0.985554, 3.030498, 4.081862
 203.000000, 4.060755, 0.878489, 2.944171, 3.885057
 212.666667, 4.225705, 1.029781, 2.952978, 4.029781
 215.000000, 3.950388, 1.209302, 3.089922, 4.347287
 214.666667, 4.954969, 1.119565, 2.996894, 4.164596
 210.333333, 4.419968, 1.085578, 3.099842, 4.239303
 230.333333, 5.065123, 1.279305, 2.774240, 4.118669
 221.000000, 4.628959, 1.155354, 2.912519, 4.141780
 231.333333, 4.919308, 1.159942, 2.854467, 4.060519
 192.666667, 4.192042, 1.119377, 3.178201, 4.368512
 217.666667, 4.476263, 1.127106, 2.973966, 4.168453
19
 0.250000, 0.000000, 7.000000, 8.000000, 17.000000
 181.000000, 3.965009, 1.222836, 3.265193, 4.537753
 223.333333, 4.744776, 1.165672, 2.900000, 4.114925
 209.666667, 4.238474, 1.071542, 2.979332, 4.101749
 217.333333, 4.268405, 0.952454, 3.032209, 4.036810
 223.333333, 4.759701, 1.076119, 2.822388, 3.946269
 225.666667, 3.363368, 0.765140, 2.590842, 3.415066
 211.333333, 4.162461, 1.086751, 3.194006, 4.343849
 226.666667, 5.091176, 1.314706, 2.798529, 4.191176
 213.333333, 4.017188, 1.018750, 2.964063, 4.059375
 228.000000, 4.355263, 1.097953, 2.815789, 3.975146
 232.333333, 4.899570, 1.086083, 2.718795, 3.863702
 200.666667, 3.865449, 1.069767, 3.285714, 4.443522
 200.333333, 4.435940, 1.091514, 3.084859, 4.239601
 205.000000, 4.330081, 1.120325, 3.094309, 4.289431
 215.666667, 4.488408, 1.253478, 2.893354, 4.199382
 187.000000, 3.360071, 0.976827, 3.267380, 4.354724
 219.333333, 4.554711, 1.066869, 2.872340, 4.024316
 211.333333, 4.768139, 1.149842, 2.946372, 4.159306
 224.333333, 4.430906, 1.047548, 2.907875, 4.001486
20
 0.250000, 0.000000, 8.000000, 9.000000, 17.000000
 165.666667, 3.112676, 0.943662, 3.577465, 4.577465
 210.333333, 3.868463, 1.060222, 3.041204, 4.169572
 209.333333, 4.512739, 1.261146, 2.861465, 4.202229
 209.000000, 4.253589, 1.000000, 3.060606, 4.146730
 203.000000, 3.745484, 0.840722, 2.995074, 3.921182
 240.000000, 4.111111, 0.901389, 2.490278, 3.436111
 234.666667, 4.357955, 1.167614, 2.872159, 4.086648
 218.666667, 5.210366, 1.271341, 2.993902, 4.329268
 218.000000, 4.301223, 1.126911, 3.055046, 4.233945
 221.000000, 4.437406, 0.959276, 2.837104, 3.864253
 219.333333, 4.232523, 1.065350, 2.811550, 3.948328
 208.666667, 4.113419, 1.247604, 3.172524, 4.482428
 207.333333, 4.657556, 1.178457, 3.118971, 4.345659
 217.333333, 4.699387, 1.119632, 3.033742, 4.239264
 196.333333, 4.056027, 1.062818, 3.056027, 4.203735
 189.000000, 4.065256, 1.005291, 3.259259, 4.354497
 212.666667, 3.910658, 0.995298, 2.998433, 4.053292
 199.333333, 4.190635, 1.212375, 3.066890, 4.359532
 204.333333, 3.980424, 0.993475, 3.060359, 4.114192
21
 0.250000, 0.000000, 3.000000, 1.000000, 13.000000
 183.666667, 3.891107, 1.043557, 3.272232, 4.362976
 209.666667, 4.050874, 0.990461, 3.093800, 4.155803
 198.000000, 3.851852, 1.042088, 2.986532, 4.107744
 211.666667, 3.943307, 1.086614, 3.077165, 4.215748
 222.000000, 3.917417, 0.995495, 2.809309, 3.863363
 224.666667, 3.502967, 0.940653, 2.617211, 3.635015
 217.333333, 3.822086, 1.130368, 2.930982, 4.121166
 219.333333, 5.337386, 1.343465, 2.904255, 4.323708
 215.333333, 4.256966, 0.979876, 2.925697, 3.970588
 213.000000, 3.827856, 0.935837, 2.870110, 3.863850
 205.333333, 3.974026, 0.931818, 3.019481, 4.019481
 196.333333, 3.743633, 0.977929, 3.308998, 4.385399
 181.333333, 3.680147, 1.158088, 3.373162, 4.654412
 204.666667, 4.291531, 1.184039, 3.190554, 4.451140
 207.000000, 4.946860, 1.120773, 3.093398, 4.293076
 216.666667, 4.538462, 1.212308, 2.844615, 4.127692
 209.000000, 4.159490, 0.985646, 2.980861, 4.044657
 208.000000, 4.533654, 1.120192, 3.004808, 4.200321
 223.333333, 4.468657, 0.995522, 2.819403, 3.864179
22
 0.250000, 0.000000, 0.000000, 1.000000, 1.000000
 172.000000, 3.366279, 0.951550, 3.480620, 4.484496
 202.666667, 3.746711, 0.886513, 3.070724, 4.029605
 210.333333, 4.091918, 1.251981, 2.877971, 4.209192
 209.333333, 4.299363, 1.085987, 3.140127, 4.277070
 229.000000, 4.556041, 0.979622, 2.777293, 3.810771
 241.333333, 4.066298, 0.955801, 2.530387, 3.535912
 228.000000, 4.497076, 1.162281, 3.039474, 4.258772
 213.333333, 4.875000, 1.215625, 3.045313, 4.342188
 220.666667, 4.308157, 0.998489, 2.891239, 3.938066
 214.666667, 3.903727, 0.968944, 2.889752, 3.909938
 229.666667, 4.698113, 1.152395, 2.743106, 3.976778
 202.333333, 3.934102, 0.993410, 3.191104, 4.275124
 204.000000, 4.694444, 1.099673, 3.106209, 4.295752
 206.000000, 4.313916, 1.129450, 3.127832, 4.305825
 201.333333, 4.112583, 1.120861, 3.183775, 4.355960
 220.666667, 4.655589, 1.154079, 2.833837, 4.042296
 208.666667, 4.193291, 1.012780, 3.041534, 4.132588
 207.333333, 4.707395, 1.127010, 2.996785, 4.199357
 234.333333, 4.988620, 1.214794, 2.778094, 4.045519
23
 0.250000, 0.000000, 0.000000, 7.000000, 8.000000
 179.000000, 4.074488, 1.102421, 3.407821, 4.575419
 200.333333, 3.883527, 1.111481, 3.133111, 4.307820
 218.666667, 5.100610, 1.004573, 2.893293, 3.990854
 219.000000, 4.159817, 1.144597, 3.070015, 4.260274
 218.333333, 4.416794, 0.914504, 2.861069, 3.854962
 247.333333, 4.203504, 0.987871, 2.532345, 3.574124
 208.000000, 3.783654, 0.939103, 3.133013, 4.134615
 186.666667, 4.217857, 0.942857, 3.257143, 4.301786
 215.000000, 4.392248, 1.054264, 2.998450, 4.114729
 227.333333, 4.392962, 1.038123, 2.824047, 3.914956
 208.333333, 3.910400, 0.900800, 2.928000, 3.881600
 210.666667, 4.066456, 1.158228, 3.202532, 4.424051
 194.666667, 4.169521, 1.111301, 3.241438, 4.453767
 208.000000, 4.314103, 1.072115, 3.107372, 4.227564
 205.666667, 4.598055, 1.163695, 3.024311, 4.282010
 197.666667, 4.101180, 0.966273, 3.084317, 4.214165
 228.000000, 4.270468, 1.000000, 2.818713, 3.877193
 199.000000, 4.016750, 1.088777, 3.048576, 4.194305
 204.333333, 4.112561, 0.985318, 3.143556, 4.184339
24
 0.250000, 0.000000, 0.000000, 0.000000, 1.000000
 171.666667, 3.784466, 1.073786, 3.535922, 4.658252
 211.666667, 4.198425, 1.127559, 3.140157, 4.316535
 214.000000, 4.288162, 1.149533, 2.853583, 4.052960
 215.000000, 4.272868, 1.074419, 3.080620, 4.210853
 227.333333, 4.631965, 1.121701, 2.790323, 3.960411
 231.333333, 3.770893, 0.968300, 2.592219, 3.612392
 229.333333, 4.297965, 1.065407, 2.915698, 4.026163
 207.333333, 4.313505, 1.215434, 2.993569, 4.334405
 215.666667, 4.316847, 0.930448, 2.947450, 3.927357
 211.666667, 3.718110, 1.056693, 2.974803, 4.088189
 223.666667, 4.281669, 1.026826, 2.824143, 3.907601
 199.000000, 3.840871, 1.142379, 3.288107, 4.499162
 199.333333, 4.570234, 1.230769, 3.153846, 4.478261
 208.666667, 4.164537, 1.049521, 3.143770, 4.241214
 199.000000, 4.209380, 1.031826, 3.040201, 4.155779
 224.000000, 4.364583, 1.186012, 2.785714, 4.038690
 184.666667, 3.095668, 0.871841, 3.317690, 4.303249
 199.333333, 4.026756, 1.081940, 3.100334, 4.234114
 215.666667, 3.806801, 1.097372, 2.890263, 4.035549
25
 0.250000, 0.000000, 0.000000, 1.000000, 1.000000
 187.666667, 4.007105, 1.188277, 3.092362, 4.349911
 205.333333, 3.970779, 1.011364, 3.025974, 4.113636
 216.333333, 4.445300, 1.155624, 2.836672, 4.063174
 209.666667, 4.025437, 0.949126, 3.052464, 4.085851
 217.333333, 4.360429, 1.041411, 2.837423, 3.929448
 228.666667, 3.755102, 0.883382, 2.635569, 3.577259
 215.666667, 4.052550, 0.990726, 3.046368, 4.119011
 188.333333, 4.341593, 1.132743, 3.315044, 4.516814
 225.000000, 4.414815, 1.063704, 2.868148, 3.989630
 222.000000, 4.711712, 1.184685, 2.821321, 4.070571
 217.333333, 4.331288, 1.072086, 2.884969, 4.032209
 198.000000, 3.533670, 1.011785, 3.254209, 4.333333
 220.333333, 5.204236, 1.202723, 2.974281, 4.234493
 208.666667, 4.424920, 1.182109, 3.014377, 4.269968
 197.666667, 4.138280, 1.072513, 3.114671, 4.256324
 221.000000, 4.665158, 1.182504, 2.929110, 4.174962
 224.666667, 4.534125, 1.043027, 2.784866, 3.885757
 210.333333, 4.470681, 1.164818, 3.088748, 4.305864
 220.666667, 4.122356, 1.074018, 2.910876, 4.033233
26
 0.250000, 1.000000, 0.000000, 0.000000, 0.000000
 177.333333, 3.708647, 1.169173, 3.236842, 4.456767
 201.333333, 3.690397, 1.004967, 3.144040, 4.218543
 219.333333, 4.483283, 1.229483, 2.873860, 4.150456
 202.666667, 4.208882, 1.018092, 3.169408, 4.254934
 227.666667, 4.480234, 1.058565, 2.777452, 3.890190
 235.333333, 3.997167, 0.922096, 2.519830, 3.491501
 220.000000, 3.854545, 1.115152, 2.895455, 4.059091
 203.666667, 4.561375, 1.137480, 3.081833, 4.327332
 209.000000, 3.807018, 0.980861, 3.017544, 4.060606
 207.333333, 3.464630, 1.027331, 2.914791, 4.000000
 220.666667, 3.838369, 0.947130, 2.776435, 3.788520
 199.666667, 3.744574, 1.066778, 3.243740, 4.402337
 217.000000, 4.987711, 1.228879, 3.004608, 4.281106
 193.666667, 3.938038, 0.965577, 3.196213, 4.270224
 208.333333, 4.336000, 1.123200, 3.099200, 4.272000
 190.666667, 3.526224, 0.991259, 3.192308, 4.260490
 214.000000, 4.375389, 1.024922, 2.886293, 3.998442
 209.333333, 4.243631, 1.253185, 3.160828, 4.482484
 222.666667, 4.526946, 1.082335, 2.953593, 4.103293
27
 0.250000, 0.000000, 0.000000, 1.000000, 1.000000
 185.000000, 3.643243, 1.122523, 3.207207, 4.380180
 199.666667, 3.888147, 1.170284, 3.136895, 4.383973
 188.666667, 4.150177, 1.120141, 3.236749, 4.425795
 213.666667, 4.018721, 1.046802, 3.057722, 4.188768
 215.333333, 4.560372, 0.934985, 2.914861, 3.931889
 219.666667, 3.681335, 0.908953, 2.640364, 3.603945
 231.000000, 4.079365, 1.105339, 2.862915, 4.020202
 192.666667, 4.617647, 1.119377, 3.262976, 4.486159
 198.333333, 3.974790, 0.986555, 3.060504, 4.146218
 215.000000, 4.568992, 0.962791, 2.874419, 3.920930
 209.333333, 3.968153, 0.902866, 2.898089, 3.861465
 206.333333, 3.964459, 1.137318, 3.229402, 4.439418
 219.666667, 4.775417, 1.244310, 2.945372, 4.262519
 226.333333, 4.868925, 1.111929, 2.904271, 4.079529
 212.666667, 4.764890, 1.158307, 2.921630, 4.172414
 219.666667, 4.537178, 1.169954, 2.921093, 4.148710
 222.666667, 4.603293, 1.094311, 2.854790, 4.011976
 208.000000, 4.328526, 1.250000, 2.980769, 4.298077
 226.000000, 4.553097, 1.160767, 2.821534, 4.047198
28
 0.250000, 0.000000, 0.000000, 1.000000, 1.000000
 181.000000, 4.095764, 1.158379, 3.302026, 4.517495
 219.666667, 4.402124, 1.127466, 3.077390, 4.270106
 212.000000, 4.699686, 1.180818, 2.988994, 4.250000
 214.666667, 4.281056, 1.045031, 3.057453, 4.158385
 219.666667, 4.239757, 1.031866, 2.924127, 4.006070
 243.333333, 4.156164, 0.905479, 2.476712, 3.430137
 229.333333, 4.170058, 1.023256, 2.876453, 3.962209
 198.666667, 4.951342, 1.365772, 3.137584, 4.635906
 221.333333, 4.510542, 1.054217, 2.924699, 4.034639
 222.333333, 4.217391, 1.062969, 2.748126, 3.857571
 205.333333, 3.740260, 0.930195, 2.970779, 3.965909
 211.666667, 4.176378, 1.042520, 3.119685, 4.223622
 205.333333, 4.699675, 1.128247, 3.126623, 4.305195
 206.333333, 4.339257, 0.924071, 3.040388, 4.024233
 208.000000, 4.533654, 1.107372, 3.134615, 4.309295
 180.666667, 3.546125, 1.103321, 3.607011, 4.809963
 231.000000, 4.935065, 1.129870, 2.851371, 4.036075
 213.666667, 4.503900, 1.243370, 2.987520, 4.302652
 221.666667, 4.048120, 1.051128, 2.933835, 4.046617
29
 0.250000, 0.000000, 0.000000, 0.000000, 1.000000
 173.333333, 3.628846, 1.253846, 3.313462, 4.630769
 190.333333, 3.274956, 0.870403, 3.350263, 4.290718
 206.666667, 4.803226, 1.106452, 2.932258, 4.096774
 222.000000, 4.409910, 1.076577, 3.001502, 4.142643
 228.000000, 4.966374, 1.141813, 2.824561, 4.024854
 221.333333, 3.825301, 0.917169, 2.751506, 3.753012
 217.333333, 4.320552, 1.007669, 3.067485, 4.131902
 212.000000, 5.045597, 1.161950, 2.995283, 4.250000
 205.000000, 3.895935, 0.960976, 3.061789, 4.139837
 207.666667, 3.924559, 0.833066, 2.918138, 3.866774
 207.000000, 4.115942, 0.962963, 2.921095, 3.961353
 202.000000, 4.184818, 1.084158, 3.320132, 4.476898
 197.666667, 4.821248, 1.040472, 3.180438, 4.335582
 198.666667, 3.911074, 0.953020, 3.161074, 4.164430
 214.666667, 4.672360, 1.149068, 3.040373, 4.248447
 218.333333, 4.563359, 1.236641, 2.923664, 4.215267
 231.000000, 5.033189, 1.137085, 2.773449, 3.966811
 197.000000, 4.373942, 1.123519, 3.203046, 4.387479
 206.333333, 3.836834, 0.956381, 3.001616, 4.029079
30
 0.250000, 0.000000, 0.000000, 1.000000, 1.000000
 173.000000, 3.123314, 0.915222, 3.304432, 4.283237
 197.333333, 3.714527, 0.986486, 3.163851, 4.216216
 219.000000, 4.263318, 1.185693, 2.750381, 3.990868
 226.000000, 4.255162, 1.135693, 2.954277, 4.165192
 201.666667, 4.026446, 0.897521, 3.061157, 4.011570
 229.000000, 3.988355, 0.855895, 2.628821, 3.534207
 212.666667, 4.277429, 1.051724, 3.122257, 4.255486
 195.000000, 4.374359, 1.068376, 3.170940, 4.381197
 208.333333, 4.062400, 0.937600, 3.048000, 4.064000
 222.000000, 4.303303, 1.046547, 2.888889, 4.021021
 219.666667, 4.450683, 1.177542, 2.817906, 4.069803
 198.000000, 3.836700, 1.146465, 3.277778, 4.511785
 209.000000, 4.693780, 1.140351, 3.059011, 4.295056
 228.000000, 4.750000, 1.274854, 3.014620, 4.345029
 206.333333, 4.025848, 1.116317, 3.032310, 4.227787
 209.000000, 4.452951, 1.161085, 2.913876, 4.140351
 227.333333, 4.815249, 0.982405, 2.824047, 3.885630
 215.333333, 4.633127, 1.294118, 2.928793, 4.275542
 214.333333, 4.211509, 1.087092, 2.989114, 4.136858
31
 0.250000, 0.000000, 0.000000, 1.000000, 1.000000
 179.333333, 3.154275, 1.068773, 3.321561, 4.451673
 221.000000, 4.435897, 1.158371, 2.983409, 4.196078
 219.000000, 4.735160, 1.178082, 2.876712, 4.126332
 216.333333, 4.018490, 0.972265, 2.995378, 4.016949
 209.000000, 4.063796, 0.933014, 2.909091, 3.896332
 225.000000, 3.752593, 0.814815, 2.595556, 3.484444
 225.333333, 4.261834, 1.093195, 2.979290, 4.131657
 211.666667, 4.538583, 1.105512, 2.977953, 4.137008
 217.666667, 4.508423, 1.154671, 2.857580, 4.079632
 217.333333, 3.943252, 1.069018, 2.930982, 4.073620
 220.333333, 4.110439, 0.993949, 2.886536, 3.928896
 213.666667, 4.619345, 1.205928, 3.213729, 4.464899
 218.000000, 5.019878, 1.266055, 2.928135, 4.261468
 213.666667, 4.734789, 1.067083, 3.065523, 4.193448
 210.000000, 4.744444, 1.126984, 2.846032, 4.057143
 212.333333, 4.277865, 1.229199, 2.984301, 4.265306
 212.000000, 3.872642, 0.993711, 2.896226, 3.941824
 216.000000, 4.750000, 1.282407, 2.885802, 4.240741
 213.333333, 3.814063, 0.973438, 3.000000, 4.065625
Histogram
1 0 0 0 0 0 0 0 0 0 9 0 0 0 0 0 0 0 0 0 1 0 0 0 0 0 0 0 0 0 0 0 0 1 8 15 6 6 34 54 115 124 117 70 53 16 5 0 1 0 0 0 0 0 0 0 0 0 0 0 0 0 0 0 0 0 0 0 0 0 0 0 0 0 0 0 0 0 0 0 1 0 0 0 0 0 0 0 0 0 0 0 0 0 0 0 0 0 0 0 0 0 0 0 0 0 0 0 0 0 0 0 0 0 0 0 0 0 0 18 
Cache Miss Ratio
NaN
numOfSets
404073
numOfGets
0
numOfMultiGets
0
