21
0
 0.333333, 0.000000, 0.000000, 2.000000, 3.000000
 203.666667, 16.224223, 2.875614, 3.731588, 6.671031
 236.333333, 15.692525, 2.369535, 3.421721, 5.908322
 259.000000, 16.032175, 2.398970, 3.217503, 5.671815
 246.666667, 16.072973, 2.539189, 3.395946, 5.998649
 270.000000, 16.220988, 2.209877, 3.020988, 5.275309
 252.333333, 16.701453, 2.601057, 3.253633, 5.926024
 258.000000, 16.423773, 2.498708, 3.152455, 5.705426
 238.666667, 16.037709, 2.624302, 3.465084, 6.155028
 228.000000, 16.320175, 2.586257, 3.672515, 6.399123
 204.000000, 14.501634, 2.571895, 4.004902, 6.686275
 251.333333, 18.453581, 2.746684, 3.377984, 6.237401
 249.000000, 17.867470, 2.761714, 3.457831, 6.282463
 236.000000, 17.312147, 2.675141, 3.672316, 6.416667
 278.000000, 19.005995, 3.041966, 3.063549, 6.160671
 236.666667, 17.171831, 2.618310, 3.452113, 6.139437
 239.000000, 16.952580, 2.574616, 3.405858, 6.047420
 218.000000, 17.955657, 3.304281, 3.932722, 7.290520
 246.000000, 17.753388, 2.626016, 3.482385, 6.191057
 219.666667, 17.462822, 3.215478, 3.875569, 7.147193
 228.666667, 17.972303, 3.275510, 3.711370, 7.037901
1
 0.333333, 0.000000, 0.000000, 2.000000, 3.000000
 219.666667, 15.930197, 2.869499, 3.323217, 6.311077
 258.333333, 17.036129, 2.603871, 3.256774, 5.909677
 255.666667, 16.177314, 2.327249, 3.264668, 5.641460
 254.333333, 16.277851, 2.397117, 3.342071, 5.794233
 256.000000, 15.912760, 2.149740, 3.070313, 5.309896
 264.666667, 17.785894, 2.867758, 3.178841, 6.094458
 257.666667, 16.201811, 2.622251, 3.152652, 5.820181
 250.333333, 17.428762, 2.573901, 3.299601, 5.929427
 252.333333, 17.031704, 2.591810, 3.344782, 5.992074
 242.666667, 16.638736, 2.785714, 3.509615, 6.350275
 245.000000, 17.765986, 2.685714, 3.511565, 6.282993
 241.666667, 16.995862, 2.685517, 3.587586, 6.333793
 230.333333, 16.512301, 2.555716, 3.709117, 6.342981
 265.000000, 18.056604, 2.817610, 3.205031, 6.066667
 248.333333, 17.526174, 2.609396, 3.315436, 5.971812
 241.000000, 17.337483, 2.585062, 3.439834, 6.070539
 216.000000, 18.708333, 3.745370, 3.979938, 7.807099
 230.666667, 17.039017, 2.511561, 3.684971, 6.322254
 202.000000, 16.973597, 2.815182, 4.120462, 7.057756
 192.000000, 15.651042, 2.770833, 4.277778, 7.234375
2
 0.333333, 0.000000, 0.000000, 1.000000, 2.000000
 205.000000, 15.596748, 2.588618, 3.718699, 6.398374
 234.666667, 15.626420, 2.394886, 3.487216, 5.974432
 267.000000, 16.420724, 2.541823, 3.132335, 5.725343
 257.666667, 17.020699, 2.598965, 3.298836, 5.941785
 259.333333, 16.260925, 2.172237, 3.119537, 5.348329
 253.000000, 17.072464, 2.691700, 3.270092, 6.017128
 246.333333, 15.817321, 2.350474, 3.336942, 5.734777
 243.333333, 17.065753, 2.719178, 3.376712, 6.161644
 246.000000, 17.330623, 2.566396, 3.414634, 6.043360
 252.333333, 17.233818, 2.739762, 3.376486, 6.169089
 246.000000, 17.959350, 2.578591, 3.513550, 6.138211
 254.000000, 17.837270, 2.737533, 3.421260, 6.228346
 236.666667, 17.101408, 2.633803, 3.580282, 6.301408
 226.000000, 16.519174, 2.584071, 3.668142, 6.334808
 227.666667, 16.518302, 2.499268, 3.500732, 6.118594
 252.333333, 17.644650, 2.630119, 3.297226, 5.982827
 218.333333, 17.961832, 3.430534, 3.926718, 7.422901
 227.000000, 16.788546, 2.511013, 3.703377, 6.323054
 219.000000, 16.949772, 3.159817, 3.926941, 7.133942
 244.333333, 18.713506, 3.391542, 3.514325, 6.949523
3
 0.333333, 0.000000, 0.000000, 1.000000, 3.000000
 219.333333, 16.238602, 2.673252, 3.433131, 6.170213
 241.666667, 15.724138, 2.357241, 3.387586, 5.867586
 263.000000, 15.703422, 2.313054, 3.150824, 5.509506
 257.666667, 17.209573, 2.582147, 3.285899, 5.934023
 273.000000, 16.410256, 2.252747, 3.002442, 5.306471
 251.666667, 16.835762, 2.643709, 3.317881, 6.021192
 238.666667, 15.201117, 2.456704, 3.343575, 5.864525
 245.000000, 17.491156, 2.661224, 3.367347, 6.091156
 254.000000, 16.812336, 2.607612, 3.335958, 5.992126
 249.333333, 16.652406, 2.697861, 3.383690, 6.132353
 263.333333, 18.107595, 2.868354, 3.270886, 6.193671
 240.666667, 17.019391, 2.722992, 3.527701, 6.308864
 231.000000, 17.137085, 2.707071, 3.711400, 6.510823
 245.000000, 17.451701, 2.748299, 3.371429, 6.191837
 256.000000, 17.686198, 2.588542, 3.195313, 5.837240
 251.333333, 17.362069, 2.656499, 3.307692, 6.013263
 212.666667, 17.746082, 3.769592, 4.004702, 7.821317
 245.000000, 17.938776, 2.760544, 3.541497, 6.371429
 221.000000, 17.546003, 3.027149, 3.849170, 6.957768
 225.000000, 17.591111, 3.029630, 3.697778, 6.865185
4
 0.333333, 4.000000, 0.000000, 0.000000, 0.000000
 201.666667, 15.652893, 2.561983, 3.699174, 6.395041
 228.666667, 15.068513, 2.332362, 3.567055, 5.976676
 258.333333, 16.340645, 2.320000, 3.189677, 5.562581
 254.000000, 17.145669, 2.547244, 3.355643, 5.979003
 255.333333, 15.288512, 2.122715, 3.082245, 5.251958
 256.666667, 17.433766, 2.718182, 3.270130, 6.037662
 231.666667, 15.579856, 2.345324, 3.467626, 5.883453
 247.333333, 17.247978, 2.613208, 3.335580, 6.002695
 259.000000, 17.723295, 2.679537, 3.257400, 5.989704
 230.333333, 16.108538, 2.804631, 3.612156, 6.531114
 260.000000, 18.460256, 2.701282, 3.306410, 6.074359
 230.666667, 16.486994, 2.666185, 3.695087, 6.432081
 233.666667, 16.584879, 2.609130, 3.697575, 6.368046
 252.000000, 18.082011, 2.683862, 3.329365, 6.068783
 240.000000, 17.073611, 2.548611, 3.441667, 6.052778
 228.000000, 16.532164, 2.574561, 3.640351, 6.302632
 201.000000, 17.281924, 3.419569, 4.212272, 7.721393
 229.666667, 17.309144, 2.560232, 3.740203, 6.391872
 202.000000, 16.798680, 2.831683, 4.128713, 7.041254
 204.333333, 16.577488, 3.060359, 4.058728, 7.226754
5
 0.333333, 6.000000, 0.000000, 1.000000, 1.000000
 210.666667, 16.118671, 2.626582, 3.531646, 6.221519
 237.000000, 15.623066, 2.326301, 3.469761, 5.866385
 264.000000, 16.022727, 2.311869, 3.170455, 5.525253
 264.000000, 17.250000, 2.589646, 3.220960, 5.867424
 271.000000, 16.399754, 2.319803, 3.006150, 5.381304
 257.000000, 17.054475, 2.785992, 3.245136, 6.110246
 225.666667, 15.239291, 2.388479, 3.636632, 6.090103
 249.666667, 17.491322, 2.579439, 3.340454, 5.990654
 248.333333, 17.040268, 2.553020, 3.370470, 5.974497
 237.333333, 16.266854, 2.615169, 3.501404, 6.223315
 231.333333, 17.573487, 2.572046, 3.695965, 6.348703
 248.666667, 17.518767, 2.717158, 3.494638, 6.265416
 252.000000, 17.313492, 2.694444, 3.478836, 6.219577
 241.000000, 17.255878, 2.803596, 3.470263, 6.333333
 253.000000, 17.415020, 2.654809, 3.242424, 5.960474
 226.333333, 16.827688, 2.475700, 3.646539, 6.226804
 213.333333, 18.151563, 3.651563, 4.050000, 7.776563
 255.333333, 18.330287, 2.601828, 3.368146, 6.049608
 205.666667, 16.956240, 2.790924, 4.058347, 6.940032
 218.000000, 17.506116, 3.048930, 3.821101, 6.955657
6
 0.333333, 7.000000, 0.000000, 0.000000, 1.000000
 223.000000, 15.458894, 2.829596, 3.295964, 6.201794
 226.666667, 15.451471, 2.382353, 3.591176, 6.085294
 268.333333, 16.745342, 2.478261, 3.119255, 5.640994
 251.666667, 16.569536, 2.531126, 3.378808, 5.978808
 255.333333, 15.402089, 2.124021, 3.156658, 5.343342
 246.000000, 16.620596, 2.665312, 3.342818, 6.078591
 257.666667, 16.552393, 2.666235, 3.161708, 5.874515
 255.666667, 18.285528, 2.750978, 3.267275, 6.067797
 257.666667, 17.483829, 2.628719, 3.305304, 5.978008
 236.666667, 16.547887, 2.818310, 3.570423, 6.460563
 258.666667, 18.747423, 2.856959, 3.362113, 6.265464
 238.000000, 16.812325, 2.750700, 3.609244, 6.431373
 246.000000, 17.711382, 2.776423, 3.482385, 6.344173
 244.333333, 17.069577, 2.732606, 3.396999, 6.219645
 250.666667, 18.208777, 2.640957, 3.253989, 5.980053
 229.333333, 16.629360, 2.569767, 3.587209, 6.212209
 205.000000, 17.998374, 3.679675, 4.165854, 7.956098
 220.333333, 16.639939, 2.701967, 3.833585, 6.649017
 214.666667, 17.490683, 2.948758, 3.917702, 6.967391
 227.666667, 17.765739, 3.265007, 3.672035, 7.019034
7
 0.333333, 0.000000, 0.000000, 1.000000, 2.000000
 206.333333, 15.544426, 2.550889, 3.636511, 6.253635
 249.000000, 16.353414, 2.385542, 3.361446, 5.795181
 264.666667, 16.256927, 2.318640, 3.158690, 5.531486
 252.333333, 15.877147, 2.509908, 3.388375, 5.944518
 261.000000, 16.016603, 2.286079, 3.091954, 5.444444
 235.333333, 15.026912, 2.507082, 3.518414, 6.097734
 257.000000, 16.006485, 2.507134, 3.182879, 5.748379
 239.666667, 16.456189, 2.588317, 3.456189, 6.095967
 244.000000, 16.545082, 2.520492, 3.468579, 6.053279
 258.333333, 17.740645, 2.820645, 3.362581, 6.227097
 255.000000, 18.509804, 2.729412, 3.386928, 6.166013
 250.333333, 17.623169, 2.723036, 3.406125, 6.206391
 248.333333, 17.735570, 2.781208, 3.445638, 6.297987
 249.333333, 17.512032, 2.832888, 3.375668, 6.260695
 258.666667, 17.375000, 2.621134, 3.192010, 5.859536
 243.666667, 18.008208, 2.714090, 3.366621, 6.168263
 188.000000, 16.507092, 3.695035, 4.540780, 8.361702
 253.333333, 17.713158, 2.656579, 3.392105, 6.130263
 221.000000, 17.636501, 3.012066, 3.874811, 6.933635
 214.333333, 16.743390, 3.133748, 3.827372, 7.059098
8
 0.333333, 1.000000, 0.000000, 1.000000, 2.000000
 195.333333, 15.476109, 2.720137, 3.824232, 6.709898
 249.000000, 16.397590, 2.481928, 3.350736, 5.882195
 257.000000, 16.500649, 2.365759, 3.212711, 5.631647
 274.333333, 17.583232, 2.777643, 3.144593, 5.972053
 278.666667, 17.373206, 2.403110, 2.952153, 5.399522
 245.666667, 16.158752, 2.527815, 3.375848, 5.957938
 259.333333, 17.011568, 2.683805, 3.203085, 5.961440
 241.333333, 17.219613, 2.669890, 3.477901, 6.204420
 260.000000, 17.661538, 2.815385, 3.314103, 6.191026
 235.666667, 16.714286, 2.694484, 3.595474, 6.398868
 270.333333, 19.128237, 2.937115, 3.242910, 6.223181
 242.000000, 17.059229, 2.681818, 3.560606, 6.315427
 249.333333, 18.061497, 2.799465, 3.423797, 6.284759
 239.333333, 17.240947, 2.699164, 3.476323, 6.239554
 241.000000, 16.959889, 2.650069, 3.394191, 6.116183
 256.000000, 18.317708, 2.802083, 3.266927, 6.125000
 190.000000, 16.870175, 2.808772, 4.457895, 7.370175
 221.666667, 17.218045, 2.586466, 3.824060, 6.535338
 214.666667, 16.975155, 2.763975, 3.894410, 6.754658
 203.000000, 16.972085, 2.940887, 4.090312, 7.169130
9
 0.333333, 0.000000, 0.000000, 1.000000, 2.000000
 213.666667, 15.659906, 2.661466, 3.603744, 6.374415
 254.666667, 16.615183, 2.486911, 3.234293, 5.781414
 265.333333, 16.590452, 2.498744, 3.149497, 5.694724
 255.666667, 16.749674, 2.603651, 3.299870, 5.950456
 266.666667, 16.888750, 2.285000, 3.016250, 5.362500
 237.666667, 15.816269, 2.551192, 3.462833, 6.086957
 263.666667, 17.011378, 2.630847, 3.134008, 5.838180
 255.000000, 17.132026, 2.803922, 3.252288, 6.099346
 252.000000, 17.100529, 2.742063, 3.339947, 6.136243
 258.333333, 17.379355, 2.823226, 3.280000, 6.156129
 250.333333, 18.252996, 2.858855, 3.448735, 6.391478
 216.333333, 16.473035, 2.460709, 3.879815, 6.456086
 231.000000, 16.496392, 2.619048, 3.683983, 6.389610
 235.666667, 16.550212, 2.622348, 3.534653, 6.222065
 228.333333, 16.327007, 2.531387, 3.535766, 6.172263
 247.000000, 17.499325, 2.716599, 3.322537, 6.087719
 194.333333, 17.202401, 3.324185, 4.063465, 7.792453
 253.666667, 17.879106, 2.684625, 3.441524, 6.174770
 225.000000, 17.400000, 3.114074, 3.811852, 6.991111
 211.333333, 16.933754, 3.312303, 3.902208, 7.364353
10
 0.333333, 5.000000, 0.000000, 0.000000, 2.000000
 212.666667, 15.742947, 2.738245, 3.536050, 6.416928
 246.666667, 16.817568, 2.336486, 3.335135, 5.732432
 265.333333, 16.659548, 2.373116, 3.195980, 5.621859
 260.666667, 17.337596, 2.531969, 3.242967, 5.822251
 252.000000, 15.555556, 2.216931, 3.203704, 5.489418
 244.333333, 16.312415, 2.605730, 3.436562, 6.091405
 233.333333, 15.495714, 2.441429, 3.522857, 6.037143
 263.333333, 18.627848, 2.794937, 3.174684, 6.025316
 253.000000, 17.470356, 2.696970, 3.329381, 6.072464
 250.000000, 17.576000, 2.761333, 3.412000, 6.218667
 242.666667, 18.237637, 2.663462, 3.581044, 6.295330
 244.333333, 17.870396, 2.686221, 3.545703, 6.298772
 253.666667, 17.792378, 2.818660, 3.428384, 6.294350
 230.000000, 16.484058, 2.769565, 3.607246, 6.442029
 246.666667, 17.652703, 2.683784, 3.301351, 6.063514
 261.000000, 18.392082, 2.858238, 3.212005, 6.113665
 205.666667, 17.586710, 3.369530, 4.178282, 7.619125
 238.000000, 17.591036, 2.642857, 3.572829, 6.306723
 199.333333, 15.916388, 2.797659, 4.185619, 7.078595
 214.666667, 17.486025, 3.034161, 3.970497, 7.099379
11
 0.333333, 1.000000, 0.000000, 0.000000, 2.000000
 196.666667, 14.459322, 2.945763, 3.796610, 6.847458
 227.666667, 15.055637, 2.307467, 3.571010, 5.975110
 259.666667, 16.278562, 2.278562, 3.237484, 5.582798
 271.333333, 17.853808, 2.701474, 3.191646, 5.939803
 271.666667, 17.239264, 2.428221, 3.006135, 5.495706
 266.333333, 17.707134, 2.713392, 3.146433, 5.908636
 242.333333, 15.825309, 2.525447, 3.303989, 5.898212
 252.000000, 17.788360, 2.760582, 3.294974, 6.115079
 261.333333, 17.391582, 2.676020, 3.237245, 5.966837
 254.333333, 17.500655, 2.866317, 3.314548, 6.233290
 251.000000, 18.211155, 2.746348, 3.440903, 6.248340
 240.333333, 17.529820, 2.796117, 3.568655, 6.418863
 239.000000, 17.556485, 2.744770, 3.591353, 6.414226
 246.333333, 17.315291, 2.602165, 3.399188, 6.048714
 262.333333, 17.832274, 2.750953, 3.180432, 5.979670
 226.666667, 16.752941, 2.575000, 3.661765, 6.313235
 208.333333, 17.604800, 3.512000, 4.067200, 7.630400
 216.666667, 16.909231, 2.521538, 3.967692, 6.601538
 221.333333, 18.268072, 3.121988, 3.858434, 7.075301
 202.000000, 16.155116, 2.975248, 4.051155, 7.161716
12
 0.333333, 0.000000, 0.000000, 1.000000, 2.000000
 195.000000, 14.988034, 2.716239, 3.924786, 6.753846
 241.333333, 15.779006, 2.437845, 3.368785, 5.881215
 270.333333, 16.316893, 2.484587, 3.107275, 5.637485
 261.000000, 17.222222, 2.667944, 3.291188, 6.001277
 257.666667, 16.172057, 2.062096, 3.138422, 5.260026
 244.333333, 15.871760, 2.571623, 3.398363, 6.043656
 260.000000, 16.344872, 2.675641, 3.121795, 5.893590
 231.666667, 16.831655, 2.646043, 3.526619, 6.279137
 248.000000, 16.879032, 2.547043, 3.377688, 5.990591
 250.000000, 16.982667, 2.769333, 3.352000, 6.173333
 236.333333, 17.572638, 2.691114, 3.588152, 6.401975
 238.000000, 17.361345, 2.768908, 3.558824, 6.429972
 238.666667, 16.506983, 2.558659, 3.557263, 6.171788
 241.333333, 16.994475, 2.910221, 3.464088, 6.432320
 254.666667, 18.096859, 2.651832, 3.221204, 5.954188
 237.000000, 16.917018, 2.649789, 3.509142, 6.229255
 185.000000, 17.405405, 3.320721, 4.544144, 8.027027
 265.333333, 18.167085, 2.805276, 3.291457, 6.169598
 220.666667, 17.077039, 3.140483, 3.883686, 7.090634
 222.333333, 16.799100, 3.215892, 3.746627, 7.059970
13
 0.333333, 7.000000, 1.000000, 6.000000, 8.000000
 202.000000, 15.168317, 2.559406, 3.533003, 6.303630
 254.666667, 16.558901, 2.511780, 3.303665, 5.861257
 269.000000, 17.029740, 2.519207, 3.153656, 5.727385
 264.666667, 17.530227, 2.677582, 3.249370, 5.989924
 257.333333, 15.477979, 2.099741, 3.082902, 5.248705
 249.666667, 16.400534, 2.664887, 3.301736, 6.033378
 260.666667, 16.983376, 2.629156, 3.185422, 5.868286
 257.666667, 17.780078, 2.724450, 3.238034, 6.015524
 264.333333, 17.446406, 2.678436, 3.234552, 5.955864
 247.666667, 17.110363, 2.776581, 3.409152, 6.236878
 253.666667, 18.268068, 2.759527, 3.374507, 6.178712
 224.666667, 16.792285, 2.729970, 3.729970, 6.603858
 251.333333, 17.534483, 2.819629, 3.438992, 6.306366
 244.333333, 17.160982, 2.783083, 3.428377, 6.266030
 241.333333, 17.107735, 2.558011, 3.377072, 6.009669
 240.333333, 17.622746, 2.809986, 3.377254, 6.285714
 216.333333, 18.516179, 3.383667, 3.942989, 7.408320
 236.333333, 17.231312, 2.695346, 3.672779, 6.440056
 219.000000, 17.077626, 2.937595, 3.908676, 6.923896
 213.000000, 17.156495, 3.142410, 3.877934, 7.167449
14
 0.333333, 0.000000, 1.000000, 0.000000, 2.000000
 205.333333, 14.899351, 2.529221, 3.637987, 6.243506
 251.000000, 16.264276, 2.454183, 3.277556, 5.780876
 250.333333, 15.830892, 2.335553, 3.308921, 5.701731
 252.000000, 16.275132, 2.431217, 3.349206, 5.826720
 258.333333, 15.152258, 2.070968, 3.105806, 5.227097
 235.666667, 15.360679, 2.473833, 3.492221, 6.031117
 257.333333, 17.163212, 2.656736, 3.196891, 5.917098
 260.000000, 18.047436, 2.748718, 3.253846, 6.066667
 253.333333, 16.986842, 2.735526, 3.298684, 6.092105
 245.333333, 16.300272, 2.682065, 3.468750, 6.205163
 252.666667, 18.213720, 2.715040, 3.377309, 6.145119
 232.666667, 16.106017, 2.746418, 3.703438, 6.518625
 248.000000, 17.806452, 2.764785, 3.463710, 6.302419
 253.000000, 17.956522, 2.932806, 3.304348, 6.301713
 242.666667, 16.844780, 2.611264, 3.409341, 6.085165
 229.000000, 16.889374, 2.647744, 3.622999, 6.333333
 200.000000, 17.300000, 3.231667, 4.240000, 7.601667
 221.666667, 16.759398, 2.542857, 3.816541, 6.470677
 213.666667, 17.102964, 3.040562, 3.929797, 7.071763
 193.333333, 16.962069, 2.832759, 4.379310, 7.320690
15
 0.333333, 0.000000, 0.000000, 1.000000, 1.000000
 200.000000, 15.348333, 2.500000, 3.823333, 6.425000
 255.666667, 16.986962, 2.543677, 3.269883, 5.869622
 256.000000, 15.906250, 2.309896, 3.257813, 5.623698
 262.333333, 17.218551, 2.518424, 3.193139, 5.775095
 275.333333, 16.644068, 2.200969, 2.947942, 5.198547
 258.333333, 16.638710, 2.633548, 3.218065, 5.904516
 261.000000, 16.918263, 2.503193, 3.136654, 5.685824
 252.333333, 17.354029, 2.719947, 3.280053, 6.043593
 252.666667, 17.552770, 2.660950, 3.383905, 6.104222
 242.333333, 17.301238, 2.803301, 3.455296, 6.356259
 227.000000, 16.058737, 2.571219, 3.731278, 6.377386
 236.333333, 16.792666, 2.736248, 3.664316, 6.465444
 237.333333, 16.626404, 2.640449, 3.571629, 6.279494
 238.666667, 16.882682, 2.817039, 3.481844, 6.374302
 257.333333, 17.742228, 2.556995, 3.225389, 5.838083
 255.000000, 18.141176, 2.712418, 3.291503, 6.057516
 186.000000, 15.336918, 3.193548, 4.482079, 7.826165
 240.333333, 17.456311, 2.615811, 3.588072, 6.270458
 237.333333, 18.365169, 3.268258, 3.591292, 6.921348
 232.333333, 17.440459, 3.315638, 3.476327, 6.912482
16
 0.333333, 0.000000, 0.000000, 0.000000, 0.000000
 228.000000, 16.714912, 2.868421, 3.429825, 6.387427
 263.000000, 17.188847, 2.499366, 3.173638, 5.756654
 277.000000, 17.505415, 2.482551, 3.057762, 5.583634
 276.000000, 17.748792, 2.743961, 3.083333, 5.868357
 265.333333, 17.104271, 2.236181, 3.066583, 5.354271
 255.000000, 16.593464, 2.560784, 3.261438, 5.898039
 227.333333, 15.338710, 2.271261, 3.702346, 6.019062
 233.333333, 16.938571, 2.605714, 3.590000, 6.251429
 239.000000, 16.629010, 2.534170, 3.511855, 6.111576
 249.000000, 16.894244, 2.651941, 3.409639, 6.117805
 236.333333, 16.220028, 2.478138, 3.633286, 6.165021
 222.000000, 16.417417, 2.648649, 3.773273, 6.515015
 245.333333, 17.494565, 2.725543, 3.463315, 6.255435
 251.000000, 17.863214, 2.833997, 3.351926, 6.252324
 242.666667, 17.409341, 2.572802, 3.390110, 6.030220
 236.000000, 16.943503, 2.682203, 3.470339, 6.231638
 209.000000, 17.368421, 3.751196, 4.031898, 7.856459
 206.000000, 16.690939, 2.529126, 4.095469, 6.745955
 231.000000, 17.913420, 3.152958, 3.668110, 6.883117
 230.666667, 17.546243, 3.380058, 3.605491, 7.041908
17
 0.333333, 0.000000, 0.000000, 0.000000, 0.000000
 218.666667, 15.564024, 2.618902, 3.463415, 6.182927
 242.666667, 16.087912, 2.369505, 3.405220, 5.821429
 261.666667, 16.220382, 2.400000, 3.219108, 5.664968
 252.666667, 16.511873, 2.488127, 3.362797, 5.898417
 259.333333, 15.338046, 2.020566, 3.098972, 5.167095
 250.000000, 16.753333, 2.632000, 3.286667, 5.996000
 245.666667, 15.906377, 2.432836, 3.333786, 5.819539
 250.666667, 16.956117, 2.683511, 3.301862, 6.031915
 249.666667, 17.524700, 2.747664, 3.404539, 6.216288
 251.666667, 17.611921, 2.807947, 3.353642, 6.235762
 266.333333, 18.643304, 2.817272, 3.284105, 6.145181
 258.666667, 18.076031, 2.789948, 3.353093, 6.197165
 239.000000, 16.775453, 2.518828, 3.516039, 6.111576
 246.000000, 17.134146, 2.752033, 3.384824, 6.195122
 256.666667, 17.707792, 2.629870, 3.218182, 5.901299
 238.666667, 17.370112, 2.625698, 3.448324, 6.166201
 215.000000, 18.231008, 3.519380, 3.831008, 7.452713
 249.666667, 18.034713, 2.711615, 3.472630, 6.230975
 223.666667, 17.713860, 3.064083, 3.795827, 6.910581
 229.000000, 18.100437, 3.216885, 3.595342, 6.951965
18
 0.333333, 0.000000, 0.000000, 0.000000, 0.000000
 221.000000, 15.618401, 2.668175, 3.386124, 6.158371
 247.000000, 15.950067, 2.291498, 3.291498, 5.641026
 265.000000, 16.249057, 2.330818, 3.174843, 5.549686
 266.000000, 17.898496, 2.631579, 3.235589, 5.913534
 265.333333, 16.199749, 2.207286, 3.047739, 5.301508
 248.333333, 16.472483, 2.500671, 3.335570, 5.935570
 249.000000, 16.381526, 2.601071, 3.195448, 5.868809
 231.000000, 15.910534, 2.565657, 3.532468, 6.183261
 233.333333, 16.107143, 2.488571, 3.582857, 6.160000
 233.666667, 16.116976, 2.641940, 3.587732, 6.302425
 233.000000, 17.028612, 2.595136, 3.608011, 6.288984
 239.000000, 16.655509, 2.642957, 3.576011, 6.287308
 235.333333, 17.001416, 2.745042, 3.650142, 6.464589
 230.333333, 16.528220, 2.626628, 3.619392, 6.309696
 269.666667, 18.818294, 2.697157, 3.123609, 5.867738
 245.333333, 17.982337, 2.736413, 3.404891, 6.209239
 202.000000, 17.549505, 3.547855, 4.163366, 7.801980
 272.333333, 18.436965, 2.922889, 3.204406, 6.170135
 223.333333, 17.588060, 3.089552, 3.819403, 6.973134
 228.000000, 17.684211, 3.112573, 3.729532, 6.919591
19
 0.333333, 3.000000, 0.000000, 0.000000, 1.000000
 211.333333, 15.646688, 2.722397, 3.654574, 6.436909
 232.666667, 15.444126, 2.320917, 3.422636, 5.909742
 256.666667, 15.897403, 2.342857, 3.220779, 5.619481
 257.333333, 17.089378, 2.475389, 3.373057, 5.896373
 241.000000, 14.868603, 2.085754, 3.289073, 5.491010
 245.666667, 16.345997, 2.516961, 3.294437, 5.951153
 250.666667, 16.517287, 2.496011, 3.204787, 5.780585
 256.666667, 17.744156, 2.764935, 3.277922, 6.102597
 248.000000, 16.896505, 2.530914, 3.462366, 6.038978
 232.000000, 15.994253, 2.606322, 3.581897, 6.280172
 239.000000, 17.075314, 2.603905, 3.591353, 6.253835
 243.000000, 16.846365, 2.733882, 3.480110, 6.285322
 243.333333, 17.312329, 2.701370, 3.497260, 6.271233
 233.333333, 17.338571, 2.715714, 3.585714, 6.367143
 263.000000, 18.144487, 2.634981, 3.182510, 5.877060
 234.000000, 16.813390, 2.554131, 3.481481, 6.115385
 210.333333, 18.334390, 3.800317, 4.041204, 7.906498
 253.000000, 18.021080, 2.777339, 3.471673, 6.295125
 225.333333, 17.755917, 3.065089, 3.791420, 6.918639
 229.666667, 17.573295, 3.256894, 3.711176, 7.017417
20
 0.333333, 6.000000, 0.000000, 0.000000, 1.000000
 208.333333, 16.248000, 2.825600, 3.673600, 6.550400
 251.333333, 16.713528, 2.537135, 3.222812, 5.847480
 262.666667, 16.756345, 2.469543, 3.205584, 5.723350
 244.333333, 15.829468, 2.467940, 3.466576, 5.995907
 272.666667, 16.597800, 2.209046, 2.995110, 5.255501
 252.000000, 16.407407, 2.583333, 3.281746, 5.916667
 252.666667, 16.596306, 2.423483, 3.269129, 5.740106
 229.333333, 15.848837, 2.511628, 3.593023, 6.191860
 244.666667, 16.666213, 2.637602, 3.461853, 6.158038
 238.000000, 16.805322, 2.780112, 3.550420, 6.420168
 244.333333, 18.016371, 2.759891, 3.489768, 6.306958
 237.000000, 16.708861, 2.606188, 3.582278, 6.268636
 235.666667, 16.973126, 2.575672, 3.618105, 6.267327
 248.000000, 17.366935, 2.731183, 3.385753, 6.177419
 252.333333, 17.807133, 2.661823, 3.200793, 5.933950
 246.000000, 17.715447, 2.712737, 3.424119, 6.186992
 204.666667, 17.561889, 3.237785, 4.040717, 7.402280
 245.000000, 17.401361, 2.582313, 3.477551, 6.107483
 217.000000, 16.648233, 2.996928, 3.861751, 6.952381
 212.333333, 16.791209, 3.083203, 3.998430, 7.164835
21
 0.333333, 1.000000, 4.000000, 1.000000, 6.000000
 226.666667, 16.257353, 2.861765, 3.322059, 6.241176
 240.333333, 16.460472, 2.497920, 3.468793, 6.024965
 264.000000, 16.170455, 2.260101, 3.080808, 5.388889
 247.000000, 16.392713, 2.415655, 3.406208, 5.913630
 258.666667, 15.926546, 2.271907, 3.082474, 5.417526
 238.333333, 15.966434, 2.548252, 3.464336, 6.082517
 258.000000, 16.268734, 2.496124, 3.177003, 5.723514
 248.333333, 17.618792, 2.695302, 3.358389, 6.127517
 235.666667, 16.421499, 2.571429, 3.540311, 6.182461
 240.000000, 16.988889, 2.641667, 3.477778, 6.191667
 247.333333, 17.882749, 2.774933, 3.471698, 6.295148
 247.000000, 17.400810, 2.693657, 3.476383, 6.253711
 240.666667, 16.921053, 2.699446, 3.555402, 6.300554
 242.666667, 16.989011, 2.814560, 3.451923, 6.351648
 242.666667, 17.021978, 2.649725, 3.380495, 6.085165
 241.000000, 17.056708, 2.647303, 3.420470, 6.123098
 180.000000, 16.446296, 3.116667, 4.583333, 7.827778
 246.000000, 17.617886, 2.792683, 3.436314, 6.338753
 202.000000, 16.249175, 2.722772, 4.135314, 6.965347
 223.666667, 17.505216, 3.128167, 3.679583, 6.913562
22
 0.333333, 0.000000, 4.000000, 1.000000, 6.000000
 229.000000, 16.132460, 2.981077, 3.273654, 6.320233
 256.000000, 16.627604, 2.635417, 3.251302, 5.932292
 271.333333, 16.800983, 2.439803, 3.079853, 5.566339
 261.666667, 16.876433, 2.517197, 3.256051, 5.816561
 249.666667, 15.785047, 2.303071, 3.225634, 5.599466
 246.333333, 16.585927, 2.493911, 3.373478, 5.917456
 253.333333, 16.444737, 2.510526, 3.271053, 5.825000
 237.333333, 17.210674, 2.706461, 3.443820, 6.221910
 251.333333, 16.944297, 2.490716, 3.355438, 5.911141
 236.666667, 16.581690, 2.683099, 3.576056, 6.356338
 245.666667, 17.649932, 2.744912, 3.431479, 6.248304
 253.333333, 18.178947, 2.951316, 3.415789, 6.436842
 225.333333, 16.500000, 2.528107, 3.748521, 6.375740
 240.666667, 16.909972, 2.792244, 3.452909, 6.289474
 232.666667, 16.157593, 2.492837, 3.541547, 6.111748
 239.000000, 16.732218, 2.546722, 3.556485, 6.152022
 219.000000, 18.111111, 3.506849, 3.866058, 7.464231
 230.000000, 17.531884, 2.539130, 3.685507, 6.343478
 210.333333, 17.053883, 3.011094, 4.050713, 7.152139
 206.000000, 16.710356, 3.116505, 3.983819, 7.220065
23
 0.333333, 2.000000, 4.000000, 0.000000, 5.000000
 198.666667, 15.600671, 2.642617, 3.708054, 6.476510
 253.333333, 16.297368, 2.442105, 3.292105, 5.788158
 266.333333, 16.524406, 2.387985, 3.118899, 5.554443
 269.000000, 17.790582, 2.680297, 3.205700, 5.935564
 266.666667, 16.031250, 2.295000, 3.000000, 5.357500
 251.666667, 16.200000, 2.700662, 3.260927, 6.045033
 246.333333, 16.278755, 2.545332, 3.366712, 5.958051
 217.333333, 15.375767, 2.650307, 3.760736, 6.513804
 254.666667, 16.895288, 2.517016, 3.278796, 5.863874
 241.333333, 17.116022, 2.718232, 3.487569, 6.269337
 240.333333, 16.879334, 2.581137, 3.608877, 6.249653
 232.000000, 16.534483, 2.714080, 3.612069, 6.405172
 233.000000, 17.012876, 2.806867, 3.660944, 6.530758
 250.000000, 17.782667, 2.766667, 3.405333, 6.226667
 257.333333, 17.744819, 2.642487, 3.215026, 5.922280
 240.666667, 17.265928, 2.650970, 3.407202, 6.112188
 212.666667, 17.934169, 3.506270, 4.021944, 7.636364
 261.000000, 18.403576, 2.808429, 3.288633, 6.180077
 207.666667, 16.426966, 2.764045, 4.054575, 6.934189
 209.666667, 16.116057, 3.052464, 3.877583, 7.046105
24
 0.333333, 1.000000, 4.000000, 0.000000, 6.000000
 224.000000, 16.052083, 2.875000, 3.401786, 6.397321
 239.000000, 15.769874, 2.393305, 3.442120, 5.895397
 267.333333, 16.490025, 2.387781, 3.113466, 5.554863
 256.666667, 16.724675, 2.584416, 3.351948, 5.981818
 253.666667, 15.770039, 2.094612, 3.172142, 5.369251
 252.666667, 16.391821, 2.577836, 3.254617, 5.910290
 256.000000, 16.647135, 2.506510, 3.260417, 5.820313
 220.333333, 16.205749, 2.462935, 3.649017, 6.231467
 240.333333, 17.063800, 2.625520, 3.557559, 6.246879
 241.666667, 16.990345, 2.779310, 3.467586, 6.304828
 261.333333, 18.293367, 2.711735, 3.295918, 6.086735
 239.333333, 17.162953, 2.618384, 3.601671, 6.281337
 253.000000, 17.476943, 2.731225, 3.441370, 6.223979
 232.333333, 16.629842, 2.701578, 3.568149, 6.345768
 247.000000, 17.058030, 2.573549, 3.326586, 5.955466
 238.333333, 17.041958, 2.590210, 3.453147, 6.151049
 221.000000, 18.214178, 3.280543, 3.894419, 7.263952
 245.333333, 18.035326, 2.660326, 3.524457, 6.252717
 207.666667, 16.845907, 2.855538, 4.088283, 7.022472
 213.000000, 17.327074, 3.112676, 3.967136, 7.205008
25
 0.333333, 0.000000, 5.000000, 1.000000, 13.000000
 198.000000, 16.168350, 2.582492, 3.702020, 6.489899
 238.333333, 15.760839, 2.523077, 3.384615, 5.977622
 260.333333, 16.241997, 2.350832, 3.192061, 5.600512
 252.666667, 16.659631, 2.457784, 3.354881, 5.875989
 269.666667, 16.317676, 2.231150, 3.058096, 5.334981
 245.333333, 16.559783, 2.569293, 3.360054, 6.013587
 230.666667, 16.080925, 2.517341, 3.576590, 6.177746
 258.000000, 17.678295, 2.739018, 3.224806, 6.018088
 238.000000, 15.932773, 2.505602, 3.516807, 6.086835
 256.333333, 17.850455, 2.862159, 3.364109, 6.284785
 249.000000, 17.970549, 2.793842, 3.479250, 6.337349
 230.000000, 17.131884, 2.721739, 3.620290, 6.450725
 241.000000, 17.076072, 2.612725, 3.506224, 6.195021
 235.333333, 16.702550, 2.735127, 3.528329, 6.313031
 260.333333, 17.847631, 2.653009, 3.177977, 5.901408
 236.666667, 16.612676, 2.536620, 3.445070, 6.043662
 208.333333, 17.488000, 3.657600, 4.060800, 7.771200
 232.666667, 17.375358, 2.621777, 3.650430, 6.372493
 216.666667, 17.215385, 2.896923, 3.907692, 6.852308
 224.333333, 17.826152, 3.145617, 3.673105, 6.915305
26
 0.333333, 11.000000, 3.000000, 20.000000, 25.000000
 207.666667, 15.062600, 2.640449, 3.614767, 6.340289
 249.000000, 16.318608, 2.412316, 3.270415, 5.729585
 268.333333, 16.392547, 2.475776, 3.139130, 5.665839
 264.666667, 17.220403, 2.608312, 3.222922, 5.874055
 255.000000, 15.428758, 2.099346, 3.126797, 5.283660
 234.000000, 15.505698, 2.337607, 3.464387, 5.904558
 259.666667, 16.671374, 2.707317, 3.132221, 5.907574
 241.333333, 16.243094, 2.661602, 3.417127, 6.127072
 269.333333, 17.837871, 2.861386, 3.139851, 6.044554
 241.000000, 17.627939, 2.686030, 3.503458, 6.289073
 232.000000, 16.409483, 2.534483, 3.619253, 6.250000
 240.000000, 17.493056, 2.722222, 3.584722, 6.387500
 254.000000, 18.086614, 2.719160, 3.395013, 6.171916
 234.666667, 16.406250, 2.654830, 3.548295, 6.269886
 218.000000, 15.695719, 2.548930, 3.634557, 6.322630
 240.333333, 17.202497, 2.571429, 3.380028, 6.036061
 213.000000, 17.397496, 3.378717, 4.023474, 7.460094
 213.666667, 16.876755, 2.600624, 4.006240, 6.723869
 208.333333, 16.849600, 2.912000, 4.100800, 7.081600
 221.666667, 17.305263, 2.953383, 3.721805, 6.772932
27
 0.333333, 0.000000, 5.000000, 0.000000, 6.000000
 206.000000, 14.713592, 2.584142, 3.480583, 6.202265
 244.333333, 15.379263, 2.364256, 3.336971, 5.761255
 244.666667, 15.625341, 2.265668, 3.339237, 5.681199
 251.333333, 16.633952, 2.433687, 3.332891, 5.850133
 259.666667, 15.955071, 2.137356, 3.091142, 5.322208
 242.666667, 15.862637, 2.510989, 3.406593, 5.994505
 266.333333, 17.503129, 2.612015, 3.106383, 5.770964
 249.000000, 17.366801, 2.744311, 3.317269, 6.119143
 240.666667, 16.700831, 2.409972, 3.501385, 5.975069
 233.333333, 16.132857, 2.722857, 3.560000, 6.372857
 243.333333, 17.536986, 2.764384, 3.502740, 6.327397
 239.333333, 16.729805, 2.717270, 3.577994, 6.360724
 224.000000, 16.087798, 2.590774, 3.741071, 6.425595
 241.333333, 17.502762, 2.802486, 3.439227, 6.309392
 260.666667, 17.870844, 2.625320, 3.161125, 5.833760
 269.333333, 18.648515, 2.988861, 3.106436, 6.149752
 207.666667, 17.322632, 3.451043, 4.081862, 7.616372
 218.333333, 17.218321, 2.572519, 3.890076, 6.566412
 205.333333, 16.686688, 2.787338, 4.086039, 6.931818
 207.333333, 16.334405, 3.069132, 3.988746, 7.188103
28
 0.333333, 12.000000, 3.000000, 0.000000, 24.000000
 205.333333, 16.529221, 2.467532, 3.873377, 6.470779
 246.666667, 16.581081, 2.490541, 3.362162, 5.913514
 272.333333, 16.645043, 2.498164, 3.041616, 5.585067
 249.666667, 16.389853, 2.535381, 3.388518, 6.009346
 269.333333, 16.606436, 2.283416, 2.983911, 5.321782
 247.000000, 16.299595, 2.727395, 3.390013, 6.190283
 257.000000, 16.863813, 2.683528, 3.110246, 5.865110
 236.000000, 16.755650, 2.579096, 3.477401, 6.122881
 231.000000, 16.036075, 2.520924, 3.595960, 6.210678
 231.333333, 16.299712, 2.659942, 3.587896, 6.340058
 230.666667, 17.367052, 2.583815, 3.661850, 6.326590
 230.000000, 16.285507, 2.639130, 3.721739, 6.427536
 239.333333, 17.218663, 2.584958, 3.626741, 6.266017
 244.000000, 17.031421, 2.681694, 3.405738, 6.155738
 245.666667, 17.540027, 2.591588, 3.310719, 5.968792
 252.333333, 18.545575, 2.943197, 3.309115, 6.340819
 214.000000, 18.207165, 3.436137, 4.001558, 7.528037
 253.666667, 18.223390, 2.766097, 3.407359, 6.264126
 221.000000, 17.128205, 3.073906, 3.834087, 6.978884
 214.333333, 17.035770, 3.144635, 3.883359, 7.133748
29
 0.333333, 4.000000, 3.000000, 3.000000, 26.000000
 211.666667, 15.607874, 2.653543, 3.596850, 6.335433
 242.000000, 15.957300, 2.402204, 3.395317, 5.876033
 265.666667, 16.363864, 2.386449, 3.122961, 5.565872
 248.000000, 16.692204, 2.600806, 3.420699, 6.090054
 266.666667, 16.207500, 2.277500, 3.095000, 5.418750
 241.000000, 16.500692, 2.561549, 3.508990, 6.135546
 252.333333, 16.241744, 2.425363, 3.221929, 5.713342
 246.666667, 17.255405, 2.671622, 3.367568, 6.106757
 251.333333, 16.900531, 2.519894, 3.377984, 5.962865
 229.000000, 15.981077, 2.662300, 3.681223, 6.400291
 243.333333, 17.108219, 2.686301, 3.473973, 6.241096
 246.333333, 17.384303, 2.767253, 3.488498, 6.320704
 237.666667, 17.086957, 2.754558, 3.622721, 6.429173
 239.000000, 17.013947, 2.658298, 3.468619, 6.213389
 243.333333, 17.353425, 2.628767, 3.373973, 6.083562
 239.666667, 17.058414, 2.677330, 3.486787, 6.221140
 203.333333, 17.431148, 3.185246, 4.167213, 7.450820
 225.333333, 16.991124, 2.517751, 3.755917, 6.375740
 193.000000, 15.875648, 2.632124, 4.203800, 7.051813
 196.666667, 16.113559, 2.913559, 4.242373, 7.281356
30
 0.333333, 3.000000, 3.000000, 3.000000, 26.000000
 225.000000, 15.958519, 3.059259, 3.420741, 6.561481
 251.666667, 16.308609, 2.425166, 3.337748, 5.807947
 271.333333, 16.534398, 2.429975, 3.067568, 5.542998
 253.333333, 16.815789, 2.592105, 3.392105, 6.034211
 259.666667, 16.311938, 2.196406, 3.129653, 5.391528
 233.000000, 15.530758, 2.566524, 3.516452, 6.184549
 250.000000, 16.365333, 2.685333, 3.208000, 5.949333
 251.000000, 17.670651, 2.796813, 3.353254, 6.195219
 255.333333, 17.242820, 2.699739, 3.310705, 6.084856
 243.000000, 17.307270, 2.770919, 3.484225, 6.323731
 223.666667, 16.487332, 2.585693, 3.822653, 6.503726
 249.000000, 17.697456, 2.800535, 3.447122, 6.326640
 239.333333, 17.476323, 2.692201, 3.558496, 6.339833
 251.666667, 17.882119, 2.814570, 3.394702, 6.264901
 242.333333, 17.481431, 2.625860, 3.394773, 6.081155
 237.000000, 17.434599, 2.620253, 3.485232, 6.164557
 196.666667, 17.150847, 3.208475, 4.267797, 7.549153
 247.000000, 18.103914, 2.723347, 3.465587, 6.267206
 199.333333, 15.745819, 2.918060, 4.122074, 7.190635
 233.333333, 17.907143, 3.208571, 3.580000, 6.847143
31
 0.333333, 7.000000, 5.000000, 2.000000, 7.000000
 214.000000, 14.867601, 2.545171, 3.529595, 6.129283
 244.666667, 15.723433, 2.343324, 3.407357, 5.813351
 269.333333, 16.304455, 2.467822, 3.099010, 5.615099
 263.000000, 17.405577, 2.641318, 3.269962, 5.961977
 251.333333, 15.933687, 2.131300, 3.169761, 5.383289
 242.333333, 16.140303, 2.667125, 3.407153, 6.126547
 219.666667, 14.729894, 2.380880, 3.751138, 6.207891
 252.666667, 17.534301, 2.831135, 3.292876, 6.191293
 264.000000, 17.502525, 2.710859, 3.229798, 5.986111
 248.000000, 16.889785, 2.672043, 3.387097, 6.119624
 264.333333, 18.699874, 2.823455, 3.259773, 6.187894
 232.000000, 16.708333, 2.668103, 3.681034, 6.458333
 232.666667, 16.945559, 2.564470, 3.643266, 6.266476
 232.333333, 16.688666, 2.668580, 3.548063, 6.331420
 243.333333, 17.184932, 2.636986, 3.357534, 6.057534
 223.666667, 16.180328, 2.618480, 3.664680, 6.356185
 217.000000, 18.457757, 3.490015, 3.949309, 7.494624
 233.333333, 17.372857, 2.638571, 3.672857, 6.392857
 226.000000, 17.764012, 3.148968, 3.786136, 6.998525
 224.000000, 17.023810, 3.075893, 3.622024, 6.764881
Histogram
4 0 0 0 0 0 0 0 0 0 5 0 0 0 0 0 0 0 0 0 8 0 0 0 0 0 0 0 0 0 3 0 0 0 0 0 0 0 0 0 0 0 0 0 0 0 0 0 0 0 1 2 7 17 6 14 16 22 43 68 68 79 84 71 30 11 5 7 5 23 18 10 7 3 8 2 5 4 6 2 2 0 0 1 0 0 0 0 0 0 0 0 0 0 0 0 0 0 0 0 0 0 0 0 0 0 0 0 0 0 0 0 0 0 0 0 0 0 0 5 
Cache Miss Ratio
NaN
numOfSets
462276
numOfGets
0
numOfMultiGets
0
