21
0
 0.250000, 0.000000, 0.000000, 1.000000, 4.000000
 148.666667, 0.647982, 0.275785, 1.674888, 2.042601
 168.000000, 0.811508, 0.325397, 1.500000, 1.873016
 164.666667, 0.744939, 0.303644, 1.518219, 1.874494
 178.666667, 0.783582, 0.250000, 1.399254, 1.708955
 154.000000, 0.629870, 0.227273, 1.623377, 1.898268
 164.333333, 0.756592, 0.194726, 1.707911, 1.949290
 153.666667, 0.696312, 0.216920, 1.559653, 1.837310
 170.333333, 0.679061, 0.225049, 1.520548, 1.790607
 177.666667, 0.686679, 0.212008, 1.469043, 1.729831
 182.666667, 1.175182, 0.359489, 1.485401, 1.906934
 169.333333, 0.868110, 0.212598, 1.655512, 1.938976
 172.333333, 0.862669, 0.220503, 1.574468, 1.856867
 158.333333, 0.597895, 0.221053, 1.865263, 2.136842
 164.000000, 0.827236, 0.225610, 1.648374, 1.922764
 178.333333, 0.904673, 0.254206, 1.551402, 1.872897
 172.333333, 0.591876, 0.203095, 1.485493, 1.756286
 166.333333, 0.571142, 0.174349, 1.697395, 1.935872
 171.333333, 0.692607, 0.223735, 1.607004, 1.889105
 183.333333, 0.774545, 0.234545, 1.449091, 1.729091
 167.666667, 0.858847, 0.238569, 1.572565, 1.882704
1
 0.250000, 0.000000, 0.000000, 2.000000, 3.000000
 167.000000, 1.029940, 0.333333, 1.491018, 1.894212
 164.000000, 0.565041, 0.193089, 1.473577, 1.715447
 169.333333, 0.718504, 0.293307, 1.492126, 1.834646
 171.666667, 1.013592, 0.287379, 1.506796, 1.864078
 173.000000, 0.967245, 0.260116, 1.526012, 1.853565
 180.666667, 1.022140, 0.228782, 1.559041, 1.833948
 160.000000, 0.604167, 0.222917, 1.583333, 1.872917
 170.666667, 0.464844, 0.214844, 1.541016, 1.828125
 181.666667, 0.609174, 0.196330, 1.570642, 1.816514
 165.666667, 0.627767, 0.225352, 1.585513, 1.859155
 168.666667, 0.770751, 0.215415, 1.758893, 2.045455
 180.666667, 0.942804, 0.208487, 1.492620, 1.765683
 169.000000, 0.859961, 0.238659, 1.719921, 2.015779
 162.666667, 0.776639, 0.225410, 1.600410, 1.875000
 160.333333, 0.864865, 0.251559, 1.627859, 1.964657
 185.666667, 0.675045, 0.208259, 1.490126, 1.745063
 175.666667, 0.760911, 0.237192, 1.618596, 1.914611
 148.333333, 0.465169, 0.251685, 1.739326, 2.056180
 178.000000, 0.632959, 0.220974, 1.573034, 1.852060
 166.000000, 0.730924, 0.257028, 1.761044, 2.084337
2
 0.250000, 0.000000, 0.000000, 1.000000, 3.000000
 164.666667, 1.180162, 0.309717, 1.530364, 1.892713
 168.666667, 0.733202, 0.280632, 1.464427, 1.794466
 166.666667, 0.654000, 0.310000, 1.538000, 1.898000
 164.666667, 0.716599, 0.240891, 1.447368, 1.738866
 155.666667, 0.629550, 0.267666, 1.633833, 1.950749
 160.333333, 0.715177, 0.187110, 1.721414, 1.970894
 154.666667, 0.571121, 0.204741, 1.672414, 1.965517
 171.666667, 0.743689, 0.215534, 1.617476, 1.897087
 179.000000, 0.653631, 0.193669, 1.532588, 1.778399
 177.333333, 0.866541, 0.204887, 1.575188, 1.847744
 173.666667, 0.792706, 0.266795, 1.648752, 1.965451
 181.666667, 0.851376, 0.231193, 1.473394, 1.757798
 170.333333, 0.968689, 0.223092, 1.686888, 1.976517
 172.000000, 1.063953, 0.205426, 1.656977, 1.932171
 169.666667, 0.848723, 0.233792, 1.557957, 1.874263
 191.000000, 0.821990, 0.186736, 1.465969, 1.708551
 167.666667, 0.526839, 0.234592, 1.735586, 2.021869
 172.333333, 0.721470, 0.255319, 1.740812, 2.056093
 174.333333, 0.692161, 0.242830, 1.573614, 1.864245
 178.666667, 0.953358, 0.244403, 1.675373, 1.966418
3
 0.250000, 0.000000, 0.000000, 1.000000, 1.000000
 169.333333, 1.049213, 0.372047, 1.505906, 1.956693
 172.333333, 0.814313, 0.239845, 1.529981, 1.827853
 168.666667, 0.693676, 0.264822, 1.442688, 1.764822
 173.333333, 0.663462, 0.240385, 1.446154, 1.740385
 162.666667, 0.747951, 0.237705, 1.823770, 2.127049
 174.000000, 0.894636, 0.212644, 1.645594, 1.904215
 168.666667, 0.994071, 0.243083, 1.608696, 1.938735
 173.333333, 0.569231, 0.217308, 1.601923, 1.909615
 191.000000, 0.890052, 0.219895, 1.403141, 1.668412
 174.666667, 0.845420, 0.265267, 1.530534, 1.843511
 171.000000, 0.795322, 0.212476, 1.629630, 1.918129
 189.333333, 0.954225, 0.304577, 1.482394, 1.834507
 171.666667, 0.800000, 0.233010, 1.755340, 2.036893
 167.666667, 0.972167, 0.232604, 1.811133, 2.105368
 172.333333, 0.878143, 0.263056, 1.591876, 1.903288
 176.000000, 0.803030, 0.183712, 1.556818, 1.789773
 169.000000, 0.717949, 0.268245, 1.672584, 2.005917
 166.000000, 0.670683, 0.212851, 1.726908, 1.995984
 184.666667, 0.675090, 0.229242, 1.537906, 1.839350
 162.000000, 0.985597, 0.271605, 1.691358, 2.026749
4
 0.250000, 0.000000, 0.000000, 10.000000, 26.000000
 170.000000, 0.676471, 0.352941, 1.464706, 1.878431
 181.666667, 0.845872, 0.233028, 1.477064, 1.755963
 162.000000, 0.543210, 0.242798, 1.518519, 1.810700
 160.333333, 0.762994, 0.268191, 1.471933, 1.802495
 154.333333, 0.619870, 0.220302, 1.926566, 2.203024
 178.000000, 0.891386, 0.202247, 1.769663, 2.029963
 164.000000, 0.621951, 0.199187, 1.479675, 1.778455
 181.000000, 0.773481, 0.244936, 1.548803, 1.841621
 191.000000, 0.755672, 0.195462, 1.485166, 1.727749
 177.333333, 0.917293, 0.201128, 1.511278, 1.765038
 185.000000, 0.884685, 0.263063, 1.654054, 1.976577
 184.333333, 0.822785, 0.274864, 1.479204, 1.833635
 165.333333, 0.879032, 0.217742, 1.723790, 1.991935
 168.333333, 1.007921, 0.257426, 1.643564, 1.972277
 163.000000, 0.668712, 0.229039, 1.519427, 1.807771
 177.000000, 0.772128, 0.193974, 1.546139, 1.815443
 173.333333, 0.673077, 0.250000, 1.728846, 2.036538
 168.666667, 0.770751, 0.193676, 1.689723, 1.928854
 165.000000, 0.672727, 0.193939, 1.464646, 1.737374
 179.000000, 0.862197, 0.240223, 1.573557, 1.856611
5
 0.250000, 0.000000, 0.000000, 2.000000, 12.000000
 152.666667, 0.751092, 0.292576, 1.576419, 1.927948
 168.666667, 0.808300, 0.231225, 1.438735, 1.715415
 164.666667, 0.659919, 0.297571, 1.570850, 1.923077
 179.333333, 0.721190, 0.228625, 1.403346, 1.687732
 157.000000, 0.666667, 0.248408, 1.777070, 2.091295
 171.000000, 0.693957, 0.204678, 1.604288, 1.869396
 157.333333, 0.658898, 0.230932, 1.798729, 2.088983
 167.000000, 0.614770, 0.199601, 1.658683, 1.936128
 180.000000, 0.866667, 0.250000, 1.596296, 1.898148
 170.333333, 0.782779, 0.207436, 1.569472, 1.843444
 166.333333, 0.719439, 0.196393, 1.693387, 1.945892
 178.666667, 0.893657, 0.298507, 1.554104, 1.906716
 176.333333, 0.776938, 0.241966, 1.759924, 2.056711
 175.666667, 1.138520, 0.259962, 1.605313, 1.925996
 170.666667, 0.789063, 0.216797, 1.625000, 1.900391
 193.333333, 0.748276, 0.189655, 1.458621, 1.693103
 165.333333, 0.465726, 0.205645, 1.631048, 1.889113
 175.666667, 0.783681, 0.201139, 1.819734, 2.064516
 173.000000, 0.541426, 0.190751, 1.460501, 1.720617
 175.000000, 1.072381, 0.274286, 1.520000, 1.855238
6
 0.250000, 0.000000, 0.000000, 9.000000, 23.000000
 162.666667, 1.411885, 0.368852, 1.459016, 1.881148
 169.333333, 0.742126, 0.267717, 1.523622, 1.838583
 188.000000, 0.989362, 0.368794, 1.549645, 1.989362
 163.333333, 0.695918, 0.222449, 1.477551, 1.759184
 170.333333, 0.868885, 0.272016, 1.551859, 1.870841
 171.333333, 0.715953, 0.204280, 1.735409, 2.000000
 172.000000, 0.844961, 0.213178, 1.622093, 1.883721
 166.333333, 0.683367, 0.224449, 1.675351, 1.961924
 180.333333, 0.611830, 0.182994, 1.510166, 1.744917
 174.000000, 0.814176, 0.227969, 1.521073, 1.808429
 170.000000, 0.850980, 0.229412, 1.745098, 2.021569
 188.666667, 0.980565, 0.277385, 1.512367, 1.837456
 154.666667, 0.681034, 0.252155, 1.734914, 2.049569
 167.666667, 0.890656, 0.206759, 1.566600, 1.827038
 159.333333, 0.682008, 0.251046, 1.589958, 1.903766
 181.333333, 0.766544, 0.215074, 1.498162, 1.757353
 176.666667, 0.637736, 0.209434, 1.600000, 1.854717
 176.000000, 0.829545, 0.210227, 1.691288, 1.971591
 178.666667, 0.690299, 0.218284, 1.427239, 1.695896
 158.333333, 0.713684, 0.271579, 1.625263, 1.957895
7
 0.250000, 0.000000, 0.000000, 9.000000, 18.000000
 150.666667, 0.730088, 0.269912, 1.597345, 1.924779
 183.000000, 1.107468, 0.251366, 1.411658, 1.734062
 173.666667, 0.988484, 0.299424, 1.523992, 1.898273
 172.666667, 0.837838, 0.303089, 1.395753, 1.770270
 154.000000, 0.521645, 0.261905, 1.554113, 1.876623
 165.000000, 0.664646, 0.204040, 1.888889, 2.143434
 170.333333, 0.808219, 0.209393, 1.522505, 1.780822
 162.333333, 0.468172, 0.215606, 1.613963, 1.882957
 186.666667, 0.671429, 0.183929, 1.489286, 1.717857
 182.000000, 0.895604, 0.188645, 1.750916, 1.998168
 167.000000, 0.734531, 0.241517, 1.788423, 2.081836
 177.000000, 0.811676, 0.233522, 1.636535, 1.926554
 162.333333, 0.776181, 0.248460, 1.724846, 2.039014
 160.333333, 0.945946, 0.205821, 1.625780, 1.906445
 176.666667, 1.064151, 0.267925, 1.552830, 1.871698
 189.000000, 0.763668, 0.178131, 1.522046, 1.746032
 166.666667, 0.546000, 0.258000, 1.748000, 2.082000
 165.333333, 0.935484, 0.215726, 1.731855, 2.012097
 166.333333, 0.412826, 0.220441, 1.436874, 1.705411
 166.333333, 0.757515, 0.220441, 1.657315, 1.923848
8
 0.250000, 0.000000, 0.000000, 9.000000, 23.000000
 164.000000, 0.985772, 0.359756, 1.571138, 1.979675
 177.666667, 1.013133, 0.258912, 1.390244, 1.709193
 172.000000, 0.796512, 0.323643, 1.441860, 1.823643
 163.333333, 0.824490, 0.255102, 1.534694, 1.848980
 161.666667, 0.721649, 0.243299, 1.839175, 2.150515
 165.666667, 0.716298, 0.211268, 1.668008, 1.957746
 165.333333, 0.778226, 0.235887, 1.725806, 2.010081
 168.666667, 0.687747, 0.213439, 1.610672, 1.883399
 181.000000, 0.655617, 0.189687, 1.475138, 1.720074
 178.333333, 0.813084, 0.235514, 1.579439, 1.885981
 167.666667, 0.721670, 0.238569, 1.681909, 2.005964
 181.333333, 0.856618, 0.213235, 1.545956, 1.818015
 167.333333, 0.774900, 0.260956, 1.850598, 2.191235
 171.666667, 0.800000, 0.242718, 1.794175, 2.108738
 172.666667, 0.888031, 0.231660, 1.457529, 1.745174
 181.666667, 0.596330, 0.200000, 1.541284, 1.794495
 169.000000, 0.631164, 0.238659, 1.609467, 1.891519
 177.000000, 0.839925, 0.216573, 1.687382, 1.951036
 172.666667, 0.571429, 0.189189, 1.567568, 1.841699
 159.666667, 0.668058, 0.200418, 1.718163, 1.987474
9
 0.250000, 0.000000, 0.000000, 0.000000, 1.000000
 159.333333, 0.830544, 0.328452, 1.541841, 1.928870
 174.000000, 0.814176, 0.279693, 1.431034, 1.762452
 171.666667, 0.702913, 0.219417, 1.541748, 1.805825
 180.000000, 0.892593, 0.246296, 1.531481, 1.837037
 163.666667, 1.018330, 0.266802, 1.525458, 1.843177
 182.333333, 0.844607, 0.243144, 1.659963, 1.950640
 167.333333, 0.884462, 0.262948, 1.583665, 1.896414
 168.000000, 0.547619, 0.214286, 1.601190, 1.861111
 182.666667, 0.645985, 0.202555, 1.567518, 1.819343
 173.333333, 0.821154, 0.196154, 1.536538, 1.782692
 167.000000, 0.806387, 0.219561, 1.780439, 2.051896
 181.000000, 0.633517, 0.224678, 1.607735, 1.896869
 177.666667, 0.793621, 0.236398, 1.658537, 1.939962
 170.333333, 1.043053, 0.272016, 1.545988, 1.864971
 177.000000, 1.033898, 0.224105, 1.468927, 1.775895
 183.333333, 0.692727, 0.198182, 1.447273, 1.694545
 171.333333, 0.521401, 0.173152, 1.661479, 1.896887
 177.333333, 1.011278, 0.208647, 1.629699, 1.883459
 185.333333, 0.694245, 0.221223, 1.388489, 1.665468
10
 0.250000, 0.000000, 0.000000, 0.000000, 0.000000
 160.333333, 0.975052, 0.293139, 1.471933, 1.833680
 168.333333, 0.879208, 0.261386, 1.479208, 1.831683
 170.666667, 0.837891, 0.269531, 1.455078, 1.785156
 174.333333, 0.919694, 0.281071, 1.422562, 1.749522
 170.000000, 0.801961, 0.292157, 1.676471, 2.033333
 160.333333, 0.590437, 0.203742, 1.746362, 2.008316
 180.333333, 0.720887, 0.243993, 1.486137, 1.778189
 179.333333, 0.771375, 0.193309, 1.511152, 1.780669
 158.333333, 0.623158, 0.204211, 1.618947, 1.882105
 169.666667, 0.868369, 0.208251, 1.624754, 1.913556
 172.333333, 0.829787, 0.230174, 1.566731, 1.883946
 189.333333, 0.901408, 0.250000, 1.404930, 1.697183
 164.666667, 0.925101, 0.277328, 1.769231, 2.119433
 154.333333, 0.760259, 0.203024, 1.749460, 2.008639
 172.666667, 0.899614, 0.247104, 1.494208, 1.812741
 178.000000, 0.848315, 0.202247, 1.473783, 1.724719
 157.333333, 0.436441, 0.182203, 1.631356, 1.891949
 170.666667, 0.753906, 0.228516, 1.732422, 2.007813
 175.333333, 0.585551, 0.214829, 1.486692, 1.760456
 161.666667, 0.626804, 0.173196, 1.661856, 1.884536
11
 0.250000, 0.000000, 0.000000, 0.000000, 0.000000
 154.333333, 0.609071, 0.313175, 1.524838, 1.917927
 158.666667, 0.792017, 0.241597, 1.577731, 1.886555
 166.000000, 0.686747, 0.265060, 1.502008, 1.815261
 173.000000, 0.921002, 0.265896, 1.414258, 1.759152
 165.333333, 0.852823, 0.284274, 1.584677, 1.913306
 172.333333, 0.796905, 0.228240, 1.705996, 1.980658
 191.000000, 1.033159, 0.219895, 1.607330, 1.876091
 171.666667, 0.813592, 0.225243, 1.658252, 1.932039
 181.666667, 0.706422, 0.185321, 1.528440, 1.761468
 158.000000, 0.871308, 0.208861, 1.500000, 1.767932
 171.333333, 0.690661, 0.210117, 1.566148, 1.834630
 182.000000, 0.928571, 0.247253, 1.553114, 1.864469
 163.000000, 0.713701, 0.239264, 1.754601, 2.071575
 163.333333, 0.961224, 0.210204, 1.644898, 1.912245
 165.333333, 1.026210, 0.229839, 1.620968, 1.937500
 186.000000, 0.734767, 0.179211, 1.464158, 1.689964
 175.333333, 0.652091, 0.209125, 1.716730, 1.973384
 159.000000, 0.771488, 0.241090, 1.849057, 2.159329
 178.333333, 0.800000, 0.269159, 1.639252, 1.970093
12
 0.250000, 0.000000, 0.000000, 6.000000, 7.000000
 165.666667, 0.672032, 0.299799, 1.537223, 1.891348
 179.000000, 0.793296, 0.316574, 1.534451, 1.908752
 182.000000, 0.807692, 0.234432, 1.424908, 1.703297
 177.666667, 0.983114, 0.313321, 1.632270, 1.994371
 157.666667, 0.564482, 0.262156, 1.610994, 1.949260
 169.666667, 0.866405, 0.214145, 1.719057, 1.994106
 180.333333, 0.826248, 0.242144, 1.617375, 1.905730
 171.666667, 0.689320, 0.211650, 1.648544, 1.920388
 176.000000, 0.763258, 0.217803, 1.611742, 1.888258
 176.333333, 0.758034, 0.228733, 1.555766, 1.860113
 168.666667, 1.035573, 0.260870, 1.650198, 1.964427
 179.333333, 0.962825, 0.247212, 1.472119, 1.786245
 156.000000, 0.715812, 0.239316, 1.784188, 2.089744
 162.666667, 0.821721, 0.229508, 1.733607, 2.026639
 182.666667, 0.928832, 0.235401, 1.645985, 1.925182
 187.000000, 0.709447, 0.204991, 1.545455, 1.807487
 170.000000, 0.537255, 0.225490, 1.631373, 1.900000
 172.333333, 1.044487, 0.197292, 1.665377, 1.912959
 179.666667, 0.873840, 0.215213, 1.478664, 1.755102
 172.333333, 0.736944, 0.201161, 1.634429, 1.883946
13
 0.250000, 0.000000, 0.000000, 1.000000, 8.000000
 154.000000, 0.872294, 0.339827, 1.491342, 1.896104
 166.333333, 0.585170, 0.234469, 1.581162, 1.865731
 186.333333, 0.998211, 0.327370, 1.493739, 1.869410
 172.000000, 0.862403, 0.224806, 1.403101, 1.676357
 151.666667, 0.490110, 0.274725, 1.804396, 2.156044
 176.666667, 0.779245, 0.213208, 1.686792, 1.949057
 181.666667, 0.926606, 0.231193, 1.743119, 2.036697
 168.000000, 0.734127, 0.230159, 1.583333, 1.867063
 183.666667, 0.762250, 0.217786, 1.448276, 1.715064
 179.666667, 0.858998, 0.191095, 1.411874, 1.649351
 187.333333, 0.989324, 0.243772, 1.553381, 1.855872
 178.000000, 0.795880, 0.249064, 1.473783, 1.790262
 164.333333, 0.787018, 0.239351, 1.762677, 2.060852
 170.333333, 1.009785, 0.252446, 1.655577, 1.970646
 185.333333, 1.086331, 0.253597, 1.510791, 1.811151
 200.333333, 0.883527, 0.214642, 1.400998, 1.658902
 169.333333, 0.663386, 0.212598, 1.661417, 1.933071
 176.333333, 0.903592, 0.247637, 1.584121, 1.888469
 184.000000, 0.632246, 0.230072, 1.443841, 1.717391
14
 0.250000, 0.000000, 0.000000, 1.000000, 2.000000
 142.666667, 0.588785, 0.310748, 1.509346, 1.876168
 176.000000, 0.958333, 0.255682, 1.422348, 1.731061
 163.666667, 0.771894, 0.268839, 1.515275, 1.832994
 175.000000, 0.942857, 0.295238, 1.379048, 1.742857
 174.333333, 0.977055, 0.229446, 1.699809, 1.975143
 181.000000, 1.058932, 0.186004, 1.705341, 1.937385
 161.333333, 0.719008, 0.266529, 1.665289, 1.983471
 174.666667, 0.782443, 0.240458, 1.683206, 1.996183
 179.333333, 0.758364, 0.204461, 1.457249, 1.721190
 173.000000, 0.888247, 0.219653, 1.593449, 1.894027
 172.666667, 0.833977, 0.220077, 1.644788, 1.926641
 196.000000, 0.952381, 0.219388, 1.418367, 1.683673
 164.666667, 0.904858, 0.210526, 1.663968, 1.937247
 169.000000, 0.960552, 0.195266, 1.556213, 1.802761
 170.666667, 0.904297, 0.244141, 1.648438, 1.939453
 185.000000, 0.917117, 0.201802, 1.517117, 1.783784
 186.000000, 0.695341, 0.222222, 1.519713, 1.813620
 170.333333, 0.753425, 0.217221, 1.743640, 2.007828
 170.000000, 0.496078, 0.200000, 1.554902, 1.841176
 160.000000, 0.800000, 0.193750, 1.737500, 2.002083
15
 0.250000, 0.000000, 0.000000, 0.000000, 1.000000
 154.666667, 0.836207, 0.252155, 1.678879, 2.019397
 158.333333, 0.621053, 0.218947, 1.677895, 1.972632
 159.666667, 0.680585, 0.346555, 1.484342, 1.885177
 173.000000, 0.895954, 0.260116, 1.497110, 1.816956
 168.333333, 0.910891, 0.263366, 1.693069, 2.013861
 169.000000, 0.808679, 0.222880, 1.662722, 1.946746
 162.666667, 0.844262, 0.223361, 1.633197, 1.907787
 166.000000, 0.676707, 0.236948, 1.668675, 1.969880
 174.666667, 0.583969, 0.198473, 1.614504, 1.870229
 171.666667, 0.900971, 0.236893, 1.557282, 1.850485
 171.666667, 0.770874, 0.213592, 1.619417, 1.910680
 178.666667, 1.000000, 0.279851, 1.638060, 1.985075
 181.666667, 0.814679, 0.238532, 1.656881, 1.941284
 166.666667, 0.848000, 0.214000, 1.554000, 1.814000
 167.666667, 0.699801, 0.220676, 1.576541, 1.856859
 187.333333, 0.962633, 0.209964, 1.704626, 1.992883
 173.000000, 0.693642, 0.242775, 1.687861, 1.990366
 169.666667, 0.950884, 0.243615, 1.681729, 1.988212
 169.333333, 0.759843, 0.210630, 1.527559, 1.797244
16
 0.250000, 0.000000, 0.000000, 2.000000, 3.000000
 166.666667, 0.872000, 0.322000, 1.524000, 1.898000
 170.000000, 0.790196, 0.241176, 1.578431, 1.874510
 170.333333, 0.612524, 0.242661, 1.434442, 1.761252
 169.000000, 0.834320, 0.262327, 1.487179, 1.814596
 148.666667, 0.603139, 0.224215, 1.701794, 1.986547
 189.333333, 0.848592, 0.220070, 1.656690, 1.926056
 177.333333, 0.680451, 0.210526, 1.533835, 1.787594
 172.333333, 0.694391, 0.208897, 1.547389, 1.802708
 187.333333, 0.738434, 0.192171, 1.489324, 1.729537
 181.000000, 0.812155, 0.195212, 1.580110, 1.821363
 184.333333, 0.978300, 0.301989, 1.710669, 2.056058
 188.333333, 0.941593, 0.244248, 1.412389, 1.704425
 156.666667, 0.534043, 0.195745, 1.836170, 2.100000
 169.333333, 0.875984, 0.238189, 1.564961, 1.850394
 168.000000, 0.785714, 0.234127, 1.591270, 1.886905
 180.666667, 0.640221, 0.247232, 1.516605, 1.821033
 169.666667, 0.591356, 0.194499, 1.587426, 1.831041
 160.333333, 0.688150, 0.193347, 1.696466, 1.954262
 163.333333, 0.697959, 0.173469, 1.526531, 1.767347
 168.333333, 0.849505, 0.215842, 1.685149, 1.966337
17
 0.250000, 0.000000, 0.000000, 2.000000, 3.000000
 155.000000, 0.625806, 0.260215, 1.572043, 1.888172
 170.000000, 1.119608, 0.278431, 1.490196, 1.831373
 167.666667, 0.781312, 0.330020, 1.584493, 1.966203
 159.666667, 0.960334, 0.277662, 1.471816, 1.832985
 154.333333, 0.736501, 0.244060, 1.686825, 1.978402
 181.000000, 0.920810, 0.208103, 1.631676, 1.885820
 171.666667, 1.001942, 0.201942, 1.574757, 1.829126
 181.000000, 0.679558, 0.189687, 1.558011, 1.806630
 181.000000, 0.797422, 0.217311, 1.580110, 1.872928
 168.000000, 0.652778, 0.198413, 1.636905, 1.892857
 173.333333, 0.734615, 0.200000, 1.721154, 1.967308
 171.666667, 0.790291, 0.238835, 1.516505, 1.803883
 164.666667, 0.587045, 0.273279, 1.761134, 2.085020
 169.000000, 0.952663, 0.287968, 1.710059, 2.057199
 177.666667, 1.170732, 0.221388, 1.581614, 1.863039
 183.666667, 0.691470, 0.201452, 1.446461, 1.704174
 163.666667, 0.568228, 0.221996, 1.765784, 2.065173
 163.333333, 0.738776, 0.255102, 1.732653, 2.046939
 180.333333, 0.730129, 0.216266, 1.512015, 1.772643
18
 0.250000, 0.000000, 0.000000, 2.000000, 2.000000
 168.000000, 0.930556, 0.283730, 1.523810, 1.867063
 181.666667, 0.757798, 0.200000, 1.475229, 1.719266
 169.000000, 0.595661, 0.284024, 1.429980, 1.800789
 167.666667, 0.850895, 0.224652, 1.425447, 1.709742
 154.666667, 0.806034, 0.275862, 1.500000, 1.821121
 163.333333, 0.681633, 0.212245, 1.869388, 2.130612
 170.000000, 0.968627, 0.221569, 1.603922, 1.898039
 169.000000, 0.637081, 0.220907, 1.591716, 1.863905
 186.000000, 0.783154, 0.211470, 1.559140, 1.840502
 173.666667, 1.163148, 0.368522, 1.637236, 2.053743
 175.666667, 0.853890, 0.197343, 1.747628, 2.003795
 169.000000, 0.854043, 0.252465, 1.558185, 1.907298
 158.000000, 0.694093, 0.229958, 1.736287, 2.029536
 166.000000, 0.927711, 0.212851, 1.604418, 1.863454
 180.000000, 0.974074, 0.250000, 1.551852, 1.859259
 198.000000, 0.920875, 0.220539, 1.518519, 1.786195
 167.000000, 0.554890, 0.217565, 1.778443, 2.045908
 180.666667, 0.988930, 0.245387, 1.662362, 1.952030
 180.333333, 0.609982, 0.203327, 1.554529, 1.804067
 163.666667, 0.553971, 0.193483, 1.659878, 1.904277
19
 0.250000, 1.000000, 0.000000, 2.000000, 8.000000
 161.666667, 1.016495, 0.331959, 1.426804, 1.824742
 168.000000, 0.692460, 0.269841, 1.500000, 1.821429
 185.333333, 0.913669, 0.242806, 1.419065, 1.708633
 171.000000, 0.840156, 0.255361, 1.444444, 1.750487
 157.666667, 0.771670, 0.247357, 1.957717, 2.266385
 190.666667, 0.819930, 0.209790, 1.678322, 1.933566
 165.000000, 0.797980, 0.264646, 1.604040, 1.915152
 166.000000, 0.748996, 0.224900, 1.692771, 1.965863
 161.666667, 0.465979, 0.202062, 1.779381, 2.070103
 174.000000, 0.869732, 0.180077, 1.511494, 1.739464
 174.666667, 0.868321, 0.324427, 1.673664, 2.064885
 174.000000, 0.898467, 0.285441, 1.500000, 1.860153
 167.333333, 0.711155, 0.225100, 1.747012, 2.043825
 176.666667, 0.722642, 0.213208, 1.579245, 1.860377
 182.000000, 1.106227, 0.223443, 1.580586, 1.851648
 180.333333, 0.680222, 0.214418, 1.561922, 1.833641
 168.000000, 0.658730, 0.236111, 1.628968, 1.944444
 154.000000, 0.506494, 0.209957, 1.852814, 2.123377
 170.666667, 0.675781, 0.171875, 1.511719, 1.763672
 161.333333, 0.828512, 0.268595, 1.661157, 2.000000
20
 0.250000, 0.000000, 0.000000, 2.000000, 2.000000
 154.000000, 0.919913, 0.298701, 1.599567, 1.997835
 159.666667, 0.680585, 0.267223, 1.647182, 1.977035
 161.000000, 0.691511, 0.335404, 1.635611, 2.020704
 167.000000, 0.710579, 0.229541, 1.469062, 1.748503
 158.666667, 0.596639, 0.258403, 1.605042, 1.913866
 169.666667, 0.679764, 0.192534, 1.736739, 1.978389
 171.333333, 0.939689, 0.239300, 1.570039, 1.863813
 182.666667, 0.921533, 0.211679, 1.492701, 1.751825
 176.333333, 0.604915, 0.189036, 1.514178, 1.748582
 175.000000, 0.893333, 0.211429, 1.542857, 1.819048
 168.666667, 0.978261, 0.223320, 1.739130, 2.015810
 180.666667, 0.952030, 0.249077, 1.440959, 1.739852
 162.666667, 0.635246, 0.262295, 1.690574, 2.010246
 171.333333, 0.848249, 0.233463, 1.595331, 1.873541
 181.000000, 0.747698, 0.283610, 1.548803, 1.878453
 183.666667, 0.640653, 0.194192, 1.490018, 1.733212
 170.666667, 0.541016, 0.277344, 1.818359, 2.144531
 175.666667, 0.897533, 0.242884, 1.692600, 1.988615
 161.000000, 0.480331, 0.182195, 1.515528, 1.776398
 163.666667, 0.649695, 0.181263, 1.668024, 1.906314
21
 0.250000, 0.000000, 0.000000, 1.000000, 8.000000
 161.333333, 0.962810, 0.285124, 1.413223, 1.762397
 176.333333, 0.994329, 0.262760, 1.504726, 1.818526
 163.666667, 0.755601, 0.350305, 1.505092, 1.932790
 174.333333, 0.810707, 0.239006, 1.449331, 1.738050
 155.666667, 0.794433, 0.299786, 1.753747, 2.115632
 168.333333, 0.893069, 0.207921, 1.635644, 1.893069
 154.000000, 0.703463, 0.229437, 1.640693, 1.919913
 173.333333, 0.619231, 0.211538, 1.628846, 1.888462
 160.333333, 0.569647, 0.172557, 1.659044, 1.929314
 174.666667, 0.788168, 0.232824, 1.639313, 1.916031
 171.666667, 0.726214, 0.211650, 1.532039, 1.805825
 179.666667, 1.024119, 0.239332, 1.601113, 1.922078
 151.333333, 0.546256, 0.242291, 1.951542, 2.257709
 162.666667, 0.823770, 0.258197, 1.608607, 1.954918
 170.666667, 1.171875, 0.257813, 1.572266, 1.908203
 181.666667, 0.763303, 0.201835, 1.577982, 1.849541
 168.666667, 0.723320, 0.233202, 1.666008, 1.950593
 181.666667, 0.908257, 0.231193, 1.577982, 1.853211
 182.666667, 0.927007, 0.228102, 1.503650, 1.773723
22
 0.250000, 0.000000, 0.000000, 0.000000, 1.000000
 164.333333, 0.787018, 0.263692, 1.454361, 1.778905
 171.333333, 0.729572, 0.338521, 1.503891, 1.900778
 188.000000, 0.859929, 0.315603, 1.466312, 1.833333
 173.000000, 0.709056, 0.254335, 1.427746, 1.728324
 163.000000, 0.877301, 0.235174, 1.593047, 1.875256
 168.666667, 0.806324, 0.264822, 1.814229, 2.124506
 172.333333, 0.953578, 0.239845, 1.611219, 1.899420
 167.666667, 0.554672, 0.238569, 1.628231, 1.936382
 169.333333, 0.665354, 0.228346, 1.553150, 1.838583
 186.333333, 0.944544, 0.239714, 1.449016, 1.733453
 182.666667, 0.748175, 0.222628, 1.640511, 1.905109
 180.000000, 0.851852, 0.233333, 1.490741, 1.779630
 176.000000, 1.068182, 0.227273, 1.638258, 1.928030
 164.000000, 0.813008, 0.217480, 1.524390, 1.790650
 161.333333, 0.814050, 0.241736, 1.706612, 2.072314
 178.000000, 0.840824, 0.181648, 1.456929, 1.700375
 172.666667, 0.584942, 0.187259, 1.623552, 1.868726
 168.333333, 0.960396, 0.227723, 1.722772, 2.025743
 186.333333, 0.991055, 0.259392, 1.484794, 1.788909
23
 0.250000, 0.000000, 0.000000, 0.000000, 1.000000
 163.000000, 0.680982, 0.306748, 1.517382, 1.875256
 168.666667, 0.915020, 0.300395, 1.521739, 1.871542
 170.666667, 0.740234, 0.269531, 1.390625, 1.734375
 171.666667, 0.881553, 0.242718, 1.487379, 1.778641
 161.000000, 0.879917, 0.240166, 1.666667, 1.960663
 164.333333, 0.906694, 0.192698, 1.801217, 2.091278
 160.000000, 0.775000, 0.212500, 1.704167, 1.964583
 177.333333, 0.565789, 0.218045, 1.582707, 1.859023
 174.333333, 0.653920, 0.191205, 1.592734, 1.873805
 167.000000, 0.942116, 0.239521, 1.518962, 1.818363
 173.666667, 0.882917, 0.284069, 1.577735, 1.907869
 180.333333, 0.796673, 0.251386, 1.500924, 1.809612
 163.333333, 0.602041, 0.271429, 1.757143, 2.073469
 161.666667, 0.709278, 0.220619, 1.583505, 1.851546
 185.333333, 0.895683, 0.255396, 1.487410, 1.791367
 196.333333, 0.699491, 0.196944, 1.463497, 1.707980
 177.000000, 0.610169, 0.267420, 1.583804, 1.905838
 167.666667, 0.628231, 0.232604, 1.763419, 2.041750
 178.000000, 0.692884, 0.219101, 1.610487, 1.897004
 176.333333, 0.884688, 0.228733, 1.655955, 1.931947
24
 0.250000, 1.000000, 0.000000, 0.000000, 0.000000
 161.333333, 0.799587, 0.347107, 1.576446, 1.981405
 152.333333, 0.656455, 0.231947, 1.638950, 1.927790
 170.000000, 0.847059, 0.249020, 1.505882, 1.803922
 189.333333, 0.998239, 0.241197, 1.403169, 1.693662
 159.000000, 0.670860, 0.280922, 1.616352, 1.970650
 179.333333, 0.771375, 0.226766, 1.721190, 1.990706
 169.333333, 0.903543, 0.232283, 1.586614, 1.940945
 159.333333, 0.476987, 0.246862, 1.713389, 2.025105
 179.666667, 0.732839, 0.179963, 1.560297, 1.803340
 188.666667, 1.005300, 0.224382, 1.579505, 1.853357
 168.666667, 0.810277, 0.282609, 1.689723, 2.033597
 181.666667, 1.269725, 0.262385, 1.526606, 1.855046
 165.333333, 0.683468, 0.245968, 1.723790, 2.032258
 156.000000, 0.833333, 0.226496, 1.634615, 1.940171
 174.000000, 0.906130, 0.249042, 1.567050, 1.871648
 170.000000, 0.711765, 0.201961, 1.539216, 1.807843
 178.333333, 0.629907, 0.252336, 1.628037, 1.923364
 180.333333, 0.717190, 0.186691, 1.556377, 1.787431
 168.666667, 0.705534, 0.199605, 1.545455, 1.800395
 169.666667, 0.801572, 0.229862, 1.703340, 1.980354
25
 0.250000, 0.000000, 0.000000, 0.000000, 1.000000
 162.666667, 0.930328, 0.368852, 1.520492, 1.954918
 182.666667, 1.083942, 0.282847, 1.474453, 1.812044
 171.666667, 0.584466, 0.233010, 1.469903, 1.757282
 180.333333, 0.844732, 0.242144, 1.436229, 1.728281
 173.000000, 0.876686, 0.323699, 1.570328, 1.938343
 168.666667, 0.612648, 0.223320, 1.660079, 1.948617
 177.333333, 0.930451, 0.212406, 1.593985, 1.864662
 166.000000, 0.618474, 0.224900, 1.674699, 1.951807
 163.666667, 0.496945, 0.205703, 1.716904, 2.008147
 171.333333, 0.867704, 0.219844, 1.655642, 1.929961
 172.666667, 0.841699, 0.316602, 1.610039, 1.978764
 173.000000, 0.682081, 0.236994, 1.433526, 1.726397
 169.666667, 0.689587, 0.243615, 1.831041, 2.145383
 165.333333, 0.764113, 0.243952, 1.568548, 1.891129
 179.000000, 0.886406, 0.238361, 1.409683, 1.707635
 186.333333, 0.808587, 0.207513, 1.422182, 1.703041
 184.333333, 0.712477, 0.264014, 1.618445, 1.927667
 162.333333, 0.885010, 0.242300, 1.716632, 2.026694
 175.666667, 0.745731, 0.248577, 1.531309, 1.829222
 158.666667, 0.745798, 0.241597, 1.691176, 2.021008
26
 0.250000, 0.000000, 0.000000, 0.000000, 5.000000
 155.333333, 1.010730, 0.311159, 1.590129, 1.972103
 174.333333, 0.801147, 0.332696, 1.502868, 1.894837
 174.666667, 0.877863, 0.278626, 1.452290, 1.782443
 176.666667, 0.790566, 0.320755, 1.364151, 1.739623
 161.666667, 0.692784, 0.245361, 1.647423, 1.940206
 167.333333, 0.864542, 0.221116, 1.828685, 2.123506
 159.666667, 0.668058, 0.217119, 1.674322, 1.966597
 165.000000, 0.557576, 0.246465, 1.698990, 2.016162
 162.666667, 0.608607, 0.223361, 1.647541, 1.932377
 162.000000, 0.648148, 0.207819, 1.483539, 1.753086
 170.333333, 0.759295, 0.225049, 1.651663, 1.939335
 177.000000, 0.785311, 0.293785, 1.585687, 1.943503
 172.666667, 0.776062, 0.320463, 1.772201, 2.144788
 161.333333, 0.768595, 0.241736, 1.799587, 2.103306
 169.000000, 0.930966, 0.224852, 1.621302, 1.897436
 177.000000, 0.866290, 0.197740, 1.487759, 1.747646
 166.000000, 0.809237, 0.275100, 1.664659, 1.989960
 168.666667, 0.675889, 0.207510, 1.624506, 1.893281
 175.333333, 0.608365, 0.173004, 1.543726, 1.762357
27
 0.250000, 0.000000, 0.000000, 21.000000, 21.000000
 161.000000, 0.925466, 0.312629, 1.467909, 1.842650
 175.666667, 0.899431, 0.254269, 1.535104, 1.863378
 182.333333, 0.978062, 0.296161, 1.453382, 1.795247
 167.666667, 0.757455, 0.240557, 1.477137, 1.771372
 170.666667, 0.857422, 0.246094, 1.681641, 1.974609
 174.666667, 0.818702, 0.206107, 1.645038, 1.900763
 159.000000, 0.610063, 0.197065, 1.651992, 1.899371
 167.000000, 0.592814, 0.239521, 1.618762, 1.912176
 176.000000, 0.564394, 0.231061, 1.589015, 1.876894
 168.000000, 0.855159, 0.214286, 1.519841, 1.785714
 159.666667, 0.584551, 0.215031, 1.688935, 1.956159
 175.333333, 0.842205, 0.245247, 1.600760, 1.927757
 162.000000, 0.864198, 0.242798, 1.746914, 2.051440
 166.000000, 0.744980, 0.224900, 1.540161, 1.819277
 171.333333, 0.953307, 0.231518, 1.558366, 1.840467
 175.000000, 0.712381, 0.205714, 1.480000, 1.737143
 160.333333, 0.586279, 0.212058, 1.885655, 2.160083
 166.000000, 0.823293, 0.182731, 1.877510, 2.142570
 171.000000, 0.588694, 0.224172, 1.586745, 1.859649
28
 0.250000, 0.000000, 0.000000, 20.000000, 21.000000
 169.666667, 0.742633, 0.277014, 1.483301, 1.833006
 174.666667, 0.765267, 0.213740, 1.463740, 1.721374
 170.000000, 0.752941, 0.309804, 1.494118, 1.870588
 190.333333, 1.036778, 0.327496, 1.385289, 1.756567
 170.333333, 0.939335, 0.260274, 1.538160, 1.880626
 176.666667, 0.758491, 0.215094, 1.749057, 2.018868
 174.000000, 1.134100, 0.214559, 1.538314, 1.837165
 178.000000, 0.878277, 0.249064, 1.571161, 1.878277
 173.666667, 0.687140, 0.182342, 1.545106, 1.790787
 174.333333, 0.793499, 0.193117, 1.552581, 1.803059
 180.333333, 0.713494, 0.201479, 1.609982, 1.859519
 182.666667, 1.054745, 0.255474, 1.521898, 1.844891
 158.666667, 0.609244, 0.252101, 1.733193, 2.037815
 159.666667, 0.739040, 0.219207, 1.592902, 1.878914
 168.333333, 1.091089, 0.237624, 1.592079, 1.883168
 176.333333, 0.793951, 0.170132, 1.568998, 1.797732
 171.666667, 0.654369, 0.248544, 1.724272, 2.027184
 168.000000, 0.708333, 0.250000, 1.700397, 2.007937
 169.333333, 0.566929, 0.202756, 1.529528, 1.807087
29
 0.250000, 0.000000, 0.000000, 1.000000, 22.000000
 177.333333, 0.875940, 0.308271, 1.498120, 1.855263
 177.333333, 0.817669, 0.219925, 1.473684, 1.738722
 172.000000, 0.872093, 0.313953, 1.467054, 1.831395
 174.666667, 1.311069, 0.343511, 1.410305, 1.803435
 160.333333, 0.881497, 0.253638, 1.625780, 1.939709
 168.333333, 0.554455, 0.200000, 1.778218, 2.023762
 167.000000, 0.734531, 0.205589, 1.634731, 1.952096
 174.666667, 0.688931, 0.221374, 1.616412, 1.937023
 184.666667, 0.868231, 0.200361, 1.462094, 1.747292
 174.000000, 0.846743, 0.191571, 1.544061, 1.795019
 164.000000, 0.621951, 0.203252, 1.739837, 2.016260
 174.000000, 0.894636, 0.235632, 1.503831, 1.810345
 164.333333, 0.669371, 0.229209, 1.667343, 1.945233
 164.666667, 0.668016, 0.212551, 1.698381, 1.961538
 178.333333, 0.994393, 0.269159, 1.545794, 1.872897
 181.333333, 0.645221, 0.191176, 1.457721, 1.694853
 170.666667, 0.701172, 0.273438, 1.822266, 2.158203
 168.333333, 0.817822, 0.227723, 1.744554, 2.035644
 190.333333, 0.765324, 0.222417, 1.406305, 1.672504
 171.333333, 0.842412, 0.198444, 1.642023, 1.881323
30
 0.250000, 0.000000, 0.000000, 1.000000, 1.000000
 161.666667, 0.884536, 0.313402, 1.509278, 1.890722
 160.666667, 0.753112, 0.257261, 1.576763, 1.892116
 167.666667, 0.606362, 0.202783, 1.500994, 1.755467
 177.000000, 0.928437, 0.261770, 1.395480, 1.717514
 145.666667, 0.787185, 0.260870, 1.620137, 1.940503
 175.000000, 0.860952, 0.209524, 1.868571, 2.125714
 175.000000, 0.813333, 0.240000, 1.647619, 1.942857
 183.000000, 0.834244, 0.229508, 1.557377, 1.834244
 168.333333, 0.700990, 0.265347, 1.582178, 1.895050
 176.000000, 0.759470, 0.229167, 1.573864, 1.899621
 175.333333, 0.821293, 0.214829, 1.667300, 1.952471
 185.666667, 0.974865, 0.276481, 1.447038, 1.777379
 164.000000, 0.760163, 0.223577, 1.800813, 2.087398
 171.000000, 1.050682, 0.249513, 1.549708, 1.857700
 166.666667, 0.770000, 0.250000, 1.556000, 1.892000
 186.000000, 0.878136, 0.197133, 1.528674, 1.788530
 181.666667, 0.829358, 0.218349, 1.568807, 1.831193
 169.000000, 0.802761, 0.264300, 1.739645, 2.049310
 169.000000, 0.619329, 0.236686, 1.577909, 1.909270
31
 0.250000, 0.000000, 0.000000, 1.000000, 1.000000
 159.000000, 0.771488, 0.276730, 1.706499, 2.041929
 181.333333, 0.858456, 0.222426, 1.415441, 1.716912
 178.666667, 0.835821, 0.341418, 1.570896, 1.970149
 158.666667, 0.728992, 0.262605, 1.573529, 1.890756
 159.000000, 0.742138, 0.245283, 1.591195, 1.884696
 179.333333, 0.918216, 0.239777, 1.646840, 1.933086
 179.000000, 0.884544, 0.214153, 1.549348, 1.808194
 172.333333, 0.733075, 0.266925, 1.595745, 1.909091
 186.000000, 0.797491, 0.218638, 1.489247, 1.763441
 173.666667, 0.811900, 0.205374, 1.562380, 1.825336
 168.333333, 0.762376, 0.293069, 1.702970, 2.065347
 184.333333, 1.081374, 0.265823, 1.441230, 1.781193
 159.000000, 0.769392, 0.232704, 2.094340, 2.392034
 177.000000, 1.237288, 0.244821, 1.621469, 1.934087
 166.333333, 0.879760, 0.254509, 1.591182, 1.907816
 182.666667, 0.636861, 0.193431, 1.441606, 1.680657
 177.666667, 0.636023, 0.227017, 1.617261, 1.891182
 149.000000, 0.548098, 0.257271, 1.841163, 2.149888
 178.333333, 0.751402, 0.211215, 1.555140, 1.833645
Histogram
3 0 0 0 0 0 0 0 0 0 8 0 0 0 0 0 16 122 216 166 82 25 3 1 0 0 0 0 0 0 4 0 0 0 0 0 0 0 0 0 1 0 0 0 0 0 0 0 0 0 1 0 0 0 0 0 0 0 0 0 0 0 0 0 0 0 0 0 0 0 1 0 0 0 0 0 0 0 0 0 3 0 0 0 0 0 0 0 0 0 0 0 0 0 0 0 0 0 0 0 0 0 0 0 0 0 0 0 0 0 0 0 0 0 0 0 0 0 0 8 
Cache Miss Ratio
NaN
numOfSets
328715
numOfGets
0
numOfMultiGets
0
