21
0
 0.250000, 3.000000, 0.000000, 1.000000, 11.000000
 333.666667, 15.270729, 2.880120, 2.339660, 5.299700
 377.666667, 17.081200, 3.019417, 2.197705, 5.281553
 367.333333, 16.935572, 2.891107, 2.200544, 5.181488
 384.333333, 17.218560, 3.007806, 2.144840, 5.222029
 368.666667, 17.538879, 3.272152, 2.317360, 5.641049
 380.666667, 16.925569, 2.938704, 2.169002, 5.174256
 374.000000, 17.054367, 3.160428, 2.311943, 5.540998
 364.666667, 16.938757, 3.047532, 2.279707, 5.400366
 407.333333, 17.896890, 2.907529, 2.075286, 5.045008
 401.666667, 17.093776, 2.812448, 2.051452, 4.922822
 385.000000, 16.613853, 3.141991, 2.126407, 5.343723
 393.666667, 16.922947, 3.107536, 2.160881, 5.318374
 376.333333, 16.642161, 2.900797, 2.173605, 5.164748
 351.666667, 15.371564, 2.727962, 2.287204, 5.093839
 351.000000, 16.486230, 3.095916, 2.392213, 5.560304
 369.000000, 16.843722, 2.897019, 2.242999, 5.215899
 373.000000, 16.649687, 3.011618, 2.201072, 5.292225
 404.333333, 17.506183, 2.924155, 2.050289, 5.035449
 388.333333, 16.840343, 2.817167, 2.137339, 5.018884
 397.333333, 16.739094, 2.814597, 2.088087, 4.953020
1
 0.250000, 3.000000, 0.000000, 1.000000, 4.000000
 353.333333, 16.294340, 2.987736, 2.228302, 5.315094
 385.000000, 17.113420, 2.958442, 2.134199, 5.147186
 394.333333, 17.964497, 2.994083, 2.095520, 5.147084
 396.666667, 17.634454, 3.000000, 2.084874, 5.147059
 359.333333, 17.013915, 3.252319, 2.344156, 5.653061
 381.666667, 16.892576, 2.932751, 2.174672, 5.167686
 376.666667, 17.293805, 3.125664, 2.304425, 5.482301
 382.666667, 16.787456, 3.202962, 2.211672, 5.469512
 406.000000, 17.876847, 2.893268, 2.058292, 5.015599
 404.666667, 17.163097, 2.778418, 2.061779, 4.903624
 379.333333, 16.630053, 2.996485, 2.161687, 5.224956
 347.333333, 16.824376, 2.904031, 2.456814, 5.456814
 360.666667, 15.993530, 2.999076, 2.239372, 5.323475
 389.666667, 17.474765, 2.848589, 2.083832, 4.983747
 352.000000, 16.569129, 3.142992, 2.372159, 5.581439
 402.000000, 17.524876, 3.076285, 2.052239, 5.189055
 356.333333, 16.026193, 3.049579, 2.291862, 5.413471
 370.000000, 16.119820, 2.722523, 2.237838, 5.047748
 370.333333, 16.370837, 2.732673, 2.192619, 5.023402
 377.000000, 16.321839, 2.829355, 2.192750, 5.100796
2
 0.250000, 0.000000, 0.000000, 2.000000, 3.000000
 345.333333, 15.989382, 2.949807, 2.288610, 5.317568
 371.666667, 17.028700, 2.918386, 2.191031, 5.184753
 401.666667, 18.317012, 3.088797, 2.109544, 5.247303
 396.666667, 17.610084, 3.003361, 2.102521, 5.169748
 347.333333, 16.336852, 3.158349, 2.420345, 5.646833
 392.000000, 17.704082, 3.075680, 2.105442, 5.244048
 354.666667, 16.486842, 3.065789, 2.378759, 5.539474
 372.000000, 16.732079, 3.151434, 2.291219, 5.497312
 388.000000, 17.745704, 2.836770, 2.226804, 5.118557
 384.666667, 16.807626, 2.758232, 2.122184, 4.962738
 378.333333, 16.501322, 2.923348, 2.160352, 5.148018
 366.666667, 16.059091, 2.999091, 2.291818, 5.366364
 379.333333, 16.729350, 2.895431, 2.161687, 5.124780
 388.333333, 16.731330, 2.829185, 2.080687, 4.965665
 378.000000, 17.474427, 3.210758, 2.201058, 5.467372
 397.333333, 17.300336, 3.010906, 2.059564, 5.132550
 351.666667, 16.526066, 3.123223, 2.418009, 5.600000
 399.333333, 17.105175, 2.828047, 2.078464, 4.964942
 403.666667, 17.637490, 2.845582, 2.025599, 4.926507
 386.666667, 16.884483, 2.871552, 2.172414, 5.095690
3
 0.250000, 1.000000, 0.000000, 1.000000, 15.000000
 363.666667, 16.504125, 2.973419, 2.190651, 5.240147
 378.333333, 17.088987, 3.033480, 2.150661, 5.256388
 378.000000, 17.082011, 2.953263, 2.206349, 5.209877
 369.000000, 16.420054, 2.949413, 2.217706, 5.238482
 363.666667, 16.814849, 3.199817, 2.294225, 5.576535
 387.000000, 17.464255, 3.041344, 2.150732, 5.242033
 397.333333, 17.694631, 3.218960, 2.208893, 5.478188
 368.000000, 16.480072, 3.025362, 2.304348, 5.383152
 387.000000, 17.094746, 2.801895, 2.180879, 5.045650
 385.333333, 16.545848, 2.791522, 2.089100, 4.948962
 392.000000, 17.316327, 2.955782, 2.101190, 5.113946
 359.333333, 16.210575, 2.878479, 2.329314, 5.270872
 385.666667, 17.228176, 2.968021, 2.127053, 5.154710
 390.666667, 17.046075, 2.893345, 2.069113, 5.015358
 356.666667, 16.840187, 3.053271, 2.344860, 5.473832
 389.000000, 17.440446, 3.056555, 2.119109, 5.248500
 374.333333, 16.889581, 3.128228, 2.195904, 5.390917
 408.000000, 17.399510, 2.888889, 2.046569, 4.986111
 374.333333, 16.165628, 2.752449, 2.156723, 5.008014
 364.666667, 15.446984, 2.791590, 2.239488, 5.091408
4
 0.250000, 0.000000, 0.000000, 1.000000, 21.000000
 351.000000, 16.017094, 2.938272, 2.264008, 5.283001
 368.000000, 16.692935, 2.957428, 2.255435, 5.269928
 380.333333, 17.401402, 2.898335, 2.187555, 5.162138
 392.333333, 17.467290, 3.062872, 2.113849, 5.225149
 355.000000, 16.954930, 3.110798, 2.344601, 5.556808
 372.666667, 16.934705, 2.891771, 2.232558, 5.182469
 360.666667, 16.665434, 3.148799, 2.368762, 5.607209
 372.333333, 16.871083, 3.064458, 2.245300, 5.378693
 406.000000, 17.755337, 2.928571, 2.071429, 5.072250
 385.333333, 16.396194, 2.765571, 2.130623, 4.966263
 358.666667, 15.679368, 2.894052, 2.275093, 5.257435
 385.000000, 16.559307, 3.065801, 2.155844, 5.275325
 404.333333, 17.625721, 3.056059, 2.060181, 5.156636
 388.000000, 16.868557, 2.854811, 2.073883, 5.012887
 363.000000, 16.980716, 3.149679, 2.290174, 5.510560
 358.000000, 15.878957, 2.958101, 2.267225, 5.313780
 383.666667, 17.072111, 3.139010, 2.151173, 5.383145
 376.000000, 16.439716, 2.779255, 2.215426, 5.073582
 390.333333, 17.276687, 2.810418, 2.076003, 4.979505
 382.000000, 16.228621, 2.819372, 2.161431, 5.032286
5
 0.250000, 28.000000, 0.000000, 0.000000, 29.000000
 357.333333, 16.138060, 2.870336, 2.250933, 5.183769
 377.333333, 17.409894, 2.967314, 2.181095, 5.206714
 387.333333, 17.691050, 3.000000, 2.134251, 5.204819
 397.333333, 17.850671, 2.988255, 2.096477, 5.130872
 365.333333, 17.476277, 3.237226, 2.307482, 5.603102
 373.333333, 17.125893, 2.920536, 2.219643, 5.209821
 361.333333, 16.822878, 3.069188, 2.395756, 5.523063
 380.666667, 16.881786, 3.123468, 2.214536, 5.397548
 410.000000, 18.166667, 2.834146, 2.063415, 4.964228
 395.000000, 17.308861, 2.919831, 2.108017, 5.100422
 401.333333, 17.549834, 3.042359, 2.064784, 5.159468
 394.333333, 17.204565, 3.033812, 2.107354, 5.247675
 376.333333, 16.971656, 2.877768, 2.183348, 5.116032
 402.333333, 17.617233, 2.869097, 2.002486, 4.927092
 336.333333, 15.703667, 3.082260, 2.479683, 5.637265
 393.000000, 17.408821, 3.070399, 2.111111, 5.255301
 367.666667, 16.426111, 3.146872, 2.213962, 5.453309
 391.333333, 16.949744, 2.836457, 2.119250, 5.028961
 406.333333, 17.170632, 2.823626, 2.036916, 4.913043
 390.000000, 16.820513, 2.856410, 2.114530, 5.037607
6
 0.250000, 0.000000, 1.000000, 0.000000, 21.000000
 345.666667, 16.314368, 2.922854, 2.362584, 5.340405
 379.000000, 17.077397, 2.980651, 2.177661, 5.213720
 363.666667, 16.486709, 2.808433, 2.247479, 5.148488
 350.000000, 16.234286, 2.881905, 2.343810, 5.313333
 377.000000, 17.577365, 3.234306, 2.246684, 5.530504
 384.666667, 17.715771, 3.044194, 2.158579, 5.278163
 360.666667, 16.767098, 3.052680, 2.396488, 5.523105
 382.000000, 16.922339, 3.109948, 2.191099, 5.376963
 413.333333, 18.020161, 2.922581, 2.082258, 5.054032
 400.333333, 17.050791, 2.796003, 2.075770, 4.937552
 384.666667, 16.678510, 2.909879, 2.103120, 5.097054
 390.000000, 16.940171, 3.029915, 2.141880, 5.241880
 366.666667, 16.494545, 2.867273, 2.222727, 5.170909
 385.000000, 16.892641, 2.777489, 2.083983, 4.929870
 359.666667, 16.953661, 3.038925, 2.332715, 5.430955
 389.666667, 17.037639, 3.060736, 2.120616, 5.231822
 378.000000, 16.788360, 3.161376, 2.156966, 5.395944
 385.666667, 16.823682, 2.751945, 2.178047, 4.983578
 363.333333, 16.149541, 2.691743, 2.208257, 5.000917
 387.000000, 16.523686, 2.892334, 2.130060, 5.086133
7
 0.250000, 0.000000, 1.000000, 0.000000, 21.000000
 363.333333, 16.145872, 3.038532, 2.166055, 5.270642
 381.666667, 17.390393, 2.952838, 2.172926, 5.174672
 377.333333, 17.401060, 2.855124, 2.189929, 5.127208
 380.333333, 17.184049, 2.926380, 2.178791, 5.152498
 377.333333, 17.459364, 3.277385, 2.213781, 5.540636
 383.333333, 17.199130, 3.027826, 2.146087, 5.234783
 342.333333, 16.175268, 2.942551, 2.494645, 5.507303
 370.000000, 17.143243, 3.081982, 2.263964, 5.428829
 400.000000, 17.255000, 2.858333, 2.139167, 5.051667
 383.333333, 16.433043, 2.882609, 2.172174, 5.106087
 389.666667, 16.932421, 2.993157, 2.088109, 5.145423
 384.333333, 16.684302, 3.028621, 2.159584, 5.269731
 372.000000, 16.270609, 2.901434, 2.204301, 5.178315
 394.000000, 17.161591, 2.839255, 2.020305, 4.908629
 367.666667, 17.393472, 3.191296, 2.265639, 5.541251
 402.333333, 17.719967, 3.106877, 2.041425, 5.220381
 378.666667, 16.534331, 3.118838, 2.176937, 5.351232
 406.666667, 17.778689, 2.959016, 2.072131, 5.073770
 378.333333, 16.250220, 2.721586, 2.139207, 4.952423
 372.666667, 16.103757, 2.771020, 2.253131, 5.092129
8
 0.250000, 0.000000, 1.000000, 11.000000, 21.000000
 361.666667, 16.582488, 2.905991, 2.178802, 5.142857
 371.000000, 16.599281, 2.889488, 2.141959, 5.168014
 374.333333, 16.917186, 2.894034, 2.173642, 5.154942
 376.000000, 17.120567, 2.858156, 2.203014, 5.125887
 367.333333, 17.269510, 3.156987, 2.264973, 5.493648
 381.666667, 17.152838, 3.015721, 2.193886, 5.263755
 374.333333, 17.083704, 3.195013, 2.309884, 5.559216
 381.000000, 16.978128, 3.118110, 2.215223, 5.394576
 409.333333, 18.016287, 2.933225, 2.061075, 5.071661
 399.333333, 17.161937, 2.825543, 2.113523, 4.989149
 398.000000, 17.000000, 3.067002, 2.056114, 5.187605
 390.666667, 16.769625, 3.035836, 2.168942, 5.267918
 397.000000, 17.175483, 3.015113, 2.088161, 5.146096
 372.000000, 16.466846, 2.741935, 2.146953, 4.973118
 350.666667, 16.272814, 3.056084, 2.380228, 5.510456
 392.666667, 17.652801, 3.003396, 2.115450, 5.171477
 366.000000, 16.621129, 3.057377, 2.276867, 5.390710
 399.000000, 17.558062, 2.903926, 2.091061, 5.054302
 393.666667, 17.304826, 2.888230, 2.101609, 5.060965
 394.000000, 16.659898, 2.873096, 2.086294, 5.023689
9
 0.250000, 0.000000, 2.000000, 11.000000, 21.000000
 363.000000, 15.994490, 3.003673, 2.202020, 5.293848
 378.000000, 16.952381, 2.960317, 2.160494, 5.192240
 360.333333, 16.764107, 2.903793, 2.255319, 5.249769
 382.666667, 17.391115, 3.116725, 2.195993, 5.370209
 367.333333, 17.550817, 3.259528, 2.296733, 5.629764
 380.333333, 16.986854, 2.978089, 2.175285, 5.222612
 364.333333, 16.715462, 3.027447, 2.374199, 5.473010
 364.333333, 16.618481, 3.031107, 2.305581, 5.423605
 416.666667, 18.400000, 2.886400, 2.051200, 4.993600
 386.666667, 16.539655, 2.786207, 2.137931, 4.991379
 392.666667, 17.234295, 3.012733, 2.110357, 5.190153
 378.333333, 16.098678, 2.988546, 2.207930, 5.246696
 363.333333, 16.111009, 2.922936, 2.236697, 5.242202
 385.000000, 16.971429, 2.777489, 2.116017, 4.954978
 363.666667, 16.727773, 3.163153, 2.313474, 5.540788
 376.666667, 16.568142, 2.958407, 2.174336, 5.201770
 347.000000, 15.684918, 3.054755, 2.352546, 5.470701
 404.333333, 17.362737, 2.877988, 2.068425, 5.004946
 413.333333, 17.394355, 2.922581, 1.986290, 4.972581
 373.000000, 16.327078, 2.816801, 2.207328, 5.084004
10
 0.250000, 21.000000, 6.000000, 1.000000, 8.000000
 328.666667, 15.931034, 2.925963, 2.444219, 5.442191
 368.000000, 16.927536, 2.933877, 2.228261, 5.233696
 369.000000, 17.137308, 2.906052, 2.231256, 5.201445
 373.000000, 16.780161, 2.922252, 2.183199, 5.189455
 354.000000, 16.914313, 3.162900, 2.368173, 5.608286
 373.666667, 16.960749, 2.937556, 2.201606, 5.229260
 353.000000, 16.515581, 3.098206, 2.444759, 5.618508
 376.666667, 17.176991, 3.106195, 2.207965, 5.391150
 399.666667, 17.589658, 2.852377, 2.130942, 5.039199
 401.000000, 17.182876, 2.836243, 2.049044, 4.950956
 394.000000, 16.762267, 3.070220, 2.076988, 5.209814
 368.000000, 16.321558, 2.932065, 2.251812, 5.258152
 397.333333, 17.385906, 2.929530, 2.044463, 5.078020
 388.000000, 16.940722, 2.813574, 2.077320, 4.976804
 324.333333, 16.231244, 3.024666, 2.590956, 5.705036
 347.000000, 16.897214, 2.909702, 2.424592, 5.433237
 372.333333, 16.346464, 3.076097, 2.205909, 5.339302
 372.333333, 16.256938, 2.745748, 2.223814, 5.034020
 367.666667, 16.181324, 2.728921, 2.213055, 5.027199
 386.666667, 16.209483, 2.830172, 2.104310, 5.001724
11
 0.250000, 1.000000, 8.000000, 8.000000, 18.000000
 361.000000, 16.239151, 3.095106, 2.240997, 5.392428
 374.666667, 17.352313, 2.954626, 2.243772, 5.284698
 403.000000, 18.426799, 3.017370, 2.052936, 5.124897
 388.333333, 17.618026, 3.010300, 2.161373, 5.227468
 348.666667, 16.721797, 3.191205, 2.359465, 5.668260
 377.000000, 16.770115, 2.893899, 2.210433, 5.166225
 376.333333, 16.785651, 3.120461, 2.331267, 5.497786
 371.333333, 16.776481, 3.028725, 2.254937, 5.337522
 403.333333, 17.884298, 2.743802, 2.060331, 4.885950
 406.666667, 17.146721, 2.839344, 2.058197, 4.942623
 394.000000, 17.100677, 3.004230, 2.106599, 5.168359
 383.000000, 16.616188, 3.043516, 2.157528, 5.294169
 406.000000, 17.394910, 3.086207, 2.043514, 5.170772
 386.666667, 16.986207, 2.742241, 2.071552, 4.869828
 358.333333, 16.675349, 3.010233, 2.330233, 5.399070
 386.000000, 16.974093, 2.981865, 2.120035, 5.178756
 348.000000, 15.737548, 2.994253, 2.321839, 5.409004
 393.666667, 17.374259, 2.899238, 2.109229, 5.066892
 392.333333, 16.600680, 2.729822, 2.120646, 4.897196
 374.666667, 15.841637, 2.748221, 2.190391, 4.993772
12
 0.250000, 15.000000, 6.000000, 2.000000, 10.000000
 350.000000, 15.858095, 2.921905, 2.238095, 5.251429
 367.333333, 16.735935, 2.939201, 2.238657, 5.233212
 404.000000, 18.022277, 3.007426, 2.056931, 5.118812
 378.333333, 17.130396, 2.963877, 2.227313, 5.242291
 359.333333, 16.883117, 3.148423, 2.331169, 5.548237
 379.000000, 16.954266, 2.995602, 2.195251, 5.251539
 378.000000, 17.761905, 3.230159, 2.284832, 5.578483
 354.666667, 16.081767, 3.019737, 2.366541, 5.434211
 375.333333, 16.863233, 2.710480, 2.282416, 5.047069
 413.666667, 16.939565, 2.902498, 2.018533, 4.972603
 363.666667, 15.566453, 3.004583, 2.253896, 5.335472
 374.666667, 16.397687, 2.980427, 2.230427, 5.274021
 381.333333, 17.224650, 2.939685, 2.131119, 5.143357
 398.666667, 17.284281, 2.827759, 2.012542, 4.897157
 346.666667, 16.225000, 3.056731, 2.399038, 5.525000
 382.666667, 16.825784, 3.009582, 2.139373, 5.219512
 375.666667, 16.956522, 3.087844, 2.191659, 5.346051
 395.000000, 17.044726, 2.891139, 2.087764, 5.048945
 402.666667, 17.385762, 2.872517, 2.070364, 4.988411
 374.000000, 16.171123, 2.686275, 2.192513, 4.943850
13
 0.250000, 17.000000, 6.000000, 2.000000, 9.000000
 362.666667, 16.583640, 3.122243, 2.194853, 5.385110
 387.666667, 17.530525, 2.935512, 2.147893, 5.136715
 393.333333, 17.731356, 2.966949, 2.095763, 5.114407
 377.333333, 16.741166, 2.966431, 2.192580, 5.226148
 353.000000, 16.729934, 3.101039, 2.392823, 5.551464
 401.333333, 17.897841, 3.071429, 2.095515, 5.225083
 368.333333, 17.285973, 3.191855, 2.334842, 5.595475
 388.333333, 17.248927, 3.082403, 2.171674, 5.323605
 421.333333, 18.512658, 2.902690, 2.017405, 4.965981
 390.333333, 16.533732, 2.766012, 2.112724, 4.953032
 392.666667, 17.029711, 3.108659, 2.098472, 5.277589
 367.333333, 16.255898, 3.044465, 2.266788, 5.387477
 375.000000, 16.123556, 2.993778, 2.198222, 5.253333
 408.333333, 17.503673, 2.737143, 1.993469, 4.782041
 373.666667, 17.392507, 3.101695, 2.250669, 5.401427
 399.000000, 17.395990, 2.996658, 2.058480, 5.121972
 383.666667, 16.416160, 3.145091, 2.142485, 5.348393
 405.666667, 17.633525, 2.857847, 2.059984, 4.977814
 401.000000, 17.133001, 2.810474, 2.054863, 4.917706
 364.333333, 15.633120, 2.690759, 2.248856, 5.013724
14
 0.250000, 1.000000, 6.000000, 2.000000, 11.000000
 353.333333, 15.909434, 2.939623, 2.230189, 5.250000
 353.333333, 16.468868, 2.921698, 2.327358, 5.316981
 367.666667, 16.766092, 2.792384, 2.256573, 5.107888
 374.666667, 17.133452, 2.954626, 2.221530, 5.250000
 376.666667, 17.396460, 3.292035, 2.230088, 5.578761
 352.000000, 16.328598, 2.880682, 2.361742, 5.329545
 377.333333, 17.143110, 3.196996, 2.275618, 5.558304
 372.000000, 16.923835, 3.103047, 2.264337, 5.432796
 406.000000, 17.535304, 2.899015, 2.085386, 5.042693
 400.000000, 17.135833, 2.872500, 2.068333, 5.009167
 390.666667, 17.067406, 2.977816, 2.116894, 5.157850
 392.333333, 16.666950, 3.088360, 2.145285, 5.289720
 384.666667, 16.734835, 2.908146, 2.161179, 5.118718
 390.666667, 17.320819, 2.844710, 2.092150, 4.991468
 372.666667, 17.406082, 3.199463, 2.251342, 5.500000
 345.000000, 15.822222, 2.905314, 2.348792, 5.339130
 369.333333, 16.176895, 3.054152, 2.208484, 5.351083
 392.333333, 16.898046, 2.857264, 2.116398, 5.018692
 375.333333, 16.289520, 2.783304, 2.196270, 5.034636
 386.000000, 16.172712, 2.756477, 2.087219, 4.926598
15
 0.250000, 17.000000, 6.000000, 1.000000, 9.000000
 344.666667, 16.149903, 2.933269, 2.335590, 5.338491
 403.000000, 17.539289, 3.052109, 2.062035, 5.173697
 388.333333, 17.509013, 2.893562, 2.138197, 5.095279
 377.333333, 17.057420, 2.977915, 2.203180, 5.256184
 358.333333, 16.880000, 3.196279, 2.342326, 5.606512
 380.333333, 17.305872, 2.984224, 2.175285, 5.231376
 378.666667, 17.366197, 3.198944, 2.289613, 5.550176
 388.666667, 17.562607, 3.139794, 2.178388, 5.386792
 394.000000, 17.405245, 2.829103, 2.127750, 5.031303
 378.000000, 16.385362, 2.758377, 2.195767, 5.008818
 403.000000, 17.209264, 3.059553, 2.078577, 5.182796
 404.333333, 17.258038, 3.073372, 2.069250, 5.198681
 389.000000, 17.346187, 2.928021, 2.123393, 5.124250
 403.000000, 17.468156, 2.841191, 1.980149, 4.880893
 369.000000, 17.242096, 3.078591, 2.298103, 5.431798
 370.000000, 16.918018, 2.891892, 2.242342, 5.202703
 382.000000, 16.630017, 3.168412, 2.148342, 5.372600
 413.666667, 17.924255, 2.917002, 2.017728, 4.983078
 395.666667, 16.954507, 2.860994, 2.081719, 5.003370
 387.000000, 16.596038, 2.845823, 2.136951, 5.049096
Histogram
0 0 0 0 0 0 0 0 0 0 0 0 0 0 0 0 0 0 0 0 0 0 0 0 0 0 0 0 0 0 1 0 0 0 0 0 0 0 0 0 1 0 0 0 0 0 0 1 5 40 49 60 65 38 24 25 12 1 0 0 0 0 0 0 0 0 0 0 0 0 0 0 0 0 0 0 0 0 0 0 1 0 0 0 0 0 0 0 0 0 2 0 0 0 0 0 0 0 0 0 1 0 0 0 0 0 0 0 0 0 2 0 0 0 0 0 0 0 0 8 
Cache Miss Ratio
NaN
numOfSets
364403
numOfGets
0
numOfMultiGets
0
