21
0
 0.250000, 1.000000, 0.000000, 1.000000, 22.000000
 188.333333, 14.619469, 3.215929, 4.033628, 7.316814
 212.000000, 16.514151, 2.784591, 3.990566, 6.834906
 244.000000, 16.796448, 2.796448, 3.523224, 6.407104
 240.000000, 17.436111, 2.920833, 3.493056, 6.502778
 171.000000, 14.773879, 3.374269, 4.951267, 8.397661
 215.333333, 14.942724, 3.003096, 4.086687, 7.137771
 222.000000, 16.984985, 2.807808, 3.926426, 6.792793
 214.333333, 17.233281, 3.051322, 3.897356, 7.062208
 222.666667, 18.220060, 3.224551, 3.824850, 7.113772
 204.333333, 17.805873, 3.254486, 4.086460, 7.407830
 218.333333, 18.079389, 3.396947, 3.867176, 7.340458
 200.666667, 17.234219, 3.463455, 4.252492, 7.779070
 217.000000, 18.095238, 3.442396, 3.984639, 7.485407
 211.000000, 18.259084, 3.066351, 3.963665, 7.115324
 222.666667, 19.267964, 3.480539, 3.827844, 7.377246
 228.666667, 18.199708, 3.064140, 3.604956, 6.756560
 224.333333, 16.644874, 2.965825, 3.673105, 6.708767
 220.000000, 18.515152, 3.484848, 3.856061, 7.419697
 225.000000, 17.180741, 2.948148, 3.834074, 6.856296
 230.666667, 18.174855, 3.031792, 3.676301, 6.786127
1
 0.250000, 1.000000, 0.000000, 1.000000, 17.000000
 203.666667, 18.387889, 4.054010, 3.842881, 7.967267
 206.333333, 15.525040, 2.901454, 4.092084, 7.059774
 232.666667, 16.712034, 2.713467, 3.664756, 6.428367
 229.666667, 16.476052, 2.673440, 3.629898, 6.359942
 185.666667, 15.403950, 3.294434, 4.522442, 7.922801
 215.000000, 15.440310, 3.147287, 4.026357, 7.244961
 220.333333, 17.192133, 2.797277, 3.939486, 6.803328
 229.666667, 18.203193, 3.280116, 3.722787, 7.052250
 215.333333, 18.487616, 3.131579, 3.989164, 7.187307
 208.000000, 17.575321, 3.357372, 4.112179, 7.544872
 192.333333, 17.727903, 3.298094, 4.162912, 7.589255
 202.333333, 17.308072, 3.515651, 4.123558, 7.744646
 209.333333, 17.842357, 3.460191, 4.081210, 7.646497
 196.333333, 17.920204, 3.044143, 4.273345, 7.466893
 195.666667, 17.100511, 3.415673, 4.209540, 7.734242
 216.000000, 17.070988, 3.043210, 3.873457, 6.990741
 198.666667, 15.676174, 2.796980, 4.120805, 7.053691
 214.666667, 17.701863, 3.059006, 3.920807, 7.048137
 203.666667, 16.626841, 2.986907, 4.216039, 7.309329
 204.000000, 16.486928, 2.906863, 4.084967, 7.114379
2
 0.250000, 0.000000, 0.000000, 1.000000, 47.000000
 193.333333, 14.915517, 3.017241, 3.893103, 6.965517
 207.666667, 15.606742, 2.722311, 4.133226, 6.924559
 237.333333, 17.130618, 2.887640, 3.627809, 6.577247
 236.333333, 17.284908, 2.791255, 3.527504, 6.406206
 184.333333, 15.104882, 3.509946, 4.725136, 8.283906
 216.333333, 15.711864, 2.827427, 3.955316, 6.827427
 221.666667, 15.915789, 2.803008, 3.857143, 6.705263
 203.666667, 17.003273, 3.034370, 4.163666, 7.312602
 199.333333, 17.153846, 2.956522, 4.135452, 7.264214
 190.000000, 16.528070, 3.189474, 4.503509, 7.784211
 215.333333, 17.784830, 3.475232, 3.916409, 7.453560
 199.666667, 17.345576, 3.417362, 4.337229, 7.831386
 227.000000, 18.086637, 3.505140, 3.857562, 7.419971
 196.000000, 17.180272, 3.090136, 4.185374, 7.392857
 191.000000, 17.298429, 3.218150, 4.333333, 7.638743
 218.333333, 17.621374, 2.928244, 3.842748, 6.922137
 219.333333, 16.437690, 3.056231, 3.741641, 6.879939
 233.000000, 18.889843, 3.340486, 3.650930, 7.097282
 213.666667, 17.135725, 2.987520, 4.015601, 7.090484
 207.333333, 16.731511, 2.874598, 4.001608, 6.990354
3
 0.250000, 0.000000, 0.000000, 1.000000, 47.000000
 190.666667, 14.573427, 2.858392, 3.926573, 6.893357
 214.000000, 16.054517, 2.838006, 3.847352, 6.825545
 222.333333, 15.689655, 2.640180, 3.791604, 6.520240
 233.666667, 17.209700, 2.817404, 3.616262, 6.492154
 184.000000, 15.128623, 3.224638, 4.615942, 7.885870
 217.666667, 15.347626, 3.098009, 3.885145, 7.029096
 227.666667, 17.392387, 2.976574, 3.849195, 6.871157
 223.666667, 17.514158, 3.138599, 3.749627, 6.962742
 204.000000, 17.683007, 3.024510, 4.125817, 7.269608
 190.000000, 17.036842, 3.294737, 4.373684, 7.780702
 206.333333, 17.255250, 3.114701, 4.053312, 7.256866
 194.666667, 18.162671, 3.333904, 4.357877, 7.772260
 184.333333, 17.081374, 3.211573, 4.692586, 8.030741
 225.333333, 19.220414, 3.529586, 3.821006, 7.412722
 205.000000, 17.938211, 3.344715, 4.013008, 7.473171
 200.666667, 16.637874, 2.865449, 4.107973, 7.101329
 215.000000, 16.046512, 3.049612, 3.748837, 6.889922
 195.000000, 17.943590, 3.083761, 4.268376, 7.512821
 219.333333, 17.658055, 3.153495, 3.972644, 7.218845
 199.666667, 16.267112, 2.838063, 4.257095, 7.235392
4
 0.250000, 0.000000, 0.000000, 1.000000, 47.000000
 189.000000, 15.058201, 2.925926, 4.033510, 7.024691
 223.000000, 16.328849, 3.013453, 3.769806, 6.872945
 243.000000, 17.737997, 2.742112, 3.567901, 6.356653
 226.333333, 17.359352, 2.587629, 3.736377, 6.377025
 175.000000, 14.746667, 3.266667, 4.744762, 8.059048
 217.000000, 15.637481, 3.041475, 3.978495, 7.076805
 215.666667, 16.245750, 2.676971, 3.958269, 6.734158
 217.333333, 17.115031, 2.915644, 3.866564, 6.860429
 221.000000, 18.060332, 3.149321, 3.805430, 7.039216
 211.666667, 18.062992, 3.456693, 4.047244, 7.588976
 199.333333, 16.779264, 3.220736, 4.167224, 7.484950
 207.666667, 18.434992, 3.547352, 4.155698, 7.789727
 199.666667, 17.073456, 3.280467, 4.245409, 7.632721
 213.333333, 18.437500, 3.296875, 3.959375, 7.328125
 213.000000, 18.625978, 3.338028, 4.015649, 7.424100
 206.000000, 16.694175, 2.728155, 4.061489, 6.862460
 229.000000, 16.770015, 3.125182, 3.577875, 6.772926
 214.333333, 18.009331, 3.410575, 3.945568, 7.454121
 210.000000, 16.961905, 2.931746, 4.114286, 7.131746
 217.000000, 16.894009, 2.932412, 3.835637, 6.863287
5
 0.250000, 0.000000, 0.000000, 2.000000, 35.000000
 197.000000, 15.932318, 2.813875, 3.864636, 6.766497
 205.333333, 15.160714, 2.824675, 4.102273, 7.034091
 221.333333, 16.718373, 2.748494, 3.843373, 6.652108
 224.000000, 17.135417, 2.699405, 3.785714, 6.561012
 175.000000, 14.817143, 3.681905, 4.767619, 8.502857
 205.333333, 15.222403, 3.099026, 4.219156, 7.431818
 214.333333, 16.497667, 2.797823, 4.043546, 6.908243
 226.000000, 18.092920, 3.134218, 3.762537, 6.973451
 193.666667, 16.373494, 2.977625, 4.173838, 7.311532
 194.666667, 16.970890, 3.280822, 4.339041, 7.717466
 209.000000, 17.354067, 3.156300, 3.969697, 7.185008
 204.333333, 18.218597, 3.360522, 4.239804, 7.676998
 228.666667, 18.658892, 3.574344, 3.861516, 7.494169
 210.000000, 18.146032, 3.390476, 3.998413, 7.479365
 201.666667, 17.558678, 3.335537, 4.185124, 7.601653
 214.000000, 17.961059, 3.015576, 4.024922, 7.104361
 201.000000, 15.960199, 2.837479, 3.968491, 6.933665
 220.666667, 17.820242, 3.212991, 3.842900, 7.123867
 219.666667, 17.218513, 2.939302, 3.869499, 6.867982
 223.333333, 17.534328, 2.846269, 3.717910, 6.628358
6
 0.250000, 1.000000, 0.000000, 1.000000, 4.000000
 183.000000, 15.156648, 2.755920, 4.214936, 7.036430
 218.666667, 16.810976, 2.974085, 3.891768, 6.925305
 208.333333, 15.118400, 2.460800, 3.945600, 6.510400
 235.666667, 17.366337, 2.760962, 3.568600, 6.397454
 179.000000, 14.793296, 3.415270, 4.832402, 8.338920
 224.000000, 16.416667, 3.169643, 3.825893, 7.062500
 216.666667, 16.412308, 2.650769, 3.980000, 6.700000
 237.000000, 18.807314, 3.254571, 3.589311, 6.904360
 202.000000, 17.915842, 3.168317, 4.118812, 7.377888
 211.666667, 18.160630, 3.500787, 4.003150, 7.570079
 210.000000, 17.523810, 3.209524, 4.023810, 7.292063
 209.666667, 17.435612, 3.410175, 4.157393, 7.618442
 221.333333, 18.364458, 3.506024, 3.932229, 7.533133
 203.000000, 17.334975, 2.998358, 4.000000, 7.141215
 217.666667, 18.696784, 3.568147, 3.889740, 7.525268
 229.000000, 18.016012, 3.126638, 3.647744, 6.839884
 218.666667, 17.184451, 2.980183, 3.690549, 6.798780
 210.000000, 18.100000, 3.214286, 4.003175, 7.347619
 209.000000, 17.307815, 2.792663, 4.055821, 7.035088
 218.666667, 16.312500, 2.774390, 3.771341, 6.628049
7
 0.250000, 1.000000, 0.000000, 1.000000, 4.000000
 179.666667, 13.985158, 2.938776, 4.194805, 7.185529
 205.333333, 15.878247, 2.694805, 3.974026, 6.715909
 233.333333, 16.917143, 2.761429, 3.640000, 6.471429
 233.666667, 17.500713, 2.784593, 3.619116, 6.486448
 179.000000, 14.983240, 3.176909, 4.757914, 8.003724
 208.000000, 15.245192, 2.908654, 4.211538, 7.216346
 222.666667, 16.378743, 2.956587, 3.833832, 6.847305
 225.666667, 18.016248, 3.295421, 3.734121, 7.144756
 204.000000, 16.949346, 3.137255, 4.047386, 7.285948
 197.333333, 16.574324, 3.266892, 4.297297, 7.631757
 205.333333, 17.538961, 3.212662, 4.022727, 7.303571
 204.333333, 17.907015, 3.631321, 4.130506, 7.933116
 209.333333, 18.619427, 3.458599, 4.186306, 7.714968
 217.333333, 19.171779, 3.501534, 3.808282, 7.472393
 205.000000, 18.048780, 3.323577, 4.134959, 7.531707
 230.000000, 17.953623, 3.153623, 3.608696, 6.808696
 227.666667, 17.393851, 3.074671, 3.653001, 6.786237
 233.666667, 18.833096, 3.253923, 3.627675, 6.965763
 212.000000, 17.202830, 2.905660, 4.009434, 7.058176
 230.666667, 17.943642, 2.982659, 3.666185, 6.726879
8
 0.250000, 1.000000, 0.000000, 1.000000, 4.000000
 182.000000, 14.650183, 2.717949, 4.194139, 6.985348
 204.666667, 15.706840, 2.771987, 4.164495, 7.001629
 237.666667, 16.814867, 2.760168, 3.612903, 6.433380
 230.666667, 16.953757, 2.715318, 3.660405, 6.423410
 174.333333, 14.894837, 3.537285, 4.869981, 8.453155
 216.333333, 16.351310, 3.246533, 3.966102, 7.305085
 221.333333, 16.756024, 2.801205, 3.923193, 6.798193
 230.000000, 17.481159, 3.166667, 3.715942, 6.950725
 216.333333, 18.588598, 3.320493, 3.872111, 7.269646
 221.666667, 17.741353, 3.568421, 3.727820, 7.369925
 218.666667, 18.001524, 3.242378, 3.724085, 7.071646
 205.000000, 17.952846, 3.458537, 4.169106, 7.713821
 203.333333, 17.191803, 3.373770, 4.234426, 7.680328
 213.000000, 18.701095, 3.378717, 3.937402, 7.420970
 220.333333, 19.093797, 3.600605, 3.850227, 7.499244
 207.000000, 16.644122, 2.950081, 4.001610, 7.030596
 210.666667, 16.373418, 2.988924, 3.917722, 6.987342
 203.666667, 18.085106, 3.268412, 4.144026, 7.492635
 204.333333, 16.993475, 2.846656, 4.146819, 7.172920
 220.666667, 17.090634, 3.072508, 3.756798, 6.901813
9
 0.250000, 0.000000, 0.000000, 1.000000, 35.000000
 196.333333, 15.933786, 3.157895, 3.874363, 7.100170
 213.000000, 15.805947, 2.823161, 3.945227, 6.926448
 233.666667, 16.982882, 2.681883, 3.650499, 6.398003
 231.333333, 17.099424, 2.782421, 3.649856, 6.494236
 162.000000, 13.329218, 3.325103, 5.286008, 8.668724
 223.666667, 17.022355, 3.307004, 3.894188, 7.263785
 218.666667, 16.280488, 2.746951, 3.923780, 6.733232
 232.333333, 18.251076, 3.137733, 3.684362, 6.893831
 202.333333, 17.001647, 3.085667, 4.037891, 7.280066
 206.000000, 17.760518, 3.294498, 4.103560, 7.464401
 221.666667, 18.482707, 3.467669, 3.833083, 7.347368
 221.666667, 18.616541, 3.873684, 3.903759, 7.846617
 212.000000, 17.852201, 3.224843, 4.077044, 7.393082
 226.666667, 19.410294, 3.439706, 3.754412, 7.270588
 215.000000, 18.124031, 3.516279, 3.920930, 7.496124
 203.666667, 16.975450, 2.816694, 4.121113, 7.037643
 232.666667, 17.769341, 3.191977, 3.541547, 6.836676
 210.666667, 18.392405, 3.153481, 3.960443, 7.226266
 218.333333, 17.207634, 3.122137, 3.888550, 7.180153
 230.666667, 17.776012, 3.060694, 3.609827, 6.731214
10
 0.250000, 0.000000, 2.000000, 1.000000, 37.000000
 194.000000, 15.929553, 3.262887, 4.060137, 7.429553
 240.000000, 17.986111, 3.131944, 3.627778, 6.802778
 236.000000, 17.059322, 2.829096, 3.615819, 6.524011
 235.666667, 17.212164, 2.833098, 3.506365, 6.397454
 178.333333, 15.385047, 3.517757, 4.736449, 8.304673
 200.333333, 14.389351, 2.916805, 4.324459, 7.339434
 215.666667, 16.656878, 2.874807, 4.020093, 6.976816
 223.000000, 17.454410, 3.239163, 3.826607, 7.131540
 203.000000, 17.418719, 3.192118, 4.124795, 7.376026
 223.000000, 18.162930, 3.503737, 3.787743, 7.361734
 213.333333, 17.925000, 3.209375, 3.975000, 7.250000
 202.666667, 17.398026, 3.572368, 4.133224, 7.797697
 200.333333, 17.247920, 3.209651, 4.316140, 7.622296
 213.666667, 18.730109, 3.391576, 3.815913, 7.308892
 203.000000, 17.392447, 3.369458, 4.180624, 7.640394
 234.333333, 17.751067, 3.102418, 3.631579, 6.778094
 230.333333, 17.643994, 2.929088, 3.597685, 6.636758
 228.333333, 18.090511, 3.340146, 3.699270, 7.112409
 225.000000, 17.136296, 3.044444, 3.865185, 6.967407
 215.000000, 17.168992, 2.893023, 3.924031, 6.905426
11
 0.250000, 0.000000, 2.000000, 7.000000, 34.000000
 207.333333, 16.927653, 3.456592, 3.662379, 7.194534
 210.000000, 15.498413, 2.807937, 4.147619, 7.007937
 242.000000, 17.227273, 2.837466, 3.542700, 6.453168
 218.333333, 16.004580, 2.687023, 3.775573, 6.538931
 191.666667, 16.114783, 3.551304, 4.403478, 8.010435
 204.333333, 14.920065, 2.831974, 4.225122, 7.120718
 223.333333, 16.543284, 2.843284, 3.774627, 6.734328
 213.000000, 17.594679, 3.209703, 3.940532, 7.250391
 212.666667, 17.452978, 3.119122, 3.929467, 7.145768
 198.666667, 16.778523, 3.216443, 4.221477, 7.525168
 198.333333, 16.704202, 3.211765, 4.129412, 7.460504
 197.333333, 17.533784, 3.582770, 4.310811, 7.984797
 213.000000, 18.082942, 3.483568, 4.017214, 7.577465
 194.000000, 18.096220, 3.197595, 4.350515, 7.680412
 211.333333, 18.739748, 3.438486, 4.041009, 7.539432
 214.333333, 16.830482, 2.917574, 3.933126, 6.916019
 204.666667, 16.490228, 2.884365, 3.978827, 6.942997
 200.666667, 16.870432, 3.144518, 4.107973, 7.348837
 225.666667, 17.135894, 2.937962, 3.769572, 6.809453
 206.333333, 17.011309, 2.898223, 4.040388, 7.040388
12
 0.250000, 0.000000, 3.000000, 6.000000, 34.000000
 194.000000, 16.687285, 3.670103, 4.048110, 7.788660
 206.000000, 15.906149, 2.606796, 4.053398, 6.809061
 226.333333, 16.142857, 2.671576, 3.737850, 6.487482
 241.666667, 18.055172, 2.811034, 3.547586, 6.409655
 186.333333, 15.211091, 3.538462, 4.593918, 8.173524
 204.333333, 15.737357, 3.195759, 4.205546, 7.455139
 240.000000, 17.287500, 2.913889, 3.606944, 6.563889
 225.000000, 17.222222, 3.063704, 3.717037, 6.854815
 208.000000, 17.953526, 3.253205, 3.972756, 7.310897
 222.000000, 17.713213, 3.527027, 3.764264, 7.345345
 216.333333, 17.956857, 3.338983, 3.865948, 7.265023
 187.000000, 17.210339, 3.262032, 4.508021, 7.860963
 206.000000, 17.705502, 3.404531, 4.158576, 7.669903
 201.333333, 18.334437, 3.256623, 4.157285, 7.501656
 211.000000, 18.535545, 3.401264, 3.944708, 7.431280
 214.333333, 17.729393, 2.995334, 3.881804, 6.939347
 230.000000, 16.939130, 3.069565, 3.607246, 6.723188
 214.333333, 17.617418, 3.250389, 3.884914, 7.262830
 222.666667, 17.700599, 3.025449, 3.895210, 6.983533
 198.333333, 15.549580, 2.689076, 4.198319, 6.993277
13
 0.250000, 0.000000, 3.000000, 30.000000, 37.000000
 187.333333, 14.661922, 2.868327, 4.033808, 6.992883
 221.333333, 16.626506, 2.923193, 3.706325, 6.685241
 233.333333, 17.274286, 2.642857, 3.680000, 6.414286
 231.666667, 17.214388, 2.692086, 3.637410, 6.391367
 178.333333, 14.884112, 3.302804, 4.771963, 8.142056
 210.666667, 15.155063, 2.889241, 4.063291, 7.025316
 233.000000, 17.288984, 2.819742, 3.692418, 6.559371
 222.333333, 17.341829, 3.044978, 3.781109, 6.901049
 203.666667, 17.926350, 3.171849, 4.157119, 7.441899
 196.333333, 16.482173, 3.404075, 4.261460, 7.758913
 215.333333, 18.219814, 3.247678, 3.848297, 7.178019
 199.333333, 17.730769, 3.438127, 4.198997, 7.744147
 214.333333, 18.038880, 3.466563, 4.055988, 7.646967
 227.000000, 19.349486, 3.418502, 3.756241, 7.249633
 209.333333, 17.616242, 3.310510, 4.084395, 7.469745
 221.000000, 17.642534, 2.945701, 3.814480, 6.831071
 220.666667, 16.969789, 3.036254, 3.737160, 6.870091
 225.000000, 17.986667, 3.272593, 3.734815, 7.066667
 229.333333, 17.293605, 3.142442, 3.799419, 6.997093
 214.000000, 16.682243, 2.956386, 3.841121, 6.881620
14
 0.250000, 0.000000, 3.000000, 23.000000, 37.000000
 194.666667, 16.789384, 3.256849, 4.058219, 7.375000
 217.666667, 15.617152, 2.866769, 3.793262, 6.725881
 237.666667, 17.054698, 2.814867, 3.584853, 6.455820
 237.666667, 17.438990, 2.845722, 3.513324, 6.444600
 175.000000, 14.375238, 3.664762, 4.704762, 8.432381
 215.666667, 16.111283, 3.207110, 3.959815, 7.227202
 231.666667, 17.307914, 2.877698, 3.729496, 6.660432
 213.000000, 17.311424, 3.075117, 3.921753, 7.148670
 199.000000, 17.524288, 3.048576, 4.149079, 7.324958
 207.333333, 16.971061, 3.347267, 4.088424, 7.564309
 209.333333, 17.920382, 3.355096, 3.963376, 7.385350
 197.000000, 17.318105, 3.489002, 4.368866, 7.961083
 210.666667, 18.052215, 3.257911, 4.066456, 7.433544
 207.333333, 18.696141, 3.318328, 3.987138, 7.422830
 216.666667, 19.190769, 3.475385, 3.989231, 7.515385
 206.666667, 17.106452, 2.956452, 4.080645, 7.133871
 223.666667, 16.958271, 2.968703, 3.676602, 6.727273
 216.333333, 18.332820, 3.080123, 3.881356, 7.072419
 208.333333, 16.459200, 2.908800, 4.057600, 7.057600
 231.333333, 17.880403, 3.152738, 3.678674, 6.900576
15
 0.250000, 0.000000, 5.000000, 0.000000, 32.000000
 173.000000, 14.400771, 2.691715, 4.527938, 7.298651
 222.333333, 16.656672, 2.968516, 3.866567, 6.884558
 242.666667, 16.673077, 2.836538, 3.563187, 6.456044
 250.000000, 18.257333, 3.024000, 3.374667, 6.448000
 184.333333, 15.213382, 3.508137, 4.470163, 8.097649
 233.000000, 16.879828, 3.434907, 3.776824, 7.277539
 231.000000, 17.884560, 2.919192, 3.784993, 6.751804
 218.666667, 17.670732, 3.222561, 3.815549, 7.152439
 217.666667, 18.401225, 3.159265, 3.810107, 7.081164
 207.000000, 17.478261, 3.409018, 4.133655, 7.619968
 209.000000, 17.582137, 3.293461, 4.012759, 7.376396
 200.000000, 17.273333, 3.541667, 4.286667, 7.955000
 201.000000, 17.237148, 3.255390, 4.275290, 7.636816
 178.333333, 16.663551, 3.091589, 4.635514, 7.809346
 200.666667, 17.463455, 3.450166, 4.214286, 7.737542
 218.333333, 16.819847, 2.903817, 3.825954, 6.780153
 222.666667, 17.369760, 3.197605, 3.726048, 7.016467
 213.333333, 18.112500, 3.146875, 3.890625, 7.164063
 223.000000, 17.379671, 2.997010, 3.847534, 6.941704
 187.666667, 16.291297, 2.827709, 4.385435, 7.362345
16
 0.250000, 1.000000, 5.000000, 2.000000, 31.000000
 181.333333, 14.992647, 2.891544, 4.145221, 7.134191
 195.666667, 15.088586, 2.632027, 4.289608, 7.088586
 217.333333, 16.173313, 2.665644, 3.863497, 6.650307
 226.333333, 16.527246, 2.690722, 3.698085, 6.499264
 185.000000, 15.645045, 3.699099, 4.545946, 8.290090
 211.666667, 15.995276, 3.078740, 4.086614, 7.267717
 216.000000, 16.966049, 2.739198, 4.010802, 6.827160
 213.666667, 16.957878, 3.157566, 3.903276, 7.205928
 216.000000, 18.146605, 3.120370, 3.983025, 7.163580
 200.333333, 17.306156, 3.369384, 4.282862, 7.717138
 210.000000, 17.304762, 3.244444, 3.893651, 7.234921
 209.000000, 18.333333, 3.516746, 4.133971, 7.708134
 191.666667, 17.457391, 3.318261, 4.537391, 7.982609
 193.666667, 18.468158, 3.137694, 4.395869, 7.664372
 204.333333, 17.579119, 3.386623, 4.112561, 7.580750
 223.000000, 17.872945, 3.055306, 3.757848, 6.914798
 218.333333, 16.912977, 3.206107, 3.738931, 7.038168
 206.333333, 17.389338, 3.033926, 4.101777, 7.218094
 221.666667, 17.930827, 3.045113, 3.885714, 7.007519
 219.666667, 16.925645, 2.834598, 3.836115, 6.743551
17
 0.250000, 0.000000, 5.000000, 3.000000, 32.000000
 179.000000, 14.582868, 2.970205, 4.115456, 7.325885
 212.666667, 15.735110, 2.725705, 3.942006, 6.783699
 252.000000, 17.552910, 3.056878, 3.439153, 6.551587
 229.666667, 16.840348, 2.624093, 3.674891, 6.358491
 196.000000, 16.489796, 3.433673, 4.380952, 7.880952
 213.000000, 15.644757, 3.203443, 4.131455, 7.395931
 218.333333, 17.251908, 2.792366, 3.920611, 6.798473
 217.666667, 18.071975, 3.150077, 3.924962, 7.151608
 204.000000, 17.166667, 3.204248, 4.178105, 7.506536
 208.666667, 17.535144, 3.468051, 3.956869, 7.506390
 206.000000, 18.352751, 3.252427, 4.040453, 7.364078
 216.333333, 17.889060, 3.582435, 4.009245, 7.647149
 209.333333, 16.831210, 3.242038, 4.164013, 7.450637
 208.666667, 18.386581, 3.321086, 4.035144, 7.464856
 198.333333, 17.700840, 3.329412, 4.137815, 7.593277
 229.333333, 18.850291, 3.187500, 3.761628, 7.008721
 231.333333, 17.533141, 3.214697, 3.597983, 6.881844
 190.333333, 17.770578, 3.091068, 4.462347, 7.640981
 215.333333, 17.140867, 2.857585, 3.947368, 6.919505
 220.000000, 16.924242, 2.934848, 3.821212, 6.837879
18
 0.250000, 0.000000, 5.000000, 2.000000, 32.000000
 196.000000, 15.673469, 2.845238, 4.008503, 6.914966
 210.333333, 16.098257, 2.763867, 4.015848, 6.860539
 246.000000, 17.168022, 2.966125, 3.481030, 6.510840
 239.000000, 17.281729, 2.831241, 3.538354, 6.432357
 182.666667, 15.366788, 3.489051, 4.766423, 8.315693
 219.333333, 15.776596, 3.019757, 3.934650, 7.027356
 220.666667, 16.439577, 2.861027, 3.925982, 6.835347
 209.000000, 17.440191, 2.963317, 4.051037, 7.135566
 204.333333, 18.027732, 3.176183, 4.096248, 7.394780
 215.000000, 17.699225, 3.555039, 3.978295, 7.590698
 212.333333, 17.923077, 3.353218, 3.861852, 7.342229
 204.000000, 17.328431, 3.532680, 4.194444, 7.810458
 225.666667, 18.273264, 3.590842, 3.865583, 7.514032
 188.333333, 17.945133, 3.145133, 4.502655, 7.794690
 207.000000, 18.317230, 3.241546, 4.115942, 7.415459
 217.333333, 16.934049, 3.173313, 3.814417, 7.069018
 205.000000, 16.131707, 2.814634, 3.933333, 6.905691
 209.666667, 17.597774, 3.014308, 3.972973, 7.101749
 226.333333, 17.291605, 3.138439, 3.745214, 7.011782
 214.000000, 16.886293, 2.822430, 3.908100, 6.800623
19
 0.250000, 0.000000, 5.000000, 2.000000, 31.000000
 190.000000, 15.943860, 3.187719, 4.110526, 7.407018
 221.000000, 16.363499, 2.850679, 3.728507, 6.631976
 229.000000, 16.609898, 2.675400, 3.724891, 6.468705
 227.000000, 16.389134, 2.839941, 3.713656, 6.612335
 185.666667, 15.466786, 3.488330, 4.479354, 8.039497
 228.333333, 16.433577, 3.124088, 3.807299, 6.997080
 201.000000, 16.039801, 2.597015, 4.207297, 6.945274
 216.666667, 17.387692, 3.063077, 3.935385, 7.083077
 215.000000, 18.269767, 3.130233, 3.877519, 7.071318
 203.666667, 17.466448, 3.371522, 4.117840, 7.592471
 209.000000, 16.998405, 3.318979, 3.961722, 7.354067
 203.666667, 17.867430, 3.620295, 4.211129, 7.885434
 191.666667, 16.620870, 3.278261, 4.481739, 7.864348
 218.666667, 18.336890, 3.413110, 3.876524, 7.353659
 215.333333, 18.691950, 3.588235, 3.925697, 7.580495
 231.000000, 17.531025, 3.046176, 3.646465, 6.751804
 210.666667, 17.367089, 2.938291, 3.870253, 6.871835
 222.333333, 17.898051, 3.503748, 3.749625, 7.347826
 219.666667, 17.040971, 2.813354, 3.996965, 6.881639
 217.000000, 16.591398, 2.872504, 3.858679, 6.803379
20
 0.250000, 0.000000, 5.000000, 2.000000, 31.000000
 190.333333, 15.700525, 2.788091, 4.071804, 6.931699
 229.333333, 16.651163, 3.063953, 3.713663, 6.821221
 247.333333, 17.076819, 2.788410, 3.469003, 6.309973
 227.666667, 16.718887, 2.677892, 3.710102, 6.437775
 183.000000, 15.979964, 3.750455, 4.744991, 8.568306
 206.666667, 15.383871, 2.937097, 4.190323, 7.198387
 210.666667, 16.860759, 2.715190, 4.026899, 6.810127
 235.333333, 18.716714, 3.172805, 3.651558, 6.866856
 227.000000, 17.975037, 3.183554, 3.696035, 6.950073
 216.333333, 17.813559, 3.602465, 3.935285, 7.605547
 188.333333, 16.539823, 3.100885, 4.364602, 7.555752
 190.000000, 17.066667, 3.198246, 4.477193, 7.764912
 190.333333, 17.075306, 3.287215, 4.500876, 7.907180
 216.000000, 18.595679, 3.320988, 3.895062, 7.336420
 217.000000, 18.884793, 3.420891, 3.930876, 7.430108
 209.333333, 17.162420, 2.872611, 4.054140, 7.009554
 230.000000, 17.842029, 3.168116, 3.547826, 6.772464
 223.333333, 18.220896, 3.185075, 3.767164, 7.047761
 239.666667, 18.310153, 3.198887, 3.607789, 6.863700
 227.333333, 17.516129, 2.932551, 3.736070, 6.736070
21
 0.250000, 0.000000, 5.000000, 3.000000, 31.000000
 192.666667, 16.560554, 3.347751, 4.076125, 7.494810
 220.333333, 16.653555, 2.759455, 3.742814, 6.582451
 230.333333, 17.054993, 2.714906, 3.765557, 6.539797
 231.000000, 17.314574, 2.796537, 3.594517, 6.458874
 180.000000, 14.707407, 3.396296, 4.651852, 8.092593
 215.666667, 16.007728, 3.072643, 3.970634, 7.120556
 201.000000, 16.238806, 2.666667, 4.223881, 7.009950
 216.666667, 17.066154, 3.096923, 3.850769, 7.033846
 209.333333, 17.141720, 3.079618, 3.937898, 7.079618
 213.666667, 17.814353, 3.485179, 3.960998, 7.539782
 195.000000, 16.717949, 3.220513, 4.249573, 7.581197
 212.000000, 18.218553, 3.577044, 4.108491, 7.759434
 208.333333, 17.145600, 3.523200, 4.104000, 7.723200
 219.000000, 19.054795, 3.340944, 3.832572, 7.289193
 202.333333, 18.191104, 3.324547, 4.192751, 7.616145
 219.000000, 17.552511, 3.133942, 3.818874, 7.001522
 225.666667, 16.896603, 3.022157, 3.645495, 6.738552
 202.000000, 16.877888, 3.094059, 4.009901, 7.275578
 217.666667, 17.632466, 2.935681, 4.004594, 7.030628
 217.333333, 17.173313, 2.871166, 3.808282, 6.791411
22
 0.250000, 0.000000, 4.000000, 22.000000, 31.000000
 187.333333, 15.709964, 2.734875, 4.051601, 6.886121
 220.000000, 16.953030, 2.946970, 3.936364, 6.939394
 235.333333, 16.760623, 2.747875, 3.654391, 6.474504
 241.666667, 17.485517, 2.853793, 3.489655, 6.406897
 175.333333, 14.823194, 3.520913, 4.722433, 8.349810
 207.000000, 14.974235, 3.037037, 4.159420, 7.247987
 225.333333, 16.603550, 2.813609, 3.818047, 6.678994
 197.333333, 16.035473, 3.136824, 4.194257, 7.481419
 226.333333, 18.755523, 3.351988, 3.784978, 7.203240
 203.000000, 17.965517, 3.310345, 4.220033, 7.622332
 210.333333, 16.705230, 3.253566, 3.906498, 7.229794
 219.333333, 18.580547, 3.603343, 4.003040, 7.670213
 215.000000, 18.097674, 3.448062, 4.044961, 7.551938
 205.000000, 18.681301, 3.120325, 4.014634, 7.237398
 195.000000, 17.164103, 3.348718, 4.309402, 7.798291
 200.333333, 16.595674, 2.865225, 4.159734, 7.104825
 223.333333, 16.767164, 3.005970, 3.717910, 6.804478
 229.000000, 18.534207, 3.273654, 3.691412, 7.033479
 232.000000, 17.686782, 3.021552, 3.745690, 6.846264
 214.666667, 16.454969, 3.043478, 3.892857, 6.995342
23
 0.250000, 0.000000, 4.000000, 0.000000, 32.000000
 212.000000, 16.897799, 3.415094, 3.633648, 7.114780
 206.666667, 15.419355, 2.791935, 4.219355, 7.064516
 236.666667, 17.508451, 2.800000, 3.625352, 6.477465
 252.000000, 18.339947, 2.920635, 3.386243, 6.351852
 180.000000, 14.661111, 3.442593, 4.650000, 8.185185
 222.000000, 16.348348, 3.207207, 3.957958, 7.231231
 229.333333, 17.318314, 2.845930, 3.790698, 6.691860
 239.333333, 18.596100, 3.342618, 3.529248, 6.958217
 200.333333, 16.599002, 3.191348, 4.128120, 7.394343
 201.666667, 17.942149, 3.361983, 4.214876, 7.651240
 201.666667, 17.522314, 3.323967, 4.171901, 7.571901
 220.000000, 18.930303, 3.771212, 3.950000, 7.792424
 207.666667, 17.226324, 3.231140, 4.187801, 7.491172
 200.333333, 17.638935, 3.284526, 4.064892, 7.435940
 205.333333, 17.641234, 3.248377, 4.137987, 7.444805
 217.666667, 16.859112, 3.081164, 3.748851, 6.935681
 223.333333, 16.714925, 3.056716, 3.779104, 6.895522
 203.000000, 17.668309, 3.116585, 4.162562, 7.334975
 237.666667, 18.016830, 3.009818, 3.676017, 6.746143
 221.666667, 17.181955, 3.001504, 3.736842, 6.819549
24
 0.250000, 0.000000, 4.000000, 0.000000, 32.000000
 184.666667, 15.337545, 3.364621, 4.075812, 7.509025
 199.333333, 15.110368, 2.596990, 4.240803, 6.939799
 233.333333, 17.082857, 2.761429, 3.655714, 6.478571
 232.666667, 16.978510, 2.694842, 3.661891, 6.431232
 195.000000, 16.471795, 3.952137, 4.343590, 8.348718
 214.333333, 15.548989, 3.073095, 4.073095, 7.191291
 229.333333, 17.354651, 2.888081, 3.710756, 6.645349
 235.000000, 18.300709, 3.229787, 3.645390, 6.924823
 204.666667, 16.600977, 3.083062, 3.951140, 7.171010
 203.666667, 17.245499, 3.253682, 4.170213, 7.533552
 207.333333, 17.961415, 3.250804, 3.987138, 7.353698
 191.000000, 17.713787, 3.108202, 4.455497, 7.649215
 203.666667, 17.175123, 3.268412, 4.150573, 7.484452
 199.000000, 17.804020, 3.264657, 4.190955, 7.529313
 183.000000, 16.969035, 3.351548, 4.519126, 8.009107
 196.333333, 16.606112, 2.679117, 4.169779, 7.054329
 211.000000, 16.393365, 3.014218, 3.840442, 6.909953
 206.000000, 18.016181, 3.051780, 3.993528, 7.118123
 222.000000, 17.057057, 2.908408, 3.845345, 6.858859
 220.000000, 16.580303, 2.921212, 3.825758, 6.822727
25
 0.250000, 0.000000, 2.000000, 0.000000, 14.000000
 190.666667, 15.840909, 3.041958, 4.059441, 7.157343
 213.333333, 16.192188, 2.848438, 3.934375, 6.879688
 230.333333, 16.697540, 2.764110, 3.683068, 6.561505
 242.000000, 17.461433, 2.823691, 3.482094, 6.362259
 177.666667, 15.227017, 3.439024, 4.789869, 8.302064
 219.000000, 15.619482, 3.245053, 3.996956, 7.296804
 227.666667, 17.048316, 2.881406, 3.786237, 6.715959
 194.000000, 16.426117, 2.914089, 4.398625, 7.424399
 206.333333, 17.344103, 3.180937, 4.106624, 7.381260
 208.666667, 17.755591, 3.381789, 4.046326, 7.519169
 204.333333, 18.438825, 3.383361, 4.027732, 7.495922
 198.666667, 17.830537, 3.473154, 4.275168, 7.825503
 200.000000, 17.551667, 3.255000, 4.386667, 7.730000
 194.000000, 17.659794, 3.082474, 4.458763, 7.615120
 219.000000, 18.726027, 3.528158, 3.917808, 7.517504
 231.333333, 17.956772, 3.015850, 3.730548, 6.791066
 202.333333, 16.321252, 2.965404, 4.044481, 7.102142
 227.000000, 17.741557, 3.230543, 3.732746, 7.030837
 224.666667, 17.271513, 2.818991, 3.847181, 6.718101
26
 0.250000, 0.000000, 0.000000, 0.000000, 6.000000
 193.666667, 15.898451, 2.996558, 4.092943, 7.142857
 226.666667, 16.047059, 2.813235, 3.764706, 6.625000
 227.666667, 16.185944, 2.752562, 3.742313, 6.581259
 229.666667, 17.613933, 2.705370, 3.683599, 6.474601
 180.666667, 15.068266, 3.529520, 4.656827, 8.254613
 200.000000, 15.176667, 3.175000, 4.298333, 7.540000
 233.000000, 17.213162, 2.783977, 3.709585, 6.537911
 207.666667, 16.600321, 2.919743, 4.033708, 7.067416
 207.333333, 17.990354, 3.102894, 3.993569, 7.170418
 209.333333, 16.761146, 3.265924, 4.009554, 7.332803
 228.000000, 18.448830, 3.457602, 3.703216, 7.204678
 206.000000, 17.805825, 3.572816, 4.113269, 7.752427
 196.666667, 17.047458, 3.150847, 4.442373, 7.644068
 203.333333, 18.949180, 3.408197, 4.239344, 7.722951
 221.666667, 18.431579, 3.697744, 3.942857, 7.694737
 220.000000, 17.240909, 2.898485, 3.842424, 6.827273
 231.000000, 17.340548, 3.096681, 3.636364, 6.789322
 200.666667, 16.559801, 2.985050, 4.182724, 7.287375
 201.000000, 16.466003, 2.878939, 4.271973, 7.266998
27
 0.250000, 11.000000, 0.000000, 1.000000, 1.000000
 185.333333, 15.715827, 2.881295, 4.154676, 7.192446
 202.333333, 15.123558, 2.747941, 4.248764, 7.074135
 216.666667, 16.024615, 2.552308, 3.938462, 6.556923
 230.333333, 16.839363, 2.801737, 3.645441, 6.532562
 174.666667, 14.400763, 3.257634, 4.788168, 8.219466
 227.000000, 16.287812, 3.073421, 3.829662, 6.969163
 210.000000, 16.719048, 2.636508, 4.101587, 6.839683
 208.666667, 16.795527, 3.078275, 4.012780, 7.209265
 185.666667, 16.371634, 3.059246, 4.472172, 7.669659
 206.000000, 17.695793, 3.339806, 4.088997, 7.495146
 209.666667, 17.577107, 3.284579, 3.988871, 7.346582
 206.333333, 18.663974, 3.544426, 4.268174, 7.906300
 203.000000, 17.313629, 3.359606, 4.285714, 7.788177
 211.333333, 18.272871, 3.388013, 4.031546, 7.490536
 201.666667, 18.064463, 3.190083, 4.117355, 7.403306
 243.000000, 18.696845, 3.267490, 3.537723, 6.849108
 216.333333, 16.394453, 2.906009, 3.750385, 6.773498
 211.333333, 17.154574, 3.250789, 4.066246, 7.362776
 230.333333, 17.545586, 2.921852, 3.765557, 6.745297
 223.000000, 17.351271, 2.959641, 3.747384, 6.787743
28
 0.250000, 14.000000, 0.000000, 1.000000, 3.000000
 199.333333, 15.801003, 3.085284, 3.921405, 7.098662
 208.333333, 15.480000, 2.889600, 3.921600, 6.892800
 243.666667, 17.346101, 2.857729, 3.502052, 6.418605
 239.666667, 17.257302, 2.837274, 3.520167, 6.415855
 175.000000, 14.840000, 3.424762, 4.720000, 8.194286
 216.666667, 15.770769, 3.112308, 4.027692, 7.220000
 216.333333, 16.394453, 2.933744, 3.967643, 6.975347
 239.333333, 17.990251, 3.229805, 3.555710, 6.837047
 201.333333, 17.551325, 3.142384, 4.077815, 7.324503
 217.666667, 18.032159, 3.554364, 3.937213, 7.583461
 212.333333, 17.781790, 3.199372, 3.924647, 7.235479
 207.000000, 18.491143, 3.458937, 4.165862, 7.695652
 202.333333, 17.172982, 3.159802, 4.317957, 7.527183
 212.333333, 18.687598, 3.226060, 4.028257, 7.320251
 210.333333, 18.004754, 3.421553, 4.028526, 7.557845
 217.000000, 17.141321, 2.987711, 3.860215, 6.910906
 204.333333, 16.588907, 2.861338, 4.032626, 7.016313
 218.333333, 17.706870, 3.288550, 3.879389, 7.285496
 197.333333, 16.652027, 2.819257, 4.332770, 7.243243
 215.666667, 17.666151, 2.970634, 3.845440, 6.927357
29
 0.250000, 8.000000, 0.000000, 1.000000, 1.000000
 200.333333, 17.871880, 4.029950, 3.870216, 8.068220
 218.333333, 16.493130, 2.969466, 3.900763, 6.938931
 229.000000, 16.270742, 2.590975, 3.768559, 6.422125
 247.666667, 17.737550, 2.870794, 3.390310, 6.332436
 185.000000, 15.192793, 3.190991, 4.425225, 7.754955
 212.333333, 15.474097, 3.039246, 4.169545, 7.265306
 237.333333, 17.720506, 2.851124, 3.643258, 6.536517
 202.666667, 16.404605, 3.136513, 4.162829, 7.398026
 204.000000, 17.629085, 3.116013, 4.102941, 7.334967
 202.000000, 17.069307, 3.458746, 4.156766, 7.688119
 204.000000, 17.550654, 3.325163, 4.052288, 7.486928
 228.000000, 18.972222, 3.771930, 3.805556, 7.643275
 216.000000, 17.813272, 3.415123, 4.004630, 7.467593
 210.000000, 18.552381, 3.328571, 3.973016, 7.411111
 215.333333, 18.356037, 3.496904, 3.869969, 7.481424
 214.333333, 17.328149, 3.031104, 3.869362, 7.006221
 233.666667, 17.320970, 3.189729, 3.526391, 6.776034
 196.333333, 16.327674, 3.003396, 4.261460, 7.331070
 202.666667, 16.115132, 2.819079, 4.125000, 7.085526
 233.000000, 18.288984, 3.038627, 3.603720, 6.732475
30
 0.250000, 1.000000, 1.000000, 2.000000, 15.000000
 191.333333, 16.282230, 2.945993, 4.052265, 7.059233
 199.666667, 15.048414, 2.657763, 4.272120, 6.998331
 244.333333, 17.165075, 2.833561, 3.507503, 6.401091
 220.000000, 15.948485, 2.615152, 3.760606, 6.481818
 173.333333, 14.930769, 3.073077, 4.848077, 7.984615
 205.000000, 14.603252, 2.876423, 4.222764, 7.152846
 205.333333, 15.202922, 2.448052, 4.131494, 6.667208
 203.333333, 16.531148, 3.009836, 4.139344, 7.237705
 203.666667, 16.916530, 3.050736, 4.070376, 7.263502
 233.000000, 18.987124, 3.630901, 3.673820, 7.374821
 189.000000, 16.502646, 3.112875, 4.324515, 7.552028
 217.000000, 19.096774, 3.783410, 4.059908, 7.890937
 206.333333, 17.756058, 3.336026, 4.151858, 7.594507
 198.000000, 18.210438, 3.013468, 4.227273, 7.351852
 190.333333, 17.070053, 3.099825, 4.374781, 7.572680
 225.000000, 17.691852, 2.937778, 3.637037, 6.669630
 220.333333, 16.883510, 3.093797, 3.794251, 6.960666
 212.333333, 17.048666, 3.145997, 3.945055, 7.171115
 229.000000, 17.529840, 2.978166, 3.771470, 6.826783
 221.000000, 17.066365, 2.944193, 3.767722, 6.809955
31
 0.250000, 3.000000, 0.000000, 0.000000, 14.000000
 187.333333, 15.380783, 2.756228, 4.225979, 7.049822
 225.333333, 16.961538, 3.001479, 3.677515, 6.751479
 224.000000, 16.505952, 2.617560, 3.834821, 6.534226
 234.333333, 17.305832, 2.782361, 3.596017, 6.448080
 183.000000, 15.724954, 3.502732, 4.766849, 8.316940
 223.333333, 15.898507, 3.164179, 3.900000, 7.122388
 232.333333, 17.071736, 2.962697, 3.665710, 6.703013
 212.000000, 17.205975, 3.257862, 3.918239, 7.314465
 220.666667, 17.956193, 3.081571, 3.851964, 6.983384
 228.333333, 18.465693, 3.645255, 3.750365, 7.477372
 203.333333, 16.985246, 3.273770, 4.044262, 7.421311
 195.666667, 16.846678, 3.376491, 4.291312, 7.766610
 181.000000, 16.430939, 3.112339, 4.694291, 7.948435
 199.000000, 17.909548, 3.113903, 4.199330, 7.403685
 201.000000, 17.976783, 3.469320, 4.124378, 7.668325
 231.000000, 17.492063, 3.099567, 3.643579, 6.815296
 222.333333, 16.890555, 2.965517, 3.685157, 6.739130
 197.333333, 17.228041, 3.077703, 4.309122, 7.479730
 222.666667, 17.580838, 3.095808, 3.800898, 7.047904
 194.666667, 15.804795, 2.662671, 4.260274, 7.044521
Histogram
0 0 0 0 0 0 0 0 0 0 2 0 0 0 0 0 0 0 0 0 0 0 0 0 0 0 0 0 0 0 1 0 0 0 0 0 0 0 0 0 3 0 0 0 0 0 0 0 0 0 0 0 0 0 0 0 0 0 0 0 1 0 0 12 34 20 15 44 56 53 58 46 45 51 52 39 32 29 11 11 9 4 4 8 2 2 1 0 0 0 0 0 0 0 0 0 0 0 0 0 0 0 0 0 0 0 0 0 0 0 0 0 0 0 0 0 0 0 0 25 
Cache Miss Ratio
NaN
numOfSets
407582
numOfGets
0
numOfMultiGets
0
