21
0
 0.250000, 0.000000, 0.000000, 2.000000, 11.000000
 208.666667, 32.460064, 4.859425, 4.092652, 9.071885
 211.333333, 34.717666, 5.657729, 4.365931, 10.097792
 196.333333, 32.429542, 5.193548, 4.500849, 9.887946
 203.333333, 34.213115, 5.622951, 4.519672, 10.268852
 227.666667, 35.055637, 5.597365, 4.051245, 9.710102
 208.666667, 33.902556, 4.969649, 4.341853, 9.423323
 262.666667, 39.224619, 6.068528, 3.583756, 9.720812
 189.333333, 34.459507, 5.771127, 4.802817, 10.711268
 239.000000, 34.656904, 5.256625, 3.817294, 9.122734
 231.000000, 36.109668, 5.584416, 4.023088, 9.653680
 211.666667, 34.455118, 6.014173, 4.382677, 10.458268
 242.000000, 34.458678, 5.265840, 3.811295, 9.158402
 223.000000, 36.264574, 5.469357, 4.143498, 9.698057
 213.333333, 34.973438, 5.753125, 4.193750, 10.018750
 227.000000, 35.334802, 5.298091, 4.149780, 9.525698
 222.666667, 35.320359, 5.308383, 4.142216, 9.516467
 249.000000, 36.164659, 5.556894, 3.771084, 9.413655
 176.333333, 34.561437, 6.355388, 5.344045, 11.822306
 227.333333, 35.879765, 5.598240, 3.985337, 9.733138
 229.000000, 35.251820, 5.403202, 4.008734, 9.473071
1
 0.250000, 0.000000, 1.000000, 1.000000, 10.000000
 202.333333, 32.278418, 4.978583, 4.301483, 9.365733
 213.333333, 34.325000, 5.634375, 4.323438, 10.014063
 213.666667, 33.357254, 6.053042, 4.287051, 10.385335
 228.666667, 35.211370, 5.953353, 4.123907, 10.132653
 246.666667, 35.664865, 5.771622, 3.766216, 9.625676
 241.333333, 35.838398, 5.312155, 3.832873, 9.215470
 227.333333, 37.357771, 5.634897, 4.089443, 9.821114
 187.666667, 33.888099, 5.948490, 4.985790, 11.003552
 254.000000, 35.198163, 5.326772, 3.578740, 8.973753
 215.666667, 35.109737, 5.349304, 4.463679, 9.879444
 221.333333, 34.887048, 6.153614, 4.210843, 10.420181
 230.333333, 33.471780, 5.146165, 3.794501, 9.108538
 226.666667, 35.060294, 5.366176, 4.030882, 9.482353
 197.000000, 34.203046, 5.387479, 4.575296, 10.049069
 223.000000, 35.161435, 5.488789, 4.134529, 9.710015
 216.666667, 36.200000, 5.418462, 4.323077, 9.867692
 227.666667, 36.137628, 5.505124, 4.084919, 9.674963
 179.333333, 34.490706, 6.505576, 5.187732, 11.873606
 216.666667, 34.372308, 5.572308, 4.190769, 9.829231
 210.666667, 32.612342, 5.072785, 4.193038, 9.392405
2
 0.250000, 0.000000, 0.000000, 1.000000, 9.000000
 203.000000, 31.738916, 5.090312, 4.290640, 9.471264
 237.333333, 36.522472, 5.796348, 3.883427, 9.744382
 209.000000, 32.623604, 5.470494, 4.256778, 9.872408
 209.666667, 34.537361, 5.858506, 4.424483, 10.375199
 225.000000, 35.386667, 5.838519, 4.117037, 10.047407
 224.333333, 35.086181, 5.267459, 4.178306, 9.530461
 229.333333, 38.008721, 5.763081, 4.040698, 9.875000
 211.000000, 35.563981, 5.872038, 4.413902, 10.338073
 239.333333, 34.654596, 5.114206, 3.768802, 8.967967
 202.333333, 34.200988, 5.273476, 4.864909, 10.242175
 209.000000, 33.910686, 6.052632, 4.427432, 10.545455
 221.000000, 33.657617, 5.150830, 4.046757, 9.334842
 199.666667, 33.499165, 5.215359, 4.560935, 9.893155
 215.000000, 35.744186, 5.790698, 4.182946, 10.054264
 213.000000, 34.627543, 5.234742, 4.269171, 9.658842
 232.666667, 37.041547, 5.467049, 3.952722, 9.527221
 238.666667, 36.196927, 5.424581, 3.882682, 9.372905
 199.666667, 36.751252, 6.429048, 4.749583, 11.243740
 240.000000, 35.426389, 5.465278, 3.840278, 9.383333
 210.000000, 32.334921, 5.123810, 4.252381, 9.460317
3
 0.250000, 0.000000, 0.000000, 1.000000, 10.000000
 208.666667, 32.324281, 4.848243, 4.206070, 9.123003
 227.000000, 35.133627, 5.690162, 4.083700, 9.842878
 214.333333, 33.405910, 5.539658, 4.213064, 9.836703
 218.333333, 34.314504, 5.830534, 4.254962, 10.146565
 237.333333, 34.745787, 5.518258, 3.894663, 9.480337
 239.000000, 35.808926, 5.352859, 3.947001, 9.361227
 246.000000, 38.691057, 5.845528, 3.807588, 9.737127
 185.666667, 34.635548, 5.886894, 5.028725, 11.032316
 253.666667, 35.193167, 5.333771, 3.588699, 8.978975
 211.666667, 34.850394, 5.285039, 4.344882, 9.735433
 214.333333, 34.692068, 6.426128, 4.329705, 10.825816
 222.333333, 33.758621, 5.205397, 4.068966, 9.389805
 229.333333, 36.348837, 5.536337, 4.045058, 9.655523
 224.000000, 34.904762, 5.834821, 4.031250, 9.955357
 205.333333, 34.055195, 5.217532, 4.457792, 9.780844
 198.000000, 34.949495, 5.203704, 4.552189, 9.934343
 237.000000, 35.696203, 5.267229, 3.925457, 9.293952
 179.333333, 36.163569, 6.591078, 5.210037, 11.992565
 227.666667, 36.149341, 5.598829, 3.998536, 9.693997
 220.666667, 34.980363, 5.545317, 4.131420, 9.770393
4
 0.250000, 1.000000, 1.000000, 0.000000, 10.000000
 216.666667, 32.724615, 5.067692, 3.995385, 9.158462
 218.333333, 35.088550, 5.702290, 4.172519, 9.941985
 234.666667, 33.703125, 5.610795, 3.887784, 9.572443
 213.666667, 34.659906, 5.789392, 4.404056, 10.254290
 225.666667, 34.836041, 5.441654, 4.087149, 9.612999
 238.333333, 36.903497, 5.193007, 3.942657, 9.209790
 230.000000, 37.621739, 5.618841, 4.060870, 9.781159
 211.000000, 35.917852, 5.963665, 4.437599, 10.464455
 243.666667, 34.381669, 5.213406, 3.729138, 9.024624
 220.666667, 35.169184, 5.320242, 4.487915, 9.870091
 199.666667, 33.373957, 6.141903, 4.545910, 10.839733
 231.000000, 33.873016, 5.395382, 3.963925, 9.450216
 200.666667, 33.461794, 5.169435, 4.551495, 9.853821
 199.666667, 34.490818, 5.545910, 4.549249, 10.171953
 221.333333, 34.682229, 5.489458, 4.164157, 9.760542
 214.666667, 36.074534, 5.340062, 4.291925, 9.737578
 225.333333, 35.112426, 5.436391, 4.076923, 9.593195
 191.000000, 35.748691, 6.047120, 4.980803, 11.082024
 229.333333, 35.250000, 5.431686, 4.075581, 9.591570
5
 0.250000, 1.000000, 1.000000, 0.000000, 10.000000
 225.000000, 33.635556, 5.059259, 3.957037, 9.096296
 222.333333, 34.632684, 5.655172, 4.121439, 9.835082
 243.000000, 34.377229, 5.688615, 3.765432, 9.514403
 229.333333, 35.327035, 6.059593, 4.104651, 10.222384
 242.000000, 35.443526, 5.636364, 3.816804, 9.582645
 195.666667, 34.332198, 5.006814, 4.597956, 9.775128
 202.666667, 36.539474, 5.514803, 4.582237, 10.223684
 201.333333, 36.160596, 5.932119, 4.637417, 10.629139
 217.000000, 34.709677, 5.162826, 4.032258, 9.322581
 238.666667, 36.303073, 5.712291, 4.065642, 9.833799
 234.000000, 35.444444, 6.061254, 3.990028, 10.106838
 237.333333, 34.039326, 5.287921, 3.863764, 9.223315
 228.666667, 35.887755, 5.437318, 4.024781, 9.561224
 230.000000, 35.628986, 5.998551, 3.962319, 10.015942
 227.000000, 35.627019, 5.302496, 4.051395, 9.446402
 218.666667, 35.434451, 5.266768, 4.250000, 9.570122
 227.000000, 36.020558, 5.367107, 4.071953, 9.535977
 179.666667, 35.853432, 6.688312, 5.261596, 12.051948
 240.666667, 36.398892, 5.724377, 3.868421, 9.652355
 205.666667, 33.222042, 5.440843, 4.312804, 9.805511
6
 0.250000, 0.000000, 1.000000, 0.000000, 10.000000
 209.666667, 32.717011, 4.855326, 4.163752, 9.092210
 249.000000, 36.323963, 6.002677, 3.761714, 9.808568
 223.000000, 33.454410, 5.532138, 4.104634, 9.683109
 220.666667, 34.734139, 5.829305, 4.258308, 10.151057
 216.666667, 34.538462, 5.520000, 4.047692, 9.770769
 220.666667, 35.412387, 5.282477, 4.158610, 9.561934
 221.000000, 37.621418, 5.788839, 4.227753, 10.099548
 179.333333, 33.217472, 5.817844, 5.154275, 11.066914
 249.333333, 35.157754, 5.243316, 3.683155, 8.995989
 206.666667, 34.970968, 5.303226, 4.559677, 9.958065
 211.000000, 34.127962, 5.938389, 4.406003, 10.418641
 228.333333, 33.239416, 5.280292, 3.967883, 9.312409
 202.333333, 34.630972, 5.324547, 4.489292, 9.920923
 236.333333, 36.437236, 5.978843, 3.839210, 9.870240
 223.666667, 35.098361, 5.369598, 4.131148, 9.615499
 198.666667, 34.869128, 5.372483, 4.491611, 10.030201
 226.666667, 35.582353, 5.477941, 4.060294, 9.694118
 190.000000, 34.754386, 6.536842, 5.077193, 11.664912
 229.333333, 35.367733, 5.539244, 3.979651, 9.603198
 218.000000, 34.480122, 5.362385, 4.197248, 9.646789
7
 0.250000, 0.000000, 2.000000, 0.000000, 10.000000
 225.000000, 32.645926, 5.072593, 3.955556, 9.077037
 217.666667, 34.679939, 5.718224, 4.200613, 10.007657
 224.000000, 33.306548, 5.700893, 4.050595, 9.828869
 209.000000, 34.236045, 5.681021, 4.503987, 10.264753
 230.666667, 35.566474, 5.560694, 4.028902, 9.637283
 236.333333, 35.743300, 5.156559, 3.919605, 9.170663
 220.666667, 38.021148, 5.922961, 4.246224, 10.246224
 189.666667, 34.702988, 6.115993, 4.871705, 11.098418
 253.666667, 34.618922, 5.018397, 3.603154, 8.697766
 196.666667, 33.157627, 5.413559, 4.945763, 10.559322
 224.333333, 35.677563, 6.038633, 4.142645, 10.267459
 241.666667, 35.238621, 5.354483, 3.812414, 9.230345
 206.333333, 34.802908, 5.190630, 4.418417, 9.720517
 207.666667, 35.261637, 5.711075, 4.361156, 10.128411
 247.000000, 36.754386, 5.415655, 3.790823, 9.261808
 199.333333, 36.198997, 5.414716, 4.576923, 10.205686
 246.666667, 36.609459, 5.675676, 3.809459, 9.545946
 194.666667, 36.318493, 6.839041, 4.869863, 11.767123
 204.333333, 33.626427, 5.257749, 4.460033, 9.830343
8
 0.250000, 0.000000, 2.000000, 1.000000, 15.000000
 204.000000, 30.870915, 4.931373, 4.271242, 9.287582
 217.000000, 34.296467, 5.703533, 4.271889, 10.036866
 222.666667, 33.718563, 5.505988, 4.005988, 9.603293
 219.666667, 35.098634, 5.823976, 4.227618, 10.139605
 231.333333, 34.948127, 5.550432, 3.952450, 9.590778
 252.666667, 36.844327, 5.398417, 3.709763, 9.151715
 221.666667, 37.333835, 5.777444, 4.151880, 10.073684
 214.666667, 35.419255, 5.763975, 4.375776, 10.181677
 237.000000, 35.005626, 5.054852, 3.808720, 8.942335
 220.333333, 35.065053, 5.494705, 4.373676, 10.015129
 206.333333, 33.865913, 5.817447, 4.432956, 10.376414
 234.000000, 33.823362, 5.252137, 3.943020, 9.240741
 210.333333, 34.993661, 5.484945, 4.399366, 9.976228
 212.000000, 34.871069, 5.573899, 4.246855, 9.908805
 248.666667, 36.686327, 5.486595, 3.714477, 9.284182
 224.000000, 36.308036, 5.372024, 4.093750, 9.566964
 221.333333, 35.289157, 5.373494, 4.171687, 9.679217
 183.666667, 36.998185, 6.508167, 5.203267, 11.773140
 217.666667, 34.888208, 5.653905, 4.185299, 9.931087
 227.333333, 33.697947, 5.252199, 3.936950, 9.282991
9
 0.250000, 0.000000, 2.000000, 1.000000, 14.000000
 216.000000, 32.487654, 5.006173, 4.083333, 9.171296
 228.000000, 35.302632, 5.717836, 4.038012, 9.817251
 245.000000, 35.084354, 5.844898, 3.776871, 9.665306
 220.666667, 34.977341, 5.981873, 4.243202, 10.283988
 205.333333, 33.732143, 5.243506, 4.391234, 9.840909
 232.000000, 36.352011, 5.485632, 4.014368, 9.561782
 197.333333, 35.704392, 5.385135, 4.690878, 10.219595
 203.000000, 35.119869, 5.771757, 4.571429, 10.479475
 238.666667, 34.150838, 5.018156, 3.818436, 8.895251
 214.000000, 34.931464, 5.188474, 4.330218, 9.590343
 209.333333, 34.186306, 5.955414, 4.391720, 10.433121
 232.666667, 33.340974, 5.181948, 3.928367, 9.180516
 224.333333, 35.628529, 5.225854, 4.109955, 9.398217
 210.666667, 34.982595, 5.708861, 4.254747, 10.036392
 221.666667, 35.013534, 5.374436, 4.237594, 9.681203
 251.333333, 37.724138, 5.595491, 3.758621, 9.409814
 244.333333, 36.085948, 5.529332, 3.826739, 9.406548
 191.333333, 37.707317, 6.418118, 4.986063, 11.510453
 214.666667, 35.683230, 5.299689, 4.256211, 9.664596
 211.333333, 34.848580, 5.556782, 4.320189, 10.001577
10
 0.250000, 0.000000, 2.000000, 0.000000, 15.000000
 220.666667, 34.067976, 4.971299, 4.025680, 9.057402
 201.666667, 34.155372, 5.442975, 4.466116, 10.026446
 233.666667, 33.925820, 5.654779, 4.000000, 9.699001
 222.333333, 35.116942, 5.911544, 4.197901, 10.191904
 225.666667, 34.909897, 5.456425, 4.033973, 9.614476
 235.000000, 36.507801, 5.371631, 3.912057, 9.364539
 211.333333, 36.990536, 5.656151, 4.375394, 10.129338
 191.000000, 33.713787, 5.811518, 4.781850, 10.680628
 234.000000, 34.874644, 5.051282, 3.860399, 9.029915
 209.666667, 34.607313, 5.410175, 4.613672, 10.092210
 227.000000, 33.538913, 5.861968, 4.107195, 10.022026
 238.666667, 34.110335, 5.255587, 3.794693, 9.127095
 218.666667, 36.484756, 5.359756, 4.192073, 9.673780
 206.000000, 34.741100, 5.425566, 4.380259, 9.889968
 228.333333, 35.538686, 5.474453, 4.058394, 9.630657
 208.333333, 36.147200, 5.408000, 4.448000, 9.995200
 244.000000, 36.766393, 5.598361, 3.881148, 9.540984
 190.666667, 36.470280, 6.694056, 4.994755, 11.774476
 252.000000, 36.690476, 5.867725, 3.641534, 9.592593
 206.000000, 32.048544, 5.097087, 4.312298, 9.487055
11
 0.250000, 0.000000, 2.000000, 0.000000, 14.000000
 219.333333, 32.933131, 5.159574, 4.007599, 9.226444
 207.666667, 34.422151, 5.573034, 4.423756, 10.109149
 218.000000, 33.466361, 5.588685, 4.178899, 9.879205
 227.666667, 35.057101, 5.979502, 4.065886, 10.162518
 239.000000, 36.085077, 5.612273, 3.775453, 9.548117
 229.333333, 35.234012, 5.225291, 4.046512, 9.322674
 214.333333, 36.788491, 5.569207, 4.388802, 10.051322
 184.666667, 33.429603, 6.158845, 4.940433, 11.245487
 245.000000, 35.780952, 5.340136, 3.697959, 9.131973
 217.000000, 35.147465, 5.344086, 4.365591, 9.772657
 227.666667, 35.112738, 5.885798, 4.068814, 10.033675
 229.666667, 32.953556, 5.319303, 3.949202, 9.332366
 213.333333, 34.115625, 5.273438, 4.257813, 9.632813
 220.666667, 36.199396, 5.853474, 4.102719, 10.036254
 237.333333, 34.886236, 5.391854, 3.908708, 9.356742
 231.666667, 36.010072, 5.352518, 4.034532, 9.448921
 224.666667, 35.215134, 5.529674, 4.126113, 9.747774
 167.333333, 34.021912, 6.752988, 5.551793, 12.438247
 251.666667, 36.977483, 5.862252, 3.698013, 9.642384
 228.333333, 34.737226, 5.545985, 3.912409, 9.540146
12
 0.250000, 0.000000, 2.000000, 0.000000, 14.000000
 214.333333, 31.819596, 5.111975, 3.993779, 9.216174
 187.000000, 33.937611, 5.467023, 4.903743, 10.524064
 200.666667, 32.679402, 5.481728, 4.543189, 10.136213
 216.333333, 34.756549, 5.898305, 4.302003, 10.294299
 224.000000, 34.586310, 5.281250, 4.166667, 9.498512
 239.666667, 35.870654, 5.378303, 3.895688, 9.333797
 218.333333, 37.752672, 5.815267, 4.276336, 10.187786
 211.333333, 36.525237, 5.891167, 4.342271, 10.302839
 212.000000, 33.783019, 5.058176, 4.193396, 9.405660
 214.666667, 34.788820, 5.683230, 4.614907, 10.399068
 210.000000, 33.430159, 6.001587, 4.339683, 10.438095
 225.000000, 32.840000, 5.315556, 4.023704, 9.438519
 233.000000, 35.947067, 5.496423, 3.927039, 9.517883
 218.000000, 35.782875, 5.825688, 4.107034, 10.062691
 236.333333, 35.830748, 5.459803, 3.940762, 9.459803
 229.333333, 36.395349, 5.447674, 4.031977, 9.558140
 239.666667, 36.845619, 5.560501, 3.923505, 9.563282
 180.666667, 35.959410, 6.228782, 5.228782, 11.601476
 233.333333, 35.634286, 5.325714, 3.972857, 9.365714
13
 0.250000, 0.000000, 2.000000, 1.000000, 15.000000
 186.333333, 30.407871, 4.708408, 4.640429, 9.461538
 224.000000, 35.808036, 5.751488, 4.105655, 9.925595
 231.000000, 35.223665, 5.784993, 4.033189, 9.883117
 203.666667, 34.923077, 5.795417, 4.572831, 10.425532
 217.000000, 34.923195, 5.483871, 4.256528, 9.817204
 238.666667, 35.787709, 5.277933, 3.828212, 9.185754
 202.333333, 35.747941, 5.573311, 4.520593, 10.280066
 225.666667, 36.635155, 6.209749, 4.159527, 10.410635
 255.666667, 35.020860, 5.177314, 3.586701, 8.814863
 228.666667, 35.988338, 5.516035, 4.157434, 9.718659
 247.666667, 36.675639, 6.275908, 3.764468, 10.084791
 215.000000, 32.175194, 5.018605, 4.155039, 9.283721
 196.333333, 33.870968, 5.298812, 4.704584, 10.081494
 206.666667, 34.929032, 5.577419, 4.400000, 10.040323
 240.666667, 35.587258, 5.295014, 3.835180, 9.250693
 229.000000, 36.903930, 5.735080, 4.011645, 9.871907
 211.000000, 34.563981, 5.344392, 4.349131, 9.849921
 184.000000, 35.646739, 6.735507, 5.079710, 11.925725
 228.333333, 35.246715, 5.467153, 4.017518, 9.569343
 229.333333, 34.646802, 5.343023, 3.992733, 9.389535
14
 0.250000, 0.000000, 0.000000, 0.000000, 9.000000
 221.333333, 33.903614, 5.079819, 3.966867, 9.120482
 218.666667, 34.512195, 5.579268, 4.250000, 9.876524
 225.666667, 33.240768, 5.443131, 4.001477, 9.524372
 223.000000, 35.530643, 6.116592, 4.177877, 10.369208
 230.666667, 34.885838, 5.543353, 3.907514, 9.586705
 230.333333, 36.118669, 5.397974, 4.010130, 9.470333
 221.333333, 38.268072, 5.873494, 4.278614, 10.239458
 209.333333, 34.995223, 5.933121, 4.477707, 10.493631
 234.666667, 35.069602, 5.088068, 3.852273, 9.034091
 204.333333, 34.184339, 5.376835, 4.763458, 10.261011
 220.000000, 34.768182, 5.836364, 4.257576, 10.160606
 234.666667, 33.980114, 5.198864, 3.825284, 9.122159
 230.000000, 34.550725, 5.200000, 3.973913, 9.215942
 216.333333, 35.388290, 5.821263, 4.160247, 10.060092
 218.333333, 35.613740, 5.393893, 4.193893, 9.687023
 229.333333, 36.229651, 5.500000, 4.068314, 9.671512
 215.666667, 34.231839, 5.171561, 4.292117, 9.587326
 184.333333, 36.526221, 6.844485, 5.130199, 12.066908
 226.333333, 35.721649, 5.541973, 4.029455, 9.656848
15
 0.250000, 0.000000, 0.000000, 0.000000, 25.000000
 220.666667, 33.844411, 5.135952, 4.010574, 9.205438
 216.000000, 34.918210, 5.648148, 4.216049, 9.970679
 228.666667, 34.717201, 5.533528, 3.991254, 9.590379
 227.000000, 35.629956, 5.885463, 4.130690, 10.104258
 230.666667, 35.572254, 5.582370, 3.982659, 9.632948
 225.333333, 35.217456, 5.372781, 4.013314, 9.465976
 220.666667, 36.820242, 5.510574, 4.317221, 9.895770
 199.333333, 34.881271, 5.914716, 4.702341, 10.690635
 224.000000, 34.581845, 5.078869, 3.934524, 9.139881
 223.000000, 34.544096, 5.394619, 4.125561, 9.587444
 230.000000, 35.918841, 6.252174, 4.017391, 10.353623
 220.000000, 34.163636, 5.175758, 4.139394, 9.380303
 222.000000, 36.016517, 5.710210, 4.172673, 9.941441
 214.333333, 35.203733, 5.533437, 4.164852, 9.850700
 234.666667, 34.673295, 5.224432, 3.961648, 9.258523
 227.666667, 36.361640, 5.436310, 4.142020, 9.636896
 216.000000, 34.941358, 5.427469, 4.288580, 9.808642
 173.666667, 35.761996, 6.806142, 5.439539, 12.353167
 206.000000, 34.032362, 5.401294, 4.334951, 9.949838
 230.666667, 35.919075, 5.387283, 4.060694, 9.502890
16
 0.250000, 0.000000, 0.000000, 6.000000, 24.000000
 227.000000, 34.259912, 5.220264, 3.888399, 9.165932
 219.000000, 35.066971, 5.666667, 4.211568, 9.939117
 244.333333, 35.203274, 5.720327, 3.768076, 9.540246
 192.666667, 32.797578, 5.486159, 4.773356, 10.352941
 202.666667, 33.638158, 5.314145, 4.534539, 9.945724
 216.000000, 35.162037, 5.259259, 4.189815, 9.549383
 206.666667, 36.219355, 5.493548, 4.514516, 10.135484
 206.666667, 34.745161, 5.812903, 4.566129, 10.446774
 246.000000, 35.261518, 5.094851, 3.620596, 8.846883
 235.000000, 36.509220, 5.641135, 4.187234, 9.892199
 231.666667, 34.076259, 5.889209, 4.004317, 9.943885
 236.333333, 33.923836, 5.155148, 3.904090, 9.132581
 210.000000, 34.336508, 5.450794, 4.387302, 9.947619
 224.000000, 35.616071, 5.648810, 4.037202, 9.797619
 217.333333, 34.883436, 5.593558, 4.205521, 9.897239
 248.000000, 38.561828, 5.616935, 3.810484, 9.471774
 219.333333, 34.469605, 5.249240, 4.220365, 9.571429
 183.333333, 35.941818, 6.838182, 5.150909, 12.118182
 217.000000, 34.387097, 5.526882, 4.251920, 9.847926
 219.666667, 33.558422, 5.455235, 4.003035, 9.596358
17
 0.250000, 0.000000, 0.000000, 1.000000, 26.000000
 217.000000, 33.924731, 5.093702, 4.095238, 9.250384
 211.000000, 34.636651, 5.781991, 4.334913, 10.199052
 212.666667, 33.473354, 5.448276, 4.311912, 9.860502
 224.000000, 35.376488, 6.047619, 4.166667, 10.291667
 211.666667, 33.311811, 5.319685, 4.335433, 9.740157
 237.000000, 36.364276, 5.241913, 3.914205, 9.244726
 218.333333, 37.810687, 5.827481, 4.268702, 10.215267
 207.333333, 35.048232, 5.811897, 4.427653, 10.376206
 227.666667, 34.108346, 5.016105, 3.903367, 9.057101
 223.666667, 35.867362, 5.587183, 4.503726, 10.134128
 233.666667, 35.316690, 6.029957, 3.995720, 10.074180
 243.333333, 35.804110, 5.382192, 3.758904, 9.208219
 217.000000, 34.210445, 5.430108, 4.144393, 9.680492
 223.666667, 35.900149, 5.804769, 4.092399, 9.992548
 225.666667, 36.155096, 5.471196, 4.084195, 9.636632
 228.000000, 36.972222, 5.573099, 4.078947, 9.795322
 247.000000, 35.782726, 5.608637, 3.785425, 9.457490
 199.333333, 36.709030, 6.230769, 4.692308, 11.048495
 236.666667, 35.552113, 5.440845, 3.914085, 9.418310
18
 0.250000, 0.000000, 0.000000, 0.000000, 23.000000
 210.333333, 33.020602, 5.052298, 4.185420, 9.320127
 228.333333, 34.748905, 5.719708, 4.051095, 9.845255
 232.333333, 34.449067, 5.941176, 3.941176, 9.939742
 213.333333, 34.712500, 5.885938, 4.378125, 10.334375
 224.666667, 34.968843, 5.553412, 4.077151, 9.700297
 222.666667, 35.540419, 5.269461, 4.076347, 9.474551
 243.666667, 38.166895, 5.753762, 3.853625, 9.664843
 204.333333, 35.053834, 5.942904, 4.577488, 10.580750
 231.000000, 34.533911, 5.255411, 3.809524, 9.207792
 217.000000, 34.453149, 5.319508, 4.365591, 9.772657
 199.333333, 33.591973, 6.155518, 4.623746, 10.911371
 239.333333, 33.954039, 5.327298, 3.789694, 9.213092
 207.666667, 35.040128, 5.345104, 4.412520, 9.845907
 202.000000, 34.297030, 5.509901, 4.386139, 10.041254
 249.000000, 36.850067, 5.738956, 3.733601, 9.567604
 226.333333, 36.231222, 5.469809, 4.094256, 9.645066
 205.000000, 34.499187, 5.224390, 4.494309, 9.855285
 191.666667, 35.888696, 6.427826, 4.963478, 11.462609
 239.000000, 36.430962, 5.831241, 3.850767, 9.755927
 192.333333, 32.512998, 4.994801, 4.599653, 9.714038
19
 0.250000, 1.000000, 0.000000, 17.000000, 22.000000
 226.333333, 35.472754, 5.162003, 3.958763, 9.201767
 236.000000, 35.233051, 5.782486, 3.944915, 9.778249
 234.333333, 34.577525, 5.539118, 3.893314, 9.493599
 224.000000, 35.043155, 6.001488, 4.157738, 10.241071
 224.333333, 34.471025, 5.393759, 4.062407, 9.580981
 228.000000, 35.070175, 5.349415, 3.998538, 9.470760
 212.666667, 35.827586, 5.377743, 4.394984, 9.844828
 176.000000, 32.875000, 5.634470, 5.270833, 11.005682
 242.000000, 34.604683, 5.369146, 3.641873, 9.162534
 214.000000, 34.917445, 5.574766, 4.571651, 10.244548
 215.000000, 33.345736, 5.832558, 4.283721, 10.224806
 241.666667, 34.281379, 5.153103, 3.753103, 9.008276
 217.000000, 35.024578, 5.199693, 4.265745, 9.534562
 207.000000, 35.587762, 5.814815, 4.352657, 10.217391
 237.666667, 36.298738, 5.685835, 3.913043, 9.688640
 226.666667, 36.725000, 5.535294, 4.095588, 9.723529
 221.666667, 35.027068, 5.393985, 4.135338, 9.660150
 205.666667, 36.489465, 6.343598, 4.601297, 11.001621
 245.666667, 36.040706, 5.560380, 3.788331, 9.415197
20
 0.250000, 0.000000, 0.000000, 17.000000, 22.000000
 207.333333, 32.260450, 4.934084, 4.212219, 9.228296
 232.000000, 35.662356, 5.887931, 4.002874, 9.935345
 218.000000, 33.010703, 5.737003, 4.099388, 9.934251
 190.333333, 32.371278, 5.534151, 4.842382, 10.485114
 241.666667, 35.878621, 5.940690, 3.817931, 9.842759
 219.000000, 34.727549, 5.350076, 4.181126, 9.624049
 195.000000, 36.675214, 5.615385, 4.745299, 10.478632
 221.333333, 36.750000, 5.963855, 4.293675, 10.311747
 271.000000, 36.285363, 5.349323, 3.400984, 8.793358
 220.666667, 34.569486, 5.265861, 4.344411, 9.679758
 225.333333, 34.791420, 6.102071, 4.131657, 10.300296
 240.333333, 34.404993, 5.285714, 3.801664, 9.153953
 231.333333, 36.266571, 5.540346, 3.961095, 9.563401
 201.000000, 34.094527, 5.603648, 4.461028, 10.195688
 251.333333, 37.136605, 5.387268, 3.765252, 9.204244
 219.666667, 35.613050, 5.300455, 4.207891, 9.600910
 200.666667, 34.408638, 5.184385, 4.558140, 9.887043
 172.333333, 35.441006, 6.680851, 5.497099, 12.259188
 226.000000, 35.032448, 5.482301, 4.057522, 9.584071
 239.000000, 34.369596, 5.456067, 3.751743, 9.280335
21
 0.250000, 1.000000, 0.000000, 16.000000, 22.000000
 208.666667, 31.988818, 5.212460, 4.266773, 9.536741
 223.000000, 34.665172, 5.630792, 4.091181, 9.793722
 221.666667, 33.885714, 5.733835, 4.147368, 9.965414
 206.666667, 34.432258, 5.801613, 4.480645, 10.356452
 241.000000, 34.753804, 5.514523, 3.854772, 9.413555
 244.000000, 36.277322, 5.349727, 3.821038, 9.225410
 236.666667, 37.649296, 5.767606, 3.966197, 9.798592
 175.000000, 33.139048, 5.445714, 5.280000, 10.920000
 228.000000, 34.274854, 5.267544, 3.903509, 9.261696
 221.000000, 35.981900, 5.586727, 4.386124, 10.024133
 209.666667, 32.581876, 5.820350, 4.344992, 10.316375
 207.000000, 33.117552, 5.460548, 4.322061, 9.882448
 239.666667, 36.962448, 5.794159, 3.880389, 9.728790
 209.666667, 34.685215, 5.701113, 4.298887, 10.058824
 229.333333, 35.665698, 5.457849, 4.066860, 9.595930
 218.000000, 36.249235, 5.299694, 4.253823, 9.626911
 224.666667, 35.005935, 5.327893, 4.157270, 9.556380
 181.333333, 35.470588, 6.452206, 5.262868, 11.773897
 256.666667, 36.884416, 5.861039, 3.615584, 9.535065
 230.333333, 34.337192, 5.494935, 3.911722, 9.481910
22
 0.250000, 0.000000, 0.000000, 15.000000, 21.000000
 204.333333, 31.349103, 4.830343, 4.285481, 9.199021
 224.333333, 35.215453, 5.823180, 4.106984, 9.980684
 216.000000, 33.191358, 5.550926, 4.185185, 9.847222
 219.000000, 34.986301, 5.750381, 4.298326, 10.117199
 226.333333, 35.329897, 5.567010, 4.067747, 9.696613
 237.666667, 36.318373, 5.422160, 3.896213, 9.402525
 200.000000, 37.571667, 5.666667, 4.631667, 10.438333
 202.666667, 35.095395, 5.768092, 4.585526, 10.463816
 222.666667, 33.979042, 5.020958, 4.056886, 9.154192
 223.000000, 35.357250, 5.514200, 4.409567, 10.000000
 236.666667, 34.974648, 6.018310, 3.907042, 9.981690
 207.000000, 32.996779, 5.357488, 4.285024, 9.727858
 232.666667, 36.091691, 5.332378, 3.939828, 9.326648
 241.666667, 36.260690, 6.049655, 3.753103, 9.856552
 222.333333, 35.500750, 5.292354, 4.200900, 9.574213
 213.000000, 35.862285, 5.413146, 4.402191, 9.920188
 230.333333, 35.507959, 5.348770, 3.982634, 9.486252
 188.000000, 36.551418, 6.207447, 5.049645, 11.324468
 232.333333, 35.738881, 5.582496, 3.952654, 9.647059
23
 0.250000, 0.000000, 0.000000, 15.000000, 21.000000
 221.000000, 34.259427, 5.108597, 4.019608, 9.180995
 211.333333, 34.578864, 5.758675, 4.383281, 10.205047
 213.666667, 32.466459, 5.789392, 4.226209, 10.084243
 226.333333, 36.011782, 6.107511, 4.100147, 10.304860
 222.666667, 35.580838, 5.529940, 4.205090, 9.797904
 253.333333, 37.126316, 5.506579, 3.715789, 9.267105
 225.333333, 37.613905, 5.792899, 4.072485, 9.994083
 200.666667, 34.156146, 5.752492, 4.657807, 10.455150
 234.000000, 33.810541, 5.200855, 3.843305, 9.182336
 224.333333, 35.369985, 5.542348, 4.456166, 10.077266
 208.666667, 33.239617, 6.033546, 4.332268, 10.496805
 237.000000, 34.684951, 5.102672, 3.917018, 9.095640
 201.666667, 33.426446, 5.297521, 4.505785, 9.892562
 235.666667, 36.644979, 5.814710, 3.785007, 9.729844
 206.666667, 33.861290, 5.198387, 4.370968, 9.743548
 199.000000, 34.256281, 5.155779, 4.658291, 9.946399
 240.000000, 36.155556, 5.473611, 3.900000, 9.455556
 188.333333, 36.362832, 6.552212, 5.056637, 11.706195
 222.000000, 35.594595, 5.366366, 4.205706, 9.641141
24
 0.250000, 0.000000, 0.000000, 0.000000, 24.000000
 221.333333, 33.893072, 5.275602, 3.992470, 9.328313
 226.333333, 35.400589, 5.653903, 4.016200, 9.751105
 231.666667, 34.551079, 5.625899, 3.939568, 9.635971
 232.000000, 35.655172, 5.814655, 4.028736, 9.931034
 195.333333, 33.179181, 4.947099, 4.680887, 9.771331
 251.666667, 37.117881, 5.496689, 3.670199, 9.227815
 200.333333, 35.457571, 5.519135, 4.589018, 10.231281
 199.000000, 35.239531, 6.005025, 4.675042, 10.757119
 224.666667, 34.580119, 5.164688, 3.994065, 9.275964
 223.000000, 35.726457, 5.440957, 4.303438, 9.804185
 223.333333, 35.113433, 5.964179, 4.208955, 10.226866
 236.333333, 33.581100, 5.282087, 3.888575, 9.235543
 228.666667, 36.432945, 5.384840, 4.091837, 9.549563
 211.666667, 35.195276, 5.629921, 4.206299, 9.971654
 237.000000, 35.628692, 5.473980, 3.924051, 9.486639
 231.000000, 36.803752, 5.457431, 4.005772, 9.558442
 232.666667, 35.915473, 5.611748, 3.929799, 9.651862
 190.666667, 35.902098, 6.643357, 4.968531, 11.687063
 240.333333, 35.938974, 5.621359, 3.815534, 9.492372
 236.333333, 35.321580, 5.592384, 3.878702, 9.530324
25
 0.250000, 0.000000, 0.000000, 1.000000, 24.000000
 234.000000, 34.056980, 4.967236, 3.786325, 8.841880
 227.000000, 35.657856, 5.743025, 4.063142, 9.891336
 221.000000, 33.924585, 5.536953, 4.084465, 9.749623
 212.333333, 34.255887, 5.819466, 4.390895, 10.295133
 247.666667, 35.845222, 5.663526, 3.687752, 9.405114
 232.333333, 36.560976, 5.209469, 3.932568, 9.239598
 203.333333, 36.862295, 5.544262, 4.557377, 10.245902
 202.666667, 35.192434, 5.853618, 4.574013, 10.496711
 208.333333, 33.724800, 5.329600, 4.289600, 9.716800
 208.333333, 34.872000, 5.324800, 4.777600, 10.200000
 210.333333, 33.770206, 5.917591, 4.391442, 10.380349
 225.666667, 33.663220, 5.202363, 3.983752, 9.280650
 241.000000, 36.410788, 5.488243, 3.831259, 9.380360
 193.333333, 34.506897, 5.612069, 4.656897, 10.401724
 250.333333, 35.877497, 5.568575, 3.684421, 9.343542
 248.000000, 37.911290, 5.744624, 3.766129, 9.586022
 219.333333, 34.610942, 5.679331, 4.183891, 9.954407
 191.333333, 35.977352, 6.588850, 4.912892, 11.601045
 234.000000, 35.742165, 5.437322, 3.918803, 9.454416
26
 0.250000, 0.000000, 0.000000, 1.000000, 8.000000
 217.333333, 32.845092, 5.176380, 4.067485, 9.300613
 224.666667, 34.517804, 5.692878, 4.127596, 9.893175
 210.666667, 32.974684, 5.629747, 4.253165, 9.988924
 211.666667, 34.089764, 5.763780, 4.392126, 10.217323
 219.000000, 34.068493, 5.427702, 4.228311, 9.733638
 249.333333, 36.776738, 5.450535, 3.719251, 9.232620
 230.333333, 38.955137, 5.853835, 4.018813, 9.998553
 221.666667, 36.628571, 6.267669, 4.216541, 10.577444
 213.666667, 33.993760, 5.065523, 4.193448, 9.455538
 208.333333, 34.555200, 5.468800, 4.779200, 10.336000
 241.333333, 35.494475, 6.191989, 3.866022, 10.116022
 244.000000, 34.867486, 5.435792, 3.699454, 9.204918
 232.333333, 36.489240, 5.351506, 3.978479, 9.424677
 228.000000, 36.226608, 5.940058, 4.000000, 10.007310
 249.666667, 36.644860, 5.542056, 3.694259, 9.309746
 211.333333, 36.574132, 5.353312, 4.369085, 9.861199
 236.333333, 36.133992, 5.531735, 3.943583, 9.569817
 171.333333, 34.706226, 6.392996, 5.501946, 12.001946
 229.666667, 35.928882, 5.563135, 4.005806, 9.690856
27
 0.250000, 3.000000, 0.000000, 0.000000, 1.000000
 220.333333, 33.470499, 4.992436, 4.055976, 9.125567
 226.666667, 35.395588, 5.619118, 4.007353, 9.750000
 208.666667, 33.076677, 5.389776, 4.313099, 9.827476
 214.666667, 34.871118, 5.821429, 4.361801, 10.243789
 218.000000, 35.142202, 5.318043, 4.235474, 9.629969
 214.333333, 34.320373, 5.115086, 4.276827, 9.493002
 202.000000, 36.910891, 5.486799, 4.580858, 10.184818
 206.333333, 34.807754, 5.665590, 4.586430, 10.332795
 220.000000, 34.772727, 5.134848, 4.030303, 9.257576
 224.000000, 35.672619, 5.638393, 4.251488, 9.944940
 184.000000, 32.094203, 5.853261, 4.923913, 10.931159
 198.333333, 32.460504, 5.058824, 4.509244, 9.724370
 235.333333, 36.429178, 5.652975, 3.895184, 9.654391
 200.666667, 34.307309, 5.589701, 4.425249, 10.121262
 237.666667, 35.938289, 5.532959, 3.925666, 9.538569
 223.666667, 36.344262, 5.527571, 4.183308, 9.785395
 238.666667, 35.775140, 5.546089, 3.921788, 9.518156
 174.666667, 35.561069, 6.131679, 5.417939, 11.646947
 215.000000, 35.882171, 5.790698, 4.128682, 10.037209
 233.000000, 34.814020, 5.449213, 3.892704, 9.422031
28
 0.250000, 1.000000, 0.000000, 1.000000, 1.000000
 219.333333, 32.455927, 4.977204, 4.041033, 9.103343
 218.333333, 34.145038, 5.604580, 4.193893, 9.847328
 230.000000, 33.681159, 5.589855, 4.005797, 9.656522
 231.000000, 35.981241, 6.285714, 4.070707, 10.411255
 245.666667, 35.922659, 5.860244, 3.770692, 9.674355
 238.666667, 35.530726, 5.364525, 3.851955, 9.296089
 224.333333, 37.078752, 5.546805, 4.213967, 9.829123
 189.000000, 33.791887, 5.871252, 4.818342, 10.788360
 231.333333, 34.805476, 5.154179, 3.913545, 9.139769
 220.333333, 36.232980, 5.556732, 4.291982, 9.919818
 210.000000, 34.604762, 6.192063, 4.320635, 10.603175
 235.000000, 33.907801, 5.381560, 3.913475, 9.388652
 227.000000, 36.129222, 5.383260, 4.026432, 9.484581
 192.666667, 33.799308, 5.583045, 4.583045, 10.316609
 246.000000, 35.361789, 5.394309, 3.771003, 9.239837
 241.666667, 37.437241, 5.462069, 3.928276, 9.451034
 230.666667, 34.955202, 5.647399, 4.024566, 9.777457
 173.666667, 34.595010, 6.447217, 5.358925, 11.930902
 230.666667, 35.004335, 5.505780, 3.978324, 9.565029
 226.333333, 34.354934, 5.200295, 4.010309, 9.282769
29
 0.250000, 0.000000, 0.000000, 1.000000, 8.000000
 227.333333, 33.208211, 5.046921, 3.892962, 8.989736
 237.000000, 35.803094, 5.857947, 3.857947, 9.773558
 216.666667, 32.863077, 5.455385, 4.193846, 9.733846
 224.000000, 35.014881, 5.956845, 4.130952, 10.180060
 194.000000, 33.950172, 5.237113, 4.731959, 10.106529
 242.000000, 35.976584, 5.422865, 3.845730, 9.342975
 202.666667, 35.843750, 5.442434, 4.580592, 10.131579
 195.666667, 35.478705, 5.880750, 4.816014, 10.770017
 252.000000, 34.857143, 5.101852, 3.587302, 8.742063
 211.333333, 35.659306, 5.474763, 4.695584, 10.261830
 224.333333, 34.676077, 6.151560, 4.154532, 10.372957
 217.000000, 33.837174, 5.347158, 4.173579, 9.591398
 231.666667, 35.916547, 5.346763, 4.023022, 9.425899
 227.333333, 35.577713, 5.749267, 4.011730, 9.810850
 237.333333, 34.776685, 5.341292, 3.900281, 9.310393
 228.333333, 36.040876, 5.465693, 4.093431, 9.620438
 219.666667, 35.051593, 5.382398, 4.262519, 9.728376
 176.000000, 35.803030, 6.683712, 5.407197, 12.166667
 223.666667, 34.014903, 5.320417, 4.117735, 9.527571
30
 0.250000, 2.000000, 9.000000, 1.000000, 10.000000
 218.666667, 33.809451, 5.121951, 4.041159, 9.239329
 203.666667, 35.096563, 5.587561, 4.479542, 10.178396
 236.666667, 33.146479, 5.614085, 3.833803, 9.502817
 198.666667, 33.887584, 5.713087, 4.676174, 10.483221
 232.000000, 35.181034, 5.596264, 4.010057, 9.662356
 236.333333, 35.655853, 5.322990, 3.901269, 9.311707
 236.333333, 38.431594, 5.894217, 4.022567, 9.960508
 201.000000, 35.081260, 5.800995, 4.467662, 10.383085
 245.000000, 34.499320, 5.062585, 3.640816, 8.814966
 205.000000, 34.250407, 5.216260, 4.440650, 9.775610
 195.000000, 34.056410, 6.150427, 4.747009, 10.967521
 238.000000, 34.462185, 5.378151, 3.845938, 9.288515
 221.000000, 36.060332, 5.325792, 4.155354, 9.597285
 204.000000, 33.898693, 5.684641, 4.426471, 10.189542
 232.666667, 35.883954, 5.454155, 3.942693, 9.517192
 245.666667, 37.458616, 5.522388, 3.803256, 9.390773
 223.000000, 35.523169, 5.378176, 4.198804, 9.656203
 189.666667, 35.753954, 6.513181, 5.031634, 11.611599
 209.333333, 34.272293, 5.523885, 4.286624, 9.984076
 188.666667, 33.256184, 5.464664, 4.736749, 10.439929
31
 0.250000, 5.000000, 0.000000, 2.000000, 2.000000
 215.333333, 33.544892, 5.108359, 4.123839, 9.308050
 227.666667, 35.008785, 5.748170, 4.071742, 9.875549
 214.666667, 32.507764, 5.301242, 4.217391, 9.599379
 226.000000, 35.476401, 5.986726, 4.053097, 10.163717
 224.333333, 34.368499, 5.534918, 4.089153, 9.690936
 224.000000, 35.041667, 5.224702, 4.092262, 9.413690
 251.000000, 39.849934, 6.114210, 3.767596, 9.926959
 184.333333, 33.967450, 5.987342, 5.047016, 11.132007
 250.333333, 34.780293, 5.217044, 3.523302, 8.844208
 211.666667, 35.677165, 5.609449, 4.566929, 10.275591
 231.333333, 35.775216, 6.128242, 4.061960, 10.257925
 233.666667, 33.530670, 5.191155, 3.920114, 9.208274
 199.333333, 34.192308, 5.352843, 4.580268, 10.068562
 208.666667, 35.672524, 5.861022, 4.220447, 10.210863
 229.666667, 35.361393, 5.298984, 4.049347, 9.436865
 230.666667, 37.583815, 5.586705, 4.079480, 9.716763
 255.333333, 36.108355, 5.505222, 3.694517, 9.244125
 185.000000, 35.763964, 6.661261, 5.165766, 11.873874
 220.333333, 35.043873, 5.750378, 4.151286, 10.018154
 243.333333, 35.812329, 5.531507, 3.735616, 9.358904
Histogram
0 0 0 0 0 0 0 0 0 0 2 0 0 0 0 0 0 0 0 0 1 0 0 0 0 0 0 0 0 0 0 0 0 0 0 0 0 0 0 0 0 0 0 0 0 0 0 0 0 0 0 0 0 0 0 0 0 0 0 0 0 0 0 0 0 0 0 0 0 0 0 0 0 0 0 0 0 0 0 0 2 0 0 0 0 0 1 2 6 6 13 26 44 32 45 60 55 48 54 37 44 30 33 22 22 5 4 4 2 4 9 1 2 1 1 1 6 5 3 28 
Cache Miss Ratio
NaN
numOfSets
423586
numOfGets
0
numOfMultiGets
0
