21
0
 0.250000, 4.000000, 0.000000, 4.000000, 15.000000
 340.666667, 34.786693, 6.412916, 2.595890, 9.119374
 377.000000, 37.397878, 7.304156, 2.512821, 9.870027
 432.000000, 35.816358, 5.733025, 2.145062, 7.926698
 401.000000, 34.260183, 5.522028, 2.252702, 7.845387
 452.666667, 35.297496, 5.281296, 2.044919, 7.385125
 427.333333, 35.386115, 5.685647, 2.156006, 7.897816
 425.666667, 36.061081, 5.888019, 2.190290, 8.138606
 415.000000, 35.947791, 5.896386, 2.183936, 8.161446
 382.666667, 34.417247, 5.826655, 2.324913, 8.242160
 401.666667, 35.482988, 5.891286, 2.285477, 8.248133
 387.333333, 36.265060, 5.914802, 2.387263, 8.398451
 418.000000, 36.448963, 5.985646, 2.236045, 8.282297
 397.000000, 36.810243, 5.962217, 2.316541, 8.343409
 429.000000, 35.665113, 5.704740, 2.134421, 7.919192
 415.000000, 36.703614, 6.143775, 2.200000, 8.412048
 418.333333, 35.193625, 5.592032, 2.167331, 7.831076
 413.000000, 35.159806, 5.477805, 2.194512, 7.756255
 415.666667, 36.323978, 5.812350, 2.228549, 8.092221
 418.333333, 35.827092, 5.528287, 2.148207, 7.757769
 428.333333, 34.687160, 5.641245, 2.150195, 7.846693
1
 0.250000, 9.000000, 1.000000, 3.000000, 10.000000
 369.666667, 35.905320, 6.556357, 2.411181, 9.059513
 356.333333, 37.921422, 7.519177, 2.658559, 10.244153
 409.000000, 34.832926, 5.588427, 2.234719, 7.904645
 408.000000, 34.514706, 5.563725, 2.209967, 7.825163
 452.333333, 35.920413, 5.392041, 2.026529, 7.469418
 420.333333, 35.182395, 5.641554, 2.191118, 7.902458
 400.333333, 36.069942, 5.840133, 2.312240, 8.218152
 433.666667, 35.590315, 5.921599, 2.133743, 8.115296
 388.666667, 34.341338, 5.793310, 2.315609, 8.184391
 384.000000, 34.605903, 5.881076, 2.300347, 8.326389
 385.000000, 35.705628, 5.748918, 2.398268, 8.216450
 378.000000, 36.095238, 5.946208, 2.416226, 8.464727
 426.333333, 37.874902, 6.172791, 2.157154, 8.398749
 378.666667, 35.004401, 5.536092, 2.375880, 8.028169
 402.000000, 36.010779, 5.908789, 2.271973, 8.254561
 411.333333, 34.998379, 5.524311, 2.232577, 7.819287
 422.000000, 35.447077, 5.500000, 2.174566, 7.732227
 405.000000, 36.365432, 5.831276, 2.270782, 8.165432
 429.000000, 35.876457, 5.468531, 2.159285, 7.690754
 427.666667, 34.712393, 5.616524, 2.155105, 7.817615
2
 0.250000, 2.000000, 1.000000, 3.000000, 14.000000
 357.333333, 35.669776, 6.459888, 2.548507, 9.085821
 376.000000, 38.001773, 7.379433, 2.536348, 9.967199
 411.666667, 35.234818, 5.592713, 2.250202, 7.898785
 435.666667, 35.116297, 5.724560, 2.091813, 7.865340
 429.333333, 34.890528, 5.260093, 2.114907, 7.445652
 434.666667, 35.739264, 5.686350, 2.108896, 7.863497
 435.666667, 36.501913, 6.027544, 2.120888, 8.211936
 426.000000, 36.060250, 5.942097, 2.155712, 8.159624
 421.666667, 35.266403, 5.858498, 2.168379, 8.086166
 364.333333, 34.320220, 5.804209, 2.452882, 8.399817
 415.333333, 35.947030, 6.012039, 2.235152, 8.310594
 400.666667, 36.483361, 5.935108, 2.269551, 8.311980
 408.333333, 36.860408, 5.936327, 2.259592, 8.266939
 436.333333, 35.830405, 5.724981, 2.103896, 7.901451
 419.333333, 36.425278, 6.089030, 2.178855, 8.321940
 416.333333, 35.314652, 5.459568, 2.173739, 7.715773
 403.000000, 35.199338, 5.503722, 2.236559, 7.823821
 409.333333, 36.112378, 5.940554, 2.262215, 8.245114
 456.000000, 36.346491, 5.739035, 2.025585, 7.810673
 413.666667, 34.030620, 5.613215, 2.185334, 7.879130
3
 0.250000, 3.000000, 1.000000, 3.000000, 14.000000
 351.000000, 35.982906, 6.540361, 2.528015, 9.171890
 342.333333, 36.610516, 7.020448, 2.750730, 9.861733
 416.333333, 35.468375, 5.694956, 2.196958, 7.942354
 409.333333, 34.700326, 5.728827, 2.214169, 7.998371
 450.000000, 35.372593, 5.305185, 2.057778, 7.414815
 431.333333, 35.506955, 5.689335, 2.148377, 7.891036
 405.333333, 35.869243, 5.837993, 2.269737, 8.193257
 426.000000, 35.750391, 5.881847, 2.171362, 8.104851
 427.666667, 35.110678, 5.869836, 2.134061, 8.071707
 401.000000, 35.179551, 5.933500, 2.270158, 8.288446
 398.000000, 36.097990, 5.888610, 2.309883, 8.278894
 384.333333, 35.791847, 5.760624, 2.386817, 8.238508
 398.000000, 36.978224, 5.803183, 2.341709, 8.203518
 430.666667, 35.626161, 5.684211, 2.136997, 7.880805
 418.333333, 36.099602, 5.992829, 2.188845, 8.235060
 412.666667, 34.928918, 5.465267, 2.214055, 7.745557
 409.333333, 35.422638, 5.508958, 2.230456, 7.823290
 394.000000, 35.913706, 5.752961, 2.309645, 8.153976
 458.666667, 36.518169, 5.676599, 1.994913, 7.718023
 434.000000, 34.827957, 5.633641, 2.124424, 7.810292
4
 0.250000, 9.000000, 1.000000, 3.000000, 10.000000
 351.333333, 35.566414, 6.534156, 2.510436, 9.175522
 364.666667, 37.957038, 7.284278, 2.625229, 9.967093
 421.000000, 35.436263, 5.618369, 2.189232, 7.870150
 415.666667, 34.840417, 5.727346, 2.186848, 7.963111
 396.333333, 33.285114, 5.078217, 2.308663, 7.453322
 425.333333, 35.539969, 5.618339, 2.170846, 7.840125
 433.666667, 36.451191, 5.909301, 2.156034, 8.119139
 400.000000, 35.309167, 5.802500, 2.307500, 8.170000
 395.333333, 34.452782, 5.842327, 2.247892, 8.181282
 390.000000, 34.463248, 5.884615, 2.319658, 8.303419
 383.666667, 35.452650, 5.781929, 2.379670, 8.241529
 404.000000, 36.619637, 5.924917, 2.296205, 8.297030
 430.000000, 37.362016, 5.953488, 2.156589, 8.160465
 423.000000, 35.512214, 5.543735, 2.182033, 7.792750
 403.333333, 36.102479, 6.006612, 2.291736, 8.353719
 382.000000, 34.739965, 5.519197, 2.363002, 7.987784
 404.333333, 34.558120, 5.374279, 2.265458, 7.722176
 400.000000, 35.963333, 5.757500, 2.295000, 8.121667
 432.333333, 36.074017, 5.596762, 2.129530, 7.777949
 393.333333, 33.466949, 5.491525, 2.316102, 7.873729
5
 0.250000, 9.000000, 1.000000, 2.000000, 13.000000
 364.666667, 35.405850, 6.554845, 2.460695, 9.115174
 353.666667, 37.460886, 7.262959, 2.665410, 9.993402
 410.000000, 35.159350, 5.666667, 2.221951, 7.958537
 430.333333, 34.700232, 5.615802, 2.113865, 7.789311
 420.666667, 34.399366, 5.161648, 2.171157, 7.400158
 414.333333, 34.676589, 5.526951, 2.219630, 7.812550
 409.333333, 35.916938, 5.653094, 2.273616, 8.001629
 421.333333, 35.416139, 5.911392, 2.201741, 8.170886
 382.666667, 34.558362, 5.785714, 2.329268, 8.204704
 380.000000, 35.157018, 5.935088, 2.397368, 8.411404
 387.666667, 35.827171, 5.886500, 2.343938, 8.349097
 412.333333, 36.516572, 5.966047, 2.253840, 8.279709
 385.333333, 36.000865, 5.720588, 2.390138, 8.181661
 423.666667, 35.619197, 5.584579, 2.119591, 7.803304
 406.666667, 36.196721, 5.886885, 2.256557, 8.199180
 429.000000, 35.421134, 5.655012, 2.121212, 7.839161
 431.333333, 35.646059, 5.512365, 2.110510, 7.687017
 396.333333, 35.979815, 5.652649, 2.325484, 8.047098
 422.000000, 36.099526, 5.473934, 2.150079, 7.710111
 447.000000, 34.937360, 5.675615, 2.053691, 7.777778
6
 0.250000, 8.000000, 1.000000, 2.000000, 8.000000
 346.666667, 35.792308, 6.618269, 2.552885, 9.290385
 376.333333, 38.189548, 7.465899, 2.537644, 10.063773
 421.333333, 35.668513, 5.587816, 2.175633, 7.833861
 437.333333, 35.391768, 5.838415, 2.083841, 7.971799
 457.666667, 35.281136, 5.316096, 2.028405, 7.387473
 426.000000, 35.712833, 5.655712, 2.161189, 7.872457
 380.333333, 34.902717, 5.659947, 2.385627, 8.148992
 392.333333, 34.993203, 5.790994, 2.344945, 8.206457
 400.333333, 34.404663, 5.835137, 2.218152, 8.139051
 380.666667, 34.045534, 5.916813, 2.360771, 8.392294
 402.000000, 35.865672, 5.948590, 2.317579, 8.331675
 395.000000, 36.420253, 5.892827, 2.309705, 8.291983
 404.333333, 36.934048, 5.902721, 2.270404, 8.255565
 405.000000, 35.086420, 5.668313, 2.252675, 7.989300
 409.333333, 35.910423, 6.001629, 2.223941, 8.285831
 417.666667, 35.301676, 5.508380, 2.190742, 7.762969
 412.000000, 35.517799, 5.542071, 2.223301, 7.831715
 411.000000, 36.239254, 5.781833, 2.256285, 8.098135
 422.000000, 35.371248, 5.518167, 2.188784, 7.765403
 452.666667, 35.044183, 5.703976, 2.025773, 7.779823
7
 0.250000, 7.000000, 1.000000, 2.000000, 13.000000
 363.000000, 35.846648, 6.628099, 2.481175, 9.189164
 356.000000, 36.984082, 7.109551, 2.687266, 9.851124
 433.000000, 36.160893, 5.672055, 2.112394, 7.849115
 415.333333, 34.601124, 5.605136, 2.154093, 7.837881
 428.333333, 34.774319, 5.233463, 2.138521, 7.435019
 404.333333, 35.002473, 5.446826, 2.257214, 7.769167
 387.333333, 35.021515, 5.785714, 2.348537, 8.220310
 424.333333, 35.721131, 6.024352, 2.186960, 8.260016
 415.333333, 35.248796, 5.944623, 2.197432, 8.199839
 402.333333, 34.784590, 5.940348, 2.260978, 8.283347
 394.666667, 35.852196, 5.934966, 2.332770, 8.353885
 411.666667, 36.373279, 5.991093, 2.248583, 8.314170
 405.000000, 37.202469, 5.972840, 2.291358, 8.330864
 406.000000, 35.263547, 5.557471, 2.246305, 7.871921
 373.333333, 35.383036, 5.815179, 2.400893, 8.340179
 431.666667, 35.096525, 5.552124, 2.116602, 7.724324
 407.666667, 34.878168, 5.393295, 2.249387, 7.710548
 400.000000, 36.050833, 5.845000, 2.314167, 8.215000
 425.333333, 35.559561, 5.514107, 2.148903, 7.721003
 416.333333, 34.036029, 5.526021, 2.179343, 7.771817
8
 0.250000, 5.000000, 2.000000, 1.000000, 13.000000
 338.000000, 34.850099, 6.409270, 2.654832, 9.153846
 349.666667, 37.347950, 7.332698, 2.714967, 10.100095
 430.666667, 36.167957, 5.687307, 2.135449, 7.889319
 408.333333, 34.341224, 5.573061, 2.221224, 7.836735
 424.000000, 34.474057, 5.170597, 2.150943, 7.378931
 439.000000, 35.589218, 5.666667, 2.119970, 7.829916
 426.666667, 36.193750, 6.042969, 2.163281, 8.265625
 404.666667, 35.821252, 5.931631, 2.293245, 8.284185
 428.333333, 35.301946, 5.967315, 2.130739, 8.158755
 415.666667, 35.267843, 6.147554, 2.188452, 8.429030
 408.333333, 36.484082, 5.889796, 2.272653, 8.231020
 400.666667, 36.247920, 6.009151, 2.298669, 8.377704
 414.666667, 37.259646, 5.951768, 2.232315, 8.254823
 391.333333, 34.284497, 5.534923, 2.273424, 7.914821
 393.000000, 35.573367, 5.862595, 2.309584, 8.253605
 443.333333, 35.336090, 5.669173, 2.067669, 7.795489
 410.000000, 34.874797, 5.402439, 2.248780, 7.720325
 420.000000, 36.200000, 5.867460, 2.199206, 8.119841
 442.000000, 36.209653, 5.521870, 2.079940, 7.665158
 433.333333, 34.602308, 5.671538, 2.115385, 7.838462
9
 0.250000, 6.000000, 2.000000, 1.000000, 13.000000
 381.000000, 36.298338, 6.633421, 2.351706, 9.076990
 348.333333, 37.055502, 7.068900, 2.747368, 9.869856
 437.000000, 35.985507, 5.729214, 2.118993, 7.904653
 425.333333, 34.869122, 5.763323, 2.134796, 7.939655
 458.000000, 35.663755, 5.363901, 2.006550, 7.425764
 429.000000, 35.860917, 5.686092, 2.143745, 7.904429
 438.000000, 36.643836, 5.944444, 2.133181, 8.124049
 382.666667, 35.758711, 5.819686, 2.445993, 8.326655
 415.000000, 35.190361, 5.904418, 2.155020, 8.134137
 412.000000, 35.208738, 6.122168, 2.216019, 8.408576
 406.666667, 36.572951, 5.904098, 2.299180, 8.266393
 421.000000, 37.012668, 6.019794, 2.216944, 8.292953
 401.666667, 37.034025, 5.892116, 2.294606, 8.264730
 423.666667, 35.926042, 5.754524, 2.130606, 7.975610
 433.000000, 36.618168, 6.106236, 2.144727, 8.301771
 439.000000, 35.586181, 5.656796, 2.078967, 7.794229
 431.000000, 35.903326, 5.552204, 2.137664, 7.753287
 425.666667, 36.673453, 5.981206, 2.181676, 8.214565
 436.000000, 36.208716, 5.479358, 2.100153, 7.641437
 414.333333, 34.020917, 5.569590, 2.205149, 7.835076
10
 0.250000, 9.000000, 2.000000, 1.000000, 13.000000
 364.000000, 35.525641, 6.410256, 2.491758, 9.022894
 336.000000, 36.449405, 7.013889, 2.788690, 9.895833
 426.666667, 35.643750, 5.614844, 2.160938, 7.842969
 429.666667, 35.166796, 5.697440, 2.117921, 7.872770
 433.666667, 34.717909, 5.198309, 2.128363, 7.378939
 419.000000, 35.167860, 5.599045, 2.174224, 7.832140
 426.000000, 36.573552, 5.959311, 2.172926, 8.201095
 408.666667, 35.585644, 5.904568, 2.271615, 8.237357
 385.000000, 34.016450, 5.854545, 2.291775, 8.246753
 416.666667, 35.652000, 6.131200, 2.211200, 8.403200
 401.333333, 35.878738, 5.958472, 2.289867, 8.317276
 417.333333, 36.680511, 6.058307, 2.215655, 8.340256
 413.666667, 37.188558, 5.851732, 2.236906, 8.158743
 453.000000, 36.243561, 5.789551, 2.036056, 7.876380
 386.000000, 35.924870, 5.886874, 2.367876, 8.316062
 406.666667, 35.577049, 5.481148, 2.219672, 7.798361
 424.000000, 35.258648, 5.468553, 2.175314, 7.703616
 413.333333, 36.683871, 5.822581, 2.238710, 8.114516
 405.333333, 35.277138, 5.396382, 2.240954, 7.721217
 420.666667, 33.871632, 5.629952, 2.163233, 7.858162
11
 0.250000, 6.000000, 2.000000, 1.000000, 13.000000
 359.000000, 35.326834, 6.571031, 2.451253, 9.153203
 367.000000, 37.553134, 7.287920, 2.574932, 9.920073
 414.333333, 35.537409, 5.589702, 2.209171, 7.869670
 416.333333, 34.509207, 5.757406, 2.176942, 7.991193
 439.666667, 34.948446, 5.291130, 2.056861, 7.434420
 437.333333, 35.759146, 5.656250, 2.112043, 7.826982
 372.666667, 34.765653, 5.696780, 2.441860, 8.244186
 420.333333, 36.112609, 5.808089, 2.214909, 8.078509
 389.000000, 34.668380, 5.804627, 2.317909, 8.208226
 392.666667, 34.340407, 6.011885, 2.314941, 8.420204
 402.666667, 35.892384, 5.909768, 2.285596, 8.273179
 389.666667, 36.029085, 5.887083, 2.375535, 8.319932
 426.000000, 37.828638, 6.017214, 2.184664, 8.266041
 414.000000, 35.477456, 5.685185, 2.210950, 7.963768
 410.000000, 36.435772, 5.936585, 2.239837, 8.234146
 427.666667, 35.760717, 5.625877, 2.123149, 7.818394
 438.333333, 35.891255, 5.618251, 2.114068, 7.777186
 387.666667, 35.809974, 5.699914, 2.360275, 8.142734
 425.000000, 35.872157, 5.405490, 2.161569, 7.632941
 410.000000, 33.993496, 5.508130, 2.252846, 7.816260
12
 0.250000, 9.000000, 2.000000, 0.000000, 12.000000
 354.666667, 35.947368, 6.569549, 2.498120, 9.191729
 337.333333, 36.791502, 7.059289, 2.796443, 9.938735
 398.333333, 35.687866, 5.712971, 2.328033, 8.092050
 415.666667, 34.701684, 5.592622, 2.186848, 7.832398
 448.000000, 35.437500, 5.369792, 2.050595, 7.476935
 411.333333, 35.017018, 5.513776, 2.237439, 7.813614
 411.333333, 35.856564, 5.916532, 2.253647, 8.232577
 388.666667, 34.800172, 5.785592, 2.349057, 8.226415
 381.666667, 35.613974, 5.978166, 2.357205, 8.396507
 400.333333, 35.311407, 5.933389, 2.288093, 8.304746
 451.000000, 37.151515, 6.104952, 2.077605, 8.228381
 388.666667, 36.148370, 5.907376, 2.394511, 8.367067
 434.666667, 37.645706, 6.145706, 2.140337, 8.340491
 451.666667, 35.903321, 5.756458, 2.053875, 7.859041
 401.000000, 35.816293, 5.902743, 2.242727, 8.245220
 425.000000, 35.243137, 5.578824, 2.134902, 7.781961
 422.666667, 35.494479, 5.470820, 2.187697, 7.706625
 419.666667, 36.253376, 5.863384, 2.166005, 8.124702
 427.666667, 36.031177, 5.479345, 2.112237, 7.669525
 423.666667, 34.021243, 5.602675, 2.151062, 7.822974
13
 0.250000, 9.000000, 2.000000, 0.000000, 12.000000
 340.666667, 34.322896, 6.439335, 2.589041, 9.181996
 359.666667, 37.376274, 7.284523, 2.644115, 9.985171
 421.000000, 35.856690, 5.635788, 2.178939, 7.887569
 423.000000, 34.381403, 5.560284, 2.127660, 7.736013
 462.000000, 35.831890, 5.409812, 1.989899, 7.453102
 441.333333, 35.843656, 5.702417, 2.111027, 7.855740
 431.666667, 36.134363, 5.964479, 2.159073, 8.184556
 408.333333, 35.173061, 5.872653, 2.244898, 8.186939
 430.666667, 35.363003, 5.939628, 2.107585, 8.123065
 428.333333, 35.721401, 5.954086, 2.147860, 8.181323
 423.333333, 37.091339, 6.102362, 2.199213, 8.359843
 396.333333, 36.512195, 5.957107, 2.322960, 8.370900
 417.666667, 36.986433, 5.944932, 2.216281, 8.222666
 418.666667, 35.172771, 5.667994, 2.169586, 7.902866
 395.666667, 36.168492, 5.912384, 2.278854, 8.291491
 421.666667, 35.291700, 5.610277, 2.144664, 7.843478
 420.666667, 34.953249, 5.458796, 2.188590, 7.698891
 406.000000, 36.337438, 5.763547, 2.287356, 8.119048
 402.666667, 35.126656, 5.327815, 2.295530, 7.686258
 410.333333, 34.406174, 5.580016, 2.225020, 7.870837
14
 0.250000, 0.000000, 2.000000, 0.000000, 13.000000
 364.333333, 35.569991, 6.490393, 2.508692, 9.077768
 343.666667, 36.895247, 7.380213, 2.735209, 10.212415
 415.333333, 35.410112, 5.585072, 2.211075, 7.845907
 421.000000, 34.984956, 5.776722, 2.153603, 7.985748
 446.000000, 35.866218, 5.289985, 2.047833, 7.390135
 427.666667, 35.124708, 5.672642, 2.155885, 7.881528
 430.333333, 36.361735, 5.987607, 2.164988, 8.202943
 402.333333, 35.201326, 5.851698, 2.291632, 8.204640
 413.000000, 34.983858, 5.841808, 2.240517, 8.136400
 402.333333, 34.654515, 5.908036, 2.289147, 8.270920
 380.333333, 36.123576, 5.812445, 2.388256, 8.285714
 408.666667, 36.704731, 5.989396, 2.274878, 8.339315
 407.000000, 36.952498, 5.935299, 2.246519, 8.261261
 407.666667, 35.426002, 5.693377, 2.229763, 8.000818
 390.666667, 36.032423, 5.875427, 2.331058, 8.281570
 399.333333, 34.856427, 5.540902, 2.262938, 7.882304
 442.000000, 35.623680, 5.575415, 2.095777, 7.720965
 414.333333, 36.806114, 5.879324, 2.251810, 8.184232
 442.000000, 36.529412, 5.656109, 2.104072, 7.801659
 419.000000, 34.108194, 5.561655, 2.171838, 7.783612
15
 0.250000, 1.000000, 2.000000, 0.000000, 13.000000
 344.000000, 35.631783, 6.480620, 2.605620, 9.199612
 372.000000, 37.576165, 7.288530, 2.558244, 9.912186
 412.000000, 35.292880, 5.598706, 2.233010, 7.894013
 412.000000, 34.358414, 5.622168, 2.212783, 7.880259
 444.666667, 35.311094, 5.323838, 2.087706, 7.458771
 419.333333, 35.352146, 5.645469, 2.188394, 7.893482
 427.000000, 36.457455, 6.013271, 2.173302, 8.240437
 385.666667, 34.829732, 5.724287, 2.371651, 8.179775
 395.666667, 34.504634, 5.789385, 2.297388, 8.164280
 396.666667, 34.567227, 5.986555, 2.269748, 8.340336
 417.666667, 36.505986, 6.041500, 2.219473, 8.325619
 375.666667, 35.595386, 5.760426, 2.438332, 8.287489
 386.333333, 37.290768, 6.044866, 2.377912, 8.508197
 411.000000, 35.380373, 5.731549, 2.202758, 8.013788
 417.000000, 36.211831, 6.068745, 2.175859, 8.311751
 445.333333, 35.904940, 5.683383, 2.056138, 7.807635
 433.000000, 35.501925, 5.512702, 2.133949, 7.705928
 418.333333, 37.076494, 5.896414, 2.211155, 8.163347
 417.666667, 35.061453, 5.356744, 2.189146, 7.616121
 410.000000, 33.574797, 5.605691, 2.227642, 7.902439
Histogram
0 0 0 0 0 0 0 0 0 0 0 0 0 0 0 0 0 0 0 0 0 0 0 0 0 0 0 0 0 0 0 0 0 0 0 0 0 0 0 0 0 0 0 0 0 0 0 0 0 0 0 0 0 0 0 0 0 0 0 0 0 0 0 0 0 0 0 0 0 0 0 0 0 5 11 0 9 34 59 22 12 38 57 34 7 1 0 0 0 0 5 10 1 0 0 0 0 0 5 7 3 1 2 0 0 0 0 0 0 0 0 0 0 0 0 0 0 0 0 13 
Cache Miss Ratio
NaN
numOfSets
392956
numOfGets
0
numOfMultiGets
0
