21
0
 0.250000, 0.000000, 0.000000, 12.000000, 14.000000
 391.333333, 34.571550, 6.365417, 2.310051, 8.738501
 400.666667, 35.662230, 5.781198, 2.310316, 8.179700
 421.666667, 36.438735, 5.554150, 2.193676, 7.827668
 435.000000, 36.416092, 6.023755, 2.162452, 8.242146
 432.333333, 36.851966, 5.787972, 2.149576, 7.998458
 434.666667, 36.091258, 5.572853, 2.102761, 7.726227
 388.666667, 35.698113, 6.080617, 2.366209, 8.524014
 420.666667, 35.599842, 5.720285, 2.205230, 7.974643
 418.333333, 35.305976, 5.508367, 2.180080, 7.762550
 408.000000, 35.596405, 5.586601, 2.250000, 7.902778
 405.666667, 37.096138, 6.660641, 2.306491, 9.041085
 401.666667, 36.327801, 5.967635, 2.294606, 8.341079
 394.333333, 35.206255, 5.746407, 2.366019, 8.174134
 381.333333, 35.013986, 5.854021, 2.375000, 8.319056
 390.333333, 34.545687, 5.865927, 2.373185, 8.310845
 415.666667, 34.984763, 5.382518, 2.204491, 7.662390
 361.333333, 33.630074, 6.099631, 2.464945, 8.704797
 434.000000, 36.116743, 5.728111, 2.135177, 7.932412
 408.666667, 35.744698, 5.915987, 2.263458, 8.243883
 400.333333, 34.589509, 5.711907, 2.268110, 8.039134
1
 0.250000, 1.000000, 1.000000, 8.000000, 13.000000
 347.666667, 34.571429, 5.961649, 2.576222, 8.626079
 430.666667, 36.135449, 5.842105, 2.184985, 8.083591
 446.000000, 36.636771, 5.672646, 2.088939, 7.805680
 429.000000, 36.127428, 5.974359, 2.198135, 8.226107
 426.666667, 36.178906, 5.736719, 2.171875, 7.963281
 407.666667, 35.461979, 5.488962, 2.223222, 7.789861
 391.666667, 35.948936, 6.282553, 2.400000, 8.728511
 409.000000, 34.921760, 5.613692, 2.246944, 7.929095
 426.666667, 35.644531, 5.576563, 2.142969, 7.789063
 414.333333, 35.773934, 5.661303, 2.243765, 7.954948
 376.333333, 35.998229, 6.360496, 2.441098, 8.909655
 401.000000, 35.647548, 5.739817, 2.309227, 8.128845
 409.333333, 35.325733, 5.779316, 2.223941, 8.080619
 403.000000, 35.477254, 5.741108, 2.311001, 8.105045
 379.666667, 34.766462, 5.798068, 2.380158, 8.282704
 422.666667, 34.846215, 5.473975, 2.194795, 7.724763
 379.666667, 34.061457, 6.098332, 2.365233, 8.563652
 427.000000, 35.354411, 5.665105, 2.175644, 7.889930
 378.333333, 34.403524, 5.717181, 2.391189, 8.214097
 413.000000, 34.749798, 5.786925, 2.215496, 8.048426
2
 0.250000, 1.000000, 1.000000, 10.000000, 12.000000
 368.666667, 34.792043, 6.215190, 2.463834, 8.741410
 401.666667, 35.287967, 5.718672, 2.306224, 8.092116
 415.333333, 35.372392, 5.498395, 2.226324, 7.788122
 406.666667, 35.581148, 5.904098, 2.306557, 8.273770
 419.333333, 36.281399, 5.729730, 2.169316, 8.008744
 416.000000, 35.414263, 5.427083, 2.209936, 7.689103
 378.666667, 35.536092, 6.040493, 2.475352, 8.579225
 412.666667, 34.733441, 5.737480, 2.235864, 8.024233
 421.333333, 35.344937, 5.570411, 2.200949, 7.827532
 421.666667, 35.807115, 5.659289, 2.197628, 7.916996
 407.666667, 37.246934, 6.754702, 2.255110, 9.116108
 386.666667, 35.218103, 5.749138, 2.385345, 8.222414
 422.000000, 35.939179, 5.879937, 2.182464, 8.123223
 429.666667, 36.027153, 6.051978, 2.150504, 8.258340
 422.666667, 35.813880, 5.982650, 2.200315, 8.257886
 421.333333, 34.806962, 5.467563, 2.151899, 7.715981
 397.000000, 34.664148, 6.099916, 2.277078, 8.465995
 413.666667, 34.693795, 5.539887, 2.260274, 7.854956
 384.000000, 35.209201, 5.870660, 2.333333, 8.306424
 388.666667, 34.843911, 5.626072, 2.307890, 8.028302
3
 0.250000, 0.000000, 1.000000, 8.000000, 11.000000
 361.000000, 33.945522, 5.906741, 2.491228, 8.463527
 415.333333, 36.056180, 5.890048, 2.235955, 8.207865
 400.333333, 35.047460, 5.424646, 2.313072, 7.803497
 430.000000, 36.251938, 5.959690, 2.196899, 8.212403
 462.666667, 37.581412, 5.918588, 2.009366, 7.980548
 442.333333, 36.154484, 5.644310, 2.099472, 7.788998
 408.000000, 36.238562, 6.505719, 2.285948, 8.846405
 411.000000, 34.637470, 5.553933, 2.236010, 7.845093
 434.333333, 35.879509, 5.541827, 2.139678, 7.730622
 442.666667, 36.485693, 5.669428, 2.106928, 7.820030
 383.000000, 36.026110, 6.261097, 2.417755, 8.773716
 431.333333, 36.860896, 5.981453, 2.151468, 8.200155
 391.333333, 34.788756, 5.742760, 2.362862, 8.173765
 398.666667, 35.252508, 5.785953, 2.312709, 8.172241
 427.000000, 35.896175, 6.039813, 2.187354, 8.286495
 436.000000, 35.790520, 5.544343, 2.114679, 7.723242
 388.666667, 34.223842, 6.115780, 2.270154, 8.499142
 421.000000, 35.286619, 5.604117, 2.208234, 7.873317
 406.333333, 35.254307, 5.937654, 2.283839, 8.283019
 412.000000, 35.031553, 5.673139, 2.209547, 7.957120
4
 0.250000, 1.000000, 1.000000, 2.000000, 12.000000
 365.333333, 34.385036, 6.253650, 2.422445, 8.762774
 391.666667, 35.531915, 5.703830, 2.416170, 8.170213
 425.333333, 36.300157, 5.638715, 2.196708, 7.891066
 405.333333, 35.409539, 5.837171, 2.319079, 8.210526
 417.000000, 36.420464, 5.676259, 2.222222, 7.958433
 430.333333, 35.922541, 5.549187, 2.124710, 7.725794
 407.666667, 36.486509, 6.216680, 2.287817, 8.560916
 415.666667, 35.070569, 5.644747, 2.233360, 7.927827
 407.333333, 35.012275, 5.459902, 2.254501, 7.781506
 422.666667, 35.847003, 5.577287, 2.175079, 7.827287
 387.333333, 36.648021, 6.420826, 2.387263, 8.896730
 408.333333, 36.312653, 5.855510, 2.266122, 8.195102
 418.333333, 35.907570, 5.871713, 2.206375, 8.143426
 402.000000, 35.123549, 5.828358, 2.294362, 8.187396
 425.000000, 36.127059, 6.077647, 2.199216, 8.335686
 431.666667, 35.242471, 5.455598, 2.108880, 7.650193
 397.666667, 35.062028, 6.311819, 2.318525, 8.687343
 412.000000, 35.056634, 5.476537, 2.258091, 7.804207
 410.666667, 35.956169, 5.971591, 2.249188, 8.282468
 391.333333, 34.828790, 5.660988, 2.304940, 8.049404
5
 0.250000, 0.000000, 0.000000, 2.000000, 3.000000
 368.000000, 34.231884, 6.174819, 2.401268, 8.647645
 410.333333, 35.395613, 5.704305, 2.257514, 8.025995
 443.000000, 36.298721, 5.590670, 2.113619, 7.752445
 400.333333, 35.239800, 5.843464, 2.333056, 8.238968
 412.000000, 36.360841, 5.618123, 2.221683, 7.922330
 437.333333, 36.058689, 5.617378, 2.098323, 7.775152
 393.000000, 36.080577, 6.252757, 2.355386, 8.673452
 396.000000, 35.800505, 5.720539, 2.358586, 8.137205
 421.666667, 35.589723, 5.553360, 2.147036, 7.781028
 422.333333, 35.567482, 5.651144, 2.187056, 7.888713
 388.000000, 36.750000, 6.548110, 2.396048, 9.009450
 435.666667, 36.672533, 5.964805, 2.162969, 8.169090
 409.000000, 35.645477, 5.828036, 2.255094, 8.135289
 413.666667, 35.178082, 5.799355, 2.247381, 8.090250
 385.333333, 34.487024, 5.856401, 2.378893, 8.326990
 445.666667, 35.181750, 5.558714, 2.065071, 7.685116
 399.333333, 34.754591, 6.311352, 2.244574, 8.619366
 442.333333, 35.715901, 5.652600, 2.113791, 7.828184
 404.666667, 35.626030, 6.042010, 2.258649, 8.360791
 408.333333, 34.795918, 5.715102, 2.224490, 8.013878
6
 0.250000, 0.000000, 0.000000, 9.000000, 19.000000
 374.666667, 33.875445, 6.005338, 2.426157, 8.495552
 429.666667, 35.988363, 5.857254, 2.159814, 8.079131
 435.000000, 36.505747, 5.631418, 2.141762, 7.829119
 427.333333, 35.569423, 5.812012, 2.203588, 8.069423
 409.000000, 35.783211, 5.600652, 2.254279, 7.933170
 422.666667, 35.915615, 5.552050, 2.176656, 7.787855
 363.000000, 35.113866, 6.108356, 2.513315, 8.720845
 430.666667, 35.243034, 5.736068, 2.134675, 7.924149
 430.666667, 35.929567, 5.602941, 2.167183, 7.815015
 426.333333, 35.749805, 5.736513, 2.181392, 7.973417
 380.666667, 36.496497, 6.533275, 2.385289, 9.053415
 413.333333, 35.881452, 5.870161, 2.235484, 8.160484
 396.666667, 34.700840, 5.798319, 2.309244, 8.173109
 379.666667, 35.244952, 5.771730, 2.389816, 8.268657
 424.666667, 35.801413, 6.051805, 2.193878, 8.297488
 434.333333, 35.673062, 5.454336, 2.128933, 7.656178
 392.333333, 34.871708, 6.142736, 2.265081, 8.540357
 429.666667, 35.543832, 5.626843, 2.177657, 7.865012
 408.666667, 35.477977, 5.952692, 2.254486, 8.274062
 420.333333, 34.876289, 5.784298, 2.180809, 8.011895
7
 0.250000, 0.000000, 0.000000, 7.000000, 17.000000
 382.333333, 34.205754, 6.256321, 2.357454, 8.666957
 418.666667, 36.042197, 5.847134, 2.238057, 8.141720
 445.666667, 36.497382, 5.717277, 2.101720, 7.866866
 390.000000, 34.872650, 5.743590, 2.362393, 8.195726
 442.000000, 36.672700, 5.809201, 2.106335, 7.978130
 423.000000, 35.479117, 5.455477, 2.133964, 7.673759
 391.666667, 36.054468, 6.302979, 2.377872, 8.742979
 408.666667, 34.654976, 5.495922, 2.239804, 7.802610
 417.333333, 35.554313, 5.555112, 2.194089, 7.825879
 413.000000, 35.496368, 5.683616, 2.224374, 7.969330
 394.666667, 36.044764, 6.543919, 2.338682, 8.983108
 396.333333, 35.891505, 5.798150, 2.350715, 8.224558
 402.666667, 35.182119, 5.816225, 2.259106, 8.161424
 399.666667, 35.113428, 5.772310, 2.304420, 8.160133
 389.000000, 34.543273, 5.763496, 2.386461, 8.215938
 399.333333, 34.197830, 5.442404, 2.263773, 7.818030
 394.333333, 34.862215, 6.240068, 2.300085, 8.644125
 426.000000, 35.723787, 5.690923, 2.179969, 7.942097
 380.000000, 34.984211, 5.844737, 2.400877, 8.328947
 413.333333, 35.287903, 5.786290, 2.203226, 8.048387
8
 0.250000, 5.000000, 1.000000, 14.000000, 16.000000
 357.000000, 33.461251, 6.024276, 2.467787, 8.591970
 397.666667, 35.336127, 5.761945, 2.320201, 8.159262
 430.666667, 35.979876, 5.575077, 2.167183, 7.795666
 402.000000, 35.453566, 5.812604, 2.322554, 8.199834
 403.000000, 35.864351, 5.611249, 2.269644, 7.956162
 424.000000, 35.813679, 5.488994, 2.147013, 7.695755
 382.333333, 35.864865, 6.019180, 2.438535, 8.540541
 421.000000, 35.220903, 5.687253, 2.180523, 7.932700
 440.333333, 36.129447, 5.594247, 2.121877, 7.766086
 428.666667, 35.914463, 5.537325, 2.152411, 7.762053
 377.000000, 35.669319, 6.321839, 2.438550, 8.867374
 407.333333, 35.991817, 5.943535, 2.283142, 8.281506
 402.333333, 35.115990, 5.811930, 2.281690, 8.150787
 419.666667, 36.120731, 5.955520, 2.222399, 8.231930
 403.666667, 35.196532, 5.902560, 2.277457, 8.267547
 432.000000, 35.280093, 5.498457, 2.131944, 7.692901
 389.000000, 34.492716, 6.217652, 2.296487, 8.589546
 417.333333, 34.772364, 5.535144, 2.198882, 7.800319
 420.000000, 36.523016, 6.096032, 2.199206, 8.354762
 435.000000, 35.813027, 5.867433, 2.081992, 8.022222
9
 0.250000, 8.000000, 1.000000, 4.000000, 15.000000
 388.666667, 34.866209, 6.277015, 2.337050, 8.678388
 421.333333, 35.825158, 5.864715, 2.220728, 8.151108
 422.000000, 36.268562, 5.566351, 2.222749, 7.832543
 414.333333, 35.652454, 5.830249, 2.230893, 8.142397
 419.000000, 36.461416, 5.684169, 2.224344, 7.957836
 437.666667, 35.906321, 5.544554, 2.092917, 7.692308
 414.333333, 36.670153, 6.174578, 2.255028, 8.485117
 401.666667, 34.253112, 5.437344, 2.275519, 7.775104
 450.333333, 36.670614, 5.657291, 2.076980, 7.777202
 434.000000, 36.013057, 5.708141, 2.131336, 7.894009
 390.000000, 36.481197, 6.466667, 2.386325, 8.941880
 380.666667, 35.409807, 5.774081, 2.382662, 8.266200
 402.000000, 35.110282, 5.730514, 2.307629, 8.087894
 438.333333, 36.478327, 5.928517, 2.139163, 8.116350
 413.333333, 35.366935, 5.995968, 2.241129, 8.307258
 411.333333, 34.664506, 5.435170, 2.201783, 7.725284
 392.000000, 35.158163, 6.326531, 2.264456, 8.674320
 398.666667, 35.132107, 5.668060, 2.290134, 8.049331
 391.000000, 35.140665, 5.917306, 2.332481, 8.334186
 427.000000, 35.024200, 5.775956, 2.110851, 7.944575
10
 0.250000, 6.000000, 0.000000, 2.000000, 13.000000
 362.000000, 34.816759, 6.116022, 2.488950, 8.665746
 413.333333, 35.829839, 5.800806, 2.260484, 8.119355
 434.000000, 36.371736, 5.523041, 2.132104, 7.721198
 391.333333, 35.003407, 5.817717, 2.340716, 8.269165
 422.666667, 36.232650, 5.619085, 2.186120, 7.869874
 430.000000, 35.921705, 5.572868, 2.134109, 7.772868
 379.666667, 35.761194, 6.187006, 2.434592, 8.697981
 412.333333, 35.034762, 5.505255, 2.224737, 7.794665
 430.000000, 35.768992, 5.574419, 2.155814, 7.779845
 429.333333, 36.676242, 5.775621, 2.160714, 7.987578
 359.000000, 36.077066, 6.238626, 2.585887, 8.932219
 433.333333, 36.790000, 6.058462, 2.176154, 8.288462
 402.666667, 35.326159, 5.775662, 2.283113, 8.125000
 418.333333, 36.207171, 5.843825, 2.215936, 8.121912
 412.000000, 35.629450, 5.997573, 2.250809, 8.312298
 439.000000, 35.342445, 5.529992, 2.101746, 7.693242
 398.000000, 34.469849, 6.141541, 2.294807, 8.501675
 427.333333, 35.297972, 5.645866, 2.202808, 7.892356
 377.666667, 35.023831, 5.717564, 2.382171, 8.188879
 427.000000, 35.217799, 5.765808, 2.115535, 7.952381
11
 0.250000, 0.000000, 0.000000, 5.000000, 12.000000
 378.666667, 34.816901, 6.103873, 2.404049, 8.558099
 432.333333, 36.511180, 5.887433, 2.171164, 8.102544
 428.666667, 36.372473, 5.564541, 2.151633, 7.797823
 426.000000, 35.971049, 6.082942, 2.201095, 8.345853
 387.333333, 35.483649, 5.513769, 2.363167, 7.962995
 427.333333, 35.351014, 5.451638, 2.119345, 7.626365
 384.666667, 35.474003, 6.081456, 2.419411, 8.574523
 415.333333, 34.994382, 5.599518, 2.228732, 7.877207
 426.333333, 35.616106, 5.530102, 2.162627, 7.757623
 440.666667, 36.919062, 5.742057, 2.124811, 7.912254
 363.666667, 35.665445, 6.167736, 2.531622, 8.811182
 407.000000, 36.220311, 5.874693, 2.293202, 8.227682
 410.666667, 35.224026, 5.773539, 2.238636, 8.072240
 433.666667, 36.441199, 5.975404, 2.126057, 8.160646
 411.666667, 35.655061, 5.979757, 2.254251, 8.303644
 444.333333, 35.395349, 5.510878, 2.090773, 7.651163
 392.333333, 34.579439, 6.202209, 2.333900, 8.615123
 444.000000, 36.108108, 5.724474, 2.125375, 7.898649
 427.666667, 36.366329, 6.061574, 2.191738, 8.302416
 410.666667, 35.038149, 5.755682, 2.203734, 8.026786
12
 0.250000, 0.000000, 0.000000, 4.000000, 12.000000
 382.666667, 34.220383, 6.141986, 2.353659, 8.558362
 420.000000, 35.926984, 5.842063, 2.230952, 8.113492
 437.666667, 36.386900, 5.574257, 2.117289, 7.753998
 423.666667, 35.830055, 5.948859, 2.206137, 8.214792
 434.666667, 36.265337, 5.756902, 2.131902, 7.950920
 424.333333, 35.695208, 5.546740, 2.150825, 7.753339
 391.000000, 35.761296, 6.254902, 2.364024, 8.698210
 411.666667, 34.959514, 5.686640, 2.243725, 7.994332
 439.333333, 36.770106, 5.751138, 2.112291, 7.918816
 407.000000, 35.267813, 5.586405, 2.242424, 7.891073
 397.666667, 36.432523, 6.543168, 2.348701, 8.958089
 398.666667, 35.675585, 5.921405, 2.346154, 8.333612
 392.333333, 34.983008, 5.828377, 2.316907, 8.220901
 407.000000, 35.109746, 5.707617, 2.223587, 8.043407
 392.333333, 34.666950, 5.888700, 2.348343, 8.311810
 432.000000, 34.964506, 5.486883, 2.152006, 7.685185
 394.333333, 34.382079, 6.152156, 2.322908, 8.539307
 429.000000, 35.623932, 5.701632, 2.174048, 7.929293
 416.333333, 35.546837, 6.011209, 2.193755, 8.285028
 410.666667, 34.958604, 5.653409, 2.189123, 7.931818
13
 0.250000, 0.000000, 0.000000, 4.000000, 11.000000
 364.000000, 34.003663, 5.962454, 2.473443, 8.511905
 420.333333, 36.114988, 5.903251, 2.236320, 8.184774
 423.666667, 35.887490, 5.549961, 2.183320, 7.786782
 418.666667, 36.098726, 5.976115, 2.261943, 8.300955
 425.000000, 36.419608, 5.712157, 2.171765, 7.945882
 442.666667, 35.716867, 5.501506, 2.078313, 7.626506
 385.000000, 35.700433, 6.343723, 2.424242, 8.819913
 419.333333, 35.209857, 5.643879, 2.200318, 7.889507
 444.333333, 36.192048, 5.652663, 2.069767, 7.773443
 414.000000, 35.405797, 5.546699, 2.219807, 7.835749
 369.000000, 35.867209, 6.239386, 2.522132, 8.837398
 411.333333, 36.423825, 5.897083, 2.272285, 8.230146
 416.000000, 35.657853, 5.806090, 2.229968, 8.097756
 403.666667, 35.069364, 5.809249, 2.293972, 8.155244
 419.333333, 35.565978, 5.942766, 2.240064, 8.234499
 434.333333, 35.074444, 5.481197, 2.112049, 7.657713
 399.000000, 34.420217, 6.130326, 2.302423, 8.487051
 424.333333, 35.310291, 5.594658, 2.195601, 7.853103
 392.000000, 35.336735, 5.980442, 2.309524, 8.358844
 413.333333, 34.608065, 5.628226, 2.179839, 7.887097
14
 0.250000, 2.000000, 5.000000, 3.000000, 9.000000
 367.333333, 35.259528, 6.179673, 2.464610, 8.691470
 418.333333, 35.848606, 5.793625, 2.241434, 8.082869
 428.000000, 36.265576, 5.538941, 2.149533, 7.764019
 409.333333, 35.952769, 5.938111, 2.288274, 8.279316
 419.000000, 35.508353, 5.587908, 2.199682, 7.863962
 402.666667, 34.620033, 5.353477, 2.264901, 7.685430
 388.000000, 36.161512, 6.326460, 2.402921, 8.805842
 423.333333, 35.670079, 5.833858, 2.173228, 8.058268
 426.333333, 35.677091, 5.530102, 2.175137, 7.759969
 417.666667, 35.565044, 5.617717, 2.201915, 7.885076
 400.666667, 36.835275, 6.433444, 2.329451, 8.831947
 388.333333, 36.175966, 5.924464, 2.417167, 8.408584
 412.000000, 35.196602, 5.853560, 2.259709, 8.165049
 390.333333, 35.219471, 5.754056, 2.344150, 8.170794
 410.000000, 35.813008, 5.918699, 2.289431, 8.262602
 429.000000, 35.355866, 5.482517, 2.130536, 7.682984
 408.333333, 35.261224, 6.243265, 2.248980, 8.563265
 420.333333, 35.250595, 5.560666, 2.187946, 7.803331
 424.666667, 36.567504, 6.183673, 2.165620, 8.393250
 415.000000, 34.671486, 5.722892, 2.200000, 7.974297
15
 0.250000, 0.000000, 0.000000, 6.000000, 13.000000
 356.000000, 34.280899, 5.934457, 2.548689, 8.538390
 398.333333, 35.281172, 5.710460, 2.322176, 8.102092
 423.000000, 35.692671, 5.565012, 2.161545, 7.807723
 404.000000, 35.710396, 5.818482, 2.329208, 8.198845
 445.666667, 36.940165, 5.798055, 2.094241, 7.959611
 409.666667, 35.120423, 5.503662, 2.200163, 7.789260
 385.000000, 35.770563, 6.109957, 2.417316, 8.579221
 399.666667, 34.301918, 5.352794, 2.269391, 7.715596
 429.000000, 35.911422, 5.574981, 2.133644, 7.769231
 418.333333, 35.620717, 5.580080, 2.180080, 7.836653
 356.000000, 35.713483, 6.187266, 2.593633, 8.874532
 415.000000, 36.081124, 5.930120, 2.234538, 8.241767
 402.000000, 35.668325, 5.796020, 2.276949, 8.170813
 402.666667, 35.186258, 5.780629, 2.298013, 8.149834
 413.000000, 35.745763, 6.028249, 2.254237, 8.347861
 445.666667, 36.034405, 5.594615, 2.080030, 7.731488
 387.666667, 34.385211, 6.204643, 2.342218, 8.628547
 413.666667, 35.020951, 5.516519, 2.219178, 7.813860
 388.333333, 35.163948, 5.883262, 2.372532, 8.353648
 384.333333, 34.651344, 5.580225, 2.318300, 7.993929
Histogram
0 0 0 0 0 0 0 0 0 0 0 0 0 0 0 0 0 0 0 0 0 0 0 0 0 0 0 0 0 0 1 0 0 0 0 0 0 0 0 0 0 0 0 0 0 0 0 0 0 0 0 0 0 0 0 0 0 0 0 0 0 0 0 0 0 0 0 0 0 0 0 0 0 0 0 0 17 38 39 36 25 41 37 22 7 17 15 8 9 5 4 1 0 0 0 0 0 0 0 0 0 0 0 0 0 0 0 0 0 0 2 0 0 0 0 0 0 0 0 12 
Cache Miss Ratio
NaN
numOfSets
393743
numOfGets
0
numOfMultiGets
0
