21
0
 0.250000, 0.000000, 0.000000, 2.000000, 32.000000
 204.000000, 10.057190, 2.088235, 3.385621, 5.534314
 215.333333, 8.040248, 1.726006, 3.331269, 5.122291
 238.333333, 9.409790, 1.734266, 3.037762, 4.846154
 236.333333, 10.055007, 1.751763, 3.259520, 5.083216
 218.666667, 8.551829, 1.833841, 3.371951, 5.295732
 226.666667, 9.282353, 1.745588, 3.267647, 5.091176
 224.666667, 9.295252, 1.786350, 3.329377, 5.181009
 213.000000, 8.870110, 1.532081, 3.550861, 5.154930
 223.333333, 8.871642, 1.708955, 3.385075, 5.182090
 223.333333, 10.446269, 2.055224, 3.341791, 5.453731
 237.333333, 10.533708, 2.063202, 3.268258, 5.389045
 233.000000, 9.829757, 2.105866, 3.226037, 5.407725
 236.333333, 10.751763, 1.878702, 3.124118, 5.069111
 219.000000, 8.792998, 1.928463, 3.537291, 5.549467
 233.333333, 9.364286, 1.650000, 3.254286, 4.962857
 230.000000, 10.014493, 1.898551, 3.356522, 5.304348
 240.333333, 9.761442, 1.815534, 3.195562, 5.056865
 205.000000, 9.645528, 1.790244, 3.723577, 5.593496
 209.666667, 8.674086, 1.794913, 3.573927, 5.465819
 241.000000, 9.300138, 1.952974, 3.107884, 5.124481
1
 0.250000, 2.000000, 1.000000, 1.000000, 9.000000
 204.333333, 10.269168, 2.016313, 3.292007, 5.399674
 231.666667, 8.810072, 1.847482, 3.119424, 5.021583
 232.333333, 9.183644, 1.697274, 3.146341, 4.905308
 243.333333, 9.171233, 1.708219, 3.157534, 4.908219
 223.333333, 9.398507, 1.810448, 3.326866, 5.211940
 233.000000, 9.702432, 1.776824, 3.204578, 5.025751
 232.333333, 8.677188, 1.718795, 3.130560, 4.929699
 236.000000, 9.576271, 1.792373, 3.217514, 5.056497
 226.333333, 10.045655, 1.703976, 3.324006, 5.176730
 199.000000, 9.787270, 1.943049, 3.807370, 5.844221
 232.000000, 10.168103, 2.056034, 3.274425, 5.386494
 198.666667, 8.285235, 1.726510, 3.711409, 5.498322
 228.333333, 10.194161, 1.721168, 3.277372, 5.065693
 228.000000, 9.339181, 1.919591, 3.307018, 5.283626
 252.333333, 10.541612, 1.805812, 3.064729, 4.943197
 238.333333, 10.848951, 1.875524, 3.211189, 5.148252
 226.000000, 9.349558, 1.722714, 3.337758, 5.120944
 225.333333, 10.566568, 2.017751, 3.316568, 5.431953
 226.000000, 9.783186, 1.966077, 3.436578, 5.469027
 243.333333, 10.152055, 1.995890, 3.241096, 5.293151
2
 0.250000, 1.000000, 0.000000, 1.000000, 8.000000
 189.333333, 8.933099, 1.982394, 3.345070, 5.420775
 225.333333, 8.673077, 1.718935, 3.173077, 4.982249
 226.000000, 8.098820, 1.654867, 3.200590, 4.914454
 244.333333, 10.328786, 1.888131, 3.226467, 5.195089
 221.000000, 9.273002, 2.007541, 3.354449, 5.428356
 231.666667, 9.928058, 1.824460, 3.169784, 5.086331
 229.000000, 9.180495, 1.812227, 3.275109, 5.157205
 221.000000, 9.004525, 1.838612, 3.304676, 5.211161
 230.666667, 8.959538, 1.580925, 3.212428, 4.841040
 225.666667, 10.462334, 2.029542, 3.395864, 5.478582
 226.000000, 9.988201, 2.004425, 3.374631, 5.438053
 212.666667, 8.863636, 2.029781, 3.468652, 5.565831
 218.666667, 10.592988, 1.663110, 3.283537, 5.056402
 206.000000, 8.066343, 1.632686, 3.642395, 5.372168
 232.333333, 9.175036, 1.748924, 3.243902, 5.053085
 223.666667, 10.250373, 1.769001, 3.332340, 5.226528
 235.666667, 9.302687, 1.759547, 3.257426, 5.079208
 220.000000, 10.515152, 1.975758, 3.450000, 5.542424
 219.333333, 9.337386, 1.715805, 3.601824, 5.407295
 247.000000, 10.165992, 2.035088, 3.163293, 5.252362
3
 0.250000, 0.000000, 0.000000, 1.000000, 13.000000
 188.333333, 9.217699, 1.831858, 3.575221, 5.488496
 240.666667, 9.204986, 1.853186, 3.033241, 4.932133
 227.333333, 9.200880, 1.677419, 3.155425, 4.892962
 244.000000, 10.290984, 1.864754, 3.178962, 5.101093
 222.666667, 8.621257, 1.937126, 3.390719, 5.380240
 222.000000, 9.196697, 1.702703, 3.382883, 5.171171
 235.333333, 9.512748, 1.709632, 3.243626, 5.009915
 216.000000, 9.066358, 1.716049, 3.476852, 5.296296
 204.000000, 8.609477, 1.532680, 3.658497, 5.279412
 217.000000, 9.519201, 2.012289, 3.483871, 5.556068
 219.333333, 9.528875, 1.971125, 3.449848, 5.531915
 220.000000, 9.066667, 1.990909, 3.354545, 5.427273
 223.666667, 10.023845, 1.862891, 3.265276, 5.198212
 213.666667, 8.148206, 1.508580, 3.536661, 5.143526
 216.666667, 8.716923, 1.666154, 3.426154, 5.220000
 227.333333, 9.975073, 1.888563, 3.334311, 5.280059
 237.000000, 9.417722, 1.819972, 3.201125, 5.088608
 209.333333, 9.740446, 1.853503, 3.649682, 5.573248
 223.666667, 8.871833, 1.839046, 3.400894, 5.307004
 199.000000, 7.785595, 1.571189, 3.649916, 5.329983
4
 0.250000, 0.000000, 0.000000, 25.000000, 28.000000
 198.666667, 9.312081, 1.949664, 3.412752, 5.427852
 213.333333, 8.100000, 1.770313, 3.323438, 5.142188
 230.000000, 8.682609, 1.698551, 3.207246, 4.955072
 251.666667, 10.393377, 1.871523, 3.059603, 4.977483
 215.333333, 8.744582, 1.828173, 3.410217, 5.317337
 215.333333, 9.561920, 1.756966, 3.407121, 5.241486
 242.000000, 10.349862, 1.921488, 3.128099, 5.092287
 223.666667, 8.977645, 1.763040, 3.293592, 5.172876
 203.666667, 8.726678, 1.662848, 3.638298, 5.374795
 217.666667, 10.415008, 1.920368, 3.508423, 5.508423
 225.666667, 10.135894, 1.838996, 3.339734, 5.258493
 209.000000, 8.982456, 1.939394, 3.475279, 5.468900
 232.000000, 9.849138, 1.800287, 3.109195, 4.966954
 227.000000, 8.607930, 1.743025, 3.390602, 5.186490
 228.000000, 9.453216, 1.527778, 3.321637, 4.928363
 233.000000, 10.367668, 1.889843, 3.251788, 5.206009
 245.666667, 9.621438, 1.903664, 3.141113, 5.096336
 235.000000, 11.208511, 1.880851, 3.286525, 5.222695
 224.666667, 9.077151, 1.750742, 3.341246, 5.198813
 220.000000, 8.110606, 1.709091, 3.381818, 5.146970
5
 0.250000, 0.000000, 0.000000, 23.000000, 26.000000
 196.333333, 9.825127, 2.061121, 3.329372, 5.509338
 239.666667, 9.447844, 1.885953, 3.055633, 5.004172
 230.333333, 8.696093, 1.628075, 3.102750, 4.795948
 225.333333, 8.968935, 1.723373, 3.353550, 5.131657
 227.000000, 9.293686, 1.769457, 3.230543, 5.102790
 219.000000, 8.861492, 1.727549, 3.347032, 5.138508
 224.000000, 8.858631, 1.831845, 3.302083, 5.197917
 218.000000, 9.062691, 1.701835, 3.438838, 5.214067
 249.000000, 10.136546, 1.840696, 3.048193, 4.969210
 213.666667, 9.775351, 1.879875, 3.535101, 5.475819
 216.333333, 8.802773, 1.767334, 3.385208, 5.249615
 227.333333, 9.401760, 1.931085, 3.180352, 5.184751
 233.000000, 9.795422, 1.819742, 3.108727, 5.005722
 230.000000, 9.569565, 1.828986, 3.375362, 5.260870
 247.000000, 10.031039, 1.879892, 3.120108, 5.044534
 251.666667, 11.353642, 2.080795, 3.091391, 5.219868
 244.333333, 9.377899, 1.825375, 3.159618, 5.055935
 214.666667, 10.291925, 1.846273, 3.419255, 5.368012
 221.666667, 9.357895, 1.830075, 3.484211, 5.398496
 224.000000, 8.787202, 1.779762, 3.395833, 5.260417
6
 0.250000, 0.000000, 0.000000, 25.000000, 28.000000
 207.666667, 10.189406, 1.966292, 3.311396, 5.338684
 226.333333, 8.874816, 1.840943, 3.160530, 5.076583
 208.666667, 7.429712, 1.629393, 3.392971, 5.107029
 236.000000, 9.453390, 1.762712, 3.227401, 5.040960
 213.333333, 8.365625, 1.887500, 3.448438, 5.421875
 216.000000, 9.907407, 1.899691, 3.456790, 5.429012
 217.333333, 8.897239, 1.746933, 3.434049, 5.257669
 233.000000, 9.364807, 1.781116, 3.194564, 5.037196
 234.000000, 9.537037, 1.695157, 3.260684, 5.008547
 209.666667, 10.265501, 1.910970, 3.616852, 5.599364
 216.333333, 9.437596, 1.878274, 3.514638, 5.468413
 233.333333, 9.798571, 2.194286, 3.114286, 5.362857
 224.000000, 9.767857, 1.669643, 3.229167, 4.971726
 226.333333, 9.251841, 1.935199, 3.468336, 5.450663
 224.333333, 8.402675, 1.747400, 3.393759, 5.225854
 220.333333, 9.798790, 1.888048, 3.416036, 5.355522
 230.333333, 9.393632, 1.578871, 3.270622, 4.926194
 217.000000, 10.425499, 1.944700, 3.479263, 5.517665
 221.666667, 9.081203, 1.845113, 3.440602, 5.332331
 242.333333, 9.409904, 1.877579, 3.162311, 5.082531
7
 0.250000, 0.000000, 0.000000, 25.000000, 27.000000
 203.666667, 10.540098, 2.148936, 3.309329, 5.538462
 199.333333, 7.324415, 1.662207, 3.486622, 5.267559
 243.000000, 9.174211, 1.796982, 2.971193, 4.812071
 219.000000, 8.307458, 1.643836, 3.474886, 5.251142
 229.000000, 8.889374, 2.004367, 3.222707, 5.298399
 234.333333, 9.603129, 1.843528, 3.193457, 5.083926
 221.666667, 9.547368, 1.699248, 3.354887, 5.114286
 223.333333, 9.294030, 1.740299, 3.304478, 5.117910
 233.666667, 9.543509, 1.738944, 3.252496, 5.081312
 223.000000, 10.301943, 1.943199, 3.417040, 5.403587
 218.666667, 9.730183, 1.763720, 3.455793, 5.280488
 204.333333, 8.402936, 1.748777, 3.497553, 5.298532
 235.666667, 10.446959, 1.809052, 3.137199, 5.004243
 231.000000, 9.760462, 1.962482, 3.331890, 5.343434
 206.000000, 8.242718, 1.553398, 3.705502, 5.398058
 217.666667, 9.738132, 1.754977, 3.549770, 5.393568
 230.333333, 8.976845, 1.816208, 3.282200, 5.173661
 213.333333, 9.287500, 1.767188, 3.528125, 5.375000
 208.666667, 8.324281, 1.766773, 3.659744, 5.517572
 215.666667, 8.426584, 1.676971, 3.442040, 5.197836
8
 0.250000, 0.000000, 0.000000, 22.000000, 25.000000
 195.666667, 9.211244, 1.954003, 3.449744, 5.458262
 223.666667, 8.895678, 1.815201, 3.344262, 5.207154
 236.333333, 8.898449, 1.689704, 3.135402, 4.874471
 230.666667, 8.933526, 1.718208, 3.226879, 5.065029
 213.000000, 8.602504, 2.026604, 3.397496, 5.510172
 209.666667, 8.759936, 1.624801, 3.440382, 5.220986
 246.000000, 10.708672, 1.831978, 3.086721, 5.008130
 226.666667, 9.288235, 1.801471, 3.235294, 5.129412
 236.333333, 9.669958, 1.843441, 3.220028, 5.132581
 210.666667, 10.072785, 1.901899, 3.517405, 5.509494
 222.666667, 9.745509, 1.949102, 3.393713, 5.414671
 227.000000, 9.778267, 2.130690, 3.221733, 5.424376
 226.000000, 9.837758, 1.792035, 3.191740, 5.073746
 197.000000, 8.201354, 1.639594, 3.810491, 5.539763
 223.666667, 9.473920, 1.713860, 3.332340, 5.160954
 208.333333, 9.942400, 1.664000, 3.640000, 5.425600
 238.666667, 9.629888, 1.773743, 3.282123, 5.100559
 196.000000, 8.996599, 1.831633, 3.824830, 5.787415
 222.000000, 9.669670, 1.743243, 3.388889, 5.201201
 232.666667, 9.164756, 1.868195, 3.256447, 5.209169
9
 0.250000, 0.000000, 0.000000, 22.000000, 25.000000
 197.666667, 9.219224, 1.946037, 3.404722, 5.419899
 226.666667, 8.463235, 1.880882, 3.245588, 5.173529
 226.333333, 8.695140, 1.771723, 3.172312, 5.011782
 240.666667, 9.587258, 1.627424, 3.224377, 4.900277
 208.333333, 8.758400, 1.792000, 3.604800, 5.468800
 239.000000, 10.266388, 2.040446, 3.112971, 5.244073
 223.333333, 9.302985, 1.765672, 3.335821, 5.168657
 234.333333, 9.857752, 1.812233, 3.200569, 5.105263
 226.333333, 9.038292, 1.681885, 3.388807, 5.119293
 208.333333, 10.104000, 1.958400, 3.628800, 5.659200
 207.666667, 8.906902, 1.812199, 3.719101, 5.590690
 225.333333, 9.124260, 2.025148, 3.267751, 5.340237
 204.000000, 8.558824, 1.645425, 3.501634, 5.236928
 211.333333, 7.444795, 1.843849, 3.621451, 5.531546
 230.000000, 9.095652, 1.581159, 3.420290, 5.066667
 237.666667, 10.657784, 1.859748, 3.162693, 5.130435
 236.666667, 9.257746, 1.861972, 3.222535, 5.132394
 212.666667, 9.598746, 1.835423, 3.515674, 5.451411
 240.000000, 10.327778, 2.087500, 3.247222, 5.388889
 219.666667, 8.722307, 1.699545, 3.373293, 5.154780
10
 0.250000, 0.000000, 0.000000, 24.000000, 27.000000
 188.333333, 8.516814, 1.991150, 3.562832, 5.653097
 205.333333, 7.490260, 1.683442, 3.439935, 5.191558
 230.333333, 8.775687, 1.628075, 3.101302, 4.800289
 241.333333, 9.610497, 1.882597, 3.200276, 5.128453
 226.000000, 9.073746, 2.056047, 3.308260, 5.410029
 234.333333, 10.088193, 1.837838, 3.281650, 5.159317
 225.000000, 9.133333, 1.860741, 3.162963, 5.112593
 220.666667, 8.567976, 1.614804, 3.296073, 4.957704
 225.000000, 9.145185, 1.714074, 3.312593, 5.154074
 207.333333, 9.528939, 1.789389, 3.618971, 5.495177
 205.666667, 9.191248, 1.802269, 3.607780, 5.486224
 218.333333, 8.719084, 1.978626, 3.325191, 5.352672
 222.000000, 10.061562, 1.827327, 3.193694, 5.130631
 223.666667, 8.737705, 1.938897, 3.424739, 5.412817
 194.666667, 8.369863, 1.561644, 3.821918, 5.532534
 232.333333, 10.807747, 1.972740, 3.340029, 5.418938
 211.000000, 8.336493, 1.661927, 3.467615, 5.225908
 215.666667, 9.734158, 1.737249, 3.527048, 5.323029
 230.333333, 9.465991, 1.933430, 3.257598, 5.344428
 227.666667, 9.193265, 1.711567, 3.308931, 5.087848
11
 0.250000, 0.000000, 0.000000, 24.000000, 27.000000
 193.333333, 9.043103, 1.979310, 3.429310, 5.458621
 227.666667, 9.017570, 1.795022, 3.199122, 5.065886
 226.666667, 9.548529, 1.666176, 3.135294, 4.875000
 236.000000, 9.956215, 1.731638, 3.269774, 5.063559
 233.666667, 9.727532, 1.937233, 3.152639, 5.135521
 229.333333, 10.130814, 1.886628, 3.303779, 5.257267
 245.666667, 10.039349, 1.896879, 2.991859, 4.967436
 213.000000, 9.057903, 1.680751, 3.455399, 5.214397
 224.000000, 9.380952, 1.700893, 3.358631, 5.133929
 208.333333, 9.728000, 2.012800, 3.507200, 5.616000
 222.000000, 9.190691, 1.855856, 3.415916, 5.330330
 225.333333, 9.627219, 1.906805, 3.195266, 5.236686
 229.000000, 9.689956, 1.903930, 3.161572, 5.123726
 231.666667, 9.844604, 1.897842, 3.384173, 5.342446
 230.666667, 8.640173, 1.696532, 3.278902, 5.047688
 217.000000, 9.058372, 1.740399, 3.511521, 5.341014
 237.000000, 9.530239, 1.818565, 3.261603, 5.127989
 191.000000, 9.525305, 1.884817, 3.844677, 5.867365
 230.333333, 9.402315, 1.868307, 3.296671, 5.224313
 229.000000, 9.360990, 1.854440, 3.304221, 5.222707
12
 0.250000, 2.000000, 0.000000, 21.000000, 24.000000
 195.333333, 9.081911, 1.774744, 3.336177, 5.218430
 209.666667, 8.635930, 1.645469, 3.405405, 5.152623
 210.333333, 8.155309, 1.584786, 3.470681, 5.120444
 228.666667, 9.005831, 1.790087, 3.338192, 5.205539
 205.000000, 8.422764, 1.801626, 3.515447, 5.409756
 200.666667, 8.677741, 1.737542, 3.529900, 5.370432
 239.333333, 9.917827, 1.789694, 3.058496, 4.908078
 231.000000, 9.722944, 1.754690, 3.264069, 5.069264
 236.333333, 10.004231, 1.753173, 3.208745, 5.022567
 206.666667, 9.559677, 1.969355, 3.638710, 5.679032
 204.666667, 8.366450, 1.724756, 3.809446, 5.622150
 189.666667, 7.929701, 1.760984, 3.759227, 5.616872
 221.666667, 10.054135, 1.685714, 3.279699, 5.069173
 229.000000, 9.346434, 1.935953, 3.477438, 5.458515
 244.000000, 10.025956, 1.784153, 3.087432, 4.941257
 229.333333, 9.776163, 1.827035, 3.404070, 5.332849
 234.666667, 9.451705, 1.781250, 3.200284, 5.099432
 199.333333, 9.051839, 1.809365, 3.745819, 5.668896
 232.000000, 9.535920, 1.890805, 3.356322, 5.301724
 238.000000, 9.760504, 1.931373, 3.198880, 5.197479
13
 0.250000, 0.000000, 1.000000, 8.000000, 21.000000
 197.000000, 9.583756, 2.109983, 3.502538, 5.678511
 250.666667, 9.876330, 1.984043, 2.941489, 4.998670
 231.333333, 8.907781, 1.665706, 3.174352, 4.909222
 236.666667, 9.557746, 1.776056, 3.202817, 5.049296
 220.000000, 9.200000, 2.022727, 3.477273, 5.568182
 231.000000, 9.997114, 1.864358, 3.290043, 5.223665
 235.000000, 9.773050, 1.878014, 3.154610, 5.097872
 232.333333, 9.885222, 1.885222, 3.206600, 5.167862
 236.666667, 9.946479, 1.784507, 3.242254, 5.091549
 196.000000, 9.416667, 1.758503, 3.595238, 5.460884
 213.000000, 9.007825, 1.838811, 3.514867, 5.427230
 218.333333, 8.485496, 1.975573, 3.367939, 5.473282
 228.666667, 9.549563, 1.819242, 3.196793, 5.072886
 219.333333, 8.914894, 1.829787, 3.465046, 5.364742
 233.000000, 9.257511, 1.695279, 3.218884, 4.974249
 236.333333, 10.451340, 1.837800, 3.205924, 5.132581
 232.666667, 8.893983, 1.818052, 3.277937, 5.167622
 215.666667, 10.102009, 2.057187, 3.500773, 5.624420
 237.333333, 9.622191, 1.900281, 3.264045, 5.269663
 226.333333, 8.811487, 1.779087, 3.378498, 5.259205
14
 0.250000, 0.000000, 1.000000, 23.000000, 26.000000
 206.000000, 10.305825, 1.985437, 3.203883, 5.273463
 230.000000, 9.334783, 1.894203, 3.192754, 5.152174
 225.000000, 8.174815, 1.628148, 3.204444, 4.884444
 228.000000, 9.744152, 1.802632, 3.371345, 5.245614
 230.333333, 10.492041, 2.052098, 3.247467, 5.373372
 225.666667, 9.384047, 1.806499, 3.322009, 5.217134
 238.333333, 10.034965, 1.818182, 3.123077, 5.037762
 239.333333, 10.263231, 1.888579, 3.213092, 5.154596
 225.000000, 8.946667, 1.650370, 3.392593, 5.112593
 190.333333, 9.182137, 1.791594, 3.893170, 5.833625
 211.333333, 8.605678, 1.878549, 3.500000, 5.509464
 214.666667, 8.812112, 1.878882, 3.541925, 5.557453
 236.000000, 10.237288, 1.862994, 3.093220, 5.018362
 212.333333, 8.353218, 1.679749, 3.635793, 5.397174
 244.000000, 9.422131, 1.681694, 3.241803, 4.968579
 201.333333, 10.115894, 1.736755, 3.731788, 5.625828
 239.333333, 9.717270, 1.884401, 3.206128, 5.171309
 201.333333, 9.597682, 1.899007, 3.697020, 5.682119
 219.000000, 8.856925, 1.904110, 3.473364, 5.470320
 229.333333, 8.811047, 1.854651, 3.329942, 5.231105
15
 0.250000, 1.000000, 1.000000, 19.000000, 24.000000
 193.666667, 9.452668, 2.127367, 3.500861, 5.690189
 219.333333, 8.544073, 1.656535, 3.189970, 4.986322
 233.000000, 9.460658, 1.639485, 3.087268, 4.799714
 232.333333, 9.502152, 1.859397, 3.311334, 5.241033
 217.333333, 8.904908, 1.955521, 3.409509, 5.464724
 230.333333, 9.985528, 1.842258, 3.303907, 5.211288
 229.333333, 9.209302, 1.710756, 3.324128, 5.082849
 231.000000, 9.666667, 1.868687, 3.186147, 5.132756
 225.666667, 8.703102, 1.666174, 3.387001, 5.101920
 226.333333, 10.961708, 2.176730, 3.428571, 5.652430
 233.333333, 9.741429, 2.005714, 3.268571, 5.337143
 203.333333, 7.965574, 1.801639, 3.577049, 5.498361
 238.666667, 10.441341, 1.927374, 3.009777, 4.991620
 209.333333, 8.347134, 1.926752, 3.555732, 5.578025
 213.666667, 8.513261, 1.591264, 3.463339, 5.174727
 216.000000, 9.433642, 1.842593, 3.469136, 5.422840
 221.666667, 8.786466, 1.718797, 3.362406, 5.165414
 207.666667, 9.547352, 1.841091, 3.577849, 5.495987
 216.333333, 8.852080, 1.755008, 3.369800, 5.272727
 238.000000, 9.327731, 1.949580, 3.229692, 5.247899
16
 0.250000, 1.000000, 1.000000, 23.000000, 25.000000
 200.000000, 9.918333, 1.950000, 3.315000, 5.343333
 235.666667, 9.015559, 1.878359, 3.083451, 5.032532
 244.000000, 9.348361, 1.821038, 3.019126, 4.894809
 221.666667, 8.696241, 1.529323, 3.321805, 4.927820
 232.666667, 9.626074, 2.048711, 3.203438, 5.309456
 233.666667, 9.974322, 1.895863, 3.312411, 5.253923
 219.000000, 9.144597, 1.759513, 3.340944, 5.178082
 231.666667, 10.258993, 1.784173, 3.228777, 5.103597
 244.000000, 9.961749, 1.882514, 3.065574, 5.004098
 196.666667, 8.584746, 1.793220, 3.822034, 5.715254
 220.333333, 9.180030, 1.951589, 3.369138, 5.390318
 216.000000, 8.797840, 1.896605, 3.314815, 5.276235
 216.666667, 9.352308, 1.770769, 3.366154, 5.193846
 212.000000, 8.545597, 1.761006, 3.595912, 5.433962
 235.000000, 9.605674, 1.696454, 3.204255, 4.957447
 220.000000, 10.236364, 1.751515, 3.475758, 5.321212
 251.666667, 10.025166, 1.976159, 3.011921, 5.033113
 201.333333, 9.276490, 1.852649, 3.720199, 5.645695
 222.333333, 9.077961, 1.902549, 3.388306, 5.356822
 222.333333, 8.835082, 1.778111, 3.346327, 5.178411
17
 0.250000, 0.000000, 1.000000, 20.000000, 24.000000
 192.333333, 9.171577, 1.918544, 3.431542, 5.428076
 229.666667, 8.747460, 1.705370, 3.178520, 4.937591
 217.666667, 8.611026, 1.620214, 3.229709, 4.946401
 226.333333, 8.702504, 1.646539, 3.265096, 4.972018
 215.000000, 8.789147, 1.987597, 3.480620, 5.534884
 221.333333, 8.746988, 1.731928, 3.290663, 5.105422
 231.000000, 8.924964, 1.829726, 3.235209, 5.128427
 221.666667, 8.998496, 1.652632, 3.326316, 5.060150
 228.333333, 9.283212, 1.654015, 3.362044, 5.067153
 176.666667, 8.681132, 1.660377, 4.115094, 5.937736
 226.000000, 10.389381, 1.929204, 3.371681, 5.382006
 248.333333, 10.614765, 2.293960, 2.970470, 5.308725
 224.333333, 10.369985, 1.851412, 3.340267, 5.265973
 222.000000, 9.812312, 1.899399, 3.468468, 5.430931
 240.666667, 10.056787, 1.746537, 3.211911, 5.041551
 210.333333, 9.163233, 1.749604, 3.516640, 5.326466
 235.000000, 9.168794, 1.804255, 3.212766, 5.082270
 220.000000, 9.418182, 2.072727, 3.437879, 5.583333
 222.666667, 8.913174, 1.779940, 3.428144, 5.269461
 237.333333, 9.169944, 1.889045, 3.209270, 5.158708
18
 0.250000, 9.000000, 0.000000, 5.000000, 6.000000
 204.000000, 9.467320, 1.973856, 3.400327, 5.421569
 222.333333, 8.020990, 1.631184, 3.187406, 4.899550
 216.666667, 7.553846, 1.723077, 3.263077, 5.050769
 235.333333, 9.317280, 1.790368, 3.250708, 5.143059
 217.666667, 8.909648, 1.885145, 3.460949, 5.393568
 237.000000, 10.139241, 1.893108, 3.194093, 5.163150
 245.666667, 9.812754, 1.854817, 3.153324, 5.065129
 219.666667, 9.300455, 1.816388, 3.359636, 5.247344
 247.666667, 10.157470, 1.760431, 3.122476, 4.930013
 219.000000, 9.564688, 2.053272, 3.499239, 5.608828
 233.333333, 10.055714, 1.972857, 3.340000, 5.364286
 228.333333, 9.486131, 1.991241, 3.194161, 5.256934
 233.333333, 9.992857, 1.814286, 3.090000, 4.960000
 220.666667, 8.904834, 1.583082, 3.480363, 5.132931
 225.333333, 9.486686, 1.612426, 3.338757, 5.034024
 218.666667, 9.309451, 1.934451, 3.422256, 5.407012
 237.000000, 8.946554, 1.760900, 3.218003, 5.028129
 230.333333, 10.723589, 2.134588, 3.369030, 5.551375
 216.000000, 8.695988, 1.768519, 3.492284, 5.325617
 242.000000, 9.977961, 1.997245, 3.183196, 5.243802
19
 0.250000, 2.000000, 0.000000, 0.000000, 1.000000
 205.666667, 10.008104, 2.128039, 3.437601, 5.622366
 237.000000, 9.544304, 1.887482, 3.140647, 5.081575
 223.666667, 8.201192, 1.616990, 3.196721, 4.865872
 242.000000, 9.345730, 1.739669, 3.213499, 5.034435
 228.333333, 9.367883, 1.945985, 3.318248, 5.340146
 208.000000, 8.804487, 1.725962, 3.628205, 5.408654
 226.000000, 9.008850, 1.792035, 3.287611, 5.162242
 230.000000, 9.534783, 1.766667, 3.252174, 5.088406
 234.666667, 9.365057, 1.785511, 3.201705, 5.052557
 208.000000, 9.347756, 1.783654, 3.644231, 5.493590
 201.666667, 8.685950, 1.781818, 3.768595, 5.641322
 213.666667, 8.719189, 1.934477, 3.363495, 5.386895
 213.000000, 9.208138, 1.719875, 3.388106, 5.190923
 210.666667, 9.042722, 1.947785, 3.642405, 5.678797
 230.000000, 8.943478, 1.637681, 3.213043, 4.914493
 234.333333, 10.472262, 2.024182, 3.352774, 5.435277
 226.333333, 9.182622, 1.724595, 3.337261, 5.142857
 194.666667, 8.806507, 1.736301, 3.962329, 5.782534
 228.666667, 9.158892, 2.000000, 3.386297, 5.459184
 235.333333, 9.107649, 1.957507, 3.215297, 5.245042
20
 0.250000, 0.000000, 0.000000, 0.000000, 2.000000
 201.333333, 10.324503, 1.993377, 3.461921, 5.528146
 225.000000, 8.287407, 1.725926, 3.164444, 4.961481
 238.000000, 9.281513, 1.739496, 3.102241, 4.911765
 233.666667, 9.373752, 1.646220, 3.246790, 4.952924
 210.666667, 8.693038, 1.783228, 3.492089, 5.381329
 218.666667, 9.282012, 1.719512, 3.422256, 5.242378
 225.000000, 9.333333, 1.869630, 3.336296, 5.288889
 226.333333, 9.717231, 1.780560, 3.334315, 5.189985
 221.666667, 9.428571, 1.571429, 3.406015, 5.027068
 196.000000, 8.498299, 1.671769, 3.835034, 5.581633
 221.666667, 9.240602, 1.864662, 3.439098, 5.366917
 210.000000, 9.060317, 1.831746, 3.457143, 5.350794
 226.666667, 9.789706, 1.738235, 3.119118, 4.969118
 229.000000, 9.087336, 1.957787, 3.430859, 5.449782
 243.666667, 9.649795, 1.761970, 3.123119, 4.943912
 221.000000, 11.013575, 1.838612, 3.402715, 5.354449
 239.000000, 9.662483, 1.857741, 3.217573, 5.142259
 213.000000, 9.442879, 1.918623, 3.555556, 5.546166
 222.666667, 8.875749, 1.821856, 3.579341, 5.480539
 234.666667, 9.149148, 1.809659, 3.340909, 5.204545
21
 0.250000, 1.000000, 0.000000, 1.000000, 26.000000
 206.000000, 10.288026, 2.103560, 3.213592, 5.419094
 233.666667, 8.938659, 1.747504, 3.082739, 4.888730
 243.333333, 9.645205, 1.686301, 2.980822, 4.709589
 234.000000, 9.405983, 1.867521, 3.292023, 5.209402
 228.666667, 9.816327, 1.962099, 3.304665, 5.322157
 208.000000, 8.708333, 1.743590, 3.516026, 5.368590
 234.333333, 9.102418, 1.788051, 3.165007, 5.029872
 225.333333, 9.468935, 1.704142, 3.286982, 5.085799
 232.333333, 9.404591, 1.845050, 3.302726, 5.205165
 210.000000, 9.731746, 1.903175, 3.607937, 5.571429
 224.000000, 9.627976, 2.004464, 3.367560, 5.449405
 219.333333, 9.300912, 2.018237, 3.320669, 5.399696
 233.333333, 9.215714, 1.878571, 3.117143, 5.057143
 223.000000, 8.825112, 2.023916, 3.426009, 5.542601
 238.666667, 9.284916, 1.702514, 3.185754, 4.972067
 220.666667, 9.782477, 1.814199, 3.492447, 5.392749
 236.666667, 9.488732, 1.749296, 3.191549, 4.998592
 226.666667, 11.063235, 2.057353, 3.311765, 5.433824
 223.333333, 9.052239, 1.797015, 3.408955, 5.276119
 235.666667, 9.425743, 1.826025, 3.241867, 5.117397
22
 0.250000, 1.000000, 0.000000, 2.000000, 3.000000
 204.333333, 9.978793, 2.133768, 3.221860, 5.440457
 236.000000, 8.987288, 1.896893, 3.091808, 5.033898
 234.000000, 8.991453, 1.753561, 3.149573, 4.985755
 230.333333, 8.751085, 1.712012, 3.257598, 5.054993
 228.000000, 8.574561, 1.846491, 3.206140, 5.112573
 239.333333, 10.257660, 1.821727, 3.146240, 5.015320
 239.000000, 10.174338, 1.810321, 3.140865, 5.032078
 212.666667, 9.009404, 1.663009, 3.493730, 5.228840
 216.333333, 9.228043, 1.611710, 3.468413, 5.144838
 220.333333, 10.095310, 2.114977, 3.408472, 5.609682
 221.000000, 9.621418, 1.895928, 3.434389, 5.408748
 226.333333, 9.804124, 1.989691, 3.259205, 5.300442
 236.333333, 10.634697, 1.870240, 3.152327, 5.090268
 221.000000, 9.407240, 1.978884, 3.432881, 5.469080
 235.666667, 9.722772, 1.702970, 3.214993, 4.990099
 212.000000, 9.589623, 1.850629, 3.498428, 5.435535
 236.333333, 9.411848, 1.750353, 3.244006, 5.045134
 208.000000, 9.006410, 1.741987, 3.554487, 5.399038
 240.666667, 9.930748, 1.871191, 3.213296, 5.155125
 202.333333, 7.359143, 1.667216, 3.571664, 5.378913
23
 0.250000, 0.000000, 0.000000, 1.000000, 3.000000
 190.000000, 9.694737, 2.250877, 3.343860, 5.657895
 235.333333, 8.873938, 1.837110, 3.128895, 5.022663
 229.000000, 8.771470, 1.662300, 3.225619, 4.937409
 228.000000, 9.368421, 1.714912, 3.346491, 5.128655
 217.333333, 8.700920, 1.845092, 3.378834, 5.311350
 229.666667, 9.362845, 1.834543, 3.197388, 5.089985
 229.000000, 9.040757, 1.835517, 3.320233, 5.227074
 230.666667, 10.145954, 1.878613, 3.197977, 5.137283
 233.000000, 9.899857, 1.769671, 3.248927, 5.097282
 212.000000, 9.556604, 2.022013, 3.581761, 5.674528
 211.333333, 9.034700, 1.875394, 3.566246, 5.509464
 216.333333, 9.229584, 1.924499, 3.355932, 5.365177
 226.333333, 10.634757, 1.755523, 3.310751, 5.145803
 212.000000, 8.322327, 1.650943, 3.643082, 5.353774
 228.666667, 9.252187, 1.692420, 3.316327, 5.100583
 213.666667, 9.542902, 1.761310, 3.609984, 5.517941
 228.333333, 8.948905, 1.654015, 3.297810, 5.018978
 226.666667, 9.938235, 1.983824, 3.383824, 5.414706
 234.000000, 9.811966, 1.905983, 3.286325, 5.254986
 243.333333, 10.509589, 1.986301, 3.241096, 5.294521
24
 0.250000, 0.000000, 0.000000, 0.000000, 3.000000
 200.000000, 9.450000, 2.020000, 3.461667, 5.561667
 216.666667, 8.129231, 1.773846, 3.310769, 5.169231
 232.666667, 9.031519, 1.724928, 3.176218, 4.957020
 243.333333, 9.616438, 1.839726, 3.198630, 5.083562
 231.666667, 9.572662, 1.896403, 3.237410, 5.200000
 217.666667, 8.940276, 1.857580, 3.352221, 5.281776
 248.000000, 10.416667, 1.866935, 3.059140, 4.970430
 222.000000, 8.908408, 1.822823, 3.258258, 5.159159
 239.666667, 10.062587, 1.833102, 3.255911, 5.187761
 211.000000, 10.443918, 2.048973, 3.605055, 5.729858
 219.333333, 9.018237, 1.951368, 3.430091, 5.440729
 223.666667, 9.140089, 2.104322, 3.245902, 5.427720
 236.333333, 10.145275, 1.856135, 3.128350, 5.055007
 214.333333, 8.391913, 1.951788, 3.494557, 5.503888
 249.666667, 10.332443, 1.794393, 3.054740, 4.891856
 220.000000, 9.480303, 1.830303, 3.415152, 5.343939
 225.000000, 9.143704, 1.728889, 3.293333, 5.130370
 217.000000, 9.500768, 1.827957, 3.528418, 5.405530
 240.333333, 9.993065, 1.977809, 3.205270, 5.239945
 243.333333, 9.609589, 1.950685, 3.163014, 5.158904
25
 0.250000, 0.000000, 0.000000, 1.000000, 3.000000
 211.000000, 9.865719, 2.162717, 3.325434, 5.533965
 215.000000, 8.424806, 1.696124, 3.289922, 5.108527
 231.666667, 8.857554, 1.640288, 3.165468, 4.857554
 233.666667, 9.125535, 1.666191, 3.263909, 4.994294
 223.333333, 9.700000, 1.828358, 3.477612, 5.376119
 229.333333, 9.327035, 1.787791, 3.273256, 5.155523
 220.333333, 9.054463, 1.664145, 3.346445, 5.105900
 229.666667, 9.847605, 1.772134, 3.265602, 5.082729
 223.000000, 9.550075, 1.739910, 3.400598, 5.266069
 201.000000, 9.472637, 1.880597, 3.746269, 5.789386
 213.333333, 9.426563, 1.776563, 3.489063, 5.343750
 225.666667, 9.166913, 2.045790, 3.277696, 5.370753
 215.666667, 9.822257, 1.867079, 3.394127, 5.366306
 217.333333, 8.639571, 1.657975, 3.490798, 5.216258
 239.333333, 9.465181, 1.807799, 3.082173, 4.986072
 223.666667, 10.934426, 1.785395, 3.405365, 5.290611
 239.333333, 9.364903, 1.820334, 3.242340, 5.111421
 226.333333, 10.157585, 2.107511, 3.399116, 5.567010
 238.666667, 10.044693, 1.963687, 3.234637, 5.255587
 230.666667, 8.939306, 1.763006, 3.348266, 5.234104
26
 0.250000, 0.000000, 0.000000, 0.000000, 1.000000
 201.333333, 9.910596, 2.028146, 3.387417, 5.465232
 225.666667, 8.810931, 1.782866, 3.276219, 5.125554
 240.000000, 9.420833, 1.659722, 3.023611, 4.738889
 252.666667, 9.798153, 1.911609, 3.116095, 5.069921
 220.000000, 8.503030, 1.887879, 3.363636, 5.315152
 228.333333, 8.916788, 1.795620, 3.211679, 5.084672
 228.333333, 8.820438, 1.832117, 3.162044, 5.054015
 225.666667, 9.370753, 1.772526, 3.351551, 5.203840
 224.333333, 9.487370, 1.731055, 3.347697, 5.158990
 177.333333, 8.462406, 1.718045, 4.082707, 5.943609
 219.666667, 9.537178, 1.898331, 3.411229, 5.391502
 217.333333, 8.904908, 1.986196, 3.400307, 5.455521
 219.000000, 9.144597, 1.744292, 3.283105, 5.095890
 230.666667, 9.615607, 1.739884, 3.404624, 5.197977
 230.000000, 9.278261, 1.726087, 3.310145, 5.144928
 237.333333, 11.108146, 1.948034, 3.308989, 5.363764
 228.666667, 8.791545, 1.711370, 3.311953, 5.074344
 220.000000, 9.853030, 2.028788, 3.443939, 5.539394
 234.333333, 9.836415, 1.810811, 3.305832, 5.194879
 229.666667, 8.480406, 1.767779, 3.333817, 5.165457
27
 0.250000, 1.000000, 0.000000, 0.000000, 1.000000
 194.000000, 10.042955, 1.945017, 3.506873, 5.525773
 226.333333, 8.583211, 1.745214, 3.231222, 5.039764
 244.000000, 10.151639, 1.795082, 3.000000, 4.841530
 241.666667, 10.459310, 1.820690, 3.171034, 5.049655
 227.333333, 9.343109, 1.904692, 3.310850, 5.275660
 237.666667, 9.664797, 1.899018, 3.144460, 5.088359
 209.333333, 8.898089, 1.691083, 3.506369, 5.281847
 217.000000, 8.881720, 1.712750, 3.413210, 5.222734
 214.333333, 9.468118, 1.500778, 3.441680, 5.083981
 194.333333, 9.727273, 1.816467, 3.753002, 5.662093
 205.000000, 8.895935, 1.973984, 3.585366, 5.666667
 226.333333, 9.175258, 1.972018, 3.272459, 5.309278
 212.666667, 9.047022, 1.760188, 3.347962, 5.242947
 219.333333, 8.107903, 1.694529, 3.434650, 5.186930
 250.000000, 10.402667, 1.860000, 3.086667, 5.029333
 223.666667, 10.225037, 1.895678, 3.378539, 5.366617
 214.666667, 8.627329, 1.614907, 3.599379, 5.290373
 212.666667, 10.172414, 2.015674, 3.620690, 5.697492
 213.000000, 8.295775, 1.758998, 3.499218, 5.361502
 219.666667, 8.682853, 1.807284, 3.443096, 5.362671
28
 0.250000, 1.000000, 0.000000, 1.000000, 23.000000
 196.000000, 8.685374, 1.903061, 3.488095, 5.443878
 220.333333, 8.232980, 1.756430, 3.231467, 5.059002
 235.333333, 9.746459, 1.784703, 3.079320, 4.939093
 234.333333, 8.759602, 1.758179, 3.310100, 5.129445
 231.333333, 9.440922, 1.971182, 3.220461, 5.276657
 223.333333, 8.956716, 1.728358, 3.294030, 5.129851
 215.333333, 8.366873, 1.670279, 3.438080, 5.154799
 229.333333, 9.665698, 1.725291, 3.196221, 5.027616
 232.000000, 9.356322, 1.764368, 3.267241, 5.087644
 215.666667, 10.346213, 1.948995, 3.551777, 5.582689
 216.333333, 9.049307, 1.776579, 3.473035, 5.314330
 221.000000, 9.330317, 1.912519, 3.271493, 5.242836
 205.333333, 9.616883, 1.775974, 3.454545, 5.324675
 220.000000, 8.587879, 1.859091, 3.513636, 5.433333
 218.333333, 8.961832, 1.615267, 3.480916, 5.170992
 224.666667, 9.949555, 1.783383, 3.413947, 5.265579
 228.666667, 9.258017, 1.793003, 3.421283, 5.293003
 224.000000, 10.117560, 1.885417, 3.406250, 5.361607
 223.000000, 9.623318, 1.914798, 3.396114, 5.372197
 223.000000, 9.164425, 1.902840, 3.467862, 5.437967
29
 0.250000, 0.000000, 0.000000, 1.000000, 23.000000
 190.666667, 9.508741, 1.951049, 3.465035, 5.468531
 218.333333, 8.482443, 1.668702, 3.299237, 5.022901
 239.333333, 9.986072, 1.689415, 3.096100, 4.866295
 218.666667, 8.911585, 1.687500, 3.399390, 5.196646
 223.000000, 9.334828, 1.838565, 3.316891, 5.261584
 216.666667, 9.264615, 1.786154, 3.463077, 5.300000
 232.333333, 9.721664, 1.779053, 3.239598, 5.091822
 227.000000, 10.132159, 1.684288, 3.301028, 5.055800
 221.333333, 8.774096, 1.688253, 3.498494, 5.253012
 216.333333, 10.295840, 1.932203, 3.571649, 5.576271
 219.000000, 9.354642, 1.808219, 3.491629, 5.345510
 219.333333, 9.396657, 2.063830, 3.264438, 5.420973
 215.333333, 9.424149, 1.713622, 3.356037, 5.123839
 226.666667, 8.680882, 1.673529, 3.427941, 5.169118
 234.666667, 8.782670, 1.623580, 3.208807, 4.886364
 217.333333, 9.938650, 1.773006, 3.358896, 5.242331
 215.333333, 8.184211, 1.602167, 3.704334, 5.356037
 222.666667, 10.000000, 1.985030, 3.375749, 5.410180
 241.000000, 10.015214, 1.983402, 3.170124, 5.215768
 231.000000, 9.679654, 1.857143, 3.251082, 5.194805
30
 0.250000, 0.000000, 0.000000, 1.000000, 23.000000
 197.000000, 9.274112, 1.947547, 3.536379, 5.554992
 207.000000, 7.621578, 1.637681, 3.475040, 5.209340
 240.000000, 9.937500, 1.705556, 2.998611, 4.812500
 226.333333, 8.921944, 1.592047, 3.213549, 4.901325
 215.666667, 8.944359, 1.812983, 3.480680, 5.357032
 213.333333, 9.085938, 1.801563, 3.450000, 5.343750
 237.666667, 9.950912, 1.838710, 3.169705, 5.072931
 229.666667, 9.255443, 1.718433, 3.217707, 4.998549
 207.666667, 9.110754, 1.536116, 3.597111, 5.211878
 212.666667, 9.761755, 1.967085, 3.578370, 5.614420
 224.000000, 9.785714, 1.964286, 3.395833, 5.431548
 210.000000, 9.134921, 2.028571, 3.441270, 5.534921
 230.000000, 9.420290, 1.779710, 3.105797, 5.001449
 222.333333, 8.677661, 1.712144, 3.505247, 5.272864
 209.666667, 8.753577, 1.505564, 3.669316, 5.252782
 231.666667, 10.435971, 1.961151, 3.258993, 5.296403
 224.333333, 8.646360, 1.722140, 3.410104, 5.190193
 224.000000, 10.366071, 2.041667, 3.416667, 5.532738
 202.666667, 8.713816, 1.671053, 3.758224, 5.541118
 239.000000, 9.004184, 1.827057, 3.192469, 5.096234
31
 0.250000, 2.000000, 0.000000, 1.000000, 1.000000
 197.000000, 9.329949, 1.800338, 3.390863, 5.285956
 224.666667, 7.884273, 1.719585, 3.206231, 4.974777
 233.000000, 8.765379, 1.612303, 3.115880, 4.788269
 233.333333, 9.544286, 1.757143, 3.190000, 5.010000
 213.666667, 8.858034, 1.853354, 3.449298, 5.361934
 202.333333, 7.691928, 1.639209, 3.530478, 5.266886
 215.333333, 8.120743, 1.599071, 3.575851, 5.256966
 199.666667, 8.686144, 1.604341, 3.619366, 5.365609
 239.000000, 10.041841, 1.810321, 3.140865, 5.076709
 203.666667, 9.144026, 1.980360, 3.656301, 5.752864
 208.000000, 8.668269, 1.878205, 3.641026, 5.600962
 210.000000, 9.006349, 2.107937, 3.398413, 5.587302
 230.000000, 9.531884, 1.755072, 3.139130, 4.946377
 225.333333, 9.167160, 1.724852, 3.430473, 5.224852
 225.000000, 9.426667, 1.745185, 3.404444, 5.217778
 221.666667, 9.807519, 1.879699, 3.369925, 5.324812
 211.666667, 8.300787, 1.670866, 3.503937, 5.269291
 228.000000, 10.461988, 1.942982, 3.407895, 5.415205
 226.666667, 9.619118, 1.804412, 3.323529, 5.213235
 232.333333, 9.414634, 1.847920, 3.220947, 5.127690
Histogram
0 0 0 0 0 0 0 0 0 0 4 0 0 0 0 0 0 0 0 0 1 0 0 0 0 0 0 0 0 0 4 0 0 0 0 0 0 0 0 0 0 0 0 0 0 0 0 5 18 53 101 113 104 86 76 47 26 6 3 2 1 0 0 0 0 0 0 0 0 0 0 0 0 0 0 0 0 0 0 0 1 0 0 0 0 0 0 0 0 0 1 0 0 0 0 0 0 0 0 0 0 0 0 0 0 0 0 0 0 0 0 0 0 0 0 0 0 0 0 20 
Cache Miss Ratio
NaN
numOfSets
429268
numOfGets
0
numOfMultiGets
0
