20
0
 0.250000, 0.000000, 0.000000, 8.000000, 29.000000
 95.333333, 3.622378, 0.818182, 3.048951, 3.940559
 101.333333, 1.467105, 0.490132, 4.128289, 4.690789
 100.000000, 2.950000, 0.776667, 3.953333, 4.856667
 112.000000, 2.744048, 0.598214, 3.342262, 4.002976
 109.333333, 2.862805, 0.567073, 3.350610, 3.984756
 111.333333, 2.314371, 0.434132, 3.482036, 4.000000
 117.333333, 1.710227, 0.443182, 3.258523, 3.747159
 115.666667, 1.726225, 0.412104, 3.365994, 3.827089
 112.000000, 1.851190, 0.428571, 3.392857, 3.866071
 115.666667, 2.236311, 0.472622, 3.057637, 3.582133
 114.333333, 2.708455, 0.504373, 3.198251, 3.752187
 116.000000, 1.548851, 0.428161, 3.178161, 3.649425
 108.000000, 1.475309, 0.478395, 3.533951, 4.080247
 112.000000, 2.273810, 0.663690, 3.178571, 3.895833
 107.333333, 2.257764, 0.456522, 3.419255, 3.940994
 115.000000, 1.965217, 0.411594, 3.278261, 3.742029
 109.000000, 2.021407, 0.397554, 3.633028, 4.097859
 121.333333, 2.631868, 0.549451, 3.192308, 3.785714
 110.000000, 1.972727, 0.506061, 3.251515, 3.800000
1
 0.250000, 0.000000, 0.000000, 20.000000, 23.000000
 94.666667, 2.514085, 0.792254, 2.957746, 3.806338
 103.333333, 1.580645, 0.396774, 3.945161, 4.422581
 106.333333, 3.385580, 0.695925, 3.504702, 4.329154
 106.000000, 2.474843, 0.635220, 3.333333, 4.034591
 107.666667, 2.492260, 0.647059, 3.396285, 4.095975
 121.333333, 3.087912, 0.475275, 3.494505, 4.027473
 112.000000, 2.160714, 0.419643, 3.327381, 3.788690
 111.333333, 2.020958, 0.413174, 3.377246, 3.856287
 116.000000, 1.997126, 0.514368, 3.313218, 3.890805
 119.000000, 2.957983, 0.543417, 2.997199, 3.588235
 103.333333, 2.364516, 0.635484, 3.754839, 4.435484
 113.000000, 1.442478, 0.383481, 3.383481, 3.846608
 110.333333, 1.740181, 0.468278, 3.586103, 4.102719
 107.333333, 2.310559, 0.667702, 3.440994, 4.180124
 111.333333, 1.500000, 0.413174, 3.616766, 4.083832
 116.666667, 2.300000, 0.388571, 3.365714, 3.805714
 111.666667, 2.176119, 0.450746, 3.307463, 3.802985
 116.000000, 2.089080, 0.574713, 3.502874, 4.146552
 105.000000, 1.847619, 0.555556, 3.276190, 3.882540
2
 0.250000, 0.000000, 0.000000, 21.000000, 23.000000
 96.333333, 3.494810, 1.010381, 3.207612, 4.311419
 106.000000, 1.987421, 0.459119, 3.657233, 4.166667
 106.666667, 3.053125, 0.518750, 3.231250, 3.800000
 103.666667, 2.411576, 0.726688, 3.742765, 4.559486
 109.000000, 2.556575, 0.486239, 3.431193, 3.981651
 113.666667, 2.214076, 0.483871, 3.422287, 3.956012
 120.666667, 2.339779, 0.400552, 2.941989, 3.386740
 114.333333, 1.895044, 0.448980, 3.329446, 3.854227
 112.000000, 2.038690, 0.505952, 3.351190, 3.943452
 111.333333, 2.203593, 0.541916, 3.182635, 3.772455
 99.666667, 1.829431, 0.538462, 3.812709, 4.414716
 111.000000, 1.378378, 0.450450, 3.276276, 3.792793
 106.333333, 2.025078, 0.492163, 3.645768, 4.213166
 112.666667, 2.112426, 0.576923, 3.118343, 3.766272
 103.333333, 1.790323, 0.425806, 3.635484, 4.132258
 118.000000, 1.822034, 0.412429, 3.189266, 3.646893
 113.000000, 1.746313, 0.386431, 3.336283, 3.769912
 110.333333, 2.564955, 0.501511, 3.141994, 3.737160
 106.333333, 1.924765, 0.520376, 3.253918, 3.824451
3
 0.250000, 0.000000, 0.000000, 8.000000, 22.000000
 96.333333, 4.058824, 0.692042, 3.339100, 4.107266
 104.000000, 1.762821, 0.570513, 3.919872, 4.538462
 96.000000, 1.906250, 0.531250, 3.767361, 4.350694
 104.333333, 2.252396, 0.565495, 3.789137, 4.463259
 106.333333, 3.319749, 0.539185, 3.724138, 4.338558
 110.333333, 1.867069, 0.419940, 3.519637, 3.990937
 105.666667, 1.498423, 0.340694, 3.744479, 4.135647
 122.000000, 2.240437, 0.368852, 3.275956, 3.691257
 117.333333, 2.082386, 0.409091, 3.215909, 3.670455
 125.333333, 3.236702, 0.579787, 3.055851, 3.688830
 111.333333, 2.577844, 0.508982, 3.314371, 3.871257
 113.666667, 1.785924, 0.375367, 3.337243, 3.785924
 114.333333, 2.758017, 0.524781, 3.239067, 3.810496
 109.666667, 2.079027, 0.568389, 3.306991, 3.945289
 115.000000, 2.489855, 0.521739, 3.344928, 3.918841
 112.000000, 2.014881, 0.389881, 3.247024, 3.687500
 111.333333, 1.452096, 0.452096, 3.488024, 3.994012
 114.666667, 2.139535, 0.561047, 3.287791, 3.892442
 107.000000, 2.246106, 0.507788, 3.305296, 3.862928
4
 0.250000, 0.000000, 0.000000, 1.000000, 19.000000
 89.000000, 2.711610, 0.659176, 3.161049, 3.925094
 104.333333, 1.859425, 0.456869, 3.929712, 4.437700
 100.333333, 2.418605, 0.531561, 3.631229, 4.259136
 106.000000, 2.528302, 0.572327, 3.490566, 4.119497
 109.333333, 2.853659, 0.612805, 3.228659, 3.893293
 119.666667, 2.632312, 0.493036, 3.465181, 4.038997
 102.333333, 1.263844, 0.449511, 3.452769, 3.980456
 114.000000, 2.195906, 0.441520, 3.289474, 3.780702
 112.666667, 1.659763, 0.467456, 3.491124, 4.002959
 111.333333, 1.877246, 0.547904, 3.224551, 3.817365
 105.333333, 1.860759, 0.572785, 3.484177, 4.126582
 115.000000, 2.286957, 0.475362, 3.194203, 3.718841
 104.666667, 1.796178, 0.455414, 3.519108, 4.025478
 118.333333, 3.036620, 0.667606, 3.047887, 3.760563
 111.666667, 2.161194, 0.456716, 3.525373, 4.026866
 119.666667, 2.083565, 0.423398, 3.086351, 3.573816
 111.333333, 1.751497, 0.437126, 3.464072, 3.955090
 120.666667, 2.317680, 0.629834, 3.323204, 4.002762
 107.000000, 1.956386, 0.722741, 3.598131, 4.442368
5
 0.250000, 0.000000, 0.000000, 1.000000, 18.000000
 92.000000, 3.601449, 0.967391, 3.250000, 4.322464
 104.000000, 2.012821, 0.467949, 4.000000, 4.519231
 109.000000, 2.764526, 0.608563, 3.394495, 4.067278
 101.000000, 1.900990, 0.514851, 3.712871, 4.300330
 101.000000, 2.495050, 0.706271, 3.600660, 4.356436
 110.000000, 1.815152, 0.493939, 3.475758, 4.018182
 110.333333, 1.592145, 0.371601, 3.178248, 3.592145
 110.666667, 1.746988, 0.448795, 3.484940, 4.036145
 114.333333, 2.064140, 0.489796, 3.291545, 3.827988
 116.666667, 2.848571, 0.625714, 3.017143, 3.688571
 109.000000, 1.675841, 0.532110, 3.293578, 3.892966
 120.000000, 2.202778, 0.436111, 3.244444, 3.727778
 112.333333, 1.813056, 0.412463, 3.367953, 3.842730
 102.666667, 2.006494, 0.613636, 3.383117, 4.051948
 109.666667, 2.313070, 0.477204, 3.762918, 4.291793
 121.000000, 1.931129, 0.407713, 3.035813, 3.484848
 109.000000, 1.868502, 0.418960, 3.397554, 3.883792
 111.000000, 2.381381, 0.477477, 3.294294, 3.813814
 107.333333, 2.012422, 0.627329, 3.683230, 4.363354
6
 0.250000, 0.000000, 0.000000, 16.000000, 21.000000
 101.666667, 4.645902, 0.865574, 3.416393, 4.377049
 108.000000, 2.830247, 0.444444, 3.608025, 4.098765
 100.333333, 2.401993, 0.644518, 3.614618, 4.312292
 116.333333, 2.902579, 0.604585, 3.160458, 3.836676
 117.000000, 3.034188, 0.592593, 3.301994, 3.943020
 119.666667, 2.194986, 0.473538, 3.481894, 4.002786
 109.000000, 1.850153, 0.373089, 3.669725, 4.097859
 118.000000, 2.242938, 0.415254, 3.132768, 3.596045
 112.333333, 2.427300, 0.451039, 3.394659, 3.896142
 117.000000, 2.034188, 0.561254, 2.940171, 3.549858
 110.000000, 2.163636, 0.496970, 3.718182, 4.263636
 113.000000, 1.530973, 0.436578, 3.197640, 3.684366
 111.000000, 1.888889, 0.489489, 3.639640, 4.195195
 102.000000, 1.820261, 0.549020, 3.140523, 3.738562
 109.000000, 1.764526, 0.492355, 3.535168, 4.091743
 124.666667, 1.941176, 0.475936, 3.377005, 3.901070
 114.666667, 1.898256, 0.433140, 3.470930, 3.950581
 102.666667, 1.399351, 0.496753, 3.305195, 3.889610
 102.666667, 2.051948, 0.564935, 3.327922, 3.941558
7
 0.250000, 0.000000, 12.000000, 14.000000, 28.000000
 100.000000, 4.046667, 0.856667, 3.123333, 4.036667
 111.000000, 2.168168, 0.471471, 3.759760, 4.288288
 103.666667, 2.408360, 0.482315, 3.729904, 4.260450
 108.000000, 2.577160, 0.567901, 3.246914, 3.864198
 107.333333, 2.378882, 0.605590, 3.285714, 3.937888
 117.000000, 1.940171, 0.441595, 3.450142, 3.962963
 109.333333, 1.490854, 0.399390, 3.158537, 3.600610
 117.000000, 2.054131, 0.430199, 3.074074, 3.555556
 111.333333, 1.772455, 0.526946, 3.323353, 3.895210
 109.666667, 1.930091, 0.443769, 3.145897, 3.668693
 97.666667, 2.068259, 0.600683, 3.447099, 4.092150
 118.333333, 1.526761, 0.416901, 3.073239, 3.535211
 105.333333, 1.800633, 0.430380, 3.803797, 4.291139
 104.333333, 2.434505, 0.539936, 3.281150, 3.878594
 107.666667, 2.080495, 0.424149, 3.461300, 3.931889
 129.000000, 2.627907, 0.454780, 3.100775, 3.617571
 116.666667, 1.537143, 0.411429, 3.331429, 3.788571
 117.000000, 2.239316, 0.621083, 3.307692, 3.974359
 102.666667, 1.464286, 0.688312, 3.493506, 4.230519
8
 0.250000, 0.000000, 13.000000, 6.000000, 27.000000
 90.666667, 3.161765, 0.944853, 3.312500, 4.345588
 104.666667, 1.429936, 0.359873, 3.691083, 4.098726
 113.333333, 3.435294, 0.588235, 3.488235, 4.123529
 102.666667, 2.470779, 0.577922, 3.782468, 4.503247
 98.000000, 1.829932, 0.625850, 3.602041, 4.302721
 111.333333, 1.302395, 0.419162, 3.470060, 3.940120
 108.000000, 1.719136, 0.308642, 3.376543, 3.731481
 113.333333, 2.258824, 0.441176, 3.338235, 3.826471
 114.666667, 1.627907, 0.462209, 3.302326, 3.811047
 104.666667, 1.643312, 0.503185, 3.308917, 3.866242
 106.666667, 2.331250, 0.493750, 3.265625, 3.806250
 119.333333, 1.865922, 0.416201, 3.136872, 3.594972
 105.333333, 1.993671, 0.424051, 3.553797, 4.047468
 111.333333, 2.254491, 0.526946, 3.248503, 3.832335
 109.666667, 2.082067, 0.422492, 3.583587, 4.079027
 115.333333, 1.846821, 0.450867, 2.846821, 3.346821
 106.666667, 1.390625, 0.359375, 3.393750, 3.809375
 117.333333, 2.590909, 0.610795, 3.335227, 4.008523
 107.666667, 2.761610, 0.563467, 3.263158, 3.879257
9
 0.250000, 0.000000, 13.000000, 2.000000, 20.000000
 85.333333, 2.109375, 0.710938, 3.382813, 4.175781
 111.000000, 1.810811, 0.555556, 3.825826, 4.429429
 108.000000, 2.851852, 0.543210, 3.413580, 4.015432
 106.333333, 2.717868, 0.595611, 3.445141, 4.166144
 102.333333, 2.651466, 0.671010, 3.524430, 4.273616
 114.000000, 1.959064, 0.336257, 3.473684, 3.903509
 107.666667, 1.876161, 0.359133, 3.554180, 3.984520
 119.333333, 2.337989, 0.446927, 3.142458, 3.636872
 119.333333, 2.519553, 0.427374, 3.240223, 3.712291
 119.000000, 2.521008, 0.478992, 3.120448, 3.647059
 103.333333, 2.477419, 0.558065, 3.529032, 4.170968
 119.333333, 2.081006, 0.474860, 3.209497, 3.726257
 109.000000, 2.510703, 0.452599, 3.461774, 3.987768
 106.666667, 1.646875, 0.550000, 3.375000, 3.978125
 107.000000, 1.950156, 0.439252, 3.626168, 4.137072
 114.333333, 1.746356, 0.451895, 3.268222, 3.775510
 107.333333, 1.801242, 0.419255, 3.506211, 4.018634
 109.333333, 2.375000, 0.515244, 3.442073, 4.030488
 101.333333, 1.789474, 0.618421, 3.348684, 4.013158
10
 0.250000, 0.000000, 14.000000, 1.000000, 18.000000
 100.333333, 4.089701, 0.893688, 3.239203, 4.209302
 100.333333, 2.106312, 0.541528, 4.079734, 4.697674
 102.333333, 2.201954, 0.550489, 3.452769, 4.058632
 101.333333, 2.641447, 0.565789, 3.601974, 4.266447
 106.666667, 2.281250, 0.568750, 3.262500, 3.890625
 110.666667, 2.018072, 0.451807, 3.551205, 4.051205
 111.666667, 1.740299, 0.429851, 3.101493, 3.579104
 113.333333, 2.588235, 0.502941, 3.229412, 3.776471
 111.333333, 2.263473, 0.532934, 3.470060, 4.071856
 116.333333, 1.942693, 0.452722, 3.137536, 3.641834
 99.000000, 1.673401, 0.447811, 3.845118, 4.346801
 112.000000, 2.318452, 0.458333, 3.196429, 3.726190
 109.666667, 2.212766, 0.471125, 3.392097, 3.914894
 116.000000, 3.149425, 0.580460, 3.017241, 3.646552
 116.666667, 2.211429, 0.491429, 3.754286, 4.288571
 119.333333, 1.449721, 0.424581, 3.363128, 3.829609
 108.666667, 1.432515, 0.423313, 3.496933, 3.969325
 119.666667, 2.768802, 0.551532, 3.242340, 3.849582
 104.333333, 1.955272, 0.581470, 3.204473, 3.837061
11
 0.250000, 0.000000, 0.000000, 1.000000, 6.000000
 100.333333, 5.006645, 0.880399, 3.255814, 4.289037
 100.000000, 1.793333, 0.506667, 4.166667, 4.733333
 94.333333, 2.116608, 0.554770, 3.477032, 4.123675
 110.000000, 2.442424, 0.557576, 3.506061, 4.160606
 105.333333, 2.117089, 0.544304, 3.297468, 3.895570
 119.666667, 1.913649, 0.367688, 3.253482, 3.665738
 106.666667, 1.781250, 0.409375, 3.431250, 3.884375
 110.333333, 2.075529, 0.410876, 3.099698, 3.558912
 113.666667, 2.026393, 0.475073, 3.134897, 3.656891
 116.333333, 2.243553, 0.492837, 2.997135, 3.535817
 112.333333, 3.130564, 0.718101, 3.370920, 4.139466
 116.666667, 2.100000, 0.368571, 3.154286, 3.577143
 116.333333, 2.891117, 0.489971, 3.263610, 3.822350
 117.000000, 3.085470, 0.629630, 2.897436, 3.578348
 116.000000, 2.597701, 0.445402, 3.508621, 4.000000
 111.666667, 1.877612, 0.405970, 3.268657, 3.725373
 113.000000, 1.923304, 0.410029, 3.383481, 3.846608
 114.333333, 1.953353, 0.495627, 3.206997, 3.760933
 102.666667, 1.805195, 0.561688, 3.288961, 3.925325
12
 0.250000, 0.000000, 0.000000, 0.000000, 6.000000
 106.666667, 5.312500, 1.006250, 3.003125, 4.181250
 106.333333, 1.620690, 0.423197, 3.702194, 4.172414
 99.333333, 2.593960, 0.664430, 3.429530, 4.161074
 115.666667, 2.458213, 0.585014, 3.305476, 3.945245
 110.333333, 2.785498, 0.640483, 3.516616, 4.211480
 108.000000, 1.336420, 0.416667, 3.777778, 4.253086
 108.333333, 1.326154, 0.400000, 3.233846, 3.676923
 110.333333, 1.873112, 0.468278, 3.462236, 3.978852
 114.333333, 2.137026, 0.486880, 3.297376, 3.848397
 124.000000, 3.376344, 0.637097, 3.032258, 3.715054
 104.666667, 2.133758, 0.487261, 3.378981, 3.955414
 108.666667, 1.325153, 0.481595, 3.641104, 4.171779
 120.000000, 2.777778, 0.516667, 3.236111, 3.797222
 106.333333, 1.918495, 0.507837, 3.272727, 3.855799
 113.333333, 2.044118, 0.464706, 3.720588, 4.232353
 122.000000, 1.827869, 0.374317, 3.128415, 3.543716
 112.000000, 1.523810, 0.416667, 3.312500, 3.773810
 116.333333, 1.994269, 0.584527, 3.286533, 3.936963
 100.333333, 2.215947, 0.621262, 3.305648, 4.000000
13
 0.250000, 0.000000, 0.000000, 5.000000, 12.000000
 92.333333, 2.931408, 0.927798, 3.350181, 4.353791
 106.000000, 1.833333, 0.440252, 3.842767, 4.330189
 106.666667, 2.750000, 0.553125, 3.234375, 3.834375
 103.333333, 2.625806, 0.619355, 3.480645, 4.200000
 111.333333, 2.919162, 0.562874, 3.398204, 4.026946
 115.666667, 2.878963, 0.536023, 3.175793, 3.757925
 100.333333, 1.787375, 0.348837, 3.943522, 4.358804
 121.666667, 2.720548, 0.424658, 3.205479, 3.676712
 114.000000, 2.017544, 0.438596, 3.388889, 3.874269
 106.000000, 1.880503, 0.481132, 2.971698, 3.500000
 102.666667, 2.288961, 0.464286, 3.477273, 3.990260
 113.333333, 1.614706, 0.417647, 3.144118, 3.611765
 113.000000, 2.008850, 0.421829, 3.637168, 4.176991
 103.000000, 1.815534, 0.472492, 3.297735, 3.822006
 112.000000, 2.214286, 0.458333, 3.699405, 4.205357
 118.666667, 1.741573, 0.441011, 3.286517, 3.772472
 112.666667, 2.017751, 0.443787, 3.328402, 3.822485
 123.333333, 2.248649, 0.418919, 3.221622, 3.697297
 96.666667, 2.003448, 0.668966, 4.110345, 4.882759
14
 0.250000, 0.000000, 0.000000, 1.000000, 6.000000
 96.333333, 3.743945, 1.141869, 3.346021, 4.581315
 99.333333, 1.322148, 0.483221, 4.100671, 4.661074
 99.000000, 2.309764, 0.710438, 3.801347, 4.562290
 107.333333, 2.509317, 0.624224, 3.503106, 4.198758
 111.000000, 2.558559, 0.546547, 3.240240, 3.834835
 113.333333, 1.838235, 0.429412, 3.514706, 4.005882
 115.333333, 1.820809, 0.450867, 3.289017, 3.780347
 117.666667, 2.286119, 0.405099, 3.246459, 3.696884
 111.333333, 1.347305, 0.485030, 3.425150, 3.955090
 116.666667, 2.262857, 0.422857, 3.120000, 3.602857
 109.333333, 2.634146, 0.530488, 3.167683, 3.743902
 121.333333, 2.189560, 0.434066, 3.236264, 3.719780
 107.666667, 1.343653, 0.343653, 3.541796, 3.934985
 111.333333, 2.350299, 0.586826, 3.266467, 3.898204
 114.333333, 2.667638, 0.551020, 3.548105, 4.145773
 115.666667, 1.965418, 0.432277, 3.308357, 3.832853
 109.000000, 1.681957, 0.397554, 3.284404, 3.730887
 112.000000, 1.958333, 0.508929, 3.455357, 4.011905
 100.333333, 1.860465, 0.491694, 3.225914, 3.794020
15
 0.250000, 0.000000, 1.000000, 4.000000, 6.000000
 91.666667, 2.941818, 0.905455, 3.243636, 4.200000
 106.333333, 2.147335, 0.404389, 3.583072, 4.094044
 109.333333, 2.567073, 0.576220, 3.689024, 4.314024
 108.000000, 2.614198, 0.583333, 3.444444, 4.077160
 98.333333, 1.959322, 0.583051, 3.555932, 4.237288
 118.000000, 2.372881, 0.545198, 3.454802, 4.064972
 108.333333, 1.843077, 0.507692, 3.636923, 4.209231
 115.666667, 1.778098, 0.409222, 3.293948, 3.804035
 110.333333, 1.362538, 0.480363, 3.341390, 3.867069
 119.666667, 2.579387, 0.465181, 3.108635, 3.618384
 103.666667, 1.742765, 0.446945, 3.389068, 3.884244
 109.333333, 1.594512, 0.341463, 3.393293, 3.807927
 116.333333, 2.392550, 0.429799, 3.386819, 3.862464
 110.000000, 2.660606, 0.648485, 3.354545, 4.057576
 115.000000, 2.252174, 0.449275, 3.431884, 3.927536
 112.000000, 2.377976, 0.473214, 3.446429, 3.982143
 104.666667, 1.363057, 0.426752, 3.487261, 3.968153
 109.000000, 2.131498, 0.587156, 3.461774, 4.100917
 106.666667, 1.925000, 0.487500, 3.225000, 3.759375
16
 0.250000, 0.000000, 0.000000, 1.000000, 3.000000
 83.666667, 2.470120, 0.808765, 3.290837, 4.179283
 102.666667, 1.399351, 0.438312, 3.844156, 4.340909
 98.333333, 2.884746, 0.718644, 3.738983, 4.572881
 101.333333, 1.957237, 0.674342, 3.411184, 4.141447
 111.333333, 3.011976, 0.682635, 3.275449, 4.035928
 116.666667, 1.880000, 0.422857, 3.320000, 3.788571
 106.000000, 1.301887, 0.355346, 3.490566, 3.896226
 107.333333, 1.795031, 0.354037, 3.375776, 3.779503
 115.666667, 2.247839, 0.426513, 3.279539, 3.760807
 110.666667, 2.093373, 0.521084, 3.237952, 3.807229
 108.000000, 2.246914, 0.493827, 3.561728, 4.126543
 109.000000, 1.122324, 0.425076, 3.064220, 3.541284
 106.000000, 1.742138, 0.481132, 3.682390, 4.213836
 112.333333, 2.326409, 0.566766, 3.181009, 3.795252
 107.666667, 1.616099, 0.371517, 3.631579, 4.052632
 118.666667, 1.727528, 0.390449, 3.221910, 3.657303
 120.666667, 2.038674, 0.419890, 3.298343, 3.765193
 113.333333, 1.791176, 0.585294, 3.244118, 3.897059
 106.333333, 1.865204, 0.498433, 3.398119, 3.946708
17
 0.250000, 0.000000, 0.000000, 1.000000, 3.000000
 94.333333, 2.759717, 0.777385, 3.144876, 3.985866
 103.000000, 2.281553, 0.524272, 3.951456, 4.543689
 107.666667, 2.857585, 0.653251, 3.588235, 4.287926
 106.000000, 2.421384, 0.603774, 3.515723, 4.169811
 102.000000, 2.183007, 0.617647, 3.356209, 4.022876
 114.333333, 1.364431, 0.425656, 3.291545, 3.766764
 102.333333, 1.570033, 0.410423, 3.335505, 3.791531
 110.333333, 2.456193, 0.392749, 3.365559, 3.809668
 108.000000, 1.697531, 0.524691, 3.549383, 4.138889
 109.666667, 1.455927, 0.522796, 3.145897, 3.714286
 103.666667, 2.067524, 0.575563, 3.327974, 3.954984
 113.333333, 1.717647, 0.447059, 3.235294, 3.726471
 111.333333, 1.784431, 0.455090, 3.473054, 3.976048
 115.666667, 2.495677, 0.648415, 3.268012, 3.968300
 114.333333, 2.411079, 0.481050, 3.408163, 3.938776
 118.333333, 2.073239, 0.428169, 3.340845, 3.833803
 111.333333, 1.961078, 0.440120, 3.520958, 4.014970
 123.000000, 2.829268, 0.585366, 3.238482, 3.869919
 109.333333, 2.628049, 0.652439, 3.435976, 4.137195
18
 0.250000, 0.000000, 0.000000, 0.000000, 3.000000
 98.000000, 3.047619, 0.843537, 3.421769, 4.343537
 102.000000, 1.601307, 0.401961, 3.986928, 4.454248
 94.666667, 2.084507, 0.672535, 3.559859, 4.309859
 112.333333, 2.477745, 0.640950, 3.385757, 4.074184
 112.000000, 2.696429, 0.598214, 3.508929, 4.154762
 117.666667, 1.677054, 0.419263, 3.498584, 3.960340
 106.666667, 1.434375, 0.400000, 3.062500, 3.509375
 114.000000, 2.274854, 0.421053, 3.435673, 3.909357
 121.000000, 2.327824, 0.443526, 3.228650, 3.738292
 117.333333, 3.170455, 0.588068, 3.099432, 3.738636
 105.666667, 2.413249, 0.586751, 3.570978, 4.230284
 113.333333, 1.814706, 0.405882, 3.305882, 3.755882
 112.666667, 2.008876, 0.452663, 3.547337, 4.068047
 105.333333, 2.443038, 0.658228, 3.452532, 4.158228
 106.333333, 2.175549, 0.507837, 3.658307, 4.213166
 108.666667, 1.601227, 0.377301, 3.349693, 3.800613
 106.000000, 2.081761, 0.421384, 3.408805, 3.949686
 113.333333, 2.058824, 0.579412, 3.373529, 3.997059
 108.666667, 2.346626, 0.720859, 3.536810, 4.325153
19
 0.250000, 0.000000, 0.000000, 2.000000, 3.000000
 88.666667, 2.248120, 0.834586, 3.172932, 4.093985
 102.666667, 1.675325, 0.525974, 4.081169, 4.701299
 97.666667, 2.771331, 0.580205, 3.866894, 4.552901
 100.000000, 2.573333, 0.626667, 3.623333, 4.310000
 110.333333, 2.380665, 0.749245, 3.244713, 4.042296
 121.000000, 2.016529, 0.457300, 3.413223, 3.917355
 108.666667, 1.625767, 0.414110, 3.260736, 3.720859
 117.666667, 2.453258, 0.413598, 3.322946, 3.781870
 106.666667, 1.362500, 0.415625, 3.521875, 4.025000
 116.000000, 2.339080, 0.442529, 3.218391, 3.735632
 114.000000, 2.932749, 0.500000, 3.125731, 3.716374
 118.000000, 1.819209, 0.412429, 3.274011, 3.728814
 110.000000, 1.957576, 0.400000, 3.609091, 4.057576
 105.333333, 1.810127, 0.585443, 3.379747, 4.012658
 103.000000, 1.469256, 0.385113, 3.705502, 4.142395
 117.000000, 1.589744, 0.373219, 3.247863, 3.666667
 112.000000, 1.470238, 0.407738, 3.452381, 3.907738
 116.000000, 2.913793, 0.606322, 3.477011, 4.152299
 98.333333, 1.705085, 0.433898, 3.193220, 3.671186
20
 0.250000, 0.000000, 0.000000, 1.000000, 3.000000
 86.333333, 2.953668, 0.814672, 3.200772, 4.065637
 106.000000, 1.754717, 0.462264, 3.886792, 4.396226
 95.666667, 2.585366, 0.557491, 3.637631, 4.271777
 107.000000, 2.096573, 0.585670, 3.498442, 4.177570
 106.666667, 2.678125, 0.656250, 3.418750, 4.178125
 117.666667, 1.915014, 0.376771, 3.385269, 3.807365
 110.000000, 3.093939, 0.469697, 3.727273, 4.242424
 110.666667, 1.858434, 0.454819, 3.409639, 3.912651
 114.333333, 2.081633, 0.428571, 3.346939, 3.822157
 110.333333, 2.187311, 0.429003, 3.190332, 3.670695
 118.666667, 2.758427, 0.632022, 3.146067, 3.825843
 123.000000, 2.607046, 0.460705, 3.029810, 3.539295
 106.000000, 2.103774, 0.424528, 3.694969, 4.172956
 109.666667, 2.100304, 0.580547, 3.258359, 3.890578
 111.333333, 1.913174, 0.500000, 3.676647, 4.224551
 119.333333, 2.187151, 0.388268, 2.966480, 3.402235
 109.333333, 1.664634, 0.408537, 3.362805, 3.823171
 109.333333, 2.045732, 0.634146, 3.378049, 4.079268
 102.000000, 2.042484, 0.532680, 3.320261, 3.901961
21
 0.250000, 7.000000, 1.000000, 1.000000, 2.000000
 95.333333, 3.706294, 0.940559, 3.276224, 4.328671
 105.000000, 1.780952, 0.415873, 3.930159, 4.390476
 102.666667, 2.590909, 0.727273, 3.662338, 4.503247
 106.333333, 3.489028, 0.761755, 3.520376, 4.385580
 106.000000, 2.336478, 0.569182, 3.251572, 3.871069
 116.333333, 2.143266, 0.429799, 3.510029, 4.005731
 103.666667, 1.295820, 0.398714, 3.237942, 3.684887
 116.000000, 2.425287, 0.413793, 3.209770, 3.672414
 103.000000, 2.084142, 0.488673, 3.695793, 4.275081
 110.000000, 2.127273, 0.551515, 3.139394, 3.739394
 103.666667, 1.826367, 0.463023, 3.684887, 4.215434
 113.000000, 2.056047, 0.386431, 3.100295, 3.542773
 108.666667, 1.837423, 0.441718, 3.515337, 4.003067
 113.666667, 2.850440, 0.589443, 3.249267, 3.882698
 108.333333, 1.827692, 0.458462, 3.683077, 4.236923
 116.333333, 2.151862, 0.426934, 3.214900, 3.687679
 109.333333, 1.954268, 0.478659, 3.609756, 4.152439
 121.000000, 2.837466, 0.523416, 3.209366, 3.785124
 110.666667, 2.033133, 0.521084, 3.153614, 3.722892
22
 0.250000, 0.000000, 1.000000, 0.000000, 3.000000
 95.000000, 3.512281, 0.954386, 3.343860, 4.354386
 103.333333, 1.848387, 0.406452, 3.741935, 4.196774
 105.333333, 2.376582, 0.873418, 3.655063, 4.601266
 102.333333, 2.201954, 0.508143, 3.605863, 4.166124
 102.333333, 2.016287, 0.654723, 3.491857, 4.214984
 111.333333, 1.520958, 0.437126, 3.535928, 4.038922
 111.000000, 1.822823, 0.447447, 3.621622, 4.120120
 105.666667, 1.858044, 0.451104, 3.287066, 3.794953
 109.666667, 1.790274, 0.425532, 3.303951, 3.775076
 124.333333, 2.270777, 0.447721, 3.026810, 3.520107
 112.000000, 2.395833, 0.586310, 3.422619, 4.056548
 113.000000, 1.879056, 0.457227, 3.188791, 3.693215
 116.666667, 2.345714, 0.425714, 3.414286, 3.888571
 107.000000, 1.825545, 0.476636, 3.180685, 3.710280
 107.333333, 2.108696, 0.468944, 3.596273, 4.142857
 118.000000, 2.418079, 0.420904, 3.169492, 3.649718
 111.000000, 2.048048, 0.405405, 3.300300, 3.777778
 104.333333, 1.971246, 0.460064, 3.354633, 3.884984
 101.666667, 2.262295, 0.600000, 3.750820, 4.406557
23
 0.250000, 1.000000, 2.000000, 0.000000, 52.000000
 103.000000, 4.317152, 1.080906, 3.135922, 4.294498
 100.333333, 1.691030, 0.448505, 3.963455, 4.481728
 100.000000, 2.403333, 0.550000, 3.613333, 4.226667
 105.666667, 2.615142, 0.564669, 3.340694, 3.955836
 108.333333, 2.781538, 0.516923, 3.378462, 3.978462
 125.000000, 2.349333, 0.480000, 3.282667, 3.832000
 109.333333, 1.984756, 0.439024, 3.454268, 4.006098
 115.000000, 1.959420, 0.428986, 3.307246, 3.782609
 113.666667, 1.653959, 0.416422, 3.451613, 3.920821
 115.000000, 1.773913, 0.507246, 3.220290, 3.776812
 104.000000, 1.891026, 0.509615, 3.634615, 4.195513
 112.000000, 1.598214, 0.416667, 3.229167, 3.696429
 113.666667, 2.278592, 0.475073, 3.504399, 4.032258
 108.666667, 2.220859, 0.549080, 3.438650, 4.085890
 112.666667, 2.346154, 0.464497, 3.550296, 4.062130
 117.666667, 2.623229, 0.413598, 3.232295, 3.716714
 111.000000, 1.546547, 0.417417, 3.381381, 3.846847
 115.333333, 1.927746, 0.534682, 3.424855, 4.005780
 108.333333, 2.113846, 0.520000, 3.221538, 3.806154
24
 0.250000, 0.000000, 2.000000, 1.000000, 53.000000
 102.333333, 4.690554, 0.970684, 3.442997, 4.527687
 98.333333, 1.227119, 0.393220, 3.783051, 4.254237
 106.333333, 3.025078, 0.752351, 3.626959, 4.432602
 102.000000, 1.957516, 0.506536, 3.424837, 4.019608
 102.666667, 2.282468, 0.626623, 3.678571, 4.373377
 114.333333, 1.976676, 0.454810, 3.620991, 4.119534
 107.333333, 1.922360, 0.487578, 3.211180, 3.742236
 112.666667, 1.647929, 0.417160, 3.313609, 3.775148
 117.000000, 1.794872, 0.450142, 3.199430, 3.698006
 114.666667, 2.191860, 0.523256, 3.494186, 4.063953
 107.666667, 2.195046, 0.523220, 3.417957, 4.006192
 117.666667, 1.957507, 0.379603, 3.127479, 3.569405
 104.333333, 1.546326, 0.440895, 3.616613, 4.105431
 106.333333, 2.554859, 0.623824, 3.228840, 3.912226
 115.333333, 2.190751, 0.427746, 3.638728, 4.144509
 115.666667, 1.461095, 0.311239, 3.190202, 3.553314
 108.000000, 1.033951, 0.425926, 3.345679, 3.817901
 115.666667, 2.988473, 0.541787, 3.325648, 3.913545
 105.333333, 2.680380, 0.534810, 3.493671, 4.139241
25
 0.250000, 0.000000, 2.000000, 1.000000, 53.000000
 107.000000, 4.186916, 0.856698, 3.133956, 4.093458
 104.666667, 2.114650, 0.382166, 3.872611, 4.302548
 104.333333, 2.722045, 0.607029, 3.530351, 4.188498
 106.333333, 2.655172, 0.655172, 3.429467, 4.156740
 105.000000, 2.593651, 0.561905, 3.488889, 4.123810
 110.666667, 1.596386, 0.478916, 3.665663, 4.231928
 106.666667, 1.418750, 0.343750, 3.584375, 3.981250
 113.000000, 2.197640, 0.427729, 3.176991, 3.648968
 106.000000, 1.455975, 0.393082, 3.254717, 3.694969
 109.333333, 1.987805, 0.371951, 3.164634, 3.582317
 109.000000, 2.522936, 0.510703, 3.489297, 4.082569
 122.000000, 1.710383, 0.497268, 3.060109, 3.617486
 117.333333, 2.448864, 0.451705, 3.349432, 3.852273
 114.333333, 2.486880, 0.603499, 3.043732, 3.696793
 102.000000, 1.892157, 0.395425, 3.666667, 4.140523
 124.333333, 2.761394, 0.450402, 3.243968, 3.745308
 109.333333, 1.814024, 0.457317, 3.375000, 3.887195
 117.333333, 2.250000, 0.630682, 3.173295, 3.849432
 105.666667, 2.725552, 0.564669, 3.277603, 3.886435
26
 0.250000, 0.000000, 2.000000, 13.000000, 66.000000
 101.000000, 3.600660, 0.811881, 3.158416, 4.029703
 106.333333, 1.507837, 0.363636, 3.943574, 4.357367
 98.000000, 2.149660, 0.510204, 3.673469, 4.244898
 102.666667, 2.178571, 0.500000, 3.555195, 4.120130
 111.333333, 2.467066, 0.598802, 3.359281, 4.023952
 108.000000, 1.682099, 0.395062, 3.651235, 4.098765
 108.000000, 1.734568, 0.364198, 3.191358, 3.601852
 111.000000, 1.837838, 0.468468, 3.414414, 3.945946
 102.000000, 1.535948, 0.464052, 3.506536, 4.045752
 113.666667, 2.513196, 0.478006, 3.202346, 3.750733
 102.333333, 2.039088, 0.469055, 3.381107, 3.899023
 116.333333, 1.252149, 0.375358, 3.117479, 3.538682
 110.333333, 2.290030, 0.422961, 3.422961, 3.903323
 115.333333, 2.907514, 0.641618, 3.011561, 3.725434
 115.000000, 2.649275, 0.417391, 3.391304, 3.863768
 115.666667, 1.951009, 0.391931, 3.158501, 3.622478
 109.333333, 1.871951, 0.426829, 3.265244, 3.786585
 111.666667, 1.707463, 0.507463, 3.391045, 3.946269
 101.000000, 2.118812, 0.557756, 3.382838, 3.990099
27
 0.250000, 0.000000, 0.000000, 1.000000, 51.000000
 100.333333, 4.438538, 1.222591, 3.335548, 4.611296
 100.000000, 1.300000, 0.440000, 4.266667, 4.756667
 100.000000, 2.723333, 0.843333, 3.610000, 4.503333
 102.666667, 2.211039, 0.642857, 3.678571, 4.392857
 107.666667, 2.377709, 0.600619, 3.399381, 4.052632
 108.333333, 1.424615, 0.421538, 3.418462, 3.889231
 104.000000, 1.551282, 0.455128, 3.448718, 3.987179
 109.666667, 1.920973, 0.455927, 3.270517, 3.790274
 104.666667, 1.735669, 0.452229, 3.372611, 3.907643
 112.666667, 2.523669, 0.476331, 3.165680, 3.686391
 113.666667, 2.639296, 0.586510, 3.539589, 4.263930
 119.000000, 1.876751, 0.428571, 3.257703, 3.778711
 110.000000, 2.245455, 0.412121, 3.490909, 3.975758
 105.666667, 1.826498, 0.514196, 3.104101, 3.668770
 107.000000, 2.068536, 0.504673, 3.598131, 4.149533
 113.000000, 1.740413, 0.448378, 3.398230, 3.893805
 115.666667, 2.000000, 0.466859, 3.518732, 4.031700
 114.000000, 2.236842, 0.619883, 3.409357, 4.093567
 101.333333, 1.690789, 0.470395, 3.299342, 3.822368
28
 0.250000, 0.000000, 0.000000, 4.000000, 53.000000
 94.666667, 3.288732, 0.890845, 3.320423, 4.271127
 98.333333, 1.484746, 0.322034, 4.196610, 4.586441
 101.333333, 2.069079, 0.611842, 3.625000, 4.322368
 112.333333, 3.127596, 0.685460, 3.388724, 4.124629
 108.333333, 2.560000, 0.603077, 3.403077, 4.058462
 113.333333, 1.955882, 0.361765, 3.497059, 3.932353
 104.333333, 1.258786, 0.332268, 3.198083, 3.581470
 116.666667, 2.057143, 0.437143, 3.302857, 3.788571
 110.000000, 1.996970, 0.406061, 3.336364, 3.815152
 111.333333, 1.871257, 0.482036, 3.248503, 3.772455
 106.000000, 1.842767, 0.591195, 3.776730, 4.421384
 114.333333, 1.364431, 0.419825, 3.186589, 3.650146
 118.333333, 2.538028, 0.476056, 3.428169, 3.952113
 116.000000, 3.201149, 0.540230, 3.229885, 3.821839
 113.333333, 2.041176, 0.517647, 3.485294, 4.047059
 110.333333, 1.830816, 0.422961, 3.220544, 3.694864
 116.000000, 1.867816, 0.382184, 3.316092, 3.747126
 114.000000, 2.447368, 0.549708, 3.339181, 3.929825
 108.000000, 2.305556, 0.567901, 3.413580, 4.037037
29
 0.250000, 0.000000, 0.000000, 1.000000, 50.000000
 98.000000, 2.938776, 0.778912, 3.336735, 4.221088
 103.666667, 1.742765, 0.459807, 4.016077, 4.527331
 103.333333, 2.629032, 0.554839, 3.477419, 4.129032
 114.333333, 2.740525, 0.542274, 3.279883, 3.871720
 112.000000, 2.904762, 0.583333, 3.127976, 3.767857
 115.666667, 1.858790, 0.432277, 3.253602, 3.734870
 100.333333, 1.073090, 0.418605, 3.956811, 4.418605
 116.000000, 1.764368, 0.413793, 3.278736, 3.735632
 113.333333, 1.855882, 0.464706, 3.188235, 3.717647
 116.000000, 2.218391, 0.474138, 3.137931, 3.652299
 104.666667, 2.222930, 0.531847, 3.423567, 4.003185
 113.333333, 1.585294, 0.432353, 3.273529, 3.752941
 110.666667, 2.463855, 0.430723, 3.548193, 4.030120
 115.000000, 2.121739, 0.573913, 3.078261, 3.701449
 106.333333, 2.495298, 0.426332, 3.586207, 4.084639
 112.000000, 1.398810, 0.386905, 3.648810, 4.116071
 105.000000, 1.622222, 0.415873, 3.269841, 3.755556
 112.333333, 1.827893, 0.528190, 3.356083, 3.931751
 108.666667, 1.938650, 0.604294, 3.573620, 4.404908
30
 0.250000, 0.000000, 0.000000, 4.000000, 53.000000
 105.333333, 3.981013, 0.924051, 3.044304, 4.123418
 100.000000, 1.180000, 0.310000, 4.046667, 4.436667
 106.333333, 2.949843, 0.755486, 3.771160, 4.608150
 116.333333, 3.252149, 0.641834, 3.263610, 3.954155
 110.000000, 2.563636, 0.618182, 3.387879, 4.078788
 115.666667, 1.659942, 0.409222, 3.311239, 3.769452
 108.000000, 1.567901, 0.416667, 3.614198, 4.077160
 108.333333, 1.892308, 0.535385, 3.495385, 4.120000
 112.666667, 1.603550, 0.452663, 3.565089, 4.068047
 102.666667, 1.522727, 0.402597, 3.262987, 3.737013
 101.666667, 2.098361, 0.436066, 3.445902, 4.003279
 113.000000, 1.530973, 0.415929, 3.351032, 3.811209
 110.333333, 1.897281, 0.546828, 3.419940, 4.012085
 110.666667, 2.298193, 0.587349, 3.102410, 3.753012
 109.666667, 1.975684, 0.462006, 3.641337, 4.151976
 118.666667, 1.497191, 0.359551, 3.233146, 3.640449
 116.000000, 2.169540, 0.387931, 3.468391, 3.905172
 116.666667, 2.260000, 0.525714, 3.165714, 3.785714
 112.666667, 2.366864, 0.647929, 3.443787, 4.136095
31
 0.250000, 14.000000, 0.000000, 8.000000, 8.000000
 86.000000, 2.593023, 0.732558, 3.337209, 4.151163
 102.666667, 1.788961, 0.538961, 3.821429, 4.448052
 104.666667, 2.840764, 0.598726, 3.665605, 4.337580
 109.000000, 2.400612, 0.617737, 3.455657, 4.168196
 105.000000, 2.339683, 0.552381, 3.174603, 3.771429
 116.666667, 2.657143, 0.448571, 3.388571, 3.885714
 107.333333, 1.605590, 0.375776, 3.440994, 3.863354
 117.666667, 2.388102, 0.393768, 3.320113, 3.759207
 106.666667, 2.018750, 0.478125, 3.703125, 4.240625
 117.333333, 2.065341, 0.485795, 3.232955, 3.784091
 103.666667, 2.418006, 0.498392, 3.344051, 3.897106
 113.000000, 1.421829, 0.356932, 3.200590, 3.613569
 113.333333, 2.967647, 0.447059, 3.294118, 3.826471
 107.000000, 1.959502, 0.598131, 3.121495, 3.772586
 101.666667, 1.491803, 0.442623, 3.921311, 4.409836
 114.000000, 1.815789, 0.342105, 3.175439, 3.608187
 111.666667, 1.946269, 0.373134, 3.411940, 3.829851
 107.666667, 2.780186, 0.705882, 3.470588, 4.244582
 100.333333, 1.784053, 0.541528, 3.232558, 3.827243
32
 0.250000, 0.000000, 0.000000, 2.000000, 3.000000
 97.000000, 5.034364, 0.934708, 3.243986, 4.237113
 107.666667, 1.727554, 0.411765, 3.885449, 4.343653
 107.666667, 2.529412, 0.486068, 3.386997, 3.919505
 104.333333, 1.913738, 0.581470, 3.584665, 4.214058
 110.000000, 2.457576, 0.593939, 3.596970, 4.263636
 109.333333, 1.506098, 0.365854, 3.606707, 4.039634
 103.000000, 1.530744, 0.355987, 3.453074, 3.854369
 119.333333, 2.150838, 0.474860, 3.198324, 3.720670
 112.333333, 1.474777, 0.448071, 3.278932, 3.780415
 99.666667, 1.575251, 0.454849, 3.762542, 4.307692
 111.000000, 2.504505, 0.504505, 3.513514, 4.069069
 115.000000, 1.660870, 0.437681, 3.289855, 3.785507
 109.666667, 1.857143, 0.458967, 3.489362, 3.993921
 117.000000, 3.555556, 0.703704, 3.225071, 3.974359
 113.333333, 2.917647, 0.526471, 3.576471, 4.150000
 120.000000, 2.252778, 0.472222, 3.375000, 3.916667
 122.666667, 2.502717, 0.445652, 3.293478, 3.798913
 114.333333, 2.991254, 0.551020, 3.379009, 3.982507
 107.333333, 2.273292, 0.462733, 3.270186, 3.779503
33
 0.250000, 0.000000, 0.000000, 2.000000, 3.000000
 96.000000, 3.343750, 1.052083, 3.170139, 4.277778
 101.666667, 2.439344, 0.439344, 3.977049, 4.491803
 110.000000, 2.718182, 0.739394, 3.675758, 4.557576
 103.333333, 2.206452, 0.622581, 3.477419, 4.174194
 114.333333, 2.813411, 0.644315, 3.346939, 4.058309
 114.666667, 2.180233, 0.395349, 3.479651, 3.924419
 103.333333, 1.441935, 0.383871, 3.770968, 4.248387
 117.333333, 2.025568, 0.471591, 3.255682, 3.789773
 117.666667, 2.487252, 0.484419, 3.178470, 3.716714
 111.333333, 2.838323, 0.541916, 3.281437, 3.901198
 105.666667, 2.649842, 0.520505, 3.536278, 4.129338
 116.000000, 1.706897, 0.416667, 3.278736, 3.741379
 114.333333, 2.233236, 0.457726, 3.448980, 3.973761
 107.666667, 2.247678, 0.625387, 3.123839, 3.811146
 110.000000, 2.700000, 0.463636, 3.669697, 4.190909
 117.000000, 1.558405, 0.427350, 3.227920, 3.698006
 114.333333, 1.568513, 0.478134, 3.399417, 3.921283
 111.333333, 2.523952, 0.488024, 3.452096, 3.988024
 107.333333, 2.167702, 0.583851, 3.590062, 4.220497
34
 0.250000, 0.000000, 30.000000, 7.000000, 37.000000
 101.000000, 3.379538, 0.825083, 3.181518, 4.099010
 103.333333, 1.987097, 0.464516, 3.667742, 4.200000
 97.333333, 2.469178, 0.523973, 3.438356, 4.027397
 104.666667, 2.484076, 0.621019, 3.515924, 4.229299
 109.666667, 1.969605, 0.547112, 3.367781, 3.969605
 113.666667, 1.656891, 0.410557, 3.363636, 3.850440
 101.333333, 1.641447, 0.378289, 3.740132, 4.184211
 114.333333, 2.358601, 0.530612, 3.399417, 4.029155
 110.000000, 1.678788, 0.487879, 3.424242, 3.969697
 115.000000, 2.646377, 0.600000, 3.171014, 3.846377
 107.666667, 2.275542, 0.523220, 3.306502, 3.876161
 117.000000, 1.800570, 0.418803, 3.196581, 3.678063
 118.666667, 2.067416, 0.401685, 3.412921, 3.876404
 104.000000, 1.778846, 0.580128, 3.176282, 3.807692
 113.666667, 2.228739, 0.401760, 3.554252, 4.014663
 116.333333, 1.908309, 0.378223, 3.214900, 3.636103
 113.666667, 1.612903, 0.363636, 3.304985, 3.715543
 115.333333, 2.182081, 0.523121, 3.416185, 3.985549
 103.666667, 1.710611, 0.565916, 3.694534, 4.305466
35
 0.250000, 0.000000, 0.000000, 2.000000, 3.000000
 96.333333, 3.062284, 0.778547, 3.335640, 4.207612
 97.333333, 1.575342, 0.386986, 4.181507, 4.643836
 106.666667, 2.690625, 0.700000, 3.443750, 4.296875
 112.000000, 2.250000, 0.553571, 3.345238, 3.943452
 109.000000, 2.327217, 0.608563, 3.064220, 3.721713
 111.333333, 1.856287, 0.437126, 3.407186, 3.910180
 114.000000, 1.885965, 0.453216, 3.400585, 3.897661
 112.333333, 2.127596, 0.430267, 3.222552, 3.700297
 112.000000, 1.904762, 0.520833, 3.357143, 3.922619
 119.000000, 2.719888, 0.476190, 3.131653, 3.655462
 110.333333, 2.945619, 0.691843, 3.462236, 4.202417
 113.666667, 1.809384, 0.422287, 3.202346, 3.689150
 110.000000, 1.875758, 0.430303, 3.366667, 3.857576
 104.333333, 1.773163, 0.562300, 3.191693, 3.843450
 105.666667, 2.186120, 0.413249, 3.747634, 4.239748
 120.666667, 1.591160, 0.392265, 3.063536, 3.519337
 111.666667, 1.674627, 0.441791, 3.280597, 3.764179
 112.000000, 2.544643, 0.458333, 3.497024, 4.002976
 111.666667, 2.026866, 0.626866, 3.546269, 4.262687
36
 0.250000, 0.000000, 0.000000, 8.000000, 8.000000
 98.000000, 4.710884, 0.928571, 3.275510, 4.289116
 99.666667, 0.943144, 0.494983, 4.083612, 4.622074
 107.333333, 2.860248, 0.636646, 3.335404, 4.080745
 110.333333, 2.785498, 0.549849, 3.552870, 4.193353
 108.333333, 2.541538, 0.520000, 3.467692, 4.083077
 119.333333, 2.500000, 0.469274, 3.452514, 3.969274
 109.666667, 1.382979, 0.331307, 3.601824, 3.981763
 107.333333, 1.844720, 0.440994, 3.260870, 3.776398
 115.666667, 1.688761, 0.458213, 3.348703, 3.855908
 108.000000, 2.194444, 0.518519, 3.240741, 3.833333
 95.333333, 2.346154, 0.513986, 3.814685, 4.384615
 116.000000, 1.755747, 0.485632, 3.097701, 3.632184
 107.000000, 1.591900, 0.470405, 3.669782, 4.190031
 109.333333, 2.317073, 0.591463, 3.185976, 3.841463
 113.000000, 1.831858, 0.404130, 3.421829, 3.879056
 117.333333, 1.951705, 0.372159, 3.073864, 3.494318
 112.333333, 1.777448, 0.474777, 3.344214, 3.863501
 112.333333, 1.937685, 0.522255, 3.317507, 3.884273
 104.666667, 2.165605, 0.697452, 3.353503, 4.165605
37
 0.250000, 2.000000, 0.000000, 8.000000, 8.000000
 102.333333, 3.801303, 0.788274, 3.110749, 4.016287
 102.000000, 1.611111, 0.444444, 4.081699, 4.607843
 102.000000, 3.032680, 0.771242, 3.516340, 4.388889
 103.333333, 2.400000, 0.567742, 3.454839, 4.096774
 108.000000, 3.111111, 0.604938, 3.425926, 4.083333
 109.666667, 1.553191, 0.419453, 3.689970, 4.173252
 99.000000, 1.141414, 0.370370, 3.579125, 3.996633
 111.333333, 1.943114, 0.380240, 3.368263, 3.796407
 105.333333, 1.462025, 0.443038, 3.487342, 3.981013
 112.000000, 1.633929, 0.500000, 3.071429, 3.619048
 103.000000, 2.504854, 0.563107, 3.624595, 4.236246
 118.333333, 2.318310, 0.383099, 3.090141, 3.546479
 113.333333, 2.488235, 0.464706, 3.288235, 3.814706
 112.666667, 2.559172, 0.526627, 3.097633, 3.698225
 106.333333, 1.633229, 0.479624, 3.642633, 4.166144
 109.000000, 1.507645, 0.345566, 3.443425, 3.840979
 105.333333, 2.037975, 0.455696, 3.863924, 4.433544
 116.333333, 2.667622, 0.518625, 3.214900, 3.779370
 110.333333, 2.018127, 0.667674, 3.743202, 4.456193
38
 0.250000, 0.000000, 30.000000, 7.000000, 37.000000
 93.333333, 2.892857, 0.692857, 3.289286, 4.039286
 102.000000, 1.379085, 0.392157, 4.124183, 4.565359
 99.000000, 2.111111, 0.629630, 3.636364, 4.363636
 102.333333, 2.013029, 0.579805, 3.449511, 4.091205
 106.666667, 1.981250, 0.556250, 3.284375, 3.906250
 108.666667, 1.711656, 0.389571, 3.527607, 3.975460
 110.000000, 1.445455, 0.442424, 3.487879, 3.978788
 117.333333, 2.093750, 0.454545, 3.232955, 3.752841
 117.000000, 2.370370, 0.455840, 3.225071, 3.729345
 112.333333, 1.952522, 0.581602, 3.326409, 3.952522
 107.666667, 2.736842, 0.591331, 3.417957, 4.058824
 115.666667, 1.688761, 0.363112, 3.354467, 3.763689
 106.333333, 1.758621, 0.451411, 3.504702, 4.003135
 111.666667, 2.173134, 0.516418, 3.158209, 3.737313
 107.000000, 1.950156, 0.420561, 3.697819, 4.214953
 104.666667, 1.500000, 0.420382, 3.554140, 4.028662
 115.333333, 2.459538, 0.450867, 3.208092, 3.708092
 116.000000, 2.106322, 0.485632, 3.195402, 3.761494
 109.333333, 1.920732, 0.533537, 3.271341, 3.850610
39
 0.250000, 0.000000, 0.000000, 8.000000, 8.000000
 102.666667, 2.886364, 0.743506, 3.159091, 3.977273
 98.333333, 1.366102, 0.461017, 4.210169, 4.759322
 102.000000, 2.428105, 0.712418, 3.941176, 4.702614
 114.000000, 2.719298, 0.599415, 3.394737, 4.064327
 112.000000, 2.705357, 0.633929, 3.342262, 4.020833
 116.333333, 1.848138, 0.478510, 3.489971, 4.014327
 100.333333, 2.156146, 0.428571, 3.192691, 3.677741
 115.333333, 2.404624, 0.479769, 3.222543, 3.774566
 119.333333, 1.966480, 0.458101, 3.307263, 3.815642
 109.666667, 1.851064, 0.528875, 3.413374, 3.990881
 116.000000, 2.810345, 0.580460, 3.431034, 4.074713
 119.333333, 1.860335, 0.427374, 3.086592, 3.558659
 113.333333, 2.364706, 0.470588, 3.547059, 4.076471
 112.000000, 2.639881, 0.648810, 3.077381, 3.770833
 107.333333, 1.708075, 0.493789, 3.776398, 4.316770
 119.000000, 2.296919, 0.392157, 3.266106, 3.700280
 116.666667, 1.640000, 0.385714, 3.248571, 3.680000
 112.000000, 1.907738, 0.639881, 3.488095, 4.175595
 103.666667, 1.726688, 0.466238, 3.035370, 3.569132
40
 0.250000, 6.000000, 0.000000, 7.000000, 7.000000
 110.333333, 4.120846, 1.075529, 3.341390, 4.480363
 104.666667, 1.894904, 0.480892, 4.092357, 4.668790
 101.000000, 2.524752, 0.722772, 3.333333, 4.135314
 111.333333, 2.556886, 0.520958, 3.281437, 3.865269
 116.666667, 2.851429, 0.642857, 3.297143, 3.997143
 118.666667, 1.705056, 0.438202, 3.370787, 3.853933
 110.000000, 1.706061, 0.390909, 3.233333, 3.687879
 113.333333, 2.020588, 0.426471, 3.158824, 3.638235
 113.666667, 2.299120, 0.463343, 3.313783, 3.835777
 110.666667, 1.524096, 0.484940, 3.117470, 3.650602
 108.333333, 2.849231, 0.535385, 3.347692, 3.932308
 117.333333, 1.696023, 0.400568, 3.332386, 3.801136
 116.000000, 2.738506, 0.485632, 3.413793, 3.948276
 106.333333, 1.636364, 0.645768, 3.291536, 3.981191
 105.666667, 2.375394, 0.533123, 3.899054, 4.511041
 112.666667, 2.073964, 0.417160, 3.100592, 3.582840
 111.000000, 1.525526, 0.420420, 3.384384, 3.855856
 122.666667, 2.630435, 0.611413, 3.054348, 3.711957
 100.000000, 1.760000, 0.643333, 4.040000, 4.796667
41
 0.250000, 0.000000, 0.000000, 8.000000, 8.000000
 97.666667, 2.696246, 0.788396, 3.249147, 4.092150
 97.666667, 1.194539, 0.365188, 3.880546, 4.293515
 104.000000, 2.849359, 0.625000, 3.862179, 4.573718
 102.000000, 2.673203, 0.571895, 3.418301, 4.052288
 105.666667, 2.381703, 0.492114, 3.227129, 3.769716
 118.000000, 2.378531, 0.485876, 3.336158, 3.867232
 97.333333, 1.126712, 0.349315, 3.791096, 4.239726
 113.333333, 1.938235, 0.447059, 3.267647, 3.764706
 114.333333, 2.046647, 0.483965, 3.553936, 4.110787
 114.666667, 2.156977, 0.540698, 2.962209, 3.546512
 121.000000, 3.024793, 0.567493, 3.154270, 3.798898
 108.666667, 1.668712, 0.466258, 3.389571, 3.904908
 109.333333, 1.820122, 0.414634, 3.478659, 3.963415
 116.000000, 2.376437, 0.686782, 3.215517, 3.974138
 118.000000, 2.533898, 0.525424, 3.573446, 4.149718
 115.000000, 1.600000, 0.373913, 3.150725, 3.571014
 113.333333, 2.047059, 0.391176, 3.364706, 3.805882
 106.333333, 1.852665, 0.504702, 3.391850, 3.990596
 112.333333, 2.000000, 0.652819, 3.448071, 4.148368
42
 0.250000, 0.000000, 0.000000, 7.000000, 8.000000
 91.000000, 2.809524, 0.897436, 3.135531, 4.109890
 105.666667, 2.485804, 0.488959, 3.842271, 4.378549
 107.666667, 3.040248, 0.727554, 3.458204, 4.269350
 112.333333, 2.685460, 0.611276, 3.341246, 4.002967
 107.666667, 2.622291, 0.538700, 3.433437, 4.052632
 112.333333, 1.510386, 0.439169, 3.554896, 4.044510
 104.000000, 1.378205, 0.378205, 3.320513, 3.746795
 114.666667, 2.159884, 0.473837, 3.427326, 3.973837
 128.000000, 2.411458, 0.437500, 3.031250, 3.515625
 112.000000, 2.598214, 0.455357, 3.211310, 3.723214
 110.333333, 3.087613, 0.546828, 3.383686, 4.003021
 117.666667, 1.946176, 0.447592, 3.209632, 3.705382
 110.000000, 1.763636, 0.424242, 3.636364, 4.148485
 104.000000, 2.025641, 0.634615, 3.416667, 4.115385
 113.000000, 2.191740, 0.533923, 3.646018, 4.230088
 117.333333, 1.812500, 0.400568, 3.431818, 3.877841
 113.333333, 2.455882, 0.476471, 3.350000, 3.894118
 115.333333, 2.291908, 0.502890, 3.355491, 3.907514
 106.666667, 2.315625, 0.506250, 3.046875, 3.600000
43
 0.250000, 0.000000, 0.000000, 2.000000, 3.000000
 98.666667, 3.645270, 0.807432, 3.135135, 3.993243
 107.000000, 1.476636, 0.489097, 4.059190, 4.598131
 105.000000, 2.482540, 0.704762, 3.390476, 4.142857
 106.333333, 2.407524, 0.523511, 3.567398, 4.172414
 99.000000, 1.878788, 0.501684, 3.478114, 4.060606
 110.000000, 1.521212, 0.415152, 3.509091, 3.984848
 110.333333, 2.048338, 0.416918, 3.540785, 4.021148
 115.000000, 1.889855, 0.371014, 3.214493, 3.628986
 110.000000, 1.918182, 0.563636, 3.478788, 4.103030
 115.000000, 2.318841, 0.623188, 3.249275, 3.918841
 107.666667, 2.003096, 0.547988, 3.281734, 3.879257
 112.666667, 1.920118, 0.346154, 3.082840, 3.476331
 113.000000, 2.601770, 0.474926, 3.463127, 3.982301
 110.000000, 2.193939, 0.481818, 3.206061, 3.736364
 105.333333, 1.746835, 0.506329, 3.879747, 4.439873
 122.000000, 1.956284, 0.396175, 3.002732, 3.467213
 112.333333, 1.833828, 0.448071, 3.454006, 3.949555
 119.666667, 2.479109, 0.545961, 3.083565, 3.676880
 100.666667, 1.612583, 0.509934, 3.500000, 4.056291
44
 0.250000, 0.000000, 0.000000, 2.000000, 11.000000
 94.000000, 3.882979, 0.776596, 3.251773, 4.085106
 100.666667, 1.377483, 0.413907, 4.052980, 4.539735
 101.333333, 2.299342, 0.694079, 3.378289, 4.138158
 108.000000, 2.324074, 0.604938, 3.256173, 3.910494
 109.333333, 2.009146, 0.591463, 3.274390, 3.932927
 117.000000, 1.965812, 0.438746, 3.364672, 3.849003
 97.333333, 1.541096, 0.421233, 3.208904, 3.681507
 110.666667, 1.966867, 0.421687, 3.216867, 3.710843
 108.333333, 1.692308, 0.461538, 3.566154, 4.098462
 109.000000, 2.293578, 0.486239, 3.165138, 3.703364
 103.333333, 1.903226, 0.525806, 3.700000, 4.293548
 113.333333, 1.973529, 0.450000, 3.094118, 3.597059
 106.333333, 1.943574, 0.416928, 3.601881, 4.100313
 108.333333, 2.510769, 0.649231, 3.101538, 3.852308
 109.000000, 2.149847, 0.452599, 3.648318, 4.152905
 109.333333, 1.570122, 0.350610, 3.182927, 3.618902
 111.333333, 1.598802, 0.374251, 3.308383, 3.769461
 107.333333, 1.770186, 0.478261, 3.406832, 3.953416
 105.333333, 1.949367, 0.610759, 3.534810, 4.202532
45
 0.250000, 0.000000, 0.000000, 2.000000, 2.000000
 100.000000, 3.296667, 0.790000, 3.070000, 3.910000
 105.000000, 1.885714, 0.434921, 3.926984, 4.406349
 103.333333, 2.500000, 0.654839, 3.654839, 4.412903
 104.000000, 2.381410, 0.618590, 3.730769, 4.416667
 105.000000, 2.063492, 0.666667, 3.323810, 4.038095
 113.666667, 1.923754, 0.442815, 3.612903, 4.108504
 108.000000, 1.740741, 0.435185, 3.185185, 3.666667
 118.000000, 2.409605, 0.418079, 3.121469, 3.677966
 108.000000, 2.049383, 0.438272, 3.481481, 3.987654
 126.333333, 3.034301, 0.612137, 2.891821, 3.548813
 109.000000, 2.247706, 0.544343, 3.418960, 4.009174
 116.333333, 2.200573, 0.481375, 3.309456, 3.859599
 102.000000, 1.911765, 0.437908, 3.565359, 4.062092
 115.333333, 2.644509, 0.589595, 3.265896, 3.904624
 112.000000, 2.342262, 0.470238, 3.419643, 3.949405
 115.000000, 1.846377, 0.434783, 3.237681, 3.721739
 121.333333, 2.337912, 0.461538, 3.263736, 3.788462
 110.333333, 2.196375, 0.516616, 3.160121, 3.725076
 103.000000, 2.152104, 0.569579, 2.967638, 3.582524
46
 0.250000, 0.000000, 0.000000, 1.000000, 1.000000
 91.333333, 2.875912, 0.897810, 3.525547, 4.521898
 101.666667, 1.272131, 0.383607, 4.131148, 4.563934
 100.333333, 2.239203, 0.651163, 4.073090, 4.780731
 110.000000, 2.663636, 0.606061, 3.306061, 3.978788
 97.000000, 2.415808, 0.611684, 3.594502, 4.292096
 119.666667, 2.743733, 0.490251, 3.233983, 3.768802
 111.666667, 2.313433, 0.423881, 3.143284, 3.617910
 110.000000, 1.712121, 0.460606, 3.542424, 4.048485
 110.333333, 1.743202, 0.416918, 3.365559, 3.830816
 117.666667, 2.201133, 0.436261, 3.456091, 3.937677
 104.666667, 2.242038, 0.429936, 3.458599, 3.968153
 118.666667, 2.179775, 0.407303, 3.308989, 3.780899
 112.000000, 2.485119, 0.422619, 3.446429, 3.937500
 112.000000, 2.416667, 0.648810, 3.101190, 3.800595
 108.666667, 2.000000, 0.407975, 3.601227, 4.058282
 115.000000, 2.208696, 0.402899, 3.205797, 3.721739
 113.333333, 1.302941, 0.379412, 3.358824, 3.788235
 106.666667, 2.065625, 0.550000, 3.593750, 4.190625
 111.000000, 2.255255, 0.696697, 3.516517, 4.261261
47
 0.250000, 0.000000, 0.000000, 0.000000, 1.000000
 93.333333, 4.092857, 0.939286, 3.246429, 4.250000
 102.333333, 2.299674, 0.384365, 3.889251, 4.319218
 111.000000, 3.297297, 0.963964, 3.681682, 4.729730
 106.666667, 2.681250, 0.550000, 3.618750, 4.225000
 106.666667, 2.350000, 0.621875, 3.400000, 4.096875
 119.333333, 2.145251, 0.463687, 3.405028, 3.918994
 104.666667, 1.621019, 0.363057, 3.646497, 4.060510
 113.000000, 2.141593, 0.418879, 3.433628, 3.896755
 118.666667, 2.219101, 0.455056, 3.132022, 3.632022
 105.333333, 2.041139, 0.522152, 3.322785, 3.974684
 105.000000, 1.815873, 0.479365, 3.298413, 3.834921
 120.000000, 2.047222, 0.416667, 3.161111, 3.622222
 110.333333, 2.444109, 0.462236, 3.528701, 4.057402
 110.000000, 2.472727, 0.603030, 3.218182, 3.872727
 116.333333, 2.538682, 0.481375, 3.383954, 3.911175
 123.333333, 1.786486, 0.370270, 3.129730, 3.548649
 115.000000, 1.530435, 0.405797, 3.292754, 3.747826
 116.333333, 1.833811, 0.495702, 3.418338, 3.959885
 98.000000, 1.809524, 0.666667, 3.551020, 4.272109
48
 0.250000, 1.000000, 0.000000, 1.000000, 2.000000
 108.333333, 4.467692, 0.861538, 3.123077, 4.058462
 102.000000, 1.709150, 0.434641, 3.872549, 4.356209
 112.000000, 2.994048, 0.607143, 3.502976, 4.181548
 112.333333, 2.249258, 0.566766, 3.415430, 4.026706
 104.333333, 2.738019, 0.626198, 3.396166, 4.070288
 114.666667, 2.165698, 0.502907, 3.508721, 4.072674
 105.000000, 1.517460, 0.368254, 3.266667, 3.707937
 114.333333, 2.148688, 0.472303, 3.454810, 3.973761
 109.333333, 2.246951, 0.439024, 3.432927, 3.945122
 105.333333, 1.566456, 0.531646, 3.414557, 4.025316
 110.666667, 2.421687, 0.557229, 3.391566, 3.996988
 119.333333, 2.365922, 0.416201, 2.980447, 3.444134
 111.333333, 2.781437, 0.461078, 3.497006, 4.047904
 105.666667, 2.280757, 0.526814, 3.176656, 3.753943
 118.000000, 2.480226, 0.460452, 3.612994, 4.135593
 119.000000, 2.002801, 0.431373, 3.361345, 3.862745
 109.000000, 1.669725, 0.391437, 3.342508, 3.779817
 112.333333, 1.878338, 0.445104, 3.213650, 3.700297
 101.000000, 1.326733, 0.726073, 3.686469, 4.518152
49
 0.250000, 0.000000, 0.000000, 0.000000, 1.000000
 98.666667, 4.361486, 0.881757, 3.256757, 4.195946
 103.666667, 1.540193, 0.456592, 3.861736, 4.363344
 105.333333, 3.110759, 0.689873, 3.354430, 4.136076
 108.000000, 2.317901, 0.608025, 3.521605, 4.179012
 111.000000, 2.606607, 0.609610, 3.396396, 4.054054
 109.333333, 1.112805, 0.420732, 3.545732, 4.015244
 113.000000, 1.997050, 0.442478, 3.519174, 4.002950
 111.000000, 2.147147, 0.474474, 3.447447, 4.042042
 113.666667, 1.938416, 0.460411, 3.351906, 3.862170
 109.666667, 2.085106, 0.492401, 3.176292, 3.720365
 105.000000, 2.644444, 0.574603, 3.247619, 3.879365
 115.333333, 1.667630, 0.355491, 3.115607, 3.560694
 103.666667, 1.987138, 0.408360, 3.636656, 4.106109
 99.666667, 1.642140, 0.555184, 3.371237, 3.986622
 109.666667, 1.851064, 0.443769, 3.693009, 4.209726
 123.333333, 1.732432, 0.386486, 3.181081, 3.610811
 114.666667, 1.694767, 0.372093, 3.316860, 3.729651
 109.333333, 1.487805, 0.496951, 3.411585, 3.972561
 109.333333, 2.195122, 0.649390, 3.475610, 4.176829
50
 0.250000, 0.000000, 0.000000, 0.000000, 2.000000
 93.333333, 3.492857, 0.835714, 3.492857, 4.414286
 100.333333, 1.664452, 0.421927, 4.096346, 4.568106
 107.333333, 2.425466, 0.658385, 3.465839, 4.173913
 108.333333, 2.612308, 0.476923, 3.723077, 4.249231
 109.000000, 2.529052, 0.565749, 3.467890, 4.122324
 113.333333, 1.685294, 0.417647, 3.441176, 3.908824
 100.000000, 1.676667, 0.450000, 4.050000, 4.553333
 117.000000, 2.002849, 0.518519, 3.376068, 3.940171
 115.666667, 2.475504, 0.501441, 3.357349, 3.904899
 101.333333, 2.365132, 0.621711, 3.536184, 4.217105
 103.000000, 2.132686, 0.414239, 3.417476, 3.883495
 109.333333, 2.039634, 0.426829, 3.341463, 3.838415
 103.000000, 1.812298, 0.456311, 3.624595, 4.129450
 113.000000, 2.507375, 0.628319, 3.182891, 3.855457
 106.666667, 1.650000, 0.443750, 3.643750, 4.134375
 112.000000, 1.175595, 0.434524, 3.288690, 3.776786
 109.666667, 2.161094, 0.422492, 3.680851, 4.188450
 109.666667, 1.838906, 0.544073, 3.379939, 3.990881
 104.666667, 1.894904, 0.694268, 3.652866, 4.417197
51
 0.250000, 1.000000, 0.000000, 0.000000, 1.000000
 102.000000, 3.941176, 0.813725, 3.261438, 4.169935
 95.333333, 1.290210, 0.531469, 4.251748, 4.849650
 100.000000, 2.686667, 0.553333, 3.310000, 3.970000
 108.666667, 2.447853, 0.475460, 3.598160, 4.153374
 106.000000, 2.028302, 0.559748, 3.261006, 3.874214
 120.333333, 1.576177, 0.412742, 3.509695, 3.966759
 100.666667, 1.254967, 0.344371, 3.337748, 3.725166
 106.666667, 1.731250, 0.421875, 3.387500, 3.859375
 116.333333, 1.942693, 0.461318, 3.197708, 3.727794
 115.666667, 2.112392, 0.484150, 3.268012, 3.801153
 101.333333, 2.815789, 0.546053, 3.552632, 4.171053
 122.666667, 2.024457, 0.478261, 3.086957, 3.611413
 103.000000, 1.650485, 0.436893, 3.375405, 3.867314
 108.333333, 3.015385, 0.689231, 3.049231, 3.790769
 101.000000, 2.438944, 0.541254, 3.943894, 4.547855
 114.000000, 2.555556, 0.459064, 3.394737, 3.926901
 113.000000, 1.796460, 0.457227, 3.418879, 3.946903
 118.333333, 2.430986, 0.526761, 3.115493, 3.698592
 108.000000, 1.932099, 0.651235, 3.765432, 4.500000
52
 0.250000, 0.000000, 0.000000, 0.000000, 1.000000
 96.333333, 2.820069, 0.961938, 3.325260, 4.359862
 102.333333, 1.488599, 0.439739, 4.211726, 4.723127
 108.333333, 2.772308, 0.747692, 3.569231, 4.366154
 108.333333, 2.366154, 0.526154, 3.446154, 4.021538
 103.333333, 2.377419, 0.538710, 3.396774, 3.990323
 113.333333, 1.835294, 0.420588, 3.664706, 4.129412
 102.333333, 1.485342, 0.368078, 3.384365, 3.798046
 101.666667, 2.298361, 0.442623, 3.655738, 4.183607
 112.666667, 2.079882, 0.479290, 3.387574, 3.940828
 127.000000, 2.265092, 0.480315, 3.052493, 3.577428
 111.666667, 2.608955, 0.489552, 3.125373, 3.683582
 111.333333, 1.751497, 0.416168, 3.422156, 3.892216
 113.000000, 2.061947, 0.486726, 3.209440, 3.740413
 113.666667, 2.785924, 0.609971, 3.087977, 3.771261
 105.333333, 1.933544, 0.420886, 3.718354, 4.193038
 114.000000, 1.614035, 0.374269, 3.377193, 3.801170
 111.000000, 1.657658, 0.417417, 3.198198, 3.663664
 115.333333, 2.728324, 0.563584, 3.393064, 4.014451
 101.333333, 2.289474, 0.546053, 3.539474, 4.141447
53
 0.250000, 0.000000, 0.000000, 0.000000, 1.000000
 94.000000, 3.078014, 0.829787, 3.581560, 4.464539
 100.666667, 1.943709, 0.394040, 4.039735, 4.516556
 104.000000, 2.977564, 0.669872, 3.323718, 4.067308
 103.000000, 1.932039, 0.553398, 3.508091, 4.110032
 102.000000, 1.947712, 0.493464, 3.379085, 3.937908
 113.666667, 1.683284, 0.439883, 3.313783, 3.800587
 112.333333, 2.204748, 0.519288, 3.534125, 4.097923
 99.666667, 1.224080, 0.421405, 4.026756, 4.568562
 114.000000, 1.690058, 0.494152, 3.242690, 3.801170
 114.000000, 2.622807, 0.473684, 3.207602, 3.745614
 100.000000, 2.570000, 0.520000, 3.480000, 4.070000
 119.666667, 1.816156, 0.403900, 2.969359, 3.420613
 113.000000, 2.383481, 0.451327, 3.371681, 3.867257
 107.333333, 2.068323, 0.649068, 3.198758, 3.894410
 113.666667, 2.228739, 0.431085, 3.621701, 4.123167
 108.666667, 1.398773, 0.401840, 3.116564, 3.579755
 120.000000, 2.063889, 0.447222, 3.308333, 3.805556
 116.000000, 1.896552, 0.545977, 3.370690, 3.962644
 108.333333, 2.169231, 0.572308, 3.476923, 4.095385
54
 0.250000, 0.000000, 0.000000, 31.000000, 31.000000
 103.666667, 3.270096, 0.877814, 3.061093, 3.987138
 102.000000, 1.519608, 0.415033, 3.813725, 4.316993
 104.333333, 2.709265, 0.495208, 3.399361, 3.993610
 103.000000, 1.889968, 0.585761, 3.611650, 4.245955
 98.333333, 2.016949, 0.481356, 3.569492, 4.132203
 113.333333, 1.844118, 0.470588, 3.700000, 4.244118
 107.333333, 1.459627, 0.375776, 3.565217, 3.990683
 115.000000, 2.373913, 0.469565, 3.272464, 3.805797
 120.333333, 2.243767, 0.401662, 3.240997, 3.689751
 119.666667, 2.387187, 0.493036, 3.027855, 3.565460
 109.666667, 2.161094, 0.504559, 3.258359, 3.805471
 116.666667, 1.677143, 0.374286, 3.168571, 3.588571
 106.000000, 2.330189, 0.437107, 3.440252, 3.933962
 106.333333, 1.623824, 0.510972, 3.084639, 3.664577
 116.000000, 2.566092, 0.445402, 3.350575, 3.859195
 121.333333, 2.151099, 0.458791, 3.401099, 3.942308
 109.333333, 1.536585, 0.493902, 3.557927, 4.106707
 110.333333, 2.027190, 0.546828, 3.549849, 4.148036
 106.333333, 2.163009, 0.636364, 3.761755, 4.451411
55
 0.250000, 0.000000, 0.000000, 0.000000, 5.000000
 99.666667, 2.979933, 0.906355, 3.060201, 4.020067
 99.000000, 1.420875, 0.296296, 3.861953, 4.232323
 109.333333, 2.185976, 0.689024, 3.890244, 4.631098
 108.000000, 2.330247, 0.617284, 3.333333, 4.003086
 107.666667, 2.866873, 0.529412, 3.479876, 4.083591
 115.000000, 1.994203, 0.391304, 3.486957, 3.927536
 105.666667, 1.977918, 0.400631, 3.340694, 3.804416
 112.666667, 2.050296, 0.423077, 3.298817, 3.789941
 116.333333, 2.134670, 0.472779, 3.246418, 3.767908
 120.333333, 2.157895, 0.434903, 3.157895, 3.637119
 105.000000, 2.669841, 0.587302, 3.409524, 4.069841
 108.666667, 1.558282, 0.450920, 3.383436, 3.886503
 105.333333, 2.408228, 0.436709, 3.693038, 4.193038
 116.333333, 2.630372, 0.650430, 3.128940, 3.828080
 105.666667, 2.324921, 0.425868, 3.652997, 4.132492
 116.666667, 2.037143, 0.391429, 3.342857, 3.782857
 112.333333, 2.002967, 0.406528, 3.424332, 3.899110
 112.000000, 2.107143, 0.613095, 3.279762, 3.964286
 103.333333, 2.003226, 0.551613, 3.254839, 3.874194
56
 0.250000, 1.000000, 0.000000, 3.000000, 3.000000
 100.000000, 3.796667, 0.983333, 3.270000, 4.363333
 97.000000, 2.017182, 0.467354, 4.216495, 4.756014
 102.000000, 3.186275, 0.669935, 3.692810, 4.437908
 108.333333, 2.363077, 0.553846, 3.464615, 4.064615
 119.333333, 3.061453, 0.508380, 3.287709, 3.851955
 118.000000, 2.050847, 0.418079, 3.646893, 4.112994
 109.666667, 1.577508, 0.422492, 3.604863, 4.072948
 119.000000, 2.112045, 0.352941, 3.212885, 3.649860
 107.333333, 1.894410, 0.518634, 3.406832, 4.021739
 103.333333, 2.322581, 0.464516, 3.532258, 4.074194
 103.000000, 1.728155, 0.572816, 3.543689, 4.171521
 108.333333, 1.704615, 0.403077, 3.227692, 3.686154
 103.666667, 1.749196, 0.434084, 3.797428, 4.286174
 113.000000, 1.781711, 0.575221, 3.159292, 3.778761
 117.333333, 3.110795, 0.647727, 3.491477, 4.198864
 116.666667, 2.002857, 0.391429, 3.011429, 3.474286
 109.666667, 1.653495, 0.382979, 3.516717, 3.951368
 109.000000, 2.431193, 0.556575, 3.437309, 4.091743
 103.666667, 2.279743, 0.565916, 3.212219, 3.829582
57
 0.250000, 1.000000, 0.000000, 3.000000, 5.000000
 99.333333, 3.550336, 0.842282, 3.476510, 4.395973
 113.333333, 2.629412, 0.400000, 3.902941, 4.350000
 101.333333, 2.434211, 0.552632, 3.690789, 4.292763
 106.666667, 2.440625, 0.621875, 3.481250, 4.159375
 111.666667, 2.707463, 0.588060, 3.453731, 4.110448
 112.666667, 2.784024, 0.473373, 3.476331, 4.002959
 109.333333, 1.658537, 0.457317, 3.756098, 4.274390
 127.000000, 2.656168, 0.414698, 3.270341, 3.727034
 117.333333, 2.178977, 0.434659, 3.227273, 3.713068
 116.333333, 2.776504, 0.444126, 3.280802, 3.816619
 99.666667, 1.812709, 0.484950, 3.849498, 4.408027
 112.000000, 1.529762, 0.401786, 3.166667, 3.616071
 110.000000, 2.369697, 0.418182, 3.657576, 4.130303
 108.000000, 2.429012, 0.530864, 3.287037, 3.861111
 111.666667, 2.579104, 0.549254, 3.570149, 4.164179
 121.333333, 1.862637, 0.373626, 3.068681, 3.489011
 113.000000, 1.917404, 0.395280, 3.622419, 4.079646
 114.333333, 2.941691, 0.489796, 3.615160, 4.169096
 99.333333, 1.711409, 0.563758, 3.265101, 3.889262
58
 0.250000, 2.000000, 0.000000, 3.000000, 4.000000
 97.000000, 4.054983, 0.955326, 3.158076, 4.185567
 103.666667, 2.289389, 0.434084, 3.742765, 4.282958
 105.000000, 2.533333, 0.669841, 3.565079, 4.282540
 112.333333, 2.813056, 0.554896, 3.468843, 4.089021
 102.000000, 2.307190, 0.584967, 3.398693, 4.035948
 121.666667, 2.298630, 0.443836, 3.293151, 3.780822
 105.333333, 1.275316, 0.332278, 3.610759, 3.987342
 117.000000, 2.353276, 0.435897, 3.330484, 3.817664
 121.666667, 2.323288, 0.482192, 3.101370, 3.643836
 110.333333, 2.138973, 0.486405, 3.214502, 3.746224
 103.000000, 2.446602, 0.569579, 3.576052, 4.200647
 108.000000, 1.182099, 0.407407, 3.132716, 3.598765
 107.333333, 2.086957, 0.431677, 3.413043, 3.900621
 111.000000, 2.432432, 0.606607, 3.300300, 3.957958
 113.000000, 2.389381, 0.448378, 3.799410, 4.297935
 114.333333, 1.530612, 0.346939, 3.239067, 3.635569
 110.333333, 1.549849, 0.486405, 3.404834, 3.936556
 113.000000, 2.026549, 0.625369, 3.171091, 3.840708
 102.666667, 2.068182, 0.665584, 3.659091, 4.373377
59
 0.250000, 2.000000, 0.000000, 3.000000, 3.000000
 93.000000, 3.681004, 1.132616, 3.383513, 4.569892
 105.000000, 2.053968, 0.447619, 3.730159, 4.231746
 106.000000, 2.814465, 0.597484, 3.512579, 4.185535
 110.000000, 3.512121, 0.551515, 3.115152, 3.739394
 108.000000, 2.453704, 0.617284, 3.296296, 3.966049
 106.000000, 1.125786, 0.427673, 3.531447, 4.015723
 111.333333, 2.000000, 0.398204, 3.149701, 3.598802
 113.666667, 2.293255, 0.469208, 3.123167, 3.656891
 109.000000, 1.773700, 0.440367, 3.373089, 3.892966
 107.333333, 1.906832, 0.506211, 3.422360, 3.996894
 101.666667, 2.547541, 0.560656, 3.291803, 4.000000
 111.000000, 1.417417, 0.405405, 3.414414, 3.864865
 115.666667, 2.276657, 0.449568, 3.351585, 3.850144
 110.000000, 2.742424, 0.651515, 3.096970, 3.800000
 115.333333, 2.549133, 0.468208, 3.482659, 4.002890
 121.333333, 2.046703, 0.368132, 3.126374, 3.541209
 109.000000, 1.461774, 0.443425, 3.363914, 3.856269
 116.666667, 2.268571, 0.480000, 3.191429, 3.768571
 98.333333, 2.044068, 0.498305, 3.786441, 4.335593
60
 0.250000, 0.000000, 0.000000, 2.000000, 2.000000
 88.666667, 4.078947, 0.864662, 4.015038, 4.966165
 104.666667, 1.656051, 0.452229, 3.955414, 4.455414
 105.666667, 3.047319, 0.552050, 3.463722, 4.063091
 106.000000, 2.408805, 0.515723, 3.371069, 3.962264
 110.000000, 2.378788, 0.581818, 3.390909, 4.045455
 107.666667, 1.563467, 0.414861, 3.479876, 3.962848
 102.666667, 1.032468, 0.366883, 3.357143, 3.775974
 111.000000, 2.138138, 0.399399, 3.492492, 3.939940
 117.666667, 2.413598, 0.433428, 3.155807, 3.634561
 112.666667, 2.204142, 0.505917, 3.109467, 3.662722
 110.000000, 2.060606, 0.566667, 3.427273, 4.069697
 109.000000, 1.571865, 0.366972, 3.314985, 3.737003
 106.666667, 1.990625, 0.412500, 3.693750, 4.156250
 119.000000, 2.705882, 0.565826, 2.904762, 3.535014
 110.000000, 2.148485, 0.496970, 3.709091, 4.287879
 113.000000, 1.587021, 0.356932, 3.318584, 3.725664
 119.000000, 2.019608, 0.442577, 3.319328, 3.815126
 111.666667, 1.991045, 0.605970, 3.423881, 4.074627
 107.000000, 2.838006, 0.545171, 3.193146, 3.791277
61
 0.250000, 0.000000, 0.000000, 9.000000, 13.000000
 100.333333, 4.295681, 0.810631, 3.019934, 3.883721
 102.666667, 1.698052, 0.402597, 3.873377, 4.340909
 95.000000, 2.147368, 0.610526, 3.792982, 4.543860
 101.666667, 2.583607, 0.613115, 3.606557, 4.314754
 111.000000, 2.618619, 0.603604, 3.435435, 4.102102
 113.666667, 1.639296, 0.381232, 3.451613, 3.879765
 113.666667, 1.689150, 0.331378, 3.190616, 3.565982
 114.333333, 1.638484, 0.425656, 3.142857, 3.612245
 114.333333, 1.600583, 0.440233, 3.256560, 3.743440
 122.333333, 2.588556, 0.490463, 3.038147, 3.594005
 102.666667, 2.701299, 0.584416, 3.646104, 4.301948
 117.333333, 1.806818, 0.372159, 3.051136, 3.468750
 113.000000, 1.681416, 0.412979, 3.480826, 3.941003
 113.000000, 1.920354, 0.648968, 3.079646, 3.775811
 114.666667, 2.136628, 0.470930, 3.840116, 4.354651
 112.666667, 1.825444, 0.357988, 3.144970, 3.556213
 110.333333, 1.604230, 0.413897, 3.510574, 3.975831
 120.000000, 2.972222, 0.516667, 3.280556, 3.852778
 110.333333, 2.918429, 0.719033, 3.531722, 4.299094
62
 0.250000, 0.000000, 2.000000, 0.000000, 3.000000
 93.666667, 3.060498, 0.975089, 3.437722, 4.483986
 101.666667, 1.642623, 0.498361, 4.026230, 4.583607
 100.000000, 2.363333, 0.863333, 3.566667, 4.500000
 105.333333, 1.623418, 0.449367, 3.525316, 4.079114
 110.333333, 2.299094, 0.537764, 3.214502, 3.827795
 110.333333, 1.921450, 0.441088, 3.589124, 4.108761
 106.333333, 1.655172, 0.379310, 3.206897, 3.642633
 103.333333, 1.912903, 0.419355, 3.596774, 4.103226
 110.666667, 2.141566, 0.409639, 3.334337, 3.819277
 106.000000, 1.798742, 0.518868, 3.459119, 4.040881
 109.333333, 2.856707, 0.548780, 3.356707, 3.972561
 116.666667, 1.962857, 0.374286, 3.280000, 3.705714
 106.666667, 2.071875, 0.534375, 3.743750, 4.331250
 118.333333, 2.907042, 0.602817, 3.036620, 3.687324
 115.333333, 2.494220, 0.494220, 3.528902, 4.066474
 119.000000, 1.588235, 0.372549, 3.156863, 3.574230
 111.666667, 1.513433, 0.423881, 3.600000, 4.071642
 114.000000, 2.055556, 0.517544, 3.292398, 3.862573
 105.333333, 2.518987, 0.531646, 3.462025, 4.041139
63
 0.250000, 0.000000, 0.000000, 0.000000, 0.000000
 94.333333, 2.950530, 0.939929, 3.296820, 4.289753
 100.333333, 1.877076, 0.458472, 3.990033, 4.495017
 108.333333, 2.640000, 0.843077, 3.787692, 4.676923
 109.000000, 2.596330, 0.522936, 3.327217, 3.926606
 103.666667, 2.308682, 0.598071, 3.665595, 4.337621
 116.000000, 2.206897, 0.494253, 3.511494, 4.051724
 104.333333, 1.453674, 0.405751, 3.440895, 3.913738
 120.000000, 2.344444, 0.450000, 3.227778, 3.722222
 105.666667, 1.567823, 0.429022, 3.697161, 4.179811
 108.333333, 2.015385, 0.476923, 2.987692, 3.532308
 108.333333, 2.498462, 0.544615, 3.510769, 4.104615
 113.666667, 1.935484, 0.448680, 3.513196, 4.046921
 108.333333, 1.803077, 0.470769, 3.427692, 3.947692
 115.000000, 2.939130, 0.634783, 3.008696, 3.689855
 109.333333, 2.332317, 0.451220, 3.585366, 4.140244
 114.000000, 1.590643, 0.371345, 3.140351, 3.564327
 104.000000, 1.599359, 0.407051, 3.467949, 3.987179
 112.000000, 1.750000, 0.497024, 3.318452, 3.883929
 111.333333, 2.350299, 0.553892, 3.080838, 3.679641
Histogram
1 0 0 0 0 0 0 0 0 0 6 0 0 0 0 0 0 0 0 0 5 0 0 0 0 0 0 0 0 0 13 0 0 2 10 53 93 164 182 169 174 133 86 58 34 33 12 10 3 1 2 0 0 0 0 0 0 0 0 0 4 0 0 0 0 0 0 0 0 0 1 0 0 0 0 0 0 0 0 0 6 0 0 0 0 0 0 0 0 0 0 0 0 0 0 0 0 0 0 0 0 0 0 0 0 0 0 0 0 0 1 0 0 0 0 0 0 0 0 24 
Cache Miss Ratio
NaN
numOfSets
418488
numOfGets
0
numOfMultiGets
0
