20
0
 0.250000, 10.000000, 0.000000, 1.000000, 14.000000
 111.333333, 4.835329, 1.517964, 4.649701, 6.236527
 129.000000, 4.630491, 1.082687, 4.315245, 5.475452
 134.000000, 4.335821, 1.004975, 4.435323, 5.495025
 135.333333, 4.613300, 0.817734, 4.431034, 5.327586
 118.333333, 3.292958, 0.904225, 4.726761, 5.684507
 123.333333, 4.129730, 1.008108, 4.808108, 5.881081
 111.666667, 3.937313, 1.113433, 4.889552, 6.071642
 115.666667, 3.576369, 1.023055, 5.097983, 6.172911
 119.666667, 4.172702, 1.052925, 4.824513, 5.922006
 122.666667, 4.690217, 1.130435, 4.921196, 6.133152
 120.666667, 4.621547, 1.074586, 4.925414, 6.046961
 116.333333, 4.037249, 1.074499, 5.123209, 6.257880
 119.666667, 5.169916, 0.952646, 5.128134, 6.144847
 104.666667, 3.003185, 0.866242, 5.681529, 6.646497
 122.000000, 4.521858, 1.155738, 4.601093, 5.816940
 122.666667, 5.461957, 1.119565, 5.002717, 6.201087
 115.000000, 5.527536, 1.072464, 4.973913, 6.191304
 128.333333, 6.400000, 1.314286, 4.836364, 6.194805
 115.333333, 4.046243, 1.017341, 5.190751, 6.297688
1
 0.250000, 9.000000, 1.000000, 3.000000, 15.000000
 116.333333, 6.040115, 1.366762, 4.532951, 5.991404
 112.333333, 3.712166, 0.913947, 4.801187, 5.786350
 127.333333, 4.418848, 1.060209, 4.641361, 5.790576
 134.000000, 4.109453, 0.893035, 4.442786, 5.380597
 139.000000, 5.187050, 0.757794, 4.270983, 5.074341
 124.666667, 4.786096, 1.173797, 4.799465, 6.032086
 122.333333, 5.326975, 1.057221, 4.833787, 5.978202
 120.333333, 3.462604, 0.994460, 4.850416, 5.927978
 115.666667, 5.051873, 1.152738, 4.933718, 6.132565
 111.666667, 5.137313, 1.128358, 5.414925, 6.591045
 116.666667, 4.477143, 1.008571, 5.242857, 6.388571
 107.000000, 3.735202, 1.137072, 5.302181, 6.510903
 112.666667, 5.257396, 1.020710, 5.269231, 6.340237
 122.666667, 4.478261, 0.910326, 5.220109, 6.179348
 115.000000, 2.930435, 0.939130, 4.846377, 5.834783
 120.666667, 4.124309, 1.063536, 5.110497, 6.220994
 118.666667, 4.921348, 1.143258, 4.735955, 6.019663
 124.000000, 4.467742, 1.091398, 4.852151, 6.034946
 126.000000, 5.187831, 1.071429, 4.867725, 5.989418
 116.666667, 5.545714, 1.091429, 4.482857, 5.671429
2
 0.250000, 7.000000, 1.000000, 1.000000, 15.000000
 116.666667, 6.894286, 1.568571, 4.620000, 6.237143
 123.333333, 4.278378, 0.862162, 4.654054, 5.583784
 126.666667, 3.052632, 0.976316, 4.542105, 5.600000
 126.666667, 3.136842, 0.776316, 4.621053, 5.455263
 127.666667, 4.015666, 0.856397, 4.485640, 5.404700
 119.666667, 3.779944, 0.969359, 4.849582, 5.866295
 121.333333, 5.958791, 1.000000, 4.736264, 5.813187
 115.000000, 4.089855, 0.956522, 4.927536, 5.979710
 112.666667, 4.970414, 1.005917, 4.911243, 6.050296
 116.333333, 5.014327, 1.097421, 5.111748, 6.255014
 116.333333, 5.395415, 1.234957, 5.232092, 6.535817
 111.000000, 4.324324, 0.903904, 5.168168, 6.192192
 125.333333, 6.018617, 1.305851, 4.707447, 6.058511
 123.000000, 4.853659, 0.872629, 5.178862, 6.094851
 125.000000, 4.317333, 1.144000, 4.653333, 5.946667
 108.666667, 4.463190, 1.033742, 5.401840, 6.570552
 124.000000, 5.408602, 1.072581, 4.588710, 5.706989
 126.666667, 4.573684, 1.155263, 4.823684, 6.097368
 118.000000, 4.234463, 1.033898, 4.951977, 6.056497
3
 0.250000, 7.000000, 1.000000, 2.000000, 15.000000
 109.000000, 4.097859, 1.513761, 4.703364, 6.314985
 130.666667, 5.005102, 1.025510, 4.214286, 5.288265
 130.000000, 4.646154, 0.951282, 4.430769, 5.428205
 136.333333, 4.242054, 0.735941, 4.303178, 5.085575
 134.000000, 4.467662, 0.848259, 4.500000, 5.410448
 122.333333, 3.803815, 0.972752, 4.792916, 5.809264
 129.333333, 5.458763, 1.170103, 4.582474, 5.804124
 122.000000, 5.128415, 1.071038, 4.857923, 6.013661
 128.333333, 6.324675, 1.298701, 4.750649, 6.098701
 123.666667, 5.140162, 1.153639, 4.765499, 5.981132
 111.666667, 4.597015, 1.247761, 5.191045, 6.489552
 119.666667, 4.805014, 1.013928, 5.027855, 6.097493
 107.333333, 4.180124, 1.142857, 5.263975, 6.506211
 121.000000, 3.771350, 0.944904, 5.206612, 6.195592
 124.333333, 5.474531, 1.184987, 4.731903, 5.962466
 118.666667, 4.421348, 1.148876, 5.266854, 6.502809
 132.333333, 5.896725, 1.075567, 4.599496, 5.722922
 118.666667, 3.797753, 1.028090, 4.901685, 5.977528
 112.000000, 4.657738, 1.002976, 5.017857, 6.110119
4
 0.250000, 14.000000, 1.000000, 1.000000, 3.000000
 111.000000, 6.486486, 1.705706, 4.558559, 6.342342
 128.333333, 4.244156, 0.838961, 4.493506, 5.402597
 122.333333, 2.907357, 0.904632, 4.692098, 5.662125
 128.333333, 3.535065, 0.716883, 4.672727, 5.454545
 127.666667, 4.099217, 0.791123, 4.373368, 5.216710
 125.333333, 4.683511, 0.976064, 4.760638, 5.781915
 124.333333, 5.879357, 1.136729, 4.699732, 5.882038
 118.000000, 4.203390, 0.858757, 4.878531, 5.785311
 112.000000, 4.994048, 1.139881, 5.315476, 6.505952
 124.666667, 5.403743, 1.147059, 4.754011, 5.943850
 112.333333, 4.433234, 1.198813, 5.498516, 6.777448
 105.666667, 4.164038, 0.993691, 5.488959, 6.586751
 113.666667, 4.967742, 0.979472, 5.278592, 6.363636
 106.666667, 3.946875, 0.818750, 5.562500, 6.431250
 128.000000, 4.864583, 1.182292, 4.690104, 5.924479
 119.666667, 4.019499, 1.189415, 5.236769, 6.518106
 119.000000, 4.845938, 1.014006, 4.652661, 5.717087
 120.000000, 4.305556, 1.066667, 4.830556, 5.944444
 123.666667, 5.091644, 1.029650, 4.908356, 6.005391
5
 0.250000, 13.000000, 1.000000, 1.000000, 3.000000
 124.333333, 6.214477, 1.348525, 4.292225, 5.697051
 128.000000, 4.755208, 0.901042, 4.617188, 5.572917
 122.333333, 4.880109, 1.013624, 4.801090, 5.882834
 129.666667, 3.336761, 0.699229, 4.508997, 5.293059
 127.333333, 4.196335, 0.803665, 4.594241, 5.450262
 112.666667, 3.210059, 0.742604, 4.982249, 5.849112
 127.333333, 5.698953, 0.997382, 4.730366, 5.774869
 122.333333, 4.204360, 1.032698, 4.926431, 6.016349
 118.666667, 5.505618, 1.089888, 5.019663, 6.160112
 118.666667, 4.199438, 1.042135, 4.957865, 6.047753
 119.333333, 5.678771, 1.008380, 4.983240, 6.055866
 122.000000, 4.046448, 1.030055, 4.882514, 5.989071
 110.000000, 5.854545, 1.036364, 5.375758, 6.478788
 120.333333, 3.764543, 0.955679, 5.229917, 6.229917
 110.333333, 3.021148, 1.003021, 5.163142, 6.220544
 122.666667, 4.179348, 1.103261, 5.005435, 6.209239
 111.666667, 5.426866, 0.952239, 5.071642, 6.143284
 110.333333, 3.259819, 0.873112, 5.223565, 6.169184
 118.333333, 5.078873, 1.014085, 4.808451, 5.892958
 108.333333, 5.116923, 1.196923, 4.790769, 6.110769
6
 0.250000, 6.000000, 1.000000, 10.000000, 14.000000
 126.666667, 8.034211, 1.873684, 4.344737, 6.286842
 130.666667, 3.619898, 0.780612, 4.482143, 5.329082
 132.000000, 4.689394, 1.065657, 4.505051, 5.638889
 133.000000, 6.265664, 1.062657, 4.493734, 5.624060
 127.666667, 3.869452, 0.906005, 4.644909, 5.603133
 116.666667, 3.668571, 0.925714, 4.725714, 5.717143
 137.333333, 5.980583, 1.106796, 4.398058, 5.550971
 119.333333, 4.553073, 0.832402, 4.759777, 5.695531
 120.333333, 4.772853, 1.199446, 4.778393, 6.027701
 124.333333, 4.801609, 1.187668, 4.780161, 6.018767
 116.666667, 4.474286, 1.031429, 5.134286, 6.228571
 131.333333, 5.746193, 1.180203, 4.687817, 5.911168
 122.000000, 4.092896, 1.185792, 4.819672, 6.049180
 124.000000, 4.712366, 0.862903, 5.026882, 5.935484
 114.333333, 3.822157, 0.924198, 4.731778, 5.711370
 118.000000, 3.025424, 1.033898, 5.223164, 6.324859
 130.333333, 5.125320, 1.214834, 4.230179, 5.485934
 122.333333, 4.544959, 0.942779, 4.784741, 5.776567
 122.666667, 5.975543, 1.010870, 4.872283, 6.078804
7
 0.250000, 8.000000, 3.000000, 11.000000, 18.000000
 111.666667, 5.874627, 1.441791, 4.594030, 6.137313
 124.666667, 3.665775, 0.909091, 4.590909, 5.590909
 130.333333, 3.846547, 1.081841, 4.542199, 5.670077
 117.000000, 3.301994, 0.849003, 4.763533, 5.680912
 129.000000, 3.630491, 0.948320, 4.410853, 5.405685
 130.000000, 5.310256, 1.107692, 4.792308, 5.943590
 124.333333, 4.662198, 0.882038, 4.635389, 5.571046
 124.000000, 4.534946, 0.919355, 4.946237, 5.938172
 128.333333, 5.096104, 1.111688, 4.519481, 5.675325
 110.666667, 4.668675, 1.063253, 5.274096, 6.406627
 113.333333, 5.150000, 1.126471, 5.211765, 6.441176
 124.666667, 4.962567, 1.165775, 4.895722, 6.106952
 122.666667, 4.942935, 1.062500, 4.904891, 6.013587
 110.666667, 3.734940, 0.804217, 5.563253, 6.412651
 111.000000, 4.216216, 0.906907, 5.066066, 6.066066
 114.000000, 4.359649, 1.040936, 5.435673, 6.561404
 118.000000, 4.632768, 0.994350, 4.810734, 5.920904
 119.000000, 5.453782, 1.044818, 4.876751, 5.971989
 105.333333, 4.534810, 0.898734, 5.588608, 6.588608
8
 0.250000, 4.000000, 3.000000, 13.000000, 18.000000
 111.000000, 4.204204, 1.519520, 4.609610, 6.207207
 128.333333, 3.974026, 0.857143, 4.444156, 5.345455
 133.333333, 4.785000, 1.042500, 4.640000, 5.727500
 129.666667, 3.969152, 0.845758, 4.534704, 5.426735
 131.000000, 4.384224, 0.865140, 4.371501, 5.284987
 120.000000, 3.925000, 0.900000, 4.969444, 5.922222
 114.666667, 4.209302, 0.982558, 4.947674, 5.979651
 123.333333, 4.583784, 1.072973, 4.905405, 6.029730
 127.000000, 5.548556, 1.097113, 4.577428, 5.719160
 113.000000, 4.905605, 1.168142, 5.410029, 6.634218
 127.000000, 5.503937, 1.241470, 4.884514, 6.186352
 114.000000, 3.733918, 1.023392, 5.099415, 6.195906
 121.666667, 6.254795, 1.098630, 4.939726, 6.205479
 114.333333, 3.793003, 0.871720, 5.495627, 6.416910
 124.333333, 3.616622, 1.056300, 4.801609, 5.903485
 125.666667, 5.734748, 1.076923, 4.835544, 6.000000
 123.666667, 5.625337, 1.167116, 4.654987, 5.935310
 125.666667, 3.933687, 0.994695, 4.870027, 5.912467
 110.666667, 3.774096, 0.936747, 4.957831, 5.948795
9
 0.250000, 4.000000, 3.000000, 13.000000, 18.000000
 110.333333, 5.323263, 1.277946, 4.661631, 6.072508
 129.000000, 4.124031, 0.863049, 4.211886, 5.131783
 139.333333, 5.184211, 1.162679, 4.351675, 5.557416
 131.000000, 3.679389, 0.880407, 4.414758, 5.366412
 128.666667, 4.484456, 0.924870, 4.471503, 5.448187
 121.000000, 3.730028, 0.986226, 4.760331, 5.790634
 126.666667, 5.007895, 0.965789, 4.497368, 5.507895
 120.333333, 4.373961, 1.022161, 4.922438, 5.991690
 113.000000, 4.643068, 1.067847, 5.056047, 6.203540
 110.666667, 4.677711, 0.975904, 5.394578, 6.448795
 107.666667, 4.015480, 1.219814, 5.365325, 6.634675
 128.333333, 5.088312, 1.194805, 4.950649, 6.194805
 124.000000, 4.779570, 1.185484, 4.779570, 6.010753
 116.000000, 3.494253, 0.862069, 5.034483, 5.939655
 130.666667, 4.711735, 1.260204, 4.581633, 5.885204
 115.666667, 4.585014, 1.144092, 5.112392, 6.302594
 135.333333, 7.118227, 1.310345, 4.485222, 5.847291
 124.000000, 5.801075, 0.983871, 4.766129, 5.841398
 116.666667, 4.460000, 0.888571, 5.045714, 6.005714
10
 0.250000, 0.000000, 3.000000, 2.000000, 18.000000
 116.333333, 6.257880, 1.146132, 4.475645, 5.719198
 129.000000, 3.167959, 0.888889, 4.444444, 5.382429
 126.000000, 4.780423, 0.960317, 4.645503, 5.693122
 118.333333, 2.864789, 0.760563, 4.650704, 5.526761
 127.666667, 4.851175, 0.874674, 4.493473, 5.430809
 133.000000, 4.456140, 0.994987, 4.501253, 5.551378
 128.333333, 5.693506, 1.036364, 4.542857, 5.690909
 129.333333, 4.577320, 0.930412, 4.649485, 5.626289
 115.333333, 4.364162, 1.020231, 4.777457, 5.878613
 124.333333, 5.686327, 1.211796, 4.847185, 6.126005
 114.000000, 5.301170, 1.152047, 5.154971, 6.356725
 120.333333, 3.980609, 1.008310, 4.891967, 5.947368
 119.000000, 5.109244, 1.182073, 5.011204, 6.240896
 109.333333, 3.487805, 0.810976, 5.542683, 6.426829
 112.666667, 3.683432, 1.044379, 5.011834, 6.136095
 121.333333, 3.873626, 0.892857, 4.964286, 5.901099
 127.666667, 4.415144, 1.041775, 4.571802, 5.660574
 116.000000, 3.962644, 1.080460, 5.000000, 6.152299
 124.666667, 5.122995, 0.911765, 4.901070, 5.868984
11
 0.250000, 0.000000, 15.000000, 0.000000, 26.000000
 118.333333, 7.084507, 1.602817, 4.535211, 6.202817
 123.666667, 3.749326, 1.064690, 4.517520, 5.628032
 129.000000, 4.147287, 1.038760, 4.532300, 5.648579
 130.000000, 3.717949, 0.807692, 4.571795, 5.433333
 121.000000, 4.347107, 0.859504, 4.484848, 5.407713
 127.000000, 4.296588, 1.023622, 4.821522, 5.895013
 121.000000, 5.071625, 0.988981, 4.741047, 5.776860
 132.333333, 4.778338, 1.055416, 4.556675, 5.677582
 116.000000, 4.390805, 0.971264, 4.721264, 5.821839
 122.000000, 5.983607, 1.278689, 4.904372, 6.254098
 123.666667, 4.153639, 1.134771, 4.803235, 5.986523
 103.666667, 3.440514, 1.045016, 5.546624, 6.655949
 114.333333, 5.454810, 1.344023, 5.192420, 6.583090
 111.666667, 3.635821, 0.841791, 5.567164, 6.483582
 122.666667, 3.861413, 0.975543, 4.896739, 5.921196
 112.333333, 3.718101, 0.869436, 5.275964, 6.219585
 117.333333, 5.176136, 1.207386, 4.909091, 6.232955
 124.333333, 5.554960, 1.190349, 5.040214, 6.300268
 120.333333, 4.193906, 0.889197, 4.997230, 5.930748
12
 0.250000, 0.000000, 15.000000, 0.000000, 26.000000
 113.666667, 4.478006, 1.231672, 4.510264, 5.797654
 126.000000, 4.619048, 1.074074, 4.248677, 5.367725
 128.333333, 3.935065, 1.012987, 4.350649, 5.425974
 131.000000, 3.872774, 0.834606, 4.391858, 5.277354
 128.000000, 4.398438, 0.898438, 4.583333, 5.528646
 127.333333, 5.191099, 0.947644, 4.717277, 5.725131
 123.000000, 5.991870, 1.100271, 4.761518, 5.983740
 126.333333, 4.736148, 0.976253, 4.817942, 5.844327
 115.666667, 3.420749, 1.083573, 4.801153, 5.953890
 117.000000, 5.079772, 1.071225, 5.250712, 6.364672
 118.666667, 4.977528, 1.058989, 4.960674, 6.109551
 120.666667, 5.306630, 1.198895, 5.002762, 6.248619
 128.000000, 5.161458, 1.169271, 4.658854, 5.875000
 118.333333, 4.157746, 0.822535, 5.276056, 6.149296
 111.000000, 3.195195, 0.918919, 4.981982, 5.957958
 120.666667, 3.480663, 0.977901, 4.848066, 5.867403
 122.666667, 5.250000, 0.970109, 4.611413, 5.627717
 123.000000, 4.897019, 0.959350, 4.910569, 5.967480
 127.666667, 4.775457, 1.281984, 4.592689, 5.937337
13
 0.250000, 0.000000, 16.000000, 0.000000, 26.000000
 119.666667, 5.571031, 1.264624, 4.551532, 5.874652
 132.666667, 4.701005, 0.977387, 4.168342, 5.195980
 122.333333, 2.831063, 0.931880, 4.817439, 5.792916
 130.333333, 4.125320, 0.884910, 4.337596, 5.299233
 127.333333, 4.633508, 0.772251, 4.549738, 5.366492
 125.333333, 5.119681, 1.085106, 4.877660, 6.039894
 126.666667, 5.515789, 1.084211, 4.536842, 5.671053
 119.000000, 4.840336, 0.977591, 5.154062, 6.204482
 119.000000, 5.198880, 1.036415, 4.719888, 5.871148
 120.333333, 4.709141, 1.249307, 5.119114, 6.434903
 121.333333, 5.211538, 1.247253, 5.057692, 6.387363
 128.666667, 5.069948, 1.108808, 4.878238, 6.046632
 125.000000, 5.906667, 1.205333, 5.069333, 6.346667
 115.666667, 4.478386, 0.884726, 4.876081, 5.835735
 110.333333, 3.592145, 1.021148, 5.166163, 6.326284
 114.666667, 3.700581, 0.886628, 5.514535, 6.456395
 124.333333, 6.780161, 1.147453, 4.525469, 5.769437
 119.333333, 5.410615, 1.162011, 4.835196, 6.075419
 127.000000, 5.220472, 1.070866, 4.776903, 5.895013
14
 0.250000, 0.000000, 15.000000, 8.000000, 24.000000
 110.666667, 5.481928, 1.635542, 4.460843, 6.183735
 135.000000, 4.641975, 0.829630, 4.241975, 5.116049
 128.666667, 4.261658, 0.971503, 4.683938, 5.702073
 131.000000, 3.493639, 0.722646, 4.396947, 5.167939
 122.333333, 4.032698, 0.907357, 4.506812, 5.463215
 116.666667, 4.508571, 1.057143, 5.325714, 6.462857
 133.000000, 5.521303, 0.937343, 4.571429, 5.558897
 128.000000, 4.325521, 0.966146, 4.669271, 5.682292
 116.000000, 3.956897, 0.985632, 4.750000, 5.810345
 125.666667, 4.498674, 1.212202, 4.872679, 6.151194
 118.000000, 4.915254, 1.163842, 5.121469, 6.330508
 117.666667, 4.549575, 0.951841, 5.269122, 6.348442
 117.000000, 4.777778, 1.216524, 5.333333, 6.595442
 117.333333, 3.571023, 0.789773, 5.221591, 6.079545
 109.666667, 4.522796, 0.954407, 5.313070, 6.340426
 120.333333, 4.301939, 1.036011, 4.880886, 6.052632
 123.000000, 4.647696, 1.010840, 4.401084, 5.471545
 115.000000, 3.936232, 1.101449, 5.046377, 6.200000
 121.000000, 4.677686, 1.093664, 4.719008, 5.876033
15
 0.250000, 1.000000, 3.000000, 8.000000, 12.000000
 109.666667, 5.170213, 1.185410, 4.440729, 5.693009
 118.333333, 3.712676, 0.952113, 4.650704, 5.653521
 133.333333, 5.572500, 1.142500, 4.462500, 5.652500
 125.000000, 3.133333, 0.805333, 4.477333, 5.346667
 131.000000, 4.854962, 0.829517, 4.343511, 5.221374
 125.333333, 3.981383, 0.973404, 4.819149, 5.853723
 119.666667, 5.442897, 1.142061, 4.963788, 6.189415
 122.666667, 3.842391, 0.861413, 4.720109, 5.633152
 126.333333, 5.092348, 1.224274, 4.662269, 5.931398
 121.000000, 4.608815, 1.063361, 4.865014, 6.033058
 123.666667, 6.442049, 1.339623, 4.994609, 6.401617
 117.333333, 5.071023, 0.971591, 5.065341, 6.088068
 124.000000, 6.061828, 1.209677, 4.897849, 6.212366
 118.333333, 4.312676, 0.892958, 5.245070, 6.188732
 119.666667, 4.019499, 1.027855, 4.818942, 5.919220
 122.000000, 3.680328, 1.068306, 4.896175, 6.010929
 129.333333, 5.402062, 1.118557, 4.381443, 5.541237
 107.000000, 4.109034, 1.093458, 5.314642, 6.504673
 120.333333, 4.789474, 0.872576, 5.216066, 6.135734
16
 0.250000, 1.000000, 0.000000, 8.000000, 8.000000
 110.000000, 5.487879, 1.303030, 4.636364, 6.054545
 128.000000, 4.171875, 0.971354, 4.510417, 5.523438
 120.666667, 3.458564, 0.950276, 4.792818, 5.798343
 133.666667, 4.189526, 0.890274, 4.299252, 5.231920
 118.333333, 2.861972, 0.836620, 4.881690, 5.808451
 122.000000, 4.218579, 1.000000, 4.950820, 6.013661
 121.666667, 6.465753, 1.142466, 4.597260, 5.810959
 129.000000, 5.007752, 0.981912, 4.744186, 5.821705
 120.333333, 3.728532, 1.036011, 4.789474, 5.891967
 119.000000, 5.274510, 1.268908, 4.887955, 6.204482
 118.666667, 4.455056, 1.112360, 5.370787, 6.539326
 108.333333, 3.036923, 0.990769, 5.458462, 6.535385
 117.666667, 4.719547, 1.070822, 5.093484, 6.212465
 99.333333, 2.590604, 0.835570, 6.067114, 7.000000
 126.333333, 4.205805, 1.163588, 4.641161, 5.849604
 124.000000, 4.825269, 1.166667, 4.825269, 6.040323
 112.333333, 4.166172, 0.913947, 4.866469, 5.848665
 122.666667, 4.565217, 1.002717, 4.779891, 5.836957
 112.333333, 4.459941, 1.044510, 5.222552, 6.356083
17
 0.250000, 0.000000, 7.000000, 1.000000, 9.000000
 112.666667, 4.337278, 1.304734, 4.715976, 6.088757
 134.333333, 4.900744, 0.895782, 4.275434, 5.213400
 127.000000, 3.931759, 0.952756, 4.677165, 5.682415
 136.000000, 5.784314, 1.002451, 4.379902, 5.431373
 127.333333, 3.994764, 1.002618, 4.507853, 5.552356
 117.000000, 4.549858, 1.051282, 5.008547, 6.111111
 131.000000, 6.704835, 1.091603, 4.557252, 5.707379
 126.000000, 4.328042, 0.994709, 4.719577, 5.814815
 121.333333, 4.532967, 1.068681, 4.782967, 5.967033
 110.000000, 4.484848, 1.090909, 5.212121, 6.369697
 122.000000, 5.234973, 1.147541, 5.346995, 6.560109
 127.333333, 4.392670, 1.049738, 4.840314, 5.960733
 114.333333, 4.720117, 1.055394, 5.323615, 6.483965
 104.333333, 3.942492, 0.824281, 5.332268, 6.329073
 125.333333, 5.351064, 1.316489, 4.880319, 6.247340
 118.666667, 3.508427, 0.879213, 4.949438, 5.876404
 113.000000, 5.224189, 0.943953, 4.997050, 6.017699
 123.666667, 5.107817, 1.242588, 4.889488, 6.202156
 120.000000, 4.252778, 1.091667, 4.786111, 5.941667
18
 0.250000, 1.000000, 0.000000, 0.000000, 0.000000
 118.000000, 6.604520, 1.398305, 4.610169, 6.098870
 124.333333, 4.297587, 0.989276, 4.501340, 5.554960
 128.000000, 4.119792, 1.156250, 4.580729, 5.783854
 128.000000, 3.934896, 0.880208, 4.424479, 5.348958
 116.333333, 3.512894, 0.856734, 4.756447, 5.684814
 133.000000, 5.305764, 1.070175, 4.646617, 5.756892
 122.000000, 4.765027, 0.901639, 4.775956, 5.721311
 122.666667, 5.464674, 1.076087, 5.016304, 6.144022
 116.000000, 4.272989, 0.948276, 4.778736, 5.775862
 122.666667, 4.733696, 1.290761, 4.875000, 6.209239
 116.333333, 5.212034, 1.140401, 5.088825, 6.292264
 126.000000, 4.552910, 1.002646, 4.505291, 5.576720
 111.000000, 4.729730, 1.057057, 5.417417, 6.531532
 115.666667, 5.002882, 0.953890, 5.527378, 6.530259
 114.666667, 4.520349, 1.340116, 4.959302, 6.406977
 121.666667, 4.602740, 1.016438, 4.813699, 5.879452
 126.333333, 5.081794, 1.023747, 4.535620, 5.630607
 123.000000, 4.772358, 1.027100, 4.897019, 6.002710
 115.666667, 5.109510, 1.190202, 5.221902, 6.515850
19
 0.250000, 1.000000, 0.000000, 0.000000, 0.000000
 119.333333, 4.980447, 1.245810, 4.421788, 5.737430
 124.666667, 4.050802, 0.828877, 4.622995, 5.500000
 129.000000, 4.777778, 1.041344, 4.542636, 5.633075
 129.000000, 3.705426, 0.852713, 4.366925, 5.271318
 122.000000, 4.163934, 0.945355, 4.852459, 5.844262
 121.666667, 4.704110, 1.082192, 4.909589, 6.043836
 128.000000, 5.679688, 0.986979, 4.609375, 5.648438
 116.333333, 4.005731, 1.014327, 4.885387, 5.977077
 121.666667, 3.994521, 1.002740, 4.589041, 5.687671
 114.666667, 4.354651, 1.247093, 5.087209, 6.386628
 115.000000, 4.707246, 1.040580, 5.243478, 6.356522
 123.000000, 4.766938, 1.078591, 4.913279, 6.046070
 109.000000, 5.581040, 1.171254, 5.584098, 6.807339
 118.333333, 4.622535, 1.025352, 5.129577, 6.200000
 117.333333, 4.417614, 1.215909, 4.639205, 5.897727
 130.666667, 5.224490, 1.127551, 4.818878, 5.989796
 125.666667, 5.864721, 0.954907, 4.379310, 5.379310
 114.000000, 4.143275, 1.029240, 5.198830, 6.304094
 120.333333, 4.263158, 1.019391, 4.903047, 6.016620
20
 0.250000, 1.000000, 0.000000, 0.000000, 0.000000
 117.333333, 5.125000, 1.261364, 4.630682, 5.943182
 122.666667, 4.062500, 0.967391, 4.548913, 5.567935
 131.000000, 4.966921, 1.015267, 4.389313, 5.458015
 126.666667, 3.460526, 0.781579, 4.602632, 5.442105
 125.000000, 3.416000, 0.880000, 4.634667, 5.562667
 118.666667, 4.154494, 0.935393, 4.943820, 5.924157
 122.000000, 5.950820, 1.101093, 4.663934, 5.836066
 119.000000, 3.971989, 1.112045, 4.935574, 6.114846
 121.666667, 5.679452, 1.090411, 4.742466, 5.950685
 115.333333, 4.982659, 1.118497, 5.132948, 6.294798
 118.000000, 5.579096, 1.158192, 5.192090, 6.418079
 120.333333, 4.362881, 1.036011, 4.983380, 6.066482
 119.666667, 4.423398, 0.935933, 4.913649, 5.983287
 109.000000, 3.036697, 0.758410, 5.030581, 5.834862
 113.000000, 3.879056, 0.899705, 5.106195, 6.056047
 132.333333, 5.435768, 1.120907, 4.803526, 5.969773
 125.333333, 4.242021, 0.898936, 4.523936, 5.489362
 119.333333, 5.209497, 1.016760, 4.932961, 6.027933
 126.000000, 5.354497, 1.000000, 4.759259, 5.804233
21
 0.250000, 0.000000, 0.000000, 1.000000, 1.000000
 107.333333, 4.295031, 1.363354, 4.667702, 6.093168
 131.333333, 4.431472, 0.954315, 4.291878, 5.294416
 133.333333, 4.027500, 0.982500, 4.487500, 5.512500
 126.666667, 3.784211, 0.947368, 4.594737, 5.589474
 126.333333, 3.846966, 0.952507, 4.414248, 5.414248
 125.333333, 4.077128, 0.946809, 4.760638, 5.768617
 131.333333, 4.956853, 1.022843, 4.520305, 5.593909
 132.000000, 5.184343, 1.035354, 4.325758, 5.431818
 122.000000, 4.169399, 1.013661, 4.721311, 5.778689
 118.000000, 6.087571, 1.406780, 5.110169, 6.581921
 116.333333, 4.667622, 1.246418, 5.295129, 6.650430
 115.333333, 3.433526, 0.921965, 5.017341, 5.991329
 117.666667, 5.422096, 1.184136, 5.144476, 6.447592
 128.666667, 4.943005, 0.966321, 5.199482, 6.284974
 117.666667, 3.793201, 1.147309, 4.866856, 6.056657
 122.333333, 4.040872, 1.013624, 4.787466, 5.918256
 117.333333, 4.673295, 0.977273, 4.761364, 5.826705
 122.333333, 4.000000, 0.940054, 4.757493, 5.743869
 124.333333, 4.954424, 1.147453, 4.780161, 5.986595
22
 0.250000, 1.000000, 0.000000, 1.000000, 1.000000
 110.666667, 5.081325, 1.246988, 4.563253, 5.882530
 123.000000, 4.420054, 0.864499, 4.384824, 5.298103
 117.333333, 3.184659, 0.909091, 4.909091, 5.877841
 133.000000, 3.696742, 0.889724, 4.516291, 5.456140
 127.333333, 4.125654, 0.924084, 4.486911, 5.460733
 119.000000, 4.252101, 0.941176, 5.025210, 6.008403
 115.666667, 4.106628, 0.974063, 5.008646, 6.069164
 120.666667, 4.038674, 1.085635, 4.765193, 5.897790
 119.666667, 5.481894, 1.052925, 4.969359, 6.075209
 115.666667, 5.311239, 1.158501, 5.262248, 6.469741
 122.333333, 4.817439, 1.171662, 4.918256, 6.130790
 124.333333, 4.981233, 1.058981, 5.024129, 6.147453
 111.333333, 4.586826, 1.071856, 5.269461, 6.410180
 121.000000, 4.931129, 1.107438, 5.280992, 6.438017
 114.333333, 3.664723, 1.122449, 4.868805, 6.037901
 113.333333, 4.229412, 0.979412, 5.176471, 6.258824
 129.666667, 6.897172, 1.213368, 4.424165, 5.681234
 116.333333, 4.392550, 1.005731, 5.200573, 6.255014
 113.333333, 4.147059, 1.005882, 5.120588, 6.197059
23
 0.250000, 20.000000, 0.000000, 0.000000, 0.000000
 115.333333, 6.213873, 1.378613, 4.661850, 6.127168
 125.333333, 3.497340, 0.920213, 4.550532, 5.531915
 124.333333, 3.624665, 0.986595, 4.656836, 5.726542
 130.000000, 4.658974, 0.953846, 4.610256, 5.610256
 127.333333, 3.544503, 0.903141, 4.680628, 5.628272
 116.666667, 5.391429, 0.865714, 5.117143, 6.085714
 127.333333, 6.583770, 1.078534, 4.732984, 5.900524
 124.666667, 4.735294, 1.013369, 4.927807, 5.997326
 117.000000, 4.529915, 1.250712, 4.925926, 6.225071
 112.000000, 4.127976, 1.217262, 5.110119, 6.392857
 123.000000, 4.542005, 1.233062, 4.986450, 6.284553
 120.000000, 5.494444, 1.072222, 5.136111, 6.255556
 117.333333, 3.889205, 0.957386, 5.099432, 6.107955
 113.666667, 4.343109, 0.985337, 5.653959, 6.756598
 121.333333, 4.167582, 1.200549, 4.857143, 6.101648
 128.333333, 4.823377, 1.220779, 4.833766, 6.116883
 120.000000, 4.658333, 0.733333, 4.650000, 5.447222
 117.333333, 4.116477, 0.943182, 5.056818, 6.130682
 110.000000, 2.869697, 0.906061, 5.054545, 6.057576
24
 0.250000, 11.000000, 6.000000, 0.000000, 7.000000
 113.666667, 5.850440, 1.299120, 4.706745, 6.064516
 128.333333, 4.906494, 1.000000, 4.272727, 5.327273
 131.000000, 3.872774, 0.880407, 4.458015, 5.384224
 136.000000, 3.563725, 0.872549, 4.308824, 5.225490
 129.333333, 4.652062, 0.956186, 4.510309, 5.554124
 112.333333, 3.071217, 0.845697, 5.062315, 5.961424
 117.333333, 4.127841, 0.971591, 4.727273, 5.750000
 127.000000, 5.141732, 1.073491, 4.700787, 5.821522
 120.000000, 5.538889, 1.025000, 4.855556, 5.961111
 112.000000, 4.312500, 1.172619, 5.199405, 6.419643
 120.000000, 5.411111, 1.077778, 5.063889, 6.211111
 112.666667, 3.298817, 0.917160, 5.289941, 6.331361
 125.000000, 6.344000, 1.186667, 4.984000, 6.224000
 115.666667, 4.057637, 0.904899, 5.432277, 6.383285
 128.666667, 4.556995, 1.318653, 4.694301, 6.056995
 116.666667, 4.282857, 0.891429, 5.202857, 6.182857
 119.666667, 6.091922, 1.208914, 4.598886, 6.058496
 118.000000, 4.799435, 1.096045, 5.031073, 6.220339
 122.333333, 5.108992, 1.010899, 4.972752, 6.032698
25
 0.250000, 0.000000, 0.000000, 0.000000, 1.000000
 111.333333, 5.691617, 1.431138, 4.655689, 6.194611
 130.333333, 4.342711, 0.864450, 4.378517, 5.289003
 124.333333, 4.656836, 1.091153, 4.678284, 5.833780
 125.000000, 3.848000, 0.704000, 4.466667, 5.240000
 128.000000, 3.960938, 0.927083, 4.653646, 5.627604
 124.333333, 4.812332, 1.088472, 4.908847, 6.069705
 118.666667, 4.926966, 1.070225, 4.676966, 5.926966
 131.666667, 4.997468, 1.139241, 4.718987, 5.926582
 117.333333, 4.997159, 1.048295, 4.846591, 5.985795
 108.666667, 4.251534, 1.285276, 5.233129, 6.644172
 115.000000, 4.260870, 1.095652, 5.315942, 6.457971
 121.666667, 4.750685, 1.035616, 4.846575, 5.928767
 128.333333, 6.103896, 1.270130, 4.914286, 6.264935
 120.000000, 4.527778, 0.888889, 5.216667, 6.183333
 122.000000, 3.213115, 1.051913, 4.819672, 5.923497
 112.000000, 3.351190, 0.949405, 5.270833, 6.276786
 128.666667, 5.678756, 0.958549, 4.362694, 5.388601
 118.000000, 4.262712, 1.014124, 4.937853, 6.025424
 122.333333, 5.307902, 1.032698, 4.891008, 5.980926
26
 0.250000, 0.000000, 0.000000, 0.000000, 0.000000
 123.000000, 6.823848, 1.414634, 4.314363, 5.780488
 122.000000, 4.633880, 0.907104, 4.532787, 5.508197
 121.666667, 3.857534, 0.975342, 4.698630, 5.726027
 136.666667, 4.058537, 0.809756, 4.339024, 5.192683
 126.000000, 3.507937, 0.825397, 4.534392, 5.410053
 119.000000, 4.044818, 1.002801, 4.887955, 5.935574
 134.333333, 6.349876, 1.166253, 4.610422, 5.823821
 115.333333, 3.277457, 0.841040, 4.942197, 5.835260
 120.000000, 5.977778, 1.113889, 5.086111, 6.294444
 127.000000, 5.863517, 1.157480, 4.874016, 6.097113
 106.333333, 3.852665, 1.040752, 5.470219, 6.583072
 125.000000, 5.725333, 0.933333, 4.992000, 5.973333
 125.666667, 5.297082, 0.901857, 4.790451, 5.740053
 110.000000, 3.715152, 0.896970, 5.748485, 6.715152
 113.333333, 3.967647, 1.279412, 5.185294, 6.505882
 123.333333, 4.186486, 1.008108, 4.870270, 6.024324
 118.333333, 4.985915, 0.997183, 4.839437, 5.901408
 112.666667, 3.571006, 1.017751, 5.328402, 6.431953
 113.333333, 3.826471, 0.964706, 5.223529, 6.350000
27
 0.250000, 0.000000, 0.000000, 0.000000, 0.000000
 113.000000, 5.377581, 1.312684, 4.666667, 6.047198
 121.333333, 5.035714, 1.093407, 4.612637, 5.818681
 139.000000, 4.908873, 1.067146, 4.338129, 5.470024
 137.000000, 4.496350, 0.982968, 4.311436, 5.338200
 124.333333, 4.230563, 0.900804, 4.670241, 5.643432
 127.666667, 4.493473, 1.041775, 4.514360, 5.600522
 129.666667, 5.935733, 1.120823, 4.467866, 5.637532
 123.000000, 4.384824, 0.775068, 4.631436, 5.574526
 120.666667, 4.845304, 1.149171, 4.814917, 6.049724
 118.000000, 5.237288, 1.127119, 4.918079, 6.115819
 118.333333, 4.808451, 1.169014, 5.166197, 6.377465
 113.000000, 3.935103, 0.946903, 5.247788, 6.259587
 111.333333, 5.131737, 1.083832, 5.401198, 6.589820
 122.000000, 4.453552, 0.920765, 5.008197, 5.969945
 123.333333, 3.632432, 1.070270, 4.872973, 5.991892
 116.000000, 3.706897, 0.974138, 5.385057, 6.428161
 135.000000, 4.792593, 0.888889, 4.508642, 5.451852
 129.000000, 5.258398, 1.043928, 4.527132, 5.625323
 111.666667, 3.370149, 0.994030, 5.044776, 6.116418
28
 0.250000, 0.000000, 0.000000, 0.000000, 0.000000
 114.333333, 5.104956, 1.530612, 4.781341, 6.376093
 125.000000, 4.282667, 0.941333, 4.440000, 5.432000
 124.333333, 3.584450, 1.077748, 4.608579, 5.750670
 126.333333, 3.812665, 0.757256, 4.686016, 5.498681
 121.666667, 3.767123, 0.758904, 4.597260, 5.410959
 123.000000, 6.831978, 1.062331, 4.775068, 5.891599
 119.333333, 4.622905, 0.941341, 4.765363, 5.857542
 121.000000, 4.476584, 1.052342, 4.760331, 5.867769
 116.666667, 5.240000, 1.214286, 4.917143, 6.225714
 127.666667, 5.373368, 1.164491, 4.629243, 5.848564
 109.333333, 4.067073, 1.265244, 5.371951, 6.682927
 125.000000, 4.714667, 0.989333, 4.744000, 5.802667
 117.000000, 5.678063, 1.219373, 5.116809, 6.398860
 113.333333, 3.850000, 0.817647, 5.108824, 6.026471
 122.333333, 4.237057, 1.076294, 4.599455, 5.719346
 113.666667, 4.436950, 1.011730, 5.205279, 6.401760
 119.333333, 5.430168, 1.072626, 4.670391, 5.807263
 118.666667, 4.334270, 1.095506, 5.000000, 6.227528
 115.666667, 4.051873, 0.916427, 4.873199, 5.835735
29
 0.250000, 8.000000, 0.000000, 1.000000, 1.000000
 114.333333, 5.064140, 1.250729, 4.673469, 6.005831
 119.333333, 2.946927, 0.952514, 4.578212, 5.581006
 119.666667, 3.501393, 0.986072, 4.860724, 5.916435
 134.333333, 4.215881, 0.699752, 4.441687, 5.205955
 124.666667, 4.641711, 0.842246, 4.641711, 5.556150
 126.333333, 4.894459, 1.013193, 4.651715, 5.707124
 122.666667, 5.608696, 1.032609, 4.720109, 5.817935
 122.000000, 3.846995, 0.926230, 4.811475, 5.877049
 121.000000, 6.049587, 1.206612, 4.936639, 6.198347
 118.666667, 6.005618, 1.396067, 4.971910, 6.455056
 131.000000, 5.926209, 1.290076, 4.750636, 6.086514
 118.000000, 4.935028, 0.918079, 4.870056, 5.858757
 113.333333, 4.985294, 1.111765, 5.311765, 6.514706
 126.666667, 5.181579, 0.876316, 5.136842, 6.057895
 123.000000, 4.636856, 1.279133, 4.872629, 6.287263
 101.000000, 3.574257, 0.778878, 5.858086, 6.825083
 133.666667, 5.177057, 1.062344, 4.548628, 5.653367
 118.666667, 4.278090, 0.971910, 5.154494, 6.235955
 117.666667, 4.322946, 0.994334, 5.019830, 6.113314
30
 0.250000, 9.000000, 0.000000, 1.000000, 1.000000
 112.666667, 4.278107, 1.523669, 4.766272, 6.343195
 137.333333, 4.662621, 0.810680, 4.339806, 5.196602
 124.666667, 3.401070, 0.965241, 4.657754, 5.676471
 131.666667, 4.106329, 0.815190, 4.354430, 5.217722
 129.333333, 4.546392, 1.046392, 4.492268, 5.639175
 127.333333, 4.308901, 0.965969, 4.554974, 5.583770
 125.666667, 5.480106, 1.082228, 4.671088, 5.824934
 114.333333, 3.664723, 0.965015, 4.938776, 6.000000
 112.000000, 3.544643, 1.032738, 5.011905, 6.116071
 110.000000, 3.675758, 1.090909, 5.324242, 6.572727
 117.666667, 5.572238, 1.062323, 5.427762, 6.580737
 119.000000, 4.100840, 0.913165, 5.050420, 6.039216
 121.666667, 5.254795, 1.254795, 4.602740, 5.926027
 121.000000, 3.991736, 0.840220, 5.126722, 6.035813
 121.000000, 4.628099, 1.173554, 4.730028, 5.988981
 120.000000, 3.750000, 0.947222, 4.733333, 5.769444
 123.333333, 6.110811, 1.070270, 4.597297, 5.740541
 138.333333, 6.722892, 1.168675, 4.595181, 5.807229
 110.666667, 4.891566, 0.951807, 5.319277, 6.403614
31
 0.250000, 9.000000, 0.000000, 1.000000, 1.000000
 120.333333, 4.858726, 1.526316, 4.365651, 5.941828
 128.000000, 4.151042, 1.072917, 4.580729, 5.721354
 126.000000, 3.687831, 1.050265, 4.589947, 5.706349
 126.000000, 4.391534, 0.785714, 4.716931, 5.555556
 125.666667, 5.087533, 0.830239, 4.503979, 5.408488
 116.333333, 4.492837, 0.945559, 5.134670, 6.128940
 127.000000, 5.228346, 0.889764, 4.658793, 5.614173
 106.000000, 4.468553, 0.977987, 5.638365, 6.694969
 117.000000, 4.900285, 1.142450, 5.017094, 6.207977
 119.666667, 4.919220, 1.128134, 4.969359, 6.161560
 122.666667, 5.285326, 1.423913, 5.157609, 6.633152
 110.666667, 3.367470, 0.948795, 4.984940, 6.030120
 113.333333, 4.555882, 1.052941, 5.208824, 6.305882
 110.000000, 4.069697, 0.863636, 5.500000, 6.436364
 101.666667, 4.649180, 1.075410, 5.334426, 6.600000
 114.000000, 3.847953, 0.953216, 5.371345, 6.456140
 127.666667, 5.039164, 1.026110, 4.535248, 5.629243
 121.333333, 4.074176, 1.104396, 4.991758, 6.164835
 122.666667, 5.010870, 1.239130, 4.760870, 6.070652
32
 0.250000, 1.000000, 0.000000, 1.000000, 2.000000
 112.666667, 5.455621, 1.390533, 4.541420, 6.050296
 118.000000, 3.604520, 0.915254, 4.570621, 5.533898
 128.333333, 4.774026, 0.987013, 4.753247, 5.841558
 130.333333, 4.626598, 0.846547, 4.580563, 5.480818
 130.333333, 4.186701, 0.994885, 4.312020, 5.347826
 124.333333, 4.525469, 1.013405, 4.756032, 5.857909
 121.000000, 5.506887, 1.011019, 4.796143, 5.898072
 133.000000, 4.789474, 1.145363, 4.556391, 5.764411
 115.666667, 5.599424, 1.129683, 5.000000, 6.221902
 116.666667, 4.614286, 1.085714, 5.100000, 6.262857
 119.000000, 5.635854, 1.271709, 5.229692, 6.546218
 118.000000, 4.387006, 1.050847, 5.090395, 6.206215
 122.000000, 5.265027, 1.109290, 5.057377, 6.314208
 118.000000, 3.887006, 0.751412, 5.440678, 6.237288
 118.000000, 3.313559, 1.189266, 4.672316, 5.909605
 111.000000, 4.336336, 1.000000, 5.429429, 6.525526
 115.000000, 5.043478, 0.881159, 4.666667, 5.608696
 115.666667, 4.945245, 1.132565, 5.224784, 6.414986
 122.333333, 4.702997, 1.081744, 4.795640, 5.929155
33
 0.250000, 2.000000, 0.000000, 0.000000, 1.000000
 117.333333, 5.238636, 1.372159, 4.514205, 5.954545
 130.333333, 4.345269, 0.964194, 4.398977, 5.424552
 129.000000, 4.501292, 0.989664, 4.602067, 5.653747
 125.000000, 4.042667, 0.930667, 4.733333, 5.733333
 132.333333, 4.702771, 0.763224, 4.395466, 5.201511
 123.000000, 4.116531, 1.067751, 4.856369, 5.994580
 129.000000, 5.855297, 1.072351, 4.715762, 5.852713
 131.333333, 5.535533, 1.078680, 4.687817, 5.827411
 119.333333, 4.036313, 1.047486, 4.715084, 5.807263
 120.000000, 4.497222, 1.102778, 4.988889, 6.147222
 126.333333, 6.720317, 1.226913, 4.715040, 6.029024
 112.333333, 4.537092, 0.878338, 5.231454, 6.181009
 118.666667, 4.761236, 1.241573, 5.084270, 6.382022
 122.666667, 4.277174, 0.948370, 5.154891, 6.190217
 118.666667, 3.412921, 1.123596, 4.862360, 6.050562
 117.333333, 4.068182, 0.903409, 4.994318, 5.954545
 114.333333, 5.008746, 0.836735, 4.950437, 5.827988
 124.000000, 4.239247, 1.118280, 4.827957, 6.002688
 115.333333, 4.343931, 0.858382, 5.069364, 5.973988
34
 0.250000, 0.000000, 0.000000, 7.000000, 8.000000
 111.666667, 5.617910, 1.140299, 4.680597, 5.868657
 128.666667, 4.111399, 0.821244, 4.435233, 5.300518
 121.333333, 3.947802, 0.859890, 4.766484, 5.675824
 128.000000, 3.578125, 0.934896, 4.520833, 5.559896
 122.333333, 3.019074, 0.847411, 4.678474, 5.607629
 119.333333, 3.983240, 0.899441, 4.865922, 5.821229
 129.333333, 6.175258, 1.038660, 4.510309, 5.597938
 133.000000, 4.438596, 1.060150, 4.493734, 5.598997
 130.000000, 5.438462, 1.102564, 4.623077, 5.782051
 125.000000, 5.501333, 1.253333, 4.704000, 6.018667
 117.333333, 3.997159, 1.110795, 5.133523, 6.318182
 110.333333, 3.350453, 0.984894, 5.145015, 6.199396
 116.666667, 4.902857, 1.114286, 5.305714, 6.465714
 115.666667, 3.662824, 0.956772, 4.939481, 5.974063
 117.000000, 3.037037, 1.017094, 4.703704, 5.769231
 133.000000, 5.390977, 1.080201, 4.681704, 5.847118
 124.333333, 4.369973, 0.967828, 4.656836, 5.675603
 127.666667, 6.195822, 1.180157, 4.848564, 6.083551
 108.666667, 4.092025, 0.990798, 5.484663, 6.530675
35
 0.250000, 0.000000, 1.000000, 6.000000, 8.000000
 112.666667, 5.085799, 1.207101, 4.538462, 5.810651
 120.000000, 3.894444, 0.888889, 4.500000, 5.436111
 119.666667, 4.089136, 0.986072, 4.788301, 5.824513
 128.666667, 3.479275, 0.836788, 4.419689, 5.300518
 128.666667, 4.544041, 0.844560, 4.417098, 5.323834
 115.333333, 4.592486, 0.950867, 5.101156, 6.161850
 110.666667, 4.280120, 1.165663, 5.069277, 6.388554
 128.333333, 5.379221, 0.997403, 4.607792, 5.670130
 123.333333, 5.883784, 1.254054, 4.691892, 5.994595
 106.333333, 3.567398, 1.087774, 5.285266, 6.463950
 118.666667, 5.174157, 1.241573, 5.011236, 6.365169
 118.333333, 4.225352, 1.211268, 5.025352, 6.290141
 112.333333, 4.964392, 0.976261, 5.258160, 6.332344
 109.000000, 3.782875, 0.844037, 5.553517, 6.461774
 121.000000, 3.460055, 1.019284, 4.884298, 5.964187
 120.666667, 4.243094, 1.046961, 4.834254, 5.980663
 121.666667, 4.893151, 0.871233, 4.693151, 5.632877
 113.666667, 4.709677, 1.217009, 5.422287, 6.700880
 127.333333, 5.657068, 0.916230, 4.785340, 5.748691
36
 0.250000, 0.000000, 0.000000, 2.000000, 3.000000
 123.333333, 7.245946, 1.740541, 4.681081, 6.508108
 115.666667, 3.334294, 0.976945, 4.763689, 5.809798
 130.333333, 3.913043, 0.907928, 4.434783, 5.388747
 118.333333, 3.712676, 0.726761, 4.828169, 5.678873
 134.666667, 4.831683, 0.831683, 4.559406, 5.443069
 111.333333, 3.335329, 0.841317, 5.149701, 6.044910
 126.333333, 4.941953, 1.079156, 4.627968, 5.778364
 127.000000, 5.178478, 1.002625, 4.629921, 5.679790
 110.000000, 5.215152, 1.093939, 5.212121, 6.442424
 127.000000, 7.181102, 1.299213, 5.018373, 6.393701
 117.666667, 4.093484, 1.249292, 5.070822, 6.393768
 114.333333, 3.492711, 0.924198, 5.011662, 5.982507
 129.333333, 5.030928, 1.046392, 4.590206, 5.680412
 111.666667, 3.197015, 0.707463, 5.459701, 6.214925
 113.000000, 4.106195, 0.873156, 5.097345, 6.112094
 114.666667, 3.755814, 1.075581, 5.363372, 6.488372
 124.666667, 4.933155, 0.983957, 4.596257, 5.671123
 111.666667, 4.722388, 1.011940, 5.191045, 6.373134
 118.000000, 5.237288, 0.923729, 4.949153, 6.008475
37
 0.250000, 0.000000, 0.000000, 0.000000, 2.000000
 117.666667, 6.056657, 1.441926, 4.382436, 5.892351
 124.666667, 4.080214, 0.863636, 4.385027, 5.312834
 125.666667, 4.082228, 0.888594, 4.668435, 5.636605
 130.333333, 3.872123, 0.849105, 4.411765, 5.304348
 120.000000, 2.672222, 0.777778, 4.619444, 5.477778
 123.333333, 4.905405, 0.964865, 4.835135, 5.916216
 127.333333, 5.518325, 1.112565, 4.452880, 5.636126
 120.333333, 4.132964, 0.847645, 4.734072, 5.753463
 126.333333, 5.279683, 1.073879, 4.699208, 5.833773
 106.333333, 3.805643, 1.119122, 5.442006, 6.680251
 129.000000, 5.385013, 1.167959, 4.798450, 6.031008
 121.666667, 4.471233, 0.926027, 4.890411, 5.890411
 115.000000, 5.272464, 1.301449, 5.455072, 6.846377
 117.333333, 4.735795, 0.900568, 5.008523, 5.963068
 116.333333, 3.340974, 0.928367, 4.770774, 5.836676
 116.333333, 3.020057, 1.008596, 4.985673, 6.057307
 131.000000, 5.229008, 0.972010, 4.534351, 5.549618
 121.666667, 4.816438, 1.153425, 4.813699, 6.024658
 117.666667, 4.215297, 1.042493, 4.920680, 6.008499
38
 0.250000, 0.000000, 0.000000, 3.000000, 3.000000
 114.666667, 4.520349, 1.441860, 4.491279, 6.029070
 127.333333, 4.379581, 0.965969, 4.518325, 5.544503
 136.666667, 4.700000, 1.070732, 4.392683, 5.524390
 133.666667, 3.945137, 0.802993, 4.329177, 5.192020
 121.333333, 4.206044, 0.760989, 4.799451, 5.640110
 111.333333, 5.005988, 1.002994, 5.263473, 6.323353
 124.000000, 5.456989, 1.000000, 4.954301, 6.016129
 120.333333, 4.495845, 0.961219, 5.044321, 6.096953
 129.333333, 6.579897, 1.262887, 4.621134, 5.997423
 122.000000, 4.997268, 1.352459, 4.808743, 6.256831
 129.333333, 5.144330, 1.283505, 4.788660, 6.113402
 125.333333, 4.523936, 1.018617, 4.789894, 5.851064
 106.000000, 4.933962, 1.022013, 5.336478, 6.465409
 111.333333, 4.350299, 0.802395, 5.278443, 6.128743
 130.666667, 5.714286, 1.257653, 4.635204, 5.941327
 119.333333, 5.687151, 0.868715, 4.946927, 5.921788
 130.000000, 5.164103, 0.905128, 4.582051, 5.533333
 124.333333, 3.906166, 0.903485, 4.882038, 5.833780
 128.666667, 5.147668, 1.121762, 4.769430, 5.943005
39
 0.250000, 0.000000, 0.000000, 2.000000, 3.000000
 116.000000, 5.209770, 1.270115, 4.686782, 6.005747
 126.333333, 4.263852, 0.944591, 4.319261, 5.308707
 127.000000, 4.496063, 1.068241, 4.790026, 5.916010
 120.333333, 2.927978, 0.759003, 4.462604, 5.293629
 133.666667, 4.523691, 0.900249, 4.389027, 5.334165
 111.333333, 4.745509, 0.907186, 5.143713, 6.143713
 121.333333, 4.914835, 0.980769, 4.670330, 5.703297
 114.666667, 4.537791, 0.947674, 5.008721, 6.029070
 125.333333, 4.686170, 1.101064, 4.497340, 5.662234
 122.000000, 5.390710, 1.073770, 4.827869, 6.016393
 116.666667, 5.022857, 1.180000, 5.074286, 6.325714
 130.000000, 5.461538, 0.961538, 4.556410, 5.561538
 116.000000, 5.382184, 1.074713, 5.413793, 6.620690
 125.666667, 4.872679, 0.949602, 5.106101, 6.098143
 125.666667, 4.432361, 1.251989, 4.602122, 5.896552
 129.000000, 4.532300, 0.974160, 4.811370, 5.829457
 131.666667, 5.341772, 0.918987, 4.329114, 5.306329
 122.333333, 5.495913, 1.223433, 5.269755, 6.566757
 124.666667, 4.780749, 1.069519, 4.812834, 5.965241
40
 0.250000, 0.000000, 0.000000, 3.000000, 3.000000
 112.666667, 4.630178, 1.352071, 4.718935, 6.144970
 121.666667, 3.827397, 0.926027, 4.660274, 5.635616
 120.333333, 4.407202, 0.955679, 4.764543, 5.792244
 124.666667, 4.200535, 0.743316, 4.703209, 5.513369
 126.666667, 4.181579, 0.921053, 4.423684, 5.400000
 116.000000, 4.433908, 0.979885, 5.160920, 6.204023
 118.000000, 4.375706, 1.002825, 4.940678, 6.050847
 118.666667, 5.660112, 0.963483, 4.929775, 6.000000
 119.000000, 4.330532, 1.022409, 4.857143, 5.924370
 124.333333, 4.136729, 1.013405, 4.635389, 5.780161
 114.333333, 3.906706, 1.163265, 5.055394, 6.352770
 117.000000, 3.541311, 0.917379, 4.997151, 5.988604
 109.333333, 4.539634, 1.009146, 5.442073, 6.503049
 114.333333, 3.985423, 0.819242, 5.396501, 6.256560
 119.000000, 3.364146, 1.145658, 4.812325, 6.025210
 121.000000, 3.694215, 0.931129, 4.909091, 5.887052
 133.333333, 6.175000, 1.117500, 4.555000, 5.737500
 122.333333, 3.599455, 0.986376, 4.683924, 5.719346
 97.666667, 3.781570, 0.924915, 5.556314, 6.604096
41
 0.250000, 0.000000, 0.000000, 3.000000, 3.000000
 115.333333, 5.945087, 1.341040, 4.621387, 6.017341
 121.666667, 4.024658, 0.802740, 4.780822, 5.638356
 128.666667, 3.940415, 0.911917, 4.588083, 5.562176
 124.333333, 3.973190, 0.844504, 4.619303, 5.552279
 125.666667, 3.954907, 0.848806, 4.679045, 5.575597
 125.666667, 4.283820, 0.994695, 4.745358, 5.787798
 119.666667, 5.233983, 1.105850, 4.545961, 5.740947
 124.000000, 4.615591, 0.932796, 4.755376, 5.760753
 127.000000, 6.065617, 1.244094, 4.687664, 5.981627
 114.666667, 5.363372, 1.386628, 5.127907, 6.584302
 119.000000, 6.487395, 1.117647, 5.501401, 6.689076
 121.333333, 5.219780, 1.021978, 5.030220, 6.107143
 121.666667, 6.487671, 1.200000, 5.093151, 6.369863
 111.666667, 4.349254, 0.970149, 5.513433, 6.558209
 126.000000, 5.227513, 1.251323, 4.685185, 5.986772
 121.000000, 4.779614, 0.903581, 4.906336, 5.859504
 132.333333, 5.644836, 0.942065, 4.357683, 5.382872
 125.666667, 5.039788, 1.063660, 4.702918, 5.814324
 116.000000, 4.155172, 0.830460, 4.764368, 5.692529
42
 0.250000, 0.000000, 0.000000, 2.000000, 2.000000
 111.000000, 4.510511, 1.297297, 4.792793, 6.177177
 120.000000, 4.638889, 1.066667, 4.588889, 5.725000
 125.000000, 4.594667, 0.949333, 4.728000, 5.752000
 127.000000, 3.188976, 0.695538, 4.498688, 5.244094
 128.333333, 4.664935, 0.935065, 4.467532, 5.451948
 128.000000, 5.291667, 1.075521, 4.661458, 5.825521
 119.666667, 5.532033, 1.044568, 4.922006, 6.019499
 127.333333, 5.185864, 1.062827, 4.638743, 5.767016
 116.333333, 4.343840, 1.083095, 4.871060, 6.037249
 125.000000, 4.938667, 0.965333, 4.800000, 5.829333
 113.666667, 5.252199, 1.175953, 5.390029, 6.659824
 119.000000, 4.686275, 0.994398, 5.117647, 6.176471
 112.333333, 5.074184, 1.127596, 5.311573, 6.489614
 125.333333, 4.845745, 0.914894, 5.000000, 5.962766
 122.000000, 4.226776, 1.128415, 4.702186, 5.871585
 121.666667, 5.112329, 1.101370, 5.063014, 6.235616
 107.666667, 3.984520, 0.848297, 5.092879, 6.030960
 120.666667, 4.759669, 1.082873, 4.864641, 5.997238
 119.666667, 3.707521, 1.072423, 4.838440, 5.980501
43
 0.250000, 0.000000, 0.000000, 2.000000, 2.000000
 119.333333, 6.290503, 1.449721, 4.519553, 6.022346
 123.666667, 4.274933, 0.975741, 4.436658, 5.498652
 118.666667, 4.918539, 1.022472, 4.915730, 6.030899
 134.666667, 4.113861, 0.831683, 4.403465, 5.279703
 126.666667, 4.263158, 0.873684, 4.607895, 5.531579
 125.000000, 4.661333, 1.080000, 4.624000, 5.765333
 123.666667, 5.568733, 1.123989, 4.776280, 5.946092
 117.666667, 4.453258, 1.144476, 4.861190, 6.070822
 115.666667, 3.547550, 0.925072, 4.737752, 5.729107
 115.000000, 4.730435, 1.130435, 5.292754, 6.478261
 124.666667, 4.946524, 1.197861, 4.786096, 6.026738
 129.333333, 5.229381, 0.953608, 4.832474, 5.847938
 123.333333, 6.516216, 1.167568, 4.813514, 6.054054
 114.333333, 4.113703, 0.909621, 5.309038, 6.271137
 125.333333, 4.731383, 1.125000, 4.776596, 5.944149
 128.000000, 5.502604, 1.143229, 5.015625, 6.205729
 132.666667, 5.673367, 1.170854, 4.424623, 5.635678
 125.666667, 4.328912, 1.050398, 4.732095, 5.830239
 113.000000, 4.837758, 1.085546, 5.489676, 6.625369
44
 0.250000, 0.000000, 0.000000, 2.000000, 2.000000
 114.000000, 4.073099, 1.236842, 4.622807, 5.918129
 124.666667, 4.526738, 0.991979, 4.294118, 5.350267
 117.666667, 2.745042, 1.087819, 4.827195, 6.025496
 132.000000, 4.138889, 0.755051, 4.583333, 5.401515
 121.000000, 3.192837, 0.922865, 4.760331, 5.746556
 118.666667, 3.974719, 0.839888, 4.853933, 5.769663
 125.333333, 4.851064, 1.063830, 4.784574, 5.952128
 126.333333, 3.828496, 1.055409, 4.730871, 5.833773
 121.333333, 4.909341, 1.134615, 4.777473, 6.060440
 121.333333, 5.629121, 1.186813, 5.129121, 6.425824
 119.666667, 5.139276, 1.169916, 5.381616, 6.607242
 116.000000, 4.017241, 0.991379, 5.040230, 6.083333
 119.333333, 5.843575, 1.215084, 5.089385, 6.351955
 108.666667, 3.769939, 0.877301, 5.610429, 6.555215
 123.333333, 5.316216, 1.386486, 4.618919, 6.064865
 119.666667, 4.562674, 1.139276, 5.144847, 6.345404
 140.333333, 6.674584, 1.066508, 4.199525, 5.308789
 119.333333, 6.097765, 0.980447, 4.896648, 5.974860
 114.000000, 3.947368, 0.862573, 5.122807, 6.055556
45
 0.250000, 12.000000, 6.000000, 1.000000, 8.000000
 117.000000, 5.692308, 1.296296, 4.319088, 5.692308
 123.333333, 4.651351, 0.927027, 4.448649, 5.427027
 122.000000, 3.628415, 1.038251, 4.699454, 5.803279
 134.666667, 5.032178, 0.925743, 4.450495, 5.423267
 123.333333, 4.037838, 0.770270, 4.694595, 5.535135
 128.000000, 4.591146, 0.893229, 4.658854, 5.598958
 120.666667, 5.074586, 0.911602, 4.886740, 5.897790
 128.666667, 5.082902, 0.992228, 4.668394, 5.725389
 118.000000, 3.711864, 0.946328, 4.697740, 5.689266
 117.333333, 5.392045, 1.312500, 4.914773, 6.295455
 121.000000, 5.123967, 1.148760, 4.950413, 6.192837
 120.000000, 4.725000, 0.944444, 4.894444, 5.955556
 115.333333, 5.632948, 1.098266, 5.317919, 6.514451
 119.000000, 3.677871, 0.848739, 5.154062, 6.047619
 116.333333, 3.696275, 0.959885, 4.968481, 5.974212
 122.333333, 4.651226, 0.948229, 4.980926, 6.008174
 125.333333, 5.582447, 1.031915, 4.398936, 5.545213
 131.666667, 5.567089, 1.096203, 4.546835, 5.688608
 118.000000, 3.850282, 1.022599, 4.951977, 6.019774
46
 0.250000, 0.000000, 0.000000, 1.000000, 1.000000
 113.000000, 5.407080, 1.421829, 4.628319, 6.153392
 128.000000, 4.109375, 0.981771, 4.432292, 5.463542
 126.333333, 3.316623, 0.907652, 4.601583, 5.572559
 131.000000, 3.829517, 0.928753, 4.376590, 5.348601
 131.666667, 3.896203, 0.903797, 4.445570, 5.397468
 119.666667, 5.161560, 1.033426, 4.910864, 6.025070
 128.000000, 5.864583, 1.000000, 4.705729, 5.765625
 123.333333, 4.037838, 0.913514, 4.718919, 5.713514
 117.000000, 4.820513, 1.054131, 4.792023, 5.937322
 114.333333, 6.448980, 1.311953, 5.303207, 6.699708
 120.000000, 5.352778, 1.244444, 4.988889, 6.283333
 110.333333, 4.003021, 1.069486, 5.404834, 6.570997
 122.666667, 5.877717, 1.222826, 5.059783, 6.353261
 122.000000, 4.166667, 0.956284, 5.226776, 6.224044
 116.000000, 3.146552, 1.057471, 4.951149, 6.057471
 117.333333, 3.931818, 0.872159, 5.019886, 5.940341
 124.666667, 4.323529, 0.887701, 4.735294, 5.673797
 116.000000, 3.801724, 1.008621, 4.974138, 6.057471
 111.000000, 4.063063, 0.954955, 5.021021, 6.027027
47
 0.250000, 0.000000, 0.000000, 12.000000, 14.000000
 113.333333, 4.826471, 1.441176, 4.661765, 6.152941
 124.000000, 4.217742, 0.913978, 4.397849, 5.362903
 132.000000, 4.987374, 0.934343, 4.626263, 5.628788
 132.666667, 4.233668, 0.964824, 4.346734, 5.359296
 129.000000, 3.821705, 0.881137, 4.483204, 5.410853
 123.000000, 4.528455, 0.924119, 4.804878, 5.788618
 119.666667, 4.467967, 1.155989, 4.930362, 6.181058
 129.333333, 3.966495, 1.020619, 4.628866, 5.703608
 120.666667, 3.961326, 1.146409, 4.812155, 6.005525
 124.000000, 4.712366, 1.206989, 4.838710, 6.096774
 117.000000, 5.068376, 1.196581, 4.980057, 6.242165
 126.333333, 4.361478, 1.068602, 4.812665, 5.926121
 120.666667, 6.267956, 1.041436, 5.080110, 6.193370
 116.333333, 3.295129, 0.664756, 5.401146, 6.114613
 110.666667, 3.515060, 1.093373, 5.259036, 6.409639
 116.333333, 3.495702, 1.031519, 5.100287, 6.180516
 119.000000, 5.375350, 0.910364, 5.235294, 6.229692
 126.333333, 4.482850, 1.100264, 4.807388, 5.973615
 107.000000, 4.461059, 0.947040, 5.074766, 6.071651
48
 0.250000, 0.000000, 0.000000, 1.000000, 2.000000
 112.000000, 5.032738, 1.416667, 4.556548, 6.047619
 122.666667, 3.964674, 0.804348, 4.608696, 5.502717
 118.666667, 2.845506, 0.921348, 4.772472, 5.800562
 121.000000, 3.415978, 0.776860, 4.608815, 5.438017
 122.000000, 4.387978, 0.844262, 4.685792, 5.644809
 124.666667, 4.802139, 0.959893, 4.807487, 5.860963
 118.666667, 4.000000, 1.084270, 4.676966, 5.848315
 124.333333, 4.560322, 1.134048, 4.847185, 6.026810
 109.000000, 3.587156, 1.119266, 5.143731, 6.360856
 123.333333, 7.367568, 1.475676, 4.964865, 6.589189
 117.000000, 5.401709, 1.247863, 5.039886, 6.404558
 127.000000, 5.173228, 1.128609, 4.839895, 6.013123
 111.666667, 4.537313, 1.050746, 5.155224, 6.271642
 108.000000, 4.453704, 0.947531, 5.774691, 6.802469
 121.666667, 4.312329, 1.035616, 4.912329, 5.997260
 113.333333, 3.282353, 0.958824, 5.091176, 6.191176
 134.000000, 5.487562, 1.119403, 4.562189, 5.726368
 123.666667, 4.528302, 1.043127, 4.892183, 5.978437
 119.666667, 4.846797, 0.933148, 5.066852, 6.047354
49
 0.250000, 1.000000, 0.000000, 9.000000, 22.000000
 121.333333, 5.675824, 1.318681, 4.475275, 5.857143
 130.333333, 4.388747, 1.063939, 4.281330, 5.391304
 129.333333, 3.569588, 1.113402, 4.515464, 5.670103
 135.666667, 4.547912, 0.933661, 4.395577, 5.373464
 134.333333, 4.756824, 0.965261, 4.464020, 5.471464
 126.000000, 4.759259, 1.082011, 4.695767, 5.820106
 117.666667, 5.113314, 1.101983, 5.107649, 6.303116
 134.000000, 4.763682, 1.082090, 4.577114, 5.718905
 125.666667, 5.148541, 1.087533, 4.432361, 5.567639
 117.333333, 5.059659, 1.238636, 5.102273, 6.389205
 116.333333, 5.197708, 1.103152, 5.320917, 6.472779
 124.333333, 5.187668, 1.131367, 4.965147, 6.168901
 120.000000, 5.077778, 1.152778, 5.227778, 6.491667
 118.333333, 4.411268, 0.785915, 5.185915, 6.022535
 108.000000, 2.694444, 0.907407, 4.851852, 5.827160
 126.666667, 5.276316, 1.071053, 4.771053, 5.886842
 123.333333, 4.462162, 0.862162, 4.443243, 5.367568
 125.666667, 5.286472, 1.220159, 4.933687, 6.265252
 119.666667, 4.598886, 1.011142, 4.830084, 5.916435
50
 0.250000, 0.000000, 0.000000, 2.000000, 2.000000
 119.000000, 5.638655, 1.240896, 4.439776, 5.750700
 128.666667, 4.740933, 0.883420, 4.411917, 5.347150
 125.333333, 3.696809, 1.042553, 4.574468, 5.664894
 127.666667, 3.624021, 0.832898, 4.454308, 5.336815
 124.666667, 3.794118, 0.941176, 4.542781, 5.529412
 128.666667, 4.349741, 1.049223, 4.645078, 5.740933
 127.333333, 6.502618, 1.036649, 4.424084, 5.586387
 121.333333, 4.096154, 1.123626, 5.027473, 6.197802
 117.000000, 4.370370, 0.962963, 5.019943, 6.139601
 111.666667, 3.346269, 0.991045, 5.065672, 6.191045
 114.333333, 4.037901, 1.058309, 5.093294, 6.227405
 119.666667, 4.791086, 1.169916, 5.013928, 6.261838
 121.000000, 6.162534, 1.159780, 5.190083, 6.399449
 120.333333, 4.080332, 0.963989, 5.329640, 6.357341
 99.666667, 2.581940, 1.046823, 5.618729, 6.752508
 113.000000, 4.123894, 1.000000, 5.238938, 6.348083
 136.666667, 6.219512, 1.070732, 4.307317, 5.426829
 124.000000, 6.932796, 1.115591, 4.938172, 6.142473
 116.333333, 4.616046, 1.017192, 5.148997, 6.223496
51
 0.250000, 0.000000, 0.000000, 1.000000, 1.000000
 112.333333, 5.899110, 1.442136, 4.741840, 6.272997
 126.333333, 3.844327, 0.841689, 4.683377, 5.580475
 117.333333, 4.207386, 0.946023, 5.051136, 6.068182
 123.000000, 3.921409, 0.785908, 4.861789, 5.794038
 130.333333, 4.580563, 0.971867, 4.516624, 5.537084
 120.666667, 4.245856, 0.988950, 5.055249, 6.138122
 115.000000, 5.049275, 1.043478, 4.826087, 5.965217
 119.333333, 5.634078, 1.033520, 5.195531, 6.290503
 124.333333, 5.227882, 1.136729, 4.785523, 6.005362
 125.333333, 6.348404, 1.292553, 4.909574, 6.271277
 118.666667, 4.806180, 1.087079, 5.160112, 6.292135
 121.666667, 5.084932, 0.926027, 4.904110, 5.947945
 117.666667, 4.705382, 1.121813, 5.005666, 6.206799
 124.333333, 4.418231, 0.935657, 5.150134, 6.134048
 111.000000, 4.540541, 1.132132, 5.078078, 6.309309
 108.666667, 3.386503, 0.984663, 5.444785, 6.484663
 129.666667, 6.208226, 1.249357, 4.524422, 5.856041
 103.000000, 3.889968, 1.097087, 5.559871, 6.792880
 114.666667, 4.313953, 0.927326, 5.313953, 6.311047
52
 0.250000, 1.000000, 0.000000, 1.000000, 2.000000
 112.333333, 5.474777, 1.317507, 4.783383, 6.157270
 123.333333, 4.548649, 0.978378, 4.462162, 5.505405
 122.000000, 3.904372, 0.885246, 4.743169, 5.713115
 129.666667, 3.812339, 0.835476, 4.493573, 5.390746
 130.666667, 4.158163, 0.831633, 4.466837, 5.344388
 116.333333, 4.659026, 0.974212, 5.126074, 6.151862
 124.666667, 6.393048, 1.029412, 4.497326, 5.590909
 119.333333, 4.287709, 1.111732, 4.860335, 6.075419
 110.666667, 4.740964, 1.207831, 5.189759, 6.463855
 125.000000, 4.842667, 1.144000, 4.933333, 6.138667
 117.333333, 5.048295, 1.269886, 5.082386, 6.420455
 124.333333, 4.621984, 1.042895, 4.930295, 6.058981
 111.000000, 5.414414, 1.219219, 5.393393, 6.660661
 125.666667, 5.506631, 0.992042, 5.111406, 6.145889
 116.333333, 3.753582, 1.361032, 5.108883, 6.515759
 120.000000, 4.472222, 1.019444, 5.108333, 6.197222
 128.666667, 6.196891, 1.202073, 4.344560, 5.613990
 119.666667, 4.378830, 1.192201, 5.016713, 6.259053
 123.333333, 5.286486, 1.054054, 4.872973, 5.997297
53
 0.250000, 5.000000, 0.000000, 0.000000, 27.000000
 109.666667, 3.768997, 1.303951, 4.878419, 6.279635
 119.666667, 3.392758, 1.033426, 4.473538, 5.601671
 119.333333, 3.963687, 0.829609, 4.812849, 5.712291
 139.333333, 4.198565, 0.832536, 4.339713, 5.212919
 123.333333, 3.851351, 0.862162, 4.754054, 5.691892
 124.333333, 4.745308, 1.072386, 4.890080, 6.083110
 119.666667, 4.626741, 1.164345, 4.746518, 5.961003
 124.333333, 4.115282, 1.010724, 4.713137, 5.777480
 117.333333, 4.164773, 0.994318, 4.673295, 5.713068
 115.333333, 4.138728, 1.086705, 5.066474, 6.210983
 128.666667, 5.984456, 1.194301, 4.875648, 6.113990
 118.666667, 4.862360, 0.957865, 4.634831, 5.747191
 109.666667, 4.249240, 1.000000, 5.227964, 6.325228
 113.000000, 3.613569, 0.988201, 5.327434, 6.407080
 107.000000, 2.785047, 0.847352, 5.040498, 5.971963
 121.000000, 3.606061, 1.063361, 4.768595, 5.878788
 135.333333, 7.384236, 1.243842, 4.482759, 5.773399
 117.000000, 4.413105, 0.917379, 5.037037, 6.054131
 116.333333, 4.117479, 0.885387, 5.217765, 6.171920
54
 0.250000, 0.000000, 0.000000, 1.000000, 1.000000
 112.333333, 5.842730, 1.448071, 4.738872, 6.400593
 127.000000, 4.099738, 0.958005, 4.517060, 5.564304
 116.666667, 3.217143, 0.908571, 4.845714, 5.805714
 133.333333, 3.725000, 0.817500, 4.197500, 5.075000
 128.666667, 4.336788, 0.818653, 4.375648, 5.259067
 120.666667, 4.160221, 1.063536, 4.892265, 6.044199
 121.666667, 5.734247, 1.076712, 4.778082, 5.923288
 125.666667, 4.480106, 1.005305, 4.832891, 5.904509
 120.000000, 4.597222, 0.941667, 4.763889, 5.758333
 118.000000, 5.483051, 1.203390, 5.031073, 6.279661
 120.666667, 5.370166, 1.215470, 4.895028, 6.157459
 115.666667, 4.195965, 0.945245, 5.097983, 6.097983
 118.333333, 5.940845, 1.307042, 5.267606, 6.625352
 132.000000, 5.676768, 1.000000, 4.967172, 6.010101
 126.000000, 5.002646, 1.238095, 4.589947, 5.873016
 113.666667, 4.299120, 0.909091, 5.137830, 6.228739
 110.333333, 4.731118, 0.888218, 5.199396, 6.157100
 132.666667, 5.582915, 1.155779, 4.623116, 5.824121
 120.000000, 4.594444, 0.922222, 4.983333, 5.997222
55
 0.250000, 0.000000, 0.000000, 1.000000, 1.000000
 116.333333, 6.031519, 1.398281, 4.332378, 5.782235
 130.000000, 4.235897, 0.943590, 4.638462, 5.628205
 127.000000, 3.687664, 0.916010, 4.664042, 5.627297
 123.000000, 3.010840, 0.720867, 4.506775, 5.284553
 123.000000, 4.092141, 0.888889, 4.463415, 5.468835
 132.666667, 5.630653, 1.100503, 4.728643, 5.871859
 138.000000, 6.700483, 0.978261, 4.543478, 5.572464
 131.333333, 5.197970, 1.015228, 4.446701, 5.545685
 125.666667, 5.583554, 1.087533, 4.647215, 5.779841
 129.333333, 5.922680, 1.523196, 4.664948, 6.234536
 114.333333, 4.475219, 1.014577, 5.291545, 6.481050
 125.000000, 4.210667, 1.045333, 4.861333, 5.952000
 121.666667, 5.657534, 1.361644, 5.043836, 6.465753
 121.666667, 4.427397, 0.810959, 5.153425, 6.049315
 125.666667, 3.989390, 1.151194, 4.697613, 5.893899
 118.000000, 4.254237, 0.988701, 5.050847, 6.200565
 124.666667, 4.772727, 0.895722, 4.307487, 5.278075
 120.666667, 4.417127, 1.013812, 4.936464, 6.022099
 118.666667, 4.463483, 0.932584, 5.064607, 6.067416
56
 0.250000, 0.000000, 0.000000, 0.000000, 0.000000
 111.000000, 5.675676, 1.450450, 4.828829, 6.336336
 121.666667, 3.424658, 0.939726, 4.665753, 5.671233
 122.000000, 3.404372, 0.885246, 4.784153, 5.737705
 123.666667, 3.328841, 0.808625, 4.754717, 5.638814
 127.666667, 3.866841, 0.895561, 4.467363, 5.433420
 112.333333, 5.020772, 0.970326, 5.480712, 6.522255
 124.666667, 5.363636, 1.032086, 4.735294, 5.820856
 118.666667, 4.331461, 0.997191, 4.707865, 5.778090
 122.666667, 5.176630, 1.119565, 4.722826, 5.885870
 112.666667, 4.553254, 1.257396, 5.002959, 6.464497
 117.000000, 5.854701, 1.196581, 5.358974, 6.669516
 115.000000, 4.417391, 0.976812, 5.298551, 6.391304
 122.000000, 4.920765, 1.221311, 4.885246, 6.166667
 111.333333, 3.928144, 0.841317, 5.508982, 6.422156
 121.666667, 4.506849, 1.098630, 4.701370, 5.865753
 115.000000, 4.330435, 1.005797, 5.060870, 6.257971
 119.333333, 6.184358, 1.175978, 4.773743, 6.044693
 114.333333, 4.542274, 0.973761, 5.201166, 6.291545
 122.666667, 4.554348, 1.027174, 4.847826, 5.945652
57
 0.250000, 1.000000, 0.000000, 0.000000, 1.000000
 111.000000, 4.282282, 1.258258, 4.573574, 5.987988
 133.333333, 4.775000, 0.967500, 4.345000, 5.365000
 129.333333, 4.579897, 0.979381, 4.461340, 5.489691
 118.666667, 3.289326, 0.823034, 4.747191, 5.634831
 124.666667, 4.366310, 0.844920, 4.649733, 5.540107
 125.333333, 3.928191, 1.042553, 4.609043, 5.715426
 120.000000, 4.888889, 0.877778, 4.563889, 5.500000
 112.333333, 4.097923, 1.008902, 5.326409, 6.448071
 120.000000, 5.877778, 1.077778, 4.827778, 6.019444
 114.333333, 4.440233, 1.072886, 4.845481, 5.982507
 119.666667, 4.693593, 1.242340, 5.111421, 6.401114
 121.666667, 4.657534, 0.978082, 4.956164, 5.978082
 110.333333, 4.658610, 1.114804, 5.018127, 6.232628
 115.666667, 4.037464, 0.942363, 5.417867, 6.429395
 118.000000, 5.824859, 1.033898, 4.918079, 6.036723
 110.666667, 4.012048, 1.000000, 5.268072, 6.367470
 127.666667, 4.652742, 0.903394, 4.718016, 5.668407
 106.000000, 3.512579, 1.138365, 5.672956, 6.886792
 117.333333, 4.741477, 0.951705, 5.105114, 6.130682
58
 0.250000, 0.000000, 0.000000, 1.000000, 2.000000
 106.666667, 4.609375, 1.400000, 4.631250, 6.084375
 124.666667, 4.152406, 0.885027, 4.425134, 5.358289
 126.000000, 5.272487, 1.084656, 4.751323, 5.917989
 131.333333, 3.819797, 1.076142, 4.558376, 5.677665
 123.666667, 3.309973, 0.954178, 4.832884, 5.843666
 110.333333, 4.066465, 0.948640, 5.175227, 6.283988
 114.666667, 4.127907, 0.985465, 5.031977, 6.072674
 115.000000, 4.072464, 0.831884, 5.127536, 6.026087
 119.666667, 4.793872, 1.111421, 4.849582, 6.055710
 113.000000, 5.581121, 1.315634, 5.383481, 6.752212
 127.000000, 5.653543, 1.146982, 4.866142, 6.070866
 121.666667, 4.591781, 0.978082, 4.736986, 5.758904
 118.000000, 5.381356, 1.045198, 5.019774, 6.121469
 121.000000, 4.889807, 0.721763, 5.261708, 6.027548
 117.333333, 3.852273, 1.059659, 4.821023, 5.928977
 129.666667, 5.611825, 1.089974, 4.794344, 5.925450
 118.666667, 4.797753, 0.985955, 4.794944, 5.834270
 124.000000, 5.120968, 1.217742, 4.639785, 5.900538
 121.333333, 5.200549, 0.978022, 4.730769, 5.771978
59
 0.250000, 1.000000, 0.000000, 1.000000, 2.000000
 109.333333, 5.728659, 1.167683, 4.667683, 5.902439
 120.666667, 4.212707, 1.077348, 4.563536, 5.696133
 132.000000, 5.113636, 1.025253, 4.290404, 5.373737
 126.333333, 3.364116, 0.751979, 4.643799, 5.456464
 132.666667, 4.273869, 0.902010, 4.379397, 5.324121
 127.666667, 4.566580, 0.953003, 4.673629, 5.673629
 119.333333, 4.142458, 0.921788, 4.988827, 5.980447
 126.333333, 5.158311, 0.997361, 4.839050, 5.934037
 114.666667, 4.848837, 1.040698, 5.186047, 6.279070
 120.333333, 5.365651, 1.304709, 4.645429, 6.000000
 119.000000, 5.946779, 1.389356, 5.277311, 6.733894
 114.666667, 4.837209, 1.020349, 5.223837, 6.316860
 118.666667, 4.393258, 1.261236, 5.058989, 6.384831
 121.000000, 5.165289, 0.812672, 5.159780, 6.046832
 120.333333, 4.637119, 1.008310, 4.750693, 5.808864
 119.666667, 4.412256, 0.980501, 4.930362, 6.005571
 118.666667, 5.067416, 0.985955, 4.794944, 5.834270
 114.000000, 4.730994, 0.967836, 5.263158, 6.315789
 107.666667, 4.077399, 1.043344, 5.232198, 6.328173
60
 0.250000, 0.000000, 0.000000, 1.000000, 2.000000
 107.000000, 3.607477, 1.099688, 4.688474, 5.859813
 126.333333, 3.401055, 0.886544, 4.596306, 5.527704
 129.666667, 5.336761, 0.953728, 4.475578, 5.514139
 124.666667, 3.890374, 0.828877, 4.981283, 5.855615
 133.000000, 4.902256, 0.899749, 4.451128, 5.395990
 128.000000, 4.239583, 1.109375, 4.575521, 5.729167
 125.666667, 5.782493, 1.013263, 4.509284, 5.671088
 113.333333, 4.008824, 1.005882, 5.120588, 6.197059
 127.000000, 4.986877, 0.958005, 4.703412, 5.792651
 129.666667, 6.038560, 1.300771, 4.760925, 6.123393
 123.000000, 5.542005, 1.154472, 4.978320, 6.197832
 126.666667, 4.773684, 1.055263, 4.897368, 6.000000
 113.000000, 4.351032, 1.047198, 5.209440, 6.471976
 109.333333, 4.003049, 0.701220, 5.356707, 6.103659
 116.666667, 4.082857, 1.048571, 4.785714, 5.882857
 112.333333, 3.801187, 0.905045, 5.163205, 6.160237
 117.333333, 5.693182, 0.977273, 4.843750, 5.886364
 124.000000, 4.349462, 1.155914, 4.629032, 5.833333
 124.000000, 4.755376, 1.077957, 4.706989, 5.830645
61
 0.250000, 1.000000, 0.000000, 0.000000, 0.000000
 118.000000, 6.039548, 1.387006, 4.539548, 6.152542
 131.333333, 4.591371, 0.898477, 4.449239, 5.401015
 129.000000, 3.658915, 0.767442, 4.511628, 5.379845
 122.666667, 4.396739, 0.875000, 4.453804, 5.380435
 123.666667, 3.938005, 0.814016, 4.601078, 5.460916
 126.000000, 4.455026, 1.066138, 4.960317, 6.105820
 118.333333, 4.504225, 1.002817, 5.073239, 6.177465
 117.000000, 4.370370, 0.951567, 4.985755, 5.994302
 109.666667, 4.115502, 1.082067, 4.969605, 6.127660
 122.333333, 5.321526, 1.073569, 4.942779, 6.081744
 118.000000, 5.225989, 1.347458, 4.940678, 6.384181
 116.000000, 3.997126, 1.112069, 5.129310, 6.367816
 105.666667, 3.829653, 0.984227, 5.413249, 6.470032
 121.666667, 4.904110, 0.772603, 5.150685, 5.986301
 109.333333, 3.371951, 0.993902, 5.009146, 6.054878
 122.000000, 4.169399, 0.994536, 4.778689, 5.819672
 120.666667, 4.682320, 1.046961, 4.690608, 5.784530
 115.666667, 4.279539, 0.948127, 4.847262, 5.913545
 121.666667, 5.035616, 1.136986, 4.665753, 5.849315
62
 0.250000, 0.000000, 0.000000, 0.000000, 0.000000
 114.333333, 6.317784, 1.364431, 4.373178, 5.810496
 128.333333, 4.514286, 0.953247, 4.410390, 5.412987
 129.666667, 4.658098, 0.951157, 4.573265, 5.570694
 130.000000, 3.882051, 0.915385, 4.656410, 5.615385
 128.666667, 4.051813, 0.821244, 4.417098, 5.282383
 124.333333, 4.764075, 1.010724, 4.828418, 5.887399
 136.000000, 5.605392, 1.142157, 4.556373, 5.742647
 123.000000, 4.224932, 1.043360, 4.821138, 5.913279
 123.000000, 4.845528, 1.029810, 4.609756, 5.688347
 109.666667, 4.604863, 1.276596, 5.237082, 6.580547
 108.333333, 4.680000, 1.015385, 5.440000, 6.553846
 123.333333, 3.940541, 0.962162, 4.959459, 5.967568
 112.000000, 5.044643, 1.211310, 5.464286, 6.833333
 117.333333, 4.139205, 0.960227, 5.241477, 6.247159
 115.333333, 3.927746, 0.988439, 4.919075, 5.959538
 120.333333, 3.958449, 1.110803, 4.952909, 6.110803
 128.666667, 6.308290, 1.069948, 4.440415, 5.582902
 121.666667, 4.473973, 0.994521, 5.120548, 6.167123
 117.000000, 3.774929, 1.062678, 4.780627, 5.897436
63
 0.250000, 0.000000, 7.000000, 2.000000, 9.000000
 109.666667, 4.528875, 1.343465, 4.866261, 6.285714
 119.000000, 3.322129, 1.019608, 4.484594, 5.574230
 123.333333, 3.654054, 0.970270, 4.702703, 5.732432
 129.333333, 4.533505, 0.889175, 4.561856, 5.500000
 125.666667, 3.604775, 0.814324, 4.474801, 5.339523
 131.333333, 5.048223, 0.989848, 4.588832, 5.631980
 124.666667, 5.131016, 0.917112, 4.858289, 5.847594
 131.333333, 4.883249, 1.124365, 4.662437, 5.832487
 115.000000, 3.611594, 1.057971, 4.808696, 5.918841
 118.666667, 5.556180, 1.269663, 5.148876, 6.485955
 114.333333, 4.836735, 1.189504, 5.379009, 6.670554
 116.000000, 4.387931, 0.839080, 4.804598, 5.764368
 119.666667, 5.303621, 1.094708, 4.947075, 6.089136
 114.333333, 4.329446, 0.985423, 5.510204, 6.565598
 120.333333, 4.213296, 0.986150, 4.861496, 5.952909
 129.000000, 4.563307, 1.007752, 4.821705, 5.927649
 112.666667, 4.000000, 0.807692, 4.863905, 5.751479
 128.333333, 5.872727, 1.150649, 4.774026, 6.002597
 122.666667, 5.573370, 0.907609, 4.760870, 5.785326
Histogram
10 0 0 0 0 0 0 0 0 0 12 0 0 0 0 0 0 0 0 0 11 0 0 0 0 0 0 0 0 0 7 0 0 0 0 0 0 0 0 0 0 0 0 0 0 0 0 0 0 0 3 7 26 47 58 67 88 97 130 141 156 102 91 65 59 44 22 8 6 0 2 0 0 0 0 0 0 0 0 0 4 0 0 0 0 0 0 0 0 0 2 0 0 0 0 0 0 0 0 0 0 0 0 0 0 0 0 0 0 0 0 0 0 0 0 0 0 0 0 17 
Cache Miss Ratio
NaN
numOfSets
463135
numOfGets
0
numOfMultiGets
0
