20
0
 0.250000, 15.000000, 0.000000, 7.000000, 14.000000
 625.000000, 5.330667, 0.900267, 1.082133, 2.042133
 645.333333, 4.952996, 0.799070, 1.056302, 1.893595
 629.666667, 5.191106, 0.866067, 1.116464, 2.021175
 604.000000, 5.220751, 0.950883, 1.183223, 2.170530
 658.000000, 5.054205, 0.748227, 1.011145, 1.794833
 632.000000, 5.171414, 0.824367, 1.096519, 1.956224
 674.333333, 4.891251, 0.732081, 0.919427, 1.690064
 621.000000, 4.836822, 0.860440, 1.205046, 2.100376
 584.333333, 5.199087, 0.861380, 1.036509, 1.933257
 595.000000, 4.983193, 0.803922, 1.036415, 1.881232
 640.333333, 4.916710, 0.789693, 0.972931, 1.802707
 649.333333, 4.544661, 0.687885, 0.895277, 1.625257
 639.000000, 4.801774, 0.823683, 1.090767, 1.950443
 591.333333, 4.721533, 0.808906, 1.162909, 2.006764
 633.666667, 4.784324, 0.766965, 0.960021, 1.763809
 618.666667, 5.017241, 0.815194, 0.991379, 1.841056
 666.000000, 4.848348, 0.731732, 0.935435, 1.706206
 649.666667, 5.184710, 0.810159, 1.044638, 1.891739
 643.000000, 5.080353, 0.825298, 1.032659, 1.896838
1
 0.250000, 9.000000, 1.000000, 6.000000, 11.000000
 624.333333, 5.178857, 0.887347, 1.074212, 2.016017
 652.666667, 5.049030, 0.867211, 1.055669, 1.961185
 633.000000, 5.275935, 0.868352, 1.107952, 2.011585
 601.000000, 5.312257, 0.942318, 1.183028, 2.170272
 662.000000, 5.200403, 0.804129, 1.011078, 1.849950
 635.666667, 5.214997, 0.885684, 1.097011, 2.022549
 671.666667, 4.833747, 0.695285, 0.920596, 1.653598
 603.666667, 4.788515, 0.815572, 1.223081, 2.074544
 582.000000, 5.296678, 0.871134, 1.036082, 1.942153
 599.000000, 5.026711, 0.823038, 1.032832, 1.894268
 645.333333, 5.077996, 0.791839, 0.963326, 1.798554
 649.666667, 4.684967, 0.688558, 0.888661, 1.615187
 628.000000, 4.763800, 0.765924, 1.100318, 1.902866
 598.000000, 4.588629, 0.784838, 1.156633, 1.976031
 634.333333, 4.908040, 0.767210, 0.960589, 1.764582
 610.333333, 4.951939, 0.810486, 1.011469, 1.858001
 664.000000, 4.785141, 0.705321, 0.928213, 1.670683
 646.000000, 5.199174, 0.801858, 1.053148, 1.891641
 644.333333, 5.051216, 0.823590, 1.029488, 1.892913
2
 0.250000, 10.000000, 1.000000, 6.000000, 10.000000
 622.000000, 5.135048, 0.912647, 1.087353, 2.053055
 655.000000, 4.897710, 0.817812, 1.049364, 1.907379
 631.333333, 5.268215, 0.838437, 1.111932, 1.991024
 609.666667, 5.446145, 1.036085, 1.182613, 2.255878
 660.666667, 5.178103, 0.840061, 1.017154, 1.893542
 637.333333, 5.178347, 0.868201, 1.098849, 2.004184
 673.666667, 4.753093, 0.696685, 0.921326, 1.654626
 611.666667, 4.806540, 0.920981, 1.213624, 2.171662
 579.333333, 5.294016, 0.861335, 1.037399, 1.935558
 597.666667, 5.108199, 0.834914, 1.045733, 1.913553
 638.666667, 4.944676, 0.792276, 0.973904, 1.803236
 649.000000, 4.628146, 0.707242, 0.898819, 1.645609
 641.333333, 4.919958, 0.834719, 1.078482, 1.952183
 601.000000, 4.499168, 0.770937, 1.153078, 1.957293
 629.666667, 4.760720, 0.742721, 0.962943, 1.744839
 628.666667, 5.096501, 0.829799, 0.988865, 1.855249
 667.000000, 4.814093, 0.729635, 0.932534, 1.696152
 648.333333, 5.232905, 0.824679, 1.055527, 1.917738
 650.666667, 5.049693, 0.820184, 1.026127, 1.884221
3
 0.250000, 9.000000, 1.000000, 3.000000, 9.000000
 624.333333, 5.137213, 0.882541, 1.077416, 2.016551
 659.333333, 5.029323, 0.832659, 1.027806, 1.906471
 628.000000, 5.306263, 0.863588, 1.116773, 2.016985
 612.333333, 5.346761, 1.013065, 1.168753, 2.217746
 657.333333, 5.070994, 0.776369, 1.019270, 1.832657
 638.666667, 5.195720, 0.866388, 1.093424, 1.998434
 679.666667, 4.873467, 0.725846, 0.917607, 1.679745
 600.000000, 4.752778, 0.802778, 1.226111, 2.068889
 575.000000, 5.180870, 0.834203, 1.040000, 1.910145
 597.666667, 5.167875, 0.838818, 1.032906, 1.906302
 636.666667, 4.964921, 0.779058, 0.977487, 1.801047
 648.666667, 4.657760, 0.687564, 0.887461, 1.615108
 641.000000, 4.779511, 0.814353, 1.092044, 1.946438
 594.666667, 4.618274, 0.796525, 1.161435, 1.994955
 638.666667, 4.863779, 0.764614, 0.958246, 1.759395
 614.666667, 5.006508, 0.807484, 0.995119, 1.842191
 665.333333, 4.827655, 0.729459, 0.935872, 1.699399
 651.000000, 5.188428, 0.796723, 1.044547, 1.881720
 644.000000, 5.063665, 0.769151, 1.023810, 1.833851
4
 0.250000, 9.000000, 1.000000, 4.000000, 9.000000
 627.666667, 5.222517, 0.873606, 1.077005, 2.007966
 651.000000, 5.036866, 0.800819, 1.044547, 1.885817
 627.666667, 5.208178, 0.859267, 1.109400, 2.007435
 601.666667, 5.198338, 0.869806, 1.175623, 2.085873
 659.333333, 5.048534, 0.760364, 1.018706, 1.815470
 643.333333, 5.317098, 0.861140, 1.091192, 1.987047
 675.333333, 4.791214, 0.750740, 0.928924, 1.717670
 601.666667, 4.760665, 0.844321, 1.223823, 2.108033
 579.666667, 5.297872, 0.845888, 1.043128, 1.924669
 600.666667, 5.134295, 0.855161, 1.037736, 1.926193
 636.000000, 4.968029, 0.797694, 0.981132, 1.821279
 643.333333, 4.664767, 0.671503, 0.888601, 1.599482
 638.333333, 4.894517, 0.785379, 1.094517, 1.924282
 603.000000, 4.624102, 0.793256, 1.150359, 1.978441
 632.666667, 4.834563, 0.749210, 0.949420, 1.739726
 615.666667, 5.066053, 0.824039, 1.000541, 1.861397
 661.000000, 4.802320, 0.736258, 0.936964, 1.708522
 650.333333, 5.204511, 0.830856, 1.047668, 1.917478
 653.333333, 5.093367, 0.804592, 1.019388, 1.863265
5
 0.250000, 10.000000, 3.000000, 2.000000, 9.000000
 626.333333, 5.190527, 0.885577, 1.079830, 2.025546
 645.000000, 4.970543, 0.830491, 1.065116, 1.936434
 629.000000, 5.138845, 0.865395, 1.111288, 2.011129
 610.666667, 5.369541, 0.984716, 1.170306, 2.191594
 657.333333, 5.169878, 0.809838, 1.021805, 1.871197
 644.333333, 5.202276, 0.864977, 1.093637, 1.997413
 680.000000, 4.837255, 0.721078, 0.921078, 1.678922
 605.666667, 4.728123, 0.818382, 1.211888, 2.064392
 581.333333, 5.143349, 0.831422, 1.043005, 1.909977
 597.666667, 5.158951, 0.836029, 1.035137, 1.904629
 642.333333, 4.979761, 0.785677, 0.974572, 1.799170
 644.666667, 4.676836, 0.681489, 0.895036, 1.616339
 640.666667, 4.799168, 0.779917, 1.091051, 1.907908
 604.333333, 4.767237, 0.846663, 1.148373, 2.030888
 632.666667, 4.788725, 0.743941, 0.956797, 1.739199
 615.333333, 4.981582, 0.795775, 0.992416, 1.823402
 663.000000, 4.843640, 0.695827, 0.939165, 1.669683
 650.000000, 5.230769, 0.816410, 1.054359, 1.908205
 650.000000, 5.127692, 0.795385, 1.027179, 1.864615
6
 0.250000, 9.000000, 3.000000, 1.000000, 8.000000
 621.333333, 5.212983, 0.894850, 1.092275, 2.042382
 651.333333, 4.927329, 0.799898, 1.042477, 1.881269
 628.666667, 5.243372, 0.858431, 1.111877, 2.004242
 608.666667, 5.447426, 0.974261, 1.180175, 2.192771
 658.666667, 5.108300, 0.812247, 1.014676, 1.861842
 640.333333, 5.215513, 0.900052, 1.095263, 2.033316
 680.333333, 4.791769, 0.718765, 0.918667, 1.676139
 611.333333, 4.679935, 0.841330, 1.214831, 2.091058
 577.666667, 5.158107, 0.836122, 1.036930, 1.907675
 602.333333, 5.133370, 0.828445, 1.022136, 1.886552
 643.000000, 4.973561, 0.781752, 0.973043, 1.796267
 638.666667, 4.617954, 0.674322, 0.897182, 1.612213
 636.666667, 4.698429, 0.746597, 1.087435, 1.870681
 610.000000, 4.850820, 0.928415, 1.148634, 2.116393
 634.333333, 4.948502, 0.769312, 0.961114, 1.767735
 618.333333, 4.952561, 0.791914, 0.998383, 1.826954
 662.000000, 4.842900, 0.720040, 0.936052, 1.694864
 647.000000, 5.175167, 0.795981, 1.044822, 1.879959
 645.666667, 5.163655, 0.834280, 1.030459, 1.905524
7
 0.250000, 10.000000, 3.000000, 1.000000, 8.000000
 631.000000, 5.200740, 0.893291, 1.083994, 2.029583
 658.000000, 5.094732, 0.839412, 1.048632, 1.929585
 628.666667, 5.112407, 0.840933, 1.111877, 1.986214
 606.333333, 5.334250, 0.956570, 1.169324, 2.164376
 663.333333, 5.081910, 0.801005, 1.018090, 1.852764
 644.000000, 5.315217, 0.866460, 1.087474, 1.992754
 668.000000, 4.798902, 0.714571, 0.926148, 1.679142
 609.333333, 4.762582, 0.863239, 1.213895, 2.117068
 578.000000, 5.128028, 0.840254, 1.042099, 1.916378
 598.333333, 5.216713, 0.829526, 1.040669, 1.909192
 642.000000, 4.917965, 0.786085, 0.974039, 1.799585
 651.000000, 4.713262, 0.708141, 0.895033, 1.641577
 641.666667, 4.820260, 0.787013, 1.081039, 1.904935
 592.666667, 4.725534, 0.801462, 1.169854, 2.007874
 632.000000, 4.934599, 0.774789, 0.955696, 1.770042
 619.333333, 4.987083, 0.841765, 0.993003, 1.870829
 662.000000, 4.754280, 0.713998, 0.930010, 1.680262
 649.000000, 5.236775, 0.815614, 1.052902, 1.903955
 639.333333, 5.107925, 0.800834, 1.035975, 1.875912
Histogram
0 0 0 0 0 0 0 0 0 0 0 0 0 0 0 1 20 16 37 41 25 10 2 0 0 0 0 0 0 0 0 0 0 0 0 0 0 0 0 0 0 0 0 0 0 0 0 0 0 0 0 0 0 0 0 0 0 0 0 0 0 0 0 0 0 0 0 0 0 0 0 0 0 0 0 0 0 0 0 0 2 0 0 0 0 0 0 0 0 0 3 0 0 0 0 0 0 0 0 0 1 0 0 0 0 0 0 0 0 0 1 0 0 0 0 0 0 0 0 1 
Cache Miss Ratio
NaN
numOfSets
304059
numOfGets
0
numOfMultiGets
0
