20
0
 0.250000, 0.000000, 0.000000, 5.000000, 19.000000
 223.000000, 1.881913, 0.396114, 1.390135, 1.843049
 228.000000, 2.270468, 0.457602, 1.352339, 1.858187
 238.000000, 1.899160, 0.345938, 1.107843, 1.497199
 238.333333, 2.074126, 0.406993, 1.236364, 1.709091
 188.666667, 2.190813, 0.441696, 1.134276, 1.623675
 250.666667, 1.757979, 0.389628, 1.228723, 1.660904
 220.000000, 2.278788, 0.498485, 1.443939, 1.986364
 199.000000, 2.221106, 0.455611, 1.247906, 1.747069
 228.666667, 2.629738, 0.504373, 1.352770, 1.899417
 188.000000, 1.856383, 0.459220, 1.301418, 1.808511
 217.666667, 2.173047, 0.601838, 1.398162, 2.047473
 219.000000, 2.158295, 0.453577, 1.353120, 1.850837
 204.666667, 2.019544, 0.387622, 1.234528, 1.675896
 216.000000, 1.927469, 0.430556, 1.378086, 1.851852
 203.000000, 1.712644, 0.417077, 1.211823, 1.673235
 194.000000, 1.774914, 0.388316, 1.037801, 1.465636
 259.666667, 2.483954, 0.471117, 1.026958, 1.541720
 264.000000, 2.032828, 0.390152, 0.978535, 1.412879
 247.000000, 1.901484, 0.453441, 1.009447, 1.526316
1
 0.250000, 0.000000, 0.000000, 4.000000, 18.000000
 230.333333, 1.971056, 0.418234, 1.348770, 1.827786
 218.333333, 2.148092, 0.470229, 1.360305, 1.883969
 242.666667, 2.008242, 0.414835, 1.100275, 1.560440
 236.666667, 2.061972, 0.435211, 1.287324, 1.764789
 186.000000, 2.254480, 0.424731, 1.086022, 1.557348
 245.000000, 1.900680, 0.406803, 1.202721, 1.651701
 216.000000, 1.695988, 0.464506, 1.376543, 1.890432
 204.333333, 2.319739, 0.451876, 1.296900, 1.796085
 221.666667, 2.696241, 0.524812, 1.384962, 1.963910
 188.666667, 1.985866, 0.482332, 1.321555, 1.849823
 227.000000, 2.488987, 0.591777, 1.370044, 2.011747
 231.333333, 2.451009, 0.517291, 1.355908, 1.914986
 206.000000, 1.666667, 0.370550, 1.255663, 1.677994
 212.666667, 1.595611, 0.384013, 1.407524, 1.835423
 197.000000, 1.595601, 0.389171, 1.302876, 1.746193
 196.333333, 1.945671, 0.449915, 1.078098, 1.572156
 236.000000, 2.138418, 0.403955, 1.043785, 1.492938
 259.333333, 2.115681, 0.384319, 0.989717, 1.417738
 261.333333, 2.238520, 0.386480, 0.977041, 1.405612
2
 0.250000, 1.000000, 0.000000, 4.000000, 9.000000
 229.333333, 1.943314, 0.383721, 1.388081, 1.834302
 217.666667, 2.215926, 0.503828, 1.362940, 1.918836
 230.666667, 1.751445, 0.368497, 1.105491, 1.515896
 242.333333, 2.198074, 0.401651, 1.266850, 1.712517
 185.333333, 1.874101, 0.465827, 1.143885, 1.656475
 252.000000, 2.050265, 0.435185, 1.215608, 1.693122
 233.666667, 2.017118, 0.443652, 1.370899, 1.857347
 212.333333, 2.463108, 0.463108, 1.246468, 1.753532
 212.000000, 2.349057, 0.498428, 1.355346, 1.900943
 189.333333, 2.010563, 0.535211, 1.262324, 1.839789
 224.666667, 2.127596, 0.500000, 1.341246, 1.915430
 223.666667, 2.238450, 0.475410, 1.377049, 1.898659
 208.666667, 1.690096, 0.399361, 1.209265, 1.651757
 214.333333, 2.223950, 0.424572, 1.332815, 1.797823
 208.000000, 2.163462, 0.435897, 1.238782, 1.717949
 206.666667, 2.348387, 0.401613, 1.027419, 1.470968
 230.000000, 2.204348, 0.462319, 1.031884, 1.540580
 271.000000, 1.929889, 0.405904, 0.932349, 1.381304
 257.333333, 2.176166, 0.371762, 0.984456, 1.397668
3
 0.250000, 1.000000, 0.000000, 4.000000, 8.000000
 232.666667, 2.064470, 0.409742, 1.322350, 1.797994
 219.666667, 2.233687, 0.488619, 1.362671, 1.898331
 233.333333, 2.001429, 0.424286, 1.101429, 1.571429
 240.333333, 2.083218, 0.403606, 1.295423, 1.746186
 189.333333, 1.994718, 0.487676, 1.103873, 1.642606
 242.000000, 1.851240, 0.435262, 1.201102, 1.680441
 220.666667, 2.243202, 0.435045, 1.397281, 1.879154
 197.000000, 2.197970, 0.475465, 1.274112, 1.795262
 213.000000, 2.370892, 0.496088, 1.353678, 1.893584
 193.000000, 1.993092, 0.492228, 1.307427, 1.841105
 234.666667, 2.731534, 0.548295, 1.348011, 1.950284
 215.000000, 2.083721, 0.390698, 1.390698, 1.829457
 214.000000, 1.936137, 0.386293, 1.207165, 1.637072
 225.333333, 2.008876, 0.396450, 1.375740, 1.821006
 220.333333, 1.936460, 0.382753, 1.211800, 1.644478
 192.333333, 1.901213, 0.405546, 1.053726, 1.506066
 233.000000, 2.095851, 0.413448, 1.054363, 1.517883
 265.000000, 2.237736, 0.398742, 0.996226, 1.451572
 260.000000, 2.297436, 0.435897, 1.003846, 1.484615
4
 0.250000, 0.000000, 0.000000, 3.000000, 13.000000
 232.666667, 1.941261, 0.398281, 1.392550, 1.872493
 218.333333, 2.112977, 0.453435, 1.319084, 1.829008
 235.000000, 1.909220, 0.407092, 1.148936, 1.597163
 242.666667, 2.094780, 0.420330, 1.225275, 1.692308
 180.666667, 1.850554, 0.422509, 1.129151, 1.603321
 245.666667, 1.909091, 0.383989, 1.227951, 1.654003
 223.000000, 1.829596, 0.469357, 1.423019, 1.935725
 201.666667, 2.140496, 0.469421, 1.272727, 1.785124
 210.333333, 2.429477, 0.486529, 1.369255, 1.900158
 194.000000, 1.886598, 0.462199, 1.266323, 1.771478
 214.666667, 1.970497, 0.551242, 1.461180, 2.057453
 220.666667, 1.960725, 0.404834, 1.359517, 1.809668
 207.333333, 1.702572, 0.387460, 1.197749, 1.628617
 210.333333, 1.662441, 0.374010, 1.321712, 1.759113
 211.333333, 1.906940, 0.375394, 1.216088, 1.632492
 199.333333, 1.852843, 0.403010, 1.043478, 1.488294
 228.000000, 1.945906, 0.431287, 1.057018, 1.532164
 261.666667, 1.929936, 0.393631, 0.974522, 1.408917
 246.666667, 1.840541, 0.378378, 1.006757, 1.436486
5
 0.250000, 1.000000, 0.000000, 4.000000, 10.000000
 238.000000, 2.163866, 0.422969, 1.369748, 1.845938
 216.000000, 1.918210, 0.490741, 1.375000, 1.939815
 242.000000, 1.889807, 0.380165, 1.122590, 1.544077
 234.000000, 1.801994, 0.403134, 1.256410, 1.702279
 194.000000, 2.780069, 0.548110, 1.115120, 1.706186
 245.666667, 1.788331, 0.407056, 1.233379, 1.683853
 214.666667, 1.903727, 0.414596, 1.427019, 1.883540
 204.666667, 2.356678, 0.488599, 1.267101, 1.814332
 219.000000, 2.558600, 0.485540, 1.325723, 1.863014
 187.666667, 2.213144, 0.479574, 1.277087, 1.799290
 224.333333, 2.399703, 0.540862, 1.328380, 1.910847
 217.666667, 2.258806, 0.431853, 1.355283, 1.834609
 210.333333, 1.757528, 0.383518, 1.215531, 1.641838
 217.333333, 1.927914, 0.395706, 1.363497, 1.808282
 201.000000, 1.742952, 0.404643, 1.311774, 1.762852
 190.666667, 1.779720, 0.438811, 1.110140, 1.596154
 240.666667, 2.011080, 0.397507, 1.065097, 1.509695
 267.000000, 1.998752, 0.382022, 0.986267, 1.416979
 253.666667, 2.078844, 0.441524, 1.000000, 1.488830
6
 0.250000, 0.000000, 3.000000, 5.000000, 11.000000
 222.000000, 1.783784, 0.373874, 1.432432, 1.896396
 225.333333, 1.936391, 0.455621, 1.347633, 1.849112
 237.000000, 1.832630, 0.378340, 1.151899, 1.571027
 247.666667, 2.119785, 0.384926, 1.172275, 1.601615
 183.333333, 2.136364, 0.443636, 1.138182, 1.627273
 237.333333, 1.936798, 0.396067, 1.213483, 1.653090
 224.666667, 2.261128, 0.434718, 1.382789, 1.860534
 195.666667, 2.386712, 0.483816, 1.253833, 1.781942
 218.333333, 2.537405, 0.516031, 1.387786, 1.949618
 194.333333, 2.281304, 0.476844, 1.246998, 1.770154
 223.333333, 2.010448, 0.535821, 1.380597, 1.965672
 226.000000, 2.205015, 0.467552, 1.377581, 1.887906
 219.666667, 1.681335, 0.376328, 1.203338, 1.623672
 219.666667, 2.057663, 0.429439, 1.358118, 1.837633
 208.000000, 1.625000, 0.411859, 1.261218, 1.722756
 207.666667, 2.078652, 0.434992, 1.088283, 1.566613
 243.000000, 2.347051, 0.425240, 1.019204, 1.486968
 262.333333, 1.991105, 0.371029, 0.973316, 1.391360
 262.333333, 2.120712, 0.402795, 1.000000, 1.451080
7
 0.250000, 1.000000, 2.000000, 5.000000, 11.000000
 224.666667, 1.982196, 0.408012, 1.433234, 1.893175
 209.000000, 1.977671, 0.470494, 1.403509, 1.925040
 228.333333, 1.656934, 0.343066, 1.138686, 1.525547
 242.666667, 2.153846, 0.405220, 1.211538, 1.657967
 172.333333, 1.998066, 0.473888, 1.129594, 1.646035
 240.666667, 1.860111, 0.387812, 1.181440, 1.616343
 221.333333, 2.250000, 0.447289, 1.445783, 1.950301
 191.333333, 1.939024, 0.432056, 1.263066, 1.742160
 213.333333, 2.534375, 0.492188, 1.364063, 1.900000
 193.333333, 2.006897, 0.481034, 1.256897, 1.779310
 213.000000, 2.042254, 0.497653, 1.392801, 1.934272
 219.000000, 2.238965, 0.455099, 1.382040, 1.881279
 211.000000, 1.862559, 0.398104, 1.210111, 1.655608
 236.000000, 2.110169, 0.387006, 1.323446, 1.754237
 218.666667, 1.900915, 0.425305, 1.248476, 1.721037
 195.666667, 1.664395, 0.395230, 1.059625, 1.497445
 237.000000, 2.210970, 0.450070, 1.040788, 1.545710
 256.000000, 1.929688, 0.395833, 0.997396, 1.441406
 252.333333, 2.211361, 0.408190, 1.048877, 1.500661
8
 0.250000, 0.000000, 0.000000, 4.000000, 8.000000
 230.666667, 1.832370, 0.393064, 1.374277, 1.830925
 219.666667, 2.189681, 0.429439, 1.449165, 1.930197
 237.333333, 1.845506, 0.352528, 1.116573, 1.512640
 235.666667, 1.821782, 0.401697, 1.243281, 1.694484
 183.666667, 1.702359, 0.488203, 1.105263, 1.637024
 248.333333, 1.924832, 0.386577, 1.213423, 1.644295
 224.000000, 1.958333, 0.433036, 1.403274, 1.879464
 195.333333, 1.969283, 0.465870, 1.308874, 1.825939
 212.666667, 2.485893, 0.573668, 1.360502, 1.981191
 194.333333, 2.372213, 0.530017, 1.303602, 1.876501
 208.666667, 2.107029, 0.509585, 1.364217, 1.952077
 222.666667, 2.347305, 0.485030, 1.383234, 1.914671
 213.000000, 1.870110, 0.402191, 1.236307, 1.680751
 217.333333, 2.078221, 0.418712, 1.371166, 1.838957
 214.000000, 2.110592, 0.454829, 1.258567, 1.758567
 194.333333, 1.921098, 0.421955, 1.101201, 1.566038
 248.000000, 2.294355, 0.418011, 1.053763, 1.517473
 256.333333, 1.871261, 0.396619, 1.042913, 1.485046
 253.000000, 2.089592, 0.388669, 1.021080, 1.454545
9
 0.250000, 2.000000, 4.000000, 0.000000, 8.000000
 226.333333, 1.895434, 0.418262, 1.384389, 1.870398
 215.000000, 2.361240, 0.458915, 1.401550, 1.908527
 244.666667, 1.825613, 0.396458, 1.164850, 1.603542
 244.666667, 2.065395, 0.404632, 1.243869, 1.693460
 177.333333, 1.849624, 0.473684, 1.109023, 1.627820
 243.000000, 2.082305, 0.403292, 1.227709, 1.677641
 216.333333, 1.922958, 0.437596, 1.432974, 1.913713
 201.000000, 2.092869, 0.432836, 1.262023, 1.737977
 217.333333, 2.547546, 0.506135, 1.332822, 1.878834
 192.000000, 2.024306, 0.477431, 1.246528, 1.767361
 214.666667, 2.164596, 0.521739, 1.442547, 2.012422
 223.333333, 2.317910, 0.461194, 1.350746, 1.861194
 214.000000, 1.799065, 0.356698, 1.224299, 1.623053
 220.333333, 1.791225, 0.397882, 1.314675, 1.760968
 211.000000, 1.954186, 0.398104, 1.235387, 1.677725
 200.666667, 1.958472, 0.443522, 1.054817, 1.548173
 244.333333, 2.211460, 0.443383, 1.073670, 1.559345
 263.000000, 1.984791, 0.370089, 0.997465, 1.414449
 254.000000, 1.965879, 0.438320, 0.980315, 1.460630
10
 0.250000, 1.000000, 0.000000, 2.000000, 16.000000
 237.000000, 2.202532, 0.406470, 1.353024, 1.822785
 215.000000, 2.083721, 0.491473, 1.390698, 1.933333
 238.666667, 1.740223, 0.405028, 1.101955, 1.551676
 236.000000, 1.766949, 0.403955, 1.268362, 1.713277
 190.333333, 2.138354, 0.469352, 1.148862, 1.658494
 240.333333, 1.811373, 0.391123, 1.213592, 1.650485
 226.333333, 1.905744, 0.432990, 1.371134, 1.845361
 209.666667, 2.346582, 0.461049, 1.271860, 1.780604
 215.333333, 2.080495, 0.478328, 1.419505, 1.936533
 199.666667, 2.040067, 0.464107, 1.272120, 1.777963
 229.000000, 2.375546, 0.465793, 1.377001, 1.890830
 224.666667, 2.281899, 0.424332, 1.382789, 1.847181
 213.000000, 1.649452, 0.410016, 1.219092, 1.671362
 210.666667, 1.998418, 0.417722, 1.381329, 1.854430
 200.666667, 1.662791, 0.382060, 1.275748, 1.704319
 196.333333, 1.699491, 0.407470, 1.032258, 1.487267
 237.666667, 1.910238, 0.406732, 1.002805, 1.455820
 261.666667, 1.731210, 0.357962, 0.946497, 1.347771
 250.333333, 1.850866, 0.386152, 0.986684, 1.416778
11
 0.250000, 1.000000, 2.000000, 0.000000, 5.000000
 226.333333, 1.877761, 0.418262, 1.388807, 1.864507
 221.000000, 2.099548, 0.455505, 1.333333, 1.837104
 233.000000, 1.731044, 0.356223, 1.105866, 1.506438
 244.666667, 2.130790, 0.411444, 1.234332, 1.689373
 177.000000, 1.709981, 0.451977, 1.133710, 1.629002
 245.666667, 2.077341, 0.397558, 1.237449, 1.683853
 220.666667, 1.824773, 0.451662, 1.456193, 1.950151
 210.666667, 2.253165, 0.439873, 1.291139, 1.772152
 224.666667, 2.529674, 0.514837, 1.338279, 1.893175
 183.000000, 1.907104, 0.502732, 1.276867, 1.825137
 218.666667, 1.867378, 0.506098, 1.362805, 1.919207
 221.000000, 2.271493, 0.446456, 1.354449, 1.850679
 214.666667, 1.571429, 0.391304, 1.217391, 1.653727
 232.333333, 2.073171, 0.374462, 1.352941, 1.767575
 212.000000, 1.861635, 0.397799, 1.250000, 1.693396
 190.666667, 1.694056, 0.403846, 1.036713, 1.484266
 243.666667, 2.288646, 0.399453, 1.034200, 1.480164
 255.333333, 1.835509, 0.382507, 1.002611, 1.433420
 242.333333, 1.796424, 0.393398, 1.049519, 1.488308
12
 0.250000, 0.000000, 2.000000, 4.000000, 17.000000
 230.666667, 1.995665, 0.387283, 1.362717, 1.802023
 220.333333, 2.214826, 0.444781, 1.338880, 1.833585
 227.666667, 1.537335, 0.407028, 1.177160, 1.629575
 244.333333, 2.110505, 0.371078, 1.255116, 1.675307
 182.333333, 2.042048, 0.473492, 1.122486, 1.643510
 233.333333, 1.711429, 0.398571, 1.274286, 1.717143
 214.333333, 1.903577, 0.441680, 1.424572, 1.912908
 204.333333, 2.146819, 0.427406, 1.239804, 1.717781
 213.666667, 2.210608, 0.502340, 1.312012, 1.864275
 189.000000, 1.835979, 0.465608, 1.292769, 1.802469
 217.333333, 1.871166, 0.461656, 1.401840, 1.906442
 218.000000, 2.290520, 0.448012, 1.328746, 1.819572
 217.000000, 1.778802, 0.388633, 1.228879, 1.665131
 212.000000, 1.627358, 0.383648, 1.347484, 1.773585
 204.000000, 1.810458, 0.406863, 1.254902, 1.710784
 201.000000, 2.225539, 0.434494, 1.102819, 1.585406
 247.000000, 2.222672, 0.408907, 1.036437, 1.491228
 269.000000, 2.064436, 0.385378, 1.001239, 1.429988
 253.666667, 2.127464, 0.403417, 1.021025, 1.471748
13
 0.250000, 0.000000, 0.000000, 1.000000, 14.000000
 245.666667, 2.215739, 0.447761, 1.366350, 1.861601
 216.666667, 1.846154, 0.473846, 1.429231, 1.947692
 224.333333, 1.640416, 0.362556, 1.213967, 1.624071
 239.666667, 2.372740, 0.464534, 1.268428, 1.783032
 183.333333, 2.163636, 0.423636, 1.132727, 1.596364
 256.000000, 2.102865, 0.444010, 1.200521, 1.686198
 223.000000, 2.065770, 0.463378, 1.454410, 1.968610
 202.666667, 2.097039, 0.455592, 1.276316, 1.774671
 214.333333, 2.407465, 0.517885, 1.388802, 1.948678
 198.000000, 2.111111, 0.447811, 1.301347, 1.797980
 222.333333, 2.256372, 0.529235, 1.389805, 1.968516
 215.333333, 2.221362, 0.455108, 1.386997, 1.891641
 215.666667, 1.944359, 0.394127, 1.231839, 1.675425
 223.666667, 1.721311, 0.383010, 1.344262, 1.771982
 212.666667, 1.927900, 0.413793, 1.227273, 1.689655
 188.000000, 1.739362, 0.411348, 1.088652, 1.549645
 251.666667, 2.291391, 0.439735, 1.029139, 1.515232
 265.000000, 2.021384, 0.377358, 0.967296, 1.397484
 254.000000, 2.047244, 0.400262, 1.011811, 1.455381
14
 0.250000, 0.000000, 9.000000, 4.000000, 14.000000
 241.000000, 2.019364, 0.405256, 1.343015, 1.800830
 222.666667, 2.300898, 0.456587, 1.342814, 1.844311
 245.000000, 1.991837, 0.356463, 1.114286, 1.521088
 240.333333, 1.973648, 0.393897, 1.281553, 1.721221
 190.000000, 2.310526, 0.496491, 1.092982, 1.649123
 242.000000, 1.902204, 0.389807, 1.202479, 1.639118
 216.666667, 1.818462, 0.449231, 1.401538, 1.898462
 192.333333, 2.038128, 0.435009, 1.259965, 1.738302
 222.000000, 2.554054, 0.530030, 1.330330, 1.911411
 200.333333, 2.419301, 0.455907, 1.244592, 1.745424
 224.000000, 2.250000, 0.517857, 1.342262, 1.910714
 227.000000, 2.381791, 0.441997, 1.361233, 1.863436
 212.333333, 1.784929, 0.397174, 1.240188, 1.682889
 230.333333, 1.947902, 0.410999, 1.289436, 1.745297
 213.000000, 2.106416, 0.430360, 1.245696, 1.718310
 188.333333, 1.791150, 0.437168, 1.065487, 1.552212
 241.000000, 2.163209, 0.385892, 1.034578, 1.464730
 265.666667, 2.077792, 0.405270, 0.996236, 1.442911
 242.333333, 1.832187, 0.394773, 1.015131, 1.452545
15
 0.250000, 0.000000, 3.000000, 3.000000, 9.000000
 226.333333, 1.972018, 0.422680, 1.412371, 1.893962
 219.666667, 2.230653, 0.430956, 1.349014, 1.833080
 243.666667, 1.941176, 0.389877, 1.113543, 1.586867
 246.333333, 2.297700, 0.422192, 1.269283, 1.734777
 178.333333, 2.229907, 0.439252, 1.143925, 1.624299
 252.666667, 1.948549, 0.393140, 1.170185, 1.608179
 219.333333, 2.088146, 0.472644, 1.384498, 1.899696
 198.000000, 2.045455, 0.441077, 1.277778, 1.769360
 215.333333, 2.123839, 0.462848, 1.337461, 1.845201
 195.000000, 2.208547, 0.483761, 1.295726, 1.834188
 216.000000, 2.168210, 0.544753, 1.395062, 1.986111
 228.666667, 2.529155, 0.491254, 1.323615, 1.865889
 207.333333, 1.631833, 0.385852, 1.215434, 1.641479
 232.000000, 2.030172, 0.395115, 1.330460, 1.771552
 207.333333, 1.855305, 0.430868, 1.271704, 1.745981
 188.666667, 1.494700, 0.418728, 1.113074, 1.583039
 234.666667, 2.102273, 0.440341, 1.044034, 1.532670
 266.666667, 2.346250, 0.396250, 1.000000, 1.438750
 247.333333, 1.890836, 0.475741, 1.001348, 1.521563
16
 0.250000, 0.000000, 0.000000, 3.000000, 6.000000
 245.333333, 2.042120, 0.400815, 1.341033, 1.788043
 214.666667, 2.197205, 0.472050, 1.316770, 1.858696
 227.000000, 1.781204, 0.370044, 1.132159, 1.547724
 236.666667, 2.205634, 0.414085, 1.304225, 1.761972
 194.000000, 2.268041, 0.460481, 1.125430, 1.628866
 247.333333, 1.911051, 0.359838, 1.191375, 1.594340
 224.666667, 2.013353, 0.502967, 1.408012, 1.954006
 201.333333, 2.251656, 0.430464, 1.288079, 1.763245
 223.000000, 2.684604, 0.550075, 1.291480, 1.886398
 199.333333, 2.500000, 0.508361, 1.292642, 1.844482
 232.666667, 2.534384, 0.500000, 1.399713, 1.959885
 221.000000, 2.176471, 0.466063, 1.361991, 1.871795
 202.666667, 1.856908, 0.391447, 1.277961, 1.712171
 211.000000, 1.747235, 0.393365, 1.357030, 1.794629
 213.333333, 1.979688, 0.407813, 1.215625, 1.665625
 204.000000, 2.008170, 0.380719, 1.039216, 1.467320
 264.333333, 2.375788, 0.407314, 1.012610, 1.461538
 259.666667, 1.937099, 0.405648, 0.953787, 1.412067
 247.333333, 1.843666, 0.401617, 1.014825, 1.460916
17
 0.250000, 0.000000, 3.000000, 1.000000, 7.000000
 237.666667, 2.012623, 0.403927, 1.367461, 1.828892
 220.000000, 2.366667, 0.475758, 1.418182, 1.946970
 238.666667, 2.101955, 0.420391, 1.115922, 1.582402
 237.666667, 1.987377, 0.424965, 1.276297, 1.753156
 183.000000, 1.996357, 0.448087, 1.131148, 1.633880
 242.666667, 1.848901, 0.406593, 1.252747, 1.701923
 220.000000, 2.009091, 0.451515, 1.428788, 1.924242
 190.333333, 2.236427, 0.457093, 1.283713, 1.803853
 215.000000, 2.586047, 0.592248, 1.393798, 2.034109
 200.666667, 2.430233, 0.460133, 1.289037, 1.794020
 220.666667, 2.376133, 0.521148, 1.395770, 1.965257
 210.000000, 1.990476, 0.428571, 1.387302, 1.869841
 198.000000, 1.569024, 0.430976, 1.331650, 1.806397
 215.000000, 1.810853, 0.390698, 1.364341, 1.798450
 203.000000, 2.096880, 0.459770, 1.272578, 1.776683
 194.333333, 1.830189, 0.389365, 1.051458, 1.487136
 248.666667, 2.001340, 0.408847, 1.014745, 1.467828
 261.333333, 1.863520, 0.392857, 0.988520, 1.422194
 266.333333, 2.226533, 0.420526, 0.996245, 1.465582
18
 0.250000, 1.000000, 0.000000, 2.000000, 2.000000
 231.333333, 2.030259, 0.389049, 1.393372, 1.840058
 224.333333, 2.081724, 0.438336, 1.283804, 1.763744
 234.666667, 2.059659, 0.372159, 1.161932, 1.576705
 243.666667, 2.202462, 0.461012, 1.294118, 1.797538
 180.333333, 1.990758, 0.439926, 1.101664, 1.589649
 243.333333, 2.069863, 0.401370, 1.216438, 1.661644
 223.000000, 1.950673, 0.481315, 1.409567, 1.938714
 202.000000, 2.085809, 0.453795, 1.278878, 1.775578
 214.333333, 2.247278, 0.500778, 1.371695, 1.916019
 191.666667, 2.262609, 0.513043, 1.245217, 1.805217
 216.666667, 2.040000, 0.472308, 1.324615, 1.847692
 218.666667, 2.303354, 0.437500, 1.327744, 1.810976
 215.333333, 1.817337, 0.400929, 1.255418, 1.696594
 216.333333, 1.721109, 0.397535, 1.342065, 1.782743
 200.666667, 1.514950, 0.405316, 1.262458, 1.715947
 203.333333, 1.963934, 0.388525, 1.044262, 1.473770
 254.666667, 2.523560, 0.431937, 1.003927, 1.480366
 265.666667, 1.959849, 0.378921, 0.951066, 1.372647
 238.666667, 1.722067, 0.420391, 1.029330, 1.494413
19
 0.250000, 0.000000, 0.000000, 0.000000, 3.000000
 232.666667, 1.985673, 0.416905, 1.359599, 1.826648
 218.666667, 2.019817, 0.428354, 1.362805, 1.833841
 223.666667, 1.855440, 0.368107, 1.120715, 1.530551
 236.666667, 2.029577, 0.388732, 1.252113, 1.687324
 182.333333, 1.934186, 0.446069, 1.149909, 1.643510
 249.333333, 1.938503, 0.378342, 1.205882, 1.627005
 226.000000, 2.578171, 0.516224, 1.377581, 1.938053
 200.000000, 2.180000, 0.471667, 1.293333, 1.810000
 219.666667, 2.438543, 0.490137, 1.323217, 1.854325
 197.000000, 2.358714, 0.494078, 1.292724, 1.856176
 226.000000, 2.433628, 0.528024, 1.384956, 1.954277
 219.000000, 2.101979, 0.473364, 1.394216, 1.910198
 203.000000, 1.696223, 0.395731, 1.234811, 1.673235
 223.666667, 1.809240, 0.388972, 1.354694, 1.791356
 206.333333, 1.901454, 0.420032, 1.274637, 1.739903
 196.666667, 2.025424, 0.383051, 1.064407, 1.500000
 257.666667, 2.527814, 0.423027, 0.998706, 1.467012
 262.000000, 2.054707, 0.407125, 1.022901, 1.486005
 252.333333, 1.785997, 0.417437, 1.001321, 1.459709
20
 0.250000, 1.000000, 0.000000, 1.000000, 2.000000
 228.000000, 2.100877, 0.413743, 1.375731, 1.852339
 223.333333, 2.459701, 0.482090, 1.377612, 1.916418
 238.000000, 1.935574, 0.364146, 1.116246, 1.523810
 236.333333, 2.236953, 0.372355, 1.251058, 1.671368
 175.333333, 1.941065, 0.528517, 1.211027, 1.794677
 239.000000, 1.914923, 0.404463, 1.218968, 1.675035
 228.666667, 1.892128, 0.463557, 1.396501, 1.909621
 198.000000, 2.124579, 0.441077, 1.245791, 1.737374
 211.666667, 2.122835, 0.485039, 1.314961, 1.847244
 184.000000, 2.411232, 0.498188, 1.304348, 1.855072
 226.333333, 1.951399, 0.508100, 1.397644, 1.951399
 224.000000, 2.327381, 0.497024, 1.372024, 1.916667
 209.000000, 1.639553, 0.387560, 1.212121, 1.644338
 223.000000, 2.064275, 0.418535, 1.373692, 1.837070
 209.666667, 1.963434, 0.395866, 1.262321, 1.701113
 189.000000, 1.781305, 0.410935, 1.047619, 1.504409
 245.000000, 2.208163, 0.425850, 1.021769, 1.500680
 288.333333, 2.339884, 0.391908, 0.987283, 1.430058
 259.000000, 2.019305, 0.449163, 0.963964, 1.471042
21
 0.250000, 0.000000, 0.000000, 0.000000, 2.000000
 240.333333, 2.102635, 0.382802, 1.374480, 1.812760
 229.666667, 2.471698, 0.432511, 1.349782, 1.846154
 226.666667, 1.591176, 0.366176, 1.139706, 1.552941
 238.000000, 2.207283, 0.448179, 1.225490, 1.718487
 186.666667, 2.060714, 0.446429, 1.167857, 1.657143
 246.000000, 2.001355, 0.397019, 1.215447, 1.655827
 227.000000, 2.154185, 0.462555, 1.353891, 1.857562
 205.333333, 2.092532, 0.448052, 1.308442, 1.805195
 216.333333, 2.545455, 0.587057, 1.359014, 1.989214
 196.666667, 2.047458, 0.491525, 1.223729, 1.757627
 230.666667, 2.221098, 0.433526, 1.286127, 1.764451
 216.666667, 2.221538, 0.458462, 1.358462, 1.870769
 211.333333, 2.138801, 0.429022, 1.315457, 1.788644
 218.333333, 1.897710, 0.392366, 1.370992, 1.815267
 208.000000, 1.834936, 0.427885, 1.206731, 1.679487
 195.333333, 1.725256, 0.430034, 1.063140, 1.547782
 235.333333, 2.114731, 0.405099, 1.060907, 1.525496
 271.666667, 1.966871, 0.354601, 0.961963, 1.369325
 249.333333, 1.938503, 0.406417, 1.013369, 1.465241
22
 0.250000, 0.000000, 0.000000, 0.000000, 1.000000
 227.333333, 1.926686, 0.419355, 1.401760, 1.873900
 219.000000, 2.217656, 0.479452, 1.433790, 1.957382
 241.000000, 2.051176, 0.419087, 1.124481, 1.586445
 235.666667, 2.022631, 0.396040, 1.272984, 1.712871
 180.666667, 2.005535, 0.429889, 1.147601, 1.623616
 258.666667, 2.125000, 0.389175, 1.206186, 1.648196
 223.666667, 2.041729, 0.448584, 1.387481, 1.883756
 192.333333, 1.939341, 0.436742, 1.282496, 1.769497
 202.666667, 1.878289, 0.470395, 1.361842, 1.891447
 199.666667, 2.265442, 0.457429, 1.238731, 1.737896
 226.333333, 2.257732, 0.565538, 1.415317, 2.029455
 222.333333, 1.970015, 0.461769, 1.394303, 1.898051
 212.333333, 1.698587, 0.400314, 1.252747, 1.695447
 202.666667, 1.774671, 0.414474, 1.360197, 1.824013
 213.000000, 1.838811, 0.384977, 1.261346, 1.694836
 194.000000, 1.970790, 0.436426, 1.058419, 1.539519
 246.666667, 2.352703, 0.437838, 1.028378, 1.516216
 254.000000, 1.712598, 0.379265, 0.955381, 1.380577
 251.333333, 1.911141, 0.409814, 1.009284, 1.462865
23
 0.250000, 0.000000, 2.000000, 0.000000, 2.000000
 241.333333, 2.089779, 0.419890, 1.361878, 1.837017
 221.000000, 2.301659, 0.481146, 1.361991, 1.886878
 231.000000, 1.665224, 0.366522, 1.152958, 1.564214
 245.000000, 2.216327, 0.417687, 1.253061, 1.714286
 185.666667, 2.271095, 0.486535, 1.192101, 1.723519
 249.666667, 2.150868, 0.369826, 1.208278, 1.618158
 226.000000, 1.836283, 0.458702, 1.376106, 1.883481
 200.666667, 1.946844, 0.443522, 1.227575, 1.717608
 211.000000, 2.236967, 0.450237, 1.347551, 1.838863
 199.333333, 2.500000, 0.481605, 1.322742, 1.849498
 228.000000, 2.647661, 0.508772, 1.364035, 1.921053
 215.666667, 1.874807, 0.486862, 1.367852, 1.901082
 205.000000, 1.538211, 0.378862, 1.263415, 1.687805
 219.000000, 1.828006, 0.397260, 1.351598, 1.792998
 211.666667, 1.916535, 0.398425, 1.262992, 1.703937
 184.000000, 1.478261, 0.402174, 1.094203, 1.548913
 250.333333, 2.549933, 0.428762, 1.014647, 1.494008
 258.666667, 1.768041, 0.389175, 0.988402, 1.421392
 247.666667, 2.145357, 0.425303, 1.025572, 1.504711
24
 0.250000, 0.000000, 0.000000, 1.000000, 2.000000
 240.000000, 2.173611, 0.373611, 1.309722, 1.734722
 228.333333, 2.255474, 0.464234, 1.325547, 1.837956
 240.333333, 1.944521, 0.406380, 1.135922, 1.582524
 233.333333, 1.804286, 0.398571, 1.272857, 1.715714
 180.666667, 1.739852, 0.463100, 1.162362, 1.671587
 245.333333, 1.889946, 0.402174, 1.199728, 1.650815
 220.666667, 1.960725, 0.448640, 1.327795, 1.818731
 191.666667, 1.829565, 0.441739, 1.246957, 1.737391
 217.333333, 2.440184, 0.510736, 1.375767, 1.937117
 198.000000, 2.319865, 0.446128, 1.294613, 1.784512
 215.666667, 1.986090, 0.519320, 1.347759, 1.918083
 223.000000, 2.379671, 0.449925, 1.361734, 1.856502
 199.666667, 1.500835, 0.383973, 1.310518, 1.736227
 207.000000, 1.848631, 0.376812, 1.341385, 1.761675
 207.333333, 1.733119, 0.395498, 1.245981, 1.694534
 197.000000, 1.851100, 0.390863, 1.065990, 1.505922
 252.666667, 2.251979, 0.428760, 0.993404, 1.468338
 256.333333, 1.919376, 0.370611, 1.001300, 1.413524
 253.333333, 1.769737, 0.405263, 0.988158, 1.439474
25
 0.250000, 0.000000, 0.000000, 0.000000, 0.000000
 230.000000, 1.813043, 0.413043, 1.372464, 1.840580
 210.333333, 2.174326, 0.486529, 1.440571, 1.969889
 238.333333, 1.787413, 0.360839, 1.074126, 1.481119
 236.666667, 1.905634, 0.422535, 1.270423, 1.735211
 184.000000, 2.126812, 0.490942, 1.201087, 1.735507
 235.666667, 1.809052, 0.384724, 1.200849, 1.635078
 225.000000, 2.231111, 0.457778, 1.407407, 1.908148
 200.000000, 2.116667, 0.466667, 1.245000, 1.760000
 219.000000, 2.041096, 0.491629, 1.357686, 1.894977
 193.666667, 2.030981, 0.456110, 1.242685, 1.741824
 227.333333, 2.219941, 0.526393, 1.369501, 1.942815
 234.333333, 2.530583, 0.442390, 1.354196, 1.843528
 209.333333, 1.745223, 0.386943, 1.234076, 1.667197
 207.333333, 1.639871, 0.389068, 1.377814, 1.815113
 203.333333, 1.926230, 0.408197, 1.232787, 1.685246
 198.666667, 1.978188, 0.424497, 1.082215, 1.557047
 260.000000, 2.482051, 0.443590, 1.032051, 1.521795
 261.333333, 1.901786, 0.386480, 1.001276, 1.436224
 248.666667, 1.914209, 0.454424, 1.000000, 1.497319
26
 0.250000, 9.000000, 0.000000, 4.000000, 4.000000
 230.666667, 2.018786, 0.408960, 1.378613, 1.841040
 210.000000, 2.403175, 0.488889, 1.415873, 1.955556
 237.333333, 1.799157, 0.363764, 1.132022, 1.539326
 241.666667, 2.093793, 0.441379, 1.285517, 1.776552
 179.333333, 2.122677, 0.503717, 1.107807, 1.656134
 251.666667, 1.664901, 0.388079, 1.192053, 1.623841
 221.333333, 1.890060, 0.453313, 1.414157, 1.909639
 197.666667, 2.116358, 0.433390, 1.225970, 1.701518
 213.000000, 2.442879, 0.538341, 1.397496, 1.976526
 191.333333, 2.500000, 0.538328, 1.303136, 1.891986
 214.333333, 1.926905, 0.496112, 1.423017, 1.975117
 209.333333, 2.164013, 0.457006, 1.347134, 1.861465
 215.000000, 1.706977, 0.401550, 1.215504, 1.658915
 212.000000, 1.968553, 0.374214, 1.407233, 1.830189
 205.000000, 1.741463, 0.390244, 1.260163, 1.692683
 190.666667, 1.875874, 0.395105, 1.041958, 1.479021
 235.666667, 1.930693, 0.445545, 1.021216, 1.516266
 262.666667, 1.998731, 0.361675, 0.974619, 1.379442
 259.333333, 2.025707, 0.404884, 0.994859, 1.449871
27
 0.250000, 6.000000, 4.000000, 1.000000, 8.000000
 229.000000, 2.002911, 0.427948, 1.446870, 1.938865
 220.666667, 2.197885, 0.447130, 1.419940, 1.912387
 234.333333, 1.761024, 0.422475, 1.153627, 1.618777
 236.333333, 1.768688, 0.404795, 1.246827, 1.700987
 188.000000, 2.083333, 0.471631, 1.186170, 1.698582
 250.000000, 2.184000, 0.426667, 1.206667, 1.681333
 228.000000, 2.074561, 0.450292, 1.393275, 1.893275
 197.666667, 1.917369, 0.451939, 1.284992, 1.780776
 207.000000, 2.273752, 0.491143, 1.347826, 1.884058
 193.333333, 2.122414, 0.468966, 1.305172, 1.818966
 229.666667, 2.326560, 0.502177, 1.388970, 1.943396
 217.000000, 2.270353, 0.440860, 1.388633, 1.878648
 203.666667, 1.553191, 0.386252, 1.238953, 1.674304
 213.333333, 1.842188, 0.403125, 1.381250, 1.832813
 208.333333, 2.121600, 0.388800, 1.238400, 1.675200
 193.666667, 1.870912, 0.406196, 1.060241, 1.511188
 236.000000, 2.460452, 0.443503, 1.063559, 1.562147
 274.000000, 2.077859, 0.392944, 0.964720, 1.429440
 246.000000, 1.806233, 0.392954, 1.002710, 1.440379
28
 0.250000, 6.000000, 4.000000, 0.000000, 7.000000
 247.666667, 2.422611, 0.452221, 1.306864, 1.811575
 211.333333, 2.127760, 0.485804, 1.413249, 1.943218
 232.000000, 1.931034, 0.418103, 1.176724, 1.637931
 253.000000, 2.494071, 0.475626, 1.258235, 1.777339
 181.333333, 1.965074, 0.476103, 1.187500, 1.716912
 237.666667, 1.900421, 0.408135, 1.234222, 1.687237
 219.666667, 2.262519, 0.435508, 1.411229, 1.904401
 198.000000, 2.102694, 0.427609, 1.232323, 1.702020
 206.666667, 2.196774, 0.462903, 1.435484, 1.941935
 194.333333, 2.253859, 0.542024, 1.262436, 1.852487
 224.666667, 2.124629, 0.583086, 1.362018, 1.994065
 214.333333, 1.867807, 0.438569, 1.374806, 1.874028
 209.000000, 1.877193, 0.408293, 1.229665, 1.693780
 219.666667, 1.646434, 0.379363, 1.321700, 1.743551
 211.333333, 1.750789, 0.391167, 1.223975, 1.667192
 198.000000, 2.191919, 0.496633, 1.058923, 1.599327
 234.666667, 1.890625, 0.404830, 1.026989, 1.480114
 266.666667, 2.126250, 0.400000, 0.971250, 1.412500
 249.000000, 1.799197, 0.444444, 1.040161, 1.528782
29
 0.250000, 1.000000, 5.000000, 5.000000, 14.000000
 238.666667, 1.907821, 0.391061, 1.386872, 1.844972
 216.333333, 2.161787, 0.463790, 1.372881, 1.884438
 228.000000, 1.671053, 0.409357, 1.162281, 1.615497
 239.000000, 1.774059, 0.400279, 1.262204, 1.711297
 186.000000, 2.216846, 0.460573, 1.195341, 1.711470
 245.000000, 1.918367, 0.421769, 1.198639, 1.668027
 226.000000, 1.991150, 0.445428, 1.426254, 1.920354
 210.000000, 2.257143, 0.460317, 1.231746, 1.738095
 212.000000, 2.316038, 0.470126, 1.366352, 1.882075
 198.333333, 2.273950, 0.502521, 1.273950, 1.826891
 217.333333, 2.064417, 0.463190, 1.366564, 1.878834
 219.666667, 2.368741, 0.467375, 1.327769, 1.849772
 207.666667, 1.667737, 0.365971, 1.219904, 1.627608
 211.000000, 1.908373, 0.429700, 1.358610, 1.830964
 211.666667, 2.062992, 0.428346, 1.214173, 1.686614
 196.666667, 1.691525, 0.405085, 1.055932, 1.506780
 242.000000, 2.169421, 0.426997, 1.008264, 1.495868
 262.333333, 2.177891, 0.404066, 0.997459, 1.449809
 248.333333, 2.037584, 0.383893, 1.033557, 1.468456
30
 0.250000, 0.000000, 7.000000, 2.000000, 14.000000
 239.000000, 1.873082, 0.411437, 1.387727, 1.854951
 221.000000, 2.182504, 0.453997, 1.374057, 1.877828
 231.000000, 1.857143, 0.362193, 1.126984, 1.532468
 233.000000, 1.695279, 0.391989, 1.241774, 1.679542
 187.333333, 2.080071, 0.505338, 1.120996, 1.670819
 247.666667, 1.861373, 0.403769, 1.239569, 1.685061
 221.666667, 1.965414, 0.458647, 1.413534, 1.917293
 199.666667, 2.397329, 0.422371, 1.265442, 1.729549
 234.666667, 2.944602, 0.558239, 1.367898, 1.970170
 204.000000, 2.191176, 0.480392, 1.310458, 1.834967
 222.666667, 2.284431, 0.480539, 1.347305, 1.875749
 214.666667, 2.195652, 0.475155, 1.414596, 1.968944
 204.333333, 1.636215, 0.401305, 1.272431, 1.719413
 214.666667, 1.871118, 0.406832, 1.330745, 1.782609
 209.333333, 2.199045, 0.460191, 1.234076, 1.738854
 199.333333, 1.986622, 0.419732, 1.048495, 1.510033
 245.333333, 2.418478, 0.452446, 1.029891, 1.527174
 259.666667, 2.163030, 0.370988, 0.961489, 1.376123
 252.666667, 1.952507, 0.410290, 1.006596, 1.456464
31
 0.250000, 0.000000, 4.000000, 2.000000, 12.000000
 226.000000, 1.902655, 0.417404, 1.417404, 1.895280
 220.000000, 2.243939, 0.507576, 1.406061, 1.959091
 237.000000, 1.876231, 0.413502, 1.191280, 1.649789
 243.333333, 2.515068, 0.435616, 1.245205, 1.728767
 186.333333, 2.073345, 0.449016, 1.130590, 1.622540
 240.666667, 1.799169, 0.375346, 1.218837, 1.642659
 220.666667, 2.015106, 0.453172, 1.391239, 1.889728
 204.666667, 2.118893, 0.444625, 1.301303, 1.794788
 210.666667, 2.191456, 0.558544, 1.368671, 1.974684
 188.333333, 2.079646, 0.541593, 1.306195, 1.895575
 216.333333, 1.979969, 0.463790, 1.400616, 1.912173
 227.333333, 2.310850, 0.491202, 1.392962, 1.931085
 212.333333, 1.795918, 0.381476, 1.243328, 1.665620
 212.000000, 1.591195, 0.389937, 1.371069, 1.805031
 210.333333, 1.774960, 0.385103, 1.236133, 1.662441
 192.000000, 1.975694, 0.373264, 1.053819, 1.479167
 240.000000, 2.184722, 0.413889, 1.054167, 1.529167
 260.333333, 1.895006, 0.364917, 0.985915, 1.398207
 246.666667, 2.055405, 0.416216, 1.045946, 1.506757
Histogram
1 0 0 0 0 0 0 0 0 0 1 0 0 11 74 72 112 112 143 78 11 0 0 0 0 0 0 0 0 0 1 0 0 0 0 0 0 0 0 0 1 0 0 0 0 0 0 0 0 0 1 0 0 0 0 0 0 0 0 0 1 0 0 0 0 0 0 0 0 0 2 0 0 0 0 0 0 0 0 0 4 0 0 0 0 0 0 0 0 0 2 0 0 0 0 0 0 0 0 0 1 0 0 0 0 0 0 0 0 0 2 0 0 0 0 0 0 0 0 10 
Cache Miss Ratio
NaN
numOfSets
428024
numOfGets
0
numOfMultiGets
0
