20
0
 0.250000, 0.000000, 0.000000, 1.000000, 16.000000
 109.666667, 0.644377, 0.413374, 0.756839, 1.194529
 130.666667, 0.390306, 0.188776, 0.566327, 0.772959
 125.333333, 0.247340, 0.167553, 0.550532, 0.736702
 132.333333, 0.352645, 0.198992, 0.531486, 0.750630
 150.666667, 0.469027, 0.148230, 0.566372, 0.732301
 127.000000, 0.322835, 0.144357, 0.643045, 0.805774
 122.333333, 0.286104, 0.258856, 0.673025, 0.953678
 128.666667, 0.466321, 0.191710, 0.974093, 1.183938
 110.333333, 0.368580, 0.323263, 0.673716, 1.015106
 128.666667, 0.406736, 0.163212, 0.665803, 0.847150
 129.333333, 0.291237, 0.123711, 0.688144, 0.835052
 133.000000, 0.401003, 0.162907, 0.578947, 0.761905
 130.333333, 0.281330, 0.199488, 0.624041, 0.838875
 119.666667, 0.197772, 0.158774, 0.696379, 0.874652
 136.666667, 0.617073, 0.192683, 0.726829, 0.939024
 155.000000, 0.724731, 0.150538, 0.533333, 0.705376
 133.333333, 0.380000, 0.152500, 0.645000, 0.817500
 129.000000, 0.304910, 0.142119, 0.550388, 0.710594
 134.333333, 0.369727, 0.173697, 0.625310, 0.818859
1
 0.250000, 2.000000, 0.000000, 7.000000, 10.000000
 110.000000, 0.884848, 0.487879, 0.687879, 1.230303
 137.666667, 0.411622, 0.159806, 0.532688, 0.711864
 138.000000, 0.461353, 0.159420, 0.507246, 0.690821
 134.000000, 0.435323, 0.144279, 0.557214, 0.718905
 128.000000, 0.244792, 0.169271, 0.596354, 0.783854
 131.000000, 0.328244, 0.139949, 0.648855, 0.806616
 125.666667, 0.342175, 0.167109, 0.795756, 0.981432
 125.000000, 0.277333, 0.141333, 0.648000, 0.808000
 98.666667, 0.206081, 0.256757, 0.952703, 1.226351
 116.333333, 0.200573, 0.160458, 0.670487, 0.848138
 132.666667, 0.434673, 0.155779, 0.678392, 0.851759
 126.333333, 0.274406, 0.166227, 0.646438, 0.831135
 126.333333, 0.213720, 0.197889, 0.664908, 0.881266
 117.000000, 0.159544, 0.165242, 0.649573, 0.851852
 129.333333, 0.376289, 0.237113, 0.698454, 0.953608
 135.666667, 0.248157, 0.154791, 0.567568, 0.739558
 119.666667, 0.309192, 0.197772, 0.662953, 0.880223
 127.000000, 0.217848, 0.139108, 0.729659, 0.887139
 141.666667, 0.571765, 0.164706, 0.578824, 0.767059
2
 0.250000, 0.000000, 0.000000, 8.000000, 21.000000
 110.000000, 0.878788, 0.384848, 0.815152, 1.224242
 120.666667, 0.212707, 0.179558, 0.541436, 0.737569
 121.000000, 0.258953, 0.157025, 0.658402, 0.831956
 130.000000, 0.328205, 0.133333, 0.700000, 0.851282
 128.666667, 0.248705, 0.142487, 0.556995, 0.717617
 132.666667, 0.427136, 0.148241, 0.640704, 0.806533
 126.000000, 0.243386, 0.222222, 0.714286, 0.957672
 125.333333, 0.260638, 0.202128, 0.816489, 1.039894
 111.333333, 0.275449, 0.395210, 0.685629, 1.098802
 128.000000, 0.307292, 0.143229, 0.723958, 0.890625
 129.333333, 0.432990, 0.139175, 0.690722, 0.847938
 128.333333, 0.324675, 0.218182, 0.607792, 0.846753
 131.333333, 0.218274, 0.139594, 0.601523, 0.758883
 133.666667, 0.381546, 0.177057, 0.633416, 0.830424
 138.000000, 0.417874, 0.130435, 0.623188, 0.772947
 144.000000, 0.460648, 0.150463, 0.578704, 0.747685
 125.333333, 0.268617, 0.194149, 0.651596, 0.864362
 130.666667, 0.229592, 0.142857, 0.571429, 0.732143
 137.000000, 0.540146, 0.194647, 0.593674, 0.807786
3
 0.250000, 0.000000, 0.000000, 0.000000, 6.000000
 110.333333, 1.060423, 0.450151, 0.903323, 1.377644
 129.333333, 0.378866, 0.193299, 0.543814, 0.757732
 125.333333, 0.263298, 0.156915, 0.763298, 0.938830
 128.666667, 0.463731, 0.168394, 0.709845, 0.896373
 165.333333, 0.895161, 0.139113, 0.530242, 0.701613
 134.333333, 0.377171, 0.126551, 0.640199, 0.786600
 125.333333, 0.305851, 0.231383, 0.712766, 0.965426
 126.666667, 0.347368, 0.152632, 0.718421, 0.889474
 94.333333, 0.226148, 0.402827, 0.872792, 1.293286
 116.666667, 0.188571, 0.180000, 0.782857, 0.982857
 133.000000, 0.398496, 0.172932, 0.636591, 0.832080
 132.666667, 0.550251, 0.193467, 0.597990, 0.809045
 126.666667, 0.142105, 0.155263, 0.639474, 0.813158
 122.333333, 0.351499, 0.158038, 0.602180, 0.779292
 130.000000, 0.348718, 0.187179, 0.733333, 0.938462
 136.000000, 0.453431, 0.151961, 0.585784, 0.759804
 123.666667, 0.172507, 0.183288, 0.641509, 0.840970
 130.000000, 0.292308, 0.151282, 0.735897, 0.907692
 132.333333, 0.282116, 0.181360, 0.604534, 0.806045
4
 0.250000, 1.000000, 0.000000, 0.000000, 6.000000
 112.000000, 0.863095, 0.407738, 0.723214, 1.187500
 124.666667, 0.342246, 0.152406, 0.588235, 0.759358
 128.333333, 0.324675, 0.140260, 0.872727, 1.031169
 130.666667, 0.403061, 0.145408, 0.691327, 0.852041
 140.666667, 0.421801, 0.165877, 0.568720, 0.751185
 139.666667, 0.463007, 0.155131, 0.615752, 0.789976
 130.000000, 0.320513, 0.223077, 0.725641, 0.969231
 125.666667, 0.289125, 0.156499, 0.830239, 1.005305
 114.000000, 0.321637, 0.403509, 0.643275, 1.064327
 123.666667, 0.237197, 0.167116, 0.714286, 0.900270
 141.666667, 0.470588, 0.136471, 0.694118, 0.849412
 135.666667, 0.356265, 0.169533, 0.719902, 0.916462
 137.333333, 0.441748, 0.133495, 0.621359, 0.793689
 147.000000, 0.931973, 0.192744, 0.648526, 0.861678
 137.000000, 0.396594, 0.148418, 0.618005, 0.785888
 145.666667, 0.560641, 0.141876, 0.627002, 0.787185
 131.666667, 0.400000, 0.124051, 0.637975, 0.782278
 131.666667, 0.263291, 0.136709, 0.572152, 0.729114
 138.000000, 0.642512, 0.260870, 0.625604, 0.905797
5
 0.250000, 0.000000, 0.000000, 1.000000, 18.000000
 111.333333, 0.589820, 0.338323, 0.715569, 1.077844
 136.666667, 0.392683, 0.312195, 0.529268, 0.863415
 125.666667, 0.299735, 0.145889, 0.533156, 0.697613
 128.333333, 0.329870, 0.142857, 0.735065, 0.898701
 142.333333, 0.416862, 0.152225, 0.536300, 0.707260
 127.333333, 0.337696, 0.141361, 0.620419, 0.780105
 120.666667, 0.201657, 0.237569, 0.734807, 0.994475
 122.000000, 0.322404, 0.191257, 0.644809, 0.855191
 104.666667, 0.238854, 0.187898, 1.350318, 1.557325
 130.333333, 0.375959, 0.120205, 0.680307, 0.818414
 141.666667, 0.522353, 0.164706, 0.684706, 0.870588
 132.666667, 0.336683, 0.178392, 0.766332, 0.962312
 136.000000, 0.294118, 0.120098, 0.639706, 0.813725
 122.333333, 0.302452, 0.201635, 0.637602, 0.863760
 130.000000, 0.492308, 0.217949, 0.728205, 0.964103
 131.000000, 0.206107, 0.145038, 0.638677, 0.801527
 122.000000, 0.155738, 0.158470, 0.680328, 0.857923
 134.666667, 0.376238, 0.136139, 0.695545, 0.868812
 135.666667, 0.299754, 0.194103, 0.628993, 0.842752
6
 0.250000, 0.000000, 0.000000, 1.000000, 18.000000
 109.333333, 0.612805, 0.408537, 0.847561, 1.277439
 139.333333, 0.394737, 0.160287, 0.545455, 0.724880
 133.000000, 0.333333, 0.165414, 0.799499, 0.984962
 145.000000, 0.696552, 0.273563, 0.659770, 0.949425
 148.000000, 0.590090, 0.159910, 0.558559, 0.736486
 127.000000, 0.257218, 0.167979, 0.616798, 0.818898
 125.000000, 0.429333, 0.178667, 0.768000, 0.973333
 122.666667, 0.230978, 0.187500, 0.913043, 1.119565
 111.666667, 0.438806, 0.134328, 0.671642, 0.847761
 127.000000, 0.291339, 0.131234, 0.708661, 0.860892
 139.333333, 0.495215, 0.153110, 0.655502, 0.830144
 140.000000, 0.409524, 0.176190, 0.738095, 0.933333
 129.666667, 0.285347, 0.164524, 0.624679, 0.807198
 121.000000, 0.179063, 0.157025, 0.674931, 0.851240
 128.666667, 0.277202, 0.269430, 0.639896, 0.927461
 133.666667, 0.281796, 0.172070, 0.573566, 0.783042
 125.333333, 0.332447, 0.188830, 0.654255, 0.882979
 133.333333, 0.360000, 0.140000, 0.757500, 0.915000
 136.666667, 0.373171, 0.163415, 0.585366, 0.765854
7
 0.250000, 0.000000, 0.000000, 0.000000, 18.000000
 111.666667, 0.719403, 0.304478, 0.683582, 1.014925
 136.666667, 0.341463, 0.197561, 0.553659, 0.770732
 126.666667, 0.410526, 0.155263, 0.500000, 0.692105
 127.666667, 0.417755, 0.187990, 0.694517, 0.900783
 138.333333, 0.443373, 0.190361, 0.578313, 0.787952
 130.666667, 0.367347, 0.137755, 0.650510, 0.808673
 126.666667, 0.389474, 0.247368, 0.665789, 0.931579
 125.333333, 0.250000, 0.231383, 1.125000, 1.372340
 95.333333, 0.118881, 0.297203, 0.748252, 1.062937
 118.666667, 0.205056, 0.165730, 0.668539, 0.851124
 133.333333, 0.427500, 0.155000, 0.622500, 0.797500
 132.333333, 0.413098, 0.158690, 0.599496, 0.778338
 130.666667, 0.272959, 0.181122, 0.619898, 0.821429
 131.333333, 0.390863, 0.162437, 0.619289, 0.802030
 133.333333, 0.400000, 0.152500, 0.640000, 0.830000
 139.333333, 0.478469, 0.160287, 0.636364, 0.813397
 122.666667, 0.211957, 0.144022, 0.668478, 0.831522
 123.000000, 0.173442, 0.159892, 0.588076, 0.766938
 131.333333, 0.347716, 0.200508, 0.611675, 0.847716
8
 0.250000, 0.000000, 0.000000, 0.000000, 12.000000
 106.333333, 0.586207, 0.347962, 0.724138, 1.094044
 134.000000, 0.383085, 0.218905, 0.671642, 0.907960
 124.666667, 0.326203, 0.149733, 0.556150, 0.759358
 133.666667, 0.389027, 0.177057, 0.543641, 0.738155
 155.333333, 0.635193, 0.150215, 0.530043, 0.703863
 133.666667, 0.421446, 0.229426, 0.658354, 0.925187
 120.666667, 0.198895, 0.168508, 0.635359, 0.820442
 121.000000, 0.217631, 0.159780, 0.928375, 1.107438
 104.666667, 0.378981, 0.541401, 0.668790, 1.229299
 130.333333, 0.524297, 0.166240, 0.705882, 0.887468
 135.666667, 0.380835, 0.142506, 0.611794, 0.773956
 122.666667, 0.282609, 0.160326, 0.633152, 0.812500
 134.000000, 0.276119, 0.144279, 0.587065, 0.748756
 122.000000, 0.243169, 0.147541, 0.636612, 0.803279
 131.000000, 0.259542, 0.155216, 0.615776, 0.791349
 134.333333, 0.272953, 0.153846, 0.600496, 0.774194
 121.666667, 0.194521, 0.164384, 0.682192, 0.863014
 127.000000, 0.409449, 0.152231, 0.585302, 0.755906
 131.333333, 0.286802, 0.164975, 0.601523, 0.789340
9
 0.250000, 0.000000, 0.000000, 0.000000, 17.000000
 112.666667, 0.775148, 0.346154, 0.766272, 1.133136
 125.000000, 0.362667, 0.189333, 0.512000, 0.720000
 127.333333, 0.369110, 0.298429, 0.552356, 0.869110
 131.000000, 0.381679, 0.132316, 0.697201, 0.847328
 133.000000, 0.238095, 0.142857, 0.631579, 0.791980
 132.333333, 0.324937, 0.133501, 0.627204, 0.783375
 127.666667, 0.227154, 0.161880, 0.608355, 0.793734
 123.666667, 0.285714, 0.169811, 0.919137, 1.107817
 94.333333, 0.127208, 0.466431, 1.102473, 1.586572
 121.333333, 0.250000, 0.156593, 0.700549, 0.892857
 135.666667, 0.405405, 0.157248, 0.724816, 0.899263
 131.333333, 0.388325, 0.203046, 0.604061, 0.827411
 134.000000, 0.228856, 0.189055, 0.604478, 0.813433
 135.333333, 0.559113, 0.174877, 0.608374, 0.802956
 136.333333, 0.408313, 0.178484, 0.611247, 0.811736
 152.000000, 0.497807, 0.144737, 0.605263, 0.769737
 128.333333, 0.371429, 0.140260, 0.664935, 0.823377
 127.666667, 0.281984, 0.143603, 0.741514, 0.903394
 129.333333, 0.301546, 0.175258, 0.613402, 0.809278
10
 0.250000, 0.000000, 0.000000, 0.000000, 17.000000
 111.333333, 0.808383, 0.374251, 0.802395, 1.194611
 130.333333, 0.283887, 0.163683, 0.588235, 0.769821
 127.333333, 0.311518, 0.217277, 0.620419, 0.856021
 132.666667, 0.376884, 0.150754, 0.550251, 0.718593
 137.666667, 0.317191, 0.159806, 0.549637, 0.743341
 127.333333, 0.269634, 0.162304, 0.649215, 0.827225
 123.666667, 0.237197, 0.196765, 0.789757, 1.005391
 127.666667, 0.383812, 0.174935, 0.851175, 1.044386
 115.333333, 0.459538, 0.549133, 0.841040, 1.410405
 133.000000, 0.671679, 0.135338, 0.701754, 0.857143
 136.000000, 0.639706, 0.147059, 0.767157, 0.933824
 133.000000, 0.448622, 0.142857, 0.729323, 0.892231
 127.666667, 0.190601, 0.174935, 0.634465, 0.827676
 125.333333, 0.348404, 0.170213, 0.688830, 0.877660
 136.000000, 0.355392, 0.174020, 0.666667, 0.875000
 132.666667, 0.218593, 0.148241, 0.560302, 0.728643
 128.333333, 0.272727, 0.176623, 0.625974, 0.818182
 127.000000, 0.178478, 0.141732, 0.732283, 0.892388
 133.666667, 0.408978, 0.174564, 0.573566, 0.770574
11
 0.250000, 0.000000, 0.000000, 0.000000, 16.000000
 109.333333, 0.469512, 0.353659, 0.810976, 1.189024
 130.000000, 0.364103, 0.217949, 0.558974, 0.792308
 127.000000, 0.272966, 0.146982, 0.540682, 0.706037
 136.333333, 0.787286, 0.202934, 0.594132, 0.831296
 131.333333, 0.228426, 0.154822, 0.560914, 0.751269
 140.000000, 0.495238, 0.123810, 0.604762, 0.750000
 124.333333, 0.268097, 0.198391, 0.769437, 0.989276
 124.666667, 0.278075, 0.179144, 0.965241, 1.163102
 95.666667, 0.135889, 0.177700, 0.947735, 1.142857
 115.000000, 0.162319, 0.179710, 0.756522, 0.950725
 137.666667, 0.513317, 0.147700, 0.619855, 0.786925
 134.666667, 0.440594, 0.165842, 0.715347, 0.900990
 131.333333, 0.289340, 0.126904, 0.593909, 0.738579
 127.666667, 0.428198, 0.159269, 0.618799, 0.793734
 135.666667, 0.353808, 0.260442, 0.685504, 0.965602
 142.000000, 0.476526, 0.159624, 0.579812, 0.774648
 136.000000, 0.379902, 0.147059, 0.612745, 0.779412
 129.666667, 0.359897, 0.143959, 0.735219, 0.899743
 131.666667, 0.237975, 0.177215, 0.597468, 0.794937
12
 0.250000, 0.000000, 0.000000, 0.000000, 16.000000
 113.666667, 0.609971, 0.363636, 0.639296, 1.026393
 139.000000, 0.422062, 0.131894, 0.515588, 0.669065
 122.000000, 0.248634, 0.161202, 0.565574, 0.765027
 130.000000, 0.405128, 0.192308, 0.666667, 0.879487
 134.000000, 0.288557, 0.161692, 0.559701, 0.738806
 128.000000, 0.296875, 0.166667, 0.630208, 0.820313
 125.666667, 0.283820, 0.151194, 0.787798, 0.957560
 125.666667, 0.259947, 0.214854, 0.870027, 1.103448
 115.333333, 0.395954, 0.257225, 0.864162, 1.138728
 131.666667, 0.448101, 0.141772, 0.635443, 0.797468
 133.333333, 0.390000, 0.155000, 0.680000, 0.855000
 127.333333, 0.384817, 0.193717, 0.636126, 0.845550
 136.333333, 0.337408, 0.105134, 0.621027, 0.748166
 133.666667, 0.436409, 0.147132, 0.613466, 0.783042
 129.666667, 0.316195, 0.151671, 0.745501, 0.915167
 139.666667, 0.453461, 0.171838, 0.625298, 0.816229
 127.666667, 0.451697, 0.169713, 0.655352, 0.843342
 125.666667, 0.291777, 0.143236, 0.594164, 0.758621
 135.000000, 0.491358, 0.172840, 0.597531, 0.790123
13
 0.250000, 0.000000, 0.000000, 0.000000, 16.000000
 112.333333, 0.818991, 0.412463, 0.688427, 1.124629
 127.000000, 0.244094, 0.154856, 0.587927, 0.774278
 121.666667, 0.282192, 0.309589, 0.687671, 1.035616
 132.666667, 0.655779, 0.298995, 0.567839, 0.884422
 140.333333, 0.372922, 0.168646, 0.548694, 0.738717
 126.000000, 0.386243, 0.235450, 0.634921, 0.891534
 127.000000, 0.270341, 0.160105, 0.677165, 0.858268
 123.666667, 0.207547, 0.159030, 0.948787, 1.129380
 106.333333, 0.282132, 0.347962, 0.786834, 1.156740
 124.000000, 0.212366, 0.161290, 0.723118, 0.905914
 137.333333, 0.597087, 0.157767, 0.679612, 0.856796
 126.666667, 0.292105, 0.178947, 0.584211, 0.781579
 140.000000, 0.361905, 0.147619, 0.580952, 0.750000
 136.333333, 0.466993, 0.222494, 0.657702, 0.899756
 131.666667, 0.293671, 0.172152, 0.635443, 0.822785
 132.000000, 0.229798, 0.186869, 0.601010, 0.808081
 126.333333, 0.240106, 0.174142, 0.686016, 0.875989
 128.666667, 0.269430, 0.129534, 0.588083, 0.753886
 139.333333, 0.433014, 0.167464, 0.614833, 0.803828
14
 0.250000, 0.000000, 0.000000, 0.000000, 15.000000
 111.666667, 0.552239, 0.388060, 0.841791, 1.250746
 125.333333, 0.247340, 0.329787, 0.755319, 1.103723
 128.666667, 0.430052, 0.150259, 0.844560, 1.012953
 133.666667, 0.401496, 0.147132, 0.521197, 0.683292
 148.333333, 0.413483, 0.150562, 0.548315, 0.719101
 125.666667, 0.228117, 0.246684, 0.625995, 0.888594
 124.666667, 0.288770, 0.160428, 0.663102, 0.842246
 125.333333, 0.311170, 0.159574, 0.906915, 1.087766
 106.000000, 0.421384, 0.443396, 0.858491, 1.320755
 126.666667, 0.339474, 0.128947, 0.639474, 0.789474
 134.666667, 0.467822, 0.150990, 0.707921, 0.881188
 130.000000, 0.305128, 0.146154, 0.741026, 0.905128
 129.333333, 0.219072, 0.185567, 0.649485, 0.853093
 123.333333, 0.313514, 0.194595, 0.629730, 0.843243
 126.333333, 0.226913, 0.218997, 0.709763, 0.947230
 131.000000, 0.221374, 0.157761, 0.631043, 0.806616
 124.666667, 0.299465, 0.149733, 0.697861, 0.863636
 129.000000, 0.330749, 0.155039, 0.728682, 0.904393
 134.666667, 0.346535, 0.168317, 0.589109, 0.777228
15
 0.250000, 0.000000, 0.000000, 0.000000, 15.000000
 108.000000, 0.518519, 0.320988, 0.916667, 1.259259
 137.333333, 0.461165, 0.155340, 0.538835, 0.720874
 125.000000, 0.226667, 0.157333, 0.621333, 0.797333
 122.666667, 0.288043, 0.160326, 0.763587, 0.940217
 137.333333, 0.281553, 0.150485, 0.541262, 0.708738
 136.000000, 0.401961, 0.139706, 0.617647, 0.776961
 123.333333, 0.251351, 0.162162, 0.705405, 0.883784
 128.000000, 0.299479, 0.135417, 0.789063, 0.942708
 99.666667, 0.210702, 0.183946, 0.732441, 0.933110
 121.666667, 0.243836, 0.194521, 0.731507, 0.945205
 137.333333, 0.385922, 0.145631, 0.638350, 0.803398
 122.333333, 0.299728, 0.158038, 0.768392, 0.948229
 132.333333, 0.244332, 0.204030, 0.654912, 0.876574
 128.000000, 0.427083, 0.156250, 0.604167, 0.778646
 136.000000, 0.352941, 0.147059, 0.607843, 0.772059
 146.000000, 0.424658, 0.157534, 0.595890, 0.771689
 130.333333, 0.483376, 0.163683, 0.657289, 0.838875
 130.000000, 0.528205, 0.141026, 0.566667, 0.728205
 131.000000, 0.353690, 0.180662, 0.623410, 0.821883
16
 0.250000, 0.000000, 0.000000, 0.000000, 1.000000
 105.333333, 0.424051, 0.310127, 0.851266, 1.183544
 140.000000, 0.421429, 0.142857, 0.528571, 0.704762
 129.333333, 0.358247, 0.149485, 0.518041, 0.682990
 138.333333, 0.416867, 0.156627, 0.518072, 0.693976
 155.666667, 0.687366, 0.143469, 0.546039, 0.710921
 131.666667, 0.336709, 0.172152, 0.635443, 0.822785
 127.000000, 0.293963, 0.152231, 0.645669, 0.818898
 126.000000, 0.412698, 0.208995, 0.894180, 1.121693
 96.333333, 0.228374, 0.176471, 0.743945, 0.941176
 125.333333, 0.484043, 0.164894, 0.699468, 0.880319
 137.000000, 0.406326, 0.158151, 0.661800, 0.836983
 130.333333, 0.350384, 0.176471, 0.616368, 0.810742
 139.000000, 0.436451, 0.129496, 0.709832, 0.860911
 135.666667, 0.601966, 0.147420, 0.604423, 0.771499
 135.666667, 0.479115, 0.248157, 0.646192, 0.911548
 133.333333, 0.270000, 0.150000, 0.627500, 0.795000
 119.333333, 0.178771, 0.192737, 0.650838, 0.863128
 127.666667, 0.279373, 0.151436, 0.741514, 0.911227
 125.000000, 0.165333, 0.170667, 0.594667, 0.786667
17
 0.250000, 1.000000, 0.000000, 0.000000, 10.000000
 106.333333, 0.347962, 0.394984, 0.686520, 1.128527
 139.666667, 0.498807, 0.155131, 0.539379, 0.713604
 131.333333, 0.261421, 0.139594, 0.624365, 0.786802
 133.333333, 0.425000, 0.172500, 0.702500, 0.892500
 133.333333, 0.265000, 0.140000, 0.552500, 0.712500
 135.000000, 0.335802, 0.148148, 0.641975, 0.809877
 124.333333, 0.262735, 0.171582, 0.659517, 0.849866
 127.333333, 0.363874, 0.136126, 0.913613, 1.073298
 106.333333, 0.404389, 0.463950, 0.670846, 1.156740
 124.000000, 0.258065, 0.150538, 0.776882, 0.948925
 138.666667, 0.471154, 0.165865, 0.653846, 0.836538
 119.000000, 0.232493, 0.173669, 0.644258, 0.857143
 128.000000, 0.260417, 0.164063, 0.614583, 0.815104
 124.333333, 0.321716, 0.150134, 0.683646, 0.852547
 129.333333, 0.231959, 0.157216, 0.641753, 0.814433
 137.333333, 0.359223, 0.143204, 0.621359, 0.783981
 133.666667, 0.448878, 0.179551, 0.630923, 0.832918
 126.333333, 0.229551, 0.142480, 0.564644, 0.725594
 131.000000, 0.284987, 0.175573, 0.620865, 0.816794
18
 0.250000, 1.000000, 0.000000, 0.000000, 10.000000
 135.000000, 2.014815, 0.562963, 0.790123, 1.372840
 125.000000, 0.258667, 0.365333, 0.533333, 0.917333
 137.000000, 0.537713, 0.126521, 0.523114, 0.671533
 131.000000, 0.376590, 0.167939, 0.722646, 0.913486
 139.333333, 0.263158, 0.169856, 0.555024, 0.741627
 132.666667, 0.266332, 0.135678, 0.570352, 0.723618
 124.666667, 0.192513, 0.155080, 0.614973, 0.788770
 126.666667, 0.434211, 0.160526, 0.673684, 0.852632
 100.666667, 0.178808, 0.397351, 0.672185, 1.086093
 127.666667, 0.412533, 0.130548, 0.736292, 0.887728
 130.000000, 0.317949, 0.164103, 0.715385, 0.897436
 129.000000, 0.279070, 0.178295, 0.720930, 0.917313
 129.333333, 0.273196, 0.159794, 0.626289, 0.804124
 117.000000, 0.168091, 0.173789, 0.706553, 0.900285
 124.000000, 0.319892, 0.166667, 0.663978, 0.849462
 150.000000, 0.504444, 0.146667, 0.555556, 0.724444
 130.333333, 0.345269, 0.140665, 0.675192, 0.836317
 133.333333, 0.390000, 0.137500, 0.745000, 0.902500
 136.333333, 0.217604, 0.146699, 0.586797, 0.770171
19
 0.250000, 0.000000, 0.000000, 0.000000, 10.000000
 112.000000, 0.601190, 0.375000, 0.767857, 1.163690
 125.000000, 0.253333, 0.173333, 0.549333, 0.738667
 123.666667, 0.245283, 0.150943, 0.568733, 0.735849
 130.333333, 0.401535, 0.163683, 0.565217, 0.744246
 145.333333, 0.513761, 0.149083, 0.518349, 0.685780
 124.666667, 0.342246, 0.181818, 0.601604, 0.815508
 128.666667, 0.341969, 0.181347, 0.670984, 0.873057
 123.000000, 0.252033, 0.157182, 0.840108, 1.016260
 107.000000, 0.177570, 0.174455, 0.676012, 0.872274
 125.000000, 0.274667, 0.149333, 0.690667, 0.858667
 129.333333, 0.381443, 0.172680, 0.708763, 0.899485
 132.333333, 0.337531, 0.125945, 0.602015, 0.745592
 134.000000, 0.340796, 0.169154, 0.684080, 0.905473
 127.333333, 0.358639, 0.201571, 0.685864, 0.908377
 133.666667, 0.491272, 0.172070, 0.640898, 0.865337
 141.333333, 0.391509, 0.174528, 0.601415, 0.834906
 127.333333, 0.272251, 0.154450, 0.643979, 0.819372
 137.333333, 0.451456, 0.131068, 0.699029, 0.851942
 142.333333, 0.552693, 0.203747, 0.604215, 0.843091
20
 0.250000, 5.000000, 1.000000, 0.000000, 1.000000
 113.000000, 0.581121, 0.442478, 0.890855, 1.353982
 140.333333, 0.484561, 0.128266, 0.522565, 0.667458
 136.666667, 0.478049, 0.141463, 0.509756, 0.670732
 137.333333, 0.516990, 0.116505, 0.536408, 0.672330
 133.000000, 0.340852, 0.140351, 0.561404, 0.719298
 139.666667, 0.479714, 0.140811, 0.608592, 0.782816
 127.666667, 0.352480, 0.253264, 0.691906, 0.960836
 127.333333, 0.400524, 0.154450, 0.761780, 0.934555
 97.000000, 0.213058, 0.336770, 1.254296, 1.608247
 117.000000, 0.433048, 0.196581, 0.732194, 0.965812
 132.000000, 0.343434, 0.199495, 0.727273, 0.946970
 127.333333, 0.274869, 0.141361, 0.602094, 0.761780
 131.000000, 0.262087, 0.127226, 0.648855, 0.796438
 125.666667, 0.387268, 0.156499, 0.684350, 0.859416
 138.000000, 0.415459, 0.161836, 0.763285, 0.944444
 135.333333, 0.406404, 0.152709, 0.613300, 0.783251
 126.333333, 0.337731, 0.166227, 0.662269, 0.849604
 124.000000, 0.169355, 0.147849, 0.564516, 0.731183
 131.666667, 0.364557, 0.187342, 0.602532, 0.810127
21
 0.250000, 4.000000, 0.000000, 0.000000, 0.000000
 102.000000, 0.437908, 0.388889, 0.882353, 1.313725
 125.666667, 0.151194, 0.167109, 0.506631, 0.692308
 123.333333, 0.229730, 0.170270, 0.545946, 0.735135
 128.666667, 0.383420, 0.215026, 0.702073, 0.935233
 128.333333, 0.223377, 0.163636, 0.605195, 0.789610
 133.333333, 0.397500, 0.130000, 0.620000, 0.782500
 125.000000, 0.277333, 0.160000, 0.648000, 0.832000
 119.666667, 0.203343, 0.167131, 0.665738, 0.852368
 103.666667, 0.315113, 0.176849, 0.794212, 0.990354
 127.666667, 0.483029, 0.172324, 0.757180, 0.950392
 135.000000, 0.392593, 0.120988, 0.679012, 0.819753
 122.000000, 0.245902, 0.142077, 0.642077, 0.803279
 131.000000, 0.226463, 0.175573, 0.605598, 0.798982
 122.000000, 0.374317, 0.174863, 0.655738, 0.868852
 132.000000, 0.366162, 0.154040, 0.641414, 0.810606
 139.666667, 0.386635, 0.152745, 0.608592, 0.780430
 133.666667, 0.458853, 0.154613, 0.653367, 0.827930
 130.333333, 0.304348, 0.156010, 0.572890, 0.767263
 135.000000, 0.392593, 0.182716, 0.602469, 0.804938
22
 0.250000, 0.000000, 0.000000, 15.000000, 16.000000
 116.666667, 0.985714, 0.431429, 0.771429, 1.225714
 134.333333, 0.409429, 0.215881, 0.560794, 0.796526
 129.000000, 0.395349, 0.155039, 0.692506, 0.886305
 134.333333, 0.513648, 0.146402, 0.526055, 0.704715
 137.333333, 0.334951, 0.157767, 0.565534, 0.742718
 135.000000, 0.377778, 0.182716, 0.624691, 0.827160
 121.666667, 0.257534, 0.243836, 0.687671, 0.950685
 122.000000, 0.289617, 0.139344, 0.803279, 0.964481
 97.333333, 0.198630, 0.174658, 0.756849, 0.948630
 119.000000, 0.246499, 0.154062, 0.736695, 0.910364
 137.000000, 0.501217, 0.180049, 0.710462, 0.909976
 131.333333, 0.431472, 0.152284, 0.756345, 0.928934
 143.000000, 0.347319, 0.135198, 0.606061, 0.759907
 140.666667, 0.533175, 0.165877, 0.592417, 0.779621
 133.000000, 0.418546, 0.250627, 0.659148, 0.929825
 141.666667, 0.421176, 0.169412, 0.592941, 0.783529
 129.333333, 0.376289, 0.159794, 0.628866, 0.809278
 132.000000, 0.356061, 0.141414, 0.727273, 0.886364
 134.000000, 0.296020, 0.159204, 0.599502, 0.778607
23
 0.250000, 0.000000, 0.000000, 16.000000, 16.000000
 116.000000, 0.922414, 0.482759, 0.795977, 1.301724
 131.666667, 0.387342, 0.146835, 0.513924, 0.675949
 121.666667, 0.279452, 0.276712, 0.558904, 0.854795
 136.000000, 0.443627, 0.183824, 0.654412, 0.855392
 146.333333, 0.439636, 0.136674, 0.576310, 0.733485
 131.333333, 0.314721, 0.152284, 0.611675, 0.784264
 129.000000, 0.343669, 0.165375, 0.684755, 0.868217
 126.666667, 0.323684, 0.176316, 0.634211, 1.089474
 103.333333, 0.125806, 0.270968, 0.812903, 1.103226
 121.000000, 0.360882, 0.179063, 0.735537, 0.936639
 138.666667, 0.468750, 0.151442, 0.661058, 0.831731
 140.000000, 0.411905, 0.169048, 0.600000, 0.788095
 130.666667, 0.232143, 0.196429, 0.637755, 0.854592
 119.000000, 0.140056, 0.165266, 0.627451, 0.829132
 130.666667, 0.357143, 0.278061, 0.625000, 0.918367
 140.000000, 0.359524, 0.152381, 0.585714, 0.761905
 129.333333, 0.368557, 0.157216, 0.675258, 0.850515
 128.666667, 0.220207, 0.147668, 0.575130, 0.740933
 138.333333, 0.571084, 0.243373, 0.580723, 0.845783
24
 0.250000, 0.000000, 0.000000, 0.000000, 16.000000
 125.000000, 1.258667, 0.528000, 0.669333, 1.240000
 138.333333, 0.424096, 0.168675, 0.609639, 0.797590
 126.000000, 0.275132, 0.224868, 0.764550, 1.026455
 129.000000, 0.312661, 0.144703, 0.524548, 0.692506
 145.666667, 0.574371, 0.173913, 0.528604, 0.723112
 128.333333, 0.324675, 0.148052, 0.667532, 0.836364
 123.333333, 0.329730, 0.156757, 0.667568, 0.845946
 116.666667, 0.134286, 0.157143, 0.828571, 1.008571
 94.333333, 0.272085, 0.293286, 1.024735, 1.335689
 115.666667, 0.233429, 0.181556, 0.769452, 0.968300
 136.666667, 0.656098, 0.190244, 0.734146, 0.941463
 124.666667, 0.264706, 0.157754, 0.764706, 0.938503
 130.333333, 0.278772, 0.179028, 0.644501, 0.843990
 121.666667, 0.306849, 0.235616, 0.682192, 0.936986
 127.000000, 0.207349, 0.170604, 0.624672, 0.813648
 143.000000, 0.452214, 0.151515, 0.594406, 0.808858
 127.666667, 0.305483, 0.146214, 0.665796, 0.832898
 128.000000, 0.333333, 0.135417, 0.750000, 0.903646
 143.000000, 0.512821, 0.181818, 0.610723, 0.811189
25
 0.250000, 0.000000, 0.000000, 0.000000, 14.000000
 114.333333, 0.635569, 0.387755, 0.941691, 1.352770
 141.000000, 0.557920, 0.304965, 0.638298, 0.959811
 128.333333, 0.454545, 0.150649, 0.542857, 0.709091
 129.333333, 0.438144, 0.190722, 0.574742, 0.786082
 147.000000, 0.473923, 0.131519, 0.548753, 0.698413
 127.000000, 0.322835, 0.167979, 0.656168, 0.839895
 125.333333, 0.255319, 0.148936, 0.664894, 0.832447
 124.000000, 0.258065, 0.153226, 0.903226, 1.075269
 98.333333, 0.108475, 0.172881, 0.993220, 1.183051
 117.000000, 0.193732, 0.159544, 0.743590, 0.920228
 133.000000, 0.426065, 0.130326, 0.684211, 0.832080
 122.000000, 0.306011, 0.191257, 0.781421, 0.989071
 134.666667, 0.294554, 0.150990, 0.641089, 0.811881
 122.666667, 0.380435, 0.154891, 0.603261, 0.796196
 132.333333, 0.342569, 0.236776, 0.682620, 0.934509
 135.333333, 0.251232, 0.147783, 0.581281, 0.748768
 121.666667, 0.268493, 0.186301, 0.665753, 0.871233
 125.333333, 0.164894, 0.159574, 0.728723, 0.906915
 127.000000, 0.288714, 0.160105, 0.603675, 0.784777
26
 0.250000, 0.000000, 0.000000, 0.000000, 2.000000
 114.333333, 0.807580, 0.379009, 0.851312, 1.256560
 130.000000, 0.243590, 0.146154, 0.546154, 0.710256
 128.333333, 0.272727, 0.150649, 0.568831, 0.737662
 133.333333, 0.475000, 0.162500, 0.610000, 0.787500
 129.333333, 0.152062, 0.167526, 0.556701, 0.742268
 123.666667, 0.226415, 0.145553, 0.611860, 0.773585
 127.000000, 0.246719, 0.233596, 0.700787, 0.952756
 124.000000, 0.274194, 0.169355, 0.787634, 0.989247
 101.666667, 0.229508, 0.318033, 0.783607, 1.118033
 123.000000, 0.246612, 0.173442, 0.745257, 0.937669
 157.333333, 0.709746, 0.150424, 0.555085, 0.747881
 119.666667, 0.181058, 0.186630, 0.768802, 0.974930
 141.000000, 0.359338, 0.163121, 0.614657, 0.796690
 129.000000, 0.439276, 0.149871, 0.684755, 0.860465
 141.666667, 0.534118, 0.164706, 0.635294, 0.832941
 143.666667, 0.348028, 0.150812, 0.563805, 0.735499
 127.000000, 0.312336, 0.160105, 0.677165, 0.858268
 126.000000, 0.222222, 0.137566, 0.738095, 0.894180
 133.333333, 0.350000, 0.175000, 0.585000, 0.777500
27
 0.250000, 1.000000, 0.000000, 0.000000, 1.000000
 118.666667, 0.884831, 0.398876, 0.707865, 1.151685
 121.333333, 0.244505, 0.175824, 0.782967, 0.978022
 127.333333, 0.465969, 0.230366, 0.960733, 1.209424
 126.666667, 0.450000, 0.165789, 0.747368, 0.947368
 137.000000, 0.357664, 0.138686, 0.562044, 0.720195
 126.000000, 0.230159, 0.166667, 0.621693, 0.806878
 125.333333, 0.260638, 0.223404, 0.707447, 0.949468
 126.000000, 0.462963, 0.190476, 1.007937, 1.216931
 113.666667, 0.278592, 0.533724, 0.832845, 1.384164
 126.666667, 0.342105, 0.147368, 0.750000, 0.915789
 142.333333, 0.629977, 0.187354, 0.637002, 0.845433
 133.000000, 0.506266, 0.175439, 0.759398, 0.957393
 130.666667, 0.193878, 0.168367, 0.604592, 0.790816
 137.666667, 0.469734, 0.150121, 0.612591, 0.799031
 139.000000, 0.453237, 0.148681, 0.635492, 0.803357
 147.666667, 0.374718, 0.130926, 0.580135, 0.733634
 133.333333, 0.375000, 0.140000, 0.612500, 0.772500
 130.333333, 0.258312, 0.132992, 0.580563, 0.734015
 128.666667, 0.266839, 0.186528, 0.619171, 0.826425
28
 0.250000, 1.000000, 0.000000, 0.000000, 1.000000
 113.000000, 0.551622, 0.324484, 0.684366, 1.058997
 136.666667, 0.492683, 0.307317, 0.553659, 0.880488
 130.666667, 0.354592, 0.153061, 0.558673, 0.750000
 129.000000, 0.341085, 0.139535, 0.720930, 0.881137
 144.000000, 0.340278, 0.166667, 0.548611, 0.733796
 131.000000, 0.310433, 0.155216, 0.608142, 0.783715
 125.333333, 0.196809, 0.138298, 0.656915, 0.816489
 123.666667, 0.264151, 0.159030, 0.830189, 1.010782
 99.333333, 0.127517, 0.201342, 0.976510, 1.194631
 121.333333, 0.412088, 0.208791, 0.708791, 0.936813
 135.333333, 0.418719, 0.182266, 0.667488, 0.871921
 132.333333, 0.481108, 0.151134, 0.765743, 0.937028
 134.000000, 0.291045, 0.149254, 0.654229, 0.823383
 130.333333, 0.450128, 0.179028, 0.634271, 0.833760
 135.000000, 0.444444, 0.140741, 0.634568, 0.795062
 139.000000, 0.311751, 0.167866, 0.616307, 0.803357
 124.000000, 0.282258, 0.166667, 0.653226, 0.838710
 127.000000, 0.188976, 0.157480, 0.590551, 0.766404
 134.666667, 0.435644, 0.175743, 0.613861, 0.806931
29
 0.250000, 2.000000, 0.000000, 1.000000, 1.000000
 115.666667, 1.354467, 0.414986, 0.821326, 1.259366
 134.333333, 0.406948, 0.158809, 0.518610, 0.697270
 130.000000, 0.266667, 0.143590, 0.530769, 0.692308
 135.666667, 0.373464, 0.154791, 0.692875, 0.864865
 132.333333, 0.329975, 0.138539, 0.584383, 0.738035
 131.333333, 0.385787, 0.205584, 0.624365, 0.847716
 126.666667, 0.381579, 0.186842, 0.639474, 0.844737
 123.333333, 0.345946, 0.145946, 0.764865, 0.927027
 94.333333, 0.120141, 0.275618, 0.667845, 0.964664
 122.000000, 0.275956, 0.174863, 0.770492, 0.980874
 139.000000, 0.419664, 0.143885, 0.661871, 0.822542
 133.666667, 0.473815, 0.221945, 0.645885, 0.887781
 136.000000, 0.286765, 0.129902, 0.622549, 0.772059
 125.666667, 0.214854, 0.193634, 0.639257, 0.854111
 137.333333, 0.480583, 0.167476, 0.718447, 0.905340
 134.000000, 0.266169, 0.159204, 0.587065, 0.763682
 124.000000, 0.198925, 0.172043, 0.696237, 0.887097
 124.666667, 0.181818, 0.141711, 0.735294, 0.898396
 129.000000, 0.219638, 0.170543, 0.594315, 0.785530
30
 0.250000, 0.000000, 0.000000, 1.000000, 2.000000
 114.333333, 0.883382, 0.419825, 0.720117, 1.183673
 137.666667, 0.319613, 0.171913, 0.525424, 0.716707
 126.000000, 0.357143, 0.150794, 0.534392, 0.706349
 128.333333, 0.353247, 0.202597, 0.561039, 0.781818
 142.666667, 0.397196, 0.144860, 0.535047, 0.698598
 129.666667, 0.323907, 0.151671, 0.642674, 0.812339
 123.333333, 0.229730, 0.170270, 0.697297, 0.889189
 121.666667, 0.232877, 0.156164, 0.767123, 0.947945
 96.333333, 0.162630, 0.193772, 0.768166, 0.982699
 119.000000, 0.240896, 0.187675, 0.739496, 0.946779
 134.000000, 0.425373, 0.146766, 0.659204, 0.843284
 124.000000, 0.311828, 0.188172, 0.790323, 0.997312
 140.000000, 0.461905, 0.126190, 0.611905, 0.757143
 123.000000, 0.262873, 0.140921, 0.604336, 0.764228
 129.333333, 0.260309, 0.213918, 0.724227, 0.956186
 135.666667, 0.319410, 0.149877, 0.641278, 0.810811
 126.000000, 0.275132, 0.187831, 0.637566, 0.843915
 134.333333, 0.379653, 0.131514, 0.578164, 0.729529
 131.666667, 0.318987, 0.172152, 0.602532, 0.794937
31
 0.250000, 1.000000, 0.000000, 1.000000, 1.000000
 131.666667, 1.612658, 0.554430, 0.807595, 1.384810
 127.000000, 0.409449, 0.207349, 0.648294, 0.874016
 125.333333, 0.316489, 0.188830, 0.694149, 0.901596
 135.000000, 0.365432, 0.175309, 0.511111, 0.706173
 138.333333, 0.424096, 0.166265, 0.556627, 0.739759
 135.000000, 0.382716, 0.150617, 0.659259, 0.849383
 126.666667, 0.268421, 0.252632, 0.681579, 0.952632
 119.333333, 0.178771, 0.192737, 0.927374, 1.136872
 115.000000, 0.313043, 0.257971, 0.956522, 1.231884
 131.000000, 0.330789, 0.157761, 0.732824, 0.910941
 148.666667, 0.641256, 0.145740, 0.580717, 0.746637
 128.666667, 0.339378, 0.186528, 0.774611, 0.979275
 136.000000, 0.382353, 0.142157, 0.620098, 0.781863
 134.333333, 0.401985, 0.168734, 0.607940, 0.796526
 133.000000, 0.328321, 0.182957, 0.694236, 0.894737
 138.333333, 0.414458, 0.159036, 0.604819, 0.783133
 130.666667, 0.298469, 0.191327, 0.688776, 0.900510
 131.333333, 0.279188, 0.137056, 0.573604, 0.728426
 134.000000, 0.480100, 0.159204, 0.569652, 0.753731
Histogram
1 0 0 0 0 0 19 183 215 107 31 29 15 11 1 2 1 0 0 0 2 0 0 0 0 0 0 0 0 0 0 0 0 0 0 0 0 0 0 0 0 0 0 0 0 0 0 0 0 0 0 0 0 0 0 0 0 0 0 0 2 0 0 0 0 0 0 0 0 0 0 0 0 0 0 0 0 0 0 0 0 0 0 0 0 0 0 0 0 0 0 0 0 0 0 0 0 0 0 0 4 0 0 0 0 0 0 0 0 0 0 0 0 0 0 0 0 0 0 17 
Cache Miss Ratio
NaN
numOfSets
245973
numOfGets
0
numOfMultiGets
0
