20
0
 0.200000, 1.000000, 0.000000, 37.000000, 51.000000
 89.000000, 0.621723, 0.367041, 0.977528, 1.411985
 106.000000, 1.128931, 0.383648, 0.996855, 1.433962
 97.666667, 0.662116, 0.313993, 0.822526, 1.180887
 103.666667, 0.569132, 0.286174, 0.967846, 1.295820
 91.333333, 0.930657, 0.364964, 1.317518, 1.733577
 93.000000, 0.433692, 0.218638, 1.268817, 1.541219
 98.000000, 0.761905, 0.312925, 1.020408, 1.377551
 91.000000, 0.648352, 0.263736, 1.520147, 1.827839
 105.666667, 0.757098, 0.299685, 1.277603, 1.618297
 103.000000, 0.783172, 0.313916, 1.025890, 1.381877
 101.666667, 1.386885, 0.449180, 1.081967, 1.573770
 101.000000, 1.346535, 0.379538, 1.003300, 1.425743
 101.000000, 0.656766, 0.267327, 0.983498, 1.303630
 100.333333, 0.757475, 0.315615, 0.963455, 1.328904
 118.000000, 1.197740, 0.367232, 0.926554, 1.341808
 94.666667, 0.500000, 0.253521, 1.183099, 1.478873
 104.333333, 1.000000, 0.303514, 1.025559, 1.389776
 109.000000, 0.709480, 0.299694, 0.954128, 1.293578
 80.000000, 0.750000, 0.295833, 0.925000, 1.262500
1
 0.200000, 1.000000, 0.000000, 37.000000, 50.000000
 99.666667, 1.026756, 0.311037, 0.986622, 1.351171
 106.000000, 1.286164, 0.336478, 0.981132, 1.364780
 101.000000, 0.772277, 0.346535, 0.867987, 1.260726
 100.000000, 0.580000, 0.260000, 1.033333, 1.336667
 91.666667, 0.752727, 0.356364, 1.261818, 1.665455
 95.333333, 0.531469, 0.258741, 1.290210, 1.601399
 97.333333, 0.732877, 0.349315, 1.065068, 1.455479
 95.000000, 0.782456, 0.291228, 1.375439, 1.715789
 99.333333, 0.476510, 0.214765, 1.298658, 1.553691
 106.000000, 0.921384, 0.308176, 1.028302, 1.380503
 101.666667, 0.927869, 0.419672, 1.055738, 1.518033
 99.333333, 1.010067, 0.348993, 1.030201, 1.426174
 96.000000, 0.517361, 0.312500, 0.944444, 1.319444
 94.666667, 0.609155, 0.292254, 0.992958, 1.348592
 103.000000, 0.550162, 0.281553, 0.909385, 1.239482
 96.000000, 0.687500, 0.302083, 1.131944, 1.482639
 98.333333, 0.694915, 0.328814, 1.010169, 1.386441
 102.000000, 0.650327, 0.264706, 1.003268, 1.326797
 79.333333, 0.697479, 0.285714, 0.928571, 1.256303
2
 0.200000, 1.000000, 0.000000, 37.000000, 50.000000
 92.000000, 0.869565, 0.409420, 0.898551, 1.358696
 96.666667, 0.772414, 0.341379, 0.917241, 1.310345
 99.333333, 0.865772, 0.365772, 0.895973, 1.298658
 100.666667, 0.731788, 0.258278, 0.983444, 1.288079
 94.666667, 0.718310, 0.316901, 1.070423, 1.433099
 102.000000, 0.686275, 0.241830, 1.307190, 1.588235
 94.000000, 0.783688, 0.329787, 1.049645, 1.425532
 92.000000, 0.644928, 0.271739, 1.518116, 1.847826
 99.333333, 0.500000, 0.231544, 1.278523, 1.550336
 106.000000, 0.833333, 0.314465, 0.977987, 1.339623
 102.666667, 0.983766, 0.376623, 0.938312, 1.357143
 97.666667, 1.197952, 0.412969, 0.976109, 1.433447
 109.000000, 0.681957, 0.308869, 0.926606, 1.284404
 99.666667, 0.608696, 0.270903, 0.969900, 1.287625
 111.000000, 1.042042, 0.321321, 0.939940, 1.309309
 101.666667, 0.859016, 0.311475, 1.206557, 1.560656
 95.333333, 0.776224, 0.349650, 1.066434, 1.458042
 104.333333, 0.597444, 0.316294, 0.974441, 1.338658
 73.666667, 0.493213, 0.321267, 0.891403, 1.257919
3
 0.200000, 0.000000, 0.000000, 41.000000, 50.000000
 92.333333, 0.801444, 0.346570, 1.086643, 1.523466
 93.000000, 0.799283, 0.394265, 1.010753, 1.458781
 100.333333, 0.651163, 0.342193, 0.857143, 1.242525
 104.333333, 0.709265, 0.300319, 0.980831, 1.495208
 95.666667, 0.850174, 0.303136, 1.125436, 1.473868
 102.666667, 0.873377, 0.292208, 1.295455, 1.633117
 100.666667, 0.794702, 0.331126, 1.006623, 1.384106
 97.333333, 0.808219, 0.284247, 1.352740, 1.698630
 99.666667, 0.545151, 0.214047, 1.197324, 1.474916
 112.000000, 1.026786, 0.312500, 1.041667, 1.410714
 98.333333, 1.013559, 0.508475, 0.972881, 1.525424
 101.666667, 0.990164, 0.354098, 0.986885, 1.386885
 105.000000, 0.777778, 0.346032, 0.949206, 1.339683
 99.333333, 0.573826, 0.312081, 0.969799, 1.332215
 101.333333, 0.657895, 0.312500, 0.940789, 1.296053
 103.000000, 0.553398, 0.223301, 1.226537, 1.491909
 102.666667, 0.876623, 0.366883, 1.120130, 1.535714
 106.333333, 0.793103, 0.307210, 0.902821, 1.257053
 78.333333, 0.548936, 0.336170, 0.863830, 1.242553
4
 0.200000, 0.000000, 0.000000, 40.000000, 52.000000
 91.666667, 0.727273, 0.345455, 0.941818, 1.356364
 97.666667, 0.696246, 0.378840, 0.989761, 1.416382
 98.000000, 0.656463, 0.459184, 1.003401, 1.503401
 100.000000, 0.703333, 0.243333, 0.886667, 1.173333
 104.000000, 0.983974, 0.269231, 1.224359, 1.535256
 97.666667, 0.812287, 0.313993, 1.361775, 1.720137
 90.666667, 0.632353, 0.360294, 0.985294, 1.400735
 94.333333, 0.441696, 0.257951, 1.353357, 1.657244
 97.666667, 0.539249, 0.228669, 1.177474, 1.453925
 102.333333, 0.840391, 0.332248, 0.938111, 1.342020
 102.333333, 1.065147, 0.469055, 1.068404, 1.586319
 95.666667, 1.132404, 0.425087, 0.937282, 1.418118
 101.666667, 0.622951, 0.285246, 0.940984, 1.268852
 95.333333, 0.608392, 0.328671, 1.000000, 1.374126
 107.000000, 0.934579, 0.333333, 0.940810, 1.320872
 100.333333, 0.780731, 0.245847, 1.245847, 1.541528
 99.000000, 0.710438, 0.286195, 1.043771, 1.383838
 103.666667, 0.697749, 0.247588, 0.961415, 1.254019
 79.333333, 0.563025, 0.319328, 0.899160, 1.260504
5
 0.200000, 0.000000, 0.000000, 39.000000, 50.000000
 92.333333, 0.884477, 0.361011, 0.967509, 1.422383
 97.666667, 1.027304, 0.402730, 0.962457, 1.416382
 98.333333, 0.616949, 0.264407, 0.945763, 1.264407
 102.666667, 0.918831, 0.305195, 0.987013, 1.334416
 88.666667, 0.624060, 0.334586, 1.221805, 1.601504
 94.000000, 0.503546, 0.212766, 1.347518, 1.634752
 98.666667, 0.750000, 0.351351, 1.030405, 1.425676
 97.666667, 0.597270, 0.303754, 1.750853, 2.109215
 98.666667, 0.641892, 0.236486, 1.263514, 1.540541
 105.000000, 0.822222, 0.339683, 0.942857, 1.326984
 107.000000, 1.093458, 0.442368, 0.975078, 1.461059
 97.000000, 1.092784, 0.415808, 0.934708, 1.405498
 100.000000, 0.546667, 0.306667, 0.970000, 1.323333
 101.333333, 0.726974, 0.289474, 0.963816, 1.292763
 99.666667, 0.859532, 0.287625, 0.933110, 1.267559
 97.000000, 0.683849, 0.374570, 1.147766, 1.563574
 95.000000, 0.571930, 0.273684, 1.091228, 1.424561
 100.333333, 0.664452, 0.355482, 1.099668, 1.498339
 75.000000, 0.520000, 0.262222, 0.884444, 1.191111
6
 0.200000, 2.000000, 0.000000, 32.000000, 41.000000
 100.666667, 0.887417, 0.423841, 0.953642, 1.486755
 92.333333, 0.682310, 0.328520, 0.935018, 1.314079
 97.333333, 0.660959, 0.280822, 1.044521, 1.376712
 96.333333, 0.474048, 0.242215, 1.038062, 1.325260
 98.000000, 1.034014, 0.323129, 1.098639, 1.459184
 96.666667, 0.834483, 0.255172, 1.503448, 1.813793
 99.000000, 0.750842, 0.333333, 0.996633, 1.380471
 101.333333, 0.884868, 0.328947, 1.332237, 1.703947
 97.666667, 0.699659, 0.266212, 1.279863, 1.604096
 107.333333, 1.077640, 0.335404, 1.034161, 1.416149
 95.333333, 0.996503, 0.489510, 1.097902, 1.632867
 98.000000, 0.914966, 0.414966, 0.989796, 1.448980
 106.000000, 0.767296, 0.276730, 0.867925, 1.191824
 100.333333, 0.604651, 0.285714, 1.036545, 1.368771
 98.000000, 0.605442, 0.357143, 0.921769, 1.329932
 93.000000, 0.465950, 0.265233, 1.344086, 1.652330
 98.666667, 0.581081, 0.280405, 1.087838, 1.415541
 100.666667, 0.552980, 0.268212, 0.940397, 1.258278
 74.000000, 0.387387, 0.292793, 0.918919, 1.256757
7
 0.200000, 1.000000, 0.000000, 32.000000, 41.000000
 98.333333, 0.867797, 0.352542, 0.915254, 1.335593
 103.333333, 0.816129, 0.393548, 1.019355, 1.467742
 93.666667, 0.508897, 0.270463, 0.893238, 1.206406
 102.000000, 0.611111, 0.310458, 1.003268, 1.366013
 96.333333, 1.020761, 0.335640, 1.124567, 1.515571
 101.666667, 0.613115, 0.226230, 1.318033, 1.590164
 96.000000, 0.753472, 0.295139, 1.038194, 1.375000
 93.666667, 0.523132, 0.252669, 1.430605, 1.725979
 104.666667, 0.617834, 0.219745, 1.229299, 1.506369
 99.333333, 0.557047, 0.291946, 0.993289, 1.332215
 100.666667, 1.119205, 0.360927, 0.993377, 1.394040
 99.333333, 1.218121, 0.385906, 1.057047, 1.486577
 107.333333, 0.829193, 0.254658, 0.909938, 1.223602
 97.000000, 0.683849, 0.295533, 1.085911, 1.429553
 115.000000, 1.379710, 0.356522, 0.927536, 1.324638
 96.333333, 0.325260, 0.252595, 1.086505, 1.380623
 94.333333, 0.459364, 0.332155, 1.017668, 1.392226
 101.000000, 0.594059, 0.356436, 0.950495, 1.353135
 79.000000, 0.616034, 0.383966, 0.932489, 1.379747
8
 0.250000, 2.000000, 3.000000, 32.000000, 39.000000
 96.666667, 0.920690, 0.372414, 0.982759, 1.417241
 101.000000, 0.933993, 0.343234, 1.042904, 1.438944
 95.333333, 0.608392, 0.300699, 0.898601, 1.244755
 103.666667, 0.546624, 0.254019, 1.016077, 1.315113
 95.333333, 0.671329, 0.276224, 1.076923, 1.395105
 98.333333, 0.566102, 0.200000, 1.342373, 1.589831
 103.333333, 0.938710, 0.296774, 0.996774, 1.335484
 97.333333, 0.660959, 0.291096, 1.229452, 1.561644
 101.666667, 0.606557, 0.259016, 1.295082, 1.603279
 100.666667, 0.655629, 0.274834, 1.019868, 1.341060
 98.666667, 0.834459, 0.378378, 0.972973, 1.398649
 89.666667, 0.736059, 0.423792, 1.063197, 1.546468
 105.000000, 0.800000, 0.298413, 1.022222, 1.387302
 96.000000, 0.659722, 0.291667, 1.031250, 1.368056
 102.666667, 0.925325, 0.405844, 0.918831, 1.370130
 97.333333, 0.702055, 0.335616, 1.164384, 1.547945
 101.000000, 0.785479, 0.386139, 1.013201, 1.448845
 98.666667, 0.601351, 0.260135, 0.956081, 1.260135
 81.000000, 0.654321, 0.316872, 0.958848, 1.320988
9
 0.250000, 1.000000, 3.000000, 30.000000, 40.000000
 91.000000, 0.637363, 0.402930, 0.989011, 1.472527
 107.333333, 1.186335, 0.369565, 0.993789, 1.428571
 99.333333, 0.751678, 0.439597, 1.070470, 1.553691
 102.666667, 0.590909, 0.259740, 0.948052, 1.256494
 91.000000, 0.791209, 0.274725, 1.219780, 1.534799
 95.000000, 0.400000, 0.242105, 1.189474, 1.473684
 97.333333, 0.763699, 0.304795, 1.116438, 1.465753
 104.000000, 0.910256, 0.269231, 1.496795, 1.807692
 98.333333, 0.569492, 0.267797, 1.261017, 1.586441
 101.000000, 0.676568, 0.333333, 1.072607, 1.452145
 99.666667, 0.913043, 0.401338, 1.030100, 1.501672
 93.000000, 1.089606, 0.354839, 0.939068, 1.336918
 98.333333, 0.905085, 0.325424, 0.861017, 1.233898
 103.000000, 0.809061, 0.300971, 1.009709, 1.359223
 106.333333, 0.708464, 0.294671, 0.931034, 1.269592
 93.666667, 0.569395, 0.256228, 1.245552, 1.544484
 97.666667, 0.655290, 0.358362, 1.027304, 1.426621
 105.000000, 0.647619, 0.282540, 1.025397, 1.358730
 76.333333, 0.528384, 0.292576, 0.925764, 1.262009
10
 0.200000, 1.000000, 1.000000, 3.000000, 43.000000
 90.333333, 0.741697, 0.357934, 1.073801, 1.494465
 101.000000, 1.115512, 0.458746, 1.029703, 1.547855
 97.666667, 0.703072, 0.276451, 0.921502, 1.245734
 102.333333, 0.482085, 0.283388, 1.006515, 1.332248
 92.666667, 0.669065, 0.302158, 1.205036, 1.550360
 98.333333, 0.545763, 0.250847, 1.406780, 1.711864
 104.000000, 0.875000, 0.314103, 1.070513, 1.435897
 103.000000, 0.883495, 0.310680, 1.449838, 1.805825
 100.666667, 0.466887, 0.218543, 1.195364, 1.456954
 102.000000, 0.728758, 0.294118, 0.977124, 1.316993
 95.666667, 0.599303, 0.331010, 0.923345, 1.299652
 99.333333, 1.080537, 0.422819, 1.023490, 1.489933
 99.000000, 0.545455, 0.289562, 0.966330, 1.299663
 105.666667, 1.031546, 0.324921, 0.927445, 1.296530
 109.666667, 0.814590, 0.264438, 0.996960, 1.306991
 94.666667, 0.559859, 0.260563, 1.197183, 1.507042
 96.000000, 0.666667, 0.305556, 1.017361, 1.375000
 98.666667, 0.635135, 0.334459, 1.006757, 1.402027
 79.666667, 0.686192, 0.251046, 0.866109, 1.163180
11
 0.200000, 0.000000, 0.000000, 4.000000, 44.000000
 91.000000, 0.673993, 0.322344, 1.010989, 1.399267
 106.666667, 1.296875, 0.425000, 1.068750, 1.546875
 99.000000, 0.616162, 0.272727, 0.912458, 1.228956
 103.666667, 0.697749, 0.289389, 1.016077, 1.350482
 93.666667, 0.693950, 0.327402, 1.160142, 1.537367
 94.333333, 0.681979, 0.282686, 1.318021, 1.643110
 102.333333, 0.859935, 0.306189, 0.986971, 1.338762
 93.000000, 0.652330, 0.297491, 1.236559, 1.580645
 106.000000, 0.707547, 0.235849, 1.207547, 1.481132
 106.666667, 0.834375, 0.309375, 1.040625, 1.396875
 97.000000, 0.859107, 0.357388, 1.058419, 1.460481
 93.666667, 0.850534, 0.412811, 0.946619, 1.402135
 102.000000, 0.513072, 0.271242, 0.996732, 1.313725
 98.666667, 0.668919, 0.344595, 0.979730, 1.368243
 105.666667, 0.905363, 0.299685, 0.955836, 1.305994
 97.666667, 0.802048, 0.300341, 1.174061, 1.532423
 100.333333, 0.916944, 0.289037, 1.006645, 1.338870
 109.000000, 0.941896, 0.376147, 0.938838, 1.357798
 75.666667, 0.497797, 0.277533, 0.925110, 1.246696
12
 0.200000, 0.000000, 0.000000, 3.000000, 44.000000
 93.000000, 0.802867, 0.401434, 0.982079, 1.455197
 97.666667, 1.416382, 0.385666, 1.102389, 1.535836
 93.666667, 0.572954, 0.288256, 0.846975, 1.174377
 104.666667, 0.821656, 0.308917, 1.003185, 1.363057
 92.000000, 0.699275, 0.264493, 1.159420, 1.467391
 96.333333, 0.633218, 0.231834, 1.259516, 1.532872
 97.000000, 0.749141, 0.319588, 0.955326, 1.326460
 97.666667, 0.706485, 0.259386, 1.351536, 1.658703
 97.666667, 0.426621, 0.228669, 1.273038, 1.549488
 102.333333, 0.830619, 0.384365, 1.052117, 1.482085
 101.000000, 1.148515, 0.349835, 0.937294, 1.333333
 98.000000, 0.867347, 0.374150, 0.965986, 1.394558
 100.333333, 0.561462, 0.325581, 1.029900, 1.401993
 94.666667, 0.661972, 0.295775, 0.971831, 1.313380
 106.000000, 0.867925, 0.330189, 0.968553, 1.342767
 96.666667, 0.479310, 0.282759, 1.251724, 1.600000
 101.000000, 0.719472, 0.320132, 1.042904, 1.419142
 103.000000, 0.521036, 0.262136, 0.915858, 1.220065
 74.000000, 0.351351, 0.252252, 0.927928, 1.225225
13
 0.250000, 1.000000, 31.000000, 3.000000, 41.000000
 92.333333, 0.819495, 0.353791, 0.938628, 1.346570
 100.666667, 1.364238, 0.410596, 0.996689, 1.466887
 101.333333, 0.970395, 0.305921, 0.957237, 1.309211
 106.333333, 0.752351, 0.300940, 0.899687, 1.250784
 88.333333, 0.475472, 0.335849, 1.233962, 1.615094
 93.333333, 0.432143, 0.275000, 1.296429, 1.614286
 96.333333, 0.657439, 0.366782, 1.041522, 1.449827
 100.666667, 0.649007, 0.231788, 1.440397, 1.715232
 103.666667, 0.733119, 0.270096, 1.292605, 1.604502
 108.333333, 0.981538, 0.329231, 1.043077, 1.418462
 102.333333, 1.296417, 0.491857, 1.026059, 1.560261
 91.333333, 1.047445, 0.361314, 1.091241, 1.503650
 99.666667, 0.551839, 0.257525, 0.923077, 1.227425
 99.000000, 0.767677, 0.292929, 0.976431, 1.313131
 117.333333, 1.082386, 0.295455, 0.963068, 1.312500
 92.333333, 0.458484, 0.296029, 1.101083, 1.440433
 100.666667, 0.715232, 0.327815, 0.983444, 1.357616
 107.000000, 0.532710, 0.308411, 0.912773, 1.264798
 82.000000, 0.886179, 0.300813, 0.947154, 1.292683
14
 0.250000, 0.000000, 31.000000, 1.000000, 42.000000
 97.000000, 0.841924, 0.350515, 1.020619, 1.419244
 99.000000, 0.895623, 0.380471, 0.922559, 1.353535
 92.666667, 0.568345, 0.312950, 0.877698, 1.241007
 97.666667, 0.491468, 0.279863, 0.959044, 1.283276
 87.333333, 0.553435, 0.324427, 1.160305, 1.530534
 101.000000, 0.613861, 0.260726, 1.320132, 1.623762
 109.000000, 1.339450, 0.302752, 0.966361, 1.311927
 100.333333, 0.744186, 0.308970, 1.478405, 1.833887
 103.666667, 0.594855, 0.273312, 1.218650, 1.546624
 105.000000, 0.711111, 0.292063, 1.022222, 1.358730
 102.666667, 1.321429, 0.496753, 0.996753, 1.532468
 102.666667, 1.220779, 0.422078, 0.993506, 1.470779
 97.333333, 0.832192, 0.325342, 0.969178, 1.339041
 94.333333, 0.745583, 0.307420, 0.985866, 1.349823
 113.000000, 0.814159, 0.294985, 0.905605, 1.241888
 102.333333, 0.824104, 0.276873, 1.097720, 1.413681
 96.333333, 0.570934, 0.356401, 1.020761, 1.432526
 102.000000, 0.477124, 0.284314, 0.918301, 1.258170
 75.333333, 0.707965, 0.296460, 0.915929, 1.269912
15
 0.250000, 0.000000, 31.000000, 1.000000, 41.000000
 96.666667, 0.886207, 0.348276, 1.003448, 1.406897
 101.000000, 0.858086, 0.353135, 0.953795, 1.369637
 101.000000, 0.815182, 0.280528, 0.907591, 1.234323
 98.000000, 0.374150, 0.251701, 1.183673, 1.482993
 92.666667, 0.881295, 0.298561, 1.266187, 1.607914
 101.000000, 0.825083, 0.310231, 1.396040, 1.749175
 99.000000, 0.723906, 0.340067, 1.016835, 1.420875
 94.000000, 0.450355, 0.237589, 1.379433, 1.663121
 101.666667, 0.603279, 0.206557, 1.216393, 1.465574
 107.333333, 1.118012, 0.338509, 1.059006, 1.453416
 105.000000, 1.034921, 0.419048, 1.031746, 1.495238
 94.666667, 0.725352, 0.334507, 0.985915, 1.383803
 99.666667, 0.785953, 0.324415, 0.996656, 1.371237
 99.000000, 0.959596, 0.289562, 0.993266, 1.326599
 106.333333, 0.874608, 0.278997, 0.931034, 1.253918
 97.000000, 0.780069, 0.329897, 1.254296, 1.632302
 94.333333, 0.773852, 0.374558, 1.010601, 1.434629
 105.666667, 0.596215, 0.271293, 0.908517, 1.227129
 78.333333, 0.510638, 0.293617, 0.910638, 1.246809
16
 0.250000, 1.000000, 34.000000, 1.000000, 41.000000
 91.666667, 0.850909, 0.356364, 0.898182, 1.367273
 101.666667, 0.990164, 0.396721, 0.970492, 1.416393
 103.666667, 0.919614, 0.463023, 0.935691, 1.440514
 103.333333, 0.738710, 0.290323, 1.048387, 1.380645
 95.333333, 0.867133, 0.293706, 1.139860, 1.482517
 101.333333, 0.990132, 0.322368, 1.368421, 1.736842
 102.333333, 0.671010, 0.332248, 1.045603, 1.452769
 104.333333, 0.869010, 0.252396, 1.293930, 1.610224
 106.000000, 0.855346, 0.257862, 1.245283, 1.553459
 101.333333, 0.687500, 0.315789, 1.006579, 1.371711
 99.333333, 0.946309, 0.332215, 0.895973, 1.285235
 99.333333, 0.909396, 0.355705, 1.006711, 1.406040
 103.000000, 0.699029, 0.349515, 0.957929, 1.352751
 96.000000, 0.545139, 0.274306, 1.090278, 1.413194
 100.666667, 0.695364, 0.344371, 0.943709, 1.334437
 100.333333, 0.611296, 0.229236, 1.245847, 1.518272
 100.666667, 0.884106, 0.301325, 0.980132, 1.334437
 102.333333, 0.560261, 0.270358, 1.003257, 1.319218
 76.666667, 0.634783, 0.343478, 0.891304, 1.286957
17
 0.250000, 0.000000, 34.000000, 3.000000, 43.000000
 92.000000, 0.608696, 0.355072, 1.050725, 1.460145
 101.666667, 0.918033, 0.409836, 0.990164, 1.472131
 95.000000, 0.845614, 0.438596, 0.954386, 1.438596
 97.333333, 0.445205, 0.280822, 1.222603, 1.565068
 86.666667, 0.650000, 0.292308, 1.207692, 1.546154
 88.666667, 0.432331, 0.266917, 1.236842, 1.567669
 95.666667, 0.696864, 0.320557, 1.094077, 1.459930
 94.333333, 0.710247, 0.250883, 1.381625, 1.678445
 95.333333, 0.437063, 0.216783, 1.269231, 1.527972
 107.000000, 0.766355, 0.274143, 1.112150, 1.436137
 98.000000, 0.772109, 0.397959, 0.976190, 1.431973
 92.333333, 0.823105, 0.350181, 0.909747, 1.321300
 99.333333, 0.842282, 0.302013, 0.993289, 1.345638
 98.666667, 0.510135, 0.307432, 1.033784, 1.398649
 102.666667, 0.827922, 0.318182, 0.948052, 1.308442
 95.000000, 0.571930, 0.252632, 1.277193, 1.571930
 105.333333, 0.962025, 0.360759, 0.968354, 1.370253
 110.000000, 0.615152, 0.275758, 1.015152, 1.333333
 74.000000, 0.405405, 0.301802, 0.968468, 1.315315
18
 0.250000, 0.000000, 35.000000, 3.000000, 43.000000
 103.666667, 1.112540, 0.366559, 0.996785, 1.424437
 96.666667, 0.893103, 0.368966, 0.989655, 1.406897
 100.000000, 0.706667, 0.280000, 0.893333, 1.216667
 95.000000, 0.428070, 0.294737, 1.185965, 1.540351
 88.000000, 0.583333, 0.287879, 1.162879, 1.492424
 99.000000, 0.663300, 0.235690, 1.346801, 1.632997
 96.666667, 0.644828, 0.306897, 0.996552, 1.362069
 97.666667, 0.641638, 0.259386, 1.443686, 1.747440
 97.000000, 0.426117, 0.261168, 1.120275, 1.419244
 109.333333, 1.219512, 0.368902, 1.030488, 1.448171
 96.666667, 0.900000, 0.431034, 1.044828, 1.520690
 98.333333, 1.057627, 0.389831, 0.986441, 1.420339
 104.333333, 0.702875, 0.277955, 0.932907, 1.261981
 97.666667, 0.679181, 0.307167, 0.972696, 1.331058
 109.000000, 0.944954, 0.305810, 0.899083, 1.247706
 96.333333, 0.584775, 0.311419, 1.249135, 1.612457
 108.333333, 0.953846, 0.320000, 0.963077, 1.323077
 103.333333, 0.590323, 0.280645, 0.974194, 1.303226
 75.666667, 0.797357, 0.339207, 0.916300, 1.295154
19
 0.250000, 0.000000, 4.000000, 1.000000, 19.000000
 103.000000, 1.226537, 0.349515, 0.964401, 1.385113
 92.333333, 0.801444, 0.364621, 0.978339, 1.404332
 96.333333, 0.633218, 0.283737, 0.868512, 1.204152
 100.000000, 0.600000, 0.283333, 1.020000, 1.346667
 90.666667, 0.661765, 0.308824, 1.227941, 1.580882
 100.333333, 0.465116, 0.202658, 1.308970, 1.554817
 97.000000, 0.817869, 0.402062, 1.017182, 1.467354
 93.666667, 0.409253, 0.284698, 1.355872, 1.686833
 98.333333, 0.650847, 0.227119, 1.213559, 1.484746
 104.333333, 0.894569, 0.364217, 1.025559, 1.440895
 101.000000, 1.112211, 0.359736, 1.000000, 1.402640
 97.666667, 1.054608, 0.351536, 0.986348, 1.392491
 106.666667, 0.868750, 0.362500, 0.915625, 1.328125
 99.333333, 0.724832, 0.315436, 0.956376, 1.328859
 104.000000, 0.679487, 0.294872, 0.961538, 1.301282
 98.333333, 0.647458, 0.301695, 1.250847, 1.616949
 100.000000, 0.830000, 0.353333, 1.076667, 1.483333
 105.666667, 0.697161, 0.293375, 0.936909, 1.274448
 85.000000, 0.752941, 0.294118, 0.905882, 1.243137
20
 0.250000, 0.000000, 4.000000, 1.000000, 18.000000
 90.333333, 0.571956, 0.398524, 0.911439, 1.357934
 100.666667, 0.993377, 0.384106, 0.953642, 1.387417
 105.000000, 0.892063, 0.317460, 0.901587, 1.263492
 109.666667, 0.869301, 0.306991, 0.936170, 1.285714
 101.000000, 1.095710, 0.448845, 1.211221, 1.702970
 95.000000, 0.519298, 0.228070, 1.417544, 1.698246
 100.333333, 0.734219, 0.362126, 0.986711, 1.395349
 103.333333, 0.758065, 0.261290, 1.461290, 1.780645
 104.000000, 0.881410, 0.275641, 1.262821, 1.592949
 106.666667, 0.893750, 0.296875, 1.006250, 1.343750
 107.333333, 1.201863, 0.468944, 1.021739, 1.543478
 102.333333, 1.185668, 0.586319, 0.957655, 1.589577
 98.333333, 0.806780, 0.311864, 0.945763, 1.318644
 96.000000, 0.447917, 0.256944, 0.979167, 1.302083
 102.666667, 0.769481, 0.337662, 0.909091, 1.288961
 97.333333, 0.647260, 0.284247, 1.082192, 1.414384
 101.666667, 0.698361, 0.275410, 1.009836, 1.340984
 98.666667, 0.405405, 0.270270, 0.983108, 1.300676
 74.333333, 0.654709, 0.273543, 0.928251, 1.255605
21
 0.250000, 0.000000, 0.000000, 1.000000, 14.000000
 90.000000, 0.829630, 0.407407, 0.940741, 1.400000
 93.666667, 0.893238, 0.391459, 1.010676, 1.455516
 104.000000, 0.948718, 0.323718, 0.891026, 1.256410
 102.666667, 0.701299, 0.243506, 1.201299, 1.490260
 99.333333, 0.966443, 0.298658, 1.221477, 1.573826
 103.666667, 0.929260, 0.260450, 1.366559, 1.672026
 106.333333, 0.780564, 0.335423, 0.931034, 1.313480
 101.666667, 0.954098, 0.308197, 1.403279, 1.754098
 97.000000, 0.512027, 0.223368, 1.213058, 1.477663
 109.333333, 0.728659, 0.289634, 0.990854, 1.326220
 112.666667, 1.813609, 0.594675, 0.952663, 1.591716
 99.333333, 1.151007, 0.563758, 1.000000, 1.614094
 108.333333, 0.744615, 0.320000, 0.907692, 1.273846
 94.666667, 0.728873, 0.313380, 1.024648, 1.387324
 109.000000, 1.027523, 0.318043, 0.911315, 1.275229
 97.000000, 0.656357, 0.240550, 1.274914, 1.556701
 98.666667, 0.733108, 0.347973, 1.060811, 1.452703
 104.333333, 0.667732, 0.297125, 0.987220, 1.332268
 79.333333, 0.689076, 0.264706, 0.949580, 1.256303
22
 0.200000, 0.000000, 0.000000, 2.000000, 25.000000
 98.000000, 0.775510, 0.309524, 1.000000, 1.370748
 96.666667, 0.727586, 0.324138, 1.051724, 1.427586
 99.000000, 0.744108, 0.276094, 0.902357, 1.222222
 106.666667, 1.000000, 0.300000, 0.965625, 1.312500
 99.000000, 0.925926, 0.336700, 1.218855, 1.616162
 103.333333, 0.619355, 0.238710, 1.358065, 1.648387
 98.333333, 0.779661, 0.311864, 1.030508, 1.400000
 96.333333, 0.519031, 0.269896, 1.408304, 1.719723
 105.000000, 0.587302, 0.209524, 1.320635, 1.584127
 102.333333, 1.224756, 0.429967, 1.029316, 1.521173
 102.000000, 1.339869, 0.539216, 0.941176, 1.526144
 96.000000, 0.979167, 0.333333, 1.038194, 1.416667
 100.333333, 0.637874, 0.305648, 0.966777, 1.315615
 101.666667, 0.609836, 0.281967, 0.990164, 1.314754
 100.333333, 0.754153, 0.325581, 0.940199, 1.312292
 91.333333, 0.496350, 0.284672, 1.153285, 1.492701
 93.666667, 0.665480, 0.338078, 1.071174, 1.459075
 102.333333, 0.550489, 0.270358, 0.970684, 1.286645
 79.666667, 0.564854, 0.259414, 0.907950, 1.213389
23
 0.200000, 1.000000, 0.000000, 0.000000, 1.000000
 101.666667, 1.013115, 0.334426, 0.977049, 1.370492
 100.000000, 1.000000, 0.390000, 0.923333, 1.380000
 99.333333, 0.520134, 0.291946, 0.959732, 1.295302
 103.000000, 0.472492, 0.258900, 0.944984, 1.245955
 90.000000, 0.748148, 0.311111, 1.192593, 1.551852
 90.333333, 0.409594, 0.232472, 1.357934, 1.645756
 101.000000, 0.815182, 0.333333, 1.029703, 1.409241
 98.000000, 0.724490, 0.241497, 1.241497, 1.527211
 110.333333, 0.631420, 0.247734, 1.196375, 1.489426
 98.333333, 0.593220, 0.305085, 1.111864, 1.464407
 100.333333, 1.229236, 0.435216, 0.993355, 1.475083
 84.666667, 0.496063, 0.425197, 0.940945, 1.409449
 103.666667, 0.810289, 0.295820, 1.012862, 1.353698
 101.333333, 0.730263, 0.305921, 0.973684, 1.319079
 104.666667, 0.904459, 0.353503, 0.977707, 1.378981
 91.666667, 0.483636, 0.240000, 1.134545, 1.418182
 102.666667, 0.961039, 0.379870, 0.964286, 1.392857
 107.333333, 0.770186, 0.326087, 0.916149, 1.285714
 79.000000, 0.624473, 0.282700, 0.873418, 1.202532
24
 0.200000, 0.000000, 0.000000, 1.000000, 2.000000
 95.000000, 0.691228, 0.354386, 0.971930, 1.385965
 100.000000, 1.236667, 0.353333, 0.936667, 1.336667
 100.666667, 1.023179, 0.503311, 1.049669, 1.612583
 100.000000, 0.600000, 0.286667, 0.976667, 1.310000
 90.333333, 0.697417, 0.317343, 1.309963, 1.667897
 94.000000, 0.393617, 0.209220, 1.379433, 1.634752
 100.000000, 0.683333, 0.286667, 1.000000, 1.333333
 95.333333, 0.671329, 0.244755, 1.342657, 1.636364
 98.666667, 0.388514, 0.209459, 1.246622, 1.503378
 97.333333, 0.667808, 0.359589, 0.965753, 1.373288
 111.333333, 1.155689, 0.347305, 0.976048, 1.371257
 92.333333, 1.054152, 0.425993, 0.927798, 1.397112
 99.666667, 0.742475, 0.307692, 0.956522, 1.324415
 102.666667, 0.941558, 0.298701, 1.019481, 1.366883
 111.000000, 1.006006, 0.309309, 0.948949, 1.312312
 102.333333, 0.602606, 0.286645, 1.182410, 1.527687
 98.666667, 0.719595, 0.408784, 1.050676, 1.513514
 99.333333, 0.590604, 0.285235, 0.922819, 1.251678
 76.666667, 0.547826, 0.330435, 0.943478, 1.326087
25
 0.200000, 0.000000, 0.000000, 1.000000, 2.000000
 102.333333, 0.908795, 0.361564, 0.921824, 1.335505
 110.333333, 1.356495, 0.377644, 0.945619, 1.371601
 102.333333, 0.758958, 0.315961, 0.941368, 1.302932
 102.000000, 0.676471, 0.294118, 1.009804, 1.346405
 91.000000, 0.835165, 0.315018, 1.318681, 1.677656
 107.333333, 0.804348, 0.239130, 1.363354, 1.652174
 95.333333, 0.699301, 0.297203, 0.933566, 1.283217
 96.333333, 0.754325, 0.280277, 1.463668, 1.788927
 105.000000, 0.587302, 0.228571, 1.326984, 1.600000
 102.666667, 0.623377, 0.298701, 1.042208, 1.389610
 99.000000, 1.525253, 0.511785, 1.087542, 1.676768
 92.666667, 0.888489, 0.388489, 0.992806, 1.435252
 97.000000, 0.714777, 0.288660, 0.969072, 1.302405
 102.333333, 0.710098, 0.319218, 0.947883, 1.348534
 113.666667, 0.932551, 0.334311, 0.958944, 1.346041
 97.666667, 0.634812, 0.273038, 1.102389, 1.419795
 107.333333, 0.881988, 0.301242, 1.086957, 1.434783
 102.666667, 0.577922, 0.266234, 0.983766, 1.295455
 76.666667, 0.417391, 0.273913, 0.917391, 1.234783
26
 0.200000, 0.000000, 0.000000, 0.000000, 1.000000
 92.333333, 0.563177, 0.321300, 0.916968, 1.296029
 95.000000, 0.971930, 0.354386, 0.985965, 1.389474
 96.666667, 0.727586, 0.289655, 0.937931, 1.272414
 102.000000, 0.689542, 0.294118, 0.941176, 1.277778
 90.333333, 0.708487, 0.317343, 1.225092, 1.597786
 99.666667, 0.508361, 0.227425, 1.404682, 1.672241
 96.666667, 0.748276, 0.306897, 1.065517, 1.420690
 97.666667, 0.679181, 0.242321, 1.433447, 1.740614
 106.666667, 1.078125, 0.303125, 1.262500, 1.606250
 109.333333, 1.039634, 0.314024, 0.972561, 1.335366
 98.333333, 0.715254, 0.454237, 1.000000, 1.494915
 90.333333, 0.686347, 0.339483, 1.051661, 1.442804
 110.333333, 0.987915, 0.347432, 0.921450, 1.311178
 97.666667, 0.576792, 0.293515, 1.006826, 1.344710
 104.000000, 0.804487, 0.333333, 0.951923, 1.336538
 93.000000, 0.544803, 0.311828, 1.197133, 1.559140
 102.666667, 0.931818, 0.308442, 1.116883, 1.474026
 114.000000, 0.888889, 0.312865, 0.994152, 1.350877
 81.333333, 0.889344, 0.385246, 1.028689, 1.463115
27
 0.200000, 14.000000, 0.000000, 1.000000, 1.000000
 99.333333, 0.859060, 0.332215, 0.963087, 1.375839
 94.333333, 0.823322, 0.406360, 1.007067, 1.459364
 98.000000, 0.612245, 0.268707, 0.918367, 1.238095
 104.666667, 0.821656, 0.289809, 1.152866, 1.487261
 92.333333, 0.830325, 0.270758, 1.252708, 1.574007
 92.333333, 0.361011, 0.209386, 1.252708, 1.505415
 106.000000, 0.845912, 0.305031, 0.940252, 1.298742
 99.333333, 0.714765, 0.285235, 1.449664, 1.785235
 100.666667, 0.685430, 0.238411, 1.261589, 1.556291
 96.000000, 0.673611, 0.305556, 1.059028, 1.413194
 98.666667, 0.966216, 0.391892, 1.023649, 1.469595
 94.000000, 1.159574, 0.343972, 0.921986, 1.329787
 109.000000, 0.990826, 0.385321, 0.975535, 1.406728
 98.666667, 0.543919, 0.283784, 1.050676, 1.391892
 107.000000, 0.800623, 0.267913, 0.940810, 1.255452
 96.000000, 0.607639, 0.225694, 1.100694, 1.368056
 96.000000, 0.649306, 0.309028, 1.013889, 1.368056
 110.666667, 0.786145, 0.277108, 0.957831, 1.277108
 87.000000, 0.735632, 0.314176, 0.858238, 1.233716
28
 0.250000, 10.000000, 2.000000, 3.000000, 6.000000
 100.333333, 0.890365, 0.345515, 1.009967, 1.418605
 93.333333, 0.796429, 0.400000, 0.978571, 1.421429
 104.000000, 0.955128, 0.326923, 0.891026, 1.259615
 103.666667, 0.755627, 0.292605, 0.967846, 1.305466
 95.666667, 0.930314, 0.289199, 1.121951, 1.463415
 95.000000, 0.417544, 0.231579, 1.305263, 1.578947
 99.666667, 0.719064, 0.294314, 1.060201, 1.397993
 95.666667, 0.780488, 0.275261, 1.540070, 1.864111
 102.000000, 0.558824, 0.267974, 1.307190, 1.620915
 97.333333, 0.476027, 0.277397, 0.972603, 1.297945
 96.000000, 0.902778, 0.416667, 0.986111, 1.444444
 92.333333, 0.956679, 0.368231, 0.956679, 1.375451
 102.666667, 0.470779, 0.262987, 0.918831, 1.227273
 97.000000, 0.487973, 0.295533, 0.982818, 1.333333
 103.000000, 0.993528, 0.333333, 0.964401, 1.339806
 98.666667, 0.645270, 0.327703, 1.236486, 1.608108
 99.000000, 0.905724, 0.447811, 1.037037, 1.535354
 105.333333, 0.522152, 0.256329, 0.920886, 1.221519
 80.333333, 0.398340, 0.261411, 0.813278, 1.120332
29
 0.250000, 12.000000, 1.000000, 0.000000, 8.000000
 102.666667, 1.181818, 0.464286, 0.925325, 1.451299
 102.666667, 0.905844, 0.347403, 0.964286, 1.363636
 100.666667, 0.715232, 0.288079, 0.910596, 1.241722
 101.333333, 0.503289, 0.256579, 1.111842, 1.411184
 91.000000, 0.659341, 0.347985, 1.190476, 1.582418
 93.333333, 0.603571, 0.221429, 1.400000, 1.671429
 99.000000, 0.683502, 0.286195, 1.067340, 1.393939
 96.000000, 0.638889, 0.243056, 1.440972, 1.725694
 103.666667, 0.575563, 0.241158, 1.176849, 1.456592
 98.666667, 0.868243, 0.327703, 0.932432, 1.307432
 95.333333, 0.888112, 0.419580, 1.003497, 1.472028
 101.000000, 1.415842, 0.382838, 0.924092, 1.353135
 107.666667, 1.049536, 0.337461, 0.978328, 1.356037
 99.333333, 0.731544, 0.325503, 1.036913, 1.422819
 103.333333, 0.812903, 0.296774, 0.967742, 1.306452
 97.000000, 0.646048, 0.281787, 1.144330, 1.474227
 95.000000, 0.673684, 0.350877, 1.063158, 1.463158
 102.666667, 0.571429, 0.279221, 1.019481, 1.340909
 75.333333, 0.747788, 0.314159, 0.907080, 1.265487
30
 0.250000, 11.000000, 5.000000, 3.000000, 11.000000
 99.000000, 0.902357, 0.414141, 0.969697, 1.444444
 103.000000, 0.919094, 0.365696, 1.006472, 1.417476
 94.666667, 0.711268, 0.267606, 0.915493, 1.228873
 97.666667, 0.450512, 0.300341, 0.972696, 1.320819
 93.000000, 0.745520, 0.283154, 1.164875, 1.491039
 93.333333, 0.453571, 0.250000, 1.310714, 1.603571
 96.333333, 0.702422, 0.328720, 1.086505, 1.470588
 100.666667, 0.622517, 0.268212, 1.708609, 2.023179
 99.333333, 0.483221, 0.231544, 1.268456, 1.540268
 104.666667, 0.828025, 0.318471, 1.038217, 1.404459
 99.333333, 1.077181, 0.436242, 0.959732, 1.446309
 91.666667, 0.836364, 0.421818, 0.949091, 1.418182
 106.000000, 0.946541, 0.424528, 1.018868, 1.490566
 93.333333, 0.460714, 0.332143, 0.978571, 1.360714
 107.000000, 0.922118, 0.348910, 0.937695, 1.333333
 96.666667, 0.434483, 0.296552, 1.141379, 1.482759
 93.000000, 0.691756, 0.451613, 1.086022, 1.598566
 106.000000, 0.657233, 0.352201, 0.962264, 1.358491
 78.333333, 0.697872, 0.276596, 0.927660, 1.246809
31
 0.250000, 12.000000, 4.000000, 2.000000, 10.000000
 95.666667, 0.871080, 0.452962, 1.020906, 1.540070
 104.333333, 1.389776, 0.431310, 0.948882, 1.431310
 103.666667, 1.028939, 0.389068, 0.897106, 1.331190
 97.666667, 0.607509, 0.273038, 1.044369, 1.358362
 93.333333, 0.632143, 0.307143, 1.228571, 1.582143
 96.000000, 0.732639, 0.305556, 1.277778, 1.628472
 105.333333, 1.250000, 0.322785, 1.022152, 1.389241
 97.000000, 0.683849, 0.237113, 1.367698, 1.663230
 98.000000, 0.520408, 0.268707, 1.241497, 1.547619
 108.666667, 1.030675, 0.331288, 1.116564, 1.490798
 99.333333, 1.006711, 0.365772, 1.023490, 1.446309
 95.666667, 1.000000, 0.421603, 0.947735, 1.425087
 103.666667, 0.745981, 0.286174, 0.938907, 1.266881
 99.000000, 0.602694, 0.289562, 0.915825, 1.252525
 102.000000, 0.480392, 0.284314, 0.915033, 1.245098
 94.666667, 0.482394, 0.253521, 1.204225, 1.503521
 99.000000, 0.686869, 0.303030, 1.040404, 1.404040
 107.666667, 0.585139, 0.256966, 0.972136, 1.275542
 80.000000, 0.687500, 0.300000, 0.925000, 1.275000
32
 0.250000, 11.000000, 4.000000, 2.000000, 10.000000
 95.666667, 1.209059, 0.376307, 0.919861, 1.358885
 99.333333, 0.942953, 0.332215, 0.983221, 1.362416
 97.333333, 0.746575, 0.311644, 0.876712, 1.243151
 108.000000, 0.675926, 0.271605, 0.990741, 1.305556
 94.666667, 0.830986, 0.330986, 1.246479, 1.626761
 95.333333, 0.318182, 0.216783, 1.251748, 1.538462
 92.333333, 0.559567, 0.288809, 1.036101, 1.368231
 100.666667, 0.850993, 0.331126, 1.301325, 1.682119
 97.666667, 0.713311, 0.252560, 1.228669, 1.522184
 103.666667, 1.012862, 0.305466, 0.983923, 1.334405
 98.000000, 0.612245, 0.394558, 0.972789, 1.408163
 97.333333, 1.123288, 0.520548, 0.976027, 1.554795
 99.000000, 0.811448, 0.329966, 0.959596, 1.336700
 94.666667, 0.750000, 0.274648, 1.035211, 1.355634
 99.666667, 0.672241, 0.280936, 0.926421, 1.250836
 93.000000, 0.537634, 0.283154, 1.139785, 1.469534
 104.333333, 0.792332, 0.361022, 1.015974, 1.434505
 104.666667, 0.455414, 0.226115, 0.980892, 1.254777
 76.666667, 0.556522, 0.269565, 0.939130, 1.256522
33
 0.250000, 10.000000, 6.000000, 1.000000, 12.000000
 100.333333, 0.887043, 0.395349, 1.049834, 1.504983
 104.000000, 1.038462, 0.358974, 0.939103, 1.342949
 93.333333, 0.446429, 0.428571, 1.060714, 1.557143
 101.333333, 0.565789, 0.259868, 1.055921, 1.361842
 97.666667, 0.604096, 0.266212, 1.194539, 1.508532
 94.333333, 0.491166, 0.240283, 1.406360, 1.692580
 98.333333, 0.938983, 0.318644, 1.033898, 1.410169
 98.666667, 0.668919, 0.277027, 1.500000, 1.827703
 101.000000, 0.501650, 0.240924, 1.300330, 1.580858
 108.666667, 0.874233, 0.282209, 0.978528, 1.303681
 105.000000, 1.463492, 0.587302, 1.019048, 1.650794
 103.000000, 1.242718, 0.430421, 0.948220, 1.420712
 107.666667, 0.817337, 0.291022, 0.888545, 1.229102
 97.666667, 0.600683, 0.286689, 1.013652, 1.365188
 98.333333, 0.416949, 0.291525, 0.881356, 1.220339
 94.333333, 0.692580, 0.286219, 1.063604, 1.395760
 103.000000, 0.951456, 0.281553, 0.990291, 1.336570
 100.666667, 0.552980, 0.264901, 0.966887, 1.278146
 78.333333, 0.646809, 0.306383, 0.936170, 1.293617
34
 0.250000, 8.000000, 9.000000, 2.000000, 15.000000
 97.666667, 0.805461, 0.344710, 0.921502, 1.317406
 94.000000, 0.776596, 0.393617, 1.145390, 1.602837
 99.000000, 0.693603, 0.292929, 0.909091, 1.249158
 105.000000, 0.514286, 0.276190, 0.914286, 1.238095
 92.000000, 0.992754, 0.289855, 1.286232, 1.619565
 101.000000, 0.782178, 0.270627, 1.326733, 1.636964
 101.333333, 0.664474, 0.328947, 1.006579, 1.381579
 101.666667, 0.560656, 0.265574, 1.373770, 1.685246
 102.666667, 0.772727, 0.220779, 1.194805, 1.454545
 103.000000, 0.702265, 0.268608, 0.964401, 1.278317
 103.000000, 0.906149, 0.446602, 0.980583, 1.469256
 91.333333, 0.781022, 0.372263, 1.025547, 1.445255
 100.666667, 0.658940, 0.284768, 0.980132, 1.307947
 96.000000, 0.826389, 0.295139, 0.954861, 1.298611
 109.333333, 0.817073, 0.338415, 0.896341, 1.280488
 95.000000, 0.589474, 0.273684, 1.305263, 1.631579
 98.000000, 0.693878, 0.394558, 0.969388, 1.414966
 103.666667, 0.508039, 0.270096, 0.961415, 1.279743
 85.333333, 1.050781, 0.363281, 0.949219, 1.371094
35
 0.250000, 8.000000, 14.000000, 0.000000, 15.000000
 99.666667, 1.093645, 0.341137, 0.919732, 1.317726
 100.666667, 0.877483, 0.367550, 0.940397, 1.357616
 95.333333, 0.545455, 0.279720, 0.846154, 1.167832
 100.333333, 0.614618, 0.282392, 0.877076, 1.202658
 93.666667, 1.032028, 0.366548, 1.135231, 1.544484
 101.000000, 0.762376, 0.264026, 1.306931, 1.636964
 95.666667, 0.547038, 0.331010, 0.996516, 1.372822
 94.000000, 0.663121, 0.283688, 1.517730, 1.847518
 102.333333, 0.524430, 0.280130, 1.244300, 1.566775
 98.333333, 0.776271, 0.294915, 0.986441, 1.325424
 97.000000, 0.986254, 0.567010, 1.079038, 1.718213
 97.000000, 0.962199, 0.419244, 1.000000, 1.477663
 105.000000, 0.580952, 0.288889, 0.923810, 1.253968
 105.000000, 0.847619, 0.288889, 0.980952, 1.311111
 104.000000, 0.753205, 0.262821, 0.903846, 1.208333
 95.333333, 0.531469, 0.272727, 1.073427, 1.384615
 99.000000, 0.744108, 0.340067, 1.094276, 1.484848
 101.000000, 0.600660, 0.270627, 0.933993, 1.250825
 76.333333, 0.602620, 0.323144, 0.877729, 1.248908
36
 0.250000, 0.000000, 11.000000, 1.000000, 16.000000
 95.000000, 0.796491, 0.319298, 0.901754, 1.273684
 108.333333, 1.070769, 0.344615, 1.040000, 1.443077
 102.000000, 1.016340, 0.359477, 0.898693, 1.300654
 101.333333, 0.601974, 0.296053, 0.976974, 1.315789
 97.333333, 1.133562, 0.342466, 1.119863, 1.503425
 99.000000, 0.461279, 0.239057, 1.397306, 1.683502
 104.333333, 0.875399, 0.367412, 0.990415, 1.405751
 93.666667, 0.693950, 0.313167, 1.451957, 1.811388
 105.666667, 0.684543, 0.220820, 1.312303, 1.580442
 101.666667, 0.822951, 0.314754, 1.088525, 1.449180
 92.666667, 0.654676, 0.449640, 1.007194, 1.503597
 96.000000, 1.111111, 0.444444, 1.010417, 1.503472
 106.333333, 0.642633, 0.304075, 0.962382, 1.310345
 99.666667, 0.642140, 0.260870, 1.010033, 1.327759
 105.333333, 0.949367, 0.316456, 0.936709, 1.297468
 99.333333, 0.580537, 0.261745, 1.278523, 1.583893
 95.333333, 0.639860, 0.307692, 1.069930, 1.426573
 101.000000, 0.679868, 0.320132, 1.016502, 1.382838
 72.666667, 0.362385, 0.321101, 0.912844, 1.279817
37
 0.250000, 1.000000, 8.000000, 1.000000, 12.000000
 95.333333, 0.818182, 0.391608, 0.975524, 1.423077
 110.666667, 1.268072, 0.367470, 0.957831, 1.370482
 99.333333, 0.738255, 0.285235, 0.926174, 1.285235
 104.333333, 0.559105, 0.236422, 1.143770, 1.421725
 98.666667, 0.763514, 0.358108, 1.114865, 1.523649
 97.000000, 0.577320, 0.302405, 1.230241, 1.584192
 98.333333, 0.725424, 0.298305, 0.986441, 1.342373
 97.000000, 0.340206, 0.285223, 1.494845, 1.828179
 99.000000, 0.599327, 0.208754, 1.212121, 1.461279
 107.666667, 0.916409, 0.309598, 1.043344, 1.399381
 100.666667, 1.043046, 0.384106, 0.990066, 1.420530
 94.000000, 0.936170, 0.347518, 0.890071, 1.287234
 103.000000, 0.870550, 0.304207, 0.912621, 1.258900
 100.666667, 0.625828, 0.307947, 0.940397, 1.291391
 110.666667, 0.888554, 0.304217, 0.960843, 1.307229
 94.333333, 0.487633, 0.300353, 1.187279, 1.530035
 93.333333, 0.546429, 0.300000, 1.003571, 1.346429
 102.666667, 0.451299, 0.259740, 0.967532, 1.272727
 73.666667, 0.656109, 0.298643, 0.959276, 1.303167
38
 0.250000, 1.000000, 1.000000, 3.000000, 6.000000
 96.333333, 0.847751, 0.411765, 0.930796, 1.397924
 102.666667, 1.110390, 0.386364, 0.964286, 1.412338
 97.666667, 0.750853, 0.276451, 0.911263, 1.228669
 99.666667, 0.521739, 0.301003, 0.953177, 1.294314
 92.666667, 0.629496, 0.341727, 1.248201, 1.633094
 97.000000, 0.432990, 0.213058, 1.247423, 1.508591
 98.333333, 0.606780, 0.305085, 1.013559, 1.366102
 102.333333, 0.882736, 0.351792, 1.576547, 1.983713
 99.666667, 0.605351, 0.254181, 1.404682, 1.705686
 98.333333, 0.762712, 0.311864, 1.030508, 1.389831
 107.666667, 1.535604, 0.467492, 0.978328, 1.486068
 97.000000, 1.195876, 0.378007, 0.934708, 1.357388
 106.666667, 0.946875, 0.331250, 0.953125, 1.328125
 103.333333, 0.987097, 0.374194, 1.067742, 1.490323
 98.666667, 0.858108, 0.334459, 1.030405, 1.415541
 96.666667, 0.555172, 0.265517, 1.389655, 1.703448
 101.000000, 0.702970, 0.320132, 1.066007, 1.435644
 107.666667, 0.894737, 0.337461, 0.922601, 1.306502
 79.000000, 0.675105, 0.333333, 0.911392, 1.303797
39
 0.250000, 0.000000, 2.000000, 0.000000, 3.000000
 90.333333, 0.627306, 0.350554, 0.988930, 1.391144
 102.000000, 1.042484, 0.356209, 0.954248, 1.369281
 97.666667, 0.580205, 0.296928, 1.030717, 1.372014
 102.666667, 0.558442, 0.279221, 1.181818, 1.509740
 100.666667, 0.837748, 0.278146, 1.139073, 1.460265
 98.000000, 0.714286, 0.248299, 1.343537, 1.636054
 102.666667, 0.977273, 0.334416, 0.964286, 1.340909
 102.666667, 0.590909, 0.240260, 1.298701, 1.594156
 97.000000, 0.453608, 0.216495, 1.219931, 1.477663
 106.666667, 0.793750, 0.293750, 1.087500, 1.428125
 100.333333, 1.056478, 0.378738, 0.920266, 1.355482
 96.333333, 0.930796, 0.370242, 0.913495, 1.339100
 107.333333, 0.934783, 0.298137, 0.950311, 1.291925
 95.666667, 0.383275, 0.313589, 0.905923, 1.264808
 111.666667, 0.910448, 0.334328, 0.904478, 1.286567
 98.666667, 0.574324, 0.253378, 1.179054, 1.472973
 91.666667, 0.545455, 0.269091, 1.032727, 1.345455
 101.000000, 0.587459, 0.267327, 0.976898, 1.287129
 73.333333, 0.572727, 0.313636, 0.909091, 1.268182
40
 0.250000, 1.000000, 2.000000, 1.000000, 6.000000
 97.666667, 1.167235, 0.470990, 0.979522, 1.511945
 95.666667, 0.710801, 0.369338, 0.958188, 1.386760
 95.333333, 0.748252, 0.398601, 1.115385, 1.559441
 105.000000, 0.771429, 0.269841, 1.034921, 1.352381
 93.000000, 0.788530, 0.351254, 1.078853, 1.480287
 98.333333, 0.711864, 0.240678, 1.203390, 1.484746
 98.666667, 0.766892, 0.327703, 1.006757, 1.381757
 101.000000, 1.049505, 0.349835, 1.303630, 1.702970
 98.333333, 0.711864, 0.250847, 1.352542, 1.647458
 104.333333, 0.811502, 0.325879, 1.031949, 1.399361
 107.000000, 1.211838, 0.414330, 1.034268, 1.489097
 97.666667, 0.993174, 0.358362, 0.996587, 1.402730
 99.666667, 0.702341, 0.327759, 0.943144, 1.334448
 103.333333, 0.738710, 0.329032, 0.958065, 1.329032
 106.000000, 0.955975, 0.327044, 1.025157, 1.393082
 98.333333, 0.779661, 0.264407, 1.179661, 1.484746
 97.333333, 0.695205, 0.297945, 1.058219, 1.404110
 99.666667, 0.591973, 0.257525, 1.010033, 1.311037
 79.333333, 0.483193, 0.352941, 0.915966, 1.315126
41
 0.250000, 0.000000, 2.000000, 1.000000, 5.000000
 92.666667, 0.723022, 0.424460, 0.960432, 1.438849
 105.666667, 1.239748, 0.372240, 0.990536, 1.410095
 92.666667, 0.535971, 0.287770, 0.960432, 1.305755
 102.000000, 0.617647, 0.235294, 0.996732, 1.281046
 90.333333, 0.811808, 0.287823, 1.099631, 1.428044
 101.333333, 0.562500, 0.266447, 1.309211, 1.631579
 99.333333, 0.647651, 0.318792, 0.976510, 1.342282
 101.666667, 0.855738, 0.281967, 1.281967, 1.616393
 103.000000, 0.475728, 0.229773, 1.281553, 1.556634
 111.000000, 1.117117, 0.312312, 1.000000, 1.357357
 96.666667, 1.000000, 0.451724, 0.993103, 1.500000
 96.666667, 1.344828, 0.431034, 1.020690, 1.500000
 97.000000, 0.412371, 0.288660, 0.924399, 1.257732
 100.666667, 0.827815, 0.284768, 0.990066, 1.341060
 106.333333, 0.927900, 0.326019, 0.902821, 1.275862
 94.666667, 0.369718, 0.257042, 1.253521, 1.552817
 95.000000, 0.691228, 0.315789, 0.943860, 1.305263
 110.333333, 0.885196, 0.359517, 1.021148, 1.422961
 79.333333, 0.705882, 0.277311, 0.903361, 1.222689
42
 0.250000, 0.000000, 0.000000, 1.000000, 1.000000
 98.333333, 1.010169, 0.400000, 0.922034, 1.386441
 105.000000, 1.457143, 0.453968, 0.977778, 1.492063
 92.333333, 0.523466, 0.299639, 0.859206, 1.198556
 104.666667, 0.592357, 0.264331, 1.025478, 1.331210
 100.333333, 1.019934, 0.332226, 1.269103, 1.647841
 94.666667, 0.514085, 0.232394, 1.352113, 1.623239
 90.333333, 0.826568, 0.376384, 1.047970, 1.464945
 97.666667, 0.474403, 0.235495, 1.331058, 1.624573
 94.666667, 0.380282, 0.211268, 1.271127, 1.524648
 97.666667, 0.576792, 0.310580, 1.078498, 1.440273
 104.333333, 1.025559, 0.389776, 0.942492, 1.373802
 89.666667, 1.111524, 0.342007, 1.000000, 1.390335
 105.333333, 0.689873, 0.306962, 0.927215, 1.281646
 96.666667, 0.541379, 0.286207, 0.941379, 1.275862
 106.666667, 0.968750, 0.306250, 0.987500, 1.343750
 95.333333, 0.545455, 0.265734, 1.227273, 1.534965
 96.666667, 0.717241, 0.272414, 0.993103, 1.331034
 113.000000, 0.651917, 0.259587, 0.929204, 1.227139
 73.666667, 0.538462, 0.285068, 0.891403, 1.226244
43
 0.250000, 2.000000, 0.000000, 2.000000, 3.000000
 95.666667, 1.156794, 0.372822, 1.006969, 1.456446
 105.333333, 1.060127, 0.395570, 1.034810, 1.487342
 95.000000, 0.673684, 0.291228, 0.891228, 1.224561
 102.333333, 0.697068, 0.254072, 0.973941, 1.273616
 92.333333, 0.707581, 0.285199, 1.223827, 1.552347
 101.666667, 0.767213, 0.272131, 1.295082, 1.606557
 100.333333, 0.767442, 0.375415, 1.056478, 1.475083
 93.666667, 0.654804, 0.227758, 1.355872, 1.626335
 100.000000, 0.680000, 0.300000, 1.250000, 1.593333
 104.333333, 0.808307, 0.290735, 1.057508, 1.392971
 100.000000, 1.026667, 0.413333, 1.003333, 1.463333
 102.333333, 1.169381, 0.371336, 0.990228, 1.410423
 100.000000, 0.706667, 0.273333, 0.890000, 1.210000
 100.333333, 0.631229, 0.265781, 0.943522, 1.259136
 101.666667, 0.826230, 0.344262, 0.986885, 1.380328
 97.333333, 0.657534, 0.267123, 1.181507, 1.503425
 96.666667, 0.710345, 0.324138, 1.017241, 1.386207
 100.000000, 0.483333, 0.273333, 0.983333, 1.303333
 78.333333, 0.736170, 0.323404, 0.910638, 1.276596
44
 0.250000, 1.000000, 0.000000, 1.000000, 1.000000
 96.333333, 0.913495, 0.439446, 1.034602, 1.525952
 99.666667, 0.889632, 0.411371, 1.030100, 1.491639
 98.333333, 0.715254, 0.301695, 0.959322, 1.301695
 99.333333, 0.597315, 0.268456, 0.929530, 1.238255
 102.000000, 1.000000, 0.313725, 1.205882, 1.575163
 97.000000, 0.542955, 0.230241, 1.292096, 1.567010
 104.000000, 0.714744, 0.368590, 0.977564, 1.403846
 106.666667, 1.125000, 0.343750, 1.437500, 1.825000
 102.333333, 0.566775, 0.234528, 1.286645, 1.563518
 103.666667, 0.781350, 0.254019, 1.022508, 1.331190
 97.333333, 0.773973, 0.386986, 0.972603, 1.410959
 84.000000, 0.746032, 0.412698, 0.968254, 1.432540
 104.333333, 0.837061, 0.383387, 0.984026, 1.412141
 100.333333, 0.807309, 0.255814, 0.953488, 1.255814
 96.000000, 0.704861, 0.315972, 0.930556, 1.291667
 93.333333, 0.639286, 0.225000, 1.207143, 1.478571
 94.000000, 0.638298, 0.312057, 1.067376, 1.425532
 102.666667, 0.613636, 0.259740, 0.970779, 1.282468
 81.333333, 0.668033, 0.303279, 0.934426, 1.303279
45
 0.250000, 0.000000, 0.000000, 1.000000, 1.000000
 94.000000, 0.773050, 0.382979, 1.035461, 1.471631
 93.333333, 0.964286, 0.446429, 1.032143, 1.539286
 106.000000, 0.820755, 0.298742, 0.908805, 1.254717
 105.666667, 0.706625, 0.264984, 0.981073, 1.287066
 97.000000, 0.948454, 0.353952, 1.274914, 1.676976
 99.333333, 0.520134, 0.241611, 1.261745, 1.546980
 98.333333, 0.681356, 0.328814, 0.986441, 1.359322
 104.666667, 0.773885, 0.257962, 1.385350, 1.687898
 99.000000, 0.686869, 0.306397, 1.353535, 1.703704
 105.000000, 0.857143, 0.301587, 1.053968, 1.412698
 96.333333, 0.754325, 0.401384, 0.944637, 1.391003
 100.333333, 1.299003, 0.425249, 1.033223, 1.504983
 106.333333, 0.868339, 0.307210, 0.952978, 1.304075
 96.333333, 0.477509, 0.318339, 1.062284, 1.435986
 109.000000, 1.045872, 0.370031, 0.948012, 1.373089
 97.666667, 0.621160, 0.286689, 1.208191, 1.542662
 98.000000, 0.741497, 0.414966, 1.108844, 1.568027
 97.666667, 0.645051, 0.269625, 0.952218, 1.269625
 75.333333, 0.460177, 0.265487, 0.938053, 1.252212
46
 0.250000, 1.000000, 0.000000, 1.000000, 1.000000
 95.000000, 0.750877, 0.392982, 0.961404, 1.428070
 103.000000, 0.970874, 0.404531, 1.006472, 1.466019
 100.666667, 0.758278, 0.301325, 0.874172, 1.218543
 105.333333, 0.984177, 0.284810, 1.145570, 1.471519
 95.000000, 0.831579, 0.249123, 1.270175, 1.568421
 95.333333, 0.416084, 0.234266, 1.388112, 1.671329
 104.333333, 1.476038, 0.527157, 0.952077, 1.520767
 98.000000, 0.523810, 0.255102, 1.506803, 1.802721
 97.666667, 0.402730, 0.201365, 1.276451, 1.522184
 101.000000, 0.729373, 0.260726, 0.960396, 1.273927
 107.000000, 1.183801, 0.451713, 0.894081, 1.389408
 95.333333, 0.989510, 0.363636, 0.944056, 1.353147
 112.000000, 0.880952, 0.300595, 0.934524, 1.279762
 97.000000, 0.536082, 0.285223, 1.013746, 1.340206
 107.666667, 1.015480, 0.349845, 0.956656, 1.359133
 93.333333, 0.514286, 0.253571, 1.146429, 1.453571
 100.666667, 0.970199, 0.364238, 1.013245, 1.423841
 105.000000, 0.612698, 0.276190, 1.000000, 1.323810
 80.333333, 0.701245, 0.269710, 0.908714, 1.224066
47
 0.250000, 2.000000, 0.000000, 1.000000, 2.000000
 90.666667, 0.735294, 0.327206, 0.911765, 1.294118
 107.000000, 1.211838, 0.404984, 1.034268, 1.501558
 96.333333, 0.605536, 0.262976, 0.882353, 1.190311
 97.333333, 0.609589, 0.294521, 1.017123, 1.359589
 97.666667, 0.846416, 0.317406, 1.194539, 1.563140
 96.666667, 0.413793, 0.224138, 1.268966, 1.541379
 100.333333, 0.840532, 0.308970, 1.003322, 1.355482
 93.000000, 0.609319, 0.247312, 1.283154, 1.577061
 98.000000, 0.568027, 0.265306, 1.197279, 1.503401
 102.666667, 0.912338, 0.295455, 1.048701, 1.409091
 100.333333, 0.877076, 0.375415, 0.940199, 1.365449
 100.000000, 0.960000, 0.340000, 1.013333, 1.410000
 105.666667, 0.810726, 0.328076, 0.993691, 1.365931
 98.666667, 0.601351, 0.290541, 0.993243, 1.327703
 101.000000, 0.600660, 0.303630, 0.980198, 1.333333
 100.333333, 0.637874, 0.255814, 1.142857, 1.441860
 99.000000, 0.925926, 0.363636, 1.040404, 1.451178
 108.333333, 0.676923, 0.286154, 0.926154, 1.255385
 81.666667, 0.734694, 0.338776, 1.016327, 1.424490
48
 0.250000, 0.000000, 0.000000, 1.000000, 1.000000
 99.333333, 0.946309, 0.419463, 0.966443, 1.436242
 98.666667, 0.895270, 0.351351, 0.993243, 1.395270
 93.666667, 0.644128, 0.295374, 0.850534, 1.192171
 104.333333, 0.587859, 0.284345, 0.926518, 1.252396
 89.666667, 0.483271, 0.342007, 1.204461, 1.602230
 100.666667, 0.817881, 0.344371, 1.281457, 1.665563
 101.000000, 0.755776, 0.339934, 1.039604, 1.429043
 95.666667, 0.644599, 0.229965, 1.278746, 1.554007
 100.333333, 0.820598, 0.312292, 1.282392, 1.631229
 99.000000, 0.757576, 0.249158, 1.074074, 1.370370
 98.333333, 1.216949, 0.461017, 1.040678, 1.562712
 93.000000, 0.992832, 0.344086, 0.899642, 1.290323
 101.666667, 0.681967, 0.324590, 0.940984, 1.314754
 103.666667, 0.755627, 0.295820, 0.983923, 1.347267
 107.000000, 0.894081, 0.320872, 0.881620, 1.246106
 93.333333, 0.260714, 0.260714, 1.264286, 1.582143
 100.000000, 0.736667, 0.336667, 1.050000, 1.433333
 106.666667, 0.712500, 0.262500, 0.996875, 1.306250
 79.666667, 0.648536, 0.292887, 0.941423, 1.280335
49
 0.200000, 1.000000, 1.000000, 1.000000, 2.000000
 102.000000, 0.924837, 0.356209, 0.931373, 1.336601
 97.000000, 0.879725, 0.357388, 1.024055, 1.429553
 104.000000, 1.025641, 0.320513, 0.923077, 1.291667
 95.666667, 0.480836, 0.285714, 0.951220, 1.278746
 93.666667, 0.693950, 0.345196, 1.074733, 1.480427
 93.333333, 0.621429, 0.246429, 1.246429, 1.539286
 105.333333, 0.939873, 0.335443, 1.088608, 1.465190
 102.666667, 1.100649, 0.311688, 1.516234, 1.873377
 101.000000, 0.541254, 0.214521, 1.280528, 1.534653
 96.333333, 0.574394, 0.321799, 1.000000, 1.366782
 94.333333, 0.992933, 0.416961, 0.946996, 1.420495
 92.333333, 0.754513, 0.357401, 1.072202, 1.483755
 100.000000, 0.726667, 0.296667, 0.983333, 1.323333
 103.000000, 0.686084, 0.304207, 0.941748, 1.291262
 99.000000, 0.922559, 0.303030, 0.969697, 1.316498
 94.000000, 0.478723, 0.244681, 1.237589, 1.528369
 95.666667, 0.770035, 0.327526, 0.993031, 1.393728
 104.000000, 0.592949, 0.272436, 1.022436, 1.342949
 74.000000, 0.603604, 0.279279, 0.927928, 1.252252
50
 0.200000, 0.000000, 1.000000, 1.000000, 2.000000
 103.000000, 1.126214, 0.368932, 0.909385, 1.330097
 103.333333, 1.203226, 0.383871, 1.006452, 1.438710
 100.333333, 0.681063, 0.279070, 0.880399, 1.209302
 107.666667, 0.662539, 0.284830, 0.965944, 1.294118
 90.333333, 0.837638, 0.332103, 1.295203, 1.671587
 96.000000, 0.256944, 0.236111, 1.156250, 1.440972
 95.666667, 0.665505, 0.296167, 1.010453, 1.358885
 104.333333, 0.718850, 0.287540, 1.405751, 1.734824
 92.333333, 0.429603, 0.220217, 1.115523, 1.382671
 103.333333, 0.900000, 0.316129, 1.003226, 1.367742
 104.000000, 1.028846, 0.378205, 0.910256, 1.330128
 94.000000, 0.879433, 0.386525, 0.971631, 1.400709
 106.666667, 0.871875, 0.268750, 0.950000, 1.268750
 99.333333, 0.563758, 0.258389, 0.993289, 1.315436
 110.000000, 1.354545, 0.396970, 0.966667, 1.412121
 99.666667, 0.561873, 0.257525, 1.177258, 1.484950
 102.333333, 0.749186, 0.361564, 1.006515, 1.416938
 107.666667, 0.746130, 0.303406, 0.959752, 1.309598
 80.000000, 0.695833, 0.341667, 0.995833, 1.379167
51
 0.250000, 0.000000, 0.000000, 1.000000, 1.000000
 87.666667, 0.524715, 0.319392, 0.920152, 1.292776
 106.333333, 1.084639, 0.373041, 0.984326, 1.404389
 98.666667, 0.638514, 0.280405, 0.925676, 1.256757
 105.333333, 0.778481, 0.253165, 1.006329, 1.306962
 91.333333, 0.591241, 0.277372, 1.178832, 1.503650
 90.333333, 0.350554, 0.261993, 1.295203, 1.594096
 103.333333, 0.700000, 0.325806, 0.948387, 1.319355
 94.333333, 0.445230, 0.268551, 1.547703, 1.862191
 100.000000, 0.753333, 0.353333, 1.306667, 1.700000
 104.666667, 0.828025, 0.318471, 1.085987, 1.449045
 89.333333, 0.701493, 0.369403, 0.891791, 1.317164
 97.000000, 0.810997, 0.319588, 1.034364, 1.408935
 104.000000, 0.679487, 0.291667, 0.939103, 1.278846
 106.333333, 0.824451, 0.285266, 1.031348, 1.382445
 108.333333, 1.283077, 0.390769, 0.947692, 1.393846
 94.333333, 0.335689, 0.229682, 1.088339, 1.363958
 103.333333, 0.912903, 0.319355, 1.077419, 1.445161
 106.000000, 0.591195, 0.301887, 0.911950, 1.254717
 80.000000, 0.483333, 0.270833, 0.887500, 1.200000
52
 0.250000, 11.000000, 9.000000, 0.000000, 10.000000
 100.333333, 0.996678, 0.398671, 0.993355, 1.461794
 100.000000, 0.960000, 0.363333, 0.996667, 1.413333
 97.666667, 0.706485, 0.286689, 0.931741, 1.259386
 107.333333, 0.770186, 0.267081, 0.913043, 1.223602
 91.333333, 0.704380, 0.281022, 1.266423, 1.587591
 100.666667, 0.569536, 0.235099, 1.284768, 1.562914
 95.333333, 0.695804, 0.318182, 0.968531, 1.349650
 88.000000, 0.409091, 0.253788, 1.405303, 1.704545
 98.666667, 0.638514, 0.229730, 1.256757, 1.533784
 104.333333, 0.696486, 0.319489, 1.054313, 1.418530
 98.666667, 0.935811, 0.523649, 1.070946, 1.641892
 102.000000, 1.042484, 0.375817, 0.915033, 1.333333
 102.333333, 0.641694, 0.270358, 0.938111, 1.257329
 100.000000, 0.686667, 0.286667, 0.970000, 1.303333
 106.666667, 0.865625, 0.328125, 1.028125, 1.403125
 95.333333, 0.377622, 0.230769, 1.118881, 1.402098
 102.666667, 1.220779, 0.399351, 0.996753, 1.441558
 103.333333, 0.619355, 0.274194, 0.970968, 1.287097
 81.000000, 0.757202, 0.316872, 0.884774, 1.259259
53
 0.250000, 8.000000, 9.000000, 1.000000, 11.000000
 94.333333, 0.964664, 0.378092, 0.989399, 1.427562
 104.333333, 1.086262, 0.392971, 0.984026, 1.437700
 99.000000, 0.848485, 0.276094, 1.026936, 1.346801
 103.000000, 0.469256, 0.275081, 1.006472, 1.326861
 98.000000, 0.659864, 0.295918, 1.166667, 1.510204
 95.333333, 0.486014, 0.216783, 1.381119, 1.646853
 98.666667, 0.638514, 0.327703, 0.966216, 1.341216
 98.666667, 0.746622, 0.293919, 1.418919, 1.763514
 103.666667, 0.437299, 0.244373, 1.163987, 1.446945
 102.666667, 0.938312, 0.337662, 1.012987, 1.396104
 106.333333, 1.275862, 0.454545, 1.018809, 1.520376
 91.000000, 0.871795, 0.391941, 0.959707, 1.428571
 98.666667, 0.621622, 0.324324, 0.945946, 1.317568
 102.000000, 0.617647, 0.261438, 0.986928, 1.290850
 101.000000, 0.699670, 0.303630, 0.986799, 1.336634
 100.000000, 0.676667, 0.243333, 1.210000, 1.503333
 105.666667, 0.738170, 0.337539, 1.044164, 1.422713
 102.666667, 0.493506, 0.266234, 0.977273, 1.288961
 86.000000, 0.875969, 0.317829, 0.984496, 1.348837
54
 0.250000, 10.000000, 9.000000, 0.000000, 10.000000
 98.333333, 1.118644, 0.349153, 0.938983, 1.352542
 100.666667, 1.152318, 0.367550, 1.029801, 1.453642
 96.000000, 0.736111, 0.298611, 0.958333, 1.298611
 108.666667, 0.791411, 0.297546, 0.972393, 1.315951
 93.000000, 0.777778, 0.279570, 1.211470, 1.537634
 94.000000, 0.574468, 0.237589, 1.326241, 1.609929
 103.666667, 1.048232, 0.308682, 1.032154, 1.385852
 99.000000, 0.606061, 0.279461, 1.498316, 1.824916
 109.666667, 0.799392, 0.237082, 1.279635, 1.559271
 107.666667, 1.012384, 0.312693, 1.009288, 1.371517
 106.333333, 1.169279, 0.410658, 1.012539, 1.467085
 99.666667, 1.351171, 0.374582, 0.983278, 1.408027
 104.000000, 0.625000, 0.323718, 1.012821, 1.378205
 98.333333, 0.671186, 0.328814, 0.935593, 1.325424
 104.000000, 0.826923, 0.326923, 0.894231, 1.266026
 95.000000, 0.452632, 0.284211, 1.200000, 1.526316
 98.000000, 0.870748, 0.411565, 1.105442, 1.561224
 103.333333, 0.780645, 0.287097, 1.012903, 1.341935
 74.666667, 0.450893, 0.254464, 0.924107, 1.227679
55
 0.250000, 10.000000, 9.000000, 0.000000, 10.000000
 98.333333, 0.911864, 0.301695, 0.911864, 1.274576
 111.000000, 1.354354, 0.378378, 0.921922, 1.354354
 90.666667, 0.625000, 0.294118, 0.941176, 1.279412
 107.333333, 0.816770, 0.273292, 1.052795, 1.366460
 88.666667, 0.590226, 0.304511, 1.221805, 1.578947
 95.000000, 0.642105, 0.231579, 1.277193, 1.554386
 101.333333, 0.858553, 0.302632, 1.016447, 1.365132
 96.333333, 0.425606, 0.214533, 1.363322, 1.622837
 98.333333, 0.613559, 0.233898, 1.301695, 1.583051
 103.000000, 0.796117, 0.275081, 1.003236, 1.323625
 95.666667, 0.832753, 0.432056, 1.000000, 1.480836
 96.666667, 1.065517, 0.544828, 1.048276, 1.637931
 101.000000, 0.871287, 0.313531, 0.960396, 1.323432
 99.333333, 0.828859, 0.281879, 0.956376, 1.298658
 103.333333, 0.780645, 0.300000, 1.012903, 1.358065
 94.000000, 0.524823, 0.297872, 1.148936, 1.489362
 94.333333, 0.508834, 0.293286, 1.109541, 1.445230
 102.666667, 0.435065, 0.262987, 0.974026, 1.314935
 74.666667, 0.352679, 0.299107, 0.910714, 1.258929
56
 0.250000, 5.000000, 10.000000, 1.000000, 11.000000
 94.333333, 0.929329, 0.353357, 0.961131, 1.374558
 98.000000, 0.976190, 0.357143, 1.006803, 1.411565
 95.000000, 0.592982, 0.298246, 0.947368, 1.298246
 105.000000, 0.593651, 0.269841, 0.961905, 1.273016
 88.666667, 0.454887, 0.330827, 1.229323, 1.605263
 93.000000, 0.494624, 0.250896, 1.215054, 1.508961
 103.000000, 1.139159, 0.336570, 1.077670, 1.462783
 96.666667, 0.631034, 0.289655, 1.424138, 1.758621
 100.666667, 0.619205, 0.271523, 1.238411, 1.559603
 107.000000, 0.694704, 0.295950, 0.971963, 1.311526
 92.333333, 0.909747, 0.472924, 1.032491, 1.545126
 93.000000, 0.756272, 0.344086, 0.971326, 1.358423
 104.333333, 0.843450, 0.335463, 0.929712, 1.322684
 100.666667, 0.572848, 0.254967, 0.986755, 1.284768
 112.333333, 1.519288, 0.424332, 0.887240, 1.356083
 98.666667, 0.891892, 0.307432, 1.243243, 1.597973
 101.333333, 0.878289, 0.381579, 1.072368, 1.496711
 114.333333, 0.941691, 0.282799, 0.997085, 1.320700
 74.000000, 0.531532, 0.310811, 0.959459, 1.319820
57
 0.250000, 2.000000, 1.000000, 4.000000, 6.000000
 104.000000, 1.076923, 0.323718, 0.887821, 1.282051
 97.666667, 1.054608, 0.406143, 0.979522, 1.443686
 93.666667, 0.505338, 0.295374, 0.907473, 1.252669
 101.000000, 0.544554, 0.267327, 1.108911, 1.432343
 92.000000, 0.731884, 0.286232, 1.177536, 1.507246
 98.000000, 0.387755, 0.248299, 1.268707, 1.557823
 99.000000, 0.845118, 0.262626, 1.010101, 1.316498
 98.000000, 0.564626, 0.238095, 1.343537, 1.629252
 99.333333, 0.738255, 0.248322, 1.258389, 1.550336
 99.333333, 0.691275, 0.308725, 0.956376, 1.312081
 98.000000, 1.190476, 0.459184, 1.068027, 1.571429
 95.666667, 0.888502, 0.376307, 1.062718, 1.491289
 93.000000, 0.494624, 0.304659, 1.025090, 1.383513
 99.666667, 0.638796, 0.284281, 1.013378, 1.347826
 104.000000, 1.115385, 0.333333, 0.929487, 1.314103
 97.333333, 0.619863, 0.297945, 1.205479, 1.547945
 102.333333, 1.104235, 0.420195, 1.003257, 1.465798
 111.000000, 0.717718, 0.303303, 0.912913, 1.261261
 73.666667, 0.696833, 0.389140, 0.936652, 1.384615
58
 0.250000, 4.000000, 5.000000, 0.000000, 6.000000
 93.333333, 0.710714, 0.346429, 0.875000, 1.282143
 100.666667, 1.109272, 0.387417, 1.046358, 1.486755
 100.333333, 0.757475, 0.292359, 0.970100, 1.308970
 112.666667, 0.784024, 0.248521, 0.988166, 1.275148
 91.666667, 0.847273, 0.352727, 1.243636, 1.640000
 99.333333, 0.560403, 0.224832, 1.204698, 1.473154
 99.666667, 0.772575, 0.334448, 1.083612, 1.468227
 91.666667, 0.767273, 0.247273, 1.527273, 1.821818
 104.666667, 0.917197, 0.292994, 1.232484, 1.579618
 95.000000, 0.571930, 0.329825, 1.035088, 1.414035
 99.333333, 1.097315, 0.526846, 0.956376, 1.540268
 102.333333, 1.416938, 0.534202, 1.009772, 1.586319
 102.333333, 0.938111, 0.309446, 1.013029, 1.368078
 97.333333, 0.489726, 0.246575, 0.982877, 1.273973
 104.333333, 0.696486, 0.293930, 0.900958, 1.242812
 100.666667, 0.605960, 0.294702, 1.129139, 1.470199
 98.000000, 0.704082, 0.312925, 1.010204, 1.370748
 105.000000, 0.765079, 0.257143, 0.996825, 1.298413
 76.666667, 0.700000, 0.278261, 0.886957, 1.213043
59
 0.250000, 2.000000, 0.000000, 0.000000, 1.000000
 91.333333, 0.616788, 0.339416, 0.886861, 1.277372
 96.666667, 0.910345, 0.372414, 0.986207, 1.410345
 98.333333, 0.705085, 0.291525, 0.844068, 1.176271
 101.000000, 0.514851, 0.270627, 0.973597, 1.287129
 98.000000, 0.952381, 0.292517, 1.173469, 1.510204
 96.000000, 0.493056, 0.204861, 1.305556, 1.552083
 101.000000, 0.732673, 0.320132, 0.953795, 1.320132
 98.666667, 0.550676, 0.233108, 1.361486, 1.648649
 96.000000, 0.322917, 0.201389, 1.326389, 1.576389
 106.666667, 1.071875, 0.300000, 0.996875, 1.359375
 95.333333, 1.104895, 0.374126, 0.986014, 1.405594
 98.000000, 1.380952, 0.476190, 1.047619, 1.571429
 102.333333, 0.684039, 0.270358, 0.996743, 1.315961
 97.666667, 0.576792, 0.276451, 1.000000, 1.320819
 99.333333, 0.912752, 0.338926, 0.946309, 1.328859
 98.666667, 0.672297, 0.239865, 1.152027, 1.435811
 98.000000, 0.707483, 0.302721, 0.938776, 1.285714
 109.333333, 0.774390, 0.268293, 0.914634, 1.222561
 80.000000, 0.758333, 0.275000, 0.983333, 1.295833
60
 0.250000, 4.000000, 0.000000, 1.000000, 2.000000
 89.000000, 0.595506, 0.337079, 0.910112, 1.314607
 100.333333, 0.973422, 0.352159, 0.970100, 1.388704
 99.000000, 0.781145, 0.437710, 1.020202, 1.501684
 111.333333, 0.679641, 0.263473, 0.937126, 1.242515
 95.333333, 0.702797, 0.300699, 1.279720, 1.639860
 99.333333, 0.721477, 0.238255, 1.325503, 1.614094
 98.000000, 0.625850, 0.312925, 1.000000, 1.357143
 101.666667, 0.829508, 0.311475, 1.304918, 1.659016
 93.333333, 0.425000, 0.282143, 1.253571, 1.585714
 98.666667, 0.760135, 0.297297, 1.074324, 1.418919
 97.333333, 0.979452, 0.424658, 1.037671, 1.510274
 95.333333, 0.849650, 0.391608, 0.930070, 1.370629
 100.000000, 0.603333, 0.273333, 0.923333, 1.240000
 96.000000, 0.486111, 0.298611, 0.909722, 1.270833
 110.666667, 1.340361, 0.451807, 1.027108, 1.536145
 97.000000, 0.546392, 0.264605, 1.178694, 1.487973
 100.000000, 0.926667, 0.313333, 1.066667, 1.430000
 107.000000, 0.526480, 0.249221, 1.024922, 1.317757
 77.333333, 0.573276, 0.288793, 0.883621, 1.215517
61
 0.250000, 5.000000, 0.000000, 1.000000, 2.000000
 91.666667, 0.763636, 0.280000, 0.952727, 1.287273
 96.333333, 0.858131, 0.356401, 1.013841, 1.422145
 99.333333, 0.671141, 0.302013, 0.869128, 1.221477
 100.666667, 0.569536, 0.284768, 0.996689, 1.341060
 92.000000, 0.713768, 0.402174, 1.293478, 1.742754
 97.333333, 0.421233, 0.243151, 1.219178, 1.503425
 98.666667, 0.594595, 0.351351, 0.942568, 1.337838
 99.666667, 0.515050, 0.260870, 1.548495, 1.856187
 97.333333, 0.589041, 0.239726, 1.239726, 1.527397
 102.000000, 0.836601, 0.320261, 1.055556, 1.424837
 92.666667, 0.730216, 0.370504, 0.953237, 1.384892
 91.000000, 1.007326, 0.388278, 1.000000, 1.432234
 102.333333, 0.863192, 0.289902, 0.983713, 1.319218
 100.666667, 0.619205, 0.334437, 0.976821, 1.397351
 98.666667, 0.709459, 0.297297, 0.986486, 1.331081
 102.666667, 0.805195, 0.279221, 1.224026, 1.551948
 94.000000, 0.648936, 0.351064, 1.156028, 1.570922
 102.000000, 0.630719, 0.326797, 0.977124, 1.346405
 79.000000, 0.848101, 0.312236, 0.991561, 1.354430
62
 0.250000, 4.000000, 0.000000, 1.000000, 2.000000
 89.000000, 0.610487, 0.355805, 0.921348, 1.325843
 96.666667, 1.089655, 0.382759, 1.010345, 1.437931
 98.333333, 0.725424, 0.335593, 0.905085, 1.284746
 103.666667, 0.440514, 0.286174, 1.173633, 1.501608
 92.666667, 0.597122, 0.291367, 1.205036, 1.539568
 99.333333, 0.822148, 0.328859, 1.271812, 1.644295
 96.666667, 0.772414, 0.341379, 1.020690, 1.406897
 97.666667, 0.631399, 0.303754, 1.406143, 1.750853
 102.000000, 0.513072, 0.215686, 1.248366, 1.506536
 104.666667, 0.601911, 0.296178, 1.022293, 1.359873
 96.000000, 0.767361, 0.416667, 1.055556, 1.520833
 92.666667, 0.802158, 0.356115, 0.967626, 1.374101
 103.333333, 0.606452, 0.287097, 0.967742, 1.300000
 97.000000, 0.618557, 0.323024, 1.013746, 1.405498
 106.666667, 0.915625, 0.390625, 0.968750, 1.406250
 94.666667, 0.380282, 0.235915, 1.211268, 1.503521
 101.333333, 0.703947, 0.259868, 1.075658, 1.381579
 105.333333, 0.509494, 0.265823, 0.974684, 1.284810
 78.666667, 0.826271, 0.360169, 0.851695, 1.271186
63
 0.250000, 7.000000, 0.000000, 1.000000, 1.000000
 98.666667, 1.074324, 0.361486, 0.875000, 1.287162
 100.000000, 1.096667, 0.310000, 0.900000, 1.260000
 96.333333, 0.602076, 0.301038, 0.958478, 1.311419
 107.000000, 0.651090, 0.277259, 0.968847, 1.292835
 93.000000, 0.741935, 0.354839, 1.132616, 1.534050
 95.333333, 0.377622, 0.213287, 1.356643, 1.615385
 102.666667, 0.860390, 0.308442, 0.974026, 1.324675
 88.666667, 0.421053, 0.266917, 1.278195, 1.593985
 103.333333, 0.448387, 0.200000, 1.241935, 1.487097
 98.333333, 0.816949, 0.349153, 1.094915, 1.491525
 93.666667, 0.679715, 0.444840, 0.989324, 1.476868
 98.666667, 1.121622, 0.469595, 0.935811, 1.462838
 105.333333, 0.746835, 0.363924, 1.037975, 1.449367
 100.000000, 0.703333, 0.296667, 0.940000, 1.290000
 101.666667, 0.783607, 0.308197, 0.954098, 1.314754
 96.000000, 0.524306, 0.263889, 1.253472, 1.559028
 99.333333, 0.748322, 0.295302, 1.043624, 1.385906
 112.000000, 0.657738, 0.244048, 0.970238, 1.270833
 79.666667, 0.619247, 0.297071, 0.916318, 1.259414
Histogram
0 0 0 0 0 0 0 0 0 0 11 12 224 371 283 183 92 30 18 1 9 1 0 0 0 0 0 0 0 0 2 0 0 0 0 0 0 0 0 0 0 0 0 0 0 0 0 0 0 0 1 0 0 0 0 0 0 0 0 0 5 0 0 0 0 0 0 0 0 0 0 0 0 0 0 0 0 0 0 0 1 0 0 0 0 0 0 0 0 0 0 0 0 0 0 0 0 0 0 0 5 0 0 0 0 0 0 0 0 0 3 0 0 0 0 0 0 0 0 28 
Cache Miss Ratio
NaN
numOfSets
373262
numOfGets
0
numOfMultiGets
0
