20
0
 0.250000, 19.000000, 0.000000, 37.000000, 70.000000
 390.666667, 4.715017, 0.777304, 1.178328, 2.012799
 361.000000, 4.335180, 0.694367, 1.206833, 1.945522
 445.666667, 4.487659, 0.628272, 1.154824, 1.824233
 432.000000, 4.691358, 0.611883, 1.094136, 1.745370
 393.333333, 4.434746, 0.664407, 1.200000, 1.904237
 429.666667, 4.611327, 0.678821, 1.211792, 1.932506
 446.666667, 4.231343, 0.574627, 1.159701, 1.773134
 441.333333, 4.500755, 0.599698, 1.101964, 1.738671
 451.333333, 4.632201, 0.631462, 1.166174, 1.833826
 428.333333, 4.521401, 0.580545, 1.122179, 1.742412
 464.666667, 4.794118, 0.629842, 1.141320, 1.812052
 456.333333, 4.735573, 0.623813, 1.140979, 1.805698
 341.333333, 4.211914, 0.623047, 1.086914, 1.750977
 394.000000, 4.317259, 0.552453, 1.112521, 1.703892
 395.333333, 4.354975, 0.612142, 1.137437, 1.795110
 389.000000, 4.472151, 0.571551, 1.006855, 1.614396
 391.333333, 4.565588, 0.602215, 1.126065, 1.770869
 393.333333, 4.350847, 0.586441, 1.063559, 1.688983
 384.333333, 4.214224, 0.635733, 1.293148, 1.967042
1
 0.250000, 19.000000, 0.000000, 52.000000, 105.000000
 383.666667, 4.602085, 0.869679, 1.202433, 2.135534
 371.000000, 4.711590, 0.687332, 1.184187, 1.920036
 439.000000, 4.337130, 0.622627, 1.160972, 1.828398
 430.333333, 4.889233, 0.592564, 1.108443, 1.742835
 397.333333, 4.700503, 0.660235, 1.176174, 1.876678
 434.666667, 4.789110, 0.660276, 1.201687, 1.907209
 439.666667, 4.386657, 0.584534, 1.155421, 1.782411
 446.333333, 4.509335, 0.578043, 1.085138, 1.704257
 449.666667, 4.455152, 0.627131, 1.169755, 1.839140
 434.000000, 4.631336, 0.576805, 1.100614, 1.715822
 464.000000, 4.475575, 0.619971, 1.147270, 1.814655
 457.666667, 4.639476, 0.623452, 1.123816, 1.789512
 342.000000, 4.316764, 0.603314, 1.067251, 1.714425
 388.666667, 4.237564, 0.551458, 1.123499, 1.714408
 396.000000, 4.321549, 0.632997, 1.145623, 1.818182
 394.000000, 4.531303, 0.576142, 0.975465, 1.591371
 396.666667, 4.411765, 0.601681, 1.117647, 1.757143
 389.666667, 4.412318, 0.593670, 1.054748, 1.692044
 387.666667, 4.364574, 0.652623, 1.273431, 1.966466
2
 0.250000, 19.000000, 0.000000, 54.000000, 104.000000
 390.000000, 4.734188, 0.831624, 1.190598, 2.073504
 372.666667, 4.774597, 0.682469, 1.181574, 1.915027
 446.333333, 4.622853, 0.642270, 1.164302, 1.845407
 430.000000, 4.737209, 0.604651, 1.093798, 1.737209
 392.666667, 4.621392, 0.654499, 1.208829, 1.908319
 430.333333, 4.532146, 0.663052, 1.185902, 1.892332
 450.000000, 4.468889, 0.605185, 1.159259, 1.811111
 440.666667, 4.372163, 0.596067, 1.084720, 1.721634
 455.000000, 4.586813, 0.639560, 1.136264, 1.811722
 443.000000, 4.845749, 0.578631, 1.103837, 1.720843
 463.333333, 4.718705, 0.614388, 1.150360, 1.805036
 461.000000, 4.586406, 0.640636, 1.143890, 1.828633
 333.666667, 3.967033, 0.632368, 1.088911, 1.760240
 395.000000, 4.444726, 0.540084, 1.116456, 1.708017
 398.666667, 4.410535, 0.627926, 1.105351, 1.771739
 394.333333, 4.566357, 0.554522, 0.994083, 1.584954
 384.000000, 4.423611, 0.605035, 1.109375, 1.758681
 394.666667, 4.344595, 0.586149, 1.057432, 1.682432
 375.666667, 4.145519, 0.659272, 1.307897, 2.006211
3
 0.250000, 19.000000, 2.000000, 54.000000, 104.000000
 380.333333, 4.763365, 0.796670, 1.217353, 2.075372
 368.666667, 4.594033, 0.683544, 1.193490, 1.923146
 446.666667, 4.632836, 0.652985, 1.170896, 1.861194
 425.333333, 4.619906, 0.621473, 1.108150, 1.771160
 395.000000, 4.597468, 0.655696, 1.187342, 1.881013
 426.333333, 4.485536, 0.639562, 1.208757, 1.885848
 442.333333, 4.313489, 0.628485, 1.164280, 1.834213
 450.000000, 4.543704, 0.605926, 1.085185, 1.731111
 452.666667, 4.682622, 0.634757, 1.164212, 1.837261
 432.333333, 4.733231, 0.585197, 1.104857, 1.732460
 466.000000, 4.853362, 0.628755, 1.154506, 1.822604
 461.666667, 4.665704, 0.620217, 1.129964, 1.792058
 336.000000, 4.041667, 0.600198, 1.061508, 1.699405
 391.000000, 4.118500, 0.552430, 1.113384, 1.704177
 399.666667, 4.301918, 0.628023, 1.125104, 1.790659
 388.666667, 4.361921, 0.559177, 0.993139, 1.595197
 382.333333, 4.120314, 0.586748, 1.136879, 1.762860
 395.333333, 4.145025, 0.623946, 1.049747, 1.715008
 378.333333, 4.044934, 0.641410, 1.312775, 1.997357
4
 0.250000, 19.000000, 1.000000, 51.000000, 104.000000
 382.666667, 4.643728, 0.815331, 1.191638, 2.069686
 369.666667, 4.517583, 0.668170, 1.196573, 1.911632
 442.666667, 4.408886, 0.640813, 1.170181, 1.850151
 434.333333, 4.789716, 0.623945, 1.083653, 1.752878
 391.000000, 4.381927, 0.653026, 1.196931, 1.891731
 426.333333, 4.427678, 0.655199, 1.189210, 1.885848
 454.000000, 4.767988, 0.607195, 1.140969, 1.789280
 444.666667, 4.408546, 0.582459, 1.080960, 1.701649
 453.000000, 4.670346, 0.626932, 1.150846, 1.816777
 426.333333, 4.573886, 0.591087, 1.116497, 1.747459
 464.666667, 4.741750, 0.612626, 1.139168, 1.788379
 455.333333, 4.327965, 0.601025, 1.148609, 1.789165
 335.000000, 3.906468, 0.607960, 1.075622, 1.723383
 391.000000, 4.253197, 0.549020, 1.122762, 1.709292
 400.333333, 4.202331, 0.625312, 1.105745, 1.771024
 385.666667, 4.335350, 0.573898, 1.000000, 1.612792
 384.666667, 4.380416, 0.597920, 1.134315, 1.777296
 390.666667, 4.186007, 0.590444, 1.058020, 1.691980
 375.000000, 3.827556, 0.644444, 1.308444, 1.991111
5
 0.250000, 19.000000, 7.000000, 54.000000, 103.000000
 388.666667, 4.718696, 0.758148, 1.192110, 2.001715
 370.000000, 4.575676, 0.682883, 1.197297, 1.922523
 449.000000, 4.499629, 0.663697, 1.158872, 1.861915
 429.666667, 4.678821, 0.595811, 1.093095, 1.730799
 391.666667, 4.595745, 0.663830, 1.183830, 1.887660
 433.333333, 4.686923, 0.632308, 1.195385, 1.865385
 454.333333, 4.619956, 0.630961, 1.159208, 1.834189
 447.333333, 4.488823, 0.598361, 1.087928, 1.731744
 450.333333, 4.442635, 0.626943, 1.156921, 1.822354
 430.000000, 4.448062, 0.593023, 1.114729, 1.744186
 473.666667, 5.146376, 0.617875, 1.125968, 1.781844
 464.000000, 4.670259, 0.631466, 1.115661, 1.790230
 341.000000, 4.026393, 0.607038, 1.063539, 1.708700
 390.333333, 4.086251, 0.555081, 1.138343, 1.731853
 395.666667, 4.437237, 0.621735, 1.118787, 1.778433
 388.666667, 4.274443, 0.555746, 0.998285, 1.590909
 385.000000, 4.183550, 0.593074, 1.109957, 1.742857
 393.000000, 4.206955, 0.620865, 1.060221, 1.721798
 379.666667, 4.125549, 0.650571, 1.293240, 1.985953
6
 0.250000, 19.000000, 21.000000, 27.000000, 61.000000
 381.000000, 4.468066, 0.762905, 1.195976, 2.024497
 370.333333, 4.647165, 0.666067, 1.188119, 1.901890
 440.333333, 4.517790, 0.636639, 1.168812, 1.844815
 426.333333, 4.563722, 0.593432, 1.096951, 1.730258
 393.666667, 4.381880, 0.662151, 1.176969, 1.889924
 427.333333, 4.506240, 0.641186, 1.198128, 1.878315
 451.000000, 4.561715, 0.597931, 1.155211, 1.792313
 442.666667, 4.274849, 0.579819, 1.093373, 1.713102
 446.666667, 4.500000, 0.599254, 1.164925, 1.805224
 430.333333, 4.376452, 0.595662, 1.118513, 1.752130
 462.666667, 4.624640, 0.618876, 1.141210, 1.801873
 453.666667, 4.331374, 0.603968, 1.138134, 1.784717
 341.333333, 4.263672, 0.618164, 1.065430, 1.729492
 388.000000, 4.312715, 0.551546, 1.134880, 1.723368
 399.333333, 4.424875, 0.630217, 1.111853, 1.784641
 387.666667, 4.343078, 0.552880, 0.993981, 1.586414
 393.666667, 4.173582, 0.605419, 1.121931, 1.765453
 391.666667, 4.334468, 0.585532, 1.060426, 1.684255
 379.333333, 4.051845, 0.615114, 1.315466, 1.969244
7
 0.250000, 18.000000, 7.000000, 20.000000, 95.000000
 379.333333, 4.549209, 0.760105, 1.229350, 2.042179
 375.666667, 4.885537, 0.674357, 1.158829, 1.883762
 439.666667, 4.396513, 0.641395, 1.166793, 1.849886
 430.666667, 4.653251, 0.594427, 1.096749, 1.739164
 398.000000, 4.614740, 0.660804, 1.190117, 1.890285
 434.666667, 4.669479, 0.661043, 1.187117, 1.887270
 450.333333, 4.270170, 0.597335, 1.147298, 1.783864
 444.000000, 4.451201, 0.587087, 1.095345, 1.721471
 454.000000, 4.584435, 0.607195, 1.157856, 1.802496
 428.000000, 4.254673, 0.583333, 1.123053, 1.743769
 470.333333, 4.799433, 0.637845, 1.136074, 1.813607
 455.000000, 4.550916, 0.623443, 1.147253, 1.813919
 336.333333, 4.207136, 0.603568, 1.074331, 1.719524
 392.666667, 4.329372, 0.547538, 1.109508, 1.697793
 402.000000, 4.552239, 0.634328, 1.126036, 1.798507
 393.000000, 4.391009, 0.572519, 0.979644, 1.589483
 393.666667, 4.572396, 0.602879, 1.132938, 1.773920
 399.000000, 4.515455, 0.614035, 1.037594, 1.694236
 374.000000, 3.702317, 0.620321, 1.314617, 1.981283
8
 0.250000, 16.000000, 17.000000, 16.000000, 96.000000
 388.333333, 4.660944, 0.811159, 1.189700, 2.061803
 379.666667, 4.695347, 0.690957, 1.135206, 1.874451
 438.000000, 4.315068, 0.620244, 1.156012, 1.815068
 424.666667, 4.678179, 0.602826, 1.114600, 1.755887
 400.333333, 4.696087, 0.658618, 1.173189, 1.871774
 437.666667, 4.718964, 0.649657, 1.171363, 1.859101
 448.333333, 4.406691, 0.598513, 1.144981, 1.788848
 439.666667, 4.310083, 0.591357, 1.108415, 1.740713
 456.000000, 4.628655, 0.616959, 1.154240, 1.807018
 431.666667, 4.402317, 0.586873, 1.115058, 1.744402
 470.000000, 4.874468, 0.622695, 1.136170, 1.797872
 459.333333, 4.577649, 0.621190, 1.122642, 1.794630
 343.666667, 4.455868, 0.642095, 1.062076, 1.742968
 397.000000, 4.536524, 0.555835, 1.111671, 1.713686
 399.000000, 4.391813, 0.614871, 1.130326, 1.782790
 391.000000, 4.480818, 0.567775, 0.984655, 1.590793
 394.666667, 4.469595, 0.597973, 1.097128, 1.733953
 394.000000, 4.233503, 0.608291, 1.051607, 1.697970
 391.333333, 4.252129, 0.632879, 1.279387, 1.948893
9
 0.250000, 12.000000, 35.000000, 41.000000, 98.000000
 387.000000, 4.668389, 0.857881, 1.198966, 2.118002
 366.333333, 4.395814, 0.669700, 1.198362, 1.914468
 445.666667, 4.385939, 0.632012, 1.162304, 1.836200
 425.666667, 4.426782, 0.559906, 1.106500, 1.707126
 394.666667, 4.346284, 0.657095, 1.186655, 1.889358
 436.000000, 4.898318, 0.646024, 1.192661, 1.877676
 450.333333, 4.390822, 0.646928, 1.153220, 1.843079
 439.666667, 4.196361, 0.598939, 1.101592, 1.742229
 455.333333, 4.579795, 0.620791, 1.150073, 1.806735
 435.333333, 4.725881, 0.568147, 1.108729, 1.717458
 464.000000, 4.844109, 0.627155, 1.142241, 1.807471
 466.000000, 4.797568, 0.619456, 1.124464, 1.784692
 340.666667, 4.322896, 0.615460, 1.067515, 1.724070
 394.000000, 4.285956, 0.564298, 1.121827, 1.725042
 403.666667, 4.452519, 0.622626, 1.121387, 1.779521
 381.666667, 4.156332, 0.577293, 1.000000, 1.614847
 384.666667, 4.209705, 0.611785, 1.123050, 1.775563
 389.000000, 4.258783, 0.592117, 1.064267, 1.694944
 386.666667, 4.209483, 0.641379, 1.278448, 1.964655
10
 0.250000, 13.000000, 52.000000, 36.000000, 98.000000
 380.666667, 4.527145, 0.781961, 1.204904, 2.041156
 375.333333, 4.536412, 0.712256, 1.185613, 1.942274
 445.000000, 4.441948, 0.650187, 1.169288, 1.864419
 421.666667, 4.444269, 0.607115, 1.109881, 1.755731
 392.000000, 4.360544, 0.651361, 1.199830, 1.891156
 436.333333, 4.768526, 0.659282, 1.206264, 1.903743
 456.666667, 4.754745, 0.632117, 1.134307, 1.810219
 442.333333, 4.398644, 0.581010, 1.082894, 1.707611
 450.666667, 4.556953, 0.650148, 1.169379, 1.860947
 426.666667, 4.474219, 0.575781, 1.110156, 1.728906
 464.000000, 4.591954, 0.625000, 1.148707, 1.813218
 463.000000, 4.596832, 0.635709, 1.138229, 1.814975
 336.666667, 4.089109, 0.605941, 1.070297, 1.717822
 389.333333, 4.250856, 0.535959, 1.113014, 1.693493
 399.333333, 4.580968, 0.616027, 1.120200, 1.777129
 387.000000, 4.291128, 0.556417, 0.997416, 1.591731
 390.000000, 4.248718, 0.606838, 1.113675, 1.764103
 388.666667, 4.120069, 0.590051, 1.054889, 1.687822
 387.000000, 3.956072, 0.610680, 1.270457, 1.916451
11
 0.250000, 19.000000, 37.000000, 3.000000, 94.000000
 389.000000, 4.604970, 0.887746, 1.205656, 2.143102
 371.000000, 4.733154, 0.662174, 1.175202, 1.884097
 440.666667, 4.468986, 0.645991, 1.173979, 1.858548
 426.000000, 4.615806, 0.597027, 1.101721, 1.742567
 398.000000, 4.544389, 0.663317, 1.179229, 1.881072
 430.333333, 4.561580, 0.666150, 1.235476, 1.951201
 451.333333, 4.494830, 0.660266, 1.163959, 1.865583
 446.000000, 4.395366, 0.607623, 1.091928, 1.737668
 452.333333, 4.652911, 0.636699, 1.154753, 1.830508
 426.000000, 4.436620, 0.561033, 1.129108, 1.726917
 468.000000, 4.667379, 0.621083, 1.129630, 1.792735
 463.666667, 4.373113, 0.632638, 1.130841, 1.802301
 348.333333, 4.511005, 0.578947, 1.032536, 1.648804
 388.666667, 4.027444, 0.548885, 1.129503, 1.716981
 402.000000, 4.564677, 0.622720, 1.124378, 1.787728
 387.333333, 4.360585, 0.543890, 0.989673, 1.570568
 388.666667, 4.423671, 0.604631, 1.111492, 1.759005
 392.666667, 4.266553, 0.581494, 1.034805, 1.666384
 376.333333, 3.867139, 0.640390, 1.310895, 1.991143
12
 0.250000, 6.000000, 51.000000, 2.000000, 100.000000
 382.000000, 4.628272, 0.689354, 1.196335, 1.944154
 371.000000, 4.717880, 0.679245, 1.180593, 1.902066
 445.666667, 4.479432, 0.648467, 1.164547, 1.854151
 427.000000, 4.501171, 0.583138, 1.099141, 1.720531
 395.666667, 4.495366, 0.662174, 1.197978, 1.902275
 429.000000, 4.571873, 0.673660, 1.220668, 1.931624
 447.333333, 4.304769, 0.595380, 1.154247, 1.787630
 447.000000, 4.484713, 0.601790, 1.096197, 1.738255
 453.000000, 4.695364, 0.657101, 1.155997, 1.851361
 430.333333, 4.625097, 0.564679, 1.115414, 1.720372
 468.333333, 4.806406, 0.609253, 1.138790, 1.785053
 457.333333, 4.548105, 0.631924, 1.139942, 1.814869
 339.000000, 4.030482, 0.598820, 1.057030, 1.700098
 397.666667, 4.553227, 0.560771, 1.088852, 1.694049
 399.000000, 4.342523, 0.629908, 1.137009, 1.804511
 389.333333, 4.336473, 0.547089, 0.993151, 1.577911
 390.000000, 4.631624, 0.587179, 1.109402, 1.737607
 390.333333, 4.285226, 0.581554, 1.074295, 1.700256
 374.000000, 3.906417, 0.635472, 1.331551, 2.010695
13
 0.250000, 3.000000, 58.000000, 1.000000, 104.000000
 381.000000, 4.475941, 0.673666, 1.225722, 1.951881
 367.000000, 4.536785, 0.686649, 1.200727, 1.935513
 440.000000, 4.409091, 0.643939, 1.165909, 1.847727
 425.000000, 4.594510, 0.609412, 1.097255, 1.745882
 395.333333, 4.725126, 0.663575, 1.188870, 1.901349
 431.000000, 4.590101, 0.660480, 1.208043, 1.905646
 445.333333, 4.369012, 0.615269, 1.145958, 1.799401
 438.666667, 4.358663, 0.598024, 1.105623, 1.745441
 446.666667, 4.500746, 0.623881, 1.161940, 1.822388
 430.666667, 4.434211, 0.571207, 1.109907, 1.719040
 466.666667, 4.640714, 0.610000, 1.154286, 1.805000
 453.000000, 4.470935, 0.612951, 1.142752, 1.799853
 343.666667, 4.418041, 0.613967, 1.070805, 1.722599
 386.333333, 4.181191, 0.557377, 1.127696, 1.721311
 393.000000, 4.389313, 0.633588, 1.150975, 1.822731
 387.000000, 4.260982, 0.567614, 0.987941, 1.594315
 388.333333, 4.272961, 0.579399, 1.127039, 1.748498
 392.333333, 4.390824, 0.615123, 1.068819, 1.722175
 392.000000, 4.531463, 0.664116, 1.278061, 1.985544
14
 0.250000, 4.000000, 94.000000, 2.000000, 99.000000
 376.000000, 4.263298, 0.689716, 1.216312, 1.967199
 377.000000, 4.945181, 0.697613, 1.183908, 1.927498
 438.666667, 4.205927, 0.639058, 1.165653, 1.843465
 427.333333, 4.611544, 0.600624, 1.090484, 1.730889
 394.000000, 4.507614, 0.650592, 1.181895, 1.871404
 435.000000, 4.654406, 0.609195, 1.187739, 1.840613
 450.666667, 4.588018, 0.619822, 1.150148, 1.809911
 448.333333, 4.577695, 0.592565, 1.090706, 1.723420
 459.666667, 4.517041, 0.611313, 1.147933, 1.795504
 434.000000, 4.618280, 0.576037, 1.105223, 1.724270
 466.333333, 4.838456, 0.617584, 1.140100, 1.799142
 459.000000, 4.741467, 0.623094, 1.138707, 1.802469
 340.333333, 4.390793, 0.616063, 1.077375, 1.730656
 396.000000, 4.281145, 0.550505, 1.108586, 1.698653
 404.333333, 4.546579, 0.610058, 1.127782, 1.776587
 388.666667, 4.131218, 0.563465, 0.981132, 1.583190
 391.333333, 4.416525, 0.597104, 1.119250, 1.758092
 392.333333, 4.298216, 0.606627, 1.048428, 1.695837
 382.333333, 4.238884, 0.623365, 1.259808, 1.924150
15
 0.250000, 6.000000, 94.000000, 2.000000, 99.000000
 389.666667, 4.673225, 0.710009, 1.209581, 1.973482
 386.666667, 4.875862, 0.690517, 1.164655, 1.901724
 441.666667, 4.344906, 0.633962, 1.164528, 1.840000
 432.333333, 4.616037, 0.600617, 1.087124, 1.727062
 399.000000, 4.566416, 0.671679, 1.176274, 1.889724
 438.666667, 4.740122, 0.642097, 1.188450, 1.871581
 450.000000, 4.424444, 0.580000, 1.162963, 1.780741
 445.666667, 4.336574, 0.580404, 1.085266, 1.704562
 453.666667, 4.795738, 0.626745, 1.163115, 1.829537
 425.333333, 4.315047, 0.585423, 1.134796, 1.760188
 471.666667, 4.778092, 0.619788, 1.127915, 1.790813
 467.333333, 4.612696, 0.621255, 1.116976, 1.783167
 339.666667, 4.499509, 0.644750, 1.080471, 1.763494
 391.333333, 4.367121, 0.540034, 1.129472, 1.712095
 403.000000, 4.500414, 0.613730, 1.111663, 1.764268
 386.333333, 4.483175, 0.584124, 0.997412, 1.625539
 388.000000, 4.250000, 0.599656, 1.118557, 1.757732
 391.666667, 4.235745, 0.605957, 1.056170, 1.713191
 374.333333, 3.916296, 0.644702, 1.286732, 1.983081
Histogram
0 0 0 0 0 0 0 0 0 0 0 0 0 0 0 12 21 134 82 41 11 3 0 0 0 0 0 0 0 0 0 0 0 0 0 0 0 0 0 0 0 0 0 0 0 0 0 0 0 0 0 0 0 0 0 0 0 0 0 0 0 0 0 0 0 0 0 0 0 0 0 0 0 0 0 0 0 0 0 0 0 0 0 0 0 0 0 0 0 0 0 0 0 0 0 0 0 0 0 0 0 0 0 0 0 0 0 0 0 0 0 0 0 0 0 0 0 0 0 16 
Cache Miss Ratio
NaN
numOfSets
394932
numOfGets
0
numOfMultiGets
0
