20
0
 0.250000, 0.000000, 6.000000, 1.000000, 9.000000
 303.666667, 4.984632, 0.691548, 1.063666, 1.777168
 361.666667, 3.887558, 0.436866, 0.780645, 1.232258
 378.666667, 4.917254, 0.548415, 0.838028, 1.403169
 403.000000, 5.500414, 0.454094, 0.826303, 1.297767
 381.333333, 4.388112, 0.489510, 0.729021, 1.236014
 419.666667, 5.353455, 0.541700, 0.850675, 1.410643
 392.000000, 4.378401, 0.512755, 0.893707, 1.436224
 371.000000, 3.940701, 0.494160, 0.813118, 1.328841
 403.666667, 4.653179, 0.400495, 0.715937, 1.143683
 376.333333, 3.955713, 0.379097, 0.771479, 1.178034
 385.000000, 3.498701, 0.405195, 0.730736, 1.157576
 350.333333, 4.025690, 0.485252, 0.811608, 1.313035
 378.333333, 4.686344, 0.483700, 0.839648, 1.346256
 322.333333, 4.949328, 0.566701, 0.918304, 1.501551
 331.333333, 4.253521, 0.459759, 0.742455, 1.218310
 427.666667, 5.644583, 0.505846, 0.783320, 1.310990
 426.666667, 4.662500, 0.652344, 0.816406, 1.490625
 324.333333, 3.556012, 0.472765, 0.791367, 1.278520
 288.000000, 4.230324, 0.408565, 0.701389, 1.131944
1
 0.250000, 16.000000, 5.000000, 9.000000, 24.000000
 312.333333, 5.046958, 0.647812, 1.045891, 1.722519
 379.666667, 5.034241, 0.413521, 0.755048, 1.192274
 353.000000, 4.138810, 0.526912, 0.891407, 1.437205
 371.333333, 3.672352, 0.468582, 0.845601, 1.334829
 396.666667, 4.828571, 0.460504, 0.740336, 1.221849
 377.666667, 3.852604, 0.565755, 0.901147, 1.488967
 413.333333, 5.109677, 0.537903, 0.874194, 1.429032
 372.333333, 4.571173, 0.509400, 0.821844, 1.347359
 389.333333, 3.883562, 0.394692, 0.743151, 1.159247
 384.666667, 4.737435, 0.439341, 0.720971, 1.183709
 408.333333, 4.875918, 0.413061, 0.711837, 1.147755
 361.666667, 4.617512, 0.469124, 0.799078, 1.283871
 376.666667, 4.445133, 0.480531, 0.853097, 1.361947
 322.666667, 4.644628, 0.533058, 0.840909, 1.389463
 322.000000, 3.787785, 0.425466, 0.755694, 1.197723
 373.000000, 3.868633, 0.524576, 0.852547, 1.394102
 388.333333, 3.466094, 0.583691, 0.848069, 1.448069
 335.666667, 4.268123, 0.458788, 0.772592, 1.250248
 286.000000, 4.215618, 0.409091, 0.707459, 1.132867
2
 0.250000, 13.000000, 5.000000, 3.000000, 24.000000
 296.000000, 4.022523, 0.673423, 1.036036, 1.744369
 361.333333, 3.823801, 0.385609, 0.774908, 1.178044
 356.666667, 4.253271, 0.567290, 0.888785, 1.473832
 381.333333, 4.468531, 0.475524, 0.798077, 1.326923
 373.000000, 3.765862, 0.470956, 0.785523, 1.270777
 383.000000, 3.881636, 0.530896, 0.912097, 1.457789
 403.000000, 4.467328, 0.506203, 0.860215, 1.386270
 384.000000, 5.151042, 0.515625, 0.831597, 1.368924
 395.666667, 4.016849, 0.382477, 0.723673, 1.122157
 374.666667, 4.255338, 0.440391, 0.717082, 1.184164
 407.000000, 4.481572, 0.414414, 0.734644, 1.163800
 349.666667, 4.339371, 0.468065, 0.805529, 1.289800
 376.000000, 4.594858, 0.471631, 0.848404, 1.335106
 320.666667, 4.885655, 0.548857, 0.934511, 1.497921
 328.333333, 3.909645, 0.422335, 0.759391, 1.197970
 407.000000, 4.909091, 0.519247, 0.817363, 1.351351
 399.666667, 3.736447, 0.597998, 0.855713, 1.468724
 333.000000, 3.882883, 0.458458, 0.772773, 1.253253
 289.333333, 4.563364, 0.422811, 0.705069, 1.142857
3
 0.250000, 14.000000, 5.000000, 18.000000, 25.000000
 308.666667, 5.126350, 0.645788, 1.070194, 1.744060
 367.666667, 3.921124, 0.386219, 0.772439, 1.177697
 378.000000, 4.958554, 0.514991, 0.834215, 1.372134
 382.333333, 4.150828, 0.454228, 0.833479, 1.302528
 382.000000, 4.092496, 0.476440, 0.751309, 1.243455
 404.666667, 4.175453, 0.514003, 0.871499, 1.405272
 402.000000, 4.134328, 0.507463, 0.883914, 1.406302
 413.666667, 6.273167, 0.513296, 0.787268, 1.320709
 396.333333, 4.000000, 0.363331, 0.703112, 1.089151
 373.333333, 4.059821, 0.399107, 0.710714, 1.125893
 400.000000, 4.088333, 0.414167, 0.734167, 1.171667
 355.666667, 4.385192, 0.474227, 0.782568, 1.272727
 382.333333, 5.092415, 0.489974, 0.845684, 1.351351
 321.000000, 4.482866, 0.536864, 0.876428, 1.443406
 335.666667, 4.354518, 0.439921, 0.727905, 1.184707
 403.000000, 4.631100, 0.514475, 0.810587, 1.340778
 432.000000, 4.882716, 0.582562, 0.775463, 1.373457
 340.666667, 4.239726, 0.431507, 0.749511, 1.197652
 286.666667, 4.301163, 0.411628, 0.715116, 1.144186
4
 0.250000, 9.000000, 6.000000, 18.000000, 25.000000
 283.666667, 3.917744, 0.675676, 1.159812, 1.870740
 373.666667, 4.192685, 0.436218, 0.765388, 1.216771
 347.666667, 3.697987, 0.595398, 0.846596, 1.467881
 369.333333, 3.695848, 0.489170, 0.991877, 1.497292
 389.000000, 4.758355, 0.463582, 0.772922, 1.252785
 416.000000, 5.638622, 0.528045, 0.879808, 1.427885
 404.000000, 4.443069, 0.532178, 0.841584, 1.396865
 381.000000, 4.939633, 0.511811, 0.836395, 1.370954
 421.000000, 5.119557, 0.390340, 0.691211, 1.099762
 364.333333, 3.628545, 0.422690, 0.735590, 1.173833
 423.666667, 5.376082, 0.428009, 0.734068, 1.179386
 355.333333, 4.027205, 0.484991, 0.801126, 1.303002
 371.333333, 4.403950, 0.488330, 0.857271, 1.361759
 312.333333, 4.259338, 0.567769, 0.962647, 1.544290
 336.333333, 4.648167, 0.429138, 0.731417, 1.181368
 391.333333, 4.252129, 0.520443, 0.833901, 1.371380
 406.666667, 4.241803, 0.586885, 0.856557, 1.471311
 346.000000, 4.924855, 0.428709, 0.784200, 1.250482
 284.666667, 4.563232, 0.411007, 0.723653, 1.153396
5
 0.250000, 12.000000, 6.000000, 17.000000, 25.000000
 309.000000, 5.218986, 0.673139, 1.056095, 1.762675
 365.000000, 3.855708, 0.401826, 0.773516, 1.189954
 374.333333, 4.917186, 0.520036, 0.828139, 1.364203
 388.333333, 4.692704, 0.461803, 0.919313, 1.402575
 383.666667, 4.564726, 0.484796, 0.735882, 1.237185
 391.333333, 4.322828, 0.504259, 0.866269, 1.386712
 372.333333, 3.110116, 0.524620, 0.941808, 1.488809
 378.000000, 4.395944, 0.563492, 0.855379, 1.440035
 406.666667, 4.415574, 0.399180, 0.718033, 1.134426
 391.333333, 4.545997, 0.478705, 0.689097, 1.193356
 416.333333, 4.791833, 0.410729, 0.706966, 1.139311
 363.666667, 4.547204, 0.460128, 0.825848, 1.300642
 368.333333, 4.046154, 0.478733, 0.863348, 1.359276
 322.333333, 4.904860, 0.527404, 0.837642, 1.380558
 329.666667, 4.327604, 0.435794, 0.731041, 1.188069
 382.333333, 3.904969, 0.533566, 0.858762, 1.408021
 435.666667, 5.015302, 0.544759, 0.790360, 1.358072
 325.000000, 3.638974, 0.469744, 0.773333, 1.258462
 281.000000, 4.215896, 0.431791, 0.736655, 1.182681
6
 0.250000, 10.000000, 6.000000, 17.000000, 25.000000
 307.333333, 4.457701, 0.642082, 0.975054, 1.648590
 383.000000, 5.348129, 0.417755, 0.749347, 1.186249
 368.666667, 4.701627, 0.525316, 0.834539, 1.376130
 380.333333, 3.888694, 0.483786, 0.821209, 1.321648
 372.333333, 3.953447, 0.489705, 0.798568, 1.310654
 392.333333, 4.111300, 0.549703, 0.899745, 1.470688
 391.000000, 3.709292, 0.506394, 0.861893, 1.390452
 366.000000, 4.126594, 0.512750, 0.850638, 1.378871
 396.000000, 4.092593, 0.372054, 0.716330, 1.106902
 371.666667, 3.640359, 0.386547, 0.813453, 1.215247
 394.666667, 3.994932, 0.417230, 0.744088, 1.182432
 352.000000, 3.809659, 0.489583, 0.840909, 1.354167
 376.666667, 4.200000, 0.508850, 0.832743, 1.365487
 332.333333, 4.983952, 0.506520, 0.969910, 1.494483
 362.666667, 5.798713, 0.431985, 0.729779, 1.186581
 384.000000, 3.940972, 0.542535, 0.853299, 1.411458
 398.333333, 4.247699, 0.579079, 0.841841, 1.438494
 342.000000, 4.582846, 0.467836, 0.742690, 1.228070
 290.000000, 4.855172, 0.440230, 0.714943, 1.173563
7
 0.250000, 13.000000, 6.000000, 17.000000, 25.000000
 304.333333, 5.093100, 0.625411, 1.065717, 1.730559
 391.666667, 5.548936, 0.445957, 0.765106, 1.229787
 372.666667, 4.671735, 0.542039, 0.867621, 1.425760
 382.333333, 4.414124, 0.471665, 0.827376, 1.314734
 381.333333, 4.093531, 0.500000, 0.733392, 1.249126
 393.333333, 4.065254, 0.529661, 0.872881, 1.418644
 402.333333, 4.479702, 0.502900, 0.866611, 1.386081
 370.000000, 4.263063, 0.531532, 0.855856, 1.401802
 428.666667, 5.270607, 0.402022, 0.685848, 1.104977
 389.666667, 4.544055, 0.408896, 0.802395, 1.227545
 407.000000, 4.757576, 0.420147, 0.740377, 1.176904
 360.666667, 4.301294, 0.473198, 0.768022, 1.258780
 366.666667, 3.936364, 0.474545, 0.863636, 1.352727
 316.666667, 4.430526, 0.528421, 0.883158, 1.427368
 343.666667, 5.145490, 0.450048, 0.724539, 1.194956
 411.000000, 5.368208, 0.523114, 0.849148, 1.390105
 417.333333, 4.608626, 0.577476, 0.823482, 1.416134
 318.000000, 3.129979, 0.471698, 0.797694, 1.285115
 280.666667, 4.382423, 0.425178, 0.745843, 1.186461
8
 0.250000, 8.000000, 6.000000, 17.000000, 25.000000
 303.666667, 4.917673, 0.634468, 1.076839, 1.733260
 384.333333, 4.889853, 0.445794, 0.761492, 1.224631
 362.000000, 4.554328, 0.528545, 0.860958, 1.411602
 374.666667, 4.027580, 0.488434, 0.822064, 1.324733
 385.666667, 4.249784, 0.465860, 0.772688, 1.254105
 414.333333, 5.287208, 0.524537, 0.865648, 1.407080
 400.000000, 4.776667, 0.517500, 0.902500, 1.448333
 390.000000, 5.180342, 0.549573, 0.811966, 1.377778
 400.666667, 4.398502, 0.387687, 0.710483, 1.113145
 368.333333, 3.989140, 0.381900, 0.734842, 1.141176
 403.000000, 4.296112, 0.440033, 0.720430, 1.176179
 350.333333, 3.759277, 0.489058, 0.819220, 1.324453
 375.666667, 4.556344, 0.467613, 0.877551, 1.361136
 314.000000, 4.537155, 0.554140, 1.005308, 1.575372
 328.000000, 3.879065, 0.428862, 0.773374, 1.217480
 422.000000, 5.755924, 0.475513, 0.864139, 1.368088
 413.666667, 4.265915, 0.551168, 0.876712, 1.449637
 359.000000, 5.615599, 0.419684, 0.741876, 1.180130
 285.666667, 4.500583, 0.408401, 0.715286, 1.141190
9
 0.250000, 11.000000, 6.000000, 16.000000, 25.000000
 311.666667, 5.281283, 0.590374, 0.988235, 1.611765
 389.000000, 5.362468, 0.419880, 0.712939, 1.151671
 377.000000, 4.954023, 0.584439, 0.841733, 1.441202
 408.333333, 5.458776, 0.471837, 0.795918, 1.287347
 407.000000, 5.066339, 0.441441, 0.743653, 1.201474
 382.000000, 3.748691, 0.510471, 0.890925, 1.417976
 390.666667, 3.804608, 0.517065, 0.875427, 1.407850
 371.333333, 4.075404, 0.498205, 0.833034, 1.348294
 396.666667, 4.131933, 0.385714, 0.716807, 1.124370
 382.333333, 4.101133, 0.439407, 0.713165, 1.168265
 418.000000, 4.910686, 0.412281, 0.728070, 1.157097
 381.000000, 5.083990, 0.479440, 0.755031, 1.258093
 383.333333, 5.140870, 0.492174, 0.841739, 1.361739
 314.333333, 4.393425, 0.533404, 0.939555, 1.487805
 327.666667, 4.067141, 0.425229, 0.755849, 1.197355
 366.333333, 3.474977, 0.545951, 0.867152, 1.429481
 433.000000, 4.752887, 0.592764, 0.806005, 1.414935
 342.666667, 4.736381, 0.463035, 0.758755, 1.238327
 287.000000, 4.494774, 0.413473, 0.714286, 1.145180
10
 0.250000, 8.000000, 7.000000, 16.000000, 25.000000
 324.333333, 5.627955, 0.655704, 1.013361, 1.707091
 370.333333, 4.088209, 0.433843, 0.763276, 1.213321
 381.333333, 4.937937, 0.559441, 0.813811, 1.389860
 412.333333, 5.767987, 0.462409, 0.828618, 1.310428
 394.666667, 5.047297, 0.486486, 0.727196, 1.231419
 389.000000, 4.042845, 0.520137, 0.868895, 1.407027
 383.333333, 3.420870, 0.526087, 0.870435, 1.413043
 369.666667, 3.836790, 0.480613, 0.833183, 1.329125
 413.666667, 4.770346, 0.385979, 0.702659, 1.103948
 380.666667, 4.415061, 0.400175, 0.715412, 1.131349
 401.000000, 4.060682, 0.413965, 0.730673, 1.164589
 370.333333, 4.641764, 0.490549, 0.768677, 1.274527
 384.333333, 4.743278, 0.532524, 0.830009, 1.379011
 318.000000, 4.920335, 0.542977, 0.936059, 1.493711
 337.333333, 4.306324, 0.427866, 0.738142, 1.182806
 397.000000, 4.476910, 0.524769, 0.824517, 1.364400
 413.333333, 4.067742, 0.550806, 0.870161, 1.436290
 356.000000, 5.058052, 0.455056, 0.716292, 1.187266
 288.666667, 4.519630, 0.434180, 0.707852, 1.157044
11
 0.250000, 1.000000, 7.000000, 2.000000, 33.000000
 288.666667, 3.972286, 0.618938, 1.088915, 1.743649
 399.333333, 5.611853, 0.407346, 0.812187, 1.242905
 358.000000, 4.000000, 0.583799, 0.874302, 1.472998
 370.000000, 3.605405, 0.467568, 0.843243, 1.337838
 371.666667, 3.745291, 0.435874, 0.777578, 1.234978
 394.333333, 4.392223, 0.517329, 0.936602, 1.475909
 427.333333, 5.630265, 0.531981, 0.833853, 1.383775
 383.000000, 4.926893, 0.513490, 0.895561, 1.437772
 418.000000, 5.094896, 0.399522, 0.728868, 1.149920
 384.333333, 4.402428, 0.437121, 0.715525, 1.176930
 413.666667, 4.593876, 0.410153, 0.722804, 1.149073
 362.666667, 4.060662, 0.493566, 0.770221, 1.279412
 368.666667, 4.161844, 0.468354, 0.858951, 1.342676
 312.000000, 4.080128, 0.565171, 0.959402, 1.539530
 331.000000, 3.898288, 0.432024, 0.744209, 1.191339
 372.000000, 3.732079, 0.549283, 0.863799, 1.442652
 376.333333, 3.214349, 0.552702, 0.881311, 1.450841
 338.333333, 4.012808, 0.476847, 0.748768, 1.255172
 279.000000, 3.884110, 0.430108, 0.749104, 1.193548
12
 0.250000, 4.000000, 23.000000, 1.000000, 25.000000
 307.000000, 4.614549, 0.626493, 1.015201, 1.677524
 368.000000, 3.953804, 0.392210, 0.759964, 1.167572
 366.666667, 4.635455, 0.529091, 0.849091, 1.400000
 406.333333, 5.386382, 0.451189, 0.790812, 1.258409
 392.000000, 4.687075, 0.481293, 0.732993, 1.237245
 414.666667, 5.726688, 0.524116, 0.861736, 1.409164
 425.666667, 5.558340, 0.508222, 0.813626, 1.339859
 367.666667, 4.425204, 0.523119, 0.847688, 1.386219
 412.666667, 5.085622, 0.374798, 0.697900, 1.089661
 384.000000, 4.247396, 0.449653, 0.724826, 1.190104
 405.000000, 4.201646, 0.405761, 0.745679, 1.166255
 364.666667, 4.460695, 0.485375, 0.810786, 1.311700
 366.333333, 3.911738, 0.511374, 0.871702, 1.405823
 321.333333, 4.378631, 0.533195, 0.877593, 1.427386
 340.666667, 4.851272, 0.438356, 0.731898, 1.192759
 371.333333, 3.500898, 0.521544, 0.864452, 1.401257
 410.000000, 4.386992, 0.556911, 0.850407, 1.423577
 363.666667, 5.334555, 0.407883, 0.725023, 1.150321
 293.000000, 4.688282, 0.423208, 0.745165, 1.185438
13
 0.250000, 5.000000, 23.000000, 0.000000, 25.000000
 308.000000, 4.720779, 0.691558, 1.020563, 1.732684
 361.666667, 3.988940, 0.400000, 0.829493, 1.258986
 384.666667, 5.384749, 0.567591, 0.849220, 1.441075
 396.333333, 4.845248, 0.467620, 0.815812, 1.299411
 392.666667, 4.623939, 0.492360, 0.726655, 1.235993
 378.000000, 3.947972, 0.522928, 0.894180, 1.432099
 390.000000, 3.998291, 0.500000, 0.880342, 1.396581
 373.666667, 4.247101, 0.502230, 0.824264, 1.341659
 393.333333, 3.852542, 0.393220, 0.735593, 1.144915
 381.000000, 4.258968, 0.405949, 0.799650, 1.228346
 409.333333, 4.532573, 0.420195, 0.734528, 1.171010
 379.333333, 5.260984, 0.468366, 0.818102, 1.304042
 386.000000, 4.974093, 0.481865, 0.824698, 1.322971
 313.333333, 4.586170, 0.528723, 0.877660, 1.422340
 353.333333, 5.451887, 0.425472, 0.720755, 1.164151
 382.666667, 4.128049, 0.524390, 0.839721, 1.385017
 420.666667, 4.725040, 0.592710, 0.848653, 1.458003
 356.333333, 4.826006, 0.466791, 0.726848, 1.217025
 290.333333, 4.588978, 0.415614, 0.715270, 1.149254
14
 0.250000, 0.000000, 23.000000, 1.000000, 32.000000
 297.000000, 5.022447, 0.590348, 1.106622, 1.718294
 382.333333, 4.931125, 0.435048, 0.774194, 1.232781
 351.333333, 3.863378, 0.528463, 0.868121, 1.410816
 389.666667, 4.776732, 0.455090, 0.807528, 1.289136
 385.333333, 4.314879, 0.440311, 0.762111, 1.217993
 412.666667, 4.772213, 0.518578, 0.879645, 1.424879
 401.000000, 4.463840, 0.517872, 0.857855, 1.392352
 364.666667, 3.651737, 0.501828, 0.852834, 1.380256
 411.666667, 4.558704, 0.400810, 0.691498, 1.107692
 395.333333, 4.749578, 0.469646, 0.699831, 1.197302
 420.666667, 4.787639, 0.409667, 0.704437, 1.129160
 354.666667, 4.362782, 0.476504, 0.925752, 1.417293
 375.666667, 4.477374, 0.456078, 0.859805, 1.330967
 328.000000, 5.223577, 0.528455, 0.846545, 1.391260
 326.666667, 3.925510, 0.426531, 0.748980, 1.190816
 417.666667, 5.548284, 0.509178, 0.789306, 1.316042
 406.333333, 4.233798, 0.573421, 0.826907, 1.422477
 341.000000, 4.323558, 0.445748, 0.755621, 1.217986
 280.666667, 3.967933, 0.437055, 0.722090, 1.174584
15
 0.250000, 0.000000, 23.000000, 1.000000, 32.000000
 297.000000, 4.489338, 0.582492, 1.060606, 1.675645
 368.333333, 4.161991, 0.390045, 0.761086, 1.168326
 351.000000, 3.909782, 0.528965, 0.880342, 1.424501
 381.000000, 4.319335, 0.465442, 0.846019, 1.328084
 379.000000, 3.839050, 0.461741, 0.767810, 1.248901
 419.333333, 5.736089, 0.527027, 0.848967, 1.398251
 425.000000, 5.585098, 0.541961, 0.831373, 1.396863
 377.666667, 4.511915, 0.520741, 0.832304, 1.376876
 402.333333, 4.540182, 0.376968, 0.716653, 1.117647
 406.000000, 5.503284, 0.564039, 0.750411, 1.339080
 414.000000, 4.828502, 0.419485, 0.711755, 1.152979
 363.666667, 4.489459, 0.486709, 0.780018, 1.282310
 376.333333, 4.503986, 0.489814, 0.860939, 1.366696
 324.666667, 5.035934, 0.534908, 0.888090, 1.439425
 339.333333, 4.393910, 0.449902, 0.730845, 1.203340
 387.000000, 4.596899, 0.524548, 0.844100, 1.384152
 401.666667, 3.904564, 0.556017, 0.839004, 1.410788
 332.666667, 3.956914, 0.427856, 0.761523, 1.214429
 279.666667, 4.364720, 0.402861, 0.731824, 1.152563
Histogram
0 0 0 0 0 0 0 0 0 0 3 82 54 77 68 4 4 11 1 0 0 0 0 0 0 0 0 0 0 0 0 0 0 0 0 0 0 0 0 0 0 0 0 0 0 0 0 0 0 0 0 0 0 0 0 0 0 0 0 0 0 0 0 0 0 0 0 0 0 0 0 0 0 0 0 0 0 0 0 0 0 0 0 0 0 0 0 0 0 0 1 0 0 0 0 0 0 0 0 0 0 0 0 0 0 0 0 0 0 0 0 0 0 0 0 0 0 0 0 15 
Cache Miss Ratio
NaN
numOfSets
354620
numOfGets
0
numOfMultiGets
0
