20
0
 0.250000, 9.000000, 0.000000, 5.000000, 12.000000
 170.666667, 1.085938, 0.464844, 1.173828, 1.716797
 215.333333, 1.284830, 0.383901, 0.992260, 1.421053
 212.333333, 0.847724, 0.310832, 1.116170, 1.467818
 220.000000, 1.248485, 0.396970, 1.050000, 1.503030
 184.000000, 0.862319, 0.333333, 1.003623, 1.389493
 163.000000, 0.762781, 0.359918, 1.034765, 1.435583
 191.000000, 1.038394, 0.333333, 0.940663, 1.324607
 204.000000, 0.857843, 0.307190, 1.068627, 1.416667
 169.666667, 0.693517, 0.314342, 0.976424, 1.332024
 197.333333, 0.910473, 0.369932, 1.003378, 1.417230
 189.666667, 0.843585, 0.340949, 1.065026, 1.448155
 189.666667, 1.110721, 0.342707, 1.010545, 1.393673
 203.333333, 0.742623, 0.303279, 1.019672, 1.372131
 190.333333, 0.847636, 0.294221, 0.994746, 1.334501
 207.666667, 1.036918, 0.357945, 0.958266, 1.359551
 220.666667, 1.108761, 0.318731, 0.968278, 1.329305
 205.000000, 1.156098, 0.326829, 1.089431, 1.461789
 237.666667, 0.920056, 0.270687, 1.042076, 1.359046
 222.333333, 0.821589, 0.302849, 1.139430, 1.482759
1
 0.250000, 9.000000, 1.000000, 5.000000, 11.000000
 181.333333, 1.466912, 0.452206, 1.148897, 1.659926
 221.666667, 1.302256, 0.407519, 1.070677, 1.524812
 222.666667, 1.056886, 0.302395, 1.038922, 1.389222
 206.333333, 0.827141, 0.357027, 1.006462, 1.413570
 201.000000, 1.276949, 0.374793, 0.956882, 1.373134
 182.000000, 0.979853, 0.340659, 0.996337, 1.375458
 195.666667, 1.011925, 0.335605, 0.916525, 1.294719
 193.666667, 0.709122, 0.314974, 1.075731, 1.430293
 169.666667, 0.724951, 0.322200, 0.968566, 1.335953
 188.000000, 1.113475, 0.368794, 1.097518, 1.508865
 202.666667, 1.110197, 0.368421, 1.018092, 1.434211
 202.666667, 1.228618, 0.358553, 1.004934, 1.404605
 205.000000, 0.803252, 0.326829, 1.078049, 1.447154
 196.333333, 0.881154, 0.281834, 0.994907, 1.319185
 202.000000, 1.003300, 0.374587, 0.986799, 1.412541
 227.666667, 1.147877, 0.338214, 0.988287, 1.367496
 200.666667, 1.006645, 0.307309, 1.116279, 1.463455
 233.000000, 0.875536, 0.296137, 1.064378, 1.400572
 213.666667, 0.878315, 0.312012, 1.190328, 1.544462
2
 0.250000, 9.000000, 2.000000, 5.000000, 11.000000
 175.000000, 1.321905, 0.453333, 1.201905, 1.727619
 212.000000, 1.180818, 0.349057, 1.092767, 1.490566
 233.333333, 1.184286, 0.307143, 1.008571, 1.358571
 225.666667, 1.261448, 0.378139, 0.974889, 1.397341
 204.666667, 1.335505, 0.416938, 0.942997, 1.407166
 179.333333, 1.020446, 0.336431, 0.964684, 1.345725
 205.000000, 1.245528, 0.347967, 0.970732, 1.365854
 193.666667, 0.743546, 0.313253, 1.089501, 1.449225
 178.333333, 0.749533, 0.310280, 0.934579, 1.295327
 197.666667, 1.185497, 0.347386, 1.023609, 1.411467
 207.666667, 1.070626, 0.345104, 0.974318, 1.364366
 189.666667, 0.987698, 0.363796, 1.054482, 1.460457
 206.333333, 0.896607, 0.295638, 1.077544, 1.424879
 192.333333, 0.816291, 0.289428, 1.003466, 1.337955
 202.666667, 0.985197, 0.386513, 0.986842, 1.419408
 204.000000, 0.712418, 0.312092, 1.045752, 1.411765
 206.333333, 1.127625, 0.321486, 1.092084, 1.466882
 224.000000, 0.812500, 0.282738, 1.055060, 1.379464
 213.666667, 0.882995, 0.290172, 1.162246, 1.496100
3
 0.250000, 9.000000, 3.000000, 5.000000, 11.000000
 176.333333, 1.334594, 0.476371, 1.145558, 1.680529
 217.333333, 1.334356, 0.345092, 1.065951, 1.464724
 223.666667, 1.129657, 0.305514, 1.041729, 1.388972
 213.666667, 0.984399, 0.330733, 0.981279, 1.358814
 197.000000, 1.086294, 0.348562, 0.984772, 1.382403
 175.000000, 0.990476, 0.342857, 0.939048, 1.321905
 184.666667, 1.151625, 0.362816, 0.960289, 1.371841
 196.666667, 0.728814, 0.323729, 1.050847, 1.422034
 169.666667, 0.681729, 0.330059, 0.937132, 1.316306
 201.000000, 1.155887, 0.343284, 1.044776, 1.431177
 201.666667, 1.054545, 0.342149, 1.006612, 1.393388
 186.000000, 0.930108, 0.369176, 1.078853, 1.496416
 214.666667, 0.986025, 0.304348, 1.108696, 1.454969
 193.333333, 0.829310, 0.296552, 0.970690, 1.306897
 207.666667, 1.136437, 0.385233, 0.977528, 1.404494
 227.666667, 1.115666, 0.310395, 1.046852, 1.402635
 198.666667, 1.006711, 0.332215, 1.085570, 1.461409
 233.333333, 1.000000, 0.314286, 1.030000, 1.382857
 222.000000, 1.054054, 0.282282, 1.151652, 1.472973
4
 0.250000, 16.000000, 10.000000, 6.000000, 18.000000
 172.000000, 0.996124, 0.451550, 1.253876, 1.773256
 218.666667, 1.298780, 0.356707, 1.070122, 1.477134
 213.333333, 0.876563, 0.295313, 0.987500, 1.334375
 212.666667, 1.021944, 0.363636, 1.056426, 1.462382
 194.333333, 1.133791, 0.403087, 0.963979, 1.408233
 182.666667, 1.180657, 0.399635, 0.987226, 1.427007
 201.333333, 1.064570, 0.319536, 0.922185, 1.284768
 198.333333, 0.687395, 0.305882, 1.099160, 1.450420
 173.000000, 1.100193, 0.352601, 0.911368, 1.308285
 198.000000, 1.001684, 0.346801, 1.070707, 1.461279
 198.333333, 0.996639, 0.336134, 1.055462, 1.436975
 194.333333, 1.056604, 0.368782, 1.008576, 1.425386
 208.666667, 0.840256, 0.309904, 1.043131, 1.397764
 191.333333, 0.839721, 0.271777, 0.987805, 1.303136
 213.666667, 1.360374, 0.346334, 0.976599, 1.368175
 226.000000, 1.157817, 0.297935, 1.005900, 1.345133
 205.333333, 1.142857, 0.313312, 1.090909, 1.452922
 227.666667, 0.812592, 0.289898, 1.027818, 1.363104
 218.666667, 0.919207, 0.294207, 1.236280, 1.582317
5
 0.250000, 17.000000, 8.000000, 1.000000, 16.000000
 168.666667, 1.047431, 0.428854, 1.134387, 1.628458
 214.000000, 1.325545, 0.380062, 1.079439, 1.504673
 220.666667, 0.963746, 0.318731, 1.048338, 1.409366
 218.666667, 1.243902, 0.336890, 1.099085, 1.490854
 187.666667, 1.165187, 0.381883, 1.021314, 1.454707
 180.333333, 0.970425, 0.362292, 0.996303, 1.401109
 191.333333, 1.048780, 0.364111, 0.937282, 1.374564
 203.000000, 0.875205, 0.343186, 1.060755, 1.446634
 176.000000, 0.998106, 0.308712, 0.945076, 1.304924
 195.000000, 0.979487, 0.348718, 1.087179, 1.482051
 189.666667, 0.961336, 0.376098, 1.050967, 1.479789
 190.333333, 1.182137, 0.355517, 1.059545, 1.458844
 210.666667, 0.846519, 0.294304, 1.052215, 1.393987
 188.000000, 0.835106, 0.301418, 1.019504, 1.368794
 206.333333, 1.193861, 0.399031, 0.998384, 1.437803
 215.666667, 0.885626, 0.350850, 1.038640, 1.432767
 217.666667, 1.427259, 0.395100, 1.061256, 1.499234
 231.666667, 0.863309, 0.270504, 1.043165, 1.355396
 219.666667, 0.893778, 0.294385, 1.162367, 1.497724
6
 0.250000, 15.000000, 15.000000, 0.000000, 17.000000
 176.333333, 1.179584, 0.451796, 1.147448, 1.688091
 213.666667, 1.070203, 0.394696, 1.051482, 1.502340
 219.333333, 0.949848, 0.322188, 1.039514, 1.408815
 213.666667, 0.925117, 0.355694, 1.024961, 1.425897
 194.000000, 1.168385, 0.352234, 0.998282, 1.393471
 186.333333, 1.023256, 0.338104, 1.019678, 1.397138
 198.666667, 1.043624, 0.338926, 0.973154, 1.362416
 197.000000, 0.688663, 0.316413, 1.062606, 1.419628
 174.000000, 0.651341, 0.323755, 0.921456, 1.291188
 192.000000, 1.032986, 0.333333, 1.045139, 1.421875
 197.333333, 1.258446, 0.358108, 1.035473, 1.440878
 201.333333, 1.250000, 0.370861, 0.986755, 1.402318
 212.666667, 0.902821, 0.282132, 0.995298, 1.326019
 191.666667, 0.982609, 0.293913, 0.977391, 1.313043
 208.333333, 0.993600, 0.384000, 1.003200, 1.435200
 210.000000, 1.009524, 0.312698, 1.000000, 1.353968
 207.000000, 1.046699, 0.318841, 1.106280, 1.471820
 233.000000, 0.974249, 0.294707, 0.995708, 1.331903
 221.333333, 0.992470, 0.278614, 1.230422, 1.554217
7
 0.250000, 11.000000, 14.000000, 1.000000, 21.000000
 184.666667, 1.364621, 0.435018, 1.175090, 1.676895
 206.666667, 1.004839, 0.346774, 1.061290, 1.456452
 216.000000, 0.848765, 0.311728, 1.012346, 1.370370
 199.333333, 0.822742, 0.361204, 1.025084, 1.438127
 196.666667, 1.110169, 0.349153, 0.966102, 1.361017
 180.000000, 0.998148, 0.411111, 0.957407, 1.409259
 208.333333, 1.390400, 0.342400, 0.931200, 1.316800
 200.666667, 0.720930, 0.317276, 1.036545, 1.395349
 182.666667, 0.875912, 0.308394, 0.952555, 1.302920
 207.333333, 1.344051, 0.361736, 1.072347, 1.477492
 203.000000, 0.858785, 0.384236, 1.034483, 1.463054
 190.333333, 1.064799, 0.366025, 1.070053, 1.481611
 214.333333, 0.961120, 0.290824, 0.981337, 1.318818
 185.333333, 0.746403, 0.289568, 1.052158, 1.381295
 207.333333, 1.231511, 0.393891, 0.990354, 1.430868
 218.666667, 1.092988, 0.332317, 1.053354, 1.432927
 201.000000, 1.036484, 0.339967, 1.082919, 1.466003
 226.666667, 0.876471, 0.288235, 1.058824, 1.388235
 209.333333, 0.780255, 0.286624, 1.186306, 1.519108
8
 0.250000, 12.000000, 8.000000, 1.000000, 14.000000
 160.333333, 0.891892, 0.509356, 1.122661, 1.698545
 226.000000, 1.420354, 0.367257, 1.028024, 1.438053
 210.333333, 0.858954, 0.305864, 1.009509, 1.358162
 219.000000, 1.042618, 0.360731, 1.016743, 1.420091
 194.000000, 1.092784, 0.378007, 1.005155, 1.424399
 183.333333, 1.289091, 0.343636, 0.952727, 1.340000
 195.666667, 0.996593, 0.364566, 0.965928, 1.373083
 207.000000, 0.903382, 0.315620, 1.030596, 1.389694
 177.333333, 0.827068, 0.342105, 0.960526, 1.342105
 198.333333, 1.163025, 0.342857, 1.048739, 1.433613
 203.333333, 1.100000, 0.362295, 1.068852, 1.475410
 186.333333, 1.127013, 0.384615, 1.026834, 1.466905
 208.666667, 1.100639, 0.325879, 1.063898, 1.432907
 192.000000, 0.965278, 0.302083, 0.934028, 1.279514
 198.000000, 0.934343, 0.367003, 1.040404, 1.449495
 230.666667, 1.482659, 0.358382, 1.027457, 1.432081
 209.666667, 1.308426, 0.362480, 1.093800, 1.505564
 229.000000, 0.852984, 0.283843, 1.030568, 1.359534
 224.333333, 1.147103, 0.316493, 1.114413, 1.473997
9
 0.250000, 9.000000, 12.000000, 9.000000, 25.000000
 173.666667, 1.207294, 0.416507, 1.186180, 1.662188
 206.666667, 1.098387, 0.379032, 1.051613, 1.477419
 223.666667, 1.172876, 0.321908, 1.052161, 1.435171
 212.000000, 0.926101, 0.322327, 1.062893, 1.462264
 194.333333, 1.195540, 0.361921, 0.970840, 1.380789
 181.000000, 0.889503, 0.372007, 0.988950, 1.401473
 202.333333, 1.057661, 0.334432, 0.886326, 1.263591
 196.333333, 0.792869, 0.337861, 1.039049, 1.421053
 187.666667, 1.119005, 0.387211, 0.948490, 1.378330
 202.000000, 1.259076, 0.372937, 1.072607, 1.488449
 201.000000, 1.019900, 0.344942, 1.011609, 1.406302
 185.666667, 1.068223, 0.373429, 1.039497, 1.461400
 203.666667, 0.908347, 0.278232, 0.998363, 1.319149
 195.000000, 0.902564, 0.309402, 0.972650, 1.323077
 218.333333, 1.259542, 0.337405, 0.960305, 1.338931
 222.666667, 0.983533, 0.296407, 1.032934, 1.372754
 216.666667, 1.124615, 0.332308, 1.060000, 1.435385
 230.666667, 0.903179, 0.287572, 1.026012, 1.356936
 203.666667, 0.775777, 0.286416, 1.238953, 1.572831
10
 0.250000, 7.000000, 12.000000, 9.000000, 24.000000
 175.666667, 1.373814, 0.462998, 1.161290, 1.690702
 220.333333, 1.425113, 0.347958, 1.003026, 1.408472
 225.000000, 0.983704, 0.308148, 1.023704, 1.373333
 222.000000, 1.325826, 0.403904, 1.030030, 1.475976
 198.666667, 1.036913, 0.357383, 0.931208, 1.328859
 184.000000, 1.048913, 0.394928, 0.985507, 1.422101
 205.333333, 1.055195, 0.314935, 0.930195, 1.290584
 209.000000, 0.950558, 0.317384, 1.035088, 1.400319
 173.666667, 0.854127, 0.316699, 0.961612, 1.320537
 188.666667, 0.807420, 0.346290, 1.068905, 1.461131
 198.333333, 1.161345, 0.351261, 1.085714, 1.489076
 196.000000, 1.129252, 0.357143, 1.042517, 1.440476
 216.666667, 1.115385, 0.326154, 1.023077, 1.389231
 196.666667, 1.011864, 0.296610, 1.016949, 1.354237
 202.333333, 1.159802, 0.375618, 0.996705, 1.416804
 217.000000, 0.901690, 0.317972, 1.024578, 1.384025
 204.333333, 0.983687, 0.295269, 1.057096, 1.391517
 219.000000, 0.616438, 0.278539, 1.028919, 1.348554
 225.333333, 0.894970, 0.289941, 1.180473, 1.510355
11
 0.250000, 2.000000, 14.000000, 1.000000, 24.000000
 177.666667, 1.240150, 0.431520, 1.198874, 1.684803
 206.000000, 1.097087, 0.333333, 1.066343, 1.441748
 216.666667, 0.867692, 0.298462, 1.064615, 1.413846
 213.666667, 1.106084, 0.324493, 1.034321, 1.408736
 191.666667, 1.102609, 0.353043, 0.986087, 1.386087
 181.333333, 1.027574, 0.327206, 0.992647, 1.365809
 195.333333, 0.986348, 0.356655, 0.941980, 1.339590
 198.333333, 0.783193, 0.299160, 1.057143, 1.398319
 175.000000, 0.800000, 0.335238, 0.963810, 1.340952
 197.000000, 1.177665, 0.350254, 1.043993, 1.436548
 194.666667, 1.089041, 0.397260, 1.034247, 1.479452
 195.333333, 1.073379, 0.346416, 1.011945, 1.407850
 208.000000, 0.794872, 0.286859, 1.040064, 1.370192
 193.666667, 0.950086, 0.283993, 1.039587, 1.364888
 218.333333, 1.232061, 0.370992, 0.998473, 1.410687
 218.333333, 0.909924, 0.309924, 1.006107, 1.363359
 223.000000, 1.192825, 0.345291, 1.056801, 1.443946
 225.000000, 0.764444, 0.291852, 1.041481, 1.376296
 219.333333, 1.074468, 0.306991, 1.117021, 1.463526
12
 0.250000, 2.000000, 8.000000, 0.000000, 19.000000
 189.000000, 1.356261, 0.428571, 1.058201, 1.539683
 226.666667, 1.386765, 0.370588, 1.048529, 1.479412
 216.333333, 1.049307, 0.292758, 1.016949, 1.351310
 215.000000, 1.167442, 0.384496, 1.004651, 1.435659
 182.333333, 0.968921, 0.418647, 1.020110, 1.489945
 180.000000, 1.124074, 0.318519, 0.998148, 1.359259
 191.000000, 0.989529, 0.352531, 0.937173, 1.336824
 197.333333, 0.761824, 0.300676, 1.079392, 1.423986
 180.333333, 0.780037, 0.334566, 0.953789, 1.330869
 195.666667, 1.000000, 0.364566, 1.095400, 1.504259
 200.666667, 1.088040, 0.335548, 1.033223, 1.413621
 199.333333, 1.140468, 0.362876, 1.040134, 1.443144
 201.666667, 0.892562, 0.302479, 1.046281, 1.390083
 189.333333, 0.883803, 0.301056, 1.045775, 1.389085
 200.666667, 1.129568, 0.365449, 1.048173, 1.460133
 218.666667, 1.025915, 0.321646, 1.035061, 1.397866
 214.000000, 1.233645, 0.341121, 1.079439, 1.462617
 234.000000, 0.933048, 0.309117, 1.044160, 1.394587
 218.666667, 0.852134, 0.269817, 1.207317, 1.522866
13
 0.250000, 0.000000, 10.000000, 0.000000, 11.000000
 170.666667, 1.029297, 0.404297, 1.189453, 1.648438
 207.000000, 1.074074, 0.351047, 1.051530, 1.446055
 217.000000, 0.895545, 0.299539, 1.036866, 1.384025
 209.333333, 0.980892, 0.343949, 1.079618, 1.469745
 194.000000, 1.355670, 0.384880, 0.977663, 1.408935
 181.000000, 1.049724, 0.351750, 0.974217, 1.373849
 196.000000, 1.059524, 0.333333, 0.928571, 1.312925
 201.000000, 0.809287, 0.311774, 1.079602, 1.437811
 181.000000, 0.955801, 0.327808, 0.930018, 1.298343
 202.666667, 1.365132, 0.375000, 1.036184, 1.453947
 196.666667, 1.023729, 0.354237, 1.054237, 1.455932
 193.000000, 1.065630, 0.357513, 1.053541, 1.454231
 217.333333, 1.015337, 0.303681, 1.018405, 1.369632
 194.333333, 0.862779, 0.293310, 1.020583, 1.360206
 204.000000, 1.191176, 0.375817, 0.975490, 1.395425
 220.000000, 0.883333, 0.309091, 1.015152, 1.365152
 204.333333, 1.094617, 0.340946, 1.092985, 1.479608
 230.666667, 0.920520, 0.294798, 1.053468, 1.387283
 214.666667, 1.072981, 0.322981, 1.220497, 1.593168
14
 0.250000, 1.000000, 0.000000, 0.000000, 4.000000
 186.666667, 1.433929, 0.389286, 1.105357, 1.551786
 211.000000, 1.210111, 0.407583, 1.028436, 1.480253
 221.666667, 0.953383, 0.284211, 0.963910, 1.294737
 213.666667, 0.950078, 0.361934, 1.057722, 1.468019
 202.333333, 1.146623, 0.342669, 0.981878, 1.367381
 178.333333, 0.885981, 0.362617, 1.011215, 1.418692
 197.333333, 1.145270, 0.364865, 0.969595, 1.380068
 193.000000, 0.737478, 0.310881, 1.101900, 1.464594
 179.000000, 0.973929, 0.340782, 0.947858, 1.333333
 206.333333, 1.347334, 0.336026, 1.017771, 1.397415
 202.666667, 0.988487, 0.401316, 1.049342, 1.498355
 187.666667, 1.161634, 0.360568, 1.040853, 1.444050
 203.333333, 1.044262, 0.293443, 0.995082, 1.329508
 195.000000, 0.894017, 0.304274, 0.993162, 1.345299
 209.000000, 1.143541, 0.390750, 0.955343, 1.403509
 226.666667, 1.100000, 0.310294, 0.975000, 1.329412
 199.666667, 1.100167, 0.360601, 1.073456, 1.482471
 230.666667, 0.812139, 0.284682, 1.041908, 1.374277
 206.666667, 0.714516, 0.287097, 1.227419, 1.566129
15
 0.250000, 0.000000, 0.000000, 1.000000, 3.000000
 174.000000, 1.268199, 0.392720, 1.091954, 1.547893
 209.333333, 1.286624, 0.383758, 1.105096, 1.535032
 206.333333, 0.849758, 0.318255, 1.008078, 1.379645
 203.333333, 1.054098, 0.396721, 1.063934, 1.504918
 188.333333, 0.961062, 0.348673, 0.987611, 1.378761
 176.666667, 0.811321, 0.360377, 0.967925, 1.375472
 206.000000, 1.291262, 0.339806, 0.946602, 1.334951
 199.666667, 0.828047, 0.318865, 1.081803, 1.445743
 172.666667, 0.832046, 0.333977, 0.955598, 1.330116
 195.000000, 1.189744, 0.341880, 1.076923, 1.463248
 208.000000, 1.267628, 0.326923, 1.033654, 1.410256
 193.000000, 1.107081, 0.338515, 1.074266, 1.455959
 210.333333, 0.898574, 0.297940, 0.987322, 1.323296
 191.666667, 0.791304, 0.292174, 0.989565, 1.321739
 201.000000, 1.046434, 0.351575, 1.031509, 1.422886
 225.666667, 1.141802, 0.308715, 1.051699, 1.407681
 199.333333, 1.117057, 0.332776, 1.108696, 1.486622
 233.000000, 1.091559, 0.291845, 1.035765, 1.369099
 223.333333, 0.762687, 0.288060, 1.122388, 1.458209
16
 0.250000, 0.000000, 1.000000, 0.000000, 8.000000
 171.000000, 1.380117, 0.424951, 1.245614, 1.738791
 219.333333, 1.405775, 0.367781, 1.059271, 1.484802
 219.666667, 1.089530, 0.323217, 1.039454, 1.403642
 205.333333, 1.170455, 0.379870, 1.087662, 1.514610
 199.000000, 1.227806, 0.393635, 0.976549, 1.412060
 171.666667, 0.965049, 0.353398, 1.021359, 1.417476
 198.666667, 1.214765, 0.352349, 0.961409, 1.364094
 212.000000, 0.977987, 0.317610, 1.020440, 1.389937
 175.666667, 0.889943, 0.339658, 0.956357, 1.349146
 197.333333, 1.189189, 0.339527, 1.057432, 1.440878
 194.666667, 0.883562, 0.354452, 1.059932, 1.467466
 191.666667, 0.996522, 0.335652, 1.001739, 1.380870
 212.333333, 1.053375, 0.290424, 1.061224, 1.392465
 196.000000, 1.037415, 0.304422, 0.964286, 1.311224
 202.333333, 1.028007, 0.332784, 1.000000, 1.378913
 217.000000, 0.967742, 0.304147, 1.013825, 1.360983
 206.000000, 1.001618, 0.331715, 1.084142, 1.457929
 226.666667, 0.851471, 0.294118, 1.050000, 1.385294
 226.333333, 1.004418, 0.291605, 1.170839, 1.502209
17
 0.250000, 0.000000, 0.000000, 5.000000, 7.000000
 178.333333, 1.157009, 0.398131, 1.130841, 1.583178
 218.000000, 1.331804, 0.382263, 1.065749, 1.493884
 216.333333, 1.087827, 0.308166, 1.043143, 1.391371
 215.000000, 0.968992, 0.311628, 1.074419, 1.434109
 194.333333, 1.108062, 0.372213, 0.946827, 1.361921
 180.000000, 1.157407, 0.381481, 1.003704, 1.427778
 197.333333, 1.158784, 0.326014, 0.923986, 1.297297
 208.666667, 0.865815, 0.303514, 1.071885, 1.418530
 178.333333, 1.112150, 0.340187, 0.947664, 1.327103
 200.000000, 1.170000, 0.370000, 1.065000, 1.490000
 205.000000, 1.159350, 0.359350, 1.043902, 1.453659
 202.666667, 1.314145, 0.381579, 0.986842, 1.411184
 203.333333, 0.942623, 0.301639, 1.016393, 1.367213
 190.333333, 0.765324, 0.294221, 1.005254, 1.341506
 203.000000, 1.080460, 0.346470, 1.014778, 1.403941
 221.666667, 1.028571, 0.329323, 1.030075, 1.401504
 204.666667, 1.055375, 0.372964, 1.105863, 1.526059
 233.333333, 1.071429, 0.304286, 1.054286, 1.398571
 225.333333, 0.968935, 0.267751, 1.153846, 1.465976
18
 0.250000, 1.000000, 0.000000, 1.000000, 5.000000
 176.666667, 1.179245, 0.392453, 1.164151, 1.632075
 221.333333, 1.427711, 0.387048, 1.013554, 1.448795
 209.666667, 0.937997, 0.313196, 1.042925, 1.399046
 215.000000, 1.083721, 0.358140, 1.007752, 1.413953
 205.000000, 1.182114, 0.367480, 0.941463, 1.351220
 189.333333, 1.029930, 0.352113, 0.959507, 1.352113
 202.333333, 1.112026, 0.357496, 0.963756, 1.370675
 208.666667, 0.971246, 0.327476, 1.057508, 1.424920
 185.000000, 0.936937, 0.306306, 0.927928, 1.275676
 193.666667, 1.337349, 0.363167, 1.060241, 1.473322
 202.000000, 1.193069, 0.356436, 1.041254, 1.447195
 187.666667, 1.076377, 0.353464, 1.028419, 1.424512
 217.666667, 0.993874, 0.280245, 1.030628, 1.355283
 194.000000, 0.895189, 0.293814, 1.022337, 1.357388
 217.666667, 1.309342, 0.413476, 0.964778, 1.421133
 235.666667, 1.410184, 0.340877, 1.049505, 1.429986
 201.666667, 1.186777, 0.403306, 1.094215, 1.540496
 230.666667, 0.838150, 0.268786, 1.044798, 1.354046
 220.666667, 0.886707, 0.287009, 1.203927, 1.539275
19
 0.250000, 1.000000, 0.000000, 1.000000, 5.000000
 182.666667, 1.313869, 0.427007, 1.082117, 1.585766
 206.000000, 1.027508, 0.372168, 1.090615, 1.521036
 224.000000, 1.162202, 0.316964, 1.000000, 1.372024
 205.000000, 0.970732, 0.352846, 1.043902, 1.452033
 191.000000, 0.907504, 0.345550, 0.977312, 1.371728
 185.666667, 1.190305, 0.366248, 0.976661, 1.387792
 196.333333, 1.100170, 0.349745, 0.933786, 1.325976
 195.000000, 0.801709, 0.338462, 1.064957, 1.449573
 178.000000, 0.848315, 0.318352, 0.940075, 1.301498
 204.000000, 1.254902, 0.357843, 1.034314, 1.433007
 199.000000, 1.070352, 0.385260, 1.041876, 1.484087
 202.666667, 1.192434, 0.335526, 1.019737, 1.401316
 214.333333, 0.948678, 0.287714, 0.996890, 1.340591
 192.333333, 0.850953, 0.285962, 0.954939, 1.282496
 214.000000, 1.316199, 0.389408, 1.035826, 1.468847
 229.666667, 1.091437, 0.313498, 0.972424, 1.329463
 203.333333, 1.165574, 0.324590, 1.075410, 1.442623
 230.000000, 0.901449, 0.301449, 1.046377, 1.388406
 210.000000, 0.884127, 0.296825, 1.177778, 1.526984
20
 0.250000, 0.000000, 0.000000, 1.000000, 5.000000
 168.666667, 1.411067, 0.446640, 1.173913, 1.683794
 220.333333, 1.225416, 0.373676, 1.040847, 1.459909
 222.666667, 1.053892, 0.290419, 1.025449, 1.366766
 228.000000, 1.285088, 0.368421, 0.983918, 1.400585
 193.333333, 1.103448, 0.381034, 0.955172, 1.391379
 182.666667, 0.987226, 0.355839, 0.990876, 1.390511
 190.000000, 0.984211, 0.345614, 0.926316, 1.321053
 188.666667, 0.685512, 0.309187, 1.035336, 1.385159
 179.666667, 1.081633, 0.343228, 0.975881, 1.356215
 187.333333, 1.217082, 0.361210, 1.081851, 1.492883
 196.666667, 0.945763, 0.349153, 1.013559, 1.418644
 190.333333, 0.963222, 0.355517, 1.007005, 1.404553
 204.666667, 0.781759, 0.288274, 1.066775, 1.395765
 185.666667, 0.921005, 0.303411, 0.996409, 1.342908
 200.000000, 1.081667, 0.386667, 1.000000, 1.431667
 215.000000, 1.302326, 0.358140, 1.034109, 1.444961
 204.333333, 1.254486, 0.353997, 1.079935, 1.479608
 227.333333, 0.797654, 0.288856, 1.073314, 1.401760
 221.000000, 0.907994, 0.285068, 1.208145, 1.535445
21
 0.250000, 0.000000, 0.000000, 1.000000, 5.000000
 166.333333, 1.106212, 0.430862, 1.256513, 1.767535
 212.000000, 1.147799, 0.413522, 1.050314, 1.507862
 210.666667, 0.852848, 0.319620, 1.058544, 1.417722
 207.333333, 0.993569, 0.408360, 1.003215, 1.458199
 193.333333, 1.074138, 0.386207, 0.929310, 1.355172
 184.000000, 0.889493, 0.335145, 1.000000, 1.375000
 191.333333, 0.968641, 0.350174, 0.902439, 1.294425
 208.666667, 0.797125, 0.333866, 1.047923, 1.428115
 180.666667, 1.107011, 0.367159, 1.027675, 1.444649
 203.666667, 1.148936, 0.360065, 1.073650, 1.477905
 202.666667, 1.097039, 0.322368, 1.077303, 1.449013
 189.333333, 0.982394, 0.350352, 1.028169, 1.422535
 209.000000, 1.011164, 0.282297, 1.000000, 1.320574
 187.666667, 0.825933, 0.310835, 0.962700, 1.316163
 204.666667, 1.035831, 0.376221, 0.986971, 1.415309
 229.666667, 1.307692, 0.341074, 1.056604, 1.438316
 209.666667, 1.297297, 0.370429, 1.101749, 1.516693
 228.333333, 0.800000, 0.278832, 1.017518, 1.335766
 219.333333, 0.846505, 0.291793, 1.194529, 1.530395
22
 0.250000, 4.000000, 0.000000, 4.000000, 6.000000
 178.000000, 1.176030, 0.455056, 1.089888, 1.599251
 220.333333, 1.228442, 0.360061, 1.000000, 1.411498
 222.000000, 1.003003, 0.304805, 1.007508, 1.352853
 215.000000, 1.145736, 0.359690, 1.023256, 1.438760
 188.333333, 1.100885, 0.353982, 0.991150, 1.389381
 181.000000, 1.324125, 0.375691, 0.963168, 1.395948
 195.000000, 0.964103, 0.340171, 0.982906, 1.364103
 203.000000, 0.783251, 0.288998, 1.044335, 1.374384
 183.666667, 1.059891, 0.361162, 0.954628, 1.359347
 192.000000, 1.114583, 0.354167, 1.045139, 1.442708
 202.666667, 1.215461, 0.373355, 1.059211, 1.475329
 190.000000, 1.164912, 0.340351, 1.043860, 1.443860
 218.333333, 0.845802, 0.296183, 0.984733, 1.326718
 191.000000, 0.919721, 0.312391, 1.000000, 1.352531
 203.000000, 1.307061, 0.369458, 0.952381, 1.359606
 215.000000, 0.992248, 0.316279, 0.981395, 1.345736
 216.000000, 1.408951, 0.375000, 1.095679, 1.513889
 228.333333, 0.940146, 0.303650, 1.061314, 1.404380
 221.333333, 0.789157, 0.283133, 1.230422, 1.561747
23
 0.250000, 9.000000, 0.000000, 3.000000, 6.000000
 173.333333, 1.203846, 0.398077, 1.111538, 1.576923
 202.333333, 0.958814, 0.387150, 1.082372, 1.525535
 222.666667, 0.889222, 0.288922, 1.043413, 1.374251
 203.333333, 0.872131, 0.393443, 1.040984, 1.477049
 190.000000, 1.198246, 0.368421, 0.980702, 1.389474
 172.000000, 0.796512, 0.331395, 0.974806, 1.348837
 201.666667, 1.148760, 0.353719, 0.952066, 1.347107
 192.000000, 0.791667, 0.319444, 1.065972, 1.427083
 179.000000, 1.106145, 0.346369, 0.994413, 1.383613
 202.000000, 1.244224, 0.339934, 1.049505, 1.432343
 209.000000, 1.287081, 0.379585, 1.041467, 1.476874
 193.333333, 1.022414, 0.358621, 0.968966, 1.389655
 214.333333, 0.898911, 0.281493, 1.000000, 1.325039
 188.333333, 0.794690, 0.283186, 1.012389, 1.339823
 196.000000, 1.051020, 0.375850, 0.993197, 1.420068
 234.666667, 1.214489, 0.315341, 0.951705, 1.309659
 205.000000, 1.048780, 0.312195, 1.086179, 1.440650
 230.333333, 0.781476, 0.286541, 1.069465, 1.397974
 229.333333, 1.058140, 0.286337, 1.175872, 1.504360
24
 0.250000, 7.000000, 0.000000, 3.000000, 6.000000
 188.000000, 1.455674, 0.429078, 1.141844, 1.631206
 218.000000, 1.477064, 0.360856, 1.085627, 1.489297
 222.000000, 1.121622, 0.315315, 1.063063, 1.423423
 219.333333, 1.285714, 0.358663, 1.000000, 1.405775
 191.000000, 1.080279, 0.366492, 0.993019, 1.406632
 184.000000, 1.153986, 0.318841, 0.981884, 1.338768
 195.666667, 0.914821, 0.315162, 0.936968, 1.293015
 195.333333, 0.728669, 0.317406, 1.088737, 1.455631
 173.333333, 0.788462, 0.342308, 0.969231, 1.350000
 196.000000, 1.159864, 0.370748, 1.074830, 1.486395
 208.000000, 1.379808, 0.352564, 1.032051, 1.429487
 195.000000, 1.100855, 0.388034, 0.982906, 1.415385
 212.666667, 0.818182, 0.297806, 1.070533, 1.410658
 190.000000, 0.836842, 0.298246, 0.966667, 1.308772
 204.666667, 1.322476, 0.343648, 1.006515, 1.402280
 213.666667, 0.975039, 0.340094, 1.035881, 1.422777
 217.000000, 1.227343, 0.348694, 1.050691, 1.440860
 237.666667, 0.946704, 0.308555, 1.022440, 1.382889
 228.333333, 1.078832, 0.289051, 1.103650, 1.432117
25
 0.250000, 12.000000, 0.000000, 3.000000, 5.000000
 182.000000, 1.258242, 0.393773, 1.157509, 1.619048
 220.666667, 1.256798, 0.359517, 1.042296, 1.450151
 214.000000, 0.996885, 0.311526, 1.029595, 1.390966
 210.666667, 0.936709, 0.349684, 1.028481, 1.422468
 184.000000, 0.871377, 0.335145, 0.960145, 1.340580
 185.666667, 1.048474, 0.344704, 0.982047, 1.368043
 197.000000, 1.203046, 0.362098, 0.913706, 1.316413
 195.000000, 0.740171, 0.317949, 1.034188, 1.394872
 172.000000, 0.870155, 0.317829, 1.005814, 1.366279
 193.333333, 0.939655, 0.358621, 1.039655, 1.446552
 201.000000, 0.970149, 0.344942, 1.041459, 1.439469
 198.000000, 1.360269, 0.365320, 1.016835, 1.430976
 208.666667, 0.800319, 0.285942, 1.028754, 1.362620
 187.333333, 0.813167, 0.291815, 1.012456, 1.362989
 200.666667, 1.184385, 0.395349, 1.036545, 1.478405
 214.000000, 0.985981, 0.328660, 1.038941, 1.409657
 209.000000, 0.963317, 0.323764, 1.023923, 1.395534
 229.666667, 0.796807, 0.288824, 1.037736, 1.367199
 217.333333, 0.834356, 0.285276, 1.203988, 1.535276
26
 0.250000, 13.000000, 0.000000, 4.000000, 5.000000
 180.666667, 1.201107, 0.407749, 1.154982, 1.619926
 221.666667, 1.353383, 0.387970, 1.109774, 1.554887
 215.000000, 0.885271, 0.294574, 1.029457, 1.367442
 214.000000, 1.109034, 0.355140, 1.038941, 1.439252
 196.000000, 1.188776, 0.367347, 0.969388, 1.380952
 182.333333, 1.228519, 0.404022, 0.992687, 1.436929
 202.666667, 1.125000, 0.320724, 0.922697, 1.287829
 195.333333, 0.796928, 0.320819, 1.122867, 1.484642
 181.666667, 0.943119, 0.328440, 0.941284, 1.308257
 196.000000, 1.154762, 0.397959, 1.018707, 1.460884
 201.666667, 1.080992, 0.352066, 1.051240, 1.449587
 193.000000, 1.139896, 0.359240, 1.027634, 1.430052
 208.333333, 0.852800, 0.281600, 1.092800, 1.414400
 191.000000, 0.802792, 0.300175, 0.987784, 1.331588
 209.000000, 1.055821, 0.362041, 0.980861, 1.385965
 222.666667, 1.038922, 0.324850, 1.026946, 1.392216
 210.000000, 1.160317, 0.390476, 1.019048, 1.450794
 225.666667, 0.750369, 0.293944, 1.022157, 1.355982
 210.333333, 0.855784, 0.304279, 1.194929, 1.543582
27
 0.250000, 3.000000, 0.000000, 3.000000, 6.000000
 162.666667, 0.897541, 0.448770, 1.247951, 1.776639
 229.666667, 1.444122, 0.377358, 0.995646, 1.415094
 217.000000, 1.049155, 0.314900, 1.056836, 1.413210
 205.333333, 1.014610, 0.350649, 1.058442, 1.452922
 194.666667, 1.111301, 0.342466, 0.960616, 1.344178
 179.000000, 0.981378, 0.337058, 1.013035, 1.400372
 199.666667, 1.126878, 0.313856, 0.956594, 1.310518
 199.000000, 0.876047, 0.316583, 1.040201, 1.402010
 178.333333, 0.973832, 0.370093, 0.968224, 1.379439
 192.333333, 1.001733, 0.358752, 1.086655, 1.497400
 211.000000, 1.093207, 0.363349, 1.033175, 1.442338
 194.333333, 1.020583, 0.360206, 1.034305, 1.433962
 199.333333, 0.799331, 0.321070, 1.076923, 1.441472
 187.333333, 0.798932, 0.300712, 1.007117, 1.348754
 215.333333, 1.371517, 0.379257, 0.955108, 1.377709
 207.333333, 0.824759, 0.318328, 1.024116, 1.385852
 199.666667, 1.083472, 0.347245, 1.093489, 1.482471
 240.000000, 0.926389, 0.293056, 1.040278, 1.376389
 215.333333, 0.854489, 0.297214, 1.133127, 1.479876
28
 0.250000, 5.000000, 1.000000, 2.000000, 5.000000
 177.000000, 1.146893, 0.412429, 1.118644, 1.591337
 218.666667, 1.321646, 0.367378, 1.041159, 1.454268
 218.000000, 0.978593, 0.308869, 1.073394, 1.426606
 212.000000, 1.020440, 0.328616, 1.023585, 1.396226
 187.000000, 0.971480, 0.385027, 0.946524, 1.374332
 192.000000, 1.192708, 0.362847, 0.987847, 1.390625
 190.666667, 0.896853, 0.368881, 0.956294, 1.368881
 197.333333, 0.787162, 0.329392, 1.148649, 1.527027
 177.333333, 0.759398, 0.313910, 0.928571, 1.291353
 211.000000, 1.300158, 0.368088, 0.958926, 1.382306
 205.000000, 1.221138, 0.357724, 1.052033, 1.461789
 188.333333, 0.939823, 0.359292, 1.030088, 1.435398
 207.000000, 0.742351, 0.294686, 0.998390, 1.338164
 192.333333, 0.942808, 0.315425, 0.996534, 1.351820
 206.333333, 1.159935, 0.353796, 0.977383, 1.374798
 219.000000, 1.103501, 0.267884, 1.025875, 1.334855
 200.000000, 1.126667, 0.358333, 1.108333, 1.510000
 232.000000, 0.959770, 0.277299, 1.074713, 1.396552
 205.333333, 0.818182, 0.274351, 1.261364, 1.589286
29
 0.250000, 0.000000, 4.000000, 6.000000, 18.000000
 178.666667, 1.276119, 0.371269, 1.138060, 1.565299
 217.333333, 1.407975, 0.386503, 1.021472, 1.452454
 219.666667, 0.990895, 0.312595, 1.060698, 1.418816
 205.666667, 1.150729, 0.335494, 1.089141, 1.468395
 193.000000, 1.322971, 0.383420, 0.956822, 1.385147
 174.666667, 0.797710, 0.343511, 0.965649, 1.349237
 194.333333, 0.989708, 0.339623, 0.950257, 1.332762
 202.333333, 0.739703, 0.311367, 1.060956, 1.420099
 178.333333, 0.947664, 0.334579, 0.970093, 1.342056
 195.000000, 1.251282, 0.410256, 1.117949, 1.570940
 203.666667, 1.157119, 0.346972, 1.063830, 1.453355
 191.000000, 1.132635, 0.349040, 1.057592, 1.453752
 205.666667, 0.748784, 0.307942, 1.024311, 1.376013
 191.333333, 0.947735, 0.296167, 0.989547, 1.325784
 210.000000, 1.265079, 0.385714, 0.984127, 1.415873
 219.000000, 0.968037, 0.307458, 1.085236, 1.433790
 208.666667, 1.121406, 0.346645, 1.107029, 1.498403
 225.000000, 0.783704, 0.269630, 1.028148, 1.340741
 218.333333, 0.870229, 0.282443, 1.219847, 1.545038
30
 0.250000, 0.000000, 4.000000, 3.000000, 14.000000
 189.000000, 1.289242, 0.402116, 1.149912, 1.617284
 223.666667, 1.372578, 0.374069, 1.010432, 1.433681
 222.333333, 0.980510, 0.295352, 1.064468, 1.401799
 212.666667, 1.040752, 0.336991, 1.048589, 1.426332
 188.000000, 1.290780, 0.363475, 0.987589, 1.418440
 185.333333, 0.971223, 0.343525, 0.947842, 1.332734
 207.333333, 1.133441, 0.337621, 0.969453, 1.348875
 202.666667, 0.935855, 0.296053, 1.049342, 1.398026
 169.666667, 0.754420, 0.310413, 0.946955, 1.298625
 205.000000, 1.307317, 0.343089, 1.022764, 1.404878
 198.666667, 1.261745, 0.379195, 1.038591, 1.476510
 197.666667, 1.013491, 0.345700, 0.984823, 1.370995
 206.666667, 0.841935, 0.288710, 1.006452, 1.337097
 185.000000, 0.762162, 0.273874, 1.027027, 1.349550
 204.333333, 0.996737, 0.396411, 0.982055, 1.424144
 211.333333, 0.946372, 0.315457, 1.025237, 1.388013
 208.666667, 1.129393, 0.321086, 1.041534, 1.402556
 238.333333, 0.825175, 0.274126, 1.029371, 1.345455
 215.666667, 0.921175, 0.276662, 1.259660, 1.579598
31
 0.250000, 0.000000, 4.000000, 5.000000, 17.000000
 167.333333, 1.193227, 0.378486, 1.163347, 1.593625
 218.333333, 1.299237, 0.395420, 1.058015, 1.496183
 224.666667, 1.060831, 0.302671, 1.106825, 1.449555
 215.333333, 1.266254, 0.385449, 1.017028, 1.444272
 190.666667, 1.006993, 0.358392, 1.001748, 1.410839
 177.666667, 0.921201, 0.380863, 0.966229, 1.401501
 195.000000, 1.070085, 0.333333, 0.947009, 1.321368
 203.000000, 0.738916, 0.315271, 1.060755, 1.418719
 176.333333, 0.988658, 0.359168, 0.964083, 1.379962
 198.666667, 1.152685, 0.375839, 1.048658, 1.464765
 208.000000, 1.285256, 0.349359, 1.065705, 1.456731
 193.000000, 1.048359, 0.352332, 0.974093, 1.369603
 201.000000, 0.834163, 0.295191, 1.066335, 1.411277
 183.666667, 0.745917, 0.294011, 1.009074, 1.344828
 195.666667, 1.110733, 0.376491, 0.969336, 1.390119
 214.666667, 0.888199, 0.326087, 1.069876, 1.439441
 205.000000, 1.147967, 0.336585, 1.058537, 1.445528
 229.333333, 0.859012, 0.292151, 1.031977, 1.364826
 211.000000, 0.857820, 0.296998, 1.167457, 1.515008
Histogram
0 0 0 0 0 0 0 0 0 0 0 0 17 242 274 53 16 6 0 0 0 0 0 0 0 0 0 0 0 0 1 0 0 0 0 0 0 0 0 0 1 0 0 0 0 0 0 0 0 0 7 0 0 0 0 0 0 0 0 0 4 0 0 0 0 0 0 0 0 0 1 0 0 0 0 0 0 0 0 0 1 0 0 0 0 0 0 0 0 0 0 0 0 0 0 0 0 0 0 0 0 0 0 0 0 0 0 0 0 0 4 0 0 0 0 0 0 0 0 13 
Cache Miss Ratio
NaN
numOfSets
387569
numOfGets
0
numOfMultiGets
0
