20
0
 0.250000, 0.000000, 0.000000, 18.000000, 20.000000
 247.666667, 0.078062, 0.208614, 0.775236, 1.020188
 212.000000, 0.106918, 0.209119, 0.918239, 1.146226
 256.333333, 0.024707, 0.106632, 0.817945, 0.941482
 269.333333, 0.053218, 0.136139, 0.702970, 0.857673
 261.000000, 0.123883, 0.098340, 0.708812, 0.825032
 268.333333, 0.062112, 0.156522, 0.667081, 0.840994
 266.666667, 0.056250, 0.111250, 0.677500, 0.805000
 245.666667, 0.050204, 0.149254, 0.800543, 0.967436
 280.000000, 0.064286, 0.094048, 0.634524, 0.746429
 252.666667, 0.084433, 0.122691, 0.748021, 0.889182
 283.666667, 0.099882, 0.094007, 0.710928, 0.821387
 278.333333, 0.053892, 0.086228, 0.664671, 0.767665
 250.333333, 0.037284, 0.114514, 0.728362, 0.860186
 262.333333, 0.036849, 0.110546, 0.804320, 0.931385
 242.666667, 0.030220, 0.118132, 0.740385, 0.873626
 253.333333, 0.051316, 0.100000, 0.668421, 0.786842
 266.000000, 0.047619, 0.114035, 0.700501, 0.830827
 265.333333, 0.037688, 0.089196, 0.668342, 0.776382
 240.666667, 0.042936, 0.103878, 0.810249, 0.951524
1
 0.250000, 0.000000, 0.000000, 17.000000, 19.000000
 248.000000, 0.049731, 0.188172, 0.782258, 1.005376
 203.333333, 0.040984, 0.232787, 0.955738, 1.204918
 258.000000, 0.038760, 0.102067, 0.784238, 0.903101
 269.000000, 0.060719, 0.110285, 0.691450, 0.821561
 254.000000, 0.056430, 0.094488, 0.723097, 0.838583
 273.000000, 0.136752, 0.129426, 0.663004, 0.810745
 268.666667, 0.088089, 0.096774, 0.676179, 0.791563
 249.666667, 0.052069, 0.106809, 0.802403, 0.935915
 278.333333, 0.055090, 0.092216, 0.646707, 0.756886
 252.000000, 0.058201, 0.104497, 0.732804, 0.855820
 280.333333, 0.083234, 0.096314, 0.707491, 0.828775
 277.333333, 0.045673, 0.087740, 0.652644, 0.757212
 249.333333, 0.026738, 0.151070, 0.711230, 0.887701
 264.000000, 0.054293, 0.093434, 0.777778, 0.888889
 254.333333, 0.072084, 0.124509, 0.806029, 0.947575
 253.666667, 0.061761, 0.132720, 0.670171, 0.821288
 264.000000, 0.026515, 0.108586, 0.705808, 0.832071
 263.666667, 0.025284, 0.094817, 0.676359, 0.797724
 242.333333, 0.050894, 0.111417, 0.748281, 0.877579
2
 0.250000, 0.000000, 0.000000, 17.000000, 19.000000
 251.000000, 0.090305, 0.203187, 0.788845, 1.019920
 210.000000, 0.050794, 0.257143, 1.122222, 1.411111
 256.000000, 0.048177, 0.105469, 0.764323, 0.886719
 266.333333, 0.048811, 0.120150, 0.698373, 0.837297
 257.000000, 0.084306, 0.093385, 0.709468, 0.821012
 268.333333, 0.048447, 0.105590, 0.660870, 0.788820
 263.000000, 0.045627, 0.107731, 0.681876, 0.807351
 246.666667, 0.036486, 0.089189, 0.804054, 0.918919
 284.000000, 0.070423, 0.109155, 0.637324, 0.764085
 249.333333, 0.061497, 0.110963, 0.736631, 0.877005
 280.000000, 0.091667, 0.083333, 0.709524, 0.809524
 276.666667, 0.062651, 0.084337, 0.663855, 0.766265
 249.333333, 0.029412, 0.124332, 0.701872, 0.852941
 261.666667, 0.048408, 0.132484, 0.764331, 0.917197
 254.000000, 0.087927, 0.127297, 0.746719, 0.913386
 256.000000, 0.046875, 0.096354, 0.662760, 0.786458
 266.000000, 0.063910, 0.104010, 0.694236, 0.814536
 262.333333, 0.019060, 0.087675, 0.675985, 0.781449
 241.000000, 0.037344, 0.094053, 0.771784, 0.883817
3
 0.250000, 0.000000, 1.000000, 17.000000, 19.000000
 248.000000, 0.091398, 0.215054, 0.748656, 1.010753
 209.666667, 0.049285, 0.178060, 0.992051, 1.200318
 259.333333, 0.050129, 0.107969, 0.808483, 0.934447
 267.666667, 0.048568, 0.123288, 0.703611, 0.845579
 253.666667, 0.063075, 0.102497, 0.714849, 0.834428
 268.666667, 0.027295, 0.129032, 0.667494, 0.815136
 273.000000, 0.078144, 0.089133, 0.665446, 0.782662
 246.666667, 0.037838, 0.101351, 0.806757, 0.924324
 279.333333, 0.028640, 0.107399, 0.640811, 0.766110
 255.333333, 0.058747, 0.096606, 0.741514, 0.855091
 280.666667, 0.071259, 0.093824, 0.705463, 0.817102
 276.666667, 0.043373, 0.083133, 0.672289, 0.773494
 250.666667, 0.035904, 0.147606, 0.724734, 0.890957
 266.000000, 0.068922, 0.106516, 0.815789, 0.939850
 251.333333, 0.083554, 0.122016, 0.750663, 0.901857
 257.666667, 0.076326, 0.090556, 0.662354, 0.771022
 269.666667, 0.088999, 0.103832, 0.692213, 0.813350
 264.666667, 0.032746, 0.086902, 0.683879, 0.788413
 241.000000, 0.069156, 0.099585, 0.781466, 0.899032
4
 0.250000, 0.000000, 0.000000, 16.000000, 19.000000
 255.666667, 0.147327, 0.238592, 0.750978, 1.020860
 206.666667, 0.043548, 0.203226, 0.951613, 1.174194
 253.333333, 0.035526, 0.106579, 0.789474, 0.914474
 264.666667, 0.046599, 0.122166, 0.704030, 0.843829
 260.666667, 0.118926, 0.163683, 0.700767, 0.882353
 268.666667, 0.043424, 0.131514, 0.677419, 0.826303
 273.333333, 0.062195, 0.093902, 0.676829, 0.789024
 246.333333, 0.039242, 0.085250, 0.801083, 0.903924
 280.666667, 0.077197, 0.116390, 0.648456, 0.781473
 255.666667, 0.070404, 0.095176, 0.709257, 0.825293
 276.666667, 0.046988, 0.103614, 0.719277, 0.839759
 273.000000, 0.053724, 0.089133, 0.672772, 0.778999
 255.666667, 0.058670, 0.162973, 0.706649, 0.891786
 265.666667, 0.066499, 0.090339, 0.777917, 0.894605
 242.666667, 0.030220, 0.135989, 0.770604, 0.924451
 256.000000, 0.093750, 0.096354, 0.667969, 0.783854
 268.666667, 0.038462, 0.099256, 0.687345, 0.802730
 263.333333, 0.046835, 0.094937, 0.678481, 0.792405
 241.666667, 0.051034, 0.108966, 0.755862, 0.884138
5
 0.250000, 0.000000, 1.000000, 16.000000, 19.000000
 254.666667, 0.099476, 0.214660, 0.763089, 1.013089
 213.333333, 0.089063, 0.250000, 0.951563, 1.218750
 257.000000, 0.028534, 0.112840, 0.778210, 0.916991
 268.000000, 0.054726, 0.111940, 0.711443, 0.847015
 258.000000, 0.083979, 0.100775, 0.709302, 0.826873
 269.000000, 0.063197, 0.147460, 0.659232, 0.843866
 267.666667, 0.037360, 0.098381, 0.686177, 0.803238
 246.333333, 0.018945, 0.140731, 0.810555, 0.978349
 279.666667, 0.081049, 0.098927, 0.648391, 0.773540
 256.000000, 0.069010, 0.097656, 0.727865, 0.854167
 281.333333, 0.074645, 0.084123, 0.706161, 0.806872
 276.666667, 0.061446, 0.086747, 0.665060, 0.785542
 253.000000, 0.054018, 0.115942, 0.744401, 0.891963
 258.333333, 0.025806, 0.103226, 0.797419, 0.926452
 251.666667, 0.062252, 0.100662, 0.758940, 0.879470
 255.000000, 0.049673, 0.099346, 0.658824, 0.777778
 265.333333, 0.050251, 0.104271, 0.695980, 0.816583
 261.666667, 0.024204, 0.098089, 0.685350, 0.805096
 240.333333, 0.031900, 0.116505, 0.780860, 0.915395
6
 0.250000, 0.000000, 1.000000, 16.000000, 19.000000
 255.000000, 0.112418, 0.230065, 0.755556, 1.031373
 209.000000, 0.076555, 0.259968, 1.000000, 1.279107
 254.666667, 0.031414, 0.106021, 0.772251, 0.896597
 266.333333, 0.038798, 0.112641, 0.699625, 0.829787
 259.333333, 0.102828, 0.102828, 0.708226, 0.838046
 267.333333, 0.042394, 0.145885, 0.669576, 0.845387
 265.666667, 0.053952, 0.105395, 0.700125, 0.823087
 247.000000, 0.031039, 0.087719, 0.797571, 0.902834
 278.666667, 0.055024, 0.090909, 0.636364, 0.745215
 255.333333, 0.082245, 0.134465, 0.741514, 0.912533
 276.666667, 0.069880, 0.119277, 0.708434, 0.851807
 272.666667, 0.047677, 0.094132, 0.658924, 0.784841
 250.000000, 0.030667, 0.101333, 0.740000, 0.858667
 260.000000, 0.044872, 0.117949, 0.808974, 0.943590
 252.000000, 0.091270, 0.169312, 0.772487, 0.958995
 256.666667, 0.137662, 0.125974, 0.735065, 0.877922
 264.000000, 0.027778, 0.113636, 0.694444, 0.823232
 261.333333, 0.030612, 0.086735, 0.686224, 0.801020
 244.000000, 0.023224, 0.102459, 0.747268, 0.868852
7
 0.250000, 0.000000, 1.000000, 16.000000, 18.000000
 266.333333, 0.262829, 0.250313, 0.737171, 1.010013
 207.333333, 0.030547, 0.262058, 0.946945, 1.225080
 257.000000, 0.036316, 0.105058, 0.763943, 0.894942
 270.000000, 0.096296, 0.123457, 0.700000, 0.850617
 254.666667, 0.039267, 0.098168, 0.709424, 0.825916
 265.000000, 0.020126, 0.105660, 0.662893, 0.786164
 265.666667, 0.065245, 0.102886, 0.686324, 0.806775
 247.333333, 0.051213, 0.106469, 0.807278, 0.931267
 279.333333, 0.046539, 0.084726, 0.640811, 0.744630
 252.000000, 0.051587, 0.120370, 0.724868, 0.862434
 283.000000, 0.085984, 0.106007, 0.689046, 0.811543
 274.333333, 0.041312, 0.082625, 0.664642, 0.765492
 255.000000, 0.092810, 0.124183, 0.721569, 0.864052
 266.666667, 0.096250, 0.108750, 0.823750, 0.950000
 246.000000, 0.018970, 0.163957, 0.773713, 0.953930
 254.000000, 0.064304, 0.139108, 0.737533, 0.904199
 266.666667, 0.037500, 0.100000, 0.695000, 0.811250
 263.000000, 0.035488, 0.087452, 0.684411, 0.789607
 243.333333, 0.042466, 0.102740, 0.802740, 0.921918
Histogram
0 0 0 0 0 0 0 32 74 30 8 2 5 0 1 0 0 0 0 0 0 0 0 0 0 0 0 0 0 0 0 0 0 0 0 0 0 0 0 0 0 0 0 0 0 0 0 0 0 0 0 0 0 0 0 0 0 0 0 0 0 0 0 0 0 0 0 0 0 0 0 0 0 0 0 0 0 0 0 0 0 0 0 0 0 0 0 0 0 0 0 0 0 0 0 0 0 0 0 0 0 0 0 0 0 0 0 0 0 0 0 0 0 0 0 0 0 0 0 8 
Cache Miss Ratio
NaN
numOfSets
123912
numOfGets
0
numOfMultiGets
0
