20
0
 0.250000, 5.000000, 0.000000, 1.000000, 12.000000
 284.333333, 2.045721, 0.558030, 1.028136, 1.607268
 364.666667, 1.807130, 0.346435, 0.674589, 1.051188
 388.333333, 2.395708, 0.330472, 0.707296, 1.062661
 327.666667, 1.803662, 0.341811, 0.716175, 1.075280
 371.333333, 1.897666, 0.285458, 0.680431, 0.982047
 334.333333, 1.946162, 0.287139, 0.811565, 1.114656
 321.333333, 1.937759, 0.311203, 0.663900, 0.991701
 356.000000, 1.984082, 0.349251, 0.788390, 1.154494
 355.333333, 1.999062, 0.379925, 0.773921, 1.169794
 286.000000, 1.660839, 0.324009, 0.761072, 1.100233
 300.000000, 2.092222, 0.367778, 0.863333, 1.246667
 291.666667, 1.508571, 0.243429, 0.653714, 0.915429
 297.333333, 1.588565, 0.279148, 0.679372, 0.983184
 314.666667, 1.780720, 0.270127, 0.691737, 0.977754
 295.333333, 1.705418, 0.272009, 0.799097, 1.088036
 330.666667, 1.869960, 0.422379, 0.713710, 1.152218
 290.666667, 1.638761, 0.323394, 0.715596, 1.055046
 348.333333, 2.141627, 0.295694, 0.613397, 0.924402
 276.333333, 1.503016, 0.250905, 0.882992, 1.154403
1
 0.250000, 4.000000, 0.000000, 11.000000, 12.000000
 278.000000, 2.122302, 0.557554, 0.906475, 1.505995
 345.333333, 1.651544, 0.274131, 0.666023, 0.956564
 360.000000, 1.850926, 0.297222, 0.704630, 1.017593
 317.000000, 1.681388, 0.350158, 0.744479, 1.113565
 364.333333, 1.826167, 0.278134, 0.698994, 0.992681
 335.000000, 1.894527, 0.259701, 0.772139, 1.048756
 316.000000, 1.655063, 0.310127, 0.671941, 0.996835
 329.666667, 1.647118, 0.293225, 0.777553, 1.094034
 340.333333, 1.957884, 0.303624, 0.753183, 1.081293
 288.666667, 1.638568, 0.327945, 0.743649, 1.086605
 300.333333, 1.970033, 0.356271, 0.781354, 1.154273
 287.666667, 1.402086, 0.232908, 0.640788, 0.891078
 322.000000, 1.994824, 0.304348, 0.660455, 0.982402
 310.000000, 1.776344, 0.278495, 0.697849, 0.993548
 300.666667, 1.749446, 0.318182, 0.799335, 1.133038
 365.000000, 2.124201, 0.315982, 0.650228, 0.984475
 306.666667, 1.876087, 0.358696, 0.701087, 1.084783
 304.666667, 1.398249, 0.203501, 0.637856, 0.864333
 285.000000, 1.603509, 0.307602, 0.743860, 1.076023
2
 0.250000, 3.000000, 0.000000, 11.000000, 13.000000
 297.333333, 2.532511, 0.523543, 1.229821, 1.818386
 389.666667, 2.052181, 0.355004, 0.682635, 1.056459
 328.666667, 1.381339, 0.243408, 0.721095, 0.992901
 352.000000, 2.051136, 0.289773, 0.690341, 1.017992
 372.000000, 2.168459, 0.288530, 0.694444, 0.999104
 339.666667, 1.825319, 0.280667, 0.784102, 1.081452
 320.000000, 1.914583, 0.358333, 0.667708, 1.041667
 359.333333, 2.060297, 0.308905, 0.754174, 1.085343
 351.666667, 2.005687, 0.346919, 0.771564, 1.134597
 271.000000, 1.467405, 0.271833, 0.762608, 1.050431
 282.666667, 1.775943, 0.369104, 0.813679, 1.200472
 318.666667, 2.007322, 0.270921, 0.642259, 0.930962
 302.000000, 1.847682, 0.332230, 0.677704, 1.026490
 310.000000, 1.783871, 0.274194, 0.700000, 0.990323
 300.333333, 1.672586, 0.284129, 0.819090, 1.126526
 343.666667, 1.844811, 0.275461, 0.668283, 0.960233
 298.333333, 1.788827, 0.362011, 0.729609, 1.110615
 323.000000, 1.692466, 0.273478, 0.636739, 0.934985
 307.000000, 1.955483, 0.294245, 0.824104, 1.134636
3
 0.250000, 2.000000, 0.000000, 11.000000, 13.000000
 247.333333, 1.765499, 0.524259, 1.152291, 1.726415
 379.000000, 1.960422, 0.318382, 0.666667, 1.009675
 400.000000, 2.459167, 0.335000, 0.680833, 1.032500
 347.000000, 2.104707, 0.363112, 0.716619, 1.097022
 343.666667, 1.811833, 0.260912, 0.713870, 0.992241
 363.333333, 2.211009, 0.333945, 0.779817, 1.131193
 308.333333, 1.671351, 0.307027, 0.692973, 1.015135
 364.333333, 2.323879, 0.359561, 0.935956, 1.323879
 340.333333, 1.891283, 0.332027, 0.774731, 1.129285
 317.666667, 2.125918, 0.369360, 0.756558, 1.141658
 315.000000, 2.417989, 0.371429, 0.839153, 1.232804
 317.000000, 1.912723, 0.261830, 0.625657, 0.904311
 315.666667, 1.861668, 0.321014, 0.650475, 0.990496
 317.333333, 1.761555, 0.282563, 0.691176, 0.990546
 306.333333, 1.899891, 0.306855, 0.843308, 1.166485
 335.000000, 1.668657, 0.279602, 0.677612, 0.980100
 304.666667, 2.026258, 0.296499, 0.723195, 1.043764
 379.000000, 2.563764, 0.318382, 0.582234, 0.936675
 302.000000, 2.084989, 0.288079, 0.850993, 1.155629
4
 0.250000, 1.000000, 1.000000, 11.000000, 13.000000
 272.000000, 1.938725, 0.447304, 0.948529, 1.437500
 379.333333, 2.114236, 0.362039, 0.675747, 1.073814
 358.333333, 2.157209, 0.284651, 0.709767, 1.011163
 385.000000, 2.625108, 0.377489, 0.690909, 1.086580
 387.000000, 2.299742, 0.306632, 0.677864, 1.001723
 302.666667, 1.395374, 0.223568, 0.837004, 1.075991
 293.333333, 1.500000, 0.287500, 0.714773, 1.019318
 325.000000, 1.577436, 0.265641, 0.796923, 1.077949
 349.333333, 2.014313, 0.323473, 0.760496, 1.101145
 293.333333, 1.835227, 0.327273, 0.761364, 1.104545
 290.666667, 1.713303, 0.314220, 0.786697, 1.115826
 338.666667, 2.168307, 0.312992, 0.614173, 0.946850
 338.666667, 2.262795, 0.374016, 0.770669, 1.168307
 315.333333, 1.790698, 0.283298, 0.700846, 1.000000
 341.333333, 2.440430, 0.441406, 0.789063, 1.253906
 348.000000, 2.034483, 0.298851, 0.636015, 0.953065
 298.666667, 1.822545, 0.272321, 0.729911, 1.027902
 302.666667, 1.511013, 0.240088, 0.658590, 0.914097
 290.000000, 1.601149, 0.288506, 0.763218, 1.068966
5
 0.250000, 0.000000, 1.000000, 8.000000, 25.000000
 318.000000, 2.611111, 0.557652, 0.957023, 1.558700
 390.333333, 2.280102, 0.366354, 0.707088, 1.091375
 341.333333, 1.829102, 0.289063, 0.708008, 1.034180
 351.666667, 1.906161, 0.310900, 0.705213, 1.032227
 371.000000, 1.964061, 0.275831, 0.699012, 0.997305
 362.333333, 2.460902, 0.362466, 0.777369, 1.155474
 309.000000, 1.550162, 0.274002, 0.682848, 0.973031
 349.000000, 1.893028, 0.336199, 0.778415, 1.130850
 346.666667, 1.849038, 0.327885, 0.768269, 1.111538
 295.666667, 1.872604, 0.315671, 0.763247, 1.095829
 278.000000, 1.714628, 0.297362, 1.092326, 1.414868
 320.666667, 1.995842, 0.277547, 0.691268, 0.986486
 327.000000, 1.992864, 0.335372, 0.665647, 1.024465
 319.000000, 1.948798, 0.310345, 0.701149, 1.034483
 287.000000, 1.578397, 0.303136, 0.813008, 1.141696
 314.333333, 1.481442, 0.270414, 0.687169, 0.981972
 284.666667, 1.774005, 0.384075, 0.728337, 1.127635
 306.666667, 1.457609, 0.210870, 0.639130, 0.872826
 302.333333, 1.902977, 0.295480, 0.701213, 1.016538
6
 0.250000, 4.000000, 1.000000, 8.000000, 21.000000
 271.000000, 1.905289, 0.480935, 1.033210, 1.533825
 375.000000, 1.922667, 0.353778, 0.677333, 1.048889
 369.333333, 2.152527, 0.277978, 0.701264, 1.002708
 324.666667, 1.679671, 0.313142, 0.711499, 1.043121
 394.333333, 2.179205, 0.321217, 0.677092, 1.014370
 325.666667, 1.640737, 0.289662, 0.819857, 1.125896
 313.666667, 1.680128, 0.236982, 0.684378, 0.943677
 318.666667, 1.482218, 0.248954, 0.817992, 1.082636
 337.666667, 1.790721, 0.312932, 0.774926, 1.103653
 312.333333, 2.177161, 0.346852, 0.741729, 1.113127
 311.333333, 1.982869, 0.361884, 0.767666, 1.146681
 294.666667, 1.536199, 0.290724, 0.638009, 0.946833
 350.000000, 2.162857, 0.337143, 0.660000, 1.015238
 333.000000, 2.054054, 0.308308, 0.687688, 1.020020
 327.000000, 2.083588, 0.383282, 0.798165, 1.211009
 311.000000, 1.418006, 0.254019, 0.691318, 0.974277
 312.666667, 2.035181, 0.357143, 0.710021, 1.083156
 332.333333, 1.829488, 0.267803, 0.626881, 0.911735
 294.000000, 1.854875, 0.263039, 0.911565, 1.192744
7
 0.250000, 0.000000, 1.000000, 8.000000, 26.000000
 292.000000, 2.214612, 0.561644, 0.995434, 1.578767
 382.333333, 1.993897, 0.322581, 0.672188, 1.012206
 360.333333, 2.106383, 0.298797, 0.703053, 1.019426
 334.000000, 1.742515, 0.328343, 0.729541, 1.073852
 366.333333, 1.921747, 0.281165, 0.692448, 0.990901
 307.000000, 1.402823, 0.272530, 0.807818, 1.097720
 314.000000, 1.594480, 0.264331, 0.681529, 0.961783
 362.666667, 2.165441, 0.337316, 0.761949, 1.115809
 333.666667, 1.695305, 0.309690, 0.776224, 1.101898
 266.333333, 1.337922, 0.262829, 0.780976, 1.060075
 286.666667, 1.725581, 0.304651, 0.793023, 1.115116
 307.333333, 1.748373, 0.240781, 0.631236, 0.891540
 302.666667, 1.783040, 0.273128, 0.677313, 0.969163
 330.333333, 2.077699, 0.311806, 0.674067, 1.011100
 305.000000, 1.925683, 0.345355, 0.825137, 1.187978
 341.666667, 2.072195, 0.287805, 0.674146, 0.985366
 278.333333, 1.474251, 0.251497, 0.728144, 0.996407
 302.666667, 1.476872, 0.212555, 0.643172, 0.879956
 293.666667, 1.763905, 0.274688, 0.801362, 1.093076
8
 0.250000, 0.000000, 0.000000, 8.000000, 25.000000
 261.666667, 1.997452, 0.426752, 1.005096, 1.461146
 356.666667, 1.685047, 0.360748, 0.687850, 1.068224
 352.333333, 2.030274, 0.293283, 0.707663, 1.017975
 329.000000, 1.924012, 0.337386, 0.723404, 1.077001
 360.333333, 2.060130, 0.267345, 0.733580, 1.023127
 362.666667, 2.438419, 0.318934, 0.799632, 1.136029
 302.333333, 1.501654, 0.293275, 0.685777, 0.995590
 337.333333, 1.673913, 0.272727, 0.789526, 1.078063
 337.666667, 1.745311, 0.360316, 0.759131, 1.147088
 312.000000, 2.091880, 0.368590, 0.757479, 1.148504
 299.333333, 1.935412, 0.325167, 0.851893, 1.194878
 328.666667, 2.005071, 0.305274, 0.625761, 0.949290
 310.333333, 1.922664, 0.339420, 0.676692, 1.035446
 316.333333, 1.818757, 0.287671, 0.696523, 1.001054
 296.333333, 1.618673, 0.310461, 0.832396, 1.159730
 352.333333, 2.154210, 0.315043, 0.666982, 1.000000
 301.000000, 1.819491, 0.331118, 0.713178, 1.062016
 309.333333, 1.621767, 0.225216, 0.641164, 0.889009
 274.000000, 1.526764, 0.278589, 0.857664, 1.153285
9
 0.250000, 0.000000, 0.000000, 8.000000, 25.000000
 242.666667, 1.324176, 0.395604, 0.971154, 1.396978
 357.333333, 1.611940, 0.328358, 0.694030, 1.040112
 374.000000, 2.189840, 0.305704, 0.723708, 1.046346
 349.333333, 2.027672, 0.320611, 0.709924, 1.047710
 336.666667, 1.639604, 0.236634, 0.690099, 0.943564
 334.666667, 1.940239, 0.305777, 0.811753, 1.133466
 297.666667, 1.483763, 0.222844, 0.692049, 0.931691
 326.666667, 1.448980, 0.275510, 0.792857, 1.084694
 341.666667, 1.908293, 0.329756, 0.757073, 1.102439
 298.333333, 2.029050, 0.360894, 0.764246, 1.143017
 300.666667, 1.964523, 0.363636, 0.868071, 1.248337
 339.000000, 2.206490, 0.294002, 0.607670, 0.918387
 324.666667, 2.068789, 0.322382, 0.665298, 1.013347
 311.000000, 1.640943, 0.266881, 0.693462, 0.977492
 318.666667, 1.990586, 0.393305, 0.816946, 1.228033
 319.000000, 1.555904, 0.270637, 0.787879, 1.074190
 332.000000, 2.412651, 0.410643, 0.682731, 1.110442
 337.666667, 1.864758, 0.262586, 0.596249, 0.895360
 300.333333, 1.880133, 0.300777, 0.793563, 1.118757
10
 0.250000, 0.000000, 0.000000, 0.000000, 25.000000
 281.333333, 1.930095, 0.457346, 0.969194, 1.462085
 417.333333, 2.402556, 0.389776, 0.664537, 1.071086
 355.000000, 1.861033, 0.281690, 0.718310, 1.015962
 341.666667, 1.912195, 0.359024, 0.698537, 1.073171
 415.333333, 2.723114, 0.322632, 0.666132, 1.007223
 307.666667, 1.514626, 0.258938, 0.816901, 1.093174
 388.666667, 3.092624, 0.332762, 0.616638, 0.966552
 321.000000, 1.550363, 0.259605, 0.808930, 1.091381
 342.666667, 1.910506, 0.365759, 0.770428, 1.151751
 276.000000, 1.387681, 0.266908, 0.753623, 1.036232
 301.666667, 1.995580, 0.341436, 0.844199, 1.216575
 303.333333, 1.761538, 0.230769, 0.624176, 0.873626
 316.333333, 1.907271, 0.297155, 0.679663, 0.992624
 326.666667, 2.074490, 0.318367, 0.682653, 1.017347
 313.000000, 1.857295, 0.314164, 0.802982, 1.134185
 346.666667, 2.036538, 0.320192, 0.675000, 1.013462
 284.000000, 1.654930, 0.300469, 0.726526, 1.044601
 326.333333, 1.875383, 0.326864, 0.623085, 0.965271
 312.666667, 2.012793, 0.308102, 0.784648, 1.108742
11
 0.250000, 6.000000, 0.000000, 8.000000, 20.000000
 256.666667, 1.625974, 0.494805, 0.984416, 1.516883
 352.000000, 1.820076, 0.299242, 0.729167, 1.046402
 339.000000, 1.705015, 0.236971, 0.705015, 0.964602
 316.000000, 1.662447, 0.279536, 0.727848, 1.023207
 351.333333, 1.837761, 0.243833, 0.695446, 0.957306
 376.666667, 2.397345, 0.352212, 0.774336, 1.148673
 305.333333, 1.553493, 0.298035, 0.681223, 1.016376
 324.333333, 1.523124, 0.272354, 0.807811, 1.097636
 346.333333, 2.059673, 0.313763, 0.749759, 1.088547
 314.666667, 2.152542, 0.354873, 0.744703, 1.116525
 287.333333, 1.792343, 0.305104, 0.803944, 1.125290
 339.000000, 2.207473, 0.309735, 0.612586, 0.939036
 290.666667, 1.577982, 0.267202, 0.685780, 0.970183
 324.000000, 1.871399, 0.293210, 0.685185, 1.001029
 336.333333, 2.396432, 0.433102, 0.795837, 1.247770
 351.333333, 1.976281, 0.317837, 0.659393, 1.003795
 311.000000, 1.922830, 0.364416, 0.709539, 1.090032
 348.666667, 1.879541, 0.270554, 0.608031, 0.893881
 289.666667, 1.718067, 0.286536, 0.855006, 1.165708
12
 0.250000, 0.000000, 0.000000, 8.000000, 25.000000
 304.666667, 2.471554, 0.481400, 0.931072, 1.434354
 357.000000, 1.668534, 0.309057, 0.672269, 1.004669
 321.666667, 1.476684, 0.210363, 0.755440, 0.983420
 333.000000, 1.675676, 0.306306, 0.697698, 1.027027
 337.000000, 1.629080, 0.220574, 0.711177, 0.950544
 339.333333, 1.874263, 0.282908, 0.790766, 1.096267
 384.000000, 2.980903, 0.338542, 0.619792, 0.975694
 385.000000, 2.410390, 0.371429, 0.744589, 1.132468
 344.333333, 1.858664, 0.362052, 0.760891, 1.149080
 271.000000, 1.503075, 0.260763, 0.768758, 1.049200
 278.666667, 1.639952, 0.325359, 0.894737, 1.238038
 316.000000, 1.743671, 0.280591, 0.652954, 0.956751
 313.333333, 1.830851, 0.302128, 0.685106, 1.012766
 318.333333, 1.813613, 0.286911, 0.686911, 0.990576
 309.333333, 1.934267, 0.406250, 0.815733, 1.239224
 342.000000, 1.804094, 0.278752, 0.645224, 0.939571
 285.000000, 1.622222, 0.307602, 0.739181, 1.063158
 352.333333, 2.212867, 0.320719, 0.676443, 1.013245
 298.333333, 1.916201, 0.303911, 0.746369, 1.071508
13
 0.250000, 6.000000, 0.000000, 9.000000, 20.000000
 294.000000, 2.321995, 0.469388, 0.945578, 1.451247
 386.666667, 2.056034, 0.316379, 0.662069, 1.001724
 388.333333, 2.328755, 0.296996, 0.686695, 1.007725
 355.000000, 1.990610, 0.337089, 0.716432, 1.069484
 369.333333, 2.183213, 0.287906, 0.673285, 0.997292
 344.333333, 1.821878, 0.295257, 0.783156, 1.094869
 298.000000, 1.489933, 0.236018, 0.697987, 0.960850
 357.666667, 2.166822, 0.360671, 0.777260, 1.160298
 324.000000, 1.831276, 0.286008, 0.791152, 1.108025
 266.000000, 1.423559, 0.246867, 0.768170, 1.033835
 296.333333, 1.949381, 0.329584, 0.780652, 1.128234
 292.333333, 1.580388, 0.232611, 0.638540, 0.888255
 310.333333, 1.818475, 0.315789, 0.658432, 0.991407
 309.666667, 1.834230, 0.278794, 0.699677, 0.995694
 336.666667, 2.245545, 0.392079, 0.773267, 1.182178
 332.666667, 1.677355, 0.274549, 0.640281, 0.950902
 300.333333, 1.768036, 0.358491, 0.694784, 1.076582
 340.333333, 1.994123, 0.295788, 0.626836, 0.940255
 307.666667, 2.006501, 0.322860, 0.813651, 1.153846
14
 0.250000, 0.000000, 0.000000, 8.000000, 25.000000
 316.000000, 2.858650, 0.578059, 0.978903, 1.599156
 359.333333, 1.868275, 0.286642, 0.704082, 1.007421
 345.333333, 1.666988, 0.245174, 0.710425, 0.978764
 329.000000, 1.676798, 0.281662, 0.705167, 1.005066
 337.666667, 1.601185, 0.260612, 0.712734, 0.989141
 380.666667, 2.688266, 0.328371, 0.743433, 1.087566
 324.333333, 1.971223, 0.298047, 0.672148, 0.984584
 349.000000, 1.879656, 0.302770, 0.777459, 1.096466
 340.333333, 1.750245, 0.334966, 0.785504, 1.136141
 311.000000, 2.122186, 0.366559, 0.753483, 1.137192
 331.000000, 2.464250, 0.369587, 0.804632, 1.196375
 288.666667, 1.515012, 0.230947, 0.653580, 0.911085
 323.333333, 1.882474, 0.319588, 0.679381, 1.015464
 322.333333, 1.898656, 0.294726, 0.671148, 0.981386
 301.666667, 1.782320, 0.323757, 0.820994, 1.161326
 367.000000, 2.220708, 0.457766, 0.671208, 1.148047
 296.333333, 1.632171, 0.346457, 0.728909, 1.091114
 339.333333, 1.968566, 0.285855, 0.618861, 0.922397
 299.333333, 1.758352, 0.319599, 0.877506, 1.213808
15
 0.250000, 0.000000, 0.000000, 8.000000, 25.000000
 285.333333, 2.179907, 0.564252, 1.000000, 1.593458
 354.333333, 1.669802, 0.259643, 0.745061, 1.022578
 355.666667, 1.947516, 0.280225, 0.703843, 1.007498
 322.000000, 1.741201, 0.301242, 0.724638, 1.046584
 343.333333, 1.675728, 0.252427, 0.708738, 0.977670
 316.333333, 1.638567, 0.287671, 0.852476, 1.155954
 312.333333, 1.827108, 0.310566, 0.683031, 1.017076
 342.333333, 1.887050, 0.298929, 0.794547, 1.109056
 331.333333, 1.861167, 0.328974, 0.784708, 1.129779
 278.333333, 1.465868, 0.308982, 0.738922, 1.071856
 277.000000, 1.578821, 0.311673, 0.853189, 1.202166
 289.333333, 1.468894, 0.223502, 0.640553, 0.881336
 301.000000, 1.879291, 0.300111, 0.693245, 1.011074
 319.000000, 1.681296, 0.265413, 0.678161, 0.967607
 340.333333, 2.318315, 0.404505, 0.783546, 1.205681
 347.666667, 1.820709, 0.279962, 0.633749, 0.929051
 286.666667, 1.504651, 0.282558, 0.720930, 1.023256
 290.333333, 1.252583, 0.222732, 0.653272, 0.892078
 289.333333, 1.722350, 0.299539, 0.751152, 1.066820
Histogram
0 0 0 0 0 0 0 0 12 74 117 69 14 2 6 7 1 1 1 0 0 0 0 0 0 0 0 0 0 0 0 0 0 0 0 0 0 0 0 0 0 0 0 0 0 0 0 0 0 0 0 0 0 0 0 0 0 0 0 0 0 0 0 0 0 0 0 0 0 0 0 0 0 0 0 0 0 0 0 0 0 0 0 0 0 0 0 0 0 0 0 0 0 0 0 0 0 0 0 0 0 0 0 0 0 0 0 0 0 0 0 0 0 0 0 0 0 0 0 16 
Cache Miss Ratio
NaN
numOfSets
312080
numOfGets
0
numOfMultiGets
0
