20
0
 0.250000, 0.000000, 0.000000, 4.000000, 40.000000
 391.666667, 1.088511, 0.314894, 0.947234, 1.321702
 404.333333, 1.234955, 0.333883, 0.964551, 1.339654
 395.666667, 0.873631, 0.299916, 0.996630, 1.339511
 422.666667, 0.940852, 0.271293, 0.884069, 1.201104
 418.333333, 1.068526, 0.324303, 0.931474, 1.297211
 351.333333, 0.977230, 0.340607, 1.084440, 1.464896
 372.000000, 1.005376, 0.320789, 1.053763, 1.417563
 405.333333, 0.886513, 0.310033, 0.918586, 1.276316
 387.333333, 0.924269, 0.295181, 1.048193, 1.383821
 415.000000, 1.166265, 0.321285, 0.943775, 1.312450
 392.333333, 1.000850, 0.348343, 1.073917, 1.468139
 399.000000, 1.147034, 0.326650, 0.964912, 1.335840
 408.666667, 0.771615, 0.296900, 0.950245, 1.286297
 403.000000, 0.937965, 0.316791, 0.897436, 1.257237
 377.666667, 1.062665, 0.372462, 0.992939, 1.408650
 393.333333, 0.817797, 0.273729, 0.958475, 1.270339
 381.000000, 1.039370, 0.364829, 0.934383, 1.343832
 404.666667, 1.126030, 0.340198, 0.888797, 1.269357
 431.666667, 0.877220, 0.281853, 0.917375, 1.239382
1
 0.250000, 0.000000, 0.000000, 4.000000, 41.000000
 381.333333, 0.984266, 0.319930, 0.951049, 1.321678
 399.333333, 1.165275, 0.328881, 0.986644, 1.359766
 398.000000, 0.814070, 0.262982, 0.953099, 1.258794
 426.333333, 0.913995, 0.286161, 0.886630, 1.213448
 415.666667, 1.097033, 0.323176, 0.944667, 1.307939
 361.000000, 1.077562, 0.327793, 1.039705, 1.413666
 364.000000, 0.951465, 0.329670, 1.082418, 1.455128
 412.333333, 0.843169, 0.291835, 0.911075, 1.244139
 392.666667, 0.970289, 0.287776, 1.059423, 1.389643
 422.333333, 1.237569, 0.339384, 0.941594, 1.322021
 380.666667, 0.887040, 0.295096, 1.056042, 1.400175
 393.000000, 1.122986, 0.338422, 0.996607, 1.379135
 414.000000, 0.929147, 0.294686, 0.932367, 1.273752
 396.666667, 0.937815, 0.336134, 0.887395, 1.268067
 387.666667, 1.128977, 0.354256, 0.990542, 1.389510
 397.333333, 0.962248, 0.307047, 0.968121, 1.312919
 392.333333, 1.112150, 0.381478, 0.932031, 1.353441
 397.333333, 0.906879, 0.317114, 0.894295, 1.255034
 431.666667, 0.949807, 0.281081, 0.922780, 1.245560
2
 0.250000, 0.000000, 0.000000, 25.000000, 41.000000
 393.666667, 0.950042, 0.309907, 0.941575, 1.303133
 392.666667, 0.910017, 0.332767, 0.998302, 1.376061
 397.666667, 0.992456, 0.295893, 0.958089, 1.303437
 426.333333, 0.924941, 0.268178, 0.891321, 1.211102
 419.333333, 1.166137, 0.316375, 0.945946, 1.306836
 351.000000, 0.946819, 0.311491, 1.051282, 1.401709
 381.666667, 1.171179, 0.344978, 1.056769, 1.441048
 422.000000, 1.081359, 0.317536, 0.921011, 1.281201
 390.333333, 0.891546, 0.275833, 1.034159, 1.352690
 400.000000, 1.081667, 0.333333, 0.957500, 1.334167
 383.666667, 0.972198, 0.344049, 1.074718, 1.471764
 391.666667, 1.191489, 0.315745, 0.970213, 1.332766
 412.000000, 0.891586, 0.324434, 0.949029, 1.319579
 412.333333, 1.101051, 0.311237, 0.902183, 1.258690
 388.333333, 1.117597, 0.344206, 1.005150, 1.394850
 397.666667, 0.922045, 0.310142, 0.957251, 1.305951
 387.000000, 1.152455, 0.385013, 0.944014, 1.368648
 411.000000, 0.995134, 0.316302, 0.892133, 1.247364
 437.666667, 0.975628, 0.281797, 0.900990, 1.224676
3
 0.250000, 0.000000, 0.000000, 3.000000, 34.000000
 390.666667, 0.942833, 0.308874, 0.951365, 1.313140
 394.000000, 1.117597, 0.346024, 0.994078, 1.385787
 394.000000, 0.905245, 0.275804, 0.973773, 1.293570
 425.000000, 0.906667, 0.290980, 0.881569, 1.223529
 418.000000, 1.026316, 0.307018, 0.916268, 1.263955
 353.333333, 0.875472, 0.324528, 1.062264, 1.426415
 372.000000, 1.101254, 0.334229, 1.069892, 1.443548
 410.000000, 0.965041, 0.307317, 0.916260, 1.265041
 381.000000, 0.828521, 0.301837, 1.060367, 1.405949
 416.666667, 1.233600, 0.336800, 0.953600, 1.335200
 388.666667, 0.967410, 0.335334, 1.047170, 1.423671
 390.666667, 1.180034, 0.346416, 1.007679, 1.402730
 426.666667, 0.906250, 0.322656, 0.938281, 1.300000
 407.333333, 0.954992, 0.319967, 0.883797, 1.243044
 384.333333, 1.117086, 0.348656, 0.999133, 1.385950
 399.333333, 0.962437, 0.312187, 0.929048, 1.290484
 385.000000, 0.956710, 0.331602, 0.932468, 1.322944
 400.333333, 0.910908, 0.312240, 0.907577, 1.258951
 428.333333, 0.948638, 0.280156, 0.915953, 1.236576
4
 0.250000, 0.000000, 0.000000, 4.000000, 36.000000
 383.333333, 0.963478, 0.312174, 0.948696, 1.319130
 394.333333, 1.083686, 0.334742, 0.968724, 1.349958
 399.666667, 0.926606, 0.314429, 1.000000, 1.357798
 418.666667, 0.898089, 0.285828, 0.890127, 1.218153
 424.333333, 1.082482, 0.320503, 0.936371, 1.296151
 361.666667, 1.038710, 0.354839, 1.077419, 1.471889
 364.000000, 1.032967, 0.379121, 1.079670, 1.501832
 433.333333, 1.050000, 0.306923, 0.896923, 1.241538
 384.333333, 0.910668, 0.279271, 1.066782, 1.387684
 410.666667, 1.185065, 0.352273, 0.943994, 1.338474
 383.000000, 0.852916, 0.349869, 1.063534, 1.456049
 377.000000, 0.945181, 0.335986, 1.000884, 1.379310
 419.666667, 0.939635, 0.291501, 0.921366, 1.255759
 398.666667, 0.862040, 0.308528, 0.904682, 1.253344
 380.000000, 1.009649, 0.335965, 1.001754, 1.380702
 413.666667, 0.997583, 0.300564, 0.932313, 1.270749
 391.666667, 1.113191, 0.362553, 0.934468, 1.337872
 386.000000, 0.849741, 0.297064, 0.913644, 1.259067
 431.333333, 0.894900, 0.267388, 0.908810, 1.216383
5
 0.250000, 0.000000, 0.000000, 3.000000, 36.000000
 389.000000, 0.963153, 0.307626, 0.941731, 1.305913
 407.000000, 1.169533, 0.348894, 0.972973, 1.366912
 404.666667, 0.967051, 0.269357, 0.979407, 1.290774
 435.666667, 0.996174, 0.299923, 0.871461, 1.215761
 411.333333, 0.987034, 0.324149, 0.961102, 1.324959
 358.333333, 0.993488, 0.314419, 1.055814, 1.409302
 373.666667, 1.123996, 0.338091, 1.084746, 1.463872
 419.333333, 0.969793, 0.310811, 0.936407, 1.287758
 388.666667, 0.932247, 0.301887, 1.079760, 1.425386
 404.000000, 1.189769, 0.320957, 0.978548, 1.340759
 381.000000, 1.064742, 0.332458, 1.058618, 1.431321
 385.333333, 1.068339, 0.341696, 1.020761, 1.409170
 414.333333, 0.894610, 0.300080, 0.951730, 1.291231
 414.333333, 0.974256, 0.313757, 0.890587, 1.244570
 384.000000, 1.160590, 0.372396, 1.024306, 1.439236
 406.000000, 0.899836, 0.299672, 0.942529, 1.279146
 393.666667, 0.981372, 0.352244, 0.911939, 1.314141
 399.333333, 0.934891, 0.291319, 0.909850, 1.244574
 424.666667, 0.754317, 0.286499, 0.914443, 1.242543
6
 0.250000, 0.000000, 0.000000, 3.000000, 33.000000
 396.666667, 0.989916, 0.299160, 0.929412, 1.280672
 396.000000, 1.169192, 0.324074, 0.993266, 1.359428
 394.333333, 0.989856, 0.274725, 0.950972, 1.270499
 431.333333, 0.945131, 0.285162, 0.887944, 1.216383
 429.000000, 1.216006, 0.303030, 0.940171, 1.283605
 354.000000, 0.995292, 0.347458, 1.069680, 1.460452
 377.333333, 1.215548, 0.356007, 1.072438, 1.474382
 425.333333, 0.978840, 0.317398, 0.903605, 1.261755
 386.333333, 0.830889, 0.291631, 1.022433, 1.355479
 405.333333, 0.971217, 0.291941, 0.955592, 1.287007
 392.333333, 1.003398, 0.345794, 1.061172, 1.456245
 388.000000, 1.085052, 0.337629, 0.969931, 1.353952
 421.333333, 0.965190, 0.306962, 0.946203, 1.297468
 410.666667, 1.036526, 0.331169, 0.885552, 1.254870
 383.333333, 1.152174, 0.344348, 1.020870, 1.408696
 394.333333, 0.881657, 0.300930, 0.960270, 1.300085
 387.333333, 1.081756, 0.334768, 0.942341, 1.319277
 401.333333, 0.969269, 0.315615, 0.911960, 1.268272
 429.000000, 0.811189, 0.271173, 0.904429, 1.221445
7
 0.250000, 0.000000, 0.000000, 22.000000, 33.000000
 379.333333, 0.814587, 0.297891, 0.949033, 1.308436
 387.000000, 1.035314, 0.326443, 0.952627, 1.329027
 389.000000, 0.889460, 0.272494, 0.951157, 1.269923
 413.666667, 0.837228, 0.269138, 0.886382, 1.197421
 412.333333, 1.049313, 0.314470, 0.949879, 1.306386
 362.333333, 0.989880, 0.321987, 1.047838, 1.409384
 382.000000, 1.228621, 0.394415, 1.075044, 1.509599
 415.666667, 0.953488, 0.322374, 0.923817, 1.287891
 383.333333, 0.945217, 0.292174, 1.085217, 1.418261
 406.666667, 1.106557, 0.317213, 0.968033, 1.328689
 400.000000, 1.066667, 0.322500, 1.048333, 1.415833
 389.000000, 1.115681, 0.337618, 0.996572, 1.382177
 409.333333, 0.856678, 0.296417, 0.960098, 1.295603
 397.666667, 0.886840, 0.336966, 0.883487, 1.268231
 380.333333, 1.031551, 0.337423, 1.047327, 1.428571
 404.666667, 0.953048, 0.316310, 0.934926, 1.289127
 386.666667, 1.200000, 0.374138, 0.942241, 1.368103
 399.666667, 0.909091, 0.297748, 0.882402, 1.223520
 429.000000, 0.862471, 0.278166, 0.905983, 1.229215
8
 0.250000, 1.000000, 0.000000, 22.000000, 39.000000
 384.666667, 0.904679, 0.299827, 0.943674, 1.295494
 403.000000, 1.166253, 0.354839, 1.003309, 1.400331
 401.666667, 0.926971, 0.323651, 0.946058, 1.312033
 421.666667, 0.822134, 0.272727, 0.854545, 1.177075
 426.666667, 1.179688, 0.303125, 0.925781, 1.274219
 352.666667, 0.872401, 0.298677, 1.062382, 1.406427
 378.333333, 1.152423, 0.350661, 1.061674, 1.457269
 416.333333, 1.023219, 0.309848, 0.903122, 1.258607
 392.333333, 1.017842, 0.294817, 1.054376, 1.389125
 404.333333, 1.049464, 0.328937, 0.961253, 1.330585
 386.666667, 0.983621, 0.330172, 1.081034, 1.458621
 389.666667, 1.062447, 0.319932, 0.990590, 1.355004
 418.333333, 0.956175, 0.321116, 0.954582, 1.319522
 402.000000, 0.954395, 0.320896, 0.895522, 1.256219
 377.000000, 0.958444, 0.357206, 0.994695, 1.406720
 398.333333, 0.864435, 0.290377, 0.939749, 1.266946
 396.000000, 1.106902, 0.339226, 0.920875, 1.300505
 396.000000, 0.919192, 0.314815, 0.912458, 1.270202
 425.333333, 0.786834, 0.283699, 0.917712, 1.243730
9
 0.250000, 0.000000, 0.000000, 22.000000, 35.000000
 385.000000, 0.987879, 0.332468, 0.960173, 1.342857
 397.000000, 1.141058, 0.339211, 0.982368, 1.370277
 397.333333, 0.819631, 0.272651, 0.982383, 1.299497
 435.333333, 1.071975, 0.300153, 0.869832, 1.214395
 421.666667, 1.112253, 0.338340, 0.941502, 1.319368
 363.666667, 1.068744, 0.321723, 1.049496, 1.410632
 372.333333, 1.017905, 0.340197, 1.068935, 1.449418
 417.333333, 0.945687, 0.298722, 0.914537, 1.254792
 389.000000, 0.882605, 0.291345, 1.037704, 1.371894
 411.000000, 1.252230, 0.360097, 0.974047, 1.373885
 395.666667, 1.015164, 0.308340, 1.060657, 1.408593
 379.000000, 1.065963, 0.347405, 0.992964, 1.386104
 430.000000, 1.040310, 0.313953, 0.951163, 1.303876
 395.333333, 0.914840, 0.288364, 0.897976, 1.228499
 373.666667, 1.123996, 0.342551, 1.010705, 1.394291
 393.333333, 0.840678, 0.293220, 0.954237, 1.284746
 400.666667, 1.115641, 0.363561, 0.925125, 1.329451
 401.333333, 0.965116, 0.310631, 0.886213, 1.235880
 425.000000, 0.816471, 0.298039, 0.925490, 1.270588
10
 0.250000, 0.000000, 0.000000, 3.000000, 24.000000
 380.666667, 0.873030, 0.322242, 0.936077, 1.316988
 396.333333, 1.037847, 0.366695, 0.963835, 1.374264
 398.666667, 0.887124, 0.295987, 0.994983, 1.334448
 428.333333, 0.925292, 0.268482, 0.884825, 1.198444
 411.666667, 1.088259, 0.326316, 0.940891, 1.309312
 349.333333, 0.943702, 0.326336, 1.067748, 1.433206
 367.333333, 1.023593, 0.362069, 1.057169, 1.462795
 413.333333, 0.974194, 0.309677, 0.918548, 1.266935
 380.666667, 0.815236, 0.274956, 1.049912, 1.368651
 423.666667, 1.161290, 0.323367, 0.929976, 1.295830
 385.000000, 0.952381, 0.323810, 1.086580, 1.457143
 379.333333, 0.927944, 0.329525, 0.979789, 1.353251
 416.333333, 0.926341, 0.295436, 0.956765, 1.291433
 402.666667, 0.903146, 0.303808, 0.886589, 1.232616
 379.666667, 1.079017, 0.365233, 1.020193, 1.426690
 425.000000, 1.029020, 0.327059, 0.923922, 1.289412
 388.666667, 1.085763, 0.364494, 0.950257, 1.355060
 394.666667, 0.894426, 0.304899, 0.905405, 1.250845
 423.333333, 0.890551, 0.288976, 0.913386, 1.247244
11
 0.250000, 0.000000, 3.000000, 18.000000, 26.000000
 393.666667, 1.011854, 0.322608, 0.944115, 1.318374
 409.000000, 1.190709, 0.330073, 0.976365, 1.356968
 408.000000, 0.983660, 0.281863, 0.977941, 1.304739
 425.000000, 1.018824, 0.300392, 0.890196, 1.236863
 416.000000, 1.150641, 0.338141, 0.945513, 1.330128
 347.333333, 0.933781, 0.306142, 1.053743, 1.401152
 373.000000, 1.168007, 0.381591, 1.074173, 1.494191
 404.666667, 0.836903, 0.285832, 0.912685, 1.239703
 383.333333, 0.896522, 0.280000, 1.066087, 1.386957
 402.333333, 1.120961, 0.351284, 0.960232, 1.349627
 388.333333, 0.962232, 0.318455, 1.058369, 1.427468
 387.000000, 1.101637, 0.322997, 0.994832, 1.365202
 407.000000, 0.868960, 0.294840, 0.955774, 1.300573
 399.666667, 0.922435, 0.305254, 0.905755, 1.252711
 388.333333, 1.305579, 0.367382, 1.031760, 1.437768
 400.666667, 0.876040, 0.302829, 0.946755, 1.287022
 377.333333, 0.928445, 0.358657, 0.926678, 1.326855
 398.333333, 0.932218, 0.297071, 0.897908, 1.235146
 418.666667, 0.808121, 0.288217, 0.914809, 1.246019
12
 0.250000, 0.000000, 0.000000, 2.000000, 27.000000
 381.333333, 0.893357, 0.295455, 0.942308, 1.289336
 392.666667, 1.011885, 0.354839, 0.963497, 1.359083
 394.000000, 0.804569, 0.269036, 0.952623, 1.265651
 423.333333, 0.958268, 0.284252, 0.884252, 1.211024
 412.666667, 0.916801, 0.307754, 0.939418, 1.289176
 351.666667, 0.967773, 0.309005, 1.047393, 1.405687
 370.000000, 1.100901, 0.359459, 1.073874, 1.473874
 418.333333, 0.984861, 0.307570, 0.905179, 1.254183
 387.666667, 0.891660, 0.296647, 1.039553, 1.378332
 406.333333, 1.118950, 0.332240, 0.967186, 1.346185
 395.333333, 0.937605, 0.318718, 1.059022, 1.419899
 388.000000, 1.140034, 0.331615, 0.985395, 1.360825
 405.000000, 0.818930, 0.313580, 0.952263, 1.311111
 409.000000, 0.969845, 0.304808, 0.877751, 1.221679
 380.666667, 1.169877, 0.349387, 1.020140, 1.412434
 402.666667, 0.981788, 0.283113, 0.935430, 1.255795
 382.333333, 1.038361, 0.360070, 0.940715, 1.353967
 395.333333, 0.943508, 0.307757, 0.910624, 1.267285
 423.333333, 0.911811, 0.303150, 0.929921, 1.279528
13
 0.250000, 0.000000, 0.000000, 0.000000, 22.000000
 387.666667, 1.024076, 0.306105, 0.938951, 1.300086
 397.000000, 1.057095, 0.326616, 0.964736, 1.332494
 399.333333, 0.990818, 0.275459, 0.954090, 1.273790
 422.000000, 0.894945, 0.280411, 0.875987, 1.199052
 409.000000, 1.103504, 0.334148, 0.933985, 1.308068
 362.000000, 1.011050, 0.325046, 1.067219, 1.431860
 375.666667, 1.057675, 0.333629, 1.046140, 1.420586
 415.666667, 0.964715, 0.322374, 0.903769, 1.267041
 392.666667, 0.927844, 0.307301, 1.061121, 1.410866
 416.666667, 1.176000, 0.303200, 0.939200, 1.286400
 398.000000, 1.105528, 0.338358, 1.066164, 1.450586
 379.333333, 0.976274, 0.340949, 1.007909, 1.400703
 412.333333, 0.859337, 0.311237, 0.949879, 1.301536
 404.333333, 0.936521, 0.291014, 0.882935, 1.218467
 383.000000, 1.188860, 0.348129, 1.038294, 1.439513
 398.666667, 0.937291, 0.287625, 0.954013, 1.280100
 394.000000, 1.115059, 0.380711, 0.920474, 1.349408
 402.666667, 0.945364, 0.298841, 0.917219, 1.256623
 424.666667, 0.866562, 0.270016, 0.912088, 1.223705
14
 0.250000, 1.000000, 16.000000, 0.000000, 25.000000
 382.000000, 0.977312, 0.308028, 0.961606, 1.324607
 377.333333, 0.867491, 0.310954, 0.977032, 1.328622
 392.333333, 0.930331, 0.274427, 0.953271, 1.269329
 430.000000, 0.941085, 0.294574, 0.882946, 1.220930
 410.333333, 0.981316, 0.320065, 0.947197, 1.312754
 355.000000, 0.976526, 0.318310, 1.052582, 1.410329
 370.666667, 0.973022, 0.411871, 1.083633, 1.538669
 414.666667, 0.918006, 0.308682, 0.901929, 1.251608
 381.333333, 0.860140, 0.280594, 1.059441, 1.385490
 429.666667, 1.203258, 0.323507, 0.932506, 1.296354
 378.333333, 0.905727, 0.305727, 1.061674, 1.407930
 385.666667, 1.131374, 0.337079, 0.993950, 1.373379
 409.666667, 0.855167, 0.303499, 0.953621, 1.301058
 400.000000, 0.961667, 0.304167, 0.902500, 1.248333
 387.333333, 1.209122, 0.366609, 1.010327, 1.428571
 403.666667, 0.824938, 0.282411, 0.947151, 1.266722
 384.000000, 1.030382, 0.377604, 0.945313, 1.364583
 394.666667, 0.842061, 0.327703, 0.907939, 1.280405
 432.000000, 0.920525, 0.292438, 0.927469, 1.260802
15
 0.250000, 0.000000, 0.000000, 0.000000, 5.000000
 384.000000, 0.921875, 0.298611, 0.952257, 1.304688
 387.333333, 1.183305, 0.331325, 0.994836, 1.373494
 404.666667, 1.004942, 0.317957, 0.993410, 1.351730
 427.666667, 0.978176, 0.296181, 0.908807, 1.247857
 416.333333, 1.075260, 0.328263, 0.922338, 1.293835
 350.333333, 0.911513, 0.336822, 1.067555, 1.448145
 362.333333, 1.020239, 0.319227, 1.077277, 1.437902
 421.000000, 1.012668, 0.317498, 0.909739, 1.265241
 383.333333, 0.860870, 0.298261, 1.050435, 1.390435
 411.000000, 1.167072, 0.313058, 0.961071, 1.313869
 381.000000, 0.783902, 0.320210, 1.073491, 1.434821
 397.333333, 1.147651, 0.357383, 0.972315, 1.375000
 410.333333, 0.818846, 0.327376, 0.945573, 1.313566
 406.333333, 0.927810, 0.301066, 0.892535, 1.234619
 383.000000, 1.108790, 0.350740, 0.996519, 1.386423
 406.000000, 0.935140, 0.284893, 0.930213, 1.252874
 388.000000, 1.038660, 0.372852, 0.944158, 1.356529
 399.666667, 0.941618, 0.301918, 0.906589, 1.250209
 422.333333, 0.809787, 0.273875, 0.917916, 1.233623
Histogram
0 0 0 0 0 0 0 0 0 0 0 4 119 115 63 3 0 0 0 0 0 0 0 0 0 0 0 0 0 0 0 0 0 0 0 0 0 0 0 0 0 0 0 0 0 0 0 0 0 0 1 0 0 0 0 0 0 0 0 0 0 0 0 0 0 0 0 0 0 0 0 0 0 0 0 0 0 0 0 0 0 0 0 0 0 0 0 0 0 0 0 0 0 0 0 0 0 0 0 0 0 0 0 0 0 0 0 0 0 0 0 0 0 0 0 0 0 0 0 15 
Cache Miss Ratio
NaN
numOfSets
381040
numOfGets
0
numOfMultiGets
0
