20
0
 0.250000, 0.000000, 0.000000, 9.000000, 11.000000
 629.333333, 12.537076, 1.533898, 0.868114, 2.442797
 626.000000, 12.541534, 1.482428, 0.805112, 2.304047
 669.666667, 12.765057, 1.338975, 0.718766, 2.073171
 704.000000, 12.293087, 1.194602, 0.645360, 1.857955
 652.000000, 12.799591, 1.493865, 0.782720, 2.294479
 670.000000, 12.487065, 1.425871, 0.749751, 2.190547
 629.333333, 12.054555, 1.422140, 0.801907, 2.245233
 528.333333, 11.132492, 1.294637, 0.745741, 2.059937
 598.666667, 11.790089, 1.340200, 0.743875, 2.102450
 615.666667, 11.716297, 1.347591, 0.774770, 2.138062
 532.666667, 12.314143, 1.989362, 1.051940, 3.055695
 599.333333, 11.454950, 1.382647, 0.736930, 2.138487
 661.666667, 12.224181, 1.422670, 0.795466, 2.236272
 655.000000, 12.491603, 1.452417, 0.774046, 2.241730
 712.666667, 12.277830, 1.345650, 0.720767, 2.085126
 627.666667, 12.126394, 1.458311, 0.807754, 2.287307
 621.666667, 12.347453, 1.530295, 0.878284, 2.426810
 613.000000, 12.325721, 1.388254, 0.775421, 2.179989
 595.666667, 12.692222, 1.545048, 0.869614, 2.431449
1
 0.250000, 0.000000, 0.000000, 8.000000, 10.000000
 632.000000, 12.694620, 1.582278, 0.895570, 2.496835
 627.000000, 12.769272, 1.465710, 0.804891, 2.287081
 662.333333, 12.249623, 1.351787, 0.725214, 2.096628
 703.666667, 12.524396, 1.206063, 0.651824, 1.873993
 647.666667, 12.651055, 1.465260, 0.795677, 2.279979
 680.666667, 12.617042, 1.403526, 0.739471, 2.159647
 642.000000, 12.208723, 1.414849, 0.783489, 2.214434
 532.333333, 11.829054, 1.304947, 0.751409, 2.072010
 583.333333, 11.433714, 1.328571, 0.757143, 2.104571
 626.000000, 12.143237, 1.343450, 0.764643, 2.123536
 527.000000, 12.263125, 1.954459, 1.058191, 3.029096
 607.000000, 12.157606, 1.428336, 0.729819, 2.173531
 672.000000, 12.794643, 1.466270, 0.787202, 2.271329
 653.333333, 12.131122, 1.460204, 0.773469, 2.248980
 709.333333, 12.364662, 1.332237, 0.726974, 2.074718
 629.666667, 12.126522, 1.446797, 0.800953, 2.267867
 619.333333, 12.175457, 1.581808, 0.886975, 2.484930
 616.000000, 12.536797, 1.384199, 0.752165, 2.153680
 593.666667, 12.483436, 1.508703, 0.868052, 2.399214
2
 0.250000, 6.000000, 1.000000, 8.000000, 11.000000
 637.000000, 12.906855, 1.597593, 0.879644, 2.503401
 628.000000, 12.639066, 1.513800, 0.799894, 2.341295
 666.333333, 12.350175, 1.353677, 0.712856, 2.082041
 705.000000, 12.784397, 1.206147, 0.646809, 1.868558
 638.000000, 12.305120, 1.489551, 0.786311, 2.294671
 670.000000, 12.245274, 1.415920, 0.753234, 2.185075
 639.000000, 12.174231, 1.449661, 0.788211, 2.257173
 538.666667, 12.035272, 1.301361, 0.745668, 2.062500
 598.000000, 11.618729, 1.324415, 0.740245, 2.079710
 627.666667, 12.114180, 1.320234, 0.764206, 2.100903
 527.000000, 12.552182, 1.822264, 1.049968, 2.888678
 602.666667, 11.806969, 1.428097, 0.739491, 2.186394
 675.333333, 13.077493, 1.450148, 0.778875, 2.249260
 652.666667, 12.285495, 1.434116, 0.777835, 2.226762
 719.333333, 12.289620, 1.319277, 0.704356, 2.041705
 634.000000, 12.447950, 1.442166, 0.807571, 2.267087
 620.333333, 12.306824, 1.581408, 0.879097, 2.477163
 612.000000, 12.254902, 1.359477, 0.755447, 2.132898
 586.666667, 12.078409, 1.510227, 0.880682, 2.407386
3
 0.250000, 7.000000, 0.000000, 8.000000, 11.000000
 637.666667, 12.341349, 1.602718, 0.879247, 2.506534
 632.666667, 12.755005, 1.481560, 0.797155, 2.295047
 664.333333, 12.475665, 1.375314, 0.730055, 2.120421
 710.333333, 12.493196, 1.199437, 0.642421, 1.857813
 652.333333, 12.579458, 1.493613, 0.792540, 2.300971
 675.333333, 12.535538, 1.397335, 0.740375, 2.153504
 640.333333, 12.298803, 1.420614, 0.785008, 2.222801
 525.000000, 11.455238, 1.310476, 0.754921, 2.085714
 598.666667, 11.769488, 1.332962, 0.737751, 2.086860
 615.333333, 11.840195, 1.333153, 0.775731, 2.124052
 526.666667, 12.013924, 1.882278, 1.052532, 2.953797
 598.000000, 11.689521, 1.382386, 0.746377, 2.144370
 655.333333, 11.890132, 1.451679, 0.767040, 2.267548
 651.666667, 12.454731, 1.435294, 0.779540, 2.230691
 711.000000, 12.573371, 1.334740, 0.721988, 2.074074
 633.000000, 12.241706, 1.421274, 0.796209, 2.239073
 618.333333, 12.093261, 1.576280, 0.892722, 2.485175
 613.000000, 12.007069, 1.365416, 0.788472, 2.172920
 593.000000, 12.387858, 1.506464, 0.875211, 2.397414
4
 0.250000, 6.000000, 2.000000, 0.000000, 14.000000
 621.666667, 12.650938, 1.547989, 0.928150, 2.495442
 620.333333, 12.385277, 1.475551, 0.807630, 2.301451
 669.333333, 12.587649, 1.349602, 0.714641, 2.082171
 711.666667, 12.374707, 1.192974, 0.637471, 1.845433
 651.333333, 12.558854, 1.485670, 0.792221, 2.292733
 676.000000, 12.435897, 1.405325, 0.744576, 2.170118
 635.666667, 11.981647, 1.402727, 0.793393, 2.212375
 531.000000, 11.804143, 1.309479, 0.750157, 2.075330
 594.000000, 11.663861, 1.341751, 0.744108, 2.101010
 606.666667, 11.868681, 1.348901, 0.786264, 2.151099
 530.333333, 12.313639, 1.907605, 1.052797, 2.975487
 598.000000, 11.531215, 1.404125, 0.738573, 2.157748
 657.333333, 12.194726, 1.435598, 0.798682, 2.248986
 654.666667, 12.421079, 1.434318, 0.774949, 2.224542
 716.333333, 12.538855, 1.337366, 0.715682, 2.070265
 625.333333, 11.801706, 1.396055, 0.799574, 2.215352
 618.666667, 12.277478, 1.610453, 0.886315, 2.516164
 614.666667, 12.294469, 1.379610, 0.778742, 2.174078
 590.000000, 12.049718, 1.533333, 0.878531, 2.428249
5
 0.250000, 2.000000, 0.000000, 11.000000, 12.000000
 640.666667, 12.386056, 1.621228, 0.873569, 2.515088
 638.666667, 13.409186, 1.513570, 0.791754, 2.322547
 674.666667, 12.722826, 1.351779, 0.717885, 2.088933
 705.333333, 12.250000, 1.195180, 0.646030, 1.856805
 645.666667, 12.318018, 1.497161, 0.794011, 2.308725
 675.000000, 12.236049, 1.423210, 0.738765, 2.178765
 631.333333, 12.354805, 1.406547, 0.794087, 2.216473
 535.333333, 11.941469, 1.293898, 0.744707, 2.057908
 597.000000, 11.795645, 1.321608, 0.739810, 2.077610
 619.000000, 12.187938, 1.348950, 0.772752, 2.137318
 529.666667, 12.401510, 1.893644, 1.057898, 2.975456
 609.333333, 11.902079, 1.408096, 0.728118, 2.151532
 666.333333, 12.761881, 1.427714, 0.787894, 2.233117
 647.000000, 12.197836, 1.432251, 0.783101, 2.233900
 706.666667, 12.221698, 1.325000, 0.731604, 2.072642
 634.000000, 12.425342, 1.458991, 0.792850, 2.269190
 621.666667, 12.199464, 1.569973, 0.877748, 2.463807
 611.333333, 12.194111, 1.365322, 0.770447, 2.151036
 593.333333, 12.212360, 1.497191, 0.875843, 2.388764
6
 0.250000, 4.000000, 0.000000, 11.000000, 12.000000
 629.333333, 12.494703, 1.587924, 0.899364, 2.510593
 621.333333, 12.550429, 1.493026, 0.807403, 2.324571
 672.666667, 12.635282, 1.351833, 0.714569, 2.082260
 710.333333, 12.644768, 1.211638, 0.641483, 1.871422
 648.333333, 12.562468, 1.499229, 0.788175, 2.302314
 673.333333, 12.500990, 1.408416, 0.747030, 2.174752
 633.000000, 12.043707, 1.399157, 0.793049, 2.210637
 534.666667, 11.513092, 1.306110, 0.746259, 2.069202
 597.666667, 11.795315, 1.334077, 0.739543, 2.095929
 610.666667, 11.795852, 1.340066, 0.781114, 2.136463
 524.333333, 12.102352, 1.880483, 1.068023, 2.963128
 596.666667, 11.356425, 1.364246, 0.741341, 2.120670
 658.000000, 11.949848, 1.427558, 0.794833, 2.240122
 650.666667, 12.307889, 1.428279, 0.774078, 2.230533
 708.333333, 11.994353, 1.338824, 0.725647, 2.080471
 647.333333, 12.722451, 1.442842, 0.787333, 2.246138
 625.666667, 12.343101, 1.614811, 0.872136, 2.502930
 614.333333, 12.252306, 1.371134, 0.767770, 2.155182
 589.000000, 11.883984, 1.556310, 0.880023, 2.451047
7
 0.250000, 1.000000, 0.000000, 10.000000, 11.000000
 633.333333, 13.026842, 1.572632, 0.900526, 2.497895
 619.000000, 12.397415, 1.472806, 0.811524, 2.309101
 671.333333, 12.654419, 1.328203, 0.711023, 2.054618
 704.666667, 12.456008, 1.194891, 0.648061, 1.858562
 656.666667, 13.135533, 1.467005, 0.786802, 2.272081
 664.666667, 12.231695, 1.418756, 0.750752, 2.185557
 635.333333, 12.190451, 1.420252, 0.780168, 2.216684
 527.666667, 11.693620, 1.289324, 0.749842, 2.056854
 587.333333, 11.703178, 1.313848, 0.751986, 2.082293
 610.333333, 11.665210, 1.326597, 0.779356, 2.121245
 528.000000, 12.421717, 1.884470, 1.003788, 2.955808
 604.666667, 11.770121, 1.346748, 0.731533, 2.097574
 658.000000, 12.052685, 1.453394, 0.795846, 2.274063
 651.333333, 12.429376, 1.455988, 0.776868, 2.252815
 711.333333, 12.253983, 1.328491, 0.716963, 2.060918
 625.666667, 12.017048, 1.432605, 0.811934, 2.260522
 628.666667, 12.440085, 1.604984, 0.874337, 2.497879
 611.666667, 12.317166, 1.378747, 0.755858, 2.152044
 591.666667, 12.258592, 1.517183, 0.877746, 2.410704
Histogram
0 0 0 0 0 0 0 0 0 0 0 0 0 0 0 0 0 0 8 0 29 35 39 12 15 6 0 0 1 5 2 0 0 0 0 0 0 0 0 0 0 0 0 0 0 0 0 0 0 0 0 0 0 0 0 0 0 0 0 0 0 0 0 0 0 0 0 0 0 0 0 0 0 0 0 0 0 0 0 0 0 0 0 0 0 0 0 0 0 0 0 0 0 0 0 0 0 0 0 0 1 0 0 0 0 0 0 0 0 0 4 0 0 0 0 0 0 0 0 3 
Cache Miss Ratio
NaN
numOfSets
302005
numOfGets
0
numOfMultiGets
0
