20
0
 0.250000, 0.000000, 0.000000, 1.000000, 13.000000
 202.333333, 5.369028, 3.288303, 3.255354, 6.917628
 440.000000, 5.067424, 1.149242, 1.002273, 2.266667
 492.333333, 4.795531, 0.679756, 0.847664, 1.544347
 489.000000, 5.023177, 0.698705, 0.796183, 1.511247
 521.333333, 4.861893, 0.554348, 0.669437, 1.240409
 512.000000, 4.809245, 0.622396, 0.784505, 1.430339
 513.333333, 4.716883, 0.527922, 0.709740, 1.259091
 529.000000, 5.081916, 0.600504, 0.641462, 1.261500
 430.000000, 4.772868, 0.680620, 0.817054, 1.513178
 474.000000, 5.232068, 0.674402, 0.850211, 1.541491
 504.666667, 4.821664, 0.603038, 0.671731, 1.291942
 490.000000, 4.632653, 0.484354, 0.788435, 1.287755
 309.000000, 4.783172, 1.122977, 1.801510, 2.940669
 483.666667, 4.941420, 0.616816, 0.776706, 1.416954
 463.333333, 4.505036, 0.613669, 0.853957, 1.486331
 493.000000, 5.015551, 0.703854, 0.746450, 1.471941
 515.000000, 4.796764, 0.581877, 0.672492, 1.271197
 482.333333, 4.937802, 0.618521, 0.742225, 1.376641
 522.666667, 4.944515, 0.639668, 0.722577, 1.383929
1
 0.250000, 0.000000, 0.000000, 1.000000, 13.000000
 176.000000, 4.630682, 4.183712, 3.704545, 8.318182
 446.666667, 5.039552, 1.280597, 0.910448, 2.214925
 481.333333, 4.864266, 0.639197, 0.853186, 1.509003
 496.666667, 5.051007, 0.756376, 0.783893, 1.557047
 515.000000, 4.792233, 0.562460, 0.738511, 1.317799
 510.666667, 4.736292, 0.565274, 0.849217, 1.430157
 531.333333, 4.958595, 0.626725, 0.681932, 1.326851
 514.666667, 5.021373, 0.586788, 0.649611, 1.251943
 427.000000, 4.875098, 0.669009, 0.808743, 1.494926
 446.000000, 4.731689, 0.630792, 0.862481, 1.510463
 510.666667, 4.783290, 0.623368, 0.671018, 1.310705
 492.000000, 4.592141, 0.512195, 0.784553, 1.313686
 309.000000, 4.771305, 1.062567, 1.824164, 2.903991
 472.666667, 4.818054, 0.604372, 0.811707, 1.432299
 462.333333, 4.652487, 0.571738, 0.863014, 1.450613
 488.333333, 4.776109, 0.634812, 0.749488, 1.399317
 517.333333, 4.900773, 0.567010, 0.671392, 1.256443
 474.333333, 4.884048, 0.583275, 0.735770, 1.342937
 505.000000, 4.702310, 0.605941, 0.735314, 1.360396
2
 0.250000, 1.000000, 0.000000, 2.000000, 2.000000
 191.333333, 4.736934, 3.613240, 3.414634, 7.240418
 426.333333, 4.744332, 1.275215, 1.041439, 2.409695
 489.333333, 4.790872, 0.687330, 0.872616, 1.580381
 488.666667, 5.029332, 0.690996, 0.802865, 1.510914
 540.333333, 5.126465, 0.633560, 0.716225, 1.368908
 543.666667, 4.977315, 0.652361, 0.809319, 1.477621
 529.333333, 4.913728, 0.627834, 0.692065, 1.335642
 516.666667, 4.829677, 0.567097, 0.655484, 1.238065
 428.333333, 4.886381, 0.683268, 0.813230, 1.512062
 475.333333, 5.131837, 0.753857, 0.842917, 1.614306
 503.333333, 4.885430, 0.629801, 0.691391, 1.338411
 489.666667, 4.691627, 0.469707, 0.754255, 1.240980
 293.666667, 4.506243, 0.893303, 1.864926, 2.774120
 468.666667, 4.987909, 0.554054, 0.791607, 1.362020
 469.333333, 4.897727, 0.605824, 0.870739, 1.492188
 495.333333, 5.035666, 0.640646, 0.734859, 1.393674
 534.666667, 5.066085, 0.615960, 0.663342, 1.295511
 496.000000, 5.150538, 0.651210, 0.735215, 1.403226
 514.333333, 4.887233, 0.636423, 0.728451, 1.382372
3
 0.250000, 0.000000, 0.000000, 0.000000, 3.000000
 188.000000, 4.484043, 3.567376, 3.473404, 7.065603
 417.666667, 4.470870, 1.096568, 1.021548, 2.134876
 488.666667, 4.970668, 0.671896, 0.847203, 1.540246
 492.333333, 4.938389, 0.697360, 0.809749, 1.528097
 524.000000, 4.890585, 0.592239, 0.733461, 1.344784
 522.000000, 4.928480, 0.643040, 0.817369, 1.477650
 525.000000, 4.894603, 0.630476, 0.690159, 1.342857
 527.000000, 5.091082, 0.592030, 0.654649, 1.262492
 453.333333, 5.226471, 0.777206, 0.794853, 1.594853
 454.333333, 4.749083, 0.652971, 0.872340, 1.545855
 497.333333, 4.652145, 0.577078, 0.690349, 1.287534
 489.333333, 4.585150, 0.487738, 0.805858, 1.314033
 310.333333, 4.754028, 0.850698, 1.853921, 2.721805
 468.000000, 4.688034, 0.561254, 0.794872, 1.373932
 472.666667, 4.681241, 0.641044, 0.841326, 1.500705
 488.000000, 4.943306, 0.639344, 0.740437, 1.396175
 525.333333, 4.781726, 0.617386, 0.668782, 1.302665
 495.333333, 5.179677, 0.669583, 0.741588, 1.427995
 525.666667, 4.883957, 0.651237, 0.719721, 1.391249
4
 0.250000, 1.000000, 0.000000, 0.000000, 1.000000
 189.000000, 4.970018, 4.241623, 3.617284, 7.904762
 445.666667, 4.833209, 1.120419, 0.899028, 2.082274
 495.666667, 4.934768, 0.648285, 0.856759, 1.519839
 488.333333, 4.989761, 0.703754, 0.822526, 1.552901
 510.333333, 4.709340, 0.516656, 0.666884, 1.199216
 514.333333, 4.681789, 0.605962, 0.754375, 1.388853
 532.333333, 5.064496, 0.600501, 0.688165, 1.304947
 513.333333, 4.848052, 0.572078, 0.656494, 1.244805
 452.666667, 5.215758, 0.765096, 0.793078, 1.574374
 465.333333, 5.038682, 0.669054, 0.851719, 1.536533
 506.000000, 4.877470, 0.584980, 0.692358, 1.298419
 482.000000, 4.654219, 0.530429, 0.816044, 1.363071
 293.666667, 4.567537, 1.011351, 2.038593, 3.065834
 472.000000, 4.794492, 0.571328, 0.778249, 1.365819
 474.666667, 4.854635, 0.596910, 0.830056, 1.447331
 476.333333, 4.830651, 0.612316, 0.747376, 1.375087
 520.333333, 4.989110, 0.612428, 0.668802, 1.297886
 478.666667, 4.929666, 0.593315, 0.746518, 1.355850
 516.666667, 4.957419, 0.635484, 0.726452, 1.380000
5
 0.250000, 0.000000, 0.000000, 0.000000, 1.000000
 194.333333, 4.958834, 4.399657, 3.475129, 7.948542
 458.666667, 5.520349, 1.302326, 0.917878, 2.237645
 492.666667, 4.927605, 0.663058, 0.847091, 1.530447
 512.666667, 5.299090, 0.771782, 0.793888, 1.583875
 529.666667, 4.874135, 0.575205, 0.720579, 1.312146
 528.333333, 4.921767, 0.623975, 0.772871, 1.413249
 539.666667, 5.082149, 0.610253, 0.679432, 1.306980
 527.000000, 5.118280, 0.593928, 0.651486, 1.271980
 457.666667, 5.476329, 0.777859, 0.794610, 1.589221
 453.333333, 4.838235, 0.661029, 0.865441, 1.541912
 507.000000, 4.897436, 0.619987, 0.679158, 1.316239
 492.000000, 4.758808, 0.525745, 0.819783, 1.361111
 301.666667, 4.584530, 1.099448, 1.889503, 3.006630
 476.000000, 4.859244, 0.579132, 0.744398, 1.342437
 476.666667, 5.004895, 0.634266, 0.838462, 1.490909
 481.333333, 4.853186, 0.658587, 0.734765, 1.408587
 517.666667, 4.876368, 0.580811, 0.671603, 1.269156
 497.666667, 5.225050, 0.688547, 0.736772, 1.446752
 515.000000, 4.937217, 0.672492, 0.731392, 1.427184
6
 0.250000, 0.000000, 0.000000, 7.000000, 8.000000
 196.333333, 5.030560, 4.151104, 3.375212, 7.621392
 455.333333, 5.210835, 1.458272, 0.983163, 2.467789
 485.333333, 4.879808, 0.682005, 0.914835, 1.611951
 496.333333, 5.077905, 0.719946, 0.780390, 1.516454
 515.333333, 4.677878, 0.529754, 0.728331, 1.274903
 512.000000, 4.807943, 0.565104, 0.783854, 1.363932
 532.666667, 4.950563, 0.631414, 0.695244, 1.342929
 513.666667, 4.953277, 0.574302, 0.661908, 1.251136
 437.666667, 4.846915, 0.697639, 0.801980, 1.515613
 454.000000, 4.818649, 0.666667, 0.877386, 1.559471
 519.666667, 5.053881, 0.627967, 0.670301, 1.318153
 491.000000, 4.575017, 0.531568, 0.766463, 1.313646
 292.333333, 4.719498, 0.760547, 1.993158, 2.769669
 479.000000, 4.868476, 0.560891, 0.761308, 1.337509
 474.333333, 4.923401, 0.566409, 0.827126, 1.435699
 485.666667, 4.872340, 0.649966, 0.752231, 1.417982
 525.666667, 4.769816, 0.596068, 0.661382, 1.274572
 486.333333, 4.969842, 0.640850, 0.742289, 1.398218
 528.333333, 5.058675, 0.642271, 0.718612, 1.387382
7
 0.250000, 1.000000, 0.000000, 1.000000, 1.000000
 193.666667, 4.889845, 4.249570, 3.444062, 7.745267
 446.666667, 4.979851, 1.339552, 0.950000, 2.305970
 493.333333, 4.984459, 0.661486, 0.817568, 1.502027
 494.000000, 5.096491, 0.715250, 0.804318, 1.537112
 536.666667, 5.165839, 0.597516, 0.721739, 1.334783
 537.666667, 5.115933, 0.693738, 0.825790, 1.536268
 505.000000, 4.486469, 0.574917, 0.708251, 1.300330
 510.000000, 4.769935, 0.578431, 0.657516, 1.264706
 432.666667, 4.897535, 0.686441, 0.800462, 1.508475
 458.000000, 4.836972, 0.670306, 0.874818, 1.561135
 510.666667, 4.667755, 0.577676, 0.671671, 1.268930
 492.000000, 4.869241, 0.496612, 0.823171, 1.340786
 299.000000, 4.584169, 1.057971, 2.065775, 3.140468
 473.000000, 4.738548, 0.602537, 0.778013, 1.397463
 462.666667, 4.489193, 0.561960, 0.863833, 1.441643
 481.000000, 4.843382, 0.636175, 0.752599, 1.404019
 518.333333, 4.787138, 0.586495, 0.679100, 1.281672
 488.333333, 5.083276, 0.640956, 0.736519, 1.397952
 519.333333, 4.950578, 0.648909, 0.724005, 1.390244
Histogram
0 0 0 0 0 0 0 0 0 0 3 1 24 47 23 31 2 0 0 0 2 1 3 1 2 0 0 3 0 2 3 1 0 0 0 0 0 0 0 0 0 0 0 0 0 0 0 0 0 0 0 0 0 0 0 0 0 0 0 0 0 0 0 0 0 0 0 0 0 1 1 0 1 0 0 0 1 1 0 2 1 0 0 1 0 0 0 0 0 0 0 0 0 0 0 0 0 0 0 0 0 0 0 0 0 0 0 0 0 0 0 0 0 0 0 0 0 0 0 2 
Cache Miss Ratio
NaN
numOfSets
224504
numOfGets
0
numOfMultiGets
0
