20
0
 0.200000, 11.000000, 4.000000, 3.000000, 29.000000
 627.000000, 8.295587, 1.401382, 1.171186, 2.639553
 757.666667, 7.828861, 1.118346, 0.956445, 2.117466
 735.666667, 8.082465, 1.205256, 1.009062, 2.251473
 684.666667, 7.849075, 1.270204, 1.093476, 2.406524
 741.666667, 8.047640, 1.181573, 0.995955, 2.217079
 750.666667, 7.798845, 1.115453, 0.963588, 2.116341
 726.000000, 7.689624, 1.140496, 0.979798, 2.159780
 681.000000, 7.879099, 1.240822, 1.088595, 2.372981
 677.333333, 7.818406, 1.117618, 0.984252, 2.141732
 653.333333, 8.162755, 1.393878, 1.173980, 2.608673
 727.333333, 7.993126, 1.213566, 1.011457, 2.259395
 700.666667, 8.193625, 1.254520, 1.077069, 2.371551
 673.333333, 8.276238, 1.273762, 1.109901, 2.424752
 711.333333, 7.891753, 1.129335, 0.994377, 2.164480
 608.000000, 7.934759, 1.310307, 1.108004, 2.458882
 547.333333, 7.750914, 1.514616, 1.367844, 2.922655
 621.000000, 7.564681, 1.173376, 1.055824, 2.272142
 642.000000, 7.719626, 1.285047, 1.116303, 2.440291
 679.000000, 7.629357, 1.170349, 1.050565, 2.259696
1
 0.200000, 11.000000, 0.000000, 12.000000, 24.000000
 635.000000, 8.331234, 1.462467, 1.157480, 2.689764
 754.000000, 7.824050, 1.126437, 0.961981, 2.132184
 739.333333, 8.240757, 1.188909, 0.999549, 2.226781
 694.666667, 8.116123, 1.258637, 1.088292, 2.383397
 747.333333, 8.116860, 1.185103, 0.992417, 2.216325
 756.000000, 7.883157, 1.118166, 0.947531, 2.106702
 723.666667, 7.811608, 1.123906, 0.982957, 2.144634
 680.333333, 7.915728, 1.241058, 1.092602, 2.372856
 685.666667, 7.820613, 1.131745, 0.978123, 2.148274
 650.666667, 8.007172, 1.371414, 1.171619, 2.585041
 732.666667, 8.187443, 1.217015, 1.001365, 2.253867
 705.000000, 7.917258, 1.243972, 1.063830, 2.344681
 675.666667, 8.056241, 1.275777, 1.106561, 2.420326
 710.333333, 7.830596, 1.133271, 0.994838, 2.166588
 605.333333, 7.970264, 1.316079, 1.107930, 2.462555
 550.666667, 7.754237, 1.504237, 1.361985, 2.907385
 623.000000, 7.681648, 1.180845, 1.056715, 2.276619
 641.666667, 7.635325, 1.277403, 1.112208, 2.428052
 671.666667, 7.657072, 1.174194, 1.056079, 2.269975
2
 0.200000, 11.000000, 0.000000, 12.000000, 24.000000
 626.333333, 8.241086, 1.451836, 1.172432, 2.698776
 758.000000, 7.905453, 1.124890, 0.955585, 2.123571
 732.666667, 8.237489, 1.179709, 1.006824, 2.226570
 693.666667, 8.182124, 1.266218, 1.086016, 2.388275
 742.333333, 7.819488, 1.189044, 0.982488, 2.224068
 748.666667, 7.917631, 1.126447, 0.964826, 2.128673
 725.333333, 7.689338, 1.133272, 0.983456, 2.153033
 683.666667, 7.822526, 1.239395, 1.086787, 2.368601
 681.000000, 7.695546, 1.130201, 0.979931, 2.149780
 647.666667, 8.051467, 1.384972, 1.179104, 2.603191
 736.000000, 8.287138, 1.221467, 1.002717, 2.258605
 704.333333, 7.853762, 1.240416, 1.061997, 2.339328
 674.333333, 8.020761, 1.272862, 1.112704, 2.422640
 705.000000, 7.985343, 1.134279, 0.993381, 2.169267
 613.333333, 8.004348, 1.330435, 1.108152, 2.477174
 551.000000, 7.839080, 1.499093, 1.355112, 2.895342
 625.000000, 7.635733, 1.185067, 1.051733, 2.277333
 646.333333, 7.882414, 1.260959, 1.104693, 2.405879
 676.666667, 7.760591, 1.168473, 1.048768, 2.257143
3
 0.200000, 9.000000, 0.000000, 12.000000, 18.000000
 636.000000, 8.263103, 1.491614, 1.160377, 2.719078
 755.666667, 7.862373, 1.127040, 0.960741, 2.130569
 732.666667, 7.892175, 1.199727, 1.008189, 2.245678
 691.333333, 8.011572, 1.263742, 1.087753, 2.390068
 741.333333, 7.915018, 1.182104, 0.987860, 2.216277
 753.000000, 7.879593, 1.114210, 0.957061, 2.110668
 726.666667, 7.751376, 1.137615, 0.975688, 2.149541
 676.333333, 8.000493, 1.234598, 1.094135, 2.368655
 682.666667, 7.753418, 1.112793, 0.980957, 2.134277
 654.666667, 7.874236, 1.401731, 1.162424, 2.602342
 728.333333, 8.077346, 1.217391, 1.003204, 2.259497
 703.333333, 8.014218, 1.241232, 1.067299, 2.343602
 675.000000, 8.048889, 1.274568, 1.102222, 2.424198
 704.000000, 8.023674, 1.123106, 0.999527, 2.163352
 609.000000, 8.026820, 1.319102, 1.110016, 2.471264
 553.333333, 7.754819, 1.480120, 1.355422, 2.873494
 624.000000, 7.622863, 1.188568, 1.059829, 2.287393
 640.000000, 7.855208, 1.273958, 1.111979, 2.426042
 680.000000, 7.582353, 1.168137, 1.045098, 2.254412
4
 0.200000, 11.000000, 0.000000, 2.000000, 19.000000
 623.333333, 8.150267, 1.467914, 1.176471, 2.716043
 758.333333, 8.040879, 1.125714, 0.958681, 2.130110
 732.000000, 8.213570, 1.207650, 1.009563, 2.256375
 694.000000, 8.096542, 1.261768, 1.085014, 2.382805
 747.333333, 8.013381, 1.185103, 0.992417, 2.219447
 756.666667, 7.918943, 1.114978, 0.951982, 2.104846
 729.333333, 7.898080, 1.143967, 0.974406, 2.155393
 680.666667, 7.774241, 1.241430, 1.092556, 2.376102
 682.333333, 7.869565, 1.128969, 0.984367, 2.151930
 651.333333, 8.030194, 1.389969, 1.171955, 2.597748
 726.333333, 8.023405, 1.221661, 1.012850, 2.269390
 699.000000, 8.016214, 1.249404, 1.066762, 2.354793
 677.666667, 8.096901, 1.274471, 1.109690, 2.423512
 706.333333, 7.973572, 1.129778, 0.992449, 2.162341
 604.666667, 7.843440, 1.315877, 1.116869, 2.472988
 554.333333, 7.831630, 1.498497, 1.350571, 2.886350
 622.666667, 7.562634, 1.190578, 1.056210, 2.288009
 641.666667, 7.875844, 1.255584, 1.104935, 2.405195
 677.000000, 7.726736, 1.170852, 1.047760, 2.256524
5
 0.200000, 10.000000, 11.000000, 2.000000, 18.000000
 635.666667, 8.352386, 1.453068, 1.157315, 2.685370
 762.666667, 7.829108, 1.128497, 0.953671, 2.123252
 736.000000, 8.159873, 1.183424, 1.000906, 2.223279
 691.333333, 8.190453, 1.271938, 1.085342, 2.396818
 748.333333, 7.966147, 1.183964, 0.983964, 2.213363
 755.333333, 7.797882, 1.111650, 0.957635, 2.105031
 734.000000, 7.917348, 1.132607, 0.967757, 2.137148
 681.666667, 8.088998, 1.231296, 1.088998, 2.358924
 680.000000, 7.807353, 1.135784, 0.981373, 2.164216
 649.000000, 8.047252, 1.381099, 1.180791, 2.599384
 733.666667, 8.139028, 1.207633, 1.002272, 2.243980
 703.666667, 8.256750, 1.243013, 1.067740, 2.346755
 678.000000, 8.108653, 1.269420, 1.101770, 2.411996
 706.666667, 7.941509, 1.122642, 0.994811, 2.156604
 614.000000, 7.936482, 1.322476, 1.104235, 2.471227
 553.666667, 7.817580, 1.502107, 1.345575, 2.890427
 620.000000, 7.598387, 1.182796, 1.058065, 2.280645
 640.333333, 7.876627, 1.263404, 1.108798, 2.411765
 675.000000, 7.627160, 1.167407, 1.056790, 2.260741
6
 0.200000, 10.000000, 12.000000, 2.000000, 17.000000
 634.333333, 8.073568, 1.413558, 1.166054, 2.644771
 748.000000, 7.884135, 1.116756, 0.967023, 2.129234
 731.000000, 7.976288, 1.202918, 1.010944, 2.253078
 682.666667, 8.145996, 1.288574, 1.099609, 2.425781
 743.666667, 7.977589, 1.184671, 0.993725, 2.225459
 753.666667, 7.951349, 1.118974, 0.953118, 2.108801
 728.666667, 7.753431, 1.137237, 0.976212, 2.151418
 683.000000, 8.133724, 1.236213, 1.087360, 2.362128
 680.333333, 7.759432, 1.122489, 0.987751, 2.150906
 655.333333, 7.979145, 1.397762, 1.170905, 2.605799
 728.333333, 8.209153, 1.219680, 1.007323, 2.261327
 705.000000, 8.072340, 1.248227, 1.066667, 2.351300
 677.333333, 8.014272, 1.275591, 1.106299, 2.420276
 712.000000, 7.852060, 1.147472, 0.992509, 2.181648
 609.666667, 8.063423, 1.314926, 1.106069, 2.459814
 551.666667, 7.830816, 1.501511, 1.364955, 2.903323
 628.666667, 7.738600, 1.193531, 1.052492, 2.286320
 646.000000, 7.885449, 1.260578, 1.106811, 2.408669
 676.333333, 7.643667, 1.169049, 1.047807, 2.253327
7
 0.200000, 9.000000, 12.000000, 2.000000, 17.000000
 630.666667, 8.383721, 1.448732, 1.175476, 2.694503
 758.000000, 8.009675, 1.124890, 0.963940, 2.131486
 731.666667, 8.053759, 1.180866, 1.005011, 2.225057
 689.333333, 8.102031, 1.273211, 1.088491, 2.402321
 741.666667, 8.054382, 1.183820, 0.997303, 2.229663
 755.333333, 7.867608, 1.123566, 0.951898, 2.112092
 725.333333, 7.723805, 1.139706, 0.977941, 2.155790
 680.000000, 7.972549, 1.237745, 1.091667, 2.366667
 682.000000, 7.654936, 1.135386, 0.979472, 2.153470
 652.333333, 8.154318, 1.378130, 1.166071, 2.582013
 733.333333, 8.276818, 1.210000, 1.014091, 2.257273
 703.666667, 8.032686, 1.242539, 1.066319, 2.346755
 678.000000, 8.339725, 1.277778, 1.104228, 2.419371
 705.000000, 7.791017, 1.130496, 0.997163, 2.171631
 604.666667, 7.953693, 1.309261, 1.109702, 2.460309
 546.333333, 7.808420, 1.495424, 1.369738, 2.902990
 620.666667, 7.574651, 1.178840, 1.060687, 2.280344
 642.333333, 8.061235, 1.271925, 1.117800, 2.428127
 674.666667, 7.756423, 1.158103, 1.057312, 2.257905
Histogram
0 0 0 0 0 0 0 0 0 0 0 0 0 0 0 0 0 0 0 0 0 40 40 21 27 4 10 2 4 4 0 0 0 0 0 0 0 0 0 0 0 0 0 0 0 0 0 0 0 0 0 0 0 0 0 0 0 0 0 0 0 0 0 0 0 0 0 0 0 0 0 0 0 0 0 0 0 0 0 0 0 0 0 0 0 0 0 0 0 0 0 0 0 0 0 0 0 0 0 0 0 0 0 0 0 0 0 0 0 0 0 0 0 0 0 0 0 0 0 8 
Cache Miss Ratio
NaN
numOfSets
326591
numOfGets
0
numOfMultiGets
0
