20
0
 0.250000, 5.000000, 7.000000, 2.000000, 35.000000
 141.000000, 2.330969, 0.645390, 1.146572, 1.829787
 212.666667, 1.937304, 0.297806, 0.789969, 1.111285
 187.666667, 1.083481, 0.218472, 0.788632, 1.026643
 185.333333, 1.147482, 0.267986, 0.802158, 1.088129
 192.000000, 1.164931, 0.236111, 0.835069, 1.090278
 200.333333, 1.409318, 0.246256, 1.141431, 1.409318
 198.000000, 1.223906, 0.289562, 0.888889, 1.196970
 194.000000, 1.030928, 0.207904, 0.716495, 0.960481
 176.666667, 1.524528, 0.228302, 1.188679, 1.433962
 179.333333, 1.572491, 0.271375, 1.115242, 1.403346
 230.333333, 2.285094, 0.316932, 0.807525, 1.143271
 215.333333, 1.510836, 0.278638, 0.902477, 1.210526
 222.666667, 1.467066, 0.218563, 0.708084, 0.946108
 206.000000, 1.205502, 0.216828, 0.671521, 0.909385
 186.000000, 1.044803, 0.249104, 0.951613, 1.218638
 167.000000, 1.085828, 0.245509, 0.816367, 1.079840
 194.000000, 1.292096, 0.254296, 0.920962, 1.192440
 195.333333, 1.150171, 0.233788, 0.778157, 1.030717
 206.000000, 1.422330, 0.218447, 0.726537, 0.962783
1
 0.250000, 0.000000, 0.000000, 2.000000, 17.000000
 147.666667, 2.410835, 0.641084, 1.148984, 1.814898
 209.333333, 2.132166, 0.335987, 0.818471, 1.175159
 195.333333, 1.228669, 0.206485, 0.773038, 0.996587
 183.000000, 0.947177, 0.269581, 0.857923, 1.143898
 180.000000, 0.912963, 0.242593, 0.796296, 1.057407
 197.333333, 1.248311, 0.216216, 1.109797, 1.358108
 202.000000, 1.356436, 0.316832, 0.858086, 1.206271
 206.333333, 1.324717, 0.227787, 0.705977, 0.953150
 159.000000, 1.312369, 0.247379, 1.333333, 1.599581
 172.333333, 1.116054, 0.234043, 0.947776, 1.199226
 209.333333, 1.507962, 0.267516, 0.866242, 1.151274
 202.666667, 1.189145, 0.226974, 0.907895, 1.152961
 200.000000, 1.418333, 0.243333, 0.808333, 1.070000
 191.333333, 1.134146, 0.228223, 0.703833, 0.951220
 196.666667, 1.047458, 0.289831, 0.922034, 1.230508
 168.666667, 1.197628, 0.260870, 0.841897, 1.118577
 204.000000, 1.259804, 0.254902, 0.882353, 1.155229
 188.333333, 0.991150, 0.214159, 0.785841, 1.019469
 191.333333, 1.243902, 0.210801, 0.726481, 0.956446
2
 0.250000, 9.000000, 0.000000, 1.000000, 28.000000
 139.333333, 2.090909, 0.605263, 1.215311, 1.846890
 233.333333, 2.444286, 0.305714, 0.785714, 1.111429
 197.333333, 1.162162, 0.217905, 0.719595, 0.957770
 187.333333, 1.110320, 0.282918, 0.921708, 1.231317
 183.333333, 1.007273, 0.243636, 0.729091, 0.990909
 191.333333, 1.419861, 0.254355, 1.156794, 1.430314
 193.666667, 1.330465, 0.237522, 0.905336, 1.163511
 214.666667, 1.380435, 0.204969, 0.762422, 0.998447
 169.333333, 1.240157, 0.206693, 1.185039, 1.409449
 169.333333, 1.437008, 0.248031, 0.879921, 1.147638
 214.000000, 1.207165, 0.230530, 0.802181, 1.059190
 205.000000, 1.339837, 0.229268, 0.952846, 1.200000
 208.666667, 1.292332, 0.222045, 0.738019, 0.977636
 193.000000, 1.127807, 0.222798, 0.701209, 0.941278
 184.666667, 0.920578, 0.306859, 0.848375, 1.173285
 167.333333, 0.936255, 0.250996, 0.806773, 1.087649
 210.000000, 1.541270, 0.265079, 0.860317, 1.144444
 189.333333, 1.044014, 0.220070, 0.776408, 1.012324
 192.333333, 1.150780, 0.209705, 0.766031, 0.993068
3
 0.250000, 0.000000, 0.000000, 0.000000, 12.000000
 150.666667, 1.889381, 0.522124, 1.201327, 1.750000
 207.333333, 1.620579, 0.278135, 0.802251, 1.098071
 200.333333, 1.321131, 0.216306, 0.710483, 0.956739
 191.666667, 1.215652, 0.326957, 0.937391, 1.283478
 200.666667, 1.451827, 0.222591, 0.888704, 1.131229
 200.000000, 1.273333, 0.223333, 0.976667, 1.226667
 198.000000, 1.372054, 0.271044, 0.898990, 1.186869
 197.000000, 1.387479, 0.218274, 0.752961, 0.989848
 169.000000, 1.183432, 0.214990, 1.339250, 1.585799
 171.666667, 1.198058, 0.238835, 0.809709, 1.066019
 222.333333, 1.661169, 0.233883, 0.836582, 1.088456
 208.333333, 1.273600, 0.212800, 0.881600, 1.116800
 199.333333, 1.301003, 0.254181, 0.819398, 1.093645
 193.666667, 1.008606, 0.206540, 0.681583, 0.907057
 204.333333, 1.393148, 0.254486, 0.882545, 1.156607
 189.333333, 1.436620, 0.276408, 0.866197, 1.160211
 191.000000, 1.113438, 0.228621, 0.865620, 1.111693
 197.666667, 1.258010, 0.231029, 0.789207, 1.040472
 199.666667, 1.372287, 0.198664, 0.772955, 1.001669
4
 0.250000, 8.000000, 0.000000, 1.000000, 2.000000
 137.666667, 1.958838, 0.554479, 1.145278, 1.743341
 196.000000, 1.610544, 0.278912, 0.867347, 1.164966
 186.333333, 1.307692, 0.225403, 0.783542, 1.025045
 186.666667, 0.958929, 0.223214, 0.826786, 1.089286
 194.333333, 1.066895, 0.262436, 0.725557, 1.005146
 202.333333, 1.339374, 0.285008, 1.079077, 1.382208
 202.333333, 1.238880, 0.283361, 0.891269, 1.204283
 206.666667, 1.362903, 0.216129, 0.737097, 0.980645
 178.666667, 1.798507, 0.229478, 1.291045, 1.565299
 174.333333, 1.627151, 0.254302, 0.866157, 1.149140
 204.333333, 1.006525, 0.241436, 0.853181, 1.114192
 206.666667, 1.124194, 0.266129, 0.906452, 1.190323
 208.666667, 1.148562, 0.222045, 0.749201, 0.988818
 196.666667, 1.111864, 0.210169, 0.683051, 0.910169
 210.000000, 1.295238, 0.287302, 0.806349, 1.120635
 180.333333, 1.441774, 0.275416, 0.822551, 1.118299
 198.666667, 1.550336, 0.244966, 0.904362, 1.167785
 191.333333, 1.031359, 0.233449, 0.742160, 0.993031
 198.666667, 1.075503, 0.216443, 0.728188, 0.974832
5
 0.250000, 6.000000, 0.000000, 1.000000, 3.000000
 138.000000, 2.789855, 0.705314, 1.217391, 1.946860
 224.666667, 2.170623, 0.326409, 0.783383, 1.129080
 191.333333, 1.257840, 0.205575, 0.777003, 1.000000
 193.333333, 1.287931, 0.255172, 0.903448, 1.175862
 209.333333, 1.843949, 0.240446, 0.778662, 1.039809
 201.333333, 1.546358, 0.220199, 0.988411, 1.226821
 193.666667, 1.211704, 0.242685, 0.932874, 1.192771
 211.666667, 1.513386, 0.203150, 0.781102, 1.004724
 187.333333, 1.647687, 0.229537, 1.128114, 1.377224
 171.666667, 1.353398, 0.248544, 0.877670, 1.145631
 219.000000, 1.412481, 0.235921, 0.796043, 1.050228
 198.333333, 1.171429, 0.302521, 0.885714, 1.205042
 203.000000, 1.205255, 0.208539, 0.768473, 0.995074
 199.666667, 1.165275, 0.213689, 0.667780, 0.898164
 203.333333, 1.595082, 0.321311, 0.795082, 1.137705
 169.000000, 1.238659, 0.260355, 0.834320, 1.112426
 199.333333, 1.235786, 0.250836, 0.906355, 1.173913
 194.666667, 1.434932, 0.248288, 0.753425, 1.020548
 204.000000, 1.305556, 0.225490, 0.754902, 0.998366
6
 0.250000, 8.000000, 0.000000, 1.000000, 2.000000
 145.666667, 2.389016, 0.592677, 1.121281, 1.745995
 205.666667, 1.282010, 0.345219, 0.808752, 1.175041
 194.666667, 1.241438, 0.207192, 0.734589, 0.964041
 185.333333, 1.066547, 0.246403, 0.953237, 1.217626
 184.333333, 0.925859, 0.244123, 0.746835, 1.010850
 208.333333, 1.624000, 0.227200, 1.092800, 1.337600
 199.666667, 1.252087, 0.312187, 0.939900, 1.270451
 188.333333, 0.985841, 0.217699, 0.741593, 0.976991
 174.666667, 1.646947, 0.232824, 1.423664, 1.673664
 177.000000, 1.419962, 0.224105, 1.107345, 1.348399
 214.000000, 1.291277, 0.241433, 0.819315, 1.079439
 207.000000, 1.478261, 0.260870, 0.908213, 1.188406
 201.333333, 1.180464, 0.216887, 0.768212, 1.026490
 196.666667, 1.149153, 0.216949, 0.691525, 0.927119
 189.666667, 0.989455, 0.309315, 0.796134, 1.123023
 164.333333, 0.937120, 0.257606, 0.833671, 1.109533
 193.666667, 1.220310, 0.232358, 0.874355, 1.123924
 188.666667, 1.097173, 0.231449, 0.773852, 1.024735
 201.333333, 1.349338, 0.259934, 0.764901, 1.043046
7
 0.250000, 6.000000, 0.000000, 1.000000, 2.000000
 151.000000, 2.613687, 0.558499, 1.211921, 1.796909
 212.333333, 1.868132, 0.282575, 0.813187, 1.113030
 196.333333, 1.325976, 0.215620, 0.764007, 0.996604
 192.000000, 1.010417, 0.230903, 0.859375, 1.111111
 207.666667, 1.695024, 0.255217, 0.789727, 1.062600
 212.000000, 1.501572, 0.224843, 1.077044, 1.320755
 195.666667, 1.078365, 0.316865, 0.851789, 1.187394
 202.333333, 1.304778, 0.219110, 0.744646, 0.981878
 170.000000, 1.270588, 0.205882, 1.249020, 1.472549
 176.666667, 1.354717, 0.232075, 1.011321, 1.264151
 205.666667, 1.257699, 0.235008, 0.816856, 1.071313
 206.000000, 1.237864, 0.279935, 0.899676, 1.199029
 202.333333, 1.360791, 0.250412, 0.738056, 1.006590
 187.000000, 1.215686, 0.222816, 0.714795, 0.955437
 176.666667, 0.869811, 0.258491, 1.064151, 1.343396
 169.000000, 1.213018, 0.232742, 0.850099, 1.112426
 194.333333, 1.060034, 0.234991, 0.951973, 1.224700
 187.000000, 1.044563, 0.224599, 0.764706, 1.010695
 192.333333, 1.114385, 0.214905, 0.759099, 0.993068
8
 0.250000, 5.000000, 0.000000, 1.000000, 2.000000
 145.000000, 2.402299, 0.549425, 1.248276, 1.834483
 206.333333, 1.628433, 0.260097, 0.794830, 1.074313
 187.000000, 1.005348, 0.221034, 0.768271, 1.007130
 201.333333, 1.251656, 0.243377, 0.801325, 1.061258
 220.333333, 1.673222, 0.213313, 0.697428, 0.931921
 201.666667, 1.365289, 0.219835, 1.114050, 1.353719
 203.666667, 1.340426, 0.319149, 0.852700, 1.189853
 197.333333, 1.239865, 0.199324, 0.770270, 0.991554
 165.666667, 1.062374, 0.215292, 1.496982, 1.732394
 167.000000, 1.171657, 0.253493, 1.187625, 1.457086
 219.000000, 1.445967, 0.251142, 0.803653, 1.074581
 216.666667, 1.441538, 0.283077, 0.881538, 1.183077
 207.000000, 1.428341, 0.217391, 0.972625, 1.212560
 207.666667, 1.191011, 0.215088, 0.696629, 0.932584
 180.666667, 0.778598, 0.230627, 0.880074, 1.129151
 163.333333, 1.055102, 0.295918, 0.914286, 1.226531
 194.666667, 1.107877, 0.244863, 0.905822, 1.169521
 194.333333, 1.150943, 0.222985, 0.787307, 1.027444
 192.000000, 1.072917, 0.223958, 0.762153, 1.010417
9
 0.250000, 5.000000, 0.000000, 0.000000, 3.000000
 145.000000, 1.894253, 0.611494, 1.165517, 1.800000
 210.666667, 1.775316, 0.281646, 0.816456, 1.134494
 193.333333, 1.324138, 0.220690, 0.853448, 1.091379
 192.666667, 1.226644, 0.261246, 0.871972, 1.148789
 202.333333, 1.558484, 0.248764, 0.817133, 1.084020
 208.000000, 1.642628, 0.235577, 1.092949, 1.346154
 194.000000, 1.278351, 0.245704, 0.939863, 1.204467
 198.666667, 1.161074, 0.234899, 0.744966, 1.001678
 173.666667, 1.399232, 0.211132, 1.337812, 1.568138
 181.000000, 1.657459, 0.244936, 0.985267, 1.250460
 222.666667, 1.612275, 0.247006, 0.812874, 1.077844
 194.666667, 1.207192, 0.261986, 0.984589, 1.267123
 203.000000, 1.330049, 0.220033, 0.765189, 1.013136
 200.000000, 1.006667, 0.228333, 0.683333, 0.930000
 186.666667, 0.841071, 0.291071, 0.796429, 1.105357
 173.333333, 1.086538, 0.248077, 0.740385, 1.003846
 197.333333, 1.366554, 0.224662, 0.905405, 1.150338
 187.333333, 0.953737, 0.220641, 0.784698, 1.023132
 201.333333, 1.392384, 0.213576, 0.796358, 1.026490
10
 0.250000, 6.000000, 0.000000, 0.000000, 2.000000
 145.666667, 1.844394, 0.551487, 1.139588, 1.725400
 225.666667, 2.175775, 0.323486, 0.771049, 1.113737
 201.000000, 1.530680, 0.228856, 0.714760, 0.960199
 203.000000, 1.436782, 0.254516, 0.986864, 1.257800
 188.000000, 1.230496, 0.234043, 0.812057, 1.076241
 209.000000, 1.736842, 0.224880, 0.926635, 1.169059
 200.333333, 1.354409, 0.272879, 0.896839, 1.198003
 198.000000, 1.313131, 0.207071, 0.782828, 1.008418
 171.666667, 1.436893, 0.234951, 1.184466, 1.452427
 181.000000, 1.648250, 0.287293, 0.880295, 1.186004
 219.666667, 1.661608, 0.274659, 0.819423, 1.118361
 219.666667, 1.669196, 0.210926, 0.869499, 1.098634
 208.333333, 1.305600, 0.259200, 0.785600, 1.062400
 209.333333, 1.207006, 0.205414, 0.649682, 0.875796
 198.000000, 1.205387, 0.265993, 0.850168, 1.146465
 174.000000, 1.139847, 0.279693, 0.908046, 1.214559
 201.666667, 1.414876, 0.294215, 0.889256, 1.201653
 190.333333, 1.183888, 0.241681, 0.758319, 1.019264
 194.333333, 1.133791, 0.212693, 0.775300, 1.005146
11
 0.250000, 3.000000, 0.000000, 0.000000, 3.000000
 146.333333, 2.273349, 0.587699, 1.152620, 1.765376
 229.666667, 2.274311, 0.275762, 0.763425, 1.058055
 192.666667, 1.520761, 0.223183, 0.828720, 1.070934
 181.666667, 1.020183, 0.240367, 0.930275, 1.187156
 204.666667, 1.229642, 0.237785, 0.778502, 1.035831
 205.666667, 1.572123, 0.236629, 0.949757, 1.204214
 200.666667, 1.563123, 0.232558, 0.858804, 1.121262
 196.000000, 1.399660, 0.210884, 0.714286, 0.943878
 168.666667, 1.298419, 0.231225, 1.193676, 1.442688
 171.333333, 1.280156, 0.268482, 0.877432, 1.165370
 208.666667, 1.313099, 0.241214, 0.876997, 1.137380
 194.000000, 1.144330, 0.218213, 0.908935, 1.146048
 200.000000, 1.375000, 0.230000, 0.830000, 1.090000
 192.666667, 1.133218, 0.228374, 0.664360, 0.911765
 194.000000, 1.108247, 0.218213, 0.876289, 1.135739
 175.000000, 1.167619, 0.243810, 0.996190, 1.272381
 204.000000, 1.549020, 0.261438, 0.934641, 1.215686
 183.000000, 1.156648, 0.238616, 0.794171, 1.051002
 194.666667, 1.494863, 0.203767, 0.746575, 0.969178
12
 0.250000, 2.000000, 1.000000, 0.000000, 3.000000
 129.666667, 1.493573, 0.539846, 1.226221, 1.809769
 226.000000, 2.228614, 0.337758, 0.749263, 1.107670
 209.666667, 1.445151, 0.208267, 0.871224, 1.096979
 185.666667, 1.050269, 0.272890, 1.000000, 1.301616
 198.000000, 1.191919, 0.227273, 0.722222, 0.969697
 205.666667, 1.453809, 0.223663, 1.081037, 1.322528
 198.666667, 1.484899, 0.228188, 0.867450, 1.114094
 187.000000, 1.187166, 0.212121, 0.718360, 0.962567
 168.333333, 1.354455, 0.223762, 1.079208, 1.320792
 168.333333, 1.174257, 0.245545, 0.873267, 1.138614
 226.333333, 1.584683, 0.244477, 0.814433, 1.078056
 209.000000, 1.326954, 0.287081, 0.896332, 1.204147
 204.666667, 1.175896, 0.223127, 0.750814, 0.990228
 198.666667, 1.453020, 0.229866, 0.830537, 1.085570
 205.000000, 1.321951, 0.224390, 0.842276, 1.094309
 189.000000, 1.611993, 0.299824, 0.753086, 1.072310
 191.333333, 1.071429, 0.277003, 0.893728, 1.188153
 193.333333, 1.215517, 0.224138, 0.760345, 1.000000
 199.333333, 1.518395, 0.212375, 0.729097, 0.958194
13
 0.250000, 0.000000, 1.000000, 2.000000, 4.000000
 145.000000, 1.926437, 0.641379, 1.202299, 1.866667
 223.000000, 2.179372, 0.319880, 0.751868, 1.091181
 194.666667, 1.380137, 0.212329, 0.750000, 0.979452
 206.333333, 1.303716, 0.252019, 0.802908, 1.072698
 199.000000, 1.418760, 0.231156, 0.782245, 1.030151
 204.666667, 1.268730, 0.223127, 1.118893, 1.358306
 197.000000, 1.395939, 0.269036, 0.940778, 1.235195
 204.666667, 1.280130, 0.198697, 0.716612, 0.933225
 170.333333, 1.399217, 0.217221, 1.121331, 1.356164
 170.666667, 1.384766, 0.265625, 0.808594, 1.091797
 229.000000, 1.689956, 0.253275, 0.804949, 1.078603
 195.666667, 1.221465, 0.245315, 0.974446, 1.238501
 203.000000, 1.188834, 0.215107, 0.738916, 0.973727
 200.333333, 1.176373, 0.221298, 0.660566, 0.903494
 203.333333, 1.503279, 0.311475, 0.795082, 1.124590
 186.000000, 1.370968, 0.272401, 0.752688, 1.043011
 193.000000, 1.229706, 0.246978, 0.925734, 1.195164
 190.666667, 1.253497, 0.227273, 0.751748, 1.005245
 193.000000, 1.089810, 0.231434, 0.747841, 1.000000
14
 0.250000, 0.000000, 1.000000, 0.000000, 2.000000
 128.333333, 1.688312, 0.612987, 1.301299, 1.955844
 190.000000, 1.361404, 0.275439, 0.835088, 1.140351
 202.000000, 1.420792, 0.198020, 0.752475, 0.968647
 200.666667, 1.252492, 0.279070, 0.792359, 1.088040
 214.333333, 1.678072, 0.227061, 0.713841, 0.961120
 207.000000, 1.558776, 0.246377, 1.082126, 1.346216
 199.666667, 1.422371, 0.283806, 0.921536, 1.223706
 199.000000, 1.112228, 0.197655, 0.720268, 0.934673
 180.333333, 1.700555, 0.232902, 1.286506, 1.539741
 168.666667, 1.142292, 0.250988, 0.915020, 1.183794
 204.666667, 1.070033, 0.291531, 0.843648, 1.157980
 199.666667, 1.245409, 0.302170, 0.911519, 1.232053
 214.000000, 1.320872, 0.213396, 0.735202, 0.965732
 200.000000, 1.135000, 0.211667, 0.681667, 0.910000
 200.666667, 1.134551, 0.252492, 0.822259, 1.099668
 179.666667, 1.246753, 0.272727, 0.801484, 1.090909
 203.666667, 1.445172, 0.224223, 0.908347, 1.152209
 197.333333, 1.417230, 0.238176, 0.770270, 1.025338
 197.666667, 1.441821, 0.234401, 0.745363, 1.045531
15
 0.250000, 0.000000, 1.000000, 0.000000, 3.000000
 137.000000, 2.299270, 0.618005, 1.206813, 1.846715
 201.666667, 1.859504, 0.299174, 0.834711, 1.153719
 186.333333, 1.209302, 0.221825, 0.803220, 1.042934
 197.000000, 1.208122, 0.240271, 0.993232, 1.252115
 187.666667, 1.218472, 0.232682, 0.756661, 1.007105
 195.000000, 1.244444, 0.217094, 0.969231, 1.205128
 208.666667, 1.560703, 0.282748, 0.859425, 1.174121
 193.666667, 1.283993, 0.208262, 0.728055, 0.953528
 177.333333, 1.631579, 0.248120, 1.204887, 1.469925
 174.333333, 1.382409, 0.242830, 0.839388, 1.099426
 215.000000, 1.548837, 0.286822, 0.834109, 1.150388
 200.000000, 1.178333, 0.213333, 0.976667, 1.208333
 199.333333, 1.168896, 0.285953, 0.779264, 1.083612
 199.333333, 1.145485, 0.215719, 0.678930, 0.913043
 203.333333, 1.272131, 0.234426, 0.831148, 1.085246
 194.333333, 1.933105, 0.286449, 0.797599, 1.101201
 204.666667, 1.570033, 0.255700, 0.859935, 1.135179
 190.333333, 0.984238, 0.232925, 0.796848, 1.059545
 201.666667, 1.209917, 0.234711, 0.757025, 1.008264
16
 0.250000, 1.000000, 0.000000, 7.000000, 7.000000
 139.333333, 1.500000, 0.492823, 1.200957, 1.732057
 205.666667, 1.899514, 0.298217, 0.815235, 1.134522
 194.000000, 1.328179, 0.238832, 0.769759, 1.025773
 202.333333, 2.036244, 0.327842, 0.998353, 1.344316
 197.000000, 1.377327, 0.240271, 0.736041, 0.994924
 210.666667, 1.672468, 0.205696, 0.939873, 1.164557
 206.000000, 1.571197, 0.297735, 0.909385, 1.224919
 194.333333, 1.221269, 0.202401, 0.804460, 1.024014
 163.000000, 1.098160, 0.220859, 1.100204, 1.353783
 177.333333, 1.556391, 0.233083, 0.934211, 1.186090
 205.000000, 1.260163, 0.235772, 0.817886, 1.073171
 198.666667, 0.961409, 0.280201, 0.971477, 1.268456
 197.333333, 1.285473, 0.216216, 0.761824, 0.998311
 198.333333, 1.492437, 0.216807, 0.648739, 0.884034
 192.000000, 1.112847, 0.277778, 0.859375, 1.164931
 168.000000, 1.176587, 0.255952, 0.859127, 1.132937
 192.000000, 1.282986, 0.296875, 0.935764, 1.251736
 189.666667, 1.193322, 0.230228, 0.776801, 1.026362
 187.333333, 1.076512, 0.218861, 0.745552, 0.987544
17
 0.250000, 0.000000, 0.000000, 0.000000, 8.000000
 146.000000, 2.593607, 0.563927, 1.134703, 1.719178
 196.333333, 1.541596, 0.298812, 0.809847, 1.132428
 199.000000, 1.532663, 0.231156, 0.860972, 1.108878
 197.333333, 1.173986, 0.246622, 0.792230, 1.057432
 192.333333, 1.291161, 0.220104, 0.743501, 0.980936
 207.000000, 1.415459, 0.246377, 1.091787, 1.354267
 206.000000, 1.530744, 0.302589, 0.894822, 1.213592
 195.333333, 1.107509, 0.221843, 0.834471, 1.073379
 162.000000, 1.076132, 0.228395, 1.201646, 1.448560
 174.666667, 1.555344, 0.276718, 1.061069, 1.356870
 202.000000, 1.371287, 0.242574, 0.844884, 1.108911
 199.333333, 1.115385, 0.294314, 0.903010, 1.214047
 205.333333, 1.131494, 0.220779, 0.769481, 1.012987
 192.666667, 1.128028, 0.204152, 0.711073, 0.932526
 203.000000, 1.239737, 0.311987, 0.778325, 1.108374
 162.000000, 1.053498, 0.281893, 0.878601, 1.179012
 187.000000, 1.147950, 0.226381, 0.960784, 1.204991
 190.333333, 1.098074, 0.231173, 0.754816, 1.005254
 187.666667, 1.014210, 0.207815, 0.797513, 1.026643
18
 0.250000, 0.000000, 0.000000, 1.000000, 1.000000
 147.333333, 1.941176, 0.592760, 1.185520, 1.798643
 188.333333, 1.638938, 0.306195, 0.844248, 1.168142
 187.666667, 1.000000, 0.227353, 0.763766, 1.008881
 185.333333, 1.077338, 0.246403, 1.061151, 1.325540
 194.666667, 1.030822, 0.248288, 0.820205, 1.087329
 199.666667, 1.328881, 0.295492, 1.140234, 1.465776
 198.000000, 1.311448, 0.264310, 0.915825, 1.196970
 203.333333, 1.324590, 0.214754, 0.768852, 1.000000
 163.000000, 1.034765, 0.222904, 1.075665, 1.316973
 165.000000, 1.008081, 0.254545, 0.935354, 1.208081
 224.000000, 1.870536, 0.257440, 0.800595, 1.098214
 190.000000, 1.114035, 0.270175, 0.971930, 1.261404
 200.000000, 1.146667, 0.208333, 0.760000, 0.998333
 194.000000, 1.140893, 0.214777, 0.733677, 0.965636
 186.666667, 0.944643, 0.294643, 0.853571, 1.169643
 166.666667, 0.974000, 0.258000, 0.918000, 1.208000
 191.000000, 0.975567, 0.246073, 0.876091, 1.139616
 187.666667, 1.182948, 0.236234, 0.779751, 1.033748
 198.333333, 1.302521, 0.223529, 0.759664, 1.001681
19
 0.250000, 3.000000, 0.000000, 8.000000, 8.000000
 149.000000, 2.297539, 0.512304, 1.255034, 1.805369
 219.333333, 1.688450, 0.273556, 0.799392, 1.091185
 187.000000, 0.973262, 0.217469, 0.759358, 0.992870
 196.333333, 1.195246, 0.244482, 0.865874, 1.125637
 198.000000, 1.112795, 0.240741, 0.732323, 0.991582
 198.000000, 1.114478, 0.234007, 1.117845, 1.368687
 203.333333, 1.400000, 0.314754, 0.881967, 1.213115
 186.000000, 1.075269, 0.220430, 0.818996, 1.055556
 164.333333, 1.016227, 0.225152, 1.259635, 1.503043
 179.666667, 1.458256, 0.224490, 0.953618, 1.196660
 218.666667, 1.666159, 0.263720, 0.844512, 1.129573
 219.666667, 1.514416, 0.261002, 0.962064, 1.253414
 197.333333, 0.920608, 0.244932, 0.773649, 1.035473
 205.333333, 1.383117, 0.222403, 0.678571, 0.920455
 212.666667, 1.518809, 0.327586, 0.774295, 1.120690
 193.333333, 1.827586, 0.255172, 0.820690, 1.094828
 196.666667, 1.193220, 0.255932, 0.922034, 1.194915
 198.666667, 1.317114, 0.209732, 0.800336, 1.028523
 198.666667, 1.224832, 0.213087, 0.738255, 0.969799
20
 0.250000, 0.000000, 0.000000, 6.000000, 7.000000
 151.333333, 2.733480, 0.674009, 1.248899, 1.951542
 206.333333, 1.972536, 0.274637, 0.781906, 1.075929
 209.333333, 1.399682, 0.210191, 0.719745, 0.947452
 189.000000, 1.114638, 0.299824, 1.065256, 1.389771
 184.000000, 0.922101, 0.230072, 0.809783, 1.068841
 203.333333, 1.332787, 0.221311, 0.929508, 1.172131
 207.666667, 1.460674, 0.287319, 0.913323, 1.216693
 200.000000, 1.500000, 0.218333, 0.840000, 1.076667
 173.666667, 1.579655, 0.226488, 1.353167, 1.596929
 178.666667, 1.250000, 0.231343, 0.876866, 1.136194
 210.333333, 1.115689, 0.255151, 0.846276, 1.118859
 203.333333, 1.150820, 0.290164, 0.878689, 1.186885
 206.666667, 1.095161, 0.208065, 0.741935, 0.966129
 205.666667, 1.171799, 0.217180, 0.698541, 0.933549
 207.666667, 1.252006, 0.210273, 0.833066, 1.064205
 177.000000, 1.323917, 0.246704, 0.740113, 1.007533
 207.000000, 1.541063, 0.264090, 0.880837, 1.164251
 186.000000, 0.890681, 0.231183, 0.777778, 1.035842
 195.000000, 1.244444, 0.225641, 0.781197, 1.025641
21
 0.250000, 0.000000, 0.000000, 0.000000, 7.000000
 134.000000, 1.412935, 0.574627, 1.296020, 1.893035
 207.000000, 1.885668, 0.326892, 0.808374, 1.154589
 193.333333, 1.082759, 0.227586, 0.731034, 0.982759
 182.666667, 1.248175, 0.310219, 0.897810, 1.226277
 187.666667, 0.959147, 0.234458, 0.927176, 1.179396
 203.666667, 1.482815, 0.237316, 1.085106, 1.340426
 202.333333, 1.380560, 0.311367, 0.840198, 1.174629
 196.333333, 1.100170, 0.220713, 0.748727, 0.988115
 161.333333, 0.950413, 0.198347, 1.274793, 1.491736
 173.000000, 1.296724, 0.250482, 1.140655, 1.412331
 211.000000, 1.265403, 0.219589, 0.845182, 1.083728
 213.666667, 1.522621, 0.273011, 0.892356, 1.184087
 204.000000, 1.271242, 0.228758, 0.754902, 1.001634
 197.000000, 1.021997, 0.216582, 0.702200, 0.937394
 183.000000, 0.992714, 0.302368, 0.896175, 1.216758
 167.333333, 1.113546, 0.278884, 0.882470, 1.177291
 190.000000, 1.235088, 0.229825, 0.898246, 1.149123
 181.666667, 0.974312, 0.229358, 0.772477, 1.020183
 194.000000, 1.264605, 0.209622, 0.711340, 0.938144
22
 0.250000, 1.000000, 0.000000, 0.000000, 0.000000
 149.666667, 2.000000, 0.645880, 1.138085, 1.830735
 220.666667, 2.154079, 0.309668, 0.761329, 1.090634
 202.666667, 1.258224, 0.210526, 0.708882, 0.939145
 185.000000, 0.873874, 0.237838, 1.059459, 1.315315
 185.666667, 1.003591, 0.220826, 0.782765, 1.019749
 207.666667, 1.322632, 0.226324, 1.041734, 1.295345
 199.000000, 1.175879, 0.306533, 0.943049, 1.269682
 194.000000, 1.087629, 0.223368, 0.738832, 0.981100
 164.000000, 1.432927, 0.260163, 1.193089, 1.481707
 182.333333, 1.484461, 0.244973, 1.032907, 1.297989
 215.666667, 1.256569, 0.259660, 0.814529, 1.092736
 206.333333, 1.226171, 0.300485, 0.919225, 1.235864
 204.333333, 1.464927, 0.243067, 0.792822, 1.053834
 199.666667, 1.312187, 0.215359, 0.707846, 0.939900
 178.000000, 0.679775, 0.320225, 0.831461, 1.170412
 170.333333, 1.197652, 0.244618, 0.845401, 1.107632
 202.666667, 1.217105, 0.225329, 0.886513, 1.128289
 189.000000, 1.299824, 0.222222, 0.765432, 1.007055
 200.333333, 1.239601, 0.212978, 0.727121, 0.956739
23
 0.250000, 0.000000, 0.000000, 0.000000, 0.000000
 145.666667, 2.135011, 0.560641, 1.203661, 1.787185
 215.333333, 2.083591, 0.270898, 0.766254, 1.057276
 202.666667, 1.250000, 0.218750, 0.743421, 0.978618
 188.666667, 1.072438, 0.226148, 1.075972, 1.319788
 197.333333, 1.483108, 0.219595, 0.856419, 1.094595
 203.333333, 1.355738, 0.218033, 0.977049, 1.211475
 196.666667, 1.171186, 0.277966, 0.879661, 1.174576
 197.000000, 1.028765, 0.225042, 0.708968, 0.964467
 170.333333, 1.410959, 0.217221, 1.356164, 1.594912
 169.333333, 1.137795, 0.232283, 0.958661, 1.222441
 222.000000, 1.653153, 0.255255, 0.815315, 1.088589
 203.000000, 1.215107, 0.223317, 0.881773, 1.124795
 215.666667, 1.326121, 0.227202, 0.724884, 0.970634
 199.666667, 1.176962, 0.215359, 0.681135, 0.916528
 193.666667, 0.944923, 0.234079, 0.908778, 1.161790
 187.666667, 1.740675, 0.266430, 0.989343, 1.273535
 191.666667, 0.996522, 0.248696, 0.907826, 1.177391
 193.666667, 1.080895, 0.232358, 0.753873, 1.003442
 201.000000, 1.212272, 0.199005, 0.772803, 0.988391
24
 0.250000, 3.000000, 0.000000, 0.000000, 1.000000
 155.333333, 2.448498, 0.583691, 1.156652, 1.761803
 201.666667, 1.576860, 0.290909, 0.849587, 1.158678
 191.333333, 1.163763, 0.221254, 0.766551, 1.006969
 192.000000, 1.312500, 0.291667, 0.843750, 1.152778
 207.000000, 1.608696, 0.238325, 0.734300, 0.990338
 201.000000, 1.301824, 0.227197, 1.099502, 1.343284
 197.000000, 1.341794, 0.314721, 0.851100, 1.182741
 198.000000, 1.434343, 0.208754, 0.723906, 0.952862
 168.666667, 1.332016, 0.219368, 1.464427, 1.703557
 177.000000, 1.517891, 0.222222, 0.909605, 1.150659
 221.333333, 1.325301, 0.251506, 0.837349, 1.106928
 207.000000, 1.220612, 0.289855, 0.887279, 1.194847
 202.333333, 1.095552, 0.224053, 0.772652, 1.011532
 203.000000, 1.216749, 0.213465, 0.671593, 0.903120
 186.333333, 0.906977, 0.350626, 0.794275, 1.162791
 167.666667, 1.153082, 0.274354, 0.936382, 1.234592
 202.000000, 1.402640, 0.245875, 0.872937, 1.136964
 195.333333, 1.153584, 0.233788, 0.750853, 1.000000
 196.000000, 1.217687, 0.219388, 0.732993, 0.971088
25
 0.250000, 0.000000, 0.000000, 0.000000, 0.000000
 150.000000, 2.228889, 0.544444, 1.140000, 1.706667
 213.333333, 1.906250, 0.293750, 0.815625, 1.126563
 194.333333, 1.355060, 0.222985, 0.840480, 1.080617
 207.000000, 1.811594, 0.325282, 0.769726, 1.112721
 215.666667, 1.516229, 0.230294, 0.850077, 1.100464
 190.333333, 1.204904, 0.238179, 1.148862, 1.404553
 203.000000, 1.382594, 0.320197, 0.916256, 1.256158
 201.000000, 1.170813, 0.202322, 0.708126, 0.930348
 174.333333, 1.328872, 0.216061, 1.183556, 1.416826
 173.666667, 1.195777, 0.241843, 1.049904, 1.310940
 214.000000, 1.375389, 0.246106, 0.805296, 1.071651
 202.666667, 1.034539, 0.271382, 0.968750, 1.268092
 208.333333, 1.057600, 0.212800, 0.764800, 0.998400
 206.666667, 1.372581, 0.225806, 0.708065, 0.953226
 208.000000, 0.974359, 0.330128, 0.746795, 1.096154
 188.000000, 1.904255, 0.267730, 0.856383, 1.145390
 198.333333, 1.557983, 0.275630, 0.877311, 1.183193
 186.000000, 0.899642, 0.247312, 0.741935, 1.005376
 209.333333, 1.593949, 0.219745, 0.783439, 1.023885
26
 0.250000, 2.000000, 0.000000, 0.000000, 0.000000
 136.000000, 1.796569, 0.536765, 1.198529, 1.764706
 210.666667, 1.666139, 0.287975, 0.772152, 1.090190
 201.333333, 1.451987, 0.205298, 0.773179, 0.995033
 202.000000, 1.204620, 0.280528, 0.780528, 1.079208
 194.333333, 1.114923, 0.231561, 0.782161, 1.032590
 192.000000, 1.123264, 0.217014, 0.982639, 1.218750
 196.000000, 1.117347, 0.290816, 0.899660, 1.209184
 197.666667, 1.311973, 0.210793, 0.785835, 1.016863
 190.666667, 2.043706, 0.265734, 1.117133, 1.402098
 170.333333, 1.123288, 0.236791, 1.062622, 1.317025
 212.000000, 1.334906, 0.245283, 0.841195, 1.114780
 200.666667, 1.347176, 0.292359, 0.898671, 1.207641
 197.000000, 1.101523, 0.230118, 0.754653, 1.013536
 200.000000, 1.015000, 0.215000, 0.658333, 0.891667
 195.000000, 1.309402, 0.261538, 0.818803, 1.099145
 179.000000, 1.378026, 0.288641, 0.782123, 1.085661
 198.333333, 1.349580, 0.270588, 0.858824, 1.149580
 195.000000, 1.211966, 0.237607, 0.748718, 1.013675
 198.333333, 1.282353, 0.208403, 0.830252, 1.058824
27
 0.250000, 0.000000, 0.000000, 0.000000, 0.000000
 139.000000, 2.184652, 0.570743, 1.196643, 1.803357
 208.000000, 1.618590, 0.261218, 0.758013, 1.049679
 196.666667, 1.338983, 0.222034, 0.742373, 0.983051
 203.000000, 1.293924, 0.233169, 0.802956, 1.054187
 194.000000, 1.233677, 0.242268, 0.824742, 1.087629
 204.333333, 1.202284, 0.226754, 0.944535, 1.189233
 206.666667, 1.535484, 0.240323, 0.922581, 1.180645
 193.666667, 1.110155, 0.222031, 0.741824, 0.982788
 170.000000, 1.252941, 0.207843, 1.243137, 1.484314
 170.666667, 1.121094, 0.244141, 1.019531, 1.283203
 206.000000, 1.144013, 0.284790, 0.870550, 1.174757
 202.333333, 1.238880, 0.248764, 0.943987, 1.219110
 207.333333, 1.107717, 0.217042, 0.758842, 0.993569
 201.666667, 1.067769, 0.211570, 0.672727, 0.912397
 189.333333, 0.896127, 0.276408, 0.834507, 1.142606
 177.333333, 1.334586, 0.251880, 0.902256, 1.174812
 195.333333, 1.240614, 0.230375, 0.861775, 1.107509
 197.333333, 1.113176, 0.216216, 0.755068, 0.988176
 204.666667, 1.379479, 0.205212, 0.798046, 1.021173
28
 0.250000, 1.000000, 0.000000, 0.000000, 0.000000
 141.000000, 2.340426, 0.803783, 1.309693, 2.134752
 201.000000, 1.595357, 0.275290, 0.819237, 1.112769
 196.666667, 1.291525, 0.210169, 0.738983, 0.967797
 191.000000, 1.040140, 0.240838, 0.848168, 1.108202
 199.666667, 1.328881, 0.230384, 0.903172, 1.153589
 190.666667, 1.237762, 0.232517, 0.959790, 1.209790
 194.666667, 1.075342, 0.280822, 0.881849, 1.179795
 205.333333, 1.397727, 0.202922, 0.707792, 0.935065
 163.666667, 1.177189, 0.228106, 1.295316, 1.541752
 175.000000, 1.980952, 0.302857, 0.857143, 1.180952
 205.333333, 1.545455, 0.259740, 0.870130, 1.159091
 208.666667, 1.439297, 0.284345, 0.876997, 1.178914
 200.000000, 1.108333, 0.225000, 0.745000, 0.990000
 201.666667, 1.203306, 0.219835, 0.667769, 0.905785
 183.666667, 0.845735, 0.281307, 0.847550, 1.152450
 172.666667, 1.326255, 0.289575, 0.870656, 1.177606
 196.000000, 1.226190, 0.217687, 0.862245, 1.098639
 192.333333, 1.043328, 0.228769, 0.759099, 1.006932
 204.666667, 1.372964, 0.218241, 0.767101, 1.004886
29
 0.250000, 0.000000, 0.000000, 0.000000, 0.000000
 135.000000, 1.679012, 0.523457, 1.155556, 1.701235
 204.333333, 2.086460, 0.277325, 0.936378, 1.244698
 197.000000, 1.351946, 0.211506, 0.734349, 0.962775
 187.333333, 0.868327, 0.263345, 1.028470, 1.307829
 186.333333, 1.119857, 0.245081, 0.765653, 1.026834
 205.000000, 1.478049, 0.213008, 1.154472, 1.385366
 200.666667, 1.182724, 0.295681, 0.852159, 1.166113
 198.333333, 1.152941, 0.230252, 0.835294, 1.082353
 175.666667, 1.345351, 0.208729, 1.098672, 1.328273
 172.000000, 1.195736, 0.244186, 0.906977, 1.168605
 210.000000, 1.319048, 0.255556, 0.823810, 1.096825
 199.333333, 1.265886, 0.280936, 0.966555, 1.277592
 203.666667, 1.230769, 0.217676, 0.749591, 0.986907
 205.666667, 1.191248, 0.213938, 0.659643, 0.893031
 187.000000, 0.855615, 0.295900, 0.784314, 1.098039
 178.333333, 1.624299, 0.280374, 0.837383, 1.136449
 206.000000, 1.265372, 0.260518, 0.846278, 1.135922
 186.333333, 1.161002, 0.218247, 0.797853, 1.048301
 191.000000, 0.944154, 0.209424, 0.806283, 1.043630
30
 0.250000, 0.000000, 0.000000, 0.000000, 0.000000
 138.333333, 2.055422, 0.489157, 1.195181, 1.703614
 213.333333, 1.851563, 0.303125, 0.821875, 1.154688
 194.666667, 1.376712, 0.212329, 0.738014, 0.967466
 202.333333, 1.243822, 0.265239, 0.820428, 1.103789
 193.666667, 1.165232, 0.228916, 0.741824, 0.989673
 207.333333, 1.514469, 0.228296, 0.946945, 1.192926
 199.333333, 1.133779, 0.317726, 0.908027, 1.244147
 195.666667, 1.083475, 0.212947, 0.752981, 0.984668
 167.333333, 1.209163, 0.213147, 1.286853, 1.517928
 175.333333, 1.273764, 0.241445, 0.963878, 1.222433
 206.000000, 1.119741, 0.241100, 0.794498, 1.055016
 216.666667, 1.486154, 0.258462, 0.924615, 1.203077
 196.333333, 1.276740, 0.234295, 0.774194, 1.028862
 193.333333, 1.144828, 0.227586, 0.691379, 0.936207
 206.666667, 1.388710, 0.254839, 0.850000, 1.124194
 186.666667, 1.848214, 0.275000, 0.898214, 1.191071
 205.666667, 1.371151, 0.231767, 0.884927, 1.141005
 198.000000, 1.252525, 0.210438, 0.799663, 1.030303
 199.333333, 1.095318, 0.225753, 0.799331, 1.041806
31
 0.250000, 1.000000, 0.000000, 0.000000, 0.000000
 141.333333, 1.766509, 0.523585, 1.153302, 1.700472
 222.333333, 2.103448, 0.278861, 0.766117, 1.064468
 201.666667, 1.332231, 0.211570, 0.727273, 0.968595
 191.000000, 1.164049, 0.246073, 0.846422, 1.111693
 203.666667, 1.546645, 0.238953, 0.725041, 0.983633
 200.666667, 1.382060, 0.247508, 0.975083, 1.242525
 197.666667, 1.232715, 0.310287, 0.902192, 1.232715
 202.666667, 1.264803, 0.212171, 0.700658, 0.929276
 162.333333, 1.092402, 0.207392, 1.057495, 1.301848
 171.666667, 1.400000, 0.238835, 0.906796, 1.165049
 208.000000, 1.200321, 0.258013, 0.838141, 1.113782
 217.000000, 1.562212, 0.267281, 0.881720, 1.167435
 208.000000, 1.298077, 0.216346, 0.769231, 1.004808
 194.000000, 1.240550, 0.219931, 0.704467, 0.941581
 211.333333, 1.444795, 0.299685, 0.758675, 1.075710
 197.000000, 1.839255, 0.253807, 0.817259, 1.091371
 201.333333, 1.359272, 0.241722, 0.892384, 1.163907
 186.333333, 1.130590, 0.220036, 0.776386, 1.014311
 193.333333, 1.093103, 0.227586, 0.756897, 1.005172
Histogram
9 0 0 0 0 0 0 0 5 108 166 163 71 33 19 10 1 18 12 3 6 1 0 0 0 0 0 0 0 0 5 0 0 0 0 0 0 0 0 0 1 0 0 0 0 0 0 0 0 0 0 0 0 0 0 0 0 0 0 0 0 0 0 0 0 0 0 0 0 0 3 0 0 0 0 0 0 0 0 0 2 0 0 0 0 0 0 0 0 0 0 0 0 0 0 0 0 0 0 0 0 0 0 0 0 0 0 0 0 0 0 0 0 0 0 0 0 0 0 4 
Cache Miss Ratio
NaN
numOfSets
368636
numOfGets
0
numOfMultiGets
0
