20
0
 0.250000, 6.000000, 0.000000, 61.000000, 73.000000
 97.000000, 2.209622, 0.563574, 1.312715, 1.941581
 95.000000, 2.028070, 0.470175, 1.294737, 1.810526
 103.333333, 2.674194, 0.470968, 1.241935, 1.767742
 93.666667, 1.921708, 0.395018, 1.274021, 1.718861
 97.333333, 1.784247, 0.486301, 1.143836, 1.671233
 99.333333, 1.855705, 0.456376, 1.281879, 1.788591
 111.666667, 2.376119, 0.426866, 1.220896, 1.695522
 112.000000, 2.199405, 0.404762, 1.261905, 1.711310
 108.333333, 2.341538, 0.461538, 1.138462, 1.655385
 100.333333, 1.777409, 0.428571, 1.322259, 1.797342
 94.666667, 2.063380, 0.492958, 1.274648, 1.820423
 83.666667, 1.884462, 0.561753, 1.310757, 1.932271
 113.666667, 2.269795, 0.457478, 1.269795, 1.771261
 107.666667, 2.340557, 0.495356, 1.089783, 1.631579
 95.000000, 2.529825, 0.540351, 1.263158, 1.852632
 96.000000, 2.388889, 0.479167, 1.270833, 1.798611
 95.666667, 2.111498, 0.449477, 1.275261, 1.770035
 86.000000, 1.988372, 0.449612, 1.155039, 1.651163
 116.333333, 2.031519, 0.429799, 1.315186, 1.796562
1
 0.250000, 1.000000, 0.000000, 75.000000, 82.000000
 110.000000, 2.963636, 0.630303, 1.215152, 1.921212
 96.333333, 2.671280, 0.432526, 1.290657, 1.768166
 97.666667, 2.061433, 0.525597, 1.310580, 1.890785
 96.333333, 1.892734, 0.460208, 1.249135, 1.764706
 107.333333, 2.711180, 0.490683, 1.090062, 1.624224
 119.333333, 2.488827, 0.438547, 1.284916, 1.768156
 106.333333, 2.304075, 0.448276, 1.294671, 1.796238
 112.666667, 1.639053, 0.405325, 1.272189, 1.733728
 106.666667, 2.481250, 0.456250, 1.193750, 1.696875
 108.000000, 2.172840, 0.419753, 1.129630, 1.592593
 103.333333, 2.238710, 0.467742, 1.425806, 1.951613
 94.666667, 2.246479, 0.464789, 1.422535, 1.943662
 113.000000, 1.938053, 0.436578, 1.209440, 1.687316
 101.000000, 1.676568, 0.405941, 1.165017, 1.613861
 98.666667, 2.368243, 0.466216, 1.260135, 1.770270
 99.000000, 1.680135, 0.498316, 1.134680, 1.767677
 100.666667, 2.423841, 0.576159, 1.218543, 1.841060
 89.000000, 1.692884, 0.411985, 1.262172, 1.719101
 106.666667, 2.071875, 0.421875, 1.309375, 1.771875
2
 0.250000, 0.000000, 0.000000, 67.000000, 84.000000
 96.333333, 2.840830, 0.543253, 1.352941, 1.955017
 91.000000, 2.234432, 0.545788, 1.263736, 1.853480
 98.333333, 1.905085, 0.477966, 1.240678, 1.769492
 111.333333, 3.101796, 0.643713, 1.164671, 1.850299
 103.333333, 1.877419, 0.429032, 1.232258, 1.706452
 112.000000, 2.517857, 0.473214, 1.270833, 1.785714
 110.333333, 2.202417, 0.528701, 1.217523, 1.794562
 119.333333, 2.120112, 0.432961, 1.229050, 1.709497
 103.000000, 2.870550, 0.501618, 1.090615, 1.640777
 101.000000, 1.775578, 0.419142, 1.254125, 1.735974
 99.666667, 2.471572, 0.561873, 1.441472, 2.066890
 99.333333, 2.640940, 0.459732, 1.295302, 1.808725
 101.333333, 1.634868, 0.414474, 1.256579, 1.720395
 103.666667, 1.655949, 0.379421, 1.183280, 1.623794
 95.000000, 2.891228, 0.592982, 1.354386, 2.010526
 111.666667, 2.611940, 0.462687, 1.104478, 1.614925
 97.000000, 2.443299, 0.498282, 1.206186, 1.749141
 100.333333, 1.797342, 0.382060, 1.235880, 1.667774
 115.000000, 1.965217, 0.434783, 1.281159, 1.759420
3
 0.250000, 5.000000, 0.000000, 74.000000, 80.000000
 105.666667, 2.984227, 0.643533, 1.425868, 2.123028
 97.333333, 2.366438, 0.462329, 1.226027, 1.732877
 102.666667, 2.503247, 0.470779, 1.288961, 1.801948
 88.666667, 1.879699, 0.488722, 1.236842, 1.785714
 99.666667, 2.070234, 0.451505, 1.153846, 1.655518
 96.666667, 1.603448, 0.441379, 1.282759, 1.772414
 109.666667, 2.550152, 0.501520, 1.346505, 1.893617
 123.666667, 2.080863, 0.433962, 1.137466, 1.617251
 90.333333, 1.952030, 0.442804, 1.188192, 1.697417
 104.333333, 2.198083, 0.405751, 1.201278, 1.658147
 100.333333, 1.890365, 0.481728, 1.448505, 1.983389
 96.666667, 2.906897, 0.489655, 1.168966, 1.710345
 110.000000, 1.818182, 0.400000, 1.309091, 1.766667
 101.666667, 1.734426, 0.393443, 1.272131, 1.711475
 98.666667, 2.344595, 0.597973, 1.439189, 2.084459
 102.666667, 2.045455, 0.467532, 1.087662, 1.603896
 95.666667, 2.229965, 0.400697, 1.156794, 1.606272
 93.666667, 1.857651, 0.398577, 1.206406, 1.651246
 120.333333, 2.518006, 0.443213, 1.288089, 1.783934
4
 0.250000, 0.000000, 0.000000, 73.000000, 81.000000
 98.666667, 2.905405, 0.716216, 1.385135, 2.155405
 84.000000, 2.071429, 0.515873, 1.178571, 1.742063
 113.333333, 2.429412, 0.455882, 1.170588, 1.670588
 100.666667, 1.864238, 0.440397, 1.188742, 1.678808
 104.333333, 1.916933, 0.434505, 1.198083, 1.674121
 107.000000, 1.741433, 0.436137, 1.267913, 1.747664
 112.333333, 2.682493, 0.528190, 1.264095, 1.833828
 111.000000, 1.579580, 0.396396, 1.273273, 1.720721
 99.000000, 2.198653, 0.491582, 1.127946, 1.666667
 104.333333, 2.463259, 0.415335, 1.348243, 1.808307
 101.666667, 1.786885, 0.373770, 1.347541, 1.777049
 95.666667, 2.696864, 0.519164, 1.271777, 1.843206
 112.666667, 2.201183, 0.405325, 1.257396, 1.707101
 107.666667, 2.024768, 0.371517, 1.250774, 1.668731
 97.333333, 2.208904, 0.445205, 1.253425, 1.746575
 96.333333, 2.148789, 0.474048, 1.173010, 1.716263
 100.000000, 2.283333, 0.440000, 1.346667, 1.836667
 88.000000, 1.939394, 0.348485, 1.136364, 1.534091
 109.666667, 2.361702, 0.498480, 1.370821, 1.924012
5
 0.250000, 0.000000, 1.000000, 66.000000, 82.000000
 99.333333, 2.516779, 0.493289, 1.352349, 1.912752
 97.666667, 2.416382, 0.484642, 1.269625, 1.802048
 103.666667, 2.028939, 0.495177, 1.279743, 1.816720
 97.666667, 2.249147, 0.498294, 1.194539, 1.750853
 105.666667, 2.047319, 0.451104, 1.097792, 1.605678
 98.000000, 1.942177, 0.387755, 1.340136, 1.792517
 103.000000, 2.249191, 0.576052, 1.466019, 2.110032
 100.000000, 1.540000, 0.386667, 1.286667, 1.723333
 106.000000, 2.110063, 0.427673, 1.106918, 1.591195
 108.666667, 2.285276, 0.426380, 1.266871, 1.733129
 97.666667, 1.648464, 0.392491, 1.300341, 1.757679
 91.000000, 2.344322, 0.498168, 1.487179, 2.029304
 108.666667, 1.815951, 0.466258, 1.273006, 1.788344
 109.333333, 2.420732, 0.484756, 1.064024, 1.606707
 101.333333, 1.996711, 0.565789, 1.328947, 1.944079
 103.333333, 2.490323, 0.496774, 1.096774, 1.651613
 95.333333, 2.430070, 0.423077, 1.244755, 1.727273
 87.000000, 1.766284, 0.390805, 1.160920, 1.601533
 113.666667, 2.260997, 0.395894, 1.372434, 1.824047
6
 0.250000, 0.000000, 0.000000, 63.000000, 78.000000
 105.333333, 2.996835, 0.639241, 1.278481, 1.971519
 94.000000, 2.684397, 0.531915, 1.304965, 1.882979
 98.000000, 2.091837, 0.476190, 1.272109, 1.799320
 94.666667, 1.799296, 0.450704, 1.239437, 1.735915
 102.333333, 1.850163, 0.491857, 1.228013, 1.768730
 104.333333, 2.169329, 0.421725, 1.239617, 1.706070
 108.000000, 2.046296, 0.530864, 1.419753, 2.003086
 108.666667, 1.990798, 0.435583, 1.211656, 1.699387
 105.000000, 2.796825, 0.517460, 1.098413, 1.660317
 113.333333, 2.294118, 0.482353, 1.308824, 1.844118
 99.333333, 1.902685, 0.419463, 1.325503, 1.795302
 104.000000, 2.759615, 0.512821, 1.419872, 2.006410
 106.666667, 1.475000, 0.356250, 1.159375, 1.559375
 105.666667, 1.949527, 0.444795, 1.170347, 1.662461
 101.333333, 2.562500, 0.450658, 1.305921, 1.799342
 95.000000, 1.971930, 0.414035, 1.136842, 1.621053
 98.000000, 2.435374, 0.425170, 1.299320, 1.765306
 103.666667, 2.514469, 0.408360, 1.180064, 1.636656
 122.333333, 2.228883, 0.427793, 1.291553, 1.771117
7
 0.250000, 7.000000, 0.000000, 63.000000, 77.000000
 95.333333, 2.779720, 0.541958, 1.346154, 1.965035
 91.333333, 1.956204, 0.529197, 1.255474, 1.839416
 100.000000, 2.053333, 0.476667, 1.196667, 1.730000
 89.333333, 1.783582, 0.391791, 1.227612, 1.675373
 101.333333, 2.108553, 0.457237, 1.197368, 1.700658
 108.000000, 1.824074, 0.422840, 1.277778, 1.759259
 111.000000, 2.147147, 0.414414, 1.309309, 1.768769
 107.333333, 1.673913, 0.406832, 1.239130, 1.704969
 96.333333, 2.110727, 0.494810, 1.266436, 1.809689
 108.000000, 1.956790, 0.407407, 1.188272, 1.651235
 108.333333, 2.092308, 0.400000, 1.403077, 1.852308
 97.666667, 2.761092, 0.477816, 1.310580, 1.846416
 105.000000, 2.130159, 0.457143, 1.263492, 1.768254
 110.000000, 1.954545, 0.436364, 1.209091, 1.693939
 94.666667, 2.485915, 0.429577, 1.183099, 1.661972
 106.666667, 3.206250, 0.618750, 1.059375, 1.721875
 90.333333, 2.103321, 0.435424, 1.291513, 1.778598
 100.666667, 2.221854, 0.407285, 1.175497, 1.632450
 115.666667, 2.023055, 0.432277, 1.305476, 1.786744
8
 0.250000, 7.000000, 0.000000, 74.000000, 77.000000
 108.333333, 2.960000, 0.689231, 1.452308, 2.224615
 93.333333, 2.335714, 0.546429, 1.196429, 1.792857
 106.666667, 2.565625, 0.528125, 1.284375, 1.859375
 91.666667, 2.000000, 0.389091, 1.181818, 1.618182
 107.000000, 1.809969, 0.433022, 1.174455, 1.654206
 102.666667, 1.792208, 0.451299, 1.279221, 1.772727
 114.666667, 2.063953, 0.415698, 1.273256, 1.732558
 113.333333, 2.188235, 0.470588, 1.370588, 1.885294
 110.000000, 2.533333, 0.424242, 1.072727, 1.554545
 107.666667, 2.185759, 0.402477, 1.250774, 1.715170
 98.666667, 1.706081, 0.375000, 1.452703, 1.885135
 100.333333, 3.000000, 0.508306, 1.375415, 1.940199
 105.666667, 2.072555, 0.403785, 1.223975, 1.671924
 110.333333, 2.368580, 0.413897, 1.172205, 1.628399
 98.333333, 2.298305, 0.450847, 1.247458, 1.752542
 101.333333, 2.901316, 0.618421, 1.059211, 1.723684
 88.333333, 2.071698, 0.486792, 1.256604, 1.792453
 91.666667, 2.090909, 0.385455, 1.192727, 1.625455
 117.000000, 2.549858, 0.475783, 1.227920, 1.746439
9
 0.250000, 5.000000, 1.000000, 75.000000, 77.000000
 93.666667, 3.160142, 0.644128, 1.409253, 2.138790
 93.333333, 2.525000, 0.542857, 1.185714, 1.792857
 113.666667, 2.516129, 0.410557, 1.231672, 1.697947
 93.000000, 2.713262, 0.623656, 1.197133, 1.863799
 100.666667, 2.099338, 0.443709, 1.089404, 1.576159
 101.000000, 1.821782, 0.422442, 1.323432, 1.795380
 112.000000, 2.244048, 0.511905, 1.306548, 1.863095
 109.000000, 2.085627, 0.431193, 1.305810, 1.785933
 103.000000, 2.423948, 0.427184, 1.194175, 1.666667
 96.666667, 1.772414, 0.406897, 1.300000, 1.755172
 100.666667, 2.175497, 0.437086, 1.271523, 1.754967
 99.333333, 2.493289, 0.516779, 1.453020, 2.036913
 112.000000, 2.273810, 0.422619, 1.324405, 1.791667
 118.666667, 2.171348, 0.398876, 1.174157, 1.620787
 94.000000, 2.124113, 0.510638, 1.283688, 1.847518
 97.333333, 2.260274, 0.455479, 1.037671, 1.561644
 94.000000, 2.007092, 0.425532, 1.226950, 1.702128
 94.666667, 1.883803, 0.387324, 1.267606, 1.700704
 124.000000, 2.290323, 0.430108, 1.336022, 1.814516
10
 0.250000, 0.000000, 1.000000, 75.000000, 77.000000
 104.666667, 2.863057, 0.576433, 1.372611, 2.009554
 95.000000, 2.698246, 0.466667, 1.217544, 1.807018
 98.333333, 2.186441, 0.511864, 1.359322, 1.922034
 97.333333, 2.191781, 0.561644, 1.195205, 1.808219
 109.666667, 2.328267, 0.489362, 1.218845, 1.750760
 102.666667, 2.129870, 0.457792, 1.165584, 1.672078
 97.000000, 2.127148, 0.501718, 1.329897, 1.883162
 115.666667, 2.259366, 0.446686, 1.342939, 1.841499
 114.000000, 2.730994, 0.497076, 1.087719, 1.628655
 111.333333, 1.985030, 0.470060, 1.185629, 1.700599
 104.666667, 1.796178, 0.433121, 1.312102, 1.792994
 103.000000, 3.045307, 0.521036, 1.355987, 1.925566
 107.666667, 2.148607, 0.427245, 1.160991, 1.643963
 101.666667, 1.868852, 0.426230, 1.219672, 1.698361
 108.000000, 2.472222, 0.487654, 1.243827, 1.780864
 90.666667, 2.341912, 0.477941, 1.132353, 1.661765
 98.666667, 2.273649, 0.483108, 1.263514, 1.793919
 93.000000, 1.788530, 0.408602, 1.193548, 1.659498
 119.666667, 2.108635, 0.392758, 1.228412, 1.668524
11
 0.250000, 9.000000, 1.000000, 63.000000, 76.000000
 96.666667, 2.651724, 0.641379, 1.386207, 2.096552
 101.000000, 2.947195, 0.528053, 1.141914, 1.712871
 107.666667, 2.312693, 0.455108, 1.278638, 1.773994
 92.666667, 1.766187, 0.417266, 1.294964, 1.776978
 109.666667, 2.145897, 0.449848, 1.185410, 1.680851
 108.000000, 1.904321, 0.432099, 1.262346, 1.740741
 103.000000, 2.229773, 0.466019, 1.207120, 1.715210
 110.000000, 2.100000, 0.384848, 1.324242, 1.769697
 110.000000, 2.506061, 0.472727, 1.148485, 1.690909
 104.000000, 2.128205, 0.397436, 1.227564, 1.682692
 100.333333, 1.770764, 0.392027, 1.292359, 1.730897
 98.000000, 2.493197, 0.540816, 1.442177, 2.030612
 115.333333, 1.627168, 0.381503, 1.326590, 1.751445
 117.666667, 2.257790, 0.436261, 1.135977, 1.614731
 100.333333, 2.362126, 0.501661, 1.302326, 1.857143
 104.333333, 2.099042, 0.469649, 1.220447, 1.757188
 94.666667, 2.112676, 0.443662, 1.285211, 1.785211
 93.000000, 1.842294, 0.412186, 1.143369, 1.609319
 124.333333, 2.032172, 0.423592, 1.302949, 1.766756
12
 0.250000, 0.000000, 2.000000, 74.000000, 77.000000
 98.333333, 2.579661, 0.542373, 1.440678, 2.044068
 91.333333, 2.635036, 0.474453, 1.182482, 1.708029
 107.333333, 1.947205, 0.428571, 1.173913, 1.645963
 96.000000, 1.774306, 0.440972, 1.250000, 1.739583
 103.000000, 2.067961, 0.420712, 1.239482, 1.702265
 108.000000, 2.219136, 0.410494, 1.287037, 1.743827
 111.000000, 2.624625, 0.483483, 1.168168, 1.702703
 118.333333, 2.138028, 0.377465, 1.214085, 1.642254
 103.666667, 2.443730, 0.453376, 1.147910, 1.649518
 98.666667, 1.655405, 0.398649, 1.354730, 1.807432
 105.333333, 2.044304, 0.424051, 1.433544, 1.908228
 102.000000, 2.885621, 0.519608, 1.382353, 1.950980
 113.000000, 1.967552, 0.463127, 1.292035, 1.802360
 108.000000, 1.830247, 0.425926, 1.209877, 1.682099
 92.000000, 1.869565, 0.583333, 1.376812, 2.014493
 101.000000, 2.145215, 0.442244, 1.122112, 1.613861
 96.666667, 2.979310, 0.506897, 1.213793, 1.765517
 104.000000, 2.147436, 0.429487, 1.157051, 1.634615
 117.666667, 2.048159, 0.422096, 1.246459, 1.713881
13
 0.250000, 7.000000, 3.000000, 3.000000, 67.000000
 100.333333, 2.601329, 0.631229, 1.408638, 2.109635
 91.000000, 2.479853, 0.487179, 1.399267, 1.956044
 98.000000, 2.088435, 0.482993, 1.180272, 1.714286
 102.333333, 2.127036, 0.459283, 1.231270, 1.732899
 107.000000, 2.672897, 0.498442, 1.205607, 1.747664
 106.666667, 2.081250, 0.400000, 1.162500, 1.606250
 102.333333, 2.130293, 0.423453, 1.374593, 1.872964
 112.000000, 2.178571, 0.395833, 1.366071, 1.806548
 112.333333, 2.403561, 0.465875, 1.151335, 1.673591
 101.666667, 2.022951, 0.367213, 1.281967, 1.698361
 103.333333, 2.167742, 0.429032, 1.451613, 1.922581
 89.666667, 1.855019, 0.535316, 1.446097, 2.026022
 100.000000, 2.233333, 0.446667, 1.293333, 1.783333
 108.000000, 2.070988, 0.435185, 1.117284, 1.608025
 105.000000, 2.479365, 0.488889, 1.311111, 1.850794
 91.333333, 2.145985, 0.481752, 1.160584, 1.689781
 89.333333, 2.014925, 0.417910, 1.272388, 1.735075
 108.000000, 2.839506, 0.413580, 1.216049, 1.675926
 120.333333, 1.814404, 0.434903, 1.335180, 1.817175
14
 0.250000, 6.000000, 59.000000, 3.000000, 67.000000
 96.000000, 2.319444, 0.586806, 1.454861, 2.100694
 88.666667, 2.293233, 0.526316, 1.210526, 1.796992
 104.000000, 2.464744, 0.557692, 1.233974, 1.846154
 88.666667, 2.018797, 0.454887, 1.259398, 1.759398
 109.333333, 2.182927, 0.429878, 1.182927, 1.655488
 115.000000, 2.286957, 0.460870, 1.185507, 1.695652
 116.666667, 2.411429, 0.445714, 1.320000, 1.822857
 115.000000, 2.214493, 0.434783, 1.333333, 1.817391
 101.333333, 1.861842, 0.401316, 1.187500, 1.644737
 102.000000, 1.964052, 0.411765, 1.307190, 1.761438
 107.666667, 2.755418, 0.486068, 1.365325, 1.894737
 99.333333, 2.530201, 0.506711, 1.335570, 1.892617
 107.666667, 1.696594, 0.371517, 1.278638, 1.696594
 115.000000, 1.828986, 0.373913, 1.208696, 1.628986
 90.666667, 1.643382, 0.448529, 1.312500, 1.805147
 99.666667, 2.117057, 0.454849, 1.013378, 1.518395
 100.333333, 2.162791, 0.401993, 1.192691, 1.644518
 102.666667, 2.038961, 0.405844, 1.266234, 1.724026
 126.000000, 2.137566, 0.396825, 1.243386, 1.695767
15
 0.250000, 7.000000, 60.000000, 2.000000, 66.000000
 95.000000, 2.691228, 0.905263, 1.424561, 2.392982
 90.666667, 1.801471, 0.474265, 1.147059, 1.672794
 97.666667, 2.228669, 0.477816, 1.262799, 1.795222
 91.000000, 2.080586, 0.479853, 1.271062, 1.794872
 103.666667, 1.758842, 0.427653, 1.083601, 1.553055
 117.000000, 2.156695, 0.467236, 1.225071, 1.735043
 111.666667, 2.119403, 0.519403, 1.337313, 1.901493
 107.666667, 1.975232, 0.417957, 1.386997, 1.851393
 97.666667, 2.197952, 0.498294, 1.255973, 1.808874
 109.666667, 2.155015, 0.428571, 1.164134, 1.647416
 102.333333, 2.055375, 0.413681, 1.400651, 1.863192
 104.666667, 3.152866, 0.477707, 1.474522, 2.009554
 112.000000, 1.872024, 0.422619, 1.267857, 1.738095
 110.000000, 2.003030, 0.375758, 1.178788, 1.600000
 103.000000, 2.391586, 0.508091, 1.343042, 1.912621
 102.666667, 1.727273, 0.438312, 1.090909, 1.577922
 84.333333, 1.972332, 0.486166, 1.415020, 1.948617
 100.000000, 2.246667, 0.436667, 1.296667, 1.780000
 124.666667, 2.098930, 0.422460, 1.259358, 1.729947
16
 0.250000, 0.000000, 60.000000, 2.000000, 77.000000
 98.333333, 2.603390, 0.552542, 1.281356, 1.891525
 86.666667, 2.338462, 0.469231, 1.230769, 1.746154
 102.666667, 2.025974, 0.490260, 1.292208, 1.824675
 88.666667, 1.582707, 0.436090, 1.221805, 1.714286
 107.666667, 2.099071, 0.430341, 1.142415, 1.619195
 95.333333, 1.881119, 0.419580, 1.262238, 1.723776
 103.666667, 2.083601, 0.463023, 1.237942, 1.752412
 102.666667, 2.006494, 0.438312, 1.211039, 1.694805
 111.000000, 2.756757, 0.513514, 1.144144, 1.705706
 113.333333, 2.747059, 0.391176, 1.144118, 1.576471
 94.666667, 1.721831, 0.415493, 1.271127, 1.757042
 92.000000, 2.115942, 0.485507, 1.365942, 1.902174
 113.000000, 2.197640, 0.342183, 1.256637, 1.651917
 105.333333, 2.297468, 0.515823, 1.183544, 1.746835
 104.666667, 2.544586, 0.461783, 1.229299, 1.735669
 89.000000, 1.992509, 0.509363, 1.112360, 1.666667
 95.333333, 2.695804, 0.482517, 1.146853, 1.671329
 95.666667, 2.268293, 0.411150, 1.257840, 1.714286
 119.000000, 2.022409, 0.400560, 1.257703, 1.703081
17
 0.250000, 7.000000, 60.000000, 1.000000, 66.000000
 94.000000, 2.393617, 0.471631, 1.358156, 1.897163
 86.333333, 2.100386, 0.571429, 1.204633, 1.830116
 99.666667, 2.471572, 0.458194, 1.311037, 1.816054
 94.000000, 1.787234, 0.372340, 1.237589, 1.659574
 97.333333, 1.684932, 0.493151, 1.205479, 1.746575
 111.666667, 1.913433, 0.414925, 1.217910, 1.680597
 101.333333, 2.098684, 0.523026, 1.437500, 2.009868
 122.666667, 2.611413, 0.445652, 1.220109, 1.709239
 103.333333, 2.393548, 0.474194, 1.177419, 1.693548
 107.333333, 2.071429, 0.400621, 1.208075, 1.661491
 102.333333, 2.241042, 0.501629, 1.250814, 1.798046
 101.000000, 2.693069, 0.495050, 1.280528, 1.825083
 111.666667, 1.859701, 0.391045, 1.379104, 1.817910
 107.666667, 2.040248, 0.386997, 1.136223, 1.569659
 108.666667, 2.788344, 0.650307, 1.180982, 1.874233
 109.666667, 3.054711, 0.516717, 1.027356, 1.589666
 91.000000, 2.161172, 0.417582, 1.355311, 1.824176
 99.666667, 1.986622, 0.397993, 1.163880, 1.615385
 125.666667, 2.100796, 0.416446, 1.315650, 1.774536
18
 0.250000, 6.000000, 60.000000, 1.000000, 66.000000
 94.666667, 2.806338, 0.549296, 1.419014, 2.045775
 94.666667, 2.207746, 0.503521, 1.140845, 1.693662
 105.333333, 2.053797, 0.569620, 1.183544, 1.794304
 95.333333, 1.842657, 0.423077, 1.167832, 1.636364
 103.666667, 1.964630, 0.446945, 1.115756, 1.610932
 111.000000, 2.135135, 0.390390, 1.282282, 1.729730
 111.333333, 2.571856, 0.482036, 1.299401, 1.826347
 108.333333, 2.409231, 0.409231, 1.353846, 1.806154
 108.333333, 2.516923, 0.467692, 1.196923, 1.710769
 105.666667, 2.075710, 0.441640, 1.302839, 1.794953
 99.000000, 2.084175, 0.447811, 1.346801, 1.845118
 87.000000, 2.720307, 0.582375, 1.344828, 1.984674
 106.333333, 2.285266, 0.420063, 1.307210, 1.783699
 110.333333, 1.996979, 0.398792, 1.214502, 1.658610
 102.333333, 2.416938, 0.661238, 1.241042, 1.947883
 105.333333, 2.098101, 0.408228, 1.041139, 1.493671
 99.000000, 2.811448, 0.451178, 1.279461, 1.777778
 106.666667, 2.259375, 0.421875, 1.181250, 1.653125
 122.333333, 2.057221, 0.392371, 1.171662, 1.607629
19
 0.250000, 5.000000, 60.000000, 1.000000, 66.000000
 94.333333, 2.491166, 0.565371, 1.268551, 1.893993
 95.000000, 2.214035, 0.498246, 1.175439, 1.719298
 99.000000, 2.265993, 0.484848, 1.215488, 1.750842
 99.666667, 1.979933, 0.421405, 1.193980, 1.662207
 99.000000, 2.131313, 0.461279, 1.188552, 1.693603
 92.333333, 2.083032, 0.400722, 1.241877, 1.685921
 94.000000, 1.797872, 0.485816, 1.500000, 2.031915
 104.000000, 1.875000, 0.423077, 1.166667, 1.637821
 108.666667, 2.453988, 0.472393, 1.141104, 1.659509
 106.333333, 2.090909, 0.416928, 1.141066, 1.608150
 91.666667, 1.832727, 0.381818, 1.392727, 1.829091
 108.666667, 2.751534, 0.524540, 1.380368, 1.957055
 116.333333, 2.283668, 0.406877, 1.263610, 1.713467
 103.000000, 1.750809, 0.365696, 1.194175, 1.605178
 99.333333, 2.114094, 0.476510, 1.291946, 1.812081
 105.666667, 2.410095, 0.498423, 1.100946, 1.646688
 97.666667, 2.477816, 0.498294, 1.269625, 1.819113
 90.000000, 1.788889, 0.359259, 1.311111, 1.718519
 121.666667, 2.060274, 0.430137, 1.342466, 1.816438
20
 0.250000, 7.000000, 60.000000, 1.000000, 66.000000
 95.000000, 2.877193, 0.543860, 1.364912, 1.978947
 91.666667, 2.527273, 0.480000, 1.163636, 1.694545
 95.333333, 1.772727, 0.503497, 1.258741, 1.811189
 99.000000, 2.784512, 0.481481, 1.191919, 1.720539
 106.000000, 1.977987, 0.418239, 1.128931, 1.594340
 99.666667, 2.434783, 0.471572, 1.287625, 1.809365
 106.333333, 2.034483, 0.423197, 1.351097, 1.821317
 116.666667, 2.465714, 0.422857, 1.300000, 1.762857
 103.333333, 2.329032, 0.461290, 1.219355, 1.729032
 106.333333, 1.962382, 0.445141, 1.326019, 1.815047
 108.333333, 2.458462, 0.433846, 1.264615, 1.744615
 100.000000, 2.580000, 0.483333, 1.273333, 1.803333
 116.000000, 2.623563, 0.491379, 1.350575, 1.896552
 107.666667, 1.777090, 0.442724, 1.294118, 1.798762
 96.333333, 1.989619, 0.491349, 1.262976, 1.802768
 99.666667, 1.936455, 0.451505, 1.197324, 1.695652
 93.333333, 2.414286, 0.478571, 1.139286, 1.671429
 97.666667, 2.109215, 0.409556, 1.313993, 1.771331
 126.333333, 2.248021, 0.432718, 1.263852, 1.751979
21
 0.250000, 0.000000, 60.000000, 0.000000, 77.000000
 104.666667, 2.509554, 0.560510, 1.328025, 1.977707
 88.000000, 1.954545, 0.481061, 1.318182, 1.844697
 96.333333, 2.020761, 0.508651, 1.339100, 1.903114
 97.333333, 1.989726, 0.452055, 1.202055, 1.705479
 100.000000, 2.386667, 0.443333, 1.123333, 1.616667
 115.000000, 2.208696, 0.400000, 1.197101, 1.646377
 113.333333, 2.179412, 0.455882, 1.344118, 1.841176
 118.000000, 2.384181, 0.418079, 1.127119, 1.596045
 113.000000, 2.539823, 0.492625, 1.115044, 1.660767
 108.333333, 1.889231, 0.427692, 1.267692, 1.750769
 103.666667, 2.758842, 0.482315, 1.321543, 1.861736
 100.333333, 3.122924, 0.541528, 1.252492, 1.843854
 124.666667, 2.328877, 0.390374, 1.254011, 1.689840
 109.666667, 1.717325, 0.376900, 1.161094, 1.583587
 94.000000, 2.599291, 0.620567, 1.336879, 2.007092
 103.000000, 2.563107, 0.485437, 1.110032, 1.653722
 89.666667, 2.200743, 0.550186, 1.282528, 1.892193
 93.666667, 2.056940, 0.391459, 1.181495, 1.626335
 125.666667, 2.421751, 0.450928, 1.320955, 1.822281
22
 0.250000, 0.000000, 62.000000, 0.000000, 76.000000
 98.000000, 2.772109, 0.622449, 1.302721, 1.976190
 101.666667, 2.508197, 0.459016, 1.160656, 1.672131
 101.000000, 2.000000, 0.534653, 1.254125, 1.854785
 98.666667, 2.003378, 0.418919, 1.162162, 1.621622
 109.666667, 1.984802, 0.376900, 1.054711, 1.480243
 101.000000, 1.894389, 0.419142, 1.217822, 1.683168
 107.333333, 2.204969, 0.462733, 1.257764, 1.763975
 116.000000, 2.089080, 0.439655, 1.272989, 1.761494
 102.333333, 2.462541, 0.498371, 1.234528, 1.781759
 101.333333, 1.838816, 0.440789, 1.266447, 1.756579
 96.666667, 2.334483, 0.544828, 1.465517, 2.055172
 105.000000, 2.923810, 0.488889, 1.276190, 1.822222
 115.333333, 2.248555, 0.419075, 1.104046, 1.569364
 104.666667, 2.095541, 0.468153, 1.251592, 1.770701
 91.666667, 2.050909, 0.472727, 1.334545, 1.854545
 112.666667, 2.479290, 0.426036, 1.029586, 1.502959
 102.666667, 2.451299, 0.412338, 1.194805, 1.665584
 96.666667, 2.058621, 0.351724, 1.162069, 1.582759
 116.666667, 1.682857, 0.445714, 1.328571, 1.825714
23
 0.250000, 0.000000, 64.000000, 0.000000, 76.000000
 93.666667, 2.298932, 0.572954, 1.306050, 1.957295
 97.000000, 2.360825, 0.560137, 1.168385, 1.776632
 98.000000, 2.146259, 0.482993, 1.207483, 1.748299
 96.000000, 2.142361, 0.427083, 1.184028, 1.666667
 111.000000, 2.414414, 0.486486, 1.132132, 1.672673
 114.000000, 2.216374, 0.453216, 1.225146, 1.733918
 104.333333, 2.226837, 0.479233, 1.357827, 1.894569
 106.666667, 2.009375, 0.412500, 1.281250, 1.743750
 110.000000, 2.600000, 0.500000, 1.160606, 1.703030
 105.666667, 1.990536, 0.429022, 1.296530, 1.776025
 102.666667, 1.961039, 0.493506, 1.422078, 1.961039
 100.000000, 2.410000, 0.546667, 1.400000, 1.993333
 119.333333, 2.217877, 0.354749, 1.265363, 1.664804
 108.333333, 1.883077, 0.400000, 1.209231, 1.649231
 95.333333, 2.010490, 0.479021, 1.258741, 1.783217
 101.333333, 1.907895, 0.424342, 1.161184, 1.641447
 92.000000, 2.152174, 0.500000, 1.202899, 1.757246
 84.000000, 1.607143, 0.400794, 1.361111, 1.833333
 113.000000, 2.188791, 0.415929, 1.321534, 1.781711
24
 0.250000, 0.000000, 65.000000, 8.000000, 75.000000
 107.666667, 2.941176, 0.597523, 1.359133, 2.012384
 91.333333, 2.386861, 0.554745, 1.306569, 1.908759
 105.666667, 2.309148, 0.495268, 1.167192, 1.703470
 98.666667, 1.962838, 0.402027, 1.226351, 1.675676
 110.333333, 2.897281, 0.501511, 1.193353, 1.737160
 104.666667, 1.748408, 0.385350, 1.203822, 1.633758
 108.333333, 2.298462, 0.473846, 1.338462, 1.855385
 105.000000, 2.263492, 0.428571, 1.263492, 1.742857
 101.666667, 2.347541, 0.488525, 1.252459, 1.806557
 107.333333, 2.083851, 0.459627, 1.257764, 1.763975
 96.666667, 2.227586, 0.406897, 1.327586, 1.782759
 99.000000, 2.643098, 0.505051, 1.336700, 1.898990
 114.000000, 2.076023, 0.464912, 1.213450, 1.742690
 102.333333, 1.713355, 0.423453, 1.250814, 1.719870
 101.000000, 2.042904, 0.617162, 1.313531, 1.976898
 106.333333, 2.761755, 0.605016, 1.065831, 1.724138
 97.666667, 2.344710, 0.511945, 1.273038, 1.825939
 90.666667, 1.852941, 0.378676, 1.283088, 1.705882
 118.000000, 2.299435, 0.423729, 1.370056, 1.836158
25
 0.250000, 0.000000, 65.000000, 1.000000, 77.000000
 86.000000, 2.445736, 0.457364, 1.364341, 1.872093
 97.000000, 3.154639, 0.553265, 1.113402, 1.725086
 97.666667, 1.965870, 0.477816, 1.266212, 1.795222
 96.333333, 2.062284, 0.404844, 1.211073, 1.660900
 106.000000, 2.201258, 0.443396, 1.191824, 1.676101
 103.333333, 2.032258, 0.441935, 1.241935, 1.732258
 95.000000, 1.814035, 0.417544, 1.354386, 1.821053
 114.333333, 2.539359, 0.460641, 1.198251, 1.714286
 108.000000, 2.611111, 0.503086, 1.157407, 1.706790
 105.666667, 2.006309, 0.473186, 1.246057, 1.769716
 102.666667, 1.902597, 0.422078, 1.373377, 1.844156
 107.000000, 2.591900, 0.495327, 1.308411, 1.853583
 98.666667, 1.662162, 0.425676, 1.250000, 1.722973
 98.000000, 1.503401, 0.367347, 1.234694, 1.646259
 104.666667, 2.464968, 0.522293, 1.216561, 1.786624
 106.666667, 2.643750, 0.490625, 1.134375, 1.671875
 96.333333, 2.525952, 0.536332, 1.228374, 1.820069
 101.666667, 2.357377, 0.373770, 1.180328, 1.603279
 121.000000, 2.088154, 0.440771, 1.261708, 1.743802
26
 0.250000, 0.000000, 65.000000, 1.000000, 76.000000
 101.666667, 3.144262, 0.662295, 1.357377, 2.098361
 92.666667, 2.687050, 0.464029, 1.226619, 1.737410
 101.000000, 2.396040, 0.485149, 1.293729, 1.834983
 94.333333, 1.872792, 0.452297, 1.247350, 1.745583
 109.000000, 2.525994, 0.474006, 1.149847, 1.669725
 110.666667, 2.246988, 0.448795, 1.201807, 1.689759
 114.333333, 2.043732, 0.553936, 1.239067, 1.836735
 121.333333, 2.054945, 0.384615, 1.203297, 1.634615
 99.666667, 2.685619, 0.525084, 1.170569, 1.742475
 109.000000, 2.700306, 0.464832, 1.223242, 1.733945
 107.333333, 2.059006, 0.459627, 1.350932, 1.857143
 89.333333, 2.585821, 0.500000, 1.395522, 1.951493
 109.333333, 1.935976, 0.445122, 1.335366, 1.826220
 102.333333, 2.250814, 0.377850, 1.214984, 1.644951
 88.000000, 2.231061, 0.492424, 1.268939, 1.821970
 96.666667, 2.231034, 0.479310, 1.241379, 1.782759
 96.333333, 2.474048, 0.470588, 1.204152, 1.733564
 91.333333, 1.912409, 0.397810, 1.164234, 1.605839
 121.000000, 2.096419, 0.449036, 1.303030, 1.796143
27
 0.250000, 0.000000, 65.000000, 1.000000, 77.000000
 93.333333, 2.750000, 0.610714, 1.317857, 1.978571
 106.333333, 2.789969, 0.523511, 1.203762, 1.771160
 110.666667, 1.813253, 0.451807, 1.234940, 1.731928
 91.333333, 2.069343, 0.510949, 1.226277, 1.781022
 96.000000, 1.975694, 0.402778, 1.260417, 1.711806
 91.666667, 1.472727, 0.425455, 1.152727, 1.625455
 105.666667, 2.305994, 0.454259, 1.375394, 1.873817
 106.666667, 1.762500, 0.384375, 1.287500, 1.718750
 100.333333, 2.119601, 0.501661, 1.149502, 1.697674
 109.333333, 2.070122, 0.463415, 1.317073, 1.829268
 112.333333, 2.160237, 0.382789, 1.341246, 1.768546
 105.333333, 2.579114, 0.518987, 1.319620, 1.892405
 105.666667, 1.876972, 0.375394, 1.176656, 1.605678
 104.000000, 1.445513, 0.407051, 1.205128, 1.653846
 99.000000, 2.292929, 0.430976, 1.282828, 1.764310
 94.666667, 2.098592, 0.419014, 1.102113, 1.570423
 91.000000, 2.402930, 0.494505, 1.362637, 1.912088
 103.000000, 2.349515, 0.365696, 1.197411, 1.611650
 116.333333, 2.386819, 0.438395, 1.395415, 1.879656
28
 0.250000, 0.000000, 66.000000, 0.000000, 75.000000
 105.666667, 2.927445, 0.589905, 1.305994, 1.952681
 93.666667, 3.199288, 0.519573, 1.188612, 1.754448
 101.333333, 2.615132, 0.532895, 1.194079, 1.779605
 95.000000, 1.880702, 0.466667, 1.168421, 1.687719
 104.666667, 2.222930, 0.493631, 1.184713, 1.719745
 106.333333, 1.971787, 0.454545, 1.247649, 1.752351
 106.333333, 2.106583, 0.498433, 1.257053, 1.811912
 113.333333, 2.214706, 0.397059, 1.344118, 1.788235
 101.000000, 2.254125, 0.564356, 1.145215, 1.759076
 104.666667, 2.085987, 0.420382, 1.273885, 1.745223
 115.000000, 2.689855, 0.472464, 1.173913, 1.689855
 103.333333, 2.709677, 0.509677, 1.412903, 1.970968
 112.333333, 2.172107, 0.445104, 1.290801, 1.786350
 117.000000, 2.113960, 0.387464, 1.162393, 1.592593
 99.666667, 2.127090, 0.471572, 1.207358, 1.725753
 104.333333, 2.287540, 0.456869, 1.137380, 1.642173
 94.666667, 2.154930, 0.426056, 1.267606, 1.746479
 98.666667, 2.206081, 0.385135, 1.202703, 1.635135
 121.333333, 2.274725, 0.456044, 1.332418, 1.832418
29
 0.250000, 0.000000, 16.000000, 0.000000, 20.000000
 96.000000, 2.583333, 0.506944, 1.263889, 1.840278
 100.333333, 3.066445, 0.458472, 1.242525, 1.750831
 106.000000, 2.933962, 0.515723, 1.207547, 1.776730
 110.666667, 3.216867, 0.677711, 1.210843, 1.933735
 104.666667, 2.165605, 0.445860, 1.159236, 1.649682
 98.666667, 2.067568, 0.459459, 1.277027, 1.797297
 98.666667, 1.908784, 0.483108, 1.361486, 1.902027
 114.666667, 2.438953, 0.438953, 1.322674, 1.805233
 106.000000, 2.487421, 0.484277, 1.172956, 1.704403
 104.666667, 2.257962, 0.477707, 1.261146, 1.796178
 108.333333, 2.215385, 0.390769, 1.335385, 1.769231
 102.333333, 3.052117, 0.550489, 1.273616, 1.869707
 116.666667, 2.145714, 0.440000, 1.154286, 1.640000
 112.333333, 2.169139, 0.430267, 1.287834, 1.780415
 98.000000, 2.285714, 0.442177, 1.214286, 1.704082
 100.666667, 1.894040, 0.549669, 1.139073, 1.751656
 102.333333, 2.338762, 0.459283, 1.205212, 1.723127
 95.000000, 2.091228, 0.371930, 1.168421, 1.596491
 115.666667, 2.377522, 0.446686, 1.325648, 1.827089
30
 0.250000, 0.000000, 7.000000, 1.000000, 9.000000
 104.333333, 2.849840, 0.536741, 1.373802, 1.964856
 90.333333, 2.383764, 0.483395, 1.232472, 1.771218
 92.666667, 1.931655, 0.485612, 1.176259, 1.708633
 90.666667, 1.915441, 0.430147, 1.261029, 1.750000
 101.333333, 2.049342, 0.388158, 1.184211, 1.615132
 103.666667, 1.871383, 0.456592, 1.170418, 1.668810
 109.333333, 2.228659, 0.481707, 1.335366, 1.865854
 120.666667, 2.417127, 0.400552, 1.243094, 1.709945
 100.666667, 2.311258, 0.443709, 1.089404, 1.592715
 115.000000, 2.428986, 0.475362, 1.205797, 1.733333
 95.666667, 1.526132, 0.428571, 1.473868, 1.944251
 95.000000, 2.333333, 0.456140, 1.400000, 1.898246
 107.333333, 2.496894, 0.444099, 1.276398, 1.767081
 107.000000, 1.669782, 0.395639, 1.233645, 1.676012
 102.333333, 2.087948, 0.469055, 1.208469, 1.723127
 106.333333, 2.078370, 0.448276, 1.153605, 1.648903
 95.000000, 2.456140, 0.466667, 1.245614, 1.754386
 97.000000, 2.044674, 0.419244, 1.127148, 1.591065
 112.666667, 2.248521, 0.476331, 1.378698, 1.905325
31
 0.250000, 0.000000, 7.000000, 1.000000, 9.000000
 89.333333, 2.134328, 0.485075, 1.373134, 1.929104
 97.666667, 2.617747, 0.464164, 1.211604, 1.737201
 105.333333, 2.506329, 0.474684, 1.215190, 1.746835
 97.333333, 2.397260, 0.479452, 1.332192, 1.856164
 106.666667, 2.046875, 0.456250, 1.115625, 1.615625
 110.333333, 1.903323, 0.416918, 1.253776, 1.712991
 102.000000, 2.254902, 0.493464, 1.375817, 1.931373
 114.666667, 2.430233, 0.409884, 1.299419, 1.755814
 108.333333, 2.581538, 0.476923, 1.123077, 1.655385
 111.666667, 1.883582, 0.408955, 1.220896, 1.674627
 99.000000, 2.276094, 0.609428, 1.471380, 2.144781
 92.333333, 2.212996, 0.469314, 1.472924, 2.000000
 112.666667, 2.008876, 0.420118, 1.375740, 1.840237
 100.000000, 1.743333, 0.380000, 1.273333, 1.703333
 100.000000, 2.653333, 0.503333, 1.276667, 1.823333
 100.666667, 2.251656, 0.490066, 1.056291, 1.592715
 85.666667, 2.143969, 0.474708, 1.287938, 1.809339
 95.000000, 2.024561, 0.385965, 1.210526, 1.642105
 121.000000, 1.826446, 0.391185, 1.297521, 1.735537
32
 0.250000, 0.000000, 3.000000, 4.000000, 20.000000
 99.333333, 2.620805, 0.563758, 1.328859, 1.956376
 99.000000, 2.740741, 0.468013, 1.313131, 1.831650
 99.000000, 2.205387, 0.491582, 1.313131, 1.848485
 94.000000, 1.886525, 0.489362, 1.202128, 1.748227
 110.333333, 1.933535, 0.404834, 1.172205, 1.622356
 110.333333, 2.299094, 0.477341, 1.277946, 1.800604
 103.000000, 2.207120, 0.478964, 1.343042, 1.867314
 102.000000, 1.702614, 0.428105, 1.232026, 1.712418
 99.666667, 2.311037, 0.491639, 1.254181, 1.792642
 102.000000, 2.307190, 0.408497, 1.186275, 1.643791
 107.000000, 2.127726, 0.420561, 1.414330, 1.884735
 91.000000, 2.091575, 0.498168, 1.490842, 2.051282
 110.333333, 1.954683, 0.377644, 1.163142, 1.589124
 105.000000, 1.711111, 0.384127, 1.177778, 1.615873
 98.666667, 2.243243, 0.476351, 1.199324, 1.722973
 104.333333, 2.060703, 0.453674, 1.169329, 1.686901
 98.000000, 2.299320, 0.391156, 1.190476, 1.632653
 96.333333, 1.875433, 0.415225, 1.173010, 1.629758
 114.333333, 2.591837, 0.481050, 1.233236, 1.763848
33
 0.250000, 0.000000, 1.000000, 4.000000, 6.000000
 96.000000, 2.791667, 0.715278, 1.409722, 2.177083
 98.000000, 2.612245, 0.489796, 1.227891, 1.785714
 96.333333, 2.072664, 0.550173, 1.287197, 1.885813
 97.333333, 2.034247, 0.465753, 1.157534, 1.681507
 122.000000, 2.390710, 0.469945, 1.185792, 1.699454
 100.333333, 1.813953, 0.421927, 1.299003, 1.764120
 98.000000, 1.707483, 0.428571, 1.476190, 1.962585
 114.666667, 2.409884, 0.418605, 1.209302, 1.674419
 103.000000, 2.391586, 0.504854, 1.148867, 1.702265
 99.333333, 1.691275, 0.389262, 1.238255, 1.667785
 104.666667, 2.127389, 0.372611, 1.219745, 1.636943
 102.333333, 2.872964, 0.527687, 1.514658, 2.114007
 109.666667, 1.872340, 0.434650, 1.224924, 1.702128
 108.666667, 1.846626, 0.377301, 1.180982, 1.604294
 99.000000, 2.841751, 0.531987, 1.329966, 1.922559
 99.000000, 2.356902, 0.430976, 1.168350, 1.659933
 96.000000, 2.739583, 0.565972, 1.184028, 1.802083
 87.666667, 2.174905, 0.429658, 1.315589, 1.798479
 104.000000, 2.195513, 0.480769, 1.384615, 1.926282
34
 0.250000, 5.000000, 0.000000, 1.000000, 1.000000
 97.333333, 3.020548, 0.558219, 1.304795, 1.917808
 96.666667, 2.634483, 0.531034, 1.172414, 1.751724
 103.666667, 2.186495, 0.440514, 1.257235, 1.745981
 100.333333, 2.239203, 0.498339, 1.305648, 1.857143
 105.666667, 1.943218, 0.422713, 1.192429, 1.675079
 111.666667, 2.292537, 0.441791, 1.217910, 1.704478
 117.000000, 2.458689, 0.430199, 1.330484, 1.806268
 107.000000, 1.872274, 0.401869, 1.339564, 1.791277
 103.000000, 2.478964, 0.475728, 1.122977, 1.640777
 102.333333, 2.192182, 0.495114, 1.221498, 1.762215
 98.666667, 1.871622, 0.402027, 1.324324, 1.773649
 101.666667, 2.672131, 0.465574, 1.354098, 1.872131
 120.333333, 2.033241, 0.390582, 1.235457, 1.673130
 106.000000, 1.927673, 0.421384, 1.163522, 1.632075
 107.000000, 2.208723, 0.420561, 1.146417, 1.619938
 99.000000, 2.080808, 0.478114, 1.117845, 1.646465
 84.333333, 2.075099, 0.446640, 1.229249, 1.723320
 96.666667, 1.834483, 0.358621, 1.144828, 1.551724
 117.333333, 2.144886, 0.448864, 1.357955, 1.857955
35
 0.250000, 5.000000, 0.000000, 0.000000, 1.000000
 100.333333, 2.727575, 0.534884, 1.342193, 1.930233
 100.333333, 2.478405, 0.488372, 1.179402, 1.714286
 99.666667, 2.200669, 0.531773, 1.150502, 1.729097
 90.666667, 1.974265, 0.441176, 1.294118, 1.779412
 99.666667, 1.859532, 0.414716, 1.240803, 1.702341
 102.000000, 2.196078, 0.477124, 1.330065, 1.856209
 111.666667, 2.426866, 0.465672, 1.280597, 1.791045
 105.666667, 1.659306, 0.438486, 1.312303, 1.807571
 95.666667, 2.317073, 0.508711, 1.233449, 1.790941
 101.000000, 1.973597, 0.412541, 1.306931, 1.768977
 106.666667, 2.359375, 0.506250, 1.375000, 1.928125
 95.333333, 2.440559, 0.423077, 1.461538, 1.947552
 116.666667, 2.451429, 0.485714, 1.297143, 1.831429
 107.666667, 2.402477, 0.405573, 1.232198, 1.690402
 100.000000, 2.590000, 0.506667, 1.273333, 1.833333
 94.333333, 1.929329, 0.427562, 1.151943, 1.618375
 91.666667, 2.498182, 0.454545, 1.320000, 1.821818
 99.333333, 2.201342, 0.362416, 1.328859, 1.755034
 116.000000, 2.129310, 0.387931, 1.353448, 1.781609
36
 0.250000, 3.000000, 0.000000, 0.000000, 1.000000
 105.666667, 2.558360, 0.615142, 1.321767, 1.993691
 94.000000, 2.326241, 0.468085, 1.315603, 1.843972
 90.000000, 2.281481, 0.514815, 1.296296, 1.881481
 92.666667, 1.949640, 0.517986, 1.384892, 1.953237
 103.000000, 2.093851, 0.423948, 1.294498, 1.776699
 110.000000, 2.181818, 0.436364, 1.196970, 1.687879
 105.333333, 2.344937, 0.522152, 1.360759, 1.949367
 105.333333, 1.759494, 0.392405, 1.335443, 1.781646
 96.666667, 2.410345, 0.451724, 1.324138, 1.824138
 105.333333, 2.202532, 0.462025, 1.189873, 1.696203
 98.000000, 1.727891, 0.391156, 1.459184, 1.891156
 90.333333, 2.287823, 0.464945, 1.450185, 1.966790
 113.333333, 2.155882, 0.470588, 1.161765, 1.673529
 94.333333, 1.618375, 0.395760, 1.180212, 1.625442
 98.333333, 2.155932, 0.498305, 1.332203, 1.874576
 102.666667, 2.542208, 0.522727, 1.152597, 1.733766
 98.666667, 1.993243, 0.432432, 1.222973, 1.716216
 93.000000, 2.430108, 0.415771, 1.182796, 1.641577
 122.000000, 2.040984, 0.453552, 1.322404, 1.816940
37
 0.250000, 0.000000, 0.000000, 1.000000, 1.000000
 96.333333, 2.346021, 0.529412, 1.470588, 2.065744
 92.333333, 2.577617, 0.581227, 1.292419, 1.924188
 106.333333, 1.915361, 0.423197, 1.169279, 1.639498
 102.666667, 1.685065, 0.409091, 1.126623, 1.587662
 97.666667, 1.887372, 0.436860, 1.170648, 1.662116
 108.000000, 1.962963, 0.453704, 1.169753, 1.666667
 100.000000, 2.153333, 0.586667, 1.396667, 2.063333
 110.666667, 2.168675, 0.388554, 1.358434, 1.792169
 103.000000, 2.294498, 0.530744, 1.158576, 1.737864
 111.000000, 2.360360, 0.432432, 1.282282, 1.756757
 107.000000, 2.342679, 0.492212, 1.370717, 1.906542
 96.000000, 2.892361, 0.503472, 1.388889, 1.940972
 100.000000, 2.103333, 0.436667, 1.356667, 1.843333
 109.333333, 1.817073, 0.384146, 1.176829, 1.606707
 105.000000, 2.431746, 0.606349, 1.384127, 2.038095
 97.666667, 2.006826, 0.481229, 1.194539, 1.723549
 93.333333, 1.846429, 0.414286, 1.214286, 1.675000
 96.333333, 2.041522, 0.377163, 1.166090, 1.588235
 120.333333, 2.207756, 0.429363, 1.274238, 1.764543
38
 0.250000, 0.000000, 0.000000, 1.000000, 2.000000
 93.666667, 2.473310, 0.548043, 1.359431, 1.964413
 98.333333, 2.488136, 0.440678, 1.322034, 1.810169
 97.666667, 2.040956, 0.498294, 1.317406, 1.866894
 93.333333, 2.142857, 0.396429, 1.207143, 1.650000
 106.333333, 2.354232, 0.460815, 1.304075, 1.811912
 111.333333, 2.188623, 0.428144, 1.353293, 1.826347
 106.666667, 2.387500, 0.468750, 1.237500, 1.756250
 102.333333, 1.742671, 0.407166, 1.273616, 1.723127
 102.000000, 2.156863, 0.450980, 1.222222, 1.728758
 101.666667, 2.013115, 0.459016, 1.216393, 1.734426
 102.000000, 2.150327, 0.408497, 1.346405, 1.800654
 91.000000, 2.234432, 0.479853, 1.472527, 2.003663
 114.666667, 1.979651, 0.372093, 1.383721, 1.802326
 107.000000, 1.760125, 0.395639, 1.218069, 1.666667
 96.000000, 2.225694, 0.583333, 1.361111, 2.010417
 97.000000, 2.065292, 0.439863, 1.085911, 1.573883
 98.666667, 2.439189, 0.537162, 1.297297, 1.881757
 93.000000, 1.831541, 0.383513, 1.358423, 1.799283
 104.666667, 1.792994, 0.433121, 1.356688, 1.840764
39
 0.250000, 0.000000, 0.000000, 11.000000, 11.000000
 100.000000, 2.573333, 0.576667, 1.243333, 1.873333
 99.000000, 2.808081, 0.545455, 1.269360, 1.865320
 94.000000, 1.957447, 0.489362, 1.312057, 1.847518
 98.000000, 1.972789, 0.414966, 1.316327, 1.778912
 104.666667, 2.050955, 0.426752, 1.168790, 1.652866
 95.333333, 1.793706, 0.486014, 1.223776, 1.751748
 116.000000, 2.431034, 0.456897, 1.218391, 1.721264
 108.333333, 1.956923, 0.403077, 1.215385, 1.680000
 101.333333, 1.967105, 0.463816, 1.128289, 1.641447
 109.666667, 2.185410, 0.413374, 1.194529, 1.653495
 110.333333, 2.078550, 0.383686, 1.247734, 1.676737
 100.666667, 2.652318, 0.490066, 1.301325, 1.844371
 114.000000, 2.005848, 0.450292, 1.356725, 1.853801
 106.666667, 2.178125, 0.390625, 1.181250, 1.621875
 95.000000, 2.122807, 0.484211, 1.284211, 1.821053
 96.000000, 2.024306, 0.454861, 1.187500, 1.694444
 94.666667, 2.352113, 0.464789, 1.281690, 1.813380
 91.000000, 1.520147, 0.388278, 1.142857, 1.589744
 121.000000, 1.947658, 0.385675, 1.352617, 1.787879
40
 0.250000, 0.000000, 1.000000, 1.000000, 3.000000
 91.666667, 2.443636, 0.574545, 1.396364, 2.032727
 95.000000, 2.326316, 0.554386, 1.277193, 1.873684
 96.000000, 2.375000, 0.548611, 1.253472, 1.847222
 90.333333, 2.110701, 0.405904, 1.221402, 1.678967
 100.333333, 1.687708, 0.398671, 1.215947, 1.674419
 109.666667, 2.006079, 0.431611, 1.246201, 1.720365
 109.000000, 2.348624, 0.431193, 1.293578, 1.779817
 104.666667, 1.910828, 0.464968, 1.334395, 1.859873
 106.000000, 2.534591, 0.465409, 1.106918, 1.625786
 105.666667, 2.214511, 0.413249, 1.305994, 1.766562
 106.666667, 2.134375, 0.387500, 1.265625, 1.700000
 96.000000, 2.236111, 0.510417, 1.295139, 1.861111
 116.333333, 2.048711, 0.340974, 1.120344, 1.501433
 106.000000, 2.336478, 0.446541, 1.128931, 1.622642
 93.333333, 1.728571, 0.525000, 1.260714, 1.839286
 104.000000, 2.243590, 0.506410, 1.118590, 1.673077
 103.333333, 2.367742, 0.477419, 1.241935, 1.774194
 98.666667, 2.415541, 0.388514, 1.125000, 1.557432
 113.333333, 1.935294, 0.420588, 1.223529, 1.685294
41
 0.250000, 2.000000, 0.000000, 2.000000, 3.000000
 97.666667, 2.825939, 0.515358, 1.375427, 1.952218
 84.000000, 1.750000, 0.511905, 1.333333, 1.888889
 107.666667, 2.136223, 0.452012, 1.207430, 1.708978
 101.000000, 2.082508, 0.471947, 1.148515, 1.663366
 112.666667, 2.213018, 0.476331, 1.183432, 1.704142
 102.000000, 1.843137, 0.385621, 1.267974, 1.699346
 106.666667, 2.425000, 0.521875, 1.287500, 1.859375
 119.000000, 2.316527, 0.439776, 1.238095, 1.722689
 107.000000, 2.327103, 0.445483, 1.065421, 1.554517
 115.333333, 2.257225, 0.427746, 1.199422, 1.670520
 106.333333, 2.260188, 0.435737, 1.247649, 1.730408
 107.333333, 2.714286, 0.537267, 1.375776, 1.965839
 116.000000, 2.566092, 0.402299, 1.189655, 1.632184
 121.333333, 2.497253, 0.412088, 1.137363, 1.593407
 102.666667, 2.301948, 0.551948, 1.337662, 1.948052
 105.000000, 2.031746, 0.482540, 1.107937, 1.634921
 92.666667, 2.482014, 0.571942, 1.334532, 1.949640
 98.333333, 2.081356, 0.359322, 1.315254, 1.722034
 118.000000, 2.135593, 0.440678, 1.338983, 1.827684
42
 0.250000, 0.000000, 0.000000, 0.000000, 2.000000
 94.666667, 2.408451, 0.538732, 1.478873, 2.109155
 92.333333, 2.765343, 0.534296, 1.296029, 1.884477
 99.000000, 2.585859, 0.521886, 1.242424, 1.831650
 97.666667, 2.375427, 0.511945, 1.252560, 1.825939
 114.666667, 2.741279, 0.473837, 1.130814, 1.651163
 105.666667, 2.107256, 0.422713, 1.236593, 1.706625
 118.000000, 2.935028, 0.576271, 1.271186, 1.895480
 109.666667, 2.124620, 0.395137, 1.218845, 1.656535
 107.000000, 2.766355, 0.504673, 1.149533, 1.700935
 98.333333, 2.023729, 0.400000, 1.196610, 1.647458
 100.000000, 2.033333, 0.426667, 1.306667, 1.786667
 104.000000, 2.599359, 0.500000, 1.362179, 1.926282
 113.000000, 2.578171, 0.522124, 1.271386, 1.837758
 100.666667, 1.937086, 0.400662, 1.178808, 1.625828
 97.666667, 2.549488, 0.484642, 1.303754, 1.843003
 97.666667, 2.327645, 0.546075, 1.105802, 1.699659
 91.000000, 2.527473, 0.402930, 1.241758, 1.692308
 93.333333, 2.064286, 0.421429, 1.039286, 1.514286
 118.000000, 2.059322, 0.406780, 1.302260, 1.757062
43
 0.250000, 1.000000, 0.000000, 0.000000, 1.000000
 98.000000, 2.908163, 0.629252, 1.316327, 2.000000
 102.666667, 2.788961, 0.516234, 1.237013, 1.798701
 93.000000, 2.003584, 0.412186, 1.258065, 1.716846
 92.333333, 2.212996, 0.454874, 1.169675, 1.685921
 100.000000, 1.966667, 0.436667, 1.193333, 1.680000
 108.000000, 2.438272, 0.407407, 1.256173, 1.734568
 109.000000, 2.553517, 0.553517, 1.232416, 1.840979
 109.000000, 1.920489, 0.400612, 1.290520, 1.733945
 122.000000, 2.975410, 0.502732, 1.098361, 1.653005
 105.666667, 2.160883, 0.391167, 1.353312, 1.791798
 111.000000, 1.963964, 0.414414, 1.282282, 1.741742
 97.666667, 2.713311, 0.484642, 1.378840, 1.928328
 116.000000, 2.612069, 0.456897, 1.379310, 1.882184
 104.000000, 1.823718, 0.339744, 1.125000, 1.512821
 102.333333, 2.521173, 0.589577, 1.358306, 1.993485
 102.333333, 2.306189, 0.436482, 1.029316, 1.521173
 95.000000, 2.522807, 0.543860, 1.277193, 1.863158
 92.333333, 2.036101, 0.397112, 1.256318, 1.696751
 110.333333, 2.323263, 0.456193, 1.256798, 1.773414
44
 0.250000, 7.000000, 2.000000, 0.000000, 3.000000
 102.666667, 3.603896, 0.577922, 1.314935, 1.961039
 98.333333, 2.610169, 0.501695, 1.230508, 1.796610
 107.333333, 2.633540, 0.484472, 1.173913, 1.714286
 91.333333, 1.543796, 0.379562, 1.255474, 1.689781
 106.333333, 1.545455, 0.432602, 1.216301, 1.692790
 106.666667, 2.393750, 0.396875, 1.246875, 1.687500
 94.000000, 2.063830, 0.539007, 1.436170, 2.031915
 111.666667, 1.808955, 0.417910, 1.304478, 1.767164
 96.666667, 2.727586, 0.534483, 1.268966, 1.865517
 100.333333, 2.116279, 0.458472, 1.325581, 1.827243
 100.000000, 2.020000, 0.463333, 1.340000, 1.846667
 98.666667, 2.391892, 0.462838, 1.243243, 1.760135
 110.000000, 1.903030, 0.336364, 1.139394, 1.518182
 100.000000, 1.946667, 0.380000, 1.196667, 1.616667
 101.666667, 2.806557, 0.665574, 1.301639, 2.009836
 107.666667, 2.857585, 0.492260, 1.133127, 1.674923
 88.000000, 2.166667, 0.450758, 1.234848, 1.731061
 93.000000, 1.706093, 0.394265, 1.311828, 1.770609
 120.000000, 2.241667, 0.425000, 1.252778, 1.722222
45
 0.250000, 9.000000, 0.000000, 0.000000, 1.000000
 102.333333, 2.996743, 0.612378, 1.325733, 2.000000
 92.000000, 2.586957, 0.547101, 1.286232, 1.902174
 93.666667, 2.306050, 0.476868, 1.274021, 1.800712
 99.000000, 2.276094, 0.494949, 1.198653, 1.740741
 103.333333, 1.870968, 0.477419, 1.283871, 1.803226
 100.000000, 2.340000, 0.473333, 1.296667, 1.836667
 104.333333, 1.910543, 0.517572, 1.293930, 1.853035
 123.333333, 2.272973, 0.400000, 1.205405, 1.651351
 108.666667, 2.634969, 0.506135, 1.239264, 1.791411
 102.000000, 1.702614, 0.454248, 1.339869, 1.839869
 98.666667, 1.851351, 0.425676, 1.327703, 1.800676
 93.666667, 2.640569, 0.658363, 1.352313, 2.074733
 109.666667, 2.158055, 0.398176, 1.191489, 1.641337
 101.666667, 1.632787, 0.400000, 1.147541, 1.593443
 97.666667, 2.474403, 0.542662, 1.259386, 1.849829
 96.666667, 2.020690, 0.468966, 1.113793, 1.631034
 98.333333, 2.132203, 0.488136, 1.233898, 1.772881
 88.000000, 1.450758, 0.390152, 1.344697, 1.795455
 113.666667, 1.868035, 0.454545, 1.205279, 1.703812
46
 0.250000, 11.000000, 0.000000, 0.000000, 1.000000
 102.333333, 2.931596, 0.592834, 1.364821, 2.026059
 94.333333, 2.141343, 0.462898, 1.197880, 1.706714
 99.000000, 2.117845, 0.484848, 1.276094, 1.808081
 94.333333, 1.770318, 0.413428, 1.155477, 1.621908
 115.666667, 2.262248, 0.429395, 1.227666, 1.700288
 104.000000, 2.224359, 0.397436, 1.198718, 1.637821
 109.000000, 2.012232, 0.474006, 1.324159, 1.840979
 110.333333, 2.435045, 0.398792, 1.169184, 1.625378
 108.333333, 2.667692, 0.476923, 1.156923, 1.686154
 100.333333, 2.375415, 0.415282, 1.338870, 1.823920
 108.666667, 2.165644, 0.417178, 1.297546, 1.757669
 98.000000, 2.469388, 0.469388, 1.571429, 2.088435
 107.333333, 1.838509, 0.372671, 1.195652, 1.621118
 108.333333, 1.818462, 0.400000, 1.156923, 1.615385
 103.666667, 2.421222, 0.453376, 1.209003, 1.704180
 97.666667, 2.153584, 0.532423, 1.129693, 1.706485
 96.000000, 2.225694, 0.538194, 1.322917, 1.906250
 98.000000, 1.989796, 0.367347, 1.078231, 1.496599
 109.333333, 1.771341, 0.408537, 1.265244, 1.716463
47
 0.250000, 11.000000, 0.000000, 0.000000, 1.000000
 94.666667, 3.309859, 0.767606, 1.292254, 2.126761
 92.333333, 2.519856, 0.494585, 1.166065, 1.711191
 105.333333, 2.825949, 0.512658, 1.275316, 1.835443
 94.666667, 2.088028, 0.436620, 1.306338, 1.795775
 106.000000, 2.100629, 0.487421, 1.128931, 1.676101
 108.000000, 2.138889, 0.429012, 1.299383, 1.771605
 108.666667, 2.141104, 0.447853, 1.328221, 1.819018
 113.000000, 2.498525, 0.392330, 1.244838, 1.681416
 101.000000, 2.112211, 0.524752, 1.128713, 1.699670
 104.333333, 2.239617, 0.450479, 1.255591, 1.750799
 98.666667, 2.138514, 0.418919, 1.402027, 1.868243
 104.666667, 2.608280, 0.461783, 1.289809, 1.805732
 114.333333, 1.982507, 0.396501, 1.332362, 1.775510
 102.333333, 2.039088, 0.397394, 1.280130, 1.723127
 98.000000, 2.085034, 0.493197, 1.227891, 1.765306
 91.000000, 2.300366, 0.505495, 1.131868, 1.706960
 88.000000, 2.223485, 0.488636, 1.310606, 1.848485
 93.333333, 2.114286, 0.375000, 1.214286, 1.635714
 114.333333, 1.906706, 0.384840, 1.262391, 1.690962
48
 0.250000, 8.000000, 0.000000, 0.000000, 1.000000
 93.333333, 2.742857, 0.521429, 1.278571, 1.860714
 98.333333, 2.342373, 0.498305, 1.233898, 1.779661
 103.000000, 2.453074, 0.475728, 1.226537, 1.757282
 93.333333, 1.732143, 0.439286, 1.178571, 1.664286
 109.333333, 2.420732, 0.466463, 1.189024, 1.704268
 103.666667, 1.877814, 0.398714, 1.244373, 1.688103
 110.000000, 2.781818, 0.500000, 1.324242, 1.872727
 115.666667, 2.141210, 0.389049, 1.167147, 1.608069
 106.000000, 2.015723, 0.449686, 1.169811, 1.666667
 98.000000, 1.738095, 0.404762, 1.156463, 1.622449
 94.000000, 1.556738, 0.429078, 1.482270, 1.957447
 94.000000, 2.468085, 0.500000, 1.340426, 1.893617
 111.666667, 1.716418, 0.385075, 1.352239, 1.785075
 103.666667, 1.861736, 0.469453, 1.202572, 1.717042
 99.000000, 2.555556, 0.595960, 1.232323, 1.878788
 109.000000, 2.501529, 0.559633, 1.094801, 1.712538
 101.666667, 2.586885, 0.439344, 1.216393, 1.704918
 91.333333, 1.824818, 0.394161, 1.193431, 1.635036
 111.333333, 1.958084, 0.461078, 1.428144, 1.931138
49
 0.250000, 9.000000, 1.000000, 0.000000, 1.000000
 105.000000, 2.847619, 0.574603, 1.244444, 1.892063
 89.666667, 2.219331, 0.557621, 1.226766, 1.851301
 102.000000, 2.218954, 0.408497, 1.232026, 1.686275
 91.333333, 2.186131, 0.478102, 1.186131, 1.733577
 99.333333, 1.973154, 0.446309, 1.204698, 1.701342
 97.333333, 1.595890, 0.458904, 1.270548, 1.773973
 100.666667, 1.900662, 0.559603, 1.350993, 1.966887
 108.000000, 2.015432, 0.407407, 1.206790, 1.666667
 107.333333, 2.667702, 0.515528, 1.208075, 1.767081
 102.000000, 2.199346, 0.431373, 1.343137, 1.830065
 113.000000, 2.262537, 0.454277, 1.262537, 1.764012
 100.333333, 2.621262, 0.521595, 1.401993, 1.996678
 107.000000, 1.722741, 0.352025, 1.255452, 1.657321
 111.000000, 1.909910, 0.393393, 1.153153, 1.597598
 105.000000, 2.453968, 0.574603, 1.247619, 1.869841
 103.000000, 2.446602, 0.469256, 1.139159, 1.656958
 90.333333, 2.339483, 0.428044, 1.287823, 1.778598
 96.000000, 2.170139, 0.423611, 1.274306, 1.743056
 108.333333, 1.966154, 0.449231, 1.369231, 1.864615
50
 0.250000, 0.000000, 0.000000, 0.000000, 3.000000
 105.000000, 3.346032, 0.660317, 1.352381, 2.076190
 97.000000, 2.580756, 0.446735, 1.123711, 1.628866
 92.666667, 2.453237, 0.485612, 1.172662, 1.712230
 94.333333, 1.886926, 0.452297, 1.194346, 1.692580
 112.333333, 2.207715, 0.424332, 1.175074, 1.652819
 106.333333, 2.166144, 0.429467, 1.335423, 1.808777
 99.000000, 2.168350, 0.447811, 1.461279, 1.962963
 107.000000, 2.124611, 0.414330, 1.361371, 1.834891
 101.333333, 2.273026, 0.453947, 1.154605, 1.654605
 115.666667, 2.489914, 0.412104, 1.299712, 1.755043
 100.000000, 2.120000, 0.433333, 1.373333, 1.850000
 96.333333, 2.519031, 0.494810, 1.397924, 1.944637
 112.666667, 2.721893, 0.535503, 1.115385, 1.715976
 105.666667, 2.041009, 0.406940, 1.148265, 1.608833
 94.000000, 2.319149, 0.425532, 1.283688, 1.773050
 103.666667, 2.742765, 0.556270, 1.083601, 1.691318
 101.000000, 2.537954, 0.468647, 1.237624, 1.752475
 88.666667, 1.951128, 0.402256, 1.319549, 1.770677
 119.666667, 2.069638, 0.440111, 1.214485, 1.701950
51
 0.250000, 0.000000, 1.000000, 0.000000, 3.000000
 91.666667, 2.505455, 0.567273, 1.374545, 2.014545
 95.333333, 2.566434, 0.458042, 1.209790, 1.720280
 88.333333, 1.690566, 0.460377, 1.350943, 1.864151
 115.000000, 2.226087, 0.423188, 1.191304, 1.660870
 104.000000, 1.881410, 0.429487, 1.224359, 1.701923
 93.000000, 1.645161, 0.419355, 1.261649, 1.731183
 106.666667, 1.950000, 0.456250, 1.393750, 1.900000
 103.333333, 1.629032, 0.429032, 1.419355, 1.900000
 98.666667, 2.243243, 0.476351, 1.179054, 1.699324
 110.000000, 2.242424, 0.384848, 1.396970, 1.827273
 107.666667, 2.312693, 0.396285, 1.315789, 1.767802
 99.666667, 2.869565, 0.491639, 1.307692, 1.859532
 117.000000, 2.324786, 0.455840, 1.185185, 1.686610
 106.666667, 1.906250, 0.362500, 1.131250, 1.540625
 105.000000, 2.520635, 0.469841, 1.212698, 1.733333
 93.000000, 1.845878, 0.433692, 1.132616, 1.627240
 93.333333, 2.396429, 0.557143, 1.200000, 1.807143
 103.333333, 2.096774, 0.441935, 1.229032, 1.716129
 122.666667, 1.801630, 0.402174, 1.279891, 1.722826
52
 0.250000, 0.000000, 1.000000, 1.000000, 3.000000
 104.666667, 2.544586, 0.515924, 1.464968, 2.041401
 89.000000, 2.348315, 0.550562, 1.307116, 1.910112
 93.000000, 2.369176, 0.519713, 1.311828, 1.881720
 92.333333, 1.646209, 0.465704, 1.259928, 1.783394
 97.666667, 1.941980, 0.450512, 1.201365, 1.699659
 97.666667, 1.552901, 0.430034, 1.242321, 1.723549
 102.666667, 1.951299, 0.457792, 1.340909, 1.844156
 112.000000, 2.160714, 0.386905, 1.196429, 1.627976
 107.333333, 2.732919, 0.527950, 1.263975, 1.854037
 100.333333, 1.803987, 0.501661, 1.189369, 1.737542
 106.333333, 2.210031, 0.382445, 1.291536, 1.717868
 101.000000, 2.759076, 0.541254, 1.392739, 1.983498
 106.000000, 1.852201, 0.452830, 1.261006, 1.764151
 106.000000, 1.632075, 0.383648, 1.179245, 1.606918
 94.000000, 1.960993, 0.439716, 1.265957, 1.769504
 94.666667, 2.010563, 0.471831, 1.038732, 1.556338
 88.000000, 1.962121, 0.416667, 1.204545, 1.678030
 92.333333, 1.805054, 0.389892, 1.299639, 1.740072
 125.000000, 2.226667, 0.400000, 1.213333, 1.661333
53
 0.250000, 1.000000, 1.000000, 1.000000, 2.000000
 100.000000, 2.716667, 0.510000, 1.456667, 2.040000
 98.666667, 2.371622, 0.554054, 1.314189, 1.925676
 93.666667, 2.103203, 0.501779, 1.249110, 1.797153
 95.666667, 2.132404, 0.470383, 1.177700, 1.700348
 101.000000, 1.924092, 0.455446, 1.184818, 1.686469
 105.333333, 1.990506, 0.411392, 1.250000, 1.708861
 107.000000, 2.302181, 0.464174, 1.314642, 1.838006
 115.000000, 2.159420, 0.394203, 1.223188, 1.663768
 106.000000, 2.839623, 0.433962, 1.176101, 1.660377
 104.333333, 2.226837, 0.463259, 1.226837, 1.734824
 112.000000, 2.125000, 0.413690, 1.342262, 1.797619
 94.666667, 1.961268, 0.542254, 1.443662, 2.052817
 110.333333, 1.939577, 0.395770, 1.178248, 1.616314
 105.333333, 1.965190, 0.417722, 1.151899, 1.613924
 104.333333, 2.361022, 0.453674, 1.284345, 1.789137
 91.000000, 2.296703, 0.424908, 1.109890, 1.586081
 92.000000, 2.014493, 0.463768, 1.344203, 1.855072
 94.000000, 2.035461, 0.372340, 1.156028, 1.578014
 121.000000, 2.236915, 0.404959, 1.410468, 1.862259
54
 0.250000, 0.000000, 0.000000, 0.000000, 1.000000
 104.000000, 2.826923, 0.551282, 1.195513, 1.823718
 100.666667, 2.592715, 0.493377, 1.145695, 1.682119
 101.333333, 2.154605, 0.503289, 1.220395, 1.769737
 93.666667, 1.729537, 0.523132, 1.206406, 1.772242
 107.333333, 2.639752, 0.453416, 1.127329, 1.655280
 107.000000, 2.233645, 0.520249, 1.255452, 1.819315
 104.666667, 1.945860, 0.461783, 1.410828, 1.920382
 120.666667, 2.093923, 0.422652, 1.143646, 1.607735
 106.666667, 2.496875, 0.446875, 1.153125, 1.643750
 107.333333, 2.195652, 0.422360, 1.204969, 1.673913
 98.666667, 2.131757, 0.418919, 1.412162, 1.881757
 97.333333, 2.119863, 0.530822, 1.376712, 1.955479
 121.000000, 2.247934, 0.410468, 1.242424, 1.694215
 111.666667, 2.337313, 0.420896, 1.220896, 1.689552
 108.333333, 2.320000, 0.412308, 1.070769, 1.529231
 98.333333, 2.484746, 0.491525, 1.061017, 1.596610
 98.666667, 2.229730, 0.442568, 1.202703, 1.689189
 96.666667, 2.210345, 0.362069, 1.162069, 1.572414
 113.333333, 2.017647, 0.441176, 1.291176, 1.773529
55
 0.250000, 0.000000, 0.000000, 1.000000, 1.000000
 91.000000, 2.571429, 0.560440, 1.369963, 1.992674
 90.333333, 2.254613, 0.476015, 1.291513, 1.808118
 104.000000, 2.054487, 0.544872, 1.259615, 1.852564
 97.333333, 1.691781, 0.417808, 1.226027, 1.702055
 113.000000, 1.858407, 0.439528, 1.280236, 1.766962
 94.000000, 1.656028, 0.375887, 1.202128, 1.627660
 102.333333, 1.944625, 0.449511, 1.397394, 1.905537
 110.000000, 2.281818, 0.406061, 1.342424, 1.793939
 94.000000, 2.148936, 0.475177, 1.248227, 1.769504
 101.666667, 1.609836, 0.386885, 1.285246, 1.714754
 99.666667, 1.635452, 0.438127, 1.454849, 1.943144
 97.666667, 2.569966, 0.522184, 1.187713, 1.761092
 111.666667, 1.862687, 0.400000, 1.313433, 1.761194
 103.000000, 1.631068, 0.401294, 1.207120, 1.660194
 98.666667, 2.415541, 0.395270, 1.226351, 1.668919
 98.333333, 2.118644, 0.433898, 1.105085, 1.583051
 90.000000, 2.122222, 0.462963, 1.192593, 1.707407
 110.333333, 2.438066, 0.444109, 1.202417, 1.691843
 111.333333, 1.907186, 0.395210, 1.257485, 1.697605
56
 0.250000, 0.000000, 0.000000, 0.000000, 0.000000
 102.000000, 2.911765, 0.545752, 1.287582, 1.885621
 107.333333, 2.748447, 0.487578, 1.329193, 1.881988
 98.333333, 2.125424, 0.471186, 1.203390, 1.722034
 103.333333, 2.648387, 0.612903, 1.277419, 1.935484
 110.666667, 1.822289, 0.436747, 1.141566, 1.626506
 105.000000, 2.441270, 0.441270, 1.352381, 1.847619
 101.666667, 2.249180, 0.429508, 1.360656, 1.842623
 115.666667, 2.198847, 0.383285, 1.207493, 1.645533
 102.000000, 2.405229, 0.447712, 1.169935, 1.666667
 105.000000, 1.923810, 0.396825, 1.212698, 1.660317
 103.000000, 2.553398, 0.566343, 1.423948, 2.051780
 97.000000, 2.254296, 0.501718, 1.326460, 1.876289
 112.666667, 2.248521, 0.390533, 1.289941, 1.730769
 97.333333, 1.773973, 0.472603, 1.229452, 1.746575
 101.666667, 2.252459, 0.439344, 1.216393, 1.718033
 96.000000, 1.965278, 0.423611, 1.072917, 1.555556
 88.666667, 1.984962, 0.466165, 1.199248, 1.721805
 104.000000, 2.458333, 0.451923, 1.192308, 1.689103
 125.000000, 2.277333, 0.445333, 1.186667, 1.677333
57
 0.250000, 0.000000, 0.000000, 0.000000, 0.000000
 104.666667, 3.089172, 0.582803, 1.445860, 2.092357
 90.000000, 2.759259, 0.566667, 1.285185, 1.907407
 97.666667, 2.358362, 0.508532, 1.320819, 1.883959
 104.000000, 1.948718, 0.467949, 1.256410, 1.769231
 103.333333, 1.941935, 0.432258, 1.183871, 1.670968
 95.666667, 1.540070, 0.442509, 1.299652, 1.790941
 103.333333, 2.251613, 0.432258, 1.348387, 1.825806
 115.000000, 2.055072, 0.362319, 1.310145, 1.715942
 100.000000, 2.076667, 0.466667, 1.113333, 1.636667
 103.333333, 2.051613, 0.390323, 1.232258, 1.670968
 112.666667, 2.263314, 0.434911, 1.269231, 1.748521
 101.333333, 2.641447, 0.509868, 1.309211, 1.875000
 108.000000, 2.450617, 0.416667, 1.148148, 1.608025
 105.000000, 2.025397, 0.485714, 1.095238, 1.622222
 104.333333, 2.738019, 0.543131, 1.268371, 1.862620
 97.333333, 1.873288, 0.448630, 1.047945, 1.541096
 102.666667, 2.483766, 0.545455, 1.159091, 1.753247
 96.666667, 2.344828, 0.427586, 1.148276, 1.620690
 122.666667, 1.994565, 0.377717, 1.258152, 1.682065
58
 0.250000, 24.000000, 2.000000, 0.000000, 3.000000
 97.000000, 2.426117, 0.518900, 1.432990, 2.010309
 102.666667, 2.509740, 0.474026, 1.217532, 1.750000
 103.666667, 1.842444, 0.469453, 1.199357, 1.717042
 102.000000, 2.349673, 0.588235, 1.133987, 1.761438
 112.666667, 2.633136, 0.414201, 1.239645, 1.710059
 98.333333, 2.396610, 0.484746, 1.227119, 1.759322
 111.333333, 2.380240, 0.425150, 1.242515, 1.715569
 119.000000, 2.123249, 0.403361, 1.229692, 1.677871
 105.666667, 2.362776, 0.511041, 1.176656, 1.735016
 98.333333, 2.366102, 0.488136, 1.315254, 1.861017
 107.666667, 2.123839, 0.501548, 1.399381, 1.947368
 102.666667, 2.237013, 0.483766, 1.266234, 1.801948
 102.666667, 1.740260, 0.438312, 1.194805, 1.685065
 114.333333, 2.463557, 0.396501, 1.125364, 1.568513
 95.333333, 2.346154, 0.534965, 1.360140, 1.940559
 105.333333, 2.550633, 0.503165, 1.145570, 1.696203
 92.000000, 2.427536, 0.445652, 1.235507, 1.721014
 91.666667, 2.029091, 0.367273, 1.298182, 1.712727
 124.666667, 2.473262, 0.462567, 1.355615, 1.871658
59
 0.250000, 22.000000, 2.000000, 0.000000, 3.000000
 100.000000, 3.230000, 0.576667, 1.393333, 2.060000
 102.333333, 2.697068, 0.472313, 1.094463, 1.612378
 97.333333, 2.061644, 0.523973, 1.294521, 1.866438
 94.666667, 2.042254, 0.464789, 1.144366, 1.658451
 104.333333, 1.929712, 0.386581, 1.130990, 1.562300
 105.666667, 1.958991, 0.403785, 1.160883, 1.621451
 109.333333, 2.484756, 0.460366, 1.295732, 1.798780
 109.000000, 1.902141, 0.412844, 1.299694, 1.758410
 98.333333, 2.305085, 0.471186, 1.223729, 1.742373
 108.666667, 2.254601, 0.450920, 1.312883, 1.806748
 106.333333, 2.028213, 0.351097, 1.388715, 1.780564
 98.666667, 2.719595, 0.493243, 1.432432, 1.976351
 112.333333, 2.578635, 0.495549, 1.255193, 1.801187
 102.666667, 1.649351, 0.402597, 1.172078, 1.626623
 95.333333, 2.164336, 0.538462, 1.398601, 1.982517
 105.000000, 2.301587, 0.473016, 1.136508, 1.653968
 101.333333, 2.496711, 0.476974, 1.322368, 1.845395
 101.666667, 2.203279, 0.416393, 1.154098, 1.619672
 127.000000, 2.370079, 0.443570, 1.325459, 1.811024
60
 0.250000, 21.000000, 3.000000, 0.000000, 3.000000
 102.000000, 2.333333, 0.532680, 1.379085, 1.993464
 96.000000, 2.180556, 0.586806, 1.138889, 1.770833
 90.666667, 2.290441, 0.488971, 1.268382, 1.805147
 101.000000, 2.145215, 0.478548, 1.273927, 1.801980
 97.333333, 1.914384, 0.458904, 1.253425, 1.760274
 111.666667, 2.623881, 0.450746, 1.223881, 1.737313
 110.666667, 2.093373, 0.448795, 1.379518, 1.879518
 113.333333, 1.708824, 0.388235, 1.194118, 1.623529
 99.666667, 2.076923, 0.481605, 1.250836, 1.775920
 107.666667, 2.077399, 0.393189, 1.247678, 1.687307
 95.333333, 1.664336, 0.398601, 1.374126, 1.814685
 92.333333, 2.176895, 0.527076, 1.436823, 2.010830
 111.666667, 1.886567, 0.441791, 1.220896, 1.710448
 109.333333, 2.030488, 0.399390, 1.192073, 1.637195
 98.333333, 2.294915, 0.420339, 1.223729, 1.694915
 96.000000, 2.149306, 0.479167, 1.142361, 1.673611
 89.666667, 1.791822, 0.460967, 1.304833, 1.810409
 103.666667, 1.877814, 0.389068, 1.151125, 1.585209
 119.666667, 2.183844, 0.426184, 1.317549, 1.793872
61
 0.250000, 17.000000, 3.000000, 0.000000, 3.000000
 98.333333, 2.722034, 0.559322, 1.389831, 2.016949
 94.666667, 2.890845, 0.528169, 1.264085, 1.838028
 92.666667, 1.751799, 0.442446, 1.377698, 1.874101
 104.000000, 2.282051, 0.506410, 1.173077, 1.727564
 96.666667, 2.065517, 0.437931, 1.255172, 1.741379
 94.000000, 1.634752, 0.432624, 1.340426, 1.815603
 114.000000, 2.377193, 0.491228, 1.353801, 1.891813
 109.000000, 2.253823, 0.394495, 1.351682, 1.810398
 107.000000, 2.137072, 0.504673, 1.205607, 1.760125
 104.000000, 2.227564, 0.439103, 1.266026, 1.750000
 98.000000, 2.275510, 0.421769, 1.442177, 1.911565
 98.000000, 2.867347, 0.479592, 1.346939, 1.880952
 118.666667, 2.033708, 0.404494, 1.171348, 1.623596
 106.666667, 1.621875, 0.390625, 1.165625, 1.612500
 89.666667, 1.799257, 0.468401, 1.353160, 1.877323
 104.000000, 2.557692, 0.483974, 1.233974, 1.766026
 93.000000, 2.243728, 0.412186, 1.283154, 1.745520
 112.666667, 2.168639, 0.378698, 1.032544, 1.455621
 123.333333, 2.045946, 0.429730, 1.232432, 1.705405
62
 0.250000, 10.000000, 2.000000, 1.000000, 4.000000
 99.666667, 2.280936, 0.615385, 1.391304, 2.090301
 99.000000, 2.730640, 0.501684, 1.212121, 1.760943
 96.666667, 2.237931, 0.537931, 1.206897, 1.806897
 88.333333, 2.611321, 0.467925, 1.290566, 1.845283
 100.000000, 1.860000, 0.473333, 1.196667, 1.726667
 99.666667, 1.765886, 0.408027, 1.163880, 1.618729
 114.666667, 2.377907, 0.491279, 1.293605, 1.831395
 111.333333, 1.916168, 0.395210, 1.236527, 1.676647
 103.666667, 2.392283, 0.482315, 1.163987, 1.700965
 104.666667, 2.261146, 0.458599, 1.229299, 1.735669
 100.000000, 2.003333, 0.363333, 1.236667, 1.643333
 88.333333, 1.581132, 0.475472, 1.471698, 2.015094
 113.000000, 1.988201, 0.380531, 1.244838, 1.672566
 113.000000, 2.135693, 0.401180, 1.230088, 1.672566
 92.000000, 1.594203, 0.394928, 1.304348, 1.742754
 102.666667, 2.262987, 0.444805, 1.074675, 1.561688
 84.000000, 1.670635, 0.448413, 1.353175, 1.849206
 93.666667, 2.270463, 0.380783, 1.298932, 1.725979
 112.333333, 1.836795, 0.388724, 1.183976, 1.620178
63
 0.250000, 9.000000, 3.000000, 0.000000, 4.000000
 103.666667, 2.639871, 0.565916, 1.247588, 1.874598
 93.333333, 3.121429, 0.589286, 1.253571, 1.896429
 98.333333, 2.335593, 0.498305, 1.213559, 1.762712
 98.666667, 2.331081, 0.523649, 1.246622, 1.814189
 100.333333, 1.764120, 0.491694, 1.209302, 1.744186
 104.666667, 2.060510, 0.442675, 1.248408, 1.738854
 106.000000, 1.902516, 0.490566, 1.415094, 1.952830
 109.666667, 1.887538, 0.434650, 1.413374, 1.893617
 107.000000, 2.221184, 0.461059, 1.109034, 1.619938
 98.666667, 1.743243, 0.462838, 1.273649, 1.783784
 95.666667, 2.135889, 0.386760, 1.425087, 1.860627
 94.666667, 2.612676, 0.450704, 1.352113, 1.852113
 117.000000, 2.304843, 0.398860, 1.319088, 1.763533
 101.333333, 1.743421, 0.378289, 1.236842, 1.667763
 95.333333, 2.097902, 0.468531, 1.279720, 1.790210
 102.000000, 2.245098, 0.483660, 1.091503, 1.620915
 94.333333, 2.519435, 0.466431, 1.127208, 1.639576
 98.000000, 2.323129, 0.408163, 1.241497, 1.690476
 118.000000, 2.254237, 0.480226, 1.313559, 1.838983
Histogram
2 0 0 0 0 0 0 0 0 0 12 0 0 0 4 55 317 423 257 98 52 11 1 1 0 0 0 0 0 0 10 0 0 0 0 0 0 0 0 0 2 0 0 0 0 0 0 0 0 0 0 0 0 0 0 0 0 0 0 0 1 0 0 0 0 0 0 0 0 0 0 0 0 0 0 0 0 0 0 0 0 0 0 0 0 0 0 0 0 0 2 0 0 0 0 0 0 0 0 0 0 0 0 0 0 0 0 0 0 0 1 0 0 0 0 0 0 0 0 31 
Cache Miss Ratio
NaN
numOfSets
395055
numOfGets
0
numOfMultiGets
0
