20
0
 0.250000, 0.000000, 0.000000, 12.000000, 14.000000
 63.333333, 0.168421, 0.194737, 0.652632, 0.873684
 68.333333, 0.024390, 0.156098, 0.600000, 0.780488
 65.333333, 0.061224, 0.142857, 0.663265, 0.826531
 68.000000, 0.049020, 0.112745, 0.573529, 0.710784
 71.333333, 0.140187, 0.088785, 0.602804, 0.714953
 71.000000, 0.056338, 0.107981, 0.591549, 0.723005
 75.000000, 0.093333, 0.093333, 0.546667, 0.688889
 72.333333, 0.032258, 0.087558, 0.520737, 0.631336
 72.666667, 0.055046, 0.105505, 0.555046, 0.678899
 68.333333, 0.058537, 0.102439, 0.775610, 0.931707
 63.000000, 0.063492, 0.111111, 0.767196, 0.904762
 69.333333, 0.072115, 0.072115, 0.668269, 0.764423
 68.666667, 0.131068, 0.092233, 0.684466, 0.800971
 68.000000, 0.044118, 0.122549, 0.843137, 0.985294
 67.000000, 0.009950, 0.104478, 0.766169, 0.885572
 63.666667, 0.015707, 0.157068, 0.654450, 0.827225
 62.000000, 0.048387, 0.139785, 0.629032, 0.790323
 67.000000, 0.019900, 0.144279, 0.691542, 0.885572
 67.333333, 0.024752, 0.113861, 0.688119, 0.821782
1
 0.250000, 0.000000, 0.000000, 2.000000, 11.000000
 65.000000, 0.138462, 0.225641, 0.646154, 0.902564
 72.000000, 0.185185, 0.162037, 0.583333, 0.796296
 66.333333, 0.085427, 0.100503, 0.703518, 0.824121
 67.333333, 0.044554, 0.099010, 0.564356, 0.683168
 70.666667, 0.146226, 0.136792, 0.589623, 0.750000
 69.333333, 0.009615, 0.115385, 0.605769, 0.740385
 76.666667, 0.165217, 0.095652, 0.556522, 0.673913
 73.333333, 0.045455, 0.136364, 0.577273, 0.731818
 72.000000, 0.046296, 0.097222, 0.509259, 0.629630
 68.666667, 0.048544, 0.097087, 0.558252, 0.674757
 63.000000, 0.052910, 0.142857, 0.767196, 0.931217
 69.666667, 0.110048, 0.124402, 0.703349, 0.851675
 66.666667, 0.045000, 0.110000, 0.725000, 0.860000
 67.000000, 0.074627, 0.134328, 0.651741, 0.805970
 68.666667, 0.058252, 0.111650, 0.635922, 0.791262
 64.000000, 0.010417, 0.104167, 0.713542, 0.848958
 61.666667, 0.027027, 0.145946, 0.745946, 0.913514
 66.333333, 0.020101, 0.105528, 0.733668, 0.864322
 68.333333, 0.034146, 0.121951, 0.663415, 0.804878
2
 0.250000, 0.000000, 0.000000, 11.000000, 12.000000
 64.333333, 0.145078, 0.155440, 0.694301, 0.880829
 72.333333, 0.147465, 0.115207, 0.562212, 0.705069
 67.000000, 0.079602, 0.084577, 0.965174, 1.069652
 68.666667, 0.072816, 0.092233, 0.572816, 0.689320
 69.000000, 0.091787, 0.106280, 0.676329, 0.801932
 70.333333, 0.052133, 0.118483, 0.554502, 0.696682
 72.000000, 0.032407, 0.097222, 0.546296, 0.666667
 71.333333, 0.032710, 0.116822, 0.584112, 0.733645
 72.666667, 0.045872, 0.100917, 0.591743, 0.715596
 69.666667, 0.047847, 0.086124, 0.583732, 0.688995
 62.666667, 0.037234, 0.111702, 0.776596, 0.914894
 71.000000, 0.089202, 0.084507, 0.638498, 0.741784
 68.000000, 0.073529, 0.102941, 1.009804, 1.137255
 71.666667, 0.227907, 0.172093, 0.981395, 1.176744
 72.666667, 0.105505, 0.091743, 0.669725, 0.784404
 70.000000, 0.090476, 0.100000, 0.619048, 0.738095
 63.333333, 0.010526, 0.184211, 0.694737, 0.936842
 66.666667, 0.005000, 0.135000, 0.735000, 0.890000
 70.000000, 0.109524, 0.119048, 0.728571, 0.866667
3
 0.250000, 0.000000, 0.000000, 10.000000, 12.000000
 65.666667, 0.187817, 0.187817, 0.649746, 0.862944
 68.666667, 0.009709, 0.126214, 0.577670, 0.723301
 63.000000, 0.047619, 0.095238, 0.682540, 0.793651
 68.000000, 0.044118, 0.098039, 0.573529, 0.686275
 72.000000, 0.148148, 0.097222, 0.597222, 0.712963
 70.666667, 0.023585, 0.094340, 0.594340, 0.712264
 73.333333, 0.081818, 0.100000, 0.554545, 0.677273
 73.333333, 0.054545, 0.090909, 0.559091, 0.668182
 75.333333, 0.159292, 0.119469, 0.579646, 0.752212
 69.000000, 0.038647, 0.101449, 0.623188, 0.743961
 62.000000, 0.069892, 0.139785, 1.005376, 1.166667
 71.000000, 0.272300, 0.164319, 0.671362, 0.859155
 70.666667, 0.141509, 0.089623, 0.646226, 0.764151
 67.666667, 0.044335, 0.078818, 0.699507, 0.802956
 67.333333, 0.014851, 0.089109, 0.747525, 0.856436
 65.000000, 0.046154, 0.102564, 0.687179, 0.810256
 60.333333, 0.005525, 0.104972, 0.922652, 1.044199
 68.333333, 0.078049, 0.102439, 0.653659, 0.775610
 71.000000, 0.154930, 0.117371, 0.732394, 0.901408
4
 0.250000, 0.000000, 0.000000, 10.000000, 12.000000
 65.666667, 0.258883, 0.248731, 0.705584, 0.984772
 72.333333, 0.050691, 0.165899, 0.672811, 0.857143
 66.666667, 0.065000, 0.100000, 0.700000, 0.820000
 67.666667, 0.039409, 0.108374, 0.605911, 0.738916
 67.000000, 0.069652, 0.124378, 0.592040, 0.771144
 71.666667, 0.065116, 0.093023, 0.572093, 0.683721
 74.666667, 0.080357, 0.111607, 0.558036, 0.691964
 71.666667, 0.051163, 0.097674, 0.530233, 0.651163
 73.000000, 0.077626, 0.091324, 0.598174, 0.712329
 68.000000, 0.014706, 0.102941, 0.593137, 0.710784
 63.000000, 0.047619, 0.111111, 0.708995, 0.835979
 69.666667, 0.071770, 0.100478, 0.645933, 0.770335
 66.000000, 0.050505, 0.111111, 0.757576, 0.883838
 66.666667, 0.060000, 0.115000, 0.685000, 0.820000
 68.000000, 0.024510, 0.093137, 0.720588, 0.828431
 67.000000, 0.044776, 0.104478, 0.706468, 0.830846
 67.333333, 0.202970, 0.118812, 0.618812, 0.762376
 71.333333, 0.098131, 0.079439, 0.607477, 0.714953
 68.666667, 0.101942, 0.087379, 0.665049, 0.776699
5
 0.250000, 0.000000, 0.000000, 10.000000, 12.000000
 64.333333, 0.124352, 0.145078, 0.844560, 1.056995
 69.666667, 0.062201, 0.153110, 0.631579, 0.803828
 65.000000, 0.005128, 0.112821, 0.646154, 0.774359
 68.000000, 0.102941, 0.117647, 0.612745, 0.754902
 68.666667, 0.019417, 0.131068, 0.699029, 0.854369
 68.666667, 0.024272, 0.097087, 0.567961, 0.684466
 73.666667, 0.063348, 0.090498, 0.565611, 0.701357
 74.000000, 0.036036, 0.081081, 0.657658, 0.756757
 72.333333, 0.023041, 0.115207, 0.534562, 0.677419
 70.000000, 0.057143, 0.095238, 0.623810, 0.738095
 62.666667, 0.037234, 0.148936, 0.734043, 0.904255
 69.666667, 0.148325, 0.105263, 0.655502, 0.779904
 65.333333, 0.015306, 0.107143, 0.744898, 0.867347
 65.666667, 0.035533, 0.192893, 0.705584, 0.918782
 67.333333, 0.029703, 0.089109, 0.801980, 0.905941
 69.666667, 0.124402, 0.090909, 0.641148, 0.760766
 64.666667, 0.077320, 0.123711, 0.613402, 0.757732
 65.666667, 0.015228, 0.142132, 0.624365, 0.781726
 66.666667, 0.070000, 0.115000, 0.670000, 0.800000
6
 0.250000, 0.000000, 0.000000, 10.000000, 12.000000
 64.333333, 0.139896, 0.196891, 0.663212, 0.886010
 69.333333, 0.024038, 0.182692, 0.687500, 0.894231
 64.666667, 0.005155, 0.103093, 0.752577, 0.876289
 69.000000, 0.120773, 0.115942, 0.565217, 0.700483
 69.666667, 0.110048, 0.090909, 0.612440, 0.722488
 71.333333, 0.037383, 0.088785, 0.565421, 0.677570
 74.000000, 0.121622, 0.090090, 0.585586, 0.698198
 72.333333, 0.032258, 0.110599, 0.594470, 0.723502
 75.000000, 0.137778, 0.133333, 0.537778, 0.688889
 69.333333, 0.057692, 0.100962, 0.673077, 0.793269
 63.666667, 0.026178, 0.089005, 0.722513, 0.832461
 68.666667, 0.082524, 0.111650, 0.728155, 0.864078
 66.333333, 0.070352, 0.105528, 0.693467, 0.814070
 64.333333, 0.005181, 0.103627, 0.730570, 0.854922
 71.000000, 0.098592, 0.126761, 0.779343, 0.924883
 67.333333, 0.064356, 0.207921, 0.643564, 0.876238
 63.333333, 0.036842, 0.110526, 1.036842, 1.163158
 71.666667, 0.111628, 0.106977, 0.646512, 0.776744
 73.333333, 0.227273, 0.136364, 0.686364, 0.845455
7
 0.250000, 0.000000, 0.000000, 9.000000, 12.000000
 63.333333, 0.078947, 0.173684, 0.663158, 0.863158
 70.333333, 0.047393, 0.113744, 0.587678, 0.720379
 66.666667, 0.085000, 0.130000, 0.705000, 0.855000
 67.000000, 0.049751, 0.184080, 0.592040, 0.800995
 69.000000, 0.033816, 0.096618, 0.618357, 0.734300
 71.333333, 0.070093, 0.144860, 0.817757, 0.981308
 74.000000, 0.049550, 0.081081, 0.572072, 0.675676
 75.000000, 0.084444, 0.088889, 0.533333, 0.644444
 76.000000, 0.192982, 0.127193, 0.530702, 0.679825
 70.000000, 0.042857, 0.185714, 0.590476, 0.800000
 63.666667, 0.026178, 0.104712, 0.942408, 1.062827
 70.333333, 0.090047, 0.099526, 0.654028, 0.772512
 68.666667, 0.106796, 0.058252, 0.703883, 0.815534
 67.333333, 0.059406, 0.287129, 0.707921, 1.014851
 68.666667, 0.033981, 0.140777, 0.703883, 0.864078
 66.000000, 0.035354, 0.090909, 0.646465, 0.757576
 64.000000, 0.078125, 0.354167, 0.619792, 0.989583
 67.000000, 0.014925, 0.089552, 0.686567, 0.800995
 68.333333, 0.019512, 0.117073, 0.673171, 0.809756
8
 0.250000, 0.000000, 0.000000, 0.000000, 1.000000
 67.333333, 0.222772, 0.188119, 0.663366, 0.881188
 69.333333, 0.024038, 0.105769, 0.625000, 0.750000
 68.000000, 0.117647, 0.083333, 0.700980, 0.803922
 67.333333, 0.014851, 0.188119, 0.603960, 0.811881
 70.666667, 0.080189, 0.113208, 0.632075, 0.764151
 72.333333, 0.064516, 0.101382, 0.797235, 0.921659
 73.000000, 0.022831, 0.105023, 0.566210, 0.698630
 71.666667, 0.027907, 0.111628, 0.618605, 0.748837
 73.000000, 0.045662, 0.100457, 0.529680, 0.652968
 71.666667, 0.116279, 0.097674, 0.613953, 0.734884
 63.000000, 0.047619, 0.126984, 0.708995, 0.857143
 65.666667, 0.010152, 0.126904, 0.619289, 0.766497
 62.666667, 0.026596, 0.090426, 0.707447, 0.819149
 65.000000, 0.015385, 0.097436, 0.897436, 1.010256
 68.666667, 0.092233, 0.077670, 0.684466, 0.781553
 68.333333, 0.097561, 0.082927, 0.643902, 0.746341
 62.666667, 0.037234, 0.191489, 0.659574, 0.877660
 72.666667, 0.100917, 0.096330, 0.628440, 0.747706
 69.333333, 0.028846, 0.076923, 0.730769, 0.831731
9
 0.250000, 1.000000, 0.000000, 0.000000, 1.000000
 61.666667, 0.113514, 0.162162, 0.918919, 1.108108
 68.000000, 0.014706, 0.151961, 0.622549, 0.794118
 62.333333, 0.005348, 0.122995, 0.679144, 0.823529
 68.666667, 0.067961, 0.330097, 0.587379, 0.936893
 69.333333, 0.048077, 0.134615, 0.596154, 0.754808
 70.333333, 0.028436, 0.099526, 0.672986, 0.791469
 75.000000, 0.191111, 0.124444, 0.600000, 0.773333
 74.333333, 0.058296, 0.094170, 0.569507, 0.690583
 72.000000, 0.074074, 0.129630, 0.532407, 0.685185
 68.000000, 0.004902, 0.102941, 0.578431, 0.700980
 62.666667, 0.058511, 0.143617, 0.744681, 0.909574
 65.666667, 0.010152, 0.106599, 0.609137, 0.736041
 64.000000, 0.020833, 0.104167, 0.703125, 0.828125
 65.000000, 0.010256, 0.117949, 0.692308, 0.830769
 69.333333, 0.024038, 0.134615, 0.730769, 0.889423
 65.000000, 0.056410, 0.117949, 0.697436, 0.841026
 62.000000, 0.048387, 0.091398, 0.661290, 0.774194
 68.333333, 0.058537, 0.117073, 0.639024, 0.775610
 67.000000, 0.004975, 0.094527, 0.666667, 0.781095
10
 0.250000, 0.000000, 0.000000, 0.000000, 1.000000
 67.333333, 0.153465, 0.168317, 0.871287, 1.064356
 68.000000, 0.000000, 0.156863, 0.558824, 0.735294
 64.666667, 0.020619, 0.108247, 0.737113, 0.871134
 67.333333, 0.054455, 0.178218, 0.574257, 0.777228
 69.666667, 0.052632, 0.095694, 0.588517, 0.732057
 69.666667, 0.009569, 0.090909, 0.645933, 0.755981
 72.000000, 0.013889, 0.087963, 0.564815, 0.671296
 73.666667, 0.058824, 0.108597, 0.570136, 0.701357
 73.666667, 0.049774, 0.090498, 0.574661, 0.692308
 72.000000, 0.060185, 0.138889, 0.583333, 0.745370
 62.666667, 0.015957, 0.090426, 0.702128, 0.813830
 71.666667, 0.158140, 0.106977, 0.646512, 0.772093
 69.000000, 0.111111, 0.082126, 0.681159, 0.782609
 73.666667, 0.226244, 0.072398, 0.642534, 0.737557
 69.333333, 0.072115, 0.105769, 0.687500, 0.841346
 67.666667, 0.187192, 0.246305, 0.694581, 0.960591
 60.000000, 0.000000, 0.127778, 1.105556, 1.255556
 66.666667, 0.000000, 0.105000, 0.705000, 0.830000
 68.333333, 0.082927, 0.097561, 0.673171, 0.790244
11
 0.250000, 1.000000, 0.000000, 1.000000, 10.000000
 68.000000, 0.220588, 0.171569, 0.710784, 0.946078
 74.000000, 0.418919, 0.247748, 0.572072, 0.842342
 68.333333, 0.151220, 0.151220, 0.946341, 1.117073
 69.666667, 0.071770, 0.148325, 0.641148, 0.808612
 70.000000, 0.104762, 0.123810, 0.623810, 0.771429
 71.333333, 0.042056, 0.098131, 0.794393, 0.915888
 72.666667, 0.055046, 0.096330, 0.522936, 0.642202
 72.666667, 0.032110, 0.137615, 0.541284, 0.701835
 74.333333, 0.165919, 0.098655, 0.520179, 0.641256
 67.666667, 0.059113, 0.093596, 0.600985, 0.714286
 62.333333, 0.053476, 0.155080, 0.732620, 0.903743
 66.333333, 0.020101, 0.110553, 0.653266, 0.783920
 64.000000, 0.098958, 0.098958, 0.703125, 0.822917
 64.666667, 0.025773, 0.087629, 0.752577, 0.865979
 69.666667, 0.047847, 0.086124, 0.655502, 0.765550
 67.333333, 0.029703, 0.074257, 0.678218, 0.772277
 64.666667, 0.061856, 0.144330, 0.695876, 0.860825
 67.000000, 0.024876, 0.124378, 0.691542, 0.840796
 67.000000, 0.004975, 0.104478, 0.666667, 0.791045
12
 0.250000, 2.000000, 0.000000, 1.000000, 9.000000
 71.666667, 0.465116, 0.279070, 0.702326, 1.013953
 68.666667, 0.033981, 0.140777, 0.577670, 0.737864
 63.000000, 0.042328, 0.105820, 0.677249, 0.809524
 68.333333, 0.034146, 0.107317, 0.585366, 0.717073
 68.333333, 0.082927, 0.117073, 0.639024, 0.775610
 71.666667, 0.041860, 0.093023, 0.600000, 0.748837
 74.333333, 0.098655, 0.098655, 0.556054, 0.690583
 74.666667, 0.120536, 0.107143, 0.562500, 0.687500
 74.000000, 0.085586, 0.085586, 0.540541, 0.648649
 69.333333, 0.033654, 0.110577, 0.596154, 0.725962
 66.000000, 0.090909, 0.090909, 0.969697, 1.085859
 69.333333, 0.052885, 0.105769, 0.663462, 0.788462
 66.333333, 0.070352, 0.080402, 0.738693, 0.844221
 69.000000, 0.173913, 0.077295, 0.628019, 0.763285
 71.333333, 0.070093, 0.084112, 0.682243, 0.789720
 69.666667, 0.119617, 0.081340, 0.684211, 0.784689
 65.333333, 0.071429, 0.367347, 0.668367, 1.056122
 71.333333, 0.107477, 0.088785, 0.593458, 0.705607
 69.000000, 0.062802, 0.091787, 0.705314, 0.816425
13
 0.250000, 0.000000, 0.000000, 7.000000, 9.000000
 62.666667, 0.154255, 0.191489, 0.739362, 0.957447
 68.333333, 0.009756, 0.170732, 0.595122, 0.785366
 65.333333, 0.030612, 0.112245, 0.647959, 0.780612
 67.333333, 0.059406, 0.103960, 0.564356, 0.693069
 67.666667, 0.073892, 0.103448, 0.605911, 0.729064
 73.333333, 0.090909, 0.131818, 0.622727, 0.777273
 76.000000, 0.105263, 0.109649, 0.535088, 0.666667
 76.000000, 0.131579, 0.096491, 0.535088, 0.649123
 74.666667, 0.156250, 0.111607, 0.558036, 0.691964
 70.000000, 0.057143, 0.095238, 0.590476, 0.700000
 61.666667, 0.054054, 0.102703, 0.735135, 0.859459
 64.666667, 0.000000, 0.123711, 0.639175, 0.778351
 63.666667, 0.005236, 0.099476, 0.691099, 0.806283
 67.666667, 0.044335, 0.098522, 0.645320, 0.758621
 69.000000, 0.053140, 0.144928, 0.705314, 0.869565
 66.000000, 0.015152, 0.116162, 0.737374, 0.868687
 63.666667, 0.041885, 0.120419, 0.654450, 0.801047
 68.666667, 0.092233, 0.106796, 0.626214, 0.752427
 66.000000, 0.030303, 0.095960, 0.686869, 0.803030
14
 0.250000, 0.000000, 0.000000, 6.000000, 9.000000
 64.333333, 0.113990, 0.170984, 0.642487, 0.839378
 72.666667, 0.110092, 0.119266, 0.587156, 0.724771
 64.333333, 0.056995, 0.139896, 0.683938, 0.870466
 69.000000, 0.038647, 0.164251, 0.618357, 0.801932
 65.000000, 0.020513, 0.112821, 0.635897, 0.774359
 69.666667, 0.047847, 0.157895, 0.732057, 0.918660
 76.333333, 0.091703, 0.087336, 0.563319, 0.668122
 71.666667, 0.027907, 0.125581, 0.576744, 0.725581
 73.666667, 0.076923, 0.085973, 0.547511, 0.656109
 67.666667, 0.024631, 0.093596, 0.763547, 0.876847
 66.000000, 0.085859, 0.085859, 0.949495, 1.055556
 69.333333, 0.110577, 0.139423, 0.663462, 0.822115
 67.333333, 0.039604, 0.089109, 0.732673, 0.846535
 68.666667, 0.087379, 0.092233, 0.660194, 0.776699
 69.666667, 0.004785, 0.100478, 0.674641, 0.799043
 68.333333, 0.082927, 0.058537, 0.648780, 0.726829
 66.333333, 0.170854, 0.090452, 0.763819, 0.879397
 69.333333, 0.081731, 0.120192, 0.677885, 0.817308
 70.333333, 0.109005, 0.118483, 0.668246, 0.805687
15
 0.250000, 0.000000, 0.000000, 6.000000, 9.000000
 65.666667, 0.233503, 0.152284, 0.664975, 0.868020
 71.333333, 0.102804, 0.102804, 0.598131, 0.752336
 67.333333, 0.099010, 0.079208, 0.653465, 0.757426
 70.333333, 0.151659, 0.099526, 0.573460, 0.696682
 69.000000, 0.096618, 0.125604, 0.806763, 0.956522
 70.000000, 0.052381, 0.090476, 0.600000, 0.709524
 75.666667, 0.145374, 0.101322, 0.572687, 0.691630
 72.000000, 0.074074, 0.106481, 0.574074, 0.703704
 72.000000, 0.032407, 0.101852, 0.555556, 0.675926
 68.000000, 0.014706, 0.088235, 0.602941, 0.715686
 63.000000, 0.042328, 0.137566, 0.724868, 0.888889
 67.000000, 0.039801, 0.104478, 0.711443, 0.865672
 66.333333, 0.055276, 0.105528, 0.693467, 0.814070
 64.000000, 0.005208, 0.109375, 0.692708, 0.817708
 68.000000, 0.000000, 0.127451, 0.681373, 0.823529
 65.333333, 0.020408, 0.112245, 0.668367, 0.795918
 62.666667, 0.026596, 0.170213, 0.797872, 0.984043
 66.333333, 0.015075, 0.105528, 0.638191, 0.758794
 67.000000, 0.009950, 0.074627, 0.696517, 0.796020
16
 0.250000, 0.000000, 2.000000, 0.000000, 3.000000
 66.666667, 0.205000, 0.155000, 0.640000, 0.825000
 73.000000, 0.173516, 0.127854, 0.561644, 0.712329
 66.333333, 0.045226, 0.095477, 0.688442, 0.809045
 67.000000, 0.029851, 0.124378, 0.621891, 0.771144
 71.666667, 0.093023, 0.093023, 0.581395, 0.693023
 70.000000, 0.004762, 0.085714, 0.619048, 0.728571
 71.666667, 0.125581, 0.106977, 0.558140, 0.693023
 72.333333, 0.032258, 0.110599, 0.580645, 0.714286
 73.666667, 0.090498, 0.095023, 0.524887, 0.642534
 68.333333, 0.019512, 0.307317, 0.624390, 0.956098
 64.000000, 0.041667, 0.088542, 1.000000, 1.109375
 69.333333, 0.076923, 0.125000, 0.692308, 0.846154
 65.333333, 0.117347, 0.178571, 0.739796, 0.938776
 65.333333, 0.025510, 0.173469, 0.663265, 0.852041
 67.000000, 0.009950, 0.084577, 0.701493, 0.805970
 68.333333, 0.126829, 0.102439, 0.629268, 0.760976
 65.333333, 0.112245, 0.147959, 0.790816, 0.959184
 71.000000, 0.065728, 0.084507, 0.680751, 0.793427
 69.000000, 0.038647, 0.082126, 0.685990, 0.787440
17
 0.250000, 0.000000, 0.000000, 0.000000, 0.000000
 63.333333, 0.094737, 0.147368, 0.694737, 0.873684
 75.333333, 0.110619, 0.088496, 0.575221, 0.690265
 65.000000, 0.000000, 0.092308, 0.666667, 0.789744
 70.666667, 0.103774, 0.099057, 0.566038, 0.683962
 71.666667, 0.139535, 0.093023, 0.632558, 0.748837
 70.666667, 0.051887, 0.089623, 0.650943, 0.792453
 74.666667, 0.084821, 0.107143, 0.535714, 0.665179
 72.666667, 0.059633, 0.091743, 0.545872, 0.660550
 73.333333, 0.077273, 0.104545, 0.550000, 0.672727
 68.666667, 0.019417, 0.077670, 0.626214, 0.728155
 61.666667, 0.086486, 0.227027, 0.756757, 1.000000
 68.333333, 0.165854, 0.131707, 0.658537, 0.809756
 66.666667, 0.190000, 0.140000, 1.050000, 1.205000
 65.333333, 0.051020, 0.091837, 0.663265, 0.770408
 67.333333, 0.009901, 0.108911, 0.668317, 0.792079
 65.666667, 0.101523, 0.243655, 0.649746, 0.918782
 62.333333, 0.048128, 0.144385, 0.663102, 0.818182
 68.666667, 0.053398, 0.111650, 0.631068, 0.762136
 68.333333, 0.068293, 0.107317, 0.697561, 0.819512
18
 0.250000, 0.000000, 0.000000, 0.000000, 0.000000
 67.666667, 0.315271, 0.201970, 0.669951, 0.901478
 74.666667, 0.183036, 0.156250, 0.683036, 0.861607
 66.666667, 0.135000, 0.105000, 0.990000, 1.120000
 68.000000, 0.058824, 0.122549, 0.593137, 0.745098
 70.333333, 0.104265, 0.118483, 0.635071, 0.791469
 72.666667, 0.041284, 0.091743, 0.532110, 0.646789
 75.333333, 0.115044, 0.084071, 0.566372, 0.668142
 75.666667, 0.127753, 0.110132, 0.563877, 0.731278
 72.333333, 0.059908, 0.096774, 0.576037, 0.695853
 69.333333, 0.100962, 0.230769, 0.846154, 1.100962
 65.000000, 0.117949, 0.097436, 0.928205, 1.046154
 69.333333, 0.091346, 0.129808, 0.625000, 0.774038
 64.000000, 0.072917, 0.104167, 0.703125, 0.828125
 66.000000, 0.065657, 0.267677, 0.904040, 1.186869
 67.666667, 0.049261, 0.093596, 0.650246, 0.763547
 66.333333, 0.025126, 0.120603, 0.693467, 0.829146
 62.666667, 0.122340, 0.111702, 1.000000, 1.132979
 69.666667, 0.062201, 0.110048, 0.617225, 0.751196
 71.666667, 0.097674, 0.102326, 0.651163, 0.776744
19
 0.250000, 0.000000, 0.000000, 0.000000, 0.000000
 65.333333, 0.255102, 0.214286, 0.642857, 0.892857
 68.666667, 0.053398, 0.155340, 0.597087, 0.776699
 65.333333, 0.035714, 0.117347, 0.974490, 1.112245
 66.000000, 0.010101, 0.116162, 0.565657, 0.702020
 71.666667, 0.144186, 0.088372, 0.613953, 0.725581
 71.000000, 0.028169, 0.098592, 0.549296, 0.666667
 72.333333, 0.046083, 0.101382, 0.562212, 0.682028
 72.666667, 0.036697, 0.119266, 0.550459, 0.692661
 72.333333, 0.073733, 0.124424, 0.539171, 0.677419
 67.666667, 0.029557, 0.182266, 0.615764, 0.817734
 63.333333, 0.052632, 0.110526, 0.742105, 0.878947
 68.666667, 0.160194, 0.150485, 0.699029, 0.868932
 65.333333, 0.020408, 0.127551, 1.061224, 1.209184
 64.333333, 0.051813, 0.170984, 0.844560, 1.031088
 67.666667, 0.024631, 0.103448, 0.640394, 0.763547
 63.333333, 0.005263, 0.100000, 0.715789, 0.836842
 60.000000, 0.011111, 0.105556, 1.005556, 1.133333
 68.000000, 0.039216, 0.112745, 0.681373, 0.813725
 66.000000, 0.030303, 0.136364, 0.671717, 0.828283
20
 0.250000, 0.000000, 0.000000, 6.000000, 6.000000
 65.333333, 0.239796, 0.168367, 0.673469, 0.867347
 75.666667, 0.171806, 0.198238, 0.678414, 0.903084
 69.000000, 0.154589, 0.086957, 0.908213, 1.019324
 66.666667, 0.025000, 0.130000, 0.580000, 0.730000
 66.333333, 0.080402, 0.105528, 0.633166, 0.763819
 73.000000, 0.091324, 0.109589, 0.538813, 0.671233
 76.333333, 0.331878, 0.157205, 0.558952, 0.737991
 73.333333, 0.068182, 0.095455, 0.540909, 0.654545
 71.000000, 0.042254, 0.107981, 0.549296, 0.680751
 67.666667, 0.029557, 0.093596, 0.635468, 0.748768
 62.666667, 0.031915, 0.117021, 0.718085, 0.856383
 66.000000, 0.030303, 0.116162, 0.641414, 0.777778
 64.000000, 0.005208, 0.119792, 0.713542, 0.854167
 64.666667, 0.030928, 0.185567, 0.793814, 0.994845
 68.000000, 0.024510, 0.088235, 0.656863, 0.764706
 63.333333, 0.000000, 0.210526, 0.710526, 0.936842
 62.333333, 0.037433, 0.144385, 0.727273, 0.887701
 65.000000, 0.030769, 0.102564, 0.661538, 0.784615
 68.000000, 0.053922, 0.102941, 0.676471, 0.794118
21
 0.250000, 0.000000, 0.000000, 0.000000, 0.000000
 66.333333, 0.331658, 0.150754, 0.603015, 0.783920
 75.000000, 0.195556, 0.208889, 0.671111, 0.902222
 65.666667, 0.010152, 0.116751, 0.685279, 0.822335
 72.000000, 0.203704, 0.120370, 0.569444, 0.717593
 68.000000, 0.034314, 0.093137, 0.622549, 0.735294
 70.333333, 0.028436, 0.165877, 0.715640, 0.933649
 75.333333, 0.075221, 0.106195, 0.539823, 0.668142
 75.000000, 0.120000, 0.097778, 0.564444, 0.684444
 76.000000, 0.092105, 0.114035, 0.561404, 0.697368
 70.666667, 0.080189, 0.268868, 0.608491, 0.900943
 66.333333, 0.130653, 0.261307, 0.763819, 1.085427
 69.000000, 0.091787, 0.106280, 0.637681, 0.763285
 67.666667, 0.064039, 0.113300, 0.674877, 0.807882
 68.000000, 0.063725, 0.078431, 0.740196, 0.843137
 68.000000, 0.058824, 0.083333, 0.676471, 0.779412
 67.000000, 0.059701, 0.139303, 0.676617, 0.875622
 63.666667, 0.073298, 0.225131, 0.643979, 0.890052
 70.666667, 0.070755, 0.094340, 0.617925, 0.731132
 68.666667, 0.063107, 0.111650, 0.684466, 0.820388
22
 0.250000, 0.000000, 0.000000, 0.000000, 1.000000
 67.333333, 0.356436, 0.188119, 0.683168, 0.900990
 69.333333, 0.076923, 0.120192, 0.572115, 0.711538
 64.333333, 0.041451, 0.108808, 0.979275, 1.108808
 69.333333, 0.134615, 0.134615, 0.576923, 0.730769
 70.333333, 0.113744, 0.137441, 0.601896, 0.763033
 70.333333, 0.052133, 0.118483, 0.587678, 0.744076
 76.000000, 0.083333, 0.109649, 0.552632, 0.684211
 74.333333, 0.112108, 0.103139, 0.578475, 0.704036
 73.000000, 0.100457, 0.123288, 0.611872, 0.789954
 72.333333, 0.087558, 0.225806, 0.857143, 1.105991
 64.000000, 0.020833, 0.098958, 0.744792, 0.869792
 68.666667, 0.116505, 0.121359, 0.665049, 0.805825
 66.666667, 0.235000, 0.235000, 0.735000, 0.990000
 64.666667, 0.005155, 0.314433, 0.737113, 1.072165
 69.333333, 0.072115, 0.115385, 0.682692, 0.817308
 67.333333, 0.099010, 0.099010, 0.683168, 0.801980
 64.333333, 0.093264, 0.124352, 0.746114, 0.901554
 68.000000, 0.058824, 0.107843, 0.745098, 0.877451
 67.333333, 0.004950, 0.099010, 0.693069, 0.811881
23
 0.250000, 1.000000, 0.000000, 0.000000, 0.000000
 70.333333, 0.180095, 0.199052, 0.696682, 0.919431
 71.333333, 0.051402, 0.084112, 0.612150, 0.724299
 66.666667, 0.025000, 0.130000, 0.640000, 0.800000
 68.000000, 0.014706, 0.083333, 0.602941, 0.710784
 71.333333, 0.186916, 0.112150, 0.565421, 0.700935
 71.333333, 0.018692, 0.093458, 0.551402, 0.696262
 75.000000, 0.128889, 0.120000, 0.617778, 0.764444
 73.000000, 0.109589, 0.082192, 0.570776, 0.675799
 73.333333, 0.090909, 0.090909, 0.540909, 0.650000
 68.333333, 0.019512, 0.141463, 0.619512, 0.780488
 63.000000, 0.052910, 0.148148, 0.730159, 0.899471
 68.000000, 0.049020, 0.088235, 0.666667, 0.774510
 67.666667, 0.093596, 0.088670, 0.669951, 0.783251
 70.000000, 0.100000, 0.100000, 0.680952, 0.804762
 72.000000, 0.134259, 0.120370, 0.731481, 0.875000
 68.666667, 0.087379, 0.160194, 0.669903, 0.849515
 65.666667, 0.121827, 0.167513, 0.736041, 0.923858
 69.333333, 0.096154, 0.158654, 0.658654, 0.836538
 65.666667, 0.010152, 0.101523, 0.680203, 0.796954
24
 0.250000, 0.000000, 0.000000, 0.000000, 0.000000
 67.333333, 0.212871, 0.178218, 0.816832, 1.024752
 70.333333, 0.085308, 0.156398, 0.620853, 0.800948
 68.333333, 0.156098, 0.121951, 0.965854, 1.112195
 68.666667, 0.087379, 0.087379, 0.592233, 0.699029
 67.666667, 0.049261, 0.103448, 0.635468, 0.758621
 71.666667, 0.069767, 0.097674, 0.776744, 0.897674
 72.333333, 0.009217, 0.087558, 0.525346, 0.635945
 72.666667, 0.077982, 0.110092, 0.623853, 0.761468
 70.666667, 0.037736, 0.094340, 0.570755, 0.693396
 73.666667, 0.199095, 0.090498, 0.565611, 0.705882
 64.000000, 0.052083, 0.078125, 0.708333, 0.812500
 68.666667, 0.092233, 0.106796, 0.587379, 0.718447
 66.666667, 0.045000, 0.095000, 0.770000, 0.885000
 65.333333, 0.035714, 0.086735, 0.780612, 0.892857
 69.666667, 0.057416, 0.090909, 0.669856, 0.784689
 63.666667, 0.020942, 0.099476, 0.659686, 0.774869
 63.000000, 0.026455, 0.148148, 0.798942, 0.968254
 69.000000, 0.053140, 0.086957, 0.613527, 0.724638
 68.000000, 0.009804, 0.088235, 0.661765, 0.774510
25
 0.250000, 0.000000, 0.000000, 0.000000, 16.000000
 64.000000, 0.166667, 0.197917, 0.640625, 0.864583
 68.333333, 0.014634, 0.160976, 0.600000, 0.775610
 64.666667, 0.010309, 0.113402, 0.731959, 0.865979
 69.000000, 0.067633, 0.096618, 0.599034, 0.719807
 69.333333, 0.067308, 0.110577, 0.615385, 0.745192
 69.666667, 0.052632, 0.114833, 0.602871, 0.732057
 73.666667, 0.058824, 0.099548, 0.592760, 0.714932
 71.333333, 0.023364, 0.107477, 0.551402, 0.677570
 74.000000, 0.090090, 0.090090, 0.653153, 0.765766
 71.666667, 0.148837, 0.102326, 0.609302, 0.734884
 66.333333, 0.090452, 0.075377, 0.703518, 0.804020
 68.666667, 0.067961, 0.092233, 0.660194, 0.776699
 67.333333, 0.054455, 0.099010, 0.727723, 0.841584
 67.000000, 0.049751, 0.104478, 0.701493, 0.820896
 69.666667, 0.052632, 0.086124, 0.665072, 0.775120
 65.000000, 0.046154, 0.087179, 0.712821, 0.820513
 64.000000, 0.078125, 0.156250, 0.687500, 0.869792
 71.000000, 0.070423, 0.117371, 0.699531, 0.840376
 67.666667, 0.054187, 0.123153, 0.689655, 0.837438
26
 0.250000, 0.000000, 0.000000, 0.000000, 16.000000
 65.333333, 0.183673, 0.163265, 0.658163, 0.852041
 73.333333, 0.100000, 0.145455, 0.650000, 0.822727
 68.666667, 0.131068, 0.077670, 0.635922, 0.766990
 69.666667, 0.071770, 0.110048, 0.569378, 0.703349
 72.666667, 0.298165, 0.174312, 0.623853, 0.821101
 72.333333, 0.087558, 0.101382, 0.603687, 0.728111
 72.666667, 0.064220, 0.105505, 0.577982, 0.711009
 72.666667, 0.036697, 0.087156, 0.628440, 0.733945
 73.666667, 0.149321, 0.108597, 0.533937, 0.665158
 69.333333, 0.057692, 0.100962, 0.798077, 0.918269
 62.333333, 0.032086, 0.096257, 0.721925, 0.844920
 66.000000, 0.045455, 0.136364, 0.676768, 0.833333
 66.666667, 0.020000, 0.090000, 1.070000, 1.180000
 65.000000, 0.035897, 0.123077, 0.661538, 0.805128
 68.333333, 0.039024, 0.151220, 0.643902, 0.814634
 62.333333, 0.005348, 0.224599, 0.684492, 0.930481
 61.666667, 0.010811, 0.102703, 0.643243, 0.762162
 71.333333, 0.084112, 0.084112, 0.598131, 0.705607
 67.333333, 0.019802, 0.074257, 0.707921, 0.806931
27
 0.250000, 0.000000, 0.000000, 0.000000, 16.000000
 63.666667, 0.230366, 0.240838, 0.848168, 1.115183
 72.333333, 0.110599, 0.152074, 0.603687, 0.774194
 66.000000, 0.045455, 0.101010, 0.717172, 0.843434
 67.666667, 0.064039, 0.157635, 0.591133, 0.768473
 68.333333, 0.024390, 0.102439, 0.741463, 0.863415
 71.666667, 0.037209, 0.093023, 0.553488, 0.660465
 72.666667, 0.027523, 0.091743, 0.550459, 0.665138
 74.000000, 0.085586, 0.094595, 0.567568, 0.680180
 73.000000, 0.155251, 0.091324, 0.584475, 0.694064
 69.000000, 0.033816, 0.115942, 0.608696, 0.743961
 63.000000, 0.037037, 0.100529, 0.978836, 1.100529
 70.333333, 0.080569, 0.094787, 0.644550, 0.763033
 69.666667, 0.153110, 0.081340, 0.727273, 0.827751
 69.666667, 0.086124, 0.090909, 0.669856, 0.784689
 70.666667, 0.122642, 0.084906, 0.693396, 0.797170
 65.000000, 0.046154, 0.107692, 0.682051, 0.810256
 61.666667, 0.054054, 0.086486, 0.924324, 1.037838
 67.333333, 0.019802, 0.089109, 0.663366, 0.772277
 67.000000, 0.019900, 0.084577, 0.676617, 0.810945
28
 0.250000, 0.000000, 0.000000, 0.000000, 16.000000
 67.000000, 0.164179, 0.184080, 0.611940, 0.820896
 71.000000, 0.042254, 0.117371, 0.586854, 0.723005
 70.333333, 0.132701, 0.118483, 0.649289, 0.791469
 68.666667, 0.067961, 0.101942, 0.577670, 0.699029
 67.000000, 0.079602, 0.104478, 0.597015, 0.716418
 75.666667, 0.211454, 0.101322, 0.572687, 0.696035
 75.666667, 0.207048, 0.114537, 0.537445, 0.674009
 73.333333, 0.113636, 0.104545, 0.590909, 0.718182
 73.000000, 0.063927, 0.086758, 0.497717, 0.602740
 68.666667, 0.058252, 0.111650, 0.606796, 0.733010
 63.333333, 0.010526, 0.100000, 0.984211, 1.105263
 66.000000, 0.055556, 0.126263, 0.646465, 0.787879
 65.333333, 0.056122, 0.117347, 0.704082, 0.841837
 64.333333, 0.020725, 0.243523, 0.772021, 1.036269
 66.333333, 0.030151, 0.090452, 0.703518, 0.819095
 65.333333, 0.056122, 0.132653, 0.734694, 0.882653
 60.666667, 0.060440, 0.137363, 0.934066, 1.093407
 72.000000, 0.157407, 0.111111, 0.685185, 0.814815
 68.333333, 0.087805, 0.092683, 0.658537, 0.770732
29
 0.250000, 0.000000, 0.000000, 1.000000, 16.000000
 65.666667, 0.228426, 0.213198, 0.868020, 1.106599
 74.000000, 0.103604, 0.148649, 0.644144, 0.810811
 65.000000, 0.035897, 0.107692, 0.671795, 0.805128
 69.666667, 0.066986, 0.105263, 0.564593, 0.693780
 68.666667, 0.029126, 0.228155, 0.966019, 1.213592
 73.666667, 0.085973, 0.095023, 0.782805, 0.895928
 74.000000, 0.094595, 0.090090, 0.581081, 0.693694
 73.000000, 0.045662, 0.100457, 0.557078, 0.680365
 73.333333, 0.068182, 0.086364, 0.581818, 0.690909
 68.000000, 0.034314, 0.166667, 0.720588, 0.911765
 61.666667, 0.027027, 0.086486, 0.713514, 0.821622
 70.666667, 0.132075, 0.084906, 0.655660, 0.764151
 65.000000, 0.005128, 0.082051, 0.743590, 0.846154
 67.000000, 0.004975, 0.208955, 0.741294, 0.970149
 68.333333, 0.034146, 0.121951, 0.687805, 0.824390
 65.000000, 0.030769, 0.117949, 0.692308, 0.825641
 61.333333, 0.048913, 0.114130, 0.673913, 0.809783
 66.333333, 0.015075, 0.110553, 0.663317, 0.793970
 68.000000, 0.053922, 0.127451, 0.656863, 0.803922
30
 0.250000, 0.000000, 0.000000, 0.000000, 1.000000
 60.333333, 0.082873, 0.138122, 0.646409, 0.812155
 69.666667, 0.023923, 0.110048, 0.593301, 0.722488
 67.666667, 0.137931, 0.172414, 0.655172, 0.852217
 69.000000, 0.086957, 0.096618, 0.603865, 0.724638
 68.000000, 0.053922, 0.102941, 0.558824, 0.686275
 73.666667, 0.076923, 0.113122, 0.769231, 0.904977
 73.333333, 0.036364, 0.118182, 0.563636, 0.700000
 72.333333, 0.041475, 0.092166, 0.516129, 0.631336
 72.333333, 0.064516, 0.119816, 0.539171, 0.677419
 67.666667, 0.029557, 0.118227, 0.625616, 0.763547
 61.000000, 0.016393, 0.142077, 0.710383, 0.868852
 69.666667, 0.052632, 0.081340, 0.684211, 0.789474
 69.333333, 0.120192, 0.086538, 0.716346, 0.826923
 72.000000, 0.208333, 0.092593, 0.643519, 0.759259
 68.666667, 0.033981, 0.106796, 0.713592, 0.839806
 66.666667, 0.085000, 0.155000, 0.680000, 0.855000
 64.000000, 0.083333, 0.125000, 0.713542, 0.864583
 73.000000, 0.091324, 0.086758, 0.666667, 0.780822
 68.666667, 0.048544, 0.077670, 0.703883, 0.800971
31
 0.250000, 0.000000, 0.000000, 0.000000, 0.000000
 63.333333, 0.073684, 0.147368, 0.668421, 0.842105
 72.333333, 0.115207, 0.096774, 0.562212, 0.677419
 66.333333, 0.065327, 0.135678, 0.984925, 1.145729
 70.333333, 0.071090, 0.293839, 0.597156, 0.919431
 70.666667, 0.179245, 0.094340, 0.617925, 0.735849
 71.666667, 0.055814, 0.093023, 0.604651, 0.720930
 74.333333, 0.058296, 0.089686, 0.538117, 0.650224
 72.666667, 0.055046, 0.123853, 0.564220, 0.711009
 71.666667, 0.093023, 0.097674, 0.525581, 0.651163
 69.333333, 0.052885, 0.115385, 0.610577, 0.745192
 58.666667, 0.000000, 0.096591, 0.732955, 0.846591
 68.333333, 0.053659, 0.102439, 0.692683, 0.809756
 65.666667, 0.025381, 0.091371, 0.715736, 0.827411
 66.000000, 0.075758, 0.101010, 0.671717, 0.858586
 70.000000, 0.071429, 0.090476, 0.676190, 0.790476
 67.333333, 0.069307, 0.079208, 0.678218, 0.782178
 61.333333, 0.027174, 0.173913, 1.021739, 1.217391
 67.666667, 0.034483, 0.162562, 0.669951, 0.852217
 68.000000, 0.078431, 0.098039, 0.656863, 0.769608
Histogram
7 0 0 0 0 0 93 224 193 50 26 22 5 0 0 0 0 0 0 0 0 0 0 0 0 0 0 0 0 0 1 0 0 0 0 0 0 0 0 0 0 0 0 0 0 0 0 0 0 0 0 0 0 0 0 0 0 0 0 0 1 0 0 0 0 0 0 0 0 0 0 0 0 0 0 0 0 0 0 0 0 0 0 0 0 0 0 0 0 0 4 0 0 0 0 0 0 0 0 0 1 0 0 0 0 0 0 0 0 0 1 0 0 0 0 0 0 0 0 12 
Cache Miss Ratio
NaN
numOfSets
130501
numOfGets
0
numOfMultiGets
0
