20
0
 0.250000, 1.000000, 1.000000, 3.000000, 18.000000
 218.333333, 0.363359, 0.354198, 0.885496, 1.279389
 282.666667, 0.340802, 0.135613, 0.680425, 0.834906
 268.666667, 0.429280, 0.135236, 0.687345, 0.842432
 266.000000, 0.373434, 0.141604, 0.798246, 0.967419
 254.000000, 0.297900, 0.188976, 0.757218, 0.971129
 195.666667, 0.151618, 0.178876, 0.981261, 1.173765
 249.333333, 0.220588, 0.163102, 0.872995, 1.052139
 250.666667, 0.176862, 0.152926, 0.686170, 0.855053
 277.333333, 0.514423, 0.117788, 0.737981, 0.876202
 288.333333, 0.769942, 0.151445, 0.657803, 0.828902
 252.333333, 0.344782, 0.133421, 0.783355, 0.933950
 225.000000, 0.216296, 0.180741, 0.976296, 1.171852
 252.666667, 0.211082, 0.182058, 0.620053, 0.816623
 225.000000, 0.170370, 0.223704, 0.801481, 1.060741
 250.000000, 0.301333, 0.181333, 0.920000, 1.120000
 225.000000, 0.291852, 0.202963, 0.850370, 1.075556
 216.666667, 0.278462, 0.293846, 0.958462, 1.270769
 241.333333, 0.494475, 0.140884, 0.796961, 0.955801
 228.666667, 0.158892, 0.306122, 0.809038, 1.131195
1
 0.250000, 0.000000, 1.000000, 3.000000, 27.000000
 221.000000, 0.399698, 0.325792, 0.903469, 1.248869
 267.333333, 0.310474, 0.144638, 0.678304, 0.840399
 242.000000, 0.183196, 0.161157, 0.666667, 0.842975
 252.333333, 0.217966, 0.153236, 0.804491, 0.973580
 258.333333, 0.278710, 0.150968, 0.729032, 0.896774
 207.333333, 0.228296, 0.191318, 0.827974, 1.036977
 263.666667, 0.286979, 0.132743, 0.838180, 0.987358
 260.000000, 0.238462, 0.214103, 0.701282, 0.935897
 253.000000, 0.198946, 0.140975, 0.735178, 0.893281
 243.666667, 0.242134, 0.160055, 0.663475, 0.839945
 253.000000, 0.408432, 0.137022, 0.724638, 0.878788
 237.666667, 0.315568, 0.196353, 0.973352, 1.186536
 251.666667, 0.202649, 0.178808, 0.678146, 0.872848
 236.666667, 0.269014, 0.278873, 0.740845, 1.035211
 262.000000, 0.441476, 0.189567, 0.865140, 1.081425
 223.000000, 0.270553, 0.153961, 0.813154, 0.983558
 211.000000, 0.222749, 0.222749, 0.962085, 1.200632
 240.333333, 0.439667, 0.188627, 0.909847, 1.116505
 253.000000, 0.341238, 0.223979, 0.945982, 1.188406
2
 0.250000, 1.000000, 1.000000, 3.000000, 18.000000
 224.666667, 0.467359, 0.387240, 0.925816, 1.335312
 262.000000, 0.386768, 0.150127, 0.680662, 0.846056
 243.666667, 0.220246, 0.165527, 0.670315, 0.848153
 259.000000, 0.177606, 0.136422, 0.797941, 0.949807
 240.000000, 0.176389, 0.216667, 0.740278, 0.986111
 215.333333, 0.318885, 0.185759, 0.989164, 1.191950
 267.333333, 0.286783, 0.140898, 0.842893, 1.008728
 258.000000, 0.236434, 0.155039, 0.723514, 0.895349
 251.333333, 0.377984, 0.236074, 0.758621, 1.009284
 256.666667, 0.312987, 0.188312, 0.700000, 0.905195
 228.666667, 0.255102, 0.177843, 0.778426, 0.970845
 223.333333, 0.214925, 0.198507, 0.982090, 1.197015
 256.333333, 0.237971, 0.172952, 0.663199, 0.853056
 234.000000, 0.230769, 0.185185, 0.824786, 1.025641
 229.666667, 0.188679, 0.174165, 0.911466, 1.105951
 233.000000, 0.466381, 0.115880, 1.074392, 1.208870
 212.000000, 0.235849, 0.361635, 0.878931, 1.331761
 222.666667, 0.305389, 0.155689, 0.803892, 0.998503
 253.333333, 0.326316, 0.252632, 0.638158, 0.919737
3
 0.250000, 0.000000, 13.000000, 4.000000, 26.000000
 214.666667, 0.430124, 0.408385, 0.965839, 1.392857
 281.000000, 0.466192, 0.141163, 0.680902, 0.846975
 271.333333, 0.568796, 0.160934, 0.652334, 0.830467
 259.000000, 0.160875, 0.148005, 0.770914, 0.943372
 252.666667, 0.166227, 0.174142, 0.709763, 0.905013
 212.666667, 0.242947, 0.170846, 1.089342, 1.275862
 258.333333, 0.218065, 0.138065, 0.852903, 1.006452
 253.333333, 0.231579, 0.152632, 0.681579, 0.857895
 247.666667, 0.177658, 0.137281, 0.752355, 0.915209
 257.000000, 0.363165, 0.132296, 0.701686, 0.850843
 240.000000, 0.280556, 0.173611, 0.755556, 0.944444
 234.333333, 0.241821, 0.163585, 0.957326, 1.146515
 259.000000, 0.296010, 0.193050, 0.700129, 0.917632
 223.333333, 0.135821, 0.238806, 0.888060, 1.159701
 238.333333, 0.262937, 0.191608, 0.872727, 1.095105
 216.666667, 0.238462, 0.161538, 0.949231, 1.126154
 217.333333, 0.322086, 0.311350, 0.953988, 1.280675
 229.666667, 0.320755, 0.161103, 0.815675, 0.995646
 249.333333, 0.364973, 0.135027, 0.665775, 0.818182
4
 0.250000, 1.000000, 13.000000, 3.000000, 27.000000
 204.666667, 0.254072, 0.314332, 0.897394, 1.250814
 244.000000, 0.168033, 0.170765, 0.704918, 0.898907
 263.000000, 0.376426, 0.143219, 0.702155, 0.864385
 271.000000, 0.311193, 0.126691, 0.794588, 0.949569
 241.666667, 0.164138, 0.188966, 0.722759, 0.926897
 208.000000, 0.248397, 0.171474, 0.796474, 0.985577
 284.000000, 0.411972, 0.123239, 0.820423, 0.963615
 274.666667, 0.395631, 0.175971, 0.684466, 0.879854
 251.333333, 0.376658, 0.226790, 0.746684, 0.997347
 234.000000, 0.293447, 0.172365, 0.725071, 0.921652
 243.333333, 0.315068, 0.169863, 0.756164, 0.942466
 223.000000, 0.185351, 0.215247, 0.976084, 1.206278
 254.333333, 0.233290, 0.167759, 0.766710, 0.958060
 236.333333, 0.293371, 0.191819, 0.863188, 1.070522
 242.000000, 0.285124, 0.187328, 0.957300, 1.162534
 214.666667, 0.260870, 0.181677, 0.855590, 1.063665
 213.333333, 0.226563, 0.260938, 0.953125, 1.240625
 228.000000, 0.326023, 0.211988, 0.823099, 1.051170
 230.000000, 0.184058, 0.169565, 0.772464, 0.963768
5
 0.250000, 1.000000, 13.000000, 2.000000, 17.000000
 226.333333, 0.450663, 0.321060, 0.891016, 1.232695
 275.666667, 0.363966, 0.133011, 0.666264, 0.824667
 275.666667, 0.600967, 0.143894, 0.636034, 0.805320
 256.333333, 0.162549, 0.156047, 0.799740, 0.971391
 272.000000, 0.376225, 0.120098, 0.750000, 0.888480
 217.666667, 0.231240, 0.142420, 0.774885, 0.935681
 263.000000, 0.253485, 0.154626, 0.793409, 0.965779
 262.333333, 0.371029, 0.148666, 0.687421, 0.852605
 247.000000, 0.143050, 0.149798, 0.747638, 0.912281
 246.333333, 0.235453, 0.148850, 0.699594, 0.866035
 242.000000, 0.275482, 0.162534, 0.758953, 0.936639
 232.333333, 0.230990, 0.185079, 0.965567, 1.164993
 259.000000, 0.326898, 0.203346, 0.691120, 0.909910
 240.666667, 0.328255, 0.134349, 0.725762, 0.885042
 256.000000, 0.454427, 0.199219, 0.903646, 1.130208
 227.000000, 0.371512, 0.160059, 0.856094, 1.032305
 218.000000, 0.226300, 0.235474, 0.944954, 1.197248
 216.666667, 0.226154, 0.209231, 0.856923, 1.081538
 238.666667, 0.164804, 0.199721, 0.675978, 0.891061
6
 0.250000, 1.000000, 14.000000, 2.000000, 17.000000
 208.666667, 0.313099, 0.337061, 0.854633, 1.225240
 269.333333, 0.366337, 0.149752, 0.681931, 0.846535
 242.000000, 0.157025, 0.155647, 0.669421, 0.844353
 268.666667, 0.275434, 0.126551, 0.801489, 0.944169
 268.333333, 0.268323, 0.145342, 0.701863, 0.863354
 207.666667, 0.189406, 0.165329, 0.754414, 0.935795
 267.333333, 0.344140, 0.138404, 0.837905, 0.991272
 253.333333, 0.223684, 0.148684, 0.669737, 0.834211
 249.666667, 0.222964, 0.145527, 0.763685, 0.923899
 235.333333, 0.203966, 0.158640, 0.692635, 0.865439
 236.333333, 0.303244, 0.169252, 0.739069, 0.926657
 233.000000, 0.248927, 0.161660, 0.958512, 1.135908
 254.333333, 0.285714, 0.133683, 0.646134, 0.796855
 238.000000, 0.448179, 0.348739, 0.750700, 1.116246
 251.000000, 0.274900, 0.172643, 0.876494, 1.066401
 225.666667, 0.307238, 0.163959, 0.923191, 1.109306
 208.000000, 0.116987, 0.301282, 0.964744, 1.282051
 221.000000, 0.230769, 0.220211, 0.829563, 1.064857
 252.333333, 0.276090, 0.122853, 0.733157, 0.874505
7
 0.250000, 0.000000, 14.000000, 0.000000, 26.000000
 218.333333, 0.749618, 0.468702, 0.975573, 1.474809
 255.333333, 0.250653, 0.169713, 0.707572, 0.892950
 265.333333, 0.579146, 0.204774, 0.654523, 0.874372
 255.666667, 0.173403, 0.162973, 0.801825, 0.981747
 266.333333, 0.310388, 0.158949, 0.718398, 0.893617
 218.666667, 0.227134, 0.152439, 0.711890, 0.882622
 268.000000, 0.304726, 0.133085, 0.779851, 0.929104
 251.000000, 0.167331, 0.162019, 0.702523, 0.881806
 244.000000, 0.166667, 0.144809, 0.755464, 0.913934
 251.666667, 0.259603, 0.153642, 0.708609, 0.876821
 236.666667, 0.256338, 0.140845, 0.743662, 0.902817
 229.333333, 0.287791, 0.186047, 0.975291, 1.178779
 249.000000, 0.165997, 0.159304, 0.645248, 0.820616
 221.333333, 0.242470, 0.219880, 0.884036, 1.129518
 251.333333, 0.362069, 0.147215, 0.888594, 1.055703
 216.666667, 0.227692, 0.140000, 0.990769, 1.149231
 218.333333, 0.273282, 0.207634, 0.949618, 1.172519
 215.333333, 0.190402, 0.151703, 0.970588, 1.140867
 227.666667, 0.161054, 0.171303, 0.648609, 0.833089
8
 0.250000, 0.000000, 14.000000, 0.000000, 26.000000
 212.333333, 0.323391, 0.390895, 0.879121, 1.290424
 264.333333, 0.248424, 0.151324, 0.660782, 0.846154
 237.333333, 0.160112, 0.154494, 0.674157, 0.851124
 260.666667, 0.310742, 0.173913, 0.805627, 0.994885
 274.000000, 0.358881, 0.120438, 0.669100, 0.806569
 211.666667, 0.239370, 0.162205, 0.992126, 1.170079
 258.333333, 0.190968, 0.140645, 0.809032, 0.966452
 248.333333, 0.187919, 0.170470, 0.720805, 0.915436
 244.666667, 0.147139, 0.143052, 0.754768, 0.912807
 266.000000, 0.427318, 0.154135, 0.710526, 0.882206
 242.666667, 0.310440, 0.159341, 0.728022, 0.906593
 237.666667, 0.270687, 0.176718, 0.955119, 1.148668
 262.333333, 0.260483, 0.189327, 0.686150, 0.891995
 228.666667, 0.329446, 0.274052, 0.693878, 1.065598
 236.000000, 0.217514, 0.190678, 0.956215, 1.162429
 220.000000, 0.221212, 0.140909, 0.809091, 0.966667
 226.666667, 0.454412, 0.330882, 0.880882, 1.229412
 223.000000, 0.246637, 0.144993, 0.923767, 1.085202
 239.666667, 0.182197, 0.146036, 0.706537, 0.869263
9
 0.250000, 0.000000, 13.000000, 1.000000, 26.000000
 234.666667, 0.775568, 0.355114, 0.825284, 1.211648
 270.666667, 0.315271, 0.149015, 0.676108, 0.841133
 240.666667, 0.207756, 0.180055, 0.695291, 0.890582
 250.333333, 0.194407, 0.159787, 0.816245, 0.990679
 258.000000, 0.248062, 0.153747, 0.686047, 0.855297
 202.000000, 0.143564, 0.184818, 0.952145, 1.151815
 245.333333, 0.160326, 0.158967, 0.831522, 1.005435
 253.333333, 0.226316, 0.155263, 0.706579, 0.878947
 242.666667, 0.171703, 0.152473, 0.762363, 0.929945
 224.666667, 0.173591, 0.169139, 0.718101, 0.900593
 231.000000, 0.189033, 0.170274, 0.754690, 0.959596
 227.333333, 0.149560, 0.171554, 0.960411, 1.146628
 253.000000, 0.223979, 0.144928, 0.756258, 0.919631
 213.333333, 0.121875, 0.200000, 0.732813, 0.959375
 233.666667, 0.296719, 0.206847, 0.875892, 1.108417
 219.666667, 0.186646, 0.153263, 0.789074, 0.960546
 208.666667, 0.167732, 0.199681, 0.888179, 1.113419
 227.000000, 0.303965, 0.162996, 0.933921, 1.116006
 232.000000, 0.189655, 0.162356, 0.692529, 0.870690
10
 0.250000, 0.000000, 1.000000, 0.000000, 13.000000
 227.666667, 0.525622, 0.314788, 0.961933, 1.300146
 277.333333, 0.487981, 0.139423, 0.674279, 0.840144
 252.666667, 0.279683, 0.159631, 0.653034, 0.832454
 264.333333, 0.226986, 0.148802, 0.784363, 0.948298
 258.666667, 0.219072, 0.155928, 0.731959, 0.903351
 211.000000, 0.282780, 0.187994, 0.958926, 1.162717
 265.666667, 0.269762, 0.144291, 0.769134, 0.930991
 254.666667, 0.222513, 0.151832, 0.701571, 0.870419
 246.333333, 0.117727, 0.138024, 0.749662, 0.902571
 241.000000, 0.217151, 0.168741, 0.733057, 0.917012
 250.333333, 0.344874, 0.151798, 0.754993, 0.924101
 235.000000, 0.234043, 0.171631, 0.937589, 1.126241
 267.000000, 0.299625, 0.169788, 0.645443, 0.832709
 243.666667, 0.310534, 0.212038, 0.960328, 1.188782
 252.666667, 0.307388, 0.213720, 0.819261, 1.051451
 221.000000, 0.236802, 0.134238, 0.766214, 0.927602
 208.666667, 0.135783, 0.223642, 0.985623, 1.228435
 240.666667, 0.473684, 0.181440, 0.925208, 1.126039
 246.666667, 0.327027, 0.189189, 0.782432, 1.009459
11
 0.250000, 0.000000, 0.000000, 1.000000, 13.000000
 223.666667, 0.454545, 0.290611, 0.876304, 1.186289
 259.333333, 0.241645, 0.143959, 0.681234, 0.850900
 246.000000, 0.204607, 0.178862, 0.688347, 0.880759
 263.000000, 0.238276, 0.140684, 0.804816, 0.960710
 268.666667, 0.305211, 0.145161, 0.705955, 0.869727
 229.333333, 0.542151, 0.161337, 0.931686, 1.111919
 272.333333, 0.388005, 0.145655, 0.826193, 0.988984
 271.000000, 0.452645, 0.196802, 0.702337, 0.917589
 243.333333, 0.117808, 0.146575, 0.757534, 0.917808
 266.333333, 0.575720, 0.140175, 0.693367, 0.861076
 240.666667, 0.238227, 0.171745, 0.753463, 0.940443
 248.000000, 0.385753, 0.172043, 0.936828, 1.125000
 247.666667, 0.236878, 0.172275, 0.664872, 0.868102
 237.333333, 0.248596, 0.192416, 1.026685, 1.235955
 249.333333, 0.272727, 0.196524, 0.864973, 1.088235
 232.666667, 0.309456, 0.179083, 0.938395, 1.146132
 211.333333, 0.242902, 0.244479, 0.881703, 1.141956
 217.000000, 0.245776, 0.167435, 0.798771, 0.986175
 230.000000, 0.152174, 0.146377, 0.653623, 0.824638
12
 0.250000, 0.000000, 0.000000, 3.000000, 13.000000
 203.000000, 0.477833, 0.389163, 1.031199, 1.440066
 254.000000, 0.175853, 0.157480, 0.677165, 0.849081
 252.000000, 0.291005, 0.177249, 0.673280, 0.865079
 268.000000, 0.305970, 0.135572, 0.808458, 0.960199
 261.333333, 0.266582, 0.133929, 0.697704, 0.846939
 209.000000, 0.173844, 0.161085, 0.875598, 1.059011
 261.333333, 0.224490, 0.135204, 0.831633, 0.983418
 258.000000, 0.259690, 0.195090, 0.697674, 0.918605
 266.333333, 0.371715, 0.116395, 0.846058, 0.982478
 255.000000, 0.449673, 0.169935, 0.657516, 0.843137
 247.000000, 0.307692, 0.163293, 0.735493, 0.914980
 244.000000, 0.387978, 0.184426, 0.933060, 1.135246
 260.333333, 0.294494, 0.174136, 0.818182, 1.007682
 242.000000, 0.362259, 0.172176, 0.862259, 1.052342
 255.666667, 0.408083, 0.211213, 0.803129, 1.035202
 246.333333, 0.508796, 0.265223, 0.889039, 1.175913
 212.333333, 0.241758, 0.313972, 0.960754, 1.291994
 233.000000, 0.309013, 0.154506, 0.741059, 0.921316
 247.000000, 0.237517, 0.219973, 0.780027, 1.028340
13
 0.250000, 0.000000, 0.000000, 0.000000, 10.000000
 209.666667, 0.333863, 0.308426, 0.917329, 1.246423
 258.000000, 0.291990, 0.160207, 0.692506, 0.886305
 246.000000, 0.233062, 0.173442, 0.666667, 0.856369
 256.000000, 0.147135, 0.156250, 0.817708, 0.989583
 269.000000, 0.327138, 0.143742, 0.692689, 0.852540
 213.000000, 0.208138, 0.173709, 1.026604, 1.219092
 246.000000, 0.130081, 0.157182, 0.825203, 0.998645
 259.666667, 0.267009, 0.174583, 0.700899, 0.892169
 245.000000, 0.172789, 0.142857, 0.764626, 0.921088
 257.000000, 0.295720, 0.140078, 0.669261, 0.827497
 236.333333, 0.276446, 0.207334, 0.771509, 0.994358
 238.000000, 0.331933, 0.158263, 0.932773, 1.106443
 257.666667, 0.336352, 0.174644, 0.677878, 0.879690
 232.666667, 0.246418, 0.207736, 0.848138, 1.073066
 259.666667, 0.617458, 0.206675, 0.944801, 1.205392
 227.000000, 0.315712, 0.149780, 0.913363, 1.079295
 228.000000, 0.415205, 0.171053, 0.942982, 1.131579
 223.666667, 0.251863, 0.214605, 0.874814, 1.105812
 239.666667, 0.208623, 0.143255, 0.670376, 0.830320
14
 0.250000, 0.000000, 0.000000, 0.000000, 11.000000
 216.000000, 0.699074, 0.362654, 0.949074, 1.365741
 244.333333, 0.252387, 0.175989, 0.683492, 0.877217
 252.666667, 0.346966, 0.156992, 0.667546, 0.841689
 248.666667, 0.093834, 0.155496, 0.816354, 0.986595
 264.333333, 0.336696, 0.150063, 0.669609, 0.837327
 210.666667, 0.303797, 0.177215, 0.810127, 1.003165
 259.333333, 0.222365, 0.154242, 0.812339, 0.983290
 269.666667, 0.394314, 0.229913, 0.684796, 0.939431
 240.000000, 0.105556, 0.141667, 0.762500, 0.918056
 240.000000, 0.251389, 0.158333, 0.684722, 0.866667
 230.666667, 0.223988, 0.184971, 0.745665, 0.945087
 237.333333, 0.321629, 0.167135, 0.942416, 1.126404
 254.333333, 0.249017, 0.152031, 0.618611, 0.792923
 240.333333, 0.327323, 0.144244, 0.819695, 0.980583
 232.666667, 0.200573, 0.163324, 0.893983, 1.084527
 238.666667, 0.382682, 0.160615, 0.918994, 1.107542
 221.000000, 0.408748, 0.214178, 0.939668, 1.170437
 233.000000, 0.276109, 0.147353, 0.849785, 1.014306
 238.333333, 0.197203, 0.184615, 0.724476, 0.927273
15
 0.250000, 0.000000, 0.000000, 8.000000, 9.000000
 190.333333, 0.302977, 0.364273, 0.926445, 1.346760
 253.666667, 0.210250, 0.159001, 0.700394, 0.883049
 257.666667, 0.265201, 0.150065, 0.672704, 0.847348
 265.666667, 0.333752, 0.130489, 0.789210, 0.936010
 266.000000, 0.293233, 0.155388, 0.703008, 0.874687
 198.666667, 0.203020, 0.209732, 0.994966, 1.221477
 247.333333, 0.196765, 0.159030, 0.822102, 1.006739
 248.000000, 0.137097, 0.150538, 0.689516, 0.864247
 247.000000, 0.153846, 0.148448, 0.751687, 0.913630
 253.000000, 0.333333, 0.143610, 0.683794, 0.860343
 238.333333, 0.328671, 0.187413, 0.786014, 0.988811
 230.000000, 0.250725, 0.201449, 0.978261, 1.195652
 243.666667, 0.224350, 0.181943, 0.860465, 1.067031
 210.666667, 0.156646, 0.194620, 0.805380, 1.014241
 234.000000, 0.227920, 0.178063, 0.841880, 1.045584
 221.666667, 0.248120, 0.163910, 0.796992, 0.977444
 217.000000, 0.198157, 0.150538, 0.975422, 1.144393
 226.333333, 0.344624, 0.166421, 0.873343, 1.055965
 230.666667, 0.167630, 0.251445, 0.898844, 1.166185
Histogram
0 0 0 0 0 0 0 2 87 91 40 53 23 6 2 0 0 0 0 0 0 0 0 0 0 0 0 0 0 0 0 0 0 0 0 0 0 0 0 0 0 0 0 0 0 0 0 0 0 0 0 0 0 0 0 0 0 0 0 0 0 0 0 0 0 0 0 0 0 0 0 0 0 0 0 0 0 0 0 0 0 0 0 0 0 0 0 0 0 0 1 0 0 0 0 0 0 0 0 0 1 0 0 0 0 0 0 0 0 0 1 0 0 0 0 0 0 0 0 13 
Cache Miss Ratio
NaN
numOfSets
232955
numOfGets
0
numOfMultiGets
0
