20
0
 0.250000, 10.000000, 0.000000, 2.000000, 37.000000
 336.000000, 1.014881, 0.394841, 1.166667, 1.637897
 373.000000, 1.033959, 0.316354, 1.008043, 1.366399
 421.666667, 0.946245, 0.295652, 0.894862, 1.234783
 397.333333, 0.934564, 0.316275, 0.934564, 1.290268
 395.666667, 0.978939, 0.318450, 0.961247, 1.341196
 398.666667, 0.959030, 0.320234, 0.957358, 1.316890
 399.333333, 0.993322, 0.336394, 0.954925, 1.331386
 389.000000, 1.021422, 0.307626, 1.148243, 1.496144
 387.333333, 1.016351, 0.334768, 1.031842, 1.411360
 401.666667, 1.110373, 0.337759, 0.961826, 1.344398
 360.666667, 0.957486, 0.314233, 1.064695, 1.427911
 359.333333, 1.267161, 0.389610, 1.066790, 1.507421
 340.000000, 1.058824, 0.316667, 0.933333, 1.300000
 282.333333, 0.785124, 0.330579, 0.929162, 1.303424
 331.000000, 0.821752, 0.287009, 0.895267, 1.224572
 297.000000, 0.886644, 0.404040, 0.966330, 1.414141
 343.333333, 0.936893, 0.329126, 1.053398, 1.422330
 366.000000, 0.993625, 0.309654, 0.948998, 1.301457
 341.666667, 0.835122, 0.309268, 1.066341, 1.420488
1
 0.250000, 13.000000, 0.000000, 3.000000, 12.000000
 338.333333, 0.992118, 0.426601, 1.181281, 1.677833
 367.333333, 0.975499, 0.315789, 1.016334, 1.372958
 426.000000, 1.010172, 0.287167, 0.902191, 1.230829
 412.333333, 1.020210, 0.315279, 0.920776, 1.275667
 398.333333, 1.008368, 0.322176, 0.961506, 1.323013
 402.666667, 0.968543, 0.346026, 0.961093, 1.347682
 398.000000, 1.025126, 0.360134, 0.946399, 1.347571
 402.333333, 1.130903, 0.316487, 1.139188, 1.497100
 373.000000, 0.867739, 0.319035, 1.024129, 1.389634
 403.666667, 0.990917, 0.315442, 0.933939, 1.289843
 362.666667, 0.955882, 0.329044, 1.068015, 1.441176
 362.000000, 1.284530, 0.375691, 1.081952, 1.506446
 343.666667, 1.003880, 0.317168, 0.941804, 1.299709
 291.333333, 1.037757, 0.356979, 0.916476, 1.315789
 334.000000, 0.781437, 0.319361, 0.912176, 1.273453
 297.000000, 0.976431, 0.381594, 0.950617, 1.373737
 355.666667, 1.030928, 0.352390, 1.043112, 1.440487
 366.666667, 1.003636, 0.319091, 0.959091, 1.319091
 356.333333, 1.012161, 0.297474, 1.076707, 1.412535
2
 0.250000, 13.000000, 0.000000, 2.000000, 12.000000
 350.333333, 1.092293, 0.408183, 1.149382, 1.640343
 377.333333, 1.019435, 0.333922, 1.009717, 1.386926
 420.333333, 1.061063, 0.299762, 0.900079, 1.240285
 398.666667, 0.948161, 0.289298, 0.913880, 1.244983
 395.000000, 1.005063, 0.329114, 0.955274, 1.329114
 395.666667, 0.886268, 0.333614, 0.976411, 1.349621
 397.666667, 1.065381, 0.336966, 0.962280, 1.339480
 387.666667, 0.881341, 0.309544, 1.158212, 1.509888
 388.666667, 0.963979, 0.319039, 1.015437, 1.374786
 399.666667, 0.978315, 0.337781, 0.938282, 1.316931
 366.666667, 1.130909, 0.322727, 1.067273, 1.436364
 360.666667, 1.328096, 0.391867, 1.100739, 1.540665
 341.333333, 0.939453, 0.321289, 0.944336, 1.307617
 287.333333, 0.939675, 0.319026, 0.912993, 1.273782
 324.000000, 0.768519, 0.292181, 0.898148, 1.237654
 304.666667, 1.223195, 0.396061, 0.969365, 1.413567
 350.666667, 0.974335, 0.336502, 1.046578, 1.427757
 373.666667, 1.162355, 0.338091, 0.925067, 1.305085
 345.666667, 0.913211, 0.321119, 1.083896, 1.442623
3
 0.250000, 11.000000, 0.000000, 1.000000, 30.000000
 337.000000, 0.990109, 0.377844, 1.192878, 1.644906
 378.333333, 1.057269, 0.344493, 0.985022, 1.370044
 426.000000, 1.002347, 0.298122, 0.899061, 1.240219
 409.333333, 1.060261, 0.335505, 0.912866, 1.294788
 389.000000, 0.867181, 0.322194, 0.951157, 1.319623
 402.000000, 0.936153, 0.318408, 0.948590, 1.309287
 401.666667, 1.014938, 0.332780, 0.956017, 1.330290
 388.333333, 0.898712, 0.315021, 1.174249, 1.529614
 384.000000, 0.815972, 0.301215, 1.033854, 1.375000
 396.000000, 1.001684, 0.313973, 0.956229, 1.315657
 360.000000, 0.930556, 0.300926, 1.054630, 1.398148
 363.000000, 1.253444, 0.362718, 1.099174, 1.513315
 343.333333, 1.022330, 0.334951, 0.923301, 1.306796
 285.000000, 0.711111, 0.329825, 0.901754, 1.277193
 333.000000, 0.778779, 0.303303, 0.937938, 1.283283
 299.333333, 0.986637, 0.383073, 0.973274, 1.398664
 356.333333, 1.004677, 0.337699, 1.055192, 1.435921
 369.000000, 1.055104, 0.329720, 0.935863, 1.308943
 349.666667, 0.939943, 0.297426, 1.040038, 1.387035
4
 0.250000, 2.000000, 2.000000, 1.000000, 33.000000
 353.000000, 1.208687, 0.414542, 1.154863, 1.640227
 372.666667, 1.105546, 0.366726, 1.025045, 1.431127
 417.333333, 0.976837, 0.285942, 0.904952, 1.235623
 397.666667, 0.835708, 0.288349, 0.911148, 1.239732
 411.333333, 1.094814, 0.304700, 0.942464, 1.287682
 405.000000, 1.044444, 0.341564, 0.962140, 1.343210
 398.666667, 1.033445, 0.321070, 0.951505, 1.314381
 401.666667, 1.064730, 0.312033, 1.213278, 1.565975
 388.333333, 1.070386, 0.339914, 1.020601, 1.404292
 398.333333, 0.995816, 0.319665, 0.941423, 1.302092
 361.000000, 0.945522, 0.312096, 1.069252, 1.424746
 363.000000, 1.253444, 0.382002, 1.102847, 1.532599
 340.666667, 0.951076, 0.336595, 0.947162, 1.328767
 293.333333, 0.889773, 0.322727, 0.913636, 1.280682
 331.333333, 0.800805, 0.304829, 0.902414, 1.248491
 300.333333, 1.137625, 0.411765, 0.966704, 1.422863
 367.333333, 1.144283, 0.344828, 1.032668, 1.418330
 359.333333, 0.896104, 0.320965, 0.948052, 1.309833
 351.000000, 0.912631, 0.341880, 1.072175, 1.451092
5
 0.250000, 9.000000, 3.000000, 0.000000, 29.000000
 356.000000, 1.086142, 0.411985, 1.132022, 1.617041
 369.666667, 1.038774, 0.344454, 1.012624, 1.398557
 414.000000, 0.855878, 0.280998, 0.901771, 1.223027
 405.333333, 0.944079, 0.294408, 0.888980, 1.223684
 408.666667, 1.096248, 0.336052, 0.954323, 1.331158
 414.000000, 1.034622, 0.351047, 0.946055, 1.343800
 392.666667, 0.989813, 0.320883, 0.972835, 1.334465
 384.333333, 0.830876, 0.302689, 1.183868, 1.524718
 386.666667, 1.026724, 0.305172, 1.016379, 1.363793
 398.333333, 0.992469, 0.316318, 0.943933, 1.303766
 366.666667, 1.018182, 0.320000, 1.056364, 1.418182
 365.000000, 1.355251, 0.414612, 1.091324, 1.557991
 346.666667, 1.033654, 0.306731, 0.920192, 1.269231
 284.666667, 0.826698, 0.336066, 0.909836, 1.289227
 332.333333, 0.871615, 0.302909, 0.890672, 1.235707
 288.666667, 0.790993, 0.339492, 0.933025, 1.315242
 347.000000, 0.978866, 0.316042, 1.038425, 1.393852
 362.666667, 0.904412, 0.300551, 0.946691, 1.289522
 349.666667, 0.810296, 0.305052, 1.064824, 1.408961
6
 0.250000, 6.000000, 4.000000, 0.000000, 31.000000
 344.333333, 1.041626, 0.424976, 1.161665, 1.655373
 383.666667, 1.085143, 0.354474, 1.016507, 1.411816
 411.000000, 0.899432, 0.285483, 0.905921, 1.230333
 399.333333, 0.798831, 0.292154, 0.914858, 1.246244
 392.333333, 0.942226, 0.327952, 0.966015, 1.336449
 394.666667, 0.872466, 0.313345, 0.954392, 1.310811
 399.333333, 1.038397, 0.343907, 0.943239, 1.327212
 386.000000, 0.944732, 0.291883, 1.171848, 1.509499
 370.333333, 0.815482, 0.295230, 0.999100, 1.335734
 393.000000, 0.867684, 0.309584, 0.944869, 1.298558
 366.333333, 1.017288, 0.293904, 1.062784, 1.398544
 361.333333, 1.227860, 0.394834, 1.081181, 1.529520
 343.000000, 1.012634, 0.317784, 0.950437, 1.311953
 290.333333, 1.008037, 0.347876, 0.911596, 1.301952
 327.666667, 0.799593, 0.309257, 0.917599, 1.269583
 294.000000, 0.919501, 0.356009, 0.945578, 1.341270
 354.000000, 1.105461, 0.361582, 1.038606, 1.444444
 361.333333, 0.870849, 0.315498, 0.926199, 1.282288
 350.333333, 0.881066, 0.290200, 1.059943, 1.391056
7
 0.250000, 3.000000, 4.000000, 15.000000, 33.000000
 329.333333, 1.079960, 0.359312, 1.153846, 1.593117
 381.333333, 1.102273, 0.373252, 1.011364, 1.426573
 416.333333, 0.889512, 0.286629, 0.908727, 1.237790
 398.666667, 0.889632, 0.296823, 0.908027, 1.244983
 403.333333, 1.023140, 0.308264, 0.966942, 1.319835
 394.333333, 0.964497, 0.322063, 0.956044, 1.316145
 396.666667, 0.948739, 0.338655, 0.948739, 1.335294
 399.333333, 1.077629, 0.322204, 1.189482, 1.557596
 390.666667, 1.066553, 0.330205, 1.018771, 1.389932
 400.666667, 1.024958, 0.339434, 0.946755, 1.329451
 359.333333, 1.010204, 0.322820, 1.070501, 1.445269
 361.000000, 1.216990, 0.372114, 1.095106, 1.513389
 343.666667, 0.875849, 0.315228, 0.943744, 1.301649
 288.333333, 0.819653, 0.316763, 0.910983, 1.271676
 334.333333, 0.780658, 0.294118, 0.904287, 1.239282
 299.000000, 0.945373, 0.355630, 0.946488, 1.343367
 363.666667, 1.137489, 0.351971, 1.032081, 1.422548
 363.000000, 0.938476, 0.329660, 0.932966, 1.307622
 375.666667, 1.110027, 0.354925, 1.046140, 1.442768
8
 0.250000, 0.000000, 4.000000, 4.000000, 54.000000
 345.000000, 1.001932, 0.364251, 1.154589, 1.581643
 375.000000, 1.073778, 0.316444, 1.002667, 1.361778
 427.000000, 1.080406, 0.306011, 0.904762, 1.253708
 397.000000, 0.763224, 0.304786, 0.916037, 1.264484
 398.000000, 1.066164, 0.327471, 0.944724, 1.315745
 404.000000, 1.014026, 0.316832, 0.949670, 1.306931
 406.000000, 1.149425, 0.333333, 0.959770, 1.334975
 386.333333, 0.889560, 0.299396, 1.159620, 1.501294
 389.000000, 1.035990, 0.315338, 1.030848, 1.395030
 387.000000, 0.938846, 0.322997, 0.960379, 1.324720
 360.333333, 0.990749, 0.306198, 1.073080, 1.419981
 356.333333, 1.314312, 0.400374, 1.099158, 1.552853
 333.333333, 0.891000, 0.298000, 0.931000, 1.276000
 284.333333, 0.762016, 0.311841, 0.914420, 1.268464
 330.666667, 0.765121, 0.315524, 0.911290, 1.274194
 298.666667, 1.020089, 0.360491, 0.968750, 1.371652
 360.000000, 1.113889, 0.351852, 1.043519, 1.434259
 368.666667, 1.045208, 0.305606, 0.942134, 1.291139
 351.666667, 0.944076, 0.318483, 1.061611, 1.421801
9
 0.250000, 0.000000, 28.000000, 1.000000, 52.000000
 340.666667, 0.998043, 0.359100, 1.174168, 1.588063
 368.333333, 1.047059, 0.323982, 1.041629, 1.415385
 414.333333, 0.879324, 0.267900, 0.895414, 1.210780
 410.000000, 0.932520, 0.297561, 0.913821, 1.255285
 401.666667, 0.964315, 0.303734, 0.951037, 1.297095
 401.000000, 0.966750, 0.332502, 0.968412, 1.341646
 398.333333, 1.048536, 0.324686, 0.959833, 1.323849
 390.000000, 0.936752, 0.282051, 1.176923, 1.499145
 383.666667, 0.987837, 0.302346, 1.023458, 1.366638
 392.000000, 0.958333, 0.326531, 0.954082, 1.322279
 355.333333, 1.042214, 0.307692, 1.080675, 1.434334
 369.000000, 1.275519, 0.387534, 1.092141, 1.527552
 338.000000, 0.891519, 0.328402, 0.908284, 1.277120
 291.333333, 0.824943, 0.300915, 0.886728, 1.233410
 330.666667, 0.798387, 0.297379, 0.892137, 1.231855
 298.666667, 1.002232, 0.358259, 0.944196, 1.352679
 354.666667, 1.155075, 0.313910, 1.055451, 1.411654
 372.666667, 1.141324, 0.319320, 0.954383, 1.314848
 353.666667, 0.921772, 0.300660, 1.076343, 1.417531
10
 0.250000, 0.000000, 29.000000, 1.000000, 55.000000
 347.000000, 1.051873, 0.395773, 1.106628, 1.553314
 371.333333, 1.105027, 0.324955, 1.009874, 1.377020
 423.000000, 1.008668, 0.295508, 0.899133, 1.234831
 405.000000, 0.880658, 0.274074, 0.902881, 1.216461
 392.666667, 0.932937, 0.338710, 0.955857, 1.337012
 397.000000, 0.933669, 0.337531, 0.962217, 1.340050
 395.000000, 1.023629, 0.338397, 0.952743, 1.338397
 392.666667, 0.920204, 0.312394, 1.151952, 1.506791
 386.333333, 0.955134, 0.322692, 1.008628, 1.377912
 387.666667, 0.871023, 0.325881, 0.952709, 1.320722
 359.666667, 0.945320, 0.303985, 1.064875, 1.410565
 355.000000, 1.230986, 0.385915, 1.108920, 1.540845
 338.000000, 0.927022, 0.307692, 0.926036, 1.284024
 287.000000, 0.787456, 0.344948, 0.919861, 1.306620
 327.666667, 0.801628, 0.308240, 0.902340, 1.254323
 302.666667, 1.114537, 0.385463, 0.973568, 1.399780
 354.333333, 1.060207, 0.347131, 1.071496, 1.457197
 357.333333, 0.891791, 0.309701, 0.944030, 1.296642
 349.333333, 0.975191, 0.320611, 1.074427, 1.443702
11
 0.250000, 0.000000, 29.000000, 1.000000, 51.000000
 343.666667, 1.074685, 0.371484, 1.154219, 1.577110
 377.000000, 1.051282, 0.335102, 1.015031, 1.390805
 414.333333, 0.890587, 0.277554, 0.894610, 1.216412
 399.666667, 0.884904, 0.292744, 0.904087, 1.235196
 410.666667, 1.087662, 0.327110, 0.931818, 1.301948
 398.666667, 0.993311, 0.328595, 0.959030, 1.332776
 397.666667, 0.979044, 0.324392, 0.972339, 1.336127
 388.000000, 0.945017, 0.295533, 1.180412, 1.515464
 376.333333, 0.889283, 0.320638, 1.017715, 1.379097
 397.666667, 0.942163, 0.314334, 0.941324, 1.297569
 375.666667, 1.115350, 0.326531, 1.086069, 1.457853
 364.000000, 1.285714, 0.394689, 1.106227, 1.558608
 339.333333, 0.875246, 0.330059, 0.901768, 1.274067
 290.333333, 0.833525, 0.328358, 0.929966, 1.300804
 329.333333, 0.762146, 0.286437, 0.887652, 1.216599
 300.333333, 0.961154, 0.341842, 0.977802, 1.361820
 365.000000, 1.104110, 0.348858, 1.021918, 1.411872
 363.666667, 0.960587, 0.297892, 0.933089, 1.274060
 345.666667, 0.864031, 0.309547, 1.063645, 1.410800
12
 0.250000, 0.000000, 26.000000, 1.000000, 49.000000
 348.666667, 1.058317, 0.383365, 1.118547, 1.565966
 374.333333, 1.065895, 0.360641, 1.005343, 1.410508
 426.333333, 1.027365, 0.273651, 0.922596, 1.236122
 406.666667, 0.922131, 0.297541, 0.902459, 1.240984
 410.333333, 1.232331, 0.350934, 0.951259, 1.343623
 402.333333, 0.939519, 0.324772, 0.942833, 1.307374
 403.333333, 0.949587, 0.348760, 0.961157, 1.352066
 388.000000, 0.932990, 0.314433, 1.175258, 1.533505
 384.333333, 0.927147, 0.313964, 1.007806, 1.366002
 402.666667, 1.108444, 0.346854, 0.948675, 1.342715
 358.000000, 1.000931, 0.321229, 1.065177, 1.432030
 365.000000, 1.280365, 0.423744, 1.084932, 1.555251
 334.666667, 0.887450, 0.318725, 0.928287, 1.300797
 288.000000, 0.750000, 0.320602, 0.909722, 1.273148
 324.000000, 0.751029, 0.296296, 0.906379, 1.245885
 299.666667, 0.877642, 0.351502, 0.947720, 1.344828
 369.000000, 1.164408, 0.354110, 1.034327, 1.433604
 361.000000, 0.997230, 0.308403, 0.936288, 1.286242
 364.000000, 1.104396, 0.329670, 1.069597, 1.443223
13
 0.250000, 0.000000, 27.000000, 1.000000, 47.000000
 334.000000, 0.987026, 0.364271, 1.182635, 1.600798
 370.333333, 1.063006, 0.375338, 1.026103, 1.447345
 413.333333, 0.879839, 0.288710, 0.936290, 1.264516
 405.333333, 0.902961, 0.305099, 0.925164, 1.269737
 399.666667, 0.971643, 0.343620, 0.971643, 1.358632
 401.666667, 0.985892, 0.305394, 0.957676, 1.307884
 402.333333, 1.104391, 0.318973, 0.972659, 1.333057
 387.000000, 0.815676, 0.289406, 1.173988, 1.503015
 382.000000, 0.924084, 0.331588, 1.014834, 1.390925
 397.333333, 1.010067, 0.326342, 0.956376, 1.324664
 353.000000, 0.839471, 0.323890, 1.067044, 1.432483
 353.333333, 1.157547, 0.394340, 1.083962, 1.534906
 338.000000, 0.848126, 0.311637, 0.931953, 1.291913
 282.666667, 0.780660, 0.339623, 0.932783, 1.316038
 336.000000, 0.875000, 0.300595, 0.911706, 1.254960
 303.333333, 1.243956, 0.428571, 0.972527, 1.447253
 360.333333, 0.996300, 0.320999, 1.034228, 1.394080
 365.333333, 1.034672, 0.317518, 0.953467, 1.318431
 351.000000, 0.893637, 0.301994, 1.076923, 1.415954
14
 0.250000, 0.000000, 0.000000, 0.000000, 24.000000
 336.333333, 0.974232, 0.356789, 1.161546, 1.591675
 376.000000, 1.030142, 0.349291, 1.024823, 1.418440
 421.000000, 0.936659, 0.301663, 0.908155, 1.253365
 402.000000, 0.884743, 0.300995, 0.910448, 1.254561
 412.333333, 1.130154, 0.348424, 0.932902, 1.325788
 401.333333, 0.931894, 0.313953, 0.945183, 1.303156
 392.000000, 0.906463, 0.332483, 0.943027, 1.316327
 393.000000, 1.049194, 0.301103, 1.187447, 1.532655
 393.666667, 1.038103, 0.310754, 1.020322, 1.379340
 389.000000, 0.974293, 0.332476, 0.956298, 1.332476
 363.666667, 1.071494, 0.318057, 1.078827, 1.441797
 365.000000, 1.314155, 0.409132, 1.086758, 1.542466
 333.333333, 0.869000, 0.313000, 0.927000, 1.282000
 288.333333, 0.827746, 0.302890, 0.897110, 1.247399
 337.000000, 0.900099, 0.296736, 0.909001, 1.245302
 299.666667, 1.117909, 0.403782, 0.932147, 1.379310
 354.000000, 1.014124, 0.367232, 1.053672, 1.461394
 360.333333, 0.841813, 0.296022, 0.933395, 1.270120
 346.000000, 0.965318, 0.292871, 1.087669, 1.419075
15
 0.250000, 0.000000, 0.000000, 3.000000, 23.000000
 349.333333, 1.058206, 0.423664, 1.151718, 1.628817
 370.333333, 0.988299, 0.360036, 1.014401, 1.423042
 422.666667, 1.003155, 0.308360, 0.901420, 1.252366
 394.666667, 0.878378, 0.310811, 0.922297, 1.272804
 403.333333, 1.171074, 0.331405, 0.948760, 1.321488
 400.666667, 0.925957, 0.307820, 0.954243, 1.306156
 400.333333, 0.986678, 0.333056, 0.968360, 1.343047
 383.000000, 0.887728, 0.299391, 1.187119, 1.524804
 375.000000, 0.785778, 0.308444, 1.025778, 1.376000
 395.000000, 0.966245, 0.339241, 0.951899, 1.331646
 368.666667, 1.116637, 0.307414, 1.065099, 1.414105
 358.000000, 1.148976, 0.376164, 1.079143, 1.509311
 332.333333, 0.860582, 0.311936, 0.933801, 1.288867
 281.666667, 0.733728, 0.311243, 0.912426, 1.273373
 332.000000, 0.815261, 0.310241, 0.891566, 1.246988
 290.000000, 0.895402, 0.368966, 0.960920, 1.374713
 368.666667, 1.150995, 0.354430, 1.036166, 1.435805
 362.333333, 0.918123, 0.315547, 0.942962, 1.300828
 342.666667, 0.858949, 0.299611, 1.080739, 1.427043
Histogram
0 0 0 0 0 0 0 0 0 0 0 0 79 121 59 36 9 0 0 0 0 0 0 0 0 0 0 0 0 0 0 0 0 0 0 0 0 0 0 0 0 0 0 0 0 0 0 0 0 0 0 0 0 0 0 0 0 0 0 0 0 0 0 0 0 0 0 0 0 0 0 0 0 0 0 0 0 0 0 0 0 0 0 0 0 0 0 0 0 0 0 0 0 0 0 0 0 0 0 0 0 0 0 0 0 0 0 0 0 0 0 0 0 0 0 0 0 0 0 16 
Cache Miss Ratio
NaN
numOfSets
350345
numOfGets
0
numOfMultiGets
0
