20
0
 0.250000, 0.000000, 0.000000, 1.000000, 27.000000
 67.000000, 0.114428, 0.208955, 0.756219, 0.990050
 67.666667, 0.177340, 0.221675, 0.620690, 0.862069
 66.333333, 0.045226, 0.130653, 1.075377, 1.231156
 69.666667, 0.033493, 0.095694, 0.770335, 0.918660
 67.666667, 0.083744, 0.123153, 0.738916, 0.876847
 68.666667, 0.087379, 0.111650, 0.631068, 0.800971
 68.000000, 0.112745, 0.083333, 0.656863, 0.759804
 58.333333, 0.028571, 0.188571, 0.994286, 1.200000
 67.666667, 0.024631, 0.108374, 0.935961, 1.073892
 66.666667, 0.030000, 0.105000, 0.720000, 0.845000
 64.333333, 0.020725, 0.103627, 0.699482, 0.823834
 71.000000, 0.056338, 0.098592, 0.652582, 0.769953
 67.000000, 0.004975, 0.099502, 0.626866, 0.746269
 70.000000, 0.185714, 0.161905, 0.666667, 0.852381
 70.333333, 0.056872, 0.099526, 0.701422, 0.819905
 66.000000, 0.040404, 0.186869, 0.792929, 1.035354
 60.000000, 0.066667, 0.138889, 1.022222, 1.188889
 62.000000, 0.086022, 0.118280, 0.774194, 0.913978
 67.000000, 0.084577, 0.104478, 0.731343, 0.860697
1
 0.250000, 0.000000, 0.000000, 0.000000, 25.000000
 66.666667, 0.115000, 0.120000, 0.930000, 1.075000
 69.000000, 0.086957, 0.072464, 0.739130, 0.830918
 67.000000, 0.054726, 0.079602, 0.676617, 0.776119
 70.333333, 0.014218, 0.099526, 0.758294, 0.876777
 65.666667, 0.035533, 0.096447, 0.705584, 0.822335
 65.333333, 0.010204, 0.107143, 0.668367, 0.795918
 68.333333, 0.078049, 0.082927, 0.726829, 0.829268
 60.000000, 0.077778, 0.077778, 0.711111, 0.811111
 67.333333, 0.029703, 0.089109, 0.653465, 0.767327
 67.333333, 0.069307, 0.128713, 0.668317, 0.821782
 65.333333, 0.030612, 0.107143, 0.943878, 1.071429
 67.666667, 0.044335, 0.093596, 0.729064, 0.842365
 66.333333, 0.040201, 0.100503, 0.683417, 0.804020
 67.000000, 0.034826, 0.094527, 0.656716, 0.771144
 70.333333, 0.052133, 0.118483, 0.682464, 0.824645
 66.000000, 0.025253, 0.116162, 0.722222, 0.863636
 61.333333, 0.076087, 0.190217, 1.016304, 1.228261
 60.333333, 0.027624, 0.121547, 0.784530, 0.928177
 64.000000, 0.041667, 0.072917, 0.744792, 0.843750
2
 0.250000, 0.000000, 0.000000, 3.000000, 25.000000
 66.000000, 0.212121, 0.237374, 0.742424, 1.010101
 67.666667, 0.049261, 0.157635, 0.699507, 0.876847
 66.000000, 0.040404, 0.085859, 0.681818, 0.787879
 71.333333, 0.046729, 0.107477, 0.635514, 0.761682
 65.666667, 0.000000, 0.096447, 0.736041, 0.852792
 67.333333, 0.069307, 0.094059, 0.900990, 1.019802
 66.666667, 0.020000, 0.100000, 0.655000, 0.775000
 58.666667, 0.062500, 0.113636, 0.914773, 1.051136
 67.333333, 0.004950, 0.099010, 0.678218, 0.797030
 67.333333, 0.019802, 0.079208, 0.678218, 0.782178
 65.000000, 0.071795, 0.138462, 0.717949, 0.876923
 70.000000, 0.033333, 0.123810, 0.671429, 0.819048
 69.000000, 0.057971, 0.096618, 0.647343, 0.768116
 67.000000, 0.039801, 0.099502, 0.646766, 0.766169
 70.000000, 0.042857, 0.095238, 0.642857, 0.761905
 67.333333, 0.034653, 0.103960, 0.722772, 0.851485
 60.333333, 0.066298, 0.099448, 0.685083, 0.801105
 59.666667, 0.011173, 0.106145, 0.715084, 0.849162
 63.666667, 0.010471, 0.109948, 0.717277, 0.842932
3
 0.250000, 0.000000, 0.000000, 1.000000, 9.000000
 67.000000, 0.179104, 0.154229, 0.736318, 0.920398
 67.333333, 0.029703, 0.292079, 0.722772, 1.034653
 65.333333, 0.035714, 0.086735, 0.663265, 0.770408
 70.333333, 0.023697, 0.099526, 0.616114, 0.739336
 66.333333, 0.020101, 0.080402, 0.738693, 0.839196
 67.666667, 0.128079, 0.088670, 0.650246, 0.758621
 68.000000, 0.058824, 0.083333, 0.887255, 0.990196
 57.666667, 0.023121, 0.132948, 0.797688, 0.947977
 67.666667, 0.054187, 0.108374, 0.679803, 0.807882
 65.333333, 0.040816, 0.137755, 0.698980, 0.852041
 64.333333, 0.020725, 0.098446, 0.735751, 0.860104
 71.666667, 0.079070, 0.088372, 0.604651, 0.716279
 70.333333, 0.075829, 0.094787, 0.654028, 0.767773
 65.000000, 0.010256, 0.092308, 0.646154, 0.794872
 70.000000, 0.038095, 0.085714, 0.695238, 0.800000
 67.333333, 0.168317, 0.113861, 0.673267, 0.806931
 60.333333, 0.110497, 0.154696, 0.723757, 0.906077
 60.666667, 0.054945, 0.148352, 0.857143, 1.027473
 67.333333, 0.118812, 0.158416, 0.638614, 0.821782
4
 0.250000, 0.000000, 0.000000, 1.000000, 8.000000
 66.333333, 0.135678, 0.140704, 1.000000, 1.165829
 68.666667, 0.126214, 0.184466, 0.650485, 0.854369
 65.666667, 0.045685, 0.162437, 0.837563, 1.020305
 71.000000, 0.023474, 0.117371, 0.666667, 0.802817
 68.000000, 0.122549, 0.117647, 0.745098, 0.882353
 65.666667, 0.050761, 0.101523, 0.639594, 0.761421
 66.000000, 0.015152, 0.090909, 0.671717, 0.782828
 58.333333, 0.022857, 0.131429, 0.920000, 1.074286
 68.333333, 0.053659, 0.097561, 0.673171, 0.824390
 67.666667, 0.068966, 0.073892, 0.724138, 0.822660
 67.000000, 0.084577, 0.069652, 0.980100, 1.074627
 73.000000, 0.118721, 0.127854, 0.602740, 0.753425
 71.000000, 0.075117, 0.084507, 0.624413, 0.737089
 65.333333, 0.040816, 0.096939, 0.683673, 0.801020
 70.333333, 0.052133, 0.094787, 0.668246, 0.786730
 70.666667, 0.202830, 0.155660, 0.688679, 0.872642
 61.000000, 0.136612, 0.114754, 0.737705, 0.868852
 62.333333, 0.053476, 0.128342, 0.850267, 1.005348
 65.000000, 0.107692, 0.189744, 0.733333, 0.938462
5
 0.250000, 0.000000, 0.000000, 7.000000, 18.000000
 66.333333, 0.286432, 0.236181, 0.733668, 0.994975
 67.000000, 0.054726, 0.139303, 0.706468, 0.865672
 65.666667, 0.025381, 0.081218, 0.675127, 0.781726
 71.666667, 0.079070, 0.125581, 0.651163, 0.795349
 65.666667, 0.071066, 0.101523, 0.680203, 0.802030
 65.333333, 0.051020, 0.096939, 0.647959, 0.760204
 69.000000, 0.038647, 0.086957, 0.710145, 0.816425
 59.666667, 0.061453, 0.111732, 0.905028, 1.072626
 67.000000, 0.034826, 0.109453, 0.636816, 0.766169
 64.333333, 0.005181, 0.139896, 0.673575, 0.834197
 65.000000, 0.025641, 0.117949, 0.933333, 1.076923
 69.000000, 0.038647, 0.130435, 0.623188, 0.772947
 70.333333, 0.094787, 0.094787, 0.663507, 0.777251
 67.000000, 0.099502, 0.089552, 0.691542, 0.840796
 72.333333, 0.023041, 0.078341, 0.672811, 0.774194
 70.333333, 0.094787, 0.151659, 0.592417, 0.767773
 64.000000, 0.213542, 0.151042, 0.682292, 0.854167
 61.333333, 0.086957, 0.195652, 0.777174, 1.130435
 64.333333, 0.036269, 0.170984, 0.704663, 0.896373
6
 0.250000, 0.000000, 0.000000, 0.000000, 8.000000
 62.333333, 0.026738, 0.213904, 0.711230, 0.989305
 69.666667, 0.143541, 0.162679, 0.622010, 0.808612
 65.333333, 0.030612, 0.096939, 0.887755, 1.005102
 70.333333, 0.018957, 0.118483, 0.649289, 0.819905
 69.333333, 0.139423, 0.105769, 0.668269, 0.793269
 65.000000, 0.046154, 0.092308, 0.938462, 1.051282
 69.666667, 0.062201, 0.086124, 0.650718, 0.755981
 61.000000, 0.125683, 0.136612, 0.923497, 1.081967
 69.000000, 0.048309, 0.082126, 0.628019, 0.763285
 67.000000, 0.059701, 0.119403, 0.646766, 0.825871
 66.000000, 0.095960, 0.090909, 0.989899, 1.106061
 69.666667, 0.033493, 0.086124, 0.665072, 0.779904
 68.666667, 0.029126, 0.097087, 0.655340, 0.776699
 65.666667, 0.060914, 0.081218, 0.685279, 0.786802
 71.333333, 0.051402, 0.107477, 0.724299, 0.855140
 68.000000, 0.142157, 0.171569, 0.696078, 0.897059
 59.333333, 0.067416, 0.117978, 0.735955, 0.870787
 58.666667, 0.000000, 0.119318, 0.704545, 0.852273
 65.333333, 0.102041, 0.127551, 0.750000, 0.903061
7
 0.250000, 0.000000, 0.000000, 0.000000, 8.000000
 67.666667, 0.177340, 0.152709, 0.645320, 0.822660
 68.666667, 0.072816, 0.097087, 0.718447, 0.834951
 65.333333, 0.020408, 0.081633, 0.704082, 0.806122
 74.333333, 0.094170, 0.080717, 0.582960, 0.690583
 69.333333, 0.139423, 0.100962, 0.653846, 0.778846
 64.000000, 0.031250, 0.093750, 0.677083, 0.791667
 67.666667, 0.064039, 0.078818, 0.669951, 0.768473
 60.000000, 0.061111, 0.083333, 0.750000, 0.855556
 69.666667, 0.110048, 0.081340, 0.626794, 0.765550
 68.333333, 0.063415, 0.112195, 0.707317, 0.843902
 65.000000, 0.000000, 0.102564, 0.717949, 0.846154
 73.333333, 0.100000, 0.104545, 0.704545, 0.836364
 70.000000, 0.100000, 0.095238, 0.652381, 0.771429
 67.666667, 0.133005, 0.103448, 0.669951, 0.798030
 69.666667, 0.038278, 0.105263, 0.684211, 0.813397
 66.000000, 0.070707, 0.095960, 0.636364, 0.752525
 62.666667, 0.164894, 0.101064, 0.702128, 0.829787
 60.333333, 0.016575, 0.093923, 0.701657, 0.817680
 65.666667, 0.076142, 0.091371, 0.730964, 0.847716
8
 0.250000, 2.000000, 0.000000, 0.000000, 1.000000
 68.000000, 0.318627, 0.289216, 0.676471, 0.995098
 65.333333, 0.035714, 0.096939, 0.688776, 0.801020
 65.000000, 0.005128, 0.117949, 0.702564, 0.835897
 71.333333, 0.028037, 0.107477, 0.612150, 0.742991
 68.000000, 0.068627, 0.102941, 0.745098, 0.862745
 64.333333, 0.025907, 0.098446, 0.699482, 0.818653
 67.000000, 0.029851, 0.089552, 0.885572, 1.000000
 63.000000, 0.243386, 0.248677, 0.952381, 1.222222
 68.333333, 0.019512, 0.092683, 0.653659, 0.804878
 66.000000, 0.010101, 0.146465, 0.737374, 0.904040
 65.666667, 0.035533, 0.086294, 0.725888, 0.837563
 69.666667, 0.047847, 0.110048, 0.693780, 0.822967
 69.333333, 0.052885, 0.076923, 0.663462, 0.764423
 66.666667, 0.085000, 0.130000, 0.665000, 0.820000
 76.000000, 0.135965, 0.100877, 0.666667, 0.789474
 69.000000, 0.057971, 0.144928, 0.739130, 0.913043
 59.000000, 0.028249, 0.124294, 0.745763, 0.887006
 59.333333, 0.005618, 0.101124, 0.870787, 0.994382
 65.333333, 0.040816, 0.137755, 0.734694, 0.892857
9
 0.250000, 3.000000, 0.000000, 0.000000, 1.000000
 66.000000, 0.136364, 0.126263, 0.914141, 1.065657
 68.666667, 0.233010, 0.262136, 0.645631, 0.927184
 65.666667, 0.010152, 0.111675, 0.868020, 1.000000
 73.666667, 0.058824, 0.072398, 0.647059, 0.746606
 71.666667, 0.144186, 0.125581, 0.697674, 0.846512
 67.666667, 0.029557, 0.068966, 0.684729, 0.778325
 65.666667, 0.025381, 0.086294, 0.639594, 0.746193
 57.666667, 0.028902, 0.213873, 0.687861, 0.919075
 67.333333, 0.054455, 0.148515, 0.891089, 1.059406
 66.666667, 0.040000, 0.090000, 0.705000, 0.815000
 66.666667, 0.030000, 0.080000, 0.675000, 0.780000
 72.000000, 0.069444, 0.101852, 0.662037, 0.787037
 69.333333, 0.057692, 0.120192, 0.677885, 0.822115
 67.666667, 0.142857, 0.108374, 0.640394, 0.773399
 69.666667, 0.062201, 0.090909, 0.669856, 0.784689
 65.666667, 0.025381, 0.116751, 0.675127, 0.812183
 58.333333, 0.057143, 0.120000, 0.720000, 0.857143
 59.666667, 0.016760, 0.162011, 0.916201, 1.094972
 61.000000, 0.000000, 0.114754, 0.677596, 0.846995
10
 0.250000, 1.000000, 0.000000, 0.000000, 1.000000
 69.000000, 0.309179, 0.231884, 0.671498, 0.927536
 67.000000, 0.024876, 0.164179, 0.746269, 0.925373
 66.333333, 0.025126, 0.075377, 0.678392, 0.778894
 69.666667, 0.004785, 0.119617, 0.669856, 0.813397
 65.666667, 0.015228, 0.106599, 0.659898, 0.786802
 65.666667, 0.106599, 0.116751, 0.898477, 1.035533
 69.666667, 0.119617, 0.081340, 0.645933, 0.751196
 60.666667, 0.098901, 0.098901, 0.873626, 0.994505
 69.000000, 0.077295, 0.086957, 0.628019, 0.734300
 66.333333, 0.015075, 0.115578, 0.728643, 0.864322
 64.000000, 0.010417, 0.109375, 0.708333, 0.833333
 69.333333, 0.062500, 0.091346, 0.677885, 0.788462
 66.666667, 0.040000, 0.110000, 0.695000, 0.825000
 68.666667, 0.145631, 0.140777, 0.669903, 0.834951
 70.333333, 0.023697, 0.094787, 0.677725, 0.791469
 67.000000, 0.029851, 0.199005, 0.716418, 0.940299
 61.666667, 0.145946, 0.194595, 0.697297, 0.913514
 61.000000, 0.005464, 0.087432, 0.688525, 0.803279
 68.000000, 0.107843, 0.112745, 0.769608, 0.901961
11
 0.250000, 0.000000, 1.000000, 0.000000, 2.000000
 66.333333, 0.180905, 0.216080, 0.788945, 1.030151
 66.333333, 0.040201, 0.221106, 0.748744, 0.989950
 65.666667, 0.025381, 0.101523, 0.822335, 0.944162
 72.333333, 0.101382, 0.119816, 0.640553, 0.778802
 66.333333, 0.050251, 0.080402, 0.653266, 0.753769
 65.666667, 0.035533, 0.091371, 0.659898, 0.771574
 66.666667, 0.025000, 0.100000, 0.645000, 0.765000
 58.000000, 0.068966, 0.120690, 0.908046, 1.045977
 70.333333, 0.071090, 0.085308, 0.606635, 0.720379
 67.000000, 0.039801, 0.079602, 0.706468, 0.810945
 66.000000, 0.045455, 0.090909, 0.676768, 0.787879
 72.000000, 0.074074, 0.087963, 0.666667, 0.773148
 67.000000, 0.024876, 0.099502, 0.651741, 0.771144
 67.666667, 0.113300, 0.098522, 0.665025, 0.783251
 71.333333, 0.023364, 0.088785, 0.705607, 0.817757
 70.000000, 0.171429, 0.080952, 0.642857, 0.742857
 64.666667, 0.278351, 0.371134, 0.824742, 1.216495
 60.000000, 0.011111, 0.111111, 0.688889, 0.816667
 63.666667, 0.047120, 0.125654, 0.753927, 0.937173
12
 0.250000, 0.000000, 0.000000, 0.000000, 2.000000
 69.333333, 0.206731, 0.120192, 0.644231, 0.793269
 67.666667, 0.078818, 0.236453, 0.724138, 0.980296
 64.000000, 0.000000, 0.114583, 0.843750, 0.979167
 71.333333, 0.046729, 0.098131, 0.691589, 0.808411
 65.666667, 0.035533, 0.106599, 0.700508, 0.822335
 64.333333, 0.000000, 0.103627, 0.678756, 0.834197
 68.000000, 0.019608, 0.117647, 0.661765, 0.799020
 58.000000, 0.057471, 0.097701, 0.718391, 0.839080
 66.333333, 0.000000, 0.100503, 0.638191, 0.763819
 63.333333, 0.015789, 0.126316, 0.915789, 1.063158
 64.666667, 0.000000, 0.092784, 0.706186, 0.860825
 69.666667, 0.066986, 0.105263, 0.588517, 0.717703
 69.000000, 0.038647, 0.091787, 0.657005, 0.768116
 67.000000, 0.094527, 0.109453, 0.920398, 1.049751
 71.000000, 0.028169, 0.098592, 0.671362, 0.793427
 64.666667, 0.077320, 0.134021, 0.639175, 0.788660
 59.000000, 0.016949, 0.084746, 0.728814, 0.875706
 61.666667, 0.075676, 0.102703, 0.664865, 0.789189
 64.333333, 0.036269, 0.093264, 0.689119, 0.803109
13
 0.250000, 0.000000, 1.000000, 0.000000, 2.000000
 69.000000, 0.178744, 0.314010, 0.695652, 1.033816
 68.666667, 0.160194, 0.281553, 0.655340, 0.956311
 65.333333, 0.045918, 0.127551, 0.688776, 0.836735
 70.666667, 0.009434, 0.089623, 0.702830, 0.811321
 66.333333, 0.085427, 0.095477, 0.708543, 0.819095
 66.666667, 0.050000, 0.080000, 0.655000, 0.755000
 69.333333, 0.072115, 0.091346, 0.639423, 0.750000
 60.000000, 0.066667, 0.100000, 0.938889, 1.066667
 69.666667, 0.047847, 0.081340, 0.875598, 0.980861
 64.333333, 0.005181, 0.124352, 0.647668, 0.792746
 64.333333, 0.015544, 0.108808, 0.709845, 0.834197
 71.333333, 0.126168, 0.112150, 0.696262, 0.831776
 68.000000, 0.049020, 0.093137, 0.671569, 0.789216
 66.333333, 0.070352, 0.120603, 0.658291, 0.804020
 70.666667, 0.028302, 0.108491, 0.693396, 0.820755
 67.000000, 0.064677, 0.154229, 0.646766, 0.820896
 59.666667, 0.022346, 0.167598, 0.737430, 0.932961
 61.333333, 0.043478, 0.114130, 0.728261, 0.869565
 65.000000, 0.030769, 0.102564, 0.641026, 0.764103
14
 0.250000, 4.000000, 0.000000, 0.000000, 0.000000
 70.000000, 0.304762, 0.200000, 0.890476, 1.114286
 67.666667, 0.083744, 0.182266, 0.625616, 0.827586
 67.000000, 0.044776, 0.074627, 0.711443, 0.810945
 70.333333, 0.037915, 0.085308, 0.639810, 0.739336
 67.333333, 0.054455, 0.103960, 0.663366, 0.782178
 64.000000, 0.020833, 0.104167, 0.692708, 0.817708
 68.666667, 0.043689, 0.101942, 0.626214, 0.742718
 57.000000, 0.017544, 0.099415, 0.736842, 0.853801
 67.000000, 0.014925, 0.109453, 0.696517, 0.820896
 67.333333, 0.059406, 0.193069, 0.737624, 0.950495
 64.000000, 0.078125, 0.109375, 0.718750, 0.848958
 69.666667, 0.066986, 0.100478, 0.717703, 0.842105
 68.666667, 0.024272, 0.087379, 0.631068, 0.737864
 64.666667, 0.036082, 0.092784, 0.690722, 0.809278
 72.666667, 0.055046, 0.105505, 0.655963, 0.816514
 66.666667, 0.045000, 0.105000, 0.645000, 0.775000
 60.666667, 0.082418, 0.098901, 0.736264, 0.857143
 61.000000, 0.071038, 0.125683, 0.901639, 1.049180
 69.333333, 0.139423, 0.120192, 0.735577, 0.875000
15
 0.250000, 4.000000, 0.000000, 0.000000, 0.000000
 64.333333, 0.129534, 0.160622, 0.932642, 1.124352
 67.666667, 0.083744, 0.187192, 0.655172, 0.891626
 65.666667, 0.005076, 0.096447, 0.700508, 0.817259
 69.000000, 0.024155, 0.135266, 0.705314, 0.884058
 67.000000, 0.099502, 0.094527, 0.666667, 0.781095
 64.666667, 0.041237, 0.128866, 0.695876, 0.845361
 67.666667, 0.034483, 0.083744, 0.926108, 1.029557
 57.666667, 0.017341, 0.115607, 0.751445, 0.884393
 66.666667, 0.015000, 0.090000, 0.700000, 0.850000
 66.666667, 0.070000, 0.145000, 0.700000, 0.865000
 64.666667, 0.025773, 0.097938, 0.670103, 0.788660
 69.000000, 0.019324, 0.096618, 0.676329, 0.792271
 67.333333, 0.009901, 0.089109, 0.648515, 0.757426
 68.666667, 0.101942, 0.135922, 0.635922, 0.796117
 70.666667, 0.014151, 0.099057, 0.702830, 0.825472
 66.000000, 0.020202, 0.186869, 0.651515, 0.853535
 63.000000, 0.126984, 0.402116, 0.936508, 1.354497
 61.666667, 0.064865, 0.113514, 0.848649, 0.989189
 70.000000, 0.171429, 0.142857, 0.728571, 0.895238
16
 0.250000, 2.000000, 0.000000, 0.000000, 0.000000
 65.333333, 0.214286, 0.183673, 0.683673, 0.892857
 65.333333, 0.061224, 0.163265, 0.714286, 0.897959
 68.666667, 0.106796, 0.165049, 0.854369, 1.038835
 72.000000, 0.069444, 0.217593, 0.689815, 0.930556
 67.000000, 0.024876, 0.089552, 0.651741, 0.766169
 65.000000, 0.025641, 0.087179, 0.687179, 0.794872
 68.333333, 0.058537, 0.082927, 0.653659, 0.760976
 59.333333, 0.033708, 0.146067, 0.758427, 0.926966
 71.333333, 0.093458, 0.070093, 0.658879, 0.747664
 66.333333, 0.025126, 0.090452, 0.909548, 1.055276
 64.000000, 0.000000, 0.119792, 0.677083, 0.817708
 68.666667, 0.033981, 0.097087, 0.665049, 0.781553
 68.666667, 0.063107, 0.101942, 0.674757, 0.825243
 65.333333, 0.005102, 0.081633, 0.673469, 0.780612
 73.333333, 0.072727, 0.100000, 0.672727, 0.795455
 66.666667, 0.065000, 0.105000, 0.685000, 0.810000
 58.666667, 0.073864, 0.090909, 0.818182, 0.931818
 59.333333, 0.067416, 0.202247, 0.786517, 1.011236
 62.666667, 0.005319, 0.138298, 0.718085, 0.877660
17
 0.250000, 1.000000, 0.000000, 0.000000, 0.000000
 70.000000, 0.214286, 0.171429, 0.771429, 0.971429
 68.333333, 0.087805, 0.107317, 0.702439, 0.824390
 66.666667, 0.055000, 0.120000, 0.715000, 0.855000
 70.333333, 0.009479, 0.099526, 0.625592, 0.744076
 68.000000, 0.078431, 0.098039, 0.720588, 0.838235
 63.666667, 0.036649, 0.094241, 0.670157, 0.785340
 67.333333, 0.014851, 0.084158, 0.693069, 0.801980
 59.333333, 0.039326, 0.106742, 0.831461, 0.960674
 69.666667, 0.057416, 0.071770, 0.660287, 0.755981
 68.333333, 0.053659, 0.078049, 0.682927, 0.785366
 68.000000, 0.098039, 0.078431, 0.715686, 0.818627
 71.666667, 0.079070, 0.083721, 0.623256, 0.730233
 71.333333, 0.242991, 0.158879, 0.630841, 0.813084
 67.000000, 0.054726, 0.094527, 0.671642, 0.791045
 71.000000, 0.065728, 0.084507, 0.676056, 0.784038
 67.666667, 0.059113, 0.310345, 0.714286, 1.078818
 57.333333, 0.000000, 0.156977, 1.110465, 1.284884
 58.000000, 0.034483, 0.109195, 0.896552, 1.028736
 63.666667, 0.020942, 0.120419, 0.712042, 0.853403
18
 0.250000, 0.000000, 0.000000, 0.000000, 1.000000
 66.000000, 0.055556, 0.176768, 0.964646, 1.166667
 72.666667, 0.247706, 0.293578, 0.807339, 1.123853
 69.000000, 0.101449, 0.082126, 0.666667, 0.768116
 69.000000, 0.000000, 0.106280, 0.618357, 0.743961
 66.666667, 0.020000, 0.095000, 0.625000, 0.745000
 66.666667, 0.040000, 0.075000, 0.660000, 0.760000
 67.666667, 0.068966, 0.088670, 0.625616, 0.733990
 58.333333, 0.017143, 0.160000, 0.845714, 1.028571
 69.666667, 0.066986, 0.086124, 0.645933, 0.751196
 69.333333, 0.134615, 0.125000, 0.701923, 0.850962
 65.666667, 0.071066, 0.096447, 0.715736, 0.832487
 69.000000, 0.014493, 0.101449, 0.729469, 0.850242
 68.333333, 0.063415, 0.102439, 0.653659, 0.770732
 66.666667, 0.025000, 0.130000, 0.670000, 0.825000
 71.666667, 0.074419, 0.102326, 0.720930, 0.841860
 68.333333, 0.092683, 0.087805, 0.736585, 0.848780
 64.000000, 0.135417, 0.130208, 0.682292, 0.838542
 60.000000, 0.005556, 0.127778, 0.688889, 0.838889
 66.666667, 0.105000, 0.150000, 0.750000, 0.960000
19
 0.250000, 0.000000, 0.000000, 0.000000, 1.000000
 65.666667, 0.065990, 0.172589, 0.954315, 1.152284
 67.666667, 0.024631, 0.201970, 0.689655, 0.911330
 68.000000, 0.083333, 0.078431, 0.651961, 0.754902
 74.000000, 0.054054, 0.076577, 0.653153, 0.752252
 69.666667, 0.114833, 0.081340, 0.626794, 0.732057
 64.000000, 0.026042, 0.088542, 0.942708, 1.052083
 70.333333, 0.109005, 0.094787, 0.677725, 0.800948
 61.333333, 0.081522, 0.179348, 1.070652, 1.271739
 68.333333, 0.024390, 0.092683, 0.639024, 0.751220
 68.333333, 0.063415, 0.131707, 0.751220, 0.907317
 65.666667, 0.111675, 0.096447, 0.959391, 1.081218
 72.333333, 0.055300, 0.082949, 0.631336, 0.737327
 70.000000, 0.152381, 0.109524, 0.709524, 0.842857
 66.333333, 0.055276, 0.090452, 0.698492, 0.809045
 70.666667, 0.047170, 0.094340, 0.702830, 0.820755
 67.333333, 0.128713, 0.133663, 0.668317, 0.826733
 59.333333, 0.005618, 0.112360, 0.977528, 1.106742
 58.666667, 0.022727, 0.130682, 0.732955, 1.056818
 64.000000, 0.026042, 0.109375, 0.760417, 0.885417
20
 0.250000, 0.000000, 0.000000, 0.000000, 0.000000
 71.666667, 0.530233, 0.339535, 0.734884, 1.102326
 67.666667, 0.049261, 0.078818, 0.689655, 0.793103
 67.000000, 0.084577, 0.084577, 0.706468, 0.810945
 70.333333, 0.009479, 0.123223, 0.620853, 0.763033
 67.000000, 0.069652, 0.094527, 0.666667, 0.781095
 65.000000, 0.056410, 0.092308, 0.969231, 1.087179
 66.000000, 0.005051, 0.106061, 0.646465, 0.772727
 58.000000, 0.057471, 0.120690, 0.729885, 0.867816
 68.000000, 0.068627, 0.166667, 0.887255, 1.078431
 64.333333, 0.000000, 0.103627, 0.792746, 0.917098
 65.000000, 0.046154, 0.087179, 1.015385, 1.123077
 73.333333, 0.109091, 0.118182, 0.636364, 0.777273
 69.333333, 0.033654, 0.129808, 0.634615, 0.783654
 67.666667, 0.029557, 0.098522, 0.650246, 0.768473
 71.000000, 0.014085, 0.084507, 0.666667, 0.774648
 69.666667, 0.133971, 0.143541, 0.722488, 0.889952
 62.333333, 0.112299, 0.315508, 0.989305, 1.326203
 64.000000, 0.119792, 0.083333, 0.645833, 0.750000
 65.666667, 0.025381, 0.142132, 0.796954, 0.959391
21
 0.250000, 0.000000, 0.000000, 0.000000, 1.000000
 64.666667, 0.103093, 0.139175, 0.737113, 0.907216
 63.666667, 0.015707, 0.099476, 0.738220, 0.858639
 63.333333, 0.010526, 0.100000, 0.663158, 0.784211
 70.666667, 0.014151, 0.113208, 0.646226, 0.783019
 67.666667, 0.044335, 0.108374, 0.674877, 0.802956
 64.333333, 0.031088, 0.082902, 0.673575, 0.772021
 69.333333, 0.048077, 0.096154, 0.927885, 1.043269
 57.000000, 0.011696, 0.087719, 0.812865, 0.923977
 69.333333, 0.067308, 0.086538, 0.653846, 0.764423
 66.000000, 0.055556, 0.116162, 0.828283, 0.964646
 64.333333, 0.005181, 0.119171, 0.974093, 1.113990
 70.333333, 0.075829, 0.104265, 0.639810, 0.767773
 67.666667, 0.049261, 0.093596, 0.665025, 0.783251
 67.666667, 0.098522, 0.093596, 0.689655, 0.807882
 72.666667, 0.077982, 0.091743, 0.701835, 0.816514
 69.666667, 0.105263, 0.076555, 0.693780, 0.794258
 61.333333, 0.070652, 0.086957, 0.913043, 1.016304
 63.000000, 0.079365, 0.132275, 0.867725, 1.026455
 66.000000, 0.090909, 0.080808, 0.696970, 0.833333
22
 0.250000, 0.000000, 2.000000, 0.000000, 3.000000
 70.333333, 0.184834, 0.099526, 0.763033, 0.890995
 64.666667, 0.025773, 0.149485, 0.711340, 0.881443
 65.666667, 0.050761, 0.081218, 0.690355, 0.796954
 74.666667, 0.053571, 0.080357, 0.633929, 0.736607
 69.333333, 0.115385, 0.076923, 0.697115, 0.793269
 66.000000, 0.070707, 0.095960, 0.924242, 1.040404
 68.000000, 0.058824, 0.078431, 0.877451, 0.980392
 60.666667, 0.148352, 0.115385, 0.835165, 0.972527
 68.333333, 0.048780, 0.160976, 0.848780, 1.034146
 66.666667, 0.060000, 0.095000, 0.745000, 0.860000
 63.333333, 0.005263, 0.110526, 0.736842, 0.863158
 69.666667, 0.057416, 0.095694, 0.645933, 0.755981
 67.000000, 0.024876, 0.099502, 0.661692, 0.776119
 65.000000, 0.056410, 0.133333, 0.682051, 0.841026
 69.666667, 0.043062, 0.105263, 0.741627, 0.866029
 65.666667, 0.091371, 0.086294, 0.649746, 0.791878
 60.000000, 0.033333, 0.111111, 0.683333, 0.816667
 60.666667, 0.076923, 0.126374, 0.631868, 0.780220
 66.333333, 0.050251, 0.110553, 0.718593, 0.849246
23
 0.250000, 0.000000, 2.000000, 0.000000, 3.000000
 68.000000, 0.313725, 0.436275, 0.740196, 1.205882
 68.000000, 0.053922, 0.083333, 0.745098, 0.848039
 67.000000, 0.049751, 0.134328, 0.860697, 1.014925
 74.000000, 0.081081, 0.072072, 0.644144, 0.738739
 69.666667, 0.090909, 0.071770, 0.650718, 0.741627
 65.333333, 0.020408, 0.096939, 0.637755, 0.750000
 70.000000, 0.061905, 0.076190, 0.661905, 0.757143
 59.666667, 0.061453, 0.078212, 0.782123, 0.882682
 67.000000, 0.054726, 0.174129, 0.895522, 1.084577
 65.666667, 0.005076, 0.131980, 0.690355, 0.842640
 65.000000, 0.020513, 0.117949, 0.656410, 0.794872
 70.000000, 0.042857, 0.147619, 0.619048, 0.785714
 67.666667, 0.000000, 0.118227, 0.674877, 0.812808
 66.666667, 0.090000, 0.110000, 0.665000, 0.795000
 70.000000, 0.019048, 0.095238, 0.704762, 0.819048
 67.000000, 0.069652, 0.109453, 0.671642, 0.800995
 59.000000, 0.045198, 0.152542, 0.762712, 0.932203
 60.000000, 0.027778, 0.100000, 0.911111, 1.033333
 63.666667, 0.031414, 0.094241, 0.738220, 0.853403
24
 0.250000, 0.000000, 0.000000, 14.000000, 14.000000
 70.333333, 0.317536, 0.189573, 0.971564, 1.222749
 67.000000, 0.059701, 0.144279, 0.666667, 0.830846
 67.000000, 0.039801, 0.179104, 0.975124, 1.174129
 69.333333, 0.009615, 0.153846, 0.625000, 0.798077
 65.000000, 0.010256, 0.102564, 0.671795, 0.794872
 64.000000, 0.015625, 0.098958, 0.645833, 0.760417
 68.333333, 0.048780, 0.082927, 0.668293, 0.770732
 57.333333, 0.017442, 0.122093, 0.883721, 1.023256
 66.666667, 0.035000, 0.125000, 0.715000, 0.855000
 67.000000, 0.039801, 0.228856, 0.880597, 1.134328
 64.000000, 0.026042, 0.151042, 0.713542, 0.885417
 70.000000, 0.042857, 0.138095, 0.680952, 0.838095
 67.000000, 0.029851, 0.089552, 0.661692, 0.766169
 66.333333, 0.015075, 0.105528, 0.668342, 0.798995
 71.333333, 0.023364, 0.140187, 0.700935, 0.864486
 65.000000, 0.000000, 0.082051, 0.682051, 0.784615
 59.333333, 0.022472, 0.095506, 0.747191, 0.859551
 57.666667, 0.017341, 0.098266, 0.734104, 0.855491
 63.666667, 0.000000, 0.136126, 0.691099, 0.848168
25
 0.250000, 0.000000, 0.000000, 14.000000, 14.000000
 66.333333, 0.266332, 0.246231, 0.663317, 0.944724
 69.333333, 0.197115, 0.211538, 0.625000, 0.855769
 69.333333, 0.153846, 0.129808, 0.899038, 1.048077
 74.000000, 0.094595, 0.085586, 0.612613, 0.720721
 69.333333, 0.048077, 0.076923, 0.668269, 0.764423
 65.333333, 0.076531, 0.102041, 0.673469, 0.790816
 66.333333, 0.050251, 0.105528, 0.653266, 0.778894
 57.333333, 0.000000, 0.104651, 0.825581, 0.947674
 69.666667, 0.038278, 0.076555, 0.650718, 0.751196
 68.666667, 0.067961, 0.101942, 0.737864, 0.868932
 67.333333, 0.099010, 0.089109, 0.712871, 0.821782
 73.333333, 0.095455, 0.090909, 0.645455, 0.759091
 70.333333, 0.071090, 0.085308, 0.654028, 0.763033
 66.666667, 0.045000, 0.085000, 0.705000, 0.815000
 73.666667, 0.099548, 0.117647, 0.642534, 0.782805
 68.333333, 0.053659, 0.136585, 0.658537, 0.819512
 62.666667, 0.191489, 0.117021, 0.962766, 1.101064
 60.333333, 0.055249, 0.182320, 0.806630, 1.011050
 68.000000, 0.127451, 0.093137, 0.769608, 0.887255
26
 0.250000, 0.000000, 0.000000, 0.000000, 14.000000
 68.000000, 0.205882, 0.151961, 0.946078, 1.122549
 66.333333, 0.035176, 0.216080, 0.804020, 1.040201
 66.666667, 0.040000, 0.105000, 0.895000, 1.020000
 70.000000, 0.014286, 0.100000, 0.690476, 0.809524
 65.666667, 0.025381, 0.142132, 0.670051, 0.832487
 67.000000, 0.104478, 0.099502, 0.631841, 0.751244
 65.666667, 0.020305, 0.091371, 0.939086, 1.045685
 58.333333, 0.011429, 0.182857, 0.885714, 1.091429
 66.000000, 0.025253, 0.141414, 0.636364, 0.797980
 65.666667, 0.076142, 0.152284, 0.710660, 0.883249
 65.000000, 0.025641, 0.107692, 0.938462, 1.066667
 69.000000, 0.009662, 0.101449, 0.666667, 0.782609
 66.333333, 0.055276, 0.105528, 0.633166, 0.753769
 67.666667, 0.039409, 0.088670, 0.655172, 0.763547
 71.333333, 0.042056, 0.093458, 0.696262, 0.813084
 64.333333, 0.067358, 0.139896, 0.715026, 0.870466
 59.666667, 0.022346, 0.145251, 0.770950, 0.944134
 60.666667, 0.027473, 0.175824, 0.802198, 0.994505
 65.666667, 0.086294, 0.121827, 0.741117, 0.883249
27
 0.250000, 0.000000, 0.000000, 0.000000, 15.000000
 66.333333, 0.075377, 0.211055, 0.643216, 0.874372
 68.333333, 0.078049, 0.146341, 0.648780, 0.814634
 67.000000, 0.064677, 0.089552, 0.656716, 0.766169
 74.333333, 0.089686, 0.071749, 0.632287, 0.726457
 67.333333, 0.089109, 0.089109, 0.628713, 0.742574
 64.000000, 0.026042, 0.098958, 0.692708, 0.807292
 67.666667, 0.054187, 0.088670, 0.679803, 0.788177
 60.000000, 0.077778, 0.255556, 0.811111, 1.083333
 69.666667, 0.066986, 0.086124, 0.645933, 0.755981
 65.000000, 0.025641, 0.102564, 0.697436, 0.830769
 64.000000, 0.005208, 0.109375, 0.687500, 0.854167
 69.000000, 0.024155, 0.096618, 0.661836, 0.777778
 69.000000, 0.043478, 0.096618, 0.666667, 0.782609
 65.666667, 0.040609, 0.086294, 0.685279, 0.796954
 73.666667, 0.072398, 0.108597, 0.660633, 0.791855
 69.000000, 0.125604, 0.294686, 0.618357, 0.937198
 64.000000, 0.130208, 0.119792, 0.708333, 0.848958
 62.000000, 0.091398, 0.123656, 0.876344, 1.026882
 66.333333, 0.060302, 0.100503, 0.743719, 0.864322
28
 0.250000, 0.000000, 0.000000, 1.000000, 15.000000
 66.000000, 0.116162, 0.116162, 0.691919, 0.838384
 64.666667, 0.030928, 0.201031, 0.659794, 0.886598
 65.000000, 0.046154, 0.174359, 0.969231, 1.158974
 72.000000, 0.060185, 0.101852, 0.638889, 0.759259
 65.666667, 0.010152, 0.106599, 0.675127, 0.802030
 64.666667, 0.030928, 0.087629, 0.659794, 0.762887
 66.333333, 0.010050, 0.100503, 0.668342, 0.788945
 57.666667, 0.040462, 0.161850, 0.872832, 1.046243
 69.000000, 0.048309, 0.096618, 0.608696, 0.739130
 65.333333, 0.071429, 0.107143, 0.668367, 0.795918
 64.000000, 0.005208, 0.088542, 0.677083, 0.786458
 72.000000, 0.120370, 0.111111, 0.680556, 0.814815
 67.000000, 0.039801, 0.104478, 0.691542, 0.815920
 67.000000, 0.034826, 0.139303, 0.716418, 0.875622
 72.000000, 0.074074, 0.115741, 0.708333, 0.842593
 66.000000, 0.020202, 0.116162, 0.787879, 0.919192
 59.666667, 0.027933, 0.094972, 1.011173, 1.128492
 57.666667, 0.023121, 0.161850, 0.861272, 1.046243
 64.333333, 0.025907, 0.103627, 0.766839, 0.891192
29
 0.250000, 0.000000, 0.000000, 1.000000, 15.000000
 66.666667, 0.180000, 0.135000, 0.880000, 1.115000
 70.000000, 0.190476, 0.228571, 0.723810, 0.966667
 65.666667, 0.040609, 0.091371, 0.857868, 0.974619
 72.666667, 0.137615, 0.252294, 0.610092, 0.880734
 66.000000, 0.020202, 0.090909, 0.641414, 0.757576
 65.333333, 0.035714, 0.076531, 0.938776, 1.035714
 65.333333, 0.030612, 0.096939, 0.683673, 0.806122
 56.666667, 0.023529, 0.117647, 0.747059, 0.888235
 67.000000, 0.004975, 0.089552, 0.671642, 0.796020
 64.666667, 0.010309, 0.216495, 0.721649, 0.953608
 63.333333, 0.005263, 0.131579, 0.731579, 0.884211
 69.000000, 0.024155, 0.111111, 0.657005, 0.787440
 69.000000, 0.077295, 0.106280, 0.671498, 0.792271
 67.666667, 0.078818, 0.093596, 0.674877, 0.788177
 70.333333, 0.056872, 0.094787, 0.654028, 0.805687
 65.666667, 0.025381, 0.121827, 0.690355, 0.827411
 59.666667, 0.005587, 0.106145, 0.687151, 0.810056
 62.333333, 0.122995, 0.096257, 0.737968, 0.855615
 63.333333, 0.021053, 0.121053, 0.673684, 0.815789
30
 0.250000, 1.000000, 0.000000, 0.000000, 14.000000
 69.333333, 0.370192, 0.235577, 0.677885, 0.947115
 67.000000, 0.074627, 0.124378, 0.726368, 0.870647
 65.333333, 0.010204, 0.096939, 0.688776, 0.811224
 71.000000, 0.018779, 0.103286, 0.652582, 0.774648
 68.666667, 0.087379, 0.072816, 0.718447, 0.810680
 64.333333, 0.025907, 0.088083, 0.906736, 1.051813
 67.333333, 0.064356, 0.084158, 0.891089, 1.000000
 58.000000, 0.022989, 0.114943, 1.321839, 1.459770
 70.666667, 0.169811, 0.103774, 0.886792, 1.014151
 69.333333, 0.187500, 0.201923, 0.711538, 0.932692
 63.666667, 0.000000, 0.094241, 0.712042, 0.827225
 70.333333, 0.066351, 0.094787, 0.668246, 0.786730
 68.333333, 0.039024, 0.112195, 0.687805, 0.819512
 67.333333, 0.079208, 0.094059, 0.673267, 0.787129
 70.000000, 0.023810, 0.114286, 0.690476, 0.828571
 66.666667, 0.085000, 0.095000, 0.680000, 0.800000
 60.000000, 0.088889, 0.150000, 0.988889, 1.194444
 61.000000, 0.038251, 0.081967, 0.715847, 0.819672
 65.333333, 0.066327, 0.076531, 0.627551, 0.729592
31
 0.250000, 0.000000, 0.000000, 0.000000, 14.000000
 67.000000, 0.203980, 0.203980, 0.706468, 0.935323
 67.000000, 0.074627, 0.149254, 0.691542, 0.865672
 67.666667, 0.044335, 0.073892, 0.817734, 0.916256
 73.666667, 0.045249, 0.081448, 0.601810, 0.701357
 68.000000, 0.137255, 0.122549, 0.666667, 0.813725
 67.000000, 0.049751, 0.084577, 0.671642, 0.776119
 66.333333, 0.010050, 0.090452, 1.005025, 1.110553
 62.666667, 0.138298, 0.132979, 0.691489, 0.845745
 68.000000, 0.019608, 0.171569, 0.808824, 1.004902
 66.000000, 0.025253, 0.106061, 0.747475, 0.868687
 65.000000, 0.020513, 0.107692, 0.733333, 0.861538
 70.000000, 0.047619, 0.109524, 0.680952, 0.809524
 66.333333, 0.010050, 0.095477, 0.653266, 0.768844
 67.333333, 0.079208, 0.099010, 0.668317, 0.792079
 71.000000, 0.079812, 0.093897, 0.718310, 0.835681
 68.666667, 0.029126, 0.082524, 0.655340, 0.791262
 62.000000, 0.043011, 0.118280, 0.967742, 1.112903
 61.000000, 0.054645, 0.098361, 0.868852, 0.983607
 64.000000, 0.057292, 0.145833, 0.708333, 0.880208
Histogram
5 0 0 0 0 0 1 201 239 64 74 23 9 2 1 0 0 0 0 0 3 0 0 0 0 0 0 0 0 0 2 0 0 0 0 0 0 0 0 0 0 0 0 0 0 0 0 0 0 0 0 0 0 0 0 0 0 0 0 0 0 0 0 0 0 0 0 0 0 0 0 0 0 0 0 0 0 0 0 0 3 0 0 0 0 0 0 0 0 0 1 0 0 0 0 0 0 0 0 0 0 0 0 0 0 0 0 0 0 0 0 0 0 0 0 0 0 0 0 12 
Cache Miss Ratio
NaN
numOfSets
127225
numOfGets
0
numOfMultiGets
0
