20
0
 0.250000, 16.000000, 3.000000, 4.000000, 24.000000
 642.333333, 8.042034, 1.337312, 1.120394, 2.512714
 731.333333, 8.226527, 1.262534, 1.029626, 2.343209
 742.666667, 7.662029, 1.106822, 0.961400, 2.105027
 671.000000, 7.985097, 1.320914, 1.119225, 2.482365
 728.000000, 7.635989, 1.076465, 0.918956, 2.033883
 717.333333, 7.941914, 1.188197, 1.001394, 2.228160
 703.666667, 7.737565, 1.196589, 1.051634, 2.289436
 589.000000, 7.379740, 1.567629, 1.472552, 3.080362
 695.666667, 7.797796, 1.327743, 1.236703, 2.609008
 723.333333, 7.771889, 1.249309, 1.105530, 2.394009
 743.333333, 7.773094, 1.090135, 0.932735, 2.065919
 730.666667, 8.037865, 1.170164, 1.006387, 2.215785
 697.333333, 7.869503, 1.362333, 1.224187, 2.623805
 710.333333, 7.938996, 1.338339, 1.159550, 2.535899
 671.666667, 8.165261, 1.146898, 0.968238, 2.152854
 738.000000, 7.613369, 1.076332, 0.956188, 2.070461
 750.000000, 7.967556, 1.125333, 0.974222, 2.139111
 734.666667, 7.808984, 1.216878, 1.056715, 2.309437
 752.666667, 7.697963, 1.043401, 0.896368, 1.979185
1
 0.250000, 15.000000, 0.000000, 4.000000, 20.000000
 646.000000, 8.002064, 1.345717, 1.122291, 2.531476
 719.666667, 8.003705, 1.253358, 1.036128, 2.345530
 745.000000, 7.882327, 1.102013, 0.948993, 2.087696
 677.666667, 7.877029, 1.319233, 1.107723, 2.469257
 722.000000, 7.690674, 1.072022, 0.923823, 2.035088
 714.333333, 7.828745, 1.175455, 0.991134, 2.202520
 698.000000, 7.604107, 1.217765, 1.054919, 2.314709
 590.666667, 7.611738, 1.579007, 1.470655, 3.085214
 694.000000, 7.566282, 1.315082, 1.241595, 2.596061
 726.666667, 7.798165, 1.265138, 1.101835, 2.404128
 740.333333, 7.823503, 1.099505, 0.941468, 2.081045
 734.666667, 7.998185, 1.163339, 0.997731, 2.201906
 707.000000, 7.898633, 1.355493, 1.209807, 2.601603
 720.666667, 8.070768, 1.322849, 1.149399, 2.506938
 671.666667, 8.117122, 1.154342, 0.968238, 2.159305
 740.000000, 7.721171, 1.085135, 0.947297, 2.073874
 748.000000, 8.045900, 1.118984, 0.967914, 2.126560
 739.000000, 7.979251, 1.183130, 1.052323, 2.274696
 751.000000, 7.754549, 1.038615, 0.898802, 1.976920
2
 0.250000, 14.000000, 0.000000, 3.000000, 21.000000
 646.000000, 7.947368, 1.340041, 1.114035, 2.504644
 729.000000, 8.188386, 1.274348, 1.026978, 2.347508
 743.000000, 7.775684, 1.083894, 0.952894, 2.072678
 678.333333, 8.038821, 1.322850, 1.114005, 2.477641
 724.666667, 7.691352, 1.087856, 0.920883, 2.045998
 714.333333, 7.940271, 1.179655, 1.004666, 2.224452
 707.000000, 7.727016, 1.196134, 1.045262, 2.280528
 588.333333, 7.417564, 1.583569, 1.475921, 3.095184
 688.666667, 7.541142, 1.320910, 1.242982, 2.602130
 729.333333, 7.919561, 1.249543, 1.089122, 2.381627
 743.000000, 7.825034, 1.087035, 0.934500, 2.060565
 729.000000, 7.918610, 1.165524, 0.998171, 2.207133
 705.333333, 7.907845, 1.351134, 1.209357, 2.599244
 710.000000, 8.119249, 1.316901, 1.165258, 2.519249
 682.000000, 8.185728, 1.150538, 0.959922, 2.146628
 738.000000, 7.665312, 1.070009, 0.949864, 2.057814
 748.666667, 7.976848, 1.128673, 0.970614, 2.137578
 728.333333, 7.882380, 1.186728, 1.066819, 2.289703
 755.666667, 7.721659, 1.046758, 0.895898, 1.980591
3
 0.250000, 13.000000, 0.000000, 8.000000, 20.000000
 641.000000, 8.009360, 1.331773, 1.116485, 2.511700
 714.333333, 8.130191, 1.242650, 1.037331, 2.335978
 747.000000, 7.949576, 1.093708, 0.946452, 2.078983
 684.333333, 8.113980, 1.321968, 1.107160, 2.466147
 726.666667, 7.546789, 1.088991, 0.917890, 2.046789
 718.000000, 7.963324, 1.170381, 0.993500, 2.205664
 704.000000, 7.761837, 1.200758, 1.055398, 2.296875
 588.666667, 7.412231, 1.580974, 1.475651, 3.096829
 692.666667, 7.547161, 1.308470, 1.243503, 2.591915
 733.333333, 7.969545, 1.240455, 1.086818, 2.366364
 738.666667, 7.812726, 1.097924, 0.944043, 2.080776
 726.666667, 7.864220, 1.162385, 1.001376, 2.206422
 706.333333, 7.957055, 1.341671, 1.209533, 2.589429
 714.333333, 8.113859, 1.330845, 1.154923, 2.522632
 676.333333, 8.307541, 1.153277, 0.959093, 2.149335
 743.000000, 7.891431, 1.077613, 0.944818, 2.063706
 748.333333, 7.935412, 1.118486, 0.970156, 2.127840
 737.333333, 7.824141, 1.206600, 1.054250, 2.296564
 754.333333, 7.759611, 1.038003, 0.893062, 1.972161
4
 0.250000, 11.000000, 0.000000, 7.000000, 20.000000
 641.000000, 8.052522, 1.338534, 1.115445, 2.510660
 718.333333, 8.070070, 1.267285, 1.042691, 2.358701
 741.000000, 7.690058, 1.095367, 0.957715, 2.088619
 677.666667, 7.911953, 1.318741, 1.117560, 2.477127
 719.666667, 7.573877, 1.089393, 0.924965, 2.056508
 714.333333, 7.895940, 1.174522, 1.001867, 2.214186
 704.666667, 7.694418, 1.200095, 1.052980, 2.291391
 589.666667, 7.538722, 1.572075, 1.474845, 3.087620
 693.666667, 7.529073, 1.290726, 1.234983, 2.567035
 730.000000, 7.892237, 1.242466, 1.094064, 2.376712
 744.333333, 7.875952, 1.097179, 0.938648, 2.076131
 728.333333, 8.120824, 1.175286, 1.009153, 2.226087
 691.666667, 7.686265, 1.362892, 1.233735, 2.637590
 705.000000, 7.901182, 1.311111, 1.173522, 2.523877
 673.000000, 8.247152, 1.165428, 0.961367, 2.168400
 738.333333, 7.752144, 1.076749, 0.944921, 2.063657
 745.666667, 8.029057, 1.109075, 0.971837, 2.120250
 737.000000, 7.724559, 1.205789, 1.048847, 2.293985
 750.333333, 7.645935, 1.049311, 0.901821, 1.991115
5
 0.250000, 16.000000, 3.000000, 2.000000, 9.000000
 641.666667, 8.130390, 1.343377, 1.116364, 2.514286
 727.000000, 8.058230, 1.264099, 1.036680, 2.345254
 743.666667, 7.886598, 1.087853, 0.956074, 2.082922
 679.666667, 7.990191, 1.311918, 1.110839, 2.461991
 725.000000, 7.657471, 1.074023, 0.918161, 2.029885
 719.333333, 8.000927, 1.174235, 0.997683, 2.210380
 705.666667, 7.793103, 1.204535, 1.048181, 2.290978
 591.666667, 7.464789, 1.564507, 1.463099, 3.069296
 686.000000, 7.439747, 1.333333, 1.255588, 2.630224
 725.333333, 7.803768, 1.229779, 1.097426, 2.370864
 745.000000, 7.849217, 1.084116, 0.934676, 2.057718
 733.666667, 7.888233, 1.152204, 0.998637, 2.192640
 699.666667, 7.922820, 1.352549, 1.227727, 2.617913
 700.333333, 7.816278, 1.301761, 1.178486, 2.516421
 668.333333, 8.136160, 1.138653, 0.972070, 2.147631
 741.000000, 7.811516, 1.078273, 0.950967, 2.067476
 745.666667, 7.936522, 1.114886, 0.967367, 2.122485
 739.666667, 7.801712, 1.178459, 1.051825, 2.267688
 747.000000, 7.767515, 1.046854, 0.905399, 1.991522
6
 0.250000, 15.000000, 3.000000, 4.000000, 18.000000
 640.333333, 8.047892, 1.337324, 1.119209, 2.513795
 726.000000, 8.108815, 1.262626, 1.029385, 2.343893
 738.666667, 7.845668, 1.089350, 0.952166, 2.088899
 674.333333, 7.939694, 1.317350, 1.119130, 2.476026
 725.000000, 7.833103, 1.068506, 0.925977, 2.032644
 710.666667, 7.867261, 1.157598, 1.006098, 2.203096
 705.333333, 7.571834, 1.196125, 1.053875, 2.292533
 588.000000, 7.315193, 1.574263, 1.475624, 3.088435
 687.333333, 7.503880, 1.301649, 1.256547, 2.600388
 733.000000, 7.788085, 1.251933, 1.092769, 2.383811
 746.000000, 8.005809, 1.088919, 0.936997, 2.065237
 730.666667, 8.046533, 1.164690, 1.004106, 2.208029
 698.000000, 7.851003, 1.358166, 1.224928, 2.621777
 695.000000, 7.970743, 1.319424, 1.190887, 2.545324
 673.666667, 8.117269, 1.150421, 0.970807, 2.159822
 743.000000, 7.804845, 1.070884, 0.945716, 2.056528
 746.333333, 7.917374, 1.129969, 0.975435, 2.146047
 738.666667, 7.757671, 1.180054, 1.051895, 2.268953
 761.666667, 7.848578, 1.038950, 0.888403, 1.966302
7
 0.250000, 12.000000, 3.000000, 4.000000, 19.000000
 644.333333, 8.013451, 1.363683, 1.112261, 2.534920
 725.333333, 8.153952, 1.276654, 1.031250, 2.351563
 746.000000, 7.850313, 1.088472, 0.950402, 2.076408
 675.666667, 7.890972, 1.311791, 1.118402, 2.469166
 725.666667, 7.617363, 1.085439, 0.923289, 2.047313
 711.333333, 7.972352, 1.167291, 0.998126, 2.206186
 708.666667, 7.827375, 1.195673, 1.047507, 2.282220
 591.666667, 7.513239, 1.585352, 1.464225, 3.087887
 691.666667, 7.600482, 1.314699, 1.245783, 2.601928
 723.333333, 7.685253, 1.253456, 1.109217, 2.401843
 741.000000, 7.802969, 1.094467, 0.939271, 2.076023
 731.333333, 7.965816, 1.163628, 1.001367, 2.203282
 700.000000, 7.671905, 1.348571, 1.220476, 2.607143
 710.000000, 7.937089, 1.329577, 1.161972, 2.527700
 674.666667, 8.275692, 1.150692, 0.962945, 2.152668
 738.000000, 7.780036, 1.070009, 0.948509, 2.058717
 746.000000, 7.866845, 1.119750, 0.974531, 2.136282
 736.333333, 7.778633, 1.199638, 1.057492, 2.294703
 750.000000, 7.763111, 1.044000, 0.898667, 1.982222
Histogram
0 0 0 0 0 0 0 0 0 0 0 0 0 0 0 0 0 0 0 8 31 18 29 16 10 21 11 0 0 0 8 0 0 0 0 0 0 0 0 0 0 0 0 0 0 0 0 0 0 0 0 0 0 0 0 0 0 0 0 0 0 0 0 0 0 0 0 0 0 0 0 0 0 0 0 0 0 0 0 0 0 0 0 0 0 0 0 0 0 0 1 0 0 0 0 0 0 0 0 0 0 0 0 0 0 0 0 0 0 0 0 0 0 0 0 0 0 0 0 7 
Cache Miss Ratio
NaN
numOfSets
339813
numOfGets
0
numOfMultiGets
0
