 0, 20
 309.000000, 164.635383, 46.275081, 2.180151, 48.584682
 503.333333, 169.656954, 42.487417, 1.959603, 44.470861
 525.000000, 169.113016, 40.177778, 1.881905, 42.080635
 513.666667, 170.375081, 41.642440, 1.924724, 43.587930
 500.000000, 170.411333, 42.809333, 1.976000, 44.807333
 514.000000, 169.834630, 41.286641, 1.915045, 43.230220
 488.333333, 169.991809, 43.572696, 2.026621, 45.619795
 481.666667, 170.096194, 44.072664, 2.047059, 46.152941
 492.666667, 170.412720, 42.917456, 2.008119, 44.947226
 521.666667, 170.095847, 40.867093, 1.895208, 42.782748
 498.666667, 170.223930, 42.503342, 1.981952, 44.507353
 514.333333, 170.018146, 41.029812, 1.921581, 42.972132
 511.666667, 169.028664, 41.574593, 1.932899, 43.528339
 488.000000, 169.208333, 43.627049, 2.027322, 45.679645
 508.333333, 170.106885, 42.007869, 1.944918, 43.973770
 533.333333, 169.820625, 39.815000, 1.849375, 41.689375
 515.666667, 169.528765, 41.190045, 1.915320, 43.128636
 504.333333, 170.019167, 41.813615, 1.949769, 43.795109
 504.000000, 169.541667, 42.033730, 1.960317, 44.016534
 514.000000, 169.848249, 41.420233, 1.923476, 43.365759
 1, 20
 303.000000, 165.226623, 46.192519, 2.261826, 48.557756
 498.333333, 169.582609, 42.485619, 1.951839, 44.490301
 523.666667, 169.334182, 40.227880, 1.888606, 42.136856
 512.000000, 169.814453, 41.460286, 1.930990, 43.411458
 497.000000, 169.483568, 42.425889, 1.987928, 44.437290
 515.666667, 169.676794, 41.389140, 1.917259, 43.327085
 487.666667, 170.276828, 43.669173, 2.028025, 45.718387
 483.000000, 170.462388, 44.289855, 2.041408, 46.359558
 493.666667, 169.801485, 42.833221, 2.004727, 44.858204
 516.333333, 170.054229, 40.891543, 1.915429, 42.827631
 496.666667, 169.942953, 42.620134, 1.991946, 44.632215
 517.666667, 170.087572, 41.034771, 1.908564, 42.965229
 508.666667, 169.083879, 41.565531, 1.941678, 43.533421
 486.666667, 169.844521, 43.869863, 2.032877, 45.929452
 504.666667, 169.800528, 41.894980, 1.958388, 43.875165
 537.000000, 169.973929, 39.806952, 1.837989, 41.667287
 511.333333, 169.627119, 41.274446, 1.932855, 43.233377
 510.000000, 169.790196, 41.793464, 1.940523, 43.755556
 507.333333, 169.772011, 41.990802, 1.948752, 43.961235
 511.333333, 169.708605, 41.345502, 1.931551, 43.299870
 2, 20
 314.666667, 165.403602, 46.478814, 2.177966, 48.764831
 502.000000, 169.871182, 42.566401, 1.964807, 44.556441
 524.666667, 169.208386, 40.175985, 1.879288, 42.080051
 511.333333, 169.818123, 41.446545, 1.931551, 43.400261
 499.000000, 169.834335, 42.589846, 1.978624, 44.591182
 510.333333, 169.855650, 41.369693, 1.930764, 43.327237
 486.666667, 169.823973, 43.656164, 2.032192, 45.713699
 483.333333, 170.129655, 44.042759, 2.046207, 46.111724
 494.000000, 170.188259, 42.928475, 1.979082, 44.951417
 520.000000, 169.847436, 40.757051, 1.902564, 42.680128
 500.666667, 169.984687, 42.541944, 1.974700, 44.538615
 517.666667, 170.233097, 41.071475, 1.911140, 43.003220
 505.333333, 169.002639, 41.526385, 1.950528, 43.504617
 487.000000, 168.754962, 43.687885, 2.027379, 45.741273
 509.000000, 170.005239, 41.981009, 1.941716, 43.944990
 535.333333, 169.787671, 39.739103, 1.842466, 41.605853
 514.666667, 169.528497, 41.244171, 1.922280, 43.186528
 506.666667, 169.759211, 41.936184, 1.942105, 43.908553
 503.000000, 169.483101, 41.940358, 1.964877, 43.932406
 513.000000, 169.447693, 41.346329, 1.917479, 43.299545
 3, 20
 311.666667, 166.127273, 46.503743, 2.200000, 48.818182
 500.333333, 170.385743, 42.629580, 1.970686, 44.625583
 525.666667, 169.722257, 40.294864, 1.878884, 42.199746
 513.000000, 170.023392, 41.535413, 1.927875, 43.483431
 498.666667, 170.159759, 42.687166, 1.981952, 44.690508
 515.000000, 169.777346, 41.434304, 1.918447, 43.379288
 486.666667, 169.431507, 43.447260, 2.028082, 45.506849
 483.000000, 170.490683, 44.336094, 2.046929, 46.405107
 497.666667, 170.115204, 42.955124, 1.986604, 44.963161
 517.333333, 169.869845, 40.802191, 1.911082, 42.737758
 500.333333, 170.065290, 42.534310, 1.970686, 44.532312
 518.000000, 169.836551, 40.940154, 1.908623, 42.869369
 509.333333, 169.227094, 41.583115, 1.942408, 43.550393
 483.666667, 168.954514, 43.717436, 2.037905, 45.783598
 506.666667, 169.734211, 41.911842, 1.951974, 43.889474
 536.333333, 169.863891, 39.824736, 1.840895, 41.688626
 515.000000, 169.163107, 41.181877, 1.917799, 43.122977
 507.000000, 169.806706, 41.848784, 1.948718, 43.819855
 507.000000, 169.794214, 41.969099, 1.951348, 43.940171
 509.333333, 169.751963, 41.472513, 1.931283, 43.435209
 4, 20
 303.666667, 165.286498, 46.295280, 2.255763, 48.671789
 500.000000, 169.602000, 42.458667, 1.972000, 44.457333
 525.000000, 169.531429, 40.289524, 1.882540, 42.196190
 508.333333, 169.832787, 41.477377, 1.944262, 43.442623
 498.000000, 169.872825, 42.593039, 1.982597, 44.597724
 507.333333, 169.630092, 41.307490, 1.944809, 43.277267
 486.000000, 169.628258, 43.567215, 2.034294, 45.622771
 484.000000, 169.907713, 44.154270, 2.045455, 46.228650
 493.666667, 169.948683, 42.922350, 2.004051, 44.950709
 517.666667, 170.124276, 40.853831, 1.910496, 42.784932
 500.000000, 169.746667, 42.424667, 1.972667, 44.428000
 519.666667, 170.323284, 41.116100, 1.901219, 43.039769
 506.333333, 169.491113, 41.699803, 1.951942, 43.674128
 482.000000, 168.836100, 43.519364, 2.053250, 45.598202
 504.000000, 170.066138, 42.025132, 1.962302, 44.008598
 530.666667, 169.751256, 39.773869, 1.861181, 41.657663
 513.666667, 169.626217, 41.129137, 1.924075, 43.074627
 502.000000, 169.861886, 41.932935, 1.970784, 43.924303
 507.000000, 169.670611, 41.902038, 1.948060, 43.873767
 511.333333, 169.819426, 41.466102, 1.929596, 43.425684
 5, 20
 311.333333, 166.700214, 46.643469, 2.205567, 48.968951
 480.666667, 169.787795, 42.300971, 2.050624, 44.384189
 527.000000, 169.139152, 40.205566, 1.874763, 42.102467
 512.666667, 170.044863, 41.494148, 1.921326, 43.443433
 497.333333, 170.001340, 42.654155, 1.988606, 44.663539
 510.333333, 169.510124, 41.264533, 1.936643, 43.222077
 483.666667, 169.607857, 43.547209, 2.046175, 45.614748
 483.333333, 169.879310, 44.161379, 2.048276, 46.230345
 495.000000, 169.973064, 42.889562, 1.976431, 44.909764
 518.000000, 170.075933, 40.871943, 1.909266, 42.801802
 503.000000, 169.774023, 42.503645, 1.966865, 44.491054
 519.666667, 170.418217, 41.119949, 1.902502, 43.043618
 508.666667, 169.165138, 41.589122, 1.943644, 43.554391
 482.666667, 169.484116, 43.784530, 2.049724, 45.855663
 505.666667, 169.862887, 41.916941, 1.955175, 43.893869
 530.666667, 169.763191, 39.720477, 1.851759, 41.603015
 514.000000, 169.833982, 41.289883, 1.924773, 43.234760
 503.666667, 169.814030, 41.983455, 1.960291, 43.964924
 505.000000, 169.687129, 41.976238, 1.957756, 43.955776
 511.000000, 169.697326, 41.425310, 1.928898, 43.380952
 6, 20
 311.666667, 166.877005, 46.686631, 2.203209, 49.019251
 503.333333, 169.556954, 42.539073, 1.961589, 44.524503
 524.666667, 169.336086, 40.207116, 1.882465, 42.114994
 514.000000, 169.884565, 41.409209, 1.918936, 43.352789
 496.666667, 170.001342, 42.562416, 1.991946, 44.574497
 513.666667, 170.038287, 41.367294, 1.922128, 43.311486
 484.666667, 169.701513, 43.595598, 2.042641, 45.662999
 479.333333, 169.872740, 43.989569, 2.062587, 46.078581
 494.333333, 170.004046, 42.864464, 2.003372, 44.888065
 521.333333, 170.331202, 40.947570, 1.895141, 42.868286
 502.333333, 170.028534, 42.470471, 1.969476, 44.465163
 517.333333, 169.954253, 41.021907, 1.909794, 42.954253
 508.666667, 169.254260, 41.606160, 1.931848, 43.580603
 485.000000, 169.257732, 43.718213, 2.040550, 45.778694
 505.666667, 170.035597, 41.951220, 1.954515, 43.932103
 531.333333, 169.593476, 39.693225, 1.856336, 41.574655
 514.666667, 169.390544, 41.246114, 1.922927, 43.187824
 505.666667, 169.664469, 41.966381, 1.953197, 43.940672
 508.333333, 170.022295, 42.034754, 1.940328, 44.000656
 514.000000, 169.760700, 41.409209, 1.923476, 43.354086
 7, 20
 315.333333, 165.281184, 46.417548, 2.182875, 48.727273
 504.333333, 169.931923, 42.451421, 1.956378, 44.431593
 526.666667, 169.243038, 40.182278, 1.875949, 42.079747
 508.333333, 169.933770, 41.399344, 1.943607, 43.365246
 495.666667, 169.607935, 42.521184, 1.994620, 44.536651
 516.666667, 169.867742, 41.449677, 1.911613, 43.383871
 486.666667, 169.906164, 43.660274, 2.032877, 45.713699
 485.000000, 170.282474, 44.122337, 2.039863, 46.182818
 496.333333, 170.089322, 42.957690, 1.993956, 44.971793
 517.000000, 169.977434, 40.883946, 1.912959, 42.816892
 501.333333, 169.934840, 42.487367, 1.970745, 44.480718
 515.666667, 169.966387, 40.996122, 1.918552, 42.934712
 510.000000, 169.309150, 41.631373, 1.937908, 43.591503
 484.000000, 169.654270, 43.799587, 2.035813, 45.865014
 507.000000, 169.768573, 41.847469, 1.950033, 43.819198
 535.666667, 170.227131, 39.802116, 1.844431, 41.678283
 513.333333, 169.459091, 41.255844, 1.926623, 43.203247
 503.666667, 169.696228, 41.937128, 1.962277, 43.925877
 504.000000, 169.853175, 41.994048, 1.958333, 43.978175
 512.000000, 169.821615, 41.426432, 1.927734, 43.378255
Histogram
0 0 0 0 0 0 0 0 0 0 0 0 0 0 0 0 0 0 0 0 0 0 0 0 0 0 0 0 0 0 0 0 0 0 0 0 0 0 0 0 0 8 21 64 35 16 8 0 7 1 0 0 0 0 0 0 0 0 0 0 0 0 0 0 0 0 0 0 0 0 0 0 0 0 0 0 0 0 0 0 0 0 0 0 0 0 0 0 0 0 0 0 0 0 0 0 0 0 0 0 
Cache Miss Ratio
0.0
Average number of keys
1.0
numOfSets
121053
numOfGets
120953
numOfMultiGets
0
