 0, 21
 0.250000, 2.000000, 0.000000, 13.000000, 15.000000
 296.333333, 75.393701, 31.463442, 3.188976, 34.809899
 475.000000, 75.785965, 20.408421, 2.051228, 22.505965
 386.000000, 71.776339, 23.232297, 2.613990, 25.873921
 529.000000, 72.656585, 18.908633, 1.862004, 20.797101
 575.000000, 71.943768, 15.670145, 1.714783, 17.408696
 544.666667, 72.772950, 16.812729, 1.810282, 18.646267
 589.000000, 71.832484, 15.409168, 1.668930, 17.105829
 597.333333, 71.950893, 15.337612, 1.646205, 17.010603
 604.666667, 71.701213, 14.842889, 1.623484, 16.495590
 574.333333, 71.765525, 15.367382, 1.712710, 17.106790
 612.666667, 71.155604, 14.618607, 1.603373, 16.249184
 582.666667, 71.589817, 15.386156, 1.686499, 17.101831
 604.000000, 71.917770, 14.970751, 1.630795, 16.625276
 568.333333, 72.100293, 15.812903, 1.733724, 17.576540
 589.000000, 72.083758, 15.395020, 1.666101, 17.091681
 582.666667, 72.370709, 15.597254, 1.690503, 17.312357
 581.666667, 71.657880, 15.275072, 1.696275, 16.993696
 605.666667, 71.778756, 14.941662, 1.627958, 16.593286
 593.000000, 71.416526, 15.006183, 1.659359, 16.695334
 587.000000, 70.488359, 14.863714, 1.676888, 16.565588
 1, 21
 0.250000, 0.000000, 0.000000, 2.000000, 14.000000
 306.000000, 75.032680, 31.420479, 3.079521, 34.659041
 462.333333, 75.570296, 20.825523, 2.116078, 22.984859
 395.333333, 72.255481, 22.488196, 2.548061, 25.062395
 523.000000, 72.356278, 19.126195, 1.840025, 21.036329
 577.666667, 72.045586, 15.649163, 1.706867, 17.379111
 541.666667, 72.526154, 16.732923, 1.809846, 18.581538
 580.333333, 71.390006, 15.414130, 1.693280, 17.135554
 586.333333, 71.524730, 15.304719, 1.677658, 17.008528
 586.333333, 71.614554, 14.805571, 1.678795, 16.508812
 586.333333, 72.597499, 15.518476, 1.677089, 17.226833
 616.000000, 71.345779, 14.554113, 1.594697, 16.175325
 577.333333, 72.214781, 15.493072, 1.707275, 17.224596
 598.333333, 71.856267, 15.002228, 1.644568, 16.673538
 562.000000, 71.925860, 15.832147, 1.755635, 17.614472
 582.000000, 71.935853, 15.359107, 1.685567, 17.076174
 584.333333, 72.568169, 15.591557, 1.687393, 17.302339
 587.000000, 71.797274, 15.329926, 1.677456, 17.029529
 591.666667, 71.100845, 14.813521, 1.661972, 16.503099
 597.000000, 71.527080, 15.106086, 1.649916, 16.779453
 600.000000, 70.501111, 14.807778, 1.642778, 16.473889
 2, 21
 0.250000, 2.000000, 0.000000, 12.000000, 14.000000
 305.333333, 75.125546, 31.623362, 3.098253, 34.873362
 475.666667, 75.154870, 20.591451, 2.057463, 22.690259
 383.666667, 72.292789, 22.834926, 2.576021, 25.439618
 493.666667, 72.683997, 19.324781, 1.999325, 21.352465
 578.333333, 72.365994, 15.612680, 1.704323, 17.340058
 540.000000, 72.684568, 16.819753, 1.825926, 18.669753
 585.333333, 72.389522, 15.450456, 1.673690, 17.161162
 579.000000, 71.597582, 15.257340, 1.696603, 16.982153
 609.333333, 71.436543, 14.712254, 1.611050, 16.354486
 579.000000, 71.721934, 15.369027, 1.700058, 17.094991
 606.666667, 71.076374, 14.608791, 1.623077, 16.256593
 579.333333, 71.994822, 15.365362, 1.696778, 17.090334
 604.333333, 72.286266, 15.090458, 1.626586, 16.744622
 562.000000, 71.957295, 15.761566, 1.749110, 17.540332
 581.666667, 71.807450, 15.363324, 1.690544, 17.081948
 571.666667, 72.153353, 15.492128, 1.727114, 17.240816
 591.666667, 71.781408, 15.148732, 1.665352, 16.837746
 595.333333, 71.611982, 14.939530, 1.655095, 16.618701
 588.666667, 71.332956, 15.018120, 1.670442, 16.724236
 599.000000, 71.117974, 14.937674, 1.641068, 16.606010
 3, 21
 0.250000, 0.000000, 0.000000, 1.000000, 3.000000
 297.000000, 75.120090, 31.640853, 3.171717, 34.974186
 472.000000, 75.540254, 20.514831, 2.068503, 22.630650
 386.666667, 72.138793, 22.293966, 2.607759, 24.927586
 532.666667, 73.354819, 19.298498, 1.849186, 21.173967
 578.333333, 72.232277, 15.680692, 1.704323, 17.412104
 539.666667, 72.856084, 16.722051, 1.827671, 18.576899
 570.333333, 71.946230, 15.313267, 1.721216, 17.063705
 580.333333, 71.918438, 15.365307, 1.696152, 17.087306
 607.000000, 71.448105, 14.779242, 1.613948, 16.421746
 577.333333, 71.777714, 15.456697, 1.705543, 17.187067
 614.333333, 71.624525, 14.570266, 1.603364, 16.196419
 579.333333, 71.523015, 15.452244, 1.696778, 17.176640
 600.000000, 72.169444, 14.996667, 1.637778, 16.661667
 573.000000, 71.908668, 15.923211, 1.719023, 17.667830
 586.000000, 72.047782, 15.348123, 1.678043, 17.053470
 588.333333, 72.394334, 15.536544, 1.673654, 17.235127
 590.333333, 71.783173, 15.307736, 1.669113, 17.000565
 596.000000, 71.674497, 14.917785, 1.650447, 16.595638
 593.333333, 71.905056, 15.185393, 1.660674, 16.870225
 570.000000, 70.494737, 14.768421, 1.722807, 16.522222
 4, 21
 0.250000, 0.000000, 0.000000, 1.000000, 2.000000
 299.000000, 75.634337, 31.704571, 3.178372, 35.026756
 427.333333, 76.077223, 21.182527, 2.284711, 23.520281
 386.000000, 72.126079, 22.383420, 2.613126, 25.019862
 526.666667, 72.662025, 18.931013, 1.870886, 20.825316
 577.000000, 72.024263, 15.609474, 1.703640, 17.336800
 549.666667, 72.665252, 16.802911, 1.788963, 18.627047
 580.666667, 71.669920, 15.389782, 1.695178, 17.110792
 587.333333, 72.002270, 15.435301, 1.674234, 17.140182
 598.666667, 71.734410, 14.810134, 1.638641, 16.478842
 587.333333, 72.051078, 15.363791, 1.677639, 17.064699
 608.666667, 70.814896, 14.523001, 1.609529, 16.165389
 579.333333, 71.482739, 15.469505, 1.695627, 17.200230
 587.333333, 71.830874, 15.035755, 1.677072, 16.736663
 574.000000, 72.067944, 15.763066, 1.713124, 17.504065
 587.666667, 72.030062, 15.454906, 1.669881, 17.157119
 581.666667, 71.948997, 15.454441, 1.694556, 17.170774
 584.666667, 71.554162, 15.220639, 1.676739, 16.929875
 597.333333, 71.430246, 14.776786, 1.642857, 16.449219
 592.000000, 71.292793, 14.957207, 1.659910, 16.645270
 603.000000, 70.468214, 14.883914, 1.632946, 16.541736
 5, 21
 0.250000, 0.000000, 0.000000, 1.000000, 3.000000
 300.666667, 75.547672, 31.709534, 3.136364, 35.003326
 474.333333, 75.425158, 20.613493, 2.063247, 22.718201
 386.333333, 72.124245, 22.790336, 2.554789, 25.376186
 495.333333, 72.545087, 19.382234, 1.990579, 21.400404
 574.000000, 72.558072, 15.691638, 1.711382, 17.431475
 539.333333, 72.758962, 16.937577, 1.826947, 18.788010
 579.333333, 72.001726, 15.426928, 1.701956, 17.151899
 582.333333, 71.630223, 15.271322, 1.690326, 16.986262
 617.333333, 71.937365, 14.833693, 1.591253, 16.456803
 591.666667, 71.729014, 15.371268, 1.667042, 17.059718
 612.333333, 71.083288, 14.494829, 1.600435, 16.126837
 586.666667, 71.763636, 15.377273, 1.681250, 17.080682
 587.666667, 71.891662, 15.068066, 1.669881, 16.767442
 571.000000, 72.224752, 15.877408, 1.725044, 17.631640
 585.666667, 72.184974, 15.405236, 1.680706, 17.111554
 581.333333, 72.051606, 15.500000, 1.695528, 17.219610
 583.000000, 71.587764, 15.181818, 1.688965, 16.899943
 599.333333, 71.402670, 14.929366, 1.641824, 16.597330
 592.666667, 72.052868, 15.186727, 1.662542, 16.876265
 595.000000, 71.715406, 15.112045, 1.656022, 16.792157
 6, 21
 0.250000, 0.000000, 0.000000, 1.000000, 12.000000
 293.333333, 75.526136, 31.314773, 3.250000, 34.709091
 478.333333, 75.236934, 20.597213, 2.052265, 22.680836
 389.333333, 72.139555, 22.090753, 2.581336, 24.697774
 530.000000, 72.844654, 18.784277, 1.859119, 20.670440
 570.333333, 72.122735, 15.595558, 1.724722, 17.346581
 542.666667, 72.955160, 16.775184, 1.816339, 18.616093
 586.666667, 71.990909, 15.472727, 1.669886, 17.174432
 585.666667, 71.570290, 15.261241, 1.677860, 16.967558
 596.000000, 71.868568, 14.813758, 1.644295, 16.489933
 583.666667, 71.833238, 15.400914, 1.685894, 17.113078
 613.333333, 71.091848, 14.506522, 1.598913, 16.134783
 579.333333, 71.325086, 15.399885, 1.700806, 17.124281
 602.666667, 72.237279, 15.129425, 1.633850, 16.787611
 571.333333, 71.730455, 15.823221, 1.726954, 17.572929
 583.666667, 71.519132, 15.282125, 1.679041, 16.993718
 579.333333, 72.144419, 15.429804, 1.702532, 17.155926
 590.333333, 71.988707, 15.372106, 1.669113, 17.066064
 596.666667, 71.323464, 14.813966, 1.651955, 16.488827
 594.333333, 71.843522, 15.169938, 1.655076, 16.850813
 598.666667, 70.369154, 14.772272, 1.643096, 16.445991
 7, 20
 0.250000, 26.000000, 0.000000, 20.000000, 83.000000
 300.000000, 75.403333, 31.790000, 3.221111, 35.111111
 490.333333, 74.731475, 20.122366, 1.997281, 22.157036
 370.666667, 72.339029, 24.560252, 2.726619, 27.309353
 558.333333, 72.937313, 18.358209, 1.765373, 20.147463
 567.666667, 72.054610, 15.728127, 1.732824, 17.487962
 543.000000, 72.796808, 16.877225, 1.816452, 18.718846
 579.666667, 71.922369, 15.415756, 1.696952, 17.139160
 583.666667, 71.818961, 15.422045, 1.683609, 17.134209
 604.333333, 71.502482, 14.840596, 1.626586, 16.494208
 587.666667, 72.031764, 15.449801, 1.678956, 17.150312
 606.666667, 71.289011, 14.485714, 1.623077, 16.133516
 589.333333, 71.904412, 15.462104, 1.667986, 17.154412
 596.333333, 72.031861, 15.084964, 1.651202, 16.760201
 571.666667, 71.860058, 15.797085, 1.724781, 17.545190
 589.000000, 72.374080, 15.464063, 1.669496, 17.160724
 579.000000, 72.618307, 15.559010, 1.702936, 17.285550
 590.000000, 71.616384, 15.163842, 1.670621, 16.857627
 607.000000, 71.650741, 14.830313, 1.621087, 16.483251
 585.333333, 71.382688, 15.051253, 1.681093, 16.758542
Histogram
0 0 1 2 0 0 0 0 0 0 0 0 1 0 2 1 56 63 8 0 4 4 7 1 2 5 0 1 0 0 0 0 0 0 5 3 0 0 0 0 0 0 0 0 0 0 0 0 0 0 0 0 0 0 0 0 0 0 0 0 0 0 0 0 0 0 0 0 0 0 0 0 0 0 0 0 0 0 0 0 0 0 0 1 0 0 0 0 0 0 0 0 0 0 0 0 0 0 0 0 
Cache Miss Ratio
0.0
Average number of keys
1.0
numOfSets
132617
numOfGets
132570
numOfMultiGets
0
