 0, 20
 0.250000, 2.000000, 0.000000, 14.000000, 121.000000
 267.333333, 27.844140, 3.558603, 2.815461, 6.443890
 296.333333, 25.019123, 2.760405, 2.349831, 5.129359
 315.333333, 25.841438, 2.695560, 2.212474, 4.929175
 322.333333, 26.605998, 2.715615, 2.170631, 4.907963
 239.000000, 27.283124, 4.062762, 3.244073, 7.326360
 314.000000, 26.726115, 2.947983, 2.313163, 5.288747
 297.000000, 26.610550, 2.991021, 2.399551, 5.419753
 285.000000, 26.591813, 3.338012, 2.539181, 5.906433
 294.666667, 25.675339, 2.996606, 2.457014, 5.472851
 114.666667, 27.433140, 8.741279, 7.656977, 16.415698
 239.000000, 26.776848, 4.078103, 3.225941, 7.323570
 317.000000, 26.140904, 2.774974, 2.235542, 5.045216
 317.000000, 26.721346, 2.903260, 2.269190, 5.202944
 329.000000, 25.854103, 2.622087, 2.145897, 4.797366
 313.666667, 25.673751, 2.730074, 2.275239, 5.023379
 327.333333, 26.421589, 2.629328, 2.144603, 4.799389
 289.666667, 26.723820, 3.590334, 2.543153, 6.161105
 315.333333, 25.633192, 2.675476, 2.186047, 4.881607
 324.000000, 25.944444, 2.589506, 2.161523, 4.778807
 1, 20
 0.250000, 64.000000, 0.000000, 11.000000, 78.000000
 279.000000, 27.632019, 3.955795, 2.623656, 6.658303
 302.333333, 26.423374, 2.906284, 2.340684, 5.267916
 313.000000, 25.811502, 2.551651, 2.247071, 4.818956
 328.000000, 26.559959, 2.681911, 2.108740, 4.819106
 235.333333, 25.607649, 3.777620, 3.223796, 7.031161
 309.000000, 26.059331, 2.800431, 2.338727, 5.162891
 304.666667, 27.268053, 2.979212, 2.377462, 5.385120
 287.000000, 26.757259, 3.281069, 2.497096, 5.800232
 303.333333, 27.365934, 3.095604, 2.401099, 5.524176
 119.666667, 26.827298, 8.980501, 7.364903, 16.364903
 239.000000, 25.906555, 3.781032, 3.195258, 7.033473
 323.333333, 26.497938, 2.759794, 2.177320, 4.961856
 310.333333, 26.306122, 2.923738, 2.234157, 5.242750
 331.666667, 26.341709, 2.665327, 2.143719, 4.835176
 312.000000, 26.736111, 2.852564, 2.289530, 5.169872
 329.333333, 26.060729, 2.652834, 2.133603, 4.804656
 284.333333, 26.642438, 3.246190, 2.550996, 5.817116
 320.000000, 25.955208, 2.676042, 2.168750, 4.866667
 334.000000, 27.135729, 2.653693, 2.118762, 4.800399
 2, 20
 0.250000, 45.000000, 0.000000, 10.000000, 94.000000
 266.000000, 28.127820, 4.058897, 2.788221, 6.922306
 298.666667, 25.897321, 2.871652, 2.328125, 5.228795
 312.333333, 26.468517, 2.721451, 2.273212, 5.016009
 331.666667, 27.289447, 2.777889, 2.120603, 4.933668
 239.000000, 26.875872, 4.026499, 3.292887, 7.338912
 307.666667, 26.134345, 2.888407, 2.325027, 5.242687
 304.333333, 28.186199, 3.019715, 2.370208, 5.419496
 289.000000, 27.711649, 3.452134, 2.479815, 5.955017
 295.000000, 25.710734, 2.974011, 2.410169, 5.413559
 122.666667, 26.048913, 11.470109, 7.377717, 18.866848
 246.000000, 27.151762, 4.040650, 3.143631, 7.230352
 319.333333, 27.146138, 2.756785, 2.215031, 5.000000
 308.333333, 26.600000, 2.862703, 2.322162, 5.233514
 327.333333, 26.364562, 2.584521, 2.141548, 4.758656
 322.666667, 26.557851, 2.790289, 2.265496, 5.082645
 330.000000, 26.209091, 2.610101, 2.146465, 4.775758
 287.000000, 25.626016, 2.945412, 2.508711, 5.498258
 322.000000, 25.987578, 2.738095, 2.164596, 4.923395
 323.000000, 26.521156, 2.551084, 2.192982, 4.773994
 3, 20
 0.250000, 25.000000, 0.000000, 2.000000, 97.000000
 250.333333, 26.695073, 3.748336, 3.019973, 6.858855
 301.333333, 26.868363, 2.882743, 2.350664, 5.254425
 314.666667, 26.366525, 2.729873, 2.250000, 5.002119
 329.333333, 26.439271, 2.806680, 2.107287, 4.935223
 241.333333, 26.511050, 3.906077, 3.186464, 7.117403
 311.000000, 26.651661, 2.838156, 2.316184, 5.187567
 300.000000, 26.717778, 3.091111, 2.385556, 5.505556
 288.000000, 27.350694, 3.266204, 2.423611, 5.717593
 296.333333, 26.760405, 3.039370, 2.445444, 5.502812
 126.000000, 28.137566, 11.410053, 7.206349, 18.640212
 238.000000, 25.747899, 3.889356, 3.189076, 7.126050
 322.333333, 27.064116, 2.766287, 2.170631, 4.958635
 307.666667, 25.444204, 2.925244, 2.221018, 5.251354
 321.666667, 25.567876, 2.637306, 2.196891, 4.862176
 316.000000, 25.867089, 2.863924, 2.278481, 5.175105
 336.000000, 27.155754, 2.681548, 2.077381, 4.778770
 293.666667, 27.901249, 3.387060, 2.443814, 5.898978
 322.333333, 26.974147, 2.731127, 2.139607, 4.906929
 336.666667, 27.285149, 2.633663, 2.134653, 4.787129
 4, 20
 0.250000, 60.000000, 0.000000, 11.000000, 79.000000
 272.333333, 28.023256, 3.977968, 2.774786, 6.805386
 297.000000, 24.790123, 2.885522, 2.355780, 5.261504
 315.000000, 25.659259, 2.743915, 2.273016, 5.037037
 326.666667, 26.711224, 2.785714, 2.128571, 4.936735
 240.666667, 27.074792, 3.972299, 3.164820, 7.157895
 316.000000, 27.726793, 2.988397, 2.279536, 5.296414
 303.333333, 27.416484, 3.030769, 2.372527, 5.431868
 286.000000, 26.462704, 3.310023, 2.493007, 5.839161
 296.666667, 26.395506, 2.913483, 2.375281, 5.359551
 125.000000, 26.496000, 11.010667, 7.253333, 18.304000
 241.333333, 26.616022, 3.911602, 3.201657, 7.154696
 315.333333, 25.035941, 2.710359, 2.202960, 4.931290
 309.333333, 25.766164, 2.893319, 2.327586, 5.251078
 323.333333, 26.434021, 2.584536, 2.193814, 4.796907
 315.000000, 26.697354, 2.849735, 2.287831, 5.156614
 329.000000, 26.446809, 2.636272, 2.163121, 4.826748
 290.000000, 26.724138, 3.204598, 2.521839, 5.748276
 323.000000, 26.776058, 2.714138, 2.144479, 4.879257
 328.000000, 26.352642, 2.648374, 2.165650, 4.833333
 5, 20
 0.250000, 61.000000, 0.000000, 11.000000, 79.000000
 282.666667, 29.454009, 4.071934, 2.623821, 6.759434
 301.000000, 26.203765, 2.939092, 2.370986, 5.333333
 315.000000, 25.808466, 2.823280, 2.227513, 5.079365
 323.333333, 26.136082, 2.693814, 2.189691, 4.927835
 241.666667, 26.777931, 4.317241, 3.208276, 7.555862
 311.000000, 26.928189, 2.906752, 2.286174, 5.222937
 299.000000, 27.043478, 2.964326, 2.443701, 5.429208
 287.333333, 26.136891, 3.417633, 2.443155, 5.897912
 291.333333, 25.861556, 2.961098, 2.416476, 5.413043
 116.000000, 27.732759, 8.683908, 7.798851, 16.502874
 239.333333, 26.718663, 3.970752, 3.181058, 7.201950
 314.666667, 25.932203, 2.693856, 2.226695, 4.940678
 308.000000, 26.202381, 2.791126, 2.307359, 5.139610
 325.666667, 26.326510, 2.587513, 2.194473, 4.800409
 320.000000, 27.352083, 2.797917, 2.287500, 5.105208
 335.333333, 26.797217, 2.717694, 2.161034, 4.905567
 284.000000, 25.632629, 3.295775, 2.497653, 5.868545
 323.000000, 27.251806, 2.680083, 2.142415, 4.871001
 325.000000, 26.667692, 2.592821, 2.201026, 4.812308
 6, 20
 0.250000, 36.000000, 0.000000, 12.000000, 94.000000
 263.333333, 27.796203, 3.718987, 2.791139, 6.572152
 301.333333, 26.134956, 2.901549, 2.326327, 5.248894
 317.666667, 26.664218, 2.885624, 2.251836, 5.166842
 328.333333, 26.254822, 2.674112, 2.109645, 4.811168
 242.000000, 26.388430, 4.316804, 3.185950, 7.544077
 321.000000, 27.211838, 2.842160, 2.286604, 5.149533
 306.333333, 27.315560, 3.083787, 2.384113, 5.495103
 282.333333, 25.541913, 3.263282, 2.491145, 5.804014
 282.333333, 25.412043, 2.898465, 2.475797, 5.406139
 115.000000, 26.237681, 9.736232, 7.608696, 17.362319
 246.333333, 26.617050, 3.987821, 3.113667, 7.147497
 317.000000, 24.984227, 2.671924, 2.191377, 4.896951
 307.000000, 25.912052, 2.748100, 2.330076, 5.105320
 328.000000, 26.227642, 2.632114, 2.170732, 4.843496
 317.333333, 26.606092, 2.805672, 2.293067, 5.117647
 327.333333, 26.377800, 2.636456, 2.162933, 4.818737
 289.000000, 27.160323, 3.653979, 2.344867, 6.200692
 325.666667, 26.664278, 2.795292, 2.163767, 4.978506
 332.333333, 26.879639, 2.612839, 2.156469, 4.807422
 7, 20
 0.250000, 26.000000, 0.000000, 2.000000, 95.000000
 273.000000, 29.567766, 3.975580, 2.711844, 6.770452
 300.333333, 26.115427, 2.889012, 2.366260, 5.276360
 310.000000, 25.800000, 2.741935, 2.293548, 5.058065
 325.333333, 26.373975, 2.705943, 2.151639, 4.881148
 231.000000, 25.662338, 3.831169, 3.337662, 7.190476
 318.333333, 26.833508, 2.882723, 2.253403, 5.156021
 305.000000, 27.496175, 3.057923, 2.395628, 5.473224
 290.000000, 26.657471, 3.419540, 2.465517, 5.904598
 297.000000, 26.728395, 3.047138, 2.424242, 5.501684
 118.000000, 28.415254, 9.768362, 7.734463, 17.525424
 239.666667, 26.166898, 4.009736, 3.272601, 7.321280
 313.333333, 25.170213, 2.690426, 2.224468, 4.931915
 310.000000, 26.310753, 2.884946, 2.337634, 5.244086
 324.666667, 25.257700, 2.592402, 2.173511, 4.792608
 319.333333, 25.437370, 2.771399, 2.265136, 5.056367
 327.000000, 26.327217, 2.580020, 2.141692, 4.742100
 284.000000, 25.929577, 3.251174, 2.379108, 5.848592
 318.333333, 26.392670, 2.615707, 2.143455, 4.786387
 327.333333, 25.765784, 2.509165, 2.159878, 4.687373
 8, 20
 0.250000, 39.000000, 7.000000, 12.000000, 93.000000
 256.666667, 27.466234, 3.825974, 2.898701, 6.776623
 303.666667, 25.812294, 2.841932, 2.316136, 5.176729
 313.666667, 25.479277, 2.727949, 2.241233, 4.996812
 327.333333, 26.576375, 2.729124, 2.183299, 4.947047
 239.333333, 27.682451, 4.009749, 3.221448, 7.261838
 313.666667, 27.461211, 2.914984, 2.293305, 5.240170
 307.333333, 27.783080, 3.114967, 2.404555, 5.555315
 282.333333, 27.059032, 3.246753, 2.533648, 5.821724
 299.666667, 27.095662, 3.149055, 2.389321, 5.567297
 117.000000, 26.866097, 8.977208, 7.888889, 16.888889
 246.666667, 27.471622, 3.858108, 3.156757, 7.033784
 318.000000, 26.102725, 2.777778, 2.177149, 5.000000
 312.666667, 27.058635, 2.882729, 2.307036, 5.244136
 323.000000, 26.443756, 2.590299, 2.205366, 4.821465
 309.333333, 26.469828, 2.711207, 2.311422, 5.044181
 324.000000, 25.879630, 2.621399, 2.185185, 4.826132
 284.000000, 26.145540, 3.332160, 2.552817, 5.936620
 322.333333, 26.503619, 2.720786, 2.150982, 4.893485
 336.333333, 26.931615, 2.676908, 2.155600, 4.853320
 9, 20
 0.250000, 52.000000, 6.000000, 4.000000, 79.000000
 260.333333, 27.918054, 3.897567, 2.834827, 6.791293
 298.000000, 26.550336, 2.871365, 2.364653, 5.259508
 315.333333, 25.626850, 2.837209, 2.238901, 5.098309
 329.000000, 26.870314, 2.729483, 2.114488, 4.866261
 238.333333, 26.450350, 4.261538, 3.215385, 7.499301
 310.666667, 26.238197, 2.837983, 2.320815, 5.190987
 296.666667, 27.011236, 2.967416, 2.421348, 5.416854
 291.666667, 27.947429, 3.364571, 2.517714, 5.902857
 296.333333, 26.474691, 3.005624, 2.426322, 5.467942
 117.000000, 26.569801, 9.581197, 7.726496, 17.330484
 248.000000, 27.282258, 4.013441, 3.149194, 7.185484
 324.000000, 27.000000, 2.794239, 2.159465, 4.974280
 312.666667, 26.571429, 2.857143, 2.320896, 5.205757
 328.333333, 26.352284, 2.632487, 2.180711, 4.833503
 312.000000, 26.338675, 2.762821, 2.291667, 5.074786
 331.666667, 27.212060, 2.692462, 2.138693, 4.857286
 284.333333, 26.730363, 3.601407, 2.539273, 6.201641
 323.666667, 26.375901, 2.747683, 2.157570, 4.929969
 320.666667, 26.081081, 2.590437, 2.200624, 4.810811
 10, 20
 0.250000, 64.000000, 6.000000, 11.000000, 66.000000
 261.333333, 28.491071, 3.673469, 2.910714, 6.665816
 304.333333, 26.824754, 2.922234, 2.363636, 5.307777
 309.666667, 24.837460, 2.667384, 2.247578, 4.942949
 329.000000, 27.431611, 2.794326, 2.128673, 4.955420
 238.666667, 26.244413, 4.304469, 3.261173, 7.590782
 311.666667, 26.787166, 2.897326, 2.329412, 5.254545
 305.666667, 27.350055, 3.046892, 2.414395, 5.489640
 287.333333, 26.592807, 3.466357, 2.491879, 6.011601
 296.333333, 27.084364, 3.074241, 2.410574, 5.514061
 119.333333, 26.860335, 8.430168, 7.379888, 16.013966
 239.333333, 26.383008, 3.828691, 3.253482, 7.111421
 315.333333, 25.898520, 2.674419, 2.219873, 4.918605
 312.000000, 26.307692, 2.885684, 2.264957, 5.188034
 323.333333, 25.604124, 2.543299, 2.160825, 4.722680
 312.666667, 26.704691, 2.714286, 2.305970, 5.040512
 331.666667, 27.298492, 2.681407, 2.149749, 4.857286
 288.000000, 26.947917, 3.531250, 2.447917, 6.130787
 315.666667, 25.274551, 2.687434, 2.172122, 4.885956
 326.666667, 26.229592, 2.577551, 2.174490, 4.772449
 11, 20
 0.250000, 58.000000, 6.000000, 11.000000, 78.000000
 268.333333, 27.889441, 4.126708, 2.749068, 6.950311
 298.000000, 26.949664, 2.653244, 2.342282, 5.016779
 318.000000, 26.465409, 2.822851, 2.225367, 5.071279
 324.333333, 25.845838, 2.679342, 2.126413, 4.832477
 242.333333, 26.705640, 3.892710, 3.159560, 7.074278
 311.000000, 26.357985, 2.893891, 2.335477, 5.272240
 301.333333, 27.475664, 3.059735, 2.388274, 5.469027
 278.000000, 26.480815, 3.294964, 2.571942, 5.906475
 300.333333, 26.370699, 3.082131, 2.435072, 5.538291
 128.000000, 27.067708, 10.695313, 7.065104, 17.799479
 236.666667, 26.354930, 3.747887, 3.322535, 7.091549
 323.666667, 26.932029, 2.792997, 2.194645, 5.008239
 314.333333, 26.662778, 2.867444, 2.311771, 5.200424
 322.333333, 25.741468, 2.579111, 2.210962, 4.817994
 310.333333, 26.982814, 2.805585, 2.302900, 5.129968
 331.000000, 26.661631, 2.691843, 2.126888, 4.838872
 291.333333, 26.630435, 3.553776, 2.364989, 6.090389
 320.666667, 26.079002, 2.676715, 2.151767, 4.848233
 327.000000, 26.293578, 2.625892, 2.159021, 4.804281
 12, 20
 0.250000, 57.000000, 6.000000, 2.000000, 81.000000
 257.333333, 28.656736, 4.022021, 3.014249, 7.088083
 298.333333, 26.272626, 2.864804, 2.351955, 5.253631
 313.666667, 26.315622, 2.861849, 2.225292, 5.108395
 327.666667, 26.466938, 2.756867, 2.109868, 4.916582
 237.666667, 25.900421, 4.173913, 3.266480, 7.468443
 310.666667, 26.183476, 2.790773, 2.292918, 5.104077
 300.000000, 27.373333, 3.007778, 2.441111, 5.483333
 276.333333, 25.989144, 3.240048, 2.511460, 5.770808
 295.000000, 26.227119, 2.986441, 2.480226, 5.487006
 124.333333, 25.873995, 11.431635, 7.160858, 18.611260
 240.333333, 25.904300, 3.923717, 3.158114, 7.133148
 317.000000, 26.920084, 2.814932, 2.201893, 5.038906
 313.333333, 26.581915, 2.921277, 2.224468, 5.218085
 331.000000, 26.744209, 2.673716, 2.154079, 4.848943
 315.000000, 27.579894, 2.792593, 2.304762, 5.123810
 326.666667, 26.310204, 2.632653, 2.163265, 4.834694
 288.000000, 27.777778, 3.563657, 2.564815, 6.171296
 324.000000, 26.498971, 2.756173, 2.171811, 4.948560
 323.000000, 26.818369, 2.591331, 2.192982, 4.803922
 13, 20
 0.250000, 35.000000, 6.000000, 12.000000, 93.000000
 249.000000, 28.390897, 3.820616, 3.070950, 6.969210
 303.333333, 26.506593, 2.910989, 2.347253, 5.287912
 306.000000, 24.876906, 2.641612, 2.246187, 4.906318
 322.000000, 26.224638, 2.664596, 2.146998, 4.839545
 239.666667, 26.684284, 3.970793, 3.184979, 7.194715
 313.333333, 26.835106, 2.903191, 2.293617, 5.217021
 310.333333, 28.215897, 3.087003, 2.356606, 5.471536
 288.000000, 27.468750, 3.364583, 2.524306, 5.909722
 299.666667, 27.051168, 3.084538, 2.394883, 5.513904
 118.000000, 27.087571, 8.974576, 7.652542, 16.649718
 240.333333, 27.065187, 3.998613, 3.208044, 7.238558
 325.333333, 26.515369, 2.807377, 2.171107, 4.998975
 318.000000, 26.855346, 2.982180, 2.281971, 5.291405
 328.000000, 26.456301, 2.670732, 2.180894, 4.869919
 316.000000, 27.257384, 2.785865, 2.306962, 5.112869
 322.000000, 25.991718, 2.635611, 2.166667, 4.820911
 288.666667, 26.618938, 3.488453, 2.471132, 6.036952
 324.000000, 26.774691, 2.723251, 2.125514, 4.875514
 330.333333, 26.940464, 2.633703, 2.169526, 4.822402
 14, 20
 0.250000, 37.000000, 6.000000, 11.000000, 91.000000
 260.333333, 27.921895, 3.772087, 2.834827, 6.663252
 297.333333, 26.348655, 2.791480, 2.394619, 5.206278
 312.000000, 25.753205, 2.771368, 2.217949, 5.010684
 327.333333, 26.752546, 2.748473, 2.144603, 4.913442
 242.000000, 27.221763, 4.177686, 3.190083, 7.391185
 312.666667, 27.049041, 2.897655, 2.283582, 5.203625
 312.333333, 27.758805, 3.081110, 2.351121, 5.462113
 287.666667, 27.468134, 3.443801, 2.495944, 5.959444
 300.666667, 27.239468, 3.077605, 2.395787, 5.502217
 121.000000, 27.435262, 9.683196, 7.088154, 16.933884
 244.333333, 27.008186, 4.042292, 3.189632, 7.253752
 323.333333, 26.415464, 2.801031, 2.203093, 5.026804
 311.666667, 27.081283, 2.947594, 2.286631, 5.278075
 330.333333, 26.108981, 2.669021, 2.174571, 4.863774
 315.000000, 26.419048, 2.841270, 2.283598, 5.146032
 326.000000, 26.302658, 2.653374, 2.157464, 4.831288
 282.666667, 26.808962, 3.255896, 2.379717, 5.841981
 314.333333, 25.764581, 2.645811, 2.159067, 4.832450
 326.333333, 26.081716, 2.597549, 2.165475, 4.790603
 15, 20
 0.250000, 12.000000, 6.000000, 13.000000, 107.000000
 275.666667, 29.406288, 3.773881, 2.736397, 6.563482
 305.333333, 25.929039, 2.877729, 2.336245, 5.233624
 312.666667, 26.153518, 2.867804, 2.218550, 5.109808
 328.666667, 26.630832, 2.664300, 2.113590, 4.805274
 235.333333, 25.950425, 4.043909, 3.266289, 7.330028
 312.333333, 26.085379, 2.856990, 2.286019, 5.167556
 305.333333, 27.622271, 3.064410, 2.364629, 5.448690
 291.666667, 27.077714, 3.425143, 2.454857, 5.909714
 299.000000, 26.925307, 3.037904, 2.395764, 5.470457
 121.666667, 28.178082, 10.221918, 7.509589, 17.750685
 241.333333, 26.095304, 3.747238, 3.156077, 6.966851
 317.000000, 25.464774, 2.751840, 2.205047, 4.974763
 314.333333, 26.687169, 2.971368, 2.281018, 5.278897
 322.333333, 25.583247, 2.523268, 2.168563, 4.739400
 312.666667, 26.227079, 2.852878, 2.305970, 5.197228
 332.666667, 26.384770, 2.608216, 2.127255, 4.761523
 289.666667, 26.790564, 3.338320, 2.352129, 5.896433
 312.666667, 25.720682, 2.718550, 2.191898, 4.936034
 326.333333, 26.715015, 2.608784, 2.172625, 4.801839
 16, 20
 0.250000, 15.000000, 6.000000, 14.000000, 107.000000
 269.666667, 27.475896, 3.788628, 2.694685, 6.551298
 294.000000, 24.420635, 2.837868, 2.359410, 5.218821
 316.666667, 25.704211, 2.813684, 2.196842, 5.037895
 328.666667, 26.763692, 2.715010, 2.139959, 4.883367
 239.000000, 26.747559, 3.887029, 3.199442, 7.105997
 316.333333, 27.612223, 2.840885, 2.299262, 5.170706
 305.000000, 26.863388, 2.990164, 2.386885, 5.404372
 291.000000, 27.242841, 3.570447, 2.493700, 6.085911
 297.000000, 26.851852, 3.083053, 2.428732, 5.540965
 122.666667, 27.385870, 11.152174, 7.464674, 18.635870
 245.000000, 26.519728, 3.951020, 3.096599, 7.110204
 312.666667, 26.024520, 2.728145, 2.221748, 4.974414
 305.666667, 25.818975, 2.906216, 2.286805, 5.242094
 320.333333, 25.627471, 2.542144, 2.194589, 4.756504
 313.000000, 25.766773, 2.877529, 2.321619, 5.218317
 330.333333, 26.905146, 2.682139, 2.143290, 4.845610
 282.333333, 26.756789, 3.361275, 2.449823, 6.007084
 321.000000, 26.416407, 2.717549, 2.165109, 4.902388
 325.666667, 25.247697, 2.551689, 2.189355, 4.759468
 17, 20
 0.250000, 51.000000, 6.000000, 2.000000, 79.000000
 263.666667, 28.127686, 3.953224, 2.797724, 6.825537
 301.000000, 25.281285, 2.834994, 2.346622, 5.213732
 312.000000, 25.192308, 2.571581, 2.244658, 4.835470
 317.000000, 25.523659, 2.622503, 2.186120, 4.838065
 241.666667, 26.626207, 4.328276, 3.194483, 7.555862
 314.333333, 27.075292, 2.893955, 2.292683, 5.216331
 306.333333, 27.637650, 3.017410, 2.380849, 5.417845
 287.666667, 26.928158, 3.457706, 2.475087, 5.962920
 291.666667, 25.859429, 3.067429, 2.464000, 5.561143
 120.333333, 28.080332, 9.227147, 7.542936, 16.808864
 238.666667, 26.142458, 3.853352, 3.184358, 7.120112
 319.333333, 26.154489, 2.733820, 2.180585, 4.940501
 304.000000, 25.290570, 2.929825, 2.260965, 5.246711
 324.000000, 26.208848, 2.627572, 2.186214, 4.834362
 318.333333, 27.072251, 2.850262, 2.259686, 5.137173
 333.000000, 27.011011, 2.715716, 2.146146, 4.882883
 292.666667, 27.273349, 3.443052, 2.391800, 6.004556
 316.666667, 26.502105, 2.707368, 2.186316, 4.913684
 324.666667, 26.224846, 2.539014, 2.185832, 4.743326
 18, 20
 0.250000, 17.000000, 5.000000, 13.000000, 106.000000
 274.000000, 28.727494, 3.725061, 2.749392, 6.534063
 301.666667, 26.180110, 2.956906, 2.339227, 5.318232
 314.333333, 25.412513, 2.731707, 2.227996, 4.980912
 327.666667, 26.646999, 2.761953, 2.137335, 4.921668
 236.666667, 25.904225, 4.150704, 3.254930, 7.446479
 313.666667, 26.226355, 2.886291, 2.321998, 5.235919
 302.333333, 26.416759, 2.954796, 2.384785, 5.373760
 282.000000, 26.873522, 3.304965, 2.470449, 5.801418
 298.666667, 26.503348, 3.084821, 2.419643, 5.524554
 122.000000, 26.959016, 9.784153, 7.412568, 17.237705
 247.000000, 26.273954, 3.782726, 3.128205, 6.931174
 318.666667, 26.533473, 2.764644, 2.192469, 4.979079
 308.000000, 26.284632, 2.816017, 2.311688, 5.163420
 322.333333, 25.395036, 2.547053, 2.203723, 4.776629
 317.666667, 26.208814, 2.771249, 2.271773, 5.069255
 333.333333, 26.859000, 2.630000, 2.119000, 4.776000
 286.333333, 27.616997, 3.325960, 2.522701, 5.905704
 324.000000, 27.216049, 2.734568, 2.151235, 4.907407
 327.333333, 26.357434, 2.650713, 2.161914, 4.842159
 19, 20
 0.250000, 64.000000, 5.000000, 11.000000, 65.000000
 280.333333, 27.945303, 3.907253, 2.656361, 6.614744
 297.666667, 25.340426, 2.761478, 2.330347, 5.126540
 315.666667, 25.588173, 2.768743, 2.210137, 4.996832
 326.666667, 25.541837, 2.705102, 2.166327, 4.891837
 243.000000, 27.041152, 4.244170, 3.178326, 7.443073
 313.666667, 26.431456, 2.934113, 2.302869, 5.274176
 294.333333, 26.214043, 2.959230, 2.417894, 5.408834
 287.333333, 27.687935, 3.278422, 2.465197, 5.779582
 303.000000, 26.924092, 3.059406, 2.404840, 5.491749
 121.000000, 25.972452, 10.575758, 7.264463, 17.859504
 244.333333, 27.261937, 3.769441, 3.141883, 6.944065
 322.000000, 26.541408, 2.828157, 2.191511, 5.049689
 305.000000, 25.767213, 2.864481, 2.345355, 5.229508
 329.333333, 26.512146, 2.678138, 2.190283, 4.895749
 312.000000, 26.189103, 2.791667, 2.278846, 5.114316
 330.000000, 26.391919, 2.635354, 2.130303, 4.793939
 288.666667, 26.852194, 3.549654, 2.422633, 6.118938
 329.666667, 27.749242, 2.768453, 2.146613, 4.944388
 328.333333, 26.498477, 2.615228, 2.186802, 4.822335
 20, 20
 0.250000, 54.000000, 5.000000, 3.000000, 77.000000
 270.666667, 28.242611, 4.083744, 2.722906, 6.866995
 298.666667, 25.474330, 2.853795, 2.345982, 5.218750
 313.000000, 25.569755, 2.702875, 2.252396, 4.975506
 327.000000, 26.337411, 2.744139, 2.122324, 4.893986
 241.000000, 27.450899, 3.952974, 3.171508, 7.164592
 310.000000, 26.443011, 2.867742, 2.301075, 5.189247
 304.333333, 27.316539, 3.024096, 2.359255, 5.414020
 285.333333, 26.400701, 3.452103, 2.519860, 6.003505
 300.666667, 27.271619, 3.076497, 2.375831, 5.487805
 119.000000, 26.649860, 10.229692, 7.607843, 17.857143
 234.333333, 26.135135, 4.112376, 3.250356, 7.413940
 322.666667, 26.670455, 2.834711, 2.219008, 5.084711
 309.000000, 25.744337, 2.775620, 2.314995, 5.111111
 330.000000, 26.482828, 2.614141, 2.158586, 4.803030
 319.666667, 27.278415, 2.820647, 2.290928, 5.132430
 329.666667, 26.052578, 2.646107, 2.129424, 4.803842
 293.333333, 27.169318, 3.311364, 2.385227, 5.828409
 324.333333, 26.773895, 2.715313, 2.132580, 4.867420
 327.666667, 26.340793, 2.586979, 2.180061, 4.786368
 21, 20
 0.250000, 53.000000, 5.000000, 4.000000, 77.000000
 273.666667, 27.662607, 3.919610, 2.680877, 6.684531
 299.000000, 25.247492, 2.838350, 2.385730, 5.247492
 313.000000, 24.899894, 2.749734, 2.187433, 4.972311
 328.666667, 26.242394, 2.728195, 2.146045, 4.895538
 240.000000, 26.234722, 4.356944, 3.240278, 7.626389
 314.000000, 27.463907, 2.962845, 2.272824, 5.256900
 304.333333, 27.381161, 3.020811, 2.350493, 5.401972
 287.000000, 26.161440, 3.348432, 2.449477, 5.829268
 293.666667, 25.704881, 2.978434, 2.416572, 5.413167
 119.333333, 26.553073, 9.941341, 7.385475, 17.346369
 239.333333, 27.122563, 3.842618, 3.232591, 7.104457
 323.000000, 26.241486, 2.738906, 2.157895, 4.930857
 314.333333, 26.564157, 2.996819, 2.277837, 5.294804
 329.666667, 27.137513, 2.579373, 2.154702, 4.761375
 312.666667, 25.888060, 2.733475, 2.289979, 5.050107
 330.666667, 26.485887, 2.677419, 2.147177, 4.845766
 293.000000, 27.098976, 3.296928, 2.308305, 5.837315
 320.333333, 26.084287, 2.686785, 2.123829, 4.838710
 329.333333, 26.938259, 2.595142, 2.145749, 4.769231
 22, 20
 0.250000, 27.000000, 5.000000, 1.000000, 93.000000
 248.000000, 27.513441, 3.883065, 2.983871, 6.956989
 295.333333, 26.107223, 2.829571, 2.356659, 5.207675
 311.333333, 25.341542, 2.686296, 2.221627, 4.929336
 321.666667, 25.333679, 2.722280, 2.168912, 4.911917
 237.333333, 26.726124, 4.147472, 3.303371, 7.474719
 313.333333, 26.720213, 2.915957, 2.271277, 5.217021
 308.000000, 26.935065, 3.055195, 2.340909, 5.438312
 284.333333, 26.649472, 3.294256, 2.549824, 5.875733
 301.333333, 27.028761, 3.073009, 2.389381, 5.490044
 112.333333, 26.961424, 8.750742, 7.955490, 16.727003
 236.000000, 25.929379, 4.081921, 3.247175, 7.379944
 310.333333, 25.543502, 2.674544, 2.235231, 4.938776
 304.333333, 25.358160, 2.810515, 2.312158, 5.169770
 326.666667, 25.950000, 2.619388, 2.185714, 4.825510
 316.666667, 26.300000, 2.837895, 2.283158, 5.141053
 329.333333, 25.906883, 2.625506, 2.105263, 4.757085
 284.666667, 26.926230, 3.973068, 2.625293, 6.619438
 322.000000, 27.585921, 2.710145, 2.183230, 4.921325
 329.333333, 26.353239, 2.648785, 2.177126, 4.846154
 23, 20
 0.250000, 62.000000, 5.000000, 10.000000, 67.000000
 265.000000, 28.563522, 3.984906, 2.844025, 6.869182
 300.333333, 25.758047, 2.863485, 2.348502, 5.231964
 311.666667, 25.900535, 2.679144, 2.262032, 4.960428
 319.666667, 25.330553, 2.691345, 2.208551, 4.920751
 235.666667, 25.792079, 4.251768, 3.282885, 7.554455
 312.000000, 26.620726, 2.850427, 2.350427, 5.228632
 305.000000, 27.151913, 3.018579, 2.387978, 5.426230
 281.666667, 26.098225, 3.269822, 2.510059, 5.815385
 290.666667, 25.519495, 3.045872, 2.381881, 5.497706
 119.333333, 27.047486, 9.382682, 7.248603, 16.650838
 233.666667, 26.620542, 3.918688, 3.293866, 7.285307
 324.333333, 25.903392, 2.759507, 2.186023, 4.971223
 312.333333, 26.122732, 2.951974, 2.262540, 5.264674
 330.000000, 26.290909, 2.574747, 2.163636, 4.765657
 314.333333, 27.023330, 2.797455, 2.309650, 5.128314
 335.000000, 27.226866, 2.733333, 2.136318, 4.889552
 290.333333, 27.114811, 3.376579, 2.362801, 5.864524
 321.000000, 26.235722, 2.787124, 2.152648, 4.960540
 333.000000, 27.155155, 2.588589, 2.154154, 4.769770
 24, 20
 0.250000, 63.000000, 5.000000, 11.000000, 67.000000
 277.000000, 28.589651, 4.362214, 2.642599, 7.093863
 297.333333, 25.304933, 2.853139, 2.364350, 5.236547
 262.333333, 24.921220, 2.618806, 2.914867, 5.567980
 321.666667, 26.027979, 2.737824, 2.141969, 4.906736
 233.333333, 26.205714, 4.391429, 3.321429, 7.740000
 311.333333, 27.198073, 2.790150, 2.317987, 5.134904
 304.000000, 27.395833, 3.087719, 2.419956, 5.536184
 286.666667, 26.918605, 3.332558, 2.468605, 5.846512
 296.000000, 26.057432, 3.011261, 2.397523, 5.444820
 124.666667, 27.775401, 10.529412, 7.237968, 17.788770
 238.666667, 26.469274, 3.832402, 3.280726, 7.143855
 326.000000, 27.321063, 2.864008, 2.169734, 5.054192
 312.666667, 26.740938, 2.922175, 2.272921, 5.237740
 326.333333, 26.633299, 2.675179, 2.192033, 4.894791
 313.333333, 25.874468, 2.790426, 2.290426, 5.115957
 327.666667, 27.099695, 2.645982, 2.151577, 4.839268
 294.666667, 27.320136, 3.607466, 2.480769, 6.122172
 322.666667, 26.955579, 2.755165, 2.136364, 4.912190
 327.000000, 26.723751, 2.637105, 2.158002, 4.816514
 25, 20
 0.250000, 57.000000, 5.000000, 11.000000, 77.000000
 254.333333, 28.768021, 3.954128, 2.794233, 6.930537
 298.000000, 26.170022, 2.868009, 2.372483, 5.263982
 314.000000, 25.130573, 2.818471, 2.250531, 5.095541
 324.000000, 26.639918, 2.713992, 2.113169, 4.847737
 240.333333, 26.441054, 4.291262, 3.223301, 7.536755
 317.000000, 27.446898, 2.954784, 2.271293, 5.249211
 306.333333, 28.273123, 3.107726, 2.368879, 5.498368
 288.333333, 27.221965, 3.252023, 2.467052, 5.760694
 297.666667, 27.027996, 3.066069, 2.424412, 5.519597
 125.333333, 27.952128, 10.917553, 7.204787, 18.146277
 243.333333, 26.575342, 3.958904, 3.220548, 7.231507
 329.333333, 27.267206, 2.847166, 2.186235, 5.053644
 314.333333, 26.902439, 3.007423, 2.241782, 5.334040
 329.000000, 26.074975, 2.654509, 2.184397, 4.860182
 310.333333, 25.808808, 2.754028, 2.298604, 5.073040
 329.000000, 26.387031, 2.645390, 2.136778, 4.801418
 292.666667, 26.709567, 3.397494, 2.338269, 5.920273
 315.333333, 25.745243, 2.713531, 2.205074, 4.939746
 325.666667, 25.752303, 2.589560, 2.158649, 4.775844
 26, 20
 0.250000, 56.000000, 5.000000, 11.000000, 76.000000
 242.333333, 28.773040, 4.152682, 3.074278, 7.298487
 297.333333, 25.551570, 2.859865, 2.392377, 5.271300
 307.666667, 25.992416, 2.812568, 2.229686, 5.070423
 324.000000, 26.586420, 2.652263, 2.128601, 4.810700
 240.666667, 26.117729, 4.059557, 3.202216, 7.301939
 306.666667, 26.373913, 2.853261, 2.327174, 5.234783
 310.666667, 28.079399, 3.059013, 2.368026, 5.456009
 282.666667, 26.136792, 3.247642, 2.535377, 5.811321
 303.666667, 27.341383, 3.124040, 2.394072, 5.545554
 121.000000, 27.275482, 8.721763, 7.517906, 16.267218
 243.000000, 27.229081, 3.908093, 3.235940, 7.165981
 320.000000, 26.448958, 2.797917, 2.214583, 5.033333
 309.333333, 26.816810, 2.909483, 2.278017, 5.253233
 316.000000, 27.098101, 2.646624, 2.278481, 4.946203
 311.666667, 26.313369, 2.838503, 2.305882, 5.163636
 329.333333, 26.714575, 2.705466, 2.139676, 4.866397
 289.666667, 26.811277, 3.056387, 2.216341, 5.616801
 320.333333, 26.353798, 2.709677, 2.148803, 4.890739
 326.666667, 26.414286, 2.608163, 2.195918, 4.833673
 27, 20
 0.250000, 55.000000, 5.000000, 11.000000, 76.000000
 250.333333, 28.777630, 4.126498, 3.022636, 7.201065
 300.333333, 26.204218, 2.922309, 2.342952, 5.285239
 312.000000, 25.773504, 2.652778, 2.255342, 4.928419
 326.333333, 26.271706, 2.727273, 2.123596, 4.880490
 241.000000, 26.698479, 4.181189, 3.201936, 7.405256
 312.000000, 26.376068, 2.933761, 2.282051, 5.244658
 302.333333, 27.034179, 3.030871, 2.411246, 5.461963
 287.000000, 27.042973, 3.447154, 2.456446, 5.940767
 295.333333, 26.506772, 3.006772, 2.397291, 5.432280
 126.000000, 26.425926, 10.462963, 6.994709, 17.478836
 239.000000, 26.768480, 3.947001, 3.171548, 7.167364
 325.000000, 26.401026, 2.790769, 2.198974, 5.009231
 313.000000, 26.981896, 2.929712, 2.284345, 5.237487
 331.000000, 26.835851, 2.642497, 2.182276, 4.846928
 318.333333, 27.659686, 2.816754, 2.258639, 5.103665
 321.333333, 26.572614, 2.682573, 2.190871, 4.897303
 289.333333, 26.214286, 3.347926, 2.497696, 5.908986
 314.666667, 25.985169, 2.648305, 2.189619, 4.855932
 335.333333, 26.252485, 2.638171, 2.129225, 4.787276
 28, 20
 0.250000, 59.000000, 5.000000, 11.000000, 76.000000
 234.333333, 28.174964, 4.039829, 3.192034, 7.304410
 296.666667, 25.957303, 2.861798, 2.374157, 5.262921
 314.000000, 25.924628, 2.733546, 2.211253, 4.974522
 321.000000, 26.986501, 2.730010, 2.176532, 4.927310
 241.666667, 27.102069, 4.520000, 3.190345, 7.732414
 314.666667, 27.206568, 2.907839, 2.340042, 5.269068
 297.000000, 27.423120, 2.939394, 2.423120, 5.406285
 284.333333, 27.216882, 3.446659, 2.545135, 6.011723
 303.333333, 27.038462, 3.024176, 2.392308, 5.436264
 116.000000, 26.847701, 9.112069, 7.790230, 16.965517
 243.333333, 26.969863, 3.945205, 3.180822, 7.173973
 328.333333, 26.880203, 2.819289, 2.162437, 5.003046
 304.333333, 26.097481, 2.846659, 2.213582, 5.204819
 326.666667, 26.582653, 2.623469, 2.187755, 4.837755
 313.333333, 26.522340, 2.835106, 2.304255, 5.169149
 332.333333, 26.015045, 2.705115, 2.146439, 4.872618
 286.666667, 27.089535, 3.622093, 2.493023, 6.206977
 325.333333, 26.981557, 2.733607, 2.136270, 4.896516
 322.333333, 25.139607, 2.514995, 2.187177, 4.737332
 29, 20
 0.250000, 51.000000, 4.000000, 10.000000, 77.000000
 252.333333, 28.438573, 4.022457, 2.932629, 7.067371
 298.000000, 26.286353, 2.876957, 2.360179, 5.258389
 317.666667, 25.806925, 2.817419, 2.178384, 5.044071
 319.000000, 26.090909, 2.658307, 2.141066, 4.827586
 240.333333, 26.761442, 4.533981, 3.235784, 7.790569
 308.666667, 25.846652, 2.858531, 2.333693, 5.213823
 303.000000, 26.888889, 3.047305, 2.402640, 5.470847
 285.666667, 27.250875, 3.375729, 2.488915, 5.886814
 294.000000, 26.622449, 2.977324, 2.417234, 5.421769
 112.333333, 26.632047, 8.207715, 7.878338, 16.287834
 241.666667, 26.917241, 3.838621, 3.188966, 7.057931
 324.333333, 26.861254, 2.775951, 2.203494, 4.998972
 310.333333, 26.156821, 2.903330, 2.274973, 5.219119
 327.333333, 25.596741, 2.610998, 2.180244, 4.809572
 316.666667, 26.314737, 2.744211, 2.245263, 5.030526
 329.333333, 26.218623, 2.679150, 2.152834, 4.851215
 280.333333, 26.337693, 3.199762, 2.428062, 5.871581
 328.666667, 26.987830, 2.726166, 2.136917, 4.889452
 324.000000, 25.802469, 2.563786, 2.195473, 4.780864
 30, 20
 0.250000, 40.000000, 4.000000, 11.000000, 90.000000
 279.333333, 28.705251, 3.873508, 2.652745, 6.589499
 298.000000, 26.281879, 2.825503, 2.376957, 5.221477
 315.333333, 26.121564, 2.876321, 2.270613, 5.168076
 323.666667, 26.359423, 2.710608, 2.113285, 4.876416
 241.333333, 27.139503, 4.437845, 3.207182, 7.665746
 313.666667, 27.523911, 2.891605, 2.315622, 5.243358
 298.000000, 27.907159, 3.013423, 2.401566, 5.434004
 285.666667, 27.784131, 3.424737, 2.519253, 5.970828
 292.000000, 25.464612, 3.092466, 2.433790, 5.570776
 111.333333, 27.655689, 9.314371, 8.149701, 17.485030
 245.333333, 27.006793, 4.076087, 3.150815, 7.277174
 320.333333, 26.657648, 2.738814, 2.209157, 4.975026
 305.000000, 25.885246, 2.821858, 2.313661, 5.184699
 325.666667, 26.153531, 2.644831, 2.164790, 4.831116
 311.333333, 26.649893, 2.765525, 2.312634, 5.097430
 331.666667, 27.005025, 2.664322, 2.154774, 4.840201
 278.000000, 26.474820, 3.509592, 2.454436, 6.142686
 318.000000, 25.720126, 2.632075, 2.145702, 4.803983
 323.333333, 25.026804, 2.571134, 2.168041, 4.774227
 31, 20
 0.250000, 3.000000, 4.000000, 13.000000, 106.000000
 262.333333, 28.142313, 3.670902, 2.833545, 6.579416
 301.000000, 26.045404, 2.833887, 2.326689, 5.180509
 311.333333, 25.930407, 2.722698, 2.243041, 4.988223
 319.333333, 26.656576, 2.706681, 2.139875, 4.901879
 236.666667, 27.049296, 3.802817, 3.249296, 7.073239
 312.000000, 25.823718, 2.841880, 2.308761, 5.170940
 306.666667, 26.782609, 3.003261, 2.351087, 5.382609
 285.000000, 25.994152, 3.402339, 2.516959, 5.947368
 298.000000, 26.909396, 3.134228, 2.412752, 5.567114
 123.000000, 27.468835, 10.409214, 7.330623, 17.783198
 247.333333, 27.407008, 4.051213, 3.125337, 7.198113
 314.333333, 25.501591, 2.668081, 2.202545, 4.915164
 305.333333, 25.632096, 2.836245, 2.248908, 5.175764
 331.333333, 25.924547, 2.648893, 2.170020, 4.839034
 314.333333, 26.484624, 2.720042, 2.287381, 5.036055
 328.000000, 25.651423, 2.585366, 2.141260, 4.754065
 286.333333, 26.507567, 3.258440, 2.336438, 5.800931
 318.000000, 25.626834, 2.655136, 2.161426, 4.843816
 320.666667, 25.618503, 2.587318, 2.183992, 4.806653
Histogram
0 0 0 0 194 268 47 67 0 0 0 0 0 0 0 0 13 13 6 0 0 0 0 0 0 0 0 0 0 0 0 0 0 0 0 0 0 0 0 0 0 0 0 0 0 0 0 0 0 0 0 0 0 0 0 0 0 0 0 0 0 0 0 0 0 1 1 2 0 0 0 0 0 0 0 0 3 4 2 4 0 1 0 0 0 0 0 0 0 0 1 1 0 3 2 1 0 1 0 5 
Cache Miss Ratio
0.025611152973954186
Average number of keys
1.0
numOfSets
0
numOfGets
561357
numOfMultiGets
0
