 0, 21
 0.200000, 0.000000, 0.000000, 12.000000, 44.000000
 221.000000, 90.936652, 12.904977, 3.779789, 16.941176
 252.333333, 112.009247, 14.323646, 3.928666, 18.285337
 259.666667, 111.861361, 14.444159, 3.767651, 18.287548
 288.000000, 111.893519, 12.385417, 3.446759, 15.855324
 302.666667, 113.767621, 12.675110, 3.279736, 15.977974
 297.000000, 108.168350, 11.553311, 3.323232, 14.915825
 283.333333, 114.125882, 13.627059, 3.488235, 17.160000
 297.666667, 110.522956, 12.139978, 3.301232, 15.497200
 285.333333, 110.260514, 12.318925, 3.442757, 15.814252
 304.666667, 113.156455, 12.366521, 3.245077, 15.660832
 296.000000, 118.591216, 13.093468, 3.320946, 16.469595
 295.666667, 112.852311, 12.443067, 3.347238, 15.827508
 284.000000, 111.281690, 12.481221, 3.458920, 15.974178
 281.333333, 112.636256, 12.890995, 3.524882, 16.439573
 289.666667, 111.446490, 12.710012, 3.423475, 16.162255
 284.000000, 112.606808, 13.350939, 3.496479, 16.879108
 265.333333, 112.104271, 13.248744, 3.729899, 17.020101
 306.000000, 115.880174, 12.689542, 3.228758, 15.959695
 291.000000, 112.914089, 12.955326, 3.412371, 16.390607
 269.666667, 110.924598, 13.803461, 3.681088, 17.514215
 1, 21
 0.200000, 1.000000, 0.000000, 1.000000, 43.000000
 228.333333, 86.662774, 11.722628, 3.766423, 15.639416
 255.333333, 113.506527, 14.135770, 3.877285, 18.046997
 250.666667, 109.235372, 13.847074, 3.772606, 17.839096
 294.333333, 111.657984, 12.498301, 3.352208, 15.891280
 295.666667, 112.724915, 12.598647, 3.290868, 15.969560
 306.333333, 109.084875, 11.767138, 3.227421, 15.033732
 281.000000, 114.877817, 14.224199, 3.510083, 17.779359
 297.333333, 111.466368, 12.162556, 3.309417, 15.528027
 293.333333, 108.480682, 12.130682, 3.343182, 15.538636
 299.333333, 111.437639, 12.074610, 3.275056, 15.420935
 282.333333, 116.906730, 12.809917, 3.471074, 16.350649
 289.666667, 110.292290, 12.034522, 3.393556, 15.490219
 292.000000, 112.426941, 12.712329, 3.388128, 16.132420
 288.000000, 113.895833, 13.105324, 3.422454, 16.569444
 285.666667, 109.577596, 12.472579, 3.434072, 15.973162
 285.666667, 113.059510, 13.281214, 3.471412, 16.782964
 277.333333, 112.871394, 13.237981, 3.537260, 16.848558
 302.333333, 115.113561, 12.691290, 3.276736, 16.008820
 292.000000, 111.378995, 12.731735, 3.383562, 16.152968
 267.000000, 111.379526, 14.122347, 3.721598, 17.866417
 2, 21
 0.200000, 1.000000, 0.000000, 11.000000, 43.000000
 208.000000, 88.209936, 13.150641, 4.068910, 17.479167
 248.000000, 108.658602, 13.688172, 3.934140, 17.713710
 249.666667, 109.383178, 14.010681, 3.803738, 18.002670
 291.333333, 110.906178, 12.520595, 3.330664, 15.948513
 298.000000, 113.440716, 12.627517, 3.289709, 15.980984
 309.000000, 108.924488, 11.843581, 3.202805, 15.077670
 280.000000, 114.288095, 13.641667, 3.529762, 17.215476
 308.000000, 115.349567, 12.402597, 3.219697, 15.647186
 286.333333, 111.379511, 12.461001, 3.457509, 15.951106
 304.666667, 115.344639, 12.512035, 3.234136, 15.788840
 287.000000, 116.986063, 12.993031, 3.428571, 16.465738
 294.666667, 111.537330, 12.049774, 3.341629, 15.445701
 283.000000, 112.213192, 12.411072, 3.442874, 15.934040
 286.666667, 113.768605, 13.098837, 3.427907, 16.580233
 285.333333, 111.600467, 12.717290, 3.454439, 16.213785
 255.666667, 112.920469, 13.710561, 3.853977, 17.625815
 294.333333, 114.073613, 13.391846, 3.360136, 16.796149
 293.666667, 112.289444, 12.253121, 3.340522, 15.652667
 290.666667, 111.400229, 12.833716, 3.388761, 16.272936
 262.333333, 110.050826, 14.191868, 3.748412, 18.006353
 3, 21
 0.200000, 0.000000, 0.000000, 42.000000, 43.000000
 194.000000, 89.323024, 12.821306, 4.321306, 17.378007
 254.000000, 111.467192, 14.124672, 3.896325, 18.068241
 239.333333, 112.012535, 14.405292, 4.104457, 18.587744
 303.333333, 112.083516, 12.528571, 3.272527, 15.823077
 289.666667, 110.460299, 12.345224, 3.411968, 15.803222
 311.333333, 110.275161, 11.951820, 3.177730, 15.164882
 277.333333, 115.313702, 13.741587, 3.586538, 17.350962
 290.333333, 110.633754, 12.126292, 3.413318, 15.580941
 289.666667, 111.095512, 12.510932, 3.422325, 15.963176
 305.000000, 112.902732, 12.162842, 3.242623, 15.439344
 290.666667, 116.207569, 12.900229, 3.396789, 16.345183
 293.000000, 111.161547, 12.201365, 3.359499, 15.610922
 293.000000, 114.895336, 13.042093, 3.378840, 16.453925
 289.666667, 114.899885, 13.203682, 3.426928, 16.658228
 301.000000, 113.187154, 13.032115, 3.272425, 16.359911
 287.000000, 113.753775, 13.363531, 3.441347, 16.850174
 293.333333, 114.819318, 13.465909, 3.367045, 16.879545
 291.666667, 113.134857, 12.464000, 3.377143, 15.894857
 290.333333, 112.854191, 12.957520, 3.394948, 16.401837
 250.000000, 108.149333, 13.670667, 3.874667, 17.669333
 4, 21
 0.200000, 0.000000, 0.000000, 11.000000, 44.000000
 210.333333, 86.568938, 11.733756, 3.974643, 16.074485
 259.333333, 111.438303, 13.845758, 3.807198, 17.701799
 267.666667, 113.272727, 14.281445, 3.632628, 18.019925
 293.000000, 112.294653, 12.707622, 3.373151, 16.117179
 283.333333, 113.250588, 12.758824, 3.483529, 16.303529
 306.666667, 109.003261, 11.741304, 3.217391, 14.993478
 272.000000, 114.350490, 13.571078, 3.628676, 17.237745
 310.666667, 114.178112, 12.589056, 3.172747, 15.809013
 290.333333, 111.901263, 12.522388, 3.402985, 15.957520
 296.000000, 111.913288, 12.028153, 3.333333, 15.404279
 276.666667, 115.209639, 12.713253, 3.518072, 16.321687
 305.666667, 115.410033, 12.565976, 3.243184, 15.841876
 296.666667, 113.366292, 12.610112, 3.326966, 15.968539
 287.000000, 115.587689, 13.110337, 3.451800, 16.595819
 277.000000, 111.687124, 12.658243, 3.566787, 16.259928
 284.000000, 113.684272, 13.273474, 3.494131, 16.796948
 288.666667, 115.818707, 13.310624, 3.435335, 16.780600
 294.666667, 113.632353, 12.528281, 3.369910, 15.924208
 300.000000, 113.887778, 12.778889, 3.306667, 16.110000
 263.666667, 110.541087, 14.006321, 3.752212, 17.802781
 5, 21
 0.200000, 0.000000, 0.000000, 11.000000, 43.000000
 231.333333, 88.221902, 12.291066, 3.661383, 16.237752
 249.333333, 112.776738, 14.097594, 3.975936, 18.114973
 271.333333, 113.273956, 14.018428, 3.563882, 17.692875
 287.333333, 110.776102, 12.466357, 3.432715, 15.947796
 296.333333, 113.674916, 12.718785, 3.323960, 16.092238
 302.000000, 108.475717, 11.623620, 3.266004, 14.934879
 284.666667, 115.951991, 14.094848, 3.488290, 17.607728
 302.333333, 113.398015, 12.294377, 3.252481, 15.604190
 285.666667, 108.796966, 12.222870, 3.435239, 15.716453
 307.666667, 113.180932, 12.131094, 3.215601, 15.380282
 286.333333, 115.656577, 12.636787, 3.434226, 16.122235
 291.333333, 112.455378, 12.326087, 3.381007, 15.754005
 290.666667, 112.934633, 12.794725, 3.388761, 16.222477
 288.666667, 113.050808, 12.941109, 3.408776, 16.397229
 287.333333, 111.406032, 12.743619, 3.368910, 16.223898
 271.333333, 109.683047, 12.766585, 3.619165, 16.454545
 282.000000, 114.056738, 13.417258, 3.515366, 16.969267
 289.000000, 111.647059, 12.147636, 3.376009, 15.595156
 302.333333, 114.889746, 12.900772, 3.256891, 16.213892
 269.666667, 112.049444, 13.782447, 3.639061, 17.493201
 6, 21
 0.200000, 0.000000, 0.000000, 11.000000, 43.000000
 198.333333, 91.057143, 12.825210, 4.420168, 17.435294
 244.000000, 111.379781, 13.842896, 4.080601, 17.948087
 264.666667, 112.369018, 14.136020, 3.664987, 17.914358
 291.000000, 111.666667, 12.539519, 3.400916, 15.972509
 295.333333, 111.781038, 12.823928, 3.341986, 16.209932
 305.000000, 107.737705, 11.408743, 3.244809, 14.679781
 278.666667, 116.015550, 14.236842, 3.549043, 17.827751
 299.333333, 111.185969, 12.071269, 3.301782, 15.413140
 287.000000, 110.656214, 12.259001, 3.468060, 15.750290
 302.000000, 112.421634, 11.967991, 3.281457, 15.280353
 294.333333, 118.453001, 13.149490, 3.363533, 16.545866
 298.333333, 111.210056, 12.125140, 3.321788, 15.478212
 290.333333, 112.551091, 12.730195, 3.377727, 16.153846
 272.666667, 112.079462, 12.720049, 3.607579, 16.385086
 289.333333, 111.624424, 12.724654, 3.375576, 16.190092
 276.666667, 113.325301, 13.254217, 3.534940, 16.871084
 275.000000, 113.156364, 13.153939, 3.492121, 16.808485
 305.000000, 115.128962, 12.732240, 3.237158, 16.010929
 285.666667, 111.726954, 12.528588, 3.451575, 16.030338
 256.666667, 109.944156, 13.979221, 3.849351, 17.867532
 7, 21
 0.200000, 0.000000, 1.000000, 11.000000, 43.000000
 212.666667, 86.956113, 11.686520, 4.059561, 15.940439
 266.666667, 113.347500, 14.067500, 3.718750, 17.818750
 263.666667, 113.661188, 14.222503, 3.758534, 18.013906
 288.666667, 110.657044, 12.401848, 3.415704, 15.864896
 288.333333, 109.420809, 12.336416, 3.406936, 15.801156
 312.333333, 108.961580, 11.668090, 3.179296, 14.878335
 271.666667, 113.525153, 13.466258, 3.650307, 17.142331
 300.666667, 112.727273, 12.273836, 3.290466, 15.598670
 292.666667, 111.794989, 12.423690, 3.364465, 15.839408
 300.000000, 113.377778, 12.253333, 3.291111, 15.585556
 300.333333, 119.033296, 13.100999, 3.298557, 16.431743
 281.666667, 109.736095, 11.960947, 3.489941, 15.495858
 291.333333, 112.002288, 12.602975, 3.390160, 16.026316
 297.333333, 113.502242, 12.938341, 3.332960, 16.294843
 297.000000, 113.661055, 12.987654, 3.344557, 16.355780
 279.000000, 111.272401, 13.222222, 3.470729, 16.810036
 282.333333, 113.338843, 13.148760, 3.488784, 16.688312
 300.666667, 113.912417, 12.558758, 3.303769, 15.885809
 295.000000, 114.425989, 13.110734, 3.354802, 16.498305
 262.666667, 109.478426, 13.805838, 3.730964, 17.606599
 8, 21
 0.200000, 0.000000, 1.000000, 11.000000, 43.000000
 211.000000, 86.461295, 12.774092, 4.036335, 17.088468
 256.000000, 111.523438, 14.067708, 3.845052, 17.954427
 259.333333, 113.334190, 14.014139, 3.835476, 17.872751
 286.000000, 110.913753, 12.389277, 3.444056, 15.889277
 285.000000, 111.297076, 12.477193, 3.483041, 15.984795
 316.000000, 110.409283, 11.768987, 3.131857, 14.933544
 270.333333, 115.606658, 13.652281, 3.501850, 17.351418
 302.333333, 111.742007, 12.173098, 3.266814, 15.482911
 290.666667, 108.563073, 12.287844, 3.387615, 15.720183
 300.000000, 113.332222, 12.487778, 3.252222, 15.820000
 296.666667, 119.203371, 13.155056, 3.335955, 16.525843
 308.666667, 113.489201, 12.488121, 3.217063, 15.728942
 286.333333, 111.598370, 12.455180, 3.450524, 15.940629
 285.333333, 112.953271, 12.924065, 3.466121, 16.431075
 282.666667, 112.765330, 12.879717, 3.507075, 16.417453
 282.000000, 112.945626, 13.117021, 3.478723, 16.673759
 275.666667, 111.961306, 12.715840, 3.599758, 16.359129
 291.333333, 114.026316, 12.691076, 3.376430, 16.122426
 296.333333, 113.273341, 12.968504, 3.335208, 16.343082
 262.000000, 109.550891, 13.902036, 3.765903, 17.702290
 9, 21
 0.200000, 0.000000, 1.000000, 10.000000, 43.000000
 223.666667, 89.160954, 12.581222, 3.798808, 16.561848
 258.333333, 112.486452, 13.956129, 3.850323, 17.836129
 264.333333, 114.678436, 14.494325, 3.591425, 18.268600
 282.000000, 108.219858, 12.065012, 3.490544, 15.608747
 287.333333, 111.925754, 12.445476, 3.431555, 15.924594
 304.666667, 107.038293, 11.416849, 3.235230, 14.701313
 218.666667, 110.638720, 13.669207, 4.496951, 18.237805
 284.333333, 109.728019, 12.023447, 3.479484, 15.540445
 298.333333, 111.909497, 12.660335, 3.309497, 16.003352
 294.333333, 111.585504, 12.010193, 3.372593, 15.411099
 292.666667, 118.264237, 13.111617, 3.390661, 16.526196
 307.666667, 112.666306, 12.400867, 3.213434, 15.653304
 284.333333, 113.003517, 12.689332, 3.480657, 16.195780
 280.666667, 113.725653, 13.060570, 3.522565, 16.615202
 288.666667, 111.125866, 12.595843, 3.429561, 16.058891
 284.333333, 111.758499, 13.232122, 3.453693, 16.752638
 286.333333, 113.835856, 13.233993, 3.457509, 16.732247
 280.666667, 112.252969, 12.423990, 3.451306, 15.984561
 279.333333, 110.682578, 12.391408, 3.544153, 15.974940
 261.333333, 108.053571, 13.408163, 3.764031, 17.225765
 10, 21
 0.200000, 1.000000, 1.000000, 10.000000, 42.000000
 223.666667, 85.761550, 11.842027, 3.763040, 15.874814
 261.333333, 112.908163, 13.931122, 3.780612, 17.764031
 255.000000, 111.720261, 14.115033, 3.717647, 18.019608
 286.666667, 110.044186, 12.290698, 3.358140, 15.765116
 287.333333, 110.320186, 12.476798, 3.375870, 15.941995
 290.000000, 109.712644, 11.841379, 3.409195, 15.281609
 279.000000, 114.366786, 13.776583, 3.543608, 17.360812
 286.666667, 109.981395, 11.904651, 3.393023, 15.389535
 290.333333, 110.272101, 12.375431, 3.368542, 15.810563
 292.000000, 111.297945, 11.916667, 3.341324, 15.316210
 308.000000, 118.433983, 13.020563, 3.191558, 16.258658
 297.666667, 112.913774, 12.321389, 3.337066, 15.681971
 283.666667, 111.358402, 12.607521, 3.413631, 16.081081
 280.000000, 111.334524, 12.850000, 3.534524, 16.405952
 287.000000, 111.036005, 12.530778, 3.427410, 16.015099
 273.666667, 111.333739, 13.163216, 3.590743, 16.808770
 286.333333, 113.552969, 13.088475, 3.449360, 16.586729
 289.000000, 111.304498, 12.292964, 3.420992, 15.755479
 242.333333, 109.755158, 12.565337, 4.052270, 16.679505
 261.333333, 111.390306, 13.854592, 3.715561, 17.674745
 11, 21
 0.200000, 1.000000, 0.000000, 31.000000, 32.000000
 222.666667, 89.744012, 11.803892, 3.818862, 15.863772
 257.333333, 111.955959, 14.306995, 3.845855, 18.200777
 266.666667, 112.901250, 14.007500, 3.695000, 17.747500
 285.000000, 110.695906, 12.506433, 3.458480, 16.003509
 289.666667, 113.529344, 12.800921, 3.400460, 16.250863
 288.666667, 107.457275, 11.667436, 3.387991, 15.116628
 270.000000, 115.188889, 13.791358, 3.671605, 17.495062
 293.666667, 112.354143, 12.214529, 3.353008, 15.622020
 288.333333, 111.612717, 12.403468, 3.406936, 15.869364
 305.000000, 114.189071, 12.406557, 3.212022, 15.684153
 280.666667, 115.473872, 12.720903, 3.520190, 16.280285
 298.666667, 110.728795, 12.114955, 3.313616, 15.459821
 290.000000, 110.970115, 12.526437, 3.412644, 15.963218
 297.333333, 115.232063, 13.168161, 3.334081, 16.525785
 284.333333, 110.542790, 12.776084, 3.473623, 16.294256
 282.000000, 111.996454, 13.219858, 3.485816, 16.767139
 282.666667, 114.380896, 13.362028, 3.508255, 16.905660
 292.333333, 114.660205, 12.523375, 3.367161, 15.946408
 277.333333, 110.448317, 12.549279, 3.435096, 16.150240
 260.000000, 109.493590, 13.898718, 3.741026, 17.746154
 12, 21
 0.200000, 1.000000, 0.000000, 31.000000, 32.000000
 214.666667, 87.420807, 11.726708, 4.013975, 15.903727
 249.666667, 110.520694, 13.826435, 3.982644, 17.837116
 264.666667, 113.006297, 14.295970, 3.702771, 18.071788
 293.333333, 112.131818, 12.663636, 3.344318, 16.062500
 290.666667, 111.811927, 12.506881, 3.404817, 15.943807
 304.000000, 109.158991, 11.783991, 3.252193, 15.071272
 282.333333, 116.319953, 14.223140, 3.497048, 17.768595
 301.000000, 113.539313, 12.447398, 3.282392, 15.771872
 293.333333, 111.681818, 12.471591, 3.375000, 15.871591
 292.000000, 112.430365, 12.178082, 3.367580, 15.598174
 292.000000, 116.444064, 12.944064, 3.356164, 16.365297
 290.666667, 111.662844, 12.161697, 3.401376, 15.605505
 287.000000, 111.817654, 12.622532, 3.427410, 16.095238
 273.333333, 112.707317, 12.710976, 3.573171, 16.363415
 287.333333, 111.237819, 12.502320, 3.414153, 15.991879
 267.666667, 107.955168, 12.849315, 3.581569, 16.559153
 283.000000, 113.581861, 13.228504, 3.507656, 16.767962
 286.000000, 111.262238, 12.324009, 3.431235, 15.821678
 246.333333, 108.584574, 12.585927, 4.005413, 16.645467
 266.333333, 107.714643, 13.416771, 3.663329, 17.173967
 13, 21
 0.200000, 1.000000, 0.000000, 31.000000, 32.000000
 216.333333, 91.112481, 12.318952, 3.791988, 16.545455
 265.333333, 113.105528, 14.012563, 3.748744, 17.783920
 262.333333, 113.238882, 14.466328, 3.686150, 18.275731
 294.666667, 111.711538, 12.533937, 3.340498, 15.917421
 286.666667, 110.656977, 12.551163, 3.438372, 16.038372
 293.333333, 110.294318, 12.053409, 3.359091, 15.450000
 269.333333, 113.605198, 13.404703, 3.675743, 17.115099
 293.333333, 112.122727, 12.196591, 3.336364, 15.604545
 288.000000, 110.471065, 12.313657, 3.424769, 15.784722
 293.000000, 112.599545, 12.217292, 3.341297, 15.635950
 276.333333, 114.882992, 12.728589, 3.551267, 16.354644
 294.333333, 112.757644, 12.445074, 3.337486, 15.840317
 295.666667, 112.817362, 12.481398, 3.328072, 15.842165
 286.333333, 115.763679, 13.027939, 3.448196, 16.506403
 294.000000, 112.545351, 12.764172, 3.332200, 16.166667
 277.333333, 111.292067, 13.019231, 3.536058, 16.628606
 289.000000, 115.510957, 13.373702, 3.430219, 16.839677
 295.000000, 114.697175, 12.600000, 3.364972, 15.993220
 303.000000, 112.389439, 12.906491, 3.268427, 16.205721
 263.666667, 111.237674, 14.092288, 3.705436, 17.887484
 14, 21
 0.200000, 0.000000, 0.000000, 29.000000, 32.000000
 215.333333, 85.280186, 11.849845, 3.871517, 16.023220
 243.333333, 110.920548, 14.016438, 4.082192, 18.141096
 257.666667, 110.965071, 14.307891, 3.818887, 18.187581
 292.000000, 112.039954, 12.500000, 3.389269, 15.921233
 281.000000, 111.600237, 12.606168, 3.475682, 16.154211
 315.000000, 110.091005, 11.958730, 3.146032, 15.132275
 273.000000, 113.996337, 13.410256, 3.619048, 17.064713
 291.666667, 111.150857, 12.099429, 3.378286, 15.528000
 303.666667, 112.813392, 12.602634, 3.267838, 15.895719
 305.333333, 113.639738, 12.280568, 3.232533, 15.555677
 285.666667, 117.602100, 13.191365, 3.469078, 16.697783
 289.666667, 111.937860, 12.187572, 3.395857, 15.651323
 283.333333, 111.002353, 12.429412, 3.456471, 15.945882
 288.000000, 112.440972, 12.843750, 3.432870, 16.318287
 294.333333, 111.497169, 12.677237, 3.331823, 16.077010
 286.333333, 112.641444, 13.036088, 3.471478, 16.530850
 281.333333, 114.417062, 13.329384, 3.520142, 16.889810
 287.000000, 113.592334, 12.529617, 3.416957, 16.017422
 280.333333, 110.344828, 12.536266, 3.489893, 16.091558
 255.000000, 109.704575, 14.203922, 3.810458, 18.129412
 15, 21
 0.200000, 0.000000, 1.000000, 29.000000, 32.000000
 214.333333, 92.199067, 12.306376, 4.062208, 16.580093
 265.666667, 113.367629, 13.840652, 3.718946, 17.609787
 262.000000, 111.854962, 13.893130, 3.768448, 17.709924
 300.666667, 113.250554, 12.852550, 3.294900, 16.171840
 300.333333, 114.087680, 12.861265, 3.279689, 16.197558
 311.000000, 109.110397, 11.800643, 3.178992, 15.019293
 283.333333, 115.449412, 13.617647, 3.504706, 17.149412
 309.666667, 113.495156, 12.289559, 3.203445, 15.518837
 296.333333, 111.236220, 12.488189, 3.348706, 15.861642
 298.333333, 113.288268, 12.307263, 3.297207, 15.656983
 296.000000, 119.225225, 13.159910, 3.331081, 16.537162
 293.666667, 111.107832, 12.232690, 3.340522, 15.636776
 297.000000, 113.793490, 12.942761, 3.331089, 16.301908
 285.000000, 112.305263, 12.746199, 3.445614, 16.244444
 288.000000, 110.747685, 12.711806, 3.424769, 16.165509
 274.000000, 112.099757, 13.424574, 3.596107, 17.060827
 280.333333, 112.579073, 13.183115, 3.502973, 16.749108
 287.666667, 112.755504, 12.406721, 3.417149, 15.874855
 276.000000, 112.132850, 12.475845, 3.557971, 16.102657
 268.666667, 112.331266, 13.828784, 3.660050, 17.548387
 16, 21
 0.200000, 0.000000, 1.000000, 2.000000, 33.000000
 207.333333, 91.467846, 12.194534, 4.139871, 16.511254
 249.000000, 111.152610, 13.366801, 3.946452, 17.389558
 268.333333, 112.243478, 13.998758, 3.672050, 17.721739
 287.666667, 110.728853, 12.526072, 3.442642, 15.993048
 288.333333, 112.494798, 12.575723, 3.401156, 16.042775
 286.333333, 109.763679, 11.984866, 3.442375, 15.467986
 273.333333, 115.173171, 13.609756, 3.637805, 17.270732
 288.333333, 110.812717, 12.089017, 3.397688, 15.554913
 291.000000, 109.588774, 12.469645, 3.407789, 15.904926
 294.666667, 111.582579, 12.108597, 3.338235, 15.501131
 296.000000, 118.488739, 13.069820, 3.345721, 16.447072
 298.000000, 112.542506, 12.478747, 3.335570, 15.838926
 299.000000, 113.013378, 12.832776, 3.303233, 16.168339
 295.333333, 115.060948, 13.141084, 3.336343, 16.520316
 291.666667, 111.222857, 12.744000, 3.372571, 16.173714
 224.666667, 110.958457, 13.494065, 4.379822, 17.949555
 286.333333, 113.854482, 13.189756, 3.455180, 16.688009
 304.333333, 114.717415, 12.700986, 3.242059, 15.989047
 290.000000, 112.537931, 12.901149, 3.417241, 16.348276
 268.333333, 110.819876, 13.860870, 3.616149, 17.575155
 17, 21
 0.200000, 0.000000, 1.000000, 1.000000, 34.000000
 201.666667, 83.600000, 12.064463, 4.297521, 16.528926
 238.666667, 112.254190, 14.177374, 4.124302, 18.365922
 275.333333, 113.443099, 14.219128, 3.508475, 17.838983
 297.000000, 112.016835, 12.455668, 3.318743, 15.804714
 290.666667, 110.997706, 12.509174, 3.399083, 15.947248
 302.666667, 108.414097, 11.656388, 3.272026, 14.959251
 272.333333, 112.588739, 13.321909, 3.629131, 16.988984
 288.333333, 110.500578, 12.063584, 3.406936, 15.534104
 295.333333, 110.727991, 12.338600, 3.346501, 15.724605
 310.000000, 112.815054, 12.182796, 3.181720, 15.407527
 295.333333, 119.389391, 13.295711, 3.357788, 16.679458
 299.333333, 112.650334, 12.353007, 3.318486, 15.695991
 276.666667, 109.240964, 12.208434, 3.573494, 15.813253
 280.666667, 113.019002, 12.923990, 3.494062, 16.479810
 284.666667, 111.207260, 12.788056, 3.462529, 16.291569
 294.333333, 114.778029, 13.537939, 3.377123, 16.938845
 282.666667, 113.767689, 13.112028, 3.503538, 16.662736
 286.666667, 112.834884, 12.477907, 3.465116, 15.968605
 284.666667, 112.035129, 12.672131, 3.453162, 16.182670
 263.333333, 110.151899, 14.018987, 3.740506, 17.810127
 18, 21
 0.200000, 0.000000, 1.000000, 1.000000, 34.000000
 229.333333, 90.607558, 12.104651, 3.611919, 16.027616
 207.666667, 110.963082, 14.569823, 4.776886, 19.393258
 261.666667, 112.129936, 14.084076, 3.779618, 17.912102
 297.333333, 112.028027, 12.652466, 3.328475, 16.012332
 298.333333, 112.905028, 12.787709, 3.317318, 16.139665
 306.666667, 109.864130, 11.938043, 3.206522, 15.196739
 276.000000, 114.921498, 13.545894, 3.584541, 17.172705
 299.000000, 112.429208, 12.250836, 3.253066, 15.594203
 290.666667, 111.223624, 12.529817, 3.400229, 15.959862
 288.000000, 110.872685, 11.892361, 3.386574, 15.346065
 280.333333, 115.512485, 12.910820, 3.506540, 16.475624
 299.000000, 111.751394, 12.265329, 3.318841, 15.614270
 288.666667, 113.016166, 12.827945, 3.427252, 16.287529
 281.000000, 113.204033, 12.977461, 3.476868, 16.521945
 287.666667, 112.002317, 12.658169, 3.422943, 16.135574
 283.333333, 112.014118, 13.205882, 3.488235, 16.742353
 287.333333, 115.041763, 12.996520, 3.452436, 16.481439
 286.333333, 112.352736, 12.318976, 3.441211, 15.812573
 292.000000, 112.099315, 12.962329, 3.392694, 16.380137
 263.666667, 112.064475, 14.082174, 3.772440, 17.878635
 19, 21
 0.200000, 0.000000, 1.000000, 1.000000, 34.000000
 217.333333, 88.786810, 11.268405, 3.937117, 15.389571
 256.000000, 112.945313, 14.196615, 3.865885, 18.100260
 269.000000, 112.893432, 14.428748, 3.536555, 18.156134
 281.333333, 109.409953, 12.186019, 3.508294, 15.736967
 301.333333, 113.924779, 12.884956, 3.294248, 16.201327
 311.666667, 109.025668, 11.839572, 3.164706, 15.048128
 273.666667, 112.901340, 13.644336, 3.615104, 17.298417
 303.333333, 113.008791, 12.315385, 3.264835, 15.613187
 301.333333, 112.386062, 12.555310, 3.295354, 15.873894
 301.000000, 112.843854, 12.119601, 3.296788, 15.440753
 291.666667, 116.232000, 12.944000, 3.357714, 16.371429
 296.666667, 112.335955, 12.392135, 3.333708, 15.762921
 293.666667, 111.940976, 12.657208, 3.357548, 16.041998
 289.666667, 115.362486, 13.141542, 3.401611, 16.585731
 296.000000, 112.274775, 12.683559, 3.304054, 16.064189
 285.666667, 115.309218, 13.574096, 3.422404, 17.078180
 282.333333, 115.101535, 13.446281, 3.525384, 16.994097
 292.666667, 111.856492, 12.420273, 3.348519, 15.839408
 282.333333, 110.734357, 12.788666, 3.517119, 16.330579
 263.666667, 111.015171, 14.131479, 3.725664, 17.919090
 20, 21
 0.200000, 0.000000, 1.000000, 1.000000, 34.000000
 229.000000, 88.077147, 12.080058, 3.653566, 16.007278
 256.333333, 111.677503, 14.215865, 3.868661, 18.157347
 266.666667, 114.498750, 14.386250, 3.693750, 18.132500
 305.000000, 112.148634, 12.701639, 3.212022, 15.977049
 287.000000, 111.076655, 12.551684, 3.429733, 16.041812
 315.000000, 111.155556, 11.938624, 3.138624, 15.108995
 270.333333, 113.390875, 13.344020, 3.652281, 17.041924
 300.333333, 110.803552, 12.025527, 3.247503, 15.338513
 291.666667, 113.136000, 12.554286, 3.403429, 15.981714
 306.000000, 112.062092, 12.047930, 3.240741, 15.310458
 285.666667, 115.908985, 13.021004, 3.415403, 16.514586
 298.000000, 112.206935, 12.476510, 3.313199, 15.829978
 285.333333, 111.351636, 12.507009, 3.455607, 16.004673
 280.666667, 111.945368, 12.786223, 3.473872, 16.327791
 291.666667, 111.094857, 12.716571, 3.360000, 16.142857
 280.666667, 110.478622, 13.066508, 3.442993, 16.633017
 276.000000, 112.602657, 13.016908, 3.531401, 16.635266
 286.666667, 112.118605, 12.216279, 3.413953, 15.700000
 297.000000, 113.171717, 12.676768, 3.317621, 16.046016
 268.666667, 109.836228, 13.863524, 3.619107, 17.581886
 21, 21
 0.200000, 0.000000, 1.000000, 2.000000, 34.000000
 224.666667, 88.277448, 13.449555, 3.778932, 17.440653
 250.666667, 109.273936, 13.893617, 3.934840, 17.880319
 230.333333, 110.068017, 14.570188, 4.287988, 18.913169
 298.666667, 111.627232, 12.655134, 3.300223, 15.988839
 282.000000, 110.300236, 12.372340, 3.466903, 15.906619
 303.000000, 110.028603, 11.782178, 3.248625, 15.070407
 281.333333, 115.997630, 13.840047, 3.527251, 17.398104
 302.666667, 111.806167, 12.320485, 3.263216, 15.622247
 293.000000, 109.720137, 12.306030, 3.375427, 15.716724
 305.000000, 113.207650, 12.385792, 3.228415, 15.663388
 299.000000, 117.647715, 12.963211, 3.307692, 16.307692
 295.666667, 110.826381, 12.105975, 3.352875, 15.490417
 289.333333, 111.847926, 12.544931, 3.392857, 15.998848
 288.333333, 114.307514, 13.138728, 3.438150, 16.608092
 297.000000, 112.815937, 12.755331, 3.305275, 16.122334
 291.000000, 113.676976, 13.383734, 3.349370, 16.822451
 233.000000, 112.288984, 13.246066, 4.261803, 17.535050
 300.666667, 113.323725, 12.373614, 3.304878, 15.701774
 292.000000, 113.463470, 12.964612, 3.377854, 16.388128
 266.666667, 109.742500, 13.778750, 3.636250, 17.521250
 22, 21
 0.200000, 0.000000, 0.000000, 1.000000, 33.000000
 201.000000, 90.359867, 12.970149, 4.061360, 17.373134
 259.000000, 112.890605, 14.185328, 3.768340, 18.051480
 257.666667, 112.551100, 14.172057, 3.747736, 18.053040
 297.333333, 112.260090, 12.542601, 3.327354, 15.904709
 296.666667, 111.615730, 12.631461, 3.335955, 15.998876
 306.666667, 109.383696, 11.698913, 3.210870, 14.948913
 266.333333, 115.290363, 13.744681, 3.699625, 17.501877
 311.333333, 114.820128, 12.470021, 3.188437, 15.684154
 294.666667, 110.964932, 12.429864, 3.335973, 15.813348
 311.666667, 114.797861, 12.412834, 3.182888, 15.618182
 286.666667, 117.806977, 12.969767, 3.411628, 16.458140
 284.666667, 111.234192, 12.039813, 3.459016, 15.557377
 295.666667, 112.181511, 12.852311, 3.331454, 16.231116
 281.333333, 112.286730, 12.888626, 3.491706, 16.445498
 284.666667, 112.107728, 12.625293, 3.460187, 16.131148
 284.000000, 113.100939, 13.321596, 3.421362, 16.834507
 283.333333, 113.771765, 13.203529, 3.494118, 16.737647
 305.333333, 114.683406, 12.676856, 3.239083, 15.954148
 302.333333, 112.925028, 13.072767, 3.277839, 16.375965
 255.666667, 109.628422, 13.780965, 3.736636, 17.692308
 23, 21
 0.200000, 0.000000, 0.000000, 0.000000, 32.000000
 224.000000, 88.921131, 11.860119, 3.921131, 15.921131
 271.000000, 112.642066, 14.273063, 3.662977, 17.968020
 261.666667, 111.024204, 13.802548, 3.629299, 17.625478
 291.000000, 111.387171, 12.435281, 3.380298, 15.868270
 300.000000, 111.141111, 12.518889, 3.310000, 15.852222
 319.333333, 111.288100, 12.036534, 3.084551, 15.169102
 267.000000, 112.627965, 13.851436, 3.666667, 17.590512
 285.333333, 110.544393, 12.144860, 3.460280, 15.651869
 301.333333, 113.923673, 12.573009, 3.286504, 15.890487
 298.333333, 111.818994, 12.068156, 3.290503, 15.411173
 303.000000, 119.842684, 13.336634, 3.270627, 16.633663
 299.000000, 113.032330, 12.453735, 3.308807, 15.802676
 297.666667, 113.004479, 12.763718, 3.321389, 16.118701
 277.000000, 112.765343, 12.878460, 3.510229, 16.468111
 255.000000, 109.913725, 12.806536, 3.860131, 16.721569
 278.666667, 113.159091, 13.486842, 3.551435, 17.081340
 282.000000, 115.306147, 13.457447, 3.498818, 17.005910
 296.666667, 113.874157, 12.585393, 3.341573, 15.948315
 292.000000, 112.164384, 12.762557, 3.365297, 16.176941
 269.000000, 111.956629, 14.308550, 3.685254, 18.028501
 24, 21
 0.200000, 0.000000, 0.000000, 2.000000, 32.000000
 211.000000, 90.958926, 11.985782, 4.145340, 16.284360
 254.333333, 112.868938, 14.234600, 3.914810, 18.173001
 273.000000, 114.173382, 14.426129, 3.551893, 18.095238
 279.333333, 110.519093, 12.645585, 3.503580, 16.219570
 288.333333, 110.689017, 12.376879, 3.412717, 15.838150
 297.333333, 106.396861, 11.501121, 3.309417, 14.856502
 282.666667, 117.067217, 13.838443, 3.512972, 17.377358
 291.333333, 111.186499, 11.959954, 3.382151, 15.393593
 294.666667, 111.374434, 12.509050, 3.351810, 15.901584
 293.000000, 112.449374, 12.285552, 3.377702, 15.695108
 296.000000, 117.290541, 13.100225, 3.334459, 16.478604
 293.666667, 110.228150, 12.004540, 3.337117, 15.402951
 286.333333, 110.164144, 12.399302, 3.431898, 15.881257
 259.666667, 111.154044, 12.729140, 3.752246, 16.566110
 286.000000, 110.402098, 12.731935, 3.454545, 16.222611
 288.000000, 114.146991, 13.368056, 3.391204, 16.843750
 278.000000, 114.618705, 13.375300, 3.547962, 16.979616
 291.333333, 112.319222, 12.345538, 3.394737, 15.788330
 279.333333, 111.321002, 12.698091, 3.525060, 16.274463
 260.000000, 109.412821, 13.570513, 3.741026, 17.415385
 25, 21
 0.200000, 0.000000, 30.000000, 2.000000, 33.000000
 217.666667, 86.640123, 11.788668, 3.839204, 15.895865
 262.333333, 112.792884, 13.852605, 3.782719, 17.664549
 272.666667, 113.322738, 14.045232, 3.613692, 17.710269
 282.666667, 110.385613, 12.615566, 3.488208, 16.149764
 296.000000, 112.380631, 12.510135, 3.227477, 15.896396
 311.666667, 108.596791, 11.680214, 3.187166, 14.890909
 266.000000, 111.962406, 13.147870, 3.677945, 16.901003
 307.666667, 113.767064, 12.338028, 3.199350, 15.588299
 297.666667, 112.185890, 12.567749, 3.332587, 15.926092
 297.000000, 111.145903, 11.982043, 3.329966, 15.349046
 296.333333, 117.182227, 13.066367, 3.327334, 16.439820
 304.333333, 112.916758, 12.384447, 3.262870, 15.674699
 285.000000, 112.822222, 12.715789, 3.422222, 16.215205
 275.333333, 110.907990, 12.761501, 3.559322, 16.377724
 288.333333, 110.823121, 12.523699, 3.427746, 15.990751
 276.666667, 111.656627, 13.243373, 3.514458, 16.861446
 285.666667, 112.318553, 13.007001, 3.473746, 16.513419
 289.333333, 114.359447, 12.441244, 3.397465, 15.891705
 286.666667, 113.379070, 12.845349, 3.461628, 16.333721
 269.333333, 110.585396, 13.839109, 3.655941, 17.547030
 26, 21
 0.200000, 0.000000, 0.000000, 1.000000, 2.000000
 221.333333, 88.356928, 12.503012, 3.695783, 16.534639
 258.666667, 110.871134, 13.506443, 3.850515, 17.381443
 232.000000, 110.548851, 14.017241, 4.060345, 18.295977
 291.000000, 112.246277, 12.537228, 3.410080, 15.972509
 287.333333, 111.512761, 12.535963, 3.426914, 16.015081
 304.333333, 108.366922, 11.662651, 3.215772, 14.939759
 277.333333, 114.614183, 13.519231, 3.554087, 17.127404
 297.666667, 112.313550, 12.128779, 3.297872, 15.494961
 291.333333, 112.338673, 12.534325, 3.407323, 15.965675
 296.000000, 110.591216, 11.826577, 3.320946, 15.192568
 282.333333, 116.151122, 12.834711, 3.467532, 16.371901
 286.666667, 111.704651, 12.122093, 3.400000, 15.604651
 296.333333, 111.310461, 12.449944, 3.318335, 15.822272
 284.000000, 112.786385, 12.935446, 3.476526, 16.443662
 290.666667, 111.410550, 12.588303, 3.330275, 16.028670
 285.333333, 114.057243, 13.464953, 3.410047, 16.956776
 294.666667, 115.558824, 13.596154, 3.374434, 16.994344
 306.333333, 114.182807, 12.525571, 3.223069, 15.789989
 298.666667, 113.568080, 12.786830, 3.328125, 16.138393
 254.666667, 108.722513, 13.976440, 3.866492, 17.886126
 27, 21
 0.200000, 0.000000, 0.000000, 2.000000, 2.000000
 199.666667, 87.846411, 12.390651, 4.287145, 16.831386
 273.000000, 111.796093, 14.007326, 3.628816, 17.670330
 255.333333, 110.879896, 13.754569, 3.855091, 17.664491
 291.000000, 111.526919, 12.615120, 3.373425, 16.038946
 285.000000, 110.397661, 12.374269, 3.477193, 15.883041
 306.333333, 107.285092, 11.510337, 3.190424, 14.776931
 277.000000, 115.554753, 13.427196, 3.582431, 17.033694
 296.333333, 110.724409, 12.077615, 3.332958, 15.455568
 284.000000, 110.606808, 12.442488, 3.461268, 15.962441
 309.333333, 114.768319, 12.408405, 3.201509, 15.640086
 287.666667, 115.862109, 12.848204, 3.410197, 16.315180
 295.333333, 113.259594, 12.344244, 3.352144, 15.734763
 296.333333, 113.653543, 12.962880, 3.341957, 16.329584
 277.000000, 112.306859, 12.767750, 3.548736, 16.359807
 281.333333, 110.793839, 12.819905, 3.522512, 16.374408
 280.000000, 110.020238, 13.027381, 3.442857, 16.602381
 276.666667, 111.291566, 12.900000, 3.566265, 16.516867
 288.666667, 112.081986, 12.394919, 3.434180, 15.861432
 294.000000, 112.497732, 12.818594, 3.368481, 16.218821
 264.333333, 112.124842, 14.229508, 3.733922, 18.011349
 28, 21
 0.200000, 10.000000, 0.000000, 8.000000, 123.000000
 228.333333, 91.975182, 11.817518, 3.887591, 15.900730
 256.000000, 110.196615, 13.850260, 3.877604, 17.760417
 263.666667, 113.630847, 14.341340, 3.624526, 18.130215
 287.000000, 108.513357, 12.058072, 3.413473, 15.549361
 294.333333, 113.190260, 12.968290, 3.371461, 16.364666
 300.000000, 108.211111, 11.962222, 3.291111, 15.300000
 273.333333, 112.829268, 13.367073, 3.596341, 17.029268
 307.000000, 115.706840, 12.899023, 3.230185, 16.153094
 290.333333, 111.338691, 12.391504, 3.411022, 15.833525
 302.666667, 113.531938, 12.071586, 3.254405, 15.373348
 288.000000, 116.319444, 12.938657, 3.434028, 16.408565
 301.333333, 111.628319, 12.139381, 3.277655, 15.455752
 297.000000, 113.749719, 12.729517, 3.334456, 16.087542
 278.666667, 112.223684, 13.007177, 3.537081, 16.592105
 299.000000, 110.842809, 12.577480, 3.299889, 15.919732
 282.000000, 110.634752, 13.096927, 3.486998, 16.650118
 282.666667, 113.042453, 12.891509, 3.478774, 16.430425
 288.333333, 115.016185, 12.262428, 3.416185, 15.721387
 294.666667, 113.164027, 12.766968, 3.360860, 16.159502
 266.333333, 104.748436, 13.219024, 3.677096, 16.949937
 29, 21
 0.200000, 2.000000, 0.000000, 10.000000, 92.000000
 217.333333, 85.230061, 11.984663, 4.046012, 16.187117
 252.333333, 112.420079, 14.694848, 3.935271, 18.656539
 272.333333, 113.317013, 14.102815, 3.643819, 17.773562
 293.000000, 110.848692, 12.253697, 3.360637, 15.655290
 281.000000, 111.725979, 12.645314, 3.502966, 16.200474
 312.000000, 111.478632, 12.122863, 3.176282, 15.322650
 282.000000, 112.289598, 13.371158, 3.503546, 16.918440
 297.333333, 113.915919, 12.424888, 3.334081, 15.807175
 299.000000, 112.579710, 12.585284, 3.308807, 15.917503
 299.000000, 114.331104, 12.241918, 3.301003, 15.587514
 293.666667, 118.225880, 13.099886, 3.356413, 16.516459
 296.000000, 111.172297, 12.192568, 3.310811, 15.545045
 285.000000, 111.844444, 12.476023, 3.461988, 15.985965
 276.333333, 113.540410, 13.078408, 3.559710, 16.689988
 297.666667, 110.285554, 12.412094, 3.284434, 15.753639
 285.000000, 114.447953, 13.555556, 3.430409, 17.063158
 289.333333, 114.314516, 13.443548, 3.433180, 16.900922
 301.000000, 115.007752, 12.547065, 3.285714, 15.864895
 298.666667, 112.177455, 12.770089, 3.309152, 16.118304
 266.333333, 109.458073, 13.826033, 3.583229, 17.556946
 30, 21
 0.200000, 11.000000, 28.000000, 4.000000, 106.000000
 210.000000, 89.565079, 13.001587, 4.215873, 17.414286
 274.333333, 114.409478, 14.204131, 3.622114, 17.849332
 274.000000, 113.614355, 14.147202, 3.614355, 17.796837
 297.000000, 113.164983, 12.680135, 3.333333, 16.046016
 285.666667, 110.037340, 12.655776, 3.476079, 16.154026
 289.666667, 108.882624, 11.608746, 3.344074, 15.037975
 267.666667, 112.174346, 13.092154, 3.661270, 16.819427
 289.666667, 112.685846, 12.445339, 3.392405, 15.896433
 301.000000, 113.055371, 12.702104, 3.272425, 16.024363
 305.666667, 114.045802, 12.340240, 3.229008, 15.603053
 286.333333, 117.102445, 12.877765, 3.451688, 16.370198
 302.000000, 112.751656, 12.350993, 3.292494, 15.669978
 290.333333, 112.275545, 12.597015, 3.416762, 16.036739
 295.333333, 113.791196, 13.119639, 3.357788, 16.502257
 293.666667, 109.654938, 12.301930, 3.345062, 15.709421
 279.333333, 110.676611, 13.064439, 3.531026, 16.640811
 280.666667, 112.419240, 12.662708, 3.508314, 16.229216
 306.000000, 114.726580, 12.588235, 3.221133, 15.857298
 293.333333, 112.307955, 13.084091, 3.375000, 16.492045
 259.333333, 106.174807, 13.494859, 3.782776, 17.318766
 31, 21
 0.200000, 13.000000, 0.000000, 3.000000, 75.000000
 224.333333, 90.188707, 11.674591, 3.961367, 15.780089
 264.666667, 110.552897, 13.753149, 3.729219, 17.532746
 266.333333, 114.319149, 14.215269, 3.697121, 17.969962
 286.666667, 112.261628, 12.483721, 3.418605, 15.970930
 283.333333, 110.641176, 12.527059, 3.469412, 16.054118
 312.000000, 110.639957, 11.751068, 3.164530, 14.964744
 279.666667, 115.405244, 14.100119, 3.531585, 17.673421
 294.333333, 114.289921, 12.671574, 3.362401, 16.067950
 298.000000, 111.131991, 12.234899, 3.305369, 15.587248
 296.333333, 113.587177, 12.184477, 3.305962, 15.550056
 288.000000, 116.521991, 13.005787, 3.395833, 16.467593
 300.333333, 110.766926, 12.015538, 3.289678, 15.352941
 295.000000, 112.748023, 12.659887, 3.335593, 16.046328
 279.333333, 112.805489, 13.089499, 3.513126, 16.662291
 288.333333, 111.915607, 12.593064, 3.431214, 16.064740
 277.666667, 113.307323, 13.194478, 3.523409, 16.797119
 272.333333, 112.239902, 12.894737, 3.636475, 16.570379
 296.000000, 115.596847, 12.560811, 3.315315, 15.940315
 281.333333, 110.945498, 12.736967, 3.472749, 16.267773
 266.333333, 109.320401, 14.103880, 3.679599, 17.843554
Histogram
0 0 2 0 0 0 0 0 0 0 0 0 0 0 14 238 249 104 34 1 0 0 0 0 0 0 0 0 0 0 0 0 7 3 5 0 0 0 0 0 0 0 1 8 2 0 0 0 0 0 0 0 0 0 0 0 0 0 0 0 0 0 0 0 0 0 0 0 0 0 0 0 0 0 0 1 0 0 0 0 0 0 0 0 0 0 0 0 0 0 0 0 1 0 0 0 0 0 0 2 
Cache Miss Ratio
0.0
Average number of keys
1.0
numOfSets
274471
numOfGets
274385
numOfMultiGets
0
