 0, 21
 0.250000, 0.000000, 0.000000, 6.000000, 8.000000
 445.000000, 74.137079, 20.099625, 2.154307, 22.333333
 530.000000, 73.392453, 17.623899, 1.862893, 19.510063
 538.333333, 73.405573, 16.995046, 1.833437, 18.850155
 525.666667, 73.931516, 17.579581, 1.881420, 19.480659
 529.333333, 73.574937, 17.382872, 1.867758, 19.270781
 532.333333, 73.440827, 17.279274, 1.859111, 19.158422
 527.333333, 73.841340, 17.578382, 1.874210, 19.474083
 537.666667, 73.399876, 17.003100, 1.839430, 18.866708
 535.666667, 73.387679, 17.145613, 1.845053, 19.015557
 499.333333, 73.770360, 18.514019, 1.979973, 20.515354
 522.000000, 73.277778, 17.704342, 1.883780, 19.618774
 544.666667, 72.933905, 16.764994, 1.813953, 18.599755
 534.000000, 73.147316, 17.061174, 1.847066, 18.932584
 519.000000, 73.155427, 17.759152, 1.904303, 19.685292
 524.666667, 73.543202, 17.574333, 1.880559, 19.483482
 509.000000, 74.613621, 18.350360, 1.939751, 20.313687
 532.333333, 73.239198, 17.108954, 1.855980, 18.986850
 505.000000, 73.417822, 18.139274, 1.956436, 20.118152
 543.666667, 73.082771, 16.803801, 1.817903, 18.643164
 497.333333, 73.898123, 18.660858, 1.989276, 20.670912
 1, 21
 0.250000, 0.000000, 0.000000, 6.000000, 8.000000
 444.333333, 73.770443, 20.040510, 2.089272, 22.276819
 526.333333, 73.784041, 17.601013, 1.875871, 19.499050
 535.333333, 72.869240, 16.928394, 1.843088, 18.794521
 527.333333, 74.027181, 17.558786, 1.860303, 19.453856
 526.333333, 73.840405, 17.433186, 1.879037, 19.331222
 530.000000, 73.466667, 17.255975, 1.866667, 19.142138
 526.666667, 73.241139, 17.471519, 1.868354, 19.368987
 540.000000, 73.179012, 16.954321, 1.829630, 18.805556
 534.333333, 73.681847, 17.184030, 1.840923, 19.054897
 501.000000, 73.381238, 18.295409, 1.973387, 20.290752
 517.000000, 73.134107, 17.631850, 1.912315, 19.569955
 545.000000, 73.210398, 16.809174, 1.804893, 18.643425
 536.000000, 73.062811, 17.065299, 1.842662, 18.929726
 517.333333, 73.282861, 17.654639, 1.908505, 19.586340
 522.000000, 73.309706, 17.476373, 1.883142, 19.387612
 511.333333, 74.461538, 18.434159, 1.934811, 20.389179
 534.333333, 73.232689, 17.140986, 1.847162, 19.011229
 503.333333, 73.452980, 18.355629, 1.964901, 20.341060
 541.666667, 72.978462, 16.796923, 1.824000, 18.641846
 499.000000, 74.025384, 18.653975, 1.980628, 20.656647
 2, 21
 0.250000, 0.000000, 0.000000, 6.000000, 7.000000
 446.333333, 74.173264, 20.149365, 2.129201, 22.378641
 527.666667, 73.567909, 17.613392, 1.871762, 19.506633
 538.333333, 73.346749, 16.941176, 1.834675, 18.801238
 529.000000, 73.994959, 17.654064, 1.865784, 19.543163
 528.000000, 73.250631, 17.313131, 1.871843, 19.205177
 529.333333, 72.954030, 17.247481, 1.864610, 19.135390
 528.333333, 73.873817, 17.533754, 1.870032, 19.425237
 540.666667, 73.169544, 16.989519, 1.827990, 18.837855
 531.666667, 73.884639, 17.267085, 1.858934, 19.147335
 502.333333, 73.891175, 18.423358, 1.968812, 20.412741
 519.333333, 73.322208, 17.586650, 1.902439, 19.511553
 543.000000, 73.267035, 16.850829, 1.818293, 18.691222
 536.666667, 73.469565, 17.140994, 1.841615, 19.003727
 515.333333, 73.170763, 17.688228, 1.917853, 19.628072
 523.666667, 73.343730, 17.511776, 1.890516, 19.422024
 508.333333, 74.690492, 18.379016, 1.940328, 20.344918
 535.333333, 73.048568, 17.121420, 1.844956, 18.988169
 504.000000, 73.279101, 18.189815, 1.960317, 20.177249
 545.000000, 72.946789, 16.796942, 1.813456, 18.634862
 497.666667, 73.610181, 18.628935, 1.987944, 20.637642
 3, 21
 0.250000, 0.000000, 0.000000, 1.000000, 12.000000
 436.666667, 73.679389, 19.992366, 2.197710, 22.271756
 531.666667, 73.559875, 17.514734, 1.857053, 19.398746
 533.666667, 73.423485, 17.036852, 1.851343, 18.909432
 525.333333, 73.684010, 17.589467, 1.881980, 19.491751
 524.000000, 73.581425, 17.360687, 1.886768, 19.267176
 531.666667, 72.933542, 17.208150, 1.858934, 19.089028
 525.000000, 73.245079, 17.360635, 1.882540, 19.264762
 538.000000, 73.185874, 16.975836, 1.835812, 18.837670
 533.666667, 73.625234, 17.238601, 1.851968, 19.112430
 499.000000, 73.377422, 18.369405, 1.982632, 20.372745
 520.333333, 73.234465, 17.579116, 1.898783, 19.500320
 541.666667, 73.332923, 16.825846, 1.825846, 18.670769
 535.666667, 73.359054, 17.096453, 1.844431, 18.962663
 520.333333, 73.338245, 17.666880, 1.900064, 19.592569
 525.000000, 73.657778, 17.503492, 1.883810, 19.406984
 504.000000, 74.501323, 18.375000, 1.958995, 20.359127
 535.000000, 73.111526, 17.080374, 1.847352, 18.948910
 505.666667, 73.173368, 18.123929, 1.953856, 20.100198
 540.666667, 73.261406, 16.831689, 1.827990, 18.680641
 497.666667, 73.597455, 18.555258, 1.985934, 20.563295
 4, 21
 0.250000, 0.000000, 0.000000, 11.000000, 12.000000
 458.333333, 73.626182, 20.088000, 2.081455, 22.260364
 511.666667, 73.674267, 17.525733, 1.929642, 19.478176
 537.000000, 72.847300, 16.901924, 1.837989, 18.762259
 522.333333, 73.559668, 17.511806, 1.891512, 19.425016
 527.666667, 73.491472, 17.391661, 1.872394, 19.285534
 531.333333, 73.519448, 17.306148, 1.860100, 19.186951
 525.666667, 73.598605, 17.452124, 1.878884, 19.357641
 537.666667, 73.247365, 17.066336, 1.840050, 18.926224
 534.333333, 73.450405, 17.132252, 1.850281, 19.003119
 505.000000, 73.672607, 18.411221, 1.961716, 20.394059
 521.333333, 73.275575, 17.650895, 1.894501, 19.566496
 543.333333, 72.885276, 16.782209, 1.817178, 18.621472
 535.333333, 73.206725, 17.059776, 1.846202, 18.927148
 516.333333, 73.242737, 17.684958, 1.914784, 19.624919
 522.666667, 73.268495, 17.575893, 1.883929, 19.487883
 508.000000, 74.254593, 18.265748, 1.941601, 20.234908
 535.666667, 73.029247, 17.116988, 1.846297, 18.983821
 502.666667, 73.476790, 18.080902, 1.958223, 20.070292
 541.666667, 73.094769, 16.795692, 1.823385, 18.640615
 497.666667, 73.676490, 18.598125, 1.986604, 20.606162
 5, 21
 0.250000, 0.000000, 0.000000, 10.000000, 11.000000
 448.000000, 73.861607, 20.255952, 2.118304, 22.476935
 529.666667, 73.432347, 17.513531, 1.864065, 19.400252
 540.333333, 73.703270, 17.077730, 1.827267, 18.932141
 522.666667, 73.408163, 17.365434, 1.885204, 19.272321
 527.666667, 73.540114, 17.418825, 1.874921, 19.312697
 531.333333, 73.604768, 17.290464, 1.857591, 19.171267
 527.333333, 73.537927, 17.336915, 1.870417, 19.236410
 539.666667, 72.948734, 16.930821, 1.831995, 18.782582
 536.333333, 73.589186, 17.171535, 1.835301, 19.034804
 503.666667, 73.700860, 18.469887, 1.962938, 20.455328
 521.000000, 73.367242, 17.722329, 1.897633, 19.640435
 545.333333, 73.312958, 16.856968, 1.811125, 18.689487
 534.000000, 73.678527, 17.156055, 1.847066, 19.023720
 522.000000, 73.432312, 17.637292, 1.893997, 19.556833
 523.333333, 73.866242, 17.589172, 1.887261, 19.503185
 506.666667, 74.535526, 18.360526, 1.949342, 20.333553
 532.333333, 73.009393, 17.128366, 1.853475, 19.006262
 505.000000, 73.385479, 18.308911, 1.958416, 20.288449
 544.333333, 72.746479, 16.793631, 1.815064, 18.629516
 497.000000, 73.568746, 18.600939, 1.988598, 20.613011
 6, 21
 0.250000, 23.000000, 0.000000, 3.000000, 61.000000
 474.000000, 74.581575, 20.350914, 2.029536, 22.458509
 529.333333, 73.543451, 17.455290, 1.863350, 19.341940
 538.666667, 73.372525, 17.034653, 1.832921, 18.889233
 528.333333, 73.773502, 17.507886, 1.871293, 19.399369
 527.333333, 74.011378, 17.443110, 1.872946, 19.336915
 532.333333, 73.623043, 17.274890, 1.851597, 19.152160
 528.333333, 73.642271, 17.468139, 1.870662, 19.359621
 536.666667, 73.349068, 17.042857, 1.841615, 18.905590
 532.333333, 73.448341, 17.140889, 1.854101, 19.018159
 500.000000, 73.466667, 18.311333, 1.976667, 20.310000
 519.666667, 73.345093, 17.671584, 1.901219, 19.593970
 543.333333, 73.349080, 16.815951, 1.819018, 18.660123
 534.333333, 73.378665, 17.107299, 1.850281, 18.982533
 519.666667, 73.363053, 17.675433, 1.903784, 19.600385
 524.000000, 73.318066, 17.506361, 1.879771, 19.414122
 504.333333, 74.279577, 18.297422, 1.959683, 20.280238
 534.333333, 73.160948, 17.003119, 1.850281, 18.873986
 503.333333, 73.271523, 18.379470, 1.964238, 20.365563
 540.333333, 72.958051, 16.778532, 1.827884, 18.628007
 497.666667, 72.683858, 18.440054, 1.992632, 20.453449
 7, 21
 0.250000, 17.000000, 0.000000, 16.000000, 63.000000
 463.666667, 74.130841, 20.105679, 2.097771, 22.268871
 517.666667, 73.384417, 17.381198, 1.902125, 19.307147
 535.333333, 73.048568, 16.932130, 1.841843, 18.806351
 529.000000, 73.872086, 17.402016, 1.868935, 19.291115
 526.333333, 73.664978, 17.443319, 1.875237, 19.341355
 531.000000, 73.518519, 17.286252, 1.861268, 19.168236
 525.333333, 73.403553, 17.414975, 1.879442, 19.315990
 537.333333, 73.432382, 17.115385, 1.838710, 18.975806
 537.333333, 73.866005, 17.233871, 1.840571, 19.094913
 503.000000, 73.536779, 18.366468, 1.967528, 20.353877
 522.333333, 73.047862, 17.504786, 1.891512, 19.417358
 542.666667, 73.116093, 16.861179, 1.820639, 18.702703
 533.000000, 73.239525, 17.061288, 1.850532, 18.936836
 517.000000, 73.410058, 17.682141, 1.912315, 19.615087
 523.000000, 73.708094, 17.530274, 1.891651, 19.441045
 505.000000, 74.071947, 18.309571, 1.958416, 20.289109
 539.333333, 73.459209, 17.149567, 1.833745, 19.003708
 504.000000, 73.550265, 18.289683, 1.958333, 20.272487
 541.666667, 72.899692, 16.726154, 1.821538, 18.571077
 491.666667, 72.723390, 18.438644, 2.008136, 20.471864
Histogram
0 0 0 0 0 0 0 1 2 0 0 1 2 0 0 0 0 0 43 77 32 0 8 0 0 0 0 0 0 0 0 0 0 0 0 0 0 0 0 0 0 0 0 0 0 0 0 0 0 0 0 0 0 0 0 0 0 0 0 0 0 1 0 1 0 0 0 0 0 0 0 0 0 0 0 0 0 0 0 0 0 0 0 0 0 0 0 0 0 0 0 0 0 0 0 0 0 0 0 0 
Cache Miss Ratio
0.0
Average number of keys
1.0
numOfSets
125249
numOfGets
125208
numOfMultiGets
0
