 0, 21
 0.250000, 2.000000, 0.000000, 8.000000, 9.000000
 426.333333, 155.359656, 43.336200, 2.244722, 45.670055
 517.333333, 168.381443, 41.732603, 1.902706, 43.665593
 548.666667, 168.119684, 38.188335, 1.792831, 40.008505
 559.000000, 168.837806, 38.113894, 1.758497, 39.901610
 566.000000, 168.617197, 37.584806, 1.740283, 39.349823
 554.333333, 168.499098, 37.954901, 1.776909, 39.756464
 556.333333, 168.357100, 38.067705, 1.772319, 39.863990
 543.666667, 168.497241, 38.738811, 1.811772, 40.575107
 550.333333, 168.552392, 38.267111, 1.792853, 40.083586
 573.333333, 167.722674, 36.638372, 1.719767, 38.381977
 565.333333, 168.110849, 36.928656, 1.744104, 38.696934
 579.666667, 167.385854, 36.161587, 1.697527, 37.884991
 522.000000, 168.611750, 40.549808, 1.890166, 42.464879
 561.333333, 168.469715, 37.640143, 1.753563, 39.423397
 580.000000, 167.713218, 35.893678, 1.695977, 37.616092
 561.333333, 168.141924, 37.419834, 1.757126, 39.200713
 577.000000, 168.059503, 36.274408, 1.708261, 38.010399
 555.000000, 168.323724, 37.917718, 1.771171, 39.718919
 561.333333, 168.032660, 37.596793, 1.742874, 39.377672
 549.666667, 167.364463, 38.496665, 1.788357, 40.314736
 1, 21
 0.250000, 1.000000, 0.000000, 5.000000, 9.000000
 429.333333, 154.202640, 43.329969, 2.240683, 45.655280
 502.333333, 169.104844, 41.907100, 1.963504, 43.897147
 551.000000, 168.963702, 38.488808, 1.786449, 40.301875
 548.000000, 168.399635, 38.012774, 1.797445, 39.836375
 559.333333, 168.428486, 37.536949, 1.761621, 39.322408
 553.666667, 168.555087, 37.985551, 1.770018, 39.790488
 555.000000, 167.796997, 37.873273, 1.777778, 39.673874
 542.666667, 168.897420, 38.794840, 1.817568, 40.636364
 556.666667, 168.843114, 38.250299, 1.770060, 40.045509
 566.666667, 167.950000, 36.755294, 1.740000, 38.519412
 570.333333, 168.400351, 37.002922, 1.727645, 38.759205
 574.333333, 167.479396, 36.121300, 1.710969, 37.861869
 522.666667, 168.465561, 40.406250, 1.885842, 42.318240
 560.666667, 167.772295, 37.579667, 1.755054, 39.362663
 584.333333, 167.531090, 35.942955, 1.685682, 37.653736
 560.666667, 168.186683, 37.490488, 1.736029, 39.272889
 580.000000, 168.054023, 36.292529, 1.700000, 38.015517
 550.000000, 168.658182, 37.958182, 1.792727, 39.775152
 560.000000, 168.379762, 37.645238, 1.752976, 39.429762
 547.666667, 167.923311, 38.175898, 1.791236, 40.001217
 2, 21
 0.250000, 8.000000, 1.000000, 15.000000, 25.000000
 428.666667, 155.162519, 42.717729, 2.249611, 45.043546
 514.000000, 168.528534, 41.665370, 1.910506, 43.605707
 552.333333, 168.426071, 38.293905, 1.780929, 40.101992
 551.333333, 168.480653, 38.028416, 1.778718, 39.836155
 562.333333, 168.164197, 37.484292, 1.752816, 39.260818
 553.666667, 168.612282, 37.962673, 1.778447, 39.767008
 554.666667, 168.203125, 37.970553, 1.778245, 39.772236
 544.333333, 168.535211, 38.641764, 1.812615, 40.486222
 551.000000, 168.455535, 38.296431, 1.788869, 40.113128
 572.666667, 167.764843, 36.729336, 1.721769, 38.477881
 569.333333, 168.239461, 37.008782, 1.734192, 38.766979
 579.000000, 168.033391, 36.243523, 1.700058, 37.970639
 526.000000, 168.821293, 40.602662, 1.876426, 42.503169
 558.666667, 168.075776, 37.623508, 1.762530, 39.408115
 576.000000, 167.877894, 35.905093, 1.710069, 37.639468
 569.333333, 168.049766, 37.313232, 1.727166, 39.069087
 581.333333, 167.720183, 36.127294, 1.696101, 37.851491
 555.000000, 168.421021, 37.883483, 1.782583, 39.690691
 556.666667, 168.178443, 37.490419, 1.753892, 39.288623
 555.000000, 165.625225, 38.053453, 1.773574, 39.854655
 3, 21
 0.250000, 0.000000, 1.000000, 5.000000, 8.000000
 427.666667, 156.197194, 43.689790, 2.217459, 46.014809
 485.666667, 168.814688, 41.365134, 2.027454, 43.424159
 550.666667, 168.861985, 38.499395, 1.786925, 40.311743
 557.333333, 168.212919, 38.060407, 1.770335, 39.853469
 567.666667, 168.444510, 37.506166, 1.721668, 39.266001
 556.333333, 168.424206, 37.982624, 1.769922, 39.778910
 556.666667, 168.108982, 37.996407, 1.768862, 39.792216
 551.333333, 168.698912, 38.905079, 1.787787, 40.717050
 555.000000, 168.825826, 38.254054, 1.775976, 40.058258
 564.666667, 167.829398, 36.735537, 1.744392, 38.509445
 570.000000, 168.109942, 36.932749, 1.726316, 38.685380
 577.666667, 167.534911, 36.024812, 1.705136, 37.755338
 522.333333, 168.453095, 40.421825, 1.887045, 42.335673
 557.333333, 168.319378, 37.703947, 1.770335, 39.498206
 593.000000, 167.545812, 35.908938, 1.657111, 37.594154
 561.666667, 167.967359, 37.290801, 1.755490, 39.070623
 574.333333, 167.767847, 36.253047, 1.708648, 37.994196
 559.000000, 168.469290, 37.774597, 1.764460, 39.562314
 556.000000, 168.223621, 37.733213, 1.761990, 39.530576
 556.666667, 167.554491, 38.040719, 1.765868, 39.836527
 4, 21
 0.250000, 12.000000, 0.000000, 8.000000, 17.000000
 432.666667, 154.782743, 43.401387, 2.227273, 45.696456
 522.666667, 167.961097, 41.252551, 1.871173, 43.163265
 556.333333, 168.315758, 38.181546, 1.760336, 39.976633
 558.000000, 168.511350, 38.034648, 1.761051, 39.824970
 560.000000, 168.141667, 37.554762, 1.754762, 39.338095
 557.666667, 168.540944, 37.997609, 1.765093, 39.789002
 555.333333, 168.255102, 37.856543, 1.774910, 39.656062
 546.000000, 168.601343, 38.622100, 1.804640, 40.452991
 552.000000, 168.486715, 38.278986, 1.786836, 40.094203
 577.333333, 167.825635, 36.700924, 1.707275, 38.433603
 572.000000, 168.293124, 36.890443, 1.713287, 38.639277
 572.000000, 168.052448, 36.210373, 1.720280, 37.957459
 506.333333, 168.919684, 40.690586, 1.948650, 42.664253
 556.666667, 168.447305, 37.762874, 1.771257, 39.557485
 579.333333, 167.523015, 35.962601, 1.689298, 37.687572
 560.333333, 168.281975, 37.309935, 1.760857, 39.093992
 580.666667, 167.995408, 36.291619, 1.695178, 38.012629
 555.000000, 168.161562, 37.837237, 1.773574, 39.638438
 559.333333, 168.524434, 37.794398, 1.762217, 39.581049
 546.333333, 167.157413, 38.004271, 1.790116, 39.830384
 5, 21
 0.250000, 7.000000, 0.000000, 16.000000, 18.000000
 424.666667, 155.087912, 42.981162, 2.276295, 45.325746
 511.666667, 168.504886, 41.593485, 1.927687, 43.545928
 555.333333, 168.039616, 38.021008, 1.760504, 39.815126
 550.666667, 168.447337, 38.052058, 1.790557, 39.867433
 553.666667, 168.691150, 37.642384, 1.763396, 39.447321
 551.333333, 168.480048, 37.870617, 1.787183, 39.683192
 558.666667, 168.019093, 37.790573, 1.764916, 39.579952
 541.000000, 168.686383, 38.784966, 1.824399, 40.632779
 552.666667, 168.310012, 38.220748, 1.781665, 40.033776
 570.333333, 167.675628, 36.654588, 1.728814, 38.406195
 570.333333, 168.310345, 36.962011, 1.728814, 38.714787
 582.333333, 167.742416, 36.160847, 1.689754, 37.882084
 526.333333, 168.494617, 40.474984, 1.873338, 42.373654
 560.666667, 168.222354, 37.714031, 1.759810, 39.497027
 577.333333, 167.582564, 35.923788, 1.706697, 37.654734
 560.333333, 167.637121, 37.420583, 1.753718, 39.204045
 575.666667, 167.651998, 36.243196, 1.712797, 37.979155
 552.666667, 168.633293, 37.910133, 1.781665, 39.722557
 559.000000, 167.985689, 37.628503, 1.756112, 39.420394
 552.000000, 166.139493, 37.945652, 1.778382, 39.760266
 6, 21
 0.250000, 11.000000, 0.000000, 6.000000, 16.000000
 437.666667, 155.438690, 43.231531, 2.209444, 45.512567
 501.333333, 168.644282, 41.395612, 1.967420, 43.388298
 550.000000, 168.426061, 38.166667, 1.790303, 39.982424
 551.000000, 168.738052, 38.070780, 1.787659, 39.884453
 563.000000, 168.149793, 37.530491, 1.744819, 39.304914
 558.000000, 168.357826, 37.928913, 1.766428, 39.719833
 549.000000, 168.179114, 37.918033, 1.794171, 39.737705
 545.333333, 168.363692, 38.735941, 1.808680, 40.569071
 543.666667, 168.736971, 38.263642, 1.813611, 40.101778
 574.333333, 167.751596, 36.690656, 1.714452, 38.430644
 574.333333, 168.450377, 36.946024, 1.719095, 38.688915
 584.666667, 167.513683, 36.128278, 1.674458, 37.835234
 522.333333, 168.441608, 40.466496, 1.888960, 42.384174
 555.333333, 168.283313, 37.587035, 1.773109, 39.387155
 589.333333, 167.664027, 35.840498, 1.671380, 37.543552
 561.333333, 167.883017, 37.357482, 1.758907, 39.138955
 586.333333, 167.579306, 36.167709, 1.679363, 37.873223
 561.000000, 168.471182, 37.799168, 1.754605, 39.581105
 562.333333, 168.396562, 37.685240, 1.731476, 39.461766
 554.666667, 166.649038, 38.035457, 1.768029, 39.843750
 7, 21
 0.250000, 5.000000, 0.000000, 14.000000, 16.000000
 426.666667, 155.639844, 43.294531, 2.244531, 45.629688
 510.666667, 168.500000, 41.686031, 1.927546, 43.642298
 549.333333, 167.989684, 38.207524, 1.790655, 40.026092
 554.000000, 168.883273, 38.090854, 1.771360, 39.897714
 553.666667, 168.245635, 37.509332, 1.771824, 39.313064
 554.333333, 168.495490, 37.943476, 1.776909, 39.746242
 552.000000, 168.010266, 37.957729, 1.786836, 39.768720
 547.000000, 168.617916, 38.607556, 1.804388, 40.438147
 544.666667, 168.627295, 38.239290, 1.810282, 40.074051
 574.333333, 167.761463, 36.720836, 1.716773, 38.460824
 563.000000, 168.439905, 36.925400, 1.748372, 38.702783
 590.333333, 167.494636, 36.186335, 1.668549, 37.880294
 522.000000, 168.329502, 40.543423, 1.891443, 42.457854
 557.000000, 167.985637, 37.646918, 1.766008, 39.440455
 586.333333, 167.408755, 36.017055, 1.674247, 37.721433
 556.666667, 167.958683, 37.385629, 1.770659, 39.183832
 577.333333, 167.653580, 36.216513, 1.703811, 37.947460
 557.333333, 168.442584, 37.849880, 1.769139, 39.643541
 564.666667, 168.670602, 37.664699, 1.744982, 39.433884
 560.000000, 167.002976, 38.082143, 1.757738, 39.866071
Histogram
0 0 0 0 0 0 0 0 1 2 0 0 0 0 0 0 2 1 1 0 0 0 0 0 0 1 0 0 0 0 0 0 0 0 0 0 0 21 19 73 23 0 8 8 0 7 1 0 0 0 0 0 0 0 0 0 0 0 0 0 0 0 0 0 0 0 0 0 0 0 0 0 0 0 0 0 0 0 0 0 0 0 0 0 0 0 0 0 0 0 0 0 0 0 0 0 0 0 0 0 
Cache Miss Ratio
0.0
Average number of keys
1.0
numOfSets
133860
numOfGets
133773
numOfMultiGets
0
