 0, 21
 0.250000, 15.000000, 0.000000, 19.000000, 22.000000
 717.666667, 46.701811, 9.425917, 1.184858, 10.758941
 1043.333333, 49.015335, 5.655272, 0.853355, 6.554313
 1092.000000, 47.814713, 4.902930, 0.770147, 5.722527
 1107.666667, 49.691243, 5.027987, 0.749323, 5.842311
 1083.333333, 46.560308, 4.930769, 0.772923, 5.749846
 950.333333, 44.219923, 6.393897, 0.912662, 7.349351
 965.666667, 45.958578, 5.808768, 0.836728, 6.707974
 1101.000000, 48.930064, 5.255525, 0.762943, 6.058734
 1151.000000, 46.899508, 5.029250, 0.773820, 5.838981
 1008.000000, 45.758598, 6.026455, 0.870040, 6.931548
 1029.666667, 47.307543, 5.774684, 0.853674, 6.663321
 1028.000000, 50.744488, 6.040532, 0.891699, 6.965629
 1088.666667, 46.660135, 5.028169, 0.748316, 5.811084
 1067.000000, 46.413933, 5.573258, 0.776632, 6.389253
 930.000000, 48.245520, 7.000358, 0.950896, 7.991756
 1001.000000, 45.692641, 5.938395, 0.828838, 6.822844
 1001.000000, 48.521479, 5.947719, 0.873460, 6.883783
 962.000000, 45.916147, 6.383229, 0.887041, 7.331947
 948.333333, 47.990510, 5.908260, 0.905448, 6.887522
 1009.333333, 51.041281, 6.443197, 0.891017, 7.389366
 1, 21
 0.250000, 14.000000, 0.000000, 7.000000, 20.000000
 723.666667, 46.141409, 9.200368, 1.193459, 10.538922
 1094.666667, 48.383983, 5.528015, 0.823386, 6.391596
 1105.333333, 48.254825, 4.994873, 0.770205, 5.807901
 1119.666667, 49.413218, 4.975886, 0.768383, 5.786246
 1083.000000, 47.020314, 4.919975, 0.786704, 5.753155
 915.000000, 45.013843, 6.264117, 0.931876, 7.246630
 990.000000, 46.086532, 5.802357, 0.851852, 6.683165
 1089.333333, 49.044676, 5.354957, 0.757344, 6.167075
 1124.000000, 46.663405, 5.055160, 0.795374, 5.880486
 1004.666667, 45.986065, 6.066689, 0.867618, 6.974121
 998.666667, 47.018024, 5.801736, 0.847797, 6.693591
 1020.000000, 50.429739, 6.069935, 0.874510, 7.009804
 1079.666667, 46.146341, 5.016672, 0.749923, 5.811979
 1050.000000, 46.238095, 5.589206, 0.792381, 6.421587
 918.666667, 47.521045, 6.992380, 0.935776, 7.991655
 997.000000, 45.860916, 5.886326, 0.825142, 6.771314
 1069.000000, 48.816651, 5.958528, 0.839102, 6.853446
 954.000000, 45.537736, 6.360587, 0.876310, 7.320405
 971.333333, 48.301990, 6.009609, 0.900824, 6.962938
 1010.666667, 51.193272, 6.481201, 0.888522, 7.416557
 2, 21
 0.250000, 15.000000, 0.000000, 9.000000, 20.000000
 721.666667, 45.626328, 9.199538, 1.197229, 10.522864
 1094.333333, 48.203472, 5.647883, 0.820286, 6.511118
 1109.000000, 47.781184, 4.970544, 0.779080, 5.780283
 1106.666667, 49.536747, 5.012349, 0.770181, 5.828916
 1044.666667, 46.271538, 4.918315, 0.809828, 5.778877
 964.333333, 44.027999, 6.212236, 0.875907, 7.150709
 996.333333, 46.220141, 5.774507, 0.821010, 6.646370
 1084.333333, 49.238242, 5.186597, 0.770673, 5.998463
 1141.666667, 46.856934, 5.034453, 0.774015, 5.850219
 1019.000000, 45.463853, 6.035329, 0.854105, 6.921165
 1015.000000, 46.949097, 5.787521, 0.857471, 6.688342
 1035.000000, 50.837359, 6.023188, 0.885990, 6.949758
 1049.666667, 46.408701, 4.933312, 0.773579, 5.753255
 1048.333333, 46.386010, 5.488076, 0.801590, 6.326868
 926.333333, 47.338251, 6.933069, 0.928751, 7.933069
 1000.000000, 45.549000, 5.854333, 0.833667, 6.750333
 1001.333333, 48.383489, 5.842210, 0.857190, 6.788615
 910.000000, 45.329670, 6.383883, 0.924176, 7.388278
 993.333333, 48.829195, 6.014094, 0.891275, 6.955705
 971.666667, 50.589365, 6.418525, 0.928302, 7.396569
 3, 21
 0.250000, 14.000000, 1.000000, 9.000000, 20.000000
 740.666667, 45.986049, 9.189019, 1.171467, 10.477498
 1082.333333, 49.016631, 5.709270, 0.837696, 6.583308
 1122.000000, 48.739156, 4.974450, 0.755199, 5.776589
 1114.000000, 49.613405, 5.025733, 0.774387, 5.839318
 1069.333333, 46.223192, 4.926122, 0.780237, 5.754988
 983.666667, 44.499492, 6.323280, 0.881396, 7.247035
 981.000000, 45.666327, 5.968739, 0.849813, 6.852871
 1091.333333, 49.203421, 5.246487, 0.766341, 6.053757
 1123.333333, 46.941246, 5.023145, 0.784570, 5.853116
 986.000000, 45.497972, 6.086883, 0.879986, 7.007437
 1001.000000, 47.130203, 5.778555, 0.865468, 6.690976
 1035.666667, 50.719665, 6.111683, 0.879305, 7.036369
 1068.000000, 46.052434, 4.950062, 0.761860, 5.755306
 1023.000000, 46.136201, 5.506680, 0.809384, 6.358097
 937.666667, 47.705652, 7.232137, 0.937433, 8.214717
 1010.333333, 45.623887, 5.871660, 0.826460, 6.749588
 1019.333333, 48.713211, 5.862328, 0.861674, 6.790713
 987.666667, 46.083361, 6.440432, 0.890651, 7.373270
 975.333333, 48.606630, 6.057758, 0.903964, 7.021531
 973.000000, 50.807468, 6.396711, 0.914354, 7.372730
 4, 21
 0.250000, 14.000000, 1.000000, 6.000000, 20.000000
 712.333333, 46.401965, 9.255030, 1.161441, 10.581189
 1127.333333, 48.726198, 5.755174, 0.796570, 6.589296
 1122.666667, 47.902910, 4.969121, 0.769596, 5.775238
 1106.666667, 49.527410, 5.011747, 0.777410, 5.826205
 1088.000000, 46.183824, 4.915441, 0.784620, 5.739583
 985.333333, 44.438769, 6.191137, 0.884980, 7.116373
 978.000000, 45.950239, 5.972052, 0.834015, 6.855828
 1107.000000, 49.249925, 5.328817, 0.772358, 6.132490
 1126.666667, 46.296450, 4.992604, 0.799408, 5.819822
 971.333333, 45.101922, 6.018531, 0.876802, 6.943377
 1009.000000, 47.419227, 5.875454, 0.862240, 6.780641
 1010.000000, 50.523762, 6.114521, 0.870297, 7.057426
 1071.666667, 46.470607, 5.000933, 0.759253, 5.805910
 1019.666667, 45.862046, 5.424649, 0.798627, 6.282118
 919.333333, 47.908992, 7.129079, 0.935823, 8.127629
 1015.666667, 45.387923, 5.898917, 0.818510, 6.765671
 1028.333333, 48.986062, 5.909238, 0.845057, 6.818801
 1010.000000, 46.143234, 6.457096, 0.870297, 7.372277
 992.000000, 48.421035, 6.084341, 0.884745, 7.024866
 993.333333, 51.022483, 6.459396, 0.907047, 7.411409
 5, 21
 0.250000, 19.000000, 1.000000, 8.000000, 20.000000
 724.333333, 45.930051, 9.334100, 1.145421, 10.667280
 1043.333333, 48.734824, 5.626198, 0.877955, 6.538978
 1104.666667, 48.173205, 4.962281, 0.773687, 5.768859
 1083.333333, 49.309231, 4.908615, 0.781231, 5.743692
 1075.666667, 46.800434, 4.879764, 0.789588, 5.720174
 986.000000, 44.312711, 6.205544, 0.882015, 7.126775
 973.333333, 46.139041, 5.943151, 0.848973, 6.831849
 1088.000000, 49.147365, 5.317708, 0.782475, 6.137868
 1134.333333, 46.544226, 5.035851, 0.789891, 5.861005
 997.666667, 45.649850, 6.143000, 0.851654, 7.049783
 988.666667, 47.201618, 5.881659, 0.857047, 6.796359
 1031.333333, 51.048481, 6.122495, 0.886231, 7.055591
 1047.333333, 45.741884, 4.927116, 0.777530, 5.737747
 1062.666667, 46.513488, 5.522585, 0.798934, 6.352886
 959.666667, 47.575200, 7.055228, 0.924279, 8.013894
 989.333333, 45.417790, 5.897574, 0.819070, 6.788410
 1065.333333, 48.930225, 5.958385, 0.836984, 6.851064
 980.333333, 45.947297, 6.454267, 0.882013, 7.389663
 964.333333, 48.246111, 5.870377, 0.897684, 6.836156
 1001.000000, 50.784549, 6.493173, 0.893440, 7.440226
 6, 21
 0.250000, 19.000000, 1.000000, 9.000000, 12.000000
 696.333333, 46.096218, 9.253231, 1.170416, 10.623265
 1084.000000, 48.824723, 5.670357, 0.844403, 6.556581
 1081.666667, 47.815408, 4.936518, 0.793837, 5.764561
 1101.333333, 49.601695, 4.991525, 0.777542, 5.810230
 1085.000000, 46.500154, 4.998464, 0.789555, 5.827650
 926.000000, 44.702664, 6.231102, 0.930526, 7.214183
 971.666667, 45.822985, 5.827101, 0.830189, 6.705317
 1094.666667, 49.174178, 5.309379, 0.757004, 6.113276
 1116.000000, 46.830645, 5.034349, 0.789427, 5.867981
 986.333333, 44.889828, 6.043258, 0.877323, 6.954714
 998.333333, 47.093823, 5.843072, 0.878130, 6.758264
 1039.000000, 51.092076, 6.126724, 0.888354, 7.050369
 1062.333333, 46.347976, 4.936618, 0.778789, 5.753687
 1069.000000, 46.527284, 5.486748, 0.790147, 6.313689
 913.333333, 47.942336, 7.089781, 0.947445, 8.093066
 1010.666667, 45.496042, 5.845976, 0.824538, 6.721636
 1063.666667, 48.709809, 5.920088, 0.851144, 6.809464
 1018.000000, 46.037983, 6.533726, 0.858219, 7.437787
 947.333333, 48.435961, 6.002111, 0.916256, 6.988388
 973.666667, 50.940089, 6.387196, 0.914755, 7.357754
 7, 21
 0.250000, 18.000000, 0.000000, 9.000000, 12.000000
 733.000000, 46.350159, 9.212369, 1.199181, 10.535698
 1102.000000, 48.875681, 5.714156, 0.810647, 6.574108
 1099.000000, 48.291780, 5.013345, 0.763725, 5.829239
 1109.333333, 49.460337, 4.991286, 0.768930, 5.806791
 1064.000000, 46.677632, 4.899436, 0.777569, 5.733083
 1002.333333, 44.408048, 6.378450, 0.857665, 7.281676
 961.333333, 45.446949, 5.735784, 0.861304, 6.628294
 1104.333333, 49.349834, 5.209478, 0.745548, 6.001811
 1125.666667, 46.985490, 5.072253, 0.770802, 5.898134
 985.000000, 45.644332, 5.996616, 0.870051, 6.911337
 1002.333333, 47.220818, 5.800466, 0.855670, 6.702361
 1012.666667, 50.749506, 6.107966, 0.882159, 7.045754
 1064.333333, 46.098027, 4.973066, 0.761666, 5.780770
 1006.333333, 46.434581, 5.459424, 0.794303, 6.314011
 967.000000, 48.027921, 6.968976, 0.902103, 7.916925
 1013.666667, 45.317659, 5.907596, 0.803025, 6.768497
 1068.000000, 48.969725, 5.942572, 0.841760, 6.828340
 1005.333333, 46.306034, 6.372016, 0.880637, 7.298408
 992.000000, 48.107863, 6.061156, 0.897177, 7.001008
 984.333333, 50.722655, 6.395191, 0.907890, 7.347443
Histogram
0 0 0 0 0 41 68 39 4 0 8 0 2 0 0 0 0 0 0 0 5 0 1 0 0 0 0 0 0 0 0 0 0 0 0 0 0 0 0 0 0 0 0 0 0 0 0 0 0 0 0 0 0 0 0 0 0 0 0 0 0 0 0 0 0 0 0 0 0 0 0 0 0 0 0 0 0 0 0 0 0 0 0 0 0 0 0 0 0 0 0 0 0 0 0 0 0 0 0 0 
Cache Miss Ratio
0.0
Average number of keys
1.0
numOfSets
243880
numOfGets
243827
numOfMultiGets
0
