 0, 21
 0.250000, 0.000000, 0.000000, 10.000000, 19.000000
 191.333333, 25.094077, 4.484321, 4.036585, 8.695122
 197.666667, 28.959528, 4.716695, 4.045531, 8.795953
 273.000000, 28.592186, 3.682540, 2.935287, 6.653236
 280.333333, 28.268728, 3.517241, 2.856124, 6.394768
 279.000000, 27.037037, 3.477897, 2.768220, 6.283154
 269.333333, 29.540842, 3.857673, 3.059406, 6.955446
 270.666667, 29.814039, 3.830049, 3.043103, 6.894089
 280.000000, 27.636905, 3.507143, 2.790476, 6.326190
 256.000000, 28.653646, 4.162760, 3.183594, 7.376302
 250.000000, 27.065333, 3.798667, 3.238667, 7.081333
 261.333333, 29.294643, 3.931122, 3.057398, 7.019133
 251.000000, 29.144754, 4.341301, 3.335989, 7.707835
 243.000000, 28.418381, 3.897119, 3.285322, 7.216735
 266.000000, 28.392231, 3.862155, 3.003759, 6.895990
 275.333333, 29.394673, 3.797821, 2.894673, 6.711864
 267.333333, 28.746883, 3.683292, 2.891521, 6.604738
 256.666667, 32.101299, 4.345455, 3.297403, 7.675325
 253.666667, 29.971091, 4.049934, 3.307490, 7.396846
 278.666667, 29.864833, 3.611244, 2.978469, 6.625598
 258.666667, 27.659794, 3.961340, 3.032216, 7.024485
 1, 21
 0.250000, 0.000000, 0.000000, 9.000000, 20.000000
 191.666667, 27.126957, 4.573913, 4.182609, 8.859130
 201.333333, 29.003311, 4.913907, 3.927152, 8.905629
 266.000000, 28.270677, 3.471178, 2.998747, 6.506266
 279.666667, 28.060787, 3.541120, 2.855781, 6.418355
 289.333333, 28.418203, 3.436636, 2.695853, 6.163594
 274.000000, 29.357664, 3.835766, 3.040146, 6.897810
 276.000000, 30.188406, 3.926329, 3.013285, 6.969807
 290.000000, 29.158621, 3.624138, 2.733333, 6.383908
 269.666667, 31.359703, 4.301607, 3.056860, 7.407911
 250.666667, 28.570479, 4.194149, 3.247340, 7.472074
 257.666667, 29.247089, 3.829237, 3.115136, 6.970246
 252.000000, 28.916667, 4.243386, 3.367725, 7.648148
 252.000000, 28.623016, 4.059524, 3.202381, 7.283069
 271.333333, 30.136364, 4.040541, 2.927518, 6.997543
 276.000000, 28.675121, 3.786232, 2.934783, 6.756039
 275.000000, 27.934545, 3.798788, 2.870303, 6.704242
 247.666667, 31.606999, 4.411844, 3.410498, 7.865410
 273.000000, 32.131868, 4.363858, 3.100122, 7.536020
 277.000000, 28.409146, 3.505415, 2.950662, 6.486161
 266.000000, 30.254386, 4.038847, 3.085213, 7.150376
 2, 21
 0.250000, 0.000000, 1.000000, 9.000000, 19.000000
 195.666667, 26.330494, 4.540034, 4.110733, 8.843271
 214.666667, 28.996894, 5.422360, 3.591615, 9.037267
 271.333333, 29.331695, 3.717445, 3.012285, 6.761671
 284.000000, 29.516432, 3.762911, 2.833333, 6.619718
 296.000000, 29.317568, 3.556306, 2.664414, 6.244369
 276.333333, 29.546441, 3.833534, 2.985525, 6.839566
 267.333333, 29.880299, 4.008728, 3.091022, 7.122195
 273.000000, 26.794872, 3.443223, 2.833944, 6.306471
 255.333333, 29.557441, 4.150131, 3.148825, 7.342037
 250.666667, 27.921543, 4.017287, 3.236702, 7.289894
 259.000000, 28.907336, 3.839125, 3.064350, 6.938224
 251.333333, 29.465517, 4.351459, 3.287798, 7.675066
 253.333333, 29.217105, 4.230263, 3.186842, 7.456579
 269.333333, 28.326733, 3.884901, 2.972772, 6.889851
 271.333333, 29.127764, 3.792383, 2.992629, 6.805897
 272.666667, 28.547677, 3.599022, 2.881418, 6.529340
 250.000000, 29.885333, 4.268000, 3.402667, 7.690667
 258.666667, 32.154639, 4.206186, 3.305412, 7.545103
 253.333333, 30.085526, 3.738158, 3.311842, 7.096053
 261.000000, 28.890166, 3.830140, 3.172414, 7.034483
 3, 21
 0.250000, 0.000000, 1.000000, 9.000000, 19.000000
 178.333333, 25.016822, 4.418692, 4.282243, 8.895327
 202.000000, 28.201320, 4.717822, 3.915842, 8.666667
 271.666667, 29.155828, 3.587730, 2.992638, 6.611043
 271.666667, 28.207362, 3.569325, 2.923926, 6.517791
 287.333333, 28.654292, 3.476798, 2.713457, 6.220418
 279.333333, 30.857995, 3.927208, 2.953461, 6.904535
 271.000000, 29.586716, 3.885609, 3.061501, 6.982780
 278.000000, 28.119904, 3.452038, 2.841727, 6.316547
 250.333333, 27.450067, 3.989348, 3.181092, 7.209055
 238.666667, 28.243017, 3.937151, 3.472067, 7.434358
 251.666667, 27.639735, 3.700662, 3.173510, 6.948344
 243.666667, 27.818057, 3.984952, 3.398085, 7.418605
 254.000000, 30.250656, 4.284777, 3.192913, 7.522310
 241.000000, 27.717842, 4.044260, 3.331950, 7.405256
 267.333333, 28.816708, 3.812968, 2.983791, 6.849127
 269.666667, 28.059333, 3.763906, 2.948084, 6.734240
 247.666667, 29.473755, 4.290713, 3.407806, 7.724092
 267.333333, 32.906484, 4.395262, 3.192020, 7.613466
 290.000000, 31.733333, 3.791954, 2.855172, 6.671264
 264.666667, 29.573048, 4.075567, 3.117128, 7.231738
 4, 21
 0.250000, 0.000000, 1.000000, 8.000000, 10.000000
 192.000000, 26.237847, 4.427083, 3.961806, 8.605903
 207.333333, 28.683280, 4.956592, 3.860129, 8.844051
 269.666667, 28.828183, 3.671199, 2.957973, 6.668727
 275.333333, 27.767554, 3.506053, 2.889831, 6.417676
 287.333333, 28.435035, 3.539443, 2.765661, 6.334107
 268.333333, 28.616149, 3.782609, 3.027329, 6.848447
 267.666667, 29.586550, 3.917808, 3.092154, 7.048568
 277.333333, 27.514423, 3.349760, 2.819712, 6.206731
 260.333333, 29.327785, 4.133163, 3.139565, 7.300896
 267.666667, 28.788294, 4.049813, 3.052304, 7.165629
 273.333333, 31.445122, 4.109756, 2.974390, 7.104878
 252.666667, 30.337731, 4.494723, 3.294195, 7.810026
 243.000000, 27.311385, 3.887517, 3.316872, 7.233196
 268.333333, 28.808696, 3.898137, 2.951553, 6.889441
 263.333333, 27.815190, 3.716456, 3.040506, 6.789873
 269.333333, 28.102723, 3.724010, 2.894802, 6.668317
 262.333333, 32.440915, 4.499365, 3.287166, 7.808132
 264.666667, 32.118388, 4.246851, 3.200252, 7.482368
 280.000000, 29.960714, 3.653571, 2.905952, 6.580952
 259.000000, 27.855856, 3.960103, 3.007722, 7.006435
 5, 21
 0.250000, 0.000000, 6.000000, 2.000000, 11.000000
 195.000000, 26.986325, 4.504274, 3.991453, 8.598291
 208.000000, 29.365385, 4.926282, 3.730769, 8.697115
 279.000000, 29.346476, 3.728793, 2.935484, 6.688172
 275.666667, 28.301088, 3.500605, 2.905683, 6.437727
 278.000000, 26.898082, 3.357314, 2.802158, 6.179856
 274.000000, 29.678832, 3.936740, 3.013382, 6.981752
 270.666667, 29.628079, 3.831281, 3.002463, 6.887931
 275.666667, 27.383313, 3.322854, 2.837969, 6.189843
 263.333333, 29.770886, 4.248101, 3.100000, 7.370886
 258.333333, 28.334194, 3.932903, 3.214194, 7.167742
 273.333333, 30.641463, 4.060976, 3.001220, 7.089024
 254.000000, 30.003937, 4.475066, 3.224409, 7.738845
 252.333333, 29.632761, 4.192867, 3.266843, 7.480845
 267.666667, 28.422167, 3.962640, 2.973848, 6.970112
 263.000000, 29.070976, 3.863118, 3.027883, 6.920152
 237.000000, 27.509142, 3.668073, 3.369902, 7.082982
 251.333333, 29.592838, 4.238727, 3.322281, 7.599469
 250.333333, 29.471372, 3.981358, 3.372836, 7.384820
 275.666667, 28.527207, 3.648126, 2.932285, 6.616687
 254.333333, 29.315858, 3.969856, 3.108781, 7.102228
 6, 21
 0.250000, 0.000000, 6.000000, 2.000000, 11.000000
 190.000000, 23.777193, 4.415789, 3.970175, 8.536842
 210.000000, 29.717460, 4.853968, 3.814286, 8.700000
 266.333333, 28.614518, 3.579474, 3.067584, 6.668335
 272.666667, 26.871638, 3.481663, 2.898533, 6.411980
 281.000000, 27.486358, 3.386714, 2.782918, 6.202847
 275.000000, 31.107879, 4.025455, 3.013333, 7.063030
 264.666667, 28.123426, 3.534005, 3.105793, 6.668766
 281.333333, 27.869668, 3.522512, 2.780806, 6.324645
 256.000000, 29.572917, 3.992188, 2.998698, 7.011719
 254.000000, 28.564304, 4.144357, 3.200787, 7.379265
 265.666667, 28.381430, 3.844417, 2.981179, 6.854454
 248.666667, 28.239946, 4.412869, 3.343164, 7.796247
 252.000000, 28.604497, 4.178571, 3.173280, 7.390212
 257.333333, 27.681347, 3.860104, 3.099741, 6.981865
 264.333333, 29.841110, 3.886507, 3.034048, 6.952081
 273.333333, 29.363415, 3.854878, 2.882927, 6.760976
 245.000000, 30.355102, 4.210884, 3.355102, 7.621769
 259.000000, 31.583012, 4.230373, 3.252252, 7.522523
 283.333333, 30.118824, 3.601176, 2.935294, 6.571765
 260.333333, 29.711908, 4.055058, 3.006402, 7.092190
 7, 21
 0.250000, 0.000000, 6.000000, 2.000000, 10.000000
 193.666667, 26.385542, 4.652324, 3.979346, 8.786575
 209.333333, 30.200637, 4.794586, 3.565287, 8.404459
 266.666667, 29.437500, 3.628750, 3.056250, 6.707500
 277.333333, 28.433894, 3.581731, 2.877404, 6.489183
 290.000000, 27.890805, 3.537931, 2.735632, 6.294253
 270.333333, 29.437731, 3.872996, 3.051788, 6.946979
 277.000000, 30.672684, 3.979543, 3.009627, 7.012034
 279.666667, 27.002384, 3.462455, 2.806913, 6.289631
 262.000000, 30.824427, 3.921120, 2.935115, 6.888041
 253.333333, 27.718421, 4.069737, 3.143421, 7.280263
 269.666667, 30.494438, 4.016069, 2.975278, 7.014833
 255.333333, 31.060052, 4.451697, 3.298956, 7.780679
 255.333333, 29.800261, 4.229765, 3.143603, 7.407311
 276.000000, 29.734300, 3.940821, 2.932367, 6.894928
 270.333333, 28.791615, 3.764488, 2.985203, 6.785450
 276.333333, 29.019300, 3.740651, 2.849216, 6.620024
 256.333333, 31.880364, 4.364109, 3.286086, 7.734720
 264.000000, 31.556818, 4.200758, 3.203283, 7.441919
 282.333333, 29.976387, 3.657615, 2.906730, 6.592680
 260.000000, 29.011538, 4.002564, 3.060256, 7.088462
 8, 21
 0.250000, 0.000000, 6.000000, 2.000000, 10.000000
 186.000000, 26.976703, 4.560932, 4.229391, 8.967742
 204.000000, 29.821895, 4.882353, 3.766340, 8.681373
 276.000000, 29.425121, 3.742754, 2.964976, 6.751208
 274.666667, 28.303398, 3.535194, 2.887136, 6.459951
 284.666667, 26.915691, 3.494145, 2.769321, 6.290398
 273.000000, 28.527473, 3.755800, 3.037851, 6.814408
 269.000000, 29.325898, 3.872367, 3.066914, 6.965304
 276.666667, 27.691566, 3.544578, 2.861446, 6.426506
 265.666667, 31.531995, 4.043915, 2.873275, 6.939774
 268.000000, 29.920398, 4.205224, 3.085821, 7.319652
 260.666667, 28.863171, 3.869565, 3.104859, 7.006394
 256.333333, 31.319896, 4.478544, 3.288687, 7.797139
 251.000000, 29.428951, 4.240372, 3.240372, 7.504648
 258.666667, 29.396907, 3.908505, 3.104381, 7.045103
 263.000000, 29.474018, 3.794677, 3.053232, 6.878327
 272.333333, 28.938800, 3.767442, 2.892289, 6.680539
 254.666667, 30.501309, 4.410995, 3.350785, 7.803665
 268.000000, 32.211443, 4.328358, 3.133085, 7.533582
 271.666667, 28.858896, 3.564417, 2.970552, 6.586503
 265.000000, 28.012579, 3.963522, 3.093082, 7.079245
 9, 21
 0.250000, 0.000000, 6.000000, 3.000000, 11.000000
 187.000000, 24.565062, 4.388592, 4.090909, 8.652406
 224.000000, 31.136905, 5.556548, 3.410714, 8.992560
 280.666667, 30.036817, 3.795724, 2.927553, 6.755344
 277.666667, 28.478992, 3.619448, 2.825930, 6.480192
 280.666667, 29.217340, 3.536817, 2.887173, 6.445368
 269.000000, 30.674102, 3.961586, 3.068154, 7.052045
 275.333333, 29.916465, 3.832930, 2.995157, 6.860775
 280.666667, 27.345606, 3.480998, 2.774347, 6.283848
 259.000000, 29.965251, 4.243243, 3.153153, 7.419562
 264.000000, 29.640152, 4.073232, 3.181818, 7.277778
 263.666667, 29.745891, 3.903919, 3.073325, 7.006321
 259.666667, 30.858793, 4.467266, 3.274711, 7.770218
 250.666667, 29.414894, 4.103723, 3.222074, 7.345745
 265.333333, 28.870603, 3.880653, 3.003769, 6.914573
 269.666667, 28.119901, 3.765142, 2.996292, 6.788628
 283.666667, 29.728555, 3.826087, 2.808461, 6.668625
 250.000000, 29.336000, 4.153333, 3.357333, 7.553333
 262.333333, 31.501906, 4.198221, 3.232529, 7.461245
 281.333333, 29.437204, 3.742891, 2.889810, 6.670616
 263.333333, 28.272152, 3.921519, 3.135443, 7.087342
 10, 21
 0.200000, 2.000000, 0.000000, 1.000000, 95.000000
 202.333333, 26.070840, 4.523888, 3.975288, 8.598023
 208.000000, 28.652244, 5.177885, 3.692308, 8.916667
 275.333333, 29.736077, 3.711864, 2.969734, 6.727603
 283.333333, 29.198824, 3.664706, 2.828235, 6.514118
 284.333333, 27.640094, 3.392732, 2.777257, 6.200469
 270.666667, 30.729064, 4.082512, 3.084975, 7.190887
 281.666667, 30.482840, 3.848521, 2.947929, 6.821302
 295.000000, 29.944633, 3.671186, 2.724294, 6.419209
 257.333333, 29.195596, 3.866580, 2.902850, 6.812176
 262.000000, 29.417303, 4.000000, 3.137405, 7.176845
 264.000000, 28.388889, 3.829545, 2.991162, 6.839646
 235.333333, 27.094901, 3.974504, 3.515581, 7.533994
 241.333333, 27.466851, 4.060773, 3.372928, 7.454420
 267.333333, 27.933915, 3.864090, 2.973815, 6.877805
 261.333333, 27.913265, 3.725765, 3.043367, 6.790816
 267.666667, 28.542964, 3.833126, 2.985056, 6.849315
 260.666667, 31.332481, 4.488491, 3.244246, 7.755754
 259.000000, 31.091377, 4.079794, 3.222651, 7.326898
 288.666667, 31.674365, 3.787529, 2.887991, 6.713626
 262.000000, 29.720102, 4.002545, 3.052163, 7.090331
 11, 21
 0.200000, 0.000000, 0.000000, 6.000000, 132.000000
 168.666667, 23.978261, 4.622530, 4.669960, 9.349802
 195.666667, 29.596252, 4.534923, 4.054514, 8.628620
 259.000000, 27.751609, 3.436293, 3.036036, 6.525097
 273.000000, 27.488400, 3.529915, 2.888889, 6.440781
 287.000000, 27.040650, 3.414634, 2.701510, 6.147503
 276.000000, 31.150966, 4.043478, 3.057971, 7.123188
 280.333333, 30.513674, 3.914388, 2.956005, 6.892985
 285.333333, 28.102804, 3.553738, 2.772196, 6.356308
 250.666667, 27.892287, 3.591755, 2.946809, 6.570479
 263.333333, 28.954430, 4.146835, 3.137975, 7.315190
 255.666667, 28.200782, 3.790091, 3.037810, 6.847458
 254.333333, 31.491481, 4.504587, 3.385321, 7.913499
 243.000000, 27.205761, 3.860082, 3.270233, 7.150892
 257.000000, 29.066148, 4.047990, 3.171206, 7.242542
 263.666667, 28.174463, 3.686473, 2.993679, 6.716814
 274.333333, 28.850547, 3.905225, 2.901580, 6.834751
 256.333333, 30.823147, 4.236671, 3.327698, 7.590377
 264.333333, 30.456494, 4.209332, 3.174023, 7.414880
 279.666667, 29.678188, 3.758045, 2.961859, 6.742551
 246.333333, 25.625169, 3.466847, 3.147497, 6.645467
 12, 21
 0.250000, 0.000000, 0.000000, 2.000000, 15.000000
 195.000000, 26.275214, 4.625641, 4.035897, 8.784615
 208.000000, 29.001603, 4.402244, 3.637821, 8.171474
 274.000000, 30.272506, 3.690998, 3.001217, 6.721411
 285.666667, 29.868145, 3.676779, 2.801634, 6.501750
 286.333333, 27.155995, 3.332945, 2.733411, 6.089639
 269.666667, 28.813350, 3.872682, 3.080346, 6.975278
 264.666667, 28.453401, 3.795970, 3.083123, 6.921914
 267.333333, 25.375312, 3.175810, 2.875312, 6.079800
 256.666667, 29.145455, 3.905195, 2.940260, 6.893506
 254.333333, 29.369594, 4.200524, 3.242464, 7.463958
 263.333333, 29.515190, 3.889873, 3.035443, 6.946835
 250.000000, 28.822667, 4.324000, 3.306667, 7.672000
 241.000000, 26.637621, 3.840941, 3.320885, 7.199170
 257.666667, 26.979301, 3.738680, 3.049159, 6.825356
 265.333333, 30.459799, 3.842965, 3.126884, 7.008794
 272.666667, 28.226161, 3.733496, 2.883863, 6.662592
 252.666667, 30.372032, 4.270449, 3.358839, 7.671504
 268.333333, 32.406211, 4.347826, 3.159006, 7.529193
 282.333333, 30.465171, 3.808737, 2.920897, 6.752066
 264.000000, 28.750000, 3.969697, 2.976010, 6.979798
 13, 21
 0.200000, 0.000000, 0.000000, 2.000000, 117.000000
 185.000000, 26.684685, 4.459459, 4.306306, 8.864865
 209.333333, 29.340764, 4.617834, 3.633758, 8.358280
 277.333333, 29.503606, 3.868990, 2.959135, 6.864183
 285.666667, 28.924154, 3.609102, 2.786464, 6.418903
 286.000000, 28.402098, 3.489510, 2.729604, 6.254079
 267.000000, 28.600499, 3.818976, 3.121099, 6.962547
 270.333333, 28.843403, 3.773120, 3.038224, 6.833539
 280.333333, 29.184304, 3.556480, 2.807372, 6.385256
 256.000000, 28.294271, 4.122396, 3.170573, 7.312500
 264.333333, 30.509458, 4.240858, 3.147541, 7.418663
 260.666667, 28.719949, 3.846547, 3.006394, 6.893862
 242.666667, 31.108516, 4.572802, 3.476648, 8.083791
 258.333333, 29.761290, 4.214194, 3.149677, 7.387097
 268.000000, 28.930348, 3.987562, 3.018657, 7.034826
 271.333333, 28.755528, 3.683047, 2.950860, 6.656020
 263.666667, 26.892541, 3.614412, 3.003793, 6.638432
 242.333333, 28.035763, 4.050894, 3.433287, 7.529574
 255.000000, 30.104575, 4.185621, 3.247059, 7.479739
 269.666667, 29.451174, 3.697157, 3.101360, 6.822002
 257.000000, 28.840467, 3.856031, 2.990921, 6.872892
 14, 21
 0.200000, 7.000000, 0.000000, 7.000000, 115.000000
 197.000000, 27.505922, 4.521151, 4.140440, 8.758037
 216.666667, 30.061538, 4.703077, 3.552308, 8.321538
 271.666667, 29.457669, 3.736196, 2.996319, 6.758282
 267.333333, 26.490025, 3.438903, 2.961347, 6.441397
 282.666667, 27.564858, 3.408019, 2.766509, 6.200472
 258.000000, 27.693798, 3.749354, 3.198966, 6.979328
 268.666667, 28.384615, 3.755583, 3.026055, 6.801489
 275.333333, 28.485472, 3.483051, 2.880145, 6.384988
 259.666667, 30.703466, 4.367137, 3.161746, 7.562259
 258.000000, 30.107235, 4.201550, 3.224806, 7.457364
 270.000000, 30.976543, 3.954321, 3.025926, 7.009877
 250.000000, 30.908000, 4.488000, 3.392000, 7.902667
 245.666667, 28.283582, 3.921303, 3.226594, 7.192673
 262.333333, 27.592122, 3.900889, 3.039390, 6.960610
 260.333333, 26.422535, 3.555698, 2.967990, 6.586428
 265.333333, 27.829146, 3.537688, 2.978643, 6.536432
 259.666667, 32.082157, 4.448010, 3.311938, 7.780488
 267.333333, 32.584788, 4.285536, 3.177057, 7.500000
 267.333333, 28.199501, 3.574813, 3.012469, 6.615960
 266.666667, 29.927500, 3.877500, 3.003750, 6.905000
 15, 21
 0.200000, 12.000000, 0.000000, 1.000000, 108.000000
 194.333333, 27.869640, 4.469983, 4.272727, 8.802744
 209.000000, 28.478469, 4.763955, 3.886762, 8.679426
 271.666667, 29.904294, 3.720245, 2.979141, 6.747239
 270.333333, 27.482121, 3.512947, 2.934649, 6.475956
 288.000000, 28.231481, 3.435185, 2.745370, 6.201389
 277.000000, 29.939832, 3.974729, 2.995187, 6.992780
 278.333333, 30.538922, 3.852695, 2.943713, 6.829940
 281.000000, 27.622776, 3.466192, 2.799526, 6.294187
 265.333333, 31.292714, 4.288945, 3.114322, 7.427136
 270.666667, 29.684729, 4.219212, 3.080049, 7.321429
 266.666667, 30.173750, 3.925000, 2.971250, 6.933750
 250.666667, 29.779255, 4.549202, 3.372340, 7.941489
 240.666667, 28.519391, 4.279778, 3.335180, 7.646814
 274.333333, 29.211422, 3.948967, 2.934386, 6.914945
 259.666667, 28.145058, 3.716303, 3.056483, 6.794608
 270.333333, 28.705302, 3.664612, 2.963009, 6.665845
 243.666667, 29.236662, 4.090287, 3.415869, 7.558140
 264.666667, 30.880353, 4.312343, 3.114610, 7.482368
 287.333333, 32.156613, 3.823666, 2.908353, 6.759861
 260.333333, 27.272727, 3.895006, 3.034571, 6.962868
 16, 21
 0.200000, 12.000000, 0.000000, 2.000000, 107.000000
 205.666667, 25.904376, 4.384117, 3.949757, 8.374392
 218.666667, 28.812500, 5.216463, 3.647866, 8.894817
 276.000000, 29.496377, 3.735507, 2.996377, 6.754831
 280.333333, 27.906064, 3.444709, 2.806183, 6.281807
 284.000000, 27.265258, 3.361502, 2.752347, 6.152582
 265.666667, 30.629862, 3.988708, 3.121706, 7.132999
 272.333333, 30.413709, 3.812729, 2.988984, 6.832313
 282.666667, 28.647406, 3.416274, 2.798349, 6.235849
 263.666667, 29.893805, 4.305942, 3.083439, 7.428571
 259.333333, 29.669666, 4.178663, 3.195373, 7.395887
 276.333333, 30.296743, 3.952955, 2.890229, 6.866104
 244.666667, 30.998638, 4.587193, 3.420981, 8.040872
 244.000000, 27.662568, 3.896175, 3.239071, 7.187158
 275.666667, 29.941959, 4.018138, 2.912938, 6.951632
 278.000000, 30.064748, 3.906475, 2.930456, 6.856115
 263.666667, 28.728192, 3.560051, 3.067004, 6.647282
 249.000000, 31.228916, 4.337349, 3.374833, 7.745649
 269.000000, 31.506815, 4.185874, 3.117720, 7.368030
 280.333333, 29.656361, 3.661118, 2.948870, 6.639715
 257.333333, 27.165803, 3.772021, 3.080311, 6.879534
 17, 21
 0.250000, 0.000000, 0.000000, 1.000000, 14.000000
 186.000000, 26.301075, 4.555556, 4.189964, 8.955197
 212.000000, 29.831761, 5.205975, 3.529874, 8.770440
 279.666667, 30.002384, 3.753278, 2.912992, 6.711561
 270.333333, 27.236745, 3.464858, 2.876695, 6.367448
 288.666667, 27.886836, 3.451501, 2.735566, 6.210162
 267.666667, 29.159402, 3.806974, 3.063512, 6.899128
 266.666667, 29.567500, 4.006250, 3.078750, 7.136250
 281.333333, 27.990521, 3.553318, 2.752370, 6.341232
 255.000000, 28.802614, 3.839216, 3.197386, 7.066667
 258.333333, 28.309677, 4.054194, 3.122581, 7.224516
 266.333333, 29.624531, 3.867334, 2.951189, 6.861076
 248.666667, 29.371314, 4.348525, 3.369973, 7.749330
 248.333333, 28.229530, 3.810738, 3.213423, 7.044295
 270.666667, 29.172414, 3.970443, 2.971675, 6.981527
 275.000000, 29.989091, 3.892121, 2.927273, 6.854545
 274.000000, 28.519465, 3.738443, 2.913625, 6.690998
 264.666667, 32.051637, 4.434509, 3.200252, 7.661209
 265.666667, 32.317440, 4.312422, 3.190715, 7.545797
 278.666667, 29.403110, 3.696172, 2.940191, 6.680622
 255.000000, 28.431373, 3.836601, 3.190850, 7.052288
 18, 21
 0.200000, 1.000000, 0.000000, 9.000000, 115.000000
 202.666667, 26.440789, 4.230263, 4.006579, 8.333882
 211.000000, 29.028436, 4.808847, 3.892575, 8.740916
 273.333333, 29.917073, 3.767073, 2.989024, 6.789024
 274.666667, 28.334951, 3.500000, 2.854369, 6.375000
 275.000000, 26.472727, 3.351515, 2.820606, 6.192727
 273.666667, 30.973203, 3.919610, 3.051157, 7.007308
 272.000000, 28.511029, 3.710784, 3.018382, 6.752451
 278.333333, 28.007186, 3.562874, 2.846707, 6.432335
 254.333333, 30.326343, 3.865007, 2.972477, 6.879423
 246.666667, 27.674324, 3.912162, 3.301351, 7.255405
 268.333333, 28.737888, 3.752795, 2.936646, 6.742857
 250.000000, 30.886667, 4.473333, 3.410667, 7.905333
 253.000000, 29.042161, 4.067194, 3.173913, 7.263505
 271.000000, 28.955720, 3.923739, 2.945879, 6.907749
 262.000000, 28.078880, 3.858779, 3.094148, 6.988550
 271.000000, 29.771218, 3.838868, 2.913899, 6.789668
 240.000000, 31.109722, 4.386111, 3.540278, 7.947222
 268.333333, 32.775155, 4.346584, 3.140373, 7.518012
 290.666667, 32.308486, 3.880734, 2.891055, 6.798165
 254.666667, 27.719895, 3.900524, 3.009162, 6.939791
 19, 21
 0.200000, 5.000000, 0.000000, 7.000000, 115.000000
 196.333333, 26.913413, 4.516129, 4.244482, 8.809847
 218.333333, 30.149618, 4.958779, 3.485496, 8.465649
 270.000000, 29.969136, 3.787654, 3.051852, 6.880247
 284.000000, 29.146714, 3.690141, 2.782864, 6.496479
 282.000000, 27.485816, 3.412530, 2.778960, 6.219858
 271.333333, 29.108108, 3.889435, 3.038084, 6.958231
 272.666667, 29.418093, 3.843521, 3.031785, 6.897311
 275.000000, 28.061818, 3.427879, 2.836364, 6.316364
 247.333333, 28.195418, 3.642857, 2.982480, 6.661725
 237.333333, 27.405899, 4.043539, 3.507022, 7.580056
 261.000000, 28.519796, 3.799489, 3.016603, 6.846743
 235.000000, 27.531915, 4.083688, 3.529078, 7.680851
 249.333333, 29.351604, 4.117647, 3.221925, 7.370321
 269.333333, 27.608911, 3.797030, 2.951733, 6.779703
 257.333333, 29.115285, 3.632124, 3.134715, 6.794041
 257.333333, 27.392487, 3.615285, 2.996114, 6.652850
 248.666667, 29.147453, 4.123324, 3.373995, 7.579088
 256.666667, 30.615584, 4.285714, 3.261039, 7.584416
 272.666667, 29.151589, 3.667482, 3.039120, 6.727384
 258.333333, 29.015484, 4.051613, 2.945806, 7.021935
 20, 21
 0.250000, 5.000000, 0.000000, 8.000000, 114.000000
 203.000000, 25.510673, 4.269294, 3.996716, 8.320197
 216.333333, 28.750385, 4.878274, 3.519260, 8.419106
 274.333333, 30.243013, 3.860267, 2.996355, 6.884569
 282.333333, 29.558442, 3.741440, 2.855962, 6.628099
 283.666667, 28.907168, 3.478261, 2.782609, 6.285546
 269.333333, 28.207921, 3.852723, 3.027228, 6.900990
 268.666667, 28.475186, 3.682382, 3.013648, 6.725806
 276.000000, 26.968599, 3.469807, 2.816425, 6.309179
 258.666667, 29.015464, 3.894330, 2.947165, 6.863402
 265.666667, 30.087829, 4.223338, 3.084065, 7.332497
 264.333333, 28.832282, 3.844893, 3.027743, 6.902900
 239.666667, 27.189152, 4.090403, 3.458971, 7.582754
 253.666667, 30.409987, 4.153745, 3.211564, 7.387648
 267.666667, 28.884184, 4.009963, 2.972603, 7.012453
 262.000000, 27.279898, 3.594148, 2.986005, 6.618321
 260.333333, 27.619718, 3.455826, 2.969270, 6.475032
 251.333333, 30.599469, 4.242706, 3.331565, 7.615385
 243.333333, 28.760274, 3.946575, 3.343836, 7.371233
 272.000000, 29.080882, 3.495098, 2.976716, 6.504902
 258.333333, 27.988387, 3.883871, 3.030968, 6.936774
 21, 21
 0.250000, 8.000000, 0.000000, 7.000000, 114.000000
 203.666667, 28.242226, 4.610475, 3.977087, 8.682488
 216.333333, 29.166410, 4.756549, 3.604006, 8.402157
 268.000000, 28.179104, 3.667910, 3.028607, 6.717662
 284.666667, 29.370023, 3.645199, 2.809133, 6.476581
 291.666667, 27.526857, 3.528000, 2.694857, 6.243429
 264.000000, 29.574495, 3.933081, 3.106061, 7.059343
 275.333333, 29.164649, 3.842615, 3.007264, 6.870460
 284.666667, 28.703747, 3.481265, 2.722482, 6.235363
 255.333333, 31.251958, 3.966057, 2.950392, 6.950392
 253.666667, 30.144547, 4.162943, 3.241787, 7.449409
 270.333333, 29.170160, 3.959309, 2.986436, 6.975339
 251.000000, 29.978752, 4.448871, 3.347942, 7.818061
 248.666667, 28.415550, 4.238606, 3.218499, 7.478552
 267.666667, 28.458281, 3.825654, 3.017435, 6.877958
 256.000000, 27.406250, 3.716146, 3.095052, 6.839844
 274.333333, 30.166464, 3.865128, 2.921021, 6.816525
 240.000000, 31.176389, 4.386111, 3.570833, 7.988889
 251.333333, 29.238727, 4.026525, 3.261273, 7.372679
 273.333333, 30.100000, 3.687805, 3.012195, 6.730488
 252.666667, 27.872032, 4.032982, 3.121372, 7.197889
 22, 21
 0.250000, 2.000000, 0.000000, 13.000000, 14.000000
 186.333333, 25.148479, 4.459750, 4.336315, 8.930233
 210.666667, 28.881329, 4.794304, 3.664557, 8.481013
 278.000000, 29.714628, 3.788969, 2.937650, 6.747002
 272.333333, 26.866585, 3.529988, 2.908201, 6.470012
 276.000000, 26.293478, 3.352657, 2.815217, 6.189614
 270.333333, 29.683107, 3.760789, 3.066584, 6.849568
 270.000000, 28.309877, 3.723457, 3.049383, 6.796296
 275.333333, 27.077482, 3.378935, 2.859564, 6.263923
 249.000000, 29.402945, 4.010710, 3.279786, 7.322624
 260.333333, 28.632522, 4.065301, 3.163892, 7.252241
 268.000000, 30.478856, 3.891791, 2.996269, 6.922886
 247.333333, 28.502695, 4.196765, 3.385445, 7.611860
 251.333333, 27.924403, 4.099469, 3.206897, 7.334218
 259.666667, 27.961489, 3.956354, 3.048780, 7.047497
 277.000000, 29.469314, 3.837545, 2.932611, 6.793020
 277.666667, 29.073229, 3.738295, 2.877551, 6.636255
 247.000000, 29.159244, 4.126856, 3.342780, 7.560054
 247.666667, 28.794078, 3.991925, 3.318977, 7.384926
 287.000000, 31.599303, 3.738676, 2.912892, 6.686411
 258.000000, 27.785530, 3.954780, 3.010336, 7.010336
 23, 21
 0.250000, 0.000000, 0.000000, 13.000000, 13.000000
 193.000000, 25.946459, 4.412781, 4.024180, 8.654577
 214.666667, 28.847826, 5.336957, 3.560559, 8.984472
 276.000000, 28.902174, 3.719807, 2.922705, 6.664251
 279.000000, 29.119474, 3.573477, 2.847073, 6.449223
 282.333333, 26.864227, 3.378985, 2.743802, 6.144038
 267.666667, 28.465753, 3.752179, 3.072229, 6.864259
 270.333333, 29.467324, 3.745993, 3.040691, 6.826141
 271.333333, 27.019656, 3.276413, 2.868550, 6.174447
 262.666667, 30.323604, 4.007614, 2.963198, 6.993655
 236.333333, 28.479549, 4.166432, 3.456982, 7.655853
 265.333333, 29.206030, 3.819095, 3.000000, 6.853015
 259.000000, 31.378378, 4.603604, 3.266409, 7.900901
 249.666667, 28.698264, 4.192256, 3.246996, 7.464619
 268.333333, 28.932919, 3.944099, 2.972671, 6.956522
 260.333333, 27.172855, 3.677337, 3.043534, 6.751601
 269.000000, 27.889715, 3.662949, 2.946716, 6.630731
 253.666667, 30.044678, 4.327201, 3.306176, 7.654402
 259.333333, 31.296915, 4.204370, 3.255784, 7.494859
 279.000000, 30.501792, 3.672640, 2.937873, 6.670251
 255.000000, 26.924183, 3.732026, 3.109804, 6.861438
 24, 21
 0.250000, 0.000000, 0.000000, 12.000000, 13.000000
 199.666667, 25.958264, 4.287145, 3.958264, 8.368948
 206.666667, 27.920968, 4.703226, 3.691935, 8.461290
 273.666667, 29.934227, 3.721072, 2.937881, 6.686967
 282.666667, 29.060142, 3.635613, 2.841981, 6.498821
 288.000000, 28.026620, 3.399306, 2.729167, 6.151620
 269.666667, 30.258344, 3.849197, 3.049444, 6.932015
 270.333333, 30.493218, 3.951911, 3.054254, 7.036991
 276.333333, 26.925211, 3.338963, 2.821472, 6.188179
 263.666667, 31.195954, 4.271808, 3.130215, 7.422250
 262.000000, 28.512723, 4.104326, 3.110687, 7.241730
 264.666667, 29.153652, 3.817380, 3.032746, 6.874055
 256.666667, 31.435065, 4.524675, 3.300000, 7.868831
 248.000000, 28.797043, 4.087366, 3.233871, 7.344086
 260.000000, 27.532051, 3.934615, 3.067949, 7.030769
 265.666667, 28.744040, 3.917189, 3.035132, 6.986198
 274.666667, 29.442961, 3.831311, 2.900485, 6.764563
 249.000000, 30.014726, 4.266399, 3.400268, 7.690763
 257.666667, 30.632600, 4.192755, 3.265201, 7.487710
 287.666667, 31.368482, 3.724218, 2.904983, 6.651217
 263.000000, 28.784537, 4.043093, 3.024081, 7.096324
 25, 21
 0.250000, 0.000000, 0.000000, 12.000000, 13.000000
 195.666667, 26.185690, 4.563884, 4.085179, 8.725724
 194.000000, 28.838488, 4.671821, 3.890034, 8.632302
 277.666667, 28.211285, 3.684274, 2.903962, 6.609844
 279.000000, 28.327360, 3.573477, 2.831541, 6.436081
 283.000000, 27.473498, 3.393404, 2.745583, 6.169611
 264.333333, 27.345523, 3.655738, 3.052963, 6.732661
 263.333333, 28.493671, 3.670886, 3.083544, 6.774684
 278.333333, 27.314970, 3.277844, 2.817964, 6.119760
 259.333333, 30.057841, 4.176093, 3.173522, 7.380463
 258.000000, 28.304910, 4.021964, 3.139535, 7.198966
 266.666667, 29.095000, 3.946250, 2.988750, 6.965000
 247.000000, 29.499325, 4.469636, 3.408907, 7.902834
 253.666667, 30.118265, 4.257556, 3.176084, 7.458607
 260.000000, 27.467949, 3.766667, 3.055128, 6.855128
 264.000000, 26.484848, 3.646465, 2.944444, 6.679293
 274.333333, 28.348724, 3.739976, 2.948967, 6.716889
 259.000000, 32.642214, 4.440154, 3.314028, 7.774775
 260.333333, 30.299616, 4.019206, 3.211268, 7.261204
 283.000000, 31.208481, 3.828033, 2.893993, 6.773852
 270.333333, 29.979038, 4.044390, 3.013564, 7.081381
 26, 21
 0.250000, 0.000000, 0.000000, 23.000000, 24.000000
 202.000000, 26.400990, 4.533003, 3.973597, 8.622112
 213.666667, 29.173167, 5.088924, 3.475819, 8.614665
 271.000000, 29.046740, 3.720787, 3.018450, 6.788438
 280.333333, 29.209275, 3.651605, 2.837099, 6.508918
 278.000000, 26.091127, 3.213429, 2.778177, 6.021583
 259.333333, 27.498715, 3.615681, 3.174807, 6.817481
 276.333333, 29.650181, 3.744270, 3.006031, 6.772014
 288.333333, 28.516763, 3.610405, 2.743353, 6.378035
 261.666667, 31.267516, 4.277707, 3.146497, 7.445860
 256.666667, 29.535065, 4.196104, 3.222078, 7.442857
 262.666667, 29.149746, 3.880711, 3.019036, 6.939086
 251.333333, 29.380637, 4.303714, 3.277188, 7.629973
 245.000000, 28.103401, 3.820408, 3.278912, 7.134694
 263.333333, 27.993671, 3.936709, 2.963291, 6.940506
 271.000000, 28.159902, 3.782288, 2.952030, 6.762608
 277.000000, 29.009627, 3.687124, 2.880866, 6.596871
 252.666667, 30.225594, 4.216359, 3.299472, 7.536939
 253.000000, 30.421607, 4.109354, 3.266140, 7.422925
 284.666667, 30.482436, 3.765808, 2.889930, 6.685012
 265.666667, 29.264743, 4.047679, 2.947302, 7.033877
 27, 21
 0.250000, 0.000000, 0.000000, 2.000000, 101.000000
 201.000000, 26.402985, 4.409619, 4.106136, 8.588723
 207.666667, 28.362761, 4.661316, 3.680578, 8.425361
 272.333333, 28.940024, 3.764994, 2.960832, 6.762546
 271.666667, 28.438037, 3.519018, 2.926380, 6.479755
 279.000000, 26.366786, 3.253286, 2.776583, 6.059737
 276.333333, 30.915561, 3.938480, 3.001206, 6.960193
 269.333333, 29.944307, 3.681931, 3.074257, 6.795792
 285.666667, 28.933489, 3.543757, 2.757293, 6.323221
 249.666667, 28.965287, 3.989319, 3.060080, 7.078772
 263.000000, 29.837769, 4.134347, 3.134347, 7.315589
 269.333333, 29.413366, 3.960396, 2.964109, 6.956683
 256.333333, 30.734720, 4.452536, 3.266580, 7.739922
 241.000000, 27.159059, 3.975104, 3.333333, 7.352697
 271.333333, 28.257985, 3.701474, 2.979115, 6.714988
 258.000000, 28.611111, 3.749354, 3.148579, 6.927649
 262.666667, 27.474619, 3.690355, 2.986041, 6.724619
 256.000000, 31.333333, 4.359375, 3.313802, 7.694010
 268.000000, 32.207711, 4.304726, 3.131841, 7.468905
 266.666667, 29.047500, 3.491250, 3.070000, 6.591250
 229.000000, 26.729258, 3.732169, 3.441048, 7.197962
 28, 21
 0.250000, 0.000000, 0.000000, 23.000000, 23.000000
 197.333333, 25.976351, 4.415541, 4.020270, 8.525338
 212.000000, 29.625786, 4.828616, 3.709119, 8.561321
 281.666667, 29.172781, 3.749112, 2.928994, 6.699408
 274.333333, 28.075334, 3.560146, 2.882139, 6.477521
 286.333333, 27.476135, 3.414435, 2.745052, 6.195576
 267.666667, 29.653798, 3.845579, 3.117061, 6.982565
 276.333333, 29.554885, 3.907117, 2.975875, 6.905911
 287.666667, 28.186559, 3.546929, 2.783314, 6.351101
 250.333333, 29.075899, 3.890812, 3.023968, 6.949401
 254.000000, 28.111549, 4.122047, 3.234908, 7.379265
 272.333333, 30.933905, 4.061200, 2.979192, 7.062424
 240.333333, 29.153953, 4.289875, 3.497920, 7.819695
 250.000000, 28.704000, 4.218667, 3.174667, 7.438667
 256.666667, 27.514286, 3.880519, 3.067532, 6.975325
 268.666667, 28.933002, 3.839950, 2.990074, 6.866005
 274.666667, 28.570388, 3.797330, 2.876214, 6.705097
 254.000000, 30.230971, 4.233596, 3.307087, 7.580052
 262.666667, 31.228426, 4.154822, 3.173858, 7.365482
 275.000000, 28.943030, 3.718788, 2.964848, 6.711515
 259.333333, 27.982005, 3.929306, 3.052699, 7.002571
 29, 21
 0.250000, 8.000000, 0.000000, 10.000000, 12.000000
 179.333333, 24.457249, 4.325279, 4.347584, 8.793680
 201.333333, 29.541391, 4.783113, 3.796358, 8.701987
 271.333333, 29.616708, 3.687961, 3.018428, 6.735872
 289.333333, 29.346774, 3.682028, 2.756912, 6.483871
 279.000000, 25.979689, 3.318996, 2.774194, 6.127838
 273.333333, 31.129268, 4.076829, 3.081707, 7.180488
 278.000000, 30.773381, 3.848921, 2.968825, 6.848921
 279.333333, 28.313842, 3.478520, 2.843675, 6.361575
 250.000000, 27.912000, 4.122667, 3.196000, 7.360000
 250.000000, 28.030667, 4.040000, 3.297333, 7.368000
 256.666667, 27.616883, 3.671429, 3.063636, 6.755844
 254.666667, 30.395288, 4.358639, 3.281414, 7.684555
 260.666667, 30.693095, 4.292839, 3.152174, 7.474425
 269.666667, 28.694685, 3.939431, 2.998764, 6.957973
 278.666667, 30.072967, 3.894737, 2.909091, 6.825359
 271.666667, 28.471166, 3.813497, 2.874847, 6.719018
 253.333333, 30.331579, 4.243421, 3.335526, 7.609211
 268.666667, 32.279156, 4.353598, 3.130273, 7.524814
 275.000000, 29.453333, 3.602424, 3.032727, 6.658182
 240.666667, 26.508310, 3.869806, 3.288089, 7.189751
 30, 21
 0.250000, 0.000000, 0.000000, 21.000000, 23.000000
 193.000000, 26.540587, 4.442142, 4.241796, 8.766839
 203.333333, 27.924590, 4.477049, 3.752459, 8.309836
 260.333333, 27.984635, 3.521127, 3.070423, 6.633803
 282.666667, 29.062500, 3.673349, 2.816038, 6.511792
 277.333333, 26.731971, 3.311298, 2.782452, 6.135817
 269.333333, 28.983911, 3.775990, 3.027228, 6.823020
 278.000000, 30.838129, 4.026379, 3.001199, 7.050360
 279.333333, 27.729117, 3.431981, 2.789976, 6.251790
 251.666667, 29.723179, 3.754967, 2.972185, 6.772185
 265.333333, 28.690955, 4.167085, 3.079146, 7.275126
 273.333333, 31.131707, 4.097561, 2.975610, 7.095122
 245.666667, 28.440977, 4.350068, 3.348711, 7.739484
 247.666667, 29.065949, 4.172275, 3.302826, 7.506057
 260.666667, 27.228900, 3.700767, 3.035806, 6.803069
 260.000000, 29.635897, 3.892308, 3.146154, 7.062821
 268.000000, 28.130597, 3.608209, 2.949005, 6.595771
 251.000000, 28.596282, 4.292165, 3.369190, 7.681275
 261.000000, 31.123883, 4.178799, 3.215837, 7.426564
 276.666667, 29.744578, 3.667470, 2.995181, 6.691566
 255.666667, 27.705346, 3.838331, 3.013038, 7.000000
 31, 21
 0.250000, 11.000000, 0.000000, 11.000000, 11.000000
 186.666667, 25.462500, 4.223214, 4.205357, 8.569643
 215.666667, 28.814529, 4.851623, 3.533230, 8.435858
 265.000000, 28.508176, 3.690566, 3.071698, 6.786164
 283.666667, 29.287897, 3.521739, 2.807286, 6.360752
 274.000000, 26.774939, 3.383212, 2.835766, 6.262774
 273.333333, 30.314634, 4.007317, 3.010976, 7.041463
 268.000000, 29.664179, 3.772388, 3.084577, 6.905473
 283.666667, 28.306698, 3.539365, 2.769683, 6.336075
 255.333333, 29.520888, 3.919060, 3.032637, 6.977807
 256.333333, 27.425228, 3.924577, 3.230169, 7.189857
 258.333333, 29.178065, 3.876129, 3.061935, 6.978065
 253.666667, 30.562418, 4.498029, 3.314060, 7.833114
 250.000000, 28.926667, 4.202667, 3.234667, 7.458667
 263.666667, 27.882427, 3.888748, 3.029077, 6.965866
 257.666667, 28.254851, 3.680466, 3.142303, 6.857697
 270.333333, 28.389642, 3.633785, 2.893958, 6.557337
 257.333333, 31.115285, 4.199482, 3.327720, 7.558290
 257.333333, 30.924870, 4.132124, 3.270725, 7.445596
 277.333333, 30.192308, 3.633413, 2.956731, 6.618990
 262.666667, 27.747462, 3.758883, 3.078680, 6.857868
Histogram
0 0 0 0 0 0 340 234 64 2 3 4 1 3 2 1 0 0 0 3 1 0 0 2 1 0 0 0 0 0 0 0 0 0 0 0 0 0 0 0 0 0 0 0 0 0 0 0 0 0 0 0 0 0 0 0 0 0 0 0 0 0 0 0 0 0 0 0 0 0 0 0 0 0 0 0 0 0 0 0 0 0 0 0 0 0 0 0 0 0 0 0 0 0 0 1 0 0 0 10 
Cache Miss Ratio
0.0
Average number of keys
1.0
numOfSets
250859
numOfGets
250819
numOfMultiGets
0
