 0, 21
 0.200000, 30.000000, 0.000000, 10.000000, 100.000000
 214.666667, 26.972050, 4.683230, 3.448758, 8.177019
 270.333333, 26.599260, 3.430333, 2.780518, 6.233046
 311.666667, 26.298396, 2.976471, 2.236364, 5.257754
 243.666667, 27.253078, 4.363885, 3.228454, 7.615595
 298.000000, 27.583893, 3.102908, 2.512304, 5.638702
 259.333333, 25.836761, 2.917738, 3.109254, 6.051414
 299.666667, 25.102336, 3.530590, 2.367075, 5.936596
 264.666667, 29.641058, 4.151134, 3.260705, 7.433249
 315.666667, 26.855333, 2.986272, 2.350581, 5.360084
 304.000000, 24.564693, 2.875000, 2.288377, 5.191886
 293.666667, 26.460840, 3.212259, 2.479001, 5.728717
 296.666667, 24.674157, 3.032584, 2.319101, 5.379775
 290.000000, 25.883908, 3.050575, 2.419540, 5.510345
 222.666667, 28.604790, 10.386228, 3.148204, 13.579341
 268.666667, 26.980149, 4.003722, 2.852357, 6.893300
 296.000000, 25.448198, 2.958333, 2.429054, 5.407658
 301.000000, 25.561462, 2.932447, 2.338870, 5.301218
 312.666667, 24.500000, 2.808102, 2.298507, 5.126866
 299.666667, 27.371524, 3.001112, 2.343715, 5.374861
 292.000000, 23.873288, 2.845890, 2.357306, 5.244292
 1, 20
 0.200000, 0.000000, 0.000000, 2.000000, 113.000000
 199.333333, 28.558528, 4.697324, 3.682274, 8.469900
 277.666667, 26.818727, 3.348139, 2.632653, 6.013205
 305.666667, 25.730643, 2.913850, 2.279171, 5.221374
 241.333333, 26.628453, 4.484807, 3.241713, 7.750000
 300.666667, 26.082040, 3.007761, 2.403548, 5.432373
 244.666667, 27.035422, 2.817439, 3.239782, 6.079019
 302.666667, 25.686123, 3.516520, 2.384361, 5.922907
 257.333333, 29.884715, 4.371762, 3.316062, 7.709845
 300.000000, 25.243333, 2.832222, 2.383333, 5.236667
 300.333333, 24.691454, 2.805771, 2.306326, 5.135405
 284.000000, 24.390845, 2.951878, 2.454225, 5.455399
 300.000000, 26.897778, 3.078889, 2.432222, 5.535556
 294.000000, 26.247166, 3.088435, 2.421769, 5.532880
 238.666667, 29.171788, 4.938547, 2.896648, 7.882682
 275.666667, 27.217654, 4.101572, 2.759371, 6.881499
 304.333333, 25.507119, 2.959474, 2.395400, 5.391019
 306.333333, 27.068553, 3.043526, 2.347116, 5.412405
 313.333333, 25.410638, 2.870213, 2.253191, 5.152128
 302.666667, 26.329295, 2.980176, 2.345815, 5.348018
 2, 20
 0.200000, 24.000000, 0.000000, 0.000000, 108.000000
 243.333333, 28.982192, 4.378082, 3.030137, 7.487671
 274.666667, 26.033981, 3.406553, 2.706311, 6.150485
 308.000000, 26.241342, 2.938312, 2.285714, 5.258658
 240.000000, 26.638889, 4.351389, 3.275000, 7.661111
 300.666667, 27.002217, 3.068736, 2.383592, 5.491131
 250.333333, 26.649800, 2.794940, 3.166445, 5.985353
 295.666667, 24.695603, 3.515220, 2.378805, 5.914318
 253.333333, 28.301316, 4.017105, 3.351316, 7.389474
 311.333333, 26.963597, 2.945396, 2.329764, 5.315846
 307.000000, 26.249729, 2.891422, 2.345277, 5.258415
 295.666667, 26.161218, 3.051860, 2.465614, 5.547914
 300.000000, 26.625556, 3.048889, 2.426667, 5.496667
 296.000000, 25.904279, 3.119369, 2.406532, 5.574324
 204.333333, 26.089723, 5.200653, 3.556281, 8.874388
 278.666667, 27.862440, 4.260766, 2.544258, 6.836124
 304.666667, 26.606127, 2.914661, 2.371991, 5.308534
 298.666667, 25.452009, 2.936384, 2.390625, 5.357143
 315.666667, 26.366420, 2.760296, 2.260824, 5.052798
 303.333333, 26.485714, 2.995604, 2.329670, 5.362637
 3, 20
 0.200000, 21.000000, 0.000000, 14.000000, 107.000000
 251.666667, 28.176159, 4.905960, 2.989404, 7.992053
 251.333333, 25.923077, 3.271883, 2.997347, 6.314324
 308.666667, 25.867171, 2.833693, 2.286177, 5.150108
 238.666667, 26.058659, 4.072626, 3.115922, 7.209497
 300.666667, 26.627494, 3.069845, 2.378049, 5.471175
 240.000000, 24.434722, 2.723611, 3.237500, 5.993056
 307.666667, 25.969664, 3.810401, 2.339112, 6.172264
 260.000000, 30.342308, 4.421795, 3.267949, 7.708974
 313.333333, 26.220213, 2.907447, 2.302128, 5.254255
 296.666667, 24.977528, 2.815730, 2.355056, 5.191011
 283.666667, 24.854289, 2.908343, 2.485311, 5.431257
 301.333333, 25.226770, 2.913717, 2.324115, 5.258850
 289.666667, 25.330265, 3.104718, 2.494822, 5.635213
 237.666667, 28.568022, 5.302945, 2.862553, 8.208976
 268.333333, 25.819876, 3.891925, 2.644720, 6.567702
 300.666667, 25.378049, 2.872506, 2.389135, 5.290466
 296.000000, 25.823198, 2.984234, 2.407658, 5.413288
 313.000000, 24.997870, 2.762513, 2.256656, 5.041534
 309.333333, 27.889009, 3.074353, 2.316810, 5.415948
 4, 21
 0.200000, 17.000000, 0.000000, 16.000000, 107.000000
 176.333333, 26.137996, 4.417769, 4.034026, 8.514178
 284.333333, 26.474795, 3.450176, 2.667057, 6.150059
 297.000000, 25.140292, 2.910213, 2.301908, 5.253648
 239.666667, 26.556328, 3.998609, 3.246175, 7.267038
 305.333333, 27.205240, 2.981441, 2.421397, 5.443231
 258.666667, 26.997423, 2.953608, 3.083763, 6.070876
 297.000000, 25.264871, 4.281706, 2.365881, 6.670034
 256.000000, 29.063802, 4.319010, 3.309896, 7.658854
 309.333333, 26.061422, 2.889009, 2.331897, 5.244612
 303.000000, 25.906491, 2.867987, 2.349835, 5.248625
 291.666667, 25.377143, 3.049143, 2.466286, 5.538286
 305.000000, 26.386885, 3.074317, 2.371585, 5.476503
 297.666667, 27.049272, 3.139978, 2.407615, 5.571109
 209.666667, 26.534181, 3.666137, 3.294118, 6.993641
 265.000000, 26.486792, 3.991195, 2.832704, 6.855346
 314.000000, 26.544586, 2.891720, 2.342887, 5.270701
 298.000000, 24.900447, 2.854586, 2.371365, 5.255034
 309.666667, 26.036598, 2.798708, 2.282024, 5.102260
 302.333333, 26.813671, 2.981257, 2.342889, 5.345094
 298.000000, 25.860179, 2.883669, 2.290828, 5.248322
 5, 20
 0.250000, 21.000000, 0.000000, 16.000000, 106.000000
 217.666667, 30.652374, 4.868300, 3.531394, 8.497703
 270.333333, 26.040691, 3.454994, 2.718866, 6.215783
 315.666667, 27.492080, 3.042239, 2.285111, 5.359029
 236.333333, 25.186178, 4.077574, 3.074753, 7.184767
 302.000000, 26.740618, 2.994481, 2.413907, 5.430464
 253.000000, 26.009223, 2.894598, 3.151515, 6.069829
 292.000000, 25.526256, 3.528539, 2.384703, 5.937215
 256.000000, 28.884115, 4.164063, 3.328125, 7.513021
 303.000000, 25.610561, 2.852585, 2.361936, 5.243124
 301.666667, 25.003315, 2.921547, 2.312707, 5.269613
 278.666667, 24.489234, 2.950957, 2.555024, 5.526316
 300.666667, 26.353659, 3.057650, 2.318182, 5.398004
 288.666667, 26.648961, 3.071594, 2.419169, 5.524249
 232.666667, 29.915473, 12.153295, 3.151862, 15.351003
 263.333333, 26.150633, 3.694937, 2.631646, 6.375949
 304.333333, 25.914567, 2.883899, 2.410734, 5.315444
 310.666667, 27.347639, 3.050429, 2.315451, 5.390558
 312.666667, 25.224947, 2.830490, 2.265458, 5.117271
 290.000000, 24.983908, 2.816092, 2.367816, 5.204598
 6, 20
 0.250000, 17.000000, 0.000000, 2.000000, 107.000000
 197.666667, 28.494098, 4.558179, 3.836425, 8.487352
 277.000000, 26.169675, 3.223827, 2.622142, 5.867629
 312.000000, 26.332265, 2.994658, 2.264957, 5.280983
 233.000000, 25.238913, 4.356223, 3.134478, 7.532189
 291.000000, 26.712486, 2.989691, 2.455899, 5.469645
 248.333333, 26.416107, 2.770470, 3.173154, 5.967785
 294.000000, 25.332200, 4.495465, 2.417234, 6.936508
 255.333333, 29.407311, 4.357702, 3.315927, 7.694517
 305.333333, 25.517467, 3.006550, 2.331878, 5.371179
 302.333333, 24.810364, 2.825799, 2.338479, 5.201764
 293.333333, 26.325000, 3.084091, 2.473864, 5.593182
 307.333333, 26.445770, 3.070499, 2.299349, 5.392625
 289.333333, 25.538018, 3.017281, 2.435484, 5.473502
 236.000000, 28.209040, 4.850282, 2.862994, 7.775424
 269.000000, 27.006196, 4.004957, 2.640644, 6.693928
 305.666667, 25.922574, 2.908397, 2.366412, 5.305344
 302.666667, 25.954846, 2.960352, 2.342511, 5.325991
 317.000000, 25.574132, 2.851735, 2.241851, 5.117771
 306.000000, 26.587146, 2.960784, 2.308279, 5.291939
 7, 20
 0.250000, 29.000000, 0.000000, 21.000000, 90.000000
 237.666667, 28.298738, 4.661992, 3.067321, 7.869565
 265.666667, 24.588457, 3.209536, 2.687578, 5.918444
 305.000000, 25.796721, 2.897268, 2.295082, 5.213115
 242.333333, 26.727648, 4.008253, 3.224209, 7.253095
 304.000000, 27.127193, 3.110746, 2.407895, 5.541667
 258.000000, 26.519380, 2.971576, 3.121447, 6.117571
 301.666667, 25.843094, 3.798895, 2.386740, 6.209945
 252.000000, 28.712963, 4.219577, 3.333333, 7.584656
 300.333333, 25.477248, 2.874584, 2.379578, 5.277469
 305.333333, 24.861354, 2.896288, 2.318777, 5.236900
 295.333333, 26.511287, 3.097065, 2.477427, 5.612867
 297.333333, 24.791480, 2.946188, 2.347534, 5.315022
 296.666667, 25.765169, 3.123596, 2.394382, 5.569663
 231.666667, 27.679137, 4.595683, 2.981295, 7.660432
 266.000000, 25.325815, 3.577694, 2.582707, 6.221805
 307.333333, 26.039046, 2.939262, 2.357918, 5.327549
 299.666667, 26.044494, 2.956618, 2.370412, 5.355951
 313.666667, 25.722635, 2.917109, 2.264612, 5.211477
 286.666667, 25.039535, 2.800000, 2.382558, 5.206977
 8, 20
 0.250000, 0.000000, 0.000000, 1.000000, 111.000000
 254.000000, 29.019685, 4.744094, 2.883202, 7.700787
 266.666667, 25.431250, 3.577500, 2.700000, 6.320000
 307.000000, 26.263844, 2.885993, 2.285559, 5.207383
 235.000000, 25.973050, 3.967376, 3.327660, 7.316312
 309.000000, 27.216828, 3.090615, 2.394822, 5.507012
 253.333333, 26.615789, 2.817105, 3.152632, 5.997368
 297.000000, 25.414141, 3.832772, 2.399551, 6.254770
 261.333333, 30.431122, 4.224490, 3.266582, 7.521684
 308.666667, 24.676026, 2.832613, 2.355292, 5.208423
 305.000000, 25.492896, 2.881967, 2.321311, 5.232787
 300.000000, 26.865556, 3.131111, 2.451111, 5.630000
 301.000000, 25.759690, 3.090808, 2.330011, 5.441860
 300.000000, 26.746667, 3.127778, 2.371111, 5.530000
 241.666667, 28.757241, 4.714483, 2.907586, 7.674483
 273.666667, 27.129111, 4.193666, 2.571255, 6.806334
 305.333333, 26.435590, 2.939956, 2.375546, 5.343886
 297.333333, 24.987668, 2.957399, 2.364350, 5.349776
 310.000000, 25.722581, 2.811828, 2.258065, 5.091398
 297.666667, 26.086226, 2.871221, 2.320269, 5.221725
 9, 20
 0.250000, 22.000000, 0.000000, 14.000000, 105.000000
 212.000000, 28.657233, 4.784591, 3.477987, 8.388365
 280.000000, 26.809524, 3.565476, 2.652381, 6.241667
 310.000000, 26.726882, 3.027957, 2.276344, 5.341935
 235.333333, 26.780453, 4.152975, 3.284703, 7.468839
 306.333333, 26.498368, 3.031556, 2.366703, 5.418934
 251.333333, 26.367374, 2.905836, 3.139257, 6.087533
 290.666667, 24.316514, 3.459862, 2.393349, 5.873853
 258.666667, 29.617268, 4.319588, 3.293814, 7.634021
 308.666667, 25.430886, 2.954644, 2.354212, 5.331533
 305.666667, 27.320611, 3.009815, 2.357688, 5.391494
 300.000000, 26.603333, 3.061111, 2.427778, 5.518889
 299.000000, 26.491639, 3.152731, 2.515050, 5.690078
 286.333333, 25.986030, 3.107101, 2.445867, 5.604191
 239.333333, 29.725627, 5.164345, 2.895543, 8.126741
 272.666667, 27.106357, 3.789731, 2.617359, 6.430318
 303.333333, 26.900000, 2.907692, 2.385714, 5.314286
 300.333333, 24.984462, 2.936737, 2.352941, 5.311876
 321.666667, 26.132642, 2.870466, 2.248705, 5.141969
 297.333333, 26.097534, 2.948430, 2.343049, 5.311659
 10, 21
 0.250000, 23.000000, 3.000000, 15.000000, 106.000000
 195.666667, 28.890971, 4.575809, 3.938671, 8.597956
 265.000000, 25.008805, 3.583648, 2.713208, 6.318239
 306.333333, 25.980413, 2.860718, 2.274211, 5.189336
 234.333333, 26.871977, 4.590327, 3.248933, 7.914651
 304.666667, 26.946389, 2.997812, 2.393873, 5.429978
 247.666667, 25.115747, 2.772544, 3.184388, 5.990579
 301.666667, 25.946961, 4.220994, 2.401105, 6.647514
 263.333333, 30.982278, 4.412658, 3.268354, 7.713924
 306.333333, 26.207835, 2.971708, 2.334059, 5.326442
 305.666667, 26.365322, 2.899673, 2.315158, 5.250818
 286.666667, 25.534884, 3.044186, 2.486047, 5.553488
 295.666667, 25.826381, 2.994363, 2.360767, 5.392334
 289.000000, 25.929642, 3.068051, 2.426759, 5.515571
 240.000000, 29.087500, 6.334722, 2.984722, 9.362500
 266.666667, 26.848750, 3.856250, 2.821250, 6.736250
 302.333333, 26.069460, 2.950386, 2.420066, 5.403528
 307.666667, 25.891658, 2.947996, 2.341278, 5.309859
 320.666667, 26.568607, 2.840956, 2.218295, 5.088358
 301.666667, 27.144751, 3.016575, 2.314917, 5.354696
 296.000000, 26.201577, 2.923423, 2.394144, 5.341216
 11, 20
 0.250000, 18.000000, 2.000000, 15.000000, 106.000000
 239.333333, 28.731198, 4.533426, 3.112813, 7.693593
 273.333333, 26.385366, 3.509756, 2.681707, 6.229268
 304.333333, 26.173056, 2.976999, 2.282585, 5.280394
 243.666667, 28.292750, 4.658003, 3.218878, 7.902873
 307.000000, 26.469055, 3.056460, 2.386536, 5.472313
 240.666667, 24.325485, 2.778393, 3.236842, 6.047091
 289.666667, 23.886076, 3.540852, 2.417722, 5.991945
 253.666667, 29.068331, 4.336399, 3.335085, 7.712221
 307.333333, 25.703905, 2.996746, 2.356833, 5.374187
 299.666667, 25.913237, 2.911012, 2.349277, 5.299221
 304.666667, 27.117068, 3.158643, 2.416849, 5.599562
 300.666667, 25.574279, 2.923503, 2.321508, 5.279379
 290.333333, 26.828932, 3.019518, 2.478760, 5.521240
 223.333333, 26.916418, 4.194030, 3.092537, 7.334328
 262.000000, 24.909669, 4.039440, 2.805344, 6.865140
 305.000000, 26.739891, 2.962842, 2.385792, 5.371585
 305.000000, 25.851366, 2.978142, 2.320219, 5.319126
 311.333333, 25.483940, 2.873662, 2.283726, 5.186296
 294.333333, 24.869762, 2.855040, 2.328426, 5.220838
 12, 21
 0.250000, 26.000000, 2.000000, 12.000000, 103.000000
 256.666667, 29.320779, 4.825974, 2.970130, 7.874026
 266.666667, 25.613750, 3.436250, 2.792500, 6.250000
 315.000000, 26.611640, 3.048677, 2.249735, 5.328042
 237.666667, 26.046283, 4.551192, 3.155680, 7.730715
 309.000000, 27.257821, 3.129450, 2.398058, 5.551241
 247.000000, 25.443995, 2.847503, 3.195682, 6.103914
 297.333333, 25.325112, 4.256726, 2.393498, 6.673767
 257.000000, 30.372244, 4.367056, 3.316472, 7.704280
 308.000000, 25.316017, 2.856061, 2.330087, 5.229437
 296.666667, 26.317978, 2.929213, 2.401124, 5.368539
 266.000000, 24.289474, 3.011278, 2.706767, 5.740602
 298.000000, 25.672260, 3.033557, 2.338926, 5.411633
 299.666667, 27.097887, 3.142380, 2.347052, 5.512792
 236.333333, 28.032440, 4.623413, 2.808181, 7.473907
 267.333333, 26.687032, 3.880299, 2.855362, 6.779302
 308.333333, 25.742703, 2.943784, 2.328649, 5.301622
 303.000000, 26.617162, 2.966997, 2.396040, 5.389439
 316.333333, 25.590095, 2.792413, 2.238145, 5.052687
 302.000000, 27.018764, 2.937086, 2.324503, 5.284768
 291.000000, 24.547537, 2.802978, 2.380298, 5.238259
 13, 21
 0.250000, 27.000000, 2.000000, 11.000000, 102.000000
 231.666667, 27.800000, 4.630216, 3.171223, 7.871942
 265.333333, 24.643216, 3.242462, 2.713568, 5.994975
 301.000000, 25.667774, 2.901440, 2.313400, 5.236988
 244.000000, 27.737705, 4.282787, 3.094262, 7.400273
 294.666667, 25.624434, 3.018100, 2.410633, 5.490950
 249.666667, 25.284379, 2.894526, 3.153538, 6.070761
 297.000000, 25.797980, 4.246914, 2.414141, 6.684624
 261.000000, 30.484036, 4.450830, 3.292465, 7.763729
 311.333333, 27.180942, 2.960385, 2.314775, 5.305139
 311.333333, 26.609208, 2.964668, 2.312634, 5.302998
 290.333333, 25.251435, 3.078071, 2.458094, 5.557979
 294.000000, 25.706349, 2.996599, 2.357143, 5.383220
 289.666667, 25.978136, 3.052934, 2.416571, 5.508631
 233.333333, 28.172857, 4.485714, 2.921429, 7.447143
 268.333333, 25.273292, 4.113043, 2.669565, 6.804969
 303.333333, 25.664835, 2.978022, 2.407692, 5.406593
 292.000000, 26.497717, 2.933790, 2.476027, 5.447489
 321.333333, 26.641079, 2.825726, 2.221992, 5.077801
 295.333333, 27.483070, 2.998871, 2.407449, 5.430023
 304.666667, 25.847921, 2.958425, 2.321663, 5.304158
 14, 20
 0.250000, 11.000000, 2.000000, 2.000000, 107.000000
 249.333333, 29.201872, 4.610963, 2.987968, 7.664439
 273.000000, 26.039072, 3.415140, 2.686203, 6.125763
 306.000000, 26.287582, 2.954248, 2.311547, 5.288671
 243.333333, 28.120548, 4.467123, 3.086301, 7.589041
 301.666667, 26.808840, 3.033149, 2.432044, 5.486188
 248.666667, 25.317694, 2.840483, 3.158177, 6.048257
 299.000000, 24.830546, 3.800446, 2.373467, 6.196210
 262.666667, 30.034264, 4.488579, 3.260152, 7.771574
 306.333333, 26.428727, 2.871600, 2.332971, 5.240479
 306.000000, 26.332244, 2.944444, 2.295207, 5.262527
 289.666667, 24.794016, 3.080552, 2.467204, 5.569620
 293.000000, 26.218430, 3.072810, 2.370876, 5.500569
 291.000000, 25.539519, 3.030928, 2.494845, 5.555556
 228.666667, 29.040816, 4.578717, 3.061224, 7.674927
 263.333333, 26.482278, 3.789873, 2.679747, 6.505063
 313.333333, 26.554255, 2.972340, 2.342553, 5.336170
 287.000000, 26.054588, 2.882695, 2.471545, 5.377468
 316.666667, 25.660000, 2.908421, 2.225263, 5.156842
 294.666667, 25.506787, 2.863122, 2.366516, 5.257919
 15, 21
 0.250000, 0.000000, 2.000000, 2.000000, 109.000000
 178.333333, 28.585047, 4.661682, 4.265421, 9.014953
 264.000000, 24.635101, 3.297980, 2.718434, 6.036616
 312.000000, 26.736111, 2.976496, 2.277778, 5.284188
 231.000000, 26.125541, 4.389610, 3.336219, 7.747475
 302.333333, 26.474090, 3.050717, 2.425579, 5.506064
 239.666667, 24.251739, 2.776078, 3.271210, 6.069541
 297.000000, 23.893378, 3.505051, 2.362514, 5.897868
 263.333333, 30.510127, 4.236709, 3.272152, 7.534177
 307.666667, 26.085590, 2.912243, 2.327194, 5.269772
 303.666667, 25.230516, 2.945115, 2.298573, 5.273326
 296.000000, 26.891892, 3.158784, 2.459459, 5.643018
 307.666667, 26.320693, 3.060672, 2.305525, 5.387866
 297.666667, 26.010078, 3.200448, 2.391937, 5.625980
 217.333333, 26.734663, 4.947853, 3.184049, 8.174847
 263.333333, 26.268354, 3.897468, 2.826582, 6.768354
 309.000000, 27.201726, 2.955771, 2.376483, 5.360302
 297.000000, 24.965208, 2.896745, 2.368126, 5.285073
 307.666667, 24.947996, 2.776815, 2.255688, 5.055255
 297.666667, 26.228443, 2.951848, 2.330347, 5.304591
 290.666667, 24.286697, 2.792431, 2.350917, 5.208716
 16, 20
 0.250000, 0.000000, 1.000000, 2.000000, 109.000000
 230.000000, 27.227536, 4.202899, 3.213043, 7.489855
 272.000000, 26.052696, 3.517157, 2.714461, 6.253676
 292.000000, 24.624429, 2.835616, 2.352740, 5.218037
 230.333333, 25.221418, 3.780029, 3.306802, 7.117221
 294.000000, 25.248299, 2.933107, 2.404762, 5.363946
 244.000000, 25.274590, 2.758197, 3.229508, 6.010929
 299.000000, 25.139353, 3.777035, 2.373467, 6.171683
 261.000000, 30.066411, 4.226054, 3.279693, 7.530013
 308.666667, 25.692225, 2.879050, 2.329374, 5.238661
 305.000000, 26.080874, 2.876503, 2.324590, 5.230601
 288.000000, 25.497685, 3.034722, 2.496528, 5.569444
 303.666667, 26.353458, 3.049396, 2.341383, 5.431394
 296.666667, 26.733708, 3.225843, 2.410112, 5.659551
 222.666667, 26.905689, 4.303892, 3.059880, 7.399701
 275.666667, 27.027811, 3.873035, 2.580411, 6.493349
 304.000000, 26.081140, 2.956140, 2.336623, 5.323465
 297.333333, 25.198430, 2.877803, 2.352018, 5.262332
 306.000000, 24.572985, 2.767974, 2.255991, 5.062092
 296.333333, 24.814398, 2.791901, 2.322835, 5.143982
 17, 21
 0.250000, 0.000000, 1.000000, 4.000000, 108.000000
 245.333333, 26.913043, 4.137228, 2.903533, 7.116848
 270.333333, 26.178792, 3.511714, 2.727497, 6.290999
 306.666667, 25.322826, 2.881522, 2.298913, 5.201087
 237.000000, 26.130802, 3.829817, 3.097046, 6.949367
 291.333333, 25.573227, 2.921053, 2.433638, 5.400458
 248.333333, 26.285906, 2.895302, 3.194631, 6.127517
 296.000000, 24.809685, 3.754505, 2.145270, 6.159910
 254.333333, 28.161206, 4.263434, 3.321101, 7.605505
 317.333333, 26.453782, 3.013655, 2.304622, 5.340336
 307.000000, 25.831705, 2.874050, 2.309446, 5.213898
 285.666667, 25.004667, 2.970828, 2.376896, 5.488915
 298.333333, 25.546369, 2.936313, 2.378771, 5.337430
 287.333333, 25.733179, 3.078886, 2.428074, 5.529002
 233.000000, 27.233190, 4.393419, 2.934192, 7.349070
 262.666667, 26.025381, 3.826142, 2.686548, 6.553299
 304.666667, 26.680525, 2.982495, 2.388403, 5.396061
 303.666667, 25.936334, 2.950604, 2.311745, 5.284303
 310.666667, 25.263948, 2.775751, 2.251073, 5.048283
 300.000000, 25.413333, 2.971111, 2.320000, 5.320000
 276.666667, 24.379518, 2.818072, 2.577108, 5.446988
 18, 21
 0.250000, 0.000000, 1.000000, 21.000000, 109.000000
 250.333333, 29.046605, 4.474035, 2.937417, 7.478029
 269.666667, 26.859085, 3.370828, 2.729295, 6.133498
 305.000000, 25.639344, 2.908197, 2.288525, 5.219672
 230.333333, 24.500724, 3.788712, 3.301013, 7.134588
 306.666667, 26.432609, 3.023913, 2.330435, 5.378261
 248.666667, 25.963807, 2.902145, 3.170241, 6.130027
 299.333333, 24.888641, 3.776169, 2.384187, 6.180401
 255.333333, 29.793734, 4.541775, 3.328982, 7.892950
 288.666667, 24.877598, 2.809469, 2.393764, 5.232102
 302.666667, 25.786344, 2.958150, 2.351322, 5.330396
 298.000000, 26.610738, 3.129754, 2.447427, 5.599553
 296.666667, 25.338202, 3.023596, 2.340449, 5.395506
 289.666667, 25.382048, 3.177215, 2.420023, 5.617952
 233.333333, 27.577143, 4.354286, 2.914286, 7.325714
 264.333333, 26.401009, 3.936948, 2.854981, 6.813367
 302.666667, 25.969163, 2.951542, 2.407489, 5.381057
 300.666667, 25.467849, 2.956763, 2.348115, 5.327051
 314.666667, 25.997881, 2.844280, 2.259534, 5.127119
 298.666667, 26.007813, 2.957589, 2.345982, 5.333705
 298.000000, 24.710291, 2.828859, 2.322148, 5.177852
 19, 20
 0.250000, 32.000000, 1.000000, 7.000000, 57.000000
 242.000000, 29.407713, 4.442149, 3.064738, 7.690083
 270.666667, 26.130542, 3.310345, 2.678571, 6.011084
 315.333333, 27.292812, 2.998943, 2.285412, 5.307611
 243.666667, 27.190150, 4.041040, 3.195622, 7.259918
 305.000000, 27.109290, 3.088525, 2.417486, 5.527869
 250.666667, 25.496011, 2.825798, 3.206117, 6.055851
 298.666667, 25.902902, 3.775670, 2.405134, 6.203125
 254.000000, 28.213911, 4.061680, 3.343832, 7.426509
 308.333333, 26.592432, 2.998919, 2.339459, 5.362162
 305.333333, 25.975983, 2.912664, 2.343886, 5.278384
 288.333333, 25.956069, 3.084393, 2.470520, 5.584971
 299.000000, 25.364548, 3.010033, 2.336678, 5.372352
 282.000000, 25.297872, 3.013002, 2.446809, 5.489362
 234.666667, 28.794034, 8.299716, 3.053977, 11.387784
 251.333333, 25.255968, 3.779841, 2.811671, 6.611406
 304.000000, 24.713816, 2.919956, 2.341009, 5.298246
 300.000000, 26.797778, 2.990000, 2.370000, 5.382222
 311.000000, 25.753483, 2.834941, 2.270096, 5.136120
 297.333333, 25.572870, 2.840807, 2.325112, 5.187220
 20, 20
 0.250000, 31.000000, 1.000000, 9.000000, 87.000000
 233.333333, 26.657143, 4.462857, 3.158571, 7.680000
 271.333333, 25.549140, 3.519656, 2.687961, 6.228501
 307.000000, 25.433225, 2.917481, 2.293160, 5.238871
 233.666667, 26.062767, 4.318117, 3.132668, 7.472183
 295.666667, 25.795941, 2.986471, 2.445321, 5.455468
 255.666667, 25.659713, 2.837027, 3.132986, 5.992177
 299.333333, 25.197105, 3.778396, 2.373051, 6.173719
 252.000000, 27.050265, 3.890212, 3.366402, 7.287037
 304.666667, 25.530635, 2.942013, 2.335886, 5.306346
 303.666667, 26.145993, 2.931943, 2.405049, 5.361142
 287.000000, 25.013937, 3.010453, 2.475029, 5.544715
 300.666667, 25.592018, 3.054324, 2.324834, 5.407982
 293.000000, 25.222981, 3.043231, 2.392491, 5.458476
 231.333333, 27.982709, 4.645533, 2.814121, 7.760807
 272.333333, 26.354957, 3.471236, 2.374541, 6.216646
 299.666667, 24.699666, 2.953281, 2.371524, 5.355951
 301.000000, 25.223699, 2.972315, 2.361019, 5.362126
 311.666667, 25.337968, 2.808556, 2.267380, 5.105882
 313.333333, 27.704255, 2.942553, 2.331915, 5.297872
 21, 21
 0.250000, 31.000000, 1.000000, 10.000000, 87.000000
 201.333333, 27.809603, 4.524834, 3.793046, 8.377483
 274.666667, 25.533981, 3.394417, 2.658981, 6.155340
 304.000000, 25.369518, 2.885965, 2.304825, 5.213816
 236.333333, 25.550071, 3.953456, 3.211566, 7.208745
 308.666667, 27.030238, 3.080994, 2.377970, 5.480562
 248.333333, 25.761074, 2.765101, 3.159732, 5.958389
 298.666667, 25.450893, 3.800223, 2.382813, 6.223214
 256.000000, 29.098958, 4.157552, 3.316406, 7.503906
 311.333333, 26.036403, 3.000000, 2.307281, 5.328694
 306.333333, 26.318825, 3.014146, 2.363439, 5.399347
 296.333333, 26.377953, 3.184477, 2.449944, 5.672666
 305.000000, 26.569399, 3.071038, 2.369399, 5.468852
 284.333333, 24.885111, 3.076202, 2.459555, 5.555686
 226.666667, 28.475000, 4.333824, 3.033824, 7.394118
 272.666667, 26.975550, 4.106357, 2.654034, 6.787286
 307.666667, 26.403034, 2.969664, 2.353196, 5.342362
 303.666667, 25.480790, 2.942920, 2.331504, 5.302964
 308.000000, 25.195887, 2.737013, 2.275974, 5.034632
 292.333333, 25.781072, 2.884835, 2.355758, 5.263398
 298.333333, 26.037989, 2.871508, 2.320670, 5.223464
 22, 20
 0.250000, 32.000000, 1.000000, 11.000000, 84.000000
 231.333333, 30.628242, 4.400576, 3.317003, 7.834294
 278.000000, 26.815348, 3.682254, 2.699041, 6.404077
 322.333333, 26.728025, 3.027921, 2.231644, 5.283351
 242.666667, 26.486264, 4.119505, 3.236264, 7.379121
 303.666667, 26.793633, 3.065862, 2.402854, 5.514819
 246.000000, 24.379404, 2.720867, 3.226287, 5.997290
 299.666667, 25.303671, 3.553949, 2.389321, 5.966630
 252.000000, 29.679894, 4.382275, 3.345238, 7.748677
 303.333333, 26.326374, 2.938462, 2.372527, 5.339560
 306.000000, 25.655773, 2.934641, 2.287582, 5.275599
 288.000000, 24.774306, 3.012731, 2.490741, 5.545139
 301.666667, 26.413260, 3.081768, 2.403315, 5.507182
 293.333333, 26.506818, 3.114773, 2.414773, 5.555682
 224.666667, 26.795252, 3.931751, 2.977745, 7.011869
 271.333333, 27.055283, 3.922604, 2.595823, 6.589681
 300.333333, 25.831299, 2.942286, 2.376249, 5.347392
 300.333333, 26.298557, 2.954495, 2.347392, 5.322974
 320.333333, 27.069719, 2.870968, 2.257024, 5.159209
 296.333333, 25.893138, 2.889764, 2.356580, 5.277840
 23, 20
 0.250000, 32.000000, 1.000000, 2.000000, 55.000000
 229.666667, 28.461538, 4.586357, 3.145138, 7.872279
 270.000000, 25.712346, 3.658025, 2.687654, 6.377778
 317.666667, 26.571878, 2.955929, 2.264428, 5.244491
 235.333333, 26.351275, 4.541076, 3.120397, 7.692635
 312.000000, 27.246795, 3.069444, 2.361111, 5.462607
 257.333333, 26.264249, 2.844560, 3.120466, 6.016839
 295.000000, 24.620339, 3.520904, 2.386441, 5.945763
 261.333333, 30.650510, 4.391582, 3.286990, 7.709184
 310.333333, 26.845328, 2.953813, 2.383459, 5.360902
 306.333333, 26.258977, 2.996736, 2.311208, 5.347116
 297.000000, 26.693603, 3.191919, 2.429854, 5.644220
 302.666667, 26.591410, 3.116740, 2.348018, 5.494493
 294.000000, 26.927438, 3.188209, 2.437642, 5.656463
 241.333333, 28.559392, 4.951657, 2.830110, 7.839779
 265.333333, 26.120603, 3.839196, 2.654523, 6.559045
 303.666667, 25.388584, 2.879254, 2.357849, 5.274424
 297.333333, 25.950673, 2.976457, 2.428251, 5.441704
 313.333333, 24.913830, 2.815957, 2.231915, 5.084043
 299.333333, 26.442094, 2.997773, 2.331849, 5.354120
 24, 20
 0.250000, 27.000000, 1.000000, 12.000000, 87.000000
 230.666667, 28.755780, 4.677746, 3.135838, 7.894509
 269.000000, 25.939281, 3.475836, 2.718711, 6.221809
 309.666667, 26.403660, 2.952637, 2.308934, 5.299247
 232.666667, 24.679083, 4.037249, 3.140401, 7.209169
 295.666667, 25.765502, 2.998873, 2.443067, 5.473506
 252.666667, 25.956464, 2.916887, 3.147757, 6.102902
 298.666667, 25.863839, 3.547991, 2.404018, 5.984375
 266.333333, 29.175219, 4.240300, 3.251564, 7.513141
 308.666667, 25.602592, 2.941685, 2.342333, 5.313175
 303.000000, 26.014301, 2.957096, 2.354235, 5.342134
 291.333333, 26.871854, 3.065217, 2.530892, 5.628146
 297.000000, 25.700337, 3.002245, 2.358025, 5.388328
 285.000000, 24.261988, 2.956725, 2.490058, 5.467836
 231.333333, 27.206052, 4.487032, 2.976945, 7.505764
 271.333333, 27.207617, 4.014742, 2.799754, 6.863636
 302.666667, 25.610132, 2.860132, 2.327093, 5.229075
 299.333333, 25.465479, 2.885301, 2.373051, 5.279510
 312.000000, 24.600427, 2.804487, 2.270299, 5.094017
 299.333333, 25.634744, 2.961024, 2.332962, 5.319599
 25, 20
 0.250000, 32.000000, 1.000000, 13.000000, 88.000000
 229.666667, 28.100145, 4.714078, 3.165457, 7.917271
 269.333333, 26.410891, 3.539604, 2.737624, 6.299505
 308.666667, 26.838013, 2.917927, 2.287257, 5.237581
 231.666667, 25.355396, 3.873381, 3.292086, 7.198561
 296.666667, 26.557303, 3.021348, 2.420225, 5.469663
 259.000000, 26.378378, 2.871300, 3.108108, 6.002574
 309.000000, 25.812298, 3.569579, 2.358145, 5.951456
 256.333333, 29.386216, 4.205462, 3.312094, 7.543563
 302.333333, 25.844542, 2.920617, 2.393605, 5.343991
 303.000000, 25.422442, 2.936194, 2.289329, 5.280528
 296.000000, 25.899775, 3.122748, 2.454955, 5.614865
 298.000000, 25.788591, 2.980984, 2.406040, 5.430649
 290.666667, 26.082569, 3.111239, 2.450688, 5.584862
 224.333333, 27.580981, 5.123328, 3.144131, 8.313522
 273.333333, 26.642683, 3.891463, 2.780488, 6.701220
 304.333333, 25.395400, 2.835706, 2.358160, 5.214677
 299.666667, 27.041157, 3.064516, 2.440489, 5.537264
 319.333333, 26.408142, 2.889353, 2.263048, 5.182672
 292.000000, 24.997717, 2.819635, 2.317352, 5.178082
 26, 20
 0.250000, 30.000000, 1.000000, 13.000000, 88.000000
 255.333333, 29.054830, 4.655352, 2.906005, 7.642298
 279.333333, 27.227924, 3.584726, 2.615752, 6.223150
 316.000000, 27.397679, 3.008439, 2.286920, 5.325949
 231.333333, 25.755043, 4.178674, 3.328530, 7.528818
 293.666667, 25.072645, 3.001135, 2.413167, 5.494892
 252.333333, 26.412153, 2.873184, 3.157199, 6.055482
 295.000000, 24.876836, 3.788701, 2.371751, 6.207910
 251.333333, 27.473475, 3.952255, 3.375332, 7.347480
 309.000000, 26.263215, 2.889968, 2.325782, 5.237325
 313.333333, 27.252128, 2.941489, 2.317021, 5.281915
 293.666667, 25.599319, 3.085131, 2.490352, 5.595914
 306.666667, 26.990217, 3.004348, 2.308696, 5.335870
 292.333333, 25.907640, 3.128848, 2.404789, 5.555302
 210.333333, 24.996830, 3.698891, 3.234548, 7.003170
 257.666667, 24.755498, 3.890039, 2.685640, 6.606727
 312.333333, 26.442903, 2.990395, 2.327641, 5.340448
 298.333333, 24.803352, 2.926257, 2.355307, 5.302793
 311.666667, 24.773262, 2.790374, 2.220321, 5.055615
 306.666667, 26.881522, 2.954348, 2.300000, 5.277174
 27, 20
 0.250000, 28.000000, 0.000000, 15.000000, 88.000000
 226.666667, 27.654412, 4.925000, 3.192647, 8.205882
 277.333333, 26.116587, 3.600962, 2.674279, 6.305288
 304.333333, 25.692223, 2.848850, 2.318729, 5.196057
 231.666667, 24.958273, 3.823022, 3.313669, 7.158273
 295.000000, 25.353672, 2.970621, 2.433898, 5.432768
 253.666667, 27.002628, 2.860710, 3.141919, 6.026281
 303.333333, 25.927473, 4.487912, 2.404396, 6.916484
 256.000000, 30.584635, 4.378906, 3.322917, 7.733073
 311.333333, 26.725910, 2.890792, 2.330835, 5.252677
 304.333333, 26.087623, 2.928806, 2.368018, 5.326396
 292.666667, 25.750569, 3.173121, 2.481777, 5.684510
 306.333333, 26.857454, 3.026115, 2.348205, 5.396083
 290.000000, 25.967816, 3.114943, 2.425287, 5.583908
 234.333333, 28.347084, 4.834993, 2.839260, 7.736842
 272.666667, 27.311736, 3.952323, 2.597800, 6.573350
 302.000000, 26.126932, 2.854305, 2.364238, 5.256071
 302.333333, 26.130099, 2.979052, 2.355017, 5.355017
 308.333333, 24.664865, 2.720000, 2.263784, 5.020541
 293.000000, 25.483504, 2.936291, 2.332196, 5.296928
 28, 21
 0.250000, 28.000000, 0.000000, 12.000000, 71.000000
 217.333333, 30.587423, 4.708589, 3.452454, 8.259202
 283.000000, 26.825677, 3.440518, 2.646643, 6.117786
 296.333333, 25.694038, 2.917885, 2.366704, 5.330709
 236.000000, 25.694915, 3.942090, 3.272599, 7.247175
 298.333333, 25.951955, 3.027933, 2.405587, 5.464804
 245.333333, 26.211957, 2.855978, 3.192935, 6.091033
 291.333333, 24.623570, 3.545767, 2.411899, 5.989703
 258.000000, 29.997416, 4.295866, 3.289406, 7.624031
 310.666667, 25.740343, 2.923820, 2.331545, 5.277897
 302.666667, 25.246696, 2.875551, 2.307269, 5.203744
 291.666667, 26.361143, 2.958857, 2.496000, 5.488000
 281.000000, 26.169632, 2.952550, 2.582444, 5.565836
 293.000000, 25.248009, 2.985210, 2.416382, 5.439135
 244.000000, 28.065574, 4.904372, 2.771858, 7.695355
 262.666667, 25.975888, 3.779188, 2.903553, 6.711929
 308.000000, 27.273810, 3.030303, 2.387446, 5.441558
 304.000000, 25.776316, 2.940789, 2.339912, 5.303728
 322.666667, 25.805785, 2.886364, 2.232438, 5.147727
 301.000000, 27.482835, 3.009967, 2.333333, 5.372093
 297.333333, 26.815022, 2.936099, 2.338565, 5.300448
 29, 20
 0.250000, 31.000000, 0.000000, 13.000000, 72.000000
 220.333333, 30.357035, 4.555219, 3.512859, 8.128593
 274.666667, 26.279126, 3.678398, 2.667476, 6.368932
 307.000000, 27.002172, 2.956569, 2.283388, 5.267101
 235.666667, 26.164074, 4.326733, 3.162659, 7.520509
 297.000000, 25.276094, 2.973064, 2.404040, 5.406285
 247.666667, 25.347241, 2.850606, 3.211306, 6.084791
 303.000000, 25.918592, 3.829483, 2.369637, 6.223322
 249.000000, 28.997323, 4.414993, 3.365462, 7.816600
 287.333333, 25.332947, 2.899072, 2.538283, 5.475638
 297.666667, 24.309071, 2.812990, 2.335946, 5.176932
 286.666667, 25.412791, 3.016279, 2.512791, 5.552326
 312.666667, 27.124733, 3.100213, 2.294243, 5.416844
 287.000000, 25.815331, 3.024390, 2.391405, 5.464576
 215.000000, 26.844961, 3.624806, 3.224806, 6.953488
 265.666667, 26.708908, 3.796738, 2.836888, 6.673777
 301.333333, 25.464602, 2.867257, 2.397124, 5.300885
 298.666667, 24.897321, 2.907366, 2.371652, 5.309152
 309.333333, 25.484914, 2.793103, 2.238147, 5.052802
 301.333333, 26.259956, 2.967920, 2.328540, 5.326327
 30, 20
 0.250000, 29.000000, 0.000000, 13.000000, 73.000000
 239.000000, 29.437936, 4.765690, 3.117155, 7.927476
 271.000000, 25.075031, 3.473555, 2.661747, 6.185732
 305.333333, 25.886463, 2.864629, 2.293668, 5.180131
 236.666667, 25.764789, 4.069014, 3.140845, 7.245070
 302.333333, 26.313120, 2.991180, 2.395810, 5.442117
 255.666667, 26.491525, 2.951760, 2.332464, 6.118644
 287.000000, 23.725900, 3.541231, 2.423926, 5.996516
 265.333333, 31.030151, 4.304020, 3.246231, 7.599246
 314.000000, 25.859873, 2.928875, 2.301486, 5.251592
 304.333333, 26.280394, 2.853231, 2.355969, 5.239869
 291.000000, 24.971363, 3.016037, 2.489118, 5.540664
 304.666667, 26.084245, 3.047046, 2.330416, 5.424508
 299.666667, 27.739711, 3.163515, 2.367075, 5.555061
 215.333333, 26.803406, 3.777090, 3.236842, 7.037152
 268.666667, 25.302730, 3.887097, 2.632754, 6.542184
 302.000000, 25.831126, 2.902870, 2.376380, 5.299117
 303.000000, 25.646865, 2.942794, 2.350935, 5.315732
 319.666667, 25.761210, 2.914494, 2.205422, 5.152242
 306.000000, 26.445534, 2.983660, 2.336601, 5.350763
 31, 20
 0.250000, 32.000000, 0.000000, 9.000000, 32.000000
 244.333333, 29.323329, 4.538881, 2.980900, 7.656207
 270.666667, 26.086207, 3.278325, 2.692118, 5.991379
 298.666667, 24.486607, 2.784598, 2.328125, 5.142857
 243.333333, 26.302740, 3.945205, 3.201370, 7.187671
 299.333333, 26.085746, 3.021158, 2.386414, 5.455457
 253.333333, 25.535526, 2.782895, 3.123684, 5.948684
 281.333333, 23.547393, 3.945498, 2.175355, 6.405213
 253.333333, 30.043421, 4.475000, 3.319737, 7.815789
 300.000000, 24.955556, 2.842222, 2.394444, 5.290000
 298.666667, 25.289063, 2.908482, 2.359375, 5.297991
 285.666667, 24.816803, 2.992999, 2.448075, 5.471412
 307.666667, 26.470206, 3.119177, 2.383532, 5.524377
 293.333333, 26.218182, 3.104545, 2.423864, 5.559091
 244.666667, 29.464578, 5.347411, 2.828338, 8.197548
 272.000000, 26.843137, 3.957108, 2.637255, 6.615196
 301.333333, 25.535398, 2.880531, 2.398230, 5.308628
 301.666667, 26.027624, 2.945856, 2.379006, 5.345856
 311.666667, 24.931551, 2.788235, 2.242781, 5.053476
 296.333333, 25.910011, 2.968504, 2.359955, 5.350956
Histogram
0 0 0 0 0 388 105 103 17 2 0 1 0 1 0 1 0 0 0 0 0 0 0 0 0 0 0 0 0 0 0 0 1 0 0 0 0 0 0 0 0 0 0 0 0 0 0 0 0 0 0 0 0 0 0 1 0 1 0 0 0 0 0 0 0 0 0 0 0 0 0 1 1 1 0 0 0 0 0 0 0 0 0 0 1 0 0 3 3 0 1 0 0 0 0 0 0 0 0 18 
Cache Miss Ratio
0.025456751737657515
Average number of keys
1.0
numOfSets
0
numOfGets
542253
numOfMultiGets
0
