 0, 21
 0.250000, 32.000000, 0.000000, 28.000000, 86.000000
 255.333333, 27.955614, 4.116188, 3.037859, 7.246736
 302.333333, 27.363837, 3.170893, 2.438809, 5.633958
 310.000000, 27.467742, 2.858065, 2.274194, 5.162366
 314.666667, 26.838983, 2.822034, 2.200212, 5.044492
 311.333333, 25.190578, 2.754818, 2.237687, 5.010707
 306.333333, 25.578890, 2.961915, 2.291621, 5.275299
 306.666667, 25.111957, 2.621739, 2.239130, 4.879348
 307.666667, 25.333694, 2.750813, 2.275190, 5.046587
 325.666667, 25.753327, 2.604913, 2.113613, 4.738997
 265.000000, 26.747170, 3.415094, 2.854088, 6.294340
 326.000000, 25.899796, 2.565440, 2.128834, 4.720859
 315.333333, 26.357294, 2.799154, 2.242072, 5.063425
 318.000000, 25.662474, 2.762055, 2.211740, 4.992662
 308.333333, 26.778378, 3.144865, 2.343784, 5.524324
 324.000000, 26.084362, 2.665638, 2.161523, 4.845679
 307.000000, 26.621064, 2.869707, 2.344191, 5.270358
 315.000000, 26.869841, 2.808466, 2.303704, 5.133333
 325.000000, 26.998974, 2.749744, 2.157949, 4.928205
 324.333333, 26.837616, 2.682425, 2.189106, 4.899281
 301.333333, 25.526549, 2.565265, 2.215708, 4.810841
 1, 21
 0.250000, 32.000000, 0.000000, 4.000000, 100.000000
 247.666667, 28.028264, 4.259758, 3.168237, 7.493943
 298.000000, 27.200224, 3.192394, 2.438479, 5.654362
 311.000000, 25.962487, 2.831726, 2.251876, 5.111468
 320.000000, 26.523958, 2.833333, 2.173958, 5.029167
 313.666667, 26.860786, 2.791711, 2.258236, 5.080765
 313.000000, 27.150160, 3.040469, 2.290735, 5.351438
 316.000000, 25.669831, 2.654008, 2.177215, 4.866034
 311.333333, 26.232334, 2.805139, 2.266595, 5.093148
 323.333333, 26.772165, 2.647423, 2.120619, 4.794845
 271.000000, 27.059041, 3.736777, 2.803198, 6.560886
 328.666667, 25.633874, 2.510142, 2.120690, 4.652130
 322.000000, 27.843685, 2.825052, 2.178054, 5.023810
 320.000000, 27.222917, 2.798958, 2.200000, 5.022917
 303.666667, 25.881449, 3.071350, 2.400659, 5.509330
 328.000000, 26.606707, 2.725610, 2.142276, 4.887195
 308.333333, 26.048649, 2.772973, 2.327568, 5.122162
 308.666667, 26.454644, 2.727862, 2.328294, 5.095032
 324.333333, 25.685509, 2.787256, 2.160329, 4.967112
 319.666667, 26.239833, 2.637122, 2.212722, 4.877998
 309.000000, 25.689320, 2.553398, 2.140237, 4.715210
 2, 21
 0.250000, 29.000000, 0.000000, 29.000000, 85.000000
 245.000000, 28.695238, 4.261224, 3.193197, 7.521088
 304.000000, 27.844298, 3.282895, 2.416667, 5.720395
 305.666667, 25.671756, 2.796074, 2.262814, 5.104689
 313.333333, 26.411702, 2.819149, 2.194681, 5.041489
 314.333333, 26.282078, 2.784730, 2.202545, 5.021209
 303.333333, 26.235165, 2.934066, 2.309890, 5.279121
 311.333333, 25.302998, 2.682013, 2.224839, 4.940043
 309.333333, 25.035560, 2.786638, 2.265086, 5.072198
 325.333333, 26.030738, 2.631148, 2.128074, 4.785861
 265.666667, 25.564617, 3.233375, 2.840652, 6.092848
 328.666667, 25.277890, 2.553753, 2.110548, 4.691684
 319.333333, 26.114823, 2.782881, 2.191023, 5.008351
 316.333333, 25.743941, 2.750263, 2.239199, 5.009484
 277.666667, 26.801921, 3.079232, 2.678271, 5.779112
 319.000000, 25.339603, 2.681296, 2.155695, 4.866249
 314.000000, 25.219745, 2.876858, 2.268577, 5.166667
 312.000000, 26.694444, 2.766026, 2.344017, 5.147436
 325.000000, 26.073846, 2.734359, 2.163077, 4.915897
 328.666667, 27.323529, 2.682556, 2.162272, 4.872211
 306.666667, 25.856522, 2.564130, 2.185870, 4.773913
 3, 21
 0.250000, 34.000000, 0.000000, 26.000000, 77.000000
 226.000000, 27.536873, 4.175516, 3.520649, 7.772861
 294.000000, 26.704082, 3.233560, 2.489796, 5.742630
 306.000000, 25.819172, 2.794118, 2.277778, 5.115468
 313.333333, 25.855319, 2.782979, 2.185106, 5.012766
 310.666667, 25.940987, 2.854077, 2.221030, 5.096567
 311.000000, 26.898178, 2.948553, 2.270096, 5.240086
 311.333333, 25.291221, 2.692719, 2.210921, 4.931478
 314.666667, 26.476695, 2.854873, 2.222458, 5.105932
 327.666667, 26.506612, 2.688708, 2.106816, 4.815870
 266.666667, 25.750000, 3.295000, 2.838750, 6.155000
 333.000000, 26.564565, 2.555556, 2.101101, 4.678679
 325.333333, 27.873975, 2.925205, 2.176230, 5.122951
 321.333333, 26.179461, 2.807054, 2.183610, 5.009336
 299.000000, 25.767001, 2.989967, 2.413601, 5.422520
 327.333333, 26.642566, 2.719959, 2.143585, 4.892057
 307.666667, 26.091008, 2.865655, 2.319610, 5.216685
 317.000000, 25.920084, 2.725552, 2.279706, 5.031546
 318.000000, 26.341719, 2.680294, 2.185535, 4.899371
 318.666667, 25.603556, 2.586820, 2.197699, 4.819038
 308.000000, 25.404762, 2.602814, 2.161255, 4.809524
 4, 21
 0.250000, 28.000000, 0.000000, 6.000000, 107.000000
 257.000000, 27.966278, 3.992218, 3.123217, 7.171206
 296.000000, 26.689189, 3.216216, 2.486486, 5.731982
 309.000000, 25.272923, 2.782093, 2.265372, 5.085221
 310.666667, 25.535408, 2.751073, 2.202790, 4.982833
 314.000000, 26.088110, 2.823779, 2.220807, 5.066879
 302.666667, 25.968062, 2.879956, 2.283040, 5.198238
 306.000000, 26.143791, 2.749455, 2.261438, 5.031590
 307.333333, 25.500000, 2.753796, 2.252711, 5.035792
 321.666667, 25.688083, 2.565803, 2.124352, 4.719171
 259.666667, 26.386393, 3.419769, 2.878049, 6.323492
 329.333333, 25.996964, 2.597166, 2.103239, 4.722672
 313.000000, 26.561235, 2.757188, 2.239617, 5.018104
 316.666667, 25.737895, 2.783158, 2.212632, 5.015789
 305.000000, 25.980328, 2.942077, 2.347541, 5.345355
 325.000000, 26.676923, 2.694359, 2.152821, 4.874872
 312.333333, 26.012807, 2.803629, 2.248666, 5.094984
 315.000000, 26.326984, 2.824339, 2.269841, 5.116402
 326.333333, 26.784474, 2.782431, 2.149132, 4.953013
 316.000000, 25.426160, 2.680380, 2.226793, 4.927215
 302.000000, 25.842163, 2.549669, 2.211921, 4.783664
 5, 21
 0.250000, 8.000000, 0.000000, 8.000000, 116.000000
 224.666667, 26.922849, 4.129080, 3.525223, 7.700297
 307.333333, 27.497831, 3.293926, 2.377440, 5.702820
 306.666667, 26.332609, 2.806522, 2.276087, 5.110870
 309.666667, 26.284177, 2.743811, 2.230355, 5.009688
 309.000000, 25.265372, 2.734628, 2.259978, 5.021575
 305.000000, 27.338798, 2.924590, 2.301639, 5.246995
 310.333333, 26.163265, 2.756176, 2.187970, 4.965628
 304.666667, 25.397155, 2.861050, 2.278993, 5.160832
 321.333333, 25.362033, 2.557054, 2.117220, 4.704357
 266.000000, 26.189223, 3.334586, 2.854637, 6.210526
 319.333333, 25.363257, 2.528184, 2.147182, 4.696242
 313.000000, 26.451544, 2.830671, 2.252396, 5.101171
 319.666667, 26.673618, 2.758081, 2.206465, 4.984359
 301.333333, 26.779867, 2.934735, 2.430310, 5.384956
 329.000000, 26.622087, 2.720365, 2.133739, 4.894630
 317.666667, 26.395593, 2.850997, 2.230850, 5.131165
 310.000000, 26.484946, 2.706452, 2.375269, 5.104301
 331.333333, 25.707243, 2.607646, 2.071429, 4.709256
 317.666667, 26.288562, 2.643232, 2.238195, 4.904512
 306.666667, 26.027174, 2.558696, 2.128261, 4.718478
 6, 21
 0.250000, 6.000000, 0.000000, 3.000000, 121.000000
 258.666667, 27.886598, 4.121134, 3.000000, 7.192010
 306.666667, 27.215217, 3.228261, 2.368478, 5.619565
 311.333333, 25.690578, 2.791221, 2.254818, 5.081370
 313.666667, 25.954304, 2.814028, 2.190223, 5.024442
 311.333333, 26.309422, 2.827623, 2.279443, 5.128480
 305.333333, 25.895197, 2.889738, 2.302402, 5.216157
 313.666667, 26.243358, 2.676939, 2.185972, 4.884166
 312.333333, 25.688367, 2.880470, 2.273212, 5.173959
 328.333333, 25.942132, 2.667005, 2.118782, 4.807107
 270.000000, 26.159259, 3.609877, 2.833333, 6.465432
 335.000000, 27.139303, 2.637811, 2.088557, 4.747264
 318.333333, 27.225131, 2.846073, 2.211518, 5.089005
 315.666667, 26.338965, 2.769799, 2.218585, 5.019007
 302.666667, 26.568282, 3.018722, 2.421806, 5.475771
 329.000000, 27.439716, 2.782168, 2.142857, 4.953394
 308.333333, 26.267027, 2.796757, 2.303784, 5.129730
 310.666667, 26.359442, 2.747854, 2.272532, 5.052575
 325.000000, 26.528205, 2.774359, 2.139487, 4.945641
 318.666667, 26.354603, 2.630753, 2.208159, 4.868201
 308.000000, 26.070346, 2.612554, 2.151515, 4.793290
 7, 21
 0.250000, 16.000000, 0.000000, 7.000000, 107.000000
 233.666667, 27.573466, 4.178317, 3.168331, 7.547789
 298.666667, 26.070313, 3.001116, 2.420759, 5.449777
 305.333333, 26.134279, 2.806769, 2.328603, 5.157205
 310.000000, 25.230108, 2.803226, 2.217204, 5.048387
 318.000000, 26.877358, 2.897275, 2.221174, 5.174004
 298.666667, 25.667411, 2.872768, 2.345982, 5.247768
 312.000000, 26.220085, 2.704060, 2.186966, 4.910256
 317.333333, 26.620798, 2.776261, 2.205882, 5.003151
 327.666667, 25.391658, 2.635809, 2.105799, 4.760936
 263.333333, 26.406329, 3.260759, 2.854430, 6.144304
 330.333333, 26.940464, 2.599395, 2.123108, 4.743693
 317.666667, 26.860441, 2.799580, 2.205666, 5.034627
 310.666667, 25.528970, 2.688841, 2.253219, 4.961373
 307.000000, 26.801303, 3.089034, 2.378936, 5.487514
 330.666667, 27.073589, 2.772177, 2.165323, 4.958669
 305.333333, 26.044760, 2.894105, 2.327511, 5.264192
 312.000000, 26.381410, 2.779915, 2.319444, 5.138889
 330.666667, 26.507056, 2.801411, 2.125000, 4.946573
 318.666667, 26.645397, 2.677824, 2.257322, 4.962343
 305.333333, 25.387555, 2.555677, 2.167031, 4.746725
 8, 21
 0.250000, 7.000000, 0.000000, 9.000000, 117.000000
 255.666667, 27.941330, 3.956975, 3.089961, 7.079531
 297.333333, 25.855381, 3.115471, 2.454036, 5.589686
 309.666667, 25.657696, 2.778256, 2.272336, 5.079656
 316.666667, 26.500000, 2.823158, 2.193684, 5.045263
 309.666667, 25.888052, 2.786868, 2.252960, 5.065662
 312.000000, 27.446581, 3.029915, 2.269231, 5.325855
 306.666667, 26.478261, 2.708696, 2.220652, 4.950000
 314.000000, 25.401274, 2.826964, 2.252654, 5.100849
 326.000000, 26.611452, 2.683027, 2.125767, 4.828221
 269.333333, 26.263614, 3.721535, 2.850248, 6.592822
 337.666667, 26.356367, 2.561698, 2.065153, 4.646594
 320.000000, 26.404167, 2.865625, 2.195833, 5.082292
 310.000000, 25.082796, 2.697849, 2.238710, 4.962366
 299.000000, 26.480491, 3.105909, 2.421405, 5.547380
 325.666667, 26.816786, 2.686796, 2.153531, 4.875128
 310.333333, 25.908700, 2.843179, 2.285714, 5.155747
 314.000000, 27.027601, 2.791932, 2.291932, 5.106157
 332.000000, 27.019076, 2.812249, 2.123494, 4.956827
 317.333333, 26.030462, 2.695378, 2.237395, 4.953782
 309.333333, 26.228448, 2.551724, 2.177802, 4.750000
 9, 21
 0.250000, 7.000000, 0.000000, 10.000000, 117.000000
 244.000000, 27.591530, 4.118852, 3.180328, 7.364754
 282.333333, 26.558442, 3.108619, 2.608028, 5.747344
 287.666667, 24.625724, 2.684820, 2.471611, 5.195829
 305.000000, 25.920219, 2.744262, 2.234973, 4.997814
 312.333333, 25.852721, 2.819637, 2.263607, 5.103522
 310.000000, 26.706452, 2.924731, 2.286022, 5.237634
 309.333333, 26.380388, 2.751078, 2.235991, 5.008621
 309.000000, 25.649407, 2.761597, 2.264293, 5.047465
 329.666667, 26.485339, 2.640040, 2.095046, 4.759353
 259.000000, 25.512227, 3.325611, 2.863578, 6.209781
 327.333333, 25.769857, 2.483707, 2.089613, 4.608961
 319.333333, 28.084551, 2.804802, 2.204593, 5.030271
 318.333333, 26.810471, 2.827225, 2.209424, 5.064921
 304.333333, 27.634173, 3.036145, 2.388828, 5.446878
 321.333333, 26.445021, 2.656639, 2.207469, 4.884855
 309.666667, 26.058127, 2.766416, 2.313240, 5.114101
 313.333333, 26.778723, 2.826596, 2.314894, 5.162766
 329.000000, 26.124620, 2.669706, 2.118541, 4.808511
 322.333333, 27.137539, 2.674250, 2.213030, 4.917270
 307.333333, 25.827549, 2.575922, 2.122560, 4.726681
 10, 21
 0.250000, 16.000000, 0.000000, 6.000000, 106.000000
 256.666667, 27.654545, 4.135065, 3.161039, 7.340260
 300.000000, 26.601111, 3.038889, 2.441111, 5.503333
 306.666667, 26.588043, 2.791304, 2.289130, 5.102174
 311.333333, 25.865096, 2.777302, 2.226981, 5.033191
 310.333333, 25.603652, 2.792696, 2.237379, 5.058002
 298.000000, 25.561521, 2.870246, 2.395973, 5.285235
 310.666667, 25.860515, 2.664163, 2.181330, 4.865880
 312.000000, 25.543803, 2.714744, 2.255342, 4.990385
 331.000000, 26.184290, 2.643505, 2.090634, 4.756294
 261.666667, 25.807643, 3.438217, 2.858599, 6.326115
 337.000000, 26.662710, 2.567755, 2.076162, 4.666667
 319.000000, 27.088819, 2.796238, 2.211076, 5.033438
 309.666667, 25.882670, 2.768568, 2.260495, 5.051668
 306.000000, 26.685185, 3.053377, 2.404139, 5.477124
 323.000000, 26.542828, 2.702786, 2.163055, 4.887513
 309.666667, 26.423036, 2.852530, 2.283100, 5.188375
 311.333333, 25.786938, 2.724839, 2.323340, 5.074946
 326.000000, 25.815951, 2.634969, 2.107362, 4.766871
 320.333333, 26.119667, 2.632674, 2.227888, 4.903226
 306.000000, 25.003268, 2.547930, 2.186275, 4.753813
 11, 21
 0.250000, 14.000000, 0.000000, 7.000000, 106.000000
 241.666667, 26.480000, 3.769655, 3.165517, 7.030345
 294.333333, 27.287656, 3.132503, 2.471121, 5.624009
 310.000000, 26.140860, 2.836559, 2.238710, 5.096774
 314.333333, 26.093319, 2.779427, 2.187699, 4.989396
 315.000000, 26.535450, 2.792593, 2.231746, 5.044444
 313.666667, 27.558980, 2.964931, 2.246546, 5.240170
 313.333333, 26.497872, 2.797872, 2.197872, 5.022340
 315.333333, 26.194503, 2.800211, 2.235729, 5.065539
 328.000000, 26.845528, 2.682927, 2.120935, 4.832317
 272.000000, 26.779412, 3.645833, 2.796569, 6.473039
 335.333333, 26.427435, 2.543738, 2.071571, 4.639165
 320.666667, 26.875260, 2.834719, 2.191268, 5.046778
 316.333333, 25.229715, 2.711275, 2.197050, 4.942044
 309.666667, 26.854682, 3.022605, 2.354144, 5.396125
 327.000000, 26.428135, 2.720693, 2.159021, 4.899083
 306.333333, 26.013058, 2.872688, 2.339499, 5.233950
 312.333333, 26.517609, 2.814301, 2.357524, 5.202775
 328.333333, 26.142132, 2.746193, 2.157360, 4.922843
 323.333333, 26.792784, 2.651546, 2.191753, 4.873196
 300.333333, 24.874584, 2.539401, 2.195339, 4.756937
 12, 21
 0.250000, 13.000000, 0.000000, 6.000000, 106.000000
 232.000000, 27.152299, 3.823276, 3.373563, 7.267241
 302.000000, 28.152318, 3.231788, 2.424945, 5.679912
 304.333333, 26.676889, 2.738226, 2.282585, 5.040526
 313.666667, 26.421892, 2.806589, 2.210414, 5.036132
 318.666667, 26.459205, 2.822176, 2.193515, 5.035565
 320.000000, 27.879167, 3.043750, 2.228125, 5.295833
 308.333333, 25.782703, 2.674595, 2.228108, 4.922162
 313.000000, 25.859425, 2.728435, 2.206603, 4.965921
 320.666667, 25.571726, 2.604990, 2.101871, 4.734927
 258.333333, 26.122581, 3.294194, 2.907097, 6.240000
 327.000000, 25.432212, 2.497452, 2.111111, 4.636086
 323.000000, 27.514964, 2.803922, 2.215686, 5.047472
 310.333333, 25.619764, 2.751880, 2.235231, 5.006445
 297.666667, 26.298992, 3.058231, 2.437850, 5.535274
 324.000000, 25.924897, 2.706790, 2.145062, 4.871399
 311.000000, 25.826367, 2.857449, 2.306538, 5.196141
 314.333333, 26.348887, 2.755037, 2.236479, 5.027572
 321.000000, 26.258567, 2.684320, 2.194185, 4.897196
 315.333333, 26.395349, 2.690275, 2.282241, 5.000000
 308.666667, 25.861771, 2.642549, 2.200864, 4.863931
 13, 21
 0.250000, 12.000000, 0.000000, 6.000000, 106.000000
 259.666667, 28.222080, 4.127086, 2.994865, 7.193838
 296.333333, 27.329584, 3.260967, 2.494938, 5.777278
 311.000000, 26.449089, 2.892819, 2.286174, 5.200429
 316.000000, 26.862869, 2.847046, 2.196203, 5.066456
 312.666667, 27.162047, 2.852878, 2.226013, 5.110874
 308.000000, 27.170996, 2.924242, 2.296537, 5.247835
 308.666667, 25.585313, 2.555076, 2.203024, 4.777538
 307.333333, 24.942516, 2.716920, 2.283080, 5.019523
 324.666667, 26.167351, 2.640657, 2.123203, 4.784394
 258.666667, 25.260309, 3.353093, 2.925258, 6.301546
 329.666667, 26.098079, 2.568251, 2.098079, 4.687563
 317.333333, 26.153361, 2.789916, 2.176471, 5.005252
 316.000000, 25.830169, 2.738397, 2.224684, 4.982068
 304.000000, 27.013158, 3.117325, 2.421053, 5.574561
 326.333333, 26.813075, 2.753830, 2.160368, 4.938713
 316.666667, 26.415789, 2.849474, 2.251579, 5.153684
 317.000000, 27.157729, 2.797056, 2.311251, 5.132492
 323.666667, 26.144181, 2.677652, 2.132853, 4.832132
 320.000000, 26.610417, 2.656250, 2.211458, 4.887500
 304.666667, 25.656455, 2.576586, 2.157549, 4.761488
 14, 21
 0.250000, 27.000000, 0.000000, 37.000000, 82.000000
 257.666667, 26.948254, 4.294955, 3.000000, 7.375162
 298.666667, 27.166295, 3.140625, 2.452009, 5.619420
 304.666667, 25.200219, 2.760394, 2.271335, 5.060175
 313.666667, 25.623804, 2.769394, 2.229543, 5.018066
 309.666667, 25.791173, 2.749193, 2.246502, 5.037675
 308.333333, 26.819459, 2.967568, 2.290811, 5.298378
 311.000000, 26.289389, 2.633441, 2.187567, 4.848875
 317.000000, 26.484753, 2.758149, 2.249211, 5.030494
 325.666667, 26.598772, 2.650972, 2.095189, 4.773797
 260.666667, 25.413043, 3.136829, 2.872123, 6.029412
 325.333333, 26.202869, 2.555328, 2.145492, 4.721311
 319.666667, 26.843587, 2.815433, 2.188738, 5.031283
 313.000000, 26.276890, 2.765708, 2.248136, 5.041534
 302.333333, 25.834620, 3.022051, 2.399118, 5.441014
 327.333333, 26.426680, 2.751527, 2.179226, 4.958248
 311.000000, 26.469453, 2.804930, 2.287245, 5.126474
 311.666667, 26.664171, 2.768984, 2.339037, 5.162567
 331.000000, 26.375629, 2.668681, 2.113797, 4.802618
 325.666667, 26.346981, 2.724667, 2.194473, 4.947799
 309.666667, 25.618945, 2.614639, 2.132400, 4.773950
 15, 21
 0.250000, 32.000000, 0.000000, 34.000000, 74.000000
 212.333333, 26.025118, 4.116170, 3.607535, 7.799058
 300.333333, 27.843507, 3.173141, 2.448391, 5.643729
 312.333333, 26.909285, 2.896478, 2.278549, 5.196371
 314.666667, 26.872881, 2.832627, 2.226695, 5.087924
 311.333333, 25.904711, 2.773019, 2.237687, 5.032120
 315.000000, 26.964021, 2.962963, 2.299471, 5.282540
 309.333333, 25.088362, 2.640086, 2.196121, 4.876078
 307.333333, 24.781996, 2.789588, 2.273319, 5.081345
 322.333333, 25.854188, 2.596691, 2.110651, 4.729059
 260.000000, 25.328205, 3.139744, 2.847436, 6.007692
 329.666667, 26.127401, 2.583418, 2.104146, 4.708797
 317.666667, 26.955929, 2.841553, 2.198321, 5.068206
 313.000000, 25.740149, 2.684771, 2.240682, 4.952077
 309.666667, 27.283100, 3.184069, 2.333692, 5.539290
 326.333333, 26.437181, 2.699694, 2.166496, 4.884576
 308.000000, 26.522727, 2.873377, 2.318182, 5.225108
 314.666667, 25.273305, 2.761653, 2.318856, 5.111229
 329.000000, 26.539007, 2.758865, 2.115502, 4.902736
 321.333333, 26.271784, 2.700207, 2.192946, 4.915975
 308.000000, 25.547619, 2.576840, 2.165584, 4.771645
 16, 21
 0.250000, 27.000000, 0.000000, 30.000000, 82.000000
 253.333333, 27.718421, 4.084211, 3.101316, 7.256579
 301.666667, 26.807735, 3.162431, 2.430939, 5.624309
 309.000000, 26.956850, 2.864078, 2.297735, 5.182309
 310.666667, 25.943133, 2.828326, 2.225322, 5.083691
 316.333333, 25.916754, 2.822972, 2.194942, 5.038988
 309.666667, 26.762110, 2.948332, 2.280947, 5.249731
 314.000000, 26.124204, 2.679406, 2.185775, 4.885350
 308.333333, 25.030270, 2.805405, 2.238919, 5.072432
 329.000000, 26.613982, 2.684904, 2.087133, 4.794326
 266.000000, 26.713033, 3.424812, 2.824561, 6.273183
 329.666667, 25.884732, 2.593529, 2.121335, 4.734075
 323.666667, 27.770340, 2.934089, 2.184346, 5.140062
 320.666667, 27.673597, 2.827443, 2.200624, 5.056133
 308.333333, 27.176216, 3.290811, 2.378378, 5.696216
 331.333333, 26.879276, 2.745473, 2.132797, 4.898390
 312.666667, 26.056503, 2.872068, 2.299574, 5.207889
 308.666667, 26.544276, 2.714903, 2.333693, 5.076674
 332.666667, 27.006012, 2.724449, 2.085170, 4.829659
 321.333333, 26.223029, 2.698133, 2.196058, 4.914938
 305.000000, 25.551913, 2.587978, 2.132240, 4.742077
 17, 21
 0.250000, 33.000000, 0.000000, 27.000000, 75.000000
 252.000000, 29.407407, 4.255291, 3.136243, 7.521164
 290.666667, 27.465596, 3.254587, 2.588303, 5.864679
 297.333333, 26.323991, 2.744395, 2.386771, 5.154709
 309.000000, 25.655879, 2.747573, 2.234088, 5.002157
 308.000000, 25.625541, 2.715368, 2.255411, 4.998918
 304.000000, 25.577851, 2.927632, 2.322368, 5.270833
 313.666667, 26.007439, 2.709883, 2.193411, 4.923486
 312.666667, 25.373134, 2.712154, 2.226013, 4.991471
 325.000000, 26.405128, 2.657436, 2.116923, 4.803077
 264.000000, 26.125000, 3.102273, 2.838384, 5.962121
 327.666667, 25.268566, 2.576806, 2.136317, 4.741607
 316.000000, 26.880802, 2.767932, 2.218354, 5.005274
 319.333333, 26.962422, 2.877871, 2.182672, 5.091858
 297.333333, 25.854260, 3.019058, 2.346413, 5.433857
 325.333333, 26.480533, 2.645492, 2.161885, 4.828893
 309.666667, 25.804090, 2.844995, 2.316469, 5.181916
 315.333333, 26.050740, 2.828753, 2.301268, 5.165962
 334.333333, 26.186441, 2.734796, 2.077767, 4.838485
 318.333333, 26.098429, 2.673298, 2.229319, 4.929843
 303.666667, 25.118551, 2.546652, 2.169045, 4.743139
 18, 21
 0.250000, 32.000000, 0.000000, 27.000000, 74.000000
 256.000000, 29.298177, 4.187500, 3.075521, 7.375000
 298.000000, 27.439597, 3.222595, 2.428412, 5.673378
 311.666667, 26.821390, 2.898396, 2.275936, 5.198930
 314.000000, 26.294055, 2.812102, 2.232484, 5.064756
 315.000000, 27.110053, 2.812698, 2.242328, 5.086772
 306.333333, 26.412405, 2.923830, 2.311208, 5.258977
 313.666667, 25.697131, 2.746015, 2.214665, 4.980871
 310.666667, 26.342275, 2.850858, 2.286481, 5.168455
 330.333333, 26.807265, 2.698285, 2.117053, 4.837538
 263.666667, 26.410872, 3.048040, 2.834387, 5.903919
 329.333333, 26.404858, 2.566802, 2.102227, 4.691296
 322.666667, 27.370868, 2.881198, 2.217975, 5.119835
 322.666667, 27.476240, 2.797521, 2.178719, 5.006198
 312.333333, 26.895411, 3.118463, 2.330843, 5.479189
 321.333333, 26.017635, 2.639004, 2.163900, 4.831950
 312.666667, 25.436034, 2.832623, 2.280384, 5.151386
 307.000000, 25.877307, 2.720955, 2.376764, 5.124864
 327.333333, 26.189409, 2.597760, 2.141548, 4.759674
 316.666667, 25.825263, 2.624211, 2.208421, 4.868421
 302.666667, 24.718062, 2.573789, 2.212555, 4.807269
 19, 21
 0.250000, 24.000000, 0.000000, 39.000000, 86.000000
 247.333333, 28.737197, 4.222372, 3.181941, 7.483827
 295.333333, 26.121896, 3.031603, 2.462754, 5.520316
 311.333333, 26.351178, 2.867238, 2.254818, 5.142398
 308.333333, 25.787027, 2.766486, 2.245405, 5.040000
 318.000000, 27.085954, 2.841719, 2.171908, 5.049266
 304.000000, 25.770833, 2.876096, 2.296053, 5.200658
 311.666667, 25.750802, 2.683422, 2.182888, 4.902674
 307.666667, 25.284940, 2.799567, 2.265439, 5.085590
 324.666667, 25.912731, 2.598563, 2.123203, 4.742300
 260.000000, 25.346154, 3.175641, 2.841026, 6.037179
 334.333333, 26.987039, 2.620140, 2.099701, 4.741775
 322.333333, 27.434333, 2.869700, 2.186143, 5.077559
 321.333333, 26.991701, 2.802905, 2.177386, 5.001037
 307.666667, 27.328277, 3.108342, 2.390033, 5.526544
 319.666667, 25.997914, 2.665276, 2.193952, 4.879041
 308.000000, 25.649351, 2.856061, 2.322511, 5.200216
 311.333333, 26.447537, 2.704497, 2.269807, 5.014989
 324.333333, 25.891059, 2.758479, 2.146968, 4.931141
 327.333333, 26.787169, 2.724033, 2.187373, 4.948065
 312.000000, 26.401709, 2.606838, 2.144231, 4.772436
 20, 21
 0.250000, 10.000000, 0.000000, 2.000000, 118.000000
 254.333333, 28.568807, 4.161206, 3.112713, 7.317169
 295.666667, 26.257046, 3.094701, 2.436302, 5.552424
 310.000000, 25.306452, 2.793548, 2.281720, 5.095699
 317.000000, 26.725552, 2.826498, 2.172450, 5.022082
 313.000000, 26.790202, 2.837061, 2.237487, 5.102236
 308.666667, 26.323974, 2.896328, 2.245140, 5.171706
 315.333333, 26.494715, 2.797040, 2.196617, 5.014799
 310.333333, 24.972073, 2.712137, 2.177229, 4.949517
 329.333333, 26.442308, 2.581984, 2.073887, 4.675101
 268.333333, 26.162733, 3.424845, 2.809938, 6.254658
 333.333333, 26.360000, 2.640000, 2.112000, 4.777000
 323.666667, 28.020597, 2.866117, 2.184346, 5.080330
 315.333333, 26.124736, 2.752643, 2.215645, 4.989429
 301.666667, 26.712707, 3.155801, 2.418785, 5.603315
 318.666667, 26.895397, 2.684100, 2.233264, 4.940377
 318.000000, 26.514675, 2.912998, 2.273585, 5.208595
 310.666667, 26.318670, 2.812232, 2.303648, 5.136266
 327.000000, 26.525994, 2.755352, 2.138634, 4.938838
 320.000000, 26.706250, 2.646875, 2.220833, 4.891667
 306.000000, 25.933551, 2.563181, 2.129630, 4.714597
 21, 21
 0.250000, 31.000000, 0.000000, 29.000000, 74.000000
 234.333333, 28.520626, 4.257468, 3.362731, 7.687055
 298.333333, 26.783240, 3.043575, 2.501676, 5.583240
 309.666667, 26.862217, 2.813778, 2.280947, 5.116254
 315.333333, 26.864693, 2.811839, 2.192389, 5.027484
 311.000000, 25.476956, 2.767417, 2.241158, 5.030011
 313.666667, 26.795962, 2.929862, 2.269926, 5.230606
 313.000000, 26.236422, 2.692226, 2.173589, 4.887114
 288.666667, 25.144342, 2.681293, 2.513857, 5.217090
 329.333333, 26.930162, 2.650810, 2.119433, 4.790486
 261.333333, 25.877551, 3.524235, 2.860969, 6.405612
 332.000000, 25.878514, 2.551205, 2.098394, 4.675703
 312.333333, 26.501601, 2.803629, 2.214514, 5.037353
 313.000000, 26.303514, 2.753994, 2.238552, 5.010650
 305.666667, 26.826609, 3.140676, 2.380589, 5.557252
 324.333333, 26.017472, 2.720452, 2.160329, 4.908530
 309.000000, 25.985976, 2.797195, 2.231931, 5.133765
 310.666667, 26.122318, 2.729614, 2.305794, 5.078326
 331.666667, 25.918593, 2.680402, 2.093467, 4.794975
 317.000000, 26.493165, 2.687697, 2.237645, 4.945321
 307.666667, 26.358613, 2.605634, 2.154930, 4.783315
 22, 21
 0.250000, 18.000000, 0.000000, 3.000000, 92.000000
 237.000000, 27.191280, 4.059072, 3.295359, 7.416315
 300.000000, 26.252222, 3.123333, 2.417778, 5.566667
 298.000000, 25.743848, 2.682327, 2.341163, 5.059284
 315.000000, 25.833862, 2.753439, 2.171429, 4.944974
 314.666667, 26.710805, 2.830508, 2.255297, 5.104873
 300.666667, 26.048780, 2.879157, 2.300443, 5.237251
 315.333333, 26.113108, 2.692389, 2.183932, 4.899577
 311.666667, 25.835294, 2.779679, 2.213904, 5.055615
 331.000000, 26.934542, 2.670695, 2.090634, 4.783484
 261.666667, 25.092994, 3.165605, 2.862420, 6.057325
 322.666667, 25.840909, 2.490702, 2.148760, 4.659091
 319.666667, 27.183525, 2.838373, 2.189781, 5.047967
 315.666667, 26.928194, 2.753960, 2.206969, 4.984161
 280.333333, 25.634958, 3.028537, 2.649227, 5.699168
 328.333333, 26.086294, 2.745178, 2.156345, 4.927919
 313.333333, 26.619149, 2.920213, 2.314894, 5.256383
 320.000000, 26.843750, 2.795833, 2.318750, 5.136458
 331.666667, 27.118593, 2.706533, 2.102513, 4.830151
 322.666667, 26.947314, 2.738636, 2.215909, 4.976240
 308.666667, 25.521598, 2.585313, 2.100432, 4.705184
 23, 21
 0.250000, 1.000000, 0.000000, 7.000000, 114.000000
 242.000000, 28.458678, 4.053719, 3.348485, 7.479339
 299.333333, 26.721604, 3.102450, 2.447661, 5.572383
 307.333333, 25.459870, 2.740781, 2.265727, 5.059653
 310.333333, 25.693878, 2.805585, 2.197637, 5.032223
 317.333333, 25.951681, 2.775210, 2.212185, 5.010504
 309.333333, 27.120690, 3.003233, 2.315733, 5.340517
 312.666667, 25.646055, 2.788913, 2.172708, 5.001066
 312.000000, 25.503205, 2.772436, 2.235043, 5.026709
 324.000000, 25.738683, 2.558642, 2.120370, 4.699588
 261.000000, 25.432950, 3.158365, 2.867178, 6.054917
 335.000000, 26.383085, 2.575124, 2.074627, 4.671642
 321.000000, 27.604361, 2.870197, 2.217030, 5.114226
 318.666667, 26.557531, 2.777197, 2.175732, 4.973849
 298.000000, 26.269575, 3.091723, 2.420582, 5.540268
 324.000000, 25.765432, 2.698560, 2.173868, 4.893004
 318.000000, 26.751572, 2.910901, 2.271488, 5.203354
 314.000000, 26.612527, 2.816348, 2.264331, 5.115711
 317.666667, 25.601259, 2.675761, 2.185729, 4.889822
 317.000000, 26.735016, 2.635121, 2.227129, 4.885384
 306.333333, 25.657236, 2.596300, 2.171926, 4.791077
 24, 21
 0.250000, 24.000000, 0.000000, 37.000000, 74.000000
 207.000000, 27.692432, 4.177134, 3.692432, 7.956522
 297.333333, 27.246637, 3.056054, 2.450673, 5.534753
 297.000000, 25.634119, 2.804714, 2.433221, 5.259259
 322.000000, 27.704969, 2.928571, 2.168737, 5.119048
 312.333333, 25.360726, 2.778015, 2.219851, 5.018143
 306.666667, 26.091304, 2.921739, 2.309783, 5.266304
 315.333333, 26.061311, 2.728330, 2.206131, 4.961945
 311.666667, 25.125134, 2.788235, 2.265241, 5.073797
 323.000000, 26.101135, 2.584107, 2.128999, 4.732714
 260.333333, 25.994878, 3.256082, 2.895006, 6.176697
 327.333333, 26.234216, 2.537678, 2.152749, 4.709776
 317.333333, 27.059874, 2.850840, 2.218487, 5.089286
 313.333333, 26.250000, 2.804255, 2.248936, 5.074468
 286.000000, 27.079254, 3.015152, 2.582751, 5.636364
 326.666667, 25.923469, 2.652041, 2.142857, 4.822449
 309.000000, 25.118662, 2.859763, 2.257821, 5.172600
 316.666667, 26.638947, 2.860000, 2.320000, 5.202105
 326.333333, 26.099081, 2.642492, 2.109295, 4.771195
 317.333333, 26.783613, 2.614496, 2.244748, 4.879202
 306.000000, 25.127451, 2.586057, 2.190632, 4.797386
 25, 21
 0.250000, 26.000000, 0.000000, 37.000000, 73.000000
 257.000000, 29.098573, 4.202335, 3.027237, 7.304799
 303.000000, 26.477448, 3.089109, 2.401540, 5.511551
 308.666667, 25.473002, 2.818575, 2.262419, 5.101512
 312.000000, 25.790598, 2.768162, 2.242521, 5.033120
 316.666667, 26.477895, 2.796842, 2.184211, 5.030526
 302.333333, 26.573319, 2.890849, 2.334068, 5.249173
 307.666667, 24.783315, 2.696641, 2.250271, 4.965330
 316.000000, 25.703586, 2.825949, 2.207806, 5.054852
 314.666667, 25.365466, 2.576271, 2.157839, 4.770127
 264.333333, 26.107188, 3.389660, 2.838588, 6.248424
 333.000000, 27.104104, 2.586587, 2.084084, 4.691692
 319.000000, 26.407524, 2.842215, 2.212121, 5.075235
 315.000000, 25.950265, 2.686772, 2.208466, 4.921693
 299.000000, 25.374582, 2.957637, 2.396878, 5.389075
 327.333333, 26.125255, 2.725051, 2.182281, 4.925662
 308.666667, 26.293737, 2.865011, 2.316415, 5.201944
 316.333333, 26.494204, 2.817703, 2.328767, 5.181243
 323.000000, 25.976264, 2.726522, 2.156863, 4.907121
 317.000000, 26.146162, 2.689800, 2.249211, 4.960042
 304.333333, 25.546550, 2.558598, 2.156627, 4.737130
 26, 21
 0.250000, 32.000000, 0.000000, 27.000000, 62.000000
 246.333333, 28.960758, 4.278755, 3.258457, 7.611637
 296.666667, 26.189888, 3.111236, 2.475281, 5.607865
 308.666667, 25.953564, 2.830454, 2.293737, 5.145788
 311.000000, 26.387996, 2.797428, 2.211147, 5.038585
 311.666667, 26.022460, 2.789305, 2.214973, 5.025668
 304.666667, 25.902626, 2.849015, 2.303063, 5.184902
 320.000000, 26.447917, 2.694792, 2.141667, 4.857292
 310.333333, 25.804511, 2.772288, 2.288937, 5.081633
 323.666667, 26.316169, 2.638517, 2.102987, 4.768280
 263.333333, 25.253165, 3.131646, 2.869620, 6.030380
 325.666667, 25.700102, 2.533265, 2.133060, 4.694985
 319.666667, 27.335766, 2.876955, 2.213764, 5.110532
 326.000000, 26.604294, 2.797546, 2.179959, 5.006135
 294.333333, 27.293318, 3.133635, 2.486976, 5.642129
 329.666667, 27.009100, 2.695652, 2.151668, 4.876643
 282.000000, 25.325059, 2.867612, 2.568558, 5.517730
 311.666667, 26.508021, 2.781818, 2.328342, 5.132620
 315.666667, 26.244984, 2.702218, 2.206969, 4.942978
 321.000000, 26.178609, 2.638629, 2.184839, 4.852544
 302.333333, 25.389195, 2.592062, 2.170893, 4.793826
 27, 21
 0.250000, 25.000000, 0.000000, 42.000000, 73.000000
 260.666667, 28.883632, 4.580563, 3.042199, 7.696931
 301.000000, 27.451827, 3.214839, 2.464009, 5.700997
 306.000000, 25.145969, 2.748366, 2.288671, 5.074074
 310.000000, 26.045161, 2.815054, 2.248387, 5.090323
 323.333333, 26.782474, 2.860825, 2.204124, 5.085567
 310.666667, 27.721030, 2.976395, 2.268240, 5.286481
 311.000000, 25.589496, 2.712755, 2.184352, 4.927117
 309.000000, 25.227616, 2.704423, 2.313916, 5.052859
 321.666667, 25.284974, 2.562694, 2.129534, 4.711917
 265.666667, 26.816813, 3.560853, 2.835634, 6.434128
 333.666667, 26.094905, 2.606394, 2.101898, 4.729271
 327.333333, 28.241344, 2.967413, 2.179226, 5.171079
 322.000000, 26.968944, 2.845756, 2.198758, 5.066253
 301.333333, 26.358407, 3.074115, 2.405973, 5.515487
 331.000000, 27.232628, 2.750252, 2.156093, 4.935549
 311.000000, 26.251876, 2.896034, 2.296892, 5.213290
 312.333333, 26.895411, 2.718250, 2.291355, 5.038420
 325.666667, 26.543501, 2.767656, 2.152508, 4.947799
 322.666667, 26.230372, 2.702479, 2.222107, 4.945248
 305.666667, 25.798255, 2.540894, 2.141767, 4.719738
 28, 21
 0.250000, 7.000000, 0.000000, 1.000000, 105.000000
 257.333333, 27.817358, 4.156736, 3.053109, 7.281088
 301.666667, 26.860773, 3.156906, 2.406630, 5.594475
 311.333333, 26.110278, 2.809422, 2.240899, 5.104925
 317.000000, 27.065195, 2.883281, 2.177708, 5.090431
 313.000000, 25.629393, 2.731629, 2.237487, 4.995740
 313.333333, 27.046809, 2.936170, 2.228723, 5.188298
 308.666667, 25.713823, 2.744060, 2.196544, 4.962203
 308.333333, 25.956757, 2.708108, 2.262703, 4.993514
 323.333333, 25.751546, 2.608247, 2.115464, 4.743299
 260.333333, 26.537772, 3.380282, 2.874520, 6.277849
 328.000000, 26.240854, 2.595528, 2.112805, 4.729675
 323.000000, 27.434469, 2.820433, 2.200206, 5.054696
 316.666667, 26.407368, 2.806316, 2.223158, 5.049474
 300.666667, 25.982262, 2.947894, 2.383592, 5.359202
 323.333333, 25.934021, 2.659794, 2.138144, 4.834021
 314.333333, 26.352068, 2.831389, 2.289502, 5.142100
 314.000000, 27.452229, 2.865180, 2.263270, 5.150743
 326.000000, 26.666667, 2.744376, 2.169734, 4.935583
 326.000000, 27.004090, 2.736196, 2.180982, 4.939673
 309.000000, 25.685005, 2.634304, 2.193096, 4.847896
 29, 21
 0.250000, 32.000000, 0.000000, 28.000000, 61.000000
 253.000000, 27.665349, 4.054018, 3.126482, 7.266140
 303.666667, 26.975851, 3.187706, 2.409440, 5.619100
 304.000000, 26.254386, 2.717105, 2.301535, 5.038377
 314.666667, 26.650424, 2.823093, 2.208686, 5.055085
 315.666667, 26.276663, 2.807814, 2.211193, 5.040127
 307.000000, 26.188925, 2.947883, 2.300760, 5.282302
 318.666667, 26.173640, 2.690377, 2.151674, 4.869247
 312.666667, 25.331557, 2.789979, 2.252665, 5.063966
 328.000000, 26.204268, 2.648374, 2.127033, 4.796748
 266.333333, 26.971214, 3.351690, 2.819775, 6.193992
 327.333333, 26.247454, 2.525458, 2.093686, 4.675153
 323.000000, 27.234262, 2.773994, 2.164087, 4.958720
 323.333333, 27.634021, 2.822680, 2.193814, 5.038144
 303.666667, 25.726674, 3.061471, 2.354555, 5.434687
 328.000000, 27.033537, 2.721545, 2.146341, 4.888211
 311.333333, 26.225910, 2.868308, 2.281585, 5.209850
 312.333333, 25.734258, 2.664888, 2.277481, 4.969050
 328.000000, 25.526423, 2.638211, 2.099593, 4.771341
 322.000000, 25.787785, 2.654244, 2.214286, 4.888199
 309.666667, 25.683531, 2.645856, 2.131324, 4.801938
 30, 21
 0.250000, 34.000000, 0.000000, 26.000000, 61.000000
 234.666667, 26.869318, 3.782670, 3.387784, 7.296875
 296.000000, 27.043919, 3.188063, 2.477477, 5.701577
 313.333333, 26.201064, 2.857447, 2.260638, 5.155319
 310.000000, 26.083871, 2.787097, 2.190323, 4.998925
 319.000000, 27.760711, 2.815047, 2.242424, 5.081505
 304.000000, 25.631579, 2.901316, 2.307018, 5.241228
 302.666667, 25.080396, 2.573789, 2.240088, 4.833700
 306.333333, 24.778020, 2.693145, 2.270947, 4.984766
 328.000000, 26.801829, 2.622967, 2.105691, 4.757114
 259.333333, 24.928021, 3.122108, 2.857326, 6.002571
 327.666667, 26.273652, 2.557477, 2.124110, 4.702950
 316.666667, 26.358947, 2.821053, 2.228421, 5.073684
 324.000000, 26.578189, 2.778807, 2.181070, 4.978395
 311.666667, 26.898396, 3.183957, 2.354011, 5.558289
 330.333333, 26.345106, 2.730575, 2.141271, 4.900101
 315.666667, 26.434002, 2.866948, 2.281943, 5.177402
 310.000000, 26.710753, 2.748387, 2.360215, 5.127957
 327.000000, 26.013252, 2.727829, 2.123344, 4.879715
 317.333333, 25.634454, 2.650210, 2.268908, 4.939076
 301.666667, 25.018785, 2.569061, 2.192265, 4.784530
 31, 21
 0.250000, 10.000000, 0.000000, 2.000000, 105.000000
 232.000000, 27.191092, 3.926724, 3.386494, 7.366379
 295.333333, 26.174944, 3.100451, 2.480813, 5.617381
 305.000000, 25.087432, 2.724590, 2.281967, 5.026230
 319.666667, 26.630865, 2.831074, 2.223149, 5.078206
 316.666667, 25.712632, 2.867368, 2.194737, 5.083158
 308.666667, 27.029158, 3.048596, 2.292657, 5.362851
 318.333333, 27.085864, 2.807330, 2.188482, 5.016754
 311.000000, 25.632369, 2.737406, 2.271168, 5.028939
 325.000000, 25.945641, 2.624615, 2.143590, 4.790769
 266.000000, 26.804511, 3.407268, 2.857143, 6.298246
 325.666667, 26.383828, 2.580348, 2.141249, 4.743091
 320.333333, 26.898023, 2.832466, 2.204995, 5.057232
 317.666667, 26.240294, 2.794334, 2.218258, 5.038825
 309.000000, 27.429342, 3.157497, 2.362460, 5.540453
 320.333333, 26.244537, 2.638918, 2.183143, 4.849116
 306.333333, 26.178455, 2.813928, 2.335147, 5.169750
 315.666667, 26.659979, 2.860612, 2.293559, 5.173178
 323.333333, 26.431959, 2.662887, 2.156701, 4.843299
 315.000000, 25.609524, 2.621164, 2.249735, 4.891005
 303.666667, 25.039517, 2.533480, 2.172338, 4.728869
Histogram
0 0 0 0 244 334 30 32 0 0 0 0 0 0 0 0 0 0 0 0 0 0 0 0 0 0 0 0 0 0 0 0 0 0 0 0 0 0 0 0 0 0 0 0 0 0 0 0 0 0 0 0 0 0 0 0 0 0 0 0 0 2 1 0 0 0 0 0 0 0 0 0 0 2 4 1 0 1 0 0 0 0 2 0 0 1 2 0 0 0 0 0 1 0 0 0 0 0 0 15 
Cache Miss Ratio
0.025993697883420975
Average number of keys
1.0
numOfSets
0
numOfGets
592182
numOfMultiGets
0
