 0, 21
 0.250000, 10.000000, 0.000000, 19.000000, 21.000000
 372.000000, 138.396057, 46.431900, 2.562724, 49.115591
 518.333333, 167.784566, 40.920257, 1.890032, 42.843087
 549.666667, 167.617344, 38.124924, 1.773802, 39.942996
 572.000000, 168.269231, 36.889277, 1.717366, 38.635781
 567.333333, 167.797297, 37.155699, 1.729142, 38.921857
 531.333333, 168.521330, 39.543287, 1.846299, 41.424718
 538.333333, 168.190093, 39.339319, 1.830960, 41.196285
 562.333333, 168.698874, 37.704209, 1.754001, 39.481921
 568.333333, 168.322581, 37.117889, 1.731965, 38.872727
 389.333333, 169.119863, 52.193493, 2.536815, 54.771404
 541.000000, 168.942083, 39.786815, 1.821935, 41.634011
 469.000000, 169.565032, 45.628998, 2.105899, 47.759773
 581.333333, 168.861812, 37.005161, 1.693234, 38.724197
 560.666667, 168.652794, 37.245541, 1.757432, 39.027348
 542.333333, 168.397050, 38.610940, 1.818070, 40.454825
 595.000000, 167.033613, 34.979832, 1.650420, 36.654902
 572.333333, 167.642400, 36.427490, 1.721607, 38.177635
 558.333333, 168.663284, 37.311045, 1.763582, 39.100896
 465.333333, 168.348138, 45.177650, 2.118911, 47.325215
 354.333333, 171.828786, 61.008467, 2.796802, 63.829727
 1, 21
 0.250000, 10.000000, 0.000000, 19.000000, 20.000000
 363.000000, 138.297521, 46.571166, 2.618916, 49.321396
 516.666667, 167.492903, 40.941935, 1.898065, 42.874194
 565.000000, 168.453687, 38.035988, 1.742183, 39.804720
 569.333333, 167.894028, 36.859485, 1.720726, 38.614169
 564.000000, 168.163121, 37.275414, 1.748227, 39.046099
 529.333333, 169.447103, 39.898615, 1.864610, 41.787154
 536.666667, 168.949689, 39.374534, 1.838509, 41.237888
 561.000000, 168.413547, 37.566251, 1.752228, 39.347594
 556.333333, 168.760336, 37.240264, 1.771120, 39.036549
 401.666667, 169.386722, 53.525311, 2.475519, 56.029876
 539.666667, 169.292773, 39.809141, 1.819642, 41.656578
 471.333333, 170.045262, 45.904526, 2.095474, 48.024752
 563.000000, 168.300770, 36.764950, 1.750148, 38.539964
 561.666667, 168.759644, 37.230861, 1.755490, 39.010089
 541.000000, 168.624153, 38.584720, 1.820702, 40.431916
 597.666667, 167.494702, 35.134412, 1.642499, 36.805912
 577.666667, 167.621466, 36.327178, 1.698211, 38.056549
 563.333333, 168.473373, 37.389349, 1.747337, 39.167456
 462.000000, 168.721501, 45.277778, 2.125541, 47.442280
 357.000000, 171.269841, 60.572362, 2.780579, 63.378151
 2, 21
 0.250000, 10.000000, 0.000000, 18.000000, 20.000000
 366.333333, 137.727934, 46.013649, 2.568699, 48.738854
 518.000000, 168.229086, 40.927284, 1.902831, 42.855212
 544.333333, 168.340478, 37.791182, 1.808328, 39.631966
 575.000000, 167.781449, 36.830725, 1.708986, 38.568696
 559.000000, 168.134764, 37.205725, 1.753727, 38.991652
 532.000000, 168.855890, 39.852130, 1.852130, 41.729950
 534.000000, 168.739700, 39.385144, 1.838327, 41.255306
 561.333333, 168.678147, 37.565321, 1.754751, 39.345606
 564.333333, 168.519197, 37.148848, 1.747194, 38.919669
 395.000000, 169.420253, 55.329958, 2.491983, 57.860759
 534.000000, 168.955056, 39.797129, 1.841448, 41.668539
 469.000000, 169.653163, 46.439943, 2.100924, 48.572139
 572.666667, 168.350990, 36.865541, 1.720605, 38.610594
 567.000000, 168.841858, 37.244562, 1.738389, 39.007643
 543.000000, 168.187845, 38.725599, 1.806016, 40.565378
 597.333333, 167.511719, 35.112723, 1.633929, 36.785714
 582.333333, 167.666857, 36.288495, 1.688609, 38.002290
 566.000000, 168.554770, 37.461720, 1.740872, 39.226737
 462.000000, 168.807359, 45.768398, 2.129870, 47.932900
 353.000000, 172.422096, 60.648725, 2.807365, 63.479698
 3, 21
 0.250000, 10.000000, 1.000000, 18.000000, 20.000000
 363.666667, 138.570119, 46.419798, 2.615032, 49.159487
 518.333333, 168.583923, 41.080386, 1.900322, 43.012219
 550.333333, 167.910963, 38.027862, 1.771048, 39.841914
 568.000000, 167.666080, 36.839202, 1.730047, 38.595070
 563.666667, 167.554701, 37.102898, 1.745121, 38.875222
 535.333333, 168.708593, 39.767746, 1.844956, 41.634496
 532.666667, 168.407384, 39.257196, 1.852941, 41.132666
 563.000000, 168.860272, 37.650681, 1.751924, 39.426288
 575.000000, 168.560580, 37.186087, 1.715362, 38.924638
 388.000000, 168.963918, 53.278351, 2.568729, 55.872852
 543.000000, 169.170043, 39.872314, 1.816452, 41.717004
 464.666667, 169.439742, 45.578192, 2.125538, 47.728838
 574.666667, 168.630510, 36.867169, 1.709397, 38.605568
 564.666667, 168.410272, 37.165289, 1.743211, 38.934475
 557.666667, 168.365810, 38.772863, 1.767484, 40.564854
 599.333333, 167.351502, 35.041713, 1.642937, 36.712458
 573.666667, 167.933759, 36.473562, 1.717025, 38.214410
 565.333333, 168.642099, 37.464033, 1.742925, 39.231132
 474.333333, 168.910752, 45.114547, 2.080815, 47.221363
 354.333333, 171.317968, 60.199436, 2.797742, 63.021637
 4, 21
 0.250000, 10.000000, 1.000000, 18.000000, 20.000000
 363.000000, 140.213039, 47.331497, 2.639118, 50.083563
 517.000000, 168.090264, 40.937460, 1.907157, 42.878788
 557.000000, 168.131059, 38.107121, 1.740874, 39.905446
 566.333333, 168.203649, 36.844026, 1.737493, 38.606828
 559.333333, 168.160906, 37.147199, 1.755662, 38.935042
 528.333333, 168.907886, 39.806309, 1.863091, 41.693375
 541.333333, 168.625616, 39.346675, 1.822044, 41.201355
 560.666667, 169.087990, 37.640904, 1.755648, 39.420927
 568.000000, 168.463028, 37.196596, 1.735329, 38.955399
 395.333333, 169.102024, 54.779933, 2.532040, 57.336425
 551.333333, 169.441354, 39.938331, 1.787787, 41.750907
 466.666667, 169.662857, 45.909286, 2.108571, 48.055714
 572.333333, 168.798486, 37.027956, 1.722190, 38.777519
 561.666667, 168.753116, 37.181602, 1.754896, 38.960831
 534.666667, 168.500623, 38.672070, 1.844140, 40.540524
 598.333333, 167.499721, 35.227855, 1.644011, 36.901393
 576.666667, 167.791908, 36.444509, 1.708671, 38.177457
 560.666667, 168.064804, 37.357313, 1.758026, 39.140309
 471.333333, 168.438472, 45.594059, 2.097595, 47.714286
 356.666667, 171.526168, 60.879439, 2.781308, 63.691589
 5, 21
 0.250000, 10.000000, 1.000000, 17.000000, 20.000000
 360.666667, 138.768946, 46.209797, 2.630314, 48.977819
 512.333333, 167.756669, 40.688354, 1.911516, 42.638256
 548.000000, 167.674574, 38.022506, 1.796229, 39.846107
 566.000000, 167.862780, 36.939340, 1.736160, 38.705536
 567.333333, 168.738543, 37.369565, 1.734430, 39.130435
 532.666667, 168.515019, 39.673967, 1.845432, 41.550688
 540.666667, 168.681258, 39.415536, 1.811344, 41.262639
 562.333333, 168.304683, 37.547718, 1.747481, 39.328394
 568.333333, 168.460997, 37.072141, 1.734897, 38.830499
 388.666667, 169.640652, 54.269297, 2.555746, 56.854202
 539.333333, 169.210136, 39.652658, 1.828801, 41.505562
 456.333333, 169.320672, 45.722425, 2.163623, 47.912345
 564.333333, 167.953928, 36.832250, 1.737744, 38.599527
 568.333333, 168.578886, 37.180645, 1.735484, 38.939589
 543.333333, 168.344785, 38.741718, 1.810429, 40.588344
 593.000000, 167.363125, 35.129848, 1.654300, 36.818999
 579.000000, 167.857225, 36.446172, 1.699482, 38.173287
 567.000000, 167.954145, 37.294533, 1.732510, 39.055262
 474.000000, 168.590014, 44.969761, 2.078059, 47.079466
 354.666667, 171.138158, 60.393797, 2.789474, 63.217105
 6, 21
 0.250000, 11.000000, 1.000000, 18.000000, 21.000000
 361.000000, 137.900277, 46.566020, 2.621422, 49.318560
 506.666667, 168.049342, 40.914474, 1.936842, 42.875000
 553.666667, 168.200482, 38.043347, 1.781457, 39.847682
 578.000000, 167.626298, 36.742215, 1.699539, 38.470588
 565.333333, 167.843160, 37.157429, 1.738208, 38.924528
 533.333333, 169.010625, 39.764375, 1.847500, 41.633750
 535.666667, 168.476665, 39.253889, 1.838208, 41.119477
 555.333333, 168.525810, 37.638055, 1.776110, 39.437575
 564.000000, 168.229314, 37.139480, 1.747636, 38.911939
 394.000000, 168.721658, 53.846024, 2.522843, 56.415398
 543.666667, 169.363581, 39.965665, 1.809933, 41.803801
 469.666667, 170.061746, 46.033357, 2.098652, 48.161817
 573.000000, 168.951716, 37.076207, 1.718441, 38.824316
 570.000000, 168.946199, 37.228655, 1.729825, 38.981871
 545.000000, 168.292966, 38.548624, 1.804281, 40.382875
 597.666667, 167.175125, 35.139989, 1.641383, 36.811489
 562.666667, 168.267773, 36.616706, 1.750592, 38.392180
 553.000000, 167.799277, 37.380350, 1.770344, 39.187462
 470.666667, 168.389518, 45.009915, 2.092776, 47.134561
 363.666667, 170.919340, 61.043996, 2.726856, 63.794684
 7, 21
 0.250000, 10.000000, 1.000000, 17.000000, 20.000000
 366.333333, 138.866242, 46.419472, 2.606915, 49.153776
 514.333333, 167.915100, 40.899546, 1.917045, 42.842515
 554.666667, 168.230769, 38.174880, 1.774038, 39.979567
 568.000000, 167.696596, 36.874413, 1.734155, 38.637324
 571.666667, 168.500292, 37.222157, 1.720117, 38.970262
 525.000000, 168.538413, 39.645079, 1.873016, 41.549206
 532.333333, 168.432686, 39.334377, 1.842830, 41.207890
 552.666667, 168.509650, 37.572979, 1.785283, 39.381182
 565.333333, 168.499410, 37.125000, 1.741745, 38.892689
 398.333333, 169.317155, 54.335565, 2.512971, 56.871130
 543.666667, 169.015328, 39.778663, 1.814224, 41.616800
 467.666667, 169.399857, 45.948681, 2.114041, 48.085531
 563.000000, 168.268798, 36.786856, 1.747188, 38.561871
 563.666667, 168.289178, 37.222945, 1.739799, 38.994678
 549.000000, 168.352155, 38.636308, 1.787492, 40.459016
 592.666667, 167.449381, 35.117548, 1.661417, 36.803712
 577.000000, 168.110919, 36.454650, 1.706528, 38.186597
 561.666667, 168.567359, 37.450445, 1.754896, 39.230267
 466.666667, 168.587857, 45.532857, 2.103571, 47.673571
 350.333333, 171.569933, 60.917222, 2.830637, 63.773549
Histogram
0 0 0 0 0 0 0 0 0 0 0 0 0 0 0 0 0 0 0 0 6 2 0 0 0 0 0 0 0 0 0 0 0 0 0 0 8 0 42 30 8 24 7 1 0 0 0 11 7 5 1 0 0 0 1 1 4 2 0 0 0 0 0 8 0 0 0 0 0 0 0 0 0 0 0 0 0 0 0 0 0 0 0 0 0 0 0 0 0 0 0 0 0 0 0 0 0 0 0 0 
Cache Miss Ratio
0.0
Average number of keys
1.0
numOfSets
126678
numOfGets
126571
numOfMultiGets
0
