 0, 21
 0.250000, 0.000000, 0.000000, 1.000000, 14.000000
 741.666667, 54.161348, 9.102472, 1.150112, 10.404494
 929.333333, 50.756815, 7.236729, 0.956958, 8.256456
 931.666667, 48.387835, 6.653667, 0.943470, 7.649016
 983.000000, 46.366565, 5.626653, 0.858596, 6.531706
 1012.000000, 48.056983, 5.669302, 0.836298, 6.551054
 1213.333333, 46.234890, 4.582692, 0.699176, 5.312363
 1122.000000, 47.579620, 4.672014, 0.747178, 5.475045
 1087.666667, 47.709776, 5.431505, 0.788845, 6.261722
 1150.333333, 45.159664, 4.592872, 0.682411, 5.317879
 1155.333333, 46.911714, 4.977207, 0.740335, 5.781304
 1060.666667, 46.502828, 5.695160, 0.828410, 6.582338
 960.000000, 50.476389, 6.169444, 0.905208, 7.134375
 818.333333, 47.470061, 6.672505, 1.065173, 7.777597
 1048.000000, 49.560751, 6.710878, 0.848282, 7.597010
 1070.666667, 45.650685, 4.953923, 0.784558, 5.777397
 1070.333333, 44.503893, 5.300529, 0.741514, 6.109623
 1127.333333, 47.957422, 5.392076, 0.751922, 6.182732
 1050.666667, 44.413706, 5.620241, 0.809010, 6.469543
 936.333333, 48.558562, 6.716269, 0.932360, 7.689925
 965.333333, 45.162638, 5.414019, 0.835635, 6.302486
 1, 21
 0.250000, 0.000000, 0.000000, 12.000000, 14.000000
 691.666667, 53.858313, 9.266024, 1.198554, 10.654940
 904.666667, 50.174650, 7.078850, 1.012528, 8.130066
 918.666667, 48.237663, 6.525399, 0.959361, 7.538462
 958.666667, 46.644298, 5.703408, 0.890821, 6.634910
 992.000000, 48.071909, 5.765121, 0.849462, 6.674731
 1216.666667, 46.245479, 4.547397, 0.685753, 5.274247
 1115.333333, 47.657800, 4.781231, 0.758816, 5.588763
 1094.333333, 47.712154, 5.440755, 0.787390, 6.268352
 1159.666667, 45.133084, 4.593561, 0.691578, 5.317333
 1176.000000, 47.093254, 4.982426, 0.752551, 5.778345
 1093.666667, 46.621457, 5.759220, 0.833892, 6.622981
 947.000000, 50.917283, 6.222809, 0.912707, 7.200634
 829.000000, 47.664656, 6.783675, 1.067551, 7.884600
 1053.000000, 50.018360, 6.592276, 0.841089, 7.473568
 1109.666667, 45.727846, 4.988285, 0.728147, 5.778312
 1093.333333, 44.605793, 5.332622, 0.743598, 6.110976
 1057.666667, 47.397731, 5.238891, 0.798613, 6.080681
 1014.000000, 44.500329, 5.632150, 0.815582, 6.496055
 910.333333, 47.914683, 6.619187, 0.949469, 7.623581
 1041.333333, 44.779129, 5.428937, 0.784251, 6.260243
 2, 21
 0.250000, 0.000000, 0.000000, 11.000000, 13.000000
 690.333333, 53.928054, 9.321584, 1.212941, 10.704973
 890.333333, 50.354923, 7.125047, 1.011606, 8.194309
 937.333333, 48.688122, 6.559388, 0.955548, 7.562945
 1043.000000, 46.324385, 5.762224, 0.818792, 6.620006
 979.333333, 47.764125, 5.719197, 0.856365, 6.632063
 1217.666667, 46.219272, 4.601697, 0.679715, 5.328771
 1114.000000, 47.888091, 4.728306, 0.763615, 5.539198
 1091.000000, 47.507180, 5.457990, 0.794378, 6.293309
 1147.333333, 45.317548, 4.580476, 0.692911, 5.315805
 1120.333333, 47.068432, 4.952098, 0.763761, 5.785183
 1054.000000, 45.815623, 5.541746, 0.840291, 6.425047
 974.333333, 50.506671, 6.200137, 0.898392, 7.147451
 825.666667, 46.874445, 6.153008, 1.056924, 7.259588
 1074.333333, 49.958114, 6.506361, 0.838039, 7.377288
 1114.333333, 45.718815, 4.880646, 0.744242, 5.658092
 1116.000000, 44.730287, 5.357826, 0.729092, 6.126941
 1084.333333, 47.783277, 5.385183, 0.777436, 6.203197
 1018.000000, 44.695809, 5.599214, 0.835625, 6.471840
 917.000000, 48.214467, 6.726645, 0.945838, 7.712832
 1003.333333, 44.212957, 5.288704, 0.813289, 6.153488
 3, 21
 0.250000, 0.000000, 0.000000, 0.000000, 2.000000
 725.333333, 54.117188, 9.451287, 1.163603, 10.784467
 858.666667, 50.057842, 7.246894, 1.065217, 8.352096
 887.333333, 48.193088, 6.523666, 0.990609, 7.561608
 1020.333333, 46.157138, 5.719699, 0.830121, 6.605031
 997.666667, 48.277648, 5.759439, 0.844303, 6.661878
 1204.333333, 46.182397, 4.574038, 0.691946, 5.301688
 1119.333333, 47.732877, 4.797796, 0.731388, 5.601846
 1087.000000, 47.764183, 5.466421, 0.782275, 6.296535
 1137.666667, 45.208907, 4.544096, 0.694697, 5.281277
 1126.333333, 47.054158, 4.934300, 0.790175, 5.759988
 1066.666667, 46.325313, 5.831563, 0.810938, 6.700313
 970.666667, 50.458448, 6.193681, 0.893201, 7.146978
 834.000000, 46.999600, 6.209832, 1.034373, 7.294964
 1058.666667, 50.000315, 6.768262, 0.836587, 7.642317
 1102.333333, 45.615059, 5.014817, 0.746296, 5.804959
 1079.666667, 44.562519, 5.317382, 0.758259, 6.124112
 1104.666667, 47.395594, 5.201569, 0.760410, 6.001509
 1019.333333, 44.557554, 5.692283, 0.825376, 6.562459
 929.666667, 48.407673, 6.570097, 0.939763, 7.548584
 1029.000000, 44.437966, 5.432459, 0.792031, 6.271785
 4, 21
 0.250000, 0.000000, 0.000000, 0.000000, 1.000000
 704.333333, 53.612399, 9.304780, 1.190724, 10.660672
 893.000000, 50.132139, 7.100784, 1.016424, 8.159388
 920.000000, 48.428986, 6.572826, 0.971739, 7.585870
 998.666667, 46.247997, 5.698932, 0.837450, 6.588785
 995.000000, 47.858961, 5.689447, 0.848241, 6.590955
 1234.333333, 46.373481, 4.594653, 0.688901, 5.318120
 1154.666667, 47.867494, 4.806005, 0.735855, 5.585162
 1084.000000, 47.506765, 5.452337, 0.801968, 6.293050
 1171.000000, 45.347851, 4.573868, 0.682892, 5.289212
 1114.000000, 46.913226, 4.902753, 0.781568, 5.742071
 1093.666667, 46.463273, 5.552575, 0.822310, 6.417251
 954.000000, 51.278477, 6.266247, 0.924878, 7.238295
 836.666667, 47.279283, 6.342629, 1.056972, 7.427490
 1072.666667, 50.448726, 6.622436, 0.829708, 7.488813
 1121.000000, 45.503122, 5.043116, 0.744871, 5.820101
 1095.333333, 44.667072, 5.322276, 0.750152, 6.104991
 1113.333333, 47.595210, 5.186228, 0.769461, 5.992216
 1023.666667, 44.265711, 5.627157, 0.818300, 6.491697
 911.333333, 48.242136, 6.611192, 0.940746, 7.610095
 1034.333333, 44.731228, 5.417660, 0.788914, 6.251370
 5, 21
 0.250000, 0.000000, 0.000000, 0.000000, 1.000000
 677.000000, 53.722304, 9.537666, 1.261940, 10.960611
 892.666667, 50.221807, 7.136296, 1.008588, 8.205751
 936.333333, 48.472410, 6.581346, 0.936632, 7.566394
 1026.000000, 46.503574, 5.838207, 0.831709, 6.716699
 1023.000000, 48.712284, 5.735419, 0.845552, 6.623656
 1226.666667, 46.638043, 4.608967, 0.690489, 5.335870
 1144.333333, 48.058841, 4.870958, 0.753277, 5.660064
 1087.000000, 48.019933, 5.459062, 0.787182, 6.288562
 1122.333333, 44.924859, 4.566677, 0.693496, 5.307098
 1138.333333, 46.864714, 4.925915, 0.778917, 5.743192
 1082.666667, 46.367611, 5.738300, 0.820813, 6.608990
 966.333333, 50.751294, 6.280097, 0.894446, 7.229389
 828.000000, 47.461755, 6.371176, 1.002415, 7.458132
 1045.333333, 49.950893, 6.731505, 0.831633, 7.612883
 1073.000000, 45.989748, 4.793725, 0.767940, 5.602982
 1066.333333, 44.387621, 5.358862, 0.751485, 6.147546
 1095.333333, 47.719416, 5.307973, 0.772976, 6.122033
 1039.666667, 44.146201, 5.614620, 0.810196, 6.470022
 925.666667, 47.859201, 6.705077, 0.921138, 7.674469
 1017.333333, 44.398755, 5.336828, 0.795544, 6.191350
 6, 21
 0.250000, 0.000000, 0.000000, 0.000000, 0.000000
 709.333333, 53.983083, 9.059211, 1.201128, 10.412124
 840.000000, 50.124206, 7.260714, 1.090873, 8.398810
 939.000000, 48.599929, 6.573305, 0.962371, 7.566915
 967.333333, 46.555824, 5.674707, 0.829773, 6.594762
 1017.333333, 48.335845, 5.785387, 0.841415, 6.673001
 1203.666667, 46.334533, 4.593741, 0.678482, 5.317641
 1110.333333, 47.330832, 4.780546, 0.759532, 5.595617
 1084.000000, 47.482472, 5.413284, 0.784440, 6.251538
 1157.000000, 45.112648, 4.582829, 0.685681, 5.299914
 1144.000000, 47.185897, 4.928904, 0.778263, 5.746503
 1078.000000, 46.467223, 5.766234, 0.821274, 6.631416
 998.000000, 50.825651, 6.247161, 0.888444, 7.174015
 854.666667, 47.265991, 6.223869, 1.012871, 7.281981
 1021.666667, 49.843067, 6.700816, 0.844698, 7.597716
 1089.333333, 45.598837, 4.845777, 0.760710, 5.644431
 1115.666667, 44.722139, 5.353152, 0.730505, 6.122199
 1121.666667, 47.880238, 5.323923, 0.767905, 6.126300
 1056.000000, 44.685606, 5.602273, 0.803346, 6.448864
 922.666667, 47.858020, 6.578757, 0.956647, 7.562500
 1071.666667, 44.753655, 5.459098, 0.772939, 6.264386
 7, 20
 0.250000, 46.000000, 5.000000, 0.000000, 67.000000
 719.000000, 54.063978, 9.500695, 1.187761, 10.830320
 894.666667, 50.014903, 7.188152, 1.013785, 8.243294
 933.333333, 48.368929, 6.576429, 0.910357, 7.570714
 1050.333333, 46.667725, 5.758489, 0.830847, 6.620121
 969.333333, 47.655777, 5.744498, 0.862448, 6.672627
 1214.000000, 46.417902, 4.615870, 0.692477, 5.348984
 1131.000000, 47.596228, 4.755084, 0.756852, 5.547598
 1090.666667, 47.985636, 5.557152, 0.793093, 6.386919
 1162.333333, 44.950674, 4.554345, 0.681675, 5.270720
 1152.333333, 47.298814, 5.034423, 0.767428, 5.838299
 1053.000000, 46.523267, 5.684077, 0.831592, 6.561887
 938.333333, 50.714742, 6.257549, 0.929307, 7.246181
 844.000000, 47.200237, 8.370063, 1.034755, 9.434439
 1056.000000, 49.737689, 5.539773, 0.840593, 6.420455
 1102.000000, 45.288566, 5.053237, 0.751059, 5.845433
 1100.666667, 44.444579, 5.309812, 0.732889, 6.085100
 1076.000000, 46.972119, 5.101611, 0.765180, 5.926580
 1022.666667, 44.500000, 5.585072, 0.823012, 6.450782
 926.333333, 48.254768, 6.589421, 0.943145, 7.571069
Histogram
1 2 1 0 0 42 62 38 8 1 8 0 0 1 2 0 0 0 0 0 0 0 0 0 0 0 0 0 0 0 0 0 0 0 0 0 0 0 0 0 0 0 0 0 0 0 0 0 0 0 0 0 0 0 0 0 0 0 0 0 0 0 0 0 0 0 0 1 0 0 0 0 0 0 0 0 0 0 0 0 0 0 0 0 0 0 0 0 0 0 0 0 0 0 0 0 0 0 0 0 
Cache Miss Ratio
0.0
Average number of keys
1.0
numOfSets
245296
numOfGets
245246
numOfMultiGets
0
