20
0
 0.200000, 0.000000, 0.000000, 2.000000, 194.000000
 155.333333, 0.718884, 0.311159, 1.021459, 1.476395
 172.666667, 0.463320, 0.285714, 0.926641, 1.260618
 185.666667, 0.421903, 0.226212, 0.879713, 1.157989
 177.000000, 0.527307, 0.274953, 0.964218, 1.293785
 163.333333, 0.459184, 0.310204, 1.063265, 1.422449
 166.000000, 0.238956, 0.265060, 0.939759, 1.251004
 169.000000, 0.343195, 0.295858, 0.932939, 1.278107
 163.666667, 0.272912, 0.240326, 0.957230, 1.246436
 174.000000, 0.226054, 0.224138, 0.862069, 1.136015
 157.333333, 0.595339, 0.296610, 1.122881, 1.468220
 170.000000, 0.421569, 0.278431, 0.945098, 1.270588
 163.000000, 0.533742, 0.304703, 0.938650, 1.296524
 173.000000, 0.248555, 0.269750, 0.899807, 1.213873
 163.666667, 0.301426, 0.309572, 0.894094, 1.246436
 167.000000, 0.311377, 0.255489, 0.954092, 1.265469
 166.000000, 0.321285, 0.244980, 1.008032, 1.299197
 171.000000, 0.465887, 0.272904, 0.978558, 1.304094
 185.333333, 0.296763, 0.251799, 0.865108, 1.161871
 169.000000, 0.386588, 0.252465, 0.952663, 1.250493
1
 0.200000, 0.000000, 2.000000, 1.000000, 189.000000
 142.666667, 0.427570, 0.329439, 1.032710, 1.544393
 170.666667, 0.458984, 0.300781, 0.919922, 1.269531
 179.333333, 0.353160, 0.236059, 0.868030, 1.161710
 181.333333, 0.413603, 0.259191, 0.909926, 1.215074
 163.666667, 0.360489, 0.315682, 1.006110, 1.378819
 169.000000, 0.285996, 0.264300, 0.911243, 1.222880
 167.000000, 0.429142, 0.299401, 0.908184, 1.257485
 162.666667, 0.356557, 0.239754, 0.952869, 1.260246
 174.666667, 0.305344, 0.244275, 0.895038, 1.183206
 157.666667, 0.579281, 0.302326, 1.038055, 1.393235
 167.333333, 0.372510, 0.231076, 0.970120, 1.247012
 165.000000, 0.404040, 0.294949, 0.933333, 1.274747
 177.333333, 0.342105, 0.265038, 0.939850, 1.248120
 169.666667, 0.404715, 0.282908, 0.917485, 1.243615
 174.333333, 0.399618, 0.267686, 0.952199, 1.265774
 180.000000, 0.464815, 0.222222, 1.007407, 1.279630
 175.000000, 0.403810, 0.295238, 0.935238, 1.280000
 183.000000, 0.311475, 0.256831, 0.865209, 1.169399
 166.666667, 0.336000, 0.246000, 0.964000, 1.256000
2
 0.200000, 0.000000, 4.000000, 5.000000, 194.000000
 145.333333, 0.575688, 0.362385, 0.967890, 1.488532
 181.333333, 0.588235, 0.277574, 0.908088, 1.233456
 183.666667, 0.333938, 0.239564, 0.883848, 1.168784
 171.333333, 0.394942, 0.264591, 0.898833, 1.210117
 158.333333, 0.290526, 0.307368, 0.985263, 1.343158
 161.000000, 0.175983, 0.262940, 0.923395, 1.236025
 172.000000, 0.422481, 0.313953, 0.877907, 1.242248
 163.000000, 0.306748, 0.249489, 0.938650, 1.237219
 168.666667, 0.247036, 0.262846, 0.887352, 1.195652
 149.666667, 0.345212, 0.298441, 1.113586, 1.467706
 172.666667, 0.540541, 0.229730, 0.986486, 1.262548
 167.666667, 0.608350, 0.296223, 0.896620, 1.246521
 186.333333, 0.395349, 0.264758, 0.898032, 1.211091
 170.000000, 0.435294, 0.284314, 0.960784, 1.292157
 172.000000, 0.399225, 0.263566, 0.937984, 1.248062
 165.000000, 0.323232, 0.224242, 1.016162, 1.288889
 173.000000, 0.431599, 0.262042, 0.924855, 1.231214
 191.666667, 0.318261, 0.260870, 0.836522, 1.139130
 172.000000, 0.443798, 0.251938, 0.976744, 1.275194
3
 0.200000, 0.000000, 0.000000, 1.000000, 190.000000
 160.000000, 0.664583, 0.345833, 1.018750, 1.525000
 175.000000, 0.510476, 0.287619, 0.925714, 1.283810
 178.000000, 0.374532, 0.235955, 0.887640, 1.170412
 171.666667, 0.444660, 0.267961, 0.916505, 1.231068
 163.000000, 0.404908, 0.278119, 1.002045, 1.331288
 164.000000, 0.319106, 0.270325, 0.888211, 1.215447
 164.666667, 0.317814, 0.289474, 0.848178, 1.192308
 170.333333, 0.363992, 0.250489, 0.941292, 1.238748
 168.666667, 0.237154, 0.256917, 0.887352, 1.187747
 149.333333, 0.250000, 0.290179, 1.122768, 1.473214
 166.666667, 0.374000, 0.224000, 0.980000, 1.250000
 169.666667, 0.607073, 0.304519, 0.994106, 1.347741
 181.666667, 0.357798, 0.258716, 0.823853, 1.128440
 174.000000, 0.450192, 0.273946, 0.938697, 1.256705
 179.666667, 0.378479, 0.257885, 0.935065, 1.243043
 166.666667, 0.348000, 0.236000, 0.990000, 1.286000
 164.333333, 0.359026, 0.265720, 0.955375, 1.273834
 181.000000, 0.290976, 0.233886, 0.858195, 1.143646
 165.333333, 0.427419, 0.288306, 0.997984, 1.332661
4
 0.200000, 0.000000, 0.000000, 1.000000, 148.000000
 154.000000, 0.686147, 0.344156, 1.021645, 1.474026
 173.333333, 0.436538, 0.271154, 0.928846, 1.257692
 178.000000, 0.318352, 0.219101, 0.897004, 1.170412
 172.000000, 0.356589, 0.246124, 0.945736, 1.244186
 161.333333, 0.522727, 0.326446, 1.043388, 1.425620
 168.666667, 0.324111, 0.258893, 0.936759, 1.241107
 168.000000, 0.476190, 0.323413, 0.928571, 1.301587
 168.333333, 0.500990, 0.251485, 0.912871, 1.209901
 177.666667, 0.431520, 0.272045, 0.876173, 1.191370
 146.000000, 0.324201, 0.283105, 1.123288, 1.461187
 171.333333, 0.356031, 0.233463, 0.992218, 1.270428
 163.000000, 0.488753, 0.296524, 0.934560, 1.280164
 175.000000, 0.255238, 0.249524, 0.874286, 1.169524
 173.666667, 0.314779, 0.295585, 0.952015, 1.299424
 179.666667, 0.447124, 0.272727, 0.920223, 1.244898
 165.000000, 0.333333, 0.242424, 1.032323, 1.327273
 171.000000, 0.514620, 0.292398, 0.947368, 1.282651
 182.000000, 0.340659, 0.282051, 0.855311, 1.186813
 164.000000, 0.357724, 0.264228, 0.943089, 1.254065
5
 0.200000, 2.000000, 0.000000, 5.000000, 204.000000
 144.666667, 0.649770, 0.290323, 0.997696, 1.396313
 175.666667, 0.538899, 0.286528, 0.918406, 1.254269
 184.666667, 0.364621, 0.243682, 0.877256, 1.169675
 176.000000, 0.367424, 0.242424, 0.909091, 1.198864
 160.333333, 0.424116, 0.278586, 1.002079, 1.343035
 170.666667, 0.343750, 0.228516, 0.912109, 1.189453
 164.666667, 0.402834, 0.297571, 0.919028, 1.267206
 158.333333, 0.214737, 0.240000, 0.936842, 1.227368
 180.333333, 0.390018, 0.255083, 0.879852, 1.181146
 153.000000, 0.603486, 0.309368, 1.100218, 1.466231
 178.333333, 0.500935, 0.254206, 1.014953, 1.315888
 169.000000, 0.631164, 0.270217, 0.923077, 1.238659
 181.333333, 0.352941, 0.253676, 0.902574, 1.204044
 172.000000, 0.474806, 0.321705, 0.961240, 1.331395
 171.333333, 0.342412, 0.243191, 0.972763, 1.282101
 169.333333, 0.350394, 0.242126, 1.001969, 1.305118
 164.333333, 0.225152, 0.277890, 0.933063, 1.255578
 180.333333, 0.347505, 0.271719, 0.850277, 1.166359
 162.666667, 0.313525, 0.245902, 0.977459, 1.278689
6
 0.200000, 0.000000, 0.000000, 1.000000, 180.000000
 149.000000, 0.577181, 0.340045, 1.022371, 1.474273
 175.333333, 0.536122, 0.262357, 0.861217, 1.178707
 184.333333, 0.394213, 0.236890, 0.848101, 1.135624
 164.333333, 0.235294, 0.257606, 0.922921, 1.227181
 166.333333, 0.521042, 0.292585, 0.981964, 1.324649
 165.666667, 0.281690, 0.273642, 0.913481, 1.237425
 163.333333, 0.312245, 0.287755, 0.873469, 1.218367
 171.000000, 0.380117, 0.231969, 0.920078, 1.206628
 181.333333, 0.391544, 0.237132, 0.863971, 1.163603
 151.000000, 0.359823, 0.284768, 1.057395, 1.392936
 174.333333, 0.435946, 0.237094, 0.956023, 1.239006
 169.666667, 0.658153, 0.310413, 0.931238, 1.286837
 188.333333, 0.430088, 0.274336, 0.877876, 1.200000
 175.333333, 0.406844, 0.264259, 0.914449, 1.226236
 166.333333, 0.366733, 0.250501, 0.977956, 1.278557
 169.333333, 0.358268, 0.279528, 1.019685, 1.348425
 168.000000, 0.424603, 0.248016, 0.932540, 1.224206
 182.666667, 0.262774, 0.253650, 0.837591, 1.136861
 170.000000, 0.362745, 0.229412, 0.941176, 1.215686
7
 0.200000, 5.000000, 0.000000, 0.000000, 255.000000
 155.666667, 0.736617, 0.297645, 1.019272, 1.471092
 169.333333, 0.586614, 0.291339, 0.952756, 1.291339
 177.000000, 0.308851, 0.233522, 0.900188, 1.182674
 176.000000, 0.403409, 0.267045, 0.918561, 1.234848
 161.000000, 0.445135, 0.279503, 0.989648, 1.314700
 166.000000, 0.297189, 0.285141, 0.933735, 1.267068
 161.666667, 0.346392, 0.305155, 0.888660, 1.245361
 166.333333, 0.274549, 0.256513, 0.917836, 1.218437
 178.000000, 0.333333, 0.247191, 0.876404, 1.166667
 155.333333, 0.583691, 0.326180, 1.087983, 1.465665
 158.333333, 0.307368, 0.248421, 1.033684, 1.349474
 161.000000, 0.505176, 0.306418, 0.960663, 1.316770
 177.000000, 0.320151, 0.241055, 0.858757, 1.145009
 172.333333, 0.326886, 0.270793, 0.928433, 1.241779
 181.666667, 0.535780, 0.255046, 0.944954, 1.256881
 160.333333, 0.291060, 0.220374, 1.008316, 1.282744
 168.666667, 0.373518, 0.296443, 0.956522, 1.298419
 189.000000, 0.509700, 0.271605, 0.839506, 1.160494
 158.000000, 0.217300, 0.267932, 0.966245, 1.280591
8
 0.200000, 0.000000, 8.000000, 1.000000, 189.000000
 140.000000, 0.600000, 0.311905, 1.019048, 1.533333
 173.666667, 0.568138, 0.299424, 0.950096, 1.297505
 187.333333, 0.382562, 0.236655, 0.900356, 1.183274
 170.333333, 0.342466, 0.262231, 0.917808, 1.236791
 164.000000, 0.376016, 0.294715, 0.943089, 1.286585
 178.333333, 0.422430, 0.272897, 0.854206, 1.175701
 163.333333, 0.471429, 0.334694, 0.940816, 1.332653
 160.000000, 0.293750, 0.229167, 0.952083, 1.231250
 176.333333, 0.270321, 0.255198, 0.901701, 1.204159
 158.333333, 0.387368, 0.313684, 1.048421, 1.416842
 167.666667, 0.326044, 0.246521, 1.001988, 1.296223
 172.333333, 0.615087, 0.344294, 0.940039, 1.330754
 182.333333, 0.411335, 0.248629, 0.862888, 1.155393
 169.333333, 0.383858, 0.277559, 1.007874, 1.332677
 178.666667, 0.582090, 0.253731, 0.940299, 1.242537
 166.333333, 0.322645, 0.248497, 1.060120, 1.356713
 167.666667, 0.379722, 0.292247, 0.996024, 1.332008
 181.333333, 0.325368, 0.277574, 0.871324, 1.198529
 165.333333, 0.332661, 0.276210, 0.981855, 1.306452
9
 0.200000, 1.000000, 7.000000, 3.000000, 206.000000
 148.333333, 0.692135, 0.379775, 1.035955, 1.620225
 169.333333, 0.553150, 0.303150, 0.942913, 1.307087
 183.000000, 0.367942, 0.242259, 0.872495, 1.162113
 171.333333, 0.305447, 0.256809, 0.920233, 1.221790
 166.000000, 0.469880, 0.291165, 0.977912, 1.321285
 171.000000, 0.284600, 0.255361, 0.900585, 1.202729
 168.333333, 0.562376, 0.304950, 0.897030, 1.253465
 162.333333, 0.289528, 0.250513, 0.954825, 1.252567
 175.333333, 0.340304, 0.243346, 0.880228, 1.167300
 146.000000, 0.394977, 0.296804, 1.125571, 1.472603
 159.333333, 0.282427, 0.230126, 1.000000, 1.274059
 170.666667, 0.496094, 0.318359, 0.876953, 1.242188
 174.333333, 0.214149, 0.248566, 0.875717, 1.181644
 167.000000, 0.299401, 0.255489, 0.856287, 1.159681
 168.666667, 0.383399, 0.260870, 0.930830, 1.254941
 162.000000, 0.304527, 0.240741, 1.024691, 1.312757
 169.333333, 0.407480, 0.283465, 0.964567, 1.297244
 185.333333, 0.469424, 0.280576, 0.859712, 1.185252
 173.000000, 0.412331, 0.240848, 0.938343, 1.231214
10
 0.200000, 1.000000, 7.000000, 3.000000, 202.000000
 148.333333, 0.494382, 0.321348, 1.033708, 1.465169
 169.000000, 0.514793, 0.317554, 0.960552, 1.323471
 179.333333, 0.388476, 0.213755, 0.882900, 1.148699
 173.000000, 0.362235, 0.269750, 0.949904, 1.269750
 164.333333, 0.373225, 0.255578, 1.030426, 1.332657
 172.000000, 0.339147, 0.246124, 0.916667, 1.211240
 171.000000, 0.458090, 0.288499, 0.857700, 1.200780
 165.333333, 0.306452, 0.207661, 0.917339, 1.171371
 179.666667, 0.328386, 0.230056, 0.820037, 1.094620
 163.000000, 0.503067, 0.316973, 1.067485, 1.433538
 169.000000, 0.546351, 0.280079, 0.970414, 1.295858
 177.000000, 0.623352, 0.327684, 0.943503, 1.316384
 179.333333, 0.275093, 0.224907, 0.920074, 1.197026
 170.333333, 0.367906, 0.299413, 0.953033, 1.297456
 170.333333, 0.344423, 0.281800, 0.962818, 1.297456
 169.000000, 0.536489, 0.274162, 1.029586, 1.355030
 166.333333, 0.290581, 0.252505, 1.006012, 1.306613
 181.000000, 0.384899, 0.254144, 0.876611, 1.176796
 163.666667, 0.283096, 0.256619, 0.955193, 1.260692
11
 0.200000, 0.000000, 8.000000, 2.000000, 185.000000
 145.000000, 0.489655, 0.324138, 1.025287, 1.482759
 181.000000, 0.585635, 0.268877, 0.948435, 1.265193
 185.333333, 0.379496, 0.228417, 0.904676, 1.185252
 171.000000, 0.329435, 0.249513, 0.959064, 1.259259
 166.000000, 0.481928, 0.337349, 1.022088, 1.409639
 168.333333, 0.330693, 0.281188, 0.881188, 1.209901
 165.666667, 0.344064, 0.293763, 0.867203, 1.211268
 167.333333, 0.356574, 0.237052, 0.924303, 1.205179
 178.666667, 0.250000, 0.246269, 0.861940, 1.171642
 155.333333, 0.450644, 0.283262, 1.098712, 1.433476
 172.000000, 0.374031, 0.250000, 0.965116, 1.259690
 165.000000, 0.428283, 0.311111, 0.925253, 1.286869
 176.000000, 0.304924, 0.238636, 0.865530, 1.145833
 166.000000, 0.277108, 0.301205, 0.925703, 1.287149
 175.000000, 0.455238, 0.276190, 0.946667, 1.270476
 170.666667, 0.402344, 0.244141, 0.953125, 1.242188
 171.666667, 0.520388, 0.297087, 0.970874, 1.314563
 184.333333, 0.349005, 0.276673, 0.875226, 1.200723
 163.333333, 0.369388, 0.265306, 0.987755, 1.302041
12
 0.200000, 0.000000, 21.000000, 1.000000, 178.000000
 141.000000, 0.543735, 0.290780, 1.033097, 1.517730
 177.666667, 0.463415, 0.266417, 0.893058, 1.206379
 183.333333, 0.409091, 0.232727, 0.909091, 1.190909
 172.333333, 0.340426, 0.278530, 0.920696, 1.251451
 161.000000, 0.405797, 0.293996, 1.002070, 1.347826
 169.333333, 0.322835, 0.253937, 0.895669, 1.202756
 167.000000, 0.465070, 0.353293, 0.872255, 1.273453
 163.666667, 0.307536, 0.252546, 0.928717, 1.234216
 179.000000, 0.368715, 0.247672, 0.858473, 1.150838
 156.000000, 0.433761, 0.303419, 1.119658, 1.470085
 167.000000, 0.425150, 0.235529, 0.998004, 1.291417
 165.333333, 0.526210, 0.288306, 0.897177, 1.250000
 179.000000, 0.247672, 0.240223, 0.854749, 1.139665
 174.333333, 0.468451, 0.294455, 0.929254, 1.275335
 173.333333, 0.476923, 0.271154, 0.975000, 1.294231
 166.333333, 0.428858, 0.228457, 0.957916, 1.234469
 167.333333, 0.372510, 0.274900, 0.918327, 1.250996
 184.666667, 0.330325, 0.261733, 0.861011, 1.169675
 163.000000, 0.325153, 0.245399, 0.969325, 1.271984
13
 0.200000, 8.000000, 42.000000, 9.000000, 206.000000
 144.666667, 0.741935, 0.366359, 1.076037, 1.656682
 169.000000, 0.410256, 0.272189, 0.865878, 1.191321
 181.666667, 0.330275, 0.216514, 0.849541, 1.115596
 166.000000, 0.186747, 0.271084, 0.915663, 1.232932
 164.666667, 0.437247, 0.329960, 0.967611, 1.348178
 168.333333, 0.306931, 0.263366, 0.899010, 1.211881
 157.000000, 0.318471, 0.276008, 0.889597, 1.212314
 167.666667, 0.322068, 0.248509, 0.966203, 1.260437
 177.000000, 0.410546, 0.258004, 0.856874, 1.171375
 155.666667, 0.475375, 0.321199, 1.100642, 1.483940
 161.666667, 0.268041, 0.228866, 1.010309, 1.286598
 173.666667, 0.652591, 0.318618, 0.894434, 1.257198
 183.666667, 0.337568, 0.277677, 0.871143, 1.205082
 167.666667, 0.345924, 0.290258, 0.922465, 1.278330
 167.666667, 0.339960, 0.240557, 0.932406, 1.222664
 171.333333, 0.352140, 0.231518, 0.984436, 1.260700
 163.666667, 0.350305, 0.311609, 0.965377, 1.325866
 178.333333, 0.289720, 0.248598, 0.863551, 1.160748
 161.000000, 0.267081, 0.250518, 1.004141, 1.298137
14
 0.200000, 0.000000, 42.000000, 2.000000, 184.000000
 143.000000, 0.699301, 0.393939, 1.009324, 1.580420
 171.000000, 0.471735, 0.294347, 0.970760, 1.317739
 184.000000, 0.351449, 0.224638, 0.869565, 1.139493
 169.000000, 0.309665, 0.264300, 0.919132, 1.230769
 169.000000, 0.333333, 0.291913, 1.005917, 1.349112
 162.666667, 0.243852, 0.288934, 0.909836, 1.245902
 175.333333, 0.490494, 0.309886, 0.849810, 1.205323
 170.000000, 0.407843, 0.235294, 0.917647, 1.198039
 176.666667, 0.371698, 0.252830, 0.890566, 1.186792
 159.000000, 0.492662, 0.285115, 1.088050, 1.421384
 164.000000, 0.302846, 0.247967, 0.977642, 1.266260
 168.666667, 0.590909, 0.290514, 0.920949, 1.258893
 179.333333, 0.356877, 0.276952, 0.882900, 1.210037
 169.666667, 0.404715, 0.333988, 0.923379, 1.308448
 165.666667, 0.426559, 0.259557, 0.949698, 1.265594
 160.666667, 0.286307, 0.230290, 0.997925, 1.275934
 171.333333, 0.406615, 0.247082, 0.941634, 1.239300
 191.666667, 0.426087, 0.292174, 0.848696, 1.187826
 168.000000, 0.390873, 0.232143, 0.956349, 1.236111
15
 0.200000, 0.000000, 49.000000, 0.000000, 248.000000
 156.333333, 0.737740, 0.326226, 0.997868, 1.469083
 160.666667, 0.325726, 0.307054, 0.941909, 1.300830
 179.333333, 0.425651, 0.254647, 0.860595, 1.169145
 177.333333, 0.375940, 0.251880, 0.958647, 1.265038
 156.333333, 0.351812, 0.336887, 1.036247, 1.420043
 166.333333, 0.314629, 0.280561, 0.875752, 1.204409
 170.000000, 0.443137, 0.333333, 0.868627, 1.264706
 160.666667, 0.313278, 0.248963, 0.927386, 1.224066
 186.333333, 0.524150, 0.262970, 0.853309, 1.159213
 158.333333, 0.503158, 0.320000, 1.086316, 1.461053
 164.000000, 0.436992, 0.280488, 1.024390, 1.351626
 172.333333, 0.533849, 0.294004, 0.922631, 1.266925
 178.666667, 0.246269, 0.277985, 0.873134, 1.195896
 168.666667, 0.391304, 0.300395, 0.913043, 1.260870
 171.666667, 0.374757, 0.250485, 0.918447, 1.213592
 166.333333, 0.294589, 0.242485, 0.989980, 1.290581
 172.333333, 0.429400, 0.251451, 0.889749, 1.191489
 180.000000, 0.255556, 0.275926, 0.872222, 1.203704
 164.000000, 0.416667, 0.239837, 0.969512, 1.256098
16
 0.200000, 0.000000, 30.000000, 2.000000, 34.000000
 152.000000, 0.640351, 0.302632, 0.995614, 1.429825
 182.333333, 0.603291, 0.310786, 0.961609, 1.321755
 183.000000, 0.349727, 0.207650, 0.907104, 1.165756
 170.000000, 0.282353, 0.264706, 0.931373, 1.249020
 165.333333, 0.552419, 0.288306, 1.034274, 1.372984
 174.666667, 0.501908, 0.284351, 0.916031, 1.255725
 169.333333, 0.391732, 0.287402, 0.874016, 1.208661
 168.333333, 0.348515, 0.227723, 0.934653, 1.209901
 171.666667, 0.349515, 0.281553, 0.866019, 1.196117
 151.000000, 0.353201, 0.311258, 1.110375, 1.472406
 166.666667, 0.338000, 0.242000, 0.996000, 1.282000
 172.666667, 0.629344, 0.333977, 0.895753, 1.276062
 178.333333, 0.381308, 0.263551, 0.902804, 1.213084
 178.000000, 0.400749, 0.267790, 0.900749, 1.211610
 174.666667, 0.501908, 0.265267, 0.965649, 1.282443
 166.000000, 0.331325, 0.289157, 0.941767, 1.277108
 170.333333, 0.430528, 0.318982, 0.990215, 1.354207
 183.666667, 0.317604, 0.250454, 0.871143, 1.168784
 165.666667, 0.281690, 0.253521, 0.961771, 1.265594
17
 0.200000, 0.000000, 0.000000, 0.000000, 40.000000
 158.333333, 0.671579, 0.320000, 0.949474, 1.381053
 172.666667, 0.540541, 0.293436, 0.928571, 1.270270
 184.333333, 0.421338, 0.244123, 0.873418, 1.171790
 172.666667, 0.372587, 0.268340, 0.924710, 1.243243
 162.000000, 0.477366, 0.316872, 1.000000, 1.368313
 171.000000, 0.302144, 0.267057, 0.894737, 1.212476
 162.000000, 0.335391, 0.290123, 0.930041, 1.271605
 168.333333, 0.394059, 0.251485, 0.960396, 1.259406
 176.333333, 0.546314, 0.262760, 0.871456, 1.179584
 157.666667, 0.418605, 0.268499, 1.054968, 1.372093
 158.333333, 0.258947, 0.235789, 0.983158, 1.263158
 163.666667, 0.588595, 0.309572, 0.926680, 1.283096
 180.333333, 0.371534, 0.258780, 0.876155, 1.179298
 174.333333, 0.434034, 0.286807, 0.908222, 1.240918
 182.666667, 0.565693, 0.253650, 0.930657, 1.235401
 172.000000, 0.393411, 0.250000, 0.959302, 1.253876
 165.333333, 0.447581, 0.316532, 0.925403, 1.286290
 180.666667, 0.287823, 0.252768, 0.889299, 1.191882
 156.000000, 0.307692, 0.252137, 0.982906, 1.284188
18
 0.200000, 3.000000, 4.000000, 0.000000, 47.000000
 140.666667, 0.426540, 0.348341, 1.018957, 1.492891
 173.333333, 0.457692, 0.271154, 0.944231, 1.267308
 185.333333, 0.408273, 0.214029, 0.902878, 1.163669
 175.666667, 0.352941, 0.250474, 0.943074, 1.239089
 156.666667, 0.344681, 0.314894, 0.963830, 1.338298
 165.000000, 0.323232, 0.282828, 0.907071, 1.244444
 159.000000, 0.377358, 0.285115, 0.899371, 1.245283
 163.666667, 0.358452, 0.230143, 0.928717, 1.207739
 178.333333, 0.351402, 0.246729, 0.891589, 1.183178
 152.666667, 0.454148, 0.329694, 1.168122, 1.548035
 166.333333, 0.332665, 0.252505, 1.034068, 1.328657
 163.333333, 0.367347, 0.287755, 0.904082, 1.236735
 180.000000, 0.355556, 0.251852, 0.885185, 1.179630
 166.000000, 0.303213, 0.275100, 0.947791, 1.277108
 172.666667, 0.478764, 0.272201, 0.980695, 1.316602
 164.666667, 0.271255, 0.222672, 0.985830, 1.257085
 165.666667, 0.386318, 0.293763, 0.937626, 1.279678
 193.333333, 0.422414, 0.250000, 0.841379, 1.136207
 161.666667, 0.251546, 0.268041, 0.952577, 1.265979
19
 0.200000, 0.000000, 5.000000, 2.000000, 49.000000
 148.333333, 0.552809, 0.341573, 1.076404, 1.523596
 170.333333, 0.454012, 0.256360, 0.935421, 1.242661
 185.000000, 0.405405, 0.219820, 0.899099, 1.172973
 176.666667, 0.371698, 0.273585, 0.933962, 1.256604
 167.333333, 0.458167, 0.312749, 0.998008, 1.362550
 165.000000, 0.228283, 0.258586, 0.850505, 1.157576
 167.000000, 0.375250, 0.311377, 0.862275, 1.227545
 165.666667, 0.374245, 0.239437, 0.959759, 1.251509
 187.666667, 0.435169, 0.253996, 0.822380, 1.120782
 157.000000, 0.484076, 0.309979, 1.065817, 1.445860
 164.666667, 0.303644, 0.238866, 0.957490, 1.242915
 171.333333, 0.612840, 0.301556, 0.929961, 1.285992
 180.333333, 0.367837, 0.249538, 0.855823, 1.147874
 167.666667, 0.286282, 0.268390, 0.930417, 1.252485
 172.333333, 0.462282, 0.239845, 0.947776, 1.235977
 172.000000, 0.379845, 0.251938, 0.996124, 1.296512
 171.333333, 0.457198, 0.282101, 0.966926, 1.313230
 178.666667, 0.223881, 0.276119, 0.888060, 1.218284
 163.666667, 0.340122, 0.238289, 0.997963, 1.283096
20
 0.200000, 0.000000, 5.000000, 1.000000, 37.000000
 150.000000, 0.537778, 0.304444, 0.995556, 1.420000
 177.000000, 0.593220, 0.318267, 0.922787, 1.291902
 174.333333, 0.380497, 0.239006, 0.913958, 1.198853
 168.333333, 0.306931, 0.255446, 0.912871, 1.213861
 160.666667, 0.309129, 0.286307, 0.981328, 1.315353
 163.333333, 0.300000, 0.277551, 0.922449, 1.251020
 169.000000, 0.313609, 0.293886, 0.877712, 1.220907
 164.333333, 0.342799, 0.237323, 0.922921, 1.204868
 178.000000, 0.359551, 0.264045, 0.878277, 1.189139
 155.000000, 0.524731, 0.294624, 1.062366, 1.430108
 162.666667, 0.297131, 0.239754, 0.963115, 1.247951
 172.666667, 0.864865, 0.326255, 0.944015, 1.318533
 178.333333, 0.334579, 0.242991, 0.912150, 1.198131
 166.000000, 0.431727, 0.301205, 0.973896, 1.331325
 171.333333, 0.340467, 0.237354, 0.963035, 1.249027
 162.000000, 0.281893, 0.234568, 0.934156, 1.218107
 172.000000, 0.527132, 0.331395, 0.961240, 1.337209
 184.666667, 0.384477, 0.259928, 0.906137, 1.212996
 162.666667, 0.358607, 0.272541, 0.959016, 1.280738
21
 0.200000, 2.000000, 9.000000, 1.000000, 44.000000
 158.333333, 0.732632, 0.374737, 1.050526, 1.572632
 168.666667, 0.486166, 0.272727, 0.903162, 1.225296
 180.000000, 0.357407, 0.240741, 0.905556, 1.192593
 173.333333, 0.336538, 0.248077, 0.923077, 1.221154
 163.333333, 0.434694, 0.318367, 0.997959, 1.365306
 172.000000, 0.420543, 0.271318, 0.883721, 1.203488
 167.000000, 0.542914, 0.293413, 0.886228, 1.235529
 164.333333, 0.251521, 0.233266, 0.926978, 1.206897
 176.666667, 0.403774, 0.273585, 0.898113, 1.216981
 162.333333, 0.595483, 0.277207, 1.084189, 1.412731
 168.000000, 0.317460, 0.238095, 0.986111, 1.269841
 166.000000, 0.734940, 0.327309, 0.947791, 1.321285
 177.333333, 0.313910, 0.214286, 0.868421, 1.142857
 166.666667, 0.296000, 0.280000, 0.926000, 1.260000
 170.666667, 0.410156, 0.269531, 0.968750, 1.289063
 168.333333, 0.326733, 0.241584, 1.009901, 1.300990
 174.666667, 0.410305, 0.248092, 0.925573, 1.219466
 196.333333, 0.507640, 0.264856, 0.867572, 1.176570
 160.000000, 0.306250, 0.277083, 0.962500, 1.283333
22
 0.200000, 0.000000, 12.000000, 0.000000, 36.000000
 146.666667, 0.559091, 0.293182, 1.115909, 1.534091
 167.000000, 0.455090, 0.259481, 0.908184, 1.217565
 181.000000, 0.274401, 0.209945, 0.869245, 1.125230
 178.333333, 0.431776, 0.261682, 0.904673, 1.224299
 163.333333, 0.375510, 0.291837, 0.973469, 1.316327
 164.000000, 0.292683, 0.250000, 0.865854, 1.166667
 175.666667, 0.546490, 0.314991, 0.899431, 1.267552
 159.333333, 0.240586, 0.251046, 0.928870, 1.225941
 179.666667, 0.352505, 0.278293, 0.866419, 1.187384
 159.666667, 0.521921, 0.329854, 1.073069, 1.465553
 165.000000, 0.335354, 0.254545, 0.997980, 1.301010
 168.000000, 0.628968, 0.305556, 0.968254, 1.319444
 189.666667, 0.360281, 0.256591, 0.884007, 1.186292
 174.666667, 0.372137, 0.276718, 0.906489, 1.227099
 173.333333, 0.386538, 0.269231, 0.965385, 1.286538
 161.666667, 0.334021, 0.265979, 0.964948, 1.278351
 168.000000, 0.375000, 0.271825, 0.920635, 1.240079
 186.000000, 0.362007, 0.281362, 0.903226, 1.238351
 165.666667, 0.311871, 0.249497, 0.989940, 1.287726
23
 0.200000, 0.000000, 0.000000, 3.000000, 3.000000
 156.333333, 0.765458, 0.317697, 1.000000, 1.422175
 182.000000, 0.743590, 0.329670, 0.890110, 1.271062
 183.000000, 0.369763, 0.222222, 0.907104, 1.174863
 174.666667, 0.433206, 0.282443, 0.935115, 1.270992
 164.000000, 0.420732, 0.276423, 0.981707, 1.302846
 175.666667, 0.447818, 0.290323, 0.908918, 1.248577
 165.000000, 0.414141, 0.294949, 0.898990, 1.244444
 170.333333, 0.303327, 0.238748, 0.956947, 1.242661
 178.000000, 0.513109, 0.279026, 0.887640, 1.215356
 155.000000, 0.408602, 0.283871, 1.096774, 1.432258
 167.666667, 0.369781, 0.226640, 0.990060, 1.272366
 171.000000, 0.602339, 0.290448, 0.916179, 1.259259
 183.333333, 0.349091, 0.250909, 0.881818, 1.187273
 174.333333, 0.340344, 0.267686, 0.936902, 1.260038
 171.333333, 0.535019, 0.254864, 0.992218, 1.295720
 175.000000, 0.462857, 0.241905, 0.973333, 1.260952
 168.000000, 0.406746, 0.267857, 0.980159, 1.305556
 187.000000, 0.422460, 0.245989, 0.843137, 1.146168
 168.000000, 0.365079, 0.259921, 1.005952, 1.315476
24
 0.200000, 0.000000, 0.000000, 3.000000, 3.000000
 150.333333, 0.585366, 0.319290, 1.042129, 1.505543
 164.333333, 0.336714, 0.288032, 0.896552, 1.235294
 182.333333, 0.389397, 0.232176, 0.868373, 1.155393
 172.333333, 0.307544, 0.253385, 0.916828, 1.216634
 165.666667, 0.442656, 0.327968, 0.973843, 1.350101
 171.000000, 0.317739, 0.253411, 0.881092, 1.181287
 161.000000, 0.316770, 0.281573, 0.896480, 1.225673
 163.666667, 0.274949, 0.246436, 0.963340, 1.254582
 177.333333, 0.458647, 0.253759, 0.870301, 1.171053
 166.000000, 0.646586, 0.275100, 1.034137, 1.359438
 173.000000, 0.435453, 0.238921, 0.988439, 1.273603
 168.666667, 0.650198, 0.316206, 0.899209, 1.272727
 181.000000, 0.381215, 0.263352, 0.878453, 1.187845
 170.666667, 0.464844, 0.330078, 0.912109, 1.289063
 168.333333, 0.388119, 0.265347, 0.948515, 1.261386
 161.000000, 0.308489, 0.275362, 1.018634, 1.345756
 172.333333, 0.448743, 0.274662, 0.949710, 1.276596
 196.666667, 0.444068, 0.254237, 0.820339, 1.122034
 161.666667, 0.369072, 0.249485, 0.944330, 1.243299
25
 0.200000, 1.000000, 0.000000, 0.000000, 4.000000
 155.666667, 0.483940, 0.289079, 0.989293, 1.411135
 171.666667, 0.460194, 0.300971, 0.963107, 1.316505
 187.666667, 0.394316, 0.214920, 0.854352, 1.115453
 169.333333, 0.275591, 0.257874, 0.919291, 1.222441
 161.333333, 0.429752, 0.351240, 0.979339, 1.378099
 172.666667, 0.465251, 0.272201, 0.874517, 1.194981
 165.666667, 0.438632, 0.287726, 0.943662, 1.279678
 173.000000, 0.314066, 0.235067, 0.919075, 1.204239
 179.000000, 0.500931, 0.284916, 0.839851, 1.180633
 159.333333, 0.523013, 0.305439, 1.073222, 1.424686
 166.000000, 0.385542, 0.244980, 0.993976, 1.283133
 162.666667, 0.575820, 0.301230, 0.946721, 1.301230
 178.333333, 0.256075, 0.231776, 0.852336, 1.134579
 169.666667, 0.253438, 0.261297, 0.933202, 1.241650
 175.666667, 0.489564, 0.275142, 0.950664, 1.269450
 165.000000, 0.276768, 0.260606, 1.030303, 1.341414
 167.333333, 0.442231, 0.266932, 0.964143, 1.276892
 187.666667, 0.342806, 0.252220, 0.875666, 1.181172
 170.333333, 0.401174, 0.258317, 0.941292, 1.242661
26
 0.200000, 1.000000, 0.000000, 0.000000, 0.000000
 154.000000, 0.564935, 0.294372, 0.958874, 1.359307
 174.333333, 0.627151, 0.309751, 0.845124, 1.210325
 185.333333, 0.341727, 0.214029, 0.877698, 1.145683
 171.000000, 0.255361, 0.231969, 0.931774, 1.212476
 167.000000, 0.487026, 0.307385, 1.011976, 1.367265
 165.333333, 0.197581, 0.231855, 0.879032, 1.159274
 168.333333, 0.451485, 0.324752, 0.918812, 1.291089
 173.666667, 0.408829, 0.238004, 0.911708, 1.203455
 182.333333, 0.502742, 0.314442, 0.881170, 1.244973
 155.000000, 0.486022, 0.301075, 1.124731, 1.477419
 163.000000, 0.290389, 0.241309, 1.030675, 1.316973
 170.333333, 0.454012, 0.297456, 0.927593, 1.272016
 172.333333, 0.226306, 0.224371, 0.887814, 1.158607
 175.666667, 0.379507, 0.273245, 0.939279, 1.256167
 170.666667, 0.333984, 0.248047, 0.972656, 1.269531
 161.333333, 0.355372, 0.268595, 0.995868, 1.311983
 166.666667, 0.364000, 0.298000, 0.938000, 1.284000
 181.000000, 0.311234, 0.248619, 0.865562, 1.160221
 164.666667, 0.364372, 0.269231, 0.939271, 1.267206
27
 0.200000, 0.000000, 0.000000, 0.000000, 8.000000
 154.000000, 0.577922, 0.268398, 0.991342, 1.361472
 163.666667, 0.474542, 0.295316, 0.916497, 1.274949
 178.000000, 0.331461, 0.228464, 0.889513, 1.168539
 171.000000, 0.286550, 0.278752, 0.912281, 1.237817
 165.666667, 0.551308, 0.313883, 1.012072, 1.374245
 179.000000, 0.437616, 0.286778, 0.869646, 1.210428
 163.333333, 0.346939, 0.293878, 0.897959, 1.240816
 168.000000, 0.371032, 0.259921, 0.914683, 1.222222
 183.333333, 0.523636, 0.236364, 0.903636, 1.185455
 159.666667, 0.540710, 0.311065, 1.131524, 1.488518
 165.000000, 0.298990, 0.248485, 1.016162, 1.309091
 162.333333, 0.394251, 0.285421, 0.917864, 1.256674
 177.000000, 0.421846, 0.273070, 0.887006, 1.201507
 167.333333, 0.444223, 0.318725, 0.896414, 1.258964
 175.333333, 0.448669, 0.247148, 0.920152, 1.224335
 165.000000, 0.307071, 0.250505, 0.943434, 1.248485
 171.000000, 0.504873, 0.290448, 1.005848, 1.345029
 179.666667, 0.304267, 0.256030, 0.879406, 1.179963
 159.666667, 0.223382, 0.267223, 0.974948, 1.288100
28
 0.200000, 1.000000, 8.000000, 0.000000, 10.000000
 152.666667, 0.635371, 0.338428, 1.024017, 1.502183
 164.333333, 0.383367, 0.279919, 0.943205, 1.275862
 182.333333, 0.358318, 0.213894, 0.895795, 1.160878
 174.666667, 0.372137, 0.276718, 0.952290, 1.286260
 159.333333, 0.303347, 0.294979, 0.974895, 1.322176
 176.666667, 0.415094, 0.266038, 0.852830, 1.167925
 166.333333, 0.398798, 0.294589, 0.925852, 1.268537
 163.000000, 0.286299, 0.265849, 0.961145, 1.274029
 181.333333, 0.483456, 0.273897, 0.895221, 1.213235
 154.333333, 0.345572, 0.328294, 1.043197, 1.423326
 161.666667, 0.315464, 0.251546, 0.993814, 1.290722
 165.000000, 0.668687, 0.339394, 0.935354, 1.319192
 184.666667, 0.539711, 0.287004, 0.873646, 1.214801
 174.000000, 0.386973, 0.302682, 0.936782, 1.287356
 173.666667, 0.454894, 0.253359, 0.930902, 1.230326
 172.000000, 0.391473, 0.234496, 0.968992, 1.253876
 177.666667, 0.455910, 0.223265, 0.934334, 1.208255
 187.333333, 0.448399, 0.274021, 0.868327, 1.193950
 168.333333, 0.459406, 0.251485, 0.984158, 1.279208
29
 0.200000, 0.000000, 0.000000, 4.000000, 15.000000
 155.666667, 0.595289, 0.312634, 1.062099, 1.486081
 175.666667, 0.546490, 0.297913, 0.937381, 1.286528
 187.000000, 0.424242, 0.217469, 0.877005, 1.144385
 179.333333, 0.423792, 0.256506, 0.920074, 1.237918
 163.666667, 0.452138, 0.354379, 1.034623, 1.437882
 168.000000, 0.317460, 0.251984, 0.900794, 1.202381
 177.333333, 0.665414, 0.302632, 0.892857, 1.244361
 166.666667, 0.282000, 0.228000, 0.956000, 1.230000
 180.333333, 0.447320, 0.264325, 0.898336, 1.216266
 151.666667, 0.349451, 0.296703, 1.068132, 1.417582
 164.333333, 0.350913, 0.255578, 0.959432, 1.265720
 165.000000, 0.688889, 0.367677, 0.907071, 1.323232
 183.666667, 0.381125, 0.255898, 0.907441, 1.210526
 173.000000, 0.379576, 0.277457, 0.951830, 1.281310
 168.333333, 0.342574, 0.247525, 0.924752, 1.219802
 172.000000, 0.437984, 0.253876, 0.963178, 1.265504
 170.000000, 0.358824, 0.258824, 0.954902, 1.258824
 175.666667, 0.258065, 0.269450, 0.874763, 1.197343
 171.000000, 0.502924, 0.251462, 0.986355, 1.282651
30
 0.200000, 1.000000, 1.000000, 6.000000, 14.000000
 154.000000, 0.627706, 0.283550, 1.028139, 1.465368
 172.000000, 0.391473, 0.269380, 0.916667, 1.234496
 173.333333, 0.276923, 0.221154, 0.861538, 1.136538
 166.666667, 0.268000, 0.252000, 0.912000, 1.224000
 163.666667, 0.450102, 0.305499, 0.985743, 1.350305
 173.000000, 0.346821, 0.263969, 0.870906, 1.184971
 164.000000, 0.506098, 0.304878, 0.906504, 1.258130
 164.333333, 0.279919, 0.249493, 0.926978, 1.225152
 182.666667, 0.410584, 0.255474, 0.895985, 1.204380
 155.666667, 0.419700, 0.295503, 1.089936, 1.432548
 165.666667, 0.325956, 0.241449, 1.024145, 1.313883
 160.333333, 0.405405, 0.278586, 0.898129, 1.224532
 181.000000, 0.267035, 0.261510, 0.887661, 1.195212
 175.333333, 0.439163, 0.288973, 0.939163, 1.275665
 177.000000, 0.495292, 0.276836, 0.981168, 1.310734
 159.666667, 0.325678, 0.242171, 1.018789, 1.308977
 169.000000, 0.406312, 0.285996, 0.946746, 1.282051
 177.666667, 0.270169, 0.262664, 0.881801, 1.189493
 160.666667, 0.350622, 0.269710, 0.989627, 1.307054
31
 0.200000, 0.000000, 7.000000, 0.000000, 11.000000
 146.333333, 0.394077, 0.264237, 1.036446, 1.425968
 169.000000, 0.467456, 0.295858, 0.921105, 1.282051
 182.000000, 0.368132, 0.249084, 0.875458, 1.172161
 180.000000, 0.453704, 0.248148, 0.924074, 1.218519
 161.333333, 0.369835, 0.328512, 1.057851, 1.438017
 169.666667, 0.302554, 0.277014, 0.915521, 1.245580
 164.333333, 0.480730, 0.324544, 0.892495, 1.263692
 168.333333, 0.277228, 0.271287, 0.932673, 1.267327
 176.666667, 0.328302, 0.233962, 0.928302, 1.213208
 160.000000, 0.410417, 0.308333, 1.075000, 1.429167
 162.333333, 0.291581, 0.227926, 1.018480, 1.293634
 168.333333, 0.592079, 0.340594, 0.922772, 1.322772
 176.000000, 0.287879, 0.215909, 0.861742, 1.125000
 173.666667, 0.472169, 0.297505, 1.000000, 1.343570
 177.333333, 0.419173, 0.263158, 0.951128, 1.270677
 162.333333, 0.268994, 0.234086, 1.010267, 1.293634
 168.666667, 0.440711, 0.304348, 1.005929, 1.371542
 200.666667, 0.476744, 0.274086, 0.847176, 1.166113
 161.000000, 0.300207, 0.265010, 0.960663, 1.281573
Histogram
1 0 0 0 0 0 0 0 0 0 1 120 331 94 49 11 2 0 0 0 0 0 0 0 0 0 0 0 0 0 2 0 0 0 0 0 0 0 0 0 1 0 0 0 0 0 0 0 0 0 0 0 0 0 0 0 0 0 0 0 0 0 0 0 0 0 0 0 0 0 0 0 0 0 0 0 0 0 0 0 1 0 0 0 0 0 0 0 0 0 0 0 0 0 0 0 0 0 0 0 1 0 0 0 0 0 0 0 0 0 1 0 0 0 0 0 0 0 0 25 
Cache Miss Ratio
0.0
numOfSets
0
numOfGets
322208
numOfMultiGets
0
