20
0
 0.200000, 1.000000, 0.000000, 116.000000, 283.000000
 175.000000, 0.883810, 0.405714, 1.146667, 1.670476
 187.000000, 1.014260, 0.409982, 1.046346, 1.516934
 202.333333, 0.622735, 0.289951, 0.980231, 1.314662
 191.000000, 0.544503, 0.280977, 1.076789, 1.410122
 201.000000, 0.605307, 0.290216, 0.963516, 1.298507
 181.333333, 0.645221, 0.264706, 1.248162, 1.568015
 184.666667, 0.790614, 0.388087, 1.097473, 1.539711
 187.333333, 0.788256, 0.345196, 1.227758, 1.620996
 194.000000, 0.563574, 0.274914, 1.226804, 1.554983
 191.333333, 0.914634, 0.428571, 1.102787, 1.585366
 197.000000, 0.582064, 0.309645, 1.059222, 1.421320
 190.000000, 0.633333, 0.305263, 1.017544, 1.384211
 189.666667, 0.528998, 0.318102, 0.987698, 1.351494
 190.333333, 0.598949, 0.322242, 1.080560, 1.446585
 205.333333, 0.698052, 0.305195, 1.128247, 1.478896
 201.000000, 0.492537, 0.257048, 1.200663, 1.507463
 188.666667, 0.480565, 0.268551, 1.305654, 1.627208
 193.333333, 0.615517, 0.296552, 1.031034, 1.379310
 198.000000, 0.698653, 0.311448, 1.240741, 1.601010
1
 0.200000, 0.000000, 0.000000, 116.000000, 265.000000
 166.666667, 0.802000, 0.376000, 1.100000, 1.586000
 187.333333, 0.788256, 0.354093, 1.042705, 1.453737
 199.666667, 0.619366, 0.272120, 0.979967, 1.300501
 192.666667, 0.546713, 0.297578, 1.133218, 1.477509
 192.000000, 0.611111, 0.274306, 0.968750, 1.296875
 190.000000, 0.694737, 0.266667, 1.200000, 1.512281
 176.666667, 0.562264, 0.322642, 1.058491, 1.441509
 190.333333, 0.567426, 0.283713, 1.201401, 1.541156
 199.333333, 0.523411, 0.250836, 1.195652, 1.496656
 188.333333, 0.892035, 0.447788, 1.106195, 1.607080
 203.666667, 0.571195, 0.281506, 1.108020, 1.443535
 190.333333, 0.821366, 0.360771, 1.028021, 1.443082
 195.000000, 0.562393, 0.297436, 0.952137, 1.295726
 193.000000, 0.550950, 0.288428, 1.060449, 1.402418
 205.000000, 0.752846, 0.304065, 1.063415, 1.422764
 203.000000, 0.505747, 0.229885, 1.241379, 1.517241
 188.000000, 0.643617, 0.250000, 1.388298, 1.689716
 190.666667, 0.625874, 0.270979, 0.975524, 1.291958
 194.000000, 0.544674, 0.269759, 1.120275, 1.443299
2
 0.200000, 0.000000, 0.000000, 112.000000, 263.000000
 173.333333, 1.019231, 0.421154, 1.053846, 1.590385
 183.666667, 0.736842, 0.406534, 1.025408, 1.495463
 192.666667, 0.645329, 0.278547, 0.961938, 1.287197
 179.666667, 0.393321, 0.272727, 1.090909, 1.413729
 196.000000, 0.576531, 0.280612, 0.989796, 1.316327
 190.000000, 0.677193, 0.331579, 1.214035, 1.591228
 186.000000, 0.747312, 0.356631, 1.068100, 1.503584
 191.333333, 0.599303, 0.296167, 1.282230, 1.625436
 197.000000, 0.688663, 0.321489, 1.192893, 1.565144
 186.333333, 0.767442, 0.373882, 1.169946, 1.593918
 200.333333, 0.472546, 0.291181, 1.043261, 1.387687
 184.666667, 0.583032, 0.328520, 1.032491, 1.411552
 188.000000, 0.487589, 0.287234, 0.941489, 1.283688
 195.333333, 0.529010, 0.279863, 1.059727, 1.394198
 205.333333, 0.649351, 0.310065, 1.071429, 1.448052
 207.000000, 0.599034, 0.265700, 1.191626, 1.518519
 188.666667, 0.563604, 0.272085, 1.340989, 1.662544
 196.333333, 0.550085, 0.266553, 0.994907, 1.305603
 194.333333, 0.500858, 0.303602, 1.192110, 1.542024
3
 0.200000, 0.000000, 0.000000, 4.000000, 287.000000
 171.000000, 0.838207, 0.426901, 1.126706, 1.647173
 188.333333, 0.884956, 0.343363, 1.015929, 1.414159
 192.333333, 0.400347, 0.266898, 0.975737, 1.292894
 195.000000, 0.656410, 0.285470, 1.105983, 1.437607
 191.333333, 0.660279, 0.299652, 1.010453, 1.355401
 196.333333, 0.685908, 0.259762, 1.132428, 1.432937
 197.333333, 0.895270, 0.369932, 1.048986, 1.476351
 197.333333, 0.800676, 0.298986, 1.256757, 1.613176
 186.000000, 0.512545, 0.263441, 1.275986, 1.586022
 177.000000, 0.873823, 0.474576, 1.148776, 1.670433
 199.666667, 0.490818, 0.278798, 1.101836, 1.427379
 187.333333, 0.619217, 0.330961, 1.003559, 1.386121
 195.333333, 0.612628, 0.303754, 0.988055, 1.341297
 190.000000, 0.463158, 0.296491, 1.112281, 1.454386
 203.000000, 0.671593, 0.310345, 1.050903, 1.420361
 204.666667, 0.721498, 0.257329, 1.214984, 1.519544
 185.333333, 0.507194, 0.244604, 1.440647, 1.728417
 196.666667, 0.684746, 0.301695, 1.008475, 1.355932
 190.333333, 0.535902, 0.302977, 1.152364, 1.506130
4
 0.200000, 0.000000, 0.000000, 3.000000, 285.000000
 165.333333, 0.804435, 0.379032, 1.112903, 1.604839
 196.666667, 1.128814, 0.408475, 1.042373, 1.506780
 204.666667, 0.749186, 0.324104, 0.980456, 1.348534
 190.666667, 0.793706, 0.305944, 1.078671, 1.433566
 208.000000, 0.681090, 0.270833, 0.923077, 1.241987
 189.333333, 0.551056, 0.288732, 1.269366, 1.621479
 188.666667, 0.772085, 0.310954, 1.063604, 1.425795
 186.333333, 0.440072, 0.277281, 1.295170, 1.618962
 196.666667, 0.525424, 0.277966, 1.245763, 1.571186
 177.000000, 0.751412, 0.372881, 1.101695, 1.523540
 204.333333, 0.567700, 0.287113, 1.026101, 1.360522
 188.000000, 0.728723, 0.324468, 1.049645, 1.434397
 188.666667, 0.667845, 0.303887, 0.969965, 1.330389
 183.000000, 0.449909, 0.302368, 1.112933, 1.460838
 208.666667, 0.674121, 0.314696, 1.041534, 1.412141
 195.000000, 0.572650, 0.258120, 1.148718, 1.451282
 182.666667, 0.481752, 0.273723, 1.321168, 1.644161
 191.333333, 0.569686, 0.271777, 1.001742, 1.322300
 191.000000, 0.609075, 0.319372, 1.167539, 1.534031
5
 0.200000, 0.000000, 0.000000, 4.000000, 285.000000
 160.666667, 0.668050, 0.383817, 1.076763, 1.570539
 188.000000, 1.216312, 0.469858, 1.035461, 1.565603
 193.666667, 0.545611, 0.292599, 0.963855, 1.304647
 188.000000, 0.624113, 0.285461, 1.120567, 1.462766
 201.666667, 0.690909, 0.284298, 0.961983, 1.290909
 191.333333, 0.656794, 0.268293, 1.275261, 1.590592
 191.666667, 0.850435, 0.318261, 1.026087, 1.406957
 193.000000, 0.542314, 0.293610, 1.196891, 1.533679
 194.333333, 0.538593, 0.264151, 1.200686, 1.509434
 177.333333, 0.810150, 0.434211, 1.095865, 1.578947
 196.000000, 0.520408, 0.306122, 1.064626, 1.418367
 188.666667, 0.747350, 0.348057, 1.033569, 1.431095
 184.333333, 0.537071, 0.298373, 1.001808, 1.359855
 193.666667, 0.569707, 0.297762, 1.086059, 1.430293
 200.000000, 0.666667, 0.328333, 1.100000, 1.480000
 201.333333, 0.503311, 0.278146, 1.201987, 1.523179
 187.000000, 0.579323, 0.292335, 1.413547, 1.759358
 196.000000, 0.630952, 0.270408, 1.001701, 1.321429
 196.666667, 0.681356, 0.284746, 1.164407, 1.493220
6
 0.200000, 0.000000, 1.000000, 33.000000, 280.000000
 177.000000, 1.005650, 0.391714, 1.060264, 1.555556
 187.333333, 0.939502, 0.361210, 1.067616, 1.508897
 193.333333, 0.486207, 0.267241, 0.984483, 1.300000
 193.000000, 0.523316, 0.295337, 1.141623, 1.485320
 196.333333, 0.539898, 0.261460, 0.971138, 1.280136
 191.000000, 0.724258, 0.286213, 1.246073, 1.575916
 191.666667, 0.794783, 0.337391, 1.107826, 1.499130
 196.333333, 0.623090, 0.280136, 1.185059, 1.517827
 192.333333, 0.561525, 0.263432, 1.216638, 1.525130
 187.666667, 1.019538, 0.449378, 1.124334, 1.639432
 202.666667, 0.634868, 0.300987, 1.052632, 1.409539
 187.666667, 0.968028, 0.335702, 1.042629, 1.436945
 194.000000, 0.611684, 0.278351, 1.018900, 1.345361
 190.666667, 0.494755, 0.304196, 1.094406, 1.444056
 196.666667, 0.584746, 0.332203, 1.066102, 1.444068
 198.666667, 0.489933, 0.273490, 1.221477, 1.546980
 186.666667, 0.580357, 0.301786, 1.401786, 1.758929
 189.333333, 0.626761, 0.299296, 1.035211, 1.382042
 186.333333, 0.481216, 0.280859, 1.177102, 1.502683
7
 0.200000, 0.000000, 1.000000, 116.000000, 280.000000
 158.666667, 0.705882, 0.392857, 1.220588, 1.728992
 194.000000, 0.850515, 0.408935, 1.127148, 1.591065
 194.333333, 0.445969, 0.295026, 0.969125, 1.315609
 195.666667, 0.795571, 0.345826, 1.093697, 1.483816
 201.000000, 0.645108, 0.268657, 0.948590, 1.281924
 192.666667, 0.828720, 0.264706, 1.169550, 1.479239
 191.000000, 0.790576, 0.345550, 1.118674, 1.521815
 182.333333, 0.579525, 0.263254, 1.266910, 1.579525
 193.333333, 0.684483, 0.324138, 1.208621, 1.586207
 182.666667, 0.724453, 0.406934, 1.166058, 1.635036
 204.666667, 0.640065, 0.298046, 1.043974, 1.389251
 183.666667, 0.493648, 0.324864, 0.989111, 1.362976
 193.333333, 0.600000, 0.293103, 1.000000, 1.350000
 192.666667, 0.705882, 0.321799, 1.055363, 1.423875
 201.333333, 0.711921, 0.302980, 1.096026, 1.445364
 197.000000, 0.441624, 0.233503, 1.235195, 1.512690
 190.000000, 0.596491, 0.257895, 1.385965, 1.689474
 195.000000, 0.582906, 0.268376, 1.061538, 1.374359
 194.333333, 0.595197, 0.269297, 1.152659, 1.466552
8
 0.200000, 1.000000, 1.000000, 3.000000, 283.000000
 165.000000, 0.898990, 0.393939, 1.111111, 1.648485
 190.666667, 0.921329, 0.312937, 1.027972, 1.407343
 197.333333, 0.623311, 0.314189, 1.015203, 1.376689
 190.000000, 0.547368, 0.277193, 1.035088, 1.357895
 201.333333, 0.721854, 0.301325, 0.956954, 1.319536
 192.333333, 0.589255, 0.249567, 1.150780, 1.447140
 185.333333, 0.588129, 0.300360, 1.057554, 1.420863
 183.666667, 0.446461, 0.263158, 1.266788, 1.577132
 197.666667, 0.642496, 0.261383, 1.188870, 1.494098
 181.333333, 0.950368, 0.437500, 1.108456, 1.601103
 205.000000, 0.552846, 0.295935, 1.118699, 1.468293
 194.666667, 0.803082, 0.311644, 1.065068, 1.424658
 193.000000, 0.447323, 0.319516, 0.974093, 1.343696
 196.000000, 0.561224, 0.284014, 0.994898, 1.326531
 198.666667, 0.676174, 0.317114, 1.122483, 1.488255
 207.666667, 0.513644, 0.248796, 1.213483, 1.531300
 186.333333, 0.533095, 0.252236, 1.427549, 1.726297
 196.000000, 0.637755, 0.277211, 0.940476, 1.277211
 190.333333, 0.555166, 0.281961, 1.168126, 1.497373
9
 0.200000, 2.000000, 2.000000, 33.000000, 278.000000
 175.333333, 1.079848, 0.444867, 1.106464, 1.693916
 184.666667, 0.868231, 0.424188, 1.057762, 1.537906
 193.333333, 0.544828, 0.301724, 0.996552, 1.367241
 190.666667, 0.669580, 0.283217, 1.066434, 1.400350
 194.666667, 0.575342, 0.301370, 0.960616, 1.306507
 193.000000, 0.754750, 0.307427, 1.217617, 1.580311
 185.000000, 0.661261, 0.326126, 1.063063, 1.436036
 193.000000, 0.697755, 0.293610, 1.191710, 1.533679
 192.000000, 0.510417, 0.267361, 1.206597, 1.517361
 182.666667, 0.841241, 0.432482, 1.166058, 1.647810
 210.000000, 0.719048, 0.282540, 1.030159, 1.365079
 187.000000, 0.698752, 0.356506, 1.040998, 1.443850
 200.000000, 0.641667, 0.286667, 0.993333, 1.330000
 191.000000, 0.635253, 0.287958, 1.078534, 1.413613
 205.666667, 0.739060, 0.294976, 1.081037, 1.432739
 205.000000, 0.744715, 0.294309, 1.175610, 1.515447
 190.333333, 0.649737, 0.280210, 1.290718, 1.614711
 188.000000, 0.562057, 0.294326, 0.964539, 1.315603
 191.333333, 0.587108, 0.278746, 1.174216, 1.500000
10
 0.200000, 1.000000, 2.000000, 33.000000, 277.000000
 171.000000, 0.847953, 0.413255, 1.077973, 1.621832
 186.666667, 0.808929, 0.378571, 1.064286, 1.514286
 198.000000, 0.447811, 0.286195, 0.971380, 1.306397
 190.666667, 0.632867, 0.298951, 1.087413, 1.433566
 200.333333, 0.665557, 0.297837, 0.951747, 1.291181
 189.333333, 0.609155, 0.264085, 1.184859, 1.500000
 186.333333, 0.719141, 0.323792, 1.060823, 1.436494
 188.666667, 0.648410, 0.335689, 1.226148, 1.607774
 196.000000, 0.544218, 0.289116, 1.231293, 1.564626
 183.333333, 0.850909, 0.383636, 1.138182, 1.567273
 198.333333, 0.531092, 0.285714, 1.077311, 1.418487
 189.000000, 0.656085, 0.352734, 1.019400, 1.421517
 198.333333, 0.635294, 0.347899, 1.011765, 1.421849
 194.333333, 0.643225, 0.295026, 1.092624, 1.433962
 204.000000, 0.756536, 0.302288, 1.058824, 1.408497
 203.000000, 0.495895, 0.251232, 1.185550, 1.494253
 187.000000, 0.625668, 0.240642, 1.311943, 1.598930
 188.666667, 0.643110, 0.296820, 1.005300, 1.348057
 192.666667, 0.565744, 0.285467, 1.181661, 1.517301
11
 0.200000, 0.000000, 27.000000, 1.000000, 285.000000
 167.333333, 0.792829, 0.396414, 1.089641, 1.573705
 195.000000, 0.974359, 0.388034, 1.051282, 1.490598
 201.333333, 0.708609, 0.296358, 1.006623, 1.347682
 187.333333, 0.530249, 0.291815, 1.078292, 1.416370
 198.666667, 0.652685, 0.305369, 0.996644, 1.348993
 189.666667, 0.613357, 0.251318, 1.210896, 1.511424
 189.000000, 0.786596, 0.310406, 1.081129, 1.455026
 180.000000, 0.553704, 0.268519, 1.237037, 1.553704
 187.333333, 0.439502, 0.286477, 1.238434, 1.567616
 181.666667, 0.836697, 0.407339, 1.077064, 1.530275
 197.000000, 0.470389, 0.263959, 1.077834, 1.392555
 183.333333, 0.629091, 0.303636, 0.992727, 1.343636
 200.666667, 0.619601, 0.305648, 0.971761, 1.333887
 198.333333, 0.672269, 0.282353, 1.045378, 1.374790
 204.000000, 0.676471, 0.320261, 1.124183, 1.495098
 193.000000, 0.424870, 0.248705, 1.200345, 1.511226
 190.000000, 0.522807, 0.275439, 1.350877, 1.694737
 193.333333, 0.567241, 0.268966, 0.987931, 1.303448
 190.333333, 0.562172, 0.332750, 1.173380, 1.553415
12
 0.200000, 0.000000, 30.000000, 114.000000, 278.000000
 173.666667, 1.084453, 0.424184, 1.061420, 1.600768
 191.333333, 0.979094, 0.407666, 1.059233, 1.520906
 197.666667, 0.549747, 0.266442, 0.946037, 1.258010
 194.333333, 0.586621, 0.279588, 1.056604, 1.380789
 189.000000, 0.573192, 0.282187, 0.964727, 1.296296
 183.333333, 0.514545, 0.272727, 1.192727, 1.514545
 185.000000, 0.578378, 0.322523, 1.059459, 1.432432
 191.000000, 0.521815, 0.282723, 1.261780, 1.591623
 194.333333, 0.507719, 0.274443, 1.214408, 1.538593
 193.333333, 0.996552, 0.384483, 1.153448, 1.586207
 207.000000, 0.565217, 0.286634, 1.028986, 1.359098
 179.333333, 0.529740, 0.362454, 1.029740, 1.444238
 199.000000, 0.671692, 0.278057, 0.986600, 1.316583
 195.000000, 0.589744, 0.287179, 1.109402, 1.442735
 207.333333, 0.734727, 0.331190, 1.053055, 1.429260
 203.000000, 0.689655, 0.247947, 1.298851, 1.602627
 190.000000, 0.694737, 0.259649, 1.370175, 1.680702
 201.333333, 0.642384, 0.261589, 0.966887, 1.273179
 190.666667, 0.510490, 0.325175, 1.150350, 1.524476
13
 0.200000, 0.000000, 37.000000, 16.000000, 281.000000
 166.333333, 0.785571, 0.412826, 1.050100, 1.551102
 191.000000, 1.031414, 0.392670, 1.101222, 1.553229
 200.000000, 0.635000, 0.271667, 0.991667, 1.316667
 180.666667, 0.549815, 0.271218, 1.095941, 1.415129
 204.000000, 0.705882, 0.292484, 0.970588, 1.308824
 185.666667, 0.572711, 0.296230, 1.229803, 1.570916
 191.000000, 0.787086, 0.319372, 1.076789, 1.446771
 188.000000, 0.645390, 0.304965, 1.182624, 1.533688
 196.000000, 0.647959, 0.275510, 1.256803, 1.574830
 183.666667, 0.940109, 0.399274, 1.185118, 1.637024
 203.666667, 0.548282, 0.304419, 1.093290, 1.446809
 196.000000, 0.965986, 0.304422, 1.047619, 1.401361
 194.333333, 0.663808, 0.293310, 0.996569, 1.344768
 194.666667, 0.558219, 0.287671, 1.030822, 1.368151
 201.333333, 0.688742, 0.309603, 1.082781, 1.443709
 201.000000, 0.615257, 0.260365, 1.265340, 1.583748
 188.666667, 0.512367, 0.273852, 1.270318, 1.595406
 189.666667, 0.629174, 0.249561, 1.033392, 1.328647
 192.333333, 0.525130, 0.313692, 1.121317, 1.481802
14
 0.200000, 1.000000, 37.000000, 16.000000, 276.000000
 164.666667, 0.876518, 0.435223, 1.072874, 1.629555
 195.000000, 1.311111, 0.475214, 1.011966, 1.538462
 212.666667, 0.683386, 0.288401, 0.951411, 1.288401
 196.666667, 0.716949, 0.262712, 1.077966, 1.386441
 197.666667, 0.608769, 0.279933, 0.994941, 1.327150
 187.666667, 0.561279, 0.255773, 1.220249, 1.523979
 188.666667, 0.639576, 0.307420, 1.060071, 1.425795
 190.333333, 0.635727, 0.316988, 1.183888, 1.563923
 189.666667, 0.367311, 0.258348, 1.293497, 1.608084
 172.666667, 0.629344, 0.370656, 1.177606, 1.596525
 201.333333, 0.500000, 0.278146, 1.054636, 1.379139
 188.000000, 0.737589, 0.306738, 0.976950, 1.333333
 195.000000, 0.644444, 0.340171, 1.001709, 1.388034
 190.666667, 0.615385, 0.300699, 1.078671, 1.426573
 199.000000, 0.577889, 0.289782, 1.063652, 1.400335
 198.333333, 0.485714, 0.253782, 1.299160, 1.600000
 178.000000, 0.423221, 0.234082, 1.320225, 1.606742
 202.000000, 0.732673, 0.273927, 1.036304, 1.354785
 189.666667, 0.616872, 0.302285, 1.115993, 1.465729
15
 0.200000, 1.000000, 38.000000, 116.000000, 280.000000
 177.333333, 0.971805, 0.409774, 1.082707, 1.603383
 184.000000, 0.983696, 0.340580, 1.070652, 1.465580
 202.333333, 0.609555, 0.278418, 1.008237, 1.332784
 192.333333, 0.698440, 0.322357, 1.097054, 1.464471
 191.000000, 0.513089, 0.282723, 0.973822, 1.301920
 192.000000, 0.619792, 0.243056, 1.241319, 1.531250
 186.000000, 0.874552, 0.333333, 1.057348, 1.442652
 196.000000, 0.615646, 0.282313, 1.265306, 1.591837
 190.333333, 0.464098, 0.264448, 1.239930, 1.553415
 185.333333, 0.751799, 0.375899, 1.127698, 1.553957
 201.333333, 0.498344, 0.304636, 1.069536, 1.425497
 189.000000, 0.707231, 0.333333, 0.996473, 1.377425
 200.333333, 0.577371, 0.279534, 0.963394, 1.291181
 189.333333, 0.577465, 0.315141, 1.036972, 1.399648
 203.333333, 0.657377, 0.326230, 1.113115, 1.488525
 196.333333, 0.471986, 0.261460, 1.232598, 1.548387
 181.333333, 0.415441, 0.248162, 1.283088, 1.577206
 198.000000, 0.649832, 0.274411, 1.001684, 1.319865
 191.333333, 0.541812, 0.257840, 1.132404, 1.439024
16
 0.200000, 0.000000, 44.000000, 113.000000, 259.000000
 165.000000, 0.820202, 0.369697, 1.054545, 1.535354
 196.000000, 0.967687, 0.362245, 1.064626, 1.488095
 203.000000, 0.623974, 0.282430, 0.988506, 1.325123
 187.000000, 0.598930, 0.269162, 1.108734, 1.429590
 192.333333, 0.587522, 0.287695, 0.975737, 1.310225
 198.666667, 0.899329, 0.288591, 1.201342, 1.533557
 187.333333, 0.745552, 0.318505, 1.060498, 1.428826
 195.333333, 0.604096, 0.296928, 1.208191, 1.549488
 200.000000, 0.571667, 0.258333, 1.218333, 1.525000
 190.000000, 0.957895, 0.436842, 1.154386, 1.642105
 207.333333, 0.742765, 0.294212, 1.070740, 1.416399
 186.000000, 0.768817, 0.353047, 1.071685, 1.471326
 195.666667, 0.514480, 0.275980, 1.045997, 1.366269
 199.666667, 0.702838, 0.275459, 1.068447, 1.395659
 198.666667, 0.773490, 0.327181, 1.068792, 1.454698
 202.000000, 0.514851, 0.240924, 1.179868, 1.473597
 183.666667, 0.444646, 0.303085, 1.295826, 1.651543
 188.000000, 0.448582, 0.276596, 0.955674, 1.280142
 193.666667, 0.616179, 0.290878, 1.203098, 1.543890
17
 0.200000, 0.000000, 44.000000, 16.000000, 276.000000
 182.000000, 1.190476, 0.410256, 1.108059, 1.630037
 190.000000, 0.996491, 0.357895, 1.089474, 1.517544
 205.000000, 0.658537, 0.281301, 0.990244, 1.318699
 195.000000, 0.808547, 0.324786, 1.097436, 1.468376
 194.000000, 0.611684, 0.268041, 0.972509, 1.288660
 197.000000, 0.756345, 0.287648, 1.206430, 1.543147
 185.000000, 0.679279, 0.326126, 1.120721, 1.508108
 184.666667, 0.543321, 0.315884, 1.272563, 1.638989
 198.000000, 0.663300, 0.276094, 1.205387, 1.540404
 177.000000, 0.621469, 0.386064, 1.101695, 1.534840
 204.000000, 0.527778, 0.305556, 1.053922, 1.406863
 191.000000, 0.738220, 0.336824, 1.022688, 1.410122
 185.666667, 0.445242, 0.292639, 0.982047, 1.332136
 198.666667, 0.676174, 0.310403, 1.072148, 1.431208
 203.666667, 0.674304, 0.302782, 1.034370, 1.389525
 196.000000, 0.477891, 0.253401, 1.217687, 1.522109
 184.333333, 0.468354, 0.287523, 1.329114, 1.663653
 190.666667, 0.543706, 0.274476, 1.000000, 1.330420
 194.333333, 0.536878, 0.279588, 1.123499, 1.449400
18
 0.200000, 0.000000, 48.000000, 16.000000, 276.000000
 160.666667, 0.726141, 0.352697, 1.095436, 1.572614
 176.333333, 0.731569, 0.317580, 1.124764, 1.495274
 198.000000, 0.535354, 0.279461, 1.008418, 1.336700
 184.000000, 0.570652, 0.317029, 1.143116, 1.505435
 196.000000, 0.639456, 0.309524, 0.967687, 1.323129
 192.000000, 0.720486, 0.270833, 1.192708, 1.512153
 189.666667, 0.887522, 0.325132, 1.038664, 1.420035
 184.333333, 0.578662, 0.264014, 1.177215, 1.484629
 197.000000, 0.521151, 0.284264, 1.274112, 1.610829
 194.000000, 0.912371, 0.365979, 1.225086, 1.639175
 213.000000, 0.721440, 0.303599, 1.067293, 1.419405
 190.666667, 0.739510, 0.333916, 1.019231, 1.402098
 185.666667, 0.484740, 0.283662, 0.946140, 1.281867
 195.666667, 0.655877, 0.289608, 1.047700, 1.385009
 213.666667, 0.753510, 0.316693, 1.045242, 1.414977
 201.333333, 0.481788, 0.240066, 1.197020, 1.486755
 191.000000, 0.617801, 0.272251, 1.376963, 1.703316
 194.333333, 0.584906, 0.284734, 1.029160, 1.365352
 195.333333, 0.646758, 0.278157, 1.129693, 1.453925
19
 0.200000, 0.000000, 51.000000, 112.000000, 258.000000
 167.000000, 0.636727, 0.355289, 1.091816, 1.560878
 184.333333, 0.840868, 0.396022, 1.090416, 1.538879
 195.666667, 0.555366, 0.270869, 0.988075, 1.310051
 194.000000, 0.967354, 0.314433, 1.073883, 1.432990
 190.666667, 0.541958, 0.281469, 0.958042, 1.291958
 191.333333, 0.564460, 0.273519, 1.202091, 1.529617
 187.333333, 0.722420, 0.334520, 1.088968, 1.476868
 192.000000, 0.559028, 0.307292, 1.182292, 1.534722
 198.333333, 0.672269, 0.319328, 1.211765, 1.583193
 179.000000, 0.776536, 0.411546, 1.121043, 1.581006
 199.666667, 0.592654, 0.285476, 1.075125, 1.407346
 182.666667, 0.598540, 0.322993, 1.078467, 1.450730
 190.333333, 0.471103, 0.294221, 0.963222, 1.318739
 188.666667, 0.583039, 0.300353, 1.116608, 1.462898
 203.666667, 0.621931, 0.299509, 1.093290, 1.445172
 203.000000, 0.512315, 0.264368, 1.206897, 1.520525
 187.666667, 0.614565, 0.261101, 1.245115, 1.559503
 192.666667, 0.593426, 0.276817, 1.079585, 1.403114
 191.000000, 0.553229, 0.272251, 1.115183, 1.432810
20
 0.200000, 0.000000, 0.000000, 1.000000, 6.000000
 181.333333, 0.920956, 0.375000, 0.974265, 1.472426
 184.666667, 0.927798, 0.370036, 1.084838, 1.507220
 192.666667, 0.593426, 0.299308, 0.974048, 1.321799
 188.333333, 0.600000, 0.306195, 1.090265, 1.442478
 191.000000, 0.554974, 0.286213, 0.965096, 1.307155
 192.333333, 0.688042, 0.280763, 1.169844, 1.502600
 188.333333, 0.902655, 0.336283, 1.056637, 1.449558
 192.000000, 0.647569, 0.310764, 1.177083, 1.532986
 199.000000, 0.783920, 0.313233, 1.190955, 1.546064
 184.666667, 0.870036, 0.418773, 1.099278, 1.563177
 197.666667, 0.568297, 0.301855, 1.047218, 1.394604
 187.666667, 0.808171, 0.349911, 1.019538, 1.419183
 192.000000, 0.546875, 0.293403, 0.972222, 1.314236
 195.666667, 0.688245, 0.308348, 1.083475, 1.444634
 202.666667, 0.646382, 0.292763, 1.065789, 1.409539
 198.000000, 0.361953, 0.257576, 1.232323, 1.537037
 186.000000, 0.492832, 0.234767, 1.293907, 1.580645
 192.666667, 0.662630, 0.264706, 0.996540, 1.306228
 188.666667, 0.544170, 0.275618, 1.134276, 1.459364
21
 0.200000, 0.000000, 0.000000, 1.000000, 8.000000
 182.000000, 1.010989, 0.399267, 1.084249, 1.580586
 196.666667, 0.894915, 0.338983, 1.076271, 1.466102
 206.666667, 0.587097, 0.275806, 1.004839, 1.325806
 190.000000, 0.782456, 0.300000, 1.103509, 1.452632
 188.000000, 0.544326, 0.276596, 1.008865, 1.331560
 196.000000, 0.896259, 0.321429, 1.221088, 1.590136
 198.000000, 0.856902, 0.353535, 1.048822, 1.451178
 193.333333, 0.643103, 0.268966, 1.237931, 1.553448
 195.666667, 0.689949, 0.269165, 1.201022, 1.528109
 179.333333, 0.838290, 0.368030, 1.124535, 1.542751
 200.666667, 0.511628, 0.270764, 1.111296, 1.428571
 187.000000, 0.950089, 0.386809, 1.033868, 1.468806
 195.000000, 0.569231, 0.297436, 0.965812, 1.312821
 194.000000, 0.565292, 0.281787, 1.060137, 1.391753
 199.333333, 0.652174, 0.316054, 1.086957, 1.454849
 207.666667, 0.747994, 0.276083, 1.221509, 1.552167
 182.333333, 0.460695, 0.255941, 1.325411, 1.645338
 188.666667, 0.697880, 0.303887, 1.030035, 1.386926
 200.666667, 0.682724, 0.270764, 1.112957, 1.426910
22
 0.200000, 4.000000, 0.000000, 0.000000, 1.000000
 178.000000, 0.945693, 0.385768, 1.063670, 1.544944
 186.666667, 0.776786, 0.405357, 1.033929, 1.505357
 191.666667, 0.337391, 0.264348, 1.022609, 1.337391
 187.666667, 0.607460, 0.301954, 1.079929, 1.428064
 196.000000, 0.704082, 0.284014, 0.982993, 1.312925
 192.666667, 0.560554, 0.256055, 1.207612, 1.510381
 182.000000, 0.677656, 0.315018, 1.078755, 1.467033
 184.666667, 0.575812, 0.332130, 1.261733, 1.646209
 194.000000, 0.536082, 0.271478, 1.221649, 1.539519
 179.333333, 0.754647, 0.440520, 1.143123, 1.643123
 205.000000, 0.551220, 0.276423, 1.024390, 1.347967
 192.666667, 0.828720, 0.328720, 1.055363, 1.432526
 188.333333, 0.536283, 0.309735, 0.980531, 1.348673
 202.333333, 0.734761, 0.289951, 1.067545, 1.403624
 208.000000, 0.801282, 0.302885, 1.094551, 1.456731
 205.333333, 0.774351, 0.253247, 1.163961, 1.461039
 184.000000, 0.632246, 0.291667, 1.344203, 1.688406
 197.000000, 0.614213, 0.282572, 0.966159, 1.299492
 199.333333, 0.675585, 0.257525, 1.081940, 1.389632
23
 0.200000, 2.000000, 0.000000, 0.000000, 1.000000
 169.000000, 0.970414, 0.414201, 1.142012, 1.690335
 196.333333, 0.855688, 0.373514, 1.016978, 1.446520
 204.000000, 0.661765, 0.289216, 0.988562, 1.339869
 185.000000, 0.594595, 0.252252, 1.138739, 1.436036
 193.666667, 0.588640, 0.282272, 0.951807, 1.278830
 193.666667, 0.623064, 0.254733, 1.218589, 1.519793
 183.000000, 0.590164, 0.347905, 1.045537, 1.453552
 181.333333, 0.454044, 0.273897, 1.204044, 1.523897
 189.000000, 0.437390, 0.283951, 1.223986, 1.553792
 178.666667, 0.794776, 0.412313, 1.145522, 1.606343
 205.333333, 0.529221, 0.279221, 1.055195, 1.379870
 197.333333, 0.903716, 0.369932, 1.018581, 1.439189
 197.666667, 0.586847, 0.305228, 0.967960, 1.325464
 193.666667, 0.609294, 0.296041, 1.129088, 1.475043
 199.666667, 0.666110, 0.317195, 1.093489, 1.459098
 205.000000, 0.622764, 0.281301, 1.266667, 1.591870
 188.333333, 0.619469, 0.276106, 1.387611, 1.718584
 192.333333, 0.578856, 0.292894, 0.948007, 1.285962
 196.000000, 0.680272, 0.319728, 1.209184, 1.573129
24
 0.200000, 1.000000, 0.000000, 0.000000, 15.000000
 176.666667, 0.990566, 0.386792, 1.054717, 1.579245
 198.000000, 0.893939, 0.328283, 1.057239, 1.442761
 201.000000, 0.797678, 0.326700, 1.004975, 1.386401
 192.000000, 0.559028, 0.274306, 1.064236, 1.392361
 193.333333, 0.565517, 0.279310, 0.955172, 1.282759
 192.666667, 0.589965, 0.256055, 1.145329, 1.451557
 192.000000, 0.789931, 0.300347, 1.064236, 1.432292
 179.000000, 0.458101, 0.296089, 1.186220, 1.532588
 187.333333, 0.505338, 0.275801, 1.209964, 1.539146
 194.333333, 1.056604, 0.440823, 1.173242, 1.662093
 207.666667, 0.680578, 0.276083, 1.094703, 1.420546
 187.333333, 0.829181, 0.330961, 1.012456, 1.409253
 193.666667, 0.519793, 0.321859, 0.970740, 1.344234
 189.666667, 0.446397, 0.281195, 1.072056, 1.407733
 200.333333, 0.595674, 0.282862, 1.056572, 1.386023
 203.333333, 0.485246, 0.252459, 1.304918, 1.601639
 189.000000, 0.599647, 0.291005, 1.331570, 1.670194
 192.000000, 0.640625, 0.282986, 0.986111, 1.315972
 191.333333, 0.587108, 0.297909, 1.144599, 1.487805
25
 0.200000, 4.000000, 1.000000, 0.000000, 4.000000
 160.666667, 0.553942, 0.346473, 1.139004, 1.593361
 188.000000, 0.819149, 0.333333, 1.150709, 1.531915
 206.666667, 0.638710, 0.253226, 0.983871, 1.298387
 183.000000, 0.464481, 0.278689, 1.125683, 1.455373
 186.333333, 0.554562, 0.284436, 0.978533, 1.309481
 198.000000, 0.619529, 0.250842, 1.207071, 1.503367
 196.000000, 0.778912, 0.326531, 1.078231, 1.454082
 181.000000, 0.499079, 0.300184, 1.285451, 1.650092
 188.666667, 0.522968, 0.263251, 1.203180, 1.510601
 193.333333, 0.937931, 0.437931, 1.153448, 1.662069
 203.333333, 0.485246, 0.270492, 1.063934, 1.381967
 182.666667, 0.593066, 0.364964, 0.983577, 1.410584
 195.333333, 0.542662, 0.322526, 0.916382, 1.286689
 196.666667, 0.605085, 0.311864, 1.083051, 1.447458
 197.000000, 0.411168, 0.302876, 1.133672, 1.494078
 207.000000, 0.605475, 0.265700, 1.188406, 1.505636
 191.666667, 0.593043, 0.253913, 1.347826, 1.652174
 192.333333, 0.663778, 0.246101, 1.029463, 1.322357
 188.666667, 0.429329, 0.287986, 1.153710, 1.487633
26
 0.200000, 1.000000, 1.000000, 1.000000, 7.000000
 164.000000, 0.747967, 0.441057, 1.087398, 1.634146
 185.666667, 0.786355, 0.384201, 1.048474, 1.481149
 190.000000, 0.514035, 0.287719, 0.978947, 1.319298
 192.333333, 0.710572, 0.313692, 1.097054, 1.459272
 195.666667, 0.575809, 0.277683, 0.993186, 1.316865
 197.666667, 0.725126, 0.259696, 1.214165, 1.522766
 195.000000, 0.717949, 0.312821, 1.056410, 1.415385
 188.666667, 0.734982, 0.307420, 1.215548, 1.572438
 195.333333, 0.595563, 0.259386, 1.232082, 1.540956
 181.333333, 0.865809, 0.435662, 1.170956, 1.652574
 202.333333, 0.528830, 0.283361, 1.049423, 1.382208
 181.666667, 0.658716, 0.355963, 1.097248, 1.504587
 193.666667, 0.588640, 0.297762, 1.003442, 1.356282
 198.000000, 0.574074, 0.296296, 1.099327, 1.456229
 207.333333, 0.741158, 0.307074, 1.091640, 1.456592
 203.666667, 0.492635, 0.270049, 1.212766, 1.527005
 188.333333, 0.511504, 0.258407, 1.364602, 1.670796
 192.333333, 0.564991, 0.285962, 1.000000, 1.332756
 187.000000, 0.543672, 0.283422, 1.213904, 1.543672
27
 0.200000, 0.000000, 1.000000, 0.000000, 7.000000
 164.000000, 0.638211, 0.424797, 1.097561, 1.636179
 181.666667, 0.765138, 0.357798, 1.040367, 1.467890
 200.000000, 0.611667, 0.291667, 0.991667, 1.338333
 186.666667, 0.562500, 0.273214, 1.101786, 1.421429
 194.000000, 0.558419, 0.262887, 1.005155, 1.319588
 193.000000, 0.599309, 0.269430, 1.224525, 1.545769
 185.333333, 0.548561, 0.296763, 1.055755, 1.401079
 188.333333, 0.676106, 0.293805, 1.194690, 1.534513
 196.666667, 0.779661, 0.328814, 1.257627, 1.635593
 186.333333, 1.046512, 0.386404, 1.123435, 1.558140
 206.333333, 0.471729, 0.274637, 1.014540, 1.339257
 187.333333, 0.633452, 0.327402, 1.042705, 1.418149
 195.333333, 0.517065, 0.255973, 0.965870, 1.267918
 192.666667, 0.503460, 0.288927, 1.041522, 1.378893
 194.666667, 0.450342, 0.292808, 1.073630, 1.414384
 202.333333, 0.477759, 0.258649, 1.250412, 1.560132
 193.000000, 0.604491, 0.246978, 1.317789, 1.613126
 192.666667, 0.489619, 0.257785, 0.984429, 1.288927
 200.000000, 0.626667, 0.275000, 1.123333, 1.445000
28
 0.200000, 1.000000, 1.000000, 1.000000, 6.000000
 168.000000, 0.799603, 0.416667, 1.132937, 1.658730
 191.000000, 0.898778, 0.378709, 1.071553, 1.500873
 202.666667, 0.616776, 0.297697, 1.027961, 1.371711
 183.000000, 0.502732, 0.293260, 1.058288, 1.402550
 189.000000, 0.564374, 0.305115, 1.017637, 1.368607
 189.333333, 0.531690, 0.248239, 1.174296, 1.466549
 198.000000, 0.946128, 0.336700, 1.065657, 1.449495
 182.666667, 0.478102, 0.277372, 1.273723, 1.600365
 198.333333, 0.692437, 0.277311, 1.284034, 1.613445
 192.333333, 0.849220, 0.372617, 1.128250, 1.549393
 203.666667, 0.594108, 0.294599, 1.094926, 1.435352
 189.666667, 0.680141, 0.288225, 1.007030, 1.346221
 193.666667, 0.611015, 0.316695, 1.030981, 1.395869
 193.000000, 0.583765, 0.303972, 1.058722, 1.409326
 200.666667, 0.715947, 0.313953, 1.117940, 1.478405
 202.333333, 0.528830, 0.266886, 1.283361, 1.596376
 188.000000, 0.551418, 0.290780, 1.303191, 1.648936
 192.000000, 0.536458, 0.256944, 1.038194, 1.338542
 190.000000, 0.622807, 0.263158, 1.207018, 1.517544
29
 0.200000, 0.000000, 0.000000, 0.000000, 3.000000
 170.666667, 0.792969, 0.375000, 1.117188, 1.589844
 183.333333, 0.847273, 0.396364, 1.074545, 1.530909
 206.333333, 0.646204, 0.276252, 0.974152, 1.295638
 194.333333, 0.864494, 0.324185, 1.102916, 1.473413
 191.666667, 0.676522, 0.323478, 1.057391, 1.433043
 196.333333, 0.629881, 0.254669, 1.171477, 1.477080
 187.000000, 0.670232, 0.310160, 1.071301, 1.431373
 184.666667, 0.527076, 0.297834, 1.182310, 1.525271
 189.000000, 0.562610, 0.276896, 1.227513, 1.548501
 180.000000, 0.816667, 0.446296, 1.161111, 1.664815
 200.666667, 0.470100, 0.287375, 1.053156, 1.387043
 181.333333, 0.737132, 0.323529, 0.970588, 1.341912
 192.000000, 0.592014, 0.302083, 0.996528, 1.345486
 196.333333, 0.733447, 0.295416, 1.056027, 1.405772
 201.000000, 0.618574, 0.305141, 1.089552, 1.446103
 206.666667, 0.588710, 0.280645, 1.270968, 1.598387
 196.000000, 0.772109, 0.302721, 1.314626, 1.671769
 203.333333, 0.803279, 0.281967, 0.970492, 1.301639
 192.000000, 0.647569, 0.296875, 1.192708, 1.543403
30
 0.200000, 0.000000, 1.000000, 1.000000, 13.000000
 173.333333, 0.767308, 0.342308, 1.051923, 1.500000
 184.666667, 0.880866, 0.341155, 1.032491, 1.425993
 195.000000, 0.584615, 0.270085, 1.013675, 1.329915
 196.666667, 0.715254, 0.335593, 1.067797, 1.454237
 202.666667, 0.754934, 0.304276, 0.975329, 1.327303
 196.000000, 0.649660, 0.270408, 1.248299, 1.573129
 190.333333, 0.784588, 0.353765, 1.047285, 1.464098
 187.000000, 0.568627, 0.283422, 1.237077, 1.575758
 189.666667, 0.478032, 0.261863, 1.260105, 1.571178
 176.000000, 0.590909, 0.376894, 1.147727, 1.573864
 212.333333, 0.444270, 0.304553, 1.061224, 1.417582
 184.666667, 0.696751, 0.332130, 1.025271, 1.404332
 192.666667, 0.482699, 0.302768, 0.991349, 1.340830
 195.666667, 0.734242, 0.282794, 1.091993, 1.424191
 203.333333, 0.734426, 0.304918, 1.086885, 1.445902
 206.333333, 0.720517, 0.268174, 1.226171, 1.541195
 186.000000, 0.523297, 0.250896, 1.254480, 1.555556
 196.000000, 0.639456, 0.284014, 1.006803, 1.338435
 192.000000, 0.571181, 0.284722, 1.140625, 1.472222
31
 0.200000, 0.000000, 3.000000, 1.000000, 11.000000
 172.333333, 0.796905, 0.379110, 1.085106, 1.588008
 188.000000, 0.985816, 0.338652, 1.051418, 1.448582
 210.666667, 0.686709, 0.278481, 0.957278, 1.284810
 188.000000, 0.523050, 0.276596, 1.106383, 1.429078
 197.000000, 0.664975, 0.296108, 0.954315, 1.296108
 193.333333, 0.515517, 0.267241, 1.265517, 1.581034
 180.000000, 0.720370, 0.327778, 1.055556, 1.435185
 184.000000, 0.585145, 0.297101, 1.230072, 1.576087
 190.666667, 0.666084, 0.274476, 1.312937, 1.634615
 178.666667, 0.748134, 0.382463, 1.145522, 1.593284
 205.333333, 0.537338, 0.284091, 1.086039, 1.425325
 183.666667, 0.760436, 0.339383, 1.027223, 1.413793
 190.666667, 0.550699, 0.314685, 0.942308, 1.307692
 193.333333, 0.637931, 0.294828, 1.068966, 1.410345
 210.000000, 0.885714, 0.333333, 1.019048, 1.400000
 204.000000, 0.485294, 0.227124, 1.148693, 1.421569
 182.666667, 0.465328, 0.281022, 1.257299, 1.583942
 194.666667, 0.625000, 0.297945, 0.996575, 1.340753
 189.666667, 0.706503, 0.302285, 1.240773, 1.592267
Histogram
0 0 0 0 0 0 0 0 0 0 2 0 33 130 199 172 67 7 0 0 0 0 0 0 0 0 0 0 0 0 1 0 0 0 0 0 0 0 0 0 1 0 0 0 0 0 0 0 0 0 0 0 0 0 0 0 0 0 0 0 2 0 0 0 0 0 0 0 0 0 2 0 0 0 0 0 0 0 0 0 1 0 0 0 0 0 0 0 0 0 0 0 0 0 0 0 0 0 0 0 0 0 0 0 0 0 0 0 0 0 1 0 0 0 0 0 0 0 0 22 
Cache Miss Ratio
0.0
numOfSets
0
numOfGets
364469
numOfMultiGets
0
