20
0
 0.250000, 14.000000, 0.000000, 1.000000, 55.000000
 490.000000, 8.038095, 1.476871, 1.020408, 2.600000
 494.333333, 7.789616, 1.146999, 1.054619, 2.228591
 540.333333, 7.647131, 0.929673, 0.847625, 1.794571
 544.000000, 7.833333, 1.009191, 0.848652, 1.879289
 504.333333, 8.245869, 1.148711, 0.992730, 2.164574
 580.666667, 7.645809, 0.905281, 0.746269, 1.680253
 603.333333, 7.255801, 0.776796, 0.662431, 1.460773
 552.000000, 7.083937, 0.820652, 0.772343, 1.609903
 648.333333, 7.162982, 0.779434, 0.645758, 1.442159
 564.666667, 7.246163, 0.894923, 0.802834, 1.715466
 543.000000, 7.237569, 1.103131, 0.751995, 1.877839
 608.000000, 7.667763, 0.767544, 0.689693, 1.476974
 650.666667, 7.365779, 0.775615, 0.656250, 1.450820
 586.333333, 7.789085, 0.882319, 0.737919, 1.638431
 639.333333, 7.525547, 0.758081, 0.627216, 1.406152
 566.666667, 7.179412, 0.790000, 0.664706, 1.477059
 635.000000, 7.055643, 0.760105, 0.636220, 1.414173
 560.666667, 7.163496, 0.895957, 0.851367, 1.764566
 597.000000, 7.549972, 0.829146, 0.667783, 1.517030
1
 0.250000, 16.000000, 0.000000, 4.000000, 46.000000
 480.000000, 7.786111, 1.490278, 1.042361, 2.640972
 492.333333, 7.893703, 1.142180, 1.053487, 2.214624
 540.000000, 7.808642, 0.931481, 0.846296, 1.798765
 526.666667, 7.306329, 0.968354, 0.867089, 1.852532
 502.666667, 7.771883, 1.134615, 0.940981, 2.093501
 579.333333, 7.406789, 0.914269, 0.755466, 1.685846
 605.666667, 7.271326, 0.777655, 0.657127, 1.451293
 556.333333, 7.559017, 0.868185, 0.762732, 1.648892
 654.000000, 7.720693, 0.773191, 0.636086, 1.432212
 575.000000, 7.622029, 0.921739, 0.788986, 1.739710
 541.333333, 7.320813, 0.912562, 0.772167, 1.703202
 605.000000, 7.547658, 0.794490, 0.696419, 1.509091
 638.333333, 7.210444, 0.772324, 0.660574, 1.454308
 577.333333, 7.348152, 0.889145, 0.753464, 1.664550
 619.333333, 7.041981, 0.753498, 0.645318, 1.420883
 568.333333, 6.941935, 0.776540, 0.662170, 1.464516
 627.333333, 6.783209, 0.757173, 0.639214, 1.421360
 571.000000, 7.994746, 0.904262, 0.830706, 1.755400
 600.000000, 7.452778, 0.844444, 0.661667, 1.523333
2
 0.250000, 16.000000, 0.000000, 1.000000, 46.000000
 477.333333, 7.653631, 1.358240, 1.064246, 2.581704
 487.000000, 7.856947, 1.101300, 1.072553, 2.198494
 530.666667, 7.337312, 0.974246, 0.867462, 1.858668
 531.333333, 7.318068, 0.999373, 0.861982, 1.877666
 502.000000, 7.749004, 1.188579, 0.992696, 2.207171
 575.666667, 7.235669, 0.932252, 0.763752, 1.712797
 615.666667, 7.519220, 0.763400, 0.646454, 1.428262
 544.333333, 7.143907, 0.819351, 0.780159, 1.616656
 639.666667, 7.009901, 0.767587, 0.652423, 1.439812
 568.333333, 7.827566, 0.884457, 0.802346, 1.707331
 551.666667, 7.552870, 0.865861, 0.716616, 1.601813
 601.666667, 7.508033, 0.785596, 0.700277, 1.508033
 650.333333, 7.513070, 0.771399, 0.646335, 1.438749
 577.000000, 7.198729, 0.893125, 0.749278, 1.659734
 631.000000, 7.385631, 0.750132, 0.632330, 1.406762
 568.666667, 7.137749, 0.774912, 0.658265, 1.451934
 631.000000, 6.956154, 0.770734, 0.636556, 1.435288
 561.333333, 7.233967, 0.867577, 0.836698, 1.735748
 599.000000, 7.232053, 0.796327, 0.666667, 1.481914
3
 0.250000, 15.000000, 0.000000, 4.000000, 47.000000
 481.000000, 7.796258, 1.399861, 1.040194, 2.521137
 498.000000, 7.893574, 1.097724, 1.049531, 2.164659
 538.333333, 7.293498, 0.976471, 0.849536, 1.847059
 528.000000, 7.279040, 0.957071, 0.858586, 1.836490
 500.666667, 7.448735, 1.202397, 0.989348, 2.210386
 571.000000, 7.079977, 0.932866, 0.769410, 1.718622
 599.666667, 7.275709, 0.772651, 0.659811, 1.454697
 550.000000, 7.471515, 0.862424, 0.773333, 1.656364
 652.000000, 7.633436, 0.769427, 0.642127, 1.434560
 569.666667, 7.286132, 0.856641, 0.791106, 1.671153
 548.000000, 7.356448, 0.897810, 0.720803, 1.644769
 609.666667, 7.520503, 0.778021, 0.691635, 1.489885
 642.000000, 7.212876, 0.772586, 0.660955, 1.454309
 583.333333, 7.273714, 0.890286, 0.752000, 1.670857
 623.666667, 7.135756, 0.756815, 0.647247, 1.422234
 562.333333, 7.270302, 0.774748, 0.675163, 1.468880
 639.333333, 7.204901, 0.722628, 0.630865, 1.383733
 560.000000, 7.102381, 0.910714, 0.849405, 1.777976
 597.666667, 7.255438, 0.837702, 0.670385, 1.529281
4
 0.250000, 16.000000, 0.000000, 1.000000, 46.000000
 472.000000, 7.424435, 1.413842, 1.043785, 2.562147
 480.333333, 7.099931, 1.051353, 1.081194, 2.166551
 531.666667, 7.556113, 0.917868, 0.860815, 1.795611
 529.333333, 7.172544, 0.965365, 0.863350, 1.844458
 504.666667, 7.381770, 1.149934, 0.986790, 2.155878
 588.666667, 7.977350, 0.920725, 0.746319, 1.686297
 604.000000, 7.270971, 0.771523, 0.661148, 1.456954
 546.666667, 7.104878, 0.873780, 0.779878, 1.673780
 642.000000, 7.242991, 0.773105, 0.651090, 1.441848
 564.666667, 7.301653, 0.874852, 0.801063, 1.695986
 544.666667, 7.574663, 0.883721, 0.726438, 1.630967
 606.000000, 7.572607, 0.776678, 0.692519, 1.488999
 644.000000, 7.279503, 0.766046, 0.651139, 1.436335
 582.666667, 7.622998, 0.868993, 0.750000, 1.637300
 626.000000, 7.063365, 0.749201, 0.641108, 1.408413
 562.333333, 6.931239, 0.778897, 0.672199, 1.471844
 632.666667, 6.957323, 0.772919, 0.635933, 1.433614
 560.333333, 7.308150, 0.896490, 0.846520, 1.765616
 594.333333, 7.310151, 0.860909, 0.670780, 1.555244
5
 0.250000, 12.000000, 0.000000, 1.000000, 47.000000
 480.000000, 7.835417, 1.386806, 1.067361, 2.531250
 481.333333, 7.268698, 1.015235, 1.096953, 2.130194
 528.000000, 7.320076, 0.957702, 0.868687, 1.845960
 539.666667, 7.872143, 0.993823, 0.823965, 1.839407
 500.000000, 7.514000, 1.084667, 0.961333, 2.063333
 578.666667, 7.427419, 0.893433, 0.758065, 1.667627
 611.333333, 7.539804, 0.773719, 0.656489, 1.447655
 551.666667, 7.542598, 0.844713, 0.771601, 1.644109
 650.000000, 7.481538, 0.770769, 0.641026, 1.430256
 575.333333, 8.058517, 0.907300, 0.791425, 1.717845
 555.666667, 7.895621, 1.046791, 0.731254, 1.800240
 607.666667, 7.416347, 0.780581, 0.693363, 1.494240
 650.000000, 7.491282, 0.781538, 0.647179, 1.449744
 581.000000, 7.491107, 0.860011, 0.741824, 1.619048
 622.333333, 6.859132, 0.743439, 0.651312, 1.411355
 571.666667, 7.555102, 0.781341, 0.658892, 1.458309
 629.000000, 6.879703, 0.741918, 0.650238, 1.411235
 568.333333, 7.903812, 0.908504, 0.824633, 1.758944
 606.000000, 7.710121, 0.823982, 0.658416, 1.499450
6
 0.250000, 16.000000, 0.000000, 1.000000, 46.000000
 456.666667, 7.175912, 1.518248, 1.060584, 2.702920
 493.333333, 7.934459, 0.982432, 1.054054, 2.057432
 539.000000, 7.744589, 0.980210, 0.858998, 1.861472
 543.333333, 7.703067, 1.001840, 0.848466, 1.871779
 514.000000, 8.135538, 1.153048, 0.970169, 2.140726
 575.666667, 7.001158, 0.911407, 0.752750, 1.686740
 608.000000, 7.434211, 0.764803, 0.653509, 1.435307
 546.666667, 6.953049, 0.845732, 0.774390, 1.641463
 649.000000, 7.265537, 0.765280, 0.646122, 1.432974
 573.666667, 7.668216, 0.871005, 0.798954, 1.693783
 554.000000, 7.691937, 0.861011, 0.709988, 1.589651
 608.666667, 7.433187, 0.773823, 0.689485, 1.487952
 649.333333, 7.555955, 0.763860, 0.650411, 1.433265
 581.000000, 7.453815, 0.889271, 0.754446, 1.662077
 622.000000, 7.258307, 0.760450, 0.645766, 1.426045
 571.000000, 7.249854, 0.768827, 0.663164, 1.453590
 637.333333, 6.924163, 0.739017, 0.629184, 1.387552
 554.000000, 6.877858, 0.929603, 0.849579, 1.802046
 599.000000, 7.308292, 0.839733, 0.672788, 1.530885
7
 0.250000, 15.000000, 0.000000, 2.000000, 46.000000
 483.666667, 7.939352, 1.402481, 1.022743, 2.535493
 499.666667, 7.675784, 1.027352, 1.037358, 2.090060
 534.333333, 7.298815, 0.943231, 0.861510, 1.821585
 539.666667, 7.659666, 1.008647, 0.846201, 1.872143
 502.666667, 7.655172, 1.114721, 0.938329, 2.069629
 582.000000, 7.737686, 0.914089, 0.748568, 1.684994
 617.000000, 7.473798, 0.773096, 0.644516, 1.435440
 546.333333, 7.303844, 0.906040, 0.780354, 1.708969
 645.666667, 7.147651, 0.768715, 0.646360, 1.438307
 574.000000, 7.423345, 0.914053, 0.788037, 1.721254
 552.333333, 7.737477, 1.065178, 0.707302, 1.811708
 605.333333, 7.186674, 0.784692, 0.694934, 1.498348
 640.666667, 7.104058, 0.766909, 0.653486, 1.439646
 583.000000, 7.193825, 0.902230, 0.744997, 1.664951
 629.666667, 7.206458, 0.751191, 0.634198, 1.403917
 565.666667, 7.200354, 0.773718, 0.662935, 1.457278
 631.333333, 7.060190, 0.748152, 0.639916, 1.407603
 560.333333, 7.227246, 0.904819, 0.841761, 1.766805
 600.666667, 7.302997, 0.842952, 0.670366, 1.531632
Histogram
0 0 0 0 0 0 0 0 0 0 0 0 0 2 54 9 27 19 17 0 5 7 4 0 0 5 2 1 0 0 0 0 0 0 0 0 0 0 0 0 0 0 0 0 0 0 0 0 0 0 0 0 0 0 0 0 0 0 0 0 0 0 0 0 0 0 0 0 0 0 0 0 0 0 0 0 0 0 0 0 0 0 0 0 0 0 0 0 0 0 0 0 0 0 0 0 0 0 0 0 0 0 0 0 0 0 0 0 0 0 0 0 0 0 0 0 0 0 0 8 
Cache Miss Ratio
0.0
numOfSets
0
numOfGets
271145
numOfMultiGets
0
