20
0
 0.250000, 6.000000, 0.000000, 7.000000, 71.000000
 223.333333, 3.073134, 3.025373, 1.682090, 4.998507
 425.333333, 2.891066, 0.807210, 0.954545, 1.807994
 485.333333, 2.484203, 0.364698, 0.693681, 1.080357
 454.666667, 2.426686, 0.421554, 0.855572, 1.304252
 483.000000, 2.463768, 0.418219, 0.783989, 1.218772
 469.333333, 2.500710, 0.382813, 0.741477, 1.141335
 471.333333, 2.595474, 0.383310, 0.778642, 1.184583
 526.000000, 2.427757, 0.332700, 0.657795, 1.017110
 440.000000, 2.491667, 0.356061, 0.693939, 1.068182
 310.000000, 2.889247, 0.393548, 0.749462, 1.159140
 462.333333, 1.997116, 0.377073, 0.710887, 1.104542
 509.000000, 2.686968, 0.359528, 0.641126, 1.020956
 495.333333, 2.637281, 0.316285, 0.686406, 1.020861
 498.000000, 2.838019, 0.297189, 0.656627, 0.974565
 485.000000, 2.653608, 0.351890, 0.645361, 1.015120
 520.000000, 2.910256, 0.314103, 0.622436, 0.953205
 448.333333, 2.458736, 0.376952, 0.721933, 1.115985
 455.666667, 2.619605, 0.377469, 0.743233, 1.138259
 456.000000, 2.732456, 0.341374, 0.852339, 1.224415
1
 0.250000, 6.000000, 0.000000, 0.000000, 67.000000
 213.666667, 2.655226, 2.614665, 1.670827, 4.609984
 422.333333, 2.567482, 0.860300, 0.910813, 1.792423
 486.000000, 2.552812, 0.361454, 0.722908, 1.101509
 461.000000, 2.801880, 0.432393, 0.850325, 1.305857
 487.333333, 2.621067, 0.428181, 0.779070, 1.229822
 472.666667, 2.605783, 0.384344, 0.738364, 1.146685
 475.000000, 2.621053, 0.379649, 0.770526, 1.167018
 534.000000, 2.670412, 0.333958, 0.662921, 1.016230
 441.666667, 2.411321, 0.365283, 0.689057, 1.077736
 308.333333, 3.032432, 0.371892, 0.752432, 1.161081
 466.000000, 2.600143, 0.362661, 0.698856, 1.083691
 520.333333, 2.960282, 0.350416, 0.645740, 1.017297
 489.000000, 2.479891, 0.318337, 0.687117, 1.022495
 487.333333, 2.369357, 0.302326, 0.693570, 1.016416
 482.000000, 2.663900, 0.350622, 0.663900, 1.031120
 512.000000, 2.608073, 0.311849, 0.618490, 0.946615
 444.000000, 2.602102, 0.379129, 0.732733, 1.127628
 468.666667, 3.160740, 0.380512, 0.724751, 1.122333
 458.666667, 2.801599, 0.384448, 0.796512, 1.202035
2
 0.250000, 8.000000, 0.000000, 8.000000, 60.000000
 221.333333, 2.968373, 3.274096, 1.739458, 5.200301
 416.333333, 2.362690, 0.771017, 0.872698, 1.699760
 488.333333, 2.708532, 0.360410, 0.686007, 1.068259
 460.666667, 2.672938, 0.418234, 0.837916, 1.272793
 489.000000, 2.556237, 0.409680, 0.771643, 1.203817
 473.333333, 2.509859, 0.390845, 0.735915, 1.148592
 479.000000, 2.534447, 0.384134, 0.769659, 1.176061
 534.000000, 2.631710, 0.332709, 0.655431, 1.007491
 446.333333, 2.680358, 0.474235, 0.687827, 1.178491
 312.333333, 2.986126, 0.373533, 0.753469, 1.151547
 477.333333, 2.849860, 0.345670, 0.694832, 1.057961
 516.666667, 2.760000, 0.352258, 0.642581, 1.011613
 497.000000, 2.505701, 0.315225, 0.653924, 0.985915
 489.333333, 2.167575, 0.324932, 0.701635, 1.042916
 486.000000, 2.570645, 0.344307, 0.664609, 1.025377
 520.000000, 3.028205, 0.314103, 0.613462, 0.948077
 448.333333, 2.589591, 0.381413, 0.723420, 1.122677
 455.333333, 2.423865, 0.387262, 0.743045, 1.146413
 449.666667, 2.214974, 0.379540, 0.779096, 1.175686
3
 0.250000, 7.000000, 0.000000, 8.000000, 60.000000
 211.333333, 2.304416, 5.287066, 1.802839, 7.998423
 427.333333, 2.599064, 0.898596, 0.877535, 1.831513
 483.000000, 2.471360, 0.360248, 0.723948, 1.102139
 461.000000, 2.850325, 0.414317, 0.860448, 1.291396
 489.333333, 2.938692, 0.403270, 0.784060, 1.204360
 474.333333, 2.566409, 0.376669, 0.734364, 1.131413
 477.333333, 2.718575, 0.377793, 0.769553, 1.171089
 527.666667, 2.475679, 0.335439, 0.670246, 1.022110
 442.000000, 2.441931, 0.357466, 0.687783, 1.061840
 309.000000, 2.593312, 0.392665, 0.757282, 1.201726
 478.333333, 2.843206, 0.347735, 0.689895, 1.059930
 515.333333, 2.884217, 0.351229, 0.641009, 1.017464
 486.000000, 2.384774, 0.320302, 0.663237, 1.001372
 491.000000, 2.455533, 0.306857, 0.645621, 0.976239
 490.000000, 2.932653, 0.340816, 0.653741, 1.017007
 516.333333, 2.911556, 0.313105, 0.615236, 0.944480
 446.666667, 2.680597, 0.379104, 0.729104, 1.125373
 464.000000, 2.818247, 0.370690, 0.727730, 1.120690
 459.000000, 2.856209, 0.414670, 0.815541, 1.246914
4
 0.250000, 8.000000, 0.000000, 8.000000, 52.000000
 222.666667, 2.675150, 3.476048, 1.700599, 5.859281
 460.333333, 3.152788, 0.528602, 0.787835, 1.344678
 490.000000, 2.738776, 0.367347, 0.693878, 1.095918
 462.333333, 2.957462, 0.423937, 0.848594, 1.290555
 484.666667, 2.989684, 0.415406, 0.790922, 1.224209
 472.000000, 2.588277, 0.386299, 0.740113, 1.143362
 483.000000, 2.742581, 0.367840, 0.745342, 1.130435
 524.000000, 2.550254, 0.335878, 0.662850, 1.017812
 432.000000, 2.665895, 0.369599, 0.687500, 1.075617
 321.666667, 2.900518, 0.386528, 0.764767, 1.176166
 478.000000, 2.838215, 0.342399, 0.695258, 1.053696
 499.333333, 2.305741, 0.355140, 0.650200, 1.026702
 490.000000, 2.491837, 0.319728, 0.680272, 1.015646
 495.000000, 2.783165, 0.317172, 0.649158, 0.986532
 492.333333, 2.778605, 0.344617, 0.651320, 1.018957
 498.000000, 2.369478, 0.317938, 0.642570, 0.984605
 443.666667, 2.393689, 0.374906, 0.729527, 1.125470
 463.666667, 2.731129, 0.383896, 0.731848, 1.135873
 453.333333, 2.356618, 0.415441, 0.808824, 1.244853
5
 0.250000, 6.000000, 0.000000, 1.000000, 61.000000
 223.000000, 2.626308, 3.174888, 1.644245, 5.512706
 418.000000, 2.413876, 0.984848, 0.912281, 1.925837
 480.000000, 2.296528, 0.377778, 0.727083, 1.130556
 462.666667, 2.916427, 0.420029, 0.850144, 1.287464
 491.000000, 2.945010, 0.426341, 0.779362, 1.227427
 473.666667, 2.403941, 0.391977, 0.739620, 1.149191
 478.000000, 2.672245, 0.385635, 0.766388, 1.172943
 529.000000, 2.555135, 0.332703, 0.664776, 1.017013
 439.666667, 2.470811, 0.378317, 0.692191, 1.107657
 286.666667, 1.545349, 0.406977, 0.845349, 1.316279
 474.666667, 2.753511, 0.360253, 0.690309, 1.075140
 499.666667, 2.537692, 0.353569, 0.651101, 1.028019
 493.333333, 2.695270, 0.314865, 0.681081, 1.013514
 492.000000, 2.733740, 0.316396, 0.694444, 1.033198
 482.333333, 2.261230, 0.348307, 0.655840, 1.025570
 497.000000, 1.874581, 0.316566, 0.634474, 0.973172
 444.333333, 2.778695, 0.381845, 0.731433, 1.130533
 453.333333, 2.546324, 0.385294, 0.737500, 1.144853
 463.000000, 2.931605, 0.408927, 0.804176, 1.229662
6
 0.250000, 6.000000, 0.000000, 0.000000, 61.000000
 220.000000, 2.584848, 2.521212, 1.493939, 4.348485
 427.333333, 2.807332, 0.807332, 0.905616, 1.739470
 490.000000, 2.811565, 0.374150, 0.687755, 1.084354
 460.666667, 2.835745, 0.430535, 0.848770, 1.296671
 482.000000, 2.246196, 0.415629, 0.786999, 1.230982
 470.666667, 2.624646, 0.375354, 0.738669, 1.131020
 480.666667, 2.648405, 0.382108, 0.757975, 1.157420
 540.666667, 2.773120, 0.334772, 0.653514, 1.008631
 445.666667, 2.449514, 0.457741, 0.689604, 1.163052
 294.666667, 1.428733, 0.409502, 0.792986, 1.217195
 485.000000, 2.972509, 0.355326, 0.682474, 1.055670
 492.666667, 2.478349, 0.357240, 0.669147, 1.049391
 488.333333, 2.638225, 0.308532, 0.670990, 1.004778
 500.333333, 3.077948, 0.297801, 0.669554, 0.984677
 484.333333, 2.490021, 0.342051, 0.657949, 1.022023
 506.666667, 2.467105, 0.303289, 0.630921, 0.950000
 449.000000, 2.667409, 0.377877, 0.726800, 1.121010
 451.666667, 2.174908, 0.386716, 0.747601, 1.151292
 459.333333, 2.864296, 0.378810, 0.810595, 1.205370
7
 0.250000, 5.000000, 0.000000, 1.000000, 61.000000
 215.333333, 2.620743, 1.369969, 1.208978, 3.111455
 413.333333, 2.320161, 0.578226, 0.909677, 1.507258
 481.666667, 2.384775, 0.356401, 0.701038, 1.075433
 458.333333, 2.609455, 0.432727, 0.840727, 1.290909
 482.000000, 2.429461, 0.414938, 0.786307, 1.217842
 472.333333, 2.641496, 0.379675, 0.738179, 1.139026
 476.000000, 2.879552, 0.381653, 0.773109, 1.176471
 535.000000, 2.733333, 0.339564, 0.660436, 1.016822
 455.333333, 2.901903, 0.530015, 0.688141, 1.248170
 296.000000, 2.653153, 0.386261, 0.858108, 1.273649
 471.000000, 2.411890, 0.370842, 0.698514, 1.093418
 514.333333, 2.705120, 0.346079, 0.633182, 0.998056
 500.333333, 2.847435, 0.315123, 0.685543, 1.019987
 486.666667, 2.239726, 0.310274, 0.686986, 1.017808
 479.333333, 2.218359, 0.349096, 0.672462, 1.038943
 509.666667, 2.733813, 0.306082, 0.619359, 0.943754
 443.666667, 2.469572, 0.378663, 0.730278, 1.126972
 452.000000, 2.484513, 0.395280, 0.747050, 1.163717
 449.666667, 2.164566, 0.375093, 0.890289, 1.282431
Histogram
0 0 0 0 0 0 0 0 0 14 50 44 25 4 0 1 1 2 2 1 0 0 0 0 0 0 0 0 0 0 0 1 0 0 0 0 0 0 0 0 0 0 0 1 0 0 1 0 0 1 0 0 1 0 0 1 0 0 1 0 0 0 0 0 0 0 0 0 0 0 0 0 0 0 0 0 0 0 0 1 0 0 0 0 0 0 0 0 0 0 0 0 0 0 0 0 0 0 0 0 0 0 0 0 0 0 0 0 0 0 0 0 0 0 0 0 0 0 0 8 
Cache Miss Ratio
0.0
numOfSets
0
numOfGets
216858
numOfMultiGets
0
