20
0
 0.200000, 0.000000, 0.000000, 25.000000, 310.000000
 167.666667, 0.789264, 0.377734, 1.119284, 1.578529
 187.333333, 0.820285, 0.469751, 1.083630, 1.606762
 192.000000, 0.579861, 0.317708, 0.951389, 1.321181
 179.000000, 0.882682, 0.335196, 0.968343, 1.353818
 158.666667, 0.821429, 0.329832, 1.023109, 1.403361
 189.333333, 0.586268, 0.279930, 0.955986, 1.281690
 186.000000, 0.767025, 0.331541, 1.082437, 1.469534
 189.333333, 0.727113, 0.320423, 0.992958, 1.360915
 178.000000, 0.426966, 0.299625, 1.011236, 1.365169
 186.333333, 1.033989, 0.413238, 1.078712, 1.545617
 191.000000, 1.057592, 0.326353, 1.125654, 1.516579
 185.333333, 0.793165, 0.348921, 1.127698, 1.526978
 191.666667, 0.626087, 0.260870, 1.048696, 1.356522
 196.000000, 0.729592, 0.314626, 1.100340, 1.464286
 170.666667, 0.734375, 0.357422, 1.156250, 1.564453
 185.000000, 0.529730, 0.281081, 1.050450, 1.378378
 191.666667, 0.850435, 0.323478, 1.036522, 1.405217
 194.000000, 0.462199, 0.204467, 1.283505, 1.536082
 170.333333, 0.471624, 0.279843, 1.103718, 1.426614
1
 0.200000, 0.000000, 0.000000, 22.000000, 308.000000
 169.666667, 0.827112, 0.369352, 1.076621, 1.563851
 185.000000, 0.785586, 0.351351, 1.003604, 1.409009
 198.333333, 0.663866, 0.334454, 0.957983, 1.339496
 175.333333, 0.648289, 0.311787, 0.980989, 1.435361
 166.000000, 0.961847, 0.381526, 0.987952, 1.423695
 191.333333, 0.571429, 0.303136, 0.979094, 1.329268
 182.333333, 0.705667, 0.308958, 1.305302, 1.670932
 189.666667, 0.562390, 0.305800, 0.938489, 1.297012
 193.666667, 0.769363, 0.297762, 0.965577, 1.309811
 185.666667, 1.007181, 0.420108, 1.062837, 1.531418
 185.000000, 0.895495, 0.331532, 1.122523, 1.509910
 200.000000, 1.025000, 0.350000, 1.043333, 1.440000
 191.333333, 0.601045, 0.247387, 1.073171, 1.364111
 190.000000, 0.703509, 0.291228, 1.150877, 1.491228
 179.666667, 0.910946, 0.348794, 1.120594, 1.521336
 187.666667, 0.577265, 0.277087, 1.065719, 1.392540
 184.666667, 0.752708, 0.319495, 1.086643, 1.456679
 195.000000, 0.418803, 0.237607, 1.323077, 1.605128
 179.333333, 0.444238, 0.254647, 1.061338, 1.364312
2
 0.200000, 0.000000, 0.000000, 31.000000, 314.000000
 172.666667, 0.696911, 0.364865, 1.142857, 1.610039
 189.000000, 0.631393, 0.335097, 0.982363, 1.368607
 196.000000, 0.653061, 0.360544, 0.947279, 1.362245
 176.000000, 0.772727, 0.304924, 0.937500, 1.289773
 153.000000, 0.771242, 0.350763, 1.063181, 1.461874
 187.666667, 0.561279, 0.309059, 0.960924, 1.316163
 182.666667, 0.708029, 0.330292, 1.085766, 1.467153
 195.666667, 0.684838, 0.299830, 0.989779, 1.342419
 183.000000, 0.537341, 0.291439, 0.974499, 1.313297
 186.666667, 1.050000, 0.421429, 1.089286, 1.566071
 186.666667, 0.776786, 0.321429, 1.162500, 1.537500
 189.666667, 0.952548, 0.367311, 1.161687, 1.576450
 187.666667, 0.639432, 0.296625, 1.113677, 1.454707
 186.333333, 0.452594, 0.280859, 1.076923, 1.406082
 177.666667, 0.894934, 0.335835, 1.105066, 1.493433
 191.666667, 0.746087, 0.295652, 1.085217, 1.429565
 187.333333, 0.798932, 0.314947, 1.108541, 1.471530
 186.666667, 0.353571, 0.242857, 1.298214, 1.591071
 179.333333, 0.527881, 0.269517, 0.990706, 1.304833
3
 0.200000, 0.000000, 0.000000, 23.000000, 308.000000
 160.666667, 0.678423, 0.385892, 1.078838, 1.597510
 183.666667, 0.932849, 0.359347, 0.978221, 1.390200
 201.666667, 0.826446, 0.332231, 0.970248, 1.352066
 173.333333, 0.663462, 0.336538, 1.080769, 1.473077
 161.000000, 0.722567, 0.356108, 0.979296, 1.387164
 195.333333, 0.754266, 0.312287, 0.974403, 1.332765
 181.666667, 0.783486, 0.302752, 1.207339, 1.565138
 193.666667, 0.636833, 0.294320, 0.982788, 1.339071
 178.333333, 0.448598, 0.282243, 1.022430, 1.355140
 176.000000, 0.787879, 0.348485, 1.047348, 1.448864
 187.666667, 0.893428, 0.301954, 1.131439, 1.492007
 183.000000, 0.872495, 0.322404, 1.091075, 1.462659
 188.000000, 0.558511, 0.292553, 1.070922, 1.414894
 187.333333, 0.642349, 0.270463, 1.129893, 1.450178
 176.000000, 0.977273, 0.365530, 1.176136, 1.604167
 185.333333, 0.517986, 0.303957, 1.048561, 1.402878
 190.000000, 0.664912, 0.277193, 1.063158, 1.394737
 192.333333, 0.448873, 0.235702, 1.294627, 1.575390
 174.333333, 0.470363, 0.282983, 1.065010, 1.397706
4
 0.200000, 0.000000, 0.000000, 25.000000, 307.000000
 175.666667, 0.884250, 0.354839, 1.089184, 1.527514
 181.000000, 0.716390, 0.364641, 1.031308, 1.460405
 197.666667, 0.748735, 0.322091, 0.978078, 1.352445
 182.333333, 0.808044, 0.349177, 1.062157, 1.462523
 160.333333, 0.827443, 0.334719, 0.995842, 1.382536
 182.666667, 0.490876, 0.319343, 0.956204, 1.319343
 182.666667, 0.733577, 0.315693, 1.094891, 1.458029
 185.666667, 0.621185, 0.294434, 1.003591, 1.346499
 182.000000, 0.529304, 0.282051, 0.968864, 1.313187
 179.333333, 0.957249, 0.353160, 1.118959, 1.529740
 183.000000, 0.930783, 0.320583, 1.147541, 1.522769
 178.666667, 0.684701, 0.335821, 1.184701, 1.572761
 188.000000, 0.602837, 0.280142, 1.086879, 1.411348
 187.333333, 0.526690, 0.290036, 1.181495, 1.517794
 184.333333, 1.108499, 0.399638, 1.213382, 1.661844
 182.666667, 0.585766, 0.271898, 1.023723, 1.350365
 188.666667, 0.756184, 0.340989, 1.037102, 1.424028
 191.333333, 0.500000, 0.233449, 1.311847, 1.599303
 178.333333, 0.474766, 0.254206, 1.029907, 1.325234
5
 0.200000, 0.000000, 1.000000, 31.000000, 307.000000
 177.333333, 0.870301, 0.351504, 1.110902, 1.550752
 186.000000, 0.851254, 0.367384, 1.043011, 1.460573
 197.666667, 0.694772, 0.394604, 1.018550, 1.465430
 175.666667, 0.709677, 0.332068, 0.990512, 1.368121
 160.000000, 0.920833, 0.425000, 1.012500, 1.487500
 185.666667, 0.441652, 0.305206, 0.987433, 1.346499
 188.666667, 0.671378, 0.302120, 1.160777, 1.521201
 191.333333, 0.695122, 0.268293, 0.961672, 1.287456
 181.333333, 0.606618, 0.295956, 1.011029, 1.352941
 179.666667, 0.784787, 0.387755, 1.061224, 1.497217
 187.333333, 0.727758, 0.311388, 1.167260, 1.539146
 195.666667, 0.908007, 0.356048, 1.126065, 1.534923
 183.666667, 0.528131, 0.272232, 1.083485, 1.401089
 186.000000, 0.591398, 0.297491, 1.130824, 1.474910
 179.333333, 0.853160, 0.351301, 1.156134, 1.561338
 188.666667, 0.623675, 0.279152, 1.047703, 1.376325
 184.666667, 0.916968, 0.315884, 1.034296, 1.400722
 192.333333, 0.388215, 0.228769, 1.233969, 1.523397
 189.666667, 0.622144, 0.268893, 1.008787, 1.319859
6
 0.200000, 0.000000, 0.000000, 22.000000, 304.000000
 170.000000, 0.774510, 0.364706, 1.084314, 1.533333
 186.333333, 0.760286, 0.354204, 1.007156, 1.415027
 199.666667, 0.784641, 0.367279, 1.038397, 1.454090
 175.666667, 0.789374, 0.313093, 0.969639, 1.333966
 161.000000, 0.792961, 0.401656, 1.041408, 1.498965
 184.666667, 0.427798, 0.277978, 0.983755, 1.315884
 185.666667, 0.793537, 0.330341, 1.170557, 1.560144
 187.000000, 0.639929, 0.320856, 0.991087, 1.363636
 182.333333, 0.638026, 0.338208, 0.974406, 1.365631
 178.666667, 0.794776, 0.343284, 1.102612, 1.494403
 188.666667, 0.871025, 0.312721, 1.150177, 1.515901
 184.333333, 0.849910, 0.359855, 1.200723, 1.609403
 192.333333, 0.648180, 0.280763, 1.072790, 1.410745
 186.333333, 0.588551, 0.289803, 1.155635, 1.499106
 164.666667, 0.473684, 0.329960, 1.155870, 1.532389
 185.666667, 0.664273, 0.290844, 1.073609, 1.421903
 187.333333, 0.829181, 0.352313, 1.085409, 1.483986
 201.666667, 0.580165, 0.234711, 1.340496, 1.624793
 176.666667, 0.450943, 0.269811, 1.035849, 1.349057
7
 0.200000, 0.000000, 0.000000, 22.000000, 305.000000
 175.000000, 0.980952, 0.375238, 1.093333, 1.580952
 183.333333, 0.960000, 0.380000, 1.010909, 1.447273
 195.666667, 0.742760, 0.403748, 0.955707, 1.407155
 170.333333, 0.637965, 0.336595, 1.068493, 1.459883
 159.666667, 0.751566, 0.407098, 1.014614, 1.486430
 190.000000, 0.496491, 0.289474, 0.961404, 1.296491
 178.666667, 0.595149, 0.326493, 1.123134, 1.505597
 184.000000, 0.565217, 0.300725, 0.980072, 1.327899
 183.666667, 0.633394, 0.292196, 0.992740, 1.339383
 189.000000, 1.059965, 0.400353, 1.079365, 1.530864
 190.000000, 0.966667, 0.336842, 1.140351, 1.531579
 185.000000, 0.780180, 0.327928, 1.149550, 1.524324
 192.000000, 0.524306, 0.298611, 1.092014, 1.434028
 182.333333, 0.466179, 0.297989, 1.091408, 1.435101
 185.000000, 0.890090, 0.349550, 1.200000, 1.600000
 188.666667, 0.685512, 0.282686, 1.081272, 1.415194
 197.333333, 0.869932, 0.329392, 1.047297, 1.423986
 193.000000, 0.405872, 0.229706, 1.293610, 1.573402
 173.000000, 0.412331, 0.256262, 1.057803, 1.356455
8
 0.200000, 0.000000, 0.000000, 13.000000, 310.000000
 157.666667, 0.549683, 0.331924, 1.171247, 1.619450
 185.333333, 0.814748, 0.356115, 1.007194, 1.413669
 186.666667, 0.521429, 0.394643, 1.017857, 1.462500
 171.000000, 0.629630, 0.335283, 0.988304, 1.380117
 160.000000, 0.931250, 0.427083, 1.016667, 1.491667
 186.666667, 0.626786, 0.319643, 0.935714, 1.300000
 184.333333, 0.942134, 0.339964, 1.142857, 1.529837
 188.666667, 0.563604, 0.282686, 1.005300, 1.335689
 180.000000, 0.744444, 0.338889, 1.046296, 1.442593
 186.666667, 0.980357, 0.366071, 1.117857, 1.535714
 181.666667, 0.834862, 0.366972, 1.165138, 1.583486
 186.000000, 0.827957, 0.295699, 1.120072, 1.469534
 193.666667, 0.567986, 0.270224, 1.034423, 1.352840
 190.000000, 0.659649, 0.294737, 1.131579, 1.473684
 183.333333, 0.843636, 0.360000, 1.174545, 1.583636
 190.666667, 0.666084, 0.309441, 1.132867, 1.493007
 188.000000, 0.654255, 0.328014, 1.040780, 1.416667
 195.666667, 0.570698, 0.235094, 1.325383, 1.616695
 169.666667, 0.404715, 0.253438, 1.027505, 1.330059
9
 0.200000, 0.000000, 0.000000, 24.000000, 311.000000
 170.666667, 0.662109, 0.324219, 1.113281, 1.521484
 185.666667, 0.680431, 0.315978, 0.980251, 1.342908
 207.666667, 0.825040, 0.359551, 1.006421, 1.414125
 173.666667, 0.714012, 0.314779, 0.948177, 1.310940
 160.000000, 0.902083, 0.356250, 1.060417, 1.466667
 186.000000, 0.663082, 0.311828, 0.976703, 1.336918
 186.666667, 0.880357, 0.346429, 1.180357, 1.578571
 189.000000, 0.534392, 0.313933, 0.962963, 1.326279
 189.666667, 0.845343, 0.326889, 0.982425, 1.356766
 194.666667, 1.236301, 0.400685, 1.061644, 1.518836
 189.333333, 0.825704, 0.311620, 1.154930, 1.529930
 186.666667, 0.887500, 0.380357, 1.135714, 1.567857
 190.333333, 0.528897, 0.273205, 1.159370, 1.483363
 186.666667, 0.732143, 0.291071, 1.155357, 1.496429
 174.333333, 0.808795, 0.353728, 1.107075, 1.521989
 181.000000, 0.497238, 0.283610, 1.082873, 1.414365
 194.666667, 0.813356, 0.296233, 1.023973, 1.369863
 196.666667, 0.489831, 0.237288, 1.306780, 1.593220
 171.000000, 0.467836, 0.267057, 1.064327, 1.382066
10
 0.200000, 0.000000, 0.000000, 22.000000, 302.000000
 164.333333, 0.683570, 0.393509, 1.101420, 1.610548
 192.000000, 0.763889, 0.310764, 1.019097, 1.376736
 194.333333, 0.706690, 0.343053, 1.000000, 1.404803
 175.666667, 0.679317, 0.377609, 1.108159, 1.533207
 166.333333, 0.749499, 0.370741, 1.010020, 1.428858
 189.666667, 0.576450, 0.297012, 0.987698, 1.333919
 191.000000, 0.883072, 0.308901, 1.298429, 1.663176
 187.666667, 0.525755, 0.275311, 0.964476, 1.291297
 179.666667, 0.480519, 0.269017, 0.970315, 1.289425
 192.000000, 1.090278, 0.387153, 1.086806, 1.527778
 193.000000, 1.126079, 0.341969, 1.120898, 1.511226
 189.666667, 1.133568, 0.416520, 1.261863, 1.729350
 192.000000, 0.578125, 0.260417, 1.072917, 1.380208
 189.333333, 0.531690, 0.341549, 1.096831, 1.491197
 175.333333, 0.735741, 0.319392, 1.098859, 1.465779
 188.333333, 0.684956, 0.279646, 1.031858, 1.364602
 185.666667, 0.863555, 0.337522, 1.019749, 1.409336
 188.000000, 0.539007, 0.244681, 1.319149, 1.618794
 172.666667, 0.569498, 0.326255, 1.096525, 1.471042
11
 0.200000, 0.000000, 0.000000, 22.000000, 302.000000
 169.000000, 0.755424, 0.335306, 1.104536, 1.556213
 185.666667, 0.899461, 0.368043, 1.005386, 1.421903
 197.666667, 0.713322, 0.318718, 0.976391, 1.345700
 179.333333, 0.671004, 0.343866, 0.994424, 1.384758
 154.333333, 0.578834, 0.341253, 1.069114, 1.460043
 188.000000, 0.517730, 0.274823, 0.934397, 1.262411
 183.333333, 0.869091, 0.321818, 1.130909, 1.509091
 185.000000, 0.538739, 0.293694, 0.960360, 1.304505
 181.333333, 0.601103, 0.310662, 0.959559, 1.330882
 181.000000, 0.721915, 0.401473, 1.075506, 1.528545
 186.666667, 0.892857, 0.369643, 1.142857, 1.571429
 181.000000, 0.771639, 0.327808, 1.138122, 1.515654
 195.666667, 0.674617, 0.269165, 1.143101, 1.456559
 193.333333, 0.512069, 0.268966, 1.117241, 1.431034
 184.000000, 1.056159, 0.405797, 1.190217, 1.644928
 191.000000, 0.577661, 0.322862, 1.033159, 1.403141
 192.666667, 0.576125, 0.333910, 1.039792, 1.429066
 194.000000, 0.486254, 0.247423, 1.290378, 1.584192
 176.000000, 0.498106, 0.284091, 1.030303, 1.357955
12
 0.200000, 0.000000, 0.000000, 31.000000, 306.000000
 166.666667, 0.718000, 0.368000, 1.146000, 1.604000
 186.333333, 0.747764, 0.364937, 1.033989, 1.450805
 198.666667, 0.729866, 0.343960, 0.998322, 1.389262
 183.333333, 1.032727, 0.332727, 1.050909, 1.430909
 149.666667, 0.614699, 0.391982, 1.060134, 1.510022
 190.333333, 0.591944, 0.304729, 0.947461, 1.304729
 191.333333, 1.001742, 0.346690, 1.132404, 1.529617
 182.000000, 0.516484, 0.311355, 0.941392, 1.298535
 183.666667, 0.626134, 0.284936, 0.965517, 1.297641
 181.000000, 0.806630, 0.403315, 1.081031, 1.532228
 198.666667, 1.010067, 0.325503, 1.070470, 1.444631
 193.666667, 0.903614, 0.363167, 1.113597, 1.531842
 193.000000, 0.891192, 0.293610, 1.067358, 1.404145
 190.000000, 0.549123, 0.280702, 1.078947, 1.405263
 172.666667, 0.783784, 0.318533, 1.125483, 1.492278
 192.333333, 0.663778, 0.305026, 1.032929, 1.389948
 193.000000, 0.905009, 0.324698, 1.039724, 1.416235
 193.666667, 0.457831, 0.230637, 1.311532, 1.600688
 175.666667, 0.521822, 0.284630, 1.043643, 1.373814
13
 0.200000, 0.000000, 3.000000, 16.000000, 300.000000
 166.333333, 0.733467, 0.322645, 1.102204, 1.511022
 184.666667, 0.750903, 0.346570, 0.963899, 1.362816
 207.000000, 0.780998, 0.373591, 1.000000, 1.426731
 174.000000, 0.754789, 0.323755, 1.063218, 1.440613
 160.333333, 0.725572, 0.367983, 1.022869, 1.438669
 191.000000, 0.558464, 0.305410, 0.982548, 1.335079
 181.000000, 0.548803, 0.276243, 1.149171, 1.480663
 183.000000, 0.666667, 0.306011, 0.967213, 1.329690
 183.333333, 0.600000, 0.263636, 0.987273, 1.303636
 183.333333, 0.892727, 0.360000, 1.092727, 1.510909
 190.666667, 1.059441, 0.356643, 1.160839, 1.576923
 197.666667, 1.209106, 0.411467, 1.143339, 1.602024
 186.333333, 0.499106, 0.259392, 1.087657, 1.393560
 194.000000, 0.611684, 0.273196, 1.130584, 1.450172
 172.666667, 0.627413, 0.362934, 1.210425, 1.621622
 188.666667, 0.623675, 0.305654, 1.097173, 1.448763
 198.000000, 1.015152, 0.335017, 1.048822, 1.446128
 186.666667, 0.398214, 0.223214, 1.212500, 1.480357
 177.000000, 0.553672, 0.248588, 1.048964, 1.340866
14
 0.200000, 0.000000, 3.000000, 13.000000, 304.000000
 160.333333, 0.673597, 0.334719, 1.118503, 1.565489
 194.666667, 0.972603, 0.359589, 0.974315, 1.378425
 203.000000, 0.963875, 0.458128, 1.006568, 1.513957
 178.000000, 0.773408, 0.314607, 0.971910, 1.344569
 160.333333, 0.887734, 0.397089, 1.020790, 1.465696
 188.000000, 0.494681, 0.317376, 0.962766, 1.326241
 177.333333, 0.635338, 0.313910, 1.125940, 1.494361
 195.000000, 0.803419, 0.287179, 0.984615, 1.331624
 187.000000, 0.675579, 0.317291, 1.021390, 1.383244
 178.666667, 0.815299, 0.348881, 1.050373, 1.451493
 184.666667, 0.875451, 0.324910, 1.169675, 1.546931
 181.000000, 0.874770, 0.418048, 1.200737, 1.668508
 194.333333, 0.742710, 0.296741, 1.049743, 1.399657
 188.666667, 0.556537, 0.270318, 1.083039, 1.399293
 180.000000, 0.750000, 0.338889, 1.116667, 1.516667
 192.666667, 0.621107, 0.294118, 1.098616, 1.437716
 184.666667, 0.734657, 0.290614, 1.036101, 1.379061
 194.333333, 0.373928, 0.226415, 1.343053, 1.614065
 177.666667, 0.589118, 0.253283, 1.045028, 1.341463
15
 0.200000, 0.000000, 3.000000, 22.000000, 297.000000
 172.000000, 0.662791, 0.352713, 1.062016, 1.519380
 189.666667, 0.789104, 0.312830, 0.991213, 1.360281
 196.333333, 0.679117, 0.451613, 0.996604, 1.500849
 173.333333, 0.630769, 0.311538, 1.063462, 1.421154
 155.666667, 0.653105, 0.374732, 1.006424, 1.436831
 183.000000, 0.471767, 0.306011, 0.979964, 1.333333
 200.666667, 0.808970, 0.302326, 1.119601, 1.471761
 182.666667, 0.474453, 0.260949, 0.943431, 1.253650
 181.333333, 0.599265, 0.325368, 1.007353, 1.376838
 182.666667, 0.852190, 0.370438, 1.116788, 1.545620
 187.000000, 0.828877, 0.304813, 1.126560, 1.488414
 189.000000, 0.968254, 0.370370, 1.111111, 1.529101
 193.000000, 0.578584, 0.324698, 1.124352, 1.499136
 195.666667, 0.635434, 0.306644, 1.103918, 1.459966
 173.333333, 0.667308, 0.350000, 1.167308, 1.571154
 196.666667, 0.713559, 0.293220, 1.044068, 1.384746
 189.666667, 0.810193, 0.330404, 1.043937, 1.420035
 188.000000, 0.407801, 0.235816, 1.265957, 1.558511
 177.666667, 0.463415, 0.260788, 1.000000, 1.311445
16
 0.200000, 0.000000, 3.000000, 24.000000, 299.000000
 173.333333, 0.796154, 0.365385, 1.051923, 1.507692
 189.333333, 0.896127, 0.355634, 1.047535, 1.540493
 189.333333, 0.501761, 0.309859, 0.966549, 1.327465
 174.333333, 0.705545, 0.323136, 0.954111, 1.328872
 155.333333, 0.682403, 0.403433, 1.051502, 1.508584
 179.333333, 0.455390, 0.297398, 0.949814, 1.301115
 180.000000, 0.659259, 0.292593, 1.187037, 1.542593
 191.333333, 0.768293, 0.285714, 0.996516, 1.332753
 189.333333, 0.612676, 0.281690, 0.984155, 1.320423
 176.666667, 0.847170, 0.371698, 1.105660, 1.533962
 186.666667, 0.925000, 0.350000, 1.146429, 1.555357
 184.333333, 0.679928, 0.372514, 1.119349, 1.540687
 200.000000, 0.731667, 0.318333, 1.086667, 1.455000
 190.000000, 0.619298, 0.284211, 1.112281, 1.445614
 176.000000, 0.820076, 0.329545, 1.147727, 1.528409
 191.333333, 0.663763, 0.275261, 1.073171, 1.395470
 183.333333, 0.736364, 0.303636, 1.034545, 1.389091
 193.333333, 0.463793, 0.222414, 1.305172, 1.572414
 177.666667, 0.540338, 0.258912, 1.058161, 1.365854
17
 0.200000, 0.000000, 3.000000, 13.000000, 304.000000
 161.000000, 0.587992, 0.343685, 1.175983, 1.627329
 188.333333, 0.812389, 0.366372, 1.000000, 1.419469
 206.666667, 0.704839, 0.337097, 0.943548, 1.329032
 176.000000, 0.666667, 0.329545, 0.981061, 1.357955
 162.000000, 0.814815, 0.388889, 1.022634, 1.458848
 184.666667, 0.498195, 0.314079, 0.935018, 1.299639
 190.000000, 1.026316, 0.470175, 1.305263, 1.822807
 191.333333, 0.639373, 0.275261, 0.947735, 1.271777
 182.666667, 0.658759, 0.302920, 1.012774, 1.375912
 189.000000, 0.869489, 0.368607, 1.017637, 1.435626
 193.666667, 0.900172, 0.344234, 1.135972, 1.535284
 185.000000, 0.798198, 0.360360, 1.118919, 1.529730
 201.000000, 0.731343, 0.286899, 1.132670, 1.464345
 185.666667, 0.495512, 0.308797, 1.138241, 1.491921
 173.333333, 0.873077, 0.351923, 1.178846, 1.582692
 186.000000, 0.646953, 0.259857, 1.021505, 1.327957
 197.333333, 0.841216, 0.300676, 1.006757, 1.353041
 194.666667, 0.573630, 0.231164, 1.282534, 1.559932
 175.000000, 0.462857, 0.270476, 1.051429, 1.367619
18
 0.200000, 0.000000, 3.000000, 21.000000, 297.000000
 173.333333, 0.836538, 0.396154, 1.101923, 1.584615
 192.666667, 1.043253, 0.382353, 1.025952, 1.458478
 211.666667, 1.055118, 0.400000, 0.988976, 1.437795
 175.666667, 0.736243, 0.352941, 0.973435, 1.373814
 161.333333, 0.811983, 0.394628, 1.055785, 1.500000
 193.666667, 0.636833, 0.285714, 0.927711, 1.265060
 186.666667, 0.803571, 0.455357, 1.310714, 1.812500
 181.666667, 0.488073, 0.326606, 1.000000, 1.376147
 186.333333, 0.584973, 0.284436, 1.005367, 1.339893
 178.333333, 1.074766, 0.353271, 1.080374, 1.482243
 188.000000, 0.994681, 0.359929, 1.097518, 1.514184
 185.333333, 0.821942, 0.341727, 1.138489, 1.530576
 203.000000, 0.783251, 0.307061, 1.067323, 1.418719
 196.333333, 0.762309, 0.283531, 1.120543, 1.451613
 168.000000, 0.533730, 0.373016, 1.230159, 1.650794
 188.333333, 0.545133, 0.284956, 1.049558, 1.382301
 193.333333, 0.806897, 0.329310, 0.998276, 1.372414
 187.000000, 0.458111, 0.251337, 1.276292, 1.573975
 182.666667, 0.521898, 0.266423, 0.994526, 1.304745
19
 0.200000, 0.000000, 3.000000, 13.000000, 305.000000
 164.333333, 0.709939, 0.371197, 1.052738, 1.517241
 188.000000, 0.675532, 0.382979, 1.003546, 1.441489
 191.666667, 0.685217, 0.387826, 0.954783, 1.406957
 178.333333, 0.940187, 0.315888, 1.078505, 1.444860
 160.666667, 0.856846, 0.383817, 1.070539, 1.504149
 188.666667, 0.577739, 0.272085, 0.959364, 1.284452
 185.333333, 0.845324, 0.345324, 1.161871, 1.557554
 189.000000, 0.599647, 0.315697, 0.966490, 1.331570
 184.000000, 0.693841, 0.284420, 1.014493, 1.353261
 180.666667, 0.852399, 0.354244, 1.079336, 1.483395
 184.000000, 0.815217, 0.356884, 1.108696, 1.521739
 187.333333, 0.816726, 0.364769, 1.176157, 1.594306
 183.666667, 0.500907, 0.279492, 1.110708, 1.442831
 190.666667, 0.760490, 0.330420, 1.150350, 1.527972
 183.666667, 0.907441, 0.324864, 1.156080, 1.540835
 180.666667, 0.531365, 0.291513, 1.071956, 1.415129
 184.666667, 0.806859, 0.312274, 1.115523, 1.481949
 196.000000, 0.442177, 0.239796, 1.316327, 1.602041
 179.333333, 0.652416, 0.286245, 0.990706, 1.321561
20
 0.200000, 0.000000, 0.000000, 0.000000, 1.000000
 173.666667, 0.731286, 0.330134, 1.094050, 1.502879
 192.000000, 0.826389, 0.388889, 1.067708, 1.510417
 195.333333, 0.721843, 0.426621, 0.955631, 1.430034
 174.000000, 0.660920, 0.306513, 0.955939, 1.314176
 162.666667, 0.752049, 0.366803, 1.030738, 1.444672
 192.333333, 0.771231, 0.308492, 0.986135, 1.350087
 187.000000, 0.793226, 0.445633, 1.121212, 1.620321
 191.333333, 0.601045, 0.294425, 0.970383, 1.322300
 182.666667, 0.567518, 0.288321, 0.943431, 1.277372
 187.666667, 0.962700, 0.369449, 1.046181, 1.465364
 195.666667, 1.032368, 0.345826, 1.114140, 1.517888
 185.333333, 0.744604, 0.390288, 1.158273, 1.597122
 186.333333, 0.463327, 0.279070, 1.069767, 1.402504
 195.666667, 0.611584, 0.293015, 1.114140, 1.454855
 175.333333, 0.878327, 0.344106, 1.134981, 1.530418
 188.333333, 0.580531, 0.292035, 1.077876, 1.419469
 198.333333, 0.852101, 0.334454, 1.070588, 1.460504
 193.000000, 0.561313, 0.233161, 1.317789, 1.597582
 187.333333, 0.669039, 0.307829, 1.023132, 1.377224
21
 0.200000, 5.000000, 5.000000, 1.000000, 9.000000
 178.000000, 0.973783, 0.382022, 1.043071, 1.546816
 189.333333, 0.841549, 0.359155, 1.077465, 1.487676
 196.333333, 0.616299, 0.341256, 0.954160, 1.348048
 173.000000, 0.670520, 0.321773, 1.078998, 1.448940
 156.666667, 0.734043, 0.436170, 1.048936, 1.540426
 186.000000, 0.548387, 0.284946, 0.944444, 1.279570
 180.333333, 0.643253, 0.282810, 1.121996, 1.460259
 190.000000, 0.512281, 0.280702, 0.956140, 1.285965
 182.000000, 0.615385, 0.291209, 1.031136, 1.375458
 179.333333, 0.793680, 0.373606, 1.104089, 1.531599
 183.000000, 0.916211, 0.338798, 1.098361, 1.491803
 185.666667, 0.775583, 0.420108, 1.161580, 1.635548
 187.333333, 0.496441, 0.268683, 1.099644, 1.414591
 188.333333, 0.578761, 0.283186, 1.097345, 1.430088
 179.666667, 0.834879, 0.346939, 1.146568, 1.545455
 196.000000, 0.658163, 0.282313, 1.078231, 1.408163
 187.333333, 0.820285, 0.332740, 1.067616, 1.453737
 202.333333, 0.626030, 0.247117, 1.273476, 1.573311
 176.666667, 0.547170, 0.267925, 1.041509, 1.362264
22
 0.200000, 5.000000, 4.000000, 1.000000, 8.000000
 173.000000, 0.845857, 0.381503, 1.167630, 1.682081
 191.666667, 0.923478, 0.377391, 0.954783, 1.391304
 205.666667, 0.818476, 0.351702, 0.972447, 1.371151
 177.333333, 0.755639, 0.312030, 0.958647, 1.323308
 162.000000, 0.987654, 0.411523, 1.063786, 1.528807
 183.000000, 0.422587, 0.291439, 1.003643, 1.347905
 193.666667, 0.864028, 0.473322, 1.302926, 1.822719
 189.333333, 0.600352, 0.283451, 0.947183, 1.290493
 182.333333, 0.535649, 0.268739, 0.994516, 1.312614
 182.333333, 0.782450, 0.380256, 1.091408, 1.522852
 188.666667, 0.883392, 0.318021, 1.120141, 1.503534
 188.333333, 0.628319, 0.306195, 1.120354, 1.474336
 194.000000, 0.711340, 0.305842, 1.144330, 1.498282
 181.666667, 0.614679, 0.273394, 1.119266, 1.447706
 168.666667, 0.741107, 0.359684, 1.191700, 1.600791
 189.666667, 0.697715, 0.298770, 1.096661, 1.448155
 187.333333, 0.845196, 0.327402, 1.035587, 1.418149
 188.666667, 0.358657, 0.213781, 1.293286, 1.554770
 177.666667, 0.525328, 0.270169, 1.015009, 1.330206
23
 0.200000, 3.000000, 7.000000, 3.000000, 21.000000
 168.333333, 0.750495, 0.350495, 1.106931, 1.603960
 193.666667, 0.969019, 0.359725, 1.006885, 1.418244
 203.333333, 0.798361, 0.355738, 1.006557, 1.413115
 176.333333, 0.826087, 0.319471, 1.071834, 1.449905
 156.666667, 0.855319, 0.436170, 1.044681, 1.563830
 188.666667, 0.517668, 0.318021, 0.939929, 1.307420
 189.000000, 0.710758, 0.342152, 1.111111, 1.645503
 190.666667, 0.699301, 0.305944, 0.975524, 1.335664
 185.333333, 0.683453, 0.311151, 0.965827, 1.343525
 190.000000, 0.900000, 0.371930, 1.068421, 1.489474
 193.666667, 0.877797, 0.316695, 1.091222, 1.457831
 190.333333, 1.108581, 0.409807, 1.127846, 1.590193
 193.000000, 0.692573, 0.279793, 1.096718, 1.419689
 195.000000, 0.747009, 0.300855, 1.143590, 1.497436
 176.666667, 0.884906, 0.318868, 1.188679, 1.560377
 192.000000, 0.713542, 0.277778, 1.027778, 1.355903
 191.333333, 0.895470, 0.329268, 1.048780, 1.432056
 185.666667, 0.436266, 0.251346, 1.274686, 1.570916
 182.000000, 0.760073, 0.305861, 1.023810, 1.371795
24
 0.200000, 2.000000, 7.000000, 6.000000, 17.000000
 165.000000, 0.797980, 0.375758, 1.149495, 1.638384
 188.333333, 0.883186, 0.376991, 1.123894, 1.552212
 187.333333, 0.569395, 0.350534, 0.994662, 1.395018
 175.666667, 0.817837, 0.377609, 0.960152, 1.385199
 157.333333, 0.694915, 0.389831, 1.036017, 1.483051
 186.000000, 0.521505, 0.311828, 0.964158, 1.324373
 188.666667, 0.810954, 0.473498, 1.263251, 1.784452
 186.000000, 0.507168, 0.281362, 0.951613, 1.295699
 191.000000, 0.689354, 0.287958, 0.984293, 1.328098
 187.333333, 1.016014, 0.382562, 1.094306, 1.528470
 180.000000, 0.672222, 0.298148, 1.153704, 1.503704
 187.666667, 0.806394, 0.357016, 1.166963, 1.573712
 201.000000, 0.781095, 0.333333, 1.082919, 1.466003
 190.333333, 0.602452, 0.304729, 1.082312, 1.434326
 180.333333, 0.802218, 0.373383, 1.112754, 1.547135
 181.666667, 0.552294, 0.288073, 1.056881, 1.392661
 195.000000, 0.950427, 0.348718, 1.041026, 1.434188
 188.333333, 0.396460, 0.242478, 1.330973, 1.619469
 182.666667, 0.525547, 0.270073, 1.080292, 1.395985
25
 0.200000, 3.000000, 6.000000, 3.000000, 21.000000
 175.666667, 0.567362, 0.345351, 1.062619, 1.519924
 183.333333, 0.760000, 0.372727, 1.007273, 1.430909
 206.000000, 0.655340, 0.330097, 0.975728, 1.354369
 180.666667, 0.878229, 0.311808, 0.953875, 1.317343
 162.666667, 0.862705, 0.413934, 0.997951, 1.461066
 185.333333, 0.503597, 0.287770, 0.965827, 1.311151
 179.666667, 0.736549, 0.328386, 1.153989, 1.532468
 184.333333, 0.549729, 0.282098, 0.978300, 1.309222
 176.000000, 0.486742, 0.304924, 0.967803, 1.329545
 184.000000, 0.836957, 0.362319, 1.096014, 1.510870
 188.000000, 0.840426, 0.333333, 1.147163, 1.533688
 178.666667, 0.518657, 0.339552, 1.125000, 1.518657
 191.333333, 0.686411, 0.310105, 1.121951, 1.477352
 185.666667, 0.513465, 0.290844, 1.136445, 1.475763
 175.000000, 0.830476, 0.356190, 1.169524, 1.590476
 189.666667, 0.576450, 0.289982, 1.029877, 1.367311
 190.333333, 0.847636, 0.346760, 1.078809, 1.471103
 190.000000, 0.528070, 0.245614, 1.289474, 1.582456
 171.000000, 0.415205, 0.269006, 1.029240, 1.348928
26
 0.200000, 2.000000, 10.000000, 4.000000, 18.000000
 169.666667, 0.705305, 0.324165, 1.031434, 1.445972
 184.000000, 0.675725, 0.346014, 0.969203, 1.371377
 198.333333, 0.626891, 0.359664, 0.942857, 1.352941
 171.333333, 0.776265, 0.348249, 1.087549, 1.486381
 160.000000, 0.902083, 0.366667, 1.025000, 1.441667
 191.000000, 0.525305, 0.303665, 0.984293, 1.335079
 178.666667, 0.608209, 0.313433, 1.125000, 1.496269
 191.000000, 0.708551, 0.322862, 0.989529, 1.363002
 191.666667, 0.603478, 0.288696, 0.947826, 1.288696
 182.666667, 1.062044, 0.414234, 1.067518, 1.536496
 181.333333, 0.856618, 0.330882, 1.154412, 1.536765
 191.666667, 1.052174, 0.366957, 1.208696, 1.622609
 189.333333, 0.632042, 0.279930, 1.089789, 1.420775
 183.666667, 0.519056, 0.299456, 1.205082, 1.551724
 172.000000, 0.750000, 0.335271, 1.133721, 1.517442
 185.333333, 0.537770, 0.287770, 1.134892, 1.473022
 187.000000, 0.795009, 0.322638, 1.010695, 1.383244
 192.000000, 0.401042, 0.234375, 1.203125, 1.484375
 175.000000, 0.598095, 0.266667, 1.059048, 1.369524
27
 0.200000, 6.000000, 10.000000, 1.000000, 19.000000
 160.666667, 0.570539, 0.350622, 1.157676, 1.626556
 182.000000, 0.937729, 0.514652, 1.084249, 1.659341
 193.000000, 0.623489, 0.331606, 1.006908, 1.390328
 184.000000, 0.782609, 0.329710, 0.947464, 1.327899
 157.333333, 0.879237, 0.377119, 1.019068, 1.442797
 188.666667, 0.567138, 0.284452, 0.938163, 1.272085
 187.000000, 0.843137, 0.345811, 1.117647, 1.509804
 185.000000, 0.589189, 0.315315, 1.014414, 1.385586
 184.666667, 0.812274, 0.287004, 0.994585, 1.330325
 180.333333, 0.811460, 0.426987, 1.053604, 1.536044
 185.333333, 1.019784, 0.379496, 1.151079, 1.579137
 183.000000, 0.650273, 0.362477, 1.143898, 1.561020
 196.666667, 0.774576, 0.345763, 1.123729, 1.528814
 190.666667, 0.694056, 0.290210, 1.139860, 1.482517
 177.333333, 0.763158, 0.389098, 1.086466, 1.535714
 187.666667, 0.593250, 0.273535, 1.026643, 1.348135
 192.000000, 0.753472, 0.335069, 1.067708, 1.449653
 189.333333, 0.401408, 0.220070, 1.345070, 1.614437
 185.666667, 0.651706, 0.247756, 1.005386, 1.299820
28
 0.200000, 2.000000, 6.000000, 1.000000, 15.000000
 172.333333, 0.663443, 0.371373, 1.121857, 1.609284
 178.666667, 0.673507, 0.380597, 1.001866, 1.429104
 206.333333, 0.791599, 0.390953, 0.974152, 1.413570
 168.000000, 0.640873, 0.361111, 0.994048, 1.408730
 159.000000, 0.740042, 0.373166, 1.018868, 1.448637
 188.000000, 0.453901, 0.297872, 0.980496, 1.326241
 183.333333, 0.656364, 0.303636, 1.227273, 1.581818
 189.000000, 0.599647, 0.306878, 0.959436, 1.313933
 188.333333, 0.654867, 0.272566, 0.998230, 1.316814
 180.333333, 0.918669, 0.382625, 1.086876, 1.524954
 191.333333, 0.942509, 0.332753, 1.146341, 1.536585
 184.333333, 0.820976, 0.388788, 1.121157, 1.560579
 193.000000, 0.682211, 0.298791, 1.126079, 1.469775
 184.333333, 0.515371, 0.296564, 1.171790, 1.518987
 169.333333, 0.667323, 0.340551, 1.200787, 1.594488
 189.333333, 0.471831, 0.297535, 1.051056, 1.397887
 191.333333, 0.858885, 0.304878, 1.081882, 1.442509
 191.333333, 0.412892, 0.233449, 1.301394, 1.592334
 168.666667, 0.496047, 0.260870, 1.041502, 1.345850
29
 0.200000, 0.000000, 3.000000, 1.000000, 22.000000
 168.333333, 0.574257, 0.344554, 1.114851, 1.574257
 181.333333, 0.755515, 0.395221, 1.038603, 1.492647
 193.333333, 0.596552, 0.336207, 0.963793, 1.351724
 183.333333, 0.921818, 0.323636, 0.976364, 1.354545
 157.666667, 0.877378, 0.386892, 1.021142, 1.475687
 191.333333, 0.630662, 0.329268, 0.959930, 1.337979
 177.333333, 0.691729, 0.298872, 1.082707, 1.584586
 191.000000, 0.579407, 0.289703, 0.973822, 1.317627
 181.000000, 0.451197, 0.287293, 1.001842, 1.337017
 183.333333, 0.870909, 0.378182, 1.054545, 1.487273
 189.000000, 1.112875, 0.372134, 1.079365, 1.502646
 188.666667, 0.901060, 0.376325, 1.153710, 1.579505
 185.333333, 0.517986, 0.255396, 1.136691, 1.437050
 186.000000, 0.449821, 0.288530, 1.109319, 1.444444
 173.333333, 0.750000, 0.311538, 1.161538, 1.525000
 189.666667, 0.692443, 0.295255, 1.061511, 1.407733
 191.666667, 0.813913, 0.333913, 1.066087, 1.459130
 184.333333, 0.307414, 0.216998, 1.276673, 1.542495
 177.000000, 0.627119, 0.263653, 1.041431, 1.355932
30
 0.200000, 2.000000, 8.000000, 0.000000, 21.000000
 166.000000, 0.680723, 0.361446, 1.156627, 1.620482
 191.000000, 0.741710, 0.357766, 1.054101, 1.462478
 196.000000, 0.619048, 0.358844, 0.981293, 1.389456
 181.333333, 0.808824, 0.334559, 0.952206, 1.345588
 167.666667, 0.960239, 0.425447, 0.994036, 1.469185
 187.333333, 0.587189, 0.291815, 0.975089, 1.316726
 182.333333, 0.696527, 0.329068, 1.095064, 1.477148
 193.000000, 0.651123, 0.298791, 0.970639, 1.319516
 186.000000, 0.487455, 0.268817, 0.976703, 1.295699
 179.333333, 0.739777, 0.358736, 1.063197, 1.472119
 185.000000, 0.825225, 0.317117, 1.086486, 1.459459
 190.666667, 0.975524, 0.402098, 1.152098, 1.604895
 194.666667, 0.621575, 0.284247, 1.109589, 1.438356
 183.333333, 0.512727, 0.267273, 1.134545, 1.447273
 182.000000, 0.930403, 0.342491, 1.184982, 1.578755
 191.333333, 0.595819, 0.270035, 1.111498, 1.430314
 179.666667, 0.602968, 0.313544, 1.053803, 1.411874
 191.333333, 0.416376, 0.229965, 1.292683, 1.574913
 183.333333, 0.694545, 0.305455, 1.029091, 1.378182
31
 0.200000, 1.000000, 11.000000, 1.000000, 12.000000
 174.666667, 0.717557, 0.318702, 1.118321, 1.522901
 189.666667, 0.829525, 0.355009, 0.985940, 1.395431
 192.666667, 0.607266, 0.361592, 0.961938, 1.380623
 171.666667, 0.689320, 0.324272, 0.939806, 1.314563
 169.666667, 0.968566, 0.385069, 1.013752, 1.451866
 195.000000, 0.646154, 0.292308, 1.000000, 1.343590
 194.000000, 0.843643, 0.309278, 1.104811, 1.463918
 191.000000, 0.743455, 0.335079, 0.926702, 1.310646
 182.666667, 0.614964, 0.312044, 1.005474, 1.366788
 184.333333, 0.927667, 0.367089, 1.054250, 1.470163
 186.666667, 0.951786, 0.341071, 1.007143, 1.407143
 186.000000, 0.888889, 0.396057, 1.157706, 1.605735
 188.000000, 0.636525, 0.264184, 1.097518, 1.407801
 189.333333, 0.515845, 0.278169, 1.132042, 1.457746
 184.333333, 0.927667, 0.352622, 1.142857, 1.551537
 187.666667, 0.644760, 0.307282, 1.101243, 1.458259
 187.666667, 0.865009, 0.341030, 1.005329, 1.397869
 196.333333, 0.480475, 0.227504, 1.254669, 1.529711
 184.000000, 0.574275, 0.259058, 1.025362, 1.329710
Histogram
0 0 0 0 0 0 0 0 0 0 1 0 24 180 199 160 40 2 3 0 0 0 0 0 0 0 0 0 0 0 0 0 0 0 0 0 0 0 0 0 0 0 0 0 0 0 0 0 0 0 0 0 0 0 0 0 0 0 0 0 0 0 0 0 0 0 0 0 0 0 0 0 0 0 0 0 0 0 0 0 1 0 0 0 0 0 0 0 0 0 1 0 0 0 0 0 0 0 0 0 0 0 0 0 0 0 0 0 0 0 0 0 0 0 0 0 0 0 0 29 
Cache Miss Ratio
0.0
numOfSets
0
numOfGets
350586
numOfMultiGets
0
