20
0
 0.250000, 0.000000, 0.000000, 24.000000, 83.000000
 78.000000, 2.786325, 0.931624, 1.021368, 2.081197
 95.666667, 1.296167, 0.351916, 1.588850, 2.048780
 88.000000, 1.481061, 0.295455, 1.359848, 1.674242
 74.333333, 0.829596, 0.246637, 1.219731, 1.484305
 94.000000, 1.812057, 0.301418, 1.092199, 1.414894
 80.333333, 0.946058, 0.427386, 1.170124, 1.622407
 80.000000, 1.095833, 0.291667, 0.912500, 1.225000
 85.666667, 1.206226, 0.354086, 1.307393, 1.684825
 84.000000, 1.099206, 0.246032, 1.547619, 1.817460
 85.333333, 1.234375, 0.257813, 1.816406, 2.093750
 84.333333, 1.743083, 0.316206, 0.952569, 1.292490
 87.666667, 1.311787, 0.353612, 1.163498, 1.539924
 83.666667, 1.015936, 0.258964, 2.454183, 2.737052
 86.666667, 1.576923, 0.226923, 1.907692, 2.153846
 88.333333, 1.294340, 0.215094, 1.837736, 2.071698
 90.333333, 2.287823, 0.361624, 1.361624, 1.745387
 86.000000, 1.093023, 0.228682, 2.434109, 2.682171
 85.000000, 0.890196, 0.317647, 2.129412, 2.474510
 80.666667, 1.037190, 0.280992, 2.661157, 2.962810
1
 0.250000, 0.000000, 2.000000, 9.000000, 99.000000
 73.000000, 2.068493, 0.634703, 1.310502, 2.018265
 88.000000, 1.651515, 0.325758, 1.670455, 2.018939
 82.666667, 1.036290, 0.294355, 1.673387, 1.987903
 84.000000, 1.226190, 0.230159, 1.170635, 1.420635
 87.666667, 1.574144, 0.273764, 1.285171, 1.593156
 94.000000, 1.975177, 0.290780, 1.134752, 1.446809
 85.666667, 1.661479, 0.268482, 0.805447, 1.097276
 82.333333, 1.064777, 0.271255, 1.246964, 1.538462
 76.333333, 0.978166, 0.257642, 1.572052, 1.847162
 82.333333, 0.987854, 0.263158, 2.004049, 2.283401
 91.333333, 1.832117, 0.295620, 1.127737, 1.445255
 79.333333, 1.357143, 0.542017, 1.378151, 1.945378
 75.000000, 1.017778, 0.275556, 2.497778, 2.800000
 79.333333, 1.050420, 0.210084, 1.781513, 2.012605
 80.333333, 0.730290, 0.219917, 1.680498, 1.933610
 79.000000, 1.219409, 0.295359, 1.421941, 1.738397
 86.333333, 1.115830, 0.235521, 2.212355, 2.471042
 92.666667, 1.258993, 0.251799, 2.205036, 2.482014
 89.333333, 1.119403, 0.227612, 2.145522, 2.395522
2
 0.250000, 0.000000, 2.000000, 0.000000, 112.000000
 84.666667, 3.948819, 0.874016, 0.925197, 1.830709
 94.000000, 1.592199, 0.248227, 1.553191, 1.822695
 81.666667, 0.975510, 0.240816, 1.542857, 1.804082
 76.666667, 1.265217, 0.282609, 1.082609, 1.386957
 86.666667, 1.223077, 0.315385, 1.219231, 1.557692
 91.666667, 1.258182, 0.276364, 1.178182, 1.476364
 82.333333, 1.368421, 0.271255, 1.182186, 1.477733
 78.666667, 0.826271, 0.241525, 1.588983, 1.851695
 84.333333, 0.920949, 0.233202, 1.616601, 1.873518
 84.000000, 1.273810, 0.250000, 1.948413, 2.218254
 96.666667, 1.855172, 0.272414, 0.989655, 1.282759
 86.333333, 1.509653, 0.351351, 1.135135, 1.513514
 83.666667, 1.701195, 0.227092, 1.729084, 1.984064
 79.000000, 0.940928, 0.206751, 1.776371, 2.000000
 91.666667, 1.440000, 0.225455, 1.512727, 1.760000
 82.666667, 1.330645, 0.302419, 1.435484, 1.758065
 85.666667, 1.272374, 0.217899, 2.058366, 2.295720
 96.666667, 1.651724, 0.327586, 1.927586, 2.279310
 89.666667, 0.959108, 0.241636, 1.925651, 2.185874
3
 0.250000, 0.000000, 2.000000, 11.000000, 111.000000
 78.333333, 3.753191, 0.761702, 1.102128, 1.902128
 87.000000, 1.310345, 0.256705, 1.647510, 1.934866
 89.333333, 1.462687, 0.257463, 1.358209, 1.641791
 78.000000, 0.982906, 0.333333, 1.153846, 1.508547
 88.333333, 1.075472, 0.294340, 1.192453, 1.509434
 84.333333, 1.047431, 0.312253, 1.162055, 1.498024
 82.333333, 1.238866, 0.255061, 0.995951, 1.275304
 80.000000, 0.979167, 0.254167, 1.312500, 1.587500
 84.000000, 0.892857, 0.293651, 1.825397, 2.138889
 77.333333, 1.004310, 0.250000, 2.142241, 2.413793
 90.000000, 1.811111, 0.333333, 1.188889, 1.544444
 82.666667, 1.504032, 0.391129, 1.403226, 1.818548
 78.333333, 1.055319, 0.272340, 2.331915, 2.625532
 76.000000, 1.127193, 0.245614, 2.644737, 2.921053
 89.000000, 1.258427, 0.224719, 1.711610, 1.951311
 83.000000, 1.642570, 0.281124, 1.666667, 1.967871
 84.000000, 1.424603, 0.293651, 2.527778, 2.841270
 89.666667, 1.107807, 0.249071, 2.115242, 2.386617
 80.666667, 0.826446, 0.210744, 2.433884, 2.665289
4
 0.250000, 0.000000, 2.000000, 11.000000, 111.000000
 76.333333, 3.602620, 1.030568, 1.004367, 2.104803
 89.000000, 1.782772, 0.329588, 1.910112, 2.262172
 88.666667, 1.255639, 0.312030, 1.199248, 1.533835
 84.333333, 1.276680, 0.343874, 0.924901, 1.292490
 92.666667, 1.543165, 0.302158, 1.169065, 1.496403
 82.666667, 1.177419, 0.387097, 1.266129, 1.673387
 80.000000, 1.229167, 0.312500, 1.037500, 1.370833
 88.666667, 1.180451, 0.338346, 1.353383, 1.710526
 75.333333, 0.946903, 0.269912, 1.836283, 2.128319
 83.000000, 1.216867, 0.269076, 1.710843, 2.000000
 88.666667, 1.672932, 0.255639, 1.082707, 1.360902
 86.333333, 1.853282, 0.413127, 1.181467, 1.617761
 76.333333, 0.855895, 0.283843, 1.742358, 2.052402
 80.333333, 1.091286, 0.232365, 1.829876, 2.087137
 97.666667, 1.624573, 0.221843, 1.467577, 1.713311
 88.333333, 1.815094, 0.298113, 1.584906, 1.909434
 79.000000, 0.924051, 0.240506, 2.164557, 2.430380
 86.333333, 1.061776, 0.266409, 1.841699, 2.127413
 78.666667, 0.902542, 0.224576, 2.245763, 2.491525
5
 0.250000, 0.000000, 2.000000, 1.000000, 112.000000
 72.333333, 2.244240, 0.723502, 1.341014, 2.345622
 86.666667, 1.273077, 0.292308, 1.661538, 1.973077
 84.666667, 1.185039, 0.279528, 1.566929, 1.866142
 82.000000, 1.182927, 0.264228, 1.296748, 1.581301
 91.333333, 1.361314, 0.226277, 1.145985, 1.397810
 79.666667, 1.313808, 0.338912, 1.079498, 1.439331
 83.666667, 1.752988, 0.310757, 0.828685, 1.163347
 77.666667, 1.085837, 0.253219, 1.304721, 1.583691
 79.333333, 1.071429, 0.256303, 1.752101, 2.079832
 74.666667, 1.013393, 0.272321, 2.026786, 2.321429
 83.333333, 1.580000, 0.308000, 1.136000, 1.464000
 79.333333, 1.033613, 0.495798, 1.239496, 1.752101
 79.333333, 1.172269, 0.264706, 2.008403, 2.298319
 79.000000, 0.864979, 0.244726, 1.810127, 2.075949
 90.666667, 1.283088, 0.224265, 1.500000, 1.750000
 90.333333, 1.387454, 0.254613, 1.479705, 1.760148
 79.666667, 1.117155, 0.251046, 2.456067, 2.728033
 89.000000, 1.059925, 0.224719, 1.857678, 2.104869
 83.666667, 1.039841, 0.215139, 2.039841, 2.278884
6
 0.250000, 0.000000, 2.000000, 0.000000, 97.000000
 76.000000, 2.653509, 0.679825, 1.333333, 2.048246
 86.000000, 1.608527, 0.267442, 1.856589, 2.143411
 75.666667, 0.938326, 0.330396, 1.193833, 1.541850
 75.333333, 1.230088, 0.305310, 1.358407, 1.685841
 98.000000, 1.493197, 0.258503, 1.176871, 1.459184
 83.000000, 1.277108, 0.369478, 1.257028, 1.642570
 88.666667, 1.518797, 0.229323, 0.943609, 1.191729
 83.666667, 1.278884, 0.254980, 1.243028, 1.521912
 85.333333, 1.390625, 0.277344, 1.613281, 1.937500
 84.666667, 1.200787, 0.287402, 1.964567, 2.287402
 82.333333, 1.481781, 0.299595, 1.198381, 1.518219
 82.000000, 1.934959, 0.353659, 1.317073, 1.723577
 80.333333, 1.186722, 0.253112, 1.912863, 2.190871
 82.000000, 1.292683, 0.252033, 2.126016, 2.402439
 92.000000, 1.398551, 0.231884, 1.623188, 1.898551
 77.000000, 1.203463, 0.307359, 1.532468, 1.865801
 80.333333, 0.917012, 0.290456, 2.381743, 2.688797
 92.666667, 1.489209, 0.334532, 2.071942, 2.428058
 93.666667, 1.736655, 0.238434, 2.060498, 2.323843
7
 0.250000, 0.000000, 2.000000, 11.000000, 110.000000
 74.000000, 2.581081, 0.684685, 1.283784, 2.004505
 86.666667, 1.503846, 0.280769, 1.600000, 1.903846
 75.333333, 0.924779, 0.278761, 1.592920, 1.893805
 78.000000, 1.149573, 0.247863, 1.111111, 1.376068
 88.333333, 1.403774, 0.313208, 1.211321, 1.547170
 89.666667, 1.620818, 0.327138, 1.133829, 1.483271
 87.000000, 1.494253, 0.233716, 0.823755, 1.080460
 83.000000, 1.353414, 0.236948, 1.273092, 1.538153
 87.000000, 1.559387, 0.260536, 1.521073, 1.808429
 92.000000, 1.481884, 0.231884, 1.510870, 1.764493
 85.666667, 1.272374, 0.272374, 1.159533, 1.455253
 90.333333, 1.966790, 0.335793, 1.287823, 1.649446
 78.666667, 1.368644, 0.275424, 1.703390, 2.000000
 77.666667, 1.021459, 0.227468, 2.094421, 2.347639
 85.666667, 1.147860, 0.241245, 1.649805, 1.910506
 84.000000, 1.444444, 0.317460, 1.400794, 1.738095
 77.666667, 1.077253, 0.278970, 2.592275, 2.892704
 90.333333, 1.232472, 0.239852, 1.800738, 2.062731
 83.666667, 0.952191, 0.243028, 1.992032, 2.254980
8
 0.250000, 0.000000, 1.000000, 0.000000, 88.000000
 80.000000, 2.987500, 0.787500, 1.154167, 1.979167
 90.666667, 1.779412, 0.227941, 1.316176, 1.562500
 81.333333, 0.840164, 0.262295, 1.467213, 1.750000
 77.333333, 1.060345, 0.245690, 1.254310, 1.521552
 82.000000, 1.093496, 0.256098, 1.044715, 1.321138
 88.000000, 1.431818, 0.303030, 1.458333, 1.814394
 85.000000, 1.376471, 0.278431, 0.866667, 1.196078
 83.333333, 1.300000, 0.300000, 1.008000, 1.328000
 89.666667, 1.959108, 0.297398, 1.684015, 2.000000
 87.333333, 1.461832, 0.217557, 1.824427, 2.064885
 87.666667, 0.946768, 0.266160, 1.148289, 1.437262
 84.333333, 1.988142, 0.577075, 1.213439, 1.818182
 88.333333, 1.592453, 0.249057, 1.781132, 2.052830
 80.666667, 1.227273, 0.227273, 1.818182, 2.070248
 89.333333, 1.018657, 0.231343, 1.727612, 1.985075
 91.666667, 1.821818, 0.280000, 1.614545, 1.916364
 89.000000, 1.153558, 0.228464, 2.157303, 2.404494
 95.666667, 1.331010, 0.268293, 2.020906, 2.310105
 84.000000, 0.984127, 0.226190, 2.138889, 2.384921
9
 0.250000, 0.000000, 1.000000, 0.000000, 97.000000
 74.333333, 2.372197, 1.134529, 1.291480, 2.457399
 91.666667, 1.181818, 0.312727, 1.389091, 1.723636
 89.333333, 1.701493, 0.317164, 1.365672, 1.708955
 80.666667, 1.289256, 0.276860, 1.061983, 1.363636
 81.333333, 1.356557, 0.323770, 1.303279, 1.647541
 78.333333, 1.148936, 0.344681, 1.246809, 1.612766
 76.666667, 1.060870, 0.286957, 1.273913, 1.582609
 84.000000, 1.452381, 0.297619, 1.174603, 1.496032
 82.000000, 0.825203, 0.243902, 1.686992, 1.951220
 81.666667, 1.138776, 0.261224, 1.595918, 1.881633
 90.333333, 1.889299, 0.298893, 1.092251, 1.413284
 87.666667, 1.714829, 0.520913, 1.133080, 1.676806
 68.666667, 1.077670, 0.266990, 2.567961, 2.864078
 73.000000, 0.867580, 0.255708, 2.082192, 2.360731
 83.666667, 0.852590, 0.223108, 1.693227, 1.964143
 84.666667, 1.370079, 0.291339, 1.578740, 1.893701
 79.000000, 0.894515, 0.270042, 2.029536, 2.316456
 84.000000, 1.226190, 0.234127, 1.976190, 2.230159
 80.000000, 0.650000, 0.220833, 2.225000, 2.466667
10
 0.250000, 0.000000, 1.000000, 1.000000, 97.000000
 73.333333, 1.986364, 0.922727, 1.390909, 2.350000
 90.666667, 1.566176, 0.349265, 1.433824, 1.805147
 94.000000, 1.946809, 0.329787, 1.202128, 1.560284
 85.000000, 1.254902, 0.250980, 0.901961, 1.180392
 92.333333, 1.660650, 0.346570, 1.028881, 1.400722
 87.333333, 1.637405, 0.404580, 1.106870, 1.534351
 79.333333, 1.205882, 0.285714, 1.088235, 1.390756
 90.000000, 1.662963, 0.218519, 1.207407, 1.470370
 77.333333, 0.814655, 0.280172, 1.918103, 2.219828
 84.333333, 1.126482, 0.308300, 1.747036, 2.079051
 94.666667, 1.992958, 0.299296, 1.049296, 1.369718
 90.000000, 1.740741, 0.337037, 1.107407, 1.466667
 84.666667, 1.385827, 0.236220, 1.905512, 2.161417
 81.333333, 0.979508, 0.245902, 1.823770, 2.102459
 93.666667, 1.772242, 0.227758, 1.419929, 1.672598
 90.666667, 1.922794, 0.238971, 1.319853, 1.584559
 91.333333, 1.094891, 0.233577, 2.189781, 2.445255
 91.666667, 1.414545, 0.236364, 2.156364, 2.421818
 81.666667, 0.820408, 0.346939, 2.000000, 2.367347
11
 0.250000, 0.000000, 1.000000, 0.000000, 89.000000
 71.666667, 2.093023, 0.572093, 1.065116, 1.688372
 80.333333, 0.933610, 0.261411, 1.684647, 1.966805
 88.666667, 1.676692, 0.315789, 1.436090, 1.774436
 88.333333, 1.505660, 0.249057, 0.883019, 1.154717
 88.666667, 1.631579, 0.342105, 1.312030, 1.676692
 85.333333, 1.402344, 0.246094, 1.105469, 1.375000
 83.666667, 1.697211, 0.239044, 1.207171, 1.470120
 85.000000, 1.360784, 0.262745, 1.400000, 1.682353
 83.333333, 1.240000, 0.272000, 2.096000, 2.388000
 90.333333, 1.372694, 0.273063, 1.571956, 1.863469
 88.333333, 1.928302, 0.328302, 1.162264, 1.513208
 86.333333, 1.803089, 0.370656, 1.216216, 1.610039
 75.666667, 1.070485, 0.242291, 2.176211, 2.440529
 79.666667, 0.861925, 0.234310, 1.728033, 1.987448
 88.333333, 0.879245, 0.230189, 1.716981, 1.966038
 79.666667, 1.418410, 0.343096, 1.686192, 2.054393
 91.666667, 1.374545, 0.236364, 2.149091, 2.410909
 84.333333, 1.335968, 0.284585, 1.857708, 2.166008
 85.666667, 0.766537, 0.214008, 2.112840, 2.346304
12
 0.250000, 0.000000, 1.000000, 8.000000, 97.000000
 69.666667, 2.191388, 0.813397, 1.315789, 2.172249
 91.333333, 1.295620, 0.401460, 1.660584, 2.113139
 84.666667, 1.362205, 0.311024, 1.366142, 1.700787
 74.666667, 1.120536, 0.241071, 1.254464, 1.517857
 88.666667, 1.015038, 0.255639, 1.172932, 1.451128
 88.666667, 1.293233, 0.466165, 1.075188, 1.563910
 86.666667, 1.719231, 0.311538, 0.988462, 1.323077
 91.000000, 1.461538, 0.230769, 1.205128, 1.461538
 86.666667, 1.273077, 0.215385, 1.726923, 1.961538
 78.000000, 1.119658, 0.264957, 1.811966, 2.111111
 84.333333, 1.296443, 0.280632, 1.245059, 1.549407
 79.333333, 1.630252, 0.436975, 1.411765, 1.873950
 78.000000, 1.196581, 0.273504, 2.705128, 3.000000
 78.000000, 1.200855, 0.226496, 2.072650, 2.350427
 89.000000, 1.138577, 0.235955, 1.595506, 1.853933
 82.666667, 1.395161, 0.314516, 1.483871, 1.818548
 82.666667, 1.044355, 0.250000, 2.233871, 2.504032
 81.666667, 0.995918, 0.232653, 1.951020, 2.204082
 84.666667, 1.456693, 0.212598, 2.082677, 2.314961
13
 0.250000, 0.000000, 1.000000, 0.000000, 111.000000
 84.333333, 3.197628, 0.790514, 1.217391, 2.047431
 93.000000, 1.401434, 0.322581, 1.465950, 1.810036
 81.333333, 0.897541, 0.254098, 1.504098, 1.778689
 83.666667, 1.139442, 0.338645, 0.960159, 1.318725
 91.000000, 1.395604, 0.322344, 1.186813, 1.542125
 93.333333, 1.828571, 0.414286, 1.171429, 1.632143
 84.000000, 1.940476, 0.261905, 1.468254, 1.750000
 86.666667, 1.492308, 0.265385, 1.065385, 1.353846
 86.000000, 1.081395, 0.263566, 1.779070, 2.081395
 86.666667, 1.384615, 0.288462, 1.515385, 1.823077
 92.333333, 1.967509, 0.263538, 1.014440, 1.299639
 85.000000, 1.376471, 0.392157, 1.270588, 1.690196
 80.333333, 1.257261, 0.253112, 1.842324, 2.116183
 78.000000, 1.017094, 0.247863, 2.290598, 2.559829
 91.000000, 1.435897, 0.238095, 1.494505, 1.750916
 79.666667, 1.259414, 0.338912, 1.284519, 1.644351
 86.000000, 1.282946, 0.251938, 2.193798, 2.465116
 92.000000, 1.039855, 0.402174, 2.217391, 2.641304
 88.333333, 1.098113, 0.237736, 2.196226, 2.452830
14
 0.250000, 0.000000, 1.000000, 0.000000, 88.000000
 58.333333, 1.337143, 0.708571, 1.491429, 2.234286
 93.666667, 1.701068, 0.306050, 1.562278, 1.886121
 85.666667, 1.478599, 0.276265, 1.112840, 1.412451
 85.000000, 1.235294, 0.274510, 0.968627, 1.266667
 89.000000, 1.198502, 0.295880, 1.142322, 1.456929
 83.333333, 1.084000, 0.436000, 1.212000, 1.664000
 78.666667, 1.038136, 0.258475, 0.944915, 1.224576
 82.333333, 1.291498, 0.307692, 1.149798, 1.481781
 83.000000, 1.112450, 0.285141, 1.871486, 2.180723
 89.333333, 1.481343, 0.291045, 1.757463, 2.070896
 90.000000, 1.677778, 0.318519, 1.159259, 1.500000
 89.000000, 1.318352, 0.468165, 1.131086, 1.617978
 79.333333, 1.323529, 0.256303, 1.907563, 2.189076
 82.333333, 0.919028, 0.230769, 1.720648, 1.975709
 82.000000, 0.849593, 0.243902, 1.666667, 1.934959
 78.000000, 1.068376, 0.311966, 1.542735, 1.880342
 78.333333, 0.782979, 0.221277, 2.204255, 2.476596
 92.000000, 1.286232, 0.289855, 2.068841, 2.380435
 95.666667, 1.355401, 0.219512, 1.860627, 2.104530
15
 0.250000, 0.000000, 1.000000, 0.000000, 85.000000
 66.333333, 1.432161, 0.582915, 1.427136, 2.055276
 93.000000, 1.537634, 0.548387, 1.652330, 2.222222
 97.000000, 1.625430, 0.268041, 1.195876, 1.484536
 83.000000, 1.301205, 0.248996, 1.160643, 1.429719
 90.333333, 1.453875, 0.243542, 1.173432, 1.442804
 87.333333, 1.366412, 0.248092, 1.320611, 1.591603
 76.000000, 1.394737, 0.302632, 0.780702, 1.131579
 75.666667, 1.057269, 0.246696, 1.546256, 1.814978
 82.000000, 0.995935, 0.235772, 1.605691, 1.861789
 83.333333, 1.644000, 0.348000, 1.672000, 2.040000
 83.666667, 1.386454, 0.254980, 1.318725, 1.597610
 90.000000, 1.644444, 0.374074, 1.081481, 1.477778
 75.666667, 0.889868, 0.281938, 2.123348, 2.427313
 74.333333, 0.941704, 0.246637, 2.654709, 2.923767
 79.666667, 0.924686, 0.221757, 1.652720, 1.895397
 80.000000, 1.570833, 0.270833, 1.587500, 1.875000
 82.000000, 1.000000, 0.207317, 2.581301, 2.808943
 91.666667, 1.145455, 0.312727, 2.000000, 2.338182
 97.000000, 1.697595, 0.219931, 2.017182, 2.257732
16
 0.250000, 0.000000, 1.000000, 24.000000, 81.000000
 67.000000, 1.398010, 0.492537, 1.552239, 2.079602
 92.000000, 1.315217, 0.257246, 1.724638, 2.000000
 90.333333, 1.760148, 0.380074, 1.261993, 1.664207
 77.666667, 1.115880, 0.240343, 1.253219, 1.515021
 84.666667, 1.125984, 0.314961, 1.149606, 1.488189
 93.000000, 1.555556, 0.344086, 1.283154, 1.702509
 85.333333, 1.417969, 0.277344, 0.902344, 1.203125
 89.000000, 1.475655, 0.348315, 1.329588, 1.700375
 85.000000, 1.372549, 0.301961, 1.603922, 1.929412
 86.333333, 1.517375, 0.277992, 1.888031, 2.189189
 80.666667, 1.066116, 0.252066, 1.119835, 1.392562
 83.000000, 1.759036, 0.345382, 1.232932, 1.594378
 79.000000, 1.084388, 0.282700, 1.953586, 2.253165
 78.000000, 0.880342, 0.235043, 3.303419, 3.564103
 80.333333, 0.946058, 0.261411, 1.829876, 2.112033
 83.333333, 1.488000, 0.344000, 1.604000, 1.972000
 82.000000, 1.028455, 0.268293, 2.373984, 2.695122
 89.000000, 1.164794, 0.239700, 1.913858, 2.187266
 84.666667, 0.976378, 0.224409, 2.326772, 2.570866
17
 0.250000, 0.000000, 1.000000, 2.000000, 113.000000
 66.666667, 2.095000, 0.770000, 1.145000, 1.965000
 89.000000, 1.606742, 0.307116, 1.704120, 2.029963
 82.000000, 1.121951, 0.361789, 1.467480, 1.849593
 83.000000, 1.441767, 0.281124, 1.301205, 1.606426
 81.333333, 1.016393, 0.282787, 1.065574, 1.372951
 93.000000, 1.777778, 0.372760, 1.050179, 1.444444
 86.000000, 1.627907, 0.244186, 1.089147, 1.356589
 81.000000, 1.127572, 0.218107, 1.205761, 1.469136
 79.666667, 0.803347, 0.225941, 1.794979, 2.041841
 89.333333, 1.268657, 0.305970, 1.626866, 1.955224
 91.666667, 1.716364, 0.305455, 1.098182, 1.425455
 86.333333, 1.961390, 0.586873, 1.111969, 1.725869
 77.666667, 0.738197, 0.257511, 2.038627, 2.317597
 76.000000, 0.947368, 0.228070, 2.144737, 2.394737
 88.333333, 1.113208, 0.237736, 1.871698, 2.132075
 77.333333, 1.521552, 0.254310, 1.314655, 1.594828
 80.000000, 1.004167, 0.250000, 2.279167, 2.550000
 96.666667, 1.872414, 0.237931, 1.886207, 2.148276
 96.333333, 1.183391, 0.301038, 2.301038, 2.626298
18
 0.250000, 0.000000, 1.000000, 24.000000, 80.000000
 67.333333, 2.257426, 0.668317, 1.702970, 2.410891
 82.000000, 1.048780, 0.365854, 1.723577, 2.109756
 83.333333, 1.312000, 0.328000, 1.368000, 1.716000
 71.000000, 0.826291, 0.323944, 1.098592, 1.441315
 92.000000, 1.452899, 0.333333, 1.108696, 1.492754
 77.666667, 1.060086, 0.429185, 1.214592, 1.669528
 83.333333, 1.424000, 0.292000, 0.864000, 1.176000
 86.333333, 1.486486, 0.258687, 1.293436, 1.567568
 83.000000, 1.196787, 0.273092, 1.698795, 1.991968
 82.333333, 0.927126, 0.255061, 1.619433, 1.894737
 86.000000, 1.449612, 0.310078, 1.050388, 1.379845
 81.000000, 2.074074, 0.370370, 1.349794, 1.740741
 75.000000, 0.875556, 0.253333, 2.791111, 3.066667
 76.000000, 0.820175, 0.245614, 2.179825, 2.447368
 79.000000, 0.691983, 0.248945, 1.907173, 2.177215
 89.333333, 1.376866, 0.302239, 1.399254, 1.720149
 80.000000, 1.179167, 0.229167, 2.075000, 2.325000
 85.666667, 1.361868, 0.249027, 2.085603, 2.357977
 84.666667, 0.732283, 0.212598, 2.251969, 2.484252
19
 0.250000, 0.000000, 0.000000, 22.000000, 86.000000
 77.666667, 3.609442, 1.051502, 1.420601, 2.506438
 89.666667, 1.416357, 0.289963, 1.371747, 1.684015
 91.000000, 1.597070, 0.336996, 1.260073, 1.619048
 81.000000, 1.160494, 0.242798, 0.979424, 1.246914
 90.666667, 1.205882, 0.301471, 1.088235, 1.415441
 82.000000, 1.390244, 0.292683, 1.134146, 1.475610
 74.000000, 0.900901, 0.247748, 1.031532, 1.297297
 81.333333, 1.434426, 0.327869, 1.405738, 1.754098
 78.666667, 1.279661, 0.271186, 1.868644, 2.161017
 82.666667, 1.153226, 0.286290, 2.169355, 2.475806
 79.666667, 0.995816, 0.271967, 1.255230, 1.552301
 81.666667, 1.346939, 0.338776, 1.118367, 1.481633
 80.666667, 1.227273, 0.264463, 1.785124, 2.078512
 81.000000, 1.053498, 0.226337, 1.711934, 1.967078
 86.333333, 1.135135, 0.239382, 2.204633, 2.463320
 85.666667, 1.793774, 0.295720, 1.610895, 1.933852
 84.666667, 1.129921, 0.271654, 2.181102, 2.472441
 91.333333, 1.054745, 0.266423, 1.879562, 2.171533
 94.000000, 1.244681, 0.209220, 2.198582, 2.429078
20
 0.250000, 0.000000, 0.000000, 30.000000, 86.000000
 71.333333, 1.929907, 0.630841, 1.448598, 2.116822
 94.000000, 1.407801, 0.283688, 1.524823, 1.826241
 90.000000, 1.585185, 0.277778, 1.344444, 1.644444
 84.333333, 1.545455, 0.312253, 1.071146, 1.411067
 93.666667, 1.597865, 0.263345, 1.049822, 1.338078
 79.666667, 1.184100, 0.317992, 1.276151, 1.619247
 72.000000, 1.041667, 0.277778, 0.925926, 1.226852
 79.000000, 1.075949, 0.257384, 1.308017, 1.586498
 84.666667, 1.059055, 0.228346, 1.602362, 1.850394
 77.000000, 1.181818, 0.298701, 2.129870, 2.450216
 85.000000, 1.545098, 0.349020, 1.282353, 1.647059
 89.333333, 1.716418, 0.298507, 1.059701, 1.376866
 80.000000, 1.366667, 0.262500, 1.845833, 2.129167
 74.000000, 0.644144, 0.234234, 1.990991, 2.247748
 80.666667, 1.070248, 0.235537, 1.880165, 2.136364
 76.333333, 0.982533, 0.301310, 1.358079, 1.676856
 82.333333, 0.995951, 0.295547, 2.368421, 2.688259
 84.666667, 1.094488, 0.299213, 2.114173, 2.433071
 88.000000, 1.064394, 0.204545, 2.155303, 2.378788
21
 0.250000, 0.000000, 0.000000, 25.000000, 73.000000
 74.666667, 3.066964, 0.513393, 1.138393, 1.683036
 92.666667, 1.755396, 0.284173, 1.553957, 1.859712
 82.333333, 1.311741, 0.323887, 1.214575, 1.558704
 84.333333, 1.308300, 0.276680, 0.984190, 1.280632
 89.000000, 1.134831, 0.265918, 1.243446, 1.531835
 91.000000, 1.553114, 0.344322, 1.025641, 1.391941
 84.666667, 1.578740, 0.255906, 0.748031, 1.023622
 85.000000, 1.258824, 0.231373, 1.360784, 1.615686
 81.333333, 0.954918, 0.274590, 2.090164, 2.385246
 84.333333, 1.513834, 0.245059, 1.905138, 2.173913
 83.333333, 1.640000, 0.296000, 1.336000, 1.656000
 86.333333, 2.505792, 0.413127, 1.281853, 1.714286
 70.333333, 0.957346, 0.303318, 2.137441, 2.464455
 76.000000, 0.907895, 0.245614, 2.482456, 2.750000
 89.666667, 1.115242, 0.230483, 1.907063, 2.156134
 77.666667, 1.206009, 0.300429, 1.639485, 1.961373
 81.000000, 0.860082, 0.242798, 2.469136, 2.732510
 81.000000, 0.609053, 0.251029, 2.016461, 2.292181
 83.666667, 0.745020, 0.199203, 2.115538, 2.334661
22
 0.250000, 0.000000, 0.000000, 18.000000, 77.000000
 72.666667, 2.408257, 0.646789, 1.500000, 2.183486
 88.000000, 1.318182, 0.507576, 1.696970, 2.223485
 81.333333, 1.163934, 0.295082, 1.364754, 1.696721
 70.000000, 1.023810, 0.257143, 1.014286, 1.295238
 83.666667, 1.019920, 0.286853, 1.254980, 1.561753
 93.333333, 2.425000, 0.382143, 1.175000, 1.578571
 80.666667, 1.152893, 0.276860, 0.863636, 1.157025
 81.000000, 1.111111, 0.279835, 1.176955, 1.477366
 85.000000, 1.415686, 0.262745, 1.474510, 1.756863
 87.666667, 1.266160, 0.231939, 1.722433, 1.980989
 86.333333, 1.675676, 0.370656, 1.000000, 1.393822
 89.666667, 2.092937, 0.327138, 1.096654, 1.442379
 76.333333, 1.205240, 0.248908, 2.951965, 3.227074
 81.333333, 0.926230, 0.209016, 1.893443, 2.122951
 87.333333, 1.145038, 0.225191, 1.904580, 2.152672
 82.333333, 1.255061, 0.271255, 1.554656, 1.846154
 87.666667, 1.163498, 0.231939, 2.026616, 2.277567
 93.000000, 1.379928, 0.268817, 1.698925, 1.992832
 90.333333, 1.523985, 0.361624, 2.084871, 2.468635
23
 0.250000, 0.000000, 0.000000, 27.000000, 77.000000
 68.333333, 2.156098, 0.868293, 1.736585, 2.721951
 89.666667, 1.096654, 0.271375, 1.579926, 1.873606
 96.333333, 1.910035, 0.404844, 1.349481, 1.775087
 85.333333, 1.558594, 0.246094, 0.972656, 1.238281
 93.333333, 1.335714, 0.264286, 1.196429, 1.482143
 85.000000, 1.576471, 0.290196, 1.235294, 1.545098
 83.000000, 1.305221, 0.277108, 0.811245, 1.112450
 83.666667, 1.318725, 0.326693, 1.215139, 1.565737
 78.000000, 1.128205, 0.329060, 1.905983, 2.256410
 85.666667, 1.003891, 0.295720, 1.743191, 2.062257
 90.000000, 1.555556, 0.292593, 1.203704, 1.514815
 90.666667, 1.783088, 0.503676, 1.183824, 1.716912
 74.666667, 0.897321, 0.254464, 1.754464, 2.062500
 78.666667, 0.983051, 0.250000, 1.762712, 2.033898
 86.666667, 0.838462, 0.238462, 1.838462, 2.096154
 83.666667, 1.378486, 0.235060, 1.629482, 1.888446
 87.000000, 1.302682, 0.229885, 2.172414, 2.425287
 82.000000, 0.910569, 0.231707, 1.967480, 2.223577
 81.333333, 1.057377, 0.213115, 2.512295, 2.745902
24
 0.250000, 0.000000, 0.000000, 26.000000, 73.000000
 68.333333, 1.751220, 0.678049, 1.380488, 2.126829
 88.333333, 1.347170, 0.298113, 1.735849, 2.060377
 87.666667, 1.231939, 0.247148, 1.239544, 1.505703
 79.000000, 1.514768, 0.261603, 1.189873, 1.472574
 96.666667, 2.003448, 0.244828, 1.127586, 1.393103
 91.000000, 1.798535, 0.318681, 1.007326, 1.347985
 85.333333, 1.585938, 0.238281, 0.761719, 1.023438
 84.666667, 1.795276, 0.251969, 0.964567, 1.236220
 76.000000, 0.855263, 0.280702, 1.780702, 2.083333
 76.333333, 0.938865, 0.248908, 2.048035, 2.318777
 87.000000, 1.394636, 0.275862, 0.988506, 1.287356
 92.000000, 1.623188, 0.293478, 1.199275, 1.514493
 76.666667, 1.382609, 0.260870, 2.078261, 2.356522
 78.666667, 0.834746, 0.203390, 2.059322, 2.283898
 80.000000, 0.804167, 0.233333, 1.470833, 1.725000
 83.000000, 1.489960, 0.257028, 1.738956, 2.016064
 77.666667, 1.008584, 0.201717, 2.231760, 2.454936
 97.333333, 1.623288, 0.328767, 1.917808, 2.273973
 89.333333, 0.828358, 0.238806, 1.988806, 2.246269
25
 0.250000, 0.000000, 0.000000, 22.000000, 79.000000
 85.666667, 4.276265, 0.883268, 0.871595, 1.793774
 94.333333, 1.809187, 0.399293, 1.441696, 1.862191
 94.333333, 2.197880, 0.328622, 1.279152, 1.632509
 84.333333, 1.276680, 0.339921, 0.909091, 1.272727
 87.333333, 1.347328, 0.309160, 1.095420, 1.427481
 90.333333, 1.461255, 0.328413, 1.158672, 1.509225
 80.333333, 1.269710, 0.286307, 0.792531, 1.099585
 88.000000, 1.458333, 0.287879, 1.325758, 1.628788
 87.333333, 1.316794, 0.259542, 1.587786, 1.874046
 88.333333, 1.637736, 0.305660, 1.630189, 1.958491
 86.333333, 1.405405, 0.254826, 1.343629, 1.617761
 92.000000, 1.956522, 0.536232, 1.134058, 1.692029
 88.333333, 1.690566, 0.249057, 2.377358, 2.649057
 78.666667, 1.288136, 0.254237, 2.186441, 2.470339
 92.333333, 1.685921, 0.231047, 1.480144, 1.736462
 82.666667, 1.608871, 0.294355, 1.895161, 2.213710
 83.666667, 0.976096, 0.247012, 2.382470, 2.653386
 86.333333, 1.158301, 0.262548, 2.003861, 2.285714
 83.666667, 0.852590, 0.318725, 2.111554, 2.454183
26
 0.250000, 0.000000, 0.000000, 26.000000, 73.000000
 70.666667, 2.584906, 0.816038, 1.009434, 1.905660
 87.333333, 1.202290, 0.255725, 1.774809, 2.049618
 88.666667, 1.383459, 0.263158, 1.304511, 1.590226
 81.000000, 1.012346, 0.341564, 0.942387, 1.308642
 93.333333, 1.375000, 0.310714, 1.117857, 1.453571
 92.666667, 1.798561, 0.363309, 1.197842, 1.586331
 90.333333, 1.704797, 0.280443, 0.907749, 1.210332
 83.333333, 1.276000, 0.280000, 1.236000, 1.540000
 79.000000, 0.624473, 0.244726, 1.708861, 1.974684
 81.333333, 1.639344, 0.266393, 1.750000, 2.036885
 100.000000, 2.120000, 0.263333, 0.960000, 1.266667
 83.000000, 1.441767, 0.301205, 1.232932, 1.566265
 85.000000, 1.450980, 0.254902, 2.854902, 3.133333
 89.000000, 1.782772, 0.228464, 2.741573, 2.992509
 82.666667, 0.842742, 0.262097, 1.850806, 2.133065
 84.000000, 1.210317, 0.297619, 1.476190, 1.793651
 85.333333, 1.238281, 0.250000, 2.078125, 2.347656
 92.000000, 1.568841, 0.384058, 1.862319, 2.268116
 87.666667, 1.326996, 0.228137, 2.057034, 2.307985
27
 0.250000, 0.000000, 0.000000, 26.000000, 73.000000
 78.666667, 2.483051, 0.516949, 1.233051, 1.805085
 96.333333, 1.920415, 0.290657, 1.301038, 1.612457
 89.666667, 1.167286, 0.263941, 1.420074, 1.710037
 84.000000, 1.261905, 0.257937, 1.329365, 1.607143
 95.000000, 1.743860, 0.357895, 1.175439, 1.557895
 83.333333, 1.076000, 0.432000, 1.008000, 1.460000
 87.000000, 1.440613, 0.268199, 0.762452, 1.053640
 83.666667, 1.565737, 0.223108, 1.585657, 1.832669
 84.666667, 1.464567, 0.248031, 1.767717, 2.035433
 81.333333, 1.049180, 0.299180, 2.057377, 2.377049
 83.333333, 1.240000, 0.272000, 1.404000, 1.696000
 86.333333, 1.791506, 0.316602, 1.181467, 1.517375
 70.333333, 0.928910, 0.298578, 2.881517, 3.203791
 75.333333, 0.761062, 0.238938, 1.862832, 2.128319
 83.666667, 1.143426, 0.235060, 1.772908, 2.027888
 87.333333, 1.824427, 0.286260, 1.370229, 1.679389
 80.666667, 1.123967, 0.256198, 2.086777, 2.363636
 92.666667, 1.532374, 0.262590, 1.938849, 2.223022
 94.333333, 1.279152, 0.402827, 2.162544, 2.590106
28
 0.250000, 0.000000, 0.000000, 29.000000, 79.000000
 73.666667, 2.624434, 0.656109, 1.040724, 1.728507
 83.333333, 1.112000, 0.344000, 1.888000, 2.256000
 89.333333, 1.563433, 0.361940, 1.391791, 1.798507
 81.666667, 1.253061, 0.273469, 0.942857, 1.285714
 92.333333, 1.494585, 0.303249, 1.259928, 1.592058
 83.000000, 1.124498, 0.329317, 1.172691, 1.526104
 81.333333, 1.401639, 0.262295, 1.073770, 1.356557
 88.333333, 1.490566, 0.339623, 1.716981, 2.083019
 82.000000, 1.117886, 0.260163, 1.739837, 2.020325
 90.000000, 1.570370, 0.270370, 1.503704, 1.792593
 88.000000, 1.655303, 0.265152, 1.257576, 1.545455
 89.000000, 1.580524, 0.284644, 1.209738, 1.516854
 77.000000, 1.034632, 0.259740, 1.887446, 2.168831
 87.333333, 1.297710, 0.240458, 1.820611, 2.083969
 92.000000, 0.902174, 0.231884, 1.847826, 2.097826
 82.000000, 1.422764, 0.313008, 1.451220, 1.788618
 79.666667, 1.171548, 0.276151, 2.188285, 2.485356
 87.000000, 0.973180, 0.229885, 2.022989, 2.279693
 92.666667, 1.046763, 0.212230, 1.856115, 2.089928
29
 0.250000, 0.000000, 0.000000, 25.000000, 73.000000
 73.666667, 1.995475, 0.570136, 1.466063, 2.067873
 93.000000, 1.512545, 0.261649, 1.591398, 1.878136
 88.333333, 1.366038, 0.298113, 1.298113, 1.615094
 77.666667, 1.253219, 0.296137, 1.030043, 1.343348
 84.666667, 1.519685, 0.318898, 1.102362, 1.464567
 97.666667, 2.385666, 0.423208, 1.122867, 1.566553
 79.666667, 1.594142, 0.297071, 0.803347, 1.121339
 86.000000, 1.581395, 0.251938, 1.434109, 1.705426
 85.666667, 1.505837, 0.260700, 1.789883, 2.073930
 81.000000, 0.893004, 0.288066, 1.987654, 2.300412
 83.000000, 1.132530, 0.301205, 1.144578, 1.465863
 88.666667, 2.300752, 0.473684, 1.142857, 1.639098
 74.666667, 0.982143, 0.263393, 1.848214, 2.133929
 78.000000, 1.205128, 0.239316, 2.017094, 2.277778
 88.333333, 1.037736, 0.218868, 1.781132, 2.022642
 90.333333, 2.136531, 0.317343, 1.343173, 1.682657
 83.333333, 1.020000, 0.236000, 2.060000, 2.320000
 97.333333, 1.969178, 0.263699, 1.763699, 2.047945
 90.000000, 1.014815, 0.225926, 1.988889, 2.233333
30
 0.250000, 0.000000, 0.000000, 17.000000, 72.000000
 86.666667, 2.619231, 0.715385, 1.496154, 2.246154
 96.000000, 2.000000, 0.361111, 1.590278, 1.968750
 81.666667, 1.444898, 0.322449, 1.289796, 1.632653
 76.666667, 0.913043, 0.300000, 1.008696, 1.330435
 84.000000, 0.956349, 0.293651, 1.166667, 1.488095
 89.333333, 1.369403, 0.354478, 1.197761, 1.574627
 82.333333, 1.485830, 0.315789, 0.834008, 1.170040
 84.666667, 1.555118, 0.259843, 1.070866, 1.354331
 88.000000, 1.375000, 0.257576, 1.761364, 2.045455
 88.000000, 1.518939, 0.257576, 1.534091, 1.837121
 95.333333, 1.755245, 0.248252, 1.052448, 1.321678
 80.000000, 1.183333, 0.345833, 1.204167, 1.570833
 74.666667, 0.933036, 0.312500, 1.991071, 2.325893
 74.333333, 0.820628, 0.233184, 1.991031, 2.246637
 81.333333, 0.959016, 0.221311, 1.852459, 2.094262
 80.666667, 1.256198, 0.285124, 1.239669, 1.545455
 81.666667, 1.081633, 0.261224, 2.216327, 2.497959
 92.000000, 1.315217, 0.221014, 1.949275, 2.192029
 93.333333, 1.210714, 0.232143, 2.214286, 2.471429
31
 0.250000, 0.000000, 0.000000, 18.000000, 76.000000
 86.666667, 3.746154, 0.957692, 1.400000, 2.392308
 90.333333, 2.044280, 0.309963, 1.464945, 1.797048
 84.333333, 1.482213, 0.288538, 1.351779, 1.667984
 76.000000, 1.232456, 0.311404, 1.192982, 1.526316
 87.666667, 1.376426, 0.288973, 1.186312, 1.498099
 84.333333, 1.201581, 0.292490, 1.134387, 1.446640
 82.333333, 1.299595, 0.303644, 1.097166, 1.417004
 85.333333, 1.125000, 0.269531, 1.246094, 1.542969
 82.333333, 1.085020, 0.238866, 2.032389, 2.291498
 82.000000, 1.361789, 0.260163, 1.780488, 2.060976
 85.666667, 1.513619, 0.260700, 1.101167, 1.381323
 91.000000, 2.080586, 0.362637, 1.172161, 1.567766
 77.333333, 1.293103, 0.250000, 1.870690, 2.146552
 85.333333, 1.191406, 0.238281, 2.609375, 2.867188
 88.000000, 1.136364, 0.231061, 1.833333, 2.083333
 80.666667, 1.082645, 0.305785, 1.623967, 1.950413
 79.333333, 0.911765, 0.277311, 2.638655, 2.941176
 90.666667, 1.878676, 0.257353, 2.088235, 2.363971
 86.333333, 0.768340, 0.200772, 2.138996, 2.359073
32
 0.250000, 0.000000, 0.000000, 0.000000, 0.000000
 79.000000, 2.784810, 0.890295, 1.485232, 2.421941
 93.666667, 1.718861, 0.281139, 1.679715, 1.982206
 87.000000, 1.275862, 0.302682, 1.233716, 1.555556
 80.000000, 1.162500, 0.254167, 1.287500, 1.566667
 89.666667, 1.460967, 0.356877, 1.286245, 1.661710
 88.000000, 1.625000, 0.386364, 1.174242, 1.579545
 80.000000, 1.258333, 0.270833, 1.066667, 1.362500
 76.000000, 1.153509, 0.258772, 1.192982, 1.473684
 83.333333, 1.564000, 0.284000, 1.672000, 1.980000
 81.000000, 1.020576, 0.312757, 1.613169, 1.946502
 90.666667, 1.724265, 0.356618, 1.279412, 1.654412
 84.333333, 1.920949, 0.498024, 1.142292, 1.687747
 75.666667, 0.726872, 0.233480, 1.669604, 1.925110
 79.000000, 1.075949, 0.278481, 1.949367, 2.248945
 88.666667, 1.300752, 0.240602, 1.744361, 2.007519
 76.333333, 1.275109, 0.270742, 1.388646, 1.676856
 81.000000, 1.078189, 0.238683, 2.197531, 2.456790
 89.333333, 1.470149, 0.257463, 1.958955, 2.231343
 89.000000, 1.000000, 0.235955, 2.123596, 2.382022
33
 0.250000, 0.000000, 0.000000, 0.000000, 0.000000
 76.666667, 2.378261, 1.221739, 1.543478, 2.800000
 88.000000, 1.143939, 0.340909, 1.518939, 1.882576
 92.333333, 1.602888, 0.292419, 1.238267, 1.552347
 82.666667, 1.375000, 0.266129, 1.008065, 1.298387
 89.666667, 1.252788, 0.319703, 1.211896, 1.553903
 92.333333, 1.566787, 0.393502, 1.227437, 1.667870
 77.000000, 1.389610, 0.307359, 0.870130, 1.203463
 84.666667, 1.496063, 0.255906, 1.370079, 1.692913
 78.666667, 1.224576, 0.300847, 1.783898, 2.110169
 80.666667, 0.851240, 0.247934, 1.607438, 1.876033
 90.333333, 1.464945, 0.258303, 1.118081, 1.398524
 85.333333, 1.531250, 0.480469, 1.304688, 1.804688
 79.333333, 0.928571, 0.252101, 1.718487, 1.987395
 84.333333, 1.249012, 0.233202, 2.375494, 2.632411
 86.333333, 1.243243, 0.247104, 1.903475, 2.173745
 82.000000, 1.296748, 0.325203, 1.548780, 1.894309
 82.666667, 1.165323, 0.282258, 2.161290, 2.463710
 89.333333, 1.063433, 0.279851, 2.022388, 2.324627
 79.333333, 0.764706, 0.231092, 2.487395, 2.739496
34
 0.250000, 0.000000, 0.000000, 0.000000, 0.000000
 72.666667, 2.490826, 0.756881, 1.651376, 2.440367
 91.000000, 1.483516, 0.355311, 1.641026, 2.018315
 82.000000, 1.069106, 0.341463, 1.333333, 1.695122
 77.333333, 0.991379, 0.250000, 1.349138, 1.620690
 95.333333, 1.458042, 0.314685, 0.989510, 1.328671
 88.666667, 1.406015, 0.330827, 1.139098, 1.496241
 89.333333, 2.041045, 0.257463, 0.958955, 1.238806
 87.333333, 1.431298, 0.278626, 1.255725, 1.557252
 77.666667, 1.167382, 0.236052, 1.961373, 2.223176
 74.333333, 0.632287, 0.286996, 1.847534, 2.156951
 90.666667, 1.952206, 0.330882, 1.007353, 1.356618
 86.333333, 2.023166, 0.455598, 1.119691, 1.598456
 73.000000, 0.990868, 0.251142, 2.566210, 2.840183
 75.000000, 0.875556, 0.240000, 2.755556, 3.017778
 83.000000, 1.216867, 0.240964, 1.791165, 2.052209
 84.666667, 1.141732, 0.244094, 1.897638, 2.165354
 87.666667, 1.300380, 0.243346, 2.349810, 2.612167
 90.333333, 1.383764, 0.261993, 1.767528, 2.073801
 87.000000, 0.885057, 0.210728, 1.892720, 2.122605
35
 0.250000, 0.000000, 0.000000, 0.000000, 0.000000
 73.000000, 2.392694, 0.771689, 1.360731, 2.442922
 82.666667, 0.866935, 0.302419, 1.754032, 2.076613
 87.000000, 1.348659, 0.298851, 1.463602, 1.785441
 79.666667, 1.410042, 0.297071, 1.000000, 1.322176
 88.333333, 1.128302, 0.279245, 1.245283, 1.550943
 100.333333, 1.993355, 0.299003, 1.083056, 1.405316
 79.666667, 1.405858, 0.284519, 0.895397, 1.200837
 86.000000, 1.558140, 0.360465, 1.333333, 1.713178
 80.333333, 0.858921, 0.244813, 1.929461, 2.224066
 78.666667, 1.177966, 0.279661, 2.038136, 2.338983
 91.333333, 1.905109, 0.266423, 0.883212, 1.175182
 84.000000, 1.706349, 0.357143, 1.301587, 1.682540
 89.333333, 1.847015, 0.309701, 1.529851, 1.895522
 79.666667, 1.108787, 0.225941, 1.686192, 1.928870
 86.000000, 0.891473, 0.244186, 1.829457, 2.089147
 89.333333, 1.925373, 0.220149, 1.466418, 1.708955
 84.000000, 0.793651, 0.226190, 2.178571, 2.428571
 85.666667, 1.303502, 0.330739, 2.070039, 2.420233
 92.333333, 1.144404, 0.234657, 2.021661, 2.274368
36
 0.250000, 0.000000, 0.000000, 0.000000, 0.000000
 82.333333, 3.032389, 0.870445, 1.157895, 2.097166
 89.333333, 1.347015, 0.298507, 1.768657, 2.093284
 83.666667, 1.266932, 0.290837, 1.585657, 1.896414
 85.000000, 1.427451, 0.290196, 1.086275, 1.400000
 93.000000, 1.652330, 0.290323, 1.240143, 1.551971
 90.000000, 1.537037, 0.411111, 1.111111, 1.544444
 85.666667, 1.513619, 0.252918, 0.859922, 1.140078
 77.333333, 1.172414, 0.284483, 1.094828, 1.400862
 74.666667, 0.834821, 0.250000, 2.084821, 2.361607
 79.333333, 1.054622, 0.268908, 2.109244, 2.394958
 85.666667, 1.268482, 0.330739, 1.194553, 1.552529
 82.000000, 1.467480, 0.272358, 1.016260, 1.308943
 81.000000, 1.465021, 0.238683, 1.839506, 2.102881
 78.666667, 1.042373, 0.241525, 2.241525, 2.504237
 85.333333, 1.152344, 0.226563, 1.671875, 1.921875
 83.666667, 1.513944, 0.262948, 1.422311, 1.709163
 86.333333, 1.397683, 0.243243, 2.328185, 2.594595
 89.000000, 1.037453, 0.235955, 1.943820, 2.198502
 88.333333, 1.901887, 0.788679, 1.909434, 2.716981
37
 0.250000, 0.000000, 0.000000, 0.000000, 8.000000
 88.666667, 3.447368, 0.857143, 1.127820, 2.022556
 91.000000, 1.190476, 0.351648, 1.608059, 1.981685
 88.000000, 1.204545, 0.333333, 1.314394, 1.674242
 77.666667, 0.948498, 0.231760, 1.124464, 1.377682
 89.000000, 1.610487, 0.303371, 1.295880, 1.617978
 102.000000, 2.267974, 0.343137, 1.075163, 1.441176
 85.666667, 2.066148, 0.315175, 0.789883, 1.124514
 95.333333, 1.538462, 0.251748, 1.139860, 1.416084
 78.333333, 0.825532, 0.229787, 1.940426, 2.191489
 83.333333, 1.856000, 0.304000, 1.552000, 1.876000
 92.333333, 1.685921, 0.299639, 1.000000, 1.324910
 88.333333, 1.969811, 0.400000, 1.128302, 1.547170
 78.333333, 1.387234, 0.263830, 1.893617, 2.178723
 76.000000, 0.754386, 0.245614, 1.780702, 2.043860
 85.666667, 1.120623, 0.221790, 1.828794, 2.077821
 78.333333, 1.519149, 0.293617, 1.621277, 1.936170
 88.666667, 1.342105, 0.206767, 2.082707, 2.308271
 93.000000, 1.014337, 0.211470, 2.161290, 2.394265
 91.333333, 1.470803, 0.240876, 1.875912, 2.135036
38
 0.250000, 0.000000, 5.000000, 0.000000, 58.000000
 68.666667, 1.834951, 0.592233, 1.359223, 2.024272
 94.666667, 1.500000, 0.316901, 1.626761, 1.968310
 91.666667, 1.705455, 0.309091, 1.469091, 1.800000
 85.000000, 1.172549, 0.258824, 1.184314, 1.470588
 83.333333, 0.956000, 0.304000, 1.224000, 1.552000
 79.333333, 1.000000, 0.302521, 1.176471, 1.504202
 78.333333, 1.548936, 0.268085, 0.906383, 1.200000
 86.666667, 1.534615, 0.276923, 1.161538, 1.461538
 84.666667, 1.181102, 0.299213, 1.614173, 1.937008
 84.000000, 1.968254, 0.325397, 1.765873, 2.111111
 88.666667, 1.541353, 0.334586, 1.112782, 1.466165
 86.666667, 1.769231, 0.323077, 1.315385, 1.669231
 75.666667, 1.259912, 0.268722, 1.991189, 2.281938
 79.666667, 1.054393, 0.251046, 1.979079, 2.251046
 81.666667, 0.873469, 0.228571, 1.648980, 1.897959
 81.333333, 1.393443, 0.270492, 1.422131, 1.717213
 84.666667, 1.161417, 0.248031, 2.303150, 2.570866
 90.666667, 1.400735, 0.261029, 1.680147, 1.959559
 89.000000, 1.056180, 0.250936, 2.112360, 2.382022
39
 0.250000, 0.000000, 0.000000, 0.000000, 0.000000
 83.666667, 2.498008, 0.470120, 1.027888, 1.565737
 89.666667, 1.516729, 0.271375, 1.553903, 1.847584
 88.000000, 1.071970, 0.276515, 1.390152, 1.689394
 71.666667, 0.837209, 0.293023, 1.260465, 1.576744
 97.666667, 1.924915, 0.354949, 1.047782, 1.430034
 89.666667, 1.579926, 0.353160, 1.026022, 1.401487
 86.333333, 1.521236, 0.277992, 1.038610, 1.339768
 84.666667, 1.437008, 0.255906, 1.452756, 1.728346
 82.000000, 0.715447, 0.321138, 1.430894, 1.776423
 76.666667, 0.804348, 0.291304, 1.752174, 2.065217
 89.666667, 1.553903, 0.237918, 1.159851, 1.420074
 87.000000, 2.065134, 0.551724, 1.340996, 1.911877
 72.000000, 1.240741, 0.300926, 1.912037, 2.254630
 76.666667, 0.960870, 0.247826, 2.582609, 2.847826
 83.333333, 0.980000, 0.244000, 1.896000, 2.160000
 79.666667, 1.460251, 0.301255, 1.569038, 1.916318
 86.000000, 1.255814, 0.259690, 2.034884, 2.313953
 88.000000, 1.401515, 0.246212, 2.060606, 2.337121
 86.666667, 1.215385, 0.230769, 2.061538, 2.311538
40
 0.250000, 0.000000, 0.000000, 0.000000, 0.000000
 74.000000, 1.968468, 0.626126, 1.081081, 1.788288
 75.666667, 0.938326, 0.277533, 1.581498, 1.911894
 83.333333, 0.996000, 0.260000, 1.380000, 1.660000
 72.666667, 1.169725, 0.344037, 1.096330, 1.458716
 82.333333, 1.072874, 0.311741, 1.145749, 1.477733
 83.333333, 1.320000, 0.252000, 1.160000, 1.432000
 78.666667, 1.957627, 0.288136, 1.122881, 1.432203
 82.333333, 1.291498, 0.255061, 1.380567, 1.655870
 76.000000, 0.864035, 0.263158, 1.754386, 2.043860
 79.666667, 1.046025, 0.255230, 1.857741, 2.138075
 86.333333, 1.625483, 0.293436, 1.138996, 1.455598
 86.666667, 1.334615, 0.534615, 1.076923, 1.630769
 83.333333, 1.376000, 0.260000, 2.540000, 2.824000
 88.666667, 1.293233, 0.259398, 1.627820, 1.909774
 94.666667, 1.151408, 0.228873, 1.901408, 2.147887
 87.000000, 1.674330, 0.264368, 1.708812, 2.000000
 82.333333, 1.145749, 0.315789, 2.121457, 2.457490
 88.666667, 1.263158, 0.274436, 2.052632, 2.357143
 96.333333, 2.581315, 0.861592, 2.058824, 2.941176
41
 0.250000, 0.000000, 0.000000, 0.000000, 8.000000
 78.333333, 2.582979, 0.889362, 0.978723, 1.927660
 91.000000, 1.402930, 0.505495, 1.402930, 1.930403
 81.333333, 0.930328, 0.266393, 1.323770, 1.606557
 72.000000, 0.976852, 0.300926, 1.208333, 1.527778
 87.000000, 1.448276, 0.295019, 1.210728, 1.555556
 88.666667, 1.406015, 0.357143, 1.139098, 1.522556
 91.000000, 1.959707, 0.271062, 0.688645, 0.985348
 84.000000, 1.408730, 0.333333, 1.444444, 1.801587
 81.333333, 1.282787, 0.282787, 2.036885, 2.340164
 85.000000, 2.160784, 0.301961, 1.858824, 2.188235
 81.000000, 1.596708, 0.296296, 1.181070, 1.497942
 85.000000, 2.113725, 0.564706, 1.117647, 1.701961
 73.666667, 0.696833, 0.289593, 2.076923, 2.389140
 83.666667, 1.000000, 0.215139, 1.864542, 2.103586
 92.000000, 1.528986, 0.224638, 1.246377, 1.492754
 89.666667, 1.609665, 0.286245, 1.828996, 2.144981
 88.666667, 0.992481, 0.233083, 2.015038, 2.270677
 85.666667, 0.949416, 0.256809, 1.918288, 2.194553
 89.333333, 1.194030, 0.197761, 2.395522, 2.619403
42
 0.250000, 0.000000, 0.000000, 0.000000, 13.000000
 84.000000, 2.853175, 0.777778, 1.158730, 1.976190
 95.666667, 1.801394, 0.236934, 1.473868, 1.735192
 84.000000, 1.234127, 0.301587, 1.472222, 1.793651
 72.000000, 0.921296, 0.254630, 1.430556, 1.708333
 91.333333, 1.806569, 0.273723, 1.164234, 1.459854
 88.333333, 1.543396, 0.479245, 1.184906, 1.683019
 81.000000, 1.798354, 0.337449, 0.765432, 1.123457
 87.000000, 1.203065, 0.241379, 1.065134, 1.325670
 84.333333, 1.632411, 0.347826, 1.620553, 2.019763
 85.666667, 1.038911, 0.268482, 1.852140, 2.140078
 85.333333, 1.398438, 0.265625, 1.222656, 1.511719
 96.000000, 2.093750, 0.440972, 1.145833, 1.618056
 86.333333, 1.787645, 0.281853, 1.467181, 1.768340
 83.000000, 1.100402, 0.236948, 2.598394, 2.859438
 81.333333, 1.459016, 0.229508, 1.590164, 1.868852
 83.666667, 1.043825, 0.274900, 1.334661, 1.633466
 87.000000, 1.295019, 0.264368, 2.199234, 2.482759
 93.000000, 1.562724, 0.229391, 1.928315, 2.182796
 90.333333, 1.162362, 0.339483, 2.236162, 2.590406
43
 0.250000, 0.000000, 0.000000, 1.000000, 1.000000
 67.333333, 1.970297, 0.797030, 1.381188, 2.242574
 87.000000, 1.448276, 0.268199, 1.475096, 1.766284
 91.000000, 1.402930, 0.307692, 1.424908, 1.758242
 82.666667, 1.225806, 0.274194, 1.137097, 1.435484
 93.666667, 1.558719, 0.330961, 0.939502, 1.291815
 88.666667, 1.751880, 0.360902, 1.075188, 1.462406
 84.000000, 1.305556, 0.261905, 1.035714, 1.321429
 85.666667, 1.136187, 0.210117, 1.105058, 1.334630
 78.000000, 1.273504, 0.260684, 2.029915, 2.307692
 83.000000, 1.096386, 0.212851, 1.887550, 2.124498
 94.333333, 1.724382, 0.257951, 1.060071, 1.367491
 77.666667, 1.244635, 0.549356, 1.283262, 1.854077
 85.333333, 1.855469, 0.261719, 1.535156, 1.816406
 78.666667, 0.847458, 0.237288, 2.491525, 2.750000
 84.666667, 0.980315, 0.212598, 1.515748, 1.751969
 79.333333, 1.159664, 0.264706, 1.815126, 2.100840
 78.666667, 0.648305, 0.241525, 2.372881, 2.635593
 88.333333, 1.471698, 0.230189, 1.988679, 2.241509
 95.333333, 1.559441, 0.388112, 2.153846, 2.562937
44
 0.250000, 0.000000, 0.000000, 1.000000, 1.000000
 75.000000, 2.075556, 0.680000, 1.115556, 1.840000
 86.333333, 1.285714, 0.401544, 1.652510, 2.077220
 89.666667, 1.408922, 0.338290, 1.252788, 1.617100
 90.000000, 1.811111, 0.277778, 1.137037, 1.440741
 90.666667, 1.165441, 0.264706, 1.169118, 1.452206
 83.333333, 1.240000, 0.276000, 1.180000, 1.476000
 79.333333, 1.420168, 0.243697, 1.130252, 1.399160
 85.666667, 1.618677, 0.264591, 1.124514, 1.408560
 85.000000, 1.164706, 0.298039, 1.780392, 2.101961
 84.666667, 1.110236, 0.244094, 1.822835, 2.090551
 87.333333, 1.465649, 0.305344, 1.061069, 1.389313
 78.666667, 1.025424, 0.440678, 1.444915, 1.911017
 82.666667, 1.379032, 0.250000, 2.500000, 2.774194
 81.666667, 1.228571, 0.244898, 2.073469, 2.338776
 90.000000, 1.155556, 0.214815, 1.707407, 1.944444
 84.666667, 1.173228, 0.271654, 1.582677, 1.874016
 87.666667, 1.235741, 0.228137, 2.140684, 2.387833
 92.666667, 1.298561, 0.241007, 2.068345, 2.352518
 93.333333, 1.239286, 0.257143, 2.175000, 2.450000
45
 0.250000, 0.000000, 0.000000, 1.000000, 1.000000
 76.666667, 2.308696, 0.560870, 1.230435, 1.830435
 94.333333, 1.890459, 0.318021, 1.604240, 1.943463
 87.000000, 1.264368, 0.295019, 1.379310, 1.693487
 71.666667, 0.748837, 0.246512, 1.148837, 1.413953
 98.666667, 1.783784, 0.347973, 1.040541, 1.412162
 88.666667, 1.330827, 0.289474, 1.214286, 1.526316
 88.000000, 1.719697, 0.299242, 0.939394, 1.261364
 86.333333, 1.405405, 0.343629, 1.444015, 1.810811
 85.000000, 1.286275, 0.243137, 1.686275, 1.952941
 88.666667, 1.522556, 0.240602, 1.458647, 1.721805
 86.666667, 1.492308, 0.292308, 1.211538, 1.530769
 84.666667, 1.960630, 0.551181, 1.173228, 1.755906
 73.666667, 1.117647, 0.303167, 1.918552, 2.239819
 70.666667, 0.396226, 0.235849, 2.608491, 2.867925
 90.000000, 1.155556, 0.229630, 1.533333, 1.785185
 77.333333, 1.366379, 0.280172, 1.724138, 2.025862
 82.333333, 1.186235, 0.255061, 2.255061, 2.534413
 96.333333, 1.622837, 0.328720, 1.975779, 2.325260
 97.000000, 1.910653, 0.350515, 2.127148, 2.501718
46
 0.250000, 0.000000, 0.000000, 0.000000, 1.000000
 77.000000, 3.255411, 0.571429, 1.277056, 1.887446
 86.666667, 1.284615, 0.288462, 1.626923, 1.934615
 90.333333, 1.704797, 0.321033, 1.261993, 1.612546
 84.333333, 1.521739, 0.229249, 1.347826, 1.600791
 86.666667, 1.265385, 0.292308, 1.034615, 1.353846
 85.333333, 1.503906, 0.324219, 1.113281, 1.457031
 82.333333, 1.732794, 0.259109, 0.773279, 1.056680
 89.666667, 1.635688, 0.394052, 1.583643, 1.996283
 92.000000, 1.764493, 0.311594, 1.927536, 2.286232
 86.666667, 1.773077, 0.284615, 1.596154, 1.934615
 98.000000, 2.210884, 0.282313, 1.272109, 1.578231
 82.666667, 1.592742, 0.314516, 1.137097, 1.471774
 74.000000, 0.630631, 0.256757, 1.833333, 2.112613
 83.666667, 0.956175, 0.231076, 1.860558, 2.111554
 85.000000, 1.196078, 0.223529, 1.545098, 1.815686
 87.000000, 1.931034, 0.329502, 1.245211, 1.590038
 85.666667, 1.225681, 0.272374, 2.272374, 2.564202
 90.000000, 1.448148, 0.251852, 1.951852, 2.225926
 85.666667, 0.968872, 0.233463, 2.229572, 2.482490
47
 0.250000, 0.000000, 0.000000, 1.000000, 1.000000
 80.333333, 3.024896, 0.771784, 1.273859, 2.087137
 92.000000, 1.246377, 0.300725, 1.376812, 1.695652
 87.000000, 0.934866, 0.291188, 1.318008, 1.628352
 71.000000, 0.577465, 0.244131, 0.967136, 1.230047
 100.666667, 2.225166, 0.317881, 1.072848, 1.413907
 96.333333, 2.394464, 0.463668, 1.224913, 1.709343
 80.666667, 1.665289, 0.260331, 0.826446, 1.111570
 85.333333, 1.589844, 0.246094, 1.535156, 1.804688
 79.000000, 0.839662, 0.236287, 1.645570, 1.902954
 85.666667, 1.319066, 0.276265, 1.945525, 2.241245
 89.000000, 1.561798, 0.359551, 1.101124, 1.490637
 81.000000, 1.555556, 0.526749, 1.197531, 1.748971
 68.666667, 0.810680, 0.281553, 1.878641, 2.194175
 70.666667, 0.679245, 0.221698, 2.099057, 2.344340
 84.666667, 0.755906, 0.228346, 1.917323, 2.165354
 84.666667, 1.216535, 0.228346, 1.858268, 2.110236
 83.000000, 0.863454, 0.273092, 2.261044, 2.554217
 99.000000, 2.040404, 0.370370, 1.636364, 2.026936
 91.333333, 1.324818, 0.208029, 2.200730, 2.430657
48
 0.250000, 0.000000, 0.000000, 0.000000, 1.000000
 83.333333, 3.272000, 0.812000, 1.236000, 2.084000
 83.666667, 1.266932, 0.346614, 1.756972, 2.123506
 89.333333, 1.458955, 0.283582, 1.231343, 1.537313
 84.000000, 1.738095, 0.265873, 0.805556, 1.095238
 92.000000, 1.478261, 0.246377, 1.061594, 1.333333
 87.000000, 1.486590, 0.386973, 1.264368, 1.678161
 78.333333, 1.182979, 0.234043, 0.948936, 1.204255
 76.666667, 0.882609, 0.269565, 1.321739, 1.643478
 77.000000, 0.727273, 0.264069, 1.696970, 1.982684
 85.000000, 1.015686, 0.282353, 1.627451, 1.933333
 95.000000, 1.673684, 0.294737, 0.989474, 1.305263
 85.666667, 1.929961, 0.342412, 1.245136, 1.610895
 75.333333, 1.000000, 0.287611, 1.814159, 2.119469
 81.666667, 1.212245, 0.244898, 1.742857, 2.008163
 92.666667, 1.284173, 0.233813, 1.708633, 1.967626
 86.666667, 1.461538, 0.284615, 1.423077, 1.730769
 85.666667, 1.311284, 0.268482, 2.042802, 2.334630
 94.000000, 1.418440, 0.315603, 1.939716, 2.276596
 85.333333, 1.253906, 0.218750, 2.316406, 2.558594
49
 0.250000, 0.000000, 0.000000, 0.000000, 2.000000
 79.000000, 2.666667, 0.780591, 1.379747, 2.194093
 84.666667, 1.129921, 0.330709, 1.677165, 2.027559
 84.000000, 1.246032, 0.301587, 1.515873, 1.841270
 75.333333, 0.876106, 0.287611, 1.199115, 1.504425
 83.000000, 1.100402, 0.313253, 1.188755, 1.522088
 85.000000, 1.262745, 0.274510, 1.247059, 1.541176
 79.000000, 1.434599, 0.299578, 1.122363, 1.447257
 77.666667, 0.952790, 0.347639, 1.686695, 2.051502
 85.333333, 1.285156, 0.238281, 1.753906, 2.011719
 86.333333, 1.667954, 0.227799, 1.984556, 2.235521
 91.000000, 1.728938, 0.304029, 1.018315, 1.344322
 83.666667, 1.713147, 0.418327, 1.362550, 1.800797
 73.000000, 0.616438, 0.255708, 2.091324, 2.369863
 72.000000, 0.680556, 0.231481, 3.018519, 3.273148
 83.000000, 0.706827, 0.236948, 1.787149, 2.048193
 83.333333, 1.540000, 0.300000, 1.520000, 1.840000
 84.333333, 1.000000, 0.256917, 2.197628, 2.478261
 89.000000, 1.235955, 0.262172, 1.932584, 2.217228
 90.000000, 1.292593, 0.381481, 2.100000, 2.503704
50
 0.250000, 0.000000, 0.000000, 0.000000, 1.000000
 69.000000, 1.386473, 0.758454, 1.285024, 2.077295
 84.000000, 1.162698, 0.289683, 1.603175, 1.916667
 77.000000, 0.917749, 0.268398, 1.606061, 1.896104
 70.000000, 0.700000, 0.304762, 1.395238, 1.723810
 95.000000, 1.249123, 0.364912, 1.066667, 1.452632
 91.000000, 1.769231, 0.300366, 1.040293, 1.362637
 89.000000, 1.599251, 0.254682, 1.239700, 1.516854
 83.000000, 1.112450, 0.236948, 1.393574, 1.650602
 84.333333, 1.229249, 0.229249, 1.521739, 1.774704
 79.000000, 0.974684, 0.299578, 2.092827, 2.417722
 86.000000, 1.771318, 0.337209, 1.255814, 1.616279
 80.333333, 1.165975, 0.373444, 1.186722, 1.580913
 76.333333, 0.729258, 0.257642, 1.834061, 2.113537
 79.666667, 0.974895, 0.238494, 1.828452, 2.087866
 92.666667, 1.622302, 0.219424, 1.507194, 1.751799
 82.333333, 1.157895, 0.319838, 1.765182, 2.109312
 83.333333, 1.172000, 0.224000, 2.208000, 2.452000
 95.666667, 1.533101, 0.247387, 1.529617, 1.797909
 88.666667, 1.007519, 0.221805, 2.236842, 2.477444
51
 0.250000, 0.000000, 0.000000, 0.000000, 1.000000
 72.000000, 2.212963, 0.597222, 1.092593, 1.731481
 94.666667, 1.577465, 0.320423, 1.510563, 1.852113
 82.000000, 1.227642, 0.321138, 1.467480, 1.813008
 69.000000, 0.990338, 0.270531, 0.985507, 1.280193
 96.666667, 1.865517, 0.279310, 1.120690, 1.420690
 92.333333, 1.436823, 0.368231, 1.198556, 1.592058
 84.333333, 1.889328, 0.292490, 0.976285, 1.292490
 84.333333, 1.288538, 0.264822, 1.513834, 1.830040
 86.666667, 1.284615, 0.303846, 1.603846, 1.926923
 87.333333, 1.206107, 0.244275, 1.744275, 2.011450
 82.000000, 1.528455, 0.284553, 1.357724, 1.666667
 92.333333, 2.180505, 0.386282, 1.234657, 1.642599
 77.666667, 1.167382, 0.257511, 2.038627, 2.317597
 75.000000, 0.791111, 0.231111, 1.946667, 2.204444
 87.666667, 0.901141, 0.228137, 1.958175, 2.205323
 84.333333, 1.375494, 0.264822, 1.403162, 1.691700
 85.666667, 1.311284, 0.245136, 2.428016, 2.692607
 93.666667, 1.622776, 0.249110, 1.740214, 2.010676
 96.333333, 1.740484, 0.366782, 1.965398, 2.352941
52
 0.250000, 0.000000, 0.000000, 0.000000, 1.000000
 75.666667, 2.334802, 0.612335, 1.889868, 2.643172
 85.000000, 0.937255, 0.266667, 1.949020, 2.239216
 83.000000, 1.795181, 0.329317, 1.357430, 1.710843
 81.000000, 0.905350, 0.296296, 1.316872, 1.633745
 95.000000, 1.898246, 0.322807, 1.063158, 1.417544
 93.000000, 1.394265, 0.344086, 1.021505, 1.390681
 85.666667, 1.649805, 0.256809, 0.817121, 1.097276
 85.666667, 1.280156, 0.260700, 1.097276, 1.385214
 78.666667, 0.796610, 0.266949, 1.851695, 2.144068
 84.666667, 1.405512, 0.240157, 1.500000, 1.759843
 87.000000, 1.850575, 0.314176, 1.187739, 1.536398
 86.000000, 1.414729, 0.418605, 1.430233, 1.872093
 80.666667, 0.834711, 0.247934, 2.541322, 2.814050
 82.666667, 1.157258, 0.241935, 2.487903, 2.754032
 89.666667, 1.204461, 0.230483, 1.672862, 1.921933
 78.666667, 1.144068, 0.292373, 1.724576, 2.038136
 85.333333, 0.960938, 0.238281, 2.347656, 2.609375
 91.666667, 1.665455, 0.294545, 1.821818, 2.138182
 96.666667, 1.400000, 0.200000, 2.079310, 2.303448
53
 0.250000, 0.000000, 0.000000, 0.000000, 1.000000
 74.666667, 2.491071, 0.696429, 1.156250, 1.892857
 90.333333, 1.505535, 0.265683, 1.800738, 2.088561
 86.666667, 1.269231, 0.296154, 1.407692, 1.723077
 73.666667, 0.782805, 0.266968, 1.208145, 1.497738
 94.333333, 1.759717, 0.296820, 0.939929, 1.257951
 95.333333, 1.538462, 0.314685, 1.164336, 1.500000
 85.666667, 1.700389, 0.268482, 1.105058, 1.396887
 88.333333, 1.158491, 0.241509, 1.384906, 1.645283
 78.666667, 0.877119, 0.292373, 1.906780, 2.224576
 86.333333, 1.563707, 0.293436, 1.671815, 1.988417
 83.666667, 1.693227, 0.302789, 1.111554, 1.438247
 93.000000, 2.577061, 0.426523, 1.232975, 1.681004
 76.000000, 0.903509, 0.245614, 2.429825, 2.697368
 78.333333, 0.927660, 0.246809, 1.961702, 2.229787
 83.000000, 1.329317, 0.240964, 1.650602, 1.911647
 78.000000, 2.102564, 0.341880, 1.764957, 2.128205
 86.000000, 1.449612, 0.271318, 2.050388, 2.341085
 88.000000, 1.200758, 0.276515, 1.897727, 2.196970
 87.666667, 1.083650, 0.247148, 2.019011, 2.285171
54
 0.250000, 0.000000, 0.000000, 0.000000, 1.000000
 72.333333, 2.811060, 0.935484, 1.267281, 2.271889
 92.000000, 1.409420, 0.260870, 1.481884, 1.760870
 87.333333, 1.259542, 0.240458, 1.416031, 1.671756
 75.666667, 0.775330, 0.220264, 1.339207, 1.577093
 90.666667, 1.283088, 0.316176, 1.132353, 1.474265
 85.666667, 1.848249, 0.431907, 0.972763, 1.428016
 82.333333, 1.182186, 0.307692, 0.898785, 1.251012
 85.000000, 1.411765, 0.266667, 1.172549, 1.458824
 83.333333, 1.120000, 0.316000, 1.580000, 1.920000
 88.333333, 1.324528, 0.271698, 1.645283, 1.939623
 78.000000, 1.252137, 0.256410, 1.183761, 1.461538
 80.000000, 1.191667, 0.279167, 1.170833, 1.470833
 81.000000, 1.440329, 0.296296, 1.736626, 2.082305
 82.000000, 1.105691, 0.235772, 1.609756, 1.869919
 87.333333, 1.061069, 0.232824, 1.515267, 1.770992
 81.000000, 1.111111, 0.283951, 1.625514, 1.930041
 83.000000, 1.224900, 0.285141, 2.108434, 2.417671
 94.000000, 1.500000, 0.312057, 1.918440, 2.251773
 88.333333, 0.932075, 0.200000, 2.286792, 2.513208
55
 0.250000, 0.000000, 0.000000, 0.000000, 1.000000
 81.666667, 2.273469, 0.795918, 1.171429, 2.016327
 92.333333, 1.685921, 0.274368, 1.584838, 1.880866
 92.000000, 1.536232, 0.264493, 1.340580, 1.626812
 84.666667, 1.464567, 0.267717, 1.074803, 1.366142
 98.000000, 1.887755, 0.357143, 1.306122, 1.687075
 94.333333, 1.681979, 0.409894, 1.077739, 1.508834
 77.333333, 1.150862, 0.318966, 1.271552, 1.612069
 89.000000, 1.235955, 0.303371, 1.329588, 1.651685
 85.333333, 1.582031, 0.308594, 1.632813, 1.964844
 88.333333, 1.301887, 0.252830, 1.698113, 1.977358
 87.000000, 1.524904, 0.298851, 1.287356, 1.605364
 85.333333, 1.515625, 0.488281, 1.226563, 1.734375
 84.000000, 1.341270, 0.261905, 1.976190, 2.261905
 85.333333, 1.175781, 0.242188, 1.667969, 1.937500
 87.333333, 1.370229, 0.206107, 1.740458, 1.969466
 85.333333, 1.445313, 0.289063, 1.269531, 1.582031
 85.666667, 1.252918, 0.225681, 1.949416, 2.194553
 91.000000, 1.340659, 0.260073, 1.736264, 2.018315
 89.333333, 1.037313, 0.279851, 1.876866, 2.175373
56
 0.250000, 28.000000, 0.000000, 1.000000, 1.000000
 74.666667, 1.928571, 0.825893, 1.410714, 2.272321
 90.000000, 1.592593, 0.248148, 1.644444, 1.911111
 92.333333, 1.671480, 0.281588, 1.541516, 1.866426
 83.666667, 1.505976, 0.286853, 1.047809, 1.358566
 90.666667, 1.393382, 0.319853, 1.158088, 1.492647
 89.000000, 1.172285, 0.374532, 1.243446, 1.636704
 82.666667, 1.564516, 0.294355, 0.983871, 1.298387
 83.333333, 1.188000, 0.232000, 1.216000, 1.472000
 94.000000, 1.539007, 0.269504, 1.521277, 1.812057
 87.333333, 1.519084, 0.259542, 1.374046, 1.656489
 86.000000, 1.468992, 0.313953, 1.213178, 1.550388
 87.666667, 1.558935, 0.429658, 1.338403, 1.790875
 81.666667, 1.297959, 0.281633, 1.881633, 2.183673
 82.666667, 1.104839, 0.213710, 1.709677, 1.947581
 99.000000, 1.680135, 0.232323, 1.558923, 1.811448
 84.666667, 1.362205, 0.291339, 1.401575, 1.716535
 88.333333, 1.766038, 0.256604, 2.109434, 2.388679
 87.000000, 0.858238, 0.318008, 2.172414, 2.513410
 92.333333, 1.368231, 0.216606, 2.245487, 2.483755
57
 0.250000, 0.000000, 0.000000, 0.000000, 1.000000
 78.333333, 3.340426, 0.744681, 1.165957, 1.953191
 91.666667, 1.530909, 0.290909, 1.578182, 1.916364
 90.000000, 1.377778, 0.288889, 1.433333, 1.740741
 69.666667, 0.660287, 0.239234, 1.430622, 1.688995
 88.000000, 1.670455, 0.333333, 1.068182, 1.424242
 94.333333, 1.727915, 0.342756, 1.141343, 1.508834
 83.000000, 1.791165, 0.277108, 0.807229, 1.104418
 81.666667, 1.453061, 0.285714, 1.432653, 1.738776
 82.000000, 0.894309, 0.369919, 1.853659, 2.243902
 86.333333, 1.181467, 0.274131, 1.942085, 2.239382
 95.000000, 2.080702, 0.277193, 0.926316, 1.224561
 94.666667, 2.077465, 0.320423, 1.338028, 1.683099
 85.666667, 1.887160, 0.299611, 2.789883, 3.116732
 85.333333, 1.433594, 0.246094, 2.339844, 2.613281
 91.333333, 1.069343, 0.240876, 1.653285, 1.916058
 81.666667, 1.465306, 0.277551, 1.351020, 1.681633
 81.333333, 1.077869, 0.225410, 2.045082, 2.290984
 93.666667, 1.483986, 0.330961, 1.793594, 2.145907
 86.666667, 0.900000, 0.215385, 2.153846, 2.388462
58
 0.250000, 0.000000, 0.000000, 0.000000, 0.000000
 78.333333, 3.012766, 0.565957, 1.119149, 1.714894
 95.333333, 1.636364, 0.272727, 1.622378, 1.919580
 86.000000, 1.166667, 0.282946, 1.255814, 1.558140
 80.000000, 1.216667, 0.237500, 1.258333, 1.520833
 90.000000, 1.148148, 0.262963, 1.066667, 1.355556
 88.333333, 1.358491, 0.290566, 1.162264, 1.475472
 81.333333, 1.946721, 0.303279, 0.815574, 1.135246
 83.666667, 1.565737, 0.302789, 1.211155, 1.533865
 94.000000, 1.404255, 0.287234, 1.570922, 1.882979
 93.333333, 2.071429, 0.400000, 1.707143, 2.128571
 87.666667, 1.357414, 0.296578, 1.133080, 1.452471
 81.333333, 1.799180, 0.413934, 1.135246, 1.573770
 75.000000, 0.995556, 0.320000, 1.626667, 1.968889
 87.333333, 1.217557, 0.225191, 2.713740, 2.958015
 89.333333, 1.466418, 0.231343, 1.667910, 1.921642
 82.000000, 1.841463, 0.276423, 1.772358, 2.073171
 79.000000, 0.890295, 0.282700, 2.118143, 2.417722
 96.333333, 1.439446, 0.245675, 1.916955, 2.186851
 90.666667, 1.040441, 0.235294, 2.330882, 2.591912
59
 0.250000, 0.000000, 0.000000, 1.000000, 2.000000
 67.000000, 1.950249, 0.547264, 1.009950, 1.592040
 92.000000, 1.525362, 0.278986, 1.452899, 1.753623
 91.000000, 1.615385, 0.300366, 1.333333, 1.652015
 68.000000, 0.691176, 0.264706, 1.093137, 1.382353
 84.666667, 1.803150, 0.334646, 1.208661, 1.570866
 90.333333, 1.265683, 0.328413, 1.033210, 1.380074
 81.333333, 1.454918, 0.315574, 1.184426, 1.520492
 86.333333, 1.401544, 0.216216, 1.247104, 1.486486
 78.333333, 0.859574, 0.259574, 1.727660, 2.008511
 81.333333, 0.889344, 0.270492, 1.553279, 1.848361
 81.666667, 0.865306, 0.265306, 1.232653, 1.518367
 93.333333, 2.103571, 0.367857, 1.353571, 1.742857
 83.000000, 1.261044, 0.265060, 2.325301, 2.614458
 78.000000, 1.470085, 0.226496, 1.957265, 2.209402
 82.666667, 1.282258, 0.225806, 1.580645, 1.830645
 81.666667, 1.412245, 0.253061, 1.751020, 2.028571
 83.333333, 1.004000, 0.244000, 2.348000, 2.612000
 89.333333, 1.380597, 0.238806, 2.048507, 2.305970
 84.000000, 1.063492, 0.222222, 2.186508, 2.428571
60
 0.250000, 0.000000, 0.000000, 1.000000, 1.000000
 79.666667, 4.125523, 1.066946, 1.071130, 2.200837
 86.000000, 1.414729, 0.290698, 1.802326, 2.116279
 86.666667, 1.530769, 0.365385, 1.530769, 1.915385
 78.333333, 0.931915, 0.276596, 0.974468, 1.272340
 87.666667, 1.391635, 0.277567, 1.281369, 1.581749
 89.666667, 1.780669, 0.275093, 0.955390, 1.252788
 79.000000, 1.531646, 0.295359, 0.940928, 1.257384
 78.666667, 0.957627, 0.254237, 1.305085, 1.584746
 86.333333, 1.069498, 0.297297, 1.706564, 2.030888
 89.666667, 1.680297, 0.241636, 1.565056, 1.832714
 86.333333, 1.525097, 0.343629, 1.339768, 1.702703
 89.666667, 2.096654, 0.342007, 1.148699, 1.516729
 78.666667, 1.334746, 0.279661, 2.444915, 2.750000
 84.000000, 1.003968, 0.214286, 1.805556, 2.043651
 95.333333, 1.279720, 0.223776, 1.297203, 1.541958
 86.000000, 1.546512, 0.236434, 1.751938, 2.007752
 82.000000, 1.186992, 0.219512, 2.479675, 2.719512
 86.666667, 1.492308, 0.315385, 2.080769, 2.415385
 90.000000, 1.674074, 0.366667, 1.914815, 2.303704
61
 0.250000, 0.000000, 0.000000, 0.000000, 1.000000
 72.000000, 2.740741, 0.740741, 1.055556, 1.875000
 86.333333, 1.277992, 0.305019, 1.764479, 2.092664
 87.000000, 1.371648, 0.302682, 1.528736, 1.858238
 73.666667, 1.049774, 0.239819, 1.235294, 1.493213
 81.000000, 1.164609, 0.267490, 1.316872, 1.609053
 82.000000, 0.735772, 0.426829, 1.162602, 1.609756
 79.333333, 1.424370, 0.298319, 0.836134, 1.155462
 90.333333, 1.498155, 0.243542, 1.339483, 1.605166
 79.000000, 1.147679, 0.274262, 1.751055, 2.046414
 77.000000, 0.913420, 0.264069, 2.017316, 2.298701
 83.666667, 1.286853, 0.286853, 1.258964, 1.565737
 86.000000, 1.248062, 0.329457, 1.213178, 1.562016
 73.333333, 0.909091, 0.250000, 2.036364, 2.304545
 75.000000, 1.124444, 0.257778, 1.777778, 2.053333
 83.666667, 0.936255, 0.235060, 1.665339, 1.920319
 79.333333, 1.218487, 0.243697, 1.453782, 1.722689
 83.000000, 1.144578, 0.236948, 2.409639, 2.666667
 96.666667, 1.689655, 0.244828, 1.593103, 1.862069
 88.333333, 1.407547, 0.271698, 2.124528, 2.418868
62
 0.250000, 1.000000, 0.000000, 0.000000, 0.000000
 78.333333, 3.417021, 0.863830, 1.510638, 2.412766
 91.666667, 1.716364, 0.265455, 1.545455, 1.832727
 87.333333, 1.370229, 0.255725, 1.236641, 1.515267
 84.666667, 1.346457, 0.279528, 1.094488, 1.393701
 84.000000, 1.297619, 0.269841, 1.273810, 1.571429
 89.000000, 1.352060, 0.310861, 1.194757, 1.528090
 89.333333, 1.555970, 0.279851, 0.694030, 0.996269
 87.666667, 1.741445, 0.319392, 1.205323, 1.551331
 83.666667, 1.091633, 0.243028, 1.860558, 2.139442
 84.666667, 1.346457, 0.267717, 1.673228, 1.964567
 81.000000, 1.316872, 0.320988, 1.251029, 1.592593
 81.333333, 1.778689, 0.430328, 1.225410, 1.676230
 91.666667, 1.785455, 0.240000, 2.396364, 2.687273
 90.000000, 1.607407, 0.218519, 2.537037, 2.777778
 85.333333, 1.296875, 0.230469, 1.359375, 1.609375
 86.666667, 1.565385, 0.226923, 1.615385, 1.861538
 84.333333, 1.035573, 0.256917, 1.972332, 2.249012
 96.666667, 1.531034, 0.248276, 1.768966, 2.041379
 89.666667, 0.966543, 0.230483, 2.111524, 2.364312
63
 0.250000, 0.000000, 0.000000, 0.000000, 0.000000
 77.666667, 3.193133, 0.699571, 0.909871, 1.712446
 92.666667, 1.384892, 0.287770, 1.579137, 1.892086
 85.000000, 1.203922, 0.278431, 1.478431, 1.776471
 76.333333, 1.131004, 0.296943, 1.030568, 1.344978
 96.333333, 1.844291, 0.311419, 1.041522, 1.373702
 83.000000, 1.433735, 0.325301, 1.224900, 1.570281
 85.666667, 1.389105, 0.241245, 0.785992, 1.046693
 86.000000, 1.333333, 0.325581, 1.337209, 1.678295
 81.666667, 0.906122, 0.244898, 1.640816, 1.906122
 88.666667, 1.312030, 0.259398, 1.605263, 1.883459
 89.000000, 1.756554, 0.355805, 1.254682, 1.632959
 86.666667, 1.384615, 0.511538, 1.196154, 1.742308
 74.000000, 0.842342, 0.274775, 2.319820, 2.617117
 76.000000, 0.903509, 0.254386, 2.070175, 2.346491
 88.000000, 1.295455, 0.265152, 1.496212, 1.780303
 81.000000, 1.226337, 0.246914, 1.259259, 1.530864
 83.333333, 1.368000, 0.280000, 2.320000, 2.648000
 89.000000, 1.464419, 0.269663, 1.868914, 2.157303
 89.666667, 1.193309, 0.204461, 2.137546, 2.360595
Histogram
10 0 0 0 0 0 0 0 0 2 26 19 39 62 104 123 104 88 90 93 105 89 71 71 60 20 25 14 13 7 3 2 3 0 0 1 0 0 0 0 0 0 0 0 0 0 0 0 0 0 0 0 0 0 0 0 0 0 0 0 0 0 0 0 0 0 0 0 0 0 0 0 0 0 0 0 0 0 0 0 2 0 0 0 0 0 0 0 0 0 0 0 0 0 0 0 0 0 0 0 0 0 0 0 0 0 0 0 0 0 0 0 0 0 0 0 0 0 0 34 
Cache Miss Ratio
0.053844078267908484
numOfSets
0
numOfGets
322431
numOfMultiGets
0
