20
0
 0.250000, 0.000000, 0.000000, 9.000000, 80.000000
 211.333333, 0.665615, 0.318612, 1.059937, 1.419558
 230.333333, 0.492041, 0.283647, 0.879884, 1.186686
 217.000000, 0.490015, 0.331797, 0.897081, 1.250384
 206.000000, 0.168285, 0.260518, 0.855987, 1.134304
 211.333333, 0.526814, 0.175079, 0.851735, 1.044164
 240.000000, 0.173611, 0.162500, 0.730556, 0.909722
 235.666667, 0.212164, 0.164074, 0.618105, 0.804809
 217.333333, 0.073620, 0.144172, 0.799080, 0.963190
 205.000000, 0.128455, 0.196748, 0.730081, 0.947967
 218.666667, 0.242378, 0.179878, 0.704268, 0.900915
 236.000000, 0.125706, 0.152542, 0.783898, 0.953390
 256.666667, 0.440260, 0.120779, 0.655844, 0.805195
 239.333333, 0.192201, 0.142061, 0.644847, 0.814763
 246.333333, 0.326116, 0.182679, 0.675237, 0.875507
 229.333333, 0.347384, 0.143895, 0.713663, 0.875000
 237.666667, 0.280505, 0.140252, 0.819074, 0.978962
 246.000000, 0.288618, 0.161247, 0.712737, 0.891599
 246.333333, 0.294993, 0.135318, 0.634641, 0.788904
 226.666667, 0.263235, 0.151471, 0.648529, 0.817647
1
 0.250000, 1.000000, 0.000000, 1.000000, 77.000000
 204.666667, 0.420195, 0.312704, 0.969055, 1.317590
 240.666667, 0.544321, 0.314404, 0.833795, 1.170360
 167.000000, 0.125749, 0.233533, 1.389222, 1.640719
 202.666667, 0.138158, 0.312500, 0.781250, 1.120066
 203.000000, 0.142857, 0.192118, 0.781609, 0.990148
 246.000000, 0.291328, 0.181572, 0.772358, 0.972900
 255.000000, 0.358170, 0.166013, 0.593464, 0.779085
 239.333333, 0.278552, 0.136490, 0.746518, 0.899721
 234.333333, 0.396871, 0.207681, 0.751067, 0.978663
 224.333333, 0.129272, 0.133730, 0.722140, 0.893016
 250.000000, 0.310667, 0.126667, 0.740000, 0.886667
 255.000000, 0.511111, 0.150327, 0.569935, 0.739869
 237.333333, 0.140449, 0.139045, 0.646067, 0.801966
 254.000000, 0.363517, 0.185039, 0.641732, 0.850394
 239.666667, 0.449235, 0.164117, 0.682893, 0.870654
 219.666667, 0.197269, 0.215478, 0.822458, 1.065250
 249.000000, 0.305221, 0.151272, 0.709505, 0.878179
 242.666667, 0.215659, 0.145604, 0.642857, 0.806319
 224.333333, 0.245171, 0.156018, 0.650817, 0.833581
2
 0.250000, 0.000000, 3.000000, 1.000000, 77.000000
 198.000000, 0.392256, 0.304714, 1.037037, 1.387205
 221.000000, 0.463047, 0.360483, 0.772247, 1.153846
 179.333333, 0.157993, 0.386617, 1.091078, 1.496283
 225.000000, 0.284444, 0.299259, 0.952593, 1.269630
 204.333333, 0.137031, 0.189233, 0.920065, 1.125612
 219.333333, 0.127660, 0.215805, 0.822188, 1.065350
 253.333333, 0.307895, 0.176316, 0.634211, 0.830263
 240.666667, 0.247922, 0.137119, 0.742382, 0.896122
 222.333333, 0.220390, 0.134933, 0.691154, 0.845577
 235.000000, 0.309220, 0.133333, 0.686525, 0.838298
 237.333333, 0.165730, 0.148876, 0.754213, 0.919944
 279.333333, 0.552506, 0.126492, 0.522673, 0.668258
 244.000000, 0.219945, 0.148907, 0.642077, 0.808743
 240.666667, 0.322715, 0.171745, 0.681440, 0.871191
 219.666667, 0.321700, 0.220030, 0.814871, 1.051593
 226.666667, 0.285294, 0.208824, 0.798529, 1.025000
 257.666667, 0.338939, 0.139715, 0.717982, 0.891332
 265.000000, 0.400000, 0.342138, 0.607547, 0.968553
 223.333333, 0.310448, 0.191045, 0.665672, 0.873134
3
 0.250000, 0.000000, 3.000000, 12.000000, 65.000000
 218.000000, 0.839450, 0.356269, 1.021407, 1.441896
 250.000000, 0.501333, 0.225333, 0.630667, 0.878667
 189.666667, 0.244288, 0.458699, 0.824253, 1.316344
 229.000000, 0.328967, 0.323144, 0.858806, 1.199418
 218.666667, 0.318598, 0.207317, 0.891768, 1.118902
 248.666667, 0.281501, 0.156836, 0.774799, 0.961126
 254.666667, 0.299738, 0.155759, 0.646597, 0.824607
 230.000000, 0.130435, 0.137681, 0.763768, 0.917391
 201.000000, 0.091211, 0.177446, 0.688226, 0.905473
 222.666667, 0.149701, 0.163174, 0.727545, 0.907186
 239.333333, 0.245125, 0.151811, 0.763231, 0.933148
 266.333333, 0.586984, 0.145181, 0.536921, 0.699625
 240.333333, 0.196949, 0.162275, 0.667129, 0.855756
 253.333333, 0.343421, 0.180263, 0.663158, 0.872368
 222.000000, 0.294294, 0.159159, 0.747748, 0.924925
 231.666667, 0.317986, 0.185612, 0.814388, 1.020144
 242.666667, 0.273352, 0.142857, 0.740385, 0.913462
 253.000000, 0.310935, 0.127800, 0.625823, 0.772069
 227.666667, 0.210835, 0.162518, 0.666179, 0.855051
4
 0.250000, 1.000000, 0.000000, 0.000000, 75.000000
 215.666667, 0.741886, 0.309119, 0.996909, 1.377125
 245.333333, 0.677989, 0.275815, 0.713315, 1.010870
 204.666667, 0.574919, 0.301303, 1.011401, 1.333876
 218.666667, 0.245427, 0.382622, 0.855183, 1.262195
 208.666667, 0.301917, 0.207668, 0.739617, 0.968051
 238.000000, 0.228291, 0.161064, 0.813725, 0.991597
 246.333333, 0.266576, 0.155616, 0.668471, 0.851150
 232.666667, 0.141834, 0.156160, 0.767908, 0.949857
 220.000000, 0.166667, 0.175758, 0.680303, 0.874242
 229.000000, 0.241630, 0.144105, 0.700146, 0.863173
 237.333333, 0.169944, 0.146067, 0.766854, 0.929775
 252.000000, 0.386243, 0.154762, 0.551587, 0.735450
 234.666667, 0.196023, 0.157670, 0.654830, 0.839489
 241.333333, 0.169890, 0.157459, 0.668508, 0.854972
 232.000000, 0.336207, 0.176724, 0.724138, 0.919540
 229.000000, 0.186317, 0.203785, 0.791849, 1.013100
 251.333333, 0.271883, 0.148541, 0.692308, 0.860743
 237.333333, 0.154494, 0.153090, 0.639045, 0.808989
 242.333333, 0.480055, 0.233838, 0.642366, 0.898212
5
 0.250000, 1.000000, 0.000000, 1.000000, 74.000000
 219.666667, 0.804249, 0.317147, 1.000000, 1.370258
 240.000000, 0.529167, 0.248611, 0.683333, 0.952778
 171.000000, 0.126706, 0.163743, 1.155945, 1.337232
 223.333333, 0.237313, 0.328358, 0.783582, 1.129851
 207.666667, 0.171750, 0.202247, 0.887640, 1.107544
 243.000000, 0.513032, 0.227709, 0.784636, 1.030178
 243.333333, 0.290411, 0.165753, 0.731507, 0.923288
 233.666667, 0.129815, 0.128388, 0.767475, 0.912981
 221.000000, 0.289593, 0.253394, 0.791855, 1.063348
 222.000000, 0.150150, 0.141141, 0.699700, 0.858859
 235.333333, 0.327195, 0.162890, 0.749292, 0.929178
 245.333333, 0.307065, 0.144022, 0.562500, 0.725543
 240.333333, 0.223301, 0.152566, 0.639390, 0.819695
 254.000000, 0.383202, 0.186352, 0.667979, 0.874016
 231.333333, 0.286744, 0.165706, 0.707493, 0.890490
 227.000000, 0.302496, 0.162996, 0.851689, 1.033774
 258.333333, 0.388387, 0.157419, 0.692903, 0.885161
 250.333333, 0.177097, 0.133156, 0.624501, 0.777630
 225.000000, 0.200000, 0.179259, 0.657778, 0.856296
6
 0.250000, 0.000000, 0.000000, 7.000000, 61.000000
 204.000000, 0.328431, 0.250000, 0.985294, 1.315359
 235.000000, 0.459574, 0.299291, 0.805674, 1.126241
 181.000000, 0.211786, 0.302026, 1.009208, 1.329650
 217.666667, 0.238897, 0.231240, 0.929556, 1.179173
 207.333333, 0.154341, 0.138264, 0.898714, 1.056270
 239.666667, 0.197497, 0.166898, 0.806676, 1.000000
 247.333333, 0.309973, 0.150943, 0.629380, 0.801887
 220.666667, 0.113293, 0.172205, 0.796073, 0.984894
 201.333333, 0.129139, 0.157285, 0.705298, 0.890728
 222.333333, 0.134933, 0.149925, 0.697151, 0.872564
 249.333333, 0.319519, 0.155080, 0.725936, 0.899733
 274.000000, 0.591241, 0.120438, 0.547445, 0.703163
 235.666667, 0.192362, 0.144272, 0.664781, 0.830269
 243.666667, 0.303694, 0.157319, 0.667579, 0.844049
 221.000000, 0.266968, 0.158371, 0.820513, 0.996983
 225.666667, 0.254062, 0.199409, 0.812408, 1.028065
 250.666667, 0.236702, 0.131649, 0.710106, 0.860372
 235.666667, 0.144272, 0.155587, 0.642150, 0.814710
 230.666667, 0.255780, 0.192197, 0.632948, 0.842486
7
 0.250000, 0.000000, 0.000000, 0.000000, 63.000000
 216.333333, 0.560863, 0.275809, 0.969183, 1.326656
 254.000000, 0.839895, 0.366142, 0.737533, 1.123360
 180.666667, 0.287823, 0.505535, 1.234317, 1.760148
 213.666667, 0.219969, 0.187207, 0.761310, 0.967239
 216.333333, 0.263482, 0.177196, 0.798151, 0.995378
 239.000000, 0.338912, 0.142259, 0.808926, 0.970711
 251.000000, 0.342629, 0.163347, 0.699867, 0.881806
 261.000000, 0.411239, 0.108557, 0.716475, 0.844189
 237.333333, 0.376404, 0.286517, 0.748596, 1.058989
 242.333333, 0.376891, 0.136176, 0.708391, 0.865199
 238.666667, 0.212291, 0.142458, 0.743017, 0.906425
 259.666667, 0.381258, 0.134788, 0.536585, 0.690629
 234.000000, 0.141026, 0.162393, 0.649573, 0.840456
 241.666667, 0.426207, 0.208276, 0.668966, 0.903448
 239.000000, 0.313808, 0.156206, 0.682008, 0.866109
 244.666667, 0.482289, 0.186649, 0.777929, 0.991826
 248.666667, 0.269437, 0.140751, 0.718499, 0.875335
 236.000000, 0.179379, 0.156780, 0.651130, 0.824859
 232.000000, 0.291667, 0.185345, 0.706897, 0.909483
8
 0.250000, 0.000000, 0.000000, 12.000000, 51.000000
 189.000000, 0.407407, 0.352734, 1.093474, 1.532628
 220.000000, 0.496970, 0.357576, 0.863636, 1.242424
 181.000000, 0.243094, 0.508287, 0.813996, 1.338858
 208.000000, 0.157051, 0.238782, 0.945513, 1.200321
 216.666667, 0.218462, 0.238462, 0.780000, 1.046154
 241.000000, 0.218534, 0.154910, 0.828492, 1.012448
 252.000000, 0.428571, 0.145503, 0.601852, 0.768519
 227.000000, 0.089574, 0.146843, 0.784141, 0.947137
 204.666667, 0.105863, 0.171010, 0.809446, 0.996743
 218.333333, 0.170992, 0.158779, 0.735878, 0.911450
 252.333333, 0.340819, 0.150594, 0.723910, 0.895641
 276.000000, 0.547101, 0.124396, 0.527778, 0.671498
 242.333333, 0.184319, 0.148556, 0.647868, 0.814305
 254.666667, 0.393979, 0.163613, 0.674084, 0.857330
 227.333333, 0.376833, 0.174487, 0.708211, 0.900293
 226.000000, 0.290560, 0.184366, 0.820059, 1.042773
 249.000000, 0.307898, 0.152610, 0.705489, 0.875502
 233.333333, 0.124286, 0.164286, 0.645714, 0.825714
 220.333333, 0.180030, 0.151286, 0.629349, 0.798790
9
 0.250000, 0.000000, 0.000000, 3.000000, 50.000000
 202.666667, 0.812500, 0.417763, 1.011513, 1.491776
 254.666667, 0.685864, 0.257853, 0.804974, 1.086387
 188.000000, 0.273050, 0.492908, 0.845745, 1.356383
 220.333333, 0.291982, 0.232980, 0.701967, 0.953101
 220.333333, 0.284418, 0.181543, 0.877458, 1.078669
 242.000000, 0.238292, 0.158402, 0.809917, 0.995868
 255.333333, 0.382507, 0.157963, 0.643603, 0.828982
 254.000000, 0.410761, 0.114173, 0.765092, 0.908136
 210.000000, 0.215873, 0.155556, 0.723810, 0.907937
 228.666667, 0.435860, 0.180758, 0.704082, 0.900875
 239.000000, 0.182706, 0.143654, 0.753138, 0.913529
 232.000000, 0.369253, 0.166667, 0.589080, 0.785920
 242.666667, 0.344780, 0.157967, 0.641484, 0.817308
 241.666667, 0.291034, 0.179310, 0.681379, 0.878621
 219.666667, 0.298938, 0.171472, 0.716237, 0.910470
 227.333333, 0.253666, 0.211144, 0.781525, 1.010264
 246.333333, 0.273342, 0.136671, 0.726658, 0.890392
 256.333333, 0.312094, 0.128739, 0.611183, 0.760728
 224.333333, 0.221397, 0.151560, 0.731055, 0.898960
10
 0.250000, 1.000000, 0.000000, 10.000000, 52.000000
 211.000000, 0.516588, 0.249605, 1.044234, 1.358610
 236.666667, 0.519718, 0.246479, 0.688732, 0.964789
 179.000000, 0.182495, 0.310987, 0.977654, 1.309125
 213.333333, 0.204688, 0.270313, 0.771875, 1.059375
 218.666667, 0.237805, 0.193598, 0.937500, 1.158537
 251.333333, 0.350133, 0.148541, 0.797082, 0.965517
 244.333333, 0.261937, 0.185539, 0.633015, 0.837653
 231.000000, 0.125541, 0.148629, 0.780664, 0.943723
 203.333333, 0.093443, 0.178689, 0.814754, 1.022951
 224.000000, 0.232143, 0.163690, 0.699405, 0.877976
 240.666667, 0.177285, 0.156510, 0.736842, 0.918283
 264.000000, 0.530303, 0.142677, 0.542929, 0.713384
 245.333333, 0.248641, 0.146739, 0.645380, 0.811141
 238.000000, 0.247899, 0.165266, 0.672269, 0.855742
 250.666667, 0.587766, 0.175532, 0.823138, 1.026596
 243.000000, 0.429355, 0.192044, 0.762689, 0.989026
 265.666667, 0.385194, 0.140527, 0.712673, 0.872020
 251.333333, 0.269231, 0.143236, 0.632626, 0.793103
 222.666667, 0.233533, 0.151198, 0.630240, 0.797904
11
 0.250000, 0.000000, 0.000000, 10.000000, 50.000000
 211.333333, 0.537855, 0.307571, 1.034700, 1.425868
 250.000000, 0.633333, 0.217333, 0.716000, 0.958667
 177.333333, 0.225564, 0.327068, 0.902256, 1.413534
 217.666667, 0.229709, 0.185299, 0.758040, 0.969372
 212.000000, 0.254717, 0.235849, 0.732704, 0.987421
 245.000000, 0.285714, 0.145578, 0.718367, 0.881633
 243.333333, 0.390411, 0.152055, 0.601370, 0.772603
 226.333333, 0.083947, 0.150221, 0.782032, 0.948454
 212.666667, 0.158307, 0.150470, 0.702194, 0.871473
 216.000000, 0.108025, 0.158951, 0.726852, 0.901235
 237.666667, 0.152875, 0.141655, 0.765778, 0.934081
 274.000000, 0.508516, 0.116788, 0.512165, 0.649635
 241.333333, 0.219613, 0.153315, 0.636740, 0.810773
 239.666667, 0.190542, 0.165508, 0.675939, 0.858136
 249.333333, 0.475936, 0.175134, 0.673797, 0.879679
 239.000000, 0.359833, 0.142259, 0.804742, 0.972106
 256.333333, 0.413524, 0.148244, 0.707412, 0.872562
 251.333333, 0.351459, 0.492042, 0.661804, 1.175066
 239.000000, 0.376569, 0.163180, 0.729428, 0.912134
12
 0.250000, 0.000000, 0.000000, 9.000000, 49.000000
 214.666667, 0.681677, 0.338509, 0.984472, 1.385093
 248.333333, 0.555705, 0.209396, 0.846980, 1.079195
 217.000000, 0.556068, 0.337942, 0.937020, 1.298003
 213.666667, 0.180967, 0.391576, 0.834633, 1.252730
 204.333333, 0.220228, 0.210440, 0.973899, 1.202284
 248.666667, 0.339142, 0.191689, 0.727882, 0.938338
 248.333333, 0.324832, 0.182550, 0.688591, 0.891275
 231.666667, 0.161151, 0.135252, 0.764029, 0.913669
 211.333333, 0.113565, 0.178233, 0.823344, 1.028391
 228.333333, 0.201460, 0.134307, 0.697810, 0.849635
 243.666667, 0.216142, 0.140903, 0.753762, 0.913817
 244.000000, 0.288251, 0.139344, 0.594262, 0.754098
 241.000000, 0.224066, 0.146611, 0.639004, 0.803596
 253.666667, 0.348226, 0.157687, 0.655716, 0.831800
 245.000000, 0.514286, 0.156463, 0.737415, 0.914286
 226.666667, 0.205882, 0.183824, 0.836765, 1.048529
 243.000000, 0.204390, 0.148148, 0.684499, 0.879287
 235.333333, 0.171388, 0.162890, 0.647309, 0.825779
 225.666667, 0.181684, 0.166913, 0.745938, 0.929099
13
 0.250000, 0.000000, 0.000000, 12.000000, 64.000000
 216.000000, 0.723765, 0.327160, 0.984568, 1.367284
 237.000000, 0.430380, 0.292546, 0.686357, 1.000000
 198.333333, 0.398319, 0.294118, 0.842017, 1.157983
 212.333333, 0.252747, 0.423862, 0.813187, 1.255887
 210.333333, 0.245642, 0.190174, 0.965135, 1.174326
 234.000000, 0.175214, 0.145299, 0.719373, 0.881766
 249.666667, 0.246996, 0.169559, 0.596796, 0.783712
 236.333333, 0.153738, 0.133992, 0.763047, 0.913963
 207.333333, 0.099678, 0.147910, 0.811897, 0.979100
 226.000000, 0.143068, 0.147493, 0.721239, 0.884956
 235.333333, 0.155807, 0.145892, 0.764873, 0.936261
 279.000000, 0.513740, 0.118280, 0.522103, 0.660693
 241.333333, 0.147790, 0.146409, 0.643646, 0.806630
 237.000000, 0.188467, 0.175809, 0.675105, 0.870605
 217.666667, 0.316998, 0.171516, 0.782542, 0.972435
 230.000000, 0.202899, 0.143478, 0.813043, 0.986957
 247.333333, 0.204852, 0.150943, 0.710243, 0.898922
 246.000000, 0.271003, 0.330623, 0.647696, 1.047425
 229.333333, 0.247093, 0.164244, 0.619186, 0.800872
14
 0.250000, 0.000000, 0.000000, 9.000000, 63.000000
 203.333333, 0.501639, 0.308197, 1.057377, 1.413115
 229.000000, 0.455604, 0.308588, 0.714702, 1.043668
 198.333333, 0.396639, 0.478992, 1.031933, 1.531092
 221.000000, 0.221719, 0.357466, 0.760181, 1.135747
 207.000000, 0.177134, 0.230274, 0.935588, 1.183575
 238.000000, 0.282913, 0.196078, 0.805322, 1.016807
 245.333333, 0.228261, 0.150815, 0.614130, 0.783967
 240.000000, 0.266667, 0.148611, 0.743056, 0.908333
 221.666667, 0.288722, 0.147368, 0.657143, 0.822556
 235.333333, 0.303116, 0.127479, 0.695467, 0.851275
 232.333333, 0.167862, 0.146341, 0.761836, 0.926829
 228.333333, 0.265693, 0.169343, 0.601460, 0.808759
 242.000000, 0.220386, 0.150138, 0.644628, 0.812672
 254.333333, 0.391874, 0.158585, 0.661861, 0.844037
 236.666667, 0.311268, 0.159155, 0.691549, 0.869014
 228.666667, 0.195335, 0.160350, 0.811953, 1.011662
 252.333333, 0.269485, 0.153236, 0.689564, 0.869221
 237.333333, 0.182584, 0.158708, 0.639045, 0.823034
 246.666667, 0.470270, 0.209459, 0.590541, 0.820270
15
 0.250000, 0.000000, 0.000000, 1.000000, 61.000000
 204.000000, 0.508170, 0.308824, 1.021242, 1.392157
 246.000000, 0.720867, 0.275068, 0.846883, 1.143631
 169.333333, 0.255906, 0.246063, 1.007874, 1.271654
 224.666667, 0.299703, 0.247774, 0.882789, 1.160237
 227.666667, 0.329429, 0.140556, 0.966325, 1.127379
 238.666667, 0.279330, 0.143855, 0.796089, 0.959497
 262.000000, 0.417303, 0.157761, 0.656489, 0.842239
 262.000000, 0.513995, 0.108142, 0.722646, 0.852417
 216.333333, 0.167951, 0.161787, 0.681048, 0.859784
 229.666667, 0.245283, 0.156749, 0.695210, 0.869376
 231.000000, 0.147186, 0.158730, 0.797980, 0.974026
 276.000000, 0.807971, 0.143720, 0.539855, 0.711353
 242.333333, 0.221458, 0.154058, 0.639615, 0.811554
 248.666667, 0.408847, 0.206434, 0.667560, 0.891421
 225.666667, 0.212703, 0.166913, 0.751846, 0.936484
 226.000000, 0.284661, 0.203540, 0.797935, 1.030973
 256.666667, 0.312987, 0.145455, 0.706494, 0.868831
 250.333333, 0.310253, 0.146471, 0.624501, 0.792277
 224.666667, 0.172107, 0.201780, 0.713650, 0.931751
Histogram
0 0 0 0 0 0 6 21 108 76 33 22 10 17 7 2 1 1 0 0 0 0 0 0 0 0 0 0 0 0 0 0 0 0 0 0 0 0 0 0 0 0 0 0 0 0 0 0 0 0 0 0 0 0 0 0 0 0 0 0 0 0 0 0 0 0 0 0 0 0 0 0 0 0 0 0 0 0 0 0 0 0 0 0 0 0 0 0 0 0 0 0 0 0 0 0 0 0 0 0 0 0 0 0 0 0 0 0 0 0 0 0 0 0 0 0 0 0 0 16 
Cache Miss Ratio
0.0
numOfSets
0
numOfGets
223184
numOfMultiGets
0
