20
0
 0.250000, 0.000000, 0.000000, 10.000000, 64.000000
 215.666667, 0.109737, 0.205564, 0.879444, 1.131376
 239.333333, 0.101671, 0.236769, 0.807799, 1.065460
 248.000000, 0.026882, 0.075269, 0.848118, 0.948925
 269.333333, 0.044554, 0.087871, 0.714109, 0.827970
 236.000000, 0.031073, 0.121469, 0.827684, 0.970339
 266.333333, 0.073842, 0.097622, 0.747184, 0.873592
 251.666667, 0.033113, 0.091391, 0.825166, 0.933775
 238.333333, 0.048951, 0.127273, 0.798601, 0.953846
 209.666667, 0.066773, 0.174881, 0.893482, 1.085851
 257.666667, 0.063389, 0.082794, 0.796895, 0.899094
 275.666667, 0.039903, 0.105200, 0.686820, 0.808948
 272.000000, 0.020833, 0.099265, 0.746324, 0.860294
 241.333333, 0.029006, 0.104972, 0.737569, 0.857735
 283.000000, 0.041225, 0.080094, 0.727915, 0.832744
 275.000000, 0.038788, 0.089697, 0.692121, 0.800000
 270.000000, 0.065432, 0.167901, 0.729630, 0.914815
 273.333333, 0.039024, 0.123171, 0.736585, 0.880488
 294.333333, 0.043035, 0.108720, 0.670442, 0.798414
 253.000000, 0.063241, 0.097497, 0.822134, 0.939394
1
 0.250000, 0.000000, 0.000000, 10.000000, 61.000000
 227.333333, 0.111437, 0.203812, 0.848974, 1.112903
 240.333333, 0.052705, 0.201110, 0.773925, 0.998613
 245.000000, 0.010884, 0.072109, 0.854422, 0.941497
 273.333333, 0.028049, 0.090244, 0.695122, 0.812195
 234.666667, 0.015625, 0.100852, 0.828125, 0.947443
 264.666667, 0.062972, 0.113350, 0.740554, 0.892947
 252.000000, 0.026455, 0.091270, 0.821429, 0.931217
 237.333333, 0.047753, 0.094101, 0.800562, 0.912921
 206.666667, 0.029032, 0.237097, 0.812903, 1.066129
 253.000000, 0.032938, 0.085639, 0.808959, 0.913043
 280.000000, 0.051190, 0.083333, 0.751190, 0.853571
 278.333333, 0.073054, 0.082635, 0.731737, 0.834731
 244.000000, 0.031421, 0.116120, 0.796448, 0.928962
 280.666667, 0.019002, 0.077197, 0.730404, 0.825416
 276.666667, 0.025301, 0.079518, 0.690361, 0.786747
 268.000000, 0.037313, 0.138060, 0.743781, 0.902985
 275.333333, 0.071429, 0.112591, 0.726392, 0.860775
 290.000000, 0.022989, 0.142529, 0.675862, 0.843678
 253.000000, 0.043478, 0.092227, 0.891963, 1.003953
2
 0.250000, 0.000000, 0.000000, 1.000000, 62.000000
 225.666667, 0.168390, 0.224520, 0.905465, 1.175775
 243.000000, 0.085048, 0.164609, 0.744856, 0.936900
 246.666667, 0.027027, 0.071622, 0.855405, 0.941892
 275.333333, 0.046005, 0.076271, 0.694915, 0.788136
 245.666667, 0.097693, 0.122117, 0.822252, 0.962008
 258.666667, 0.027062, 0.112113, 0.747423, 0.877577
 241.000000, 0.013831, 0.112033, 0.852006, 0.977870
 236.666667, 0.036620, 0.133803, 0.800000, 0.950704
 205.666667, 0.012966, 0.264182, 0.922204, 1.215559
 253.000000, 0.026350, 0.086957, 0.812912, 0.916996
 274.666667, 0.041262, 0.088592, 0.754854, 0.873786
 279.333333, 0.140811, 0.096659, 0.727924, 0.840095
 249.666667, 0.041389, 0.110814, 0.793057, 0.922563
 283.000000, 0.051826, 0.077739, 0.723204, 0.817432
 281.000000, 0.048636, 0.092527, 0.692764, 0.801898
 269.666667, 0.039555, 0.147095, 0.716934, 0.883807
 272.333333, 0.040392, 0.095471, 0.747858, 0.861689
 295.666667, 0.058625, 0.093574, 0.671928, 0.792559
 254.666667, 0.047120, 0.091623, 0.823298, 0.934555
3
 0.250000, 0.000000, 0.000000, 10.000000, 69.000000
 226.000000, 0.082596, 0.160767, 0.823009, 1.026549
 235.333333, 0.039660, 0.179887, 0.759207, 0.961756
 248.000000, 0.013441, 0.076613, 0.853495, 0.955645
 275.666667, 0.062878, 0.090689, 0.697703, 0.814994
 237.666667, 0.043478, 0.110799, 0.841515, 0.970547
 263.000000, 0.043093, 0.108999, 0.733840, 0.861850
 248.333333, 0.030872, 0.108725, 0.826846, 0.951678
 238.333333, 0.060140, 0.130070, 0.869930, 1.018182
 214.000000, 0.079439, 0.219626, 0.862928, 1.104361
 255.000000, 0.019608, 0.086275, 0.809150, 0.911111
 280.000000, 0.069048, 0.083333, 0.683333, 0.786905
 273.666667, 0.042631, 0.077954, 0.739342, 0.835566
 249.333333, 0.057487, 0.110963, 0.768717, 0.898396
 280.333333, 0.024970, 0.089180, 0.722949, 0.838288
 277.000000, 0.021661, 0.087846, 0.684717, 0.791817
 269.000000, 0.030979, 0.149938, 0.732342, 0.902107
 276.000000, 0.064010, 0.105072, 0.750000, 0.875604
 291.333333, 0.035469, 0.106407, 0.676201, 0.802059
 256.000000, 0.053385, 0.102865, 0.885417, 1.015625
4
 0.250000, 0.000000, 0.000000, 11.000000, 70.000000
 239.000000, 0.198047, 0.172943, 0.849372, 1.099024
 241.333333, 0.082873, 0.265193, 0.803867, 1.091160
 247.000000, 0.035088, 0.079622, 0.860999, 0.955466
 275.333333, 0.037530, 0.083535, 0.707022, 0.815981
 241.666667, 0.045517, 0.176552, 0.833103, 1.027586
 263.666667, 0.088496, 0.104930, 0.742099, 0.864728
 253.666667, 0.042050, 0.084100, 0.823916, 0.926413
 237.000000, 0.045007, 0.111111, 0.814346, 0.943741
 209.666667, 0.028617, 0.192369, 0.875994, 1.085851
 259.333333, 0.041131, 0.077121, 0.794344, 0.890746
 278.666667, 0.130383, 0.125598, 0.753589, 0.895933
 277.333333, 0.045673, 0.085337, 0.745192, 0.848558
 248.000000, 0.044355, 0.116935, 0.798387, 0.931452
 283.000000, 0.034158, 0.076561, 0.730271, 0.823322
 275.666667, 0.026602, 0.083434, 0.694075, 0.795647
 271.666667, 0.063804, 0.157055, 0.717791, 0.893252
 274.000000, 0.048662, 0.099757, 0.749392, 0.873479
 294.000000, 0.053288, 0.091837, 0.666667, 0.777778
 256.333333, 0.041612, 0.096229, 0.802341, 0.931079
5
 0.250000, 0.000000, 0.000000, 10.000000, 61.000000
 235.333333, 0.184136, 0.191218, 0.849858, 1.092068
 237.666667, 0.075736, 0.252454, 0.821879, 1.095372
 245.000000, 0.024490, 0.072109, 0.863946, 0.951020
 275.666667, 0.044740, 0.077388, 0.692866, 0.787183
 244.000000, 0.133880, 0.143443, 0.815574, 0.978142
 261.666667, 0.068790, 0.108280, 0.749045, 0.877707
 254.000000, 0.041995, 0.086614, 0.770341, 0.935696
 237.333333, 0.029494, 0.089888, 0.816011, 0.924157
 211.000000, 0.069510, 0.257504, 0.870458, 1.148499
 262.000000, 0.069975, 0.067430, 0.787532, 0.876590
 275.666667, 0.060459, 0.122128, 0.689238, 0.825877
 277.000000, 0.063779, 0.089049, 0.729242, 0.835138
 246.333333, 0.020298, 0.093369, 0.753721, 0.866035
 283.666667, 0.061105, 0.082256, 0.720329, 0.821387
 277.666667, 0.031212, 0.104442, 0.695078, 0.817527
 264.000000, 0.016414, 0.137626, 0.742424, 0.897727
 275.666667, 0.053204, 0.100363, 0.740024, 0.860943
 290.333333, 0.030999, 0.109070, 0.675086, 0.803674
 256.666667, 0.055844, 0.116883, 0.842857, 0.979221
6
 0.250000, 2.000000, 0.000000, 10.000000, 68.000000
 230.333333, 0.136035, 0.193922, 0.806078, 1.075253
 231.333333, 0.051873, 0.207493, 0.788184, 1.017291
 246.666667, 0.027027, 0.078378, 0.856757, 0.950000
 273.333333, 0.032927, 0.079268, 0.697561, 0.793902
 235.333333, 0.041076, 0.144476, 0.835694, 0.998584
 258.666667, 0.028351, 0.104381, 0.752577, 0.873711
 243.000000, 0.016461, 0.109739, 0.849108, 0.978052
 237.333333, 0.042135, 0.199438, 0.804775, 1.019663
 207.333333, 0.019293, 0.273312, 0.874598, 1.167203
 254.666667, 0.039267, 0.086387, 0.812827, 0.925393
 281.000000, 0.051008, 0.096085, 0.756821, 0.869514
 271.333333, 0.031941, 0.084767, 0.724816, 0.825553
 246.333333, 0.017591, 0.105548, 0.757781, 0.880920
 281.666667, 0.034320, 0.081657, 0.728994, 0.827219
 275.666667, 0.030230, 0.083434, 0.694075, 0.805320
 273.333333, 0.048780, 0.132927, 0.717073, 0.869512
 270.666667, 0.039409, 0.091133, 0.745074, 0.866995
 292.333333, 0.054732, 0.109464, 0.672748, 0.801596
 257.666667, 0.046572, 0.115136, 0.793014, 0.927555
7
 0.250000, 0.000000, 0.000000, 9.000000, 60.000000
 219.000000, 0.053272, 0.231355, 0.828006, 1.126332
 243.333333, 0.072603, 0.239726, 0.794521, 1.056164
 247.666667, 0.045760, 0.072678, 0.851952, 0.940781
 272.000000, 0.031863, 0.096814, 0.697304, 0.822304
 237.666667, 0.056101, 0.172511, 0.820477, 1.008415
 262.000000, 0.066158, 0.108142, 0.749364, 0.876590
 259.000000, 0.072072, 0.086229, 0.801802, 0.908623
 238.333333, 0.051748, 0.181818, 0.793007, 1.002797
 209.000000, 0.033493, 0.293461, 0.781499, 1.169059
 256.333333, 0.033810, 0.083225, 0.801040, 0.899870
 282.333333, 0.057851, 0.094451, 0.742621, 0.854782
 270.333333, 0.022195, 0.091245, 0.731196, 0.839704
 240.000000, 0.013889, 0.166667, 0.836111, 1.036111
 279.000000, 0.019116, 0.075269, 0.729988, 0.823178
 277.666667, 0.048019, 0.090036, 0.691477, 0.809124
 268.000000, 0.043532, 0.154229, 0.716418, 0.896766
 271.666667, 0.031902, 0.112883, 0.758282, 0.889571
 291.333333, 0.062929, 0.139588, 0.670481, 0.838673
 257.000000, 0.058366, 0.118029, 0.826200, 0.971466
Histogram
0 0 0 0 0 0 0 10 67 46 20 8 1 0 0 0 0 0 0 0 0 0 0 0 0 0 0 0 0 0 0 0 0 0 0 0 0 0 0 0 0 0 0 0 0 0 0 0 0 0 0 0 0 0 0 0 0 0 0 0 0 0 0 0 0 0 0 0 0 0 0 0 0 0 0 0 0 0 0 0 0 0 0 0 0 0 0 0 0 0 0 0 0 0 0 0 0 0 0 0 0 0 0 0 0 0 0 0 0 0 0 0 0 0 0 0 0 0 0 8 
Cache Miss Ratio
0.0
numOfSets
0
numOfGets
124149
numOfMultiGets
0
