20
0
 0.250000, 0.000000, 0.000000, 7.000000, 76.000000
 134.333333, 2.064516, 0.736973, 1.052109, 1.870968
 162.333333, 1.080082, 0.283368, 0.958932, 1.266940
 149.333333, 0.620536, 0.232143, 1.145089, 1.397321
 158.000000, 0.620253, 0.198312, 1.394515, 1.613924
 149.666667, 0.766147, 0.249443, 1.300668, 1.574610
 147.666667, 0.722348, 0.273138, 1.358916, 1.652370
 158.666667, 0.676471, 0.226891, 1.254202, 1.502101
 166.333333, 0.859719, 0.198397, 1.006012, 1.238477
 142.666667, 0.579439, 0.193925, 1.315421, 1.530374
 138.333333, 0.645783, 0.187952, 0.843373, 1.053012
 167.666667, 0.789264, 0.246521, 0.878728, 1.147117
 170.666667, 0.718750, 0.189453, 0.980469, 1.189453
 142.000000, 0.561033, 0.279343, 1.342723, 1.645540
 174.000000, 0.936782, 0.335249, 1.159004, 1.513410
 156.000000, 0.690171, 0.211538, 1.228632, 1.461538
 146.333333, 0.699317, 0.241458, 1.079727, 1.341686
 162.666667, 0.975410, 0.209016, 1.252049, 1.481557
 131.333333, 0.439086, 0.213198, 1.352792, 1.601523
 161.666667, 0.820619, 0.206186, 1.035052, 1.261856
1
 0.250000, 0.000000, 10.000000, 6.000000, 76.000000
 126.666667, 2.036842, 0.739474, 1.181579, 2.005263
 143.666667, 0.877030, 0.222738, 1.011601, 1.259861
 148.666667, 0.686099, 0.201794, 1.136771, 1.360987
 151.000000, 0.717439, 0.183223, 1.229581, 1.432671
 134.666667, 0.490099, 0.225248, 1.267327, 1.514851
 146.000000, 0.675799, 0.219178, 1.260274, 1.500000
 146.000000, 0.634703, 0.207763, 1.123288, 1.349315
 150.666667, 0.738938, 0.205752, 1.236726, 1.464602
 164.333333, 0.760649, 0.231237, 1.233266, 1.501014
 156.333333, 0.773987, 0.388060, 1.053305, 1.462687
 150.333333, 0.667406, 0.210643, 1.042129, 1.288248
 159.333333, 0.742678, 0.228033, 1.085774, 1.334728
 133.333333, 0.610000, 0.235000, 1.180000, 1.437500
 139.333333, 0.653110, 0.212919, 1.131579, 1.382775
 150.000000, 0.768889, 0.228889, 1.362222, 1.608889
 167.333333, 0.752988, 0.241036, 0.964143, 1.225100
 160.666667, 0.647303, 0.207469, 1.217842, 1.446058
 129.000000, 0.496124, 0.328165, 1.387597, 1.736434
 132.000000, 0.474747, 0.227273, 1.055556, 1.303030
2
 0.250000, 0.000000, 9.000000, 27.000000, 96.000000
 139.333333, 2.490431, 0.894737, 1.246411, 2.200957
 167.666667, 1.033797, 0.264414, 1.053678, 1.339960
 160.666667, 0.892116, 0.240664, 1.147303, 1.410788
 150.000000, 0.604444, 0.186667, 1.377778, 1.597778
 166.333333, 0.773547, 0.236473, 1.282565, 1.557114
 146.333333, 0.608200, 0.239180, 1.277904, 1.539863
 166.000000, 0.809237, 0.226908, 1.072289, 1.319277
 170.333333, 0.956947, 0.238748, 0.974560, 1.236791
 144.333333, 0.702079, 0.200924, 1.318707, 1.540416
 141.000000, 0.612293, 0.212766, 0.829787, 1.078014
 160.666667, 0.651452, 0.230290, 0.987552, 1.238589
 167.000000, 0.722555, 0.211577, 0.990020, 1.221557
 138.000000, 0.640097, 0.183575, 1.050725, 1.256039
 168.333333, 0.734653, 0.223762, 1.108911, 1.352475
 152.666667, 0.611354, 0.233624, 1.316594, 1.587336
 159.000000, 0.752621, 0.253669, 0.997904, 1.274633
 145.666667, 0.757437, 0.196796, 1.336384, 1.567506
 138.666667, 0.574519, 0.293269, 1.132212, 1.444712
 147.666667, 0.607223, 0.185102, 1.065463, 1.273138
3
 0.250000, 0.000000, 9.000000, 11.000000, 67.000000
 126.000000, 1.883598, 0.640212, 1.277778, 2.015873
 163.000000, 0.979550, 0.353783, 1.081800, 1.480573
 149.333333, 0.678571, 0.227679, 1.156250, 1.404018
 159.333333, 0.715481, 0.215481, 1.433054, 1.667364
 162.666667, 0.620902, 0.264344, 1.149590, 1.436475
 158.333333, 0.747368, 0.242105, 1.330526, 1.595789
 146.666667, 0.634091, 0.195455, 1.234091, 1.450000
 158.000000, 0.940928, 0.232068, 1.183544, 1.451477
 166.333333, 0.753507, 0.220441, 1.316633, 1.559118
 163.000000, 0.856851, 0.231084, 0.768916, 1.022495
 152.666667, 0.825328, 0.222707, 0.960699, 1.203057
 161.666667, 0.731959, 0.197938, 1.006186, 1.222680
 147.666667, 0.740406, 0.257336, 1.173815, 1.467269
 166.000000, 0.646586, 0.208835, 1.052209, 1.285141
 149.666667, 0.701559, 0.211581, 1.445434, 1.679287
 156.333333, 0.611940, 0.204691, 1.008529, 1.266525
 166.333333, 0.747495, 0.200401, 1.178357, 1.398798
 144.666667, 0.571429, 0.221198, 1.294931, 1.536866
 157.666667, 0.818182, 0.217759, 1.054968, 1.293869
4
 0.250000, 0.000000, 9.000000, 8.000000, 72.000000
 128.666667, 2.494819, 0.621762, 1.209845, 1.893782
 153.666667, 0.826464, 0.236443, 1.171367, 1.429501
 149.000000, 0.557047, 0.205817, 1.118568, 1.353468
 160.000000, 0.541667, 0.227083, 1.304167, 1.550000
 157.333333, 0.790254, 0.281780, 1.313559, 1.631356
 155.000000, 0.827957, 0.230108, 1.473118, 1.726882
 162.333333, 0.722793, 0.217659, 1.190965, 1.427105
 177.000000, 1.030132, 0.214689, 1.022599, 1.259887
 164.666667, 0.619433, 0.255061, 1.277328, 1.554656
 155.000000, 0.720430, 0.215054, 0.784946, 1.019355
 157.000000, 0.895966, 0.233546, 0.968153, 1.220807
 154.666667, 0.581897, 0.176724, 0.993534, 1.191810
 137.000000, 0.729927, 0.309002, 1.211679, 1.542579
 141.666667, 0.781176, 0.235294, 1.204706, 1.489412
 150.666667, 0.714602, 0.196903, 1.356195, 1.573009
 140.000000, 0.471429, 0.247619, 1.092857, 1.359524
 162.000000, 0.965021, 0.222222, 1.117284, 1.358025
 149.000000, 0.845638, 0.306488, 1.178971, 1.503356
 147.333333, 0.538462, 0.221719, 0.986425, 1.280543
5
 0.250000, 0.000000, 9.000000, 5.000000, 75.000000
 148.666667, 2.988789, 0.843049, 1.112108, 2.008969
 149.666667, 0.859688, 0.307350, 1.042316, 1.371938
 161.666667, 0.898969, 0.228866, 1.167010, 1.414433
 160.000000, 0.610417, 0.233333, 1.429167, 1.683333
 161.666667, 1.239175, 0.249485, 1.140206, 1.410309
 147.333333, 0.619910, 0.255656, 1.565611, 1.850679
 152.333333, 0.805252, 0.212254, 1.113786, 1.345733
 147.333333, 0.644796, 0.187783, 1.142534, 1.352941
 150.000000, 0.544444, 0.217778, 1.377778, 1.617778
 146.000000, 0.547945, 0.223744, 0.778539, 1.025114
 147.666667, 0.593679, 0.225734, 0.986456, 1.230248
 156.000000, 0.596154, 0.200855, 1.042735, 1.264957
 133.000000, 0.533835, 0.177945, 1.090226, 1.288221
 167.666667, 0.968191, 0.260437, 1.031809, 1.312127
 172.666667, 0.756757, 0.241313, 1.301158, 1.561776
 153.333333, 0.628261, 0.280435, 1.013043, 1.313043
 168.000000, 0.916667, 0.222222, 1.111111, 1.355159
 126.000000, 0.423280, 0.193122, 1.370370, 1.582011
 147.000000, 0.693878, 0.324263, 0.981859, 1.335601
6
 0.250000, 0.000000, 9.000000, 5.000000, 73.000000
 141.666667, 2.595294, 0.778824, 1.068235, 1.934118
 147.000000, 0.934240, 0.251701, 1.034014, 1.306122
 153.000000, 0.570806, 0.237473, 1.202614, 1.461874
 154.000000, 0.642857, 0.192641, 1.504329, 1.718615
 145.666667, 0.654462, 0.231121, 1.299771, 1.553776
 141.000000, 0.527187, 0.224586, 1.628842, 1.874704
 152.000000, 0.750000, 0.197368, 1.153509, 1.370614
 151.666667, 0.624176, 0.184615, 1.303297, 1.505495
 162.666667, 0.649590, 0.213115, 1.340164, 1.577869
 163.666667, 1.146640, 0.250509, 0.824847, 1.095723
 160.000000, 1.043750, 0.233333, 0.968750, 1.222917
 163.000000, 0.611452, 0.196319, 1.012270, 1.241309
 133.000000, 0.518797, 0.243108, 1.187970, 1.453634
 156.666667, 0.623404, 0.229787, 1.063830, 1.314894
 149.000000, 0.604027, 0.241611, 1.346756, 1.608501
 142.333333, 0.723653, 0.217799, 1.117096, 1.358314
 143.000000, 0.503497, 0.214452, 1.296037, 1.531469
 130.333333, 0.501279, 0.194373, 1.265985, 1.483376
 163.333333, 0.877551, 0.216327, 1.022449, 1.257143
7
 0.250000, 0.000000, 9.000000, 2.000000, 114.000000
 129.333333, 1.773196, 0.652062, 1.051546, 1.757732
 146.333333, 0.861048, 0.266515, 1.168565, 1.455581
 163.000000, 0.742331, 0.276074, 1.130879, 1.429448
 166.666667, 0.672000, 0.226000, 1.340000, 1.588000
 154.333333, 0.663067, 0.248380, 1.360691, 1.630670
 151.000000, 0.710817, 0.267108, 1.359823, 1.649007
 149.666667, 0.619154, 0.207127, 1.211581, 1.438753
 151.666667, 0.712088, 0.200000, 1.340659, 1.560440
 154.666667, 0.689655, 0.200431, 1.334052, 1.573276
 139.333333, 0.782297, 0.203349, 0.794258, 1.019139
 151.333333, 0.651982, 0.268722, 0.927313, 1.218062
 155.000000, 0.653763, 0.219355, 0.993548, 1.249462
 147.666667, 0.744921, 0.234763, 1.081264, 1.334086
 154.666667, 0.547414, 0.202586, 1.144397, 1.368534
 170.666667, 0.708984, 0.224609, 1.326172, 1.583984
 156.333333, 0.716418, 0.255864, 1.132196, 1.424307
 150.000000, 0.817778, 0.224444, 1.091111, 1.335556
 160.666667, 0.680498, 0.352697, 1.338174, 1.711618
 165.666667, 0.678068, 0.189135, 1.012072, 1.219316
8
 0.250000, 0.000000, 9.000000, 7.000000, 114.000000
 135.000000, 2.523457, 0.800000, 1.044444, 1.888889
 152.333333, 1.054705, 0.271335, 0.973742, 1.269147
 157.333333, 0.750000, 0.262712, 1.188559, 1.472458
 152.333333, 0.529540, 0.194748, 1.317287, 1.533917
 151.666667, 0.549451, 0.232967, 1.268132, 1.523077
 145.000000, 0.533333, 0.248276, 1.363218, 1.634483
 153.000000, 0.773420, 0.226580, 1.165577, 1.429194
 164.333333, 0.653144, 0.237323, 1.073022, 1.332657
 172.333333, 0.845261, 0.218569, 1.321083, 1.564797
 155.333333, 0.830472, 0.246781, 0.772532, 1.042918
 158.333333, 0.574737, 0.225263, 1.008421, 1.254737
 157.666667, 0.547569, 0.217759, 0.966173, 1.205074
 142.000000, 0.786385, 0.206573, 1.107981, 1.335681
 164.666667, 0.690283, 0.206478, 1.121457, 1.348178
 169.000000, 0.832347, 0.234714, 1.266272, 1.518738
 136.666667, 0.582927, 0.243902, 1.017073, 1.280488
 139.333333, 0.595694, 0.220096, 1.349282, 1.595694
 128.000000, 0.388021, 0.330729, 1.276042, 1.625000
 147.666667, 0.634312, 0.232506, 1.006772, 1.259594
9
 0.250000, 0.000000, 8.000000, 1.000000, 114.000000
 132.000000, 1.765152, 0.944444, 1.111111, 2.098485
 157.666667, 1.019027, 0.238901, 1.010571, 1.274841
 178.000000, 0.919476, 0.204120, 1.161049, 1.391386
 169.333333, 0.679134, 0.208661, 1.204724, 1.446850
 157.666667, 0.816068, 0.241015, 1.196617, 1.456660
 158.000000, 0.698312, 0.282700, 1.561181, 1.873418
 154.666667, 0.635776, 0.234914, 1.209052, 1.465517
 147.000000, 0.648526, 0.201814, 1.251701, 1.478458
 144.333333, 0.678984, 0.200924, 1.316397, 1.545035
 146.000000, 0.780822, 0.194064, 0.853881, 1.068493
 158.666667, 0.691176, 0.228992, 0.989496, 1.252101
 169.000000, 0.717949, 0.195266, 0.974359, 1.191321
 142.000000, 0.640845, 0.300469, 1.192488, 1.514085
 132.333333, 0.340050, 0.173804, 1.259446, 1.453401
 145.000000, 0.712644, 0.174713, 1.305747, 1.501149
 151.666667, 0.778022, 0.325275, 1.096703, 1.443956
 160.333333, 0.663202, 0.228690, 1.193347, 1.440748
 126.666667, 0.371053, 0.171053, 1.200000, 1.389474
 166.333333, 0.665331, 0.190381, 1.004008, 1.222445
10
 0.250000, 0.000000, 8.000000, 9.000000, 114.000000
 132.333333, 2.080605, 0.738035, 1.138539, 1.921914
 158.666667, 0.878151, 0.279412, 0.871849, 1.172269
 161.333333, 0.626033, 0.231405, 1.049587, 1.299587
 165.666667, 0.595573, 0.197183, 1.329980, 1.549296
 146.000000, 0.573059, 0.242009, 1.248858, 1.518265
 141.333333, 0.507075, 0.238208, 1.209906, 1.469340
 161.666667, 0.769072, 0.222680, 1.136082, 1.379381
 141.666667, 0.705882, 0.197647, 1.251765, 1.470588
 150.333333, 0.631929, 0.230599, 1.345898, 1.596452
 140.333333, 0.655582, 0.223278, 0.857482, 1.116390
 159.333333, 0.855649, 0.202929, 0.979079, 1.202929
 170.666667, 0.843750, 0.183594, 1.027344, 1.234375
 138.666667, 0.766827, 0.274038, 1.173077, 1.468750
 136.000000, 0.465686, 0.205882, 1.134804, 1.375000
 145.000000, 0.503448, 0.200000, 1.356322, 1.574713
 148.333333, 0.537079, 0.215730, 1.029213, 1.262921
 160.000000, 0.629167, 0.210417, 1.247917, 1.481250
 161.333333, 0.605372, 0.332645, 1.216942, 1.568182
 153.333333, 0.586957, 0.215217, 1.052174, 1.289130
11
 0.250000, 0.000000, 8.000000, 1.000000, 57.000000
 136.000000, 1.946078, 0.674020, 1.191176, 1.965686
 150.666667, 0.984513, 0.258850, 1.092920, 1.371681
 167.666667, 0.632207, 0.222664, 1.135189, 1.377734
 157.000000, 0.675159, 0.227176, 1.397028, 1.645435
 153.666667, 0.561822, 0.264642, 1.433839, 1.718004
 150.666667, 0.628319, 0.276549, 1.320796, 1.619469
 153.666667, 0.559653, 0.212581, 1.203905, 1.442516
 147.333333, 0.760181, 0.194570, 1.217195, 1.434389
 136.333333, 0.696822, 0.200489, 1.408313, 1.630807
 144.666667, 0.615207, 0.396313, 1.069124, 1.488479
 154.333333, 0.848812, 0.235421, 0.946004, 1.203024
 177.666667, 0.645403, 0.195122, 0.996248, 1.212008
 153.666667, 0.800434, 0.227766, 1.255965, 1.505423
 142.333333, 0.543326, 0.203747, 1.140515, 1.362998
 164.666667, 0.864372, 0.251012, 1.319838, 1.591093
 152.333333, 0.680525, 0.293217, 1.004376, 1.319475
 158.000000, 0.715190, 0.232068, 1.257384, 1.508439
 160.666667, 0.508299, 0.313278, 1.273859, 1.612033
 130.000000, 0.528205, 0.220513, 1.066667, 1.310256
12
 0.250000, 0.000000, 8.000000, 5.000000, 73.000000
 130.000000, 1.594872, 0.628205, 1.189744, 1.869231
 160.333333, 1.153846, 0.251559, 1.018711, 1.295218
 177.000000, 0.913371, 0.241055, 1.122411, 1.393597
 156.666667, 0.534043, 0.191489, 1.365957, 1.580851
 149.000000, 0.523490, 0.250559, 1.409396, 1.697987
 148.000000, 0.594595, 0.245495, 1.556306, 1.822072
 154.666667, 0.816810, 0.213362, 1.155172, 1.390086
 144.666667, 0.509217, 0.221198, 1.262673, 1.518433
 149.333333, 0.622768, 0.209821, 1.314732, 1.549107
 140.000000, 0.492857, 0.202381, 0.926190, 1.150000
 159.666667, 0.757829, 0.223382, 0.987474, 1.231733
 158.666667, 0.634454, 0.184874, 1.100840, 1.323529
 145.333333, 0.616972, 0.197248, 1.142202, 1.360092
 163.000000, 0.676892, 0.310838, 1.055215, 1.386503
 141.333333, 0.396226, 0.179245, 1.389151, 1.587264
 153.666667, 0.735358, 0.221258, 0.995662, 1.249458
 162.333333, 0.698152, 0.215606, 1.164271, 1.402464
 154.333333, 0.488121, 0.203024, 1.274298, 1.498920
 143.333333, 0.695349, 0.197674, 1.060465, 1.283721
13
 0.250000, 0.000000, 8.000000, 0.000000, 73.000000
 125.333333, 1.678191, 0.723404, 1.212766, 2.010638
 159.333333, 0.930962, 0.453975, 1.023013, 1.514644
 170.000000, 0.741176, 0.252941, 1.060784, 1.349020
 158.666667, 0.829832, 0.195378, 1.319328, 1.535714
 145.666667, 0.521739, 0.231121, 1.359268, 1.610984
 147.333333, 0.581448, 0.226244, 1.493213, 1.742081
 158.666667, 0.699580, 0.235294, 1.237395, 1.493697
 153.333333, 0.719565, 0.204348, 1.026087, 1.378261
 155.666667, 0.790150, 0.211991, 1.235546, 1.468951
 146.333333, 0.874715, 0.353075, 0.954442, 1.328018
 164.666667, 0.791498, 0.212551, 1.010121, 1.255061
 156.333333, 0.609808, 0.187633, 0.965885, 1.174840
 127.666667, 0.449086, 0.242820, 1.041775, 1.305483
 143.666667, 0.426914, 0.199536, 1.180974, 1.419954
 141.666667, 0.588235, 0.181176, 1.402353, 1.618824
 145.000000, 0.464368, 0.239080, 1.006897, 1.264368
 176.333333, 0.720227, 0.209830, 1.253308, 1.483932
 127.000000, 0.391076, 0.202100, 1.341207, 1.564304
 146.333333, 0.753986, 0.205011, 1.116173, 1.341686
14
 0.250000, 0.000000, 8.000000, 5.000000, 114.000000
 138.333333, 2.443373, 0.812048, 1.212048, 2.091566
 150.666667, 0.984513, 0.238938, 1.070796, 1.327434
 150.000000, 0.500000, 0.226667, 1.166667, 1.413333
 154.666667, 0.648707, 0.189655, 1.400862, 1.609914
 157.333333, 0.735169, 0.269068, 1.332627, 1.622881
 143.666667, 0.647332, 0.280742, 1.285383, 1.589327
 152.000000, 0.695175, 0.210526, 1.087719, 1.328947
 168.666667, 0.762846, 0.225296, 1.106719, 1.355731
 159.333333, 0.744770, 0.251046, 1.202929, 1.489540
 142.333333, 0.578454, 0.213115, 0.810304, 1.044496
 168.333333, 0.938614, 0.239604, 0.922772, 1.205941
 178.666667, 0.813433, 0.201493, 1.059701, 1.281716
 145.666667, 0.798627, 0.235698, 1.224256, 1.480549
 167.333333, 0.587649, 0.235060, 1.137450, 1.392430
 154.666667, 0.818966, 0.226293, 1.344828, 1.605603
 154.666667, 0.732759, 0.206897, 1.047414, 1.273707
 171.333333, 0.770428, 0.192607, 1.215953, 1.433852
 154.333333, 0.622030, 0.311015, 1.419006, 1.751620
 164.333333, 0.760649, 0.221095, 1.093306, 1.334686
15
 0.250000, 0.000000, 8.000000, 2.000000, 113.000000
 140.333333, 2.244656, 0.817102, 1.121140, 1.988124
 151.000000, 0.825607, 0.253863, 1.110375, 1.395143
 162.666667, 0.827869, 0.272541, 1.100410, 1.395492
 151.000000, 0.695364, 0.203091, 1.437086, 1.662252
 152.333333, 0.396061, 0.273523, 1.393873, 1.689278
 146.000000, 0.712329, 0.226027, 1.340183, 1.593607
 147.333333, 0.615385, 0.212670, 1.162896, 1.398190
 144.000000, 0.518519, 0.199074, 1.175926, 1.393519
 143.666667, 0.672854, 0.218097, 1.334107, 1.573086
 145.333333, 0.690367, 0.231651, 1.011468, 1.263761
 171.666667, 1.293204, 0.314563, 0.947573, 1.295146
 165.000000, 0.569697, 0.193939, 1.004040, 1.218182
 146.333333, 0.492027, 0.252847, 1.230068, 1.505695
 170.333333, 0.984344, 0.223092, 1.005871, 1.250489
 159.666667, 0.544885, 0.219207, 1.373695, 1.611691
 138.000000, 0.565217, 0.202899, 0.990338, 1.214976
 171.333333, 0.846304, 0.202335, 1.202335, 1.428016
 156.666667, 0.604255, 0.297872, 1.202128, 1.519149
 141.666667, 0.757647, 0.171765, 1.011765, 1.218824
16
 0.250000, 0.000000, 8.000000, 9.000000, 113.000000
 135.000000, 2.486420, 0.839506, 1.197531, 2.096296
 148.333333, 1.002247, 0.271910, 1.056180, 1.348315
 156.666667, 0.776596, 0.240426, 1.072340, 1.348936
 158.666667, 0.728992, 0.203782, 1.382353, 1.605042
 175.666667, 1.064516, 0.259962, 1.229602, 1.510436
 147.666667, 0.668172, 0.218962, 1.302483, 1.544018
 147.333333, 0.649321, 0.239819, 1.217195, 1.486425
 136.666667, 0.590244, 0.226829, 1.341463, 1.587805
 158.000000, 0.641350, 0.217300, 1.354430, 1.590717
 163.666667, 0.810591, 0.236253, 0.735234, 0.991853
 165.666667, 0.784708, 0.247485, 0.931590, 1.201207
 163.666667, 0.771894, 0.207739, 1.024440, 1.252546
 143.000000, 0.494172, 0.184149, 1.319347, 1.524476
 160.666667, 0.510373, 0.188797, 1.058091, 1.267635
 173.666667, 0.621881, 0.243762, 1.330134, 1.595010
 141.333333, 0.591981, 0.169811, 1.047170, 1.238208
 134.666667, 0.400990, 0.212871, 1.349010, 1.599010
 129.333333, 0.479381, 0.280928, 1.198454, 1.500000
 147.000000, 0.684807, 0.206349, 1.000000, 1.226757
17
 0.250000, 0.000000, 7.000000, 0.000000, 56.000000
 120.666667, 1.906077, 0.919890, 1.160221, 2.193370
 146.000000, 0.705479, 0.276256, 1.011416, 1.315068
 164.000000, 0.825203, 0.239837, 1.138211, 1.400407
 151.000000, 0.450331, 0.183223, 1.355408, 1.558499
 160.333333, 0.740125, 0.276507, 1.399168, 1.698545
 143.000000, 0.536131, 0.221445, 1.286713, 1.529138
 159.000000, 1.058700, 0.228512, 1.094340, 1.339623
 147.666667, 0.674944, 0.185102, 1.309255, 1.530474
 160.000000, 0.514583, 0.245833, 1.333333, 1.602083
 149.000000, 0.733781, 0.232662, 0.959732, 1.212528
 155.000000, 0.673118, 0.245161, 1.034409, 1.301075
 165.000000, 0.876768, 0.234343, 1.048485, 1.303030
 140.000000, 0.600000, 0.247619, 1.171429, 1.440476
 164.000000, 0.530488, 0.197154, 1.189024, 1.408537
 171.666667, 0.963107, 0.205825, 1.299029, 1.526214
 158.666667, 0.672269, 0.214286, 0.953782, 1.193277
 179.666667, 0.690167, 0.220779, 1.161410, 1.402597
 164.666667, 0.564777, 0.303644, 1.170040, 1.493927
 144.000000, 0.486111, 0.206019, 0.972222, 1.201389
18
 0.250000, 0.000000, 2.000000, 19.000000, 66.000000
 124.666667, 1.941176, 0.558824, 1.165775, 1.815508
 161.333333, 1.092975, 0.301653, 0.935950, 1.258264
 149.333333, 0.743304, 0.200893, 1.198661, 1.433036
 154.000000, 0.655844, 0.179654, 1.233766, 1.445887
 146.666667, 0.661364, 0.240909, 1.415909, 1.679545
 149.333333, 0.459821, 0.305804, 1.299107, 1.627232
 150.666667, 0.816372, 0.219027, 1.241150, 1.477876
 160.666667, 0.883817, 0.215768, 1.226141, 1.470954
 147.000000, 0.829932, 0.206349, 1.290249, 1.519274
 139.000000, 0.505995, 0.242206, 0.949640, 1.213429
 158.666667, 0.947479, 0.237395, 0.943277, 1.199580
 153.666667, 0.511931, 0.203905, 1.060738, 1.288503
 139.666667, 0.622912, 0.221957, 1.164678, 1.405728
 165.666667, 0.722334, 0.221328, 1.006036, 1.245473
 147.000000, 0.705215, 0.226757, 1.435374, 1.691610
 144.666667, 0.758065, 0.211982, 1.002304, 1.248848
 153.666667, 0.492408, 0.219089, 1.290672, 1.529284
 133.333333, 0.612500, 0.185000, 1.185000, 1.407500
 151.666667, 0.615385, 0.213187, 1.028571, 1.263736
19
 0.250000, 0.000000, 2.000000, 19.000000, 66.000000
 127.333333, 1.641361, 0.735602, 1.253927, 2.081152
 144.666667, 0.843318, 0.248848, 0.949309, 1.221198
 152.333333, 0.680525, 0.212254, 1.144420, 1.389497
 161.333333, 0.628099, 0.206612, 1.204545, 1.431818
 155.333333, 0.738197, 0.218884, 1.199571, 1.442060
 149.333333, 0.674107, 0.234375, 1.223214, 1.477679
 146.666667, 0.590909, 0.206818, 1.131818, 1.359091
 141.000000, 0.427896, 0.182033, 1.359338, 1.560284
 168.666667, 0.660079, 0.249012, 1.308300, 1.579051
 157.000000, 0.923567, 0.252654, 0.740977, 1.014862
 161.666667, 0.670103, 0.237113, 1.014433, 1.272165
 152.666667, 0.482533, 0.205240, 0.997817, 1.231441
 134.333333, 0.555831, 0.220844, 1.272953, 1.513648
 136.000000, 0.384804, 0.203431, 1.232843, 1.458333
 150.666667, 0.679204, 0.196903, 1.360619, 1.584071
 168.333333, 0.831683, 0.239604, 1.093069, 1.350495
 160.666667, 0.564315, 0.205394, 1.280083, 1.504149
 149.666667, 0.530067, 0.322940, 1.374165, 1.717149
 155.666667, 0.867238, 0.263383, 0.993576, 1.276231
20
 0.250000, 0.000000, 2.000000, 11.000000, 58.000000
 121.666667, 2.076712, 0.717808, 1.378082, 2.221918
 163.000000, 1.130879, 0.294479, 1.092025, 1.423313
 176.666667, 0.992453, 0.235849, 1.090566, 1.347170
 158.666667, 0.563025, 0.197479, 1.275210, 1.491597
 149.000000, 0.568233, 0.232662, 1.382550, 1.635347
 161.333333, 0.599174, 0.270661, 1.237603, 1.533058
 159.000000, 0.647799, 0.238994, 1.253669, 1.511530
 148.666667, 0.493274, 0.190583, 1.154709, 1.367713
 149.000000, 0.516779, 0.208054, 1.281879, 1.512304
 145.333333, 0.655963, 0.231651, 0.899083, 1.151376
 168.666667, 0.990119, 0.318182, 0.922925, 1.260870
 185.333333, 0.856115, 0.214029, 0.940647, 1.190647
 157.000000, 0.868365, 0.188960, 1.154989, 1.365180
 162.000000, 0.722222, 0.213992, 1.094650, 1.347737
 153.333333, 0.656522, 0.230435, 1.323913, 1.576087
 142.333333, 0.620609, 0.264637, 1.049180, 1.332553
 161.333333, 0.921488, 0.210744, 1.268595, 1.497934
 135.000000, 0.429630, 0.212346, 1.439506, 1.671605
 130.000000, 0.492308, 0.215385, 1.012821, 1.266667
21
 0.250000, 0.000000, 2.000000, 8.000000, 66.000000
 136.666667, 2.012195, 0.670732, 1.158537, 1.929268
 162.333333, 1.205339, 0.268994, 0.971253, 1.264887
 160.666667, 0.678423, 0.248963, 1.116183, 1.398340
 166.666667, 0.790000, 0.222000, 1.240000, 1.480000
 149.333333, 0.712054, 0.218750, 1.203125, 1.444196
 143.333333, 0.462791, 0.255814, 1.300000, 1.576744
 166.000000, 1.076305, 0.244980, 1.154618, 1.419679
 149.000000, 0.586130, 0.196868, 1.161074, 1.378076
 165.000000, 0.894949, 0.238384, 1.383838, 1.668687
 144.333333, 0.625866, 0.260970, 1.073903, 1.355658
 161.666667, 0.886598, 0.235052, 0.977320, 1.235052
 165.000000, 0.644444, 0.195960, 1.022222, 1.240404
 143.666667, 0.651972, 0.222738, 1.248260, 1.494200
 162.666667, 0.540984, 0.225410, 1.092213, 1.338115
 160.666667, 0.537344, 0.197095, 1.342324, 1.560166
 157.000000, 0.757962, 0.282378, 1.169851, 1.473461
 153.333333, 0.669565, 0.210870, 1.217391, 1.450000
 158.666667, 0.794118, 0.304622, 1.327731, 1.653361
 145.333333, 0.688073, 0.213303, 1.032110, 1.268349
22
 0.250000, 0.000000, 1.000000, 0.000000, 111.000000
 127.666667, 2.409922, 0.511749, 1.067885, 1.644909
 152.000000, 0.747807, 0.265351, 1.024123, 1.311404
 158.666667, 0.867647, 0.222689, 1.060924, 1.304622
 156.333333, 0.648188, 0.183369, 1.339019, 1.539446
 143.666667, 0.573086, 0.211137, 1.336427, 1.584687
 147.333333, 0.538462, 0.269231, 1.613122, 1.902715
 152.666667, 0.639738, 0.205240, 1.170306, 1.395197
 142.000000, 0.546948, 0.183099, 1.267606, 1.488263
 146.666667, 0.713636, 0.202273, 1.304545, 1.527273
 139.666667, 0.443914, 0.214797, 0.880668, 1.119332
 159.000000, 0.704403, 0.228512, 1.006289, 1.255765
 176.666667, 0.703774, 0.207547, 1.020755, 1.252830
 145.666667, 0.585812, 0.240275, 1.187643, 1.510297
 163.666667, 0.706721, 0.205703, 1.101833, 1.327902
 166.333333, 0.769539, 0.224449, 1.294589, 1.541082
 152.000000, 0.660088, 0.212719, 1.175439, 1.421053
 159.666667, 0.653445, 0.221294, 1.260960, 1.501044
 127.666667, 0.454308, 0.174935, 1.274151, 1.577023
 159.333333, 0.654812, 0.209205, 0.960251, 1.188285
23
 0.250000, 0.000000, 1.000000, 0.000000, 67.000000
 134.333333, 2.017370, 0.660050, 1.146402, 1.866005
 157.000000, 1.067941, 0.329087, 0.953291, 1.307856
 168.666667, 0.581028, 0.229249, 1.084980, 1.347826
 162.000000, 0.668724, 0.201646, 1.279835, 1.504115
 148.666667, 1.177130, 0.291480, 1.419283, 1.735426
 145.333333, 0.610092, 0.224771, 1.323394, 1.568807
 159.666667, 0.757829, 0.248434, 1.110647, 1.377871
 150.666667, 0.546460, 0.203540, 1.064159, 1.303097
 151.000000, 0.596026, 0.225166, 1.315673, 1.560706
 160.000000, 0.547917, 0.239583, 0.810417, 1.072917
 155.333333, 1.045064, 0.332618, 0.969957, 1.321888
 178.666667, 0.781716, 0.190299, 0.973881, 1.186567
 143.333333, 0.530233, 0.206977, 1.251163, 1.493023
 173.666667, 0.750480, 0.230326, 1.165067, 1.420345
 154.666667, 0.573276, 0.202586, 1.310345, 1.534483
 145.333333, 0.594037, 0.220183, 0.974771, 1.215596
 138.666667, 0.651442, 0.189904, 1.372596, 1.584135
 128.000000, 0.572917, 0.200521, 1.411458, 1.630208
 149.333333, 0.598214, 0.301339, 1.116071, 1.439732
24
 0.250000, 0.000000, 0.000000, 3.000000, 18.000000
 129.333333, 2.128866, 0.868557, 1.265464, 2.216495
 176.333333, 1.187146, 0.417769, 1.018904, 1.461248
 158.666667, 0.689076, 0.243697, 1.165966, 1.430672
 156.000000, 0.598291, 0.177350, 1.365385, 1.564103
 153.333333, 0.915217, 0.232609, 1.152174, 1.406522
 153.333333, 0.717391, 0.241304, 1.223913, 1.489130
 163.666667, 0.841141, 0.211813, 1.183299, 1.421589
 158.333333, 0.783158, 0.250526, 1.206316, 1.490526
 146.000000, 0.513699, 0.203196, 1.429224, 1.655251
 137.666667, 0.438257, 0.225182, 0.840194, 1.084746
 153.333333, 0.686957, 0.223913, 0.978261, 1.226087
 170.333333, 0.853229, 0.205479, 0.960861, 1.185910
 144.666667, 0.746544, 0.221198, 1.126728, 1.387097
 168.666667, 0.697628, 0.211462, 1.057312, 1.292490
 164.666667, 0.842105, 0.238866, 1.309717, 1.568826
 154.666667, 0.769397, 0.258621, 0.928879, 1.239224
 166.000000, 0.692771, 0.210843, 1.142570, 1.373494
 131.000000, 0.513995, 0.178117, 1.183206, 1.379135
 155.666667, 0.929336, 0.218415, 0.942184, 1.179872
25
 0.250000, 0.000000, 0.000000, 0.000000, 21.000000
 117.000000, 1.880342, 0.769231, 1.264957, 2.076923
 178.000000, 1.513109, 0.447566, 1.016854, 1.486891
 168.666667, 0.758893, 0.243083, 1.083004, 1.349802
 165.666667, 0.800805, 0.213280, 1.313883, 1.553320
 147.000000, 0.653061, 0.206349, 1.287982, 1.519274
 142.333333, 0.463700, 0.236534, 1.274005, 1.529274
 164.000000, 0.835366, 0.227642, 1.144309, 1.392276
 156.000000, 0.634615, 0.213675, 1.348291, 1.583333
 145.000000, 0.616092, 0.195402, 1.268966, 1.498851
 136.000000, 0.450980, 0.227941, 1.071078, 1.318627
 172.666667, 0.814672, 0.262548, 0.899614, 1.181467
 167.666667, 0.731610, 0.202783, 1.045726, 1.270378
 141.000000, 0.520095, 0.191489, 1.158392, 1.371158
 161.666667, 0.465979, 0.218557, 1.103093, 1.344330
 151.000000, 0.514349, 0.214128, 1.377483, 1.611479
 148.333333, 0.710112, 0.202247, 1.092135, 1.328090
 164.000000, 0.695122, 0.215447, 1.158537, 1.396341
 166.666667, 0.742000, 0.368000, 1.140000, 1.528000
 160.333333, 0.671518, 0.212058, 1.222453, 1.469854
26
 0.250000, 0.000000, 0.000000, 3.000000, 18.000000
 126.333333, 1.765172, 0.643799, 1.224274, 1.928760
 156.666667, 0.908511, 0.308511, 0.893617, 1.223404
 162.000000, 0.611111, 0.248971, 1.131687, 1.403292
 161.666667, 0.698969, 0.189691, 1.235052, 1.463918
 158.666667, 0.642857, 0.231092, 1.235294, 1.487395
 147.666667, 0.695260, 0.266366, 1.546275, 1.835214
 166.333333, 0.839679, 0.218437, 1.192385, 1.430862
 171.333333, 1.033074, 0.221790, 1.062257, 1.307393
 173.666667, 0.742802, 0.228407, 1.191939, 1.441459
 160.333333, 1.060291, 0.245322, 0.968815, 1.237006
 175.000000, 0.809524, 0.240000, 0.958095, 1.220952
 175.333333, 0.982890, 0.184411, 1.015209, 1.220532
 147.000000, 0.548753, 0.238095, 1.145125, 1.401361
 159.000000, 0.907757, 0.213836, 1.115304, 1.350105
 166.333333, 0.913828, 0.236473, 1.232465, 1.488978
 138.000000, 0.586957, 0.214976, 1.019324, 1.270531
 157.333333, 0.796610, 0.222458, 1.184322, 1.430085
 157.666667, 0.602537, 0.289641, 1.257928, 1.568710
 158.666667, 0.691176, 0.224790, 1.077731, 1.321429
27
 0.250000, 0.000000, 0.000000, 0.000000, 21.000000
 130.333333, 1.774936, 0.667519, 1.411765, 2.130435
 149.333333, 0.944196, 0.305804, 1.000000, 1.325893
 153.333333, 0.567391, 0.223913, 1.089130, 1.334783
 155.333333, 0.523605, 0.195279, 1.369099, 1.583691
 164.333333, 0.862069, 0.271805, 1.251521, 1.547667
 142.666667, 0.521028, 0.214953, 1.504673, 1.759346
 155.333333, 0.783262, 0.221030, 1.167382, 1.407725
 151.333333, 0.651982, 0.200441, 1.171806, 1.392070
 161.666667, 0.983505, 0.226804, 1.245361, 1.492784
 153.333333, 0.839130, 0.297826, 0.982609, 1.302174
 160.666667, 0.751037, 0.244813, 0.991701, 1.257261
 157.333333, 0.716102, 0.197034, 1.078390, 1.294492
 138.666667, 0.615385, 0.254808, 1.163462, 1.437500
 158.000000, 1.037975, 0.318565, 1.103376, 1.443038
 144.666667, 0.755760, 0.221198, 1.288018, 1.527650
 154.333333, 0.531317, 0.237581, 1.023758, 1.311015
 170.000000, 0.678431, 0.205882, 1.198039, 1.425490
 160.000000, 0.629167, 0.312500, 1.152083, 1.485417
 148.666667, 0.582960, 0.210762, 1.011211, 1.257848
28
 0.250000, 0.000000, 0.000000, 9.000000, 32.000000
 134.333333, 2.419355, 0.647643, 1.245658, 1.960298
 146.333333, 0.965831, 0.259681, 1.088838, 1.369021
 151.666667, 0.824176, 0.235165, 1.151648, 1.410989
 158.666667, 0.550420, 0.197479, 1.462185, 1.682773
 155.000000, 0.711828, 0.264516, 1.374194, 1.660215
 143.333333, 0.534884, 0.225581, 1.351163, 1.613953
 159.666667, 0.728601, 0.210856, 1.114823, 1.359081
 145.666667, 0.709382, 0.196796, 1.141876, 1.359268
 151.333333, 0.592511, 0.202643, 1.334802, 1.561674
 154.666667, 0.853448, 0.260776, 0.896552, 1.176724
 165.000000, 0.777778, 0.230303, 0.925253, 1.177778
 162.666667, 0.657787, 0.202869, 1.063525, 1.286885
 142.666667, 0.820093, 0.250000, 1.175234, 1.457944
 171.333333, 0.628405, 0.210117, 1.066148, 1.295720
 163.333333, 0.834694, 0.212245, 1.361224, 1.610204
 155.666667, 1.173448, 0.207709, 0.935760, 1.160600
 173.333333, 0.725000, 0.225000, 1.105769, 1.348077
 158.000000, 0.656118, 0.236287, 1.310127, 1.563291
 155.000000, 0.649462, 0.238710, 0.956989, 1.215054
29
 0.250000, 0.000000, 0.000000, 0.000000, 21.000000
 133.666667, 1.780549, 0.688279, 1.192020, 1.932668
 163.666667, 1.018330, 0.293279, 1.002037, 1.331976
 162.000000, 1.039095, 0.248971, 1.113169, 1.390947
 157.333333, 0.569915, 0.180085, 1.247881, 1.449153
 163.666667, 0.786151, 0.272912, 1.264766, 1.562118
 158.000000, 0.740506, 0.225738, 1.246835, 1.506329
 157.333333, 0.766949, 0.218220, 1.103814, 1.345339
 141.333333, 0.806604, 0.209906, 1.158019, 1.386792
 145.000000, 0.512644, 0.195402, 1.324138, 1.540230
 132.666667, 0.560302, 0.304020, 1.035176, 1.361809
 176.333333, 0.926276, 0.228733, 0.933837, 1.183365
 169.333333, 0.832677, 0.181102, 0.986220, 1.190945
 138.666667, 0.862981, 0.262019, 1.377404, 1.658654
 133.666667, 0.256858, 0.174564, 1.172070, 1.369077
 153.000000, 0.555556, 0.198257, 1.305011, 1.520697
 162.666667, 0.735656, 0.245902, 1.061475, 1.325820
 150.333333, 0.634146, 0.192905, 1.159645, 1.465632
 126.666667, 0.576316, 0.286842, 1.413158, 1.718421
 158.333333, 0.724211, 0.267368, 0.983158, 1.271579
30
 0.250000, 0.000000, 0.000000, 9.000000, 32.000000
 124.000000, 1.381720, 0.755376, 1.422043, 2.228495
 143.666667, 0.890951, 0.250580, 1.051044, 1.322506
 163.333333, 0.606122, 0.206122, 1.118367, 1.346939
 161.333333, 0.659091, 0.227273, 1.280992, 1.528926
 162.333333, 1.392197, 0.291581, 1.258727, 1.570842
 157.000000, 0.645435, 0.220807, 1.314225, 1.556263
 162.666667, 0.858607, 0.194672, 1.200820, 1.415984
 150.666667, 0.705752, 0.199115, 1.199115, 1.429204
 144.000000, 0.706019, 0.182870, 1.423611, 1.627315
 130.000000, 0.484615, 0.333333, 1.064103, 1.417949
 151.666667, 0.665934, 0.224176, 0.962637, 1.235165
 161.666667, 0.767010, 0.193814, 1.004124, 1.220619
 137.333333, 0.432039, 0.196602, 1.313107, 1.526699
 135.333333, 0.463054, 0.177340, 1.187192, 1.389163
 153.666667, 0.607375, 0.227766, 1.355748, 1.603037
 162.666667, 0.881148, 0.290984, 1.010246, 1.319672
 156.000000, 0.653846, 0.202991, 1.282051, 1.502137
 136.666667, 0.614634, 0.202439, 1.324390, 1.546341
 132.000000, 0.530303, 0.194444, 1.058081, 1.290404
31
 0.250000, 0.000000, 0.000000, 10.000000, 32.000000
 155.666667, 3.346895, 0.788009, 1.057816, 1.922912
 149.333333, 0.814732, 0.276786, 0.933036, 1.234375
 150.333333, 0.742794, 0.232816, 1.208426, 1.461197
 158.666667, 0.552521, 0.197479, 1.426471, 1.644958
 145.333333, 0.564220, 0.204128, 1.245413, 1.474771
 149.666667, 0.432071, 0.209354, 1.240535, 1.469933
 169.333333, 0.931102, 0.220472, 1.127953, 1.372047
 166.666667, 0.952000, 0.230000, 1.190000, 1.442000
 170.333333, 0.620352, 0.234834, 1.326810, 1.592955
 138.666667, 0.509615, 0.346154, 1.045673, 1.411058
 157.000000, 0.868365, 0.235669, 0.929936, 1.216561
 153.666667, 0.544469, 0.193059, 1.043384, 1.260304
 145.666667, 0.537757, 0.208238, 1.260870, 1.491991
 162.666667, 0.862705, 0.198770, 1.086066, 1.305328
 163.000000, 0.748466, 0.198364, 1.314928, 1.537832
 167.000000, 1.109780, 0.279441, 1.035928, 1.377246
 160.666667, 0.802905, 0.209544, 1.203320, 1.431535
 133.333333, 0.540000, 0.210000, 1.330000, 1.560000
 135.000000, 0.402469, 0.237037, 0.982716, 1.259259
Histogram
0 0 0 0 0 0 0 0 0 1 13 23 108 122 121 122 50 12 11 10 9 2 4 0 0 0 0 0 0 0 0 0 0 0 0 0 0 0 0 0 0 0 0 0 0 0 0 0 0 0 0 0 0 0 0 0 0 0 0 0 0 0 0 0 0 0 0 0 0 0 0 0 0 0 0 0 0 0 0 0 0 0 0 0 0 0 0 0 0 0 0 0 0 0 0 0 0 0 0 0 0 0 0 0 0 0 0 0 0 0 0 0 0 0 0 0 0 0 0 32 
Cache Miss Ratio
0.0
numOfSets
0
numOfGets
292376
numOfMultiGets
0
