20
0
 0.250000, 0.000000, 0.000000, 1.000000, 92.000000
 28.333333, 0.352941, 0.341176, 0.741176, 1.129412
 28.333333, 0.023529, 0.117647, 0.658824, 0.823529
 32.000000, 0.166667, 0.145833, 0.666667, 0.843750
 31.000000, 0.010753, 0.107527, 0.698925, 0.827957
 34.000000, 0.009804, 0.107843, 0.666667, 0.794118
 33.000000, 0.020202, 0.090909, 0.676768, 0.797980
 32.333333, 0.041237, 0.144330, 0.639175, 0.804124
 33.333333, 0.110000, 0.140000, 0.810000, 0.980000
 31.000000, 0.032258, 0.107527, 0.806452, 0.946237
 34.333333, 0.038835, 0.135922, 0.669903, 0.834951
 34.666667, 0.221154, 0.125000, 0.807692, 1.028846
 32.000000, 0.052083, 0.093750, 0.583333, 0.708333
 33.000000, 0.060606, 0.191919, 1.333333, 1.545455
 29.000000, 0.011494, 0.103448, 0.689655, 0.816092
 32.333333, 0.020619, 0.567010, 0.701031, 1.298969
 31.666667, 0.052632, 0.147368, 0.705263, 0.884211
 30.666667, 0.076087, 0.119565, 1.239130, 1.380435
 28.000000, 0.011905, 0.107143, 0.666667, 0.797619
 31.000000, 0.021505, 0.096774, 0.731183, 0.849462
1
 0.250000, 0.000000, 0.000000, 0.000000, 91.000000
 24.333333, 0.082192, 0.205479, 0.630137, 0.876712
 35.000000, 0.733333, 0.342857, 0.657143, 1.028571
 32.333333, 0.123711, 0.546392, 0.783505, 1.350515
 32.000000, 0.020833, 0.083333, 0.687500, 0.802083
 34.000000, 0.049020, 0.117647, 0.686275, 0.823529
 34.000000, 0.078431, 0.117647, 0.676471, 0.823529
 33.666667, 0.079208, 0.108911, 0.673267, 0.801980
 32.333333, 0.144330, 0.092784, 0.680412, 0.804124
 31.000000, 0.096774, 0.096774, 0.645161, 0.763441
 34.000000, 0.078431, 0.098039, 0.647059, 0.774510
 36.000000, 0.342593, 0.259259, 0.750000, 1.037037
 31.000000, 0.032258, 0.182796, 1.096774, 1.311828
 37.333333, 0.294643, 0.089286, 0.642857, 0.758929
 29.666667, 0.101124, 0.089888, 0.752809, 0.865169
 33.333333, 0.120000, 0.110000, 0.710000, 0.850000
 33.000000, 0.202020, 0.111111, 0.707071, 0.858586
 33.000000, 0.060606, 0.151515, 0.656566, 0.838384
 28.333333, 0.141176, 0.482353, 0.588235, 1.105882
 32.333333, 0.082474, 0.103093, 0.742268, 0.876289
2
 0.250000, 0.000000, 0.000000, 1.000000, 81.000000
 25.666667, 0.285714, 0.181818, 1.285714, 1.519481
 28.666667, 0.034884, 0.255814, 0.790698, 1.081395
 28.666667, 0.000000, 0.093023, 0.779070, 0.906977
 32.000000, 0.020833, 0.114583, 0.760417, 0.895833
 35.666667, 0.102804, 0.112150, 0.700935, 0.831776
 32.666667, 0.010204, 0.132653, 0.755102, 0.908163
 33.666667, 0.138614, 0.118812, 0.702970, 0.900990
 33.000000, 0.121212, 0.090909, 0.606061, 0.797980
 32.333333, 0.092784, 0.154639, 0.793814, 0.969072
 35.000000, 0.095238, 0.123810, 0.714286, 0.866667
 32.333333, 0.134021, 0.103093, 0.731959, 0.865979
 30.333333, 0.054945, 0.098901, 0.791209, 0.923077
 32.666667, 0.010204, 0.112245, 0.673469, 0.816327
 30.000000, 0.055556, 0.177778, 0.666667, 0.877778
 32.666667, 0.061224, 0.122449, 0.724490, 0.887755
 34.000000, 0.166667, 0.558824, 0.803922, 1.392157
 32.666667, 0.000000, 0.091837, 0.673469, 0.795918
 28.666667, 0.127907, 0.081395, 0.627907, 0.744186
 33.000000, 0.181818, 0.101010, 0.696970, 0.828283
3
 0.250000, 0.000000, 0.000000, 0.000000, 80.000000
 24.666667, 0.108108, 0.162162, 1.040541, 1.256757
 28.000000, 0.000000, 0.261905, 0.773810, 1.071429
 28.333333, 0.011765, 0.188235, 0.729412, 0.929412
 30.000000, 0.000000, 0.122222, 0.666667, 0.822222
 35.000000, 0.104762, 0.095238, 0.714286, 0.838095
 33.333333, 0.050000, 0.100000, 0.730000, 0.860000
 32.333333, 0.010309, 0.092784, 0.670103, 0.793814
 32.000000, 0.114583, 0.093750, 0.677083, 0.802083
 30.333333, 0.000000, 0.087912, 0.747253, 0.857143
 34.000000, 0.117647, 0.098039, 0.598039, 0.715686
 32.333333, 0.092784, 0.092784, 0.742268, 0.865979
 31.666667, 0.084211, 0.157895, 0.610526, 0.800000
 35.000000, 0.180952, 0.095238, 0.619048, 0.742857
 29.000000, 0.011494, 0.114943, 0.735632, 0.885057
 34.000000, 0.058824, 0.088235, 0.852941, 0.970588
 33.000000, 0.070707, 0.111111, 0.686869, 0.828283
 33.000000, 0.111111, 0.090909, 0.707071, 0.828283
 26.333333, 0.000000, 0.101266, 0.759494, 0.886076
 31.333333, 0.031915, 0.106383, 0.734043, 0.861702
4
 0.250000, 0.000000, 0.000000, 1.000000, 80.000000
 24.333333, 0.013699, 0.150685, 0.794521, 1.000000
 28.666667, 0.127907, 0.290698, 0.860465, 1.186047
 31.666667, 0.168421, 0.115789, 0.726316, 0.873684
 33.000000, 0.030303, 0.101010, 0.676768, 0.797980
 36.000000, 0.092593, 0.083333, 0.750000, 0.861111
 35.333333, 0.169811, 0.103774, 0.566038, 0.698113
 35.000000, 0.028571, 0.161905, 0.685714, 0.876190
 32.000000, 0.041667, 0.104167, 0.687500, 0.812500
 30.000000, 0.022222, 0.222222, 1.188889, 1.444444
 33.666667, 0.029703, 0.099010, 0.663366, 0.792079
 32.666667, 0.102041, 0.132653, 0.734694, 0.897959
 31.666667, 0.052632, 0.115789, 0.589474, 0.726316
 33.333333, 0.000000, 0.100000, 0.610000, 0.730000
 29.000000, 0.034483, 0.091954, 0.701149, 0.816092
 33.333333, 0.090000, 0.180000, 0.680000, 0.890000
 31.000000, 0.053763, 0.139785, 0.784946, 0.946237
 32.000000, 0.020833, 0.104167, 0.656250, 0.781250
 27.000000, 0.000000, 0.160494, 0.876543, 1.061728
 31.333333, 0.063830, 0.106383, 0.765957, 0.904255
5
 0.250000, 0.000000, 0.000000, 13.000000, 80.000000
 25.000000, 0.133333, 0.173333, 0.746667, 0.973333
 29.666667, 0.179775, 0.134831, 0.752809, 0.921348
 33.666667, 0.544554, 0.326733, 0.762376, 1.118812
 32.333333, 0.010309, 0.113402, 0.711340, 0.845361
 37.333333, 0.116071, 0.098214, 0.705357, 0.821429
 35.666667, 0.112150, 0.093458, 0.598131, 0.719626
 32.333333, 0.030928, 0.134021, 0.701031, 0.855670
 31.333333, 0.159574, 0.212766, 0.744681, 0.978723
 29.333333, 0.090909, 0.113636, 0.795455, 0.943182
 32.000000, 0.010417, 0.093750, 0.677083, 0.802083
 31.333333, 0.000000, 0.127660, 0.638298, 0.787234
 32.333333, 0.103093, 0.103093, 0.948454, 1.082474
 33.000000, 0.050505, 0.121212, 0.656566, 0.808081
 31.000000, 0.225806, 0.182796, 0.731183, 0.935484
 31.666667, 0.000000, 0.115789, 0.705263, 0.842105
 32.333333, 0.134021, 0.103093, 0.618557, 0.742268
 33.333333, 0.180000, 0.110000, 0.670000, 0.890000
 27.666667, 0.096386, 0.144578, 0.722892, 0.903614
 33.000000, 0.131313, 0.101010, 0.757576, 0.878788
6
 0.250000, 0.000000, 0.000000, 11.000000, 79.000000
 27.000000, 0.074074, 0.283951, 0.777778, 1.111111
 27.000000, 0.049383, 0.123457, 0.716049, 0.901235
 28.666667, 0.000000, 0.116279, 0.790698, 0.941860
 31.666667, 0.021053, 0.105263, 0.663158, 0.789474
 34.333333, 0.019417, 0.116505, 0.601942, 0.737864
 33.666667, 0.059406, 0.089109, 0.663366, 0.772277
 32.666667, 0.030612, 0.122449, 0.622449, 0.775510
 30.333333, 0.000000, 0.582418, 0.659341, 1.263736
 29.000000, 0.000000, 0.206897, 0.689655, 0.919540
 33.000000, 0.030303, 0.101010, 0.737374, 0.868687
 31.000000, 0.043011, 0.139785, 0.698925, 0.860215
 32.666667, 0.142857, 0.112245, 0.602041, 0.806122
 33.000000, 0.040404, 0.121212, 0.757576, 0.909091
 28.666667, 0.000000, 0.151163, 1.116279, 1.302326
 31.666667, 0.010526, 0.178947, 0.736842, 0.936842
 32.000000, 0.041667, 0.145833, 0.802083, 0.968750
 31.666667, 0.000000, 0.168421, 0.663158, 0.852632
 28.333333, 0.070588, 0.105882, 0.729412, 0.870588
 31.333333, 0.000000, 0.106383, 0.797872, 0.936170
7
 0.250000, 0.000000, 0.000000, 1.000000, 80.000000
 26.333333, 0.075949, 0.177215, 1.075949, 1.303797
 29.000000, 0.183908, 0.241379, 0.678161, 0.954023
 30.666667, 0.097826, 0.076087, 0.684783, 0.793478
 32.333333, 0.092784, 0.092784, 0.690722, 0.804124
 33.666667, 0.029703, 0.089109, 0.683168, 0.801980
 36.000000, 0.175926, 0.111111, 0.666667, 0.805556
 32.000000, 0.062500, 0.114583, 0.718750, 0.854167
 30.666667, 0.010870, 0.097826, 0.880435, 1.010870
 29.666667, 0.056180, 0.112360, 0.752809, 0.898876
 33.333333, 0.000000, 0.100000, 0.670000, 0.800000
 32.333333, 0.051546, 0.103093, 0.876289, 1.010309
 32.000000, 0.083333, 0.187500, 0.645833, 0.854167
 33.000000, 0.040404, 0.111111, 0.595960, 0.737374
 29.000000, 0.045977, 0.080460, 0.689655, 0.793103
 33.000000, 0.111111, 0.111111, 0.656566, 0.797980
 31.666667, 0.094737, 0.115789, 0.757895, 0.894737
 34.000000, 0.137255, 0.088235, 0.598039, 0.715686
 28.000000, 0.142857, 0.095238, 0.726190, 0.845238
 32.666667, 0.163265, 0.122449, 0.704082, 0.846939
8
 0.250000, 0.000000, 0.000000, 0.000000, 1.000000
 24.666667, 0.054054, 0.256757, 1.202703, 1.513514
 27.000000, 0.012346, 0.209877, 0.790123, 1.037037
 32.000000, 0.208333, 0.166667, 0.781250, 0.979167
 33.000000, 0.030303, 0.070707, 0.707071, 0.818182
 34.666667, 0.057692, 0.086538, 0.711538, 0.826923
 33.333333, 0.040000, 0.120000, 0.630000, 0.780000
 35.666667, 0.186916, 0.130841, 0.644860, 0.803738
 30.000000, 0.000000, 0.122222, 0.788889, 0.933333
 29.333333, 0.000000, 0.227273, 1.215909, 1.477273
 35.000000, 0.104762, 0.085714, 0.704762, 0.819048
 33.333333, 0.060000, 0.100000, 0.670000, 0.800000
 32.000000, 0.041667, 0.104167, 1.312500, 1.447917
 31.666667, 0.000000, 0.105263, 0.757895, 0.884211
 29.333333, 0.056818, 0.079545, 0.795455, 0.909091
 33.333333, 0.080000, 0.130000, 0.730000, 0.890000
 31.333333, 0.042553, 0.138298, 0.744681, 0.914894
 34.333333, 0.223301, 0.106796, 0.669903, 0.805825
 27.666667, 0.048193, 0.096386, 0.674699, 0.795181
 31.333333, 0.042553, 0.095745, 0.744681, 0.861702
9
 0.250000, 0.000000, 0.000000, 0.000000, 0.000000
 25.333333, 0.039474, 0.118421, 1.078947, 1.250000
 26.000000, 0.102564, 0.141026, 0.807692, 1.153846
 29.666667, 0.191011, 0.112360, 0.707865, 0.853933
 31.666667, 0.000000, 0.105263, 0.810526, 0.936842
 34.333333, 0.048544, 0.097087, 0.708738, 0.825243
 32.666667, 0.040816, 0.306122, 0.969388, 1.306122
 32.666667, 0.000000, 0.183673, 0.632653, 0.836735
 31.666667, 0.063158, 0.105263, 0.621053, 0.757895
 29.333333, 0.022727, 0.113636, 0.795455, 0.943182
 32.666667, 0.010204, 0.122449, 0.612245, 0.765306
 30.666667, 0.032609, 0.108696, 0.695652, 0.836957
 31.000000, 0.032258, 0.096774, 0.655914, 0.784946
 33.333333, 0.000000, 0.190000, 0.820000, 1.040000
 28.000000, 0.011905, 0.095238, 1.107143, 1.238095
 31.666667, 0.000000, 0.126316, 0.631579, 0.789474
 32.666667, 0.142857, 0.112245, 0.948980, 1.091837
 34.000000, 0.274510, 0.196078, 0.725490, 0.950980
 27.333333, 0.060976, 0.231707, 0.914634, 1.182927
 31.333333, 0.042553, 0.170213, 0.808511, 1.010638
10
 0.250000, 4.000000, 0.000000, 0.000000, 1.000000
 26.666667, 0.075000, 0.162500, 0.787500, 1.125000
 27.333333, 0.121951, 0.231707, 1.292683, 1.560976
 30.666667, 0.043478, 0.097826, 0.782609, 0.902174
 32.000000, 0.010417, 0.083333, 0.750000, 0.864583
 34.666667, 0.105769, 0.076923, 0.692308, 0.788462
 32.666667, 0.000000, 0.112245, 0.734694, 0.877551
 34.666667, 0.153846, 0.105769, 0.644231, 0.778846
 30.333333, 0.000000, 0.098901, 0.659341, 0.780220
 29.333333, 0.056818, 0.136364, 0.704545, 0.875000
 34.666667, 0.076923, 0.096154, 0.634615, 0.759615
 34.000000, 0.147059, 0.078431, 0.794118, 0.901961
 35.333333, 0.330189, 0.132075, 1.330189, 1.490566
 33.333333, 0.090000, 0.080000, 0.660000, 0.760000
 28.666667, 0.116279, 0.093023, 0.802326, 0.918605
 33.666667, 0.069307, 0.089109, 0.712871, 0.831683
 31.000000, 0.043011, 0.107527, 0.913978, 1.053763
 32.666667, 0.051020, 0.091837, 1.153061, 1.265306
 26.000000, 0.051282, 0.538462, 0.641026, 1.192308
 31.333333, 0.031915, 0.106383, 0.712766, 0.851064
11
 0.250000, 2.000000, 0.000000, 7.000000, 9.000000
 26.666667, 0.075000, 0.400000, 0.787500, 1.362500
 31.000000, 0.376344, 0.290323, 0.655914, 0.967742
 30.666667, 0.021739, 0.304348, 0.771739, 1.097826
 33.000000, 0.050505, 0.101010, 0.656566, 0.787879
 36.333333, 0.091743, 0.146789, 0.688073, 0.871560
 34.000000, 0.137255, 0.107843, 0.676471, 0.803922
 35.666667, 0.186916, 0.102804, 0.579439, 0.710280
 34.000000, 0.196078, 0.235294, 0.676471, 0.941176
 29.333333, 0.034091, 0.113636, 0.886364, 1.022727
 32.666667, 0.020408, 0.132653, 0.755102, 0.918367
 31.000000, 0.086022, 0.139785, 0.645161, 0.806452
 33.333333, 0.190000, 0.120000, 0.850000, 0.990000
 32.666667, 0.020408, 0.571429, 0.622449, 1.214286
 29.666667, 0.022472, 0.089888, 0.741573, 0.853933
 34.333333, 0.116505, 0.106796, 0.689320, 0.825243
 32.000000, 0.125000, 0.083333, 0.781250, 0.895833
 32.333333, 0.030928, 0.103093, 0.680412, 0.804124
 28.333333, 0.070588, 0.482353, 0.694118, 1.211765
 30.000000, 0.011111, 0.166667, 0.755556, 1.100000
12
 0.250000, 2.000000, 0.000000, 6.000000, 9.000000
 27.000000, 0.234568, 0.395062, 0.962963, 1.555556
 29.333333, 0.181818, 0.329545, 1.272727, 1.647727
 30.000000, 0.000000, 0.111111, 0.755556, 0.900000
 32.666667, 0.030612, 0.091837, 0.714286, 0.826531
 35.666667, 0.140187, 0.093458, 0.616822, 0.738318
 34.000000, 0.117647, 0.088235, 0.725490, 0.852941
 33.333333, 0.100000, 0.100000, 0.710000, 0.840000
 33.000000, 0.070707, 0.090909, 0.595960, 0.707071
 30.333333, 0.054945, 0.087912, 0.868132, 0.989011
 35.666667, 0.186916, 0.084112, 0.607477, 0.728972
 31.666667, 0.000000, 0.147368, 0.673684, 0.863158
 32.333333, 0.164948, 0.092784, 0.618557, 0.742268
 32.666667, 0.061224, 0.122449, 0.642857, 0.795918
 29.000000, 0.000000, 0.114943, 0.724138, 0.862069
 30.666667, 0.010870, 0.119565, 0.695652, 0.836957
 32.333333, 0.113402, 0.134021, 0.690722, 0.855670
 32.000000, 0.072917, 0.104167, 0.708333, 0.843750
 28.666667, 0.023256, 0.151163, 0.895349, 1.406977
 30.666667, 0.010870, 0.141304, 0.673913, 0.836957
13
 0.250000, 0.000000, 0.000000, 9.000000, 10.000000
 25.333333, 0.157895, 0.328947, 1.289474, 1.684211
 31.333333, 0.393617, 0.180851, 0.659574, 0.872340
 29.000000, 0.126437, 0.091954, 0.724138, 0.839080
 31.000000, 0.000000, 0.118280, 0.741935, 0.881720
 35.333333, 0.075472, 0.103774, 0.613208, 0.745283
 31.666667, 0.010526, 0.115789, 0.673684, 0.810526
 31.333333, 0.074468, 0.117021, 0.659574, 0.808511
 32.666667, 0.071429, 0.102041, 0.673469, 0.795918
 29.666667, 0.022472, 0.112360, 0.707865, 0.842697
 32.000000, 0.000000, 0.104167, 0.687500, 0.812500
 31.666667, 0.073684, 0.126316, 0.684211, 0.831579
 31.000000, 0.043011, 0.150538, 0.612903, 0.784946
 32.000000, 0.010417, 0.093750, 0.708333, 0.833333
 29.333333, 0.000000, 0.125000, 0.727273, 0.875000
 32.000000, 0.020833, 0.104167, 0.750000, 0.875000
 31.666667, 0.189474, 0.126316, 0.747368, 0.894737
 31.666667, 0.031579, 0.094737, 0.684211, 0.810526
 26.666667, 0.000000, 0.125000, 0.675000, 0.825000
 31.000000, 0.053763, 0.172043, 0.838710, 1.032258
14
 0.250000, 0.000000, 1.000000, 1.000000, 23.000000
 27.000000, 0.160494, 0.358025, 0.604938, 1.000000
 31.666667, 0.200000, 0.389474, 0.789474, 1.210526
 30.000000, 0.044444, 0.088889, 0.811111, 0.922222
 32.000000, 0.020833, 0.093750, 0.677083, 0.802083
 36.333333, 0.100917, 0.082569, 0.614679, 0.724771
 33.000000, 0.020202, 0.090909, 0.595960, 0.717172
 33.000000, 0.050505, 0.090909, 0.646465, 0.757576
 31.333333, 0.010638, 0.106383, 0.595745, 0.734043
 29.666667, 0.123596, 0.426966, 0.988764, 1.438202
 32.333333, 0.010309, 0.103093, 0.670103, 0.804124
 31.666667, 0.010526, 0.105263, 0.673684, 0.810526
 31.666667, 0.052632, 0.094737, 0.652632, 0.768421
 34.000000, 0.058824, 0.137255, 0.676471, 0.833333
 27.666667, 0.000000, 0.180723, 1.096386, 1.313253
 32.666667, 0.132653, 0.153061, 0.693878, 0.877551
 33.000000, 0.232323, 0.161616, 0.676768, 0.858586
 31.333333, 0.042553, 0.117021, 0.638298, 0.787234
 27.000000, 0.098765, 0.518519, 0.703704, 1.259259
 33.000000, 0.050505, 0.080808, 0.717172, 0.828283
15
 0.250000, 0.000000, 0.000000, 3.000000, 14.000000
 27.333333, 0.378049, 0.219512, 0.634146, 0.902439
 31.333333, 0.457447, 0.180851, 0.670213, 0.882979
 31.000000, 0.107527, 0.107527, 0.774194, 0.903226
 33.000000, 0.080808, 0.111111, 0.696970, 0.838384
 36.666667, 0.118182, 0.100000, 0.609091, 0.736364
 32.000000, 0.010417, 0.104167, 0.625000, 0.760417
 33.000000, 0.010101, 0.101010, 0.797980, 0.929293
 31.333333, 0.042553, 0.106383, 0.638298, 0.765957
 30.000000, 0.011111, 0.211111, 0.777778, 1.022222
 31.333333, 0.053191, 0.095745, 0.627660, 0.744681
 31.333333, 0.010638, 0.202128, 0.691489, 0.914894
 31.666667, 0.031579, 0.157895, 0.652632, 0.842105
 33.666667, 0.019802, 0.564356, 0.742574, 1.326733
 28.666667, 0.023256, 0.093023, 0.779070, 0.906977
 32.666667, 0.040816, 0.163265, 0.785714, 0.979592
 32.000000, 0.083333, 0.312500, 0.718750, 1.072917
 31.666667, 0.000000, 0.094737, 0.589474, 0.705263
 26.666667, 0.050000, 0.512500, 0.612500, 1.150000
 33.333333, 0.170000, 0.090000, 0.700000, 0.820000
16
 0.250000, 0.000000, 0.000000, 1.000000, 11.000000
 29.666667, 0.258427, 0.213483, 0.606742, 0.876404
 30.000000, 0.300000, 0.266667, 0.855556, 1.155556
 29.666667, 0.078652, 0.146067, 0.752809, 0.921348
 32.000000, 0.031250, 0.104167, 0.687500, 0.822917
 33.333333, 0.010000, 0.120000, 0.620000, 0.760000
 32.000000, 0.041667, 0.135417, 0.760417, 0.916667
 33.000000, 0.040404, 0.121212, 0.747475, 0.898990
 30.333333, 0.010989, 0.175824, 0.670330, 0.879121
 28.666667, 0.023256, 0.139535, 0.767442, 0.918605
 33.666667, 0.128713, 0.138614, 0.702970, 0.861386
 32.333333, 0.061856, 0.123711, 0.711340, 0.876289
 31.000000, 0.021505, 0.139785, 0.731183, 0.892473
 32.333333, 0.000000, 0.103093, 0.628866, 0.752577
 28.333333, 0.023529, 0.105882, 0.752941, 0.882353
 33.000000, 0.070707, 0.101010, 0.737374, 0.868687
 31.333333, 0.095745, 0.106383, 0.648936, 0.787234
 32.666667, 0.081633, 0.102041, 0.632653, 0.765306
 25.666667, 0.000000, 0.272727, 0.779221, 1.077922
 31.000000, 0.000000, 0.107527, 0.666667, 0.795699
17
 0.250000, 0.000000, 0.000000, 0.000000, 12.000000
 26.333333, 0.139241, 0.708861, 0.772152, 1.886076
 28.000000, 0.059524, 0.309524, 0.714286, 1.047619
 29.000000, 0.011494, 0.137931, 0.712644, 0.885057
 35.000000, 0.285714, 0.104762, 0.657143, 0.790476
 35.000000, 0.066667, 0.085714, 0.685714, 0.790476
 34.000000, 0.039216, 0.166667, 0.725490, 0.921569
 36.666667, 0.245455, 0.336364, 0.645455, 1.018182
 33.333333, 0.110000, 0.200000, 0.730000, 0.960000
 31.000000, 0.129032, 0.107527, 0.763441, 0.903226
 34.333333, 0.126214, 0.087379, 0.728155, 0.844660
 31.333333, 0.063830, 0.138298, 0.723404, 0.893617
 31.333333, 0.000000, 0.106383, 0.648936, 0.776596
 33.666667, 0.118812, 0.188119, 0.673267, 0.881188
 30.000000, 0.044444, 0.088889, 1.066667, 1.188889
 33.000000, 0.050505, 0.111111, 0.666667, 0.808081
 32.666667, 0.132653, 0.163265, 0.989796, 1.183673
 31.666667, 0.042105, 0.105263, 0.736842, 0.863158
 28.000000, 0.095238, 0.107143, 0.642857, 0.785714
 31.666667, 0.073684, 0.084211, 0.673684, 0.789474
18
 0.250000, 0.000000, 8.000000, 0.000000, 9.000000
 29.000000, 0.287356, 0.413793, 1.022989, 1.494253
 28.333333, 0.164706, 0.741176, 0.694118, 1.458824
 29.000000, 0.045977, 0.517241, 0.758621, 1.310345
 33.000000, 0.070707, 0.080808, 0.727273, 0.838384
 35.666667, 0.102804, 0.074766, 0.598131, 0.710280
 33.000000, 0.000000, 0.151515, 0.737374, 0.919192
 32.666667, 0.040816, 0.102041, 0.744898, 0.867347
 33.000000, 0.212121, 0.080808, 0.686869, 0.787879
 31.333333, 0.148936, 0.138298, 0.712766, 0.872340
 33.666667, 0.019802, 0.099010, 0.712871, 0.841584
 31.333333, 0.053191, 0.095745, 0.808511, 1.010638
 33.333333, 0.110000, 0.130000, 0.580000, 0.740000
 34.000000, 0.029412, 0.088235, 0.705882, 0.823529
 28.333333, 0.000000, 0.129412, 0.729412, 0.870588
 33.333333, 0.060000, 0.190000, 0.680000, 0.890000
 31.000000, 0.053763, 0.107527, 0.795699, 0.935484
 32.333333, 0.041237, 0.113402, 0.649485, 0.793814
 26.666667, 0.050000, 0.100000, 0.650000, 0.775000
 31.333333, 0.042553, 0.095745, 0.723404, 0.851064
19
 0.200000, 0.000000, 7.000000, 9.000000, 16.000000
 25.333333, 0.118421, 0.131579, 0.592105, 0.776316
 30.333333, 0.065934, 0.241758, 0.648352, 0.923077
 30.333333, 0.076923, 0.131868, 0.846154, 1.010989
 33.666667, 0.039604, 0.158416, 0.653465, 0.841584
 34.000000, 0.000000, 0.078431, 0.666667, 0.774510
 36.666667, 0.354545, 0.181818, 0.663636, 0.872727
 32.333333, 0.010309, 0.103093, 0.608247, 0.742268
 33.000000, 0.171717, 0.222222, 0.949495, 1.202020
 31.000000, 0.032258, 0.096774, 0.784946, 0.903226
 33.000000, 0.040404, 0.131313, 0.686869, 0.838384
 32.000000, 0.062500, 0.104167, 0.645833, 0.770833
 30.666667, 0.076087, 0.152174, 0.815217, 1.000000
 33.333333, 0.060000, 0.120000, 0.620000, 0.760000
 26.666667, 0.000000, 0.112500, 0.900000, 1.037500
 32.666667, 0.040816, 0.173469, 0.744898, 0.948980
 31.666667, 0.021053, 0.115789, 0.621053, 0.757895
 33.333333, 0.110000, 0.130000, 0.700000, 0.860000
 28.666667, 0.220930, 0.139535, 1.465116, 1.639535
 29.666667, 0.000000, 0.112360, 0.752809, 0.887640
20
 0.250000, 0.000000, 0.000000, 1.000000, 1.000000
 27.333333, 0.170732, 0.597561, 0.695122, 1.341463
 27.666667, 0.012048, 0.192771, 1.397590, 1.626506
 30.666667, 0.065217, 0.076087, 0.804348, 0.913043
 34.666667, 0.125000, 0.076923, 0.644231, 0.750000
 34.000000, 0.107843, 0.107843, 0.764706, 0.901961
 33.333333, 0.000000, 0.110000, 0.680000, 0.820000
 35.333333, 0.254717, 0.094340, 0.669811, 0.801887
 32.666667, 0.102041, 0.163265, 0.755102, 0.948980
 30.000000, 0.155556, 0.244444, 0.788889, 1.055556
 32.000000, 0.020833, 0.114583, 0.729167, 0.864583
 32.000000, 0.104167, 0.145833, 0.781250, 0.958333
 35.000000, 0.390476, 0.238095, 0.628571, 0.895238
 33.000000, 0.060606, 0.131313, 0.646465, 0.808081
 28.333333, 0.023529, 0.117647, 0.705882, 0.847059
 32.000000, 0.000000, 0.114583, 0.770833, 0.906250
 31.333333, 0.021277, 0.117021, 0.712766, 0.851064
 31.666667, 0.021053, 0.126316, 0.694737, 0.852632
 27.000000, 0.037037, 0.493827, 0.703704, 1.222222
 31.666667, 0.000000, 0.094737, 0.673684, 0.800000
21
 0.250000, 0.000000, 0.000000, 1.000000, 1.000000
 29.333333, 0.181818, 0.840909, 0.613636, 1.511364
 36.000000, 0.592593, 0.231481, 0.750000, 1.018519
 29.000000, 0.011494, 0.505747, 0.816092, 1.356322
 33.000000, 0.060606, 0.121212, 0.676768, 0.808081
 33.333333, 0.020000, 0.090000, 0.620000, 0.740000
 33.333333, 0.040000, 0.110000, 0.650000, 0.790000
 33.666667, 0.029703, 0.148515, 0.663366, 0.831683
 33.333333, 0.430000, 0.350000, 0.710000, 1.090000
 31.000000, 0.053763, 0.129032, 0.655914, 0.817204
 35.000000, 0.076190, 0.123810, 0.676190, 0.819048
 31.666667, 0.094737, 0.147368, 0.642105, 0.821053
 33.666667, 0.158416, 0.445545, 0.752475, 1.227723
 34.000000, 0.049020, 0.088235, 0.656863, 0.774510
 28.000000, 0.000000, 0.071429, 0.750000, 0.857143
 36.666667, 0.181818, 0.090909, 0.654545, 0.772727
 33.333333, 0.160000, 0.170000, 0.730000, 0.930000
 32.666667, 0.091837, 0.132653, 0.632653, 0.795918
 30.000000, 0.266667, 0.122222, 0.611111, 0.755556
 31.666667, 0.042105, 0.084211, 0.642105, 0.757895
22
 0.250000, 0.000000, 0.000000, 1.000000, 1.000000
 26.666667, 0.187500, 0.437500, 0.725000, 1.212500
 27.666667, 0.084337, 0.289157, 0.638554, 0.951807
 31.666667, 0.115789, 0.136842, 0.715789, 0.873684
 32.000000, 0.062500, 0.083333, 0.739583, 0.854167
 33.666667, 0.000000, 0.108911, 0.613861, 0.752475
 34.000000, 0.049020, 0.107843, 0.705882, 0.833333
 32.000000, 0.020833, 0.083333, 0.625000, 0.750000
 34.000000, 0.254902, 0.127451, 0.637255, 0.794118
 31.000000, 0.129032, 0.118280, 0.731183, 0.881720
 34.000000, 0.068627, 0.098039, 0.647059, 0.764706
 34.666667, 0.413462, 0.192308, 0.653846, 0.875000
 32.000000, 0.052083, 0.166667, 0.635417, 0.822917
 34.000000, 0.107843, 0.068627, 0.715686, 0.803922
 29.333333, 0.000000, 0.136364, 0.965909, 1.136364
 32.666667, 0.102041, 0.112245, 0.622449, 0.775510
 31.666667, 0.010526, 0.105263, 0.673684, 0.884211
 35.333333, 0.235849, 0.084906, 0.641509, 0.745283
 28.333333, 0.117647, 0.482353, 0.800000, 1.305882
 31.666667, 0.073684, 0.094737, 0.673684, 0.800000
23
 0.250000, 0.000000, 0.000000, 7.000000, 8.000000
 25.333333, 0.144737, 0.210526, 0.776316, 1.039474
 30.333333, 0.208791, 0.186813, 0.615385, 0.835165
 29.333333, 0.000000, 0.147727, 0.840909, 1.011364
 32.666667, 0.081633, 0.091837, 0.673469, 0.795918
 35.333333, 0.113208, 0.084906, 0.698113, 0.801887
 34.666667, 0.086538, 0.096154, 0.653846, 0.769231
 34.000000, 0.068627, 0.127451, 0.627451, 0.784314
 31.000000, 0.021505, 0.107527, 0.655914, 0.795699
 29.666667, 0.044944, 0.101124, 1.426966, 1.561798
 32.666667, 0.000000, 0.091837, 1.102041, 1.224490
 31.666667, 0.063158, 0.357895, 0.705263, 1.105263
 30.333333, 0.021978, 0.120879, 0.571429, 0.714286
 33.333333, 0.010000, 0.170000, 0.640000, 0.840000
 29.000000, 0.057471, 0.195402, 0.712644, 0.931034
 31.666667, 0.000000, 0.115789, 0.726316, 0.873684
 29.666667, 0.033708, 0.146067, 0.707865, 0.876404
 33.000000, 0.080808, 0.111111, 0.595960, 0.727273
 26.333333, 0.037975, 0.101266, 0.772152, 0.898734
 31.333333, 0.085106, 0.117021, 0.755319, 0.893617
24
 0.250000, 0.000000, 0.000000, 7.000000, 25.000000
 25.333333, 0.026316, 0.092105, 0.605263, 0.736842
 28.000000, 0.023810, 0.321429, 0.738095, 1.107143
 29.666667, 0.011236, 0.123596, 0.764045, 0.910112
 32.333333, 0.164948, 0.113402, 0.773196, 0.907216
 33.666667, 0.009901, 0.108911, 0.801980, 0.930693
 31.666667, 0.010526, 0.126316, 0.684211, 0.842105
 33.666667, 0.009901, 0.158416, 0.623762, 0.801980
 31.000000, 0.064516, 0.247312, 0.666667, 0.946237
 30.666667, 0.032609, 0.108696, 0.750000, 0.880435
 33.666667, 0.069307, 0.089109, 0.732673, 0.841584
 34.000000, 0.107843, 0.098039, 0.705882, 0.833333
 32.000000, 0.031250, 0.114583, 1.375000, 1.510417
 40.666667, 0.852459, 0.204918, 0.590164, 0.811475
 27.333333, 0.000000, 0.109756, 0.768293, 0.902439
 33.333333, 0.090000, 0.090000, 0.770000, 0.890000
 31.333333, 0.031915, 0.106383, 0.723404, 0.861702
 31.333333, 0.021277, 0.127660, 0.723404, 0.872340
 26.333333, 0.075949, 0.164557, 0.708861, 0.898734
 30.000000, 0.000000, 0.122222, 0.822222, 0.966667
25
 0.250000, 0.000000, 6.000000, 1.000000, 24.000000
 30.666667, 0.750000, 0.402174, 1.054348, 1.510870
 31.000000, 0.333333, 0.236559, 1.150538, 1.419355
 30.000000, 0.011111, 0.100000, 0.700000, 0.833333
 31.333333, 0.000000, 0.085106, 0.670213, 0.787234
 34.666667, 0.009615, 0.105769, 0.759615, 0.884615
 34.666667, 0.153846, 0.134615, 0.673077, 0.836538
 33.333333, 0.060000, 0.160000, 0.750000, 1.010000
 32.000000, 0.052083, 0.166667, 0.864583, 1.062500
 31.333333, 0.138298, 0.095745, 0.744681, 0.882979
 34.000000, 0.058824, 0.098039, 0.774510, 0.901961
 35.000000, 0.209524, 0.133333, 0.761905, 0.923810
 34.000000, 0.392157, 0.460784, 0.735294, 1.225490
 35.333333, 0.150943, 0.150943, 0.735849, 0.924528
 28.666667, 0.023256, 0.395349, 0.709302, 1.244186
 32.333333, 0.061856, 0.154639, 0.649485, 0.835052
 32.333333, 0.030928, 0.185567, 0.752577, 0.969072
 33.000000, 0.060606, 0.151515, 1.191919, 1.373737
 26.666667, 0.087500, 0.112500, 0.762500, 0.900000
 31.333333, 0.053191, 0.159574, 0.765957, 0.946809
26
 0.250000, 1.000000, 0.000000, 0.000000, 0.000000
 26.666667, 0.112500, 0.250000, 0.762500, 1.100000
 28.333333, 0.317647, 0.270588, 1.141176, 1.447059
 30.333333, 0.065934, 0.142857, 0.714286, 0.879121
 34.000000, 0.088235, 0.098039, 0.725490, 0.843137
 36.666667, 0.100000, 0.081818, 0.572727, 0.681818
 35.333333, 0.311321, 0.150943, 0.669811, 0.858491
 33.333333, 0.010000, 0.160000, 0.670000, 0.860000
 32.333333, 0.072165, 0.092784, 0.618557, 0.742268
 29.333333, 0.022727, 0.079545, 0.704545, 0.818182
 35.000000, 0.161905, 0.104762, 0.695238, 0.828571
 33.666667, 0.128713, 0.089109, 0.742574, 0.861386
 32.666667, 0.244898, 0.295918, 0.673469, 1.010204
 34.333333, 0.077670, 0.213592, 0.621359, 0.873786
 29.333333, 0.068182, 0.090909, 0.693182, 0.818182
 31.666667, 0.021053, 0.094737, 0.705263, 0.905263
 30.666667, 0.010870, 0.195652, 0.739130, 0.967391
 32.333333, 0.041237, 0.092784, 1.206186, 1.319588
 27.666667, 0.036145, 0.240964, 0.674699, 0.939759
 32.000000, 0.052083, 0.104167, 0.729167, 0.854167
27
 0.250000, 0.000000, 0.000000, 0.000000, 0.000000
 26.333333, 0.291139, 0.215190, 1.050633, 1.303797
 28.000000, 0.035714, 0.154762, 0.928571, 1.107143
 28.000000, 0.000000, 0.107143, 0.773810, 0.904762
 31.333333, 0.042553, 0.106383, 0.680851, 0.808511
 35.333333, 0.066038, 0.084906, 0.679245, 0.801887
 33.666667, 0.089109, 0.089109, 1.168317, 1.306931
 34.333333, 0.126214, 0.097087, 0.592233, 0.718447
 31.666667, 0.052632, 0.084211, 0.631579, 0.747368
 31.000000, 0.032258, 0.096774, 0.741935, 0.870968
 33.333333, 0.050000, 0.090000, 0.780000, 0.900000
 31.666667, 0.052632, 0.094737, 0.800000, 0.926316
 32.333333, 0.103093, 0.113402, 1.402062, 1.546392
 31.666667, 0.000000, 0.094737, 0.663158, 0.778947
 29.666667, 0.078652, 0.078652, 0.696629, 0.786517
 33.666667, 0.069307, 0.099010, 0.643564, 0.772277
 32.000000, 0.052083, 0.072917, 0.729167, 0.833333
 33.666667, 0.099010, 0.099010, 0.712871, 0.841584
 28.000000, 0.130952, 0.595238, 0.666667, 1.297619
 31.333333, 0.000000, 0.106383, 0.627660, 0.765957
28
 0.250000, 0.000000, 6.000000, 0.000000, 7.000000
 25.333333, 0.013158, 0.223684, 0.710526, 0.973684
 34.000000, 0.647059, 0.323529, 1.215686, 1.568627
 29.333333, 0.022727, 0.102273, 0.852273, 0.977273
 32.333333, 0.000000, 0.144330, 0.742268, 0.907216
 34.000000, 0.009804, 0.078431, 0.637255, 0.754902
 32.666667, 0.000000, 0.091837, 0.663265, 0.795918
 33.000000, 0.020202, 0.111111, 0.616162, 0.828283
 32.333333, 0.072165, 0.123711, 0.618557, 0.773196
 28.666667, 0.000000, 0.116279, 0.825581, 0.965116
 33.666667, 0.049505, 0.118812, 0.702970, 0.861386
 32.000000, 0.104167, 0.125000, 0.697917, 0.843750
 31.333333, 0.074468, 0.117021, 0.574468, 0.723404
 33.333333, 0.010000, 0.130000, 0.610000, 0.760000
 28.666667, 0.069767, 0.093023, 0.790698, 0.918605
 32.666667, 0.040816, 0.132653, 0.693878, 0.857143
 33.000000, 0.111111, 0.101010, 0.848485, 0.979798
 32.666667, 0.091837, 0.091837, 0.683673, 0.806122
 26.666667, 0.000000, 0.100000, 0.612500, 0.737500
 31.333333, 0.031915, 0.117021, 0.712766, 0.861702
29
 0.250000, 0.000000, 0.000000, 0.000000, 0.000000
 27.666667, 0.120482, 0.204819, 1.072289, 1.325301
 25.666667, 0.000000, 0.389610, 0.896104, 1.311688
 29.000000, 0.000000, 0.149425, 0.735632, 0.919540
 33.333333, 0.040000, 0.100000, 0.730000, 0.860000
 34.333333, 0.038835, 0.106796, 0.563107, 0.708738
 34.666667, 0.086538, 0.096154, 0.625000, 0.750000
 32.666667, 0.000000, 0.122449, 0.673469, 0.826531
 31.000000, 0.000000, 0.118280, 0.677419, 0.817204
 29.666667, 0.078652, 0.101124, 0.808989, 0.943820
 34.000000, 0.058824, 0.098039, 0.656863, 0.784314
 31.666667, 0.021053, 0.157895, 0.642105, 0.831579
 30.000000, 0.000000, 0.133333, 0.611111, 0.777778
 32.666667, 0.010204, 0.102041, 0.683673, 0.806122
 28.666667, 0.023256, 0.116279, 1.232558, 1.372093
 32.666667, 0.091837, 0.142857, 0.734694, 0.908163
 31.666667, 0.021053, 0.231579, 0.873684, 1.126316
 32.333333, 0.051546, 0.103093, 0.690722, 0.824742
 27.000000, 0.037037, 0.148148, 0.716049, 0.888889
 31.333333, 0.042553, 0.106383, 0.712766, 0.840426
30
 0.250000, 0.000000, 0.000000, 0.000000, 0.000000
 26.666667, 0.087500, 0.187500, 0.787500, 1.025000
 29.000000, 0.287356, 0.425287, 1.321839, 1.781609
 31.000000, 0.139785, 0.129032, 0.720430, 0.870968
 34.333333, 0.077670, 0.077670, 0.757282, 0.864078
 34.666667, 0.125000, 0.096154, 0.682692, 0.807692
 34.666667, 0.153846, 0.105769, 0.634615, 0.759615
 33.666667, 0.089109, 0.108911, 0.910891, 1.049505
 30.000000, 0.000000, 0.111111, 0.611111, 0.744444
 29.666667, 0.022472, 0.157303, 0.808989, 0.988764
 33.000000, 0.111111, 0.141414, 0.676768, 0.848485
 33.000000, 0.070707, 0.141414, 0.686869, 0.848485
 31.000000, 0.032258, 0.161290, 0.591398, 0.774194
 33.333333, 0.070000, 0.100000, 0.700000, 0.830000
 30.000000, 0.033333, 0.088889, 0.844444, 0.955556
 31.666667, 0.063158, 0.136842, 0.736842, 0.905263
 31.666667, 0.021053, 0.126316, 1.147368, 1.305263
 30.666667, 0.000000, 0.097826, 0.663043, 0.782609
 26.666667, 0.000000, 0.100000, 0.675000, 0.800000
 32.333333, 0.103093, 0.154639, 0.690722, 0.876289
31
 0.250000, 0.000000, 0.000000, 0.000000, 0.000000
 25.666667, 0.090909, 0.220779, 0.753247, 1.116883
 28.666667, 0.093023, 0.244186, 0.779070, 1.046512
 31.000000, 0.043011, 0.086022, 0.817204, 0.924731
 34.000000, 0.058824, 0.088235, 1.166667, 1.274510
 35.333333, 0.188679, 0.103774, 0.603774, 0.726415
 34.000000, 0.049020, 0.098039, 0.617647, 0.745098
 34.666667, 0.096154, 0.096154, 0.692308, 0.807692
 31.000000, 0.000000, 0.129032, 0.591398, 0.752688
 32.000000, 0.104167, 0.177083, 0.708333, 0.916667
 32.666667, 0.020408, 0.132653, 0.632653, 0.785714
 34.000000, 0.166667, 0.117647, 0.774510, 0.921569
 31.666667, 0.073684, 0.147368, 0.642105, 0.821053
 32.666667, 0.102041, 0.132653, 0.653061, 0.816327
 29.000000, 0.045977, 0.126437, 0.678161, 0.827586
 31.333333, 0.000000, 0.138298, 0.691489, 0.851064
 31.666667, 0.105263, 0.126316, 0.684211, 0.842105
 33.000000, 0.090909, 0.121212, 0.616162, 0.767677
 26.000000, 0.051282, 0.679487, 1.025641, 1.730769
 31.333333, 0.042553, 0.095745, 0.670213, 0.787234
32
 0.250000, 0.000000, 0.000000, 0.000000, 0.000000
 26.666667, 0.012500, 0.100000, 0.700000, 0.850000
 28.333333, 0.058824, 0.258824, 0.811765, 1.105882
 30.333333, 0.065934, 0.109890, 0.725275, 0.857143
 33.333333, 0.080000, 0.100000, 0.700000, 0.820000
 33.333333, 0.000000, 0.120000, 0.750000, 0.890000
 32.000000, 0.000000, 0.093750, 0.614583, 0.729167
 32.000000, 0.104167, 0.093750, 0.708333, 0.843750
 34.666667, 0.471154, 0.278846, 0.615385, 0.913462
 31.000000, 0.118280, 0.107527, 0.688172, 0.827957
 31.666667, 0.063158, 0.115789, 0.705263, 0.852632
 32.000000, 0.062500, 0.145833, 0.770833, 0.937500
 31.666667, 0.073684, 0.105263, 0.631579, 0.757895
 32.666667, 0.112245, 0.112245, 0.673469, 0.816327
 29.666667, 0.112360, 0.235955, 1.033708, 1.292135
 33.000000, 0.090909, 0.272727, 0.666667, 0.969697
 33.000000, 0.060606, 0.111111, 0.686869, 0.828283
 31.333333, 0.053191, 0.127660, 0.670213, 0.819149
 28.000000, 0.071429, 0.178571, 1.095238, 1.297619
 32.333333, 0.082474, 0.103093, 0.783505, 0.907216
33
 0.250000, 1.000000, 0.000000, 0.000000, 0.000000
 29.000000, 0.287356, 0.195402, 1.045977, 1.298851
 28.333333, 0.011765, 0.200000, 0.729412, 0.952941
 29.000000, 0.045977, 0.114943, 0.701149, 0.839080
 32.000000, 0.072917, 0.125000, 0.729167, 0.885417
 36.000000, 0.111111, 0.083333, 0.638889, 0.750000
 32.666667, 0.040816, 0.163265, 0.683673, 0.867347
 38.333333, 0.713043, 0.313043, 0.600000, 0.939130
 30.666667, 0.065217, 0.250000, 1.021739, 1.456522
 30.000000, 0.022222, 0.088889, 0.688889, 0.811111
 33.666667, 0.059406, 0.148515, 0.653465, 0.831683
 32.666667, 0.071429, 0.142857, 0.653061, 0.826531
 31.000000, 0.064516, 0.161290, 0.559140, 0.741935
 33.000000, 0.000000, 0.090909, 0.676768, 0.797980
 29.000000, 0.080460, 0.114943, 0.655172, 0.793103
 32.333333, 0.030928, 0.103093, 0.835052, 0.969072
 30.666667, 0.000000, 0.119565, 0.684783, 0.826087
 32.333333, 0.061856, 0.103093, 0.659794, 0.783505
 27.333333, 0.085366, 0.634146, 0.878049, 1.524390
 32.000000, 0.062500, 0.166667, 0.739583, 0.937500
34
 0.250000, 0.000000, 0.000000, 0.000000, 0.000000
 26.666667, 0.200000, 0.300000, 0.737500, 1.087500
 29.000000, 0.057471, 0.275862, 0.643678, 0.965517
 29.333333, 0.056818, 0.113636, 0.727273, 0.863636
 32.000000, 0.041667, 0.093750, 0.739583, 0.854167
 33.333333, 0.020000, 0.100000, 0.670000, 0.800000
 33.333333, 0.050000, 0.120000, 1.230000, 1.380000
 32.666667, 0.000000, 0.183673, 0.683673, 0.897959
 31.666667, 0.147368, 0.252632, 0.621053, 0.915789
 30.666667, 0.086957, 0.086957, 0.858696, 0.978261
 36.000000, 0.138889, 0.101852, 0.620370, 0.750000
 32.666667, 0.020408, 0.122449, 0.744898, 0.897959
 31.666667, 0.105263, 0.094737, 0.705263, 0.821053
 34.000000, 0.068627, 0.127451, 0.686275, 0.843137
 29.000000, 0.160920, 0.114943, 0.666667, 0.804598
 32.333333, 0.030928, 0.092784, 0.731959, 0.855670
 32.333333, 0.051546, 0.164948, 0.804124, 1.000000
 32.333333, 0.030928, 0.113402, 0.701031, 0.835052
 26.666667, 0.025000, 0.162500, 0.625000, 0.812500
 31.000000, 0.000000, 0.096774, 0.720430, 0.838710
35
 0.250000, 0.000000, 0.000000, 0.000000, 0.000000
 26.333333, 0.012658, 0.303797, 0.670886, 1.012658
 28.333333, 0.105882, 0.176471, 0.823529, 1.035294
 29.666667, 0.000000, 0.505618, 0.786517, 1.325843
 34.666667, 0.317308, 0.153846, 0.721154, 0.903846
 34.333333, 0.116505, 0.097087, 0.728155, 0.844660
 35.000000, 0.095238, 0.095238, 0.771429, 0.961905
 32.333333, 0.082474, 0.185567, 0.752577, 0.969072
 31.333333, 0.095745, 0.095745, 0.904255, 1.021277
 30.333333, 0.010989, 0.153846, 0.681319, 0.857143
 33.333333, 0.030000, 0.110000, 0.640000, 0.780000
 31.000000, 0.000000, 0.107527, 0.731183, 0.870968
 31.333333, 0.117021, 0.170213, 0.627660, 0.829787
 32.666667, 0.010204, 0.112245, 0.683673, 0.826531
 28.666667, 0.034884, 0.127907, 0.976744, 1.127907
 32.666667, 0.020408, 0.132653, 0.704082, 0.857143
 31.333333, 0.021277, 0.127660, 0.797872, 0.936170
 32.666667, 0.010204, 0.102041, 0.602041, 0.734694
 26.000000, 0.000000, 0.500000, 0.653846, 1.179487
 32.666667, 0.040816, 0.102041, 0.693878, 0.816327
36
 0.250000, 0.000000, 0.000000, 0.000000, 5.000000
 27.333333, 0.207317, 0.231707, 0.646341, 0.914634
 32.000000, 0.635417, 0.354167, 1.312500, 1.708333
 31.333333, 0.212766, 0.234043, 0.776596, 1.042553
 32.666667, 0.030612, 0.091837, 0.704082, 0.826531
 34.000000, 0.019608, 0.156863, 0.696078, 0.872549
 34.000000, 0.088235, 0.098039, 0.735294, 0.862745
 32.666667, 0.000000, 0.102041, 0.632653, 0.765306
 31.666667, 0.000000, 0.094737, 0.642105, 0.768421
 29.666667, 0.089888, 0.101124, 0.685393, 0.820225
 32.666667, 0.030612, 0.122449, 0.622449, 0.765306
 32.333333, 0.030928, 0.164948, 0.659794, 0.855670
 33.000000, 0.070707, 0.080808, 0.636364, 0.737374
 33.333333, 0.000000, 0.190000, 0.750000, 0.960000
 29.000000, 0.068966, 0.114943, 0.781609, 0.919540
 32.000000, 0.000000, 0.114583, 0.697917, 0.833333
 30.666667, 0.054348, 0.108696, 0.739130, 0.869565
 32.000000, 0.093750, 0.114583, 0.718750, 0.864583
 27.000000, 0.049383, 0.246914, 0.864198, 1.222222
 31.000000, 0.000000, 0.107527, 0.731183, 0.860215
37
 0.250000, 2.000000, 0.000000, 0.000000, 0.000000
 26.666667, 0.050000, 0.175000, 0.712500, 0.937500
 28.333333, 0.094118, 0.282353, 1.000000, 1.317647
 31.000000, 0.021505, 0.118280, 0.752688, 0.903226
 32.000000, 0.010417, 0.156250, 0.750000, 0.937500
 37.333333, 0.205357, 0.098214, 0.625000, 0.750000
 32.000000, 0.041667, 0.125000, 0.666667, 0.822917
 32.333333, 0.030928, 0.113402, 0.639175, 0.773196
 31.333333, 0.010638, 0.095745, 0.627660, 0.755319
 29.666667, 0.011236, 0.089888, 0.797753, 0.921348
 34.000000, 0.147059, 0.098039, 0.794118, 0.911765
 31.333333, 0.063830, 0.095745, 0.755319, 0.882979
 34.000000, 0.078431, 0.088235, 0.647059, 0.764706
 31.333333, 0.042553, 0.095745, 0.670213, 0.808511
 30.000000, 0.122222, 0.244444, 1.000000, 1.277778
 32.000000, 0.052083, 0.104167, 0.604167, 0.729167
 31.333333, 0.021277, 0.127660, 0.744681, 0.904255
 31.333333, 0.053191, 0.117021, 0.776596, 0.914894
 27.666667, 0.048193, 0.120482, 0.686747, 0.831325
 31.333333, 0.021277, 0.095745, 0.702128, 0.829787
38
 0.250000, 0.000000, 0.000000, 0.000000, 0.000000
 25.666667, 0.051948, 0.233766, 0.662338, 0.948052
 28.000000, 0.095238, 0.154762, 0.940476, 1.130952
 33.000000, 0.222222, 0.232323, 0.777778, 1.030303
 31.000000, 0.000000, 0.107527, 0.612903, 0.741935
 35.000000, 0.095238, 0.104762, 0.657143, 0.790476
 31.666667, 0.000000, 0.105263, 0.673684, 0.810526
 35.000000, 0.180952, 0.171429, 0.704762, 0.933333
 31.666667, 0.042105, 0.210526, 0.715789, 0.947368
 31.333333, 0.095745, 0.117021, 0.744681, 0.882979
 32.333333, 0.030928, 0.103093, 0.701031, 0.835052
 34.333333, 0.106796, 0.106796, 0.699029, 0.834951
 31.666667, 0.052632, 0.242105, 1.010526, 1.284211
 32.666667, 0.000000, 0.102041, 0.653061, 0.785714
 28.000000, 0.000000, 0.119048, 0.797619, 0.940476
 32.666667, 0.020408, 0.102041, 0.724490, 0.846939
 31.000000, 0.043011, 0.129032, 0.645161, 0.806452
 32.666667, 0.061224, 0.112245, 0.755102, 0.887755
 26.333333, 0.025316, 0.164557, 1.139241, 1.329114
 31.666667, 0.010526, 0.147368, 0.715789, 0.884211
39
 0.250000, 0.000000, 0.000000, 0.000000, 0.000000
 26.666667, 0.175000, 0.112500, 0.712500, 0.875000
 34.000000, 0.774510, 0.460784, 1.019608, 1.519608
 30.000000, 0.011111, 0.111111, 0.788889, 0.922222
 32.000000, 0.041667, 0.093750, 0.781250, 0.895833
 34.666667, 0.096154, 0.096154, 0.750000, 0.875000
 32.666667, 0.010204, 0.122449, 0.653061, 0.795918
 34.000000, 0.127451, 0.235294, 0.833333, 1.098039
 33.000000, 0.090909, 0.545455, 0.646465, 1.212121
 29.666667, 0.000000, 0.101124, 0.752809, 0.876404
 33.333333, 0.080000, 0.090000, 0.640000, 0.760000
 33.333333, 0.140000, 0.100000, 0.680000, 0.800000
 31.000000, 0.032258, 0.107527, 1.354839, 1.483871
 32.666667, 0.020408, 0.112245, 0.591837, 0.724490
 29.000000, 0.057471, 0.114943, 0.804598, 0.942529
 31.333333, 0.000000, 0.138298, 0.765957, 0.936170
 31.333333, 0.085106, 0.117021, 0.595745, 0.744681
 33.333333, 0.110000, 0.080000, 0.570000, 0.680000
 29.000000, 0.068966, 0.471264, 0.666667, 1.172414
 32.000000, 0.072917, 0.125000, 0.770833, 0.927083
40
 0.250000, 1.000000, 0.000000, 0.000000, 0.000000
 28.666667, 0.162791, 0.186047, 0.627907, 0.860465
 30.000000, 0.300000, 0.188889, 0.811111, 1.022222
 30.333333, 0.131868, 0.197802, 0.703297, 0.923077
 32.666667, 0.010204, 0.071429, 0.683673, 0.785714
 35.333333, 0.075472, 0.094340, 0.707547, 0.839623
 33.000000, 0.040404, 0.080808, 0.676768, 0.777778
 37.000000, 0.216216, 0.117117, 0.594595, 0.747748
 33.666667, 0.336634, 0.138614, 0.613861, 0.772277
 31.666667, 0.073684, 0.084211, 0.768421, 0.884211
 35.333333, 0.094340, 0.084906, 0.650943, 0.764151
 31.666667, 0.084211, 0.147368, 0.642105, 0.884211
 34.000000, 0.254902, 0.323529, 0.754902, 1.107843
 32.333333, 0.020619, 0.103093, 0.670103, 0.804124
 28.666667, 0.011628, 0.104651, 0.813953, 0.941860
 34.666667, 0.163462, 0.163462, 0.730769, 0.923077
 31.000000, 0.032258, 0.086022, 0.677419, 0.795699
 33.000000, 0.101010, 0.141414, 0.575758, 0.747475
 27.000000, 0.012346, 0.160494, 0.641975, 0.839506
 31.333333, 0.031915, 0.117021, 0.755319, 0.893617
41
 0.250000, 0.000000, 0.000000, 0.000000, 0.000000
 28.000000, 0.130952, 0.142857, 0.654762, 0.928571
 27.000000, 0.061728, 0.592593, 0.604938, 1.234568
 30.000000, 0.055556, 0.155556, 0.733333, 0.911111
 32.666667, 0.051020, 0.112245, 0.673469, 0.806122
 33.000000, 0.010101, 0.101010, 0.686869, 0.808081
 35.000000, 0.180952, 0.085714, 0.685714, 0.800000
 36.333333, 0.266055, 0.174312, 0.688073, 0.899083
 32.666667, 0.132653, 0.081633, 0.642857, 0.755102
 32.333333, 0.154639, 0.082474, 0.804124, 0.917526
 34.666667, 0.115385, 0.076923, 0.807692, 0.913462
 35.000000, 0.085714, 0.361905, 0.695238, 1.085714
 33.000000, 0.131313, 0.101010, 0.606061, 0.727273
 34.000000, 0.029412, 0.225490, 0.647059, 0.901961
 29.000000, 0.011494, 0.091954, 0.689655, 0.804598
 33.333333, 0.140000, 0.090000, 0.680000, 0.800000
 33.333333, 0.190000, 0.190000, 0.840000, 1.060000
 33.333333, 0.080000, 0.090000, 1.190000, 1.310000
 29.000000, 0.137931, 0.114943, 0.620690, 0.770115
 31.000000, 0.000000, 0.107527, 0.709677, 0.838710
42
 0.250000, 0.000000, 0.000000, 0.000000, 0.000000
 29.000000, 0.241379, 0.183908, 1.011494, 1.356322
 33.333333, 0.640000, 0.240000, 0.790000, 1.060000
 32.000000, 0.177083, 0.093750, 0.729167, 0.843750
 33.000000, 0.121212, 0.101010, 0.676768, 0.797980
 34.000000, 0.049020, 0.098039, 0.647059, 0.764706
 33.666667, 0.108911, 0.207921, 1.069307, 1.297030
 33.333333, 0.020000, 0.110000, 0.680000, 0.810000
 29.666667, 0.033708, 0.112360, 1.089888, 1.224719
 29.333333, 0.068182, 0.318182, 1.159091, 1.500000
 34.000000, 0.078431, 0.107843, 0.617647, 0.754902
 30.333333, 0.000000, 0.098901, 0.758242, 0.890110
 31.666667, 0.031579, 0.105263, 0.589474, 0.726316
 33.333333, 0.060000, 0.110000, 0.710000, 0.840000
 28.000000, 0.035714, 0.107143, 0.702381, 0.833333
 32.666667, 0.020408, 0.091837, 0.775510, 0.897959
 30.666667, 0.000000, 0.097826, 0.717391, 0.836957
 31.666667, 0.000000, 0.105263, 0.705263, 0.831579
 27.000000, 0.061728, 0.123457, 0.691358, 0.839506
 32.000000, 0.135417, 0.083333, 0.739583, 0.843750
43
 0.250000, 0.000000, 0.000000, 0.000000, 4.000000
 29.333333, 0.409091, 0.284091, 0.647727, 0.988636
 33.666667, 0.633663, 0.237624, 0.831683, 1.099010
 30.000000, 0.133333, 0.111111, 0.655556, 0.788889
 31.333333, 0.010638, 0.117021, 0.734043, 0.872340
 33.666667, 0.049505, 0.108911, 0.603960, 0.742574
 32.666667, 0.010204, 0.102041, 0.714286, 0.846939
 32.333333, 0.072165, 0.113402, 0.649485, 0.793814
 32.000000, 0.083333, 0.177083, 0.635417, 0.843750
 31.666667, 0.126316, 0.094737, 0.789474, 0.915789
 35.000000, 0.171429, 0.095238, 0.695238, 0.819048
 33.333333, 0.160000, 0.120000, 0.700000, 0.850000
 33.333333, 0.150000, 0.110000, 0.610000, 0.750000
 34.000000, 0.058824, 0.205882, 0.666667, 0.901961
 29.000000, 0.068966, 0.091954, 0.793103, 1.000000
 33.000000, 0.010101, 0.090909, 0.797980, 0.929293
 32.333333, 0.072165, 0.164948, 0.731959, 0.917526
 34.333333, 0.077670, 0.077670, 0.679612, 0.786408
 30.000000, 0.233333, 0.088889, 0.622222, 0.744444
 32.333333, 0.051546, 0.134021, 0.793814, 0.948454
44
 0.250000, 0.000000, 0.000000, 0.000000, 4.000000
 26.333333, 0.278481, 0.227848, 0.974684, 1.253165
 28.333333, 0.129412, 0.317647, 1.411765, 1.823529
 30.333333, 0.065934, 0.087912, 0.747253, 0.857143
 32.000000, 0.052083, 0.083333, 0.645833, 0.770833
 33.333333, 0.040000, 0.090000, 0.570000, 0.680000
 33.666667, 0.039604, 0.089109, 0.712871, 0.821782
 33.000000, 0.020202, 0.181818, 0.656566, 0.868687
 31.333333, 0.063830, 0.106383, 0.776596, 0.914894
 30.000000, 0.133333, 0.433333, 1.011111, 1.477778
 34.666667, 0.153846, 0.134615, 0.692308, 0.865385
 33.000000, 0.050505, 0.131313, 0.656566, 0.818182
 30.333333, 0.043956, 0.098901, 0.527473, 0.648352
 34.000000, 0.068627, 0.107843, 0.705882, 0.843137
 28.333333, 0.011765, 0.188235, 0.976471, 1.188235
 31.333333, 0.021277, 0.117021, 0.670213, 0.819149
 30.333333, 0.010989, 0.153846, 0.725275, 0.901099
 32.000000, 0.083333, 0.104167, 0.614583, 0.750000
 28.333333, 0.082353, 0.635294, 1.035294, 1.694118
 31.000000, 0.021505, 0.107527, 0.784946, 0.913978
45
 0.250000, 0.000000, 0.000000, 1.000000, 1.000000
 28.000000, 0.119048, 0.297619, 1.178571, 1.535714
 30.333333, 0.197802, 0.450549, 0.857143, 1.340659
 29.666667, 0.022472, 0.561798, 0.853933, 1.438202
 32.000000, 0.062500, 0.114583, 0.677083, 0.812500
 35.333333, 0.047170, 0.084906, 0.622642, 0.735849
 33.333333, 0.050000, 0.100000, 0.690000, 0.820000
 34.666667, 0.086538, 0.125000, 0.711538, 0.865385
 31.333333, 0.053191, 0.095745, 0.659574, 0.776596
 30.000000, 0.055556, 0.111111, 0.811111, 0.944444
 33.666667, 0.039604, 0.118812, 0.683168, 0.831683
 30.666667, 0.032609, 0.119565, 0.673913, 0.815217
 29.333333, 0.000000, 0.204545, 1.443182, 1.681818
 33.333333, 0.070000, 0.100000, 0.670000, 0.800000
 28.666667, 0.000000, 0.116279, 0.697674, 0.837209
 32.666667, 0.051020, 0.112245, 0.683673, 0.826531
 31.666667, 0.021053, 0.273684, 0.852632, 1.147368
 33.000000, 0.121212, 0.121212, 1.212121, 1.363636
 27.333333, 0.073171, 0.097561, 0.707317, 0.841463
 32.000000, 0.052083, 0.114583, 0.697917, 0.833333
46
 0.250000, 1.000000, 0.000000, 0.000000, 0.000000
 28.000000, 0.059524, 0.107143, 1.392857, 1.547619
 29.333333, 0.170455, 0.193182, 0.636364, 0.863636
 32.333333, 0.175258, 0.082474, 0.762887, 0.938144
 31.666667, 0.021053, 0.094737, 0.694737, 0.810526
 34.333333, 0.038835, 0.087379, 0.825243, 0.941748
 34.333333, 0.174757, 0.087379, 0.718447, 0.834951
 33.333333, 0.060000, 0.080000, 0.740000, 0.850000
 32.333333, 0.216495, 0.103093, 0.597938, 0.721649
 31.666667, 0.094737, 0.136842, 0.757895, 0.926316
 33.666667, 0.079208, 0.108911, 0.693069, 0.831683
 30.666667, 0.032609, 0.119565, 0.750000, 0.891304
 30.333333, 0.010989, 0.109890, 0.549451, 0.681319
 33.666667, 0.158416, 0.099010, 0.702970, 0.831683
 29.333333, 0.079545, 0.181818, 1.079545, 1.284091
 33.000000, 0.101010, 0.131313, 0.656566, 0.818182
 32.666667, 0.112245, 0.102041, 0.642857, 0.775510
 32.000000, 0.010417, 0.093750, 0.729167, 0.854167
 27.666667, 0.120482, 0.144578, 0.722892, 0.891566
 32.000000, 0.041667, 0.114583, 0.687500, 0.833333
47
 0.250000, 0.000000, 0.000000, 0.000000, 0.000000
 27.666667, 0.096386, 0.216867, 0.927711, 1.204819
 28.333333, 0.082353, 0.247059, 0.811765, 1.094118
 31.333333, 0.074468, 0.085106, 0.648936, 0.765957
 34.333333, 0.145631, 0.106796, 0.776699, 0.912621
 33.333333, 0.000000, 0.100000, 0.810000, 0.930000
 32.666667, 0.020408, 0.122449, 0.663265, 0.816327
 33.000000, 0.060606, 0.121212, 0.666667, 0.808081
 32.333333, 0.113402, 0.092784, 0.608247, 0.731959
 29.666667, 0.000000, 0.146067, 0.719101, 0.887640
 33.333333, 0.080000, 0.110000, 0.640000, 0.770000
 31.333333, 0.010638, 0.117021, 0.712766, 0.861702
 32.000000, 0.041667, 0.125000, 0.656250, 0.802083
 32.000000, 0.010417, 0.104167, 0.697917, 0.833333
 28.333333, 0.000000, 0.094118, 0.741176, 0.870588
 33.000000, 0.030303, 0.090909, 0.727273, 0.848485
 33.000000, 0.161616, 0.171717, 0.757576, 0.969697
 32.000000, 0.010417, 0.093750, 0.697917, 0.812500
 28.000000, 0.035714, 0.095238, 0.630952, 0.761905
 30.666667, 0.043478, 0.097826, 0.695652, 0.826087
48
 0.250000, 0.000000, 0.000000, 0.000000, 0.000000
 28.333333, 0.270588, 0.223529, 1.564706, 1.835294
 30.666667, 0.445652, 0.304348, 0.793478, 1.130435
 31.000000, 0.107527, 0.118280, 0.677419, 0.827957
 33.000000, 0.090909, 0.101010, 0.767677, 0.888889
 35.666667, 0.018692, 0.084112, 0.635514, 0.747664
 32.666667, 0.040816, 0.091837, 0.704082, 0.816327
 34.000000, 0.098039, 0.088235, 0.686275, 0.803922
 32.333333, 0.103093, 0.092784, 0.628866, 0.742268
 30.666667, 0.021739, 0.097826, 0.869565, 1.000000
 33.000000, 0.020202, 0.111111, 0.616162, 0.747475
 33.000000, 0.121212, 0.131313, 0.767677, 0.919192
 32.000000, 0.062500, 0.114583, 0.916667, 1.052083
 32.666667, 0.061224, 0.122449, 0.704082, 0.857143
 28.666667, 0.000000, 0.104651, 0.837209, 0.976744
 31.666667, 0.021053, 0.094737, 0.747368, 0.873684
 31.000000, 0.075269, 0.129032, 0.989247, 1.150538
 32.666667, 0.071429, 0.132653, 0.612245, 0.775510
 27.666667, 0.084337, 0.096386, 0.746988, 0.879518
 30.333333, 0.010989, 0.098901, 0.703297, 0.835165
49
 0.250000, 0.000000, 0.000000, 0.000000, 0.000000
 29.333333, 0.386364, 0.295455, 0.761364, 1.102273
 31.666667, 0.389474, 0.421053, 0.757895, 1.210526
 31.000000, 0.075269, 0.086022, 0.806452, 0.989247
 32.000000, 0.000000, 0.093750, 0.739583, 0.854167
 35.666667, 0.102804, 0.102804, 0.757009, 0.887850
 32.333333, 0.000000, 0.123711, 0.690722, 0.835052
 33.333333, 0.050000, 0.120000, 0.710000, 0.850000
 33.000000, 0.050505, 0.101010, 0.636364, 0.828283
 31.000000, 0.236559, 0.096774, 0.741935, 0.881720
 35.000000, 0.104762, 0.104762, 0.676190, 0.809524
 31.333333, 0.202128, 0.159574, 0.712766, 0.904255
 32.333333, 0.134021, 0.134021, 1.020619, 1.185567
 35.000000, 0.123810, 0.085714, 0.666667, 0.771429
 29.666667, 0.089888, 0.146067, 0.707865, 0.876404
 33.000000, 0.030303, 0.090909, 0.707071, 0.818182
 30.666667, 0.021739, 0.119565, 0.663043, 0.815217
 33.333333, 0.040000, 0.090000, 0.620000, 0.740000
 27.000000, 0.037037, 0.098765, 0.740741, 0.876543
 31.333333, 0.021277, 0.127660, 0.734043, 0.882979
50
 0.250000, 0.000000, 0.000000, 0.000000, 0.000000
 26.333333, 0.037975, 0.696203, 1.126582, 1.873418
 28.666667, 0.069767, 0.139535, 0.825581, 0.988372
 31.000000, 0.075269, 0.075269, 0.666667, 0.774194
 33.000000, 0.020202, 0.090909, 0.686869, 0.808081
 34.333333, 0.116505, 0.087379, 0.660194, 0.776699
 34.333333, 0.087379, 0.116505, 1.184466, 1.320388
 32.666667, 0.030612, 0.122449, 0.632653, 0.785714
 31.333333, 0.095745, 0.095745, 0.595745, 0.712766
 29.666667, 0.022472, 0.101124, 0.853933, 0.977528
 34.000000, 0.098039, 0.107843, 0.666667, 0.794118
 32.333333, 0.298969, 0.154639, 0.762887, 0.948454
 31.000000, 0.139785, 0.118280, 0.602151, 0.752688
 33.666667, 0.019802, 0.118812, 0.594059, 0.732673
 29.333333, 0.068182, 0.193182, 0.738636, 0.954545
 33.000000, 0.030303, 0.111111, 0.666667, 0.808081
 29.666667, 0.000000, 0.112360, 0.696629, 0.842697
 32.000000, 0.031250, 0.125000, 0.697917, 0.843750
 27.000000, 0.037037, 0.111111, 0.728395, 0.864198
 29.666667, 0.000000, 0.123596, 0.730337, 0.898876
51
 0.250000, 0.000000, 0.000000, 0.000000, 0.000000
 27.000000, 0.098765, 0.160494, 0.753086, 0.962963
 30.666667, 0.521739, 0.500000, 0.869565, 1.391304
 31.000000, 0.129032, 0.086022, 0.795699, 0.903226
 32.666667, 0.020408, 0.091837, 0.724490, 0.846939
 33.666667, 0.069307, 0.089109, 0.663366, 0.782178
 33.666667, 0.118812, 0.108911, 0.712871, 0.841584
 33.000000, 0.020202, 0.171717, 0.666667, 0.868687
 30.333333, 0.054945, 0.098901, 0.648352, 0.769231
 29.666667, 0.022472, 0.112360, 0.808989, 0.955056
 34.000000, 0.098039, 0.117647, 0.686275, 0.833333
 30.666667, 0.010870, 0.108696, 0.706522, 0.847826
 30.000000, 0.022222, 0.111111, 0.622222, 0.755556
 34.000000, 0.098039, 0.137255, 0.725490, 0.892157
 29.666667, 0.134831, 0.101124, 0.865169, 0.988764
 32.666667, 0.020408, 0.153061, 0.673469, 0.846939
 31.666667, 0.021053, 0.115789, 0.652632, 0.789474
 34.333333, 0.155340, 0.145631, 0.699029, 0.883495
 27.000000, 0.000000, 0.506173, 0.592593, 1.135802
 31.666667, 0.021053, 0.115789, 0.694737, 0.831579
52
 0.250000, 0.000000, 0.000000, 1.000000, 1.000000
 25.666667, 0.012987, 0.259740, 0.974026, 1.376623
 29.333333, 0.000000, 0.170455, 0.806818, 1.000000
 29.666667, 0.067416, 0.101124, 0.674157, 0.797753
 32.000000, 0.041667, 0.104167, 0.656250, 0.781250
 35.000000, 0.038095, 0.104762, 0.676190, 0.800000
 33.000000, 0.000000, 0.121212, 1.161616, 1.303030
 33.666667, 0.029703, 0.079208, 0.693069, 0.801980
 30.000000, 0.000000, 0.100000, 0.644444, 0.766667
 31.333333, 0.095745, 0.095745, 0.787234, 0.904255
 36.000000, 0.083333, 0.074074, 1.129630, 1.231481
 30.666667, 0.032609, 0.108696, 0.706522, 0.847826
 33.666667, 0.198020, 0.465347, 0.673267, 1.168317
 34.333333, 0.126214, 0.087379, 0.669903, 0.776699
 27.666667, 0.012048, 0.168675, 0.771084, 0.975904
 34.333333, 0.097087, 0.116505, 0.747573, 0.902913
 32.000000, 0.104167, 0.093750, 0.687500, 0.812500
 34.000000, 0.245098, 0.107843, 0.666667, 0.794118
 27.333333, 0.000000, 0.085366, 0.743902, 0.865854
 32.333333, 0.072165, 0.092784, 0.742268, 0.865979
53
 0.250000, 1.000000, 0.000000, 0.000000, 0.000000
 26.333333, 0.025316, 0.253165, 0.759494, 1.075949
 28.333333, 0.047059, 0.247059, 0.741176, 1.023529
 31.000000, 0.075269, 0.096774, 0.752688, 0.870968
 32.000000, 0.000000, 0.093750, 0.739583, 0.854167
 36.000000, 0.166667, 0.092593, 0.722222, 0.842593
 33.666667, 0.108911, 0.108911, 0.792079, 0.920792
 33.000000, 0.080808, 0.161616, 0.858586, 1.040404
 32.000000, 0.062500, 0.177083, 0.718750, 0.927083
 30.666667, 0.076087, 0.119565, 0.695652, 0.847826
 34.666667, 0.134615, 0.125000, 0.769231, 0.913462
 32.333333, 0.175258, 0.195876, 0.783505, 1.010309
 30.666667, 0.010870, 0.163043, 0.652174, 0.847826
 33.000000, 0.010101, 0.101010, 0.646465, 0.777778
 28.333333, 0.000000, 0.176471, 1.058824, 1.258824
 33.000000, 0.030303, 0.111111, 0.717172, 0.858586
 31.000000, 0.032258, 0.333333, 1.000000, 1.354839
 31.666667, 0.000000, 0.094737, 0.589474, 0.705263
 27.666667, 0.060241, 0.120482, 0.698795, 0.843373
 31.000000, 0.032258, 0.107527, 0.645161, 0.774194
54
 0.250000, 0.000000, 0.000000, 0.000000, 0.000000
 27.333333, 0.060976, 0.146341, 0.719512, 1.000000
 28.000000, 0.035714, 0.202381, 1.083333, 1.321429
 30.000000, 0.011111, 0.088889, 0.688889, 0.800000
 33.000000, 0.141414, 0.151515, 0.626263, 0.797980
 36.666667, 0.154545, 0.081818, 0.690909, 0.800000
 33.333333, 0.040000, 0.090000, 0.680000, 0.800000
 34.333333, 0.058252, 0.106796, 0.660194, 0.796117
 31.333333, 0.042553, 0.106383, 0.659574, 0.808511
 30.000000, 0.011111, 0.088889, 0.733333, 0.855556
 34.000000, 0.068627, 0.088235, 0.627451, 0.745098
 30.333333, 0.010989, 0.109890, 0.758242, 0.890110
 31.666667, 0.031579, 0.126316, 1.463158, 1.621053
 33.000000, 0.010101, 0.101010, 0.636364, 0.757576
 28.666667, 0.011628, 0.093023, 0.709302, 0.837209
 35.000000, 0.142857, 0.257143, 0.733333, 1.028571
 32.333333, 0.010309, 0.113402, 0.680412, 0.886598
 32.666667, 0.091837, 0.091837, 0.622449, 0.744898
 27.333333, 0.146341, 0.097561, 0.621951, 0.743902
 31.666667, 0.063158, 0.105263, 0.705263, 0.831579
55
 0.250000, 0.000000, 0.000000, 0.000000, 0.000000
 30.333333, 0.549451, 0.208791, 1.307692, 1.648352
 30.000000, 0.288889, 0.277778, 0.922222, 1.222222
 30.666667, 0.054348, 0.206522, 0.750000, 0.978261
 32.333333, 0.051546, 0.185567, 0.690722, 0.896907
 37.000000, 0.171171, 0.099099, 0.630631, 0.756757
 33.333333, 0.090000, 0.190000, 1.060000, 1.280000
 32.000000, 0.062500, 0.114583, 0.687500, 0.833333
 30.666667, 0.000000, 0.119565, 0.663043, 0.804348
 32.666667, 0.183673, 0.112245, 0.744898, 0.887755
 33.666667, 0.019802, 0.099010, 0.653465, 0.782178
 33.000000, 0.171717, 0.161616, 0.818182, 1.010101
 31.333333, 0.074468, 0.106383, 0.595745, 0.723404
 33.666667, 0.089109, 0.099010, 0.594059, 0.722772
 29.000000, 0.114943, 0.172414, 0.735632, 0.942529
 33.666667, 0.138614, 0.128713, 0.653465, 0.821782
 33.666667, 0.138614, 0.148515, 0.772277, 0.950495
 35.000000, 0.142857, 0.076190, 1.200000, 1.304762
 27.666667, 0.036145, 0.132530, 0.722892, 0.879518
 33.000000, 0.101010, 0.101010, 0.767677, 0.888889
56
 0.250000, 0.000000, 0.000000, 0.000000, 0.000000
 25.666667, 0.000000, 0.454545, 0.571429, 1.077922
 27.666667, 0.024096, 0.710843, 0.674699, 1.421687
 29.000000, 0.034483, 0.091954, 0.839080, 0.965517
 32.666667, 0.051020, 0.091837, 0.704082, 0.816327
 36.666667, 0.209091, 0.100000, 0.690909, 0.836364
 32.000000, 0.000000, 0.104167, 0.718750, 0.854167
 33.000000, 0.060606, 0.090909, 0.666667, 0.787879
 32.000000, 0.041667, 0.104167, 0.645833, 0.781250
 30.000000, 0.022222, 0.100000, 0.811111, 0.933333
 33.333333, 0.080000, 0.110000, 0.720000, 0.860000
 32.000000, 0.052083, 0.093750, 0.687500, 0.812500
 32.000000, 0.083333, 0.114583, 0.604167, 0.739583
 33.000000, 0.000000, 0.242424, 0.747475, 1.020202
 28.666667, 0.058140, 0.151163, 0.860465, 1.034884
 31.333333, 0.000000, 0.095745, 0.627660, 0.744681
 30.666667, 0.032609, 0.108696, 0.760870, 0.891304
 32.333333, 0.092784, 0.103093, 0.701031, 0.824742
 27.333333, 0.048780, 0.134146, 0.634146, 0.804878
 31.333333, 0.042553, 0.117021, 0.691489, 0.829787
57
 0.250000, 0.000000, 0.000000, 7.000000, 7.000000
 26.666667, 0.112500, 0.100000, 0.800000, 0.950000
 28.666667, 0.023256, 0.244186, 1.406977, 1.686047
 30.333333, 0.043956, 0.153846, 0.747253, 0.934066
 32.000000, 0.020833, 0.104167, 0.666667, 0.812500
 35.000000, 0.066667, 0.095238, 0.628571, 0.752381
 34.000000, 0.058824, 0.107843, 0.666667, 0.803922
 33.333333, 0.010000, 0.090000, 0.760000, 0.880000
 31.000000, 0.107527, 0.182796, 0.817204, 1.032258
 30.666667, 0.065217, 0.141304, 0.663043, 0.826087
 36.666667, 0.263636, 0.118182, 0.700000, 0.845455
 31.666667, 0.084211, 0.094737, 0.705263, 0.831579
 29.333333, 0.000000, 0.113636, 1.431818, 1.568182
 35.000000, 0.114286, 0.133333, 0.666667, 0.828571
 29.333333, 0.034091, 0.159091, 0.693182, 0.886364
 33.333333, 0.130000, 0.110000, 0.750000, 0.880000
 32.000000, 0.208333, 0.145833, 0.729167, 0.906250
 33.333333, 0.040000, 0.170000, 0.700000, 0.890000
 28.000000, 0.178571, 0.095238, 0.678571, 0.809524
 32.333333, 0.030928, 0.185567, 0.783505, 1.000000
58
 0.250000, 0.000000, 0.000000, 7.000000, 7.000000
 26.666667, 0.200000, 0.275000, 1.250000, 1.575000
 30.333333, 0.329670, 0.285714, 0.758242, 1.153846
 31.000000, 0.086022, 0.096774, 0.655914, 0.784946
 33.000000, 0.121212, 0.101010, 0.666667, 0.787879
 34.666667, 0.086538, 0.096154, 0.625000, 0.750000
 34.333333, 0.067961, 0.097087, 0.728155, 0.864078
 33.333333, 0.110000, 0.110000, 0.570000, 0.710000
 33.000000, 0.272727, 0.181818, 0.565657, 0.767677
 32.333333, 0.103093, 0.092784, 0.628866, 0.752577
 33.666667, 0.059406, 0.089109, 0.643564, 0.762376
 33.333333, 0.130000, 0.100000, 0.700000, 0.830000
 34.000000, 0.352941, 0.215686, 0.627451, 0.862745
 33.666667, 0.029703, 0.089109, 0.603960, 0.722772
 29.000000, 0.045977, 0.103448, 1.000000, 1.126437
 32.000000, 0.010417, 0.093750, 0.718750, 0.833333
 31.333333, 0.021277, 0.148936, 0.755319, 0.936170
 31.333333, 0.042553, 0.095745, 0.723404, 0.851064
 26.333333, 0.012658, 0.265823, 0.873418, 1.164557
 34.000000, 0.294118, 0.127451, 0.735294, 0.892157
59
 0.250000, 0.000000, 0.000000, 0.000000, 8.000000
 28.333333, 0.188235, 0.658824, 1.164706, 1.882353
 29.333333, 0.113636, 0.250000, 0.636364, 0.920455
 30.000000, 0.033333, 0.188889, 0.800000, 1.011111
 31.333333, 0.000000, 0.127660, 0.744681, 0.904255
 33.666667, 0.009901, 0.099010, 0.613861, 0.742574
 31.666667, 0.000000, 0.105263, 0.768421, 0.894737
 32.000000, 0.072917, 0.114583, 0.739583, 0.895833
 35.000000, 0.361905, 0.152381, 0.647619, 0.819048
 30.000000, 0.100000, 0.211111, 1.277778, 1.522222
 33.000000, 0.010101, 0.101010, 0.656566, 0.787879
 31.666667, 0.126316, 0.126316, 0.684211, 0.831579
 31.666667, 0.115789, 0.115789, 0.694737, 0.842105
 35.666667, 0.242991, 0.140187, 0.682243, 0.850467
 28.333333, 0.094118, 0.117647, 0.776471, 0.929412
 32.000000, 0.010417, 0.187500, 0.729167, 0.958333
 31.333333, 0.053191, 0.138298, 0.904255, 1.063830
 32.333333, 0.103093, 0.113402, 0.639175, 0.783505
 26.666667, 0.087500, 0.112500, 0.687500, 0.825000
 31.333333, 0.031915, 0.095745, 0.765957, 0.882979
60
 0.250000, 0.000000, 0.000000, 0.000000, 0.000000
 28.333333, 0.270588, 0.282353, 0.764706, 1.094118
 31.333333, 0.457447, 0.340426, 0.702128, 1.085106
 29.333333, 0.022727, 0.090909, 0.795455, 0.920455
 33.000000, 0.101010, 0.111111, 0.656566, 0.797980
 34.666667, 0.038462, 0.096154, 0.750000, 0.875000
 32.666667, 0.020408, 0.122449, 0.612245, 0.755102
 34.666667, 0.211538, 0.115385, 0.682692, 0.826923
 32.000000, 0.093750, 0.104167, 0.604167, 0.739583
 30.666667, 0.097826, 0.108696, 0.684783, 0.826087
 35.333333, 0.075472, 0.141509, 0.707547, 0.867925
 31.333333, 0.053191, 0.127660, 0.744681, 0.968085
 30.666667, 0.043478, 0.119565, 0.804348, 0.945652
 32.000000, 0.000000, 0.104167, 0.666667, 0.791667
 29.333333, 0.034091, 0.170455, 1.068182, 1.272727
 31.333333, 0.000000, 0.106383, 0.638298, 0.776596
 30.666667, 0.000000, 0.173913, 0.804348, 1.010870
 30.333333, 0.010989, 0.120879, 0.681319, 0.824176
 26.666667, 0.075000, 0.150000, 0.700000, 0.875000
 31.666667, 0.063158, 0.105263, 0.800000, 0.926316
61
 0.250000, 0.000000, 0.000000, 0.000000, 0.000000
 28.666667, 0.302326, 0.209302, 0.802326, 1.069767
 27.666667, 0.048193, 0.289157, 1.048193, 1.361446
 29.333333, 0.000000, 0.113636, 0.750000, 0.886364
 31.666667, 0.000000, 0.094737, 0.789474, 0.915789
 34.333333, 0.087379, 0.087379, 0.601942, 0.728155
 33.333333, 0.100000, 0.090000, 0.630000, 0.750000
 33.666667, 0.089109, 0.108911, 0.623762, 0.762376
 32.000000, 0.114583, 0.125000, 0.583333, 0.739583
 29.666667, 0.022472, 0.325843, 1.078652, 1.426966
 32.333333, 0.000000, 0.092784, 0.752577, 0.865979
 31.000000, 0.107527, 0.107527, 0.645161, 0.774194
 31.666667, 0.200000, 0.157895, 0.621053, 0.800000
 33.000000, 0.010101, 0.101010, 0.646465, 0.777778
 28.000000, 0.011905, 0.107143, 0.726190, 0.857143
 32.666667, 0.051020, 0.102041, 0.683673, 0.816327
 31.666667, 0.010526, 0.094737, 0.705263, 0.831579
 33.333333, 0.060000, 0.110000, 0.690000, 0.830000
 28.000000, 0.071429, 0.154762, 1.119048, 1.309524
 32.000000, 0.041667, 0.145833, 0.697917, 0.864583
62
 0.250000, 3.000000, 0.000000, 0.000000, 0.000000
 29.333333, 0.454545, 0.477273, 0.852273, 1.397727
 31.000000, 0.483871, 0.365591, 0.774194, 1.172043
 29.666667, 0.000000, 0.179775, 0.764045, 0.966292
 31.333333, 0.010638, 0.148936, 0.648936, 0.819149
 34.333333, 0.067961, 0.087379, 0.640777, 0.757282
 32.000000, 0.020833, 0.312500, 1.031250, 1.375000
 33.333333, 0.030000, 0.120000, 0.700000, 0.840000
 31.333333, 0.000000, 0.106383, 0.670213, 0.797872
 32.000000, 0.197917, 0.114583, 0.854167, 0.989583
 33.666667, 0.019802, 0.108911, 0.683168, 0.811881
 31.000000, 0.086022, 0.107527, 0.763441, 0.913978
 31.000000, 0.000000, 0.096774, 1.408602, 1.537634
 33.666667, 0.069307, 0.108911, 0.693069, 0.831683
 28.333333, 0.011765, 0.094118, 1.105882, 1.223529
 32.666667, 0.061224, 0.112245, 0.724490, 0.867347
 31.666667, 0.010526, 0.147368, 0.715789, 0.884211
 32.333333, 0.113402, 0.103093, 1.164948, 1.288660
 28.333333, 0.105882, 0.141176, 0.623529, 0.788235
 32.666667, 0.102041, 0.091837, 0.714286, 0.836735
63
 0.250000, 3.000000, 0.000000, 0.000000, 0.000000
 26.666667, 0.162500, 0.250000, 0.837500, 1.162500
 27.333333, 0.048780, 0.268293, 1.060976, 1.353659
 31.000000, 0.075269, 0.204301, 0.731183, 0.967742
 35.000000, 0.219048, 0.076190, 0.657143, 0.761905
 35.666667, 0.130841, 0.112150, 0.672897, 0.813084
 32.666667, 0.091837, 0.102041, 0.734694, 0.867347
 33.333333, 0.040000, 0.090000, 0.700000, 0.820000
 32.000000, 0.145833, 0.156250, 0.781250, 0.968750
 30.333333, 0.032967, 0.087912, 0.692308, 0.890110
 33.333333, 0.010000, 0.120000, 0.760000, 0.900000
 32.000000, 0.114583, 0.156250, 0.906250, 1.093750
 31.666667, 0.073684, 0.094737, 0.578947, 0.715789
 33.666667, 0.069307, 0.128713, 0.613861, 0.772277
 28.666667, 0.011628, 0.197674, 0.686047, 0.906977
 32.666667, 0.020408, 0.306122, 1.204082, 1.540816
 30.666667, 0.163043, 0.130435, 0.663043, 0.815217
 31.666667, 0.073684, 0.105263, 0.684211, 0.810526
 27.000000, 0.061728, 0.493827, 0.629630, 1.148148
 32.666667, 0.132653, 0.091837, 0.724490, 0.836735
Histogram
30 0 0 0 0 0 6 256 501 200 83 41 40 42 16 21 9 3 5 0 0 0 0 0 0 0 0 0 0 0 0 0 0 0 0 0 0 0 0 0 2 0 0 0 0 0 0 0 0 0 1 0 0 0 0 0 0 0 0 0 0 0 0 0 0 0 0 0 0 0 3 0 0 0 0 0 0 0 0 0 2 0 0 0 0 0 0 0 0 0 3 0 0 0 0 0 0 0 0 0 1 0 0 0 0 0 0 0 0 0 1 0 0 0 0 0 0 0 0 14 
Cache Miss Ratio
0.05304032962916719
numOfSets
0
numOfGets
120135
numOfMultiGets
0
