20
0
 0.250000, 0.000000, 0.000000, 11.000000, 101.000000
 68.666667, 0.199029, 0.252427, 1.160194, 1.563107
 84.666667, 0.303150, 0.318898, 1.118110, 1.515748
 87.333333, 0.041985, 0.194656, 0.984733, 1.225191
 91.666667, 0.120000, 0.229091, 1.065455, 1.341818
 78.000000, 0.230769, 0.213675, 1.440171, 1.709402
 87.000000, 0.103448, 0.180077, 0.908046, 1.157088
 97.000000, 0.312715, 0.199313, 0.886598, 1.154639
 90.333333, 0.114391, 0.188192, 1.084871, 1.332103
 92.333333, 0.014440, 0.184116, 0.942238, 1.173285
 93.000000, 0.136201, 0.168459, 0.964158, 1.182796
 77.666667, 0.085837, 0.197425, 1.107296, 1.356223
 83.333333, 0.056000, 0.220000, 0.984000, 1.252000
 82.000000, 0.028455, 0.182927, 0.983740, 1.219512
 84.666667, 0.070866, 0.181102, 0.956693, 1.188976
 88.000000, 0.102273, 0.223485, 0.996212, 1.268939
 93.333333, 0.042857, 0.157143, 0.857143, 1.064286
 91.000000, 0.095238, 0.205128, 0.857143, 1.109890
 87.666667, 0.057034, 0.243346, 0.946768, 1.247148
 97.000000, 0.072165, 0.144330, 0.883162, 1.085911
1
 0.250000, 0.000000, 0.000000, 4.000000, 104.000000
 70.666667, 0.198113, 0.202830, 1.103774, 1.490566
 77.000000, 0.177489, 0.272727, 1.051948, 1.463203
 89.000000, 0.033708, 0.228464, 1.093633, 1.370787
 90.666667, 0.102941, 0.169118, 1.022059, 1.238971
 78.333333, 0.208511, 0.208511, 1.289362, 1.553191
 86.666667, 0.069231, 0.211538, 0.907692, 1.173077
 97.666667, 0.252560, 0.204778, 0.873720, 1.133106
 87.666667, 0.098859, 0.148289, 1.098859, 1.315589
 94.000000, 0.056738, 0.134752, 0.890071, 1.088652
 89.666667, 0.074349, 0.200743, 0.888476, 1.144981
 77.333333, 0.099138, 0.172414, 1.116379, 1.336207
 83.000000, 0.032129, 0.192771, 1.008032, 1.253012
 83.666667, 0.095618, 0.191235, 1.003984, 1.250996
 84.333333, 0.086957, 0.173913, 0.996047, 1.233202
 86.333333, 0.088803, 0.200772, 1.088803, 1.335907
 94.000000, 0.063830, 0.159574, 0.890071, 1.099291
 94.333333, 0.091873, 0.194346, 0.929329, 1.180212
 90.000000, 0.066667, 0.185185, 0.929630, 1.174074
 93.333333, 0.042857, 0.171429, 0.900000, 1.125000
2
 0.250000, 0.000000, 0.000000, 4.000000, 102.000000
 68.333333, 0.185366, 0.209756, 1.112195, 1.453659
 79.666667, 0.163180, 0.359833, 1.192469, 1.644351
 87.000000, 0.084291, 0.256705, 1.038314, 1.352490
 86.333333, 0.042471, 0.162162, 0.984556, 1.193050
 78.000000, 0.226496, 0.226496, 1.329060, 1.615385
 87.000000, 0.153257, 0.187739, 0.900383, 1.145594
 93.666667, 0.135231, 0.206406, 0.857651, 1.113879
 88.666667, 0.105263, 0.142857, 1.169173, 1.368421
 94.666667, 0.031690, 0.154930, 0.904930, 1.105634
 91.333333, 0.083942, 0.178832, 1.003650, 1.237226
 78.000000, 0.059829, 0.196581, 1.132479, 1.380342
 82.000000, 0.052846, 0.239837, 1.028455, 1.333333
 81.666667, 0.044898, 0.200000, 1.016327, 1.273469
 86.666667, 0.076923, 0.184615, 0.938462, 1.173077
 85.666667, 0.077821, 0.178988, 0.941634, 1.167315
 92.666667, 0.025180, 0.136691, 0.848921, 1.035971
 92.333333, 0.129964, 0.227437, 0.949458, 1.227437
 88.666667, 0.075188, 0.161654, 0.924812, 1.135338
 92.666667, 0.025180, 0.169065, 0.935252, 1.161871
3
 0.250000, 0.000000, 0.000000, 4.000000, 100.000000
 66.333333, 0.085427, 0.231156, 1.201005, 1.567839
 77.666667, 0.107296, 0.244635, 1.111588, 1.424893
 89.000000, 0.063670, 0.168539, 1.029963, 1.254682
 88.666667, 0.101504, 0.214286, 0.951128, 1.214286
 78.666667, 0.245763, 0.207627, 1.402542, 1.677966
 86.333333, 0.042471, 0.204633, 0.980695, 1.239382
 90.000000, 0.140741, 0.207407, 0.940741, 1.203704
 90.333333, 0.110701, 0.143911, 1.103321, 1.298893
 96.000000, 0.062500, 0.118056, 0.871528, 1.034722
 91.666667, 0.109091, 0.174545, 0.941818, 1.174545
 74.000000, 0.022523, 0.175676, 1.094595, 1.319820
 85.000000, 0.101961, 0.184314, 1.035294, 1.278431
 84.333333, 0.071146, 0.241107, 1.090909, 1.399209
 84.000000, 0.063492, 0.186508, 0.976190, 1.222222
 83.666667, 0.079681, 0.199203, 1.027888, 1.286853
 96.000000, 0.093750, 0.159722, 0.843750, 1.052083
 92.666667, 0.172662, 0.223022, 0.910072, 1.179856
 86.666667, 0.080769, 0.192308, 0.957692, 1.203846
 96.666667, 0.075862, 0.182759, 0.906897, 1.137931
4
 0.250000, 1.000000, 0.000000, 5.000000, 96.000000
 66.333333, 0.115578, 0.175879, 1.085427, 1.407035
 73.666667, 0.063348, 0.276018, 1.085973, 1.438914
 91.000000, 0.113553, 0.157509, 0.937729, 1.153846
 92.000000, 0.123188, 0.192029, 1.065217, 1.307971
 73.000000, 0.200913, 0.228311, 1.305936, 1.593607
 85.333333, 0.054688, 0.210938, 0.957031, 1.238281
 94.000000, 0.074468, 0.170213, 0.911348, 1.131206
 88.666667, 0.112782, 0.161654, 1.203008, 1.432331
 93.666667, 0.039146, 0.156584, 0.900356, 1.103203
 92.666667, 0.151079, 0.190647, 0.964029, 1.208633
 80.333333, 0.182573, 0.203320, 1.136929, 1.385892
 85.000000, 0.176471, 0.215686, 0.992157, 1.258824
 83.666667, 0.131474, 0.207171, 0.952191, 1.215139
 83.333333, 0.032000, 0.192000, 0.924000, 1.168000
 86.333333, 0.088803, 0.185328, 1.011583, 1.243243
 93.333333, 0.042857, 0.167857, 0.835714, 1.053571
 89.333333, 0.059701, 0.186567, 0.899254, 1.134328
 86.666667, 0.046154, 0.176923, 0.915385, 1.157692
 95.333333, 0.038462, 0.153846, 0.912587, 1.115385
5
 0.250000, 0.000000, 1.000000, 10.000000, 95.000000
 63.666667, 0.083770, 0.225131, 1.172775, 1.570681
 77.000000, 0.268398, 0.290043, 1.151515, 1.532468
 90.666667, 0.091912, 0.191176, 0.948529, 1.187500
 88.000000, 0.030303, 0.174242, 0.924242, 1.143939
 74.333333, 0.188341, 0.228700, 1.372197, 1.668161
 86.666667, 0.053846, 0.219231, 1.019231, 1.307692
 93.000000, 0.057348, 0.197133, 0.949821, 1.193548
 87.666667, 0.098859, 0.190114, 1.148289, 1.391635
 93.666667, 0.028470, 0.156584, 0.886121, 1.088968
 91.666667, 0.098182, 0.181818, 0.912727, 1.152727
 76.000000, 0.061404, 0.153509, 1.122807, 1.328947
 86.666667, 0.065385, 0.165385, 0.988462, 1.207692
 85.333333, 0.082031, 0.226563, 0.976563, 1.257813
 84.666667, 0.055118, 0.224409, 1.039370, 1.338583
 84.333333, 0.094862, 0.177866, 1.047431, 1.296443
 91.666667, 0.040000, 0.185455, 0.880000, 1.112727
 92.333333, 0.057762, 0.162455, 0.916968, 1.129964
 91.666667, 0.105455, 0.218182, 0.898182, 1.167273
 98.333333, 0.108475, 0.189831, 0.905085, 1.155932
6
 0.250000, 1.000000, 0.000000, 5.000000, 95.000000
 66.333333, 0.120603, 0.261307, 1.110553, 1.502513
 78.333333, 0.153191, 0.263830, 1.114894, 1.455319
 88.666667, 0.033835, 0.195489, 0.943609, 1.184211
 92.666667, 0.122302, 0.154676, 0.931655, 1.133094
 85.666667, 0.272374, 0.229572, 1.256809, 1.544747
 87.333333, 0.095420, 0.194656, 0.980916, 1.229008
 89.000000, 0.059925, 0.187266, 0.880150, 1.112360
 87.333333, 0.103053, 0.179389, 1.106870, 1.343511
 95.000000, 0.091228, 0.182456, 0.943860, 1.175439
 92.333333, 0.144404, 0.191336, 0.978339, 1.227437
 76.666667, 0.091304, 0.191304, 1.039130, 1.282609
 85.666667, 0.066148, 0.206226, 0.996109, 1.256809
 83.333333, 0.044000, 0.172000, 0.976000, 1.200000
 85.666667, 0.035019, 0.252918, 1.038911, 1.342412
 89.333333, 0.208955, 0.250000, 0.985075, 1.283582
 92.000000, 0.032609, 0.181159, 0.938406, 1.188406
 94.333333, 0.141343, 0.212014, 0.925795, 1.187279
 88.333333, 0.075472, 0.230189, 1.022642, 1.301887
 94.666667, 0.052817, 0.200704, 0.887324, 1.130282
7
 0.250000, 0.000000, 0.000000, 9.000000, 92.000000
 68.000000, 0.112745, 0.245098, 1.058824, 1.436275
 79.000000, 0.206751, 0.303797, 1.046414, 1.438819
 86.000000, 0.015504, 0.174419, 0.953488, 1.170543
 89.000000, 0.089888, 0.176030, 0.910112, 1.134831
 77.000000, 0.173160, 0.251082, 1.471861, 1.779221
 84.000000, 0.091270, 0.198413, 0.960317, 1.210317
 88.000000, 0.034091, 0.162879, 0.909091, 1.125000
 89.000000, 0.089888, 0.187266, 1.134831, 1.389513
 95.333333, 0.076923, 0.164336, 0.898601, 1.136364
 90.333333, 0.110701, 0.158672, 0.948339, 1.158672
 74.333333, 0.053812, 0.183857, 1.188341, 1.426009
 87.000000, 0.199234, 0.222222, 0.911877, 1.195402
 83.000000, 0.068273, 0.204819, 1.068273, 1.325301
 83.666667, 0.107570, 0.239044, 0.920319, 1.211155
 90.333333, 0.103321, 0.195572, 1.040590, 1.280443
 93.333333, 0.050000, 0.167857, 0.907143, 1.121429
 92.333333, 0.090253, 0.184116, 0.891697, 1.126354
 87.333333, 0.053435, 0.156489, 0.916031, 1.137405
 97.000000, 0.068729, 0.192440, 0.914089, 1.154639
8
 0.250000, 0.000000, 0.000000, 0.000000, 7.000000
 69.666667, 0.177033, 0.267943, 1.124402, 1.535885
 77.666667, 0.154506, 0.291845, 1.103004, 1.489270
 89.000000, 0.074906, 0.164794, 1.003745, 1.217228
 97.333333, 0.188356, 0.202055, 1.027397, 1.277397
 76.333333, 0.161572, 0.196507, 1.397380, 1.646288
 83.333333, 0.032000, 0.200000, 0.936000, 1.192000
 94.333333, 0.219081, 0.194346, 0.886926, 1.127208
 89.666667, 0.085502, 0.159851, 1.104089, 1.319703
 93.000000, 0.014337, 0.143369, 0.913978, 1.103943
 87.666667, 0.079848, 0.190114, 0.923954, 1.167300
 76.666667, 0.069565, 0.156522, 1.091304, 1.300000
 89.000000, 0.168539, 0.239700, 1.056180, 1.359551
 86.000000, 0.131783, 0.193798, 1.038760, 1.298450
 85.333333, 0.042969, 0.179688, 1.011719, 1.242188
 87.666667, 0.087452, 0.224335, 1.095057, 1.365019
 95.000000, 0.126316, 0.175439, 0.905263, 1.133333
 91.333333, 0.102190, 0.204380, 0.886861, 1.142336
 85.000000, 0.047059, 0.219608, 0.952941, 1.227451
 97.666667, 0.102389, 0.194539, 0.965870, 1.204778
9
 0.250000, 0.000000, 0.000000, 5.000000, 9.000000
 67.666667, 0.172414, 0.246305, 1.142857, 1.522167
 74.333333, 0.080717, 0.260090, 1.085202, 1.515695
 87.000000, 0.042146, 0.195402, 0.942529, 1.183908
 87.333333, 0.045802, 0.171756, 0.958015, 1.175573
 78.333333, 0.238298, 0.217021, 1.357447, 1.646809
 86.333333, 0.135135, 0.216216, 0.953668, 1.223938
 87.666667, 0.049430, 0.163498, 0.901141, 1.121673
 86.333333, 0.096525, 0.181467, 1.150579, 1.386100
 92.333333, 0.018051, 0.184116, 0.949458, 1.180505
 89.333333, 0.119403, 0.160448, 0.947761, 1.160448
 78.666667, 0.122881, 0.177966, 1.118644, 1.343220
 83.666667, 0.047809, 0.183267, 0.968127, 1.231076
 83.333333, 0.072000, 0.248000, 1.060000, 1.360000
 85.000000, 0.043137, 0.164706, 0.960784, 1.180392
 85.666667, 0.159533, 0.229572, 1.015564, 1.319066
 91.666667, 0.029091, 0.156364, 0.890909, 1.123636
 90.666667, 0.047794, 0.213235, 0.900735, 1.169118
 86.000000, 0.065891, 0.201550, 0.926357, 1.189922
 95.333333, 0.038462, 0.160839, 0.856643, 1.062937
10
 0.250000, 0.000000, 0.000000, 1.000000, 9.000000
 67.000000, 0.208955, 0.263682, 1.134328, 1.532338
 77.333333, 0.198276, 0.284483, 0.987069, 1.353448
 88.666667, 0.075188, 0.221805, 1.063910, 1.330827
 88.000000, 0.071970, 0.227273, 0.988636, 1.261364
 74.666667, 0.138393, 0.267857, 1.276786, 1.602679
 85.666667, 0.070039, 0.178988, 0.894942, 1.132296
 92.666667, 0.129496, 0.176259, 0.881295, 1.107914
 86.000000, 0.062016, 0.162791, 1.143411, 1.356589
 94.333333, 0.028269, 0.155477, 0.876325, 1.081272
 91.000000, 0.124542, 0.201465, 0.941392, 1.194139
 78.000000, 0.068376, 0.170940, 1.059829, 1.286325
 84.333333, 0.086957, 0.177866, 0.996047, 1.245059
 83.333333, 0.048000, 0.220000, 0.968000, 1.240000
 87.000000, 0.107280, 0.199234, 1.015326, 1.264368
 88.666667, 0.172932, 0.195489, 1.015038, 1.274436
 93.666667, 0.035587, 0.177936, 0.879004, 1.103203
 91.666667, 0.152727, 0.200000, 0.894545, 1.145455
 87.666667, 0.049430, 0.174905, 0.923954, 1.148289
 98.666667, 0.118243, 0.168919, 0.925676, 1.141892
11
 0.250000, 0.000000, 0.000000, 0.000000, 2.000000
 69.333333, 0.134615, 0.235577, 1.052885, 1.423077
 78.000000, 0.196581, 0.252137, 1.072650, 1.435897
 91.666667, 0.156364, 0.210909, 0.970909, 1.229091
 90.666667, 0.073529, 0.150735, 0.977941, 1.176471
 76.666667, 0.186957, 0.247826, 1.482609, 1.786957
 84.000000, 0.103175, 0.190476, 0.964286, 1.210317
 90.333333, 0.188192, 0.202952, 0.929889, 1.188192
 88.000000, 0.094697, 0.147727, 1.026515, 1.231061
 94.666667, 0.052817, 0.158451, 0.894366, 1.098592
 89.666667, 0.048327, 0.152416, 0.933086, 1.144981
 74.333333, 0.026906, 0.161435, 1.053812, 1.269058
 86.666667, 0.192308, 0.257692, 1.030769, 1.357692
 81.000000, 0.053498, 0.185185, 0.958848, 1.197531
 84.000000, 0.035714, 0.202381, 0.944444, 1.202381
 88.666667, 0.161654, 0.191729, 1.041353, 1.281955
 96.333333, 0.100346, 0.190311, 0.906574, 1.152249
 93.000000, 0.121864, 0.211470, 0.928315, 1.189964
 89.000000, 0.044944, 0.157303, 0.925094, 1.138577
 95.666667, 0.066202, 0.177700, 0.895470, 1.132404
12
 0.250000, 0.000000, 0.000000, 0.000000, 0.000000
 70.000000, 0.095238, 0.223810, 1.138095, 1.509524
 78.333333, 0.123404, 0.234043, 1.029787, 1.336170
 91.000000, 0.076923, 0.197802, 1.029304, 1.274725
 93.000000, 0.060932, 0.132616, 0.953405, 1.136201
 77.333333, 0.241379, 0.219828, 1.474138, 1.750000
 93.666667, 0.377224, 0.227758, 0.903915, 1.185053
 91.333333, 0.102190, 0.182482, 0.908759, 1.138686
 87.666667, 0.114068, 0.152091, 1.216730, 1.425856
 94.666667, 0.035211, 0.147887, 0.894366, 1.102113
 90.666667, 0.080882, 0.191176, 0.900735, 1.143382
 76.666667, 0.056522, 0.160870, 1.086957, 1.304348
 85.333333, 0.109375, 0.187500, 1.003906, 1.246094
 83.333333, 0.052000, 0.220000, 1.000000, 1.272000
 82.666667, 0.036290, 0.185484, 0.975806, 1.217742
 90.666667, 0.147059, 0.183824, 0.988971, 1.231618
 93.666667, 0.071174, 0.163701, 0.868327, 1.081851
 88.666667, 0.015038, 0.210526, 0.917293, 1.187970
 87.666667, 0.034221, 0.201521, 0.920152, 1.174905
 97.000000, 0.054983, 0.168385, 0.917526, 1.154639
13
 0.250000, 0.000000, 1.000000, 0.000000, 2.000000
 69.666667, 0.186603, 0.282297, 1.181818, 1.607656
 77.666667, 0.107296, 0.197425, 1.128755, 1.394850
 88.000000, 0.068182, 0.181818, 1.117424, 1.344697
 89.333333, 0.041045, 0.182836, 0.973881, 1.208955
 76.333333, 0.244541, 0.253275, 1.379913, 1.689956
 86.666667, 0.080769, 0.180769, 0.892308, 1.126923
 90.333333, 0.036900, 0.173432, 0.933579, 1.154982
 87.666667, 0.076046, 0.178707, 1.083650, 1.311787
 94.000000, 0.031915, 0.163121, 0.890071, 1.106383
 89.666667, 0.074349, 0.163569, 0.929368, 1.144981
 77.000000, 0.043290, 0.164502, 1.177489, 1.398268
 84.000000, 0.126984, 0.202381, 1.015873, 1.277778
 83.666667, 0.095618, 0.187251, 1.035857, 1.278884
 81.666667, 0.020408, 0.187755, 0.938776, 1.175510
 84.666667, 0.051181, 0.173228, 1.039370, 1.263780
 91.333333, 0.051095, 0.135036, 0.930657, 1.116788
 93.333333, 0.135714, 0.246429, 0.960714, 1.285714
 85.666667, 0.042802, 0.186770, 0.941634, 1.190661
 97.333333, 0.034247, 0.167808, 0.938356, 1.154110
14
 0.250000, 0.000000, 0.000000, 4.000000, 5.000000
 71.666667, 0.209302, 0.265116, 1.074419, 1.446512
 75.666667, 0.127753, 0.233480, 1.083700, 1.400881
 87.666667, 0.041825, 0.201521, 1.068441, 1.315589
 93.000000, 0.164875, 0.193548, 0.956989, 1.197133
 78.333333, 0.225532, 0.212766, 1.387234, 1.672340
 85.000000, 0.070588, 0.200000, 0.968627, 1.219608
 90.666667, 0.102941, 0.198529, 0.900735, 1.154412
 89.000000, 0.176030, 0.176030, 1.078652, 1.310861
 94.333333, 0.060071, 0.176678, 0.915194, 1.137809
 90.333333, 0.070111, 0.195572, 0.944649, 1.199262
 78.000000, 0.068376, 0.175214, 1.111111, 1.354701
 86.333333, 0.088803, 0.185328, 0.996139, 1.247104
 86.000000, 0.089147, 0.189922, 1.065891, 1.313953
 86.666667, 0.076923, 0.180769, 0.953846, 1.188462
 91.333333, 0.244526, 0.240876, 1.069343, 1.361314
 93.000000, 0.046595, 0.172043, 0.899642, 1.121864
 91.666667, 0.065455, 0.196364, 0.912727, 1.167273
 89.333333, 0.078358, 0.212687, 0.981343, 1.246269
 99.666667, 0.137124, 0.214047, 0.889632, 1.150502
15
 0.250000, 5.000000, 0.000000, 1.000000, 1.000000
 71.666667, 0.200000, 0.227907, 1.130233, 1.753488
 77.666667, 0.154506, 0.236052, 1.085837, 1.394850
 91.666667, 0.127273, 0.221818, 1.043636, 1.312727
 90.333333, 0.066421, 0.199262, 0.985240, 1.228782
 77.000000, 0.186147, 0.186147, 1.324675, 1.567100
 85.666667, 0.050584, 0.171206, 0.898833, 1.136187
 90.333333, 0.073801, 0.173432, 0.918819, 1.140221
 87.333333, 0.122137, 0.179389, 1.041985, 1.274809
 93.666667, 0.039146, 0.156584, 0.882562, 1.081851
 89.000000, 0.048689, 0.176030, 0.887640, 1.119850
 76.000000, 0.026316, 0.166667, 1.083333, 1.302632
 86.000000, 0.174419, 0.220930, 0.992248, 1.275194
 86.000000, 0.124031, 0.248062, 1.069767, 1.372093
 80.000000, 0.004167, 0.162500, 0.945833, 1.166667
 88.666667, 0.146617, 0.244361, 1.048872, 1.342105
 97.333333, 0.089041, 0.178082, 0.866438, 1.095890
 91.333333, 0.065693, 0.193431, 0.937956, 1.189781
 85.000000, 0.031373, 0.192157, 0.949020, 1.188235
 93.666667, 0.074733, 0.209964, 0.918149, 1.185053
16
 0.250000, 1.000000, 0.000000, 13.000000, 13.000000
 66.666667, 0.170000, 0.345000, 1.100000, 1.785000
 79.333333, 0.109244, 0.252101, 1.000000, 1.315126
 90.666667, 0.113971, 0.191176, 0.974265, 1.209559
 90.666667, 0.113971, 0.183824, 0.974265, 1.202206
 80.666667, 0.239669, 0.210744, 1.417355, 1.681818
 85.666667, 0.143969, 0.202335, 0.941634, 1.198444
 93.333333, 0.085714, 0.142857, 0.946429, 1.146429
 88.000000, 0.132576, 0.181818, 1.094697, 1.329545
 94.000000, 0.081560, 0.159574, 0.904255, 1.117021
 89.333333, 0.074627, 0.197761, 0.917910, 1.175373
 79.333333, 0.088235, 0.168067, 1.193277, 1.420168
 85.666667, 0.143969, 0.182879, 1.023346, 1.264591
 81.333333, 0.028689, 0.200820, 0.983607, 1.233607
 81.000000, 0.016461, 0.172840, 0.983539, 1.213992
 84.666667, 0.086614, 0.204724, 1.051181, 1.303150
 93.333333, 0.050000, 0.139286, 0.850000, 1.042857
 92.000000, 0.047101, 0.195652, 0.923913, 1.184783
 86.666667, 0.061538, 0.203846, 1.007692, 1.330769
 96.000000, 0.062500, 0.215278, 0.895833, 1.163194
17
 0.250000, 0.000000, 0.000000, 0.000000, 58.000000
 67.333333, 0.158416, 0.227723, 1.103960, 1.485149
 77.333333, 0.146552, 0.288793, 1.163793, 1.521552
 87.333333, 0.038168, 0.198473, 0.992366, 1.232824
 90.666667, 0.125000, 0.198529, 1.007353, 1.250000
 84.000000, 0.341270, 0.198413, 1.464286, 1.718254
 90.333333, 0.261993, 0.247232, 0.974170, 1.273063
 88.333333, 0.067925, 0.188679, 0.913208, 1.158491
 88.666667, 0.127820, 0.169173, 1.131579, 1.357143
 93.000000, 0.014337, 0.154122, 0.888889, 1.096774
 90.333333, 0.077491, 0.177122, 0.878229, 1.107011
 78.333333, 0.051064, 0.165957, 1.148936, 1.370213
 88.000000, 0.109848, 0.193182, 1.003788, 1.250000
 87.333333, 0.118321, 0.198473, 1.083969, 1.335878
 86.666667, 0.065385, 0.180769, 0.953846, 1.184615
 90.000000, 0.170370, 0.225926, 0.977778, 1.266667
 92.666667, 0.061151, 0.169065, 0.888489, 1.100719
 93.666667, 0.135231, 0.220641, 0.893238, 1.170819
 89.000000, 0.089888, 0.176030, 0.925094, 1.153558
 100.666667, 0.188742, 0.175497, 0.927152, 1.152318
18
 0.250000, 0.000000, 1.000000, 1.000000, 58.000000
 70.666667, 0.202830, 0.330189, 1.089623, 1.570755
 83.666667, 0.219124, 0.258964, 1.087649, 1.414343
 89.333333, 0.044776, 0.171642, 1.029851, 1.246269
 90.000000, 0.077778, 0.151852, 0.925926, 1.125926
 70.666667, 0.099057, 0.226415, 1.367925, 1.655660
 85.666667, 0.042802, 0.186770, 0.926070, 1.167315
 93.333333, 0.139286, 0.157143, 0.971429, 1.182143
 88.333333, 0.128302, 0.166038, 1.222642, 1.449057
 95.666667, 0.048780, 0.149826, 0.916376, 1.114983
 88.000000, 0.049242, 0.166667, 0.946970, 1.166667
 78.000000, 0.059829, 0.162393, 1.098291, 1.311966
 84.333333, 0.075099, 0.193676, 0.960474, 1.213439
 86.333333, 0.135135, 0.200772, 0.957529, 1.212355
 85.000000, 0.066667, 0.211765, 0.996078, 1.262745
 90.333333, 0.173432, 0.228782, 1.003690, 1.287823
 95.333333, 0.125874, 0.185315, 0.881119, 1.118881
 94.666667, 0.200704, 0.225352, 0.855634, 1.133803
 88.666667, 0.086466, 0.199248, 0.992481, 1.244361
 97.333333, 0.068493, 0.198630, 0.945205, 1.188356
19
 0.250000, 5.000000, 1.000000, 0.000000, 62.000000
 68.666667, 0.247573, 0.349515, 1.101942, 1.640777
 79.666667, 0.163180, 0.255230, 1.096234, 1.422594
 93.333333, 0.142857, 0.228571, 1.003571, 1.289286
 90.666667, 0.121324, 0.176471, 1.022059, 1.250000
 79.666667, 0.259414, 0.284519, 1.410042, 1.748954
 87.333333, 0.099237, 0.206107, 0.877863, 1.133588
 91.666667, 0.112727, 0.185455, 0.894545, 1.130909
 83.666667, 0.083665, 0.167331, 1.247012, 1.466135
 92.666667, 0.028777, 0.172662, 0.888489, 1.104317
 89.333333, 0.093284, 0.186567, 0.917910, 1.156716
 78.000000, 0.111111, 0.196581, 1.102564, 1.346154
 87.000000, 0.134100, 0.199234, 1.030651, 1.287356
 84.666667, 0.110236, 0.212598, 0.988189, 1.251969
 89.000000, 0.131086, 0.213483, 1.000000, 1.284644
 87.000000, 0.126437, 0.164751, 1.099617, 1.314176
 93.000000, 0.046595, 0.150538, 0.878136, 1.078853
 98.666667, 0.331081, 0.222973, 0.942568, 1.212838
 86.333333, 0.054054, 0.193050, 0.915058, 1.162162
 98.000000, 0.061224, 0.207483, 0.935374, 1.190476
20
 0.250000, 6.000000, 1.000000, 1.000000, 62.000000
 67.333333, 0.163366, 0.331683, 1.178218, 1.648515
 77.333333, 0.155172, 0.237069, 1.099138, 1.413793
 89.666667, 0.063197, 0.182156, 1.018587, 1.275093
 91.000000, 0.109890, 0.274725, 1.018315, 1.347985
 74.000000, 0.121622, 0.211712, 1.373874, 1.639640
 85.666667, 0.101167, 0.206226, 0.922179, 1.178988
 90.333333, 0.055351, 0.180812, 0.915129, 1.147601
 89.666667, 0.130112, 0.171004, 1.070632, 1.297398
 94.333333, 0.017668, 0.134276, 0.925795, 1.106007
 90.333333, 0.077491, 0.210332, 0.889299, 1.154982
 77.666667, 0.038627, 0.206009, 1.111588, 1.373391
 82.666667, 0.068548, 0.193548, 0.955645, 1.209677
 83.333333, 0.080000, 0.188000, 1.000000, 1.252000
 82.666667, 0.016129, 0.189516, 0.975806, 1.221774
 85.000000, 0.105882, 0.250980, 1.035294, 1.337255
 95.333333, 0.118881, 0.167832, 0.856643, 1.076923
 90.666667, 0.128676, 0.180147, 0.955882, 1.198529
 88.000000, 0.068182, 0.196970, 0.977273, 1.238636
 96.333333, 0.065744, 0.162630, 0.930796, 1.138408
21
 0.250000, 0.000000, 13.000000, 1.000000, 58.000000
 66.333333, 0.050251, 0.206030, 1.095477, 1.437186
 76.000000, 0.214912, 0.333333, 1.118421, 1.521930
 94.666667, 0.211268, 0.211268, 0.975352, 1.235915
 91.666667, 0.050909, 0.170909, 0.930909, 1.152727
 75.000000, 0.235556, 0.182222, 1.475556, 1.715556
 91.333333, 0.197080, 0.215328, 0.970803, 1.237226
 96.333333, 0.197232, 0.207612, 0.910035, 1.169550
 89.333333, 0.074627, 0.186567, 1.190299, 1.429104
 93.000000, 0.014337, 0.189964, 0.931900, 1.172043
 89.000000, 0.052434, 0.187266, 0.868914, 1.112360
 77.666667, 0.068670, 0.175966, 1.115880, 1.347639
 84.666667, 0.078740, 0.196850, 1.003937, 1.251969
 85.000000, 0.050980, 0.184314, 1.015686, 1.254902
 84.333333, 0.039526, 0.185771, 0.984190, 1.225296
 87.333333, 0.129771, 0.213740, 0.946565, 1.213740
 95.000000, 0.084211, 0.150877, 0.908772, 1.112281
 89.666667, 0.081784, 0.234201, 0.936803, 1.230483
 88.666667, 0.086466, 0.248120, 0.951128, 1.259398
 96.000000, 0.065972, 0.194444, 0.843750, 1.079861
22
 0.250000, 0.000000, 0.000000, 1.000000, 21.000000
 71.000000, 0.173709, 0.215962, 1.154930, 1.530516
 75.333333, 0.079646, 0.292035, 1.008850, 1.367257
 90.333333, 0.107011, 0.154982, 0.992620, 1.195572
 91.333333, 0.076642, 0.153285, 0.941606, 1.145985
 73.333333, 0.177273, 0.222727, 1.372727, 1.654545
 87.666667, 0.114068, 0.220532, 0.904943, 1.178707
 91.666667, 0.112727, 0.203636, 0.872727, 1.123636
 86.666667, 0.100000, 0.169231, 0.992308, 1.219231
 92.666667, 0.007194, 0.161871, 0.906475, 1.122302
 90.333333, 0.121771, 0.202952, 0.911439, 1.166052
 77.333333, 0.086207, 0.163793, 1.112069, 1.331897
 84.666667, 0.110236, 0.248031, 1.051181, 1.358268
 83.000000, 0.060241, 0.188755, 0.995984, 1.240964
 85.333333, 0.054688, 0.246094, 1.078125, 1.375000
 88.666667, 0.112782, 0.161654, 0.981203, 1.191729
 93.333333, 0.082143, 0.175000, 0.896429, 1.128571
 96.000000, 0.156250, 0.194444, 0.881944, 1.125000
 89.666667, 0.137546, 0.171004, 0.910781, 1.130112
 96.333333, 0.117647, 0.179931, 0.937716, 1.166090
23
 0.250000, 0.000000, 0.000000, 0.000000, 0.000000
 69.333333, 0.197115, 0.264423, 1.110577, 1.500000
 76.333333, 0.122271, 0.218341, 1.061135, 1.353712
 90.666667, 0.091912, 0.165441, 0.996324, 1.209559
 94.333333, 0.123675, 0.166078, 0.978799, 1.190813
 74.333333, 0.125561, 0.260090, 1.515695, 1.838565
 85.333333, 0.082031, 0.207031, 0.937500, 1.195313
 90.333333, 0.051661, 0.173432, 0.904059, 1.125461
 86.333333, 0.081081, 0.150579, 1.115830, 1.324324
 95.666667, 0.052265, 0.146341, 0.878049, 1.069686
 90.666667, 0.047794, 0.172794, 0.922794, 1.150735
 77.666667, 0.090129, 0.175966, 1.133047, 1.364807
 85.333333, 0.066406, 0.187500, 0.945313, 1.187500
 84.666667, 0.070866, 0.196850, 1.015748, 1.267717
 84.333333, 0.035573, 0.197628, 0.940711, 1.197628
 89.333333, 0.152985, 0.205224, 0.962687, 1.216418
 92.000000, 0.047101, 0.166667, 0.898551, 1.112319
 92.333333, 0.129964, 0.216606, 0.927798, 1.205776
 89.333333, 0.190299, 0.216418, 0.936567, 1.205224
 96.666667, 0.062069, 0.186207, 0.879310, 1.110345
24
 0.250000, 0.000000, 0.000000, 4.000000, 4.000000
 71.000000, 0.150235, 0.211268, 1.183099, 1.535211
 79.000000, 0.261603, 0.261603, 1.046414, 1.371308
 86.000000, 0.031008, 0.240310, 1.042636, 1.325581
 94.000000, 0.184397, 0.209220, 1.081560, 1.351064
 77.000000, 0.199134, 0.199134, 1.281385, 1.536797
 83.666667, 0.079681, 0.195219, 0.932271, 1.175299
 91.333333, 0.131387, 0.186131, 0.934307, 1.171533
 88.000000, 0.106061, 0.162879, 1.079545, 1.295455
 95.000000, 0.052632, 0.150877, 0.884211, 1.080702
 88.333333, 0.071698, 0.192453, 0.916981, 1.162264
 76.666667, 0.060870, 0.178261, 1.117391, 1.347826
 83.000000, 0.076305, 0.228916, 0.983936, 1.265060
 86.333333, 0.204633, 0.231660, 1.073359, 1.366795
 89.000000, 0.153558, 0.224719, 1.029963, 1.307116
 87.000000, 0.095785, 0.210728, 1.034483, 1.314176
 92.666667, 0.050360, 0.165468, 0.942446, 1.154676
 93.000000, 0.136201, 0.240143, 0.903226, 1.204301
 86.333333, 0.061776, 0.212355, 0.969112, 1.231660
 94.666667, 0.045775, 0.186620, 0.940141, 1.165493
25
 0.250000, 1.000000, 0.000000, 0.000000, 1.000000
 73.333333, 0.181818, 0.336364, 1.122727, 1.590909
 73.000000, 0.091324, 0.246575, 1.077626, 1.388128
 89.333333, 0.078358, 0.220149, 1.000000, 1.261194
 89.000000, 0.056180, 0.161049, 0.966292, 1.172285
 74.000000, 0.256757, 0.243243, 1.509009, 1.842342
 86.666667, 0.115385, 0.226923, 0.950000, 1.238462
 94.000000, 0.141844, 0.163121, 0.914894, 1.127660
 84.333333, 0.047431, 0.150198, 1.181818, 1.395257
 93.666667, 0.046263, 0.128114, 0.875445, 1.049822
 88.333333, 0.113208, 0.188679, 0.909434, 1.158491
 80.333333, 0.095436, 0.186722, 1.091286, 1.331950
 86.333333, 0.127413, 0.216216, 1.030888, 1.308880
 84.666667, 0.125984, 0.240157, 1.027559, 1.322835
 84.000000, 0.035714, 0.214286, 0.912698, 1.182540
 88.666667, 0.086466, 0.206767, 1.033835, 1.293233
 93.666667, 0.032028, 0.181495, 0.921708, 1.149466
 92.666667, 0.165468, 0.241007, 0.892086, 1.179856
 88.666667, 0.086466, 0.180451, 0.939850, 1.169173
 94.333333, 0.031802, 0.176678, 0.915194, 1.137809
26
 0.250000, 0.000000, 11.000000, 1.000000, 13.000000
 70.000000, 0.261905, 0.300000, 1.085714, 1.528571
 82.666667, 0.245968, 0.282258, 1.040323, 1.399194
 90.666667, 0.080882, 0.205882, 1.069853, 1.323529
 93.333333, 0.100000, 0.164286, 0.967857, 1.178571
 77.333333, 0.232759, 0.258621, 1.426724, 1.750000
 81.666667, 0.044898, 0.195918, 0.938776, 1.187755
 90.333333, 0.114391, 0.184502, 0.922509, 1.154982
 86.000000, 0.085271, 0.205426, 1.143411, 1.403101
 95.333333, 0.087413, 0.146853, 0.902098, 1.108392
 89.666667, 0.074349, 0.174721, 0.907063, 1.137546
 75.666667, 0.013216, 0.176211, 1.118943, 1.348018
 85.333333, 0.128906, 0.230469, 1.046875, 1.332031
 83.000000, 0.048193, 0.220884, 0.963855, 1.236948
 84.333333, 0.043478, 0.225296, 0.992095, 1.268775
 91.666667, 0.185455, 0.207273, 0.989091, 1.243636
 93.666667, 0.032028, 0.160142, 0.911032, 1.113879
 91.333333, 0.083942, 0.208029, 0.937956, 1.211679
 87.000000, 0.011494, 0.195402, 1.007663, 1.252874
 97.666667, 0.129693, 0.177474, 0.921502, 1.150171
27
 0.250000, 1.000000, 10.000000, 1.000000, 12.000000
 74.666667, 0.303571, 0.330357, 1.111607, 1.602679
 77.333333, 0.172414, 0.267241, 1.056034, 1.383621
 89.333333, 0.074627, 0.164179, 0.985075, 1.201493
 90.666667, 0.102941, 0.154412, 0.955882, 1.158088
 81.666667, 0.359184, 0.265306, 1.485714, 1.804082
 85.000000, 0.043137, 0.196078, 0.921569, 1.168627
 96.000000, 0.253472, 0.215278, 0.899306, 1.166667
 85.666667, 0.081712, 0.155642, 1.089494, 1.303502
 93.333333, 0.039286, 0.157143, 0.907143, 1.110714
 91.000000, 0.076923, 0.150183, 0.926740, 1.131868
 77.666667, 0.038627, 0.206009, 1.107296, 1.369099
 85.333333, 0.097656, 0.203125, 0.984375, 1.246094
 83.666667, 0.091633, 0.203187, 0.956175, 1.211155
 84.333333, 0.031621, 0.173913, 1.000000, 1.233202
 91.000000, 0.172161, 0.197802, 1.007326, 1.256410
 94.666667, 0.056338, 0.151408, 0.982394, 1.179577
 90.333333, 0.047970, 0.199262, 0.911439, 1.154982
 87.000000, 0.049808, 0.260536, 1.042146, 1.352490
 94.666667, 0.059859, 0.176056, 0.943662, 1.161972
28
 0.250000, 0.000000, 12.000000, 1.000000, 14.000000
 67.333333, 0.123762, 0.237624, 1.123762, 1.490099
 76.666667, 0.108696, 0.252174, 1.091304, 1.443478
 91.000000, 0.091575, 0.219780, 0.919414, 1.186813
 91.000000, 0.069597, 0.157509, 0.952381, 1.175824
 82.000000, 0.247967, 0.207317, 1.422764, 1.686992
 85.000000, 0.082353, 0.223529, 0.921569, 1.196078
 90.333333, 0.095941, 0.191882, 0.889299, 1.136531
 89.333333, 0.328358, 0.235075, 1.078358, 1.365672
 94.333333, 0.053004, 0.144876, 0.886926, 1.091873
 92.000000, 0.112319, 0.181159, 0.934783, 1.170290
 77.333333, 0.086207, 0.185345, 1.099138, 1.349138
 83.333333, 0.084000, 0.180000, 0.976000, 1.212000
 86.333333, 0.158301, 0.200772, 0.996139, 1.262548
 85.000000, 0.050980, 0.184314, 0.917647, 1.152941
 87.000000, 0.068966, 0.191571, 0.965517, 1.210728
 94.333333, 0.053004, 0.169611, 0.893993, 1.109541
 91.666667, 0.069091, 0.203636, 0.996364, 1.265455
 87.666667, 0.068441, 0.190114, 0.973384, 1.216730
 93.333333, 0.028571, 0.196429, 0.932143, 1.175000
29
 0.250000, 0.000000, 0.000000, 1.000000, 1.000000
 70.666667, 0.221698, 0.250000, 1.193396, 1.580189
 78.333333, 0.093617, 0.259574, 1.017021, 1.336170
 89.000000, 0.067416, 0.191011, 1.037453, 1.273408
 86.333333, 0.042471, 0.158301, 0.915058, 1.123552
 74.666667, 0.183036, 0.227679, 1.308036, 1.593750
 85.333333, 0.085938, 0.187500, 0.960938, 1.203125
 93.666667, 0.131673, 0.224199, 0.918149, 1.188612
 86.666667, 0.142308, 0.142308, 1.080769, 1.276923
 95.000000, 0.028070, 0.157895, 0.940351, 1.143860
 90.666667, 0.088235, 0.187500, 0.926471, 1.169118
 78.000000, 0.085470, 0.179487, 1.145299, 1.376068
 83.666667, 0.047809, 0.207171, 1.003984, 1.266932
 80.000000, 0.045833, 0.208333, 1.050000, 1.312500
 84.000000, 0.075397, 0.194444, 0.996032, 1.246032
 88.000000, 0.136364, 0.193182, 0.935606, 1.189394
 95.333333, 0.090909, 0.153846, 0.870629, 1.069930
 89.000000, 0.033708, 0.202247, 0.902622, 1.153558
 90.000000, 0.100000, 0.244444, 1.022222, 1.318519
 93.666667, 0.032028, 0.181495, 0.911032, 1.135231
30
 0.250000, 0.000000, 0.000000, 1.000000, 1.000000
 70.333333, 0.123223, 0.203791, 1.071090, 1.421801
 80.666667, 0.404959, 0.285124, 1.024793, 1.400826
 89.000000, 0.041199, 0.198502, 1.022472, 1.269663
 88.333333, 0.056604, 0.177358, 1.026415, 1.252830
 80.000000, 0.200000, 0.183333, 1.512500, 1.750000
 83.666667, 0.047809, 0.203187, 0.884462, 1.139442
 90.333333, 0.084871, 0.236162, 0.966790, 1.254613
 92.333333, 0.303249, 0.191336, 1.137184, 1.379061
 93.666667, 0.046263, 0.188612, 0.871886, 1.106762
 92.000000, 0.112319, 0.148551, 0.887681, 1.090580
 74.666667, 0.031250, 0.200893, 1.084821, 1.339286
 83.666667, 0.099602, 0.215139, 1.019920, 1.290837
 85.666667, 0.132296, 0.167315, 0.968872, 1.186770
 84.666667, 0.070866, 0.173228, 0.980315, 1.216535
 88.333333, 0.086792, 0.192453, 0.977358, 1.218868
 92.666667, 0.071942, 0.176259, 0.877698, 1.100719
 88.000000, 0.007576, 0.212121, 0.909091, 1.170455
 87.333333, 0.053435, 0.244275, 0.919847, 1.213740
 98.333333, 0.091525, 0.186441, 0.905085, 1.138983
31
 0.250000, 0.000000, 0.000000, 0.000000, 1.000000
 67.333333, 0.103960, 0.262376, 1.158416, 1.549505
 74.666667, 0.138393, 0.254464, 1.075893, 1.383929
 88.333333, 0.056604, 0.173585, 1.037736, 1.260377
 93.000000, 0.086022, 0.136201, 0.960573, 1.146953
 81.333333, 0.200820, 0.250000, 1.409836, 1.717213
 87.000000, 0.107280, 0.191571, 0.934866, 1.180077
 92.000000, 0.105072, 0.192029, 0.938406, 1.184783
 88.000000, 0.106061, 0.159091, 1.060606, 1.280303
 95.333333, 0.017483, 0.160839, 0.884615, 1.094406
 88.666667, 0.063910, 0.176692, 0.894737, 1.127820
 80.000000, 0.145833, 0.158333, 1.120833, 1.333333
 85.333333, 0.105469, 0.191406, 1.082031, 1.328125
 82.333333, 0.028340, 0.174089, 0.935223, 1.174089
 88.666667, 0.097744, 0.218045, 0.969925, 1.236842
 90.000000, 0.170370, 0.218519, 1.070370, 1.337037
 93.666667, 0.028470, 0.181495, 0.914591, 1.145907
 89.333333, 0.055970, 0.223881, 0.944030, 1.220149
 87.000000, 0.038314, 0.157088, 0.915709, 1.130268
 93.666667, 0.024911, 0.170819, 0.950178, 1.163701
Histogram
2 0 0 0 0 0 0 0 0 0 32 230 155 105 31 27 18 12 3 0 2 0 0 0 0 0 0 0 0 0 0 0 0 0 0 0 0 0 0 0 1 0 0 0 0 0 0 0 0 0 1 0 0 0 0 0 0 0 0 0 0 0 0 0 0 0 0 0 0 0 1 0 0 0 0 0 0 0 0 0 0 0 0 0 0 0 0 0 0 0 2 0 0 0 0 0 0 0 0 0 0 0 0 0 0 0 0 0 0 0 0 0 0 0 0 0 0 0 0 18 
Cache Miss Ratio
0.0
numOfSets
0
numOfGets
165733
numOfMultiGets
0
