20
0
 0.200000, 0.000000, 0.000000, 25.000000, 156.000000
 73.000000, 0.579909, 0.429224, 0.986301, 1.520548
 77.333333, 0.827586, 0.349138, 0.922414, 1.336207
 91.666667, 0.741818, 0.298182, 0.821818, 1.178182
 83.666667, 0.537849, 0.298805, 1.007968, 1.358566
 77.333333, 0.564655, 0.336207, 1.176724, 1.560345
 82.000000, 0.630081, 0.292683, 1.203252, 1.548780
 91.333333, 0.828467, 0.375912, 0.879562, 1.313869
 91.000000, 0.714286, 0.395604, 1.161172, 1.608059
 86.333333, 0.745174, 0.308880, 0.876448, 1.239382
 93.666667, 0.907473, 0.362989, 0.914591, 1.327402
 87.666667, 0.566540, 0.315589, 0.996198, 1.361217
 70.333333, 0.900474, 0.464455, 1.014218, 1.559242
 74.333333, 0.789238, 0.412556, 1.053812, 1.524664
 82.000000, 0.662602, 0.284553, 0.890244, 1.227642
 78.666667, 0.550847, 0.317797, 0.885593, 1.258475
 87.000000, 1.057471, 0.329502, 0.885057, 1.264368
 78.333333, 0.987234, 0.340426, 0.974468, 1.370213
 78.000000, 0.594017, 0.294872, 0.858974, 1.213675
 95.333333, 0.699301, 0.279720, 0.916084, 1.241259
1
 0.200000, 0.000000, 0.000000, 27.000000, 155.000000
 75.333333, 1.123894, 0.460177, 1.066372, 1.650442
 74.000000, 0.648649, 0.373874, 1.000000, 1.445946
 88.000000, 0.575758, 0.306818, 0.810606, 1.185606
 88.333333, 0.630189, 0.298113, 0.954717, 1.309434
 69.000000, 0.294686, 0.309179, 1.289855, 1.661836
 86.333333, 0.725869, 0.525097, 1.424710, 2.000000
 87.000000, 0.862069, 0.340996, 0.858238, 1.252874
 91.333333, 0.686131, 0.321168, 1.040146, 1.412409
 85.666667, 0.373541, 0.284047, 0.902724, 1.256809
 94.000000, 0.723404, 0.287234, 0.914894, 1.248227
 83.333333, 0.728000, 0.300000, 0.968000, 1.316000
 72.333333, 0.682028, 0.368664, 0.990783, 1.410138
 71.666667, 0.925581, 0.330233, 0.981395, 1.367442
 86.666667, 0.719231, 0.303846, 0.876923, 1.234615
 76.666667, 0.552174, 0.339130, 0.895652, 1.286957
 84.666667, 1.279528, 0.484252, 0.956693, 1.492126
 78.000000, 0.803419, 0.350427, 1.085470, 1.495726
 90.000000, 0.777778, 0.274074, 0.844444, 1.162963
 96.333333, 0.820069, 0.266436, 0.892734, 1.207612
2
 0.200000, 0.000000, 2.000000, 24.000000, 139.000000
 81.333333, 1.540984, 0.430328, 0.995902, 1.553279
 82.333333, 0.991903, 0.404858, 1.052632, 1.514170
 86.666667, 0.776923, 0.334615, 0.842308, 1.234615
 89.666667, 0.724907, 0.338290, 1.000000, 1.386617
 77.000000, 0.601732, 0.281385, 1.225108, 1.558442
 81.666667, 0.648980, 0.306122, 1.269388, 1.632653
 87.333333, 0.748092, 0.320611, 0.904580, 1.274809
 86.333333, 0.559846, 0.297297, 1.065637, 1.424710
 88.666667, 0.541353, 0.289474, 0.966165, 1.315789
 91.000000, 0.882784, 0.366300, 1.087912, 1.512821
 94.666667, 0.897887, 0.323944, 0.954225, 1.338028
 71.666667, 0.818605, 0.358140, 1.060465, 1.474419
 74.333333, 0.834081, 0.349776, 1.022422, 1.426009
 78.333333, 0.527660, 0.323404, 0.957447, 1.331915
 74.333333, 0.569507, 0.340807, 0.905830, 1.300448
 76.333333, 0.615721, 0.349345, 0.973799, 1.371179
 77.666667, 0.703863, 0.360515, 0.969957, 1.381974
 79.666667, 0.690377, 0.292887, 0.887029, 1.230126
 86.666667, 0.430769, 0.284615, 0.942308, 1.276923
3
 0.200000, 0.000000, 2.000000, 1.000000, 158.000000
 77.666667, 1.278970, 0.510730, 1.141631, 1.768240
 76.666667, 1.039130, 0.465217, 0.986957, 1.504348
 90.000000, 0.755556, 0.337037, 0.825926, 1.211111
 100.000000, 1.000000, 0.310000, 1.023333, 1.380000
 73.333333, 0.531818, 0.309091, 1.268182, 1.627273
 81.666667, 0.783673, 0.302041, 1.126531, 1.481633
 84.000000, 0.853175, 0.337302, 0.892857, 1.285714
 88.000000, 0.772727, 0.386364, 1.136364, 1.575758
 90.000000, 0.718519, 0.300000, 0.866667, 1.211111
 91.000000, 0.630037, 0.296703, 0.967033, 1.307692
 90.333333, 0.756458, 0.321033, 0.966790, 1.339483
 74.666667, 1.075893, 0.361607, 0.906250, 1.316964
 80.666667, 1.533058, 0.727273, 1.008264, 1.785124
 84.666667, 0.484252, 0.283465, 0.877953, 1.216535
 74.000000, 0.626126, 0.328829, 0.873874, 1.274775
 90.000000, 1.029630, 0.407407, 0.940741, 1.396296
 82.333333, 0.882591, 0.344130, 1.008097, 1.404858
 80.333333, 0.452282, 0.307054, 0.842324, 1.199170
 90.666667, 0.602941, 0.283088, 0.948529, 1.279412
4
 0.200000, 0.000000, 3.000000, 1.000000, 158.000000
 73.333333, 0.936364, 0.422727, 1.081818, 1.627273
 76.333333, 0.755459, 0.393013, 0.973799, 1.423581
 91.666667, 0.927273, 0.330909, 0.807273, 1.189091
 87.333333, 0.828244, 0.324427, 0.973282, 1.354962
 77.333333, 0.758621, 0.362069, 1.258621, 1.676724
 79.000000, 0.497890, 0.540084, 1.215190, 1.805907
 90.666667, 0.878676, 0.356618, 0.852941, 1.257353
 88.333333, 0.652830, 0.301887, 1.018868, 1.373585
 86.333333, 0.656371, 0.320463, 0.915058, 1.285714
 87.333333, 0.709924, 0.309160, 0.996183, 1.354962
 85.666667, 0.782101, 0.287938, 1.054475, 1.392996
 81.666667, 1.118367, 0.367347, 0.983673, 1.412245
 72.666667, 1.041284, 0.490826, 1.027523, 1.582569
 83.333333, 0.568000, 0.268000, 0.908000, 1.236000
 82.333333, 0.732794, 0.392713, 0.963563, 1.412955
 78.333333, 0.608511, 0.374468, 0.970213, 1.404255
 75.333333, 0.867257, 0.371681, 1.013274, 1.442478
 86.000000, 0.581395, 0.302326, 0.887597, 1.244186
 95.333333, 0.681818, 0.304196, 0.944056, 1.297203
5
 0.250000, 0.000000, 10.000000, 31.000000, 137.000000
 74.000000, 1.049550, 0.391892, 1.058559, 1.662162
 81.666667, 1.265306, 0.420408, 0.889796, 1.367347
 86.333333, 0.617761, 0.320463, 0.891892, 1.258687
 91.333333, 0.656934, 0.284672, 0.981752, 1.321168
 75.666667, 0.603524, 0.290749, 1.211454, 1.572687
 83.333333, 0.812000, 0.284000, 1.232000, 1.596000
 87.000000, 0.563218, 0.302682, 0.842912, 1.199234
 89.333333, 0.708955, 0.343284, 1.029851, 1.421642
 84.000000, 0.496032, 0.325397, 0.900794, 1.281746
 93.666667, 0.690391, 0.295374, 0.985765, 1.334520
 84.666667, 0.874016, 0.318898, 1.031496, 1.401575
 74.333333, 0.825112, 0.345291, 0.941704, 1.336323
 77.000000, 0.679654, 0.311688, 0.930736, 1.290043
 86.000000, 0.678295, 0.286822, 0.899225, 1.236434
 77.333333, 0.465517, 0.297414, 0.866379, 1.215517
 81.333333, 0.610656, 0.315574, 0.946721, 1.311475
 83.000000, 0.935743, 0.397590, 1.060241, 1.518072
 80.333333, 0.651452, 0.269710, 0.887967, 1.207469
 94.333333, 0.579505, 0.272085, 0.901060, 1.240283
6
 0.200000, 0.000000, 10.000000, 1.000000, 155.000000
 80.333333, 1.356846, 0.452282, 1.145228, 1.701245
 75.666667, 1.096916, 0.427313, 1.004405, 1.488987
 88.666667, 0.586466, 0.308271, 0.879699, 1.236842
 92.666667, 0.726619, 0.287770, 0.967626, 1.316547
 77.666667, 0.824034, 0.283262, 1.197425, 1.540773
 86.333333, 1.023166, 0.332046, 1.239382, 1.621622
 87.333333, 0.862595, 0.328244, 0.916031, 1.297710
 91.333333, 0.934307, 0.332117, 1.062044, 1.448905
 86.000000, 0.600775, 0.306202, 1.000000, 1.368217
 87.000000, 0.793103, 0.302682, 1.015326, 1.371648
 87.000000, 0.727969, 0.333333, 1.019157, 1.402299
 73.333333, 0.877273, 0.381818, 0.995455, 1.440909
 72.333333, 0.834101, 0.433180, 1.023041, 1.506912
 83.000000, 0.690763, 0.341365, 0.875502, 1.277108
 85.000000, 0.788235, 0.313725, 0.870588, 1.231373
 85.666667, 0.894942, 0.326848, 0.933852, 1.307393
 77.333333, 1.008621, 0.357759, 0.978448, 1.392241
 85.666667, 0.793774, 0.291829, 0.813230, 1.171206
 92.000000, 0.500000, 0.289855, 0.942029, 1.278986
7
 0.200000, 0.000000, 10.000000, 9.000000, 152.000000
 73.000000, 0.625571, 0.337900, 1.086758, 1.602740
 78.666667, 1.059322, 0.381356, 0.927966, 1.377119
 92.333333, 0.862816, 0.350181, 0.819495, 1.227437
 87.333333, 0.530534, 0.297710, 0.942748, 1.297710
 74.000000, 0.486486, 0.288288, 1.184685, 1.518018
 85.666667, 0.856031, 0.291829, 1.132296, 1.478599
 89.666667, 0.988848, 0.297398, 0.866171, 1.215613
 92.333333, 0.736462, 0.332130, 1.068592, 1.483755
 86.333333, 0.602317, 0.320463, 0.926641, 1.301158
 92.000000, 0.880435, 0.326087, 0.913043, 1.293478
 80.666667, 0.491736, 0.326446, 1.066116, 1.450413
 75.000000, 0.982222, 0.413333, 1.066667, 1.546667
 70.666667, 0.764151, 0.367925, 0.995283, 1.415094
 86.000000, 0.709302, 0.325581, 0.860465, 1.236434
 77.000000, 0.467532, 0.363636, 0.883117, 1.298701
 92.000000, 1.112319, 0.351449, 1.025362, 1.431159
 82.000000, 0.930894, 0.300813, 0.987805, 1.345528
 80.666667, 0.570248, 0.309917, 0.975207, 1.334711
 98.000000, 0.778912, 0.357143, 0.908163, 1.312925
8
 0.250000, 2.000000, 10.000000, 31.000000, 137.000000
 79.333333, 1.407563, 0.399160, 1.058824, 1.567227
 77.666667, 0.862661, 0.394850, 1.025751, 1.493562
 95.333333, 1.272727, 0.430070, 0.891608, 1.367133
 82.666667, 0.391129, 0.254032, 0.971774, 1.278226
 71.333333, 0.696262, 0.308411, 1.121495, 1.481308
 89.000000, 0.677903, 0.322097, 1.127341, 1.494382
 88.000000, 0.969697, 0.337121, 0.909091, 1.303030
 91.666667, 0.560000, 0.283636, 1.160000, 1.494545
 82.666667, 0.633065, 0.290323, 0.927419, 1.270161
 88.000000, 0.897727, 0.314394, 1.018939, 1.382576
 83.333333, 0.584000, 0.360000, 0.992000, 1.408000
 80.666667, 1.280992, 0.446281, 1.016529, 1.512397
 76.333333, 0.576419, 0.305677, 1.039301, 1.401747
 85.000000, 0.760784, 0.305882, 0.866667, 1.231373
 79.000000, 0.582278, 0.316456, 0.987342, 1.362869
 81.000000, 0.781893, 0.366255, 0.925926, 1.362140
 79.000000, 0.763713, 0.379747, 1.012658, 1.451477
 76.000000, 0.346491, 0.328947, 0.899123, 1.280702
 93.333333, 0.682143, 0.285714, 0.939286, 1.271429
9
 0.250000, 0.000000, 10.000000, 6.000000, 136.000000
 72.333333, 0.612903, 0.350230, 1.064516, 1.589862
 84.333333, 1.391304, 0.395257, 0.992095, 1.454545
 91.333333, 0.459854, 0.313869, 0.832117, 1.193431
 86.000000, 0.550388, 0.298450, 0.941860, 1.306202
 74.666667, 0.620536, 0.285714, 1.294643, 1.633929
 81.000000, 0.609053, 0.300412, 1.065844, 1.415638
 86.666667, 0.911538, 0.284615, 0.873077, 1.207692
 87.000000, 0.712644, 0.325670, 1.122605, 1.501916
 84.666667, 0.405512, 0.314961, 0.948819, 1.322835
 84.666667, 0.606299, 0.314961, 0.944882, 1.311024
 91.666667, 0.716364, 0.338182, 0.963636, 1.349091
 78.666667, 1.000000, 0.351695, 1.084746, 1.491525
 73.333333, 0.681818, 0.354545, 1.045455, 1.454545
 85.666667, 0.836576, 0.264591, 0.918288, 1.233463
 86.000000, 1.054264, 0.302326, 0.872093, 1.236434
 85.000000, 0.819608, 0.349020, 0.937255, 1.333333
 75.666667, 1.030837, 0.370044, 0.951542, 1.370044
 82.666667, 0.584677, 0.286290, 0.923387, 1.262097
 86.666667, 0.388462, 0.265385, 0.950000, 1.269231
10
 0.200000, 0.000000, 10.000000, 1.000000, 153.000000
 74.666667, 1.013393, 0.508929, 1.075893, 1.669643
 83.333333, 0.968000, 0.404000, 0.944000, 1.400000
 98.000000, 0.884354, 0.302721, 0.843537, 1.197279
 93.666667, 0.594306, 0.284698, 1.046263, 1.395018
 78.333333, 0.651064, 0.302128, 1.297872, 1.651064
 74.333333, 0.493274, 0.569507, 1.233184, 1.860987
 91.000000, 0.912088, 0.344322, 0.835165, 1.230769
 84.000000, 0.607143, 0.376984, 1.031746, 1.452381
 82.000000, 0.573171, 0.296748, 0.914634, 1.272358
 89.333333, 0.716418, 0.309701, 0.947761, 1.305970
 80.333333, 0.502075, 0.294606, 1.000000, 1.344398
 81.000000, 1.000000, 0.374486, 0.979424, 1.411523
 75.666667, 0.709251, 0.343612, 0.951542, 1.343612
 86.666667, 0.703846, 0.307692, 0.919231, 1.276923
 78.333333, 0.506383, 0.353191, 0.919149, 1.323404
 81.666667, 1.179592, 0.424490, 0.979592, 1.457143
 78.000000, 1.106838, 0.337607, 1.064103, 1.457265
 81.333333, 0.565574, 0.315574, 0.864754, 1.229508
 92.666667, 0.769784, 0.294964, 0.931655, 1.276978
11
 0.250000, 0.000000, 9.000000, 21.000000, 135.000000
 77.000000, 1.186147, 0.393939, 1.125541, 1.662338
 76.000000, 0.899123, 0.346491, 0.899123, 1.302632
 84.666667, 0.590551, 0.307087, 0.822835, 1.181102
 91.333333, 0.777372, 0.273723, 1.014599, 1.346715
 69.666667, 0.645933, 0.296651, 1.186603, 1.531100
 82.000000, 0.987805, 0.325203, 1.268293, 1.658537
 90.666667, 0.691176, 0.319853, 0.922794, 1.305147
 90.666667, 0.772059, 0.319853, 1.003676, 1.375000
 90.000000, 0.651852, 0.277778, 0.911111, 1.240741
 89.666667, 0.669145, 0.315985, 0.888476, 1.267658
 92.000000, 1.108696, 0.355072, 0.996377, 1.402174
 79.666667, 0.849372, 0.380753, 1.046025, 1.476987
 75.000000, 1.022222, 0.528889, 0.973333, 1.573333
 84.333333, 0.474308, 0.300395, 0.936759, 1.312253
 77.666667, 0.708155, 0.334764, 0.914163, 1.304721
 88.000000, 1.121212, 0.390152, 0.901515, 1.356061
 76.000000, 0.657895, 0.359649, 1.039474, 1.451754
 79.666667, 0.426778, 0.326360, 0.845188, 1.225941
 92.666667, 0.676259, 0.280576, 0.924460, 1.251799
12
 0.250000, 0.000000, 1.000000, 27.000000, 142.000000
 79.000000, 0.936709, 0.375527, 1.075949, 1.548523
 72.333333, 0.917051, 0.423963, 0.963134, 1.451613
 95.000000, 0.768421, 0.333333, 0.894737, 1.273684
 93.000000, 0.727599, 0.272401, 0.971326, 1.301075
 75.333333, 0.522124, 0.278761, 1.163717, 1.491150
 82.000000, 0.670732, 0.292683, 1.174797, 1.512195
 83.333333, 0.668000, 0.268000, 0.888000, 1.212000
 97.666667, 0.798635, 0.303754, 1.037543, 1.392491
 86.000000, 0.577519, 0.282946, 0.887597, 1.220930
 95.666667, 0.916376, 0.344948, 0.930314, 1.324042
 89.000000, 0.659176, 0.318352, 0.943820, 1.307116
 78.666667, 0.995763, 0.436441, 1.033898, 1.533898
 78.666667, 0.779661, 0.385593, 0.932203, 1.385593
 83.666667, 0.709163, 0.266932, 0.920319, 1.239044
 78.000000, 0.743590, 0.329060, 0.914530, 1.294872
 81.666667, 0.918367, 0.400000, 0.967347, 1.420408
 80.000000, 0.837500, 0.383333, 1.008333, 1.445833
 79.000000, 0.518987, 0.291139, 0.898734, 1.244726
 92.333333, 0.624549, 0.263538, 0.898917, 1.227437
13
 0.250000, 0.000000, 1.000000, 19.000000, 124.000000
 74.666667, 0.910714, 0.468750, 1.187500, 1.830357
 76.000000, 0.929825, 0.412281, 0.995614, 1.469298
 92.000000, 0.826087, 0.304348, 0.847826, 1.202899
 87.333333, 0.843511, 0.301527, 1.003817, 1.358779
 78.000000, 0.730769, 0.264957, 1.170940, 1.487179
 82.333333, 1.020243, 0.319838, 1.165992, 1.542510
 85.666667, 0.715953, 0.315175, 0.918288, 1.287938
 95.000000, 0.694737, 0.329825, 1.038596, 1.421053
 86.000000, 0.647287, 0.275194, 0.837209, 1.166667
 92.000000, 0.960145, 0.307971, 0.981884, 1.340580
 88.333333, 0.901887, 0.354717, 1.000000, 1.407547
 80.333333, 1.049793, 0.377593, 0.970954, 1.398340
 70.333333, 0.630332, 0.355450, 0.985782, 1.417062
 82.666667, 0.633065, 0.302419, 0.850806, 1.209677
 78.000000, 0.641026, 0.307692, 0.863248, 1.222222
 83.333333, 0.904000, 0.324000, 0.840000, 1.212000
 82.666667, 0.943548, 0.350806, 1.040323, 1.435484
 83.000000, 0.514056, 0.301205, 0.863454, 1.220884
 98.333333, 0.691525, 0.294915, 0.966102, 1.315254
14
 0.250000, 0.000000, 1.000000, 19.000000, 124.000000
 73.666667, 1.004525, 0.425339, 1.081448, 1.692308
 74.666667, 1.125000, 0.406250, 0.991071, 1.455357
 88.000000, 0.727273, 0.348485, 0.859848, 1.268939
 89.000000, 0.857678, 0.329588, 1.026217, 1.411985
 73.000000, 0.579909, 0.310502, 1.191781, 1.557078
 74.333333, 0.434978, 0.336323, 1.282511, 1.672646
 88.666667, 0.657895, 0.293233, 0.868421, 1.240602
 91.333333, 0.810219, 0.361314, 1.080292, 1.485401
 83.666667, 0.577689, 0.282869, 0.884462, 1.223108
 92.000000, 0.967391, 0.329710, 0.996377, 1.380435
 91.666667, 0.858182, 0.276364, 0.992727, 1.316364
 72.666667, 0.977064, 0.467890, 1.133028, 1.655963
 85.000000, 1.227451, 0.443137, 0.933333, 1.427451
 88.666667, 0.714286, 0.285714, 0.868421, 1.206767
 76.666667, 0.739130, 0.386957, 0.952174, 1.391304
 82.333333, 0.720648, 0.327935, 1.008097, 1.392713
 83.666667, 1.031873, 0.378486, 1.023904, 1.454183
 81.666667, 0.555102, 0.277551, 0.861224, 1.191837
 94.000000, 0.840426, 0.365248, 0.964539, 1.386525
15
 0.250000, 0.000000, 1.000000, 6.000000, 126.000000
 81.000000, 1.407407, 0.481481, 1.164609, 1.806584
 80.000000, 0.854167, 0.416667, 0.975000, 1.454167
 90.666667, 0.591912, 0.316176, 0.922794, 1.297794
 88.333333, 0.743396, 0.316981, 1.018868, 1.400000
 74.666667, 0.540179, 0.321429, 1.223214, 1.598214
 95.333333, 1.223776, 0.342657, 1.241259, 1.632867
 90.000000, 0.807407, 0.318519, 0.870370, 1.240741
 86.333333, 0.714286, 0.332046, 1.034749, 1.420849
 88.333333, 0.479245, 0.309434, 0.932075, 1.298113
 88.000000, 0.553030, 0.321970, 0.916667, 1.291667
 88.333333, 0.709434, 0.275472, 0.981132, 1.316981
 83.333333, 1.036000, 0.368000, 1.040000, 1.460000
 69.666667, 0.669856, 0.354067, 1.105263, 1.511962
 77.000000, 0.406926, 0.264069, 0.891775, 1.207792
 83.000000, 0.562249, 0.321285, 0.975904, 1.349398
 84.000000, 0.980159, 0.436508, 0.944444, 1.432540
 79.333333, 0.592437, 0.357143, 0.970588, 1.382353
 79.333333, 0.676471, 0.294118, 0.894958, 1.243697
 90.333333, 0.446494, 0.265683, 1.007380, 1.324723
16
 0.250000, 0.000000, 1.000000, 20.000000, 123.000000
 75.333333, 0.920354, 0.464602, 1.123894, 1.752212
 75.666667, 0.691630, 0.409692, 1.030837, 1.502203
 87.333333, 0.587786, 0.316794, 0.839695, 1.206107
 89.666667, 0.687732, 0.286245, 0.895911, 1.237918
 74.666667, 0.473214, 0.303571, 1.187500, 1.562500
 79.333333, 0.659664, 0.273109, 1.310924, 1.638655
 86.333333, 0.930502, 0.362934, 0.907336, 1.320463
 89.666667, 0.572491, 0.297398, 1.092937, 1.449814
 88.000000, 0.704545, 0.280303, 0.912879, 1.253788
 93.666667, 0.590747, 0.323843, 0.907473, 1.284698
 90.333333, 0.664207, 0.321033, 0.918819, 1.295203
 74.666667, 0.883929, 0.433036, 1.084821, 1.598214
 74.333333, 1.026906, 0.475336, 1.058296, 1.591928
 85.666667, 0.805447, 0.408560, 0.867704, 1.322957
 78.000000, 0.884615, 0.388889, 0.897436, 1.333333
 85.333333, 0.796875, 0.324219, 0.882813, 1.253906
 80.666667, 0.714876, 0.367769, 0.983471, 1.413223
 85.000000, 0.576471, 0.294118, 0.854902, 1.200000
 96.000000, 0.677083, 0.315972, 0.916667, 1.277778
17
 0.250000, 0.000000, 0.000000, 27.000000, 140.000000
 78.000000, 1.192308, 0.465812, 0.974359, 1.628205
 79.333333, 1.180672, 0.382353, 1.008403, 1.466387
 88.000000, 0.765152, 0.359848, 0.935606, 1.348485
 83.333333, 0.540000, 0.308000, 0.984000, 1.344000
 75.666667, 0.572687, 0.317181, 1.189427, 1.559471
 81.333333, 0.831967, 0.553279, 1.446721, 2.049180
 88.333333, 0.645283, 0.301887, 0.890566, 1.245283
 87.000000, 0.704981, 0.337165, 1.107280, 1.494253
 90.333333, 0.664207, 0.295203, 0.915129, 1.261993
 87.000000, 0.455939, 0.283525, 0.919540, 1.260536
 85.000000, 0.772549, 0.294118, 0.949020, 1.298039
 76.666667, 0.926087, 0.456522, 1.039130, 1.552174
 77.333333, 0.732759, 0.366379, 0.974138, 1.392241
 82.333333, 0.534413, 0.311741, 0.866397, 1.263158
 82.666667, 0.838710, 0.298387, 0.899194, 1.250000
 87.000000, 0.842912, 0.333333, 0.973180, 1.356322
 79.666667, 0.740586, 0.347280, 0.903766, 1.317992
 74.333333, 0.609865, 0.295964, 0.896861, 1.255605
 85.666667, 0.501946, 0.287938, 0.879377, 1.225681
18
 0.250000, 0.000000, 0.000000, 35.000000, 122.000000
 70.000000, 0.861905, 0.366667, 1.176190, 1.895238
 79.666667, 0.991632, 0.435146, 0.945607, 1.443515
 89.000000, 0.591760, 0.370787, 0.794007, 1.209738
 91.000000, 0.739927, 0.289377, 1.014652, 1.362637
 68.666667, 0.470874, 0.310680, 1.213592, 1.577670
 79.000000, 0.493671, 0.274262, 1.223629, 1.561181
 85.000000, 0.694118, 0.333333, 0.894118, 1.294118
 87.000000, 0.865900, 0.379310, 1.053640, 1.490421
 86.000000, 0.670543, 0.275194, 0.953488, 1.279070
 92.000000, 0.800725, 0.318841, 0.894928, 1.260870
 100.000000, 1.150000, 0.346667, 1.043333, 1.453333
 71.000000, 0.755869, 0.474178, 1.032864, 1.563380
 72.333333, 0.557604, 0.317972, 1.036866, 1.405530
 82.666667, 0.447581, 0.298387, 0.903226, 1.262097
 77.666667, 0.776824, 0.343348, 0.944206, 1.343348
 77.666667, 0.815451, 0.351931, 0.927039, 1.330472
 77.666667, 0.836910, 0.339056, 1.000000, 1.394850
 81.000000, 0.588477, 0.316872, 0.893004, 1.263374
 91.666667, 0.636364, 0.301818, 0.898182, 1.250909
19
 0.250000, 0.000000, 0.000000, 39.000000, 125.000000
 73.333333, 0.936364, 0.431818, 1.190909, 1.818182
 69.666667, 0.622010, 0.368421, 0.913876, 1.334928
 90.333333, 0.826568, 0.339483, 0.830258, 1.236162
 88.000000, 0.674242, 0.265152, 0.946970, 1.276515
 75.333333, 0.473451, 0.309735, 1.296460, 1.659292
 82.666667, 0.528226, 0.314516, 1.112903, 1.483871
 86.333333, 0.571429, 0.305019, 0.891892, 1.250965
 88.333333, 0.822642, 0.366038, 1.098113, 1.516981
 83.000000, 0.441767, 0.305221, 0.915663, 1.281124
 88.333333, 0.577358, 0.298113, 0.984906, 1.332075
 92.333333, 0.732852, 0.299639, 0.953069, 1.303249
 77.333333, 1.228448, 0.362069, 0.991379, 1.413793
 76.333333, 0.934498, 0.633188, 1.021834, 1.703057
 82.333333, 0.716599, 0.295547, 0.874494, 1.222672
 82.333333, 0.716599, 0.336032, 0.854251, 1.238866
 81.333333, 0.815574, 0.344262, 0.922131, 1.315574
 76.333333, 0.637555, 0.375546, 1.065502, 1.497817
 77.333333, 0.353448, 0.301724, 0.823276, 1.176724
 96.333333, 0.605536, 0.269896, 0.958478, 1.276817
20
 0.200000, 2.000000, 0.000000, 7.000000, 42.000000
 74.000000, 0.833333, 0.441441, 1.112613, 1.675676
 72.666667, 0.917431, 0.463303, 1.018349, 1.532110
 90.666667, 0.724265, 0.316176, 0.908088, 1.275735
 95.333333, 0.793706, 0.272727, 0.961538, 1.286713
 75.666667, 0.616740, 0.303965, 1.211454, 1.563877
 81.666667, 0.844898, 0.546939, 1.240816, 1.844898
 90.000000, 0.729630, 0.314815, 0.874074, 1.240741
 87.000000, 0.467433, 0.295019, 1.130268, 1.517241
 82.666667, 0.375000, 0.286290, 0.883065, 1.217742
 90.333333, 0.874539, 0.298893, 0.952030, 1.302583
 89.666667, 0.877323, 0.338290, 1.059480, 1.460967
 72.000000, 0.986111, 0.481481, 0.995370, 1.532407
 73.000000, 0.799087, 0.328767, 0.986301, 1.392694
 75.000000, 0.346667, 0.324444, 0.875556, 1.248889
 78.000000, 0.611111, 0.329060, 0.910256, 1.290598
 86.000000, 1.364341, 0.472868, 0.972868, 1.492248
 81.666667, 1.061224, 0.404082, 1.016327, 1.473469
 76.000000, 0.390351, 0.258772, 0.872807, 1.184211
 91.666667, 0.556364, 0.280000, 0.952727, 1.283636
21
 0.200000, 1.000000, 0.000000, 8.000000, 42.000000
 75.333333, 0.849558, 0.402655, 0.960177, 1.473451
 77.666667, 0.978541, 0.339056, 0.957082, 1.356223
 91.000000, 0.816850, 0.369963, 0.945055, 1.369963
 97.333333, 0.750000, 0.277397, 1.017123, 1.345890
 76.000000, 0.745614, 0.302632, 1.157895, 1.517544
 79.333333, 0.794118, 0.310924, 1.315126, 1.676471
 84.666667, 0.759843, 0.318898, 0.874016, 1.244094
 94.000000, 0.797872, 0.386525, 1.152482, 1.624113
 84.666667, 0.598425, 0.291339, 0.937008, 1.287402
 84.000000, 0.555556, 0.261905, 0.884921, 1.202381
 92.333333, 1.014440, 0.321300, 1.025271, 1.400722
 75.666667, 1.158590, 0.493392, 0.898678, 1.458150
 72.666667, 0.623853, 0.366972, 0.977064, 1.389908
 85.666667, 0.622568, 0.295720, 0.894942, 1.241245
 82.666667, 0.770161, 0.350806, 0.955645, 1.354839
 86.000000, 0.968992, 0.310078, 0.872093, 1.232558
 74.666667, 1.040179, 0.357143, 1.071429, 1.482143
 78.666667, 0.491525, 0.262712, 0.868644, 1.182203
 96.000000, 0.565972, 0.277778, 0.916667, 1.246528
22
 0.200000, 0.000000, 0.000000, 4.000000, 43.000000
 72.666667, 0.678899, 0.417431, 1.087156, 1.623853
 74.000000, 0.981982, 0.405405, 0.963964, 1.445946
 87.000000, 0.563218, 0.329502, 0.808429, 1.187739
 91.333333, 0.894161, 0.270073, 0.974453, 1.291971
 78.333333, 0.919149, 0.297872, 1.221277, 1.587234
 74.666667, 0.459821, 0.325893, 1.138393, 1.513393
 93.333333, 0.946429, 0.321429, 0.878571, 1.260714
 91.333333, 0.616788, 0.313869, 1.062044, 1.423358
 88.000000, 0.678030, 0.314394, 0.897727, 1.265152
 86.333333, 0.714286, 0.362934, 0.972973, 1.386100
 88.000000, 0.746212, 0.314394, 0.984848, 1.359848
 76.666667, 1.039130, 0.439130, 0.952174, 1.439130
 76.666667, 0.652174, 0.321739, 0.947826, 1.317391
 84.000000, 0.460317, 0.285714, 0.896825, 1.234127
 75.000000, 0.622222, 0.346667, 0.968889, 1.382222
 88.000000, 1.075758, 0.321970, 0.962121, 1.337121
 84.666667, 1.370079, 0.405512, 1.059055, 1.515748
 74.666667, 0.482143, 0.299107, 0.897321, 1.250000
 91.666667, 0.600000, 0.338182, 0.927273, 1.312727
23
 0.200000, 1.000000, 2.000000, 0.000000, 3.000000
 75.333333, 0.641593, 0.376106, 1.022124, 1.544248
 81.000000, 1.032922, 0.382716, 0.987654, 1.423868
 90.000000, 0.529630, 0.292593, 0.951852, 1.296296
 88.333333, 0.645283, 0.290566, 1.041509, 1.388679
 76.666667, 0.586957, 0.347826, 1.234783, 1.634783
 81.333333, 0.668033, 0.545082, 1.524590, 2.122951
 85.666667, 0.587549, 0.307393, 0.902724, 1.260700
 88.333333, 0.664151, 0.324528, 0.984906, 1.358491
 84.666667, 0.492126, 0.283465, 0.980315, 1.314961
 98.333333, 0.955932, 0.318644, 0.925424, 1.301695
 88.333333, 0.875472, 0.366038, 1.033962, 1.456604
 87.666667, 1.399240, 0.467681, 1.072243, 1.615970
 74.666667, 1.035714, 0.406250, 1.044643, 1.517857
 83.000000, 0.574297, 0.293173, 0.891566, 1.248996
 74.333333, 0.713004, 0.354260, 0.905830, 1.309417
 88.000000, 1.098485, 0.416667, 0.969697, 1.450758
 74.666667, 0.691964, 0.348214, 0.959821, 1.361607
 80.333333, 0.518672, 0.286307, 0.892116, 1.236515
 93.666667, 0.562278, 0.288256, 0.978648, 1.320285
24
 0.200000, 0.000000, 0.000000, 0.000000, 1.000000
 80.333333, 0.846473, 0.356846, 1.087137, 1.564315
 77.000000, 1.060606, 0.333333, 0.956710, 1.346320
 90.333333, 0.664207, 0.387454, 0.889299, 1.332103
 91.000000, 0.783883, 0.333333, 0.956044, 1.351648
 74.333333, 0.605381, 0.304933, 1.242152, 1.600897
 86.333333, 0.791506, 0.281853, 1.073359, 1.405405
 96.000000, 1.048611, 0.336806, 0.892361, 1.277778
 88.666667, 0.507519, 0.289474, 1.000000, 1.372180
 84.666667, 0.574803, 0.275591, 0.893701, 1.220472
 89.000000, 0.767790, 0.299625, 1.063670, 1.423221
 84.333333, 0.711462, 0.284585, 0.920949, 1.256917
 85.666667, 1.093385, 0.369650, 0.976654, 1.400778
 76.333333, 1.008734, 0.397380, 0.912664, 1.358079
 86.000000, 0.577519, 0.282946, 0.864341, 1.197674
 77.333333, 0.685345, 0.336207, 0.918103, 1.336207
 84.666667, 0.944882, 0.370079, 0.913386, 1.346457
 81.000000, 1.098765, 0.374486, 0.946502, 1.374486
 78.666667, 0.635593, 0.309322, 0.889831, 1.254237
 94.333333, 0.551237, 0.339223, 0.915194, 1.300353
25
 0.200000, 0.000000, 0.000000, 1.000000, 1.000000
 72.666667, 1.009174, 0.399083, 1.077982, 1.568807
 77.333333, 1.241379, 0.418103, 1.073276, 1.564655
 86.666667, 0.573077, 0.311538, 0.926923, 1.288462
 88.333333, 0.649057, 0.324528, 1.007547, 1.381132
 77.333333, 0.758621, 0.366379, 1.120690, 1.530172
 80.000000, 0.633333, 0.308333, 1.212500, 1.570833
 85.333333, 0.703125, 0.332031, 0.886719, 1.269531
 97.666667, 0.921502, 0.348123, 1.010239, 1.409556
 85.666667, 0.575875, 0.291829, 0.867704, 1.210117
 85.000000, 0.650980, 0.325490, 0.905882, 1.282353
 88.666667, 0.657895, 0.323308, 1.075188, 1.462406
 79.333333, 1.079832, 0.382353, 1.075630, 1.512605
 77.333333, 0.840517, 0.383621, 0.956897, 1.387931
 88.666667, 1.090226, 0.390977, 0.879699, 1.342105
 84.000000, 0.813492, 0.349206, 0.900794, 1.297619
 84.000000, 0.873016, 0.349206, 0.920635, 1.321429
 71.000000, 0.497653, 0.347418, 1.075117, 1.478873
 82.000000, 0.471545, 0.288618, 0.853659, 1.195122
 92.666667, 0.647482, 0.309353, 0.910072, 1.266187
26
 0.200000, 0.000000, 0.000000, 0.000000, 1.000000
 71.666667, 0.874419, 0.367442, 1.097674, 1.586047
 78.666667, 0.889831, 0.351695, 1.042373, 1.457627
 93.666667, 0.594306, 0.298932, 0.839858, 1.192171
 82.000000, 0.471545, 0.276423, 1.024390, 1.353659
 78.333333, 0.672340, 0.293617, 1.259574, 1.608511
 83.333333, 0.656000, 0.312000, 1.172000, 1.536000
 85.666667, 0.828794, 0.307393, 0.914397, 1.276265
 89.333333, 0.772388, 0.335821, 1.000000, 1.388060
 87.000000, 0.685824, 0.329502, 1.007663, 1.394636
 90.000000, 0.614815, 0.296296, 0.966667, 1.318519
 86.333333, 0.706564, 0.320463, 1.023166, 1.401544
 80.333333, 0.950207, 0.452282, 1.008299, 1.526971
 70.333333, 1.004739, 0.526066, 0.886256, 1.464455
 88.000000, 0.750000, 0.280303, 0.901515, 1.231061
 77.666667, 0.695279, 0.381974, 0.862661, 1.291845
 75.666667, 0.502203, 0.352423, 0.960352, 1.361233
 78.333333, 0.791489, 0.340426, 1.042553, 1.451064
 78.000000, 0.508547, 0.277778, 0.888889, 1.222222
 96.000000, 0.732639, 0.302083, 0.920139, 1.277778
27
 0.250000, 0.000000, 0.000000, 2.000000, 19.000000
 77.666667, 1.034335, 0.463519, 1.060086, 1.648069
 74.333333, 0.753363, 0.363229, 1.040359, 1.466368
 85.333333, 0.570313, 0.296875, 0.863281, 1.210938
 91.333333, 0.872263, 0.306569, 0.959854, 1.317518
 71.000000, 0.521127, 0.319249, 1.201878, 1.572770
 86.000000, 0.686047, 0.313953, 1.135659, 1.531008
 84.333333, 0.743083, 0.351779, 0.913043, 1.332016
 91.000000, 0.772894, 0.282051, 1.124542, 1.454212
 83.000000, 0.694779, 0.289157, 0.955823, 1.297189
 88.333333, 0.784906, 0.320755, 0.932075, 1.298113
 93.000000, 0.971326, 0.326165, 0.982079, 1.358423
 88.000000, 1.253788, 0.431818, 0.946970, 1.439394
 77.333333, 1.120690, 0.409483, 1.120690, 1.581897
 87.000000, 0.440613, 0.298851, 0.835249, 1.199234
 80.000000, 0.612500, 0.304167, 0.904167, 1.258333
 87.000000, 1.030651, 0.318008, 0.873563, 1.237548
 74.000000, 0.698198, 0.360360, 1.022523, 1.445946
 80.000000, 0.550000, 0.279167, 0.887500, 1.216667
 95.333333, 0.632867, 0.262238, 0.972028, 1.290210
28
 0.200000, 0.000000, 0.000000, 20.000000, 21.000000
 81.000000, 0.975309, 0.374486, 0.991770, 1.465021
 77.333333, 0.745690, 0.375000, 0.952586, 1.387931
 88.666667, 0.496241, 0.293233, 0.947368, 1.289474
 91.333333, 0.751825, 0.262774, 0.963504, 1.273723
 69.333333, 0.461538, 0.293269, 1.206731, 1.562500
 88.666667, 0.883459, 0.319549, 1.255639, 1.631579
 83.333333, 0.788000, 0.316000, 0.904000, 1.276000
 81.000000, 0.411523, 0.296296, 1.082305, 1.427984
 86.333333, 0.552124, 0.301158, 0.833977, 1.189189
 92.333333, 1.061372, 0.328520, 0.963899, 1.342960
 90.333333, 0.708487, 0.324723, 0.915129, 1.284133
 85.333333, 1.210938, 0.378906, 0.988281, 1.425781
 74.000000, 0.549550, 0.324324, 0.968468, 1.346847
 86.000000, 0.627907, 0.294574, 0.903101, 1.255814
 81.333333, 0.569672, 0.307377, 0.856557, 1.217213
 86.666667, 1.376923, 0.415385, 0.980769, 1.457692
 79.666667, 0.715481, 0.384937, 1.050209, 1.489540
 81.333333, 0.721311, 0.274590, 0.918033, 1.237705
 101.000000, 0.960396, 0.475248, 0.920792, 1.445545
29
 0.200000, 0.000000, 0.000000, 18.000000, 19.000000
 82.000000, 0.951220, 0.382114, 1.097561, 1.617886
 81.666667, 1.200000, 0.416327, 0.906122, 1.387755
 96.666667, 0.582759, 0.296552, 0.827586, 1.175862
 94.000000, 0.684397, 0.290780, 0.992908, 1.329787
 72.666667, 0.444954, 0.298165, 1.151376, 1.504587
 86.666667, 1.042308, 0.303846, 1.165385, 1.523077
 90.000000, 0.848148, 0.318519, 0.959259, 1.348148
 92.333333, 0.563177, 0.364621, 1.158845, 1.570397
 87.333333, 0.583969, 0.309160, 0.893130, 1.248092
 88.666667, 0.883459, 0.345865, 0.883459, 1.281955
 88.000000, 0.893939, 0.318182, 1.022727, 1.390152
 79.333333, 1.222689, 0.382353, 1.096639, 1.529412
 72.333333, 0.645161, 0.341014, 0.907834, 1.299539
 83.000000, 0.546185, 0.273092, 0.959839, 1.281124
 81.666667, 0.828571, 0.342857, 0.922449, 1.322449
 77.333333, 0.827586, 0.353448, 0.909483, 1.318966
 83.333333, 1.120000, 0.328000, 1.056000, 1.440000
 78.333333, 0.531915, 0.255319, 0.897872, 1.208511
 99.666667, 0.682274, 0.301003, 0.913043, 1.277592
30
 0.200000, 0.000000, 0.000000, 18.000000, 19.000000
 80.000000, 1.154167, 0.500000, 1.108333, 1.762500
 74.000000, 0.972973, 0.382883, 1.081081, 1.518018
 89.666667, 0.613383, 0.282528, 0.881041, 1.278810
 89.666667, 0.531599, 0.282528, 0.992565, 1.330855
 75.333333, 0.721239, 0.283186, 1.172566, 1.522124
 79.666667, 0.506276, 0.577406, 1.133891, 1.765690
 96.666667, 1.079310, 0.341379, 0.844828, 1.237931
 88.666667, 0.563910, 0.296992, 1.037594, 1.413534
 88.000000, 0.575758, 0.363636, 0.931818, 1.348485
 80.333333, 0.468880, 0.327801, 0.946058, 1.323651
 87.666667, 0.653992, 0.281369, 1.057034, 1.395437
 70.666667, 0.797170, 0.377358, 1.080189, 1.509434
 70.666667, 0.731132, 0.382075, 0.919811, 1.349057
 81.666667, 0.506122, 0.293878, 0.902041, 1.248980
 77.000000, 0.567100, 0.281385, 0.870130, 1.203463
 79.666667, 1.046025, 0.343096, 0.907950, 1.301255
 78.333333, 0.723404, 0.382979, 1.008511, 1.442553
 81.666667, 0.481633, 0.253061, 0.930612, 1.240816
 98.666667, 0.692568, 0.283784, 0.915541, 1.250000
31
 0.200000, 3.000000, 0.000000, 0.000000, 1.000000
 81.666667, 0.934694, 0.420408, 0.951020, 1.510204
 76.333333, 0.890830, 0.441048, 1.004367, 1.502183
 92.000000, 0.673913, 0.275362, 0.902174, 1.228261
 88.333333, 0.686792, 0.271698, 0.969811, 1.305660
 78.666667, 0.953390, 0.343220, 1.076271, 1.470339
 81.666667, 0.661224, 0.363265, 1.057143, 1.473469
 85.333333, 0.894531, 0.312500, 0.816406, 1.191406
 87.666667, 0.749049, 0.288973, 1.129278, 1.467681
 92.000000, 0.771739, 0.289855, 0.963768, 1.304348
 91.666667, 0.643636, 0.305455, 0.912727, 1.269091
 90.000000, 0.896296, 0.314815, 0.959259, 1.322222
 80.333333, 1.074689, 0.448133, 0.933610, 1.431535
 65.000000, 0.676923, 0.343590, 0.969231, 1.369231
 83.333333, 0.524000, 0.312000, 0.916000, 1.280000
 78.000000, 0.649573, 0.303419, 0.935897, 1.299145
 80.000000, 0.870833, 0.320833, 0.916667, 1.287500
 77.666667, 1.060086, 0.377682, 1.012876, 1.454936
 83.333333, 0.576000, 0.292000, 0.860000, 1.204000
 98.666667, 0.672297, 0.280405, 0.922297, 1.250000
32
 0.250000, 1.000000, 0.000000, 3.000000, 12.000000
 72.666667, 0.811927, 0.380734, 1.041284, 1.513761
 80.333333, 0.771784, 0.352697, 0.987552, 1.394191
 91.000000, 0.776557, 0.304029, 0.816850, 1.164835
 92.666667, 0.672662, 0.280576, 0.978417, 1.309353
 70.333333, 0.464455, 0.327014, 1.327014, 1.706161
 74.666667, 0.459821, 0.535714, 1.232143, 1.821429
 90.333333, 0.760148, 0.298893, 0.889299, 1.236162
 88.333333, 0.679245, 0.328302, 1.003774, 1.396226
 89.000000, 0.666667, 0.310861, 0.876404, 1.235955
 88.000000, 1.193182, 0.337121, 0.924242, 1.325758
 87.666667, 0.589354, 0.319392, 1.022814, 1.395437
 82.333333, 1.267206, 0.526316, 0.910931, 1.485830
 70.333333, 0.469194, 0.322275, 0.914692, 1.289100
 87.333333, 0.835878, 0.324427, 0.847328, 1.221374
 86.333333, 1.305019, 0.366795, 0.849421, 1.266409
 89.666667, 0.955390, 0.371747, 0.895911, 1.312268
 76.000000, 0.929825, 0.364035, 1.065789, 1.478070
 85.000000, 0.564706, 0.294118, 0.858824, 1.200000
 95.333333, 0.758741, 0.325175, 0.916084, 1.293706
33
 0.250000, 1.000000, 0.000000, 3.000000, 12.000000
 81.666667, 1.367347, 0.457143, 1.126531, 1.689796
 74.666667, 0.736607, 0.321429, 0.955357, 1.352679
 91.666667, 0.720000, 0.389091, 0.872727, 1.312727
 90.000000, 0.537037, 0.288889, 0.914815, 1.262963
 77.000000, 0.653680, 0.316017, 1.259740, 1.627706
 80.333333, 0.734440, 0.282158, 1.141079, 1.481328
 83.333333, 0.680000, 0.288000, 0.864000, 1.204000
 87.666667, 0.638783, 0.300380, 1.064639, 1.414449
 86.000000, 0.492248, 0.290698, 0.875969, 1.217054
 89.666667, 0.773234, 0.342007, 1.037175, 1.442379
 86.000000, 0.534884, 0.282946, 0.988372, 1.325581
 72.000000, 0.740741, 0.337963, 1.134259, 1.532407
 76.666667, 0.795652, 0.369565, 0.986957, 1.413043
 86.000000, 0.488372, 0.282946, 0.903101, 1.236434
 85.666667, 0.894942, 0.338521, 0.918288, 1.307393
 77.333333, 0.534483, 0.293103, 0.935345, 1.280172
 75.000000, 0.911111, 0.355556, 1.102222, 1.515556
 79.333333, 0.357143, 0.273109, 0.882353, 1.214286
 89.333333, 0.563433, 0.272388, 0.910448, 1.235075
34
 0.250000, 1.000000, 0.000000, 4.000000, 12.000000
 71.000000, 0.896714, 0.586854, 1.183099, 1.863850
 76.333333, 1.061135, 0.362445, 1.026201, 1.467249
 88.666667, 0.988722, 0.360902, 0.906015, 1.315789
 92.666667, 1.086331, 0.320144, 0.964029, 1.327338
 74.333333, 0.484305, 0.286996, 1.206278, 1.542601
 89.666667, 0.947955, 0.312268, 1.312268, 1.684015
 82.666667, 0.608871, 0.306452, 0.883065, 1.241935
 95.000000, 0.719298, 0.312281, 1.080702, 1.442105
 83.666667, 0.338645, 0.326693, 0.936255, 1.318725
 93.000000, 0.759857, 0.308244, 0.964158, 1.326165
 86.000000, 0.697674, 0.290698, 1.003876, 1.352713
 80.333333, 1.132780, 0.369295, 1.103734, 1.526971
 73.000000, 0.863014, 0.369863, 0.977169, 1.397260
 84.000000, 0.507937, 0.261905, 0.869048, 1.190476
 80.666667, 0.528926, 0.334711, 0.867769, 1.256198
 78.666667, 0.983051, 0.368644, 0.936441, 1.360169
 84.333333, 1.043478, 0.375494, 0.980237, 1.407115
 87.000000, 0.770115, 0.287356, 0.865900, 1.203065
 92.000000, 0.626812, 0.315217, 0.949275, 1.315217
35
 0.250000, 0.000000, 3.000000, 3.000000, 20.000000
 80.666667, 1.252066, 0.512397, 1.004132, 1.615702
 74.333333, 0.968610, 0.376682, 0.968610, 1.408072
 88.333333, 0.520755, 0.286792, 0.909434, 1.241509
 89.000000, 0.771536, 0.280899, 0.985019, 1.314607
 78.666667, 0.652542, 0.275424, 1.233051, 1.563559
 81.666667, 0.616327, 0.514286, 1.261224, 1.836735
 88.666667, 0.939850, 0.364662, 0.887218, 1.300752
 95.000000, 0.754386, 0.315789, 1.010526, 1.375439
 84.000000, 0.710317, 0.289683, 0.900794, 1.242063
 90.666667, 0.919118, 0.323529, 1.018382, 1.408088
 94.000000, 0.879433, 0.343972, 0.964539, 1.365248
 78.000000, 1.042735, 0.418803, 0.948718, 1.418803
 73.333333, 0.927273, 0.500000, 0.986364, 1.536364
 84.666667, 0.578740, 0.271654, 0.850394, 1.173228
 78.666667, 0.627119, 0.334746, 0.949153, 1.343220
 81.333333, 0.631148, 0.327869, 0.942623, 1.336066
 78.666667, 0.775424, 0.334746, 0.978814, 1.381356
 79.666667, 0.393305, 0.309623, 0.941423, 1.313808
 90.000000, 0.633333, 0.296296, 0.966667, 1.314815
36
 0.250000, 1.000000, 3.000000, 1.000000, 11.000000
 84.333333, 1.328063, 0.383399, 1.027668, 1.521739
 78.666667, 1.055085, 0.385593, 1.008475, 1.453390
 93.000000, 0.763441, 0.311828, 0.896057, 1.250896
 88.666667, 0.593985, 0.296992, 1.007519, 1.357143
 75.000000, 0.600000, 0.315556, 1.088889, 1.462222
 81.666667, 0.583673, 0.297959, 1.273469, 1.620408
 91.000000, 0.813187, 0.358974, 0.849817, 1.260073
 90.000000, 0.800000, 0.329630, 1.044444, 1.440741
 85.666667, 0.544747, 0.260700, 0.992218, 1.307393
 95.333333, 0.926573, 0.269231, 0.940559, 1.255245
 91.000000, 0.794872, 0.336996, 0.967033, 1.366300
 75.666667, 0.859031, 0.506608, 1.127753, 1.687225
 72.333333, 0.552995, 0.341014, 0.944700, 1.336406
 81.666667, 0.718367, 0.359184, 0.902041, 1.314286
 76.000000, 0.583333, 0.315789, 0.912281, 1.285088
 79.000000, 1.067511, 0.459916, 0.949367, 1.459916
 78.333333, 0.770213, 0.395745, 0.957447, 1.408511
 83.000000, 0.694779, 0.293173, 0.835341, 1.180723
 83.666667, 0.334661, 0.286853, 0.928287, 1.270916
37
 0.200000, 0.000000, 2.000000, 1.000000, 4.000000
 77.000000, 1.064935, 0.415584, 1.064935, 1.593074
 87.666667, 1.304183, 0.361217, 0.939163, 1.357414
 90.666667, 0.602941, 0.345588, 0.852941, 1.250000
 89.333333, 0.884328, 0.276119, 0.962687, 1.287313
 71.000000, 0.361502, 0.328638, 1.103286, 1.483568
 75.666667, 0.458150, 0.343612, 1.127753, 1.519824
 87.333333, 0.679389, 0.335878, 0.919847, 1.305344
 84.333333, 0.648221, 0.292490, 1.059289, 1.403162
 88.000000, 0.780303, 0.329545, 0.875000, 1.253788
 88.000000, 0.712121, 0.306818, 0.905303, 1.276515
 89.333333, 0.738806, 0.283582, 0.970149, 1.320896
 86.000000, 1.406977, 0.410853, 0.988372, 1.453488
 76.000000, 0.771930, 0.385965, 1.000000, 1.438596
 86.666667, 0.519231, 0.323077, 0.880769, 1.253846
 79.000000, 0.527426, 0.333333, 0.890295, 1.295359
 80.000000, 0.616667, 0.345833, 0.950000, 1.350000
 83.666667, 1.119522, 0.358566, 0.956175, 1.366534
 83.000000, 0.554217, 0.277108, 0.911647, 1.236948
 92.333333, 0.530686, 0.277978, 0.880866, 1.209386
38
 0.250000, 1.000000, 3.000000, 2.000000, 7.000000
 78.666667, 1.000000, 0.372881, 1.067797, 1.580508
 71.333333, 0.691589, 0.434579, 0.990654, 1.481308
 94.666667, 0.933099, 0.373239, 0.904930, 1.327465
 87.000000, 0.459770, 0.291188, 1.011494, 1.352490
 76.666667, 0.639130, 0.352174, 1.282609, 1.686957
 89.000000, 0.883895, 0.269663, 1.235955, 1.554307
 80.000000, 0.745833, 0.304167, 0.841667, 1.225000
 88.333333, 0.581132, 0.313208, 1.064151, 1.422642
 88.333333, 0.600000, 0.275472, 0.879245, 1.203774
 94.333333, 1.024735, 0.318021, 0.922261, 1.289753
 90.666667, 0.672794, 0.297794, 0.970588, 1.316176
 74.000000, 0.846847, 0.418919, 0.945946, 1.418919
 78.000000, 0.777778, 0.350427, 0.948718, 1.354701
 81.333333, 0.520492, 0.290984, 0.913934, 1.258197
 76.000000, 0.820175, 0.333333, 0.921053, 1.302632
 84.333333, 0.972332, 0.383399, 0.972332, 1.403162
 84.333333, 1.051383, 0.375494, 0.984190, 1.411067
 81.000000, 0.572016, 0.271605, 0.864198, 1.185185
 97.333333, 1.130137, 0.366438, 0.907534, 1.325342
39
 0.250000, 0.000000, 3.000000, 1.000000, 7.000000
 77.666667, 0.961373, 0.373391, 1.068670, 1.536481
 82.000000, 1.154472, 0.378049, 0.963415, 1.410569
 93.333333, 0.528571, 0.282143, 0.839286, 1.171429
 92.333333, 0.638989, 0.288809, 1.007220, 1.350181
 75.000000, 0.657778, 0.337778, 1.248889, 1.648889
 82.000000, 0.524390, 0.268293, 1.243902, 1.569106
 86.666667, 0.753846, 0.326923, 0.892308, 1.269231
 92.666667, 0.805755, 0.269784, 1.032374, 1.356115
 84.666667, 0.429134, 0.259843, 0.929134, 1.240157
 91.333333, 0.766423, 0.361314, 0.967153, 1.379562
 91.000000, 0.699634, 0.326007, 1.000000, 1.391941
 75.666667, 0.704846, 0.378855, 1.048458, 1.480176
 72.000000, 0.467593, 0.393519, 0.935185, 1.379630
 78.000000, 0.500000, 0.303419, 0.901709, 1.252137
 78.666667, 0.957627, 0.288136, 0.940678, 1.283898
 84.666667, 0.728346, 0.358268, 0.948819, 1.358268
 82.333333, 0.886640, 0.344130, 1.024291, 1.441296
 77.333333, 0.366379, 0.297414, 0.870690, 1.219828
 92.333333, 0.534296, 0.306859, 0.971119, 1.328520
40
 0.200000, 0.000000, 1.000000, 3.000000, 5.000000
 84.666667, 1.019685, 0.401575, 1.114173, 1.602362
 83.666667, 1.067729, 0.390438, 0.992032, 1.450199
 88.666667, 0.466165, 0.349624, 0.887218, 1.289474
 82.666667, 0.447581, 0.286290, 0.923387, 1.254032
 70.666667, 0.476415, 0.330189, 1.160377, 1.547170
 85.000000, 0.796078, 0.325490, 1.196078, 1.568627
 84.000000, 0.674603, 0.329365, 0.904762, 1.289683
 98.333333, 0.779661, 0.335593, 0.996610, 1.383051
 85.666667, 0.789883, 0.373541, 0.922179, 1.346304
 92.333333, 0.906137, 0.317690, 0.942238, 1.321300
 85.333333, 0.628906, 0.324219, 0.996094, 1.375000
 72.666667, 0.793578, 0.376147, 0.981651, 1.412844
 73.000000, 0.684932, 0.433790, 0.963470, 1.447489
 83.333333, 0.524000, 0.340000, 0.924000, 1.316000
 76.000000, 0.692982, 0.315789, 0.964912, 1.333333
 80.666667, 0.685950, 0.376033, 0.971074, 1.400826
 72.333333, 0.788018, 0.405530, 0.995392, 1.456221
 82.333333, 0.429150, 0.303644, 0.850202, 1.206478
 101.333333, 0.973684, 0.325658, 0.914474, 1.289474
41
 0.250000, 0.000000, 1.000000, 1.000000, 3.000000
 75.000000, 0.791111, 0.511111, 1.004444, 1.600000
 74.666667, 1.044643, 0.339286, 0.955357, 1.361607
 85.333333, 0.667969, 0.382813, 0.804688, 1.238281
 92.333333, 1.205776, 0.364621, 0.974729, 1.393502
 77.666667, 0.712446, 0.317597, 1.248927, 1.622318
 87.333333, 0.709924, 0.312977, 1.209924, 1.568702
 85.000000, 0.713725, 0.325490, 0.874510, 1.250980
 89.333333, 0.608209, 0.328358, 1.123134, 1.500000
 89.333333, 0.641791, 0.302239, 0.876866, 1.231343
 88.333333, 0.562264, 0.362264, 0.909434, 1.320755
 95.333333, 0.730769, 0.304196, 0.993007, 1.349650
 79.333333, 0.991597, 0.327731, 1.067227, 1.445378
 74.666667, 0.964286, 0.397321, 1.035714, 1.486607
 85.333333, 0.578125, 0.300781, 0.878906, 1.230469
 79.666667, 0.786611, 0.288703, 0.924686, 1.263598
 82.000000, 0.951220, 0.325203, 0.902439, 1.280488
 80.000000, 0.770833, 0.366667, 1.008333, 1.441667
 81.000000, 0.473251, 0.288066, 0.888889, 1.242798
 92.333333, 0.545126, 0.270758, 0.920578, 1.241877
42
 0.250000, 1.000000, 0.000000, 2.000000, 8.000000
 76.000000, 1.048246, 0.412281, 1.061404, 1.622807
 77.333333, 1.047414, 0.396552, 1.034483, 1.482759
 88.333333, 0.713208, 0.313208, 0.856604, 1.222642
 89.666667, 0.717472, 0.315985, 0.970260, 1.338290
 71.333333, 0.378505, 0.299065, 1.140187, 1.485981
 83.333333, 0.656000, 0.524000, 1.392000, 1.968000
 87.666667, 0.969582, 0.338403, 0.950570, 1.342205
 94.000000, 0.918440, 0.361702, 1.106383, 1.514184
 92.000000, 0.778986, 0.304348, 0.880435, 1.242754
 93.333333, 0.817857, 0.296429, 0.939286, 1.285714
 92.000000, 0.724638, 0.307971, 1.028986, 1.387681
 79.333333, 1.096639, 0.348739, 1.037815, 1.441176
 68.333333, 0.619512, 0.390244, 0.995122, 1.439024
 85.000000, 0.686275, 0.278431, 0.901961, 1.235294
 80.666667, 0.640496, 0.309917, 0.904959, 1.268595
 93.666667, 1.117438, 0.355872, 0.996441, 1.405694
 82.333333, 1.056680, 0.388664, 1.024291, 1.469636
 84.333333, 0.411067, 0.276680, 0.881423, 1.209486
 91.666667, 0.589091, 0.290909, 0.930909, 1.276364
43
 0.200000, 9.000000, 0.000000, 2.000000, 2.000000
 78.000000, 0.679487, 0.410256, 0.991453, 1.500000
 81.000000, 1.057613, 0.395062, 1.004115, 1.460905
 87.666667, 0.536122, 0.315589, 0.874525, 1.250951
 84.000000, 0.599206, 0.317460, 1.023810, 1.388889
 73.000000, 0.561644, 0.328767, 1.164384, 1.566210
 81.666667, 0.624490, 0.277551, 1.151020, 1.718367
 85.333333, 0.667969, 0.324219, 0.937500, 1.320313
 84.666667, 0.421260, 0.330709, 1.082677, 1.464567
 83.333333, 0.596000, 0.324000, 0.924000, 1.296000
 83.333333, 0.652000, 0.348000, 1.044000, 1.440000
 88.000000, 0.882576, 0.367424, 0.931818, 1.356061
 80.000000, 0.941667, 0.416667, 1.008333, 1.483333
 66.000000, 0.904040, 0.484848, 0.954545, 1.505051
 86.666667, 0.757692, 0.307692, 0.903846, 1.257692
 78.666667, 0.411017, 0.351695, 0.877119, 1.279661
 85.333333, 0.871094, 0.406250, 0.980469, 1.437500
 78.000000, 0.615385, 0.299145, 0.957265, 1.307692
 84.666667, 0.748031, 0.295276, 0.913386, 1.251969
 94.000000, 0.769504, 0.343972, 0.893617, 1.287234
44
 0.200000, 9.000000, 0.000000, 1.000000, 3.000000
 82.666667, 0.927419, 0.326613, 1.076613, 1.487903
 75.666667, 0.792952, 0.458150, 0.991189, 1.506608
 89.333333, 0.652985, 0.305970, 0.869403, 1.220149
 92.666667, 0.647482, 0.255396, 0.924460, 1.244604
 72.000000, 0.523148, 0.282407, 1.134259, 1.481481
 88.000000, 0.746212, 0.284091, 1.261364, 1.598485
 85.666667, 0.871595, 0.319066, 0.887160, 1.256809
 95.333333, 0.706294, 0.321678, 1.108392, 1.472028
 94.333333, 0.752650, 0.303887, 0.879859, 1.233216
 90.333333, 0.653137, 0.291513, 0.870849, 1.210332
 91.333333, 0.894161, 0.350365, 1.014599, 1.416058
 78.000000, 0.773504, 0.341880, 0.935897, 1.333333
 77.333333, 1.426724, 0.629310, 0.931034, 1.620690
 88.333333, 0.467925, 0.343396, 0.860377, 1.252830
 83.333333, 0.756000, 0.340000, 0.952000, 1.344000
 91.000000, 0.886447, 0.326007, 0.860806, 1.238095
 77.333333, 0.931034, 0.349138, 1.017241, 1.418103
 80.000000, 0.525000, 0.270833, 0.800000, 1.116667
 101.000000, 0.877888, 0.458746, 0.854785, 1.363036
45
 0.200000, 0.000000, 0.000000, 1.000000, 5.000000
 80.666667, 1.247934, 0.359504, 0.983471, 1.429752
 77.333333, 0.754310, 0.409483, 0.922414, 1.409483
 88.000000, 0.518939, 0.306818, 0.935606, 1.299242
 90.666667, 0.716912, 0.286765, 1.014706, 1.352941
 73.333333, 0.495455, 0.313636, 1.077273, 1.440909
 84.333333, 0.758893, 0.324111, 1.181818, 1.569170
 94.000000, 0.882979, 0.315603, 0.875887, 1.244681
 93.666667, 0.836299, 0.359431, 1.135231, 1.544484
 93.666667, 0.754448, 0.274021, 0.953737, 1.281139
 91.000000, 0.688645, 0.329670, 1.025641, 1.410256
 93.333333, 0.982143, 0.321429, 0.985714, 1.357143
 76.000000, 0.741228, 0.421053, 0.978070, 1.456140
 67.333333, 0.470297, 0.415842, 1.009901, 1.480198
 87.000000, 0.647510, 0.268199, 0.869732, 1.191571
 79.666667, 0.707113, 0.330544, 0.941423, 1.334728
 80.333333, 0.676349, 0.319502, 1.062241, 1.435685
 78.666667, 0.813559, 0.385593, 0.953390, 1.398305
 77.000000, 0.463203, 0.255411, 0.904762, 1.212121
 96.000000, 0.652778, 0.263889, 0.902778, 1.211806
46
 0.200000, 0.000000, 0.000000, 2.000000, 2.000000
 77.666667, 0.939914, 0.424893, 1.025751, 1.557940
 74.333333, 1.008969, 0.542601, 1.017937, 1.614350
 93.333333, 0.714286, 0.282143, 0.928571, 1.260714
 89.333333, 0.861940, 0.320896, 0.962687, 1.339552
 75.000000, 0.666667, 0.346667, 1.235556, 1.648889
 78.666667, 0.525424, 0.283898, 1.118644, 1.461864
 85.666667, 1.015564, 0.338521, 0.937743, 1.330739
 93.000000, 0.544803, 0.283154, 1.100358, 1.437276
 84.666667, 0.468504, 0.299213, 0.893701, 1.248031
 88.666667, 0.785714, 0.327068, 0.924812, 1.300752
 88.333333, 0.656604, 0.286792, 0.954717, 1.298113
 71.666667, 0.637209, 0.372093, 0.990698, 1.423256
 73.333333, 0.800000, 0.381818, 0.977273, 1.431818
 88.333333, 0.860377, 0.301887, 0.860377, 1.215094
 80.333333, 0.829876, 0.298755, 0.875519, 1.228216
 80.000000, 0.850000, 0.395833, 0.958333, 1.404167
 79.000000, 0.995781, 0.345992, 0.932489, 1.329114
 81.333333, 0.512295, 0.274590, 0.905738, 1.229508
 94.000000, 0.726950, 0.333333, 0.882979, 1.265957
47
 0.250000, 13.000000, 0.000000, 2.000000, 3.000000
 79.000000, 1.160338, 0.451477, 1.147679, 1.734177
 74.000000, 0.873874, 0.373874, 0.972973, 1.400901
 92.666667, 0.791367, 0.334532, 0.881295, 1.302158
 87.666667, 0.730038, 0.307985, 1.007605, 1.368821
 75.000000, 0.640000, 0.297778, 1.288889, 1.635556
 81.333333, 0.651639, 0.319672, 1.184426, 1.557377
 88.000000, 0.920455, 0.325758, 0.875000, 1.250000
 95.000000, 1.238596, 0.357895, 1.038596, 1.445614
 87.000000, 0.532567, 0.252874, 0.900383, 1.210728
 92.666667, 0.953237, 0.309353, 0.989209, 1.363309
 88.000000, 0.693182, 0.352273, 1.041667, 1.450758
 69.666667, 0.760766, 0.392344, 0.952153, 1.401914
 72.666667, 0.720183, 0.366972, 0.912844, 1.330275
 88.333333, 0.596226, 0.283019, 0.867925, 1.200000
 91.333333, 1.328467, 0.335766, 0.864964, 1.262774
 82.333333, 0.591093, 0.372470, 0.955466, 1.384615
 73.000000, 0.739726, 0.351598, 0.990868, 1.392694
 81.333333, 0.422131, 0.278689, 0.848361, 1.172131
 97.666667, 0.890785, 0.481229, 0.901024, 1.430034
48
 0.250000, 12.000000, 0.000000, 0.000000, 5.000000
 78.333333, 0.944681, 0.451064, 1.140426, 1.702128
 79.333333, 1.021008, 0.403361, 0.907563, 1.369748
 93.000000, 0.896057, 0.311828, 0.817204, 1.175627
 94.000000, 0.687943, 0.294326, 0.939716, 1.280142
 79.333333, 0.848739, 0.310924, 1.197479, 1.567227
 81.000000, 0.588477, 0.288066, 1.189300, 1.526749
 88.000000, 0.651515, 0.310606, 0.867424, 1.231061
 95.000000, 0.750877, 0.340351, 1.126316, 1.515789
 81.333333, 0.504098, 0.303279, 0.905738, 1.274590
 92.333333, 0.935018, 0.296029, 0.942238, 1.288809
 86.333333, 0.760618, 0.312741, 0.992278, 1.362934
 78.000000, 0.858974, 0.299145, 1.000000, 1.354701
 72.333333, 0.502304, 0.387097, 1.027650, 1.479263
 84.666667, 0.507874, 0.251969, 0.960630, 1.271654
 74.333333, 0.448430, 0.313901, 0.865471, 1.246637
 87.333333, 1.106870, 0.389313, 0.961832, 1.400763
 85.333333, 1.082031, 0.328125, 0.972656, 1.355469
 74.666667, 0.321429, 0.308036, 0.861607, 1.223214
 95.666667, 0.592334, 0.268293, 0.965157, 1.278746
49
 0.250000, 12.000000, 0.000000, 0.000000, 5.000000
 76.333333, 1.148472, 0.480349, 1.008734, 1.606987
 79.000000, 1.177215, 0.409283, 1.050633, 1.514768
 89.333333, 0.679104, 0.302239, 0.940299, 1.287313
 88.333333, 0.683019, 0.309434, 0.939623, 1.294340
 69.000000, 0.550725, 0.352657, 1.207729, 1.613527
 82.666667, 0.693548, 0.282258, 1.076613, 1.407258
 88.000000, 0.875000, 0.310606, 0.848485, 1.208333
 89.000000, 0.531835, 0.370787, 1.014981, 1.453184
 88.333333, 0.871698, 0.343396, 0.905660, 1.301887
 90.333333, 1.025830, 0.376384, 0.996310, 1.420664
 87.333333, 0.667939, 0.312977, 1.007634, 1.366412
 76.000000, 0.736842, 0.390351, 0.964912, 1.425439
 69.000000, 0.439614, 0.425121, 0.956522, 1.429952
 83.000000, 0.473896, 0.261044, 0.895582, 1.208835
 82.666667, 0.657258, 0.310484, 0.891129, 1.254032
 81.666667, 1.048980, 0.461224, 0.963265, 1.473469
 88.000000, 1.071970, 0.405303, 1.034091, 1.488636
 80.333333, 0.448133, 0.273859, 0.892116, 1.215768
 92.666667, 0.586331, 0.316547, 0.899281, 1.273381
50
 0.250000, 13.000000, 0.000000, 1.000000, 5.000000
 79.000000, 1.097046, 0.518987, 1.063291, 1.675105
 77.666667, 0.849785, 0.459227, 1.000000, 1.519313
 89.000000, 0.498127, 0.269663, 0.827715, 1.149813
 83.000000, 0.369478, 0.333333, 0.935743, 1.317269
 74.333333, 0.780269, 0.358744, 1.260090, 1.690583
 82.666667, 0.568548, 0.298387, 1.064516, 1.415323
 87.333333, 0.919847, 0.297710, 0.858779, 1.206107
 90.000000, 0.544444, 0.288889, 1.070370, 1.411111
 83.000000, 0.437751, 0.277108, 0.935743, 1.261044
 90.666667, 0.658088, 0.371324, 0.952206, 1.375000
 91.666667, 0.814545, 0.290909, 1.000000, 1.352727
 71.666667, 0.883721, 0.437209, 0.990698, 1.474419
 68.333333, 0.370732, 0.400000, 0.960976, 1.409756
 84.333333, 0.565217, 0.308300, 0.865613, 1.225296
 78.333333, 0.591489, 0.314894, 0.906383, 1.272340
 86.333333, 1.003861, 0.366795, 0.926641, 1.359073
 76.333333, 0.799127, 0.336245, 1.104803, 1.489083
 83.333333, 0.552000, 0.292000, 0.884000, 1.228000
 94.666667, 0.602113, 0.278169, 0.873239, 1.200704
51
 0.250000, 10.000000, 5.000000, 1.000000, 6.000000
 79.333333, 1.075630, 0.441176, 1.079832, 1.609244
 70.666667, 0.830189, 0.452830, 1.033019, 1.533019
 92.333333, 0.530686, 0.332130, 0.866426, 1.249097
 92.333333, 0.740072, 0.303249, 1.003610, 1.353791
 74.000000, 0.581081, 0.306306, 1.400901, 1.770270
 83.666667, 0.756972, 0.314741, 1.055777, 1.422311
 80.333333, 0.572614, 0.315353, 0.896266, 1.261411
 87.000000, 0.597701, 0.306513, 1.145594, 1.501916
 81.000000, 0.481481, 0.316872, 0.967078, 1.337449
 89.000000, 0.707865, 0.344569, 0.970037, 1.367041
 87.666667, 0.684411, 0.292776, 0.965779, 1.311787
 84.000000, 1.361111, 0.595238, 1.031746, 1.682540
 73.666667, 0.895928, 0.411765, 0.950226, 1.416290
 81.000000, 0.559671, 0.316872, 0.954733, 1.325103
 72.000000, 0.564815, 0.319444, 0.879630, 1.254630
 85.333333, 0.925781, 0.398438, 1.003906, 1.457031
 78.666667, 0.847458, 0.351695, 0.978814, 1.381356
 82.666667, 0.576613, 0.274194, 0.866935, 1.189516
 92.000000, 0.561594, 0.297101, 0.945652, 1.289855
52
 0.250000, 10.000000, 5.000000, 0.000000, 6.000000
 75.666667, 0.929515, 0.436123, 0.986784, 1.524229
 81.333333, 1.077869, 0.377049, 0.942623, 1.397541
 82.000000, 0.373984, 0.304878, 0.804878, 1.158537
 87.666667, 0.596958, 0.307985, 1.064639, 1.429658
 75.666667, 0.947137, 0.436123, 1.237885, 1.748899
 86.333333, 0.633205, 0.559846, 1.216216, 1.830116
 84.666667, 0.763780, 0.350394, 0.814961, 1.224409
 92.333333, 0.685921, 0.299639, 1.014440, 1.375451
 88.666667, 0.834586, 0.296992, 0.879699, 1.221805
 88.666667, 0.657895, 0.327068, 0.943609, 1.319549
 93.666667, 0.875445, 0.320285, 1.003559, 1.380783
 77.333333, 0.823276, 0.366379, 1.004310, 1.426724
 69.333333, 0.447115, 0.312500, 1.014423, 1.389423
 78.000000, 0.316239, 0.316239, 0.948718, 1.324786
 78.333333, 0.953191, 0.378723, 0.940426, 1.387234
 86.333333, 1.181467, 0.436293, 0.918919, 1.405405
 75.333333, 0.862832, 0.358407, 1.030973, 1.446903
 78.666667, 0.500000, 0.283898, 0.932203, 1.266949
 93.000000, 0.763441, 0.272401, 0.921147, 1.236559
53
 0.250000, 3.000000, 5.000000, 2.000000, 9.000000
 79.666667, 1.405858, 0.502092, 0.983264, 1.573222
 75.000000, 0.831111, 0.320000, 0.920000, 1.288889
 88.666667, 0.725564, 0.319549, 0.924812, 1.296992
 93.000000, 0.752688, 0.272401, 0.978495, 1.304659
 82.666667, 1.358871, 0.403226, 1.157258, 1.629032
 80.666667, 0.665289, 0.297521, 1.223140, 1.574380
 90.333333, 0.845018, 0.309963, 0.915129, 1.276753
 86.333333, 0.602317, 0.320463, 0.965251, 1.335907
 86.333333, 0.675676, 0.301158, 0.953668, 1.308880
 89.666667, 0.866171, 0.368030, 0.988848, 1.401487
 88.333333, 0.701887, 0.290566, 0.988679, 1.332075
 75.333333, 0.853982, 0.358407, 0.915929, 1.327434
 70.666667, 0.688679, 0.433962, 0.952830, 1.433962
 87.666667, 0.714829, 0.262357, 0.908745, 1.231939
 71.666667, 0.506977, 0.320930, 0.953488, 1.325581
 84.666667, 0.866142, 0.287402, 0.929134, 1.263780
 79.333333, 0.928571, 0.365546, 1.046218, 1.462185
 77.666667, 0.381974, 0.287554, 0.918455, 1.257511
 93.333333, 0.610714, 0.267857, 1.003571, 1.332143
54
 0.250000, 5.000000, 6.000000, 2.000000, 8.000000
 77.000000, 0.887446, 0.393939, 1.160173, 1.670996
 77.333333, 1.357759, 0.405172, 1.038793, 1.495690
 93.666667, 0.889680, 0.384342, 0.864769, 1.295374
 92.000000, 0.659420, 0.365942, 0.989130, 1.405797
 80.000000, 0.937500, 0.379167, 1.170833, 1.604167
 83.000000, 0.843373, 0.301205, 1.108434, 1.461847
 86.333333, 0.629344, 0.328185, 0.872587, 1.254826
 89.000000, 0.621723, 0.355805, 1.033708, 1.441948
 82.666667, 0.350806, 0.294355, 0.911290, 1.270161
 84.333333, 0.628458, 0.296443, 1.019763, 1.371542
 88.000000, 0.859848, 0.329545, 1.000000, 1.378788
 82.000000, 1.093496, 0.329268, 1.065041, 1.455285
 69.333333, 0.730769, 0.360577, 0.971154, 1.394231
 83.333333, 0.844000, 0.268000, 0.836000, 1.156000
 74.333333, 0.538117, 0.340807, 0.860987, 1.264574
 85.000000, 0.917647, 0.356863, 0.909804, 1.313725
 79.666667, 0.794979, 0.401674, 1.071130, 1.523013
 76.333333, 0.401747, 0.292576, 0.921397, 1.262009
 92.666667, 0.521583, 0.305755, 0.953237, 1.323741
55
 0.250000, 6.000000, 4.000000, 1.000000, 6.000000
 80.666667, 1.107438, 0.491736, 1.057851, 1.652893
 81.000000, 1.004115, 0.395062, 1.000000, 1.448560
 90.333333, 0.586716, 0.321033, 0.863469, 1.243542
 84.333333, 0.470356, 0.292490, 0.956522, 1.304348
 76.000000, 0.710526, 0.285088, 1.236842, 1.592105
 81.000000, 0.592593, 0.279835, 1.115226, 1.444444
 91.666667, 0.781818, 0.287273, 0.923636, 1.269091
 86.333333, 0.555985, 0.305019, 0.984556, 1.362934
 89.333333, 0.708955, 0.283582, 0.891791, 1.223881
 93.000000, 0.960573, 0.419355, 0.896057, 1.365591
 90.333333, 0.811808, 0.380074, 1.014760, 1.450185
 77.000000, 0.848485, 0.363636, 1.008658, 1.432900
 78.000000, 1.205128, 0.521368, 0.957265, 1.538462
 86.000000, 0.895349, 0.344961, 0.852713, 1.255814
 83.000000, 0.779116, 0.313253, 0.891566, 1.257028
 81.666667, 0.648980, 0.302041, 0.910204, 1.261224
 89.333333, 1.283582, 0.361940, 1.041045, 1.447761
 81.333333, 0.553279, 0.307377, 0.831967, 1.196721
 100.333333, 0.827243, 0.315615, 0.926910, 1.292359
56
 0.200000, 0.000000, 0.000000, 1.000000, 2.000000
 75.000000, 0.857778, 0.466667, 1.057778, 1.622222
 78.333333, 1.102128, 0.387234, 1.046809, 1.489362
 96.666667, 0.872414, 0.303448, 0.875862, 1.231034
 91.333333, 0.788321, 0.295620, 1.043796, 1.394161
 77.000000, 0.692641, 0.277056, 1.203463, 1.545455
 76.666667, 0.543478, 0.339130, 1.100000, 1.500000
 82.000000, 0.910569, 0.292683, 0.849593, 1.199187
 92.333333, 0.996390, 0.404332, 1.043321, 1.509025
 86.666667, 0.557692, 0.350000, 1.007692, 1.423077
 88.333333, 0.909434, 0.347170, 1.018868, 1.415094
 91.333333, 0.916058, 0.335766, 0.967153, 1.346715
 78.666667, 1.016949, 0.343220, 1.016949, 1.415254
 69.333333, 0.658654, 0.365385, 0.956731, 1.394231
 87.666667, 0.745247, 0.262357, 0.893536, 1.209125
 78.666667, 0.639831, 0.372881, 0.957627, 1.389831
 80.666667, 0.731405, 0.334711, 0.983471, 1.371901
 80.666667, 0.909091, 0.338843, 1.053719, 1.450413
 78.666667, 0.415254, 0.288136, 0.898305, 1.241525
 92.333333, 0.610108, 0.296029, 0.880866, 1.220217
57
 0.250000, 8.000000, 6.000000, 0.000000, 7.000000
 81.333333, 1.270492, 0.393443, 1.036885, 1.586066
 78.333333, 1.042553, 0.387234, 0.970213, 1.417021
 90.666667, 0.720588, 0.294118, 0.911765, 1.257353
 87.666667, 0.836502, 0.292776, 0.984791, 1.330798
 75.000000, 0.697778, 0.275556, 1.115556, 1.444444
 87.666667, 0.737643, 0.520913, 1.022814, 1.593156
 86.000000, 0.689922, 0.317829, 0.910853, 1.290698
 85.000000, 0.725490, 0.384314, 1.011765, 1.454902
 90.000000, 0.722222, 0.307407, 0.896296, 1.266667
 86.666667, 0.515385, 0.342308, 1.030769, 1.438462
 89.333333, 0.940299, 0.361940, 0.936567, 1.347015
 74.333333, 0.910314, 0.421525, 1.013453, 1.484305
 72.333333, 0.700461, 0.345622, 0.921659, 1.322581
 84.000000, 0.575397, 0.301587, 0.869048, 1.218254
 80.000000, 0.604167, 0.291667, 0.837500, 1.183333
 83.666667, 0.860558, 0.362550, 0.992032, 1.410359
 80.666667, 0.760331, 0.404959, 1.037190, 1.491736
 79.333333, 0.403361, 0.306723, 0.840336, 1.218487
 94.666667, 0.549296, 0.292254, 0.957746, 1.299296
58
 0.250000, 2.000000, 4.000000, 1.000000, 8.000000
 76.000000, 0.776316, 0.346491, 1.109649, 1.552632
 79.333333, 1.214286, 0.386555, 0.894958, 1.344538
 94.000000, 0.797872, 0.297872, 0.829787, 1.177305
 88.666667, 0.492481, 0.342105, 0.951128, 1.342105
 71.333333, 0.696262, 0.294393, 1.271028, 1.616822
 82.333333, 0.688259, 0.522267, 1.238866, 1.813765
 87.666667, 0.832700, 0.315589, 0.965779, 1.330798
 91.666667, 0.658182, 0.261818, 1.065455, 1.389091
 86.666667, 0.519231, 0.307692, 0.957692, 1.315385
 89.333333, 0.686567, 0.313433, 0.925373, 1.287313
 90.666667, 0.775735, 0.312500, 0.948529, 1.312500
 79.333333, 0.861345, 0.348739, 0.983193, 1.445378
 75.666667, 0.748899, 0.334802, 0.898678, 1.295154
 83.000000, 0.634538, 0.317269, 0.891566, 1.269076
 84.000000, 0.988095, 0.285714, 0.865079, 1.210317
 91.000000, 1.106227, 0.351648, 0.941392, 1.340659
 85.666667, 1.007782, 0.334630, 1.112840, 1.498054
 82.666667, 0.645161, 0.278226, 0.939516, 1.262097
 95.333333, 0.741259, 0.304196, 0.926573, 1.283217
59
 0.250000, 11.000000, 4.000000, 1.000000, 6.000000
 79.000000, 1.219409, 0.481013, 1.059072, 1.624473
 82.333333, 1.295547, 0.421053, 1.024291, 1.514170
 91.000000, 0.714286, 0.311355, 0.882784, 1.241758
 87.666667, 0.695817, 0.326996, 1.060837, 1.444867
 72.000000, 1.078704, 0.393519, 1.171296, 1.625000
 77.333333, 0.500000, 0.284483, 1.297414, 1.629310
 88.333333, 0.743396, 0.309434, 0.890566, 1.252830
 94.333333, 1.053004, 0.318021, 1.014134, 1.381625
 87.333333, 0.599237, 0.316794, 0.950382, 1.316794
 85.333333, 0.738281, 0.339844, 1.015625, 1.410156
 83.666667, 0.641434, 0.354582, 0.992032, 1.398406
 78.333333, 1.387234, 0.442553, 0.919149, 1.455319
 72.000000, 0.685185, 0.342593, 0.967593, 1.361111
 83.333333, 0.732000, 0.272000, 0.868000, 1.200000
 81.333333, 0.688525, 0.311475, 0.901639, 1.274590
 77.000000, 0.696970, 0.320346, 0.878788, 1.251082
 76.333333, 0.733624, 0.397380, 1.056769, 1.502183
 80.666667, 0.524793, 0.268595, 0.863636, 1.190083
 95.333333, 0.664336, 0.290210, 1.024476, 1.370629
60
 0.250000, 9.000000, 5.000000, 0.000000, 7.000000
 76.666667, 0.891304, 0.439130, 1.060870, 1.600000
 73.666667, 0.882353, 0.407240, 0.900452, 1.366516
 93.333333, 0.728571, 0.332143, 0.928571, 1.321429
 87.666667, 0.692015, 0.285171, 0.954373, 1.292776
 78.333333, 0.855319, 0.302128, 1.302128, 1.676596
 83.000000, 0.795181, 0.542169, 1.473896, 2.068273
 74.666667, 0.495536, 0.281250, 0.964286, 1.294643
 90.666667, 0.610294, 0.294118, 1.055147, 1.404412
 87.666667, 0.802281, 0.357414, 0.931559, 1.349810
 91.000000, 1.336996, 0.322344, 0.959707, 1.333333
 91.000000, 1.106227, 0.278388, 0.926740, 1.256410
 80.333333, 1.062241, 0.435685, 1.000000, 1.497925
 66.666667, 0.465000, 0.350000, 0.940000, 1.350000
 78.000000, 0.423077, 0.256410, 0.888889, 1.192308
 75.333333, 0.495575, 0.327434, 0.898230, 1.278761
 73.000000, 0.566210, 0.342466, 0.958904, 1.347032
 81.333333, 0.975410, 0.377049, 1.004098, 1.434426
 78.333333, 0.502128, 0.285106, 0.931915, 1.263830
 93.666667, 0.740214, 0.298932, 0.889680, 1.241993
61
 0.250000, 7.000000, 5.000000, 1.000000, 7.000000
 71.333333, 0.799065, 0.364486, 1.107477, 1.598131
 77.333333, 0.918103, 0.375000, 0.982759, 1.426724
 91.333333, 0.532847, 0.310219, 0.868613, 1.222628
 98.000000, 1.095238, 0.323129, 1.013605, 1.384354
 76.666667, 0.717391, 0.269565, 1.104348, 1.434783
 81.666667, 0.746939, 0.285714, 1.248980, 1.587755
 85.000000, 0.701961, 0.321569, 0.874510, 1.250980
 100.000000, 1.020000, 0.400000, 1.223333, 1.673333
 87.000000, 0.685824, 0.321839, 0.931034, 1.302682
 91.000000, 0.681319, 0.285714, 0.945055, 1.282051
 89.666667, 0.828996, 0.312268, 1.003717, 1.379182
 76.333333, 0.834061, 0.366812, 0.978166, 1.393013
 68.666667, 0.674757, 0.364078, 0.898058, 1.320388
 82.333333, 0.518219, 0.327935, 0.890688, 1.271255
 76.333333, 0.545852, 0.314410, 0.982533, 1.344978
 79.000000, 0.700422, 0.329114, 1.004219, 1.400844
 75.333333, 0.893805, 0.336283, 0.986726, 1.376106
 77.666667, 0.609442, 0.296137, 0.888412, 1.240343
 95.333333, 0.870629, 0.318182, 0.919580, 1.293706
62
 0.250000, 3.000000, 5.000000, 1.000000, 6.000000
 79.333333, 0.878151, 0.445378, 1.021008, 1.558824
 77.333333, 1.146552, 0.379310, 0.974138, 1.418103
 87.000000, 0.639847, 0.306513, 0.831418, 1.187739
 89.333333, 0.600746, 0.279851, 0.996269, 1.324627
 74.333333, 0.726457, 0.291480, 1.094170, 1.439462
 76.666667, 0.565217, 0.304348, 1.278261, 1.634783
 85.666667, 1.015564, 0.342412, 0.937743, 1.330739
 88.666667, 0.552632, 0.300752, 1.003759, 1.357143
 85.000000, 0.521569, 0.274510, 0.866667, 1.196078
 89.000000, 0.677903, 0.363296, 1.014981, 1.430712
 92.666667, 0.910072, 0.284173, 1.000000, 1.334532
 73.000000, 0.598174, 0.456621, 1.018265, 1.534247
 81.666667, 1.191837, 0.408163, 1.016327, 1.485714
 80.666667, 0.462810, 0.264463, 0.892562, 1.206612
 77.666667, 0.579399, 0.321888, 0.905579, 1.278970
 85.333333, 0.968750, 0.378906, 1.000000, 1.433594
 78.333333, 0.944681, 0.353191, 1.080851, 1.489362
 88.333333, 0.694340, 0.283019, 0.845283, 1.207547
 98.000000, 0.891156, 0.323129, 0.938776, 1.309524
63
 0.250000, 0.000000, 5.000000, 1.000000, 8.000000
 70.333333, 0.815166, 0.374408, 1.066351, 1.545024
 79.000000, 1.080169, 0.362869, 0.957806, 1.375527
 90.333333, 0.571956, 0.291513, 0.811808, 1.154982
 83.666667, 0.541833, 0.294821, 0.980080, 1.358566
 78.333333, 0.957447, 0.344681, 1.353191, 1.748936
 79.000000, 0.582278, 0.337553, 1.160338, 1.565401
 88.333333, 0.743396, 0.298113, 0.867925, 1.218868
 88.333333, 0.815094, 0.335849, 1.158491, 1.554717
 80.666667, 0.392562, 0.264463, 0.909091, 1.235537
 91.333333, 0.697080, 0.324818, 0.996350, 1.375912
 86.666667, 0.630769, 0.307692, 0.934615, 1.292308
 72.333333, 0.870968, 0.456221, 1.096774, 1.612903
 72.333333, 0.654378, 0.373272, 0.926267, 1.359447
 80.333333, 0.423237, 0.327801, 0.867220, 1.244813
 77.333333, 0.564655, 0.314655, 0.952586, 1.336207
 81.000000, 0.728395, 0.320988, 0.991770, 1.366255
 78.000000, 0.841880, 0.380342, 1.055556, 1.487179
 76.666667, 0.404348, 0.247826, 0.865217, 1.173913
 96.333333, 0.730104, 0.290657, 0.885813, 1.235294
Histogram
0 0 0 0 0 0 0 0 0 0 4 47 365 323 251 130 69 14 12 1 6 1 0 0 0 0 0 0 0 0 4 0 0 0 0 0 0 0 0 0 1 0 0 0 0 0 0 0 0 0 5 0 0 0 0 0 0 0 0 0 5 0 0 0 0 0 0 0 0 0 5 0 0 0 0 0 0 0 0 0 4 0 0 0 0 0 0 0 0 0 1 0 0 0 0 0 0 0 0 0 0 0 0 0 0 0 0 0 0 0 1 0 0 0 0 0 0 0 0 31 
Cache Miss Ratio
0.05284618944577168
numOfSets
0
numOfGets
319796
numOfMultiGets
0
