20
0
 0.200000, 11.000000, 0.000000, 3.000000, 132.000000
 491.000000, 5.242363, 1.355058, 1.439919, 2.938900
 681.666667, 5.144743, 0.798533, 0.934963, 1.777995
 668.000000, 4.953094, 0.838323, 1.092315, 1.975549
 707.333333, 5.085768, 0.722432, 0.911876, 1.678605
 635.666667, 5.293131, 0.887257, 1.095438, 2.028317
 657.333333, 4.914807, 0.728702, 0.908215, 1.681034
 626.000000, 5.353035, 0.938232, 1.086262, 2.070288
 638.666667, 5.087683, 0.817850, 1.058455, 1.929019
 528.000000, 5.102273, 0.923611, 1.222222, 2.187500
 562.333333, 4.944280, 0.984588, 1.235922, 2.264375
 561.333333, 5.043349, 0.852732, 1.109857, 2.000594
 583.000000, 5.019440, 0.889651, 1.125214, 2.054889
 572.666667, 5.158906, 0.843423, 1.071013, 1.954598
 615.000000, 4.685637, 0.905149, 1.273713, 2.223848
 652.000000, 5.060838, 0.838446, 1.085378, 1.965235
 614.333333, 4.581118, 0.871405, 1.331525, 2.246880
 667.333333, 5.003996, 0.793706, 0.991508, 1.827173
 676.000000, 4.978797, 0.736686, 0.949211, 1.725838
 700.000000, 4.826190, 0.690476, 0.990000, 1.720476
1
 0.200000, 13.000000, 0.000000, 37.000000, 125.000000
 493.333333, 5.113514, 1.304730, 1.413514, 2.878378
 679.000000, 5.132057, 0.803142, 0.937653, 1.783996
 664.000000, 5.147590, 0.897088, 1.103414, 2.041165
 701.333333, 5.058935, 0.702947, 0.920627, 1.664924
 632.333333, 5.184502, 0.883500, 1.096468, 2.023195
 660.000000, 4.886869, 0.708081, 0.902525, 1.655556
 615.000000, 5.150136, 0.884553, 1.100271, 2.027100
 637.666667, 5.119185, 0.810246, 1.045478, 1.902248
 528.666667, 5.023329, 0.918663, 1.212484, 2.175914
 556.333333, 4.997603, 0.935890, 1.226483, 2.204314
 565.666667, 5.064231, 0.850913, 1.103712, 1.995286
 577.000000, 5.108608, 0.905257, 1.129405, 2.078567
 568.666667, 5.184056, 0.858734, 1.077960, 1.977726
 620.666667, 4.681525, 0.867884, 1.262621, 2.174006
 650.333333, 5.084572, 0.906202, 1.094311, 2.041005
 609.000000, 4.488232, 0.865353, 1.349206, 2.256705
 670.333333, 5.020388, 0.790651, 0.987568, 1.817006
 671.000000, 4.978142, 0.717834, 0.946349, 1.703924
 693.666667, 4.803940, 0.701105, 1.007689, 1.750120
2
 0.200000, 12.000000, 0.000000, 4.000000, 123.000000
 491.333333, 5.259837, 1.377205, 1.421303, 2.943691
 676.333333, 5.020700, 0.795959, 0.934943, 1.776737
 658.333333, 5.140759, 0.881013, 1.098228, 2.019747
 703.666667, 5.100426, 0.734249, 0.913785, 1.688773
 635.666667, 5.159937, 0.885160, 1.089670, 2.017305
 656.333333, 4.847638, 0.677501, 0.918740, 1.637887
 629.333333, 5.190678, 0.912606, 1.078390, 2.031250
 639.000000, 5.021388, 0.815336, 1.062076, 1.921753
 529.666667, 5.079924, 0.944619, 1.221523, 2.210824
 559.000000, 5.017889, 0.901610, 1.235540, 2.177698
 556.666667, 5.102395, 0.829940, 1.104790, 1.974251
 577.000000, 5.053726, 0.872906, 1.124783, 2.042750
 570.666667, 5.109229, 0.810164, 1.074182, 1.925234
 616.666667, 4.691892, 0.937838, 1.287027, 2.267027
 640.333333, 4.965643, 0.827173, 1.086934, 1.955232
 621.333333, 4.690987, 0.866953, 1.333155, 2.245172
 660.000000, 5.048990, 0.779293, 0.997980, 1.817677
 675.333333, 5.104640, 0.744817, 0.952122, 1.734452
 715.333333, 4.856011, 0.722274, 0.983225, 1.745107
3
 0.200000, 10.000000, 0.000000, 6.000000, 123.000000
 483.666667, 5.099242, 1.288766, 1.463129, 2.891799
 676.000000, 5.098126, 0.786982, 0.937870, 1.773669
 665.666667, 5.113671, 0.870806, 1.097646, 2.007511
 699.000000, 5.142108, 0.739151, 0.909394, 1.700048
 637.666667, 5.350235, 0.934135, 1.094616, 2.068479
 653.000000, 4.947933, 0.710056, 0.909137, 1.666156
 624.666667, 5.133938, 0.876201, 1.085379, 2.004803
 640.333333, 5.099427, 0.834982, 1.052577, 1.936491
 527.333333, 5.175727, 0.963970, 1.226296, 2.237042
 558.000000, 5.070490, 0.936679, 1.221625, 2.200119
 565.000000, 5.011799, 0.840708, 1.103245, 1.985251
 582.666667, 5.101831, 0.911327, 1.120709, 2.074371
 569.333333, 5.192037, 0.859485, 1.071429, 1.973653
 612.666667, 4.715996, 0.893906, 1.280196, 2.217084
 647.333333, 5.111226, 0.843975, 1.092173, 1.979403
 610.666667, 4.590066, 0.884825, 1.349891, 2.278930
 666.000000, 4.957958, 0.787287, 0.994494, 1.820320
 674.666667, 5.090909, 0.746047, 0.952569, 1.737154
 704.666667, 4.854305, 0.724693, 0.998108, 1.760643
4
 0.200000, 10.000000, 0.000000, 3.000000, 117.000000
 499.333333, 5.190254, 1.307744, 1.387850, 2.869159
 681.666667, 5.078240, 0.800489, 0.934474, 1.777506
 670.333333, 5.217305, 0.915962, 1.087519, 2.044754
 707.000000, 5.185290, 0.753890, 0.909005, 1.709571
 622.666667, 5.164347, 0.864026, 1.095824, 2.002677
 659.000000, 4.854325, 0.693475, 0.911482, 1.647446
 623.000000, 5.204387, 0.883360, 1.089888, 2.014446
 642.000000, 5.031672, 0.809969, 1.059190, 1.915888
 531.666667, 5.115361, 0.973668, 1.220690, 2.235110
 562.000000, 4.985765, 0.893238, 1.229537, 2.164294
 563.000000, 5.054470, 0.848431, 1.105388, 1.992895
 578.000000, 5.063437, 0.884083, 1.119954, 2.044983
 580.666667, 5.181401, 0.877727, 1.067164, 1.985649
 612.333333, 4.770822, 0.954818, 1.286881, 2.286881
 642.666667, 5.165975, 0.899378, 1.096992, 2.036826
 632.666667, 4.671760, 0.978398, 1.315068, 2.336670
 665.666667, 4.993490, 0.786179, 0.979469, 1.807211
 670.666667, 5.014911, 0.727137, 0.958250, 1.724652
 700.000000, 4.861429, 0.710952, 0.994762, 1.749048
5
 0.200000, 12.000000, 0.000000, 11.000000, 112.000000
 500.333333, 5.421053, 1.331113, 1.413724, 2.893404
 682.000000, 5.076735, 0.811828, 0.937928, 1.790811
 665.666667, 5.171758, 0.867301, 1.084126, 1.993991
 700.666667, 5.116556, 0.722169, 0.917697, 1.683159
 636.666667, 5.195812, 0.915183, 1.098953, 2.056545
 662.666667, 4.949698, 0.731891, 0.913481, 1.689638
 623.666667, 5.200962, 0.900053, 1.086050, 2.029396
 643.333333, 5.178756, 0.858549, 1.050259, 1.954922
 536.000000, 4.966418, 0.948383, 1.218905, 2.207090
 554.666667, 5.004207, 0.903245, 1.240385, 2.183293
 562.333333, 5.088322, 0.864849, 1.129223, 2.032009
 583.000000, 5.124643, 0.894225, 1.113208, 2.050886
 571.000000, 5.111500, 0.875073, 1.070636, 1.989492
 618.333333, 4.836658, 0.921833, 1.267925, 2.232345
 642.333333, 5.128697, 0.842761, 1.096523, 1.980799
 616.333333, 4.522445, 0.832883, 1.330990, 2.206598
 663.333333, 4.960804, 0.772864, 0.991457, 1.809548
 671.000000, 4.995529, 0.725782, 0.954794, 1.718828
 709.666667, 4.787694, 0.720996, 0.992954, 1.753405
6
 0.200000, 11.000000, 0.000000, 2.000000, 113.000000
 503.333333, 5.272848, 1.411921, 1.371523, 2.923841
 678.666667, 5.083988, 0.801572, 0.946464, 1.789293
 664.333333, 5.204717, 0.933768, 1.096839, 2.075263
 700.000000, 5.089524, 0.724762, 0.920476, 1.688095
 626.666667, 5.194149, 0.903723, 1.103723, 2.051596
 660.000000, 4.886869, 0.703030, 0.905051, 1.651515
 627.000000, 5.390750, 0.931419, 1.088783, 2.063264
 641.333333, 5.042100, 0.818607, 1.058732, 1.922037
 528.000000, 4.988005, 0.930556, 1.215278, 2.191919
 561.333333, 5.016627, 0.938242, 1.235748, 2.216746
 571.000000, 5.137770, 0.886748, 1.106830, 2.032691
 585.666667, 5.138873, 0.908936, 1.120091, 2.068298
 568.000000, 5.255282, 0.850939, 1.079225, 1.968310
 623.000000, 4.708935, 0.876940, 1.256822, 2.178705
 646.666667, 5.157732, 0.867010, 1.097938, 2.003608
 629.000000, 4.706942, 0.886592, 1.314785, 2.247483
 662.666667, 5.047787, 0.787223, 0.993461, 1.820926
 663.666667, 5.022099, 0.720241, 0.961326, 1.719237
 712.333333, 4.915770, 0.728124, 0.985962, 1.752457
7
 0.200000, 8.000000, 0.000000, 2.000000, 120.000000
 488.666667, 5.067531, 1.199864, 1.435198, 2.783083
 677.666667, 4.950812, 0.777668, 0.942941, 1.761928
 664.000000, 5.069277, 0.903112, 1.091867, 2.038153
 705.333333, 5.085066, 0.725425, 0.915879, 1.687146
 632.333333, 5.213495, 0.869267, 1.094887, 2.005271
 659.666667, 4.906518, 0.724608, 0.908034, 1.674583
 624.333333, 5.345969, 0.913508, 1.085424, 2.039509
 640.000000, 5.074479, 0.816667, 1.055208, 1.920833
 531.666667, 5.073354, 0.959875, 1.220063, 2.220690
 561.000000, 5.042781, 0.952466, 1.237077, 2.232323
 567.000000, 5.091711, 0.871252, 1.102293, 2.012346
 585.000000, 5.153276, 0.919088, 1.116809, 2.076353
 568.666667, 5.155334, 0.832356, 1.075615, 1.949004
 612.666667, 4.698041, 0.848205, 1.279652, 2.172470
 640.000000, 5.164063, 0.873958, 1.102083, 2.018229
 626.000000, 4.700745, 0.939297, 1.313099, 2.298722
 657.333333, 5.068966, 0.779919, 1.004057, 1.825558
 673.333333, 5.096040, 0.754455, 0.956436, 1.750990
 700.000000, 4.766190, 0.710952, 0.995714, 1.747143
Histogram
0 0 0 0 0 0 0 0 0 0 0 0 0 0 0 0 14 26 8 26 38 9 22 1 0 0 0 1 4 3 0 0 0 0 0 0 0 0 0 0 0 0 0 0 0 0 0 0 0 0 0 0 0 0 0 0 0 0 0 0 0 0 0 0 0 0 0 0 0 0 0 0 0 0 0 0 0 0 0 0 0 0 0 0 0 0 0 0 0 0 0 0 0 0 0 0 0 0 0 0 0 0 0 0 0 0 0 0 0 0 0 0 0 0 0 0 0 0 0 8 
Cache Miss Ratio
0.0
numOfSets
0
numOfGets
296571
numOfMultiGets
0
