20
0
 0.250000, 8.000000, 1.000000, 15.000000, 153.000000
 551.333333, 2.371826, 0.586457, 1.010883, 1.738815
 674.333333, 2.301532, 0.385072, 0.828473, 1.258033
 626.333333, 2.612028, 0.424162, 0.997339, 1.466205
 536.000000, 2.897388, 0.498756, 1.212687, 1.759328
 645.666667, 2.433660, 0.399071, 0.973154, 1.417140
 767.666667, 2.020408, 0.288320, 0.702996, 1.034737
 633.666667, 2.457128, 0.407680, 0.945818, 1.396633
 552.666667, 2.648975, 0.446924, 1.112786, 1.603136
 619.333333, 2.230893, 0.393434, 0.972013, 1.412809
 688.333333, 2.466828, 0.369492, 0.860533, 1.269734
 598.000000, 2.259197, 0.389632, 0.819955, 1.261427
 574.000000, 2.202671, 0.405923, 0.907085, 1.359466
 622.666667, 2.196467, 0.344218, 0.738223, 1.125803
 651.333333, 2.063460, 0.319857, 0.787103, 1.147390
 593.666667, 1.878720, 0.391915, 1.238630, 1.670971
 552.000000, 2.101449, 0.416063, 1.086353, 1.545894
 582.000000, 2.467927, 0.435853, 0.958763, 1.443299
 642.666667, 2.459025, 0.373963, 0.888485, 1.308091
 604.666667, 2.461411, 0.416207, 0.970783, 1.431643
1
 0.250000, 16.000000, 0.000000, 15.000000, 159.000000
 550.666667, 2.442494, 0.618644, 1.026634, 1.771792
 669.333333, 2.256972, 0.375996, 0.833167, 1.253486
 622.666667, 2.542291, 0.426660, 0.997859, 1.467880
 537.000000, 2.694600, 0.504655, 1.214153, 1.761018
 646.000000, 2.478844, 0.410733, 0.970588, 1.427245
 768.000000, 1.965278, 0.292101, 0.700955, 1.032986
 629.666667, 2.465326, 0.408682, 0.949179, 1.407623
 549.333333, 2.518811, 0.457524, 1.117112, 1.621966
 633.000000, 2.340179, 0.393892, 0.959979, 1.400211
 686.333333, 2.247207, 0.374939, 0.856241, 1.272948
 592.333333, 2.180079, 0.379854, 0.822172, 1.249859
 582.666667, 2.232265, 0.402174, 0.897025, 1.352975
 629.333333, 2.238347, 0.335805, 0.739407, 1.116525
 655.333333, 2.149542, 0.338250, 0.777213, 1.158189
 603.666667, 1.998343, 0.378796, 1.234677, 1.654335
 555.000000, 2.019219, 0.399399, 1.062462, 1.506907
 581.000000, 2.487091, 0.445783, 0.968445, 1.461274
 643.666667, 2.404972, 0.368721, 0.895391, 1.311238
 605.000000, 2.565289, 0.396694, 0.988981, 1.431405
2
 0.250000, 16.000000, 1.000000, 10.000000, 159.000000
 546.666667, 2.326220, 0.584756, 1.026829, 1.737805
 674.666667, 2.257905, 0.381423, 0.828063, 1.255435
 620.000000, 2.639247, 0.435484, 1.000000, 1.481183
 539.666667, 2.739963, 0.503397, 1.219271, 1.767758
 642.000000, 2.433022, 0.401869, 0.988058, 1.437695
 773.666667, 1.951745, 0.289100, 0.695390, 1.028436
 632.333333, 2.395888, 0.415920, 0.947285, 1.406958
 550.000000, 2.538182, 0.435758, 1.113333, 1.599394
 624.333333, 2.260545, 0.383342, 0.973839, 1.403631
 689.333333, 2.394101, 0.385880, 0.853482, 1.279497
 594.666667, 2.196749, 0.382848, 0.820067, 1.251121
 590.666667, 2.324492, 0.406885, 0.889955, 1.351016
 620.666667, 2.102041, 0.340494, 0.743287, 1.124597
 646.666667, 2.031959, 0.321134, 0.790722, 1.151031
 589.333333, 1.918552, 0.379525, 1.265837, 1.687217
 550.666667, 2.070823, 0.388620, 1.077482, 1.508475
 578.666667, 2.519585, 0.428571, 0.962558, 1.435484
 645.000000, 2.362791, 0.373127, 0.892506, 1.310078
 606.000000, 2.505501, 0.405391, 0.977998, 1.429593
3
 0.250000, 8.000000, 1.000000, 33.000000, 152.000000
 551.333333, 2.410520, 0.654776, 1.021161, 1.799274
 671.333333, 2.201589, 0.384806, 0.824727, 1.254220
 620.666667, 2.484962, 0.427497, 1.003759, 1.473684
 537.666667, 2.708617, 0.482951, 1.216367, 1.744575
 642.666667, 2.468880, 0.401971, 0.978216, 1.428423
 768.666667, 1.969644, 0.291414, 0.704250, 1.038161
 631.333333, 2.352693, 0.418163, 0.953010, 1.420275
 549.000000, 2.511233, 0.446266, 1.119004, 1.610200
 631.000000, 2.229266, 0.387744, 0.965663, 1.398310
 672.000000, 2.310516, 0.385417, 0.877480, 1.304067
 596.000000, 2.238814, 0.379754, 0.814877, 1.244966
 582.333333, 2.262736, 0.408701, 0.883228, 1.345163
 620.000000, 2.152151, 0.335484, 0.746237, 1.124731
 648.333333, 2.119280, 0.320823, 0.786632, 1.152699
 595.333333, 1.990482, 0.407055, 1.245801, 1.694849
 549.666667, 2.075197, 0.384475, 1.067314, 1.495452
 582.666667, 2.564073, 0.447368, 0.958810, 1.454233
 640.666667, 2.408949, 0.374089, 0.899063, 1.319979
 603.333333, 2.533702, 0.410497, 0.979006, 1.438122
4
 0.250000, 8.000000, 0.000000, 0.000000, 153.000000
 542.666667, 2.431818, 0.625307, 1.032555, 1.791769
 672.000000, 2.236111, 0.387897, 0.822421, 1.258433
 623.666667, 2.705505, 0.432389, 1.005879, 1.481561
 540.333333, 2.735349, 0.499692, 1.210981, 1.759408
 642.666667, 2.438797, 0.395747, 0.977178, 1.418050
 774.666667, 1.963855, 0.299914, 0.697074, 1.037435
 627.666667, 2.380775, 0.404673, 0.951673, 1.403611
 546.333333, 2.553386, 0.446004, 1.118975, 1.615009
 632.333333, 2.283079, 0.387981, 0.956774, 1.391671
 682.000000, 2.306452, 0.371457, 0.871945, 1.284457
 603.000000, 2.184080, 0.382532, 0.809840, 1.243228
 581.333333, 2.246560, 0.409977, 0.904243, 1.359518
 627.333333, 2.219979, 0.331562, 0.734857, 1.108395
 657.333333, 2.109533, 0.337728, 0.776369, 1.154158
 586.333333, 1.892553, 0.384309, 1.266629, 1.696418
 551.000000, 2.065336, 0.414398, 1.098609, 1.555354
 578.666667, 2.567972, 0.447005, 0.964286, 1.458525
 641.666667, 2.419740, 0.372468, 0.892987, 1.311688
 602.666667, 2.490044, 0.403208, 0.975664, 1.429757
5
 0.250000, 8.000000, 0.000000, 34.000000, 150.000000
 538.000000, 2.391574, 0.594796, 1.045849, 1.770136
 671.666667, 2.261042, 0.375186, 0.823821, 1.245161
 620.000000, 2.540860, 0.430645, 1.009140, 1.484409
 540.333333, 2.804442, 0.512647, 1.210364, 1.767428
 649.333333, 2.433778, 0.416838, 0.975873, 1.437885
 770.333333, 1.936824, 0.297707, 0.700995, 1.043704
 631.333333, 2.471489, 0.406019, 0.956177, 1.409187
 548.000000, 2.594891, 0.425791, 1.126521, 1.598540
 628.000000, 2.372611, 0.388535, 0.970276, 1.402866
 687.666667, 2.348037, 0.377121, 0.860882, 1.280175
 596.000000, 2.151007, 0.383669, 0.815436, 1.248881
 577.666667, 2.221004, 0.390075, 0.905366, 1.349683
 616.666667, 2.162162, 0.337297, 0.750270, 1.129730
 655.666667, 2.107778, 0.326385, 0.777326, 1.145907
 577.666667, 1.828621, 0.387767, 1.304674, 1.735718
 553.000000, 2.056058, 0.403858, 1.073538, 1.523207
 584.333333, 2.463206, 0.442099, 0.969196, 1.455220
 642.000000, 2.271547, 0.378505, 0.898754, 1.321911
 597.666667, 2.511433, 0.404908, 0.964863, 1.428332
6
 0.250000, 8.000000, 0.000000, 1.000000, 150.000000
 545.333333, 2.381418, 0.584963, 1.022616, 1.736553
 662.000000, 2.187311, 0.384693, 0.841893, 1.278953
 618.666667, 2.548491, 0.426724, 1.003233, 1.474138
 540.666667, 2.771887, 0.504316, 1.212700, 1.762022
 647.000000, 2.395157, 0.400309, 0.968573, 1.415250
 769.333333, 2.013865, 0.285962, 0.699307, 1.026863
 632.000000, 2.438819, 0.408228, 0.945148, 1.408755
 547.666667, 2.545344, 0.441875, 1.125380, 1.612295
 626.000000, 2.284345, 0.387646, 0.972311, 1.403621
 683.333333, 2.512195, 0.379512, 0.859024, 1.278049
 596.333333, 2.178871, 0.386249, 0.812186, 1.249301
 581.333333, 2.301032, 0.403670, 0.893922, 1.348624
 615.333333, 2.078548, 0.335861, 0.748104, 1.127844
 650.333333, 2.168119, 0.319836, 0.793952, 1.152742
 608.333333, 2.054247, 0.402192, 1.221370, 1.662466
 550.333333, 2.078740, 0.394912, 1.084191, 1.522714
 582.666667, 2.466819, 0.438215, 0.963387, 1.450229
 642.333333, 2.325376, 0.377270, 0.890503, 1.312922
 600.333333, 2.408107, 0.418101, 0.970572, 1.443087
7
 0.250000, 8.000000, 0.000000, 42.000000, 149.000000
 534.333333, 2.270742, 0.563319, 1.040549, 1.743606
 672.666667, 2.356293, 0.389495, 0.817146, 1.255699
 619.666667, 2.578806, 0.432491, 1.005917, 1.483055
 541.333333, 2.770936, 0.506773, 1.214901, 1.764163
 646.666667, 2.532990, 0.413402, 0.973196, 1.437113
 781.333333, 1.980375, 0.302474, 0.690700, 1.035410
 633.000000, 2.374934, 0.411796, 0.941548, 1.399684
 550.333333, 2.573592, 0.450030, 1.113870, 1.608116
 632.333333, 2.335793, 0.394307, 0.969953, 1.409594
 682.666667, 2.349121, 0.377930, 0.866699, 1.284180
 597.666667, 2.185722, 0.373675, 0.809816, 1.237591
 586.000000, 2.188282, 0.402730, 0.896473, 1.348123
 625.666667, 2.068194, 0.329782, 0.742142, 1.114012
 655.000000, 2.119084, 0.316539, 0.776590, 1.133333
 587.000000, 1.951732, 0.399205, 1.253833, 1.693356
 554.666667, 2.117188, 0.407452, 1.079327, 1.528245
 584.000000, 2.484018, 0.432648, 0.960046, 1.438356
 644.000000, 2.362319, 0.368530, 0.892340, 1.306418
 605.333333, 2.517070, 0.390969, 0.970264, 1.411894
Histogram
0 0 0 0 0 0 0 0 0 0 8 16 23 21 45 9 13 17 0 0 0 0 0 0 0 0 0 0 0 0 0 0 0 0 0 0 0 0 0 0 0 0 0 0 0 0 0 0 0 0 0 0 0 0 0 0 0 0 0 0 0 0 0 0 0 0 0 0 0 0 0 0 0 0 0 0 0 0 0 0 0 0 0 0 0 0 0 0 0 0 0 0 0 0 0 0 0 0 0 0 0 0 0 0 0 0 0 0 0 0 0 0 0 0 0 0 0 0 0 8 
Cache Miss Ratio
0.0
numOfSets
0
numOfGets
294687
numOfMultiGets
0
