20
0
 0.250000, 10.000000, 0.000000, 12.000000, 141.000000
 520.666667, 5.317542, 1.314981, 1.295775, 2.747119
 629.333333, 5.155191, 0.912606, 1.075742, 2.042903
 691.333333, 4.944069, 0.784957, 0.967213, 1.795082
 644.666667, 5.126680, 0.857808, 1.051189, 1.953464
 612.666667, 4.906420, 0.899891, 1.196953, 2.141458
 704.000000, 4.838068, 0.734375, 0.913352, 1.687973
 691.000000, 4.891462, 0.742885, 0.947902, 1.738061
 690.666667, 4.891892, 0.741795, 0.950290, 1.734556
 643.333333, 5.093782, 0.791710, 1.008290, 1.840415
 669.666667, 5.209557, 0.809856, 1.010453, 1.863614
 642.333333, 5.113648, 0.818371, 1.017125, 1.877011
 672.000000, 5.008929, 0.745040, 0.902282, 1.688988
 688.000000, 4.943798, 0.735950, 0.903585, 1.679748
 722.666667, 5.128229, 0.742159, 0.941421, 1.721863
 609.000000, 5.608648, 0.982485, 1.187192, 2.211823
 685.666667, 5.043753, 0.725814, 0.929023, 1.694701
 673.666667, 4.919842, 0.783770, 0.995547, 1.821870
 660.666667, 4.915237, 0.767911, 0.992936, 1.808779
 692.666667, 4.997594, 0.743022, 0.952358, 1.737729
1
 0.250000, 12.000000, 0.000000, 3.000000, 112.000000
 514.000000, 5.223087, 1.289235, 1.276265, 2.725681
 633.000000, 5.231174, 0.948394, 1.080042, 2.081622
 695.000000, 4.840288, 0.769784, 0.955875, 1.770264
 643.000000, 5.114567, 0.843442, 1.047693, 1.937792
 606.000000, 4.821782, 0.838284, 1.216722, 2.098460
 703.000000, 4.884305, 0.735420, 0.911807, 1.690849
 706.000000, 5.010859, 0.782342, 0.943815, 1.766761
 685.666667, 5.102090, 0.763247, 0.952844, 1.759844
 645.333333, 5.043905, 0.804236, 1.013946, 1.858988
 679.333333, 5.224239, 0.816487, 0.992149, 1.855741
 641.000000, 5.243890, 0.853354, 1.019241, 1.922517
 661.333333, 4.849294, 0.672883, 0.901714, 1.619456
 684.666667, 4.966407, 0.730769, 0.907984, 1.675755
 725.333333, 5.110754, 0.767004, 0.938419, 1.744485
 607.000000, 5.629874, 0.950577, 1.185612, 2.176826
 691.000000, 5.029426, 0.727448, 0.930053, 1.700434
 676.666667, 4.883251, 0.766502, 0.979803, 1.789163
 666.333333, 4.892446, 0.746873, 0.991496, 1.783892
 694.333333, 4.975996, 0.741239, 0.959193, 1.744599
2
 0.250000, 12.000000, 0.000000, 11.000000, 126.000000
 525.666667, 5.216233, 1.326569, 1.268231, 2.743183
 625.000000, 5.151467, 0.906133, 1.098667, 2.056000
 701.333333, 4.973384, 0.778992, 0.962928, 1.784696
 639.666667, 4.961438, 0.821782, 1.054716, 1.921834
 608.000000, 4.916118, 0.865680, 1.208333, 2.121711
 704.333333, 4.869380, 0.717937, 0.908661, 1.666824
 698.000000, 4.907832, 0.744986, 0.953677, 1.741165
 691.666667, 4.916627, 0.706988, 0.949880, 1.696867
 642.000000, 4.998442, 0.800104, 1.005192, 1.850467
 677.000000, 5.118661, 0.784835, 0.990645, 1.823732
 642.000000, 5.114226, 0.813084, 1.016096, 1.882658
 666.333333, 4.885443, 0.721861, 0.906953, 1.667334
 679.333333, 4.905790, 0.726202, 0.927380, 1.690383
 716.000000, 5.056797, 0.742086, 0.943669, 1.723929
 604.666667, 5.651599, 0.985116, 1.197354, 2.222161
 691.333333, 5.000000, 0.738187, 0.923819, 1.701061
 679.333333, 4.875368, 0.776742, 0.988224, 1.807164
 666.666667, 4.888500, 0.745500, 0.982500, 1.770500
 692.333333, 5.006259, 0.746750, 0.942706, 1.734232
3
 0.250000, 7.000000, 0.000000, 9.000000, 140.000000
 521.000000, 5.299424, 1.238004, 1.295585, 2.681382
 633.666667, 5.258285, 0.882693, 1.081536, 2.021568
 696.000000, 4.785441, 0.777299, 0.964080, 1.786877
 641.000000, 4.968799, 0.821633, 1.045242, 1.919397
 612.000000, 4.952614, 0.915033, 1.203159, 2.163399
 708.333333, 4.823059, 0.730353, 0.911059, 1.682353
 697.000000, 4.912482, 0.736968, 0.949307, 1.734577
 679.666667, 4.795488, 0.712604, 0.962727, 1.717999
 638.666667, 5.031315, 0.800626, 1.013570, 1.860125
 676.666667, 5.155172, 0.817734, 1.001970, 1.865517
 641.000000, 5.113885, 0.831513, 1.020801, 1.897556
 664.000000, 4.885542, 0.701305, 0.912149, 1.652610
 673.666667, 4.882237, 0.719446, 0.921821, 1.681346
 724.000000, 5.165285, 0.760589, 0.939227, 1.738950
 611.333333, 5.627590, 1.011996, 1.182116, 2.236096
 693.666667, 4.857280, 0.724652, 0.924556, 1.695339
 685.000000, 4.867640, 0.807786, 0.981995, 1.831144
 666.666667, 4.772500, 0.758500, 0.989000, 1.792000
 693.666667, 5.018260, 0.732340, 0.956271, 1.738107
4
 0.250000, 10.000000, 1.000000, 10.000000, 128.000000
 525.666667, 5.377299, 1.251110, 1.281547, 2.688649
 638.000000, 5.145768, 0.875131, 1.062173, 1.989028
 694.000000, 4.951969, 0.788184, 0.964938, 1.801153
 638.000000, 4.991641, 0.848485, 1.059561, 1.952978
 611.666667, 4.963488, 0.892643, 1.192371, 2.126431
 703.000000, 4.831674, 0.739213, 0.917022, 1.697013
 700.666667, 5.000476, 0.735490, 0.938630, 1.717412
 689.666667, 4.842436, 0.748188, 0.956501, 1.746738
 640.333333, 5.059344, 0.802186, 1.004685, 1.851640
 675.666667, 5.264430, 0.806611, 1.003947, 1.855945
 644.333333, 5.045008, 0.813761, 1.019141, 1.878427
 657.333333, 4.877789, 0.668864, 0.912779, 1.621197
 685.000000, 4.970316, 0.733820, 0.915815, 1.689051
 719.333333, 5.122799, 0.749768, 0.941613, 1.728916
 612.333333, 5.670114, 1.000544, 1.183996, 2.223190
 697.000000, 5.061215, 0.746055, 0.928264, 1.714491
 676.333333, 4.841301, 0.777230, 0.985707, 1.803844
 666.666667, 4.807000, 0.761500, 0.990500, 1.794000
 691.333333, 5.046287, 0.727097, 0.954677, 1.724204
5
 0.250000, 6.000000, 0.000000, 11.000000, 137.000000
 531.000000, 5.324545, 1.290647, 1.303202, 2.721281
 627.000000, 5.165869, 0.898990, 1.076555, 2.036683
 694.000000, 4.902017, 0.782901, 0.963977, 1.792507
 642.666667, 5.009855, 0.836618, 1.046162, 1.925311
 615.000000, 4.960976, 0.928997, 1.190786, 2.166396
 716.333333, 4.868311, 0.730572, 0.908795, 1.679851
 698.333333, 4.891169, 0.737947, 0.946539, 1.726969
 693.000000, 4.859067, 0.740260, 0.952862, 1.734007
 646.333333, 5.159876, 0.848375, 1.002579, 1.891181
 675.333333, 5.221125, 0.808490, 0.992596, 1.849951
 648.333333, 5.017481, 0.793830, 1.013882, 1.850386
 659.000000, 4.810824, 0.712696, 0.906424, 1.662114
 681.333333, 4.863503, 0.731409, 0.916341, 1.685421
 714.666667, 5.029851, 0.743937, 0.946362, 1.728078
 610.333333, 5.558711, 0.998362, 1.194975, 2.233752
 697.333333, 4.919694, 0.714149, 0.917304, 1.675908
 671.000000, 4.783408, 0.773969, 1.000000, 1.815698
 665.333333, 4.889780, 0.751503, 0.995491, 1.791082
 688.333333, 5.160291, 0.762712, 0.963196, 1.770460
6
 0.250000, 12.000000, 0.000000, 11.000000, 123.000000
 518.000000, 5.227799, 1.295367, 1.305663, 2.750322
 622.666667, 5.231799, 0.895610, 1.087259, 2.037473
 692.666667, 4.840231, 0.760346, 0.965351, 1.774302
 640.666667, 4.979709, 0.824662, 1.046826, 1.917794
 604.333333, 4.953668, 0.916713, 1.211252, 2.176503
 702.333333, 4.856668, 0.731846, 0.917893, 1.690081
 695.666667, 4.955438, 0.734068, 0.951126, 1.728318
 690.333333, 4.936263, 0.721391, 0.945920, 1.707388
 636.333333, 5.073337, 0.803562, 1.015191, 1.861184
 675.333333, 5.211747, 0.811945, 0.999013, 1.857354
 644.333333, 5.061045, 0.839110, 1.020176, 1.903777
 669.333333, 4.944223, 0.710159, 0.914841, 1.664841
 685.333333, 4.832198, 0.715953, 0.905156, 1.660019
 724.000000, 5.088398, 0.758748, 0.927716, 1.724678
 611.333333, 5.609051, 0.983642, 1.196292, 2.219738
 698.666667, 5.016221, 0.730916, 0.916031, 1.688931
 671.666667, 4.960298, 0.786104, 0.997519, 1.823821
 660.666667, 4.920283, 0.760343, 0.989909, 1.795156
 691.666667, 5.006747, 0.750843, 0.941205, 1.740241
7
 0.250000, 7.000000, 0.000000, 13.000000, 137.000000
 524.000000, 5.235369, 1.265903, 1.298982, 2.707379
 629.000000, 5.131426, 0.927398, 1.075252, 2.058824
 695.000000, 4.832614, 0.780815, 0.962590, 1.789448
 641.000000, 5.092044, 0.852834, 1.047842, 1.945918
 601.666667, 4.939612, 0.885319, 1.213850, 2.145152
 705.333333, 4.853025, 0.715028, 0.908318, 1.666824
 709.000000, 4.933709, 0.771509, 0.943583, 1.755994
 691.666667, 4.875663, 0.730602, 0.952289, 1.728193
 646.000000, 4.976780, 0.811146, 0.999484, 1.849845
 673.000000, 5.326895, 0.830609, 0.998019, 1.878158
 641.666667, 5.067532, 0.816104, 1.028052, 1.888312
 668.000000, 4.929142, 0.727046, 0.910679, 1.677645
 683.666667, 4.919551, 0.708435, 0.914188, 1.660166
 713.666667, 5.203643, 0.753853, 0.949556, 1.744979
 612.000000, 5.661765, 0.985839, 1.189542, 2.220588
 699.333333, 5.068160, 0.723070, 0.926120, 1.687798
 676.666667, 4.800000, 0.754680, 0.980788, 1.778325
 663.000000, 4.930116, 0.773253, 0.998994, 1.813977
 686.666667, 5.039320, 0.719903, 0.961650, 1.725243
Histogram
0 0 0 0 0 0 0 0 0 0 0 0 0 0 0 0 30 49 31 11 8 8 7 0 0 0 2 6 0 0 0 0 0 0 0 0 0 0 0 0 0 0 0 0 0 0 0 0 0 0 0 0 0 0 0 0 0 0 0 0 0 0 0 0 0 0 0 0 0 0 0 0 0 0 0 0 0 0 0 0 0 0 0 0 0 0 0 0 0 0 0 0 0 0 0 0 0 0 0 0 0 0 0 0 0 0 0 0 0 0 0 0 0 0 0 0 0 0 0 8 
Cache Miss Ratio
0.0
numOfSets
0
numOfGets
315712
numOfMultiGets
0
