20
0
 0.250000, 20.000000, 0.000000, 2.000000, 49.000000
 631.666667, 12.869129, 1.676517, 0.754090, 2.487599
 655.666667, 12.844942, 1.283172, 0.665989, 1.967463
 616.000000, 12.130411, 1.248918, 0.690476, 1.957251
 645.000000, 11.966408, 1.222222, 0.664083, 1.909561
 691.000000, 12.518090, 1.144718, 0.643512, 1.811867
 639.333333, 12.262774, 1.405109, 0.777894, 2.199687
 635.000000, 11.891864, 1.216273, 0.721785, 1.959055
 655.333333, 12.764496, 1.395727, 0.758393, 2.171414
 608.000000, 12.781250, 1.569079, 0.862390, 2.450110
 693.000000, 12.053872, 1.212121, 0.658971, 1.888889
 640.666667, 12.385016, 1.492716, 0.798127, 2.308012
 624.666667, 12.503735, 1.584312, 0.894877, 2.501067
 661.333333, 12.354335, 1.544859, 0.783266, 2.345262
 672.333333, 12.254834, 1.432821, 0.769955, 2.219137
 666.000000, 12.572072, 1.332833, 0.709209, 2.060561
 664.333333, 12.228299, 1.508781, 0.794280, 2.322127
 527.666667, 12.392293, 2.233733, 1.193936, 3.452306
 618.000000, 12.481661, 1.497843, 0.810680, 2.329558
 546.666667, 12.493293, 1.882927, 1.087805, 2.987195
1
 0.250000, 24.000000, 1.000000, 9.000000, 47.000000
 633.666667, 12.713835, 1.674382, 0.761178, 2.486586
 630.666667, 12.027484, 1.270613, 0.693975, 1.982030
 614.000000, 12.172096, 1.247014, 0.692182, 1.958198
 635.666667, 11.791295, 1.200839, 0.679601, 1.902465
 691.333333, 12.518804, 1.162488, 0.645130, 1.825458
 633.666667, 12.239874, 1.382430, 0.780116, 2.178327
 645.333333, 12.211777, 1.230372, 0.724174, 1.972107
 658.666667, 12.603239, 1.388664, 0.747976, 2.154352
 609.000000, 12.553366, 1.625616, 0.855501, 2.509031
 685.666667, 12.249392, 1.212445, 0.664074, 1.898882
 639.333333, 12.463504, 1.507299, 0.802920, 2.334202
 634.000000, 12.568875, 1.636172, 0.867508, 2.523659
 661.666667, 12.568766, 1.538539, 0.785390, 2.342065
 686.666667, 12.986408, 1.437864, 0.764563, 2.223301
 669.666667, 12.725734, 1.326531, 0.708313, 2.056247
 666.666667, 12.487000, 1.532000, 0.800500, 2.363500
 526.000000, 12.552598, 2.298479, 1.192015, 3.508238
 627.666667, 12.666490, 1.502921, 0.797132, 2.317578
 568.666667, 13.505275, 1.941970, 1.053927, 3.014654
2
 0.250000, 20.000000, 1.000000, 1.000000, 49.000000
 622.000000, 12.507503, 1.663451, 0.752412, 2.481243
 633.000000, 12.168510, 1.274882, 0.680358, 1.975777
 613.666667, 12.003259, 1.235198, 0.691472, 1.947854
 645.333333, 11.838326, 1.173554, 0.672004, 1.863636
 690.333333, 12.375181, 1.167069, 0.645099, 1.834380
 634.000000, 12.213985, 1.416404, 0.775499, 2.208728
 639.666667, 11.967692, 1.313184, 0.719125, 2.053674
 653.333333, 12.189286, 1.385714, 0.759184, 2.161224
 604.333333, 12.429675, 1.580254, 0.865968, 2.463872
 703.666667, 12.425391, 1.212695, 0.641876, 1.878257
 642.000000, 12.394081, 1.471443, 0.797508, 2.285566
 628.333333, 12.700265, 1.633952, 0.883820, 2.536870
 657.333333, 12.402130, 1.534990, 0.786511, 2.338742
 672.333333, 12.366386, 1.440258, 0.780367, 2.237481
 664.333333, 12.640241, 1.329654, 0.713497, 2.061716
 658.333333, 12.214177, 1.514937, 0.813165, 2.347342
 524.000000, 12.661578, 2.115140, 1.198473, 3.331425
 617.333333, 12.243521, 1.511879, 0.803456, 2.340173
 554.333333, 12.786530, 1.918220, 1.073361, 3.009020
3
 0.250000, 21.000000, 0.000000, 10.000000, 48.000000
 612.666667, 12.361262, 1.678455, 0.754081, 2.496192
 646.666667, 12.803608, 1.290722, 0.673711, 1.982990
 624.333333, 12.536572, 1.247197, 0.680726, 1.949813
 643.333333, 11.770466, 1.207254, 0.670466, 1.900518
 690.000000, 12.211594, 1.173913, 0.648792, 1.838647
 635.333333, 12.396642, 1.405037, 0.778069, 2.199895
 640.000000, 11.843229, 1.247396, 0.726563, 1.992188
 654.000000, 12.622324, 1.379715, 0.755861, 2.152396
 614.333333, 12.804666, 1.479110, 0.854042, 2.358112
 691.333333, 12.547252, 1.206847, 0.660559, 1.891514
 634.000000, 12.677182, 1.447950, 0.807045, 2.278654
 617.000000, 12.175581, 1.562399, 0.890870, 2.474338
 659.333333, 12.708291, 1.526289, 0.786148, 2.334176
 694.333333, 13.045607, 1.440711, 0.740759, 2.203553
 674.666667, 12.938241, 1.313735, 0.701087, 2.033597
 663.000000, 12.596782, 1.508296, 0.790347, 2.320261
 527.666667, 12.452306, 2.127606, 1.187618, 3.337966
 618.666667, 12.248384, 1.498384, 0.813578, 2.329203
 545.000000, 12.482569, 1.786544, 1.027523, 2.885627
4
 0.250000, 22.000000, 0.000000, 9.000000, 48.000000
 631.333333, 12.136220, 1.700634, 0.732313, 2.502112
 625.000000, 11.993600, 1.269333, 0.692267, 1.984533
 616.000000, 12.033009, 1.257576, 0.689394, 1.965368
 653.666667, 12.249873, 1.236614, 0.660887, 1.917389
 687.333333, 12.358390, 1.167798, 0.649855, 1.835597
 631.333333, 12.103485, 1.409715, 0.783527, 2.209609
 647.666667, 12.046320, 1.292846, 0.723109, 2.031909
 653.666667, 12.364100, 1.385008, 0.752677, 2.154003
 607.000000, 12.675453, 1.617243, 0.854476, 2.496431
 702.333333, 12.659706, 1.196013, 0.646417, 1.863787
 629.000000, 12.242713, 1.443561, 0.799152, 2.278749
 622.333333, 12.244778, 1.613283, 0.887520, 2.521157
 657.666667, 12.428789, 1.539787, 0.792701, 2.350735
 679.000000, 12.523810, 1.425626, 0.762396, 2.205204
 661.000000, 12.348966, 1.331316, 0.714070, 2.067574
 658.333333, 12.337722, 1.499747, 0.814177, 2.332152
 536.333333, 12.811063, 2.106277, 1.135488, 3.289621
 622.666667, 12.495717, 1.491435, 0.802998, 2.316916
 552.000000, 12.587560, 1.866546, 1.074275, 2.957729
5
 0.250000, 23.000000, 0.000000, 8.000000, 47.000000
 631.333333, 12.900211, 1.692714, 0.748152, 2.502112
 634.666667, 12.160189, 1.274685, 0.688550, 1.979517
 611.333333, 12.160305, 1.231734, 0.695747, 1.947655
 646.333333, 11.752450, 1.183600, 0.668901, 1.874162
 687.666667, 12.077072, 1.172079, 0.649540, 1.838585
 631.000000, 12.079768, 1.400951, 0.783941, 2.207607
 638.000000, 11.755486, 1.245559, 0.728840, 1.993730
 653.333333, 12.186224, 1.403061, 0.763776, 2.184184
 597.666667, 12.146682, 1.700502, 0.868935, 2.592861
 703.000000, 12.514462, 1.210526, 0.646752, 1.877193
 637.000000, 12.311355, 1.448456, 0.797488, 2.263213
 624.000000, 12.479701, 1.587607, 0.885150, 2.493590
 666.666667, 12.878000, 1.555500, 0.782000, 2.359500
 673.666667, 12.314696, 1.440871, 0.770905, 2.228105
 677.666667, 12.925726, 1.323660, 0.699951, 2.046237
 658.333333, 11.970633, 1.517975, 0.802025, 2.336709
 526.000000, 12.295311, 2.179341, 1.195184, 3.390368
 621.000000, 12.340848, 1.500268, 0.808910, 2.326892
 558.000000, 12.759857, 1.973118, 1.062127, 3.051971
6
 0.250000, 23.000000, 0.000000, 9.000000, 48.000000
 634.666667, 12.755252, 1.678571, 0.748424, 2.482143
 627.666667, 12.019649, 1.232608, 0.682953, 1.933617
 616.000000, 12.308983, 1.277597, 0.693182, 1.989177
 648.333333, 11.907455, 1.190231, 0.665810, 1.874036
 693.333333, 12.321154, 1.168750, 0.641827, 1.831250
 637.666667, 12.352326, 1.412441, 0.773131, 2.204391
 649.666667, 12.435095, 1.252437, 0.711134, 1.982042
 649.666667, 12.112365, 1.398153, 0.766547, 2.185223
 613.666667, 12.661054, 1.618142, 0.849538, 2.485606
 689.666667, 12.199613, 1.193330, 0.660222, 1.869019
 636.000000, 12.709119, 1.451782, 0.805031, 2.275681
 634.000000, 12.431651, 1.592008, 0.869611, 2.482124
 649.333333, 12.320842, 1.522074, 0.797228, 2.340862
 679.333333, 12.612365, 1.441609, 0.762022, 2.224730
 667.000000, 12.604698, 1.334333, 0.707646, 2.060970
 657.666667, 11.940699, 1.512418, 0.824126, 2.358844
 539.000000, 12.940012, 2.124304, 1.167594, 3.309215
 623.000000, 12.587480, 1.481541, 0.796683, 2.296415
 555.000000, 12.625826, 1.963363, 1.079279, 3.059459
7
 0.250000, 23.000000, 0.000000, 8.000000, 47.000000
 640.333333, 12.862051, 1.672046, 0.750130, 2.481520
 633.000000, 12.036862, 1.266456, 0.665613, 1.965771
 617.333333, 12.093952, 1.247840, 0.692765, 1.960043
 652.666667, 12.227273, 1.206333, 0.661900, 1.889173
 692.333333, 12.304285, 1.160327, 0.647569, 1.825710
 635.666667, 12.353435, 1.413214, 0.777137, 2.211851
 643.333333, 12.047668, 1.315026, 0.724352, 2.058031
 658.666667, 12.241903, 1.403846, 0.745951, 2.172571
 601.666667, 12.341274, 1.621053, 0.861496, 2.503601
 697.333333, 12.448375, 1.206979, 0.650096, 1.874761
 641.000000, 12.802392, 1.441498, 0.793032, 2.260010
 624.666667, 12.540555, 1.618997, 0.886339, 2.522946
 659.333333, 12.357937, 1.518706, 0.789181, 2.329626
 687.666667, 12.839069, 1.436743, 0.759089, 2.213766
 668.333333, 12.701746, 1.320698, 0.704738, 2.044389
 662.666667, 11.953219, 1.509557, 0.797284, 2.324950
 538.000000, 13.118959, 2.260223, 1.164808, 3.443618
 621.000000, 12.268384, 1.502952, 0.807837, 2.330649
 547.666667, 12.459525, 1.888618, 1.072428, 2.990870
Histogram
0 0 0 0 0 0 0 0 0 0 0 0 0 0 0 0 0 0 20 25 11 11 20 26 13 10 0 0 1 3 4 0 1 4 2 1 0 0 0 0 0 0 0 0 0 0 0 0 0 0 0 0 0 0 0 0 0 0 0 0 0 0 0 0 0 0 0 0 0 0 0 0 0 0 0 0 0 0 0 0 0 0 0 0 0 0 0 0 0 0 0 0 0 0 0 0 0 0 0 0 0 0 0 0 0 0 0 0 0 0 0 0 0 0 0 0 0 0 0 8 
Cache Miss Ratio
0.0
numOfSets
0
numOfGets
305264
numOfMultiGets
0
