20
0
 0.250000, 12.000000, 0.000000, 1.000000, 70.000000
 415.333333, 5.109149, 1.345907, 1.076244, 2.511236
 535.333333, 4.698630, 0.584060, 0.742217, 1.342466
 515.000000, 4.319741, 0.587702, 0.757929, 1.368285
 520.666667, 4.759923, 0.587068, 0.793214, 1.398207
 578.000000, 4.934833, 0.640715, 0.682238, 1.341984
 597.000000, 4.654941, 0.560022, 0.681742, 1.256840
 552.333333, 4.446590, 0.502716, 0.665057, 1.191310
 534.333333, 5.044916, 0.695571, 0.725515, 1.441672
 602.333333, 4.693968, 0.513005, 0.594355, 1.126176
 491.333333, 4.491859, 0.554274, 0.680461, 1.253053
 510.333333, 4.650555, 0.582626, 0.676029, 1.275637
 497.000000, 4.544601, 0.570087, 0.704896, 1.317907
 455.333333, 4.496340, 0.557101, 0.794290, 1.371889
 568.666667, 4.426143, 0.495897, 0.594959, 1.116647
 675.333333, 4.531589, 0.533564, 0.532083, 1.084896
 578.666667, 5.172235, 0.699885, 0.726382, 1.447005
 599.000000, 4.905954, 0.612688, 0.657763, 1.286032
 571.666667, 4.591837, 0.549271, 0.673469, 1.244898
 580.333333, 4.470419, 0.518667, 0.588742, 1.124067
1
 0.250000, 7.000000, 2.000000, 6.000000, 71.000000
 403.666667, 4.821635, 1.333609, 1.076796, 2.516102
 524.333333, 4.654800, 0.579148, 0.717737, 1.315321
 541.666667, 4.728000, 0.657231, 0.760000, 1.436308
 543.666667, 5.095647, 0.674433, 0.787860, 1.478234
 569.000000, 4.850029, 0.623902, 0.691857, 1.332162
 586.666667, 4.580114, 0.559091, 0.675568, 1.250568
 563.000000, 4.628774, 0.548845, 0.656009, 1.233274
 545.333333, 5.158313, 0.680318, 0.729218, 1.429707
 601.333333, 4.795455, 0.507761, 0.589800, 1.125277
 510.333333, 4.676682, 0.579360, 0.645983, 1.243632
 504.000000, 4.361111, 0.546958, 0.677910, 1.247354
 504.666667, 4.577939, 0.605680, 0.722589, 1.350727
 479.333333, 4.904729, 0.664117, 0.767733, 1.454103
 580.000000, 4.477586, 0.516667, 0.592529, 1.126437
 675.666667, 4.572274, 0.533794, 0.537741, 1.093241
 544.333333, 4.771586, 0.593999, 0.738518, 1.349051
 580.666667, 4.623421, 0.548794, 0.668772, 1.236510
 604.666667, 4.900772, 0.638368, 0.656009, 1.316979
 579.333333, 4.402762, 0.531646, 0.572497, 1.134062
2
 0.250000, 11.000000, 2.000000, 8.000000, 71.000000
 447.000000, 5.653244, 1.400447, 1.036540, 2.519016
 570.666667, 5.137266, 0.654790, 0.673481, 1.348131
 540.000000, 4.763580, 0.652469, 0.749383, 1.421605
 557.666667, 5.127316, 0.725643, 0.780036, 1.523610
 579.000000, 4.920553, 0.639609, 0.686816, 1.343696
 597.333333, 4.701451, 0.609375, 0.684710, 1.311384
 567.000000, 4.644327, 0.576720, 0.671370, 1.265726
 536.666667, 5.253416, 0.665217, 0.745342, 1.429193
 594.666667, 4.542040, 0.470852, 0.588004, 1.076794
 511.000000, 4.622962, 0.586432, 0.652968, 1.257012
 516.333333, 4.506779, 0.601679, 0.675274, 1.293092
 506.333333, 4.559579, 0.593812, 0.735352, 1.344964
 466.000000, 4.653791, 0.604435, 0.781831, 1.401288
 567.333333, 4.279083, 0.502938, 0.605758, 1.128672
 556.333333, 3.491911, 0.414620, 0.603355, 1.047334
 547.000000, 4.861670, 0.589275, 0.741621, 1.355881
 582.000000, 4.884880, 0.623139, 0.669530, 1.310424
 600.333333, 4.911160, 0.605219, 0.660744, 1.282621
 576.000000, 4.421875, 0.528935, 0.594907, 1.141204
3
 0.250000, 10.000000, 2.000000, 7.000000, 71.000000
 405.666667, 4.954807, 1.359080, 1.104355, 2.564503
 519.666667, 4.608724, 0.542656, 0.699166, 1.266196
 535.666667, 4.790292, 0.670815, 0.761045, 1.451773
 523.666667, 4.698281, 0.639083, 0.796308, 1.451941
 560.000000, 4.666071, 0.597619, 0.689881, 1.304167
 585.333333, 4.417426, 0.502278, 0.678815, 1.199886
 571.000000, 4.603036, 0.572680, 0.674256, 1.266200
 510.666667, 4.562663, 0.559399, 0.738251, 1.319843
 605.333333, 4.806167, 0.536344, 0.595264, 1.159692
 493.333333, 4.567568, 0.560135, 0.656757, 1.244595
 508.666667, 4.494102, 0.583879, 0.681520, 1.283748
 520.000000, 4.719872, 0.636538, 0.717308, 1.375641
 481.000000, 4.948025, 0.638947, 0.767845, 1.437976
 617.666667, 4.885051, 0.558554, 0.591473, 1.166757
 622.333333, 4.199250, 0.492234, 0.581146, 1.094804
 552.333333, 4.920941, 0.646952, 0.744719, 1.411587
 592.333333, 4.845808, 0.576815, 0.665166, 1.258301
 575.000000, 4.613333, 0.580870, 0.669565, 1.272464
 573.333333, 4.284884, 0.465116, 0.575581, 1.075581
4
 0.250000, 10.000000, 5.000000, 7.000000, 67.000000
 413.000000, 5.025020, 1.313963, 1.079096, 2.502825
 547.666667, 4.841144, 0.590383, 0.686549, 1.303713
 575.000000, 5.124638, 0.736232, 0.746667, 1.500290
 519.666667, 4.725465, 0.664529, 0.809493, 1.490699
 554.666667, 4.859375, 0.613582, 0.799880, 1.441106
 596.666667, 4.729050, 0.610056, 0.684916, 1.313966
 565.000000, 4.679646, 0.574631, 0.627729, 1.228909
 500.000000, 4.500667, 0.559333, 0.742667, 1.328667
 607.333333, 4.802964, 0.515917, 0.594951, 1.128979
 501.000000, 4.550233, 0.540253, 0.656021, 1.222888
 506.000000, 4.372859, 0.563900, 0.681818, 1.266798
 531.333333, 5.041405, 0.673777, 0.718946, 1.416562
 491.000000, 5.085540, 0.689070, 0.765105, 1.469790
 591.333333, 4.495490, 0.514092, 0.591883, 1.121759
 633.333333, 4.297895, 0.474737, 0.554211, 1.047895
 513.666667, 4.199870, 0.512005, 0.760545, 1.297210
 587.333333, 4.785471, 0.612372, 0.670261, 1.299092
 593.000000, 4.915121, 0.591343, 0.662732, 1.271501
 574.333333, 4.320952, 0.504353, 0.594312, 1.117818
5
 0.250000, 12.000000, 5.000000, 5.000000, 66.000000
 411.666667, 5.043725, 1.368421, 1.064777, 2.515789
 578.000000, 5.260669, 0.676471, 0.664360, 1.361015
 568.333333, 5.170674, 0.739589, 0.756598, 1.520235
 548.333333, 5.246201, 0.682675, 0.777508, 1.482675
 538.333333, 4.404954, 0.524458, 0.700310, 1.240867
 586.666667, 4.457386, 0.564205, 0.689773, 1.269886
 563.000000, 4.400237, 0.528123, 0.645944, 1.193606
 534.000000, 4.898252, 0.649813, 0.722846, 1.389513
 587.000000, 4.419080, 0.457127, 0.597388, 1.072118
 485.000000, 4.509278, 0.562199, 0.684536, 1.263918
 510.666667, 4.533943, 0.601828, 0.681462, 1.306136
 501.666667, 4.461130, 0.583389, 0.708306, 1.307641
 475.000000, 4.766316, 0.653333, 0.780351, 1.449825
 589.000000, 4.536503, 0.510470, 0.589700, 1.116582
 638.333333, 4.368668, 0.504961, 0.550914, 1.076240
 538.666667, 4.645421, 0.582302, 0.741955, 1.349629
 566.000000, 4.574794, 0.560071, 0.684335, 1.260895
 560.333333, 4.551457, 0.558596, 0.688281, 1.264723
 577.666667, 4.481246, 0.503174, 0.584535, 1.111945
6
 0.250000, 12.000000, 5.000000, 1.000000, 65.000000
 420.000000, 5.180159, 1.346825, 1.076190, 2.503968
 469.000000, 3.684435, 0.427150, 0.730633, 1.183369
 559.333333, 4.937426, 0.678784, 0.739571, 1.434446
 525.666667, 4.929613, 0.672162, 0.802156, 1.490805
 539.333333, 4.372682, 0.522250, 0.705192, 1.252163
 599.333333, 4.641824, 0.575640, 0.674638, 1.270857
 565.000000, 4.624779, 0.554572, 0.639528, 1.213569
 544.000000, 5.042892, 0.648284, 0.713848, 1.383578
 576.666667, 4.359538, 0.447977, 0.603468, 1.068786
 488.666667, 4.473397, 0.526603, 0.676671, 1.220327
 508.000000, 4.495407, 0.590551, 0.681759, 1.295932
 503.666667, 4.500993, 0.591661, 0.727333, 1.335539
 463.666667, 4.656362, 0.638390, 0.791517, 1.446441
 567.333333, 4.287309, 0.452996, 0.614571, 1.088132
 635.666667, 4.297326, 0.492921, 0.542213, 1.057158
 562.333333, 4.963841, 0.656194, 0.723177, 1.396562
 556.333333, 4.402037, 0.502696, 0.691432, 1.214500
 579.333333, 4.748562, 0.563867, 0.676640, 1.258343
 571.666667, 4.451312, 0.510204, 0.596501, 1.123615
7
 0.250000, 8.000000, 5.000000, 7.000000, 66.000000
 420.666667, 5.322504, 1.300317, 1.070523, 2.462758
 540.000000, 4.643210, 0.567284, 0.687654, 1.270988
 545.333333, 4.958435, 0.688875, 0.751834, 1.465770
 530.000000, 5.010063, 0.683648, 0.794340, 1.494340
 572.333333, 4.965638, 0.605708, 0.677344, 1.304601
 593.000000, 4.702080, 0.571669, 0.678471, 1.266442
 569.000000, 4.676626, 0.555946, 0.646163, 1.222027
 522.333333, 4.744097, 0.620294, 0.736439, 1.373325
 578.666667, 4.505760, 0.471774, 0.599654, 1.092742
 496.333333, 4.599731, 0.554063, 0.677636, 1.248489
 519.000000, 4.543353, 0.599872, 0.672447, 1.289017
 527.666667, 5.149084, 0.670246, 0.718256, 1.407454
 466.000000, 4.590844, 0.585837, 0.790415, 1.393419
 586.666667, 4.564773, 0.508523, 0.596591, 1.122159
 586.000000, 3.919226, 0.426621, 0.593288, 1.039249
 541.000000, 4.867529, 0.612446, 0.740604, 1.383241
 576.333333, 4.657606, 0.522846, 0.665124, 1.209370
 563.000000, 4.453523, 0.529307, 0.682652, 1.238011
 570.333333, 4.297487, 0.497954, 0.587376, 1.105202
Histogram
0 0 0 0 0 0 0 0 0 0 14 22 45 35 25 3 0 0 0 0 0 0 0 0 1 7 0 0 0 0 0 0 0 0 0 0 0 0 0 0 0 0 0 0 0 0 0 0 0 0 0 0 0 0 0 0 0 0 0 0 0 0 0 0 0 0 0 0 0 0 0 0 0 0 0 0 0 0 0 0 0 0 0 0 0 0 0 0 0 0 0 0 0 0 0 0 0 0 0 0 0 0 0 0 0 0 0 0 0 0 0 0 0 0 0 0 0 0 0 8 
Cache Miss Ratio
0.0
numOfSets
0
numOfGets
261940
numOfMultiGets
0
