20
0
 0.250000, 0.000000, 6.000000, 9.000000, 97.000000
 82.666667, 6.915323, 1.705645, 1.387097, 3.197581
 91.666667, 2.200000, 0.498182, 1.407273, 1.927273
 83.666667, 1.764940, 0.247012, 0.956175, 1.227092
 91.333333, 2.273723, 0.401460, 1.043796, 1.467153
 83.666667, 1.470120, 0.247012, 1.099602, 1.370518
 90.666667, 1.250000, 0.264706, 1.305147, 1.591912
 89.666667, 1.899628, 0.338290, 1.319703, 1.680297
 78.666667, 1.228814, 0.296610, 2.033898, 2.355932
 87.333333, 1.278626, 0.259542, 1.568702, 1.851145
 73.666667, 1.809955, 0.402715, 2.565611, 2.990950
 85.666667, 1.249027, 0.295720, 1.540856, 1.859922
 91.000000, 1.362637, 0.315018, 1.366300, 1.703297
 81.666667, 1.334694, 0.338776, 1.783673, 2.142857
 88.333333, 1.211321, 0.245283, 1.298113, 1.562264
 80.000000, 1.283333, 0.320833, 1.358333, 1.700000
 80.000000, 1.670833, 0.279167, 1.204167, 1.508333
 77.000000, 1.909091, 0.251082, 0.965368, 1.242424
 85.333333, 1.417969, 0.222656, 0.804688, 1.042969
 87.000000, 1.379310, 0.226054, 1.195402, 1.440613
1
 0.250000, 0.000000, 5.000000, 9.000000, 90.000000
 63.000000, 3.476190, 1.904762, 1.455026, 3.470899
 84.000000, 2.253968, 0.341270, 1.321429, 1.682540
 80.333333, 1.875519, 0.381743, 1.124481, 1.526971
 80.333333, 1.556017, 0.385892, 1.016598, 1.427386
 79.333333, 1.033613, 0.289916, 0.785714, 1.092437
 87.666667, 1.513308, 0.300380, 1.250951, 1.574144
 86.000000, 1.282946, 0.344961, 1.468992, 1.837209
 71.666667, 1.013953, 0.362791, 1.600000, 1.986047
 80.333333, 1.336100, 0.261411, 1.767635, 2.049793
 73.666667, 1.533937, 0.330317, 2.036199, 2.384615
 85.666667, 1.381323, 0.280156, 1.307393, 1.607004
 86.000000, 1.244186, 0.313953, 1.441860, 1.779070
 76.000000, 1.092105, 0.289474, 2.131579, 2.438596
 85.666667, 1.066148, 0.256809, 1.237354, 1.517510
 79.333333, 1.096639, 0.352941, 1.546218, 1.953782
 77.666667, 1.334764, 0.339056, 1.630901, 1.987124
 71.666667, 1.330233, 0.488372, 1.334884, 1.846512
 77.666667, 1.326180, 0.257511, 0.738197, 1.017167
 85.666667, 1.443580, 0.237354, 1.229572, 1.486381
2
 0.250000, 0.000000, 5.000000, 9.000000, 89.000000
 67.333333, 4.500000, 1.673267, 1.297030, 3.084158
 83.000000, 1.184739, 0.297189, 1.164659, 1.477912
 81.000000, 1.539095, 0.333333, 0.683128, 1.041152
 78.333333, 1.476596, 0.344681, 0.893617, 1.263830
 80.000000, 1.079167, 0.262500, 0.720833, 1.000000
 97.000000, 1.642612, 0.254296, 1.233677, 1.512027
 79.333333, 1.100840, 0.298319, 1.495798, 1.810924
 75.666667, 1.207048, 0.290749, 1.894273, 2.202643
 88.000000, 1.412879, 0.306818, 1.806818, 2.140152
 67.333333, 0.653465, 0.272277, 2.099010, 2.391089
 79.333333, 1.348739, 0.331933, 1.844538, 2.197479
 86.666667, 1.388462, 0.342308, 1.311538, 1.676923
 86.333333, 1.231660, 0.293436, 1.594595, 1.907336
 82.000000, 1.418699, 0.243902, 1.093496, 1.357724
 86.333333, 1.065637, 0.258687, 1.162162, 1.444015
 78.666667, 1.283898, 0.347458, 1.588983, 1.957627
 74.000000, 1.324324, 0.536036, 1.144144, 1.702703
 82.333333, 1.457490, 0.255061, 0.753036, 1.060729
 87.000000, 1.340996, 0.233716, 1.241379, 1.521073
3
 0.250000, 0.000000, 5.000000, 9.000000, 89.000000
 71.333333, 5.761682, 1.079439, 1.014019, 2.126168
 82.000000, 1.182927, 0.349593, 1.451220, 1.821138
 78.000000, 0.914530, 0.264957, 0.974359, 1.256410
 84.000000, 1.384921, 0.353175, 0.896825, 1.277778
 81.666667, 0.991837, 0.277551, 0.742857, 1.040816
 98.000000, 2.312925, 0.278912, 1.346939, 1.673469
 92.666667, 1.374101, 0.255396, 1.255396, 1.532374
 71.666667, 0.990698, 0.302326, 1.372093, 1.697674
 81.000000, 1.185185, 0.246914, 1.621399, 1.888889
 71.000000, 1.192488, 0.295775, 1.333333, 1.647887
 82.333333, 1.137652, 0.445344, 1.574899, 2.036437
 87.000000, 1.425287, 0.318008, 1.329502, 1.670498
 77.333333, 0.969828, 0.353448, 1.728448, 2.112069
 83.000000, 1.116466, 0.269076, 1.369478, 1.662651
 83.000000, 1.156627, 0.253012, 1.301205, 1.574297
 87.333333, 1.977099, 0.377863, 1.446565, 1.847328
 78.666667, 1.618644, 0.326271, 0.944915, 1.296610
 84.000000, 1.238095, 0.238095, 0.916667, 1.178571
 85.000000, 1.239216, 0.235294, 1.352941, 1.607843
4
 0.250000, 0.000000, 5.000000, 2.000000, 59.000000
 54.333333, 2.779141, 1.343558, 1.503067, 2.920245
 81.000000, 1.621399, 0.337449, 1.078189, 1.436214
 75.333333, 1.362832, 0.287611, 0.946903, 1.287611
 76.000000, 1.206140, 0.320175, 1.267544, 1.609649
 93.000000, 1.562724, 0.247312, 0.706093, 0.974910
 96.666667, 1.800000, 0.244828, 1.227586, 1.496552
 87.666667, 1.391635, 0.323194, 1.235741, 1.581749
 72.000000, 1.000000, 0.268519, 1.175926, 1.500000
 83.000000, 1.393574, 0.317269, 1.791165, 2.132530
 73.000000, 1.652968, 0.301370, 1.748858, 2.068493
 80.000000, 1.220833, 0.366667, 1.400000, 1.787500
 83.000000, 1.032129, 0.261044, 1.453815, 1.767068
 82.333333, 1.226721, 0.331984, 1.655870, 2.012146
 89.666667, 1.193309, 0.263941, 1.297398, 1.583643
 82.333333, 1.174089, 0.238866, 1.246964, 1.510121
 87.000000, 1.321839, 0.275862, 1.344828, 1.643678
 72.666667, 1.243119, 0.302752, 0.944954, 1.270642
 86.666667, 0.988462, 0.242308, 0.776923, 1.038462
 79.000000, 0.755274, 0.244726, 1.274262, 1.540084
5
 0.250000, 0.000000, 5.000000, 16.000000, 89.000000
 49.333333, 2.135135, 1.081081, 1.263514, 2.527027
 89.666667, 2.702602, 0.468401, 1.323420, 1.810409
 75.000000, 1.062222, 0.275556, 0.848889, 1.142222
 79.333333, 1.323529, 0.348739, 0.869748, 1.239496
 81.666667, 1.281633, 0.297959, 0.742857, 1.061224
 85.666667, 1.066148, 0.276265, 1.330739, 1.626459
 91.000000, 1.450549, 0.289377, 1.285714, 1.597070
 77.666667, 1.257511, 0.266094, 1.643777, 1.931330
 82.666667, 0.725806, 0.302419, 1.762097, 2.080645
 69.333333, 0.995192, 0.245192, 2.350962, 2.615385
 84.000000, 1.115079, 0.281746, 1.404762, 1.710317
 92.333333, 1.978339, 0.393502, 1.296029, 1.711191
 80.000000, 1.166667, 0.270833, 1.729167, 2.020833
 84.333333, 1.260870, 0.233202, 1.308300, 1.565217
 90.000000, 2.122222, 0.374074, 1.214815, 1.611111
 86.000000, 1.868217, 0.286822, 1.360465, 1.666667
 78.000000, 1.521368, 0.316239, 0.803419, 1.145299
 90.000000, 1.851852, 0.262963, 0.725926, 1.011111
 87.666667, 1.323194, 0.231939, 1.429658, 1.680608
6
 0.250000, 0.000000, 5.000000, 0.000000, 59.000000
 60.333333, 4.530387, 1.950276, 1.900552, 3.928177
 84.333333, 1.573123, 0.320158, 1.217391, 1.561265
 85.666667, 1.700389, 0.357977, 0.879377, 1.260700
 81.666667, 2.077551, 0.387755, 0.836735, 1.244898
 74.333333, 1.295964, 0.304933, 0.739910, 1.067265
 80.666667, 1.214876, 0.243802, 1.305785, 1.570248
 87.000000, 1.597701, 0.314176, 1.287356, 1.620690
 79.333333, 1.214286, 0.310924, 1.722689, 2.054622
 84.333333, 1.007905, 0.300395, 1.936759, 2.256917
 72.333333, 0.737327, 0.276498, 1.705069, 2.004608
 85.333333, 1.507813, 0.363281, 1.468750, 1.851563
 82.333333, 1.283401, 0.291498, 1.372470, 1.684211
 80.333333, 1.307054, 0.290456, 1.763485, 2.078838
 86.333333, 1.239382, 0.223938, 1.177606, 1.424710
 83.666667, 0.976096, 0.286853, 1.147410, 1.458167
 80.333333, 0.800830, 0.273859, 1.460581, 1.755187
 76.333333, 1.397380, 0.275109, 1.008734, 1.305677
 90.333333, 1.678967, 0.265683, 0.815498, 1.103321
 86.666667, 1.230769, 0.234615, 1.196154, 1.453846
7
 0.250000, 0.000000, 5.000000, 0.000000, 104.000000
 79.666667, 6.284519, 1.225941, 1.050209, 2.347280
 79.333333, 1.735294, 0.411765, 1.315126, 1.743697
 77.333333, 1.310345, 0.280172, 1.439655, 1.737069
 92.666667, 1.841727, 0.273381, 0.899281, 1.194245
 73.666667, 1.470588, 0.303167, 0.723982, 1.049774
 85.000000, 1.152941, 0.266667, 1.356863, 1.647059
 84.000000, 1.472222, 0.321429, 1.257937, 1.599206
 71.666667, 1.246512, 0.297674, 1.139535, 1.465116
 86.333333, 0.891892, 0.250965, 1.957529, 2.231660
 69.666667, 1.239234, 0.354067, 2.751196, 3.119617
 83.000000, 1.389558, 0.325301, 1.361446, 1.714859
 92.333333, 1.436823, 0.314079, 1.422383, 1.758123
 85.333333, 1.480469, 0.316406, 1.859375, 2.195313
 81.333333, 1.143443, 0.270492, 1.172131, 1.463115
 88.666667, 1.349624, 0.315789, 1.259398, 1.593985
 84.333333, 1.130435, 0.288538, 1.403162, 1.715415
 77.666667, 1.884120, 0.356223, 0.755365, 1.133047
 88.333333, 1.230189, 0.249057, 0.724528, 0.996226
 92.666667, 1.381295, 0.226619, 1.223022, 1.471223
8
 0.250000, 0.000000, 5.000000, 9.000000, 89.000000
 61.333333, 3.548913, 1.081522, 1.163043, 2.315217
 81.000000, 1.979424, 0.555556, 1.436214, 2.012346
 76.333333, 1.611354, 0.288210, 1.065502, 1.371179
 83.333333, 1.412000, 0.328000, 0.964000, 1.316000
 77.333333, 0.892241, 0.340517, 1.198276, 1.560345
 94.666667, 2.077465, 0.316901, 1.419014, 1.757042
 88.333333, 1.550943, 0.316981, 1.298113, 1.633962
 75.000000, 1.133333, 0.284444, 1.466667, 1.768889
 84.000000, 1.119048, 0.253968, 1.734127, 2.007937
 73.333333, 1.709091, 0.309091, 2.677273, 3.009091
 82.000000, 1.296748, 0.304878, 1.296748, 1.626016
 89.333333, 1.309701, 0.335821, 1.388060, 1.746269
 80.666667, 1.066116, 0.359504, 1.698347, 2.082645
 86.333333, 1.447876, 0.274131, 1.104247, 1.401544
 73.000000, 0.757991, 0.260274, 1.461187, 1.744292
 82.666667, 1.177419, 0.310484, 1.415323, 1.745968
 82.666667, 2.625000, 0.383065, 0.838710, 1.241935
 88.666667, 1.417293, 0.229323, 0.736842, 1.015038
 86.333333, 1.254826, 0.231660, 1.359073, 1.610039
9
 0.250000, 0.000000, 4.000000, 0.000000, 88.000000
 63.666667, 4.968586, 2.015707, 1.418848, 3.513089
 81.666667, 1.538776, 0.469388, 1.432653, 1.922449
 81.000000, 1.547325, 0.296296, 1.074074, 1.390947
 78.333333, 1.451064, 0.263830, 0.953191, 1.242553
 77.000000, 1.155844, 0.264069, 0.714286, 1.000000
 85.666667, 1.264591, 0.291829, 1.322957, 1.638132
 87.666667, 1.258555, 0.319392, 1.277567, 1.619772
 73.000000, 1.420091, 0.296804, 1.264840, 1.579909
 84.000000, 0.880952, 0.261905, 1.750000, 2.031746
 78.000000, 1.534188, 0.243590, 2.658120, 2.948718
 79.666667, 1.054393, 0.368201, 1.644351, 2.033473
 89.666667, 1.724907, 0.327138, 1.159851, 1.509294
 77.333333, 1.030172, 0.310345, 1.827586, 2.163793
 78.333333, 0.787234, 0.259574, 1.144681, 1.425532
 84.666667, 1.208661, 0.240157, 1.173228, 1.433071
 78.333333, 1.395745, 0.280851, 1.353191, 1.655319
 70.000000, 0.890476, 0.704762, 0.771429, 1.495238
 83.000000, 1.016064, 0.228916, 0.767068, 1.020080
 84.666667, 1.224409, 0.244094, 1.181102, 1.448819
10
 0.250000, 0.000000, 4.000000, 0.000000, 107.000000
 58.333333, 2.891429, 2.034286, 1.937143, 4.011429
 90.333333, 2.210332, 0.442804, 1.317343, 1.782288
 90.000000, 2.033333, 0.251852, 0.907407, 1.188889
 81.000000, 1.555556, 0.374486, 1.065844, 1.460905
 79.000000, 1.751055, 0.341772, 0.721519, 1.080169
 75.666667, 1.198238, 0.251101, 1.515419, 1.788546
 81.666667, 1.334694, 0.289796, 1.391837, 1.706122
 70.666667, 0.839623, 0.259434, 2.023585, 2.320755
 86.666667, 1.084615, 0.269231, 1.719231, 2.007692
 74.000000, 1.590090, 0.328829, 2.923423, 3.274775
 82.333333, 1.259109, 0.376518, 1.404858, 1.805668
 86.666667, 1.450000, 0.326923, 1.107692, 1.457692
 81.666667, 1.469388, 0.322449, 1.812245, 2.155102
 85.000000, 1.419608, 0.243137, 1.215686, 1.486275
 83.000000, 1.084337, 0.269076, 1.228916, 1.522088
 82.000000, 1.077236, 0.313008, 1.390244, 1.723577
 76.666667, 1.695652, 0.317391, 0.943478, 1.282609
 82.333333, 1.275304, 0.230769, 0.805668, 1.060729
 82.000000, 1.044715, 0.223577, 1.268293, 1.512195
11
 0.250000, 0.000000, 4.000000, 7.000000, 88.000000
 70.333333, 5.009479, 1.720379, 1.606635, 3.454976
 81.666667, 1.840816, 0.400000, 1.355102, 1.775510
 89.333333, 1.764925, 0.257463, 0.776119, 1.055970
 91.000000, 1.820513, 0.260073, 1.054945, 1.362637
 89.666667, 1.472119, 0.431227, 1.118959, 1.572491
 92.000000, 1.221014, 0.253623, 1.423913, 1.699275
 82.000000, 1.308943, 0.321138, 1.231707, 1.581301
 76.000000, 1.482456, 0.342105, 1.754386, 2.118421
 79.666667, 0.891213, 0.263598, 1.799163, 2.083682
 76.666667, 1.252174, 0.273913, 3.026087, 3.317391
 85.666667, 1.712062, 0.319066, 1.618677, 1.961089
 86.666667, 1.257692, 0.257692, 1.273077, 1.576923
 84.666667, 1.492126, 0.244094, 1.791339, 2.055118
 78.666667, 0.995763, 0.275424, 1.271186, 1.567797
 84.666667, 1.811024, 0.279528, 1.334646, 1.633858
 83.000000, 1.365462, 0.297189, 1.469880, 1.787149
 74.333333, 1.139013, 0.381166, 0.766816, 1.170404
 83.333333, 1.092000, 0.284000, 0.800000, 1.108000
 83.333333, 0.908000, 0.244000, 1.108000, 1.368000
12
 0.250000, 0.000000, 4.000000, 8.000000, 89.000000
 74.666667, 5.901786, 1.598214, 1.477679, 3.111607
 86.666667, 2.619231, 0.476923, 1.338462, 1.861538
 84.333333, 1.743083, 0.280632, 0.810277, 1.110672
 99.000000, 2.144781, 0.329966, 1.094276, 1.451178
 92.333333, 1.476534, 0.270758, 0.671480, 0.963899
 87.000000, 1.375479, 0.256705, 1.199234, 1.478927
 81.666667, 1.069388, 0.285714, 1.208163, 1.514286
 77.333333, 1.616379, 0.297414, 1.116379, 1.435345
 81.333333, 1.319672, 0.254098, 1.676230, 1.950820
 78.666667, 1.902542, 0.300847, 1.800847, 2.122881
 91.000000, 1.728938, 0.315018, 1.344322, 1.684982
 89.000000, 1.074906, 0.280899, 1.374532, 1.677903
 81.000000, 1.193416, 0.246914, 1.711934, 1.979424
 81.333333, 1.229508, 0.262295, 1.368852, 1.680328
 87.333333, 1.488550, 0.267176, 1.236641, 1.522901
 87.333333, 1.240458, 0.259542, 1.240458, 1.519084
 86.000000, 2.523256, 0.368217, 0.802326, 1.193798
 83.000000, 1.120482, 0.281124, 0.807229, 1.108434
 84.000000, 0.972222, 0.253968, 1.547619, 1.825397
13
 0.250000, 0.000000, 4.000000, 7.000000, 88.000000
 57.333333, 2.936047, 1.377907, 2.465116, 4.087209
 92.000000, 2.474638, 0.373188, 1.231884, 1.644928
 93.333333, 2.214286, 0.307143, 0.875000, 1.203571
 85.000000, 1.756863, 0.368627, 0.980392, 1.372549
 78.333333, 1.021277, 0.251064, 0.765957, 1.042553
 88.666667, 1.105263, 0.308271, 1.327068, 1.657895
 82.666667, 1.362903, 0.294355, 1.580645, 1.899194
 73.000000, 0.876712, 0.255708, 1.305936, 1.579909
 88.666667, 0.992481, 0.248120, 1.879699, 2.146617
 71.666667, 0.962791, 0.283721, 3.339535, 3.641860
 85.000000, 1.403922, 0.239216, 1.349020, 1.615686
 86.333333, 1.413127, 0.258687, 1.293436, 1.571429
 84.000000, 1.579365, 0.281746, 2.023810, 2.321429
 82.666667, 1.133065, 0.270161, 1.318548, 1.608871
 78.333333, 1.178723, 0.280851, 1.302128, 1.600000
 72.333333, 1.032258, 0.308756, 1.304147, 1.635945
 75.333333, 1.296460, 0.340708, 0.814159, 1.176991
 81.666667, 1.322449, 0.244898, 0.730612, 0.995918
 82.333333, 1.170040, 0.255061, 1.186235, 1.461538
14
 0.250000, 1.000000, 4.000000, 0.000000, 105.000000
 65.666667, 4.730964, 1.304569, 1.401015, 2.771574
 81.000000, 1.604938, 0.263374, 1.123457, 1.411523
 79.000000, 1.383966, 0.354430, 1.042194, 1.421941
 84.000000, 1.380952, 0.333333, 0.952381, 1.309524
 77.666667, 1.613734, 0.287554, 0.776824, 1.090129
 84.666667, 1.106299, 0.236220, 1.255906, 1.515748
 77.000000, 1.216450, 0.290043, 1.259740, 1.571429
 71.666667, 0.944186, 0.279070, 1.688372, 1.986047
 92.333333, 1.530686, 0.252708, 1.595668, 1.870036
 64.333333, 0.704663, 0.290155, 2.590674, 2.901554
 78.666667, 1.165254, 0.313559, 1.597458, 1.932203
 88.000000, 1.439394, 0.356061, 1.356061, 1.731061
 86.666667, 1.173077, 0.265385, 2.007692, 2.296154
 85.000000, 1.388235, 0.254902, 1.160784, 1.439216
 80.666667, 1.177686, 0.305785, 1.152893, 1.479339
 89.666667, 1.572491, 0.286245, 1.513011, 1.821561
 79.000000, 2.308017, 0.358650, 0.902954, 1.286920
 81.333333, 1.094262, 0.229508, 0.795082, 1.045082
 85.666667, 1.284047, 0.237354, 1.046693, 1.307393
15
 0.250000, 0.000000, 4.000000, 0.000000, 103.000000
 63.666667, 3.554974, 1.774869, 1.973822, 3.816754
 84.333333, 1.620553, 0.391304, 1.225296, 1.644269
 86.666667, 2.000000, 0.388462, 1.126923, 1.538462
 87.666667, 1.627376, 0.304183, 0.802281, 1.152091
 73.333333, 1.195455, 0.213636, 0.722727, 0.954545
 88.333333, 1.094340, 0.275472, 1.362264, 1.652830
 88.666667, 1.575188, 0.281955, 1.368421, 1.695489
 76.000000, 1.671053, 0.302632, 1.710526, 2.035088
 86.666667, 1.180769, 0.303846, 1.865385, 2.188462
 62.333333, 0.593583, 0.304813, 1.732620, 2.058824
 82.000000, 0.955285, 0.390244, 1.434959, 1.845528
 84.333333, 1.434783, 0.237154, 1.375494, 1.632411
 86.666667, 1.488462, 0.265385, 1.650000, 1.934615
 92.000000, 1.358696, 0.257246, 1.163043, 1.442029
 91.000000, 2.014652, 0.322344, 1.355311, 1.703297
 83.333333, 1.224000, 0.332000, 1.260000, 1.608000
 75.000000, 1.488889, 0.275556, 0.733333, 1.031111
 79.333333, 1.033613, 0.247899, 0.756303, 1.029412
 83.666667, 1.243028, 0.227092, 1.183267, 1.430279
16
 0.250000, 1.000000, 4.000000, 0.000000, 105.000000
 57.333333, 3.296512, 1.656977, 1.813953, 3.505814
 84.000000, 2.162698, 0.436508, 1.468254, 1.924603
 86.333333, 1.980695, 0.285714, 1.019305, 1.324324
 94.333333, 1.844523, 0.286219, 0.798587, 1.130742
 76.000000, 1.258772, 0.271930, 1.035088, 1.324561
 79.333333, 0.953782, 0.252101, 1.327731, 1.605042
 86.666667, 1.315385, 0.350000, 1.373077, 1.742308
 70.000000, 0.752381, 0.257143, 2.123810, 2.395238
 76.666667, 0.830435, 0.300000, 1.856522, 2.173913
 80.666667, 1.438017, 0.264463, 1.975207, 2.260331
 87.333333, 1.362595, 0.385496, 1.370229, 1.778626
 80.666667, 1.644628, 0.301653, 1.400826, 1.723140
 78.333333, 1.072340, 0.319149, 1.800000, 2.140426
 91.000000, 1.439560, 0.234432, 1.252747, 1.509158
 86.666667, 2.042308, 0.292308, 1.426923, 1.742308
 82.333333, 1.781377, 0.311741, 1.485830, 1.821862
 73.333333, 1.636364, 0.290909, 0.895455, 1.213636
 89.666667, 1.275093, 0.245353, 0.806691, 1.074349
 90.666667, 1.261029, 0.235294, 1.235294, 1.492647
17
 0.250000, 0.000000, 4.000000, 1.000000, 88.000000
 63.333333, 3.884211, 1.605263, 1.289474, 3.089474
 78.333333, 1.936170, 0.497872, 1.374468, 1.919149
 85.666667, 2.272374, 0.315175, 0.782101, 1.116732
 78.000000, 1.444444, 0.354701, 1.021368, 1.397436
 76.333333, 1.061135, 0.227074, 0.759825, 1.008734
 82.000000, 1.308943, 0.276423, 1.243902, 1.544715
 88.333333, 1.373585, 0.316981, 1.339623, 1.675472
 75.333333, 1.460177, 0.309735, 1.663717, 1.995575
 85.000000, 1.176471, 0.262745, 1.788235, 2.070588
 73.666667, 1.963801, 0.447964, 1.809955, 2.280543
 88.000000, 1.875000, 0.268939, 1.253788, 1.545455
 86.666667, 1.269231, 0.280769, 1.438462, 1.742308
 83.000000, 1.293173, 0.309237, 1.851406, 2.180723
 85.000000, 1.219608, 0.243137, 1.349020, 1.611765
 85.000000, 1.807843, 0.309804, 1.070588, 1.403922
 92.000000, 1.731884, 0.304348, 1.597826, 1.923913
 73.333333, 1.822727, 0.372727, 1.231818, 1.622727
 83.666667, 1.023904, 0.250996, 0.836653, 1.111554
 84.666667, 0.988189, 0.255906, 1.346457, 1.625984
18
 0.250000, 0.000000, 4.000000, 0.000000, 105.000000
 68.333333, 4.424390, 1.395122, 2.029268, 3.473171
 78.333333, 1.004255, 0.344681, 1.425532, 1.787234
 84.000000, 1.968254, 0.345238, 0.948413, 1.313492
 84.666667, 1.507874, 0.350394, 1.110236, 1.484252
 75.000000, 1.320000, 0.231111, 0.733333, 0.986667
 80.666667, 1.008264, 0.301653, 1.516529, 1.838843
 83.000000, 0.887550, 0.325301, 1.281124, 1.630522
 74.000000, 0.824324, 0.274775, 1.270270, 1.563063
 80.333333, 1.327801, 0.340249, 1.697095, 2.053942
 75.000000, 1.324444, 0.360000, 1.537778, 1.915556
 84.666667, 1.385827, 0.307087, 1.578740, 1.901575
 95.000000, 1.792982, 0.329825, 1.164912, 1.515789
 70.333333, 0.706161, 0.303318, 2.279621, 2.601896
 83.666667, 1.219124, 0.254980, 1.087649, 1.362550
 79.333333, 1.277311, 0.273109, 1.457983, 1.752101
 87.333333, 1.450382, 0.335878, 1.591603, 1.954198
 77.333333, 1.301724, 0.318966, 0.862069, 1.237069
 83.666667, 0.864542, 0.231076, 0.741036, 0.996016
 86.000000, 1.112403, 0.267442, 1.143411, 1.426357
19
 0.250000, 0.000000, 4.000000, 0.000000, 87.000000
 82.000000, 7.252033, 1.617886, 1.113821, 2.764228
 78.666667, 1.317797, 0.436441, 1.542373, 2.000000
 81.666667, 1.297959, 0.367347, 0.910204, 1.293878
 80.333333, 2.199170, 0.792531, 1.265560, 2.078838
 86.333333, 1.220077, 0.243243, 0.768340, 1.030888
 91.000000, 1.446886, 0.256410, 1.326007, 1.604396
 87.333333, 1.801527, 0.263359, 1.366412, 1.648855
 84.333333, 1.762846, 0.312253, 1.470356, 1.802372
 95.666667, 1.668990, 0.303136, 1.668990, 1.996516
 80.333333, 1.443983, 0.257261, 1.626556, 1.904564
 89.333333, 1.279851, 0.272388, 1.339552, 1.634328
 80.333333, 1.207469, 0.257261, 1.136929, 1.410788
 92.666667, 1.503597, 0.284173, 1.776978, 2.111511
 91.000000, 1.326007, 0.234432, 1.135531, 1.417582
 75.333333, 1.632743, 0.292035, 1.349558, 1.668142
 86.333333, 1.768340, 0.297297, 1.490347, 1.826255
 77.666667, 1.210300, 0.261803, 1.000000, 1.283262
 93.666667, 1.213523, 0.256228, 0.722420, 1.003559
 86.333333, 1.254826, 0.266409, 1.204633, 1.490347
20
 0.250000, 0.000000, 3.000000, 0.000000, 104.000000
 56.333333, 3.964497, 1.278107, 1.005917, 2.349112
 83.333333, 1.440000, 0.360000, 1.156000, 1.536000
 89.333333, 1.813433, 0.339552, 0.764925, 1.123134
 92.666667, 2.201439, 0.694245, 1.089928, 1.809353
 74.000000, 1.283784, 0.459459, 1.225225, 1.707207
 88.000000, 1.200758, 0.234848, 1.356061, 1.613636
 88.666667, 1.154135, 0.296992, 1.187970, 1.507519
 71.666667, 1.423256, 0.251163, 1.520930, 1.795349
 84.333333, 0.877470, 0.260870, 1.707510, 1.988142
 81.000000, 1.720165, 0.279835, 1.654321, 1.958848
 85.333333, 0.992188, 0.328125, 1.546875, 1.914063
 90.666667, 1.378676, 0.312500, 1.279412, 1.613971
 84.666667, 1.220472, 0.311024, 1.885827, 2.216535
 84.666667, 1.015748, 0.287402, 1.244094, 1.559055
 84.000000, 1.099206, 0.226190, 1.285714, 1.531746
 83.666667, 1.191235, 0.306773, 1.374502, 1.701195
 85.000000, 1.682353, 0.313725, 0.850980, 1.188235
 76.333333, 0.873362, 0.227074, 0.803493, 1.052402
 88.666667, 1.251880, 0.221805, 1.161654, 1.409774
21
 0.250000, 0.000000, 3.000000, 7.000000, 87.000000
 60.000000, 3.572222, 1.461111, 1.533333, 3.050000
 88.333333, 1.860377, 0.290566, 1.169811, 1.483019
 84.666667, 2.346457, 0.338583, 0.657480, 1.015748
 81.000000, 1.320988, 0.362140, 0.843621, 1.230453
 85.666667, 1.848249, 0.334630, 0.684825, 1.042802
 86.666667, 1.026923, 0.242308, 1.307692, 1.569231
 86.000000, 1.085271, 0.333333, 1.310078, 1.662791
 77.333333, 1.090517, 0.297414, 1.693966, 2.008621
 88.666667, 1.484962, 0.293233, 1.808271, 2.124060
 64.333333, 1.243523, 0.362694, 2.305699, 2.689119
 80.333333, 1.062241, 0.269710, 1.887967, 2.182573
 89.666667, 1.550186, 0.282528, 1.059480, 1.360595
 79.333333, 1.130252, 0.323529, 2.042017, 2.390756
 80.000000, 0.883333, 0.237500, 1.391667, 1.650000
 78.000000, 1.269231, 0.307692, 1.384615, 1.713675
 83.000000, 1.369478, 0.269076, 1.759036, 2.048193
 78.333333, 1.510638, 0.293617, 0.706383, 1.021277
 87.333333, 1.171756, 0.232824, 0.740458, 0.996183
 85.666667, 1.322957, 0.245136, 1.284047, 1.552529
22
 0.250000, 0.000000, 0.000000, 0.000000, 98.000000
 72.666667, 3.500000, 1.036697, 1.032110, 2.100917
 88.666667, 1.473684, 0.312030, 1.195489, 1.530075
 78.666667, 1.546610, 0.266949, 0.898305, 1.186441
 82.666667, 1.762097, 0.322581, 1.237903, 1.580645
 82.000000, 1.516260, 0.252033, 0.768293, 1.044715
 100.333333, 1.747508, 0.222591, 1.518272, 1.760797
 86.666667, 1.750000, 0.307692, 1.319231, 1.646154
 79.666667, 1.267782, 0.292887, 1.493724, 1.811715
 85.333333, 1.121094, 0.250000, 1.906250, 2.179688
 71.333333, 1.518692, 0.355140, 1.677570, 2.051402
 80.000000, 0.925000, 0.254167, 1.312500, 1.587500
 88.000000, 1.522727, 0.299242, 1.446970, 1.765152
 79.666667, 0.945607, 0.326360, 1.728033, 2.071130
 84.333333, 1.039526, 0.241107, 1.363636, 1.628458
 82.666667, 1.431452, 0.254032, 1.330645, 1.604839
 76.333333, 1.336245, 0.270742, 1.689956, 1.982533
 74.666667, 1.522321, 0.281250, 0.901786, 1.205357
 84.333333, 1.545455, 0.221344, 0.754941, 1.000000
 82.333333, 1.020243, 0.230769, 1.267206, 1.518219
23
 0.250000, 0.000000, 0.000000, 0.000000, 98.000000
 58.666667, 2.659091, 1.329545, 1.613636, 2.977273
 88.000000, 1.856061, 0.363636, 1.106061, 1.492424
 82.666667, 1.375000, 0.314516, 0.983871, 1.318548
 88.000000, 1.761364, 0.250000, 0.765152, 1.037879
 90.333333, 1.638376, 0.335793, 1.099631, 1.461255
 97.000000, 1.841924, 0.257732, 1.374570, 1.659794
 91.000000, 1.901099, 0.278388, 1.227106, 1.527473
 76.333333, 1.113537, 0.292576, 1.620087, 1.934498
 85.000000, 1.368627, 0.270588, 1.501961, 1.796078
 80.333333, 1.917012, 0.369295, 2.132780, 2.522822
 84.666667, 1.118110, 0.338583, 1.425197, 1.787402
 80.333333, 0.966805, 0.323651, 1.331950, 1.676349
 78.000000, 1.282051, 0.358974, 2.064103, 2.440171
 85.333333, 1.261719, 0.246094, 1.281250, 1.554688
 87.666667, 1.319392, 0.262357, 1.110266, 1.395437
 89.000000, 1.902622, 0.273408, 1.464419, 1.760300
 77.666667, 1.446352, 0.261803, 0.729614, 1.012876
 87.333333, 1.664122, 0.286260, 0.740458, 1.049618
 89.000000, 1.651685, 0.228464, 1.202247, 1.475655
24
 0.250000, 0.000000, 0.000000, 8.000000, 106.000000
 71.333333, 4.803738, 1.144860, 1.065421, 2.247664
 83.000000, 1.811245, 0.437751, 1.313253, 1.771084
 87.000000, 1.647510, 0.306513, 0.919540, 1.249042
 84.666667, 1.578740, 0.279528, 0.759843, 1.059055
 79.666667, 1.523013, 0.305439, 1.108787, 1.435146
 93.333333, 1.882143, 0.257143, 1.267857, 1.546429
 90.000000, 1.459259, 0.329630, 1.388889, 1.740741
 81.000000, 1.987654, 0.353909, 1.613169, 1.987654
 80.333333, 0.813278, 0.302905, 1.626556, 1.950207
 78.000000, 1.307692, 0.230769, 2.525641, 2.777778
 87.666667, 1.992395, 0.307985, 1.243346, 1.570342
 91.000000, 1.296703, 0.296703, 1.373626, 1.717949
 86.000000, 1.244186, 0.275194, 1.868217, 2.162791
 86.666667, 1.057692, 0.226923, 1.150000, 1.400000
 81.333333, 1.286885, 0.315574, 1.311475, 1.647541
 89.000000, 1.389513, 0.243446, 1.280899, 1.546816
 77.000000, 1.493506, 0.246753, 0.692641, 0.969697
 80.000000, 0.912500, 0.245833, 0.762500, 1.025000
 86.000000, 1.054264, 0.236434, 1.399225, 1.655039
25
 0.250000, 0.000000, 0.000000, 0.000000, 96.000000
 61.000000, 4.076503, 1.601093, 1.196721, 2.836066
 79.333333, 1.542017, 0.331933, 1.201681, 1.554622
 85.666667, 1.770428, 0.311284, 0.836576, 1.163424
 84.000000, 1.682540, 0.293651, 1.186508, 1.503968
 81.000000, 2.251029, 0.374486, 0.806584, 1.205761
 82.333333, 1.165992, 0.246964, 1.449393, 1.728745
 83.666667, 1.458167, 0.306773, 1.426295, 1.756972
 84.333333, 1.517787, 0.284585, 1.292490, 1.596838
 97.333333, 1.386986, 0.270548, 1.678082, 1.976027
 78.333333, 1.255319, 0.289362, 1.782979, 2.097872
 82.000000, 0.947154, 0.426829, 1.882114, 2.329268
 95.333333, 2.909091, 0.384615, 1.332168, 1.741259
 79.000000, 1.067511, 0.354430, 2.118143, 2.493671
 87.000000, 1.352490, 0.264368, 1.302682, 1.590038
 76.333333, 0.925764, 0.253275, 1.257642, 1.532751
 80.333333, 1.294606, 0.261411, 1.514523, 1.800830
 79.333333, 1.588235, 0.256303, 0.878151, 1.159664
 89.666667, 1.576208, 0.234201, 0.788104, 1.055762
 79.666667, 0.828452, 0.263598, 1.309623, 1.594142
26
 0.250000, 0.000000, 0.000000, 1.000000, 98.000000
 62.333333, 3.454545, 1.213904, 1.165775, 2.449198
 87.000000, 1.892720, 0.302682, 1.245211, 1.567050
 72.666667, 1.087156, 0.293578, 0.935780, 1.252294
 81.333333, 1.581967, 0.430328, 0.885246, 1.344262
 82.333333, 1.716599, 0.283401, 0.708502, 1.012146
 92.666667, 1.348921, 0.248201, 1.248201, 1.517986
 83.666667, 1.274900, 0.314741, 1.350598, 1.689243
 75.666667, 1.026432, 0.431718, 1.378855, 1.863436
 83.333333, 1.336000, 0.268000, 1.960000, 2.248000
 71.666667, 0.934884, 0.311628, 1.818605, 2.148837
 81.666667, 1.159184, 0.359184, 1.653061, 2.032653
 84.666667, 1.440945, 0.330709, 1.397638, 1.748031
 77.000000, 1.190476, 0.285714, 2.108225, 2.411255
 93.000000, 1.645161, 0.240143, 1.139785, 1.401434
 89.333333, 1.910448, 0.373134, 1.141791, 1.537313
 86.333333, 1.826255, 0.305019, 1.405405, 1.729730
 80.666667, 1.619835, 0.322314, 0.995868, 1.338843
 83.333333, 1.216000, 0.248000, 0.768000, 1.036000
 86.666667, 1.450000, 0.238462, 1.088462, 1.346154
27
 0.250000, 1.000000, 0.000000, 0.000000, 97.000000
 64.333333, 3.974093, 1.694301, 0.994819, 2.751295
 87.333333, 1.599237, 0.335878, 1.198473, 1.553435
 81.000000, 1.691358, 0.366255, 1.016461, 1.403292
 76.000000, 1.412281, 0.285088, 0.925439, 1.228070
 77.333333, 1.073276, 0.262931, 0.905172, 1.189655
 86.000000, 0.968992, 0.259690, 1.449612, 1.728682
 75.000000, 0.928889, 0.324444, 1.280000, 1.626667
 68.666667, 0.669903, 0.247573, 1.514563, 1.796117
 82.333333, 0.951417, 0.323887, 1.700405, 2.044534
 77.666667, 1.587983, 0.317597, 1.626609, 1.965665
 85.000000, 1.454902, 0.341176, 1.603922, 1.968627
 89.000000, 1.617978, 0.329588, 1.329588, 1.681648
 84.000000, 1.579365, 0.285714, 1.753968, 2.107143
 86.666667, 1.203846, 0.230769, 1.219231, 1.473077
 96.000000, 2.531250, 0.298611, 1.180556, 1.503472
 90.000000, 2.125926, 0.274074, 1.448148, 1.744444
 74.666667, 1.678571, 0.339286, 0.906250, 1.267857
 88.666667, 0.789474, 0.240602, 0.774436, 1.037594
 90.666667, 1.261029, 0.220588, 1.051471, 1.294118
28
 0.250000, 0.000000, 0.000000, 0.000000, 96.000000
 70.000000, 5.114286, 1.285714, 1.147619, 2.490476
 71.000000, 0.685446, 0.342723, 1.521127, 1.882629
 76.000000, 1.004386, 0.298246, 0.864035, 1.184211
 77.666667, 1.463519, 0.317597, 0.939914, 1.278970
 78.000000, 1.213675, 0.226496, 0.696581, 0.940171
 89.666667, 1.308550, 0.226766, 1.394052, 1.643123
 90.000000, 1.840741, 0.296296, 1.248148, 1.566667
 78.000000, 1.235043, 0.316239, 1.500000, 1.833333
 85.666667, 1.241245, 0.221790, 1.587549, 1.832685
 74.333333, 1.569507, 0.242152, 1.704036, 1.968610
 79.666667, 0.924686, 0.334728, 1.460251, 1.815900
 87.666667, 1.285171, 0.300380, 1.212928, 1.536122
 75.666667, 1.233480, 0.281938, 1.762115, 2.061674
 89.666667, 1.591078, 0.256506, 1.416357, 1.695167
 86.000000, 1.406977, 0.329457, 1.360465, 1.713178
 79.000000, 1.046414, 0.308017, 1.413502, 1.772152
 78.333333, 1.561702, 0.323404, 0.778723, 1.123404
 93.333333, 1.503571, 0.235714, 0.717857, 0.975000
 88.666667, 1.172932, 0.240602, 1.251880, 1.515038
29
 0.250000, 0.000000, 0.000000, 11.000000, 94.000000
 60.000000, 3.061111, 1.488889, 2.288889, 3.855556
 89.333333, 1.835821, 0.302239, 1.145522, 1.466418
 75.000000, 1.200000, 0.235556, 0.928889, 1.186667
 81.000000, 1.613169, 0.271605, 0.839506, 1.160494
 73.666667, 0.660633, 0.271493, 0.755656, 1.045249
 79.666667, 1.079498, 0.246862, 1.669456, 1.937238
 86.000000, 1.767442, 0.294574, 1.321705, 1.635659
 86.333333, 2.173745, 0.274131, 1.718147, 2.015444
 84.333333, 1.375494, 0.252964, 1.747036, 2.023715
 74.333333, 1.511211, 0.327354, 1.883408, 2.228700
 83.000000, 1.646586, 0.401606, 1.534137, 1.959839
 89.000000, 1.411985, 0.295880, 1.295880, 1.640449
 77.000000, 1.268398, 0.311688, 1.965368, 2.303030
 82.333333, 1.093117, 0.263158, 1.311741, 1.595142
 91.000000, 1.483516, 0.271062, 1.135531, 1.432234
 86.333333, 1.324324, 0.293436, 1.274131, 1.586873
 76.666667, 1.408696, 0.308696, 0.817391, 1.152174
 92.000000, 1.420290, 0.268116, 0.771739, 1.061594
 94.333333, 1.367491, 0.212014, 1.120141, 1.353357
30
 0.250000, 0.000000, 0.000000, 0.000000, 96.000000
 69.000000, 4.178744, 1.019324, 1.140097, 2.193237
 92.000000, 2.688406, 0.416667, 1.086957, 1.521739
 89.000000, 2.026217, 0.273408, 1.041199, 1.340824
 87.333333, 1.694656, 0.335878, 0.740458, 1.095420
 77.333333, 1.517241, 0.219828, 0.741379, 0.982759
 94.666667, 1.609155, 0.214789, 1.299296, 1.535211
 84.000000, 1.365079, 0.353175, 1.214286, 1.591270
 82.666667, 1.193548, 0.258065, 1.854839, 2.137097
 93.666667, 1.224199, 0.263345, 1.462633, 1.750890
 74.333333, 1.098655, 0.291480, 1.825112, 2.139013
 85.666667, 1.217899, 0.357977, 1.638132, 2.019455
 84.666667, 1.460630, 0.291339, 1.500000, 1.814961
 76.000000, 0.921053, 0.307018, 2.083333, 2.412281
 87.333333, 1.393130, 0.255725, 1.450382, 1.725191
 80.666667, 0.909091, 0.285124, 1.099174, 1.404959
 79.666667, 1.033473, 0.280335, 1.368201, 1.665272
 70.000000, 1.157143, 0.271429, 0.780952, 1.076190
 81.666667, 0.881633, 0.228571, 0.832653, 1.081633
 81.000000, 1.127572, 0.238683, 1.144033, 1.403292
31
 0.250000, 0.000000, 0.000000, 1.000000, 97.000000
 72.333333, 4.465438, 1.474654, 1.244240, 2.797235
 82.333333, 1.303644, 0.267206, 1.165992, 1.449393
 79.000000, 0.902954, 0.270042, 1.185654, 1.481013
 81.000000, 1.522634, 0.374486, 1.045267, 1.477366
 75.333333, 0.840708, 0.238938, 0.814159, 1.070796
 79.000000, 0.924051, 0.270042, 1.510549, 1.801688
 80.000000, 1.254167, 0.291667, 1.375000, 1.687500
 79.000000, 1.113924, 0.270042, 1.708861, 2.004219
 89.333333, 1.123134, 0.264925, 1.656716, 1.944030
 72.666667, 1.298165, 0.366972, 1.862385, 2.252294
 88.666667, 1.492481, 0.327068, 1.827068, 2.199248
 82.666667, 1.129032, 0.290323, 1.173387, 1.491935
 82.333333, 1.336032, 0.279352, 1.692308, 1.991903
 83.333333, 1.020000, 0.232000, 1.536000, 1.792000
 88.000000, 1.541667, 0.261364, 1.265152, 1.545455
 88.666667, 1.684211, 0.251880, 1.477444, 1.748120
 78.000000, 1.649573, 0.286325, 0.803419, 1.111111
 86.333333, 1.617761, 0.227799, 0.795367, 1.046332
 89.000000, 1.359551, 0.247191, 1.202247, 1.471910
32
 0.250000, 0.000000, 0.000000, 0.000000, 44.000000
 62.000000, 3.548387, 1.462366, 1.967742, 3.467742
 90.666667, 2.194853, 0.455882, 1.349265, 1.827206
 89.000000, 2.071161, 0.352060, 0.955056, 1.329588
 85.000000, 1.345098, 0.247059, 0.729412, 1.000000
 85.000000, 1.388235, 0.258824, 0.815686, 1.098039
 82.666667, 1.104839, 0.254032, 1.233871, 1.508065
 91.000000, 1.659341, 0.278388, 1.355311, 1.652015
 78.333333, 1.676596, 0.387234, 1.668085, 2.076596
 85.000000, 1.035294, 0.258824, 1.584314, 1.870588
 72.333333, 1.267281, 0.294931, 2.608295, 2.921659
 88.666667, 1.315789, 0.296992, 1.537594, 1.853383
 92.333333, 2.166065, 0.407942, 1.252708, 1.685921
 87.666667, 1.326996, 0.323194, 1.870722, 2.220532
 88.333333, 1.467925, 0.226415, 1.222642, 1.467925
 76.666667, 1.160870, 0.234783, 1.160870, 1.417391
 84.000000, 1.313492, 0.285714, 1.273810, 1.583333
 79.000000, 2.021097, 0.312236, 0.983122, 1.316456
 85.333333, 1.015625, 0.242188, 0.710938, 0.972656
 80.666667, 1.466942, 0.235537, 1.041322, 1.301653
33
 0.250000, 0.000000, 0.000000, 0.000000, 46.000000
 58.666667, 4.295455, 1.789773, 1.727273, 3.585227
 81.333333, 1.360656, 0.344262, 1.295082, 1.659836
 82.666667, 1.608871, 0.322581, 1.274194, 1.620968
 83.333333, 1.840000, 0.312000, 0.788000, 1.120000
 74.666667, 1.107143, 0.245536, 0.977679, 1.241071
 82.333333, 1.186235, 0.295547, 1.299595, 1.619433
 83.000000, 1.497992, 0.277108, 1.140562, 1.437751
 70.333333, 0.687204, 0.298578, 1.232227, 1.549763
 76.333333, 1.082969, 0.327511, 1.786026, 2.135371
 68.000000, 0.941176, 0.245098, 3.098039, 3.357843
 86.666667, 1.230769, 0.300000, 1.430769, 1.750000
 88.666667, 1.451128, 0.255639, 1.338346, 1.620301
 78.000000, 1.106838, 0.290598, 2.299145, 2.606838
 89.000000, 1.352060, 0.250936, 1.273408, 1.543071
 85.000000, 1.427451, 0.345098, 1.223529, 1.588235
 88.000000, 1.579545, 0.299242, 1.431818, 1.750000
 75.333333, 1.513274, 0.305310, 0.761062, 1.088496
 83.000000, 0.995984, 0.281124, 0.775100, 1.076305
 88.000000, 1.287879, 0.246212, 1.253788, 1.522727
34
 0.250000, 0.000000, 0.000000, 8.000000, 8.000000
 73.000000, 5.205479, 1.538813, 1.894977, 3.470320
 83.333333, 2.256000, 0.456000, 1.188000, 1.664000
 81.666667, 1.351020, 0.310204, 0.902041, 1.232653
 91.000000, 1.948718, 0.340659, 0.908425, 1.267399
 81.666667, 1.632653, 0.530612, 1.057143, 1.608163
 89.666667, 0.985130, 0.252788, 1.375465, 1.650558
 83.666667, 1.529880, 0.282869, 1.278884, 1.585657
 71.333333, 0.957944, 0.355140, 1.294393, 1.700935
 92.000000, 1.108696, 0.268116, 1.666667, 1.981884
 76.000000, 1.372807, 0.289474, 2.390351, 2.701754
 80.666667, 1.033058, 0.347107, 1.400826, 1.768595
 88.333333, 1.494340, 0.252830, 1.173585, 1.449057
 86.666667, 1.403846, 0.330769, 1.453846, 1.807692
 90.333333, 1.250923, 0.232472, 1.369004, 1.619926
 86.000000, 1.751938, 0.306202, 1.310078, 1.639535
 85.666667, 1.501946, 0.303502, 1.509728, 1.836576
 73.666667, 0.846154, 0.665158, 1.506787, 2.194570
 85.000000, 1.145098, 0.274510, 0.709804, 1.003922
 84.000000, 1.158730, 0.250000, 1.428571, 1.694444
35
 0.250000, 0.000000, 0.000000, 0.000000, 17.000000
 55.666667, 3.844311, 1.203593, 1.610778, 2.850299
 81.000000, 1.621399, 0.296296, 1.370370, 1.687243
 83.666667, 1.677291, 0.274900, 0.916335, 1.215139
 83.000000, 1.642570, 0.297189, 0.963855, 1.309237
 77.333333, 0.939655, 0.271552, 0.685345, 0.974138
 75.000000, 0.831111, 0.235556, 1.306667, 1.564444
 82.000000, 1.784553, 0.353659, 1.365854, 1.739837
 83.000000, 1.405622, 0.281124, 1.642570, 1.947791
 91.333333, 0.927007, 0.295620, 1.602190, 1.919708
 69.333333, 1.706731, 0.230769, 1.903846, 2.158654
 78.666667, 1.211864, 0.296610, 1.389831, 1.707627
 85.666667, 1.389105, 0.311284, 1.548638, 1.879377
 72.333333, 0.917051, 0.290323, 2.290323, 2.603687
 80.666667, 1.227273, 0.247934, 1.012397, 1.280992
 86.666667, 1.830769, 0.315385, 1.346154, 1.684615
 83.333333, 1.268000, 0.268000, 1.508000, 1.796000
 75.666667, 1.726872, 0.264317, 0.841410, 1.127753
 84.333333, 1.217391, 0.245059, 0.814229, 1.079051
 89.000000, 1.172285, 0.243446, 1.209738, 1.475655
36
 0.250000, 0.000000, 0.000000, 1.000000, 15.000000
 56.000000, 4.089286, 1.458333, 1.928571, 3.505952
 79.666667, 1.552301, 0.317992, 1.133891, 1.468619
 79.666667, 1.397490, 0.334728, 0.941423, 1.297071
 84.000000, 1.023810, 0.305556, 0.960317, 1.285714
 71.000000, 0.798122, 0.239437, 0.741784, 1.004695
 89.000000, 1.322097, 0.310861, 1.471910, 1.861423
 88.666667, 1.823308, 0.304511, 1.075188, 1.398496
 74.666667, 1.058036, 0.299107, 1.160714, 1.482143
 89.000000, 1.209738, 0.224719, 1.576779, 1.823970
 75.000000, 1.204444, 0.311111, 1.720000, 2.048889
 85.666667, 1.295720, 0.385214, 1.665370, 2.073930
 91.333333, 1.682482, 0.295620, 1.313869, 1.627737
 79.666667, 1.129707, 0.276151, 1.506276, 1.803347
 79.333333, 0.903361, 0.247899, 1.193277, 1.462185
 83.000000, 1.618474, 0.325301, 1.212851, 1.558233
 85.666667, 1.338521, 0.268482, 1.677043, 1.972763
 72.000000, 1.037037, 0.314815, 0.759259, 1.097222
 86.666667, 1.226923, 0.265385, 0.776923, 1.061538
 93.666667, 1.459075, 0.213523, 1.174377, 1.412811
37
 0.250000, 0.000000, 0.000000, 1.000000, 17.000000
 60.333333, 4.618785, 1.419890, 1.806630, 3.292818
 82.000000, 1.821138, 0.439024, 1.203252, 1.662602
 77.000000, 1.372294, 0.329004, 0.844156, 1.194805
 81.333333, 1.331967, 0.266393, 1.217213, 1.512295
 78.666667, 1.266949, 0.241525, 0.788136, 1.055085
 85.333333, 1.679688, 0.257813, 1.359375, 1.636719
 86.666667, 1.453846, 0.338462, 1.130769, 1.511538
 71.666667, 0.827907, 0.302326, 1.702326, 2.032558
 88.333333, 1.256604, 0.241509, 1.698113, 1.958491
 68.000000, 1.235294, 0.254902, 2.333333, 2.607843
 81.333333, 1.282787, 0.344262, 1.467213, 1.836066
 95.000000, 1.817544, 0.270175, 1.312281, 1.607018
 75.333333, 0.991150, 0.314159, 1.641593, 1.977876
 91.000000, 1.249084, 0.241758, 1.150183, 1.417582
 78.000000, 1.273504, 0.273504, 1.316239, 1.611111
 78.333333, 1.425532, 0.302128, 1.548936, 1.868085
 73.666667, 1.805430, 0.307692, 0.778281, 1.108597
 78.000000, 0.918803, 0.230769, 0.807692, 1.064103
 86.666667, 0.911538, 0.223077, 1.330769, 1.573077
38
 0.250000, 0.000000, 0.000000, 0.000000, 15.000000
 58.333333, 3.548571, 1.268571, 1.868571, 3.240000
 85.333333, 2.019531, 0.492188, 1.281250, 1.792969
 83.000000, 2.200803, 0.349398, 0.847390, 1.216867
 83.333333, 1.308000, 0.292000, 0.920000, 1.236000
 79.333333, 2.231092, 0.361345, 1.058824, 1.445378
 81.000000, 1.168724, 0.267490, 1.407407, 1.691358
 87.333333, 1.660305, 0.290076, 1.137405, 1.446565
 71.666667, 1.176744, 0.260465, 2.000000, 2.283721
 80.666667, 0.863636, 0.260331, 1.780992, 2.061983
 69.333333, 0.961538, 0.225962, 2.177885, 2.423077
 85.333333, 1.480469, 0.261719, 1.617188, 1.898438
 83.333333, 1.252000, 0.316000, 1.284000, 1.620000
 79.333333, 1.004202, 0.289916, 1.941176, 2.281513
 84.333333, 1.169960, 0.237154, 1.359684, 1.644269
 79.666667, 1.150628, 0.280335, 1.355649, 1.656904
 90.333333, 1.830258, 0.261993, 1.387454, 1.675277
 74.000000, 1.635135, 0.342342, 0.927928, 1.292793
 85.000000, 1.513725, 0.231373, 0.815686, 1.074510
 82.666667, 1.338710, 0.229839, 1.338710, 1.592742
39
 0.250000, 0.000000, 0.000000, 0.000000, 0.000000
 60.000000, 3.494444, 1.872222, 1.461111, 3.450000
 84.666667, 1.665354, 0.350394, 1.161417, 1.539370
 76.666667, 1.278261, 0.273913, 0.895652, 1.221739
 88.333333, 1.694340, 0.249057, 0.762264, 1.033962
 91.333333, 1.901460, 0.313869, 0.784672, 1.124088
 88.666667, 1.488722, 0.293233, 1.473684, 1.793233
 81.000000, 1.127572, 0.316872, 1.279835, 1.617284
 70.333333, 1.047393, 0.289100, 1.606635, 1.919431
 95.333333, 1.625874, 0.276224, 1.608392, 1.909091
 67.000000, 0.975124, 0.263682, 2.636816, 2.925373
 82.333333, 1.279352, 0.327935, 1.550607, 1.894737
 84.666667, 1.547244, 0.326772, 1.208661, 1.555118
 81.000000, 1.497942, 0.283951, 1.695473, 2.004115
 92.666667, 1.496403, 0.266187, 1.248201, 1.539568
 87.000000, 1.318008, 0.229885, 1.076628, 1.329502
 84.333333, 1.592885, 0.284585, 1.367589, 1.671937
 73.333333, 1.359091, 0.281818, 0.777273, 1.077273
 91.000000, 1.311355, 0.249084, 0.725275, 0.992674
 90.666667, 1.286765, 0.238971, 1.477941, 1.735294
40
 0.250000, 0.000000, 0.000000, 0.000000, 0.000000
 55.666667, 2.970060, 1.239521, 1.335329, 2.640719
 92.333333, 2.097473, 0.310469, 1.101083, 1.433213
 87.333333, 1.721374, 0.305344, 1.263359, 1.591603
 90.666667, 1.911765, 0.341912, 0.812500, 1.176471
 71.666667, 1.037209, 0.260465, 1.237209, 1.520930
 81.666667, 1.685714, 0.289796, 1.342857, 1.653061
 88.666667, 1.308271, 0.278195, 1.203008, 1.530075
 80.333333, 1.464730, 0.273859, 1.618257, 1.912863
 90.666667, 0.930147, 0.275735, 1.492647, 1.786765
 67.666667, 0.748768, 0.266010, 1.635468, 1.921182
 84.000000, 1.519841, 0.333333, 1.583333, 1.936508
 94.000000, 1.918440, 0.304965, 1.202128, 1.528369
 85.333333, 1.628906, 0.234375, 1.511719, 1.761719
 86.666667, 1.346154, 0.276923, 1.265385, 1.569231
 80.666667, 1.603306, 0.314050, 1.367769, 1.702479
 81.666667, 1.469388, 0.265306, 1.661224, 1.946939
 77.000000, 1.696970, 0.311688, 0.792208, 1.125541
 91.666667, 1.305455, 0.269091, 0.760000, 1.058182
 92.333333, 1.075812, 0.227437, 1.436823, 1.685921
41
 0.250000, 0.000000, 1.000000, 1.000000, 2.000000
 74.000000, 4.436937, 1.666667, 1.828829, 3.572072
 83.000000, 1.574297, 0.385542, 1.064257, 1.497992
 83.333333, 1.640000, 0.340000, 0.708000, 1.064000
 94.333333, 2.120141, 0.335689, 0.893993, 1.250883
 79.666667, 1.104603, 0.242678, 0.757322, 1.050209
 84.333333, 1.256917, 0.233202, 1.217391, 1.470356
 86.666667, 1.373077, 0.265385, 1.284615, 1.573077
 80.666667, 1.239669, 0.272727, 1.586777, 1.876033
 92.333333, 1.765343, 0.296029, 1.462094, 1.783394
 65.333333, 0.964286, 0.280612, 1.739796, 2.040816
 81.000000, 1.226337, 0.283951, 1.621399, 1.930041
 87.666667, 1.262357, 0.296578, 1.224335, 1.543726
 85.000000, 1.015686, 0.250980, 1.694118, 1.968627
 83.000000, 0.927711, 0.253012, 1.345382, 1.622490
 89.333333, 1.880597, 0.347015, 1.026119, 1.391791
 93.666667, 1.822064, 0.291815, 1.288256, 1.604982
 73.333333, 1.177273, 0.354545, 0.977273, 1.359091
 95.333333, 1.482517, 0.220280, 0.748252, 0.986014
 87.666667, 1.372624, 0.243346, 1.133080, 1.399240
42
 0.250000, 4.000000, 6.000000, 0.000000, 7.000000
 62.333333, 3.989305, 1.288770, 1.256684, 2.577540
 81.666667, 1.314286, 0.293878, 1.008163, 1.326531
 83.000000, 1.445783, 0.297189, 1.188755, 1.506024
 88.666667, 2.045113, 0.278195, 0.849624, 1.154135
 77.666667, 1.600858, 0.253219, 0.712446, 0.987124
 91.000000, 1.699634, 0.245421, 1.479853, 1.747253
 90.666667, 1.617647, 0.319853, 1.283088, 1.625000
 69.000000, 0.975845, 0.270531, 1.512077, 1.801932
 80.333333, 0.879668, 0.269710, 1.804979, 2.095436
 73.666667, 1.361991, 0.330317, 1.475113, 1.819005
 78.000000, 1.183761, 0.346154, 1.517094, 1.884615
 88.666667, 1.484962, 0.281955, 1.236842, 1.537594
 80.000000, 1.329167, 0.329167, 1.600000, 1.950000
 82.666667, 1.052419, 0.266129, 1.250000, 1.536290
 83.000000, 1.373494, 0.369478, 1.232932, 1.626506
 80.333333, 1.095436, 0.282158, 1.651452, 1.954357
 76.333333, 1.117904, 0.301310, 0.777293, 1.100437
 88.000000, 1.071970, 0.231061, 0.734848, 0.988636
 90.000000, 1.177778, 0.225926, 1.344444, 1.592593
43
 0.250000, 9.000000, 0.000000, 1.000000, 1.000000
 73.000000, 6.689498, 1.753425, 2.123288, 3.945205
 78.666667, 1.453390, 0.334746, 1.279661, 1.635593
 82.333333, 2.327935, 0.396761, 1.121457, 1.538462
 79.000000, 1.341772, 0.291139, 1.004219, 1.316456
 76.666667, 1.513043, 0.239130, 0.813043, 1.073913
 95.333333, 1.262238, 0.241259, 1.314685, 1.576923
 92.000000, 1.775362, 0.297101, 1.242754, 1.565217
 73.000000, 0.945205, 0.342466, 1.785388, 2.150685
 83.000000, 1.441767, 0.261044, 1.662651, 1.943775
 74.666667, 1.218750, 0.263393, 1.607143, 1.888393
 76.000000, 0.903509, 0.315789, 1.548246, 1.885965
 85.666667, 1.630350, 0.295720, 1.112840, 1.428016
 76.000000, 0.872807, 0.280702, 1.657895, 1.956140
 79.333333, 0.915966, 0.226891, 1.155462, 1.403361
 79.000000, 0.978903, 0.270042, 1.455696, 1.746835
 82.333333, 1.202429, 0.275304, 1.441296, 1.736842
 78.333333, 1.353191, 0.263830, 0.923404, 1.212766
 86.666667, 1.630769, 0.234615, 0.726923, 0.988462
 84.000000, 1.146825, 0.257937, 1.444444, 1.726190
44
 0.250000, 0.000000, 0.000000, 0.000000, 0.000000
 68.666667, 4.650485, 1.451456, 1.242718, 2.849515
 93.666667, 2.857651, 0.533808, 1.113879, 1.665480
 92.000000, 1.626812, 0.275362, 1.101449, 1.398551
 88.000000, 1.723485, 0.246212, 0.931818, 1.204545
 88.333333, 1.969811, 0.301887, 0.724528, 1.045283
 88.333333, 1.513208, 0.290566, 1.350943, 1.690566
 81.000000, 1.111111, 0.296296, 1.304527, 1.625514
 72.666667, 0.839450, 0.233945, 1.633028, 1.889908
 78.333333, 0.923404, 0.289362, 1.753191, 2.063830
 75.000000, 1.480000, 0.266667, 3.160000, 3.448889
 83.000000, 1.068273, 0.297189, 1.377510, 1.698795
 98.333333, 1.538983, 0.267797, 1.210169, 1.498305
 78.666667, 0.932203, 0.330508, 2.025424, 2.372881
 80.666667, 1.037190, 0.252066, 1.314050, 1.582645
 89.666667, 1.784387, 0.315985, 1.078067, 1.420074
 84.666667, 1.889764, 0.251969, 1.346457, 1.622047
 74.000000, 1.238739, 0.495495, 1.342342, 1.855856
 86.000000, 1.472868, 0.236434, 0.817829, 1.077519
 88.333333, 1.135849, 0.222642, 1.226415, 1.467925
45
 0.250000, 1.000000, 0.000000, 0.000000, 0.000000
 67.666667, 3.689655, 1.458128, 1.753695, 3.251232
 81.000000, 1.300412, 0.370370, 1.267490, 1.658436
 78.000000, 1.299145, 0.277778, 1.183761, 1.482906
 78.333333, 0.574468, 0.361702, 1.085106, 1.527660
 76.000000, 1.565789, 0.263158, 0.714912, 0.995614
 91.000000, 1.128205, 0.300366, 1.256410, 1.578755
 85.333333, 1.527344, 0.273438, 1.375000, 1.683594
 80.000000, 1.604167, 0.262500, 1.487500, 1.770833
 90.333333, 1.361624, 0.261993, 1.774908, 2.062731
 73.666667, 1.280543, 0.221719, 2.276018, 2.520362
 78.333333, 1.170213, 0.408511, 1.659574, 2.089362
 85.000000, 1.349020, 0.349020, 1.376471, 1.745098
 78.666667, 1.415254, 0.300847, 1.872881, 2.194915
 87.000000, 1.095785, 0.245211, 1.302682, 1.597701
 80.333333, 1.290456, 0.294606, 1.278008, 1.597510
 76.000000, 1.127193, 0.293860, 1.315789, 1.627193
 75.000000, 1.124444, 0.306667, 0.800000, 1.133333
 85.000000, 1.266667, 0.258824, 0.796078, 1.070588
 92.666667, 1.532374, 0.237410, 1.122302, 1.377698
46
 0.250000, 0.000000, 0.000000, 0.000000, 8.000000
 63.666667, 3.916230, 1.162304, 1.345550, 2.549738
 87.333333, 1.767176, 0.473282, 1.270992, 1.763359
 88.333333, 1.713208, 0.279245, 0.788679, 1.090566
 85.000000, 1.384314, 0.301961, 0.913725, 1.239216
 78.666667, 1.258475, 0.228814, 0.817797, 1.067797
 94.333333, 1.706714, 0.339223, 1.321555, 1.685512
 88.666667, 1.654135, 0.266917, 1.417293, 1.703008
 73.333333, 0.972727, 0.268182, 1.227273, 1.518182
 90.000000, 1.085185, 0.229630, 1.781481, 2.033333
 78.333333, 1.497872, 0.276596, 1.472340, 1.800000
 83.000000, 1.317269, 0.301205, 1.542169, 1.867470
 85.000000, 1.031373, 0.278431, 1.305882, 1.611765
 79.000000, 1.168776, 0.350211, 1.936709, 2.333333
 85.000000, 1.501961, 0.262745, 1.270588, 1.552941
 76.000000, 1.131579, 0.263158, 1.447368, 1.732456
 84.000000, 1.519841, 0.289683, 1.369048, 1.678571
 71.666667, 1.432558, 0.386047, 1.339535, 1.744186
 94.000000, 1.652482, 0.230496, 0.730496, 0.985816
 92.000000, 1.206522, 0.242754, 1.362319, 1.623188
47
 0.250000, 0.000000, 7.000000, 1.000000, 8.000000
 60.000000, 3.594444, 1.588889, 1.966667, 3.588889
 66.666667, 0.940000, 0.330000, 1.505000, 1.855000
 70.333333, 0.952607, 0.284360, 0.990521, 1.327014
 90.666667, 1.823529, 0.341912, 0.889706, 1.257353
 88.000000, 1.757576, 0.416667, 1.147727, 1.583333
 90.000000, 1.459259, 0.281481, 1.577778, 1.937037
 81.666667, 1.118367, 0.318367, 1.338776, 1.673469
 72.666667, 1.188073, 0.279817, 1.683486, 1.986239
 84.000000, 1.126984, 0.257937, 1.944444, 2.246032
 71.000000, 1.258216, 0.272300, 1.699531, 1.995305
 85.666667, 1.579767, 0.319066, 1.237354, 1.579767
 94.333333, 2.727915, 0.381625, 1.318021, 1.717314
 80.666667, 1.198347, 0.309917, 1.946281, 2.276860
 83.000000, 1.281124, 0.248996, 1.265060, 1.538153
 78.666667, 1.021186, 0.313559, 1.300847, 1.635593
 86.666667, 1.680769, 0.315385, 1.450000, 1.788462
 81.666667, 1.457143, 0.359184, 0.771429, 1.151020
 79.666667, 1.066946, 0.246862, 0.757322, 1.025105
 84.666667, 1.074803, 0.232283, 1.433071, 1.685039
48
 0.250000, 0.000000, 0.000000, 0.000000, 0.000000
 65.000000, 3.435897, 1.194872, 1.251282, 2.517949
 89.666667, 1.973978, 0.390335, 1.323420, 1.736059
 84.000000, 1.666667, 0.281746, 0.734127, 1.035714
 86.333333, 1.447876, 0.285714, 0.826255, 1.135135
 83.333333, 1.460000, 0.572000, 1.108000, 1.700000
 90.333333, 1.461255, 0.236162, 1.442804, 1.701107
 90.333333, 1.328413, 0.291513, 1.225092, 1.542435
 82.000000, 1.589431, 0.268293, 1.605691, 1.898374
 88.000000, 1.060606, 0.246212, 1.598485, 1.867424
 70.000000, 0.795238, 0.257143, 1.566667, 1.847619
 83.000000, 1.212851, 0.429719, 1.606426, 2.056225
 89.666667, 1.412639, 0.275093, 1.371747, 1.669145
 78.666667, 0.944915, 0.322034, 2.135593, 2.474576
 89.333333, 1.436567, 0.238806, 1.417910, 1.679104
 79.000000, 1.088608, 0.236287, 1.202532, 1.459916
 91.000000, 2.681319, 0.351648, 1.465201, 1.838828
 81.666667, 1.510204, 0.371429, 0.775510, 1.191837
 92.666667, 1.320144, 0.244604, 0.766187, 1.035971
 88.333333, 1.354717, 0.245283, 1.279245, 1.569811
49
 0.250000, 1.000000, 0.000000, 1.000000, 1.000000
 60.666667, 4.175824, 1.197802, 1.516484, 2.824176
 80.000000, 1.525000, 0.370833, 1.400000, 1.791667
 88.000000, 1.715909, 0.246212, 0.848485, 1.117424
 83.333333, 1.532000, 0.240000, 0.744000, 1.064000
 77.666667, 1.171674, 0.231760, 0.725322, 0.982833
 86.666667, 1.126923, 0.261538, 1.400000, 1.684615
 83.666667, 1.537849, 0.286853, 1.290837, 1.597610
 71.333333, 0.607477, 0.252336, 1.285047, 1.556075
 79.000000, 0.822785, 0.308017, 1.915612, 2.240506
 77.000000, 1.337662, 0.346320, 1.692641, 2.060606
 79.000000, 1.299578, 0.506329, 1.708861, 2.236287
 91.666667, 1.629091, 0.316364, 1.163636, 1.501818
 80.000000, 1.075000, 0.308333, 1.883333, 2.212500
 83.000000, 1.132530, 0.232932, 1.172691, 1.425703
 81.333333, 1.254098, 0.266393, 1.286885, 1.573770
 81.666667, 1.469388, 0.310204, 1.546939, 1.877551
 74.666667, 1.455357, 0.308036, 0.821429, 1.147321
 92.333333, 1.440433, 0.263538, 0.758123, 1.043321
 86.333333, 1.138996, 0.216216, 1.501931, 1.764479
50
 0.250000, 0.000000, 0.000000, 0.000000, 1.000000
 62.666667, 4.755319, 1.664894, 1.500000, 3.207447
 81.666667, 1.216327, 0.379592, 1.400000, 1.804082
 81.333333, 1.725410, 0.290984, 1.282787, 1.627049
 82.666667, 1.705645, 0.278226, 0.862903, 1.165323
 85.333333, 1.601563, 0.277344, 0.644531, 0.945313
 92.333333, 1.635379, 0.288809, 1.342960, 1.653430
 85.666667, 1.824903, 0.326848, 1.229572, 1.575875
 77.666667, 1.390558, 0.270386, 1.540773, 1.832618
 81.333333, 0.692623, 0.299180, 1.684426, 2.008197
 72.666667, 1.302752, 0.275229, 1.715596, 2.018349
 79.000000, 0.974684, 0.270042, 1.497890, 1.789030
 84.000000, 1.111111, 0.277778, 1.265873, 1.563492
 82.333333, 1.267206, 0.275304, 1.991903, 2.287449
 84.333333, 1.138340, 0.249012, 1.245059, 1.517787
 86.666667, 1.780769, 0.365385, 1.423077, 1.834615
 89.333333, 1.626866, 0.261194, 1.380597, 1.667910
 81.000000, 2.094650, 0.300412, 0.674897, 1.000000
 79.666667, 1.025105, 0.263598, 0.744770, 1.029289
 89.666667, 1.327138, 0.226766, 1.219331, 1.464684
51
 0.250000, 0.000000, 0.000000, 0.000000, 0.000000
 57.000000, 2.830409, 1.409357, 1.070175, 2.590643
 85.333333, 2.523438, 0.503906, 1.347656, 1.871094
 76.333333, 1.401747, 0.331878, 1.283843, 1.637555
 82.000000, 1.565041, 0.341463, 0.930894, 1.353659
 75.666667, 0.770925, 0.242291, 0.700441, 0.964758
 80.000000, 1.179167, 0.254167, 1.291667, 1.570833
 80.000000, 1.191667, 0.312500, 1.312500, 1.641667
 72.333333, 1.041475, 0.258065, 1.870968, 2.147465
 87.666667, 1.174905, 0.266160, 1.855513, 2.144487
 68.666667, 1.067961, 0.242718, 2.543689, 2.805825
 84.333333, 1.189723, 0.264822, 1.332016, 1.620553
 88.666667, 1.469925, 0.334586, 1.289474, 1.646617
 81.666667, 1.036735, 0.289796, 1.963265, 2.273469
 81.666667, 0.930612, 0.257143, 1.587755, 1.869388
 79.333333, 1.361345, 0.336134, 1.147059, 1.504202
 83.666667, 1.067729, 0.223108, 1.597610, 1.844622
 77.000000, 2.030303, 0.268398, 0.735931, 1.025974
 91.000000, 1.410256, 0.263736, 0.739927, 1.025641
 90.000000, 1.207407, 0.244444, 1.170370, 1.437037
52
 0.250000, 0.000000, 0.000000, 0.000000, 0.000000
 65.666667, 4.020305, 1.345178, 1.111675, 2.553299
 73.666667, 2.171946, 0.515837, 1.579186, 2.113122
 73.000000, 0.949772, 0.264840, 1.063927, 1.351598
 82.333333, 1.360324, 0.356275, 1.089069, 1.461538
 86.333333, 1.440154, 0.281853, 1.081081, 1.382239
 91.000000, 1.326007, 0.252747, 1.336996, 1.611722
 87.666667, 1.790875, 0.288973, 1.357414, 1.669202
 78.000000, 1.354701, 0.316239, 1.512821, 1.850427
 94.000000, 1.514184, 0.237589, 1.741135, 2.000000
 72.666667, 1.050459, 0.256881, 2.568807, 2.848624
 80.000000, 1.191667, 0.325000, 1.391667, 1.741667
 86.666667, 1.134615, 0.326923, 1.361538, 1.707692
 85.000000, 1.639216, 0.313725, 1.741176, 2.078431
 84.333333, 1.351779, 0.256917, 1.003953, 1.280632
 94.000000, 2.138298, 0.372340, 1.166667, 1.560284
 89.666667, 1.936803, 0.301115, 1.345725, 1.672862
 74.000000, 1.108108, 0.333333, 0.729730, 1.085586
 88.333333, 1.883019, 0.283019, 0.709434, 1.015094
 88.333333, 1.343396, 0.226415, 1.109434, 1.362264
53
 0.250000, 0.000000, 0.000000, 0.000000, 1.000000
 63.000000, 4.566138, 1.148148, 1.730159, 2.920635
 81.333333, 1.323770, 0.360656, 1.364754, 1.745902
 80.666667, 1.458678, 0.272727, 0.793388, 1.086777
 85.333333, 1.335938, 0.281250, 0.984375, 1.289063
 82.333333, 1.279352, 0.259109, 0.740891, 1.024291
 84.666667, 1.350394, 0.271654, 1.181102, 1.472441
 90.666667, 1.632353, 0.261029, 1.125000, 1.404412
 82.333333, 1.534413, 0.271255, 1.287449, 1.578947
 86.333333, 1.166023, 0.285714, 1.745174, 2.054054
 68.666667, 1.320388, 0.378641, 2.063107, 2.466019
 90.000000, 1.185185, 0.362963, 1.577778, 1.962963
 94.000000, 1.641844, 0.301418, 1.198582, 1.521277
 84.666667, 1.484252, 0.271654, 1.775591, 2.066929
 87.000000, 1.398467, 0.245211, 1.226054, 1.494253
 85.333333, 1.437500, 0.250000, 1.214844, 1.500000
 92.000000, 1.978261, 0.311594, 1.242754, 1.572464
 79.000000, 2.198312, 0.303797, 0.970464, 1.295359
 89.666667, 1.044610, 0.245353, 0.695167, 0.962825
 87.666667, 1.285171, 0.247148, 1.228137, 1.498099
54
 0.250000, 0.000000, 0.000000, 0.000000, 1.000000
 74.333333, 4.793722, 1.578475, 2.331839, 3.968610
 87.333333, 2.248092, 0.366412, 1.255725, 1.641221
 92.000000, 1.952899, 0.340580, 0.826087, 1.188406
 91.000000, 1.428571, 0.326007, 0.776557, 1.120879
 82.000000, 1.308943, 0.252033, 0.743902, 1.020325
 90.000000, 1.496296, 0.248148, 1.366667, 1.648148
 83.333333, 1.380000, 0.340000, 1.424000, 1.784000
 81.333333, 1.418033, 0.241803, 1.561475, 1.831967
 85.333333, 1.480469, 0.269531, 1.882813, 2.175781
 72.333333, 1.036866, 0.322581, 1.870968, 2.216590
 86.000000, 1.302326, 0.368217, 1.701550, 2.096899
 91.666667, 1.654545, 0.316364, 1.283636, 1.621818
 85.666667, 2.003891, 0.466926, 1.992218, 2.529183
 82.000000, 1.101626, 0.268293, 1.504065, 1.792683
 77.000000, 0.904762, 0.329004, 1.329004, 1.679654
 85.666667, 1.653696, 0.287938, 1.400778, 1.704280
 76.000000, 2.166667, 0.381579, 0.684211, 1.087719
 89.000000, 1.198502, 0.239700, 0.797753, 1.056180
 92.000000, 1.355072, 0.228261, 1.010870, 1.260870
55
 0.250000, 1.000000, 0.000000, 0.000000, 1.000000
 65.333333, 5.250000, 1.719388, 2.056122, 3.816327
 90.666667, 2.441176, 0.503676, 1.154412, 1.676471
 91.666667, 2.149091, 0.400000, 1.167273, 1.585455
 83.000000, 1.718876, 0.409639, 1.048193, 1.477912
 74.333333, 1.071749, 0.264574, 0.721973, 1.004484
 82.000000, 1.126016, 0.247967, 1.268293, 1.536585
 87.666667, 1.326996, 0.292776, 1.307985, 1.623574
 79.000000, 1.578059, 0.295359, 1.535865, 1.856540
 89.666667, 1.412639, 0.260223, 1.513011, 1.791822
 66.000000, 0.989899, 0.303030, 1.904040, 2.227273
 77.333333, 0.918103, 0.280172, 1.478448, 1.780172
 89.333333, 1.440299, 0.268657, 1.212687, 1.503731
 83.333333, 1.244000, 0.280000, 1.628000, 1.928000
 81.333333, 0.877049, 0.266393, 1.520492, 1.815574
 80.666667, 1.012397, 0.293388, 1.342975, 1.661157
 79.333333, 1.705882, 0.310924, 1.495798, 1.823529
 71.000000, 1.211268, 0.328638, 0.830986, 1.183099
 76.333333, 1.048035, 0.227074, 0.703057, 0.956332
 87.000000, 1.080460, 0.249042, 1.398467, 1.666667
56
 0.250000, 0.000000, 0.000000, 0.000000, 0.000000
 65.666667, 3.969543, 1.385787, 1.619289, 3.121827
 88.333333, 2.094340, 0.449057, 1.064151, 1.535849
 80.333333, 1.008299, 0.278008, 1.203320, 1.506224
 83.000000, 1.473896, 0.253012, 0.899598, 1.176707
 78.333333, 1.306383, 0.285106, 0.672340, 0.974468
 80.666667, 1.305785, 0.235537, 1.673554, 1.929752
 84.000000, 1.404762, 0.345238, 1.357143, 1.722222
 79.666667, 1.389121, 0.234310, 1.677824, 1.937238
 89.666667, 1.230483, 0.234201, 1.773234, 2.029740
 67.333333, 0.712871, 0.267327, 1.688119, 1.975248
 83.000000, 1.248996, 0.409639, 1.409639, 1.843373
 79.333333, 1.105042, 0.357143, 1.306723, 1.689076
 78.000000, 1.068376, 0.307692, 1.858974, 2.183761
 96.000000, 1.420139, 0.256944, 1.388889, 1.670139
 81.666667, 1.273469, 0.265306, 1.600000, 1.885714
 84.000000, 1.353175, 0.261905, 1.567460, 1.849206
 75.666667, 1.299559, 0.268722, 0.881057, 1.171806
 82.000000, 1.260163, 0.227642, 0.727642, 0.971545
 91.666667, 1.254545, 0.229091, 1.261818, 1.512727
57
 0.250000, 2.000000, 0.000000, 0.000000, 0.000000
 58.333333, 2.754286, 1.394286, 1.680000, 3.211429
 85.000000, 1.898039, 0.403922, 1.364706, 1.792157
 85.333333, 1.687500, 0.359375, 1.132813, 1.515625
 80.666667, 1.305785, 0.351240, 0.859504, 1.235537
 71.666667, 1.000000, 0.237209, 0.841860, 1.162791
 79.000000, 1.345992, 0.253165, 1.443038, 1.717300
 81.666667, 1.273469, 0.334694, 1.375510, 1.730612
 70.000000, 1.028571, 0.276190, 2.023810, 2.319048
 85.333333, 1.179688, 0.238281, 1.687500, 1.949219
 78.666667, 1.508475, 0.245763, 1.762712, 2.029661
 81.333333, 1.200820, 0.311475, 1.422131, 1.754098
 94.000000, 1.670213, 0.265957, 1.195035, 1.482270
 90.333333, 1.826568, 0.357934, 1.439114, 1.822878
 84.666667, 1.011811, 0.263780, 1.259843, 1.543307
 84.333333, 1.972332, 0.371542, 1.363636, 1.758893
 79.666667, 1.205021, 0.280335, 1.472803, 1.774059
 82.000000, 1.800813, 0.386179, 0.890244, 1.296748
 82.666667, 0.778226, 0.245968, 0.858871, 1.125000
 87.000000, 1.210728, 0.237548, 1.344828, 1.601533
58
 0.250000, 0.000000, 0.000000, 1.000000, 1.000000
 63.333333, 3.842105, 1.984211, 2.005263, 4.026316
 95.333333, 3.062937, 0.426573, 1.213287, 1.660839
 84.333333, 1.549407, 0.260870, 1.201581, 1.490119
 94.333333, 1.968198, 0.268551, 0.777385, 1.070671
 80.666667, 1.128099, 0.235537, 0.677686, 0.938017
 87.666667, 1.326996, 0.250951, 1.315589, 1.589354
 83.666667, 1.035857, 0.358566, 1.402390, 1.780876
 74.333333, 0.896861, 0.282511, 2.013453, 2.318386
 86.333333, 1.131274, 0.281853, 1.517375, 1.818533
 75.666667, 1.343612, 0.308370, 1.581498, 1.911894
 83.666667, 1.274900, 0.326693, 1.505976, 1.852590
 82.666667, 1.330645, 0.254032, 1.379032, 1.653226
 76.333333, 1.205240, 0.401747, 2.030568, 2.454148
 79.666667, 1.209205, 0.234310, 1.238494, 1.489540
 85.333333, 1.531250, 0.304688, 1.285156, 1.632813
 83.333333, 1.308000, 0.344000, 1.588000, 1.956000
 82.666667, 1.612903, 0.346774, 0.919355, 1.286290
 86.666667, 1.438462, 0.246154, 0.776923, 1.042308
 93.333333, 1.585714, 0.225000, 1.271429, 1.517857
59
 0.250000, 3.000000, 0.000000, 0.000000, 0.000000
 62.666667, 3.808511, 1.978723, 1.957447, 4.111702
 84.666667, 1.791339, 0.338583, 1.444882, 1.803150
 86.000000, 1.848837, 0.294574, 0.961240, 1.279070
 91.666667, 1.596364, 0.294545, 0.832727, 1.149091
 83.000000, 1.534137, 0.224900, 0.706827, 0.955823
 85.000000, 1.098039, 0.243137, 1.372549, 1.635294
 81.333333, 1.045082, 0.331967, 1.368852, 1.725410
 76.333333, 1.200873, 0.266376, 1.401747, 1.685590
 94.333333, 1.547703, 0.272085, 1.773852, 2.067138
 69.333333, 0.927885, 0.245192, 1.653846, 1.918269
 82.000000, 1.247967, 0.357724, 1.520325, 1.894309
 80.333333, 1.236515, 0.294606, 1.485477, 1.800830
 84.333333, 1.039526, 0.288538, 1.786561, 2.098814
 85.666667, 1.404669, 0.233463, 1.346304, 1.603113
 78.666667, 1.258475, 0.283898, 1.144068, 1.449153
 84.666667, 1.480315, 0.271654, 1.464567, 1.755906
 79.333333, 1.794118, 0.357143, 0.819328, 1.197479
 77.666667, 1.072961, 0.240343, 0.841202, 1.107296
 79.333333, 1.021008, 0.235294, 1.168067, 1.428571
60
 0.250000, 0.000000, 0.000000, 0.000000, 1.000000
 60.666667, 2.384615, 1.005495, 2.373626, 3.489011
 91.333333, 2.503650, 0.485401, 1.233577, 1.737226
 88.333333, 2.252830, 0.241509, 0.800000, 1.060377
 87.000000, 1.938697, 0.344828, 0.973180, 1.340996
 77.666667, 0.995708, 0.274678, 0.755365, 1.051502
 80.666667, 0.714876, 0.239669, 1.516529, 1.776860
 82.000000, 0.922764, 0.329268, 1.459350, 1.808943
 68.333333, 1.136585, 0.370732, 2.341463, 2.736585
 87.000000, 1.337165, 0.283525, 1.532567, 1.839080
 67.000000, 1.243781, 0.283582, 3.124378, 3.427861
 82.000000, 1.532520, 0.264228, 1.544715, 1.833333
 88.000000, 1.155303, 0.284091, 1.276515, 1.583333
 77.333333, 1.112069, 0.271552, 2.021552, 2.314655
 83.333333, 1.128000, 0.264000, 1.200000, 1.488000
 90.666667, 1.926471, 0.323529, 1.191176, 1.536765
 79.000000, 0.818565, 0.316456, 1.763713, 2.101266
 73.666667, 1.330317, 0.303167, 0.823529, 1.149321
 83.333333, 1.060000, 0.244000, 0.848000, 1.112000
 81.333333, 1.102459, 0.250000, 1.385246, 1.655738
61
 0.250000, 1.000000, 0.000000, 1.000000, 1.000000
 61.333333, 3.576087, 1.608696, 2.358696, 4.005435
 89.000000, 1.943820, 0.299625, 1.262172, 1.580524
 83.666667, 1.462151, 0.294821, 1.195219, 1.541833
 86.000000, 1.589147, 0.244186, 0.891473, 1.158915
 81.333333, 1.532787, 0.286885, 0.774590, 1.086066
 90.666667, 1.628676, 0.242647, 1.551471, 1.816176
 90.333333, 1.845018, 0.287823, 1.269373, 1.579336
 72.333333, 0.963134, 0.239631, 1.981567, 2.239631
 84.333333, 1.154150, 0.260870, 1.743083, 2.023715
 74.000000, 1.563063, 0.283784, 1.635135, 1.941441
 84.333333, 1.328063, 0.268775, 1.415020, 1.703557
 94.666667, 1.500000, 0.253521, 1.225352, 1.503521
 83.000000, 1.337349, 0.301205, 1.759036, 2.080321
 80.000000, 0.908333, 0.258333, 1.404167, 1.712500
 82.000000, 1.756098, 0.268293, 1.138211, 1.426829
 85.000000, 1.768627, 0.325490, 1.298039, 1.643137
 71.333333, 1.523364, 0.271028, 0.948598, 1.242991
 92.000000, 1.634058, 0.228261, 0.844203, 1.097826
 92.666667, 1.424460, 0.215827, 1.165468, 1.402878
62
 0.250000, 1.000000, 0.000000, 0.000000, 1.000000
 65.666667, 3.619289, 1.578680, 1.908629, 3.532995
 89.333333, 1.358209, 0.287313, 1.354478, 1.664179
 84.333333, 2.043478, 0.328063, 0.774704, 1.126482
 83.000000, 1.028112, 0.369478, 0.927711, 1.317269
 80.000000, 1.279167, 0.275000, 0.691667, 0.987500
 83.666667, 1.163347, 0.254980, 1.386454, 1.661355
 82.666667, 1.346774, 0.294355, 1.491935, 1.802419
 68.000000, 1.009804, 0.274510, 1.686275, 1.985294
 78.333333, 0.991489, 0.263830, 1.710638, 1.995745
 77.000000, 1.497835, 0.259740, 1.740260, 2.021645
 84.666667, 1.523622, 0.267717, 1.433071, 1.724409
 88.000000, 1.465909, 0.314394, 1.276515, 1.609848
 81.333333, 1.274590, 0.295082, 2.073770, 2.389344
 79.333333, 0.806723, 0.273109, 1.336134, 1.634454
 77.666667, 1.223176, 0.283262, 1.261803, 1.596567
 76.333333, 1.078603, 0.331878, 1.371179, 1.751092
 77.666667, 1.738197, 0.317597, 0.858369, 1.223176
 91.000000, 1.194139, 0.223443, 0.681319, 0.930403
 97.666667, 1.631399, 0.232082, 1.249147, 1.505119
63
 0.250000, 0.000000, 0.000000, 0.000000, 1.000000
 63.333333, 4.305263, 1.152632, 1.715789, 3.142105
 86.333333, 2.173745, 0.455598, 1.166023, 1.644788
 75.666667, 1.519824, 0.299559, 1.193833, 1.515419
 77.666667, 1.424893, 0.278970, 0.961373, 1.266094
 80.000000, 1.554167, 0.333333, 0.687500, 1.041667
 92.666667, 1.420863, 0.251799, 1.381295, 1.654676
 87.000000, 1.065134, 0.291188, 1.444444, 1.758621
 79.333333, 1.138655, 0.252101, 1.815126, 2.092437
 88.000000, 1.151515, 0.257576, 1.863636, 2.143939
 74.333333, 1.331839, 0.237668, 1.439462, 1.699552
 86.666667, 1.380769, 0.300000, 1.557692, 1.876923
 82.333333, 1.344130, 0.307692, 1.238866, 1.570850
 79.000000, 1.130802, 0.345992, 1.713080, 2.080169
 82.000000, 1.272358, 0.264228, 1.402439, 1.686992
 85.000000, 1.192157, 0.250980, 1.349020, 1.615686
 80.333333, 1.244813, 0.273859, 1.269710, 1.564315
 80.666667, 1.500000, 0.297521, 0.723140, 1.045455
 95.000000, 1.473684, 0.242105, 0.754386, 1.021053
 91.000000, 1.406593, 0.219780, 1.069597, 1.311355
Histogram
10 0 0 0 0 0 0 0 0 32 109 59 56 45 97 155 160 117 86 71 66 40 24 18 11 9 7 7 6 8 4 5 6 2 9 7 1 0 3 3 4 1 0 0 0 0 0 0 0 0 0 0 0 0 0 0 0 0 0 0 0 0 0 0 0 0 0 0 0 0 1 0 0 0 0 0 0 0 0 0 3 0 0 0 0 0 0 0 0 0 0 0 0 0 0 0 0 0 0 0 0 0 0 0 0 0 0 0 0 0 0 0 0 0 0 0 0 0 0 38 
Cache Miss Ratio
0.05376440032505298
numOfSets
0
numOfGets
313795
numOfMultiGets
0
