20
0
 0.250000, 0.000000, 0.000000, 21.000000, 151.000000
 59.333333, 1.078652, 0.662921, 1.247191, 1.988764
 90.333333, 2.007380, 0.450185, 0.719557, 1.195572
 81.000000, 0.609053, 0.271605, 0.818930, 1.123457
 77.666667, 0.412017, 0.188841, 1.244635, 1.454936
 67.666667, 0.551724, 0.290640, 0.822660, 1.137931
 76.666667, 0.569565, 0.282609, 1.065217, 1.369565
 78.000000, 0.910256, 0.290598, 0.794872, 1.106838
 93.666667, 1.014235, 0.238434, 0.854093, 1.113879
 79.000000, 0.729958, 0.198312, 0.805907, 1.025316
 73.666667, 0.995475, 0.475113, 0.760181, 1.257919
 81.000000, 1.403292, 0.378601, 1.012346, 1.448560
 86.333333, 0.694981, 0.250965, 0.957529, 1.235521
 82.000000, 0.776423, 0.211382, 1.166667, 1.402439
 78.333333, 0.519149, 0.221277, 1.034043, 1.276596
 76.333333, 0.812227, 0.240175, 0.803493, 1.065502
 81.666667, 0.971429, 0.183673, 1.408163, 1.616327
 76.000000, 1.004386, 0.197368, 0.864035, 1.083333
 87.000000, 1.241379, 0.329502, 0.839080, 1.195402
 79.666667, 0.573222, 0.305439, 1.100418, 1.430962
1
 0.250000, 0.000000, 0.000000, 0.000000, 116.000000
 66.666667, 2.390000, 0.890000, 0.900000, 1.855000
 84.666667, 0.909449, 0.389764, 0.838583, 1.251969
 84.333333, 0.830040, 0.268775, 0.830040, 1.122530
 83.000000, 0.642570, 0.232932, 1.024096, 1.281124
 76.666667, 0.934783, 0.260870, 0.786957, 1.069565
 79.000000, 0.953586, 0.282700, 1.139241, 1.443038
 87.000000, 1.616858, 0.417625, 0.800766, 1.237548
 83.666667, 0.884462, 0.171315, 1.043825, 1.243028
 83.333333, 1.104000, 0.256000, 0.844000, 1.152000
 72.666667, 0.701835, 0.206422, 0.669725, 0.926606
 79.333333, 1.193277, 0.382353, 1.096639, 1.529412
 81.666667, 0.485714, 0.224490, 1.106122, 1.355102
 86.666667, 0.815385, 0.211538, 0.988462, 1.250000
 80.666667, 0.710744, 0.194215, 0.938017, 1.152893
 77.666667, 0.969957, 0.248927, 0.695279, 0.969957
 79.666667, 0.652720, 0.213389, 0.924686, 1.158996
 71.333333, 0.841121, 0.471963, 0.925234, 1.420561
 85.333333, 1.062500, 0.265625, 0.894531, 1.183594
 79.333333, 0.752101, 0.210084, 1.088235, 1.323529
2
 0.250000, 0.000000, 0.000000, 1.000000, 116.000000
 64.333333, 1.740933, 0.813472, 0.813472, 1.668394
 83.666667, 0.976096, 0.330677, 0.936255, 1.286853
 89.333333, 1.264925, 0.317164, 0.764925, 1.108209
 74.666667, 0.406250, 0.250000, 1.102679, 1.379464
 76.666667, 1.086957, 0.334783, 1.147826, 1.504348
 88.333333, 1.150943, 0.249057, 0.981132, 1.256604
 74.333333, 0.573991, 0.242152, 0.986547, 1.251121
 79.666667, 0.748954, 0.276151, 0.815900, 1.108787
 85.333333, 0.988281, 0.214844, 0.878906, 1.117188
 75.666667, 1.017621, 0.233480, 0.687225, 0.947137
 78.666667, 0.809322, 0.271186, 0.966102, 1.258475
 85.000000, 0.729412, 0.223529, 0.745098, 0.988235
 80.666667, 0.628099, 0.206612, 1.099174, 1.326446
 76.666667, 0.908696, 0.195652, 0.952174, 1.169565
 75.000000, 0.853333, 0.204444, 0.906667, 1.137778
 78.666667, 0.745763, 0.233051, 0.953390, 1.207627
 72.333333, 0.783410, 0.207373, 0.889401, 1.147465
 79.000000, 1.059072, 0.383966, 0.987342, 1.392405
 74.666667, 0.718750, 0.187500, 0.986607, 1.200893
3
 0.250000, 0.000000, 0.000000, 1.000000, 66.000000
 62.666667, 1.611702, 0.856383, 0.797872, 1.696809
 78.666667, 0.720339, 0.216102, 0.605932, 0.843220
 87.666667, 0.866920, 0.387833, 0.653992, 1.064639
 80.333333, 0.688797, 0.219917, 1.149378, 1.390041
 76.000000, 0.828947, 0.232456, 1.043860, 1.293860
 81.333333, 0.901639, 0.250000, 0.971311, 1.241803
 72.333333, 1.147465, 0.304147, 1.345622, 1.668203
 79.666667, 0.594142, 0.184100, 0.970711, 1.175732
 72.666667, 0.394495, 0.201835, 0.848624, 1.068807
 72.666667, 1.068807, 0.261468, 0.711009, 0.995413
 81.666667, 1.277551, 0.265306, 0.885714, 1.187755
 80.333333, 0.651452, 0.248963, 1.087137, 1.360996
 80.333333, 0.804979, 0.190871, 1.070539, 1.282158
 73.666667, 0.520362, 0.199095, 1.208145, 1.425339
 69.000000, 0.449275, 0.212560, 1.057971, 1.289855
 74.333333, 0.887892, 0.188341, 1.000000, 1.210762
 77.333333, 0.887931, 0.237069, 0.702586, 0.961207
 83.333333, 1.140000, 0.320000, 0.920000, 1.264000
 78.000000, 0.585470, 0.205128, 1.068376, 1.299145
4
 0.250000, 0.000000, 0.000000, 1.000000, 115.000000
 73.000000, 2.369863, 0.456621, 0.817352, 1.452055
 84.000000, 0.829365, 0.289683, 0.869048, 1.182540
 85.666667, 0.898833, 0.280156, 0.770428, 1.070039
 82.333333, 0.676113, 0.226721, 0.939271, 1.186235
 82.666667, 1.423387, 0.250000, 1.040323, 1.310484
 85.333333, 0.957031, 0.253906, 1.023438, 1.300781
 78.000000, 0.585470, 0.235043, 0.820513, 1.081197
 91.333333, 1.419708, 0.288321, 0.773723, 1.083942
 83.666667, 0.848606, 0.211155, 0.852590, 1.083665
 69.333333, 0.908654, 0.413462, 0.754808, 1.187500
 73.333333, 0.904545, 0.236364, 1.250000, 1.522727
 73.666667, 0.420814, 0.194570, 0.891403, 1.113122
 80.333333, 0.767635, 0.207469, 1.203320, 1.431535
 76.000000, 0.574561, 0.188596, 1.048246, 1.258772
 71.000000, 0.723005, 0.267606, 1.352113, 1.643192
 79.000000, 0.772152, 0.194093, 1.033755, 1.253165
 79.000000, 1.151899, 0.181435, 0.691983, 0.894515
 86.666667, 0.926923, 0.342308, 0.965385, 1.326923
 75.000000, 0.546667, 0.186667, 0.995556, 1.200000
5
 0.250000, 0.000000, 1.000000, 11.000000, 109.000000
 78.666667, 2.995763, 0.737288, 0.817797, 1.605932
 83.000000, 0.951807, 0.273092, 0.666667, 0.987952
 89.333333, 1.447761, 0.298507, 0.854478, 1.175373
 87.666667, 0.931559, 0.209125, 0.939163, 1.174905
 78.333333, 1.174468, 0.480851, 0.923404, 1.429787
 92.000000, 1.583333, 0.228261, 0.952899, 1.202899
 72.333333, 0.585253, 0.244240, 1.133641, 1.400922
 88.333333, 0.935849, 0.200000, 0.860377, 1.079245
 79.333333, 0.663866, 0.218487, 0.865546, 1.105042
 76.333333, 1.336245, 0.257642, 0.781659, 1.065502
 78.000000, 0.803419, 0.269231, 0.931624, 1.222222
 82.333333, 0.870445, 0.222672, 1.012146, 1.255061
 90.333333, 1.022140, 0.188192, 0.889299, 1.099631
 82.000000, 0.869919, 0.203252, 0.975610, 1.203252
 72.666667, 0.600917, 0.192661, 0.651376, 0.866972
 77.000000, 0.865801, 0.220779, 1.004329, 1.259740
 76.666667, 1.121739, 0.295652, 1.060870, 1.373913
 82.000000, 1.280488, 0.333333, 0.869919, 1.223577
 73.333333, 0.386364, 0.186364, 0.977273, 1.190909
6
 0.250000, 0.000000, 1.000000, 10.000000, 122.000000
 77.333333, 2.780172, 0.853448, 0.771552, 1.663793
 90.333333, 1.346863, 0.291513, 0.837638, 1.151292
 81.000000, 0.946502, 0.304527, 0.732510, 1.065844
 83.000000, 0.867470, 0.180723, 1.028112, 1.228916
 72.333333, 0.571429, 0.248848, 0.700461, 0.967742
 79.666667, 0.995816, 0.292887, 1.037657, 1.380753
 80.333333, 0.970954, 0.290456, 0.821577, 1.132780
 83.000000, 0.706827, 0.192771, 0.827309, 1.044177
 84.333333, 1.553360, 0.324111, 0.837945, 1.217391
 71.666667, 0.595349, 0.260465, 0.827907, 1.111628
 82.000000, 1.097561, 0.288618, 0.926829, 1.239837
 84.000000, 0.892857, 0.238095, 0.884921, 1.146825
 89.000000, 1.037453, 0.191011, 0.943820, 1.157303
 84.000000, 0.896825, 0.206349, 1.095238, 1.357143
 73.000000, 0.726027, 0.543379, 1.867580, 2.433790
 75.000000, 0.675556, 0.200000, 0.986667, 1.208889
 74.000000, 0.815315, 0.427928, 0.878378, 1.328829
 80.000000, 0.700000, 0.266667, 1.091667, 1.383333
 78.000000, 0.564103, 0.252137, 0.982906, 1.260684
7
 0.250000, 0.000000, 1.000000, 0.000000, 114.000000
 65.333333, 1.596939, 0.882653, 0.831633, 1.750000
 82.666667, 0.939516, 0.286290, 0.987903, 1.298387
 75.333333, 0.535398, 0.261062, 0.685841, 0.969027
 82.000000, 1.032520, 0.256098, 1.101626, 1.378049
 71.333333, 0.593458, 0.392523, 0.813084, 1.224299
 82.333333, 1.089069, 0.226721, 1.076923, 1.323887
 78.666667, 0.936441, 0.275424, 1.254237, 1.580508
 83.000000, 0.935743, 0.253012, 0.807229, 1.084337
 79.000000, 0.641350, 0.215190, 0.978903, 1.219409
 76.666667, 1.360870, 0.413043, 0.665217, 1.104348
 74.000000, 0.950450, 0.324324, 0.878378, 1.225225
 75.000000, 0.520000, 0.240000, 1.120000, 1.382222
 75.666667, 0.515419, 0.189427, 1.079295, 1.290749
 78.333333, 0.744681, 0.191489, 1.106383, 1.344681
 70.666667, 0.679245, 0.212264, 0.933962, 1.169811
 82.333333, 0.704453, 0.230769, 1.012146, 1.263158
 78.666667, 0.855932, 0.207627, 0.911017, 1.139831
 78.333333, 0.829787, 0.246809, 0.893617, 1.165957
 76.333333, 0.580786, 0.318777, 1.004367, 1.371179
8
 0.250000, 0.000000, 0.000000, 0.000000, 121.000000
 52.666667, 0.917722, 0.626582, 1.246835, 1.917722
 80.333333, 1.024896, 0.311203, 0.879668, 1.211618
 82.000000, 0.853659, 0.284553, 0.861789, 1.166667
 82.333333, 0.927126, 0.226721, 1.210526, 1.457490
 75.666667, 1.348018, 0.268722, 0.718062, 1.008811
 73.333333, 0.518182, 0.236364, 1.077273, 1.336364
 73.333333, 0.740909, 0.286364, 1.572727, 1.881818
 80.666667, 0.826446, 0.210744, 0.822314, 1.057851
 78.000000, 0.769231, 0.273504, 0.905983, 1.230769
 72.000000, 0.847222, 0.217593, 0.643519, 0.879630
 77.333333, 0.913793, 0.202586, 1.051724, 1.280172
 77.333333, 0.495690, 0.206897, 1.021552, 1.250000
 76.666667, 0.604348, 0.204348, 1.100000, 1.352174
 75.333333, 0.482301, 0.199115, 1.137168, 1.358407
 71.666667, 0.660465, 0.251163, 0.725581, 0.995349
 81.000000, 1.016461, 0.251029, 0.855967, 1.127572
 72.000000, 0.972222, 0.222222, 0.759259, 1.004630
 84.000000, 0.916667, 0.313492, 1.043651, 1.380952
 85.000000, 1.050980, 0.243137, 0.858824, 1.129412
9
 0.250000, 0.000000, 0.000000, 0.000000, 114.000000
 72.333333, 2.078341, 0.728111, 1.105991, 1.866359
 76.666667, 0.873913, 0.273913, 0.673913, 0.969565
 88.666667, 0.973684, 0.293233, 0.812030, 1.150376
 78.666667, 1.025424, 0.254237, 1.080508, 1.360169
 74.333333, 0.977578, 0.497758, 1.017937, 1.538117
 85.666667, 0.984436, 0.233463, 0.929961, 1.186770
 75.333333, 0.969027, 0.331858, 1.367257, 1.721239
 88.666667, 1.086466, 0.210526, 0.962406, 1.191729
 88.000000, 1.178030, 0.223485, 0.890152, 1.136364
 72.666667, 0.844037, 0.215596, 1.036697, 1.270642
 76.666667, 0.652174, 0.304348, 1.021739, 1.347826
 84.666667, 0.767717, 0.208661, 1.023622, 1.259843
 83.333333, 0.956000, 0.212000, 0.928000, 1.160000
 83.000000, 0.867470, 0.196787, 0.943775, 1.164659
 72.333333, 0.686636, 0.225806, 0.640553, 0.949309
 74.666667, 0.741071, 0.236607, 1.406250, 1.665179
 73.333333, 0.968182, 0.209091, 0.831818, 1.063636
 79.666667, 0.669456, 0.259414, 0.987448, 1.267782
 77.000000, 0.670996, 0.255411, 0.961039, 1.242424
10
 0.250000, 0.000000, 0.000000, 0.000000, 114.000000
 76.666667, 2.465217, 0.713043, 0.995652, 1.743478
 81.333333, 0.754098, 0.225410, 0.700820, 0.950820
 77.000000, 0.610390, 0.277056, 0.792208, 1.090909
 72.666667, 0.316514, 0.197248, 1.036697, 1.256881
 68.333333, 0.556098, 0.219512, 1.107317, 1.351220
 71.333333, 0.719626, 0.285047, 1.289720, 1.598131
 70.333333, 0.549763, 0.255924, 1.436019, 1.715640
 77.000000, 0.653680, 0.255411, 1.138528, 1.415584
 79.666667, 0.610879, 0.192469, 0.887029, 1.096234
 70.666667, 1.108491, 0.349057, 0.773585, 1.146226
 73.333333, 0.772727, 0.227273, 0.909091, 1.190909
 79.666667, 0.945607, 0.242678, 0.928870, 1.188285
 78.333333, 0.638298, 0.204255, 1.144681, 1.370213
 81.333333, 0.766393, 0.213115, 0.877049, 1.114754
 72.333333, 0.847926, 0.691244, 1.539171, 2.253456
 72.666667, 0.660550, 0.302752, 0.995413, 1.321101
 71.666667, 0.720930, 0.306977, 0.916279, 1.246512
 76.000000, 0.741228, 0.245614, 1.008772, 1.280702
 80.666667, 1.016529, 0.214876, 1.239669, 1.508264
11
 0.250000, 0.000000, 0.000000, 1.000000, 114.000000
 78.666667, 3.377119, 1.177966, 1.067797, 2.275424
 89.000000, 1.265918, 0.325843, 0.632959, 0.981273
 72.666667, 0.596330, 0.284404, 0.766055, 1.073394
 77.666667, 0.824034, 0.214592, 1.017167, 1.248927
 67.666667, 0.630542, 0.197044, 0.778325, 1.004926
 78.666667, 1.021186, 0.262712, 0.868644, 1.156780
 72.000000, 0.773148, 0.259259, 1.259259, 1.541667
 87.666667, 1.517110, 0.304183, 0.821293, 1.148289
 79.666667, 0.849372, 0.225941, 0.966527, 1.213389
 66.333333, 0.633166, 0.356784, 0.758794, 1.140704
 84.000000, 1.519841, 0.333333, 0.797619, 1.150794
 81.000000, 0.609053, 0.218107, 0.876543, 1.115226
 83.333333, 0.844000, 0.220000, 1.180000, 1.424000
 82.666667, 0.963710, 0.209677, 0.951613, 1.189516
 81.333333, 1.065574, 0.602459, 0.864754, 1.487705
 69.666667, 0.569378, 0.220096, 1.516746, 1.760766
 68.666667, 0.723301, 0.194175, 0.815534, 1.029126
 82.000000, 0.776423, 0.325203, 1.097561, 1.447154
 78.666667, 0.745763, 0.186441, 1.004237, 1.245763
12
 0.250000, 0.000000, 0.000000, 0.000000, 113.000000
 67.000000, 1.751244, 0.810945, 0.820896, 1.666667
 82.333333, 1.174089, 0.279352, 0.846154, 1.178138
 76.666667, 0.530435, 0.269565, 0.773913, 1.095652
 78.666667, 0.563559, 0.237288, 1.122881, 1.381356
 73.666667, 0.855204, 0.180995, 0.850679, 1.054299
 75.333333, 0.637168, 0.287611, 0.964602, 1.274336
 69.333333, 0.432692, 0.408654, 1.543269, 1.971154
 81.666667, 0.657143, 0.187755, 0.877551, 1.114286
 83.333333, 1.044000, 0.252000, 0.776000, 1.048000
 75.666667, 1.022026, 0.224670, 0.643172, 0.894273
 79.666667, 1.008368, 0.238494, 1.012552, 1.288703
 86.666667, 0.992308, 0.284615, 0.926923, 1.234615
 90.000000, 1.196296, 0.214815, 0.959259, 1.196296
 83.000000, 0.526104, 0.220884, 0.987952, 1.228916
 74.000000, 0.833333, 0.211712, 1.252252, 1.490991
 71.666667, 0.618605, 0.195349, 1.311628, 1.530233
 70.333333, 0.696682, 0.227488, 0.753555, 1.004739
 74.333333, 0.721973, 0.215247, 1.251121, 1.493274
 79.000000, 0.632911, 0.240506, 0.978903, 1.240506
13
 0.250000, 0.000000, 0.000000, 1.000000, 121.000000
 73.000000, 2.109589, 0.867580, 0.844749, 1.748858
 83.666667, 0.812749, 0.306773, 0.625498, 0.952191
 89.666667, 1.018587, 0.293680, 0.847584, 1.163569
 82.000000, 0.678862, 0.203252, 0.979675, 1.203252
 79.000000, 1.430380, 0.257384, 0.797468, 1.080169
 79.333333, 0.768908, 0.264706, 1.000000, 1.285714
 74.666667, 0.866071, 0.272321, 1.437500, 1.732143
 84.666667, 1.059055, 0.212598, 0.885827, 1.125984
 78.000000, 0.555556, 0.235043, 0.811966, 1.068376
 68.666667, 1.048544, 0.461165, 1.553398, 2.033981
 76.666667, 1.143478, 0.256522, 0.965217, 1.243478
 86.333333, 0.779923, 0.277992, 0.938224, 1.239382
 90.666667, 1.066176, 0.183824, 1.066176, 1.272059
 86.333333, 0.830116, 0.220077, 1.011583, 1.254826
 78.333333, 0.782979, 0.221277, 0.991489, 1.263830
 70.666667, 0.570755, 0.212264, 1.301887, 1.575472
 67.000000, 0.611940, 0.208955, 0.805970, 1.034826
 77.666667, 0.759657, 0.270386, 1.253219, 1.545064
 75.666667, 0.528634, 0.198238, 0.991189, 1.215859
14
 0.250000, 0.000000, 0.000000, 1.000000, 113.000000
 65.000000, 1.830769, 0.748718, 0.912821, 1.697436
 86.666667, 0.950000, 0.257692, 0.676923, 0.957692
 81.000000, 0.818930, 0.255144, 0.843621, 1.119342
 81.333333, 0.680328, 0.225410, 0.954918, 1.200820
 81.000000, 1.131687, 0.213992, 0.748971, 0.983539
 86.000000, 1.430233, 0.267442, 1.027132, 1.321705
 85.000000, 1.364706, 0.411765, 1.309804, 1.745098
 86.666667, 0.811538, 0.200000, 0.873077, 1.092308
 90.000000, 1.370370, 0.229630, 0.874074, 1.125926
 73.000000, 0.945205, 0.374429, 1.136986, 1.534247
 73.000000, 1.013699, 0.278539, 0.926941, 1.228311
 78.000000, 0.623932, 0.196581, 1.128205, 1.346154
 80.666667, 0.706612, 0.227273, 1.181818, 1.429752
 77.333333, 0.616379, 0.211207, 0.961207, 1.193966
 72.666667, 0.669725, 0.211009, 0.853211, 1.087156
 76.000000, 0.872807, 0.232456, 1.039474, 1.298246
 71.333333, 0.817757, 0.191589, 1.107477, 1.317757
 80.333333, 1.182573, 0.311203, 1.062241, 1.390041
 74.333333, 0.313901, 0.201794, 1.161435, 1.390135
15
 0.250000, 0.000000, 0.000000, 0.000000, 113.000000
 71.000000, 2.849765, 0.727700, 1.093897, 1.859155
 90.333333, 1.243542, 0.247232, 0.653137, 0.922509
 88.333333, 1.335849, 0.226415, 0.739623, 0.992453
 86.666667, 1.092308, 0.246154, 0.957692, 1.226923
 78.000000, 1.183761, 0.222222, 0.769231, 1.017094
 89.000000, 1.183521, 0.322097, 1.093633, 1.434457
 81.000000, 1.106996, 0.794239, 0.806584, 1.625514
 81.000000, 0.625514, 0.246914, 0.954733, 1.226337
 74.666667, 0.477679, 0.223214, 0.879464, 1.125000
 72.000000, 0.671296, 0.222222, 0.842593, 1.092593
 73.333333, 0.822727, 0.236364, 1.050000, 1.309091
 73.333333, 0.545455, 0.218182, 1.104545, 1.345455
 82.333333, 0.927126, 0.218623, 1.044534, 1.283401
 76.333333, 0.519651, 0.192140, 0.943231, 1.157205
 71.333333, 0.612150, 0.228972, 1.000000, 1.247664
 71.333333, 0.785047, 0.210280, 1.023364, 1.257009
 73.333333, 0.795455, 0.190909, 0.840909, 1.054545
 76.333333, 0.912664, 0.432314, 1.043668, 1.497817
 74.666667, 0.629464, 0.232143, 1.089286, 1.343750
16
 0.250000, 0.000000, 0.000000, 0.000000, 113.000000
 69.333333, 2.274038, 1.149038, 0.855769, 2.038462
 80.000000, 0.641667, 0.308333, 0.950000, 1.283333
 83.666667, 1.322709, 0.306773, 0.808765, 1.139442
 79.000000, 0.675105, 0.189873, 1.037975, 1.244726
 78.000000, 1.081197, 0.269231, 0.829060, 1.119658
 77.333333, 0.642241, 0.237069, 1.094828, 1.349138
 69.666667, 0.468900, 0.220096, 1.124402, 1.363636
 80.000000, 0.591667, 0.200000, 0.875000, 1.108333
 80.333333, 0.755187, 0.190871, 0.817427, 1.058091
 77.000000, 1.480519, 0.324675, 0.753247, 1.099567
 73.333333, 0.918182, 0.240909, 0.859091, 1.122727
 75.666667, 0.418502, 0.211454, 0.823789, 1.057269
 76.333333, 0.606987, 0.187773, 1.013100, 1.222707
 78.333333, 0.634043, 0.174468, 1.068085, 1.259574
 74.000000, 0.815315, 0.261261, 0.680180, 0.963964
 70.666667, 0.448113, 0.240566, 1.410377, 1.669811
 69.000000, 0.642512, 0.874396, 0.869565, 1.772947
 78.000000, 0.803419, 0.401709, 1.081197, 1.504274
 74.333333, 0.390135, 0.233184, 0.932735, 1.188341
17
 0.250000, 0.000000, 0.000000, 0.000000, 144.000000
 74.666667, 2.022321, 0.674107, 0.991071, 1.727679
 88.333333, 1.147170, 0.256604, 0.633962, 0.913208
 85.666667, 0.976654, 0.260700, 0.809339, 1.116732
 85.666667, 0.653696, 0.233463, 0.937743, 1.194553
 72.666667, 0.724771, 0.261468, 0.788991, 1.105505
 78.000000, 1.217949, 0.290598, 1.123932, 1.435897
 77.666667, 0.660944, 0.236052, 1.021459, 1.283262
 89.000000, 0.992509, 0.213483, 0.850187, 1.089888
 82.666667, 1.008065, 0.221774, 0.959677, 1.209677
 69.333333, 0.889423, 0.312500, 0.860577, 1.192308
 81.333333, 1.442623, 0.331967, 0.856557, 1.241803
 75.333333, 0.522124, 0.190265, 0.924779, 1.194690
 73.000000, 0.347032, 0.182648, 0.936073, 1.146119
 75.666667, 0.396476, 0.215859, 0.907489, 1.145374
 71.666667, 0.683721, 0.232558, 0.972093, 1.223256
 74.000000, 0.608108, 0.234234, 0.986486, 1.243243
 66.666667, 0.730000, 0.735000, 0.905000, 1.660000
 74.000000, 0.360360, 0.229730, 1.040541, 1.292793
 78.666667, 0.576271, 0.199153, 1.055085, 1.275424
18
 0.250000, 0.000000, 0.000000, 0.000000, 142.000000
 73.666667, 2.855204, 0.927602, 1.153846, 2.126697
 77.333333, 0.780172, 0.241379, 0.650862, 0.913793
 93.333333, 1.325000, 0.335714, 0.757143, 1.114286
 88.666667, 1.090226, 0.221805, 0.966165, 1.214286
 78.000000, 1.517094, 0.320513, 0.871795, 1.222222
 91.666667, 1.436364, 0.374545, 0.949091, 1.352727
 81.666667, 1.024490, 0.232653, 1.310204, 1.571429
 84.333333, 0.640316, 0.209486, 0.968379, 1.201581
 81.000000, 1.489712, 0.366255, 1.000000, 1.399177
 64.000000, 0.619792, 0.234375, 0.692708, 0.947917
 71.000000, 0.657277, 0.333333, 1.098592, 1.460094
 76.333333, 0.393013, 0.231441, 0.794760, 1.048035
 76.000000, 0.460526, 0.184211, 1.004386, 1.214912
 73.000000, 0.342466, 0.200913, 1.009132, 1.232877
 70.666667, 0.561321, 0.188679, 1.353774, 1.566038
 76.666667, 0.682609, 0.256522, 1.004348, 1.286957
 69.333333, 0.596154, 0.721154, 1.692308, 2.432692
 74.000000, 0.373874, 0.306306, 1.207207, 1.531532
 85.333333, 1.035156, 0.191406, 1.023438, 1.234375
19
 0.250000, 0.000000, 0.000000, 7.000000, 142.000000
 68.333333, 1.746341, 0.497561, 0.863415, 1.448780
 93.333333, 1.314286, 0.278571, 0.642857, 0.960714
 81.333333, 0.750000, 0.266393, 0.782787, 1.069672
 83.333333, 0.644000, 0.208000, 0.984000, 1.240000
 75.666667, 1.171806, 0.268722, 0.766520, 1.057269
 76.333333, 0.820961, 0.275109, 1.148472, 1.441048
 77.000000, 0.865801, 0.619048, 1.523810, 2.164502
 80.000000, 0.462500, 0.208333, 1.020833, 1.250000
 75.333333, 0.508850, 0.225664, 0.982301, 1.230088
 78.000000, 0.786325, 0.448718, 0.658120, 1.128205
 77.000000, 1.099567, 0.454545, 1.190476, 1.662338
 77.666667, 0.583691, 0.201717, 1.068670, 1.296137
 80.666667, 0.500000, 0.173554, 0.971074, 1.165289
 75.000000, 0.475556, 0.204444, 1.111111, 1.337778
 71.333333, 0.635514, 0.224299, 1.009346, 1.257009
 72.666667, 0.889908, 0.183486, 1.004587, 1.215596
 76.000000, 1.030702, 0.657895, 0.916667, 1.592105
 90.000000, 1.596296, 0.422222, 0.911111, 1.359259
 83.000000, 0.831325, 0.220884, 1.048193, 1.293173
20
 0.250000, 0.000000, 0.000000, 21.000000, 142.000000
 71.333333, 2.299065, 0.761682, 0.841121, 1.640187
 81.000000, 0.921811, 0.234568, 0.654321, 0.917695
 79.666667, 0.769874, 0.305439, 0.958159, 1.288703
 89.666667, 1.126394, 0.193309, 0.951673, 1.167286
 79.666667, 1.037657, 0.230126, 0.715481, 0.966527
 85.666667, 0.898833, 0.276265, 0.972763, 1.272374
 79.333333, 0.777311, 0.235294, 1.109244, 1.369748
 85.666667, 0.727626, 0.221790, 0.809339, 1.050584
 85.666667, 1.031128, 0.241245, 0.832685, 1.097276
 69.333333, 0.639423, 0.192308, 0.653846, 0.870192
 73.666667, 1.058824, 0.352941, 1.244344, 1.619910
 75.333333, 0.460177, 0.181416, 1.283186, 1.486726
 76.000000, 0.592105, 0.192982, 1.223684, 1.438596
 77.000000, 0.463203, 0.216450, 1.108225, 1.346320
 73.333333, 0.981818, 0.522727, 1.240909, 1.790909
 77.333333, 0.948276, 0.241379, 1.301724, 1.564655
 72.000000, 0.518519, 0.291667, 1.064815, 1.412037
 82.000000, 0.853659, 0.365854, 1.093496, 1.479675
 80.333333, 0.489627, 0.195021, 1.053942, 1.302905
21
 0.250000, 0.000000, 0.000000, 7.000000, 143.000000
 67.666667, 1.674877, 0.566502, 0.896552, 1.507389
 79.000000, 0.767932, 0.337553, 0.729958, 1.088608
 75.666667, 0.898678, 0.317181, 0.753304, 1.127753
 82.000000, 0.601626, 0.211382, 1.004065, 1.231707
 74.000000, 0.752252, 0.202703, 0.693694, 0.914414
 78.666667, 1.046610, 0.313559, 1.080508, 1.415254
 72.000000, 0.662037, 0.365741, 1.972222, 2.361111
 84.666667, 0.669291, 0.216535, 0.976378, 1.216535
 79.666667, 0.782427, 0.246862, 0.761506, 1.029289
 66.000000, 0.772727, 0.262626, 0.929293, 1.212121
 73.666667, 0.705882, 0.321267, 1.031674, 1.375566
 76.000000, 0.688596, 0.206140, 1.131579, 1.355263
 78.666667, 0.597458, 0.211864, 0.944915, 1.173729
 79.000000, 0.578059, 0.194093, 1.012658, 1.227848
 67.666667, 0.482759, 0.261084, 0.650246, 0.931034
 81.666667, 1.118367, 0.204082, 0.955102, 1.179592
 77.333333, 0.857759, 0.560345, 0.965517, 1.547414
 81.666667, 1.318367, 0.355102, 0.963265, 1.342857
 75.333333, 0.588496, 0.216814, 0.884956, 1.123894
22
 0.250000, 0.000000, 0.000000, 7.000000, 142.000000
 70.666667, 2.122642, 0.471698, 0.683962, 1.207547
 81.333333, 0.659836, 0.274590, 0.668033, 0.963115
 88.000000, 1.818182, 0.337121, 0.791667, 1.151515
 80.333333, 0.568465, 0.215768, 1.195021, 1.431535
 74.000000, 1.126126, 0.274775, 0.815315, 1.117117
 82.000000, 1.369919, 0.300813, 1.048780, 1.398374
 76.000000, 0.596491, 0.276316, 0.894737, 1.192982
 84.666667, 0.771654, 0.188976, 0.866142, 1.082677
 82.333333, 1.024291, 0.218623, 0.744939, 0.983806
 69.666667, 1.177033, 0.229665, 0.827751, 1.114833
 74.000000, 0.914414, 0.202703, 0.887387, 1.117117
 70.666667, 0.415094, 0.207547, 1.207547, 1.433962
 77.000000, 0.696970, 0.199134, 1.160173, 1.385281
 75.666667, 0.497797, 0.189427, 1.066079, 1.273128
 72.666667, 0.766055, 0.220183, 1.522936, 1.766055
 79.000000, 0.751055, 0.223629, 1.075949, 1.324895
 70.333333, 0.696682, 0.213270, 0.976303, 1.213270
 73.000000, 0.484018, 0.205479, 1.045662, 1.273973
 79.666667, 0.736402, 0.225941, 1.058577, 1.305439
23
 0.250000, 0.000000, 0.000000, 21.000000, 141.000000
 63.000000, 1.550265, 0.634921, 0.883598, 1.550265
 87.000000, 1.145594, 0.340996, 0.701149, 1.065134
 82.333333, 0.935223, 0.259109, 0.793522, 1.080972
 84.666667, 0.622047, 0.192913, 0.937008, 1.149606
 70.000000, 0.595238, 0.190476, 0.919048, 1.133333
 78.000000, 0.615385, 0.252137, 1.029915, 1.299145
 78.333333, 0.706383, 0.208511, 1.102128, 1.331915
 87.666667, 0.958175, 0.193916, 0.855513, 1.072243
 89.666667, 1.040892, 0.234201, 0.884758, 1.141264
 78.666667, 1.631356, 0.220339, 0.618644, 0.860169
 79.333333, 0.710084, 0.294118, 0.978992, 1.298319
 80.000000, 0.550000, 0.258333, 0.812500, 1.091667
 80.333333, 0.834025, 0.203320, 1.049793, 1.269710
 83.666667, 0.685259, 0.195219, 0.968127, 1.187251
 75.666667, 0.766520, 0.233480, 0.682819, 0.942731
 76.000000, 0.662281, 0.223684, 0.947368, 1.223684
 77.000000, 0.935065, 0.580087, 0.800866, 1.402597
 86.000000, 1.069767, 0.515504, 1.019380, 1.554264
 78.000000, 0.666667, 0.282051, 1.123932, 1.431624
24
 0.250000, 0.000000, 6.000000, 7.000000, 76.000000
 72.333333, 2.055300, 0.728111, 1.258065, 2.023041
 89.333333, 1.320896, 0.276119, 0.858209, 1.160448
 84.333333, 0.865613, 0.260870, 0.758893, 1.039526
 77.666667, 0.562232, 0.223176, 1.042918, 1.287554
 66.666667, 0.760000, 0.260000, 0.795000, 1.080000
 72.666667, 0.477064, 0.243119, 1.123853, 1.389908
 77.666667, 0.811159, 0.240343, 1.167382, 1.433476
 86.000000, 0.841085, 0.279070, 0.875969, 1.178295
 78.000000, 0.623932, 0.252137, 1.064103, 1.337607
 73.333333, 1.118182, 0.309091, 0.622727, 0.954545
 87.000000, 1.754789, 0.306513, 0.911877, 1.241379
 80.333333, 0.605809, 0.203320, 0.867220, 1.095436
 84.666667, 0.870079, 0.204724, 0.980315, 1.204724
 77.333333, 0.547414, 0.193966, 0.922414, 1.137931
 75.000000, 0.751111, 0.226667, 0.786667, 1.031111
 71.666667, 0.558140, 0.190698, 0.948837, 1.162791
 75.666667, 0.766520, 0.559471, 0.938326, 1.519824
 83.000000, 0.847390, 0.337349, 1.076305, 1.437751
 80.333333, 0.651452, 0.232365, 0.887967, 1.145228
25
 0.250000, 0.000000, 0.000000, 0.000000, 33.000000
 66.333333, 2.105528, 0.753769, 0.929648, 1.728643
 85.333333, 1.105469, 0.281250, 0.691406, 0.992188
 81.000000, 0.831276, 0.267490, 0.921811, 1.213992
 79.000000, 0.481013, 0.219409, 1.054852, 1.295359
 76.000000, 0.978070, 0.276316, 0.741228, 1.043860
 85.666667, 1.186770, 0.408560, 1.000000, 1.431907
 75.000000, 0.586667, 0.284444, 0.831111, 1.137778
 87.666667, 0.711027, 0.193916, 0.904943, 1.144487
 76.333333, 0.698690, 0.270742, 0.995633, 1.288210
 66.333333, 0.748744, 0.221106, 0.648241, 0.889447
 71.666667, 0.758140, 0.241860, 1.009302, 1.279070
 73.333333, 0.495455, 0.250000, 1.050000, 1.322727
 80.666667, 0.632231, 0.169421, 1.037190, 1.227273
 75.000000, 0.715556, 0.186667, 0.973333, 1.182222
 72.666667, 0.743119, 0.188073, 1.155963, 1.366972
 74.666667, 0.598214, 0.241071, 1.138393, 1.406250
 79.666667, 1.096234, 0.414226, 0.937238, 1.372385
 84.666667, 1.212598, 0.326772, 0.858268, 1.208661
 76.333333, 0.502183, 0.244541, 1.117904, 1.384279
26
 0.250000, 5.000000, 0.000000, 0.000000, 0.000000
 69.666667, 2.200957, 0.875598, 0.966507, 1.956938
 83.000000, 0.662651, 0.469880, 0.983936, 1.477912
 84.666667, 1.118110, 0.275591, 0.740157, 1.039370
 85.000000, 0.721569, 0.176471, 0.925490, 1.172549
 72.000000, 0.847222, 0.236111, 1.050926, 1.305556
 72.666667, 0.788991, 0.256881, 0.876147, 1.160550
 81.333333, 1.340164, 0.295082, 1.098361, 1.418033
 88.666667, 0.966165, 0.195489, 0.887218, 1.101504
 80.333333, 0.651452, 0.195021, 0.946058, 1.170124
 74.333333, 1.116592, 0.421525, 0.726457, 1.174888
 79.666667, 0.803347, 0.288703, 1.008368, 1.326360
 76.666667, 0.617391, 0.200000, 1.013043, 1.239130
 81.000000, 0.609053, 0.234568, 1.098765, 1.353909
 78.000000, 0.662393, 0.217949, 0.991453, 1.226496
 71.000000, 0.511737, 0.230047, 0.690141, 0.943662
 78.000000, 0.581197, 0.200855, 0.944444, 1.166667
 71.333333, 0.738318, 0.200935, 1.037383, 1.261682
 76.666667, 0.747826, 0.460870, 1.104348, 1.586957
 77.000000, 0.567100, 0.229437, 1.030303, 1.277056
27
 0.250000, 4.000000, 0.000000, 0.000000, 0.000000
 64.666667, 1.680412, 0.618557, 0.860825, 1.530928
 88.000000, 0.996212, 0.333333, 0.958333, 1.314394
 85.000000, 1.137255, 0.258824, 0.756863, 1.050980
 83.000000, 0.702811, 0.224900, 0.991968, 1.240964
 76.000000, 1.201754, 0.293860, 1.026316, 1.377193
 77.333333, 0.741379, 0.245690, 1.099138, 1.366379
 79.000000, 0.864979, 0.312236, 1.434599, 1.767932
 91.666667, 1.029091, 0.243636, 0.898182, 1.163636
 90.666667, 1.338235, 0.224265, 0.827206, 1.077206
 71.666667, 1.093023, 0.237209, 0.646512, 0.906977
 82.666667, 1.600806, 0.322581, 0.991935, 1.338710
 77.000000, 0.398268, 0.212121, 1.181818, 1.424242
 76.000000, 0.478070, 0.197368, 1.105263, 1.320175
 73.333333, 0.481818, 0.213636, 1.095455, 1.331818
 69.666667, 0.578947, 0.248804, 1.000000, 1.272727
 73.000000, 0.520548, 0.214612, 0.949772, 1.182648
 71.333333, 0.911215, 0.593458, 1.028037, 1.644860
 76.666667, 0.769565, 0.304348, 0.900000, 1.230435
 78.666667, 0.635593, 0.245763, 1.042373, 1.309322
28
 0.250000, 0.000000, 0.000000, 0.000000, 1.000000
 71.000000, 2.539906, 0.821596, 0.882629, 1.741784
 83.333333, 0.788000, 0.272000, 0.796000, 1.088000
 82.000000, 0.817073, 0.308943, 0.780488, 1.113821
 86.666667, 0.803846, 0.180769, 1.080769, 1.284615
 66.000000, 0.686869, 0.207071, 0.914141, 1.141414
 80.333333, 1.174274, 0.327801, 1.020747, 1.373444
 75.333333, 0.685841, 0.269912, 1.128319, 1.420354
 80.333333, 0.510373, 0.211618, 0.941909, 1.178423
 78.666667, 0.686441, 0.186441, 0.911017, 1.118644
 72.666667, 0.967890, 0.243119, 0.637615, 0.908257
 73.333333, 0.768182, 0.250000, 1.072727, 1.390909
 81.666667, 0.910204, 0.302041, 0.832653, 1.155102
 83.333333, 0.700000, 0.220000, 1.036000, 1.280000
 76.333333, 0.628821, 0.196507, 1.048035, 1.266376
 71.333333, 0.658879, 0.228972, 0.892523, 1.144860
 82.333333, 1.109312, 0.202429, 0.955466, 1.186235
 76.333333, 0.786026, 0.205240, 0.799127, 1.026201
 87.333333, 1.709924, 0.404580, 1.076336, 1.503817
 84.666667, 0.917323, 0.267717, 1.141732, 1.429134
29
 0.250000, 1.000000, 0.000000, 0.000000, 0.000000
 70.333333, 2.341232, 0.654028, 0.981043, 1.668246
 88.666667, 0.984962, 0.342105, 0.635338, 0.996241
 81.333333, 0.672131, 0.311475, 0.831967, 1.209016
 78.000000, 0.482906, 0.205128, 1.111111, 1.333333
 77.666667, 1.128755, 0.248927, 1.012876, 1.283262
 81.333333, 0.995902, 0.290984, 0.950820, 1.266393
 76.333333, 1.257642, 0.532751, 1.349345, 1.903930
 78.666667, 0.652542, 0.182203, 0.923729, 1.127119
 79.000000, 0.729958, 0.185654, 0.919831, 1.126582
 70.000000, 0.728571, 0.209524, 0.904762, 1.138095
 85.333333, 1.410156, 0.347656, 0.910156, 1.281250
 88.333333, 0.947170, 0.218868, 1.177358, 1.445283
 83.333333, 1.000000, 0.224000, 0.908000, 1.152000
 84.333333, 0.616601, 0.205534, 0.893281, 1.122530
 68.333333, 0.521951, 0.234146, 0.702439, 0.956098
 70.666667, 0.617925, 0.221698, 1.117925, 1.363208
 78.333333, 0.982979, 0.229787, 0.948936, 1.212766
 86.000000, 1.015504, 0.430233, 1.069767, 1.519380
 76.333333, 0.519651, 0.235808, 0.965066, 1.222707
30
 0.250000, 1.000000, 0.000000, 0.000000, 0.000000
 71.333333, 1.836449, 0.612150, 0.878505, 1.523364
 83.000000, 1.176707, 0.297189, 0.903614, 1.224900
 90.000000, 1.355556, 0.266667, 0.759259, 1.048148
 82.333333, 0.562753, 0.210526, 1.105263, 1.336032
 75.666667, 1.343612, 0.343612, 0.810573, 1.176211
 73.000000, 0.502283, 0.228311, 1.073059, 1.328767
 77.000000, 1.484848, 1.034632, 1.012987, 2.069264
 79.000000, 0.654008, 0.227848, 0.949367, 1.198312
 75.000000, 0.697778, 0.244444, 0.866667, 1.133333
 70.666667, 1.250000, 0.212264, 0.665094, 0.896226
 72.333333, 1.175115, 0.308756, 0.921659, 1.248848
 74.000000, 0.378378, 0.261261, 0.873874, 1.153153
 79.333333, 0.684874, 0.197479, 1.075630, 1.289916
 78.000000, 0.517094, 0.205128, 1.059829, 1.286325
 72.333333, 0.649770, 0.285714, 0.677419, 0.981567
 74.333333, 0.708520, 0.201794, 0.852018, 1.076233
 73.333333, 0.831818, 0.436364, 0.950000, 1.409091
 79.000000, 0.848101, 0.278481, 0.974684, 1.274262
 82.000000, 0.500000, 0.199187, 0.943089, 1.170732
31
 0.250000, 0.000000, 0.000000, 1.000000, 1.000000
 62.666667, 2.356383, 1.005319, 1.117021, 2.159574
 84.666667, 1.059055, 0.263780, 0.692913, 0.976378
 86.333333, 1.223938, 0.320463, 0.891892, 1.239382
 88.666667, 1.071429, 0.236842, 0.951128, 1.214286
 77.666667, 1.124464, 0.244635, 0.703863, 0.974249
 89.000000, 1.187266, 0.254682, 1.041199, 1.322097
 84.000000, 0.940476, 0.226190, 0.813492, 1.059524
 87.333333, 0.790076, 0.221374, 0.942748, 1.187023
 78.333333, 0.574468, 0.251064, 0.842553, 1.114894
 69.000000, 1.111111, 0.420290, 0.787440, 1.236715
 77.666667, 0.871245, 0.278970, 0.935622, 1.236052
 81.000000, 0.757202, 0.238683, 1.156379, 1.415638
 90.000000, 0.948148, 0.188889, 0.918519, 1.129630
 77.000000, 0.584416, 0.216450, 1.134199, 1.376623
 70.666667, 0.584906, 0.235849, 0.778302, 1.033019
 80.666667, 0.962810, 0.264463, 1.024793, 1.309917
 68.333333, 0.453659, 0.229268, 0.839024, 1.126829
 79.000000, 0.767932, 0.253165, 0.957806, 1.261603
 84.000000, 0.916667, 0.206349, 0.813492, 1.043651
32
 0.250000, 0.000000, 0.000000, 1.000000, 1.000000
 75.666667, 2.039648, 0.572687, 0.753304, 1.387665
 84.666667, 0.858268, 0.295276, 0.818898, 1.137795
 81.333333, 0.590164, 0.250000, 0.795082, 1.069672
 84.000000, 0.682540, 0.273810, 1.083333, 1.404762
 80.333333, 1.211618, 0.265560, 0.834025, 1.124481
 85.666667, 0.937743, 0.237354, 1.007782, 1.268482
 80.000000, 0.833333, 0.437500, 0.820833, 1.308333
 89.333333, 1.078358, 0.201493, 0.828358, 1.055970
 80.000000, 0.695833, 0.183333, 0.945833, 1.150000
 69.666667, 0.550239, 0.344498, 0.803828, 1.172249
 70.333333, 0.938389, 0.284360, 1.009479, 1.331754
 77.333333, 0.362069, 0.193966, 1.159483, 1.379310
 81.666667, 0.604082, 0.204082, 0.967347, 1.191837
 77.000000, 0.554113, 0.190476, 1.008658, 1.220779
 70.000000, 0.657143, 0.219048, 1.276190, 1.519048
 70.666667, 0.367925, 0.226415, 1.226415, 1.471698
 70.333333, 0.469194, 0.483412, 0.857820, 1.360190
 84.000000, 1.115079, 0.595238, 0.992063, 1.611111
 78.666667, 0.686441, 0.250000, 1.135593, 1.406780
33
 0.250000, 0.000000, 0.000000, 1.000000, 1.000000
 61.000000, 1.568306, 0.726776, 1.218579, 1.983607
 82.333333, 1.315789, 0.279352, 0.647773, 0.951417
 90.000000, 0.903704, 0.274074, 0.807407, 1.107407
 85.333333, 0.992188, 0.210938, 0.953125, 1.187500
 68.000000, 0.872549, 0.254902, 0.794118, 1.073529
 77.000000, 0.731602, 0.324675, 0.965368, 1.311688
 72.666667, 0.394495, 0.238532, 0.922018, 1.183486
 83.333333, 0.784000, 0.188000, 0.872000, 1.084000
 82.666667, 0.943548, 0.225806, 1.048387, 1.298387
 70.666667, 0.905660, 0.268868, 0.905660, 1.202830
 73.666667, 0.850679, 0.285068, 0.914027, 1.226244
 86.333333, 0.884170, 0.193050, 0.752896, 0.969112
 88.333333, 0.954717, 0.192453, 0.905660, 1.120755
 80.666667, 0.723140, 0.235537, 0.983471, 1.243802
 74.666667, 0.665179, 0.200893, 1.285714, 1.508929
 85.333333, 0.855469, 0.191406, 0.925781, 1.148438
 68.333333, 0.990244, 0.380488, 0.926829, 1.331707
 81.333333, 0.934426, 0.319672, 1.057377, 1.397541
 81.000000, 0.695473, 0.201646, 1.004115, 1.230453
34
 0.250000, 0.000000, 0.000000, 1.000000, 1.000000
 61.666667, 1.459459, 0.589189, 0.886486, 1.513514
 84.000000, 0.690476, 0.357143, 0.738095, 1.115079
 82.000000, 0.658537, 0.268293, 0.776423, 1.065041
 75.666667, 0.427313, 0.193833, 1.123348, 1.339207
 67.666667, 0.467980, 0.270936, 0.862069, 1.157635
 83.000000, 0.991968, 0.285141, 1.084337, 1.389558
 80.666667, 1.028926, 0.214876, 0.797521, 1.033058
 83.333333, 0.524000, 0.204000, 0.904000, 1.132000
 74.333333, 0.762332, 0.224215, 1.031390, 1.273543
 79.000000, 0.962025, 0.219409, 0.873418, 1.118143
 76.000000, 1.008772, 0.223684, 0.877193, 1.140351
 78.000000, 0.696581, 0.230769, 1.106838, 1.393162
 80.333333, 0.804979, 0.203320, 0.966805, 1.190871
 80.666667, 0.582645, 0.194215, 1.128099, 1.342975
 77.666667, 0.918455, 0.210300, 1.042918, 1.278970
 71.333333, 0.747664, 0.285047, 1.093458, 1.401869
 76.666667, 0.834783, 0.600000, 0.969565, 1.595652
 77.666667, 0.635193, 0.253219, 1.021459, 1.300429
 85.000000, 0.796078, 0.239216, 0.988235, 1.250980
35
 0.250000, 0.000000, 0.000000, 0.000000, 1.000000
 62.333333, 2.058824, 0.604278, 0.898396, 1.550802
 78.000000, 0.341880, 0.320513, 0.619658, 0.961538
 72.000000, 0.726852, 0.254630, 0.939815, 1.217593
 79.666667, 0.732218, 0.179916, 1.008368, 1.209205
 75.333333, 1.119469, 0.367257, 0.840708, 1.225664
 78.000000, 0.923077, 0.294872, 1.102564, 1.423077
 83.000000, 1.497992, 0.349398, 0.835341, 1.204819
 80.000000, 0.841667, 0.245833, 0.879167, 1.145833
 71.666667, 0.641860, 0.213953, 0.883721, 1.120930
 75.666667, 1.493392, 0.268722, 1.246696, 1.541850
 76.333333, 0.637555, 0.222707, 1.000000, 1.244541
 85.333333, 0.902344, 0.222656, 0.910156, 1.156250
 79.000000, 0.696203, 0.210970, 0.928270, 1.156118
 88.000000, 1.083333, 0.208333, 0.965909, 1.196970
 74.666667, 0.718750, 0.165179, 0.669643, 0.857143
 78.000000, 0.760684, 0.380342, 1.222222, 1.628205
 75.666667, 0.810573, 0.555066, 0.938326, 1.515419
 73.333333, 0.540909, 0.250000, 1.063636, 1.340909
 80.666667, 0.632231, 0.293388, 1.095041, 1.409091
36
 0.250000, 0.000000, 0.000000, 0.000000, 1.000000
 76.333333, 3.314410, 0.890830, 1.196507, 2.126638
 80.666667, 0.710744, 0.280992, 0.752066, 1.057851
 81.000000, 0.691358, 0.275720, 0.744856, 1.041152
 79.000000, 0.426160, 0.248945, 1.084388, 1.358650
 70.000000, 0.747619, 0.223810, 0.819048, 1.061905
 87.333333, 1.816794, 0.324427, 1.000000, 1.347328
 75.000000, 0.920000, 0.226667, 0.853333, 1.102222
 83.666667, 0.872510, 0.231076, 0.876494, 1.131474
 75.666667, 0.709251, 0.185022, 0.907489, 1.114537
 68.333333, 0.824390, 0.209756, 0.682927, 0.917073
 76.666667, 1.134783, 0.286957, 0.860870, 1.200000
 76.333333, 0.497817, 0.205240, 0.864629, 1.091703
 77.333333, 0.642241, 0.181034, 0.978448, 1.185345
 72.000000, 0.222222, 0.203704, 1.175926, 1.402778
 76.000000, 0.701754, 0.206140, 0.706140, 0.969298
 78.000000, 0.880342, 0.239316, 1.047009, 1.311966
 71.333333, 0.939252, 1.406542, 2.037383, 3.467290
 82.000000, 0.800813, 0.231707, 0.939024, 1.191057
 79.333333, 0.752101, 0.231092, 0.924370, 1.180672
37
 0.250000, 0.000000, 0.000000, 0.000000, 0.000000
 68.333333, 1.482927, 0.746341, 1.014634, 2.039024
 82.333333, 0.769231, 0.234818, 0.979757, 1.238866
 89.000000, 1.078652, 0.348315, 0.771536, 1.142322
 81.666667, 0.689796, 0.200000, 1.097959, 1.318367
 73.333333, 0.836364, 0.213636, 0.995455, 1.236364
 78.000000, 0.905983, 0.290598, 0.995726, 1.307692
 80.000000, 0.900000, 0.229167, 0.812500, 1.062500
 87.333333, 0.862595, 0.217557, 0.908397, 1.148855
 81.333333, 0.807377, 0.192623, 0.827869, 1.045082
 70.666667, 0.627358, 0.259434, 1.476415, 1.759434
 75.666667, 0.762115, 0.295154, 1.132159, 1.449339
 76.666667, 0.504348, 0.200000, 0.943478, 1.165217
 78.000000, 0.478632, 0.192308, 0.970085, 1.183761
 76.000000, 0.513158, 0.206140, 0.969298, 1.197368
 72.000000, 0.689815, 0.222222, 0.787037, 1.027778
 76.333333, 0.986900, 0.301310, 1.004367, 1.331878
 68.000000, 0.622549, 0.205882, 1.078431, 1.308824
 77.666667, 0.802575, 0.446352, 1.060086, 1.523605
 79.333333, 0.697479, 0.189076, 1.004202, 1.214286
38
 0.250000, 0.000000, 0.000000, 0.000000, 4.000000
 70.666667, 2.000000, 0.707547, 0.830189, 1.603774
 84.000000, 0.944444, 0.325397, 0.746032, 1.091270
 92.333333, 1.346570, 0.281588, 0.768953, 1.072202
 85.666667, 1.054475, 0.206226, 0.914397, 1.163424
 67.000000, 0.860697, 0.233831, 1.059701, 1.318408
 78.000000, 0.790598, 0.222222, 1.055556, 1.299145
 70.333333, 0.654028, 0.284360, 1.170616, 1.473934
 88.666667, 0.909774, 0.214286, 0.875940, 1.109023
 79.000000, 0.729958, 0.210970, 0.894515, 1.126582
 74.333333, 0.771300, 0.219731, 0.663677, 0.905830
 76.333333, 1.192140, 0.331878, 1.030568, 1.388646
 82.666667, 0.758065, 0.270161, 1.149194, 1.439516
 81.000000, 0.625514, 0.246914, 1.082305, 1.349794
 82.000000, 1.020325, 0.199187, 0.906504, 1.130081
 69.000000, 0.391304, 0.241546, 0.657005, 0.917874
 70.333333, 0.587678, 0.194313, 1.317536, 1.530806
 72.666667, 0.715596, 0.201835, 0.949541, 1.174312
 81.000000, 0.666667, 0.275720, 1.069959, 1.366255
 76.000000, 0.688596, 0.223684, 1.149123, 1.394737
39
 0.250000, 0.000000, 0.000000, 0.000000, 0.000000
 80.333333, 3.443983, 0.987552, 0.804979, 1.854772
 82.333333, 1.283401, 0.327935, 0.769231, 1.121457
 76.666667, 1.182609, 0.447826, 0.747826, 1.217391
 75.333333, 0.433628, 0.203540, 1.150442, 1.376106
 71.000000, 0.892019, 0.215962, 0.821596, 1.056338
 78.666667, 0.677966, 0.250000, 0.936441, 1.207627
 74.000000, 0.698198, 0.252252, 0.936937, 1.211712
 88.333333, 0.901887, 0.215094, 0.932075, 1.169811
 83.333333, 1.008000, 0.240000, 1.100000, 1.364000
 75.666667, 0.828194, 0.458150, 0.651982, 1.132159
 78.000000, 1.162393, 0.350427, 1.072650, 1.465812
 79.000000, 0.379747, 0.253165, 1.008439, 1.282700
 92.666667, 1.161871, 0.187050, 0.899281, 1.107914
 79.000000, 0.869198, 0.202532, 1.021097, 1.248945
 82.333333, 1.044534, 0.643725, 1.295547, 1.959514
 75.666667, 0.828194, 0.224670, 1.013216, 1.259912
 69.000000, 0.801932, 0.473430, 0.995169, 1.492754
 75.000000, 0.524444, 0.337778, 1.177778, 1.533333
 78.000000, 0.632479, 0.196581, 1.106838, 1.329060
40
 0.250000, 6.000000, 0.000000, 7.000000, 7.000000
 60.000000, 1.477778, 0.727778, 1.427778, 2.188889
 88.333333, 0.826415, 0.422642, 0.890566, 1.335849
 88.333333, 0.826415, 0.275472, 0.769811, 1.086792
 77.666667, 0.669528, 0.206009, 1.158798, 1.416309
 73.000000, 0.799087, 0.210046, 0.799087, 1.031963
 75.000000, 0.808889, 0.244444, 1.017778, 1.284444
 84.000000, 1.222222, 0.337302, 1.071429, 1.436508
 86.666667, 1.130769, 0.269231, 0.988462, 1.280769
 85.000000, 1.443137, 0.309804, 0.925490, 1.254902
 73.000000, 1.178082, 0.292237, 0.675799, 0.995434
 77.666667, 0.922747, 0.296137, 0.905579, 1.227468
 82.000000, 0.747967, 0.203252, 0.865854, 1.089431
 79.000000, 0.481013, 0.189873, 1.101266, 1.316456
 78.000000, 0.675214, 0.196581, 1.119658, 1.341880
 79.666667, 0.878661, 0.200837, 0.694561, 0.920502
 79.333333, 1.184874, 0.226891, 1.117647, 1.365546
 67.333333, 0.470297, 0.608911, 1.410891, 2.044554
 76.666667, 0.860870, 0.400000, 1.043478, 1.500000
 74.000000, 0.432432, 0.202703, 1.112613, 1.337838
41
 0.250000, 0.000000, 0.000000, 0.000000, 4.000000
 74.666667, 3.205357, 0.937500, 1.035714, 2.008929
 83.666667, 0.741036, 0.266932, 0.633466, 0.924303
 82.333333, 0.813765, 0.291498, 0.724696, 1.040486
 81.333333, 0.663934, 0.188525, 0.975410, 1.184426
 72.666667, 0.697248, 0.266055, 1.059633, 1.348624
 80.000000, 0.695833, 0.220833, 0.954167, 1.208333
 79.000000, 0.827004, 0.248945, 1.071730, 1.341772
 86.333333, 1.115830, 0.239382, 0.799228, 1.065637
 80.333333, 0.618257, 0.219917, 0.863071, 1.103734
 75.666667, 0.863436, 0.246696, 0.700441, 0.969163
 78.000000, 0.730769, 0.294872, 1.081197, 1.414530
 85.000000, 0.800000, 0.203922, 0.854902, 1.078431
 82.000000, 0.934959, 0.174797, 0.930894, 1.158537
 81.666667, 0.538776, 0.179592, 1.016327, 1.216327
 71.000000, 0.746479, 0.262911, 0.859155, 1.140845
 75.000000, 0.768889, 0.213333, 1.088889, 1.324444
 72.333333, 0.847926, 0.972350, 0.806452, 1.801843
 79.333333, 0.718487, 0.226891, 0.878151, 1.126050
 74.666667, 0.419643, 0.214286, 1.169643, 1.410714
42
 0.250000, 0.000000, 0.000000, 0.000000, 0.000000
 60.666667, 1.774725, 0.681319, 1.274725, 1.994505
 85.333333, 1.191406, 0.312500, 1.027344, 1.359375
 86.333333, 1.096525, 0.250965, 0.803089, 1.081081
 81.333333, 0.659836, 0.225410, 1.188525, 1.430328
 76.666667, 0.995652, 0.273913, 1.017391, 1.313043
 80.333333, 0.975104, 0.244813, 1.066390, 1.336100
 78.333333, 0.774468, 0.429787, 1.540426, 1.991489
 84.333333, 0.695652, 0.229249, 0.980237, 1.233202
 78.333333, 0.706383, 0.200000, 0.944681, 1.165957
 69.666667, 0.966507, 0.449761, 0.760766, 1.234450
 80.333333, 0.995851, 0.269710, 0.875519, 1.170124
 81.000000, 0.744856, 0.197531, 0.913580, 1.135802
 77.333333, 0.500000, 0.172414, 0.931034, 1.125000
 74.333333, 0.390135, 0.201794, 1.089686, 1.313901
 73.666667, 0.638009, 0.212670, 0.918552, 1.153846
 83.666667, 0.880478, 0.250996, 0.924303, 1.199203
 76.333333, 0.986900, 0.558952, 0.886463, 1.471616
 83.333333, 0.844000, 0.272000, 1.160000, 1.456000
 79.666667, 0.661088, 0.217573, 0.895397, 1.138075
43
 0.250000, 0.000000, 0.000000, 0.000000, 1.000000
 73.666667, 2.597285, 0.651584, 1.239819, 1.927602
 83.333333, 0.968000, 0.444000, 0.768000, 1.236000
 78.666667, 0.788136, 0.254237, 0.788136, 1.067797
 76.000000, 0.399123, 0.210526, 1.144737, 1.377193
 64.000000, 0.463542, 0.270833, 0.901042, 1.192708
 84.666667, 1.125984, 0.228346, 1.003937, 1.255906
 82.666667, 1.955645, 0.342742, 1.274194, 1.641129
 81.666667, 0.620408, 0.208163, 0.853061, 1.081633
 78.000000, 0.688034, 0.260684, 0.927350, 1.209402
 75.000000, 1.146667, 0.208889, 1.022222, 1.253333
 78.666667, 1.067797, 0.292373, 1.042373, 1.360169
 79.666667, 0.581590, 0.200837, 0.832636, 1.054393
 84.333333, 0.928854, 0.177866, 0.944664, 1.150198
 80.666667, 0.677686, 0.219008, 0.950413, 1.190083
 74.333333, 0.847534, 0.188341, 0.623318, 0.834081
 74.000000, 0.842342, 0.225225, 1.009009, 1.252252
 68.000000, 0.524510, 0.215686, 0.990196, 1.225490
 83.333333, 1.048000, 0.520000, 1.028000, 1.572000
 78.333333, 0.651064, 0.208511, 0.948936, 1.182979
44
 0.250000, 0.000000, 0.000000, 0.000000, 0.000000
 61.666667, 1.508108, 0.513514, 0.783784, 1.421622
 87.666667, 1.190114, 0.288973, 0.589354, 0.901141
 85.666667, 1.027237, 0.303502, 0.891051, 1.217899
 73.000000, 0.433790, 0.223744, 1.191781, 1.433790
 68.000000, 0.691176, 0.254902, 1.073529, 1.348039
 76.666667, 0.682609, 0.356522, 1.056522, 1.439130
 78.666667, 0.838983, 0.351695, 1.453390, 1.826271
 86.000000, 0.868217, 0.213178, 0.794574, 1.054264
 81.333333, 0.881148, 0.192623, 0.868852, 1.081967
 82.333333, 1.481781, 0.331984, 0.809717, 1.161943
 83.666667, 1.334661, 0.262948, 0.888446, 1.175299
 84.666667, 0.736220, 0.259843, 0.850394, 1.133858
 85.666667, 1.186770, 0.190661, 0.859922, 1.070039
 82.333333, 0.740891, 0.214575, 0.963563, 1.198381
 71.000000, 0.568075, 0.201878, 0.676056, 0.901408
 73.666667, 0.628959, 0.190045, 1.126697, 1.334842
 67.333333, 0.450495, 0.227723, 0.920792, 1.173267
 79.666667, 1.209205, 0.368201, 0.933054, 1.322176
 76.333333, 0.576419, 0.218341, 1.161572, 1.397380
45
 0.250000, 0.000000, 0.000000, 0.000000, 12.000000
 71.333333, 2.369159, 0.668224, 1.327103, 2.037383
 95.000000, 1.263158, 0.343860, 0.933333, 1.298246
 89.666667, 1.267658, 0.245353, 0.814126, 1.081784
 82.666667, 0.717742, 0.185484, 0.854839, 1.068548
 73.000000, 0.945205, 0.219178, 0.767123, 1.009132
 76.666667, 0.943478, 0.221739, 1.117391, 1.360870
 80.333333, 0.834025, 0.240664, 1.070539, 1.336100
 83.000000, 0.634538, 0.204819, 1.020080, 1.257028
 85.333333, 0.687500, 0.210938, 0.921875, 1.156250
 68.000000, 0.691176, 0.411765, 0.700980, 1.166667
 83.333333, 1.520000, 0.324000, 0.912000, 1.288000
 86.666667, 1.115385, 0.226923, 0.800000, 1.050000
 89.333333, 1.432836, 0.279851, 0.962687, 1.264925
 82.000000, 0.646341, 0.186992, 1.016260, 1.223577
 69.000000, 0.642512, 0.173913, 0.710145, 0.908213
 67.666667, 0.458128, 0.211823, 1.088670, 1.320197
 69.000000, 0.661836, 0.594203, 0.951691, 1.724638
 78.000000, 1.081197, 0.435897, 1.111111, 1.568376
 79.000000, 0.818565, 0.215190, 1.033755, 1.270042
46
 0.250000, 0.000000, 0.000000, 10.000000, 12.000000
 65.666667, 1.649746, 0.568528, 0.756345, 1.360406
 89.000000, 1.408240, 0.468165, 0.659176, 1.153558
 83.666667, 0.928287, 0.290837, 0.776892, 1.091633
 82.000000, 0.853659, 0.207317, 1.085366, 1.317073
 76.000000, 1.122807, 0.276316, 0.881579, 1.184211
 80.666667, 0.801653, 0.293388, 1.078512, 1.392562
 78.666667, 0.792373, 0.305085, 1.088983, 1.419492
 76.666667, 0.708696, 0.247826, 0.839130, 1.108696
 75.333333, 0.690265, 0.212389, 0.969027, 1.203540
 67.333333, 0.732673, 0.445545, 0.702970, 1.168317
 73.333333, 1.122727, 0.313636, 0.940909, 1.304545
 77.666667, 0.510730, 0.210300, 1.021459, 1.253219
 77.000000, 0.554113, 0.173160, 1.268398, 1.458874
 76.666667, 0.560870, 0.230435, 1.078261, 1.339130
 77.000000, 0.939394, 0.268398, 0.701299, 0.987013
 72.666667, 0.697248, 0.197248, 1.045872, 1.266055
 73.000000, 0.881279, 0.196347, 0.867580, 1.118721
 78.000000, 0.905983, 0.350427, 1.038462, 1.410256
 83.666667, 0.669323, 0.247012, 1.091633, 1.358566
47
 0.250000, 0.000000, 0.000000, 10.000000, 12.000000
 69.333333, 2.269231, 0.788462, 0.798077, 1.649038
 85.333333, 0.863281, 0.328125, 1.089844, 1.441406
 87.000000, 1.072797, 0.321839, 0.892720, 1.237548
 84.333333, 0.782609, 0.209486, 1.059289, 1.292490
 74.666667, 1.120536, 0.236607, 0.852679, 1.107143
 84.666667, 0.846457, 0.232283, 1.098425, 1.354331
 79.000000, 0.864979, 0.291139, 1.105485, 1.421941
 82.333333, 0.655870, 0.194332, 0.939271, 1.153846
 79.000000, 0.561181, 0.177215, 0.843882, 1.042194
 75.000000, 1.364444, 0.284444, 0.600000, 0.906667
 78.333333, 0.923404, 0.234043, 1.004255, 1.259574
 81.000000, 0.802469, 0.205761, 0.810700, 1.049383
 83.666667, 0.884462, 0.207171, 1.107570, 1.334661
 80.000000, 0.733333, 0.200000, 1.058333, 1.291667
 78.000000, 0.940171, 0.264957, 0.829060, 1.115385
 78.666667, 0.682203, 0.224576, 1.144068, 1.389831
 73.333333, 0.813636, 0.213636, 1.040909, 1.281818
 76.000000, 0.618421, 0.359649, 0.986842, 1.364035
 78.333333, 0.536170, 0.195745, 1.038298, 1.259574
48
 0.250000, 0.000000, 0.000000, 10.000000, 12.000000
 61.000000, 1.000000, 0.704918, 0.748634, 1.491803
 89.666667, 0.869888, 0.271375, 0.568773, 0.862454
 80.333333, 0.941909, 0.273859, 0.775934, 1.074689
 74.666667, 0.464286, 0.191964, 1.191964, 1.401786
 70.666667, 1.226415, 0.372642, 0.759434, 1.150943
 74.000000, 0.509009, 0.229730, 1.018018, 1.270270
 73.333333, 0.690909, 0.554545, 0.872727, 1.450000
 84.333333, 0.731225, 0.193676, 0.810277, 1.027668
 74.333333, 0.578475, 0.219731, 0.950673, 1.188341
 71.333333, 0.813084, 0.238318, 0.691589, 0.948598
 80.000000, 1.295833, 0.329167, 1.112500, 1.466667
 84.000000, 0.686508, 0.257937, 0.956349, 1.238095
 83.666667, 0.796813, 0.207171, 0.916335, 1.147410
 80.666667, 0.603306, 0.210744, 1.086777, 1.322314
 71.000000, 0.516432, 0.183099, 1.553991, 1.760563
 72.333333, 0.723502, 0.244240, 0.861751, 1.129032
 73.666667, 0.950226, 0.959276, 0.778281, 1.760181
 83.000000, 1.012048, 0.369478, 0.899598, 1.289157
 79.000000, 0.759494, 0.206751, 1.021097, 1.248945
49
 0.250000, 0.000000, 0.000000, 1.000000, 12.000000
 65.000000, 2.692308, 1.220513, 1.435897, 2.728205
 86.333333, 1.181467, 0.316602, 0.617761, 0.976834
 82.000000, 0.882114, 0.341463, 0.764228, 1.126016
 72.666667, 0.275229, 0.206422, 1.105505, 1.334862
 74.333333, 1.291480, 0.242152, 0.807175, 1.071749
 76.000000, 0.592105, 0.236842, 0.982456, 1.241228
 76.333333, 0.855895, 0.524017, 0.689956, 1.231441
 81.000000, 0.794239, 0.189300, 0.921811, 1.131687
 75.666667, 0.453744, 0.180617, 0.903084, 1.105727
 69.666667, 0.870813, 0.224880, 0.669856, 0.918660
 73.666667, 0.746606, 0.221719, 1.276018, 1.520362
 76.333333, 0.441048, 0.222707, 1.061135, 1.336245
 76.666667, 0.526087, 0.200000, 1.073913, 1.300000
 77.000000, 0.441558, 0.212121, 1.004329, 1.242424
 73.333333, 0.868182, 0.400000, 1.272727, 1.695455
 75.666667, 0.832599, 0.264317, 0.991189, 1.277533
 69.000000, 0.811594, 0.314010, 1.111111, 1.444444
 73.000000, 0.630137, 0.264840, 0.981735, 1.264840
 76.000000, 0.679825, 0.228070, 1.057018, 1.302632
50
 0.250000, 1.000000, 0.000000, 0.000000, 1.000000
 73.333333, 1.968182, 0.622727, 0.768182, 1.436364
 88.000000, 1.409091, 0.250000, 0.776515, 1.049242
 81.333333, 0.745902, 0.295082, 0.741803, 1.057377
 82.666667, 0.750000, 0.229839, 1.185484, 1.435484
 71.333333, 0.771028, 0.285047, 0.836449, 1.144860
 77.000000, 0.761905, 0.311688, 1.086580, 1.419913
 72.333333, 0.566820, 0.225806, 0.852535, 1.129032
 84.666667, 0.811024, 0.259843, 0.968504, 1.251969
 80.000000, 1.275000, 0.341667, 0.841667, 1.204167
 76.000000, 1.192982, 0.258772, 0.780702, 1.092105
 74.666667, 1.133929, 0.294643, 0.897321, 1.209821
 80.333333, 0.809129, 0.203320, 0.970954, 1.195021
 79.333333, 0.945378, 0.210084, 1.000000, 1.231092
 82.000000, 0.825203, 0.223577, 1.012195, 1.260163
 75.000000, 0.742222, 0.204444, 0.924444, 1.146667
 74.000000, 0.495495, 0.220721, 0.824324, 1.067568
 76.000000, 0.890351, 0.192982, 0.767544, 0.978070
 77.666667, 0.944206, 0.381974, 1.025751, 1.429185
 73.000000, 0.547945, 0.223744, 1.077626, 1.324201
51
 0.250000, 0.000000, 0.000000, 0.000000, 0.000000
 72.333333, 2.875576, 0.626728, 0.778802, 1.502304
 87.333333, 1.137405, 0.251908, 0.637405, 0.912214
 79.666667, 0.581590, 0.297071, 0.765690, 1.087866
 79.333333, 0.626050, 0.205882, 0.957983, 1.184874
 71.000000, 0.643192, 0.314554, 0.849765, 1.192488
 82.000000, 0.857724, 0.280488, 1.040650, 1.345528
 80.666667, 0.909091, 0.347107, 1.111570, 1.483471
 85.000000, 1.215686, 0.235294, 0.850980, 1.109804
 73.666667, 0.470588, 0.176471, 0.904977, 1.108597
 71.333333, 0.752336, 0.462617, 1.098131, 1.584112
 71.000000, 0.868545, 0.220657, 0.910798, 1.169014
 76.666667, 0.652174, 0.256522, 0.978261, 1.256522
 78.333333, 0.523404, 0.204255, 1.093617, 1.314894
 75.333333, 0.402655, 0.185841, 1.141593, 1.349558
 70.333333, 0.511848, 0.199052, 0.658768, 0.881517
 70.333333, 0.881517, 0.203791, 1.090047, 1.317536
 68.666667, 0.907767, 1.252427, 2.271845, 3.548544
 83.000000, 0.767068, 0.248996, 0.887550, 1.156627
 80.666667, 0.851240, 0.223140, 1.033058, 1.280992
52
 0.250000, 0.000000, 0.000000, 0.000000, 8.000000
 69.666667, 2.555024, 0.727273, 0.808612, 1.569378
 82.333333, 0.777328, 0.210526, 0.595142, 0.829960
 87.666667, 1.133080, 0.277567, 0.756654, 1.079848
 81.000000, 0.967078, 0.209877, 0.934156, 1.168724
 72.000000, 0.694444, 0.236111, 1.046296, 1.310185
 73.666667, 0.855204, 0.271493, 1.081448, 1.371041
 77.333333, 1.543103, 0.306034, 0.991379, 1.318966
 92.000000, 1.449275, 0.282609, 0.938406, 1.242754
 71.333333, 0.425234, 0.196262, 0.892523, 1.112150
 68.333333, 0.697561, 0.434146, 0.775610, 1.229268
 79.000000, 1.274262, 0.291139, 1.088608, 1.400844
 77.666667, 0.506438, 0.253219, 0.905579, 1.180258
 80.333333, 0.560166, 0.207469, 1.033195, 1.261411
 74.666667, 0.504464, 0.200893, 1.183036, 1.406250
 72.333333, 1.059908, 0.276498, 0.695853, 0.995392
 70.000000, 0.466667, 0.233333, 1.042857, 1.295238
 74.666667, 0.750000, 0.549107, 0.897321, 1.473214
 86.666667, 1.034615, 0.300000, 0.946154, 1.269231
 76.333333, 0.550218, 0.187773, 1.000000, 1.240175
53
 0.250000, 0.000000, 0.000000, 0.000000, 0.000000
 71.000000, 1.981221, 0.732394, 1.056338, 1.821596
 84.333333, 0.826087, 0.252964, 0.909091, 1.181818
 77.333333, 1.030172, 0.396552, 0.905172, 1.327586
 82.000000, 0.735772, 0.207317, 1.032520, 1.260163
 75.666667, 1.061674, 0.299559, 0.784141, 1.101322
 77.000000, 0.744589, 0.294372, 1.298701, 1.614719
 73.000000, 0.630137, 0.287671, 0.894977, 1.205479
 86.000000, 0.674419, 0.220930, 0.910853, 1.151163
 83.000000, 0.963855, 0.200803, 0.855422, 1.076305
 82.333333, 1.437247, 0.287449, 1.230769, 1.542510
 85.000000, 1.313725, 0.356863, 0.807843, 1.192157
 85.666667, 0.700389, 0.249027, 0.879377, 1.151751
 91.000000, 0.996337, 0.161172, 0.908425, 1.091575
 84.333333, 0.569170, 0.169960, 0.960474, 1.150198
 73.333333, 0.768182, 0.200000, 0.677273, 0.895455
 74.000000, 0.608108, 0.225225, 1.018018, 1.265766
 69.000000, 0.753623, 0.314010, 0.806763, 1.140097
 73.000000, 0.767123, 0.347032, 1.159817, 1.557078
 77.000000, 0.805195, 0.281385, 1.086580, 1.385281
54
 0.250000, 0.000000, 0.000000, 7.000000, 7.000000
 62.666667, 1.377660, 0.468085, 1.058511, 1.563830
 88.666667, 0.894737, 0.240602, 0.718045, 0.977444
 81.000000, 1.263374, 0.296296, 0.728395, 1.049383
 76.333333, 0.475983, 0.222707, 1.039301, 1.283843
 67.333333, 0.633663, 0.346535, 0.915842, 1.287129
 78.333333, 0.659574, 0.370213, 1.161702, 1.553191
 78.333333, 0.893617, 0.289362, 1.285106, 1.595745
 84.333333, 0.794466, 0.225296, 1.035573, 1.284585
 75.333333, 0.623894, 0.199115, 0.924779, 1.146018
 67.333333, 0.623762, 0.227723, 0.658416, 0.905941
 77.000000, 0.861472, 0.316017, 1.142857, 1.480519
 85.000000, 0.917647, 0.262745, 0.886275, 1.168627
 86.000000, 0.701550, 0.236434, 1.019380, 1.279070
 78.000000, 0.508547, 0.200855, 1.072650, 1.294872
 69.000000, 0.628019, 0.584541, 0.956522, 1.565217
 77.333333, 1.103448, 0.232759, 1.331897, 1.586207
 74.000000, 0.824324, 0.211712, 0.797297, 1.031532
 85.000000, 0.854902, 0.372549, 0.890196, 1.286275
 80.666667, 0.681818, 0.276860, 1.136364, 1.438017
55
 0.250000, 0.000000, 0.000000, 0.000000, 0.000000
 69.333333, 1.846154, 0.562500, 0.841346, 1.442308
 85.333333, 1.027344, 0.253906, 0.625000, 0.906250
 92.333333, 1.483755, 0.415162, 0.776173, 1.212996
 84.666667, 0.870079, 0.228346, 1.039370, 1.291339
 71.333333, 0.738318, 0.331776, 0.967290, 1.322430
 86.333333, 0.980695, 0.308880, 1.046332, 1.382239
 75.333333, 0.769912, 0.256637, 0.792035, 1.070796
 82.666667, 0.463710, 0.254032, 0.979839, 1.266129
 73.666667, 0.710407, 0.208145, 0.886878, 1.113122
 68.333333, 0.751220, 0.400000, 0.765854, 1.185366
 77.333333, 0.719828, 0.288793, 1.038793, 1.349138
 75.666667, 0.612335, 0.255507, 1.105727, 1.387665
 70.666667, 0.301887, 0.188679, 1.066038, 1.278302
 78.666667, 0.707627, 0.186441, 1.131356, 1.338983
 71.666667, 0.516279, 0.200000, 1.520930, 1.739535
 79.666667, 1.066946, 0.221757, 1.071130, 1.317992
 73.333333, 0.831818, 0.200000, 0.822727, 1.045455
 83.000000, 0.955823, 0.393574, 0.863454, 1.277108
 79.000000, 0.725738, 0.227848, 0.924051, 1.181435
56
 0.250000, 0.000000, 0.000000, 0.000000, 0.000000
 63.666667, 2.418848, 0.722513, 1.230366, 1.989529
 87.333333, 1.465649, 0.393130, 0.938931, 1.354962
 80.333333, 0.705394, 0.228216, 0.742739, 0.991701
 88.000000, 0.719697, 0.219697, 0.878788, 1.125000
 79.000000, 1.489451, 0.265823, 0.725738, 1.016878
 80.000000, 0.970833, 0.241667, 1.008333, 1.304167
 79.000000, 1.004219, 0.291139, 0.814346, 1.143460
 80.000000, 0.595833, 0.258333, 1.133333, 1.416667
 75.333333, 0.522124, 0.216814, 0.871681, 1.115044
 75.000000, 0.973333, 0.208889, 0.702222, 0.933333
 78.666667, 0.843220, 0.326271, 1.055085, 1.415254
 74.666667, 0.526786, 0.258929, 0.964286, 1.245536
 75.333333, 0.548673, 0.221239, 0.951327, 1.194690
 77.666667, 0.527897, 0.197425, 1.184549, 1.399142
 72.000000, 0.615741, 0.212963, 0.921296, 1.152778
 76.666667, 0.895652, 0.178261, 1.373913, 1.578261
 65.000000, 0.605128, 0.256410, 0.748718, 1.025641
 82.666667, 1.645161, 0.411290, 1.193548, 1.629032
 79.000000, 0.451477, 0.198312, 1.151899, 1.371308
57
 0.250000, 0.000000, 0.000000, 1.000000, 1.000000
 68.333333, 2.024390, 0.780488, 1.121951, 1.931707
 81.666667, 0.848980, 0.265306, 1.073469, 1.367347
 88.666667, 1.086466, 0.285714, 0.774436, 1.082707
 87.000000, 0.969349, 0.187739, 1.045977, 1.252874
 71.000000, 0.671362, 0.220657, 0.751174, 0.995305
 86.000000, 1.581395, 0.267442, 0.976744, 1.263566
 78.000000, 1.239316, 0.303419, 0.824786, 1.149573
 82.666667, 0.620968, 0.189516, 0.875000, 1.084677
 76.666667, 0.873913, 0.217391, 0.947826, 1.186957
 69.000000, 0.623188, 0.227053, 0.685990, 0.937198
 72.333333, 0.649770, 0.244240, 1.059908, 1.331797
 73.333333, 0.254545, 0.195455, 1.122727, 1.340909
 73.666667, 0.457014, 0.217195, 1.040724, 1.280543
 78.333333, 0.548936, 0.208511, 0.944681, 1.178723
 70.333333, 0.568720, 0.417062, 1.274882, 1.715640
 76.000000, 0.657895, 0.219298, 1.311404, 1.552632
 68.333333, 0.517073, 0.473171, 1.009756, 1.502439
 76.000000, 0.868421, 0.346491, 0.881579, 1.245614
 82.666667, 0.762097, 0.213710, 0.947581, 1.181452
58
 0.250000, 1.000000, 0.000000, 13.000000, 13.000000
 74.333333, 2.448430, 0.632287, 0.874439, 1.542601
 80.333333, 0.834025, 0.211618, 0.887967, 1.153527
 75.333333, 0.623894, 0.261062, 0.955752, 1.238938
 71.333333, 0.261682, 0.196262, 1.158879, 1.378505
 77.333333, 0.956897, 0.267241, 0.668103, 0.956897
 83.666667, 1.007968, 0.258964, 0.988048, 1.274900
 81.666667, 0.844898, 0.289796, 1.200000, 1.546939
 87.333333, 0.843511, 0.221374, 0.961832, 1.206107
 77.333333, 0.612069, 0.198276, 0.991379, 1.211207
 73.000000, 0.963470, 0.191781, 1.155251, 1.397260
 75.666667, 1.035242, 0.290749, 0.960352, 1.290749
 76.333333, 0.550218, 0.187773, 1.096070, 1.305677
 79.666667, 0.594142, 0.192469, 1.108787, 1.317992
 80.333333, 0.651452, 0.219917, 1.149378, 1.385892
 70.666667, 0.509434, 0.216981, 0.716981, 0.957547
 71.333333, 0.415888, 0.210280, 1.514019, 1.747664
 70.666667, 0.617925, 0.452830, 0.891509, 1.363208
 77.000000, 0.779221, 0.277056, 1.129870, 1.428571
 74.666667, 0.575893, 0.209821, 1.075893, 1.308036
59
 0.250000, 1.000000, 0.000000, 13.000000, 13.000000
 71.666667, 2.511628, 0.646512, 0.893023, 1.572093
 96.333333, 1.615917, 0.415225, 0.778547, 1.217993
 79.666667, 0.924686, 0.292887, 0.807531, 1.125523
 77.666667, 0.472103, 0.210300, 1.064378, 1.291845
 77.000000, 1.000000, 0.259740, 0.787879, 1.069264
 84.666667, 0.960630, 0.275591, 1.055118, 1.350394
 82.333333, 1.230769, 0.987854, 0.947368, 1.963563
 92.666667, 1.133094, 0.194245, 0.917266, 1.136691
 79.666667, 0.761506, 0.217573, 1.004184, 1.246862
 74.000000, 0.792793, 0.486486, 0.693694, 1.198198
 82.000000, 1.065041, 0.276423, 1.052846, 1.378049
 84.000000, 0.674603, 0.230159, 1.015873, 1.265873
 85.333333, 0.664063, 0.183594, 1.074219, 1.277344
 80.333333, 0.651452, 0.207469, 1.033195, 1.257261
 73.333333, 0.681818, 0.222727, 0.659091, 0.904545
 78.333333, 0.893617, 0.221277, 1.123404, 1.370213
 74.000000, 0.743243, 0.211712, 0.752252, 0.986486
 84.000000, 0.996032, 0.265873, 0.984127, 1.269841
 77.000000, 0.510823, 0.229437, 1.060606, 1.316017
60
 0.250000, 1.000000, 0.000000, 12.000000, 12.000000
 66.333333, 1.618090, 0.763819, 0.713568, 1.512563
 84.333333, 0.928854, 0.371542, 0.664032, 1.055336
 85.333333, 1.105469, 0.320313, 0.785156, 1.125000
 85.666667, 1.377432, 0.221790, 1.050584, 1.295720
 69.000000, 0.676329, 0.217391, 0.884058, 1.120773
 76.666667, 0.586957, 0.230435, 1.152174, 1.400000
 71.000000, 0.643192, 0.272300, 0.943662, 1.239437
 81.000000, 0.613169, 0.226337, 0.913580, 1.164609
 76.333333, 0.624454, 0.227074, 1.030568, 1.279476
 73.666667, 1.045249, 0.212670, 0.656109, 0.895928
 84.333333, 1.158103, 0.288538, 0.897233, 1.205534
 80.666667, 0.590909, 0.214876, 1.074380, 1.309917
 80.000000, 0.779167, 0.216667, 1.029167, 1.262500
 77.666667, 0.420601, 0.193133, 1.158798, 1.373391
 73.333333, 0.827273, 0.204545, 0.959091, 1.186364
 70.666667, 0.599057, 0.198113, 0.948113, 1.169811
 69.333333, 0.865385, 0.947115, 0.841346, 1.812500
 76.000000, 0.539474, 0.276316, 1.021930, 1.320175
 75.333333, 0.522124, 0.185841, 1.097345, 1.305310
61
 0.250000, 0.000000, 0.000000, 12.000000, 12.000000
 68.333333, 2.882927, 0.643902, 1.370732, 2.053659
 80.666667, 0.780992, 0.276860, 0.917355, 1.210744
 86.000000, 0.937984, 0.267442, 0.755814, 1.042636
 87.666667, 0.885932, 0.235741, 0.980989, 1.243346
 79.333333, 1.218487, 0.369748, 1.105042, 1.500000
 86.000000, 1.034884, 0.267442, 1.000000, 1.286822
 75.333333, 0.672566, 0.216814, 1.207965, 1.446903
 86.000000, 0.906977, 0.209302, 0.906977, 1.135659
 77.666667, 0.656652, 0.231760, 1.060086, 1.313305
 75.000000, 1.151111, 0.262222, 1.106667, 1.391111
 81.666667, 1.257143, 0.261224, 1.020408, 1.306122
 86.000000, 0.817829, 0.213178, 0.891473, 1.127907
 80.333333, 0.626556, 0.174274, 1.037344, 1.253112
 73.666667, 0.484163, 0.208145, 1.108597, 1.339367
 76.333333, 0.921397, 0.227074, 0.890830, 1.144105
 71.000000, 0.633803, 0.248826, 0.962441, 1.234742
 69.333333, 0.836538, 0.230769, 0.831731, 1.081731
 82.666667, 0.830645, 0.221774, 0.891129, 1.133065
 77.666667, 0.566524, 0.197425, 1.167382, 1.386266
62
 0.250000, 0.000000, 0.000000, 12.000000, 12.000000
 67.666667, 1.886700, 0.817734, 0.827586, 1.674877
 97.333333, 2.770548, 1.633562, 0.828767, 2.482877
 77.333333, 0.392241, 0.288793, 0.797414, 1.107759
 80.333333, 0.568465, 0.211618, 1.041494, 1.278008
 70.666667, 0.693396, 0.259434, 0.886792, 1.165094
 78.333333, 0.765957, 0.259574, 0.948936, 1.229787
 76.666667, 0.704348, 0.243478, 1.060870, 1.326087
 83.333333, 0.660000, 0.204000, 0.908000, 1.136000
 81.000000, 0.917695, 0.296296, 0.934156, 1.251029
 71.333333, 0.822430, 0.271028, 0.663551, 0.957944
 74.333333, 0.789238, 0.228700, 0.986547, 1.237668
 76.333333, 0.388646, 0.200873, 1.144105, 1.366812
 80.333333, 0.788382, 0.174274, 1.033195, 1.224066
 77.666667, 0.579399, 0.201717, 0.995708, 1.218884
 73.333333, 0.700000, 0.381818, 1.709091, 2.145455
 80.000000, 0.995833, 0.195833, 0.987500, 1.208333
 74.666667, 0.946429, 0.285714, 0.741071, 1.044643
 75.666667, 0.577093, 0.193833, 1.026432, 1.242291
 89.000000, 1.389513, 0.235955, 0.947566, 1.209738
63
 0.250000, 1.000000, 0.000000, 0.000000, 13.000000
 73.000000, 1.981735, 0.593607, 0.908676, 1.538813
 87.666667, 1.083650, 0.277567, 0.657795, 0.958175
 82.333333, 0.862348, 0.242915, 0.781377, 1.044534
 77.333333, 0.568966, 0.211207, 0.948276, 1.181034
 69.666667, 0.736842, 0.191388, 0.837321, 1.052632
 78.333333, 0.714894, 0.238298, 1.008511, 1.297872
 80.666667, 1.549587, 0.371901, 0.847107, 1.243802
 84.333333, 0.849802, 0.233202, 1.011858, 1.264822
 79.666667, 0.895397, 0.280335, 0.920502, 1.230126
 78.666667, 1.233051, 0.279661, 1.216102, 1.516949
 78.333333, 0.846809, 0.285106, 0.851064, 1.157447
 82.666667, 0.810484, 0.201613, 0.758065, 0.983871
 80.666667, 0.640496, 0.210744, 0.880165, 1.111570
 80.333333, 0.738589, 0.203320, 0.966805, 1.195021
 76.666667, 0.904348, 0.204348, 0.934783, 1.165217
 78.666667, 0.703390, 0.186441, 0.966102, 1.169492
 68.666667, 0.679612, 0.194175, 0.975728, 1.199029
 77.333333, 0.719828, 0.318966, 1.215517, 1.551724
 78.000000, 0.521368, 0.200855, 1.047009, 1.264957
Histogram
12 0 0 0 0 0 0 0 16 77 140 267 283 191 94 63 27 22 9 13 9 6 2 1 3 0 0 1 0 0 0 0 0 0 1 1 0 0 0 0 2 0 0 0 0 0 0 0 0 0 0 0 0 0 0 0 0 0 0 0 0 0 0 0 0 0 0 0 0 0 2 0 0 0 0 0 0 0 0 0 1 0 0 0 0 0 0 0 0 0 0 0 0 0 0 0 0 0 0 0 0 0 0 0 0 0 0 0 0 0 0 0 0 0 0 0 0 0 0 37 
Cache Miss Ratio
0.053569448783978554
numOfSets
0
numOfGets
297651
numOfMultiGets
0
