20
0
 0.250000, 0.000000, 0.000000, 0.000000, 82.000000
 44.333333, 0.857143, 0.586466, 0.676692, 1.308271
 61.666667, 0.302703, 0.183784, 0.632432, 0.843243
 56.333333, 0.224852, 0.177515, 0.609467, 0.852071
 62.666667, 0.212766, 0.218085, 0.702128, 0.941489
 52.000000, 0.115385, 0.179487, 0.730769, 0.935897
 61.666667, 0.616216, 0.194595, 0.583784, 0.805405
 62.666667, 0.271277, 0.196809, 0.553191, 0.776596
 68.333333, 0.546341, 0.180488, 0.819512, 1.019512
 56.666667, 0.300000, 0.176471, 1.200000, 1.400000
 75.000000, 1.226667, 0.306667, 0.600000, 0.933333
 65.666667, 0.477157, 0.197970, 0.609137, 0.832487
 66.000000, 0.358586, 0.267677, 0.686869, 0.974747
 55.333333, 0.138554, 0.210843, 0.692771, 0.927711
 60.333333, 0.209945, 0.171271, 0.662983, 0.856354
 65.666667, 0.360406, 0.142132, 0.827411, 0.994924
 64.333333, 0.523316, 0.181347, 0.611399, 0.813472
 72.000000, 0.578704, 0.175926, 0.712963, 0.912037
 66.000000, 0.409091, 0.146465, 0.550505, 0.717172
 74.333333, 0.551570, 0.147982, 0.775785, 0.950673
1
 0.250000, 0.000000, 0.000000, 14.000000, 82.000000
 48.666667, 1.493151, 0.623288, 1.006849, 1.821918
 59.000000, 0.254237, 0.175141, 0.581921, 1.090395
 56.666667, 0.400000, 0.200000, 0.882353, 1.105882
 66.333333, 0.376884, 0.190955, 0.618090, 0.829146
 54.666667, 0.341463, 0.195122, 0.963415, 1.182927
 59.333333, 0.258427, 0.202247, 0.646067, 0.876404
 59.333333, 0.387640, 0.151685, 0.601124, 0.775281
 57.333333, 0.186047, 0.151163, 0.604651, 0.784884
 54.333333, 0.392638, 0.208589, 0.570552, 0.803681
 61.000000, 0.311475, 0.191257, 0.672131, 0.885246
 62.000000, 0.236559, 0.188172, 0.580645, 0.865591
 65.666667, 0.370558, 0.157360, 0.644670, 0.822335
 62.000000, 0.333333, 0.236559, 0.935484, 1.198925
 61.000000, 0.213115, 0.169399, 0.579235, 0.781421
 66.666667, 0.420000, 0.160000, 0.550000, 0.735000
 72.333333, 0.838710, 0.235023, 0.548387, 0.806452
 65.666667, 0.182741, 0.167513, 0.629442, 0.822335
 61.000000, 0.568306, 0.174863, 0.879781, 1.081967
 73.666667, 0.533937, 0.140271, 0.796380, 0.959276
2
 0.250000, 0.000000, 0.000000, 14.000000, 81.000000
 40.333333, 0.438017, 0.512397, 0.776860, 1.347107
 64.333333, 0.471503, 0.176166, 0.611399, 0.813472
 57.000000, 0.403509, 0.163743, 0.590643, 0.783626
 70.333333, 0.611374, 0.156398, 0.630332, 0.810427
 60.000000, 0.466667, 0.255556, 1.100000, 1.383333
 64.666667, 0.438144, 0.391753, 0.608247, 1.025773
 66.666667, 0.475000, 0.165000, 0.575000, 0.765000
 66.333333, 0.437186, 0.180905, 0.592965, 0.804020
 58.000000, 0.327586, 0.172414, 1.149425, 1.344828
 61.333333, 0.304348, 0.326087, 0.663043, 1.010870
 68.666667, 0.582524, 0.310680, 0.689320, 1.024272
 64.000000, 0.250000, 0.166667, 0.750000, 0.942708
 54.333333, 0.220859, 0.282209, 0.950920, 1.257669
 63.333333, 0.231579, 0.184211, 0.605263, 0.810526
 67.000000, 0.373134, 0.139303, 0.552239, 0.716418
 69.000000, 0.642512, 0.173913, 0.603865, 0.830918
 74.333333, 0.717489, 0.206278, 0.578475, 0.807175
 65.333333, 0.321429, 0.173469, 0.602041, 0.801020
 71.333333, 0.485981, 0.144860, 0.509346, 0.677570
3
 0.250000, 1.000000, 0.000000, 14.000000, 81.000000
 49.000000, 1.102041, 0.857143, 1.047619, 1.959184
 63.000000, 0.291005, 0.174603, 0.582011, 0.783069
 63.000000, 1.365079, 0.375661, 0.608466, 1.010582
 65.000000, 0.287179, 0.158974, 0.630769, 0.815385
 61.333333, 1.114130, 0.413043, 0.695652, 1.130435
 70.333333, 0.620853, 0.213270, 0.578199, 0.848341
 59.000000, 0.288136, 0.372881, 0.807910, 1.203390
 66.333333, 0.422111, 0.165829, 0.572864, 0.763819
 55.000000, 0.230303, 0.157576, 0.684848, 0.866667
 66.666667, 0.425000, 0.190000, 0.610000, 0.865000
 68.000000, 0.225490, 0.161765, 0.833333, 1.014706
 64.333333, 0.191710, 0.165803, 0.647668, 0.839378
 56.333333, 0.372781, 0.360947, 1.207101, 1.597633
 60.666667, 0.230769, 0.181319, 0.642857, 0.846154
 64.666667, 0.226804, 0.159794, 0.634021, 0.819588
 66.666667, 0.505000, 0.185000, 0.610000, 0.820000
 64.000000, 0.276042, 0.182292, 0.630208, 0.833333
 64.666667, 0.268041, 0.144330, 0.597938, 0.762887
 67.666667, 0.364532, 0.137931, 0.541872, 0.704433
4
 0.250000, 0.000000, 0.000000, 14.000000, 81.000000
 44.666667, 0.925373, 0.537313, 1.761194, 2.350746
 56.333333, 0.142012, 0.201183, 0.603550, 0.828402
 59.333333, 0.292135, 0.258427, 0.573034, 0.926966
 62.333333, 0.278075, 0.213904, 0.668449, 0.903743
 54.333333, 0.361963, 0.177914, 0.638037, 0.840491
 66.000000, 0.348485, 0.176768, 0.595960, 0.797980
 63.333333, 0.394737, 0.173684, 0.663158, 0.857895
 69.333333, 0.514423, 0.211538, 0.620192, 0.860577
 58.333333, 0.348571, 0.194286, 0.577143, 0.794286
 67.333333, 0.628713, 0.212871, 0.643564, 0.881188
 73.666667, 0.515837, 0.140271, 0.542986, 0.705882
 66.333333, 0.351759, 0.150754, 0.698492, 0.874372
 60.666667, 0.467033, 0.230769, 1.362637, 1.620879
 63.333333, 0.215789, 0.326316, 0.631579, 0.978947
 72.333333, 0.760369, 0.161290, 0.801843, 0.986175
 63.666667, 0.392670, 0.172775, 0.910995, 1.104712
 68.000000, 0.470588, 0.161765, 0.617647, 0.808824
 57.333333, 0.313953, 0.203488, 0.906977, 1.593023
 64.666667, 0.298969, 0.159794, 0.587629, 0.768041
5
 0.250000, 0.000000, 0.000000, 14.000000, 75.000000
 58.000000, 1.827586, 0.913793, 0.793103, 1.758621
 61.333333, 0.478261, 0.255435, 0.663043, 0.940217
 57.000000, 0.368421, 0.204678, 0.865497, 1.093567
 70.666667, 0.528302, 0.155660, 0.594340, 0.773585
 59.000000, 0.418079, 0.265537, 0.661017, 0.954802
 66.666667, 0.590000, 0.200000, 0.555000, 0.795000
 61.000000, 0.289617, 0.174863, 0.644809, 0.836066
 65.333333, 0.387755, 0.265306, 0.571429, 0.862245
 56.000000, 0.255952, 0.148810, 1.279762, 1.452381
 67.000000, 0.845771, 0.368159, 0.646766, 1.034826
 69.333333, 0.581731, 0.187500, 0.562500, 0.774038
 61.000000, 0.169399, 0.147541, 0.595628, 0.770492
 59.666667, 0.335196, 0.340782, 0.899441, 1.268156
 64.666667, 0.329897, 0.149485, 0.608247, 0.783505
 68.000000, 0.357843, 0.156863, 0.769608, 0.950980
 65.333333, 0.336735, 0.142857, 0.602041, 0.775510
 65.000000, 0.400000, 0.164103, 0.687179, 0.871795
 59.000000, 0.265537, 0.163842, 1.146893, 1.333333
 62.000000, 0.204301, 0.145161, 0.596774, 0.768817
6
 0.250000, 0.000000, 0.000000, 14.000000, 75.000000
 45.333333, 1.007353, 0.595588, 0.904412, 1.544118
 63.000000, 0.386243, 0.137566, 0.576720, 0.740741
 57.333333, 0.517442, 0.604651, 1.505814, 2.127907
 66.000000, 0.424242, 0.161616, 0.651515, 0.833333
 54.333333, 0.300613, 0.184049, 1.085890, 1.294479
 62.666667, 0.425532, 0.457447, 0.585106, 1.074468
 59.000000, 0.248588, 0.203390, 0.593220, 0.819209
 61.000000, 0.218579, 0.267760, 0.639344, 0.928962
 59.333333, 0.382022, 0.140449, 0.657303, 0.820225
 61.000000, 0.213115, 0.147541, 0.677596, 0.923497
 68.000000, 0.485294, 0.264706, 0.647059, 0.936275
 63.666667, 0.450262, 0.183246, 0.623037, 0.832461
 60.666667, 0.368132, 0.175824, 0.642857, 0.840659
 62.666667, 0.228723, 0.159574, 0.659574, 0.840426
 63.666667, 0.230366, 0.308901, 0.560209, 0.890052
 64.000000, 0.375000, 0.182292, 0.583333, 0.786458
 65.000000, 0.410256, 0.169231, 0.533333, 0.733333
 58.000000, 0.287356, 0.166667, 0.568966, 0.764368
 62.666667, 0.122340, 0.175532, 0.531915, 0.728723
7
 0.250000, 0.000000, 0.000000, 14.000000, 75.000000
 55.000000, 1.975758, 0.684848, 0.909091, 1.648485
 58.666667, 0.250000, 0.170455, 0.659091, 0.852273
 53.666667, 0.515528, 0.236025, 0.881988, 1.142857
 64.000000, 0.296875, 0.276042, 0.916667, 1.213542
 55.000000, 0.224242, 0.218182, 0.721212, 0.963636
 65.000000, 0.728205, 0.153846, 0.610256, 0.789744
 64.333333, 0.331606, 0.176166, 1.005181, 1.207254
 63.000000, 0.206349, 0.158730, 0.534392, 0.719577
 54.333333, 0.331288, 0.171779, 0.588957, 0.779141
 61.666667, 0.302703, 0.162162, 0.637838, 0.848649
 66.333333, 0.236181, 0.150754, 0.648241, 0.824121
 59.333333, 0.174157, 0.207865, 0.747191, 0.983146
 54.000000, 0.129630, 0.172840, 0.635802, 0.827160
 61.000000, 0.371585, 0.180328, 0.622951, 0.825137
 61.666667, 0.167568, 0.648649, 0.567568, 1.237838
 67.333333, 0.396040, 0.178218, 0.589109, 0.787129
 68.000000, 0.436275, 0.186275, 0.602941, 0.818627
 66.333333, 0.251256, 0.160804, 0.613065, 0.793970
 66.666667, 0.320000, 0.155000, 0.540000, 0.720000
8
 0.250000, 0.000000, 0.000000, 14.000000, 74.000000
 47.666667, 1.412587, 0.916084, 0.860140, 1.839161
 62.000000, 0.215054, 0.166667, 0.596774, 0.784946
 60.333333, 0.977901, 0.734807, 0.707182, 1.464088
 66.333333, 0.447236, 0.180905, 0.577889, 0.793970
 56.000000, 0.452381, 0.279762, 0.773810, 1.083333
 67.000000, 0.671642, 0.417910, 0.611940, 1.054726
 64.000000, 0.328125, 0.307292, 0.807292, 1.140625
 70.333333, 0.497630, 0.146919, 0.554502, 0.725118
 56.666667, 0.352941, 0.194118, 1.152941, 1.376471
 59.333333, 0.325843, 0.162921, 0.629213, 0.814607
 78.666667, 1.016949, 0.169492, 0.775424, 0.966102
 65.000000, 0.523077, 0.179487, 0.605128, 0.810256
 56.000000, 0.232143, 0.202381, 0.666667, 0.892857
 64.000000, 0.354167, 0.166667, 0.625000, 0.812500
 66.666667, 0.340000, 0.160000, 0.625000, 0.810000
 65.000000, 0.492308, 0.164103, 0.630769, 0.820513
 72.666667, 0.435780, 0.192661, 0.555046, 0.775229
 62.000000, 0.521505, 0.145161, 0.591398, 0.763441
 68.666667, 0.432039, 0.194175, 0.737864, 0.951456
9
 0.250000, 0.000000, 0.000000, 0.000000, 74.000000
 52.333333, 1.216561, 0.522293, 1.159236, 1.726115
 65.333333, 0.714286, 0.234694, 0.576531, 0.836735
 57.666667, 0.294798, 0.283237, 0.578035, 0.953757
 66.000000, 0.333333, 0.156566, 0.601010, 0.782828
 57.000000, 0.403509, 0.187135, 0.695906, 0.906433
 65.666667, 0.553299, 0.208122, 0.598985, 0.832487
 62.000000, 0.215054, 0.198925, 0.650538, 0.876344
 63.000000, 0.343915, 0.206349, 0.888889, 1.116402
 54.666667, 0.250000, 0.170732, 1.067073, 1.262195
 62.666667, 0.420213, 0.228723, 0.691489, 0.941489
 61.666667, 0.200000, 0.156757, 0.610811, 0.789189
 65.333333, 0.260204, 0.244898, 0.683673, 0.954082
 58.333333, 0.554286, 0.245714, 0.628571, 0.897143
 60.333333, 0.132597, 0.154696, 0.662983, 0.839779
 66.666667, 0.445000, 0.460000, 0.580000, 1.065000
 66.000000, 0.545455, 0.196970, 0.565657, 0.782828
 70.333333, 0.578199, 0.165877, 1.052133, 1.241706
 61.666667, 0.227027, 0.151351, 0.545946, 0.724324
 67.333333, 0.673267, 0.163366, 0.589109, 0.777228
10
 0.250000, 0.000000, 0.000000, 0.000000, 75.000000
 46.666667, 1.285714, 0.521429, 0.807143, 1.528571
 62.333333, 0.368984, 0.176471, 0.641711, 0.839572
 53.333333, 0.281250, 0.206250, 0.625000, 0.850000
 64.000000, 0.354167, 0.171875, 0.645833, 0.838542
 51.666667, 0.212903, 0.180645, 1.103226, 1.296774
 61.666667, 0.227027, 0.259459, 0.648649, 0.929730
 64.333333, 0.259067, 0.176166, 0.642487, 0.839378
 70.333333, 0.464455, 0.142180, 0.549763, 0.748815
 56.666667, 0.394118, 0.176471, 0.611765, 0.811765
 66.333333, 0.648241, 0.206030, 0.673367, 0.904523
 70.333333, 0.587678, 0.175355, 0.563981, 0.763033
 64.333333, 0.269430, 0.160622, 0.632124, 0.849741
 59.333333, 0.353933, 0.230337, 0.724719, 0.977528
 68.000000, 0.470588, 0.166667, 0.588235, 0.779412
 69.000000, 0.521739, 0.149758, 0.613527, 0.792271
 66.666667, 0.530000, 0.155000, 0.560000, 0.740000
 62.000000, 0.301075, 0.172043, 0.639785, 0.870968
 55.666667, 0.173653, 0.155689, 0.820359, 1.000000
 65.666667, 0.319797, 0.167513, 0.817259, 1.015228
11
 0.250000, 0.000000, 0.000000, 0.000000, 74.000000
 56.333333, 2.124260, 0.881657, 0.668639, 1.650888
 61.333333, 0.260870, 0.173913, 0.619565, 0.815217
 54.666667, 0.280488, 0.176829, 0.615854, 0.810976
 60.666667, 0.247253, 0.175824, 0.637363, 0.835165
 52.666667, 0.126582, 0.177215, 0.715190, 0.917722
 61.000000, 0.338798, 0.245902, 0.568306, 0.836066
 64.000000, 0.302083, 0.177083, 0.619792, 0.822917
 67.666667, 0.467980, 0.157635, 0.571429, 0.753695
 59.666667, 0.340782, 0.268156, 1.837989, 2.128492
 67.000000, 0.417910, 0.243781, 0.592040, 0.855721
 67.333333, 0.391089, 0.227723, 0.628713, 0.881188
 69.333333, 0.572115, 0.177885, 0.572115, 0.807692
 60.000000, 0.300000, 0.255556, 1.000000, 1.283333
 62.666667, 0.367021, 0.164894, 0.601064, 0.792553
 64.666667, 0.211340, 0.144330, 0.788660, 0.958763
 67.000000, 0.388060, 0.154229, 0.577114, 0.756219
 69.333333, 0.500000, 0.168269, 0.567308, 0.759615
 63.000000, 0.312169, 0.158730, 0.603175, 0.783069
 68.333333, 0.678049, 0.165854, 0.809756, 0.995122
12
 0.250000, 2.000000, 0.000000, 0.000000, 90.000000
 46.000000, 0.920290, 0.630435, 0.891304, 1.565217
 60.333333, 0.436464, 0.154696, 0.668508, 0.883978
 56.333333, 0.337278, 0.627219, 1.733728, 2.378698
 62.666667, 0.303191, 0.191489, 0.643617, 0.856383
 56.333333, 0.325444, 0.189349, 0.721893, 0.940828
 63.666667, 0.439791, 0.188482, 0.612565, 0.827225
 59.666667, 0.273743, 0.184358, 0.843575, 1.055866
 67.000000, 0.527363, 0.184080, 0.562189, 0.766169
 54.333333, 0.294479, 0.159509, 1.312883, 1.496933
 63.000000, 0.428571, 0.153439, 0.656085, 0.835979
 65.666667, 0.365482, 0.177665, 0.791878, 0.989848
 65.333333, 0.530612, 0.173469, 0.617347, 0.811224
 56.333333, 0.284024, 0.254438, 0.650888, 0.928994
 63.000000, 0.333333, 0.164021, 0.656085, 0.841270
 62.000000, 0.311828, 0.172043, 0.661290, 0.849462
 62.333333, 0.609626, 0.192513, 0.593583, 0.807487
 62.666667, 0.250000, 0.175532, 0.601064, 0.797872
 68.666667, 0.485437, 0.140777, 0.567961, 0.733010
 73.000000, 0.584475, 0.178082, 0.493151, 0.698630
13
 0.250000, 0.000000, 0.000000, 0.000000, 73.000000
 44.000000, 0.696970, 0.568182, 1.469697, 2.106061
 59.000000, 0.293785, 0.361582, 0.570621, 0.954802
 58.333333, 0.468571, 0.291429, 0.834286, 1.148571
 65.000000, 0.256410, 0.184615, 0.702564, 0.907692
 55.333333, 0.253012, 0.204819, 0.722892, 0.945783
 63.333333, 0.521053, 0.205263, 0.610526, 0.836842
 58.333333, 0.182857, 0.205714, 0.788571, 1.017143
 64.333333, 0.476684, 0.217617, 0.632124, 0.870466
 54.666667, 0.152439, 0.182927, 1.042683, 1.243902
 62.000000, 0.709677, 0.241935, 0.698925, 0.967742
 65.333333, 0.331633, 0.158163, 0.627551, 0.806122
 62.333333, 0.229947, 0.171123, 0.577540, 0.775401
 55.666667, 0.203593, 0.185629, 0.880240, 1.089820
 61.333333, 0.222826, 0.184783, 0.847826, 1.059783
 67.666667, 0.596059, 0.172414, 0.620690, 0.817734
 62.000000, 0.413978, 0.155914, 0.817204, 0.994624
 75.333333, 1.101770, 0.252212, 0.584071, 0.858407
 63.333333, 0.421053, 0.142105, 0.568421, 0.731579
 70.000000, 0.461905, 0.152381, 0.557143, 0.728571
14
 0.250000, 0.000000, 0.000000, 11.000000, 74.000000
 55.666667, 1.952096, 0.706587, 1.592814, 2.347305
 63.000000, 0.539683, 0.301587, 0.740741, 1.063492
 55.333333, 0.271084, 0.234940, 0.638554, 0.909639
 61.666667, 0.172973, 0.189189, 0.637838, 0.929730
 52.666667, 0.177215, 0.189873, 0.734177, 0.943038
 60.000000, 0.283333, 0.200000, 0.633333, 0.888889
 60.000000, 0.200000, 0.183333, 0.616667, 0.827778
 68.666667, 0.466019, 0.184466, 0.839806, 1.048544
 54.666667, 0.219512, 0.310976, 1.103659, 1.439024
 63.000000, 0.275132, 0.137566, 0.592593, 0.751323
 66.000000, 0.287879, 0.202020, 0.590909, 0.818182
 64.000000, 0.395833, 0.151042, 0.656250, 0.833333
 56.666667, 0.217647, 0.188235, 0.635294, 0.847059
 63.333333, 0.273684, 0.157895, 0.594737, 0.773684
 64.000000, 0.359375, 0.156250, 0.635417, 0.817708
 64.666667, 0.402062, 0.159794, 0.567010, 0.752577
 68.333333, 0.360976, 0.195122, 0.673171, 0.892683
 65.666667, 0.294416, 0.167513, 0.624365, 0.812183
 63.000000, 0.291005, 0.153439, 0.592593, 0.772487
15
 0.250000, 1.000000, 0.000000, 15.000000, 74.000000
 55.333333, 2.114458, 0.728916, 1.506024, 2.301205
 64.333333, 0.295337, 0.170984, 0.554404, 0.746114
 58.666667, 0.693182, 0.289773, 0.630682, 0.948864
 58.333333, 0.114286, 0.177143, 0.594286, 0.788571
 53.666667, 0.198758, 0.248447, 0.652174, 0.925466
 62.333333, 0.315508, 0.213904, 0.780749, 1.016043
 66.666667, 0.500000, 0.170000, 0.535000, 0.735000
 69.000000, 0.458937, 0.164251, 0.850242, 1.043478
 58.666667, 0.687500, 0.215909, 0.937500, 1.181818
 66.000000, 0.328283, 0.191919, 0.616162, 0.833333
 66.000000, 0.383838, 0.146465, 0.570707, 0.737374
 63.333333, 0.252632, 0.231579, 0.647368, 0.900000
 58.666667, 0.420455, 0.255682, 0.653409, 0.937500
 67.333333, 0.440594, 0.168317, 0.594059, 0.787129
 63.666667, 0.324607, 0.167539, 0.586387, 0.780105
 67.333333, 0.831683, 0.217822, 0.579208, 0.826733
 67.666667, 0.399015, 0.167488, 0.630542, 0.822660
 61.333333, 0.195652, 0.163043, 0.592391, 0.777174
 61.666667, 0.432432, 0.167568, 0.583784, 0.778378
16
 0.250000, 0.000000, 0.000000, 14.000000, 15.000000
 44.333333, 0.992481, 0.812030, 1.090226, 1.954887
 62.333333, 0.475936, 0.181818, 0.614973, 0.823529
 55.000000, 0.266667, 0.193939, 0.957576, 1.175758
 64.666667, 0.298969, 0.247423, 0.835052, 1.103093
 54.666667, 0.262195, 0.176829, 0.737805, 0.939024
 64.333333, 0.549223, 0.222798, 0.616580, 0.865285
 61.000000, 0.278689, 0.153005, 0.715847, 0.896175
 65.000000, 0.502564, 0.348718, 0.810256, 1.220513
 54.000000, 0.166667, 0.172840, 0.623457, 0.814815
 64.666667, 0.360825, 0.164948, 0.628866, 0.819588
 62.333333, 0.304813, 0.165775, 0.593583, 0.786096
 64.000000, 0.281250, 0.177083, 0.645833, 0.848958
 57.333333, 0.250000, 0.168605, 0.773256, 0.965116
 65.000000, 0.333333, 0.158974, 0.625641, 0.810256
 62.333333, 0.213904, 0.155080, 0.812834, 0.994652
 64.666667, 0.432990, 0.180412, 0.608247, 0.814433
 69.666667, 0.449761, 0.167464, 0.574163, 0.760766
 59.000000, 0.355932, 0.146893, 0.627119, 0.796610
 67.666667, 0.285714, 0.147783, 0.581281, 0.753695
17
 0.250000, 0.000000, 0.000000, 14.000000, 14.000000
 48.333333, 1.241379, 0.572414, 0.689655, 1.310345
 63.000000, 0.502646, 0.185185, 0.640212, 0.851852
 56.000000, 0.398810, 0.142857, 0.601190, 0.773810
 68.333333, 0.682927, 0.224390, 0.897561, 1.151220
 57.000000, 0.573099, 0.245614, 0.684211, 0.953216
 66.000000, 0.409091, 0.252525, 0.601010, 0.878788
 57.333333, 0.127907, 0.168605, 0.668605, 0.866279
 62.000000, 0.252688, 0.247312, 0.623656, 0.892473
 58.333333, 0.440000, 0.171429, 0.891429, 1.085714
 58.666667, 0.215909, 0.176136, 0.636364, 0.835227
 58.333333, 0.148571, 0.194286, 0.617143, 0.834286
 60.333333, 0.259669, 0.237569, 0.668508, 0.928177
 58.333333, 0.451429, 0.182857, 0.674286, 0.874286
 62.666667, 0.281915, 0.170213, 0.664894, 0.856383
 61.333333, 0.315217, 0.168478, 0.619565, 0.809783
 67.333333, 0.321782, 0.178218, 0.603960, 0.806931
 64.666667, 0.293814, 0.190722, 0.608247, 0.824742
 63.666667, 0.151832, 0.172775, 0.612565, 0.806283
 70.000000, 0.414286, 0.166667, 0.561905, 0.785714
18
 0.250000, 1.000000, 0.000000, 0.000000, 0.000000
 51.333333, 2.071429, 0.720779, 1.538961, 2.324675
 64.000000, 0.343750, 0.151042, 0.567708, 0.744792
 60.333333, 0.861878, 0.464088, 1.558011, 2.044199
 60.333333, 0.198895, 0.237569, 0.662983, 0.961326
 56.000000, 0.267857, 0.297619, 0.982143, 1.309524
 62.666667, 0.404255, 0.148936, 0.680851, 0.872340
 63.333333, 0.352632, 0.226316, 0.568421, 0.815789
 67.000000, 0.537313, 0.184080, 0.621891, 0.830846
 55.000000, 0.448485, 0.157576, 1.096970, 1.284848
 60.000000, 0.222222, 0.250000, 0.694444, 0.977778
 66.333333, 0.346734, 0.165829, 0.567839, 0.758794
 61.666667, 0.264865, 0.172973, 0.648649, 0.843243
 55.666667, 0.191617, 0.191617, 1.011976, 1.227545
 60.333333, 0.259669, 0.182320, 0.624309, 0.828729
 63.333333, 0.305263, 0.163158, 0.578947, 0.763158
 68.333333, 0.565854, 0.180488, 0.604878, 0.809756
 66.000000, 0.383838, 0.151515, 1.207071, 1.378788
 63.000000, 0.328042, 0.153439, 0.582011, 0.756614
 68.666667, 0.305825, 0.145631, 0.626214, 0.796117
19
 0.250000, 1.000000, 0.000000, 0.000000, 0.000000
 42.666667, 1.140625, 0.671875, 0.742188, 1.460938
 71.000000, 0.610329, 0.427230, 0.887324, 1.333333
 57.666667, 0.346821, 0.190751, 0.641618, 0.861272
 63.333333, 0.321053, 0.205263, 0.678947, 0.905263
 58.000000, 0.517241, 0.310345, 0.689655, 1.022989
 63.333333, 0.321053, 0.210526, 0.631579, 0.868421
 59.000000, 0.259887, 0.175141, 0.694915, 0.892655
 67.666667, 0.591133, 0.266010, 0.758621, 1.049261
 54.333333, 0.165644, 0.165644, 0.607362, 0.791411
 64.000000, 0.453125, 0.260417, 0.640625, 0.921875
 67.000000, 0.517413, 0.258706, 0.651741, 0.930348
 63.333333, 0.315789, 0.163158, 0.573684, 0.800000
 56.666667, 0.394118, 0.194118, 0.847059, 1.070588
 61.666667, 0.297297, 0.172973, 0.632432, 0.832432
 63.333333, 0.431579, 0.178947, 0.694737, 0.900000
 65.333333, 0.704082, 0.244898, 0.571429, 0.841837
 63.666667, 0.303665, 0.188482, 0.722513, 0.937173
 64.000000, 0.218750, 0.145833, 0.557292, 0.729167
 65.333333, 0.280612, 0.142857, 0.556122, 0.724490
20
 0.250000, 2.000000, 0.000000, 0.000000, 0.000000
 48.333333, 1.586207, 0.613793, 1.517241, 2.172414
 61.000000, 0.273224, 0.153005, 0.557377, 0.732240
 55.333333, 0.367470, 0.253012, 0.662651, 0.933735
 64.000000, 0.328125, 0.182292, 0.614583, 0.822917
 60.000000, 0.566667, 0.288889, 1.022222, 1.327778
 62.333333, 0.374332, 0.224599, 0.657754, 0.983957
 60.666667, 0.269231, 0.170330, 0.829670, 1.016484
 69.000000, 0.512077, 0.173913, 0.579710, 0.777778
 59.333333, 0.337079, 0.247191, 1.028090, 1.297753
 65.333333, 0.454082, 0.224490, 0.596939, 0.852041
 65.333333, 0.316327, 0.173469, 0.795918, 0.994898
 65.333333, 0.418367, 0.183673, 0.653061, 0.862245
 57.666667, 0.294798, 0.196532, 0.901734, 1.121387
 62.666667, 0.218085, 0.175532, 0.601064, 0.797872
 69.333333, 0.682692, 0.187500, 0.778846, 0.990385
 63.000000, 0.492063, 0.174603, 0.634921, 0.835979
 69.000000, 0.299517, 0.169082, 0.628019, 0.816425
 60.333333, 0.359116, 0.182320, 0.613260, 0.812155
 64.333333, 0.398964, 0.150259, 0.554404, 0.730570
21
 0.250000, 0.000000, 0.000000, 20.000000, 20.000000
 54.333333, 1.938650, 0.662577, 1.147239, 1.852761
 61.000000, 0.278689, 0.169399, 0.644809, 0.836066
 57.666667, 0.410405, 0.196532, 0.560694, 0.780347
 68.000000, 0.504902, 0.171569, 0.725490, 0.926471
 53.333333, 0.181250, 0.187500, 0.893750, 1.106250
 62.666667, 0.308511, 0.202128, 0.547872, 0.776596
 63.000000, 0.375661, 0.164021, 0.587302, 0.777778
 65.333333, 0.443878, 0.183673, 0.586735, 0.790816
 57.666667, 0.358382, 0.161850, 0.728324, 0.913295
 68.000000, 0.573529, 0.240196, 0.661765, 0.926471
 70.666667, 0.509434, 0.193396, 0.599057, 0.820755
 67.000000, 0.432836, 0.179104, 0.631841, 0.830846
 58.666667, 0.323864, 0.261364, 1.267045, 1.556818
 63.333333, 0.442105, 0.178947, 0.642105, 0.847368
 61.666667, 0.237838, 0.162162, 0.670270, 0.854054
 67.333333, 0.668317, 0.202970, 0.861386, 1.084158
 66.666667, 0.490000, 0.170000, 0.560000, 0.760000
 63.333333, 0.289474, 0.147368, 0.589474, 0.763158
 66.000000, 0.277778, 0.151515, 0.702020, 0.878788
22
 0.250000, 0.000000, 0.000000, 1.000000, 22.000000
 41.666667, 0.568000, 0.536000, 1.624000, 2.216000
 59.000000, 0.355932, 0.163842, 1.000000, 1.186441
 57.000000, 0.485380, 0.228070, 0.614035, 0.865497
 69.666667, 0.421053, 0.162679, 0.607656, 0.794258
 59.666667, 0.553073, 0.229050, 0.720670, 0.972067
 64.000000, 0.411458, 0.197917, 0.635417, 0.859375
 59.000000, 0.231638, 0.231638, 0.898305, 1.152542
 60.000000, 0.205556, 0.305556, 0.638889, 0.966667
 54.666667, 0.292683, 0.164634, 1.115854, 1.298780
 66.333333, 0.376884, 0.175879, 0.648241, 0.849246
 67.000000, 0.547264, 0.278607, 0.631841, 0.940299
 64.666667, 0.262887, 0.216495, 0.670103, 0.912371
 59.000000, 0.463277, 0.158192, 0.627119, 0.807910
 63.000000, 0.343915, 0.158730, 0.624339, 0.809524
 62.000000, 0.284946, 0.161290, 0.591398, 0.779570
 64.666667, 0.536082, 0.195876, 0.639175, 0.855670
 65.000000, 0.317949, 0.205128, 1.015385, 1.241026
 65.666667, 0.370558, 0.182741, 0.624365, 0.832487
 64.333333, 0.248705, 0.160622, 0.554404, 0.740933
23
 0.250000, 0.000000, 0.000000, 19.000000, 20.000000
 48.666667, 1.150685, 0.609589, 1.883562, 2.582192
 59.000000, 0.265537, 0.152542, 0.627119, 0.807910
 53.666667, 0.223602, 0.192547, 0.708075, 0.919255
 65.666667, 0.614213, 0.258883, 0.629442, 0.908629
 56.333333, 0.189349, 0.171598, 1.065089, 1.260355
 59.000000, 0.395480, 0.220339, 0.621469, 0.870056
 65.333333, 0.540816, 0.163265, 0.617347, 0.806122
 66.333333, 0.527638, 0.231156, 0.904523, 1.170854
 53.666667, 0.304348, 0.186335, 0.913043, 1.118012
 61.333333, 0.423913, 0.211957, 0.673913, 0.907609
 61.000000, 0.327869, 0.245902, 0.890710, 1.158470
 64.333333, 0.295337, 0.160622, 0.554404, 0.740933
 53.666667, 0.155280, 0.229814, 0.875776, 1.130435
 61.333333, 0.141304, 0.157609, 0.614130, 0.793478
 63.333333, 0.205263, 0.147368, 0.805263, 0.973684
 63.000000, 0.486772, 0.169312, 0.857143, 1.052910
 68.333333, 0.453659, 0.165854, 0.848780, 1.034146
 68.000000, 0.328431, 0.161765, 0.607843, 0.794118
 68.333333, 0.341463, 0.214634, 0.731707, 0.985366
24
 0.250000, 3.000000, 0.000000, 0.000000, 21.000000
 47.333333, 0.718310, 0.661972, 0.936620, 1.669014
 63.666667, 0.507853, 0.209424, 0.607330, 0.837696
 57.666667, 0.786127, 0.583815, 0.895954, 1.502890
 67.333333, 0.465347, 0.183168, 0.653465, 0.861386
 56.666667, 0.229412, 0.170588, 0.688235, 0.882353
 63.333333, 0.373684, 0.173684, 0.626316, 0.821053
 65.000000, 0.394872, 0.164103, 0.553846, 0.743590
 68.666667, 0.451456, 0.165049, 0.582524, 0.771845
 61.000000, 0.464481, 0.158470, 0.628415, 0.808743
 64.333333, 0.217617, 0.212435, 0.652850, 0.886010
 64.000000, 0.291667, 0.166667, 0.572917, 0.765625
 61.000000, 0.120219, 0.158470, 0.573770, 0.775956
 55.666667, 0.125749, 0.179641, 0.676647, 0.880240
 60.333333, 0.187845, 0.165746, 0.651934, 0.845304
 63.666667, 0.298429, 0.167539, 0.837696, 1.031414
 69.666667, 0.708134, 0.167464, 0.559809, 0.751196
 67.333333, 0.321782, 0.178218, 0.782178, 0.990099
 62.000000, 0.333333, 0.172043, 0.591398, 0.790323
 66.333333, 0.376884, 0.155779, 0.557789, 0.743719
25
 0.250000, 2.000000, 0.000000, 0.000000, 20.000000
 46.666667, 1.335714, 0.671429, 0.964286, 1.685714
 66.000000, 0.500000, 0.136364, 0.631313, 0.787879
 62.333333, 0.743316, 0.256684, 0.540107, 0.823529
 71.000000, 0.553991, 0.173709, 0.624413, 0.826291
 57.333333, 0.424419, 0.168605, 0.808140, 1.000000
 65.333333, 0.367347, 0.224490, 0.622449, 0.872449
 62.666667, 0.388298, 0.159574, 0.686170, 0.872340
 65.666667, 0.416244, 0.162437, 0.583756, 0.771574
 60.666667, 0.494505, 0.181319, 0.620879, 0.824176
 65.000000, 0.343590, 0.205128, 0.651282, 0.882051
 70.666667, 0.485849, 0.226415, 0.660377, 0.905660
 68.000000, 0.382353, 0.161765, 0.617647, 0.803922
 60.333333, 0.381215, 0.320442, 0.845304, 1.187845
 63.333333, 0.300000, 0.163158, 0.610526, 0.826316
 64.333333, 0.373057, 0.170984, 0.528497, 0.725389
 61.333333, 0.396739, 0.157609, 0.554348, 0.733696
 71.000000, 0.366197, 0.169014, 0.544601, 0.737089
 64.333333, 0.445596, 0.176166, 0.829016, 1.031088
 67.000000, 0.517413, 0.154229, 0.815920, 0.995025
26
 0.250000, 0.000000, 6.000000, 2.000000, 8.000000
 46.666667, 1.264286, 0.428571, 1.157143, 1.628571
 57.000000, 0.175439, 0.175439, 0.567251, 0.760234
 56.000000, 0.434524, 0.196429, 0.595238, 0.815476
 64.000000, 0.348958, 0.208333, 0.588542, 0.817708
 54.000000, 0.518519, 0.197531, 0.685185, 0.907407
 61.333333, 0.391304, 0.255435, 0.581522, 0.869565
 66.333333, 0.608040, 0.170854, 0.668342, 0.864322
 70.000000, 0.600000, 0.180952, 0.542857, 0.752381
 61.000000, 0.677596, 0.185792, 1.109290, 1.322404
 69.000000, 0.594203, 0.159420, 0.584541, 0.772947
 67.333333, 0.579208, 0.198020, 0.574257, 0.797030
 65.000000, 0.492308, 0.169231, 0.620513, 0.815385
 56.666667, 0.329412, 0.200000, 0.652941, 0.876471
 63.000000, 0.232804, 0.164021, 0.592593, 0.777778
 71.000000, 0.464789, 0.314554, 0.619718, 0.957746
 63.666667, 0.319372, 0.151832, 0.565445, 0.743455
 65.000000, 0.389744, 0.179487, 1.076923, 1.282051
 66.000000, 0.333333, 0.151515, 0.565657, 0.737374
 67.666667, 0.394089, 0.142857, 0.527094, 0.694581
27
 0.250000, 1.000000, 4.000000, 1.000000, 6.000000
 46.666667, 1.228571, 0.650000, 0.892857, 1.592857
 62.333333, 0.283422, 0.160428, 0.614973, 0.802139
 59.000000, 0.463277, 0.423729, 0.830508, 1.276836
 63.000000, 0.312169, 0.164021, 0.603175, 0.793651
 56.000000, 0.375000, 0.232143, 0.666667, 0.922619
 64.666667, 0.324742, 0.216495, 0.675258, 0.912371
 63.666667, 0.455497, 0.172775, 0.612565, 0.811518
 69.333333, 0.576923, 0.221154, 0.750000, 0.995192
 55.000000, 0.218182, 0.157576, 0.963636, 1.139394
 64.333333, 0.331606, 0.233161, 0.647668, 0.906736
 65.666667, 0.253807, 0.162437, 0.852792, 1.035533
 62.000000, 0.306452, 0.188172, 0.693548, 0.908602
 57.000000, 0.269006, 0.198830, 0.988304, 1.216374
 66.666667, 0.455000, 0.155000, 0.610000, 0.790000
 69.333333, 0.475962, 0.163462, 0.581731, 0.769231
 66.333333, 0.668342, 0.271357, 0.663317, 0.959799
 69.000000, 0.367150, 0.169082, 0.603865, 0.797101
 68.666667, 0.330097, 0.155340, 0.621359, 0.800971
 68.666667, 0.339806, 0.160194, 0.563107, 0.776699
28
 0.250000, 2.000000, 0.000000, 0.000000, 0.000000
 47.000000, 1.028369, 0.765957, 1.496454, 2.312057
 66.000000, 0.338384, 0.146465, 0.535354, 0.707071
 55.333333, 0.500000, 0.204819, 0.903614, 1.132530
 67.666667, 0.512315, 0.177340, 0.625616, 0.827586
 56.666667, 0.317647, 0.170588, 0.770588, 0.970588
 61.000000, 0.442623, 0.606557, 0.622951, 1.251366
 64.000000, 0.312500, 0.171875, 0.572917, 0.765625
 64.666667, 0.402062, 0.242268, 0.618557, 0.881443
 55.666667, 0.419162, 0.167665, 0.832335, 1.023952
 66.666667, 0.600000, 0.255000, 0.645000, 0.925000
 61.666667, 0.345946, 0.194595, 0.913514, 1.135135
 62.666667, 0.228723, 0.170213, 0.622340, 0.851064
 55.000000, 0.066667, 0.193939, 0.654545, 0.872727
 61.666667, 0.216216, 0.178378, 0.589189, 0.794595
 63.666667, 0.230366, 0.178010, 0.623037, 0.821990
 66.000000, 0.621212, 0.176768, 0.601010, 0.797980
 67.000000, 0.398010, 0.184080, 0.726368, 0.930348
 54.333333, 0.153374, 0.134969, 0.570552, 0.723926
 64.666667, 0.268041, 0.159794, 0.525773, 0.706186
29
 0.250000, 0.000000, 0.000000, 0.000000, 0.000000
 47.000000, 1.375887, 0.695035, 0.744681, 1.503546
 63.000000, 0.391534, 0.169312, 0.550265, 0.746032
 56.666667, 0.288235, 0.252941, 0.647059, 0.929412
 66.000000, 0.363636, 0.161616, 0.601010, 0.782828
 54.000000, 0.209877, 0.179012, 0.691358, 0.888889
 63.666667, 0.319372, 0.183246, 0.581152, 0.795812
 59.333333, 0.297753, 0.196629, 0.578652, 0.797753
 62.333333, 0.294118, 0.160428, 0.609626, 0.791444
 52.666667, 0.310127, 0.196203, 0.867089, 1.088608
 63.333333, 0.468421, 0.226316, 0.789474, 1.042105
 63.333333, 0.284211, 0.131579, 0.894737, 1.047368
 65.000000, 0.225641, 0.153846, 0.676923, 0.851282
 58.666667, 0.397727, 0.198864, 0.602273, 0.823864
 70.666667, 0.650943, 0.198113, 0.636792, 0.863208
 62.333333, 0.326203, 0.176471, 0.802139, 1.000000
 61.000000, 0.256831, 0.153005, 0.573770, 0.754098
 70.666667, 0.533019, 0.198113, 0.608491, 0.834906
 63.000000, 0.449735, 0.195767, 0.740741, 0.962963
 67.666667, 0.527094, 0.142857, 0.581281, 0.753695
30
 0.250000, 0.000000, 0.000000, 0.000000, 0.000000
 52.666667, 1.379747, 0.525316, 1.664557, 2.234177
 65.666667, 0.421320, 0.142132, 0.573604, 0.741117
 54.666667, 0.231707, 0.250000, 0.920732, 1.195122
 60.666667, 0.302198, 0.247253, 0.928571, 1.203297
 54.000000, 0.364198, 0.265432, 1.061728, 1.345679
 62.666667, 0.569149, 0.228723, 0.611702, 0.867021
 58.000000, 0.149425, 0.339080, 0.844828, 1.206897
 66.000000, 0.308081, 0.166667, 0.560606, 0.752525
 57.333333, 0.220930, 0.145349, 1.029070, 1.197674
 60.000000, 0.200000, 0.177778, 0.611111, 0.816667
 64.666667, 0.417526, 0.159794, 0.845361, 1.030928
 62.000000, 0.193548, 0.188172, 0.655914, 0.870968
 54.666667, 0.201220, 0.201220, 0.762195, 1.024390
 63.000000, 0.291005, 0.158730, 0.645503, 0.825397
 63.333333, 0.478947, 0.157895, 0.594737, 0.778947
 67.000000, 0.398010, 0.199005, 0.582090, 0.800995
 74.666667, 1.044643, 0.223214, 1.008929, 1.258929
 65.000000, 0.328205, 0.158974, 0.517949, 0.697436
 65.000000, 0.220513, 0.158974, 0.579487, 0.758974
31
 0.250000, 0.000000, 0.000000, 0.000000, 1.000000
 45.000000, 0.866667, 0.703704, 0.837037, 1.659259
 67.000000, 0.537313, 0.164179, 0.577114, 0.766169
 63.000000, 0.846561, 0.264550, 0.587302, 0.878307
 61.333333, 0.315217, 0.173913, 0.608696, 0.847826
 55.333333, 0.277108, 0.162651, 0.680723, 0.873494
 66.333333, 0.517588, 0.221106, 0.618090, 0.864322
 62.333333, 0.352941, 0.197861, 0.673797, 0.898396
 66.000000, 0.328283, 0.196970, 0.611111, 0.868687
 56.666667, 0.311765, 0.164706, 1.211765, 1.405882
 67.000000, 0.592040, 0.179104, 0.646766, 0.845771
 62.333333, 0.176471, 0.149733, 0.582888, 0.754011
 65.333333, 0.270408, 0.153061, 0.647959, 0.831633
 58.333333, 0.217143, 0.160000, 0.691429, 0.874286
 63.000000, 0.296296, 0.164021, 0.597884, 0.783069
 61.000000, 0.256831, 0.142077, 0.579235, 0.737705
 64.000000, 0.354167, 0.166667, 0.572917, 0.765625
 64.666667, 0.211340, 0.180412, 0.695876, 0.896907
 61.333333, 0.429348, 0.173913, 0.711957, 0.907609
 66.666667, 0.290000, 0.165000, 0.575000, 0.760000
32
 0.250000, 0.000000, 0.000000, 0.000000, 1.000000
 46.666667, 1.714286, 0.921429, 0.942857, 1.914286
 60.666667, 0.412088, 0.170330, 0.554945, 0.752747
 59.333333, 0.769663, 0.207865, 0.640449, 0.870787
 68.000000, 0.480392, 0.161765, 0.612745, 0.794118
 60.000000, 0.311111, 0.294444, 0.722222, 1.038889
 66.666667, 0.505000, 0.245000, 0.665000, 0.935000
 61.666667, 0.329730, 0.167568, 0.594595, 0.783784
 67.666667, 0.512315, 0.256158, 0.620690, 0.901478
 57.666667, 0.387283, 0.144509, 0.583815, 0.757225
 69.000000, 0.666667, 0.193237, 0.623188, 0.845411
 64.000000, 0.385417, 0.213542, 0.895833, 1.135417
 62.333333, 0.197861, 0.187166, 0.716578, 0.919786
 59.666667, 0.513966, 0.251397, 0.988827, 1.262570
 62.333333, 0.256684, 0.165775, 0.871658, 1.058824
 59.000000, 0.186441, 0.152542, 0.644068, 0.819209
 63.333333, 0.584211, 0.200000, 0.631579, 0.878947
 61.333333, 0.168478, 0.168478, 0.630435, 0.826087
 59.000000, 0.361582, 0.192090, 0.564972, 0.785311
 64.000000, 0.390625, 0.151042, 0.557292, 0.729167
33
 0.250000, 1.000000, 0.000000, 0.000000, 0.000000
 47.666667, 1.027972, 0.678322, 0.783217, 1.517483
 62.666667, 0.398936, 0.154255, 0.664894, 0.845745
 57.666667, 0.479769, 0.236994, 0.855491, 1.115607
 66.000000, 0.454545, 0.227273, 0.919192, 1.171717
 55.666667, 0.395210, 0.185629, 0.664671, 0.880240
 64.333333, 0.310881, 0.227979, 0.590674, 0.839378
 62.666667, 0.276596, 0.164894, 0.617021, 0.803191
 64.333333, 0.404145, 0.202073, 0.575130, 0.803109
 55.333333, 0.259036, 0.156627, 1.198795, 1.379518
 70.000000, 0.700000, 0.266667, 0.633333, 0.919048
 71.000000, 0.723005, 0.192488, 0.568075, 0.788732
 62.000000, 0.252688, 0.166667, 0.623656, 0.854839
 53.666667, 0.142857, 0.223602, 0.645963, 0.894410
 63.666667, 0.371728, 0.167539, 0.628272, 0.821990
 62.000000, 0.322581, 0.172043, 0.596774, 0.795699
 63.000000, 0.275132, 0.148148, 0.677249, 0.851852
 71.666667, 0.646512, 0.176744, 0.846512, 1.046512
 68.333333, 0.809756, 0.248780, 0.590244, 0.863415
 69.000000, 0.371981, 0.154589, 0.555556, 0.734300
34
 0.250000, 4.000000, 0.000000, 0.000000, 1.000000
 56.333333, 1.893491, 1.041420, 0.881657, 1.976331
 65.666667, 0.375635, 0.126904, 0.593909, 0.741117
 55.333333, 0.367470, 0.759036, 0.861446, 1.644578
 60.333333, 0.243094, 0.160221, 0.718232, 0.900552
 56.333333, 0.627219, 0.289941, 0.680473, 0.994083
 64.333333, 0.435233, 0.160622, 0.575130, 0.761658
 66.666667, 0.460000, 0.145000, 0.595000, 0.765000
 69.333333, 0.495192, 0.240385, 0.562500, 0.826923
 56.333333, 0.325444, 0.147929, 0.822485, 1.000000
 62.333333, 0.272727, 0.235294, 0.647059, 0.898396
 61.666667, 0.286486, 0.151351, 0.616216, 0.789189
 63.666667, 0.298429, 0.151832, 0.602094, 0.774869
 55.333333, 0.295181, 0.192771, 0.674699, 0.897590
 64.666667, 0.273196, 0.170103, 0.628866, 0.824742
 63.666667, 0.476440, 0.172775, 0.591623, 0.785340
 68.333333, 0.541463, 0.185366, 0.590244, 0.800000
 67.333333, 0.366337, 0.207921, 0.653465, 0.881188
 66.333333, 0.326633, 0.160804, 0.592965, 0.778894
 64.333333, 0.202073, 0.160622, 0.595855, 0.782383
35
 0.250000, 0.000000, 0.000000, 0.000000, 0.000000
 55.000000, 1.957576, 0.515152, 0.854545, 1.418182
 63.333333, 0.605263, 0.184211, 0.605263, 0.815789
 59.000000, 0.350282, 0.197740, 0.604520, 0.824859
 66.000000, 0.474747, 0.186869, 0.686869, 0.893939
 55.000000, 0.284848, 0.224242, 0.624242, 0.866667
 64.666667, 0.541237, 0.257732, 0.577320, 0.855670
 62.666667, 0.531915, 0.180851, 0.680851, 0.888298
 64.333333, 0.321244, 0.160622, 0.601036, 0.782383
 57.333333, 0.569767, 0.203488, 0.779070, 1.029070
 63.000000, 0.201058, 0.195767, 0.619048, 0.841270
 64.666667, 0.324742, 0.268041, 0.582474, 0.871134
 66.333333, 0.502513, 0.190955, 0.567839, 0.783920
 53.666667, 0.068323, 0.223602, 0.850932, 1.099379
 65.000000, 0.410256, 0.153846, 0.589744, 0.764103
 67.000000, 0.487562, 0.154229, 0.646766, 0.820896
 64.666667, 0.335052, 0.144330, 0.618557, 0.788660
 65.333333, 0.494898, 0.173469, 0.892857, 1.091837
 62.000000, 0.387097, 0.145161, 0.682796, 0.849462
 65.666667, 0.238579, 0.162437, 0.588832, 0.776650
36
 0.250000, 0.000000, 0.000000, 0.000000, 4.000000
 43.000000, 0.976744, 0.387597, 0.775194, 1.379845
 71.000000, 0.539906, 0.436620, 0.525822, 0.985915
 56.000000, 0.291667, 0.220238, 0.619048, 0.863095
 67.000000, 0.442786, 0.208955, 0.641791, 0.875622
 57.666667, 0.491329, 0.219653, 1.173410, 1.416185
 62.333333, 0.566845, 0.229947, 0.625668, 0.914439
 59.666667, 0.173184, 0.162011, 0.620112, 0.810056
 66.000000, 0.303030, 0.247475, 0.646465, 0.914141
 54.333333, 0.276074, 0.159509, 0.834356, 1.018405
 66.666667, 0.690000, 0.225000, 0.650000, 0.895000
 67.333333, 0.524752, 0.212871, 0.579208, 0.851485
 64.333333, 0.284974, 0.165803, 0.595855, 0.792746
 54.333333, 0.312883, 0.214724, 0.674847, 0.914110
 62.666667, 0.335106, 0.186170, 0.558511, 0.771277
 64.333333, 0.290155, 0.160622, 0.606218, 0.792746
 64.000000, 0.463542, 0.166667, 0.562500, 0.755208
 65.000000, 0.389744, 0.153846, 0.605128, 0.779487
 64.666667, 0.360825, 0.190722, 0.567010, 0.778351
 66.000000, 0.388889, 0.161616, 0.570707, 0.752525
37
 0.250000, 2.000000, 0.000000, 0.000000, 0.000000
 46.666667, 0.964286, 0.642857, 1.264286, 1.978571
 61.000000, 0.316940, 0.409836, 0.994536, 1.426230
 56.666667, 0.288235, 0.188235, 0.605882, 0.817647
 61.666667, 0.302703, 0.216216, 0.632432, 0.870270
 61.333333, 0.869565, 0.239130, 0.663043, 0.923913
 61.333333, 0.206522, 0.179348, 0.554348, 0.793478
 64.333333, 0.404145, 0.176166, 0.616580, 0.813472
 66.000000, 0.353535, 0.156566, 0.555556, 0.737374
 58.666667, 0.562500, 0.153409, 1.028409, 1.204545
 58.000000, 0.086207, 0.178161, 0.614943, 0.816092
 70.333333, 0.530806, 0.246445, 0.672986, 0.976303
 62.333333, 0.219251, 0.155080, 0.593583, 0.807487
 57.666667, 0.323699, 0.202312, 0.739884, 0.976879
 63.333333, 0.426316, 0.184211, 0.647368, 0.852632
 63.333333, 0.373684, 0.200000, 0.621053, 0.847368
 63.666667, 0.465969, 0.178010, 0.994764, 1.198953
 69.000000, 0.763285, 0.217391, 0.956522, 1.198068
 64.000000, 0.494792, 0.171875, 0.604167, 0.802083
 65.666667, 0.329949, 0.167513, 0.563452, 0.751269
38
 0.250000, 1.000000, 0.000000, 0.000000, 1.000000
 44.333333, 0.601504, 0.511278, 0.917293, 1.548872
 64.000000, 0.531250, 0.203125, 0.557292, 0.786458
 64.000000, 0.734375, 0.468750, 1.052083, 1.546875
 69.333333, 0.620192, 0.177885, 0.600962, 0.841346
 56.333333, 0.384615, 0.159763, 0.994083, 1.177515
 68.333333, 0.648780, 0.214634, 0.643902, 0.887805
 63.333333, 0.568421, 0.252632, 0.636842, 0.915789
 65.000000, 0.430769, 0.164103, 0.882051, 1.071795
 55.000000, 0.236364, 0.175758, 1.042424, 1.242424
 66.666667, 0.580000, 0.200000, 0.685000, 0.945000
 61.666667, 0.243243, 0.183784, 0.859459, 1.064865
 60.000000, 0.300000, 0.177778, 0.655556, 0.855556
 54.333333, 0.269939, 0.233129, 0.895706, 1.153374
 65.000000, 0.261538, 0.184615, 0.728205, 0.938462
 65.333333, 0.244898, 0.142857, 0.602041, 0.770408
 64.000000, 0.296875, 0.171875, 0.609375, 0.807292
 63.666667, 0.277487, 0.172775, 1.251309, 1.471204
 64.666667, 0.329897, 0.164948, 0.597938, 0.783505
 67.000000, 0.213930, 0.154229, 0.562189, 0.796020
39
 0.250000, 0.000000, 0.000000, 0.000000, 3.000000
 55.333333, 1.963855, 0.813253, 1.518072, 2.379518
 60.666667, 0.296703, 0.159341, 0.543956, 0.758242
 56.000000, 0.285714, 0.226190, 0.970238, 1.220238
 66.333333, 0.653266, 0.180905, 0.668342, 0.874372
 58.333333, 0.514286, 0.188571, 1.011429, 1.228571
 62.666667, 0.542553, 0.191489, 0.659574, 0.882979
 62.666667, 0.414894, 0.196809, 0.590426, 0.840426
 61.333333, 0.293478, 0.190217, 0.576087, 0.793478
 53.666667, 0.254658, 0.155280, 1.229814, 1.403727
 63.666667, 0.261780, 0.214660, 0.633508, 0.874346
 67.666667, 0.453202, 0.197044, 0.645320, 0.866995
 64.000000, 0.260417, 0.166667, 0.651042, 0.843750
 51.333333, 0.181818, 0.233766, 0.753247, 1.006494
 60.333333, 0.265193, 0.176796, 0.596685, 0.801105
 64.333333, 0.300518, 0.170984, 0.585492, 0.782383
 69.333333, 0.567308, 0.177885, 0.596154, 0.802885
 69.000000, 0.550725, 0.202899, 0.584541, 0.816425
 69.000000, 0.478261, 0.169082, 0.521739, 0.719807
 71.000000, 0.502347, 0.159624, 0.553991, 0.737089
40
 0.250000, 0.000000, 0.000000, 0.000000, 3.000000
 42.000000, 0.753968, 0.714286, 1.190476, 1.952381
 61.000000, 0.245902, 0.142077, 0.661202, 0.830601
 55.666667, 0.365269, 0.281437, 0.586826, 0.892216
 70.333333, 0.668246, 0.175355, 0.620853, 0.819905
 54.333333, 0.220859, 0.257669, 0.625767, 0.914110
 64.666667, 0.489691, 0.211340, 0.582474, 0.814433
 62.666667, 0.425532, 0.132979, 0.611702, 0.765957
 69.000000, 0.492754, 0.149758, 0.599034, 0.772947
 57.333333, 0.424419, 0.250000, 1.133721, 1.406977
 62.666667, 0.244681, 0.244681, 0.643617, 0.914894
 67.000000, 0.467662, 0.154229, 0.646766, 0.820896
 63.333333, 0.305263, 0.168421, 0.647368, 0.836842
 56.333333, 0.372781, 0.224852, 0.686391, 0.934911
 61.000000, 0.109290, 0.153005, 0.650273, 0.830601
 65.000000, 0.374359, 0.466667, 0.594872, 1.087179
 63.333333, 0.421053, 0.163158, 0.573684, 0.773684
 68.333333, 0.434146, 0.170732, 1.180488, 1.375610
 69.333333, 0.514423, 0.177885, 0.543269, 0.745192
 71.000000, 0.328638, 0.178404, 0.539906, 0.769953
41
 0.250000, 1.000000, 0.000000, 0.000000, 0.000000
 48.333333, 1.220690, 0.496552, 1.034483, 1.572414
 60.000000, 0.272222, 0.244444, 0.700000, 0.961111
 54.666667, 0.304878, 0.213415, 0.591463, 0.823171
 65.000000, 0.246154, 0.220513, 0.615385, 0.856410
 60.000000, 0.500000, 0.277778, 1.027778, 1.333333
 67.000000, 0.567164, 0.218905, 0.661692, 0.905473
 62.000000, 1.086022, 0.349462, 0.924731, 1.295699
 64.666667, 0.494845, 0.231959, 0.556701, 0.814433
 55.666667, 0.365269, 0.173653, 0.640719, 0.838323
 63.333333, 0.252632, 0.200000, 0.631579, 0.857895
 67.333333, 0.311881, 0.163366, 0.628713, 0.816832
 63.666667, 0.340314, 0.209424, 0.612565, 0.853403
 57.666667, 0.335260, 0.202312, 1.387283, 1.612717
 65.333333, 0.454082, 0.173469, 0.596939, 0.801020
 63.333333, 0.173684, 0.168421, 0.578947, 0.768421
 65.000000, 0.646154, 0.174359, 0.579487, 0.774359
 64.666667, 0.422680, 0.221649, 0.860825, 1.108247
 63.333333, 0.263158, 0.147368, 0.578947, 0.752632
 69.000000, 0.362319, 0.164251, 0.550725, 0.768116
42
 0.250000, 1.000000, 0.000000, 0.000000, 12.000000
 55.000000, 2.060606, 0.684848, 0.836364, 1.569697
 61.000000, 0.316940, 0.158470, 0.628415, 0.852459
 57.000000, 0.643275, 0.315789, 0.584795, 0.923977
 67.333333, 0.391089, 0.153465, 0.698020, 0.871287
 55.000000, 0.224242, 0.169697, 0.703030, 0.939394
 60.666667, 0.296703, 0.208791, 0.598901, 0.835165
 63.000000, 0.428571, 0.164021, 0.698413, 0.888889
 68.000000, 0.470588, 0.147059, 0.573529, 0.750000
 54.666667, 0.426829, 0.152439, 0.762195, 0.939024
 65.333333, 0.622449, 0.234694, 0.576531, 0.872449
 68.333333, 0.419512, 0.200000, 0.604878, 0.829268
 59.666667, 0.273743, 0.173184, 0.648045, 0.849162
 60.666667, 0.329670, 0.543956, 0.626374, 1.203297
 66.333333, 0.286432, 0.190955, 0.643216, 0.859296
 64.333333, 0.373057, 0.150259, 0.601036, 0.772021
 68.000000, 0.593137, 0.250000, 0.573529, 0.848039
 66.666667, 0.375000, 0.170000, 0.625000, 0.820000
 63.000000, 0.449735, 0.164021, 0.629630, 0.820106
 65.333333, 0.362245, 0.142857, 0.586735, 0.760204
43
 0.250000, 0.000000, 0.000000, 0.000000, 13.000000
 58.333333, 2.622857, 0.714286, 0.840000, 1.622857
 56.333333, 0.278107, 0.159763, 0.609467, 0.792899
 58.333333, 0.302857, 0.245714, 0.931429, 1.205714
 64.000000, 0.208333, 0.177083, 0.588542, 0.791667
 57.666667, 0.387283, 0.190751, 1.052023, 1.271676
 63.666667, 0.387435, 0.188482, 0.581152, 0.795812
 65.666667, 0.532995, 0.187817, 0.573604, 0.786802
 67.333333, 0.529703, 0.207921, 0.831683, 1.099010
 60.333333, 0.397790, 0.160221, 0.624309, 0.806630
 63.333333, 0.494737, 0.184211, 0.584211, 0.800000
 64.333333, 0.248705, 0.186528, 0.637306, 0.849741
 64.333333, 0.373057, 0.191710, 0.626943, 0.844560
 59.000000, 0.610169, 0.186441, 0.661017, 0.870056
 64.000000, 0.213542, 0.187500, 0.614583, 0.822917
 67.666667, 0.384236, 0.310345, 0.615764, 0.950739
 67.666667, 0.571429, 0.157635, 0.586207, 0.763547
 63.666667, 0.392670, 0.172775, 0.565445, 0.764398
 64.000000, 0.244792, 0.161458, 0.713542, 0.895833
 72.333333, 0.488479, 0.152074, 0.695853, 0.875576
44
 0.250000, 0.000000, 0.000000, 11.000000, 11.000000
 50.666667, 1.532895, 0.703947, 1.493421, 2.289474
 60.000000, 0.427778, 0.183333, 0.677778, 0.888889
 57.333333, 0.604651, 0.279070, 0.610465, 0.912791
 60.333333, 0.198895, 0.220994, 0.613260, 0.867403
 54.333333, 0.306748, 0.214724, 0.742331, 0.975460
 61.666667, 0.372973, 0.194595, 0.594595, 0.816216
 60.000000, 0.250000, 0.188889, 0.622222, 0.833333
 65.333333, 0.454082, 0.193878, 0.581633, 0.795918
 55.666667, 0.305389, 0.155689, 1.293413, 1.479042
 61.666667, 0.259459, 0.172973, 0.637838, 0.843243
 68.000000, 0.696078, 0.269608, 0.656863, 0.950980
 65.666667, 0.350254, 0.172589, 0.649746, 0.847716
 60.333333, 0.325967, 0.160221, 0.861878, 1.082873
 62.000000, 0.236559, 0.155914, 0.618280, 0.801075
 65.000000, 0.364103, 0.615385, 0.569231, 1.210256
 65.333333, 0.382653, 0.173469, 0.663265, 0.857143
 70.000000, 0.509524, 0.147619, 0.971429, 1.138095
 61.666667, 0.432432, 0.151351, 0.637838, 0.810811
 65.666667, 0.335025, 0.167513, 0.543147, 0.730964
45
 0.250000, 0.000000, 0.000000, 11.000000, 11.000000
 52.666667, 1.898734, 1.259494, 2.113924, 3.424051
 63.000000, 0.296296, 0.185185, 0.957672, 1.164021
 56.333333, 0.360947, 0.313609, 0.952663, 1.295858
 66.333333, 0.482412, 0.175879, 0.618090, 0.819095
 56.666667, 0.741176, 0.382353, 0.864706, 1.264706
 61.000000, 0.245902, 0.174863, 0.650273, 0.852459
 63.666667, 0.492147, 0.209424, 0.591623, 0.821990
 68.666667, 0.543689, 0.174757, 0.572816, 0.786408
 55.333333, 0.265060, 0.150602, 0.716867, 0.891566
 63.000000, 0.497354, 0.190476, 0.687831, 0.899471
 66.000000, 0.151515, 0.212121, 0.585859, 0.818182
 62.000000, 0.349462, 0.290323, 0.672043, 0.983871
 55.000000, 0.151515, 0.230303, 0.745455, 1.000000
 62.333333, 0.213904, 0.171123, 0.604278, 0.796791
 69.333333, 0.591346, 0.163462, 0.596154, 0.783654
 72.333333, 0.718894, 0.152074, 0.548387, 0.723502
 72.666667, 0.500000, 0.174312, 0.995413, 1.197248
 66.000000, 0.454545, 0.166667, 0.570707, 0.762626
 64.000000, 0.286458, 0.182292, 0.609375, 0.812500
46
 0.250000, 0.000000, 0.000000, 11.000000, 12.000000
 47.666667, 1.412587, 0.517483, 0.720280, 1.279720
 64.666667, 0.592784, 0.190722, 0.587629, 0.798969
 56.000000, 0.369048, 0.166667, 0.613095, 0.803571
 62.666667, 0.404255, 0.218085, 0.654255, 0.898936
 53.666667, 0.298137, 0.167702, 0.708075, 0.906832
 64.666667, 0.701031, 0.221649, 0.623711, 0.865979
 61.666667, 0.394595, 0.156757, 0.643243, 0.827027
 61.666667, 0.243243, 0.189189, 0.551351, 0.762162
 55.666667, 0.323353, 0.137725, 0.574850, 0.736527
 59.666667, 0.145251, 0.189944, 0.648045, 0.860335
 66.000000, 0.277778, 0.141414, 0.924242, 1.090909
 61.333333, 0.288043, 0.250000, 0.684783, 0.961957
 55.000000, 0.169697, 0.230303, 0.872727, 1.121212
 65.000000, 0.441026, 0.164103, 0.671795, 0.897436
 61.333333, 0.445652, 0.173913, 0.635870, 0.853261
 62.333333, 0.422460, 0.192513, 0.556150, 0.775401
 67.666667, 0.295567, 0.182266, 0.995074, 1.201970
 65.000000, 0.297436, 0.164103, 0.635897, 0.825641
 67.666667, 0.290640, 0.167488, 0.566502, 0.763547
47
 0.250000, 0.000000, 0.000000, 11.000000, 12.000000
 47.333333, 1.302817, 0.711268, 1.866197, 2.619718
 66.000000, 0.540404, 0.146465, 0.550505, 0.727273
 59.000000, 0.254237, 0.163842, 0.587571, 0.785311
 61.666667, 0.221622, 0.205405, 0.643243, 0.870270
 55.000000, 0.236364, 0.187879, 0.678788, 0.896970
 61.333333, 0.445652, 0.184783, 0.597826, 0.815217
 60.666667, 0.208791, 0.164835, 0.895604, 1.082418
 63.000000, 0.380952, 0.179894, 0.835979, 1.037037
 56.000000, 0.315476, 0.160714, 1.059524, 1.244048
 64.666667, 0.391753, 0.185567, 0.639175, 0.845361
 62.333333, 0.208556, 0.171123, 0.588235, 0.775401
 66.666667, 0.475000, 0.170000, 0.605000, 0.800000
 58.333333, 0.251429, 0.228571, 0.708571, 0.965714
 64.666667, 0.407216, 0.190722, 0.628866, 0.840206
 69.666667, 0.507177, 0.153110, 0.741627, 0.923445
 66.666667, 0.610000, 0.160000, 0.555000, 0.740000
 63.666667, 0.434555, 0.193717, 0.691099, 0.905759
 66.000000, 0.287879, 0.156566, 0.641414, 0.818182
 64.000000, 0.177083, 0.161458, 0.541667, 0.729167
48
 0.250000, 0.000000, 0.000000, 1.000000, 13.000000
 51.666667, 1.690323, 0.664516, 1.458065, 2.161290
 59.333333, 0.174157, 0.365169, 0.646067, 1.067416
 58.333333, 0.531429, 0.245714, 0.851429, 1.125714
 66.333333, 0.562814, 0.236181, 0.884422, 1.145729
 57.666667, 0.312139, 0.202312, 0.809249, 1.034682
 65.666667, 0.710660, 0.213198, 0.604061, 0.842640
 63.000000, 0.248677, 0.222222, 0.687831, 0.931217
 65.333333, 0.576531, 0.275510, 0.586735, 0.887755
 58.333333, 0.451429, 0.154286, 0.542857, 0.725714
 65.666667, 0.390863, 0.177665, 0.614213, 0.822335
 68.666667, 0.626214, 0.194175, 0.626214, 0.844660
 71.000000, 0.605634, 0.164319, 0.657277, 0.849765
 55.666667, 0.197605, 0.179641, 0.952096, 1.155689
 64.666667, 0.371134, 0.170103, 0.618557, 0.814433
 67.333333, 0.356436, 0.158416, 0.564356, 0.747525
 62.000000, 0.349462, 0.182796, 0.720430, 0.930108
 70.333333, 0.388626, 0.161137, 0.649289, 0.834123
 65.000000, 0.317949, 0.143590, 0.615385, 0.784615
 68.333333, 0.439024, 0.146341, 0.575610, 0.751220
49
 0.250000, 1.000000, 2.000000, 0.000000, 3.000000
 50.333333, 1.052980, 0.516556, 1.258278, 1.814570
 63.666667, 0.376963, 0.146597, 0.623037, 0.790576
 56.666667, 0.482353, 0.241176, 0.582353, 0.847059
 60.333333, 0.458564, 0.204420, 0.729282, 0.955801
 58.000000, 0.931034, 0.643678, 0.862069, 1.528736
 63.666667, 0.565445, 0.230366, 0.623037, 0.874346
 59.666667, 0.385475, 0.256983, 0.603352, 0.882682
 61.333333, 0.244565, 0.163043, 0.570652, 0.755435
 57.666667, 0.450867, 0.202312, 0.578035, 0.803468
 63.000000, 0.671958, 0.232804, 0.640212, 0.894180
 64.333333, 0.430052, 0.186528, 0.564767, 0.772021
 61.333333, 0.565217, 0.206522, 0.701087, 0.929348
 53.333333, 0.312500, 0.187500, 0.693750, 0.906250
 58.666667, 0.113636, 0.170455, 0.625000, 0.812500
 65.666667, 0.385787, 0.157360, 0.598985, 0.781726
 70.666667, 0.382075, 0.155660, 0.603774, 0.783019
 65.333333, 0.408163, 0.158163, 0.551020, 0.760204
 67.666667, 0.458128, 0.197044, 0.586207, 0.802956
 68.000000, 0.362745, 0.161765, 0.549020, 0.745098
50
 0.250000, 3.000000, 2.000000, 0.000000, 3.000000
 45.333333, 1.139706, 0.441176, 1.419118, 1.897059
 70.000000, 0.685714, 0.152381, 0.580952, 0.757143
 59.333333, 0.404494, 0.196629, 0.561798, 0.780899
 69.000000, 0.458937, 0.207729, 0.623188, 0.879227
 57.333333, 0.465116, 0.203488, 0.720930, 0.941860
 66.333333, 0.527638, 0.155779, 0.597990, 0.778894
 63.666667, 0.340314, 0.157068, 0.659686, 0.842932
 73.333333, 0.595455, 0.154545, 0.781818, 0.959091
 55.000000, 0.169697, 0.157576, 1.072727, 1.272727
 68.000000, 0.696078, 0.210784, 0.588235, 0.828431
 68.666667, 0.485437, 0.165049, 0.650485, 0.839806
 65.666667, 0.538071, 0.243655, 0.659898, 0.928934
 57.666667, 0.381503, 0.398844, 0.653179, 1.069364
 62.666667, 0.218085, 0.164894, 0.617021, 0.803191
 65.333333, 0.403061, 0.137755, 0.647959, 0.806122
 61.333333, 0.353261, 0.157609, 0.913043, 1.097826
 66.333333, 0.442211, 0.165829, 0.628141, 0.824121
 68.000000, 0.411765, 0.156863, 0.691176, 0.872549
 68.333333, 0.482927, 0.156098, 0.546341, 0.726829
51
 0.250000, 0.000000, 0.000000, 0.000000, 0.000000
 50.666667, 1.151316, 0.539474, 0.855263, 1.440789
 64.333333, 0.440415, 0.170984, 0.606218, 0.797927
 65.333333, 0.908163, 0.198980, 0.571429, 0.790816
 62.333333, 0.294118, 0.208556, 0.636364, 0.866310
 57.000000, 0.397661, 0.233918, 1.005848, 1.263158
 58.000000, 0.252874, 0.201149, 0.609195, 0.833333
 62.333333, 0.588235, 0.229947, 0.962567, 1.213904
 65.000000, 0.312821, 0.174359, 0.569231, 0.800000
 52.333333, 0.165605, 0.178344, 0.993631, 1.197452
 63.666667, 0.450262, 0.167539, 0.722513, 0.921466
 67.333333, 0.509901, 0.163366, 0.757426, 0.950495
 66.333333, 0.351759, 0.155779, 0.678392, 0.864322
 56.666667, 0.235294, 0.158824, 0.658824, 0.847059
 62.000000, 0.129032, 0.161290, 0.655914, 0.838710
 59.333333, 0.219101, 0.168539, 0.612360, 0.803371
 62.333333, 0.374332, 0.171123, 0.641711, 0.834225
 70.666667, 0.372642, 0.160377, 0.566038, 0.750000
 63.000000, 0.328042, 0.153439, 0.597884, 0.772487
 66.333333, 0.291457, 0.155779, 0.557789, 0.738693
52
 0.250000, 0.000000, 0.000000, 0.000000, 0.000000
 47.666667, 1.657343, 0.671329, 1.356643, 2.097902
 64.333333, 0.352332, 0.150259, 0.585492, 0.761658
 57.333333, 0.296512, 0.197674, 0.616279, 0.837209
 62.000000, 0.360215, 0.177419, 0.639785, 0.844086
 57.333333, 0.459302, 0.267442, 0.691860, 0.982558
 64.333333, 0.414508, 0.227979, 0.637306, 0.891192
 60.333333, 0.337017, 0.215470, 0.867403, 1.143646
 61.000000, 0.142077, 0.163934, 0.846995, 1.038251
 55.666667, 0.520958, 0.155689, 0.916168, 1.095808
 65.333333, 0.387755, 0.153061, 0.612245, 0.790816
 66.666667, 0.450000, 0.215000, 0.610000, 0.850000
 63.666667, 0.455497, 0.172775, 0.607330, 0.806283
 58.000000, 0.385057, 0.229885, 0.614943, 0.867816
 63.333333, 0.168421, 0.157895, 0.578947, 0.763158
 64.000000, 0.395833, 0.145833, 0.593750, 0.765625
 66.666667, 0.505000, 0.195000, 0.590000, 0.810000
 69.666667, 0.239234, 0.177033, 0.578947, 0.779904
 60.000000, 0.205556, 0.172222, 0.750000, 0.944444
 67.666667, 0.438424, 0.152709, 0.556650, 0.733990
53
 0.250000, 0.000000, 0.000000, 0.000000, 0.000000
 44.666667, 0.962687, 0.470149, 1.507463, 2.014925
 60.000000, 0.294444, 0.144444, 0.650000, 0.811111
 57.000000, 0.508772, 0.204678, 0.690058, 0.918129
 66.666667, 0.390000, 0.180000, 0.660000, 0.860000
 56.333333, 0.366864, 0.177515, 0.662722, 0.857988
 60.000000, 0.211111, 0.172222, 0.572222, 0.766667
 63.000000, 0.423280, 0.216931, 0.677249, 0.915344
 63.000000, 0.312169, 0.185185, 0.671958, 0.878307
 59.000000, 0.525424, 0.152542, 0.700565, 0.875706
 68.333333, 0.595122, 0.258537, 0.639024, 0.921951
 78.000000, 0.811966, 0.200855, 0.615385, 0.837607
 66.666667, 0.615000, 0.175000, 0.630000, 0.830000
 63.000000, 0.470899, 0.206349, 0.751323, 1.000000
 64.000000, 0.317708, 0.171875, 0.598958, 0.833333
 67.333333, 0.410891, 0.138614, 0.762376, 0.925743
 66.000000, 0.338384, 0.161616, 0.545455, 0.732323
 63.000000, 0.222222, 0.164021, 0.624339, 0.809524
 61.000000, 0.360656, 0.136612, 0.546448, 0.704918
 66.333333, 0.386935, 0.160804, 0.577889, 0.758794
54
 0.250000, 0.000000, 0.000000, 0.000000, 0.000000
 48.000000, 0.944444, 0.486111, 1.222222, 1.840278
 61.000000, 0.289617, 0.213115, 0.732240, 0.972678
 60.000000, 0.466667, 0.211111, 0.588889, 0.861111
 66.000000, 0.373737, 0.171717, 0.666667, 0.858586
 61.000000, 0.551913, 0.185792, 0.683060, 0.896175
 64.666667, 0.438144, 0.201031, 0.623711, 0.850515
 65.333333, 0.484694, 0.168367, 0.647959, 0.836735
 65.333333, 0.464286, 0.163265, 0.862245, 1.051020
 55.000000, 0.254545, 0.181818, 0.763636, 0.969697
 63.000000, 0.211640, 0.164021, 0.624339, 0.814815
 68.333333, 0.419512, 0.180488, 0.800000, 1.000000
 60.000000, 0.166667, 0.200000, 0.655556, 0.877778
 59.000000, 0.254237, 0.169492, 0.598870, 0.790960
 62.666667, 0.239362, 0.170213, 0.675532, 0.872340
 64.333333, 0.300518, 0.181347, 0.797927, 1.000000
 68.000000, 0.789216, 0.235294, 0.588235, 0.848039
 66.000000, 0.313131, 0.171717, 0.595960, 0.792929
 67.333333, 0.495050, 0.207921, 0.633663, 0.861386
 66.666667, 0.355000, 0.165000, 0.580000, 0.770000
55
 0.250000, 0.000000, 0.000000, 0.000000, 0.000000
 46.000000, 1.557971, 0.739130, 1.442029, 2.224638
 58.333333, 0.262857, 0.400000, 0.708571, 1.131429
 61.333333, 0.597826, 0.211957, 0.581522, 0.815217
 60.000000, 0.216667, 0.188889, 0.733333, 0.944444
 55.666667, 0.335329, 0.221557, 0.718563, 1.005988
 63.333333, 0.531579, 0.568421, 0.689474, 1.315789
 58.000000, 0.137931, 0.195402, 0.724138, 0.942529
 63.666667, 0.282723, 0.193717, 0.591623, 0.806283
 55.333333, 0.277108, 0.174699, 1.006024, 1.198795
 58.666667, 0.221591, 0.289773, 0.653409, 0.965909
 63.666667, 0.282723, 0.167539, 0.586387, 0.774869
 64.666667, 0.536082, 0.211340, 0.623711, 0.860825
 52.666667, 0.303797, 0.177215, 0.734177, 0.974684
 59.333333, 0.050562, 0.151685, 0.674157, 0.853933
 61.333333, 0.217391, 0.173913, 0.603261, 0.804348
 67.333333, 0.490099, 0.178218, 0.599010, 0.801980
 72.666667, 0.522936, 0.192661, 0.582569, 0.798165
 63.333333, 0.357895, 0.184211, 0.626316, 0.831579
 69.666667, 0.464115, 0.162679, 0.531100, 0.717703
56
 0.250000, 0.000000, 0.000000, 0.000000, 0.000000
 51.000000, 1.013072, 0.464052, 0.980392, 1.490196
 60.333333, 0.309392, 0.176796, 0.624309, 0.839779
 58.000000, 0.695402, 0.195402, 0.833333, 1.057471
 66.333333, 0.422111, 0.180905, 0.658291, 0.864322
 54.666667, 0.213415, 0.176829, 0.701220, 0.908537
 62.666667, 0.351064, 0.159574, 0.569149, 0.755319
 66.333333, 1.130653, 0.256281, 0.577889, 0.859296
 71.666667, 0.613953, 0.200000, 0.562791, 0.786047
 58.000000, 0.482759, 0.143678, 0.563218, 0.729885
 70.000000, 0.623810, 0.295238, 0.676190, 1.000000
 69.666667, 0.464115, 0.181818, 0.564593, 0.770335
 64.666667, 0.494845, 0.185567, 0.608247, 0.819588
 59.666667, 0.324022, 0.256983, 0.960894, 1.240223
 63.333333, 0.505263, 0.152632, 0.615789, 0.794737
 59.000000, 0.152542, 0.169492, 0.593220, 0.785311
 64.000000, 0.484375, 0.166667, 0.635417, 0.828125
 67.666667, 0.423645, 0.192118, 0.674877, 0.891626
 63.333333, 1.021053, 0.242105, 0.573684, 0.842105
 67.000000, 0.323383, 0.154229, 0.557214, 0.731343
57
 0.250000, 0.000000, 0.000000, 0.000000, 0.000000
 49.333333, 1.222973, 0.837838, 1.250000, 2.135135
 62.000000, 0.424731, 0.161290, 0.634409, 0.817204
 53.666667, 0.198758, 0.167702, 0.645963, 0.838509
 63.000000, 0.328042, 0.243386, 0.925926, 1.185185
 56.000000, 0.315476, 0.208333, 0.797619, 1.029762
 65.000000, 0.456410, 0.169231, 0.656410, 0.856410
 60.666667, 0.252747, 0.159341, 0.681319, 0.873626
 65.666667, 0.380711, 0.233503, 0.568528, 0.832487
 58.000000, 0.419540, 0.149425, 0.632184, 0.810345
 63.666667, 0.246073, 0.178010, 0.581152, 0.785340
 65.000000, 0.471795, 0.241026, 0.841026, 1.112821
 64.333333, 0.321244, 0.202073, 0.699482, 0.922280
 58.666667, 0.403409, 0.352273, 1.221591, 1.596591
 64.333333, 0.414508, 0.186528, 0.626943, 0.834197
 66.000000, 0.555556, 0.176768, 0.611111, 0.808081
 63.333333, 0.436842, 0.163158, 0.631579, 0.815789
 61.333333, 0.369565, 0.184783, 0.614130, 0.820652
 56.333333, 0.171598, 0.159763, 0.704142, 0.887574
 67.000000, 0.422886, 0.164179, 0.562189, 0.746269
58
 0.250000, 0.000000, 0.000000, 0.000000, 0.000000
 45.333333, 0.602941, 0.764706, 1.308824, 2.154412
 66.333333, 0.708543, 0.231156, 0.874372, 1.130653
 59.000000, 0.372881, 0.355932, 0.819209, 1.197740
 67.000000, 0.442786, 0.233831, 0.845771, 1.099502
 60.000000, 0.550000, 0.266667, 1.038889, 1.327778
 64.333333, 0.388601, 0.238342, 0.590674, 0.854922
 60.666667, 0.450549, 0.153846, 0.664835, 0.846154
 62.000000, 0.220430, 0.150538, 0.602151, 0.779570
 59.333333, 0.426966, 0.151685, 0.730337, 0.904494
 63.333333, 0.626316, 0.226316, 0.621053, 0.873684
 64.666667, 0.463918, 0.206186, 0.567010, 0.798969
 65.666667, 0.355330, 0.167513, 0.644670, 0.852792
 57.333333, 0.331395, 0.220930, 0.755814, 0.994186
 59.666667, 0.195531, 0.145251, 0.631285, 0.804469
 63.000000, 0.317460, 0.613757, 0.624339, 1.264550
 65.000000, 0.384615, 0.158974, 0.584615, 0.764103
 66.666667, 0.305000, 0.175000, 0.510000, 0.710000
 58.000000, 0.270115, 0.132184, 0.747126, 0.908046
 68.666667, 0.432039, 0.165049, 0.582524, 0.776699
59
 0.250000, 1.000000, 0.000000, 0.000000, 0.000000
 46.000000, 1.065217, 0.565217, 0.905797, 1.521739
 69.666667, 0.593301, 0.138756, 0.550239, 0.708134
 62.000000, 0.564516, 0.220430, 0.897849, 1.150538
 71.666667, 0.539535, 0.172093, 0.572093, 0.772093
 54.666667, 0.207317, 0.176829, 0.774390, 0.975610
 69.666667, 0.885167, 0.167464, 0.602871, 0.799043
 65.000000, 0.384615, 0.169231, 0.589744, 0.779487
 66.000000, 0.691919, 0.202020, 0.590909, 0.818182
 57.666667, 0.312139, 0.161850, 0.583815, 0.768786
 65.666667, 0.492386, 0.167513, 0.634518, 0.832487
 63.333333, 0.273684, 0.189474, 0.589474, 0.800000
 63.666667, 0.193717, 0.172775, 0.633508, 0.827225
 55.000000, 0.212121, 0.351515, 1.169697, 1.545455
 60.333333, 0.232044, 0.176796, 0.839779, 1.038674
 63.333333, 0.210526, 0.163158, 0.610526, 0.794737
 62.333333, 0.454545, 0.160428, 0.577540, 0.759358
 69.333333, 0.413462, 0.163462, 0.567308, 0.759615
 65.333333, 0.382653, 0.153061, 0.602041, 0.780612
 68.000000, 0.313725, 0.250000, 0.681373, 0.955882
60
 0.250000, 0.000000, 0.000000, 0.000000, 0.000000
 46.000000, 1.492754, 0.731884, 1.442029, 2.217391
 60.333333, 0.143646, 0.182320, 0.580110, 0.784530
 57.333333, 0.401163, 0.226744, 0.866279, 1.116279
 68.666667, 0.577670, 0.160194, 0.660194, 0.844660
 56.333333, 0.366864, 0.177515, 0.662722, 0.869822
 62.666667, 0.803191, 0.244681, 0.680851, 0.952128
 63.000000, 0.380952, 0.253968, 0.910053, 1.185185
 61.333333, 0.326087, 0.173913, 0.929348, 1.125000
 53.333333, 0.225000, 0.200000, 0.706250, 0.975000
 63.666667, 0.738220, 0.235602, 0.617801, 0.869110
 62.333333, 0.336898, 0.155080, 0.582888, 0.759358
 61.666667, 0.318919, 0.172973, 0.643243, 0.854054
 54.666667, 0.079268, 0.189024, 0.689024, 0.902439
 62.666667, 0.271277, 0.191489, 0.670213, 0.888298
 67.333333, 0.549505, 0.148515, 0.618812, 0.792079
 67.000000, 0.786070, 0.194030, 0.616915, 0.835821
 66.666667, 0.580000, 0.200000, 0.675000, 0.905000
 66.000000, 0.363636, 0.151515, 0.616162, 0.792929
 70.000000, 0.452381, 0.190476, 0.576190, 0.795238
61
 0.250000, 1.000000, 0.000000, 0.000000, 0.000000
 42.333333, 1.149606, 0.488189, 1.007874, 1.535433
 62.666667, 0.457447, 0.138298, 0.627660, 0.787234
 64.333333, 0.611399, 0.694301, 1.569948, 2.290155
 70.666667, 0.504717, 0.174528, 0.599057, 0.797170
 57.333333, 0.360465, 0.168605, 0.720930, 0.918605
 61.333333, 0.266304, 0.163043, 0.630435, 0.815217
 59.000000, 0.225989, 0.169492, 0.728814, 0.926554
 67.000000, 0.243781, 0.203980, 0.815920, 1.044776
 52.000000, 0.185897, 0.173077, 0.512821, 0.717949
 64.333333, 0.336788, 0.196891, 0.616580, 0.839378
 67.000000, 0.363184, 0.174129, 0.810945, 1.054726
 66.000000, 0.373737, 0.171717, 0.661616, 0.858586
 59.666667, 0.318436, 0.189944, 0.698324, 0.916201
 64.666667, 0.345361, 0.154639, 0.628866, 0.804124
 67.333333, 0.460396, 0.138614, 0.589109, 0.757426
 65.333333, 0.352041, 0.158163, 0.704082, 0.887755
 67.333333, 0.282178, 0.178218, 0.648515, 0.886139
 59.666667, 0.083799, 0.162011, 0.592179, 0.782123
 68.000000, 0.289216, 0.196078, 0.750000, 0.965686
62
 0.250000, 1.000000, 0.000000, 0.000000, 0.000000
 49.000000, 1.530612, 0.585034, 0.666667, 1.299320
 62.000000, 0.526882, 0.182796, 0.715054, 0.919355
 59.333333, 0.516854, 0.162921, 0.556180, 0.741573
 71.666667, 0.660465, 0.172093, 0.595349, 0.795349
 54.666667, 0.176829, 0.189024, 0.780488, 0.987805
 62.666667, 0.164894, 0.186170, 0.622340, 0.829787
 61.333333, 0.260870, 0.157609, 0.657609, 0.842391
 61.000000, 0.224044, 0.191257, 0.568306, 0.781421
 53.000000, 0.207547, 0.226415, 0.698113, 0.949686
 64.000000, 0.276042, 0.145833, 0.588542, 0.760417
 61.666667, 0.221622, 0.172973, 0.610811, 0.805405
 65.666667, 0.365482, 0.208122, 0.639594, 0.868020
 53.000000, 0.213836, 0.169811, 0.603774, 0.798742
 59.666667, 0.173184, 0.195531, 0.608939, 0.826816
 62.000000, 0.268817, 0.483871, 0.618280, 1.123656
 61.333333, 0.358696, 0.157609, 0.635870, 0.820652
 70.000000, 0.528571, 0.161905, 0.595238, 0.785714
 63.000000, 0.375661, 0.148148, 0.835979, 1.005291
 69.333333, 0.326923, 0.158654, 0.600962, 0.783654
63
 0.250000, 1.000000, 0.000000, 0.000000, 0.000000
 53.333333, 1.831250, 1.406250, 0.768750, 2.225000
 66.333333, 0.537688, 0.155779, 0.613065, 0.824121
 55.000000, 0.527273, 0.206061, 0.951515, 1.181818
 67.333333, 0.584158, 0.188119, 0.623762, 0.831683
 54.333333, 0.319018, 0.239264, 1.067485, 1.331288
 60.666667, 0.258242, 0.170330, 0.609890, 0.802198
 61.000000, 0.355191, 0.169399, 0.633880, 0.825137
 63.666667, 0.267016, 0.183246, 0.633508, 0.837696
 50.666667, 0.131579, 0.171053, 1.289474, 1.480263
 61.666667, 0.200000, 0.178378, 0.605405, 0.810811
 67.333333, 0.420792, 0.242574, 0.608911, 0.881188
 63.666667, 0.329843, 0.167539, 0.607330, 0.801047
 60.000000, 0.350000, 0.211111, 1.083333, 1.322222
 62.666667, 0.313830, 0.191489, 0.606383, 0.824468
 63.333333, 0.278947, 0.157895, 0.615789, 0.800000
 61.000000, 0.218579, 0.158470, 0.628415, 0.814208
 64.000000, 0.223958, 0.187500, 0.859375, 1.072917
 59.666667, 0.195531, 0.167598, 0.608939, 0.798883
 67.333333, 0.316832, 0.163366, 0.554455, 0.737624
Histogram
23 0 0 0 0 0 4 304 448 168 85 56 47 21 17 19 10 2 6 6 3 7 7 7 0 1 1 0 0 0 4 0 0 0 1 0 0 0 0 0 1 0 0 0 0 0 0 0 0 0 0 0 0 0 0 0 0 0 0 0 1 0 0 0 0 0 0 0 0 0 0 0 0 0 0 0 0 0 0 0 1 0 0 0 0 0 0 0 0 0 0 0 0 0 0 0 0 0 0 0 0 0 0 0 0 0 0 0 0 0 2 0 0 0 0 0 0 0 0 28 
Cache Miss Ratio
0.05297203602366408
numOfSets
0
numOfGets
238843
numOfMultiGets
0
