20
0
 0.200000, 0.000000, 5.000000, 2.000000, 76.000000
 149.333333, 0.066964, 0.183036, 1.136161, 1.479911
 155.666667, 0.081370, 0.237687, 1.034261, 1.329764
 175.333333, 0.064639, 0.193916, 0.914449, 1.169202
 157.000000, 0.050955, 0.184713, 1.021231, 1.254777
 165.333333, 0.112903, 0.181452, 1.022177, 1.262097
 170.666667, 0.054688, 0.207031, 1.072266, 1.326172
 169.000000, 0.088757, 0.220907, 0.966469, 1.246548
 178.000000, 0.059925, 0.183521, 0.968165, 1.200375
 158.666667, 0.037815, 0.151261, 1.098739, 1.315126
 174.666667, 0.070611, 0.208015, 0.885496, 1.143130
 154.333333, 0.153348, 0.237581, 1.066955, 1.362851
 173.000000, 0.132948, 0.210019, 0.982659, 1.250482
 163.000000, 0.092025, 0.202454, 1.094070, 1.347648
 181.000000, 0.116022, 0.176796, 0.970534, 1.195212
 188.000000, 0.085106, 0.157801, 0.934397, 1.136525
 172.000000, 0.087209, 0.168605, 1.013566, 1.232558
 180.333333, 0.077634, 0.171904, 0.975970, 1.192237
 194.666667, 0.078767, 0.176370, 0.885274, 1.106164
 140.666667, 0.149289, 0.220379, 1.244076, 1.518957
1
 0.250000, 0.000000, 0.000000, 2.000000, 71.000000
 150.333333, 0.068736, 0.181818, 1.139690, 1.538803
 157.000000, 0.125265, 0.218684, 1.072187, 1.358811
 175.000000, 0.064762, 0.205714, 0.900952, 1.154286
 157.666667, 0.162791, 0.264271, 1.033827, 1.348837
 167.333333, 0.139442, 0.195219, 1.065737, 1.308765
 171.666667, 0.075728, 0.184466, 1.029126, 1.267961
 174.666667, 0.158397, 0.225191, 0.935115, 1.208015
 181.333333, 0.060662, 0.148897, 0.928309, 1.126838
 163.000000, 0.081800, 0.179959, 1.153374, 1.388548
 175.666667, 0.079696, 0.201139, 0.924099, 1.178368
 160.666667, 0.201245, 0.236515, 1.203320, 1.495851
 179.000000, 0.154562, 0.216015, 1.031657, 1.303538
 168.000000, 0.115079, 0.184524, 1.126984, 1.369048
 182.000000, 0.084249, 0.205128, 0.928571, 1.181319
 185.333333, 0.100719, 0.163669, 0.913669, 1.124101
 171.333333, 0.107004, 0.190661, 0.998054, 1.231518
 176.666667, 0.052830, 0.162264, 0.977358, 1.183019
 193.333333, 0.105172, 0.182759, 0.900000, 1.127586
 140.000000, 0.073810, 0.171429, 1.192857, 1.409524
2
 0.250000, 0.000000, 0.000000, 0.000000, 71.000000
 147.000000, 0.086168, 0.188209, 1.052154, 1.369615
 167.333333, 0.227092, 0.223108, 1.069721, 1.348606
 173.666667, 0.026871, 0.155470, 0.925144, 1.134357
 159.333333, 0.075314, 0.198745, 1.046025, 1.294979
 166.000000, 0.132530, 0.208835, 1.066265, 1.323293
 172.333333, 0.096712, 0.220503, 1.000000, 1.266925
 175.333333, 0.174905, 0.184411, 0.977186, 1.212928
 176.666667, 0.037736, 0.160377, 0.956604, 1.173585
 155.333333, 0.027897, 0.156652, 1.137339, 1.347639
 175.666667, 0.083491, 0.185958, 0.908918, 1.146110
 155.666667, 0.117773, 0.190578, 1.154176, 1.402570
 180.333333, 0.131238, 0.194085, 0.979667, 1.242144
 163.666667, 0.065173, 0.185336, 1.134420, 1.368635
 181.000000, 0.062615, 0.191529, 0.928177, 1.167587
 186.666667, 0.071429, 0.155357, 0.937500, 1.135714
 175.000000, 0.118095, 0.198095, 1.007619, 1.253333
 179.333333, 0.096654, 0.184015, 0.970260, 1.200743
 191.666667, 0.071304, 0.180870, 0.874783, 1.106087
 139.333333, 0.074163, 0.186603, 1.248804, 1.485646
3
 0.250000, 1.000000, 0.000000, 3.000000, 75.000000
 154.666667, 0.099138, 0.181034, 1.096983, 1.409483
 155.333333, 0.098712, 0.251073, 1.023605, 1.366953
 173.666667, 0.038388, 0.190019, 0.900192, 1.142035
 160.333333, 0.049896, 0.168399, 1.014553, 1.232848
 163.000000, 0.089980, 0.190184, 1.092025, 1.331288
 175.000000, 0.116190, 0.213333, 1.085714, 1.348571
 168.000000, 0.075397, 0.212302, 0.972222, 1.238095
 179.666667, 0.072356, 0.157699, 0.946197, 1.150278
 159.666667, 0.043841, 0.169102, 1.093946, 1.315240
 177.666667, 0.075047, 0.174484, 0.947467, 1.174484
 156.000000, 0.130342, 0.209402, 1.126068, 1.393162
 176.333333, 0.134216, 0.192817, 0.986767, 1.234405
 164.000000, 0.054878, 0.178862, 1.113821, 1.345528
 180.333333, 0.072089, 0.162662, 0.939002, 1.149723
 185.666667, 0.055655, 0.175943, 0.958707, 1.181329
 171.000000, 0.091618, 0.206628, 0.998051, 1.245614
 180.000000, 0.088889, 0.183333, 0.987037, 1.216667
 194.000000, 0.067010, 0.190722, 0.872852, 1.109966
 140.000000, 0.069048, 0.178571, 1.221429, 1.445238
4
 0.250000, 0.000000, 0.000000, 1.000000, 74.000000
 146.333333, 0.054670, 0.195900, 1.086560, 1.462415
 160.666667, 0.163900, 0.238589, 1.087137, 1.427386
 174.666667, 0.057252, 0.185115, 0.925573, 1.166031
 155.333333, 0.055794, 0.173820, 1.057940, 1.289700
 165.000000, 0.153535, 0.193939, 1.082828, 1.323232
 173.666667, 0.095969, 0.176583, 1.040307, 1.264875
 173.333333, 0.159615, 0.205769, 0.973077, 1.236538
 177.666667, 0.033771, 0.161351, 0.951220, 1.161351
 158.333333, 0.063158, 0.174737, 1.126316, 1.370526
 177.000000, 0.045198, 0.229755, 0.922787, 1.205273
 156.333333, 0.200426, 0.223881, 1.206823, 1.484009
 177.666667, 0.138837, 0.165103, 0.990619, 1.217636
 167.333333, 0.113546, 0.183267, 1.077689, 1.312749
 179.333333, 0.044610, 0.156134, 0.927509, 1.131970
 186.666667, 0.080357, 0.158929, 0.930357, 1.132143
 169.333333, 0.080709, 0.202756, 0.982283, 1.228346
 174.666667, 0.061069, 0.171756, 0.973282, 1.190840
 193.666667, 0.110155, 0.184165, 0.891566, 1.123924
 138.333333, 0.048193, 0.175904, 1.219277, 1.457831
5
 0.250000, 0.000000, 0.000000, 11.000000, 71.000000
 152.666667, 0.102620, 0.187773, 1.058952, 1.382096
 159.666667, 0.114823, 0.204593, 1.062630, 1.346555
 173.000000, 0.034682, 0.181118, 0.897881, 1.134875
 155.000000, 0.040860, 0.167742, 1.043011, 1.262366
 166.333333, 0.144289, 0.192385, 1.058116, 1.300601
 176.000000, 0.107955, 0.208333, 0.988636, 1.246212
 174.333333, 0.256214, 0.279159, 0.975143, 1.305927
 177.333333, 0.035714, 0.163534, 0.951128, 1.163534
 155.666667, 0.032120, 0.186296, 1.096360, 1.334047
 176.000000, 0.077652, 0.178030, 0.912879, 1.157197
 155.000000, 0.146237, 0.219355, 1.088172, 1.359140
 177.333333, 0.135338, 0.178571, 1.001880, 1.233083
 164.000000, 0.077236, 0.191057, 1.091463, 1.339431
 185.666667, 0.109515, 0.206463, 0.953321, 1.213645
 184.666667, 0.046931, 0.144404, 0.953069, 1.142599
 171.333333, 0.062257, 0.171206, 0.998054, 1.212062
 178.333333, 0.076636, 0.160748, 0.960748, 1.170093
 192.333333, 0.091854, 0.181976, 0.850953, 1.077990
 142.000000, 0.100939, 0.220657, 1.204225, 1.478873
6
 0.250000, 0.000000, 1.000000, 12.000000, 72.000000
 151.000000, 0.081678, 0.169978, 1.101545, 1.397351
 160.000000, 0.110417, 0.254167, 1.095833, 1.445833
 172.666667, 0.030888, 0.202703, 0.903475, 1.162162
 157.333333, 0.063559, 0.171610, 1.050847, 1.281780
 166.000000, 0.130522, 0.200803, 1.080321, 1.329317
 177.333333, 0.137218, 0.227444, 1.018797, 1.296992
 170.000000, 0.096078, 0.219608, 0.992157, 1.280392
 181.666667, 0.064220, 0.161468, 0.930275, 1.146789
 155.666667, 0.014989, 0.169165, 1.092077, 1.314775
 179.666667, 0.070501, 0.200371, 0.948052, 1.202226
 157.666667, 0.194503, 0.234672, 1.078224, 1.363636
 178.333333, 0.130841, 0.205607, 1.011215, 1.287850
 168.000000, 0.059524, 0.186508, 1.057540, 1.299603
 181.666667, 0.080734, 0.188991, 0.935780, 1.172477
 188.000000, 0.083333, 0.164894, 0.929078, 1.141844
 168.000000, 0.055556, 0.194444, 0.976190, 1.230159
 180.000000, 0.083333, 0.179630, 0.951852, 1.185185
 190.666667, 0.064685, 0.173077, 0.856643, 1.078671
 138.666667, 0.055288, 0.194712, 1.216346, 1.461538
7
 0.250000, 0.000000, 1.000000, 11.000000, 69.000000
 148.666667, 0.073991, 0.201794, 1.152466, 1.482063
 162.333333, 0.176591, 0.246407, 1.082136, 1.433265
 174.333333, 0.068834, 0.185468, 0.915870, 1.151052
 158.000000, 0.048523, 0.177215, 1.018987, 1.246835
 162.666667, 0.073770, 0.204918, 1.077869, 1.336066
 173.000000, 0.073218, 0.211946, 1.098266, 1.362235
 172.666667, 0.098456, 0.189189, 0.951737, 1.191120
 183.666667, 0.070780, 0.165154, 0.931034, 1.143376
 157.333333, 0.040254, 0.163136, 1.063559, 1.279661
 175.333333, 0.060837, 0.182510, 0.935361, 1.169202
 158.333333, 0.168421, 0.200000, 1.090526, 1.347368
 179.000000, 0.141527, 0.193669, 0.988827, 1.238361
 166.666667, 0.090000, 0.178000, 1.100000, 1.330000
 184.333333, 0.072333, 0.171790, 0.918626, 1.137432
 184.666667, 0.063177, 0.166065, 0.909747, 1.124549
 172.333333, 0.069632, 0.170213, 1.048356, 1.264990
 176.000000, 0.064394, 0.193182, 0.943182, 1.189394
 194.666667, 0.111301, 0.166096, 0.876712, 1.089041
 139.666667, 0.059666, 0.186158, 1.224344, 1.458234
8
 0.200000, 0.000000, 0.000000, 1.000000, 19.000000
 152.333333, 0.096280, 0.190372, 1.052516, 1.417943
 156.000000, 0.115385, 0.299145, 1.055556, 1.431624
 173.666667, 0.034549, 0.186180, 0.896353, 1.134357
 158.666667, 0.071429, 0.197479, 1.027311, 1.275210
 164.000000, 0.117886, 0.209350, 1.042683, 1.298780
 171.333333, 0.083658, 0.198444, 0.986381, 1.239300
 172.666667, 0.152510, 0.204633, 0.978764, 1.239382
 180.666667, 0.097786, 0.169742, 0.918819, 1.147601
 157.666667, 0.052854, 0.177590, 1.078224, 1.302326
 174.666667, 0.066794, 0.190840, 0.937023, 1.181298
 160.666667, 0.168050, 0.240664, 1.180498, 1.475104
 182.666667, 0.180657, 0.235401, 1.025547, 1.315693
 164.666667, 0.087045, 0.182186, 1.107287, 1.348178
 181.666667, 0.077064, 0.155963, 0.910092, 1.121101
 184.000000, 0.050725, 0.157609, 0.918478, 1.119565
 170.666667, 0.037109, 0.191406, 1.039063, 1.279297
 183.000000, 0.111111, 0.182149, 0.961749, 1.204007
 197.333333, 0.104730, 0.158784, 0.871622, 1.087838
 140.666667, 0.080569, 0.196682, 1.251185, 1.507109
9
 0.200000, 1.000000, 0.000000, 7.000000, 18.000000
 150.333333, 0.097561, 0.192905, 1.130820, 1.432373
 157.333333, 0.127119, 0.239407, 1.110169, 1.417373
 177.333333, 0.077068, 0.182331, 0.898496, 1.133459
 157.333333, 0.061441, 0.163136, 1.057203, 1.271186
 165.666667, 0.122736, 0.199195, 1.058350, 1.311871
 174.666667, 0.078244, 0.190840, 1.089695, 1.332061
 173.000000, 0.102119, 0.186898, 0.967245, 1.208092
 180.000000, 0.055556, 0.187037, 0.953704, 1.194444
 159.000000, 0.077568, 0.161426, 1.069182, 1.280922
 177.333333, 0.075188, 0.189850, 0.932331, 1.187970
 160.000000, 0.241667, 0.191667, 1.162500, 1.416667
 178.666667, 0.128731, 0.184701, 1.000000, 1.250000
 167.000000, 0.103792, 0.209581, 1.099800, 1.357285
 181.333333, 0.077206, 0.158088, 0.915441, 1.123162
 187.000000, 0.064171, 0.176471, 0.903743, 1.122995
 169.000000, 0.082840, 0.177515, 0.974359, 1.199211
 178.333333, 0.102804, 0.168224, 0.981308, 1.196262
 196.000000, 0.095238, 0.195578, 0.886054, 1.125850
 141.666667, 0.063529, 0.164706, 1.197647, 1.409412
10
 0.200000, 1.000000, 0.000000, 6.000000, 18.000000
 156.000000, 0.106838, 0.196581, 1.102564, 1.405983
 157.666667, 0.173362, 0.238901, 1.112051, 1.420719
 175.333333, 0.144487, 0.224335, 0.918251, 1.195817
 158.333333, 0.069474, 0.191579, 1.040000, 1.280000
 160.666667, 0.047718, 0.188797, 1.064315, 1.298755
 174.333333, 0.135755, 0.206501, 1.017208, 1.273423
 172.333333, 0.106383, 0.177950, 0.967118, 1.199226
 185.000000, 0.104505, 0.142342, 0.917117, 1.109910
 158.666667, 0.086134, 0.207983, 1.111345, 1.367647
 176.000000, 0.053030, 0.206439, 0.928030, 1.185606
 163.000000, 0.214724, 0.226994, 1.167689, 1.453988
 179.666667, 0.176252, 0.202226, 0.996289, 1.254174
 174.333333, 0.147228, 0.168260, 1.151052, 1.370937
 180.666667, 0.062731, 0.164207, 0.909594, 1.123616
 186.000000, 0.102151, 0.173835, 0.928315, 1.146953
 171.000000, 0.081871, 0.167641, 0.990253, 1.202729
 179.333333, 0.122677, 0.152416, 0.921933, 1.117100
 196.333333, 0.110357, 0.190153, 0.867572, 1.103565
 143.666667, 0.104408, 0.199536, 1.215777, 1.464037
11
 0.200000, 1.000000, 0.000000, 1.000000, 20.000000
 150.333333, 0.079823, 0.177384, 1.139690, 1.467849
 155.000000, 0.109677, 0.238710, 1.109677, 1.440860
 172.666667, 0.059846, 0.208494, 0.893822, 1.152510
 159.666667, 0.048017, 0.194154, 1.035491, 1.279749
 166.000000, 0.118474, 0.204819, 1.044177, 1.303213
 166.666667, 0.048000, 0.184000, 1.070000, 1.314000
 171.333333, 0.040856, 0.196498, 1.015564, 1.262646
 179.333333, 0.052045, 0.182156, 0.929368, 1.159851
 161.333333, 0.072314, 0.159091, 1.082645, 1.291322
 177.666667, 0.067542, 0.185741, 0.921201, 1.168856
 157.000000, 0.159236, 0.210191, 1.121019, 1.388535
 182.000000, 0.137363, 0.186813, 1.040293, 1.280220
 168.333333, 0.156436, 0.192079, 1.083168, 1.336634
 181.333333, 0.053309, 0.161765, 0.928309, 1.137868
 184.333333, 0.075949, 0.162749, 0.907776, 1.115732
 171.000000, 0.093567, 0.181287, 1.001949, 1.237817
 180.000000, 0.101852, 0.196296, 0.972222, 1.214815
 193.000000, 0.100173, 0.186528, 0.856649, 1.091537
 139.333333, 0.057416, 0.193780, 1.248804, 1.490431
12
 0.200000, 1.000000, 0.000000, 9.000000, 18.000000
 149.000000, 0.033557, 0.183445, 1.093960, 1.398210
 155.000000, 0.122581, 0.258065, 1.079570, 1.423656
 173.000000, 0.053950, 0.192678, 0.928709, 1.175337
 159.666667, 0.079332, 0.210856, 1.045929, 1.308977
 167.333333, 0.159363, 0.189243, 1.045817, 1.282869
 175.666667, 0.117647, 0.195446, 1.024668, 1.267552
 169.333333, 0.066929, 0.169291, 0.976378, 1.196850
 180.666667, 0.066421, 0.184502, 0.942804, 1.180812
 157.000000, 0.036093, 0.171975, 1.080679, 1.305732
 174.000000, 0.047893, 0.185824, 0.946360, 1.185824
 166.333333, 0.212425, 0.232465, 1.132265, 1.422846
 179.333333, 0.135688, 0.204461, 0.979554, 1.237918
 165.333333, 0.074597, 0.201613, 1.100806, 1.352823
 182.333333, 0.091408, 0.180987, 0.939671, 1.168190
 186.666667, 0.089286, 0.150000, 0.916071, 1.119643
 170.000000, 0.094118, 0.217647, 1.007843, 1.268627
 176.666667, 0.132075, 0.196226, 1.003774, 1.243396
 194.666667, 0.123288, 0.203767, 0.876712, 1.131849
 141.666667, 0.070588, 0.171765, 1.244706, 1.465882
13
 0.200000, 1.000000, 0.000000, 11.000000, 33.000000
 151.000000, 0.048565, 0.181015, 1.061810, 1.348786
 156.666667, 0.140426, 0.317021, 1.087234, 1.472340
 172.333333, 0.040619, 0.185687, 0.909091, 1.143133
 155.000000, 0.060215, 0.197849, 1.025806, 1.277419
 167.666667, 0.182903, 0.186879, 1.065606, 1.300199
 168.666667, 0.033597, 0.185771, 1.086957, 1.320158
 172.666667, 0.125483, 0.200772, 0.959459, 1.212355
 178.666667, 0.057836, 0.160448, 0.981343, 1.192164
 161.000000, 0.066253, 0.184265, 1.074534, 1.318841
 178.000000, 0.074906, 0.196629, 0.951311, 1.198502
 157.666667, 0.147992, 0.213531, 1.137421, 1.427061
 177.666667, 0.123827, 0.202627, 1.030019, 1.290807
 164.000000, 0.075203, 0.182927, 1.040650, 1.274390
 177.666667, 0.041276, 0.195122, 0.906191, 1.151970
 190.000000, 0.075439, 0.159649, 0.877193, 1.082456
 173.000000, 0.104046, 0.196532, 0.957611, 1.198459
 179.333333, 0.150558, 0.202602, 0.951673, 1.200743
 197.333333, 0.141892, 0.170608, 0.847973, 1.064189
 139.666667, 0.057279, 0.167064, 1.267303, 1.486874
14
 0.200000, 0.000000, 6.000000, 0.000000, 7.000000
 150.666667, 0.050885, 0.170354, 1.126106, 1.477876
 162.333333, 0.180698, 0.264887, 1.075975, 1.396304
 174.666667, 0.064885, 0.171756, 0.925573, 1.146947
 156.666667, 0.044681, 0.163830, 1.031915, 1.244681
 164.666667, 0.082996, 0.196356, 1.062753, 1.305668
 173.000000, 0.119461, 0.217726, 1.088632, 1.354528
 172.666667, 0.111969, 0.196911, 1.017375, 1.262548
 182.000000, 0.100733, 0.170330, 0.928571, 1.159341
 163.333333, 0.095918, 0.153061, 1.091837, 1.300000
 172.666667, 0.059846, 0.198842, 0.918919, 1.169884
 156.333333, 0.151386, 0.219616, 1.104478, 1.426439
 180.666667, 0.162362, 0.184502, 0.987085, 1.223247
 166.666667, 0.086000, 0.186000, 1.102000, 1.342000
 181.000000, 0.033149, 0.176796, 0.913444, 1.139963
 182.333333, 0.027422, 0.164534, 0.897623, 1.115174
 170.666667, 0.093750, 0.156250, 0.976563, 1.189453
 177.333333, 0.093985, 0.167293, 0.958647, 1.176692
 190.000000, 0.054386, 0.170175, 0.868421, 1.082456
 140.333333, 0.049881, 0.168646, 1.213777, 1.429929
15
 0.200000, 0.000000, 0.000000, 1.000000, 30.000000
 149.333333, 0.053571, 0.174107, 1.098214, 1.399554
 159.333333, 0.158996, 0.232218, 1.027197, 1.364017
 179.000000, 0.078212, 0.186220, 0.903166, 1.147114
 157.000000, 0.042463, 0.186837, 1.036093, 1.271762
 168.666667, 0.158103, 0.235178, 1.055336, 1.339921
 171.000000, 0.093567, 0.179337, 1.113060, 1.341131
 170.333333, 0.086106, 0.191781, 0.980431, 1.223092
 182.000000, 0.095238, 0.150183, 0.983516, 1.190476
 157.333333, 0.038136, 0.184322, 1.088983, 1.324153
 180.666667, 0.132841, 0.214022, 0.916974, 1.193727
 158.333333, 0.115789, 0.242105, 1.181053, 1.475789
 178.666667, 0.134328, 0.192164, 1.016791, 1.270522
 168.666667, 0.106719, 0.189723, 1.126482, 1.369565
 179.333333, 0.105948, 0.167286, 0.921933, 1.135688
 191.666667, 0.090435, 0.163478, 0.902609, 1.114783
 169.000000, 0.069034, 0.169625, 0.998028, 1.211045
 177.000000, 0.079096, 0.173258, 0.960452, 1.178908
 191.000000, 0.094241, 0.191972, 0.858639, 1.101222
 141.000000, 0.073286, 0.193853, 1.234043, 1.479905
Histogram
0 0 0 0 0 0 0 0 0 0 8 100 80 71 42 3 0 0 0 0 0 0 0 0 0 0 0 0 0 0 0 0 0 0 0 0 0 0 0 0 0 0 0 0 0 0 0 0 0 0 0 0 0 0 0 0 0 0 0 0 0 0 0 0 0 0 0 0 0 0 1 0 0 0 0 0 0 0 0 0 0 0 0 0 0 0 0 0 0 0 0 0 0 0 0 0 0 0 0 0 0 0 0 0 0 0 0 0 0 0 0 0 0 0 0 0 0 0 0 15 
Cache Miss Ratio
0.0
numOfSets
0
numOfGets
162543
numOfMultiGets
0
