20
0
 0.200000, 0.000000, 0.000000, 7.000000, 206.000000
 301.000000, 0.131783, 0.229236, 1.064230, 1.445183
 337.666667, 0.120434, 0.209279, 1.000987, 1.270484
 366.666667, 0.049091, 0.160909, 0.879091, 1.089091
 371.666667, 0.045740, 0.178475, 0.861883, 1.093274
 325.333333, 0.062500, 0.198770, 1.039959, 1.290984
 310.333333, 0.067669, 0.187970, 1.055854, 1.293233
 335.000000, 0.104478, 0.177114, 0.995025, 1.223881
 301.333333, 0.061947, 0.173673, 1.100664, 1.325221
 350.000000, 0.080000, 0.181905, 1.053333, 1.287619
 341.000000, 0.083089, 0.189638, 1.006843, 1.253177
 345.666667, 0.106075, 0.215043, 0.917068, 1.190935
 336.333333, 0.064420, 0.205154, 0.995045, 1.255699
 357.333333, 0.068097, 0.193097, 0.919776, 1.165112
 351.666667, 0.055924, 0.155450, 0.923223, 1.135545
 362.000000, 0.104972, 0.187845, 0.919890, 1.154696
 370.333333, 0.083708, 0.163816, 0.905491, 1.113411
 350.666667, 0.096008, 0.188213, 0.917300, 1.154943
 378.000000, 0.116402, 0.156966, 0.976190, 1.177249
 343.666667, 0.125121, 0.161009, 1.372454, 1.584869
1
 0.200000, 0.000000, 0.000000, 12.000000, 210.000000
 297.666667, 0.103024, 0.245241, 1.076148, 1.456887
 333.000000, 0.084084, 0.197197, 1.072072, 1.320320
 367.333333, 0.060799, 0.169691, 0.878403, 1.096189
 372.000000, 0.067204, 0.181900, 0.861111, 1.094086
 325.666667, 0.080860, 0.215967, 1.046059, 1.318321
 314.333333, 0.077413, 0.197243, 1.044539, 1.296925
 330.666667, 0.082661, 0.181452, 1.034274, 1.268145
 302.000000, 0.093819, 0.196468, 1.104857, 1.352097
 350.666667, 0.079848, 0.193916, 1.042776, 1.282319
 337.666667, 0.092794, 0.179664, 1.006910, 1.237907
 344.000000, 0.088178, 0.202519, 0.937016, 1.203488
 342.000000, 0.087719, 0.197856, 0.992203, 1.245614
 358.333333, 0.089302, 0.182326, 0.922791, 1.154419
 346.666667, 0.045192, 0.172115, 0.919231, 1.149038
 363.000000, 0.092746, 0.202938, 0.916437, 1.168044
 367.666667, 0.068903, 0.174977, 0.900272, 1.123300
 353.000000, 0.071766, 0.185080, 0.926346, 1.163362
 370.333333, 0.108011, 0.146715, 0.991899, 1.184518
 352.000000, 0.125000, 0.151515, 1.394886, 1.591856
2
 0.200000, 0.000000, 0.000000, 17.000000, 202.000000
 292.666667, 0.112756, 0.233485, 1.109339, 1.479499
 333.333333, 0.090000, 0.193000, 1.078000, 1.328000
 366.333333, 0.036397, 0.162875, 0.875341, 1.101001
 369.000000, 0.058717, 0.175248, 0.855465, 1.085818
 324.333333, 0.067831, 0.212744, 1.042138, 1.306269
 313.333333, 0.077660, 0.207447, 1.053191, 1.314894
 332.333333, 0.066199, 0.181545, 1.001003, 1.231695
 305.666667, 0.079607, 0.184297, 1.109051, 1.341330
 353.333333, 0.104717, 0.181132, 1.053774, 1.289623
 333.333333, 0.056000, 0.188000, 1.015000, 1.254000
 349.666667, 0.123928, 0.187798, 0.927550, 1.184938
 343.000000, 0.165209, 0.222546, 1.007775, 1.282799
 356.666667, 0.072897, 0.178505, 0.909346, 1.139252
 350.666667, 0.059886, 0.167300, 0.928707, 1.151141
 357.666667, 0.079217, 0.174278, 0.926375, 1.149115
 367.000000, 0.067212, 0.172570, 0.907357, 1.133515
 358.333333, 0.108837, 0.187907, 0.926512, 1.162791
 367.333333, 0.099819, 0.163339, 0.953721, 1.167877
 354.666667, 0.139098, 0.148496, 1.377820, 1.570489
3
 0.200000, 0.000000, 0.000000, 17.000000, 201.000000
 293.333333, 0.129545, 0.243182, 1.115909, 1.488636
 332.666667, 0.092184, 0.175351, 0.980962, 1.209419
 370.333333, 0.072907, 0.180918, 0.876688, 1.104410
 371.666667, 0.054709, 0.186547, 0.861883, 1.100448
 322.333333, 0.070321, 0.206825, 1.042399, 1.306101
 312.000000, 0.073718, 0.189103, 1.040598, 1.285256
 331.333333, 0.059356, 0.177062, 1.053320, 1.281690
 300.333333, 0.057714, 0.174251, 1.096559, 1.316315
 353.333333, 0.113208, 0.210377, 1.060377, 1.322642
 336.333333, 0.058474, 0.185332, 0.986125, 1.222993
 350.333333, 0.116080, 0.209324, 0.926736, 1.193149
 337.000000, 0.063304, 0.218595, 1.003956, 1.272008
 356.333333, 0.055192, 0.172123, 0.912067, 1.137512
 348.333333, 0.053589, 0.175120, 0.921531, 1.149282
 363.333333, 0.079817, 0.201835, 0.911927, 1.162385
 370.000000, 0.107207, 0.174775, 0.913514, 1.136937
 355.666667, 0.088097, 0.192127, 0.912840, 1.155576
 368.666667, 0.084991, 0.160940, 0.972875, 1.182640
 352.666667, 0.123819, 0.139887, 1.399811, 1.585066
4
 0.200000, 0.000000, 0.000000, 7.000000, 201.000000
 293.000000, 0.098976, 0.219568, 1.118316, 1.486917
 331.333333, 0.083501, 0.186117, 1.061368, 1.299799
 365.333333, 0.048358, 0.190693, 0.879562, 1.124088
 372.333333, 0.094002, 0.182632, 0.861235, 1.099373
 325.666667, 0.089048, 0.200614, 1.072671, 1.325486
 316.333333, 0.114858, 0.198103, 1.042150, 1.290832
 332.333333, 0.055165, 0.193581, 0.990973, 1.237713
 303.000000, 0.111111, 0.195820, 1.101210, 1.343234
 348.666667, 0.102294, 0.186424, 1.065010, 1.300191
 340.666667, 0.101761, 0.172211, 1.015656, 1.244618
 347.000000, 0.088377, 0.198847, 0.916427, 1.176753
 339.333333, 0.073674, 0.203340, 0.998035, 1.252456
 354.666667, 0.074248, 0.178571, 0.920113, 1.150376
 351.333333, 0.068311, 0.180266, 0.915560, 1.146110
 358.000000, 0.078212, 0.202980, 0.920857, 1.174115
 370.333333, 0.081908, 0.168317, 0.901890, 1.117912
 351.333333, 0.054080, 0.182163, 0.918406, 1.148008
 369.666667, 0.085663, 0.150586, 0.957619, 1.154193
 344.666667, 0.095745, 0.147002, 1.388781, 1.582205
5
 0.200000, 0.000000, 0.000000, 7.000000, 185.000000
 294.666667, 0.102941, 0.234163, 1.104072, 1.480769
 332.333333, 0.087262, 0.199599, 0.993982, 1.249749
 367.666667, 0.066183, 0.176791, 0.883046, 1.112421
 369.000000, 0.053297, 0.179765, 0.870822, 1.107498
 325.333333, 0.103484, 0.207992, 1.048156, 1.308402
 318.666667, 0.117155, 0.203975, 1.038703, 1.292887
 331.000000, 0.083585, 0.184290, 1.003021, 1.244713
 302.333333, 0.106946, 0.211687, 1.098126, 1.359427
 351.666667, 0.088152, 0.180095, 1.040758, 1.267299
 335.000000, 0.111443, 0.201990, 0.990050, 1.240796
 352.666667, 0.117202, 0.204159, 0.927221, 1.190926
 337.666667, 0.066140, 0.211254, 0.984205, 1.246792
 356.666667, 0.095327, 0.169159, 0.915888, 1.134579
 348.333333, 0.038278, 0.176077, 0.924402, 1.152153
 364.333333, 0.131747, 0.217749, 0.924977, 1.193047
 363.333333, 0.064220, 0.165138, 0.899083, 1.111009
 347.666667, 0.050815, 0.177373, 0.913710, 1.140940
 368.000000, 0.064312, 0.157609, 0.990942, 1.197464
 350.666667, 0.140684, 0.158745, 1.419202, 1.626426
6
 0.200000, 0.000000, 0.000000, 11.000000, 192.000000
 301.000000, 0.147287, 0.232558, 1.127353, 1.492802
 337.666667, 0.114511, 0.197433, 0.978282, 1.233959
 369.333333, 0.048736, 0.183213, 0.885379, 1.120939
 369.666667, 0.064022, 0.165915, 0.876465, 1.095582
 326.000000, 0.087935, 0.202454, 1.049080, 1.302658
 313.333333, 0.097872, 0.195745, 1.054255, 1.306383
 332.333333, 0.069208, 0.182548, 0.979940, 1.211635
 302.333333, 0.065050, 0.178611, 1.123484, 1.348401
 348.333333, 0.091866, 0.192344, 1.057416, 1.302392
 341.000000, 0.105572, 0.193548, 1.010753, 1.249267
 354.666667, 0.145677, 0.224624, 0.928571, 1.210526
 335.666667, 0.055611, 0.199603, 1.001986, 1.256207
 358.333333, 0.064186, 0.183256, 0.906977, 1.138605
 349.333333, 0.042939, 0.176527, 0.917939, 1.145038
 357.000000, 0.104575, 0.174603, 0.922502, 1.152194
 369.000000, 0.070461, 0.170732, 0.890696, 1.109304
 348.333333, 0.070813, 0.192344, 0.920574, 1.158852
 370.333333, 0.066607, 0.176418, 0.954995, 1.174617
 347.000000, 0.108549, 0.151777, 1.411143, 1.609990
7
 0.200000, 0.000000, 0.000000, 17.000000, 184.000000
 296.333333, 0.134983, 0.218223, 1.068616, 1.439820
 331.333333, 0.073441, 0.198189, 0.970825, 1.319920
 369.666667, 0.080252, 0.161407, 0.896303, 1.107304
 368.333333, 0.048869, 0.189140, 0.858824, 1.101357
 323.000000, 0.103199, 0.217750, 1.041280, 1.309598
 313.333333, 0.102128, 0.206383, 1.040426, 1.297872
 334.333333, 0.095713, 0.202393, 1.050847, 1.304088
 305.333333, 0.086245, 0.210699, 1.113537, 1.368996
 348.333333, 0.075598, 0.182775, 1.050718, 1.288995
 339.333333, 0.085462, 0.189587, 1.001965, 1.239686
 352.333333, 0.115421, 0.185430, 0.919584, 1.162725
 337.000000, 0.068249, 0.215628, 0.998022, 1.266073
 355.000000, 0.057277, 0.182160, 0.923944, 1.159624
 352.333333, 0.063387, 0.185430, 0.930937, 1.166509
 358.666667, 0.081784, 0.173792, 0.918216, 1.142193
 373.666667, 0.086530, 0.168599, 0.900089, 1.112400
 350.000000, 0.082857, 0.198095, 0.916190, 1.161905
 367.000000, 0.078111, 0.160763, 1.001817, 1.211626
 352.666667, 0.125709, 0.157845, 1.384688, 1.594518
Histogram
0 0 0 0 0 0 0 0 0 0 7 62 43 24 8 6 2 0 0 0 0 0 0 0 0 0 0 0 0 0 0 0 0 0 0 0 0 0 0 0 0 0 0 0 0 0 0 0 0 0 0 0 0 0 0 0 0 0 0 0 0 0 0 0 0 0 0 0 0 0 0 0 0 0 0 0 0 0 0 0 0 0 0 0 0 0 0 0 0 0 0 0 0 0 0 0 0 0 0 0 0 0 0 0 0 0 0 0 0 0 0 0 0 0 0 0 0 0 0 8 
Cache Miss Ratio
0.0
numOfSets
0
numOfGets
164053
numOfMultiGets
0
