 0, 20
 0.250000, 6.000000, 0.000000, 3.000000, 10.000000
 416.666667, 74.806400, 22.396800, 2.356000, 24.799200
 467.333333, 75.078459, 19.996434, 2.117689, 22.134094
 468.666667, 74.415363, 19.913940, 2.105974, 22.047653
 476.666667, 74.852448, 19.594406, 2.075524, 21.690909
 471.333333, 74.925743, 19.917963, 2.089816, 22.043847
 465.333333, 75.402579, 20.252149, 2.126791, 22.399713
 473.333333, 74.690141, 19.557042, 2.090845, 21.668310
 460.333333, 75.193338, 20.460536, 2.144823, 22.632151
 465.000000, 74.670968, 20.111828, 2.117563, 22.261649
 443.333333, 74.943609, 19.990226, 2.262406, 22.282707
 453.333333, 74.870588, 22.373529, 2.172059, 24.578676
 472.000000, 75.012006, 19.834746, 2.097458, 21.952684
 475.000000, 74.562807, 19.654737, 2.084912, 21.760000
 477.666667, 74.711096, 19.549895, 2.070482, 21.643405
 461.666667, 74.836101, 20.309025, 2.143682, 22.474368
 401.666667, 76.740249, 23.997510, 2.468050, 26.487137
 469.333333, 74.259943, 19.828835, 2.107244, 21.958807
 462.333333, 74.868061, 20.237924, 2.140591, 22.400144
 423.333333, 74.740945, 22.244882, 2.340945, 24.606299
 1, 20
 0.250000, 7.000000, 1.000000, 8.000000, 11.000000
 414.666667, 75.542605, 22.587621, 2.359325, 24.990354
 467.666667, 75.173200, 20.031361, 2.114041, 22.168211
 468.333333, 74.827758, 19.992883, 2.113879, 22.127402
 475.333333, 75.129032, 19.666900, 2.080645, 21.769285
 470.000000, 74.882979, 19.908511, 2.104255, 22.034043
 464.000000, 75.221983, 20.220546, 2.132184, 22.374282
 474.333333, 74.827829, 19.622628, 2.086437, 21.730148
 463.000000, 75.711303, 20.463643, 2.137509, 22.622030
 466.333333, 74.893495, 20.128663, 2.120801, 22.270193
 443.333333, 74.809774, 19.901504, 2.271429, 22.193985
 454.666667, 74.696481, 22.296188, 2.178152, 24.494868
 473.333333, 74.697887, 19.688732, 2.091549, 21.800704
 474.000000, 74.609705, 19.630802, 2.089311, 21.744726
 477.000000, 74.530398, 19.473795, 2.075472, 21.569532
 460.000000, 74.845652, 20.224638, 2.147826, 22.397826
 401.333333, 76.397841, 24.000831, 2.467608, 26.491694
 469.000000, 74.338308, 19.803127, 2.106610, 21.933902
 464.000000, 74.923132, 20.259339, 2.131466, 22.413793
 423.000000, 74.684791, 22.301812, 2.342790, 24.670607
 2, 20
 0.250000, 4.000000, 0.000000, 2.000000, 9.000000
 416.666667, 75.196000, 22.413600, 2.348000, 24.811200
 468.333333, 75.479004, 20.108185, 2.111744, 22.241993
 468.333333, 74.617082, 19.949466, 2.114591, 22.083986
 476.000000, 74.908263, 19.625350, 2.078431, 21.724790
 471.666667, 74.913781, 19.922968, 2.096113, 22.040989
 465.666667, 75.135290, 20.112384, 2.124553, 22.258411
 474.666667, 74.450140, 19.525983, 2.083567, 21.630618
 459.666667, 75.053662, 20.421320, 2.152284, 22.593909
 465.666667, 74.481031, 19.993558, 2.117394, 22.139585
 441.000000, 74.562358, 19.876795, 2.284203, 22.182162
 451.000000, 74.711752, 22.396157, 2.195122, 24.613452
 472.000000, 74.766243, 19.729520, 2.098164, 21.848870
 475.333333, 74.553296, 19.614306, 2.083450, 21.718093
 477.000000, 74.669462, 19.549965, 2.074074, 21.646401
 462.666667, 74.872478, 20.382565, 2.139049, 22.547550
 401.333333, 76.495017, 23.980066, 2.467608, 26.475914
 468.000000, 74.271368, 19.823362, 2.113960, 21.959402
 461.666667, 74.878700, 20.242599, 2.144404, 22.407942
 422.666667, 74.558360, 22.202681, 2.342271, 24.567035
 3, 20
 0.250000, 5.000000, 0.000000, 2.000000, 9.000000
 416.333333, 75.005604, 22.506805, 2.345076, 24.906325
 467.666667, 75.422666, 20.152530, 2.112616, 22.289380
 470.333333, 75.119773, 20.041814, 2.104181, 22.166549
 476.333333, 74.757173, 19.537439, 2.078376, 21.636109
 470.333333, 74.937633, 19.881644, 2.102055, 22.006378
 464.666667, 75.065997, 20.164275, 2.120516, 22.319225
 475.000000, 74.809123, 19.624561, 2.084912, 21.729123
 459.333333, 74.760522, 20.327286, 2.156023, 22.502903
 465.333333, 74.912607, 20.086676, 2.126791, 22.234957
 442.000000, 74.962293, 19.942685, 2.279035, 22.242081
 453.000000, 74.562914, 22.279617, 2.185430, 24.486387
 472.333333, 74.959774, 19.772759, 2.095272, 21.889908
 474.000000, 74.578762, 19.620956, 2.089311, 21.730661
 477.000000, 74.459818, 19.457023, 2.073375, 21.552760
 462.333333, 74.491709, 20.186013, 2.139870, 22.347513
 402.000000, 76.671642, 24.031509, 2.465174, 26.524046
 469.000000, 74.272210, 19.868515, 2.109453, 21.999289
 463.000000, 74.995680, 20.222462, 2.138229, 22.382289
 425.666667, 74.517619, 21.972592, 2.328113, 24.321065
 4, 20
 0.250000, 5.000000, 0.000000, 1.000000, 9.000000
 415.333333, 74.960674, 22.308989, 2.356340, 24.714286
 468.000000, 74.973647, 20.002137, 2.113960, 22.137464
 471.333333, 75.381188, 20.090523, 2.099717, 22.210042
 477.000000, 75.277428, 19.651992, 2.073375, 21.746331
 470.666667, 75.175637, 19.901558, 2.091360, 22.025496
 465.333333, 75.118195, 20.167622, 2.126074, 22.315186
 474.333333, 74.820098, 19.617006, 2.086437, 21.723823
 461.000000, 74.891540, 20.385394, 2.148228, 22.553145
 465.333333, 75.153295, 20.143983, 2.125358, 22.292264
 441.666667, 74.866415, 19.955472, 2.280755, 22.256604
 452.000000, 74.477876, 22.190265, 2.188053, 24.400442
 471.666667, 74.607774, 19.710954, 2.097527, 21.829682
 475.000000, 74.460351, 19.650526, 2.074386, 21.754386
 477.333333, 74.517458, 19.490223, 2.074721, 21.590084
 463.000000, 75.410367, 20.448524, 2.137509, 22.609791
 401.333333, 76.646179, 24.114618, 2.468439, 26.606312
 469.333333, 74.113636, 19.849432, 2.107244, 21.978693
 462.666667, 74.810519, 20.178674, 2.139769, 22.339337
 423.333333, 74.643307, 22.162992, 2.337795, 24.529921
 5, 20
 0.250000, 5.000000, 0.000000, 1.000000, 9.000000
 416.666667, 75.344000, 22.476800, 2.324800, 24.873600
 468.000000, 75.501425, 20.101852, 2.104701, 22.237179
 467.000000, 74.736617, 20.014989, 2.117059, 22.155603
 475.333333, 74.962132, 19.538569, 2.081346, 21.640954
 470.000000, 74.885106, 19.875177, 2.104965, 22.002128
 465.000000, 75.264516, 20.176344, 2.128315, 22.325448
 474.000000, 74.748242, 19.625176, 2.086498, 21.734177
 462.333333, 75.577505, 20.510454, 2.141312, 22.672675
 465.666667, 75.123121, 20.203293, 2.125268, 22.350036
 442.000000, 74.942685, 19.929110, 2.279035, 22.228507
 454.333333, 74.881145, 22.327953, 2.179017, 24.528247
 472.333333, 74.775582, 19.726182, 2.095977, 21.842625
 473.333333, 74.641549, 19.630986, 2.092254, 21.743662
 478.000000, 74.656206, 19.429568, 2.069735, 21.521618
 460.666667, 74.612880, 20.240232, 2.149059, 22.410275
 402.000000, 76.738806, 24.063018, 2.465174, 26.549751
 468.333333, 74.149466, 19.758007, 2.111032, 21.892527
 463.000000, 74.860331, 20.262779, 2.138229, 22.421886
 424.000000, 74.801887, 22.188679, 2.336478, 24.546384
 6, 20
 0.250000, 4.000000, 0.000000, 1.000000, 9.000000
 418.666667, 75.808917, 22.652070, 2.333599, 25.036624
 467.000000, 75.343326, 20.048537, 2.117773, 22.188437
 468.666667, 74.932432, 20.026316, 2.111664, 22.158606
 476.333333, 74.828551, 19.536039, 2.078376, 21.634710
 471.000000, 74.824487, 19.915074, 2.101911, 22.036801
 465.333333, 75.052292, 20.093123, 2.126074, 22.244269
 473.000000, 74.739958, 19.613108, 2.080338, 21.725863
 462.000000, 75.119769, 20.371573, 2.143579, 22.535354
 466.000000, 74.805436, 20.118026, 2.124464, 22.263233
 442.666667, 75.068524, 19.987199, 2.274849, 22.283133
 453.333333, 74.586765, 22.302941, 2.184559, 24.508088
 471.333333, 74.843706, 19.724894, 2.091938, 21.846535
 476.666667, 74.935664, 19.683916, 2.075524, 21.780420
 476.666667, 74.560839, 19.509790, 2.074126, 21.606993
 461.666667, 74.517690, 20.209386, 2.144404, 22.374729
 402.000000, 76.674959, 24.024876, 2.466833, 26.511609
 469.000000, 73.993603, 19.837242, 2.109453, 21.968728
 462.666667, 74.858790, 20.242795, 2.140490, 22.404179
 425.333333, 75.225705, 22.289969, 2.328370, 24.640282
 7, 20
 0.250000, 4.000000, 0.000000, 1.000000, 9.000000
 415.666667, 74.935044, 22.307939, 2.363272, 24.712109
 465.333333, 75.358166, 20.035100, 2.123926, 22.181948
 469.333333, 75.197443, 20.127131, 2.109375, 22.260653
 477.333333, 75.090084, 19.623603, 2.071229, 21.716480
 469.000000, 75.010661, 19.965885, 2.108742, 22.097370
 464.000000, 75.193247, 20.145115, 2.132902, 22.299569
 472.333333, 74.708539, 19.633028, 2.100212, 21.754411
 461.000000, 75.485900, 20.483731, 2.145336, 22.651482
 465.666667, 74.848246, 20.085898, 2.126700, 22.233357
 438.000000, 74.589041, 19.940639, 2.290715, 22.254186
 453.000000, 74.632818, 22.241354, 2.186166, 24.448124
 473.000000, 74.844961, 19.781536, 2.085976, 21.895701
 473.333333, 74.607042, 19.607042, 2.092254, 21.719718
 478.666667, 74.451253, 19.451950, 2.066156, 21.540390
 461.333333, 74.950145, 20.283237, 2.144509, 22.450145
 401.666667, 76.492946, 23.904564, 2.468880, 26.393361
 468.666667, 74.120199, 19.856330, 2.109531, 21.988620
 463.333333, 74.953957, 20.269784, 2.135252, 22.432374
 424.333333, 74.555381, 22.019639, 2.333857, 24.375491
Histogram
0 0 0 0 0 0 0 0 0 6 1 1 0 0 0 0 0 0 0 0 0 48 72 0 23 1 8 0 0 0 0 0 0 0 0 0 0 0 0 0 0 0 0 0 0 0 0 0 0 0 0 0 0 0 0 0 0 0 0 0 0 0 0 0 0 0 0 0 0 0 0 0 0 0 0 0 0 0 0 0 0 0 0 0 0 0 0 0 0 0 0 0 0 0 0 0 0 0 0 0 
Cache Miss Ratio
NaN
Average number of keys
NaN
numOfSets
219351
numOfGets
0
numOfMultiGets
0
