 0, 21
 0.250000, 0.000000, 7.000000, 0.000000, 10.000000
 852.666667, 50.423769, 7.396013, 1.062940, 8.525801
 1012.666667, 45.533575, 5.737656, 0.857143, 6.629361
 950.666667, 47.904979, 6.417952, 0.915849, 7.419705
 1043.000000, 46.421221, 5.522212, 0.852669, 6.414829
 878.666667, 51.160470, 7.702200, 1.069803, 8.815630
 962.000000, 54.722107, 6.879418, 1.029799, 7.956341
 1005.000000, 51.833499, 6.947927, 0.902819, 7.894196
 822.333333, 54.011755, 8.053101, 1.123632, 9.225375
 718.666667, 48.371521, 9.308442, 1.277365, 10.633117
 909.000000, 55.289696, 7.807114, 1.036670, 8.877888
 905.000000, 46.188582, 7.059300, 1.004420, 8.111971
 1027.333333, 50.907203, 6.457171, 0.903958, 7.401038
 966.000000, 48.222912, 6.296756, 0.940304, 7.276052
 736.333333, 53.534178, 10.215482, 1.293345, 11.550475
 949.333333, 49.559340, 6.885183, 0.981039, 7.901685
 852.666667, 52.379984, 7.629789, 1.024629, 8.767396
 953.333333, 48.486014, 6.686014, 0.962238, 7.693357
 829.666667, 55.877059, 8.431499, 1.152672, 9.619526
 947.000000, 51.268567, 6.929954, 0.989792, 7.958465
 924.000000, 43.655483, 6.034993, 0.879509, 6.966450
 1, 21
 0.250000, 0.000000, 12.000000, 1.000000, 15.000000
 876.333333, 50.759224, 7.410042, 1.033853, 8.500571
 1003.666667, 45.756891, 5.745932, 0.861176, 6.650614
 975.000000, 48.237265, 6.483419, 0.904615, 7.450256
 1088.333333, 46.575498, 5.483920, 0.820521, 6.337519
 892.000000, 51.533632, 7.583333, 1.038864, 8.678999
 977.666667, 54.778043, 6.941016, 1.014320, 7.983294
 994.333333, 51.948374, 6.985585, 0.934965, 7.953067
 826.666667, 54.457258, 7.966129, 1.133468, 9.141532
 742.000000, 49.123989, 9.522911, 1.243935, 10.802785
 877.666667, 55.439423, 8.012153, 1.063806, 9.116977
 906.666667, 45.814338, 7.133088, 0.995588, 8.172426
 1028.333333, 50.599028, 6.135818, 0.904700, 7.080065
 950.000000, 47.864912, 6.156491, 0.946316, 7.151930
 727.333333, 53.831806, 9.641613, 1.295142, 10.990376
 946.000000, 49.837562, 6.878788, 0.990134, 7.906272
 843.000000, 51.884935, 7.545275, 1.098062, 8.688414
 942.666667, 48.494342, 6.632603, 0.981612, 7.659477
 827.333333, 55.838437, 8.609589, 1.157937, 9.802176
 954.666667, 51.342877, 6.984986, 0.979399, 7.997207
 972.666667, 44.845099, 6.098355, 0.873201, 7.003770
 2, 21
 0.250000, 0.000000, 0.000000, 5.000000, 12.000000
 862.333333, 50.430615, 7.388867, 1.061461, 8.492849
 1029.000000, 46.218659, 5.869776, 0.850664, 6.755750
 958.666667, 48.278512, 6.401252, 0.908554, 7.384214
 1089.333333, 46.500612, 5.484088, 0.824357, 6.344553
 874.666667, 50.837652, 7.422637, 1.063262, 8.532774
 971.000000, 54.651905, 6.892207, 1.019567, 7.958119
 1015.000000, 52.216749, 6.937931, 0.909031, 7.892282
 845.333333, 54.562697, 8.348580, 1.112776, 9.504338
 726.000000, 49.009642, 9.237374, 1.264463, 10.568871
 909.000000, 54.842684, 7.746975, 1.037037, 8.813348
 922.000000, 46.335141, 7.145336, 0.999277, 8.176790
 1021.333333, 50.653394, 6.358681, 0.900783, 7.302219
 970.333333, 48.492614, 6.408451, 0.935761, 7.391962
 731.000000, 54.049248, 9.901961, 1.300046, 11.252166
 947.666667, 49.345410, 6.794231, 0.978544, 7.824481
 854.000000, 52.636612, 7.814598, 1.087041, 8.942233
 966.000000, 48.986197, 6.781228, 0.952381, 7.777088
 824.000000, 55.884304, 8.370955, 1.154126, 9.565534
 956.666667, 51.065505, 6.912195, 0.985366, 7.929965
 951.666667, 44.451839, 6.153415, 0.896673, 7.088266
 3, 21
 0.250000, 0.000000, 0.000000, 1.000000, 2.000000
 869.333333, 50.352377, 7.430215, 1.042561, 8.523390
 1017.666667, 46.345562, 5.789387, 0.858827, 6.684900
 955.666667, 48.085455, 6.469829, 0.907918, 7.457970
 1074.333333, 46.395904, 5.502327, 0.823767, 6.367670
 886.000000, 51.202032, 7.663657, 1.065087, 8.773514
 957.666667, 54.477550, 6.851723, 1.035851, 7.926210
 996.000000, 52.059572, 6.940428, 0.917336, 7.900602
 820.666667, 54.435418, 8.066613, 1.142973, 9.254265
 740.000000, 49.233333, 9.081532, 1.235586, 10.379279
 893.666667, 55.695263, 7.835882, 1.058560, 8.928012
 919.000000, 46.402249, 7.112804, 0.997461, 8.150889
 1038.333333, 50.847512, 6.130658, 0.871589, 7.060032
 969.000000, 48.292398, 6.335741, 0.957688, 7.327485
 739.666667, 53.739072, 9.498423, 1.289320, 10.831906
 963.333333, 49.762630, 6.905190, 0.978547, 7.916263
 863.666667, 52.334234, 7.604786, 1.077190, 8.724431
 945.333333, 48.933709, 6.671721, 0.965092, 7.695698
 839.666667, 55.866614, 8.390631, 1.138150, 9.563716
 951.333333, 50.986335, 6.929923, 0.981430, 7.951296
 946.666667, 44.729577, 6.066197, 0.894014, 7.007042
 4, 21
 0.333333, 1.000000, 0.000000, 0.000000, 1.000000
 861.333333, 50.242647, 7.395124, 1.059211, 8.506966
 1035.666667, 46.214998, 5.851304, 0.835855, 6.718056
 951.666667, 47.976182, 6.489667, 0.934851, 7.479860
 1053.333333, 45.863291, 5.425316, 0.847785, 6.309810
 903.666667, 51.562892, 7.485799, 1.034674, 8.568794
 936.000000, 54.150285, 6.910613, 1.045228, 8.003205
 1006.333333, 52.417357, 6.972839, 0.917522, 7.927791
 843.000000, 54.711744, 8.254251, 1.115856, 9.413602
 729.333333, 49.117002, 9.449726, 1.250914, 10.740859
 886.666667, 55.320301, 7.879699, 1.060526, 8.974060
 922.666667, 46.305636, 7.194003, 0.987355, 8.224350
 1019.000000, 50.468760, 5.970886, 0.867844, 6.921492
 959.666667, 47.944772, 6.434873, 0.921501, 7.430705
 732.333333, 53.941739, 9.819754, 1.290851, 11.155212
 945.666667, 49.908354, 6.900599, 0.975326, 7.918928
 874.333333, 51.900496, 7.578727, 1.060999, 8.677850
 957.000000, 48.686172, 6.691397, 0.949843, 7.696970
 818.333333, 55.478208, 8.511202, 1.157637, 9.710387
 955.666667, 51.410882, 6.982909, 0.978375, 8.002093
 943.333333, 44.548057, 5.996466, 0.898233, 6.947350
 5, 21
 0.333333, 0.000000, 0.000000, 0.000000, 1.000000
 853.000000, 50.368894, 7.460336, 1.056663, 8.583040
 1025.000000, 45.995122, 5.842276, 0.843902, 6.715772
 945.333333, 47.668547, 6.848378, 0.903738, 7.843089
 1080.000000, 47.026852, 5.523457, 0.829630, 6.388889
 909.000000, 51.889256, 7.520719, 1.041071, 8.600293
 965.000000, 54.225561, 6.844560, 1.043178, 7.918480
 1025.666667, 52.580760, 7.112447, 0.904777, 8.050374
 839.333333, 54.349087, 8.020651, 1.124702, 9.183082
 718.666667, 48.110390, 9.265770, 1.249536, 10.587662
 904.666667, 55.183493, 7.701548, 1.031319, 8.771555
 910.666667, 46.175695, 7.213397, 0.991947, 8.247438
 1012.000000, 50.438735, 6.301383, 0.894598, 7.255929
 959.000000, 48.073340, 6.479666, 0.960028, 7.477928
 732.000000, 53.537341, 9.927596, 1.313297, 11.273224
 948.333333, 49.239367, 6.592267, 0.985237, 7.618629
 852.333333, 51.944857, 7.465780, 1.086429, 8.599922
 963.333333, 49.130104, 6.739100, 0.958478, 7.737716
 839.666667, 56.226280, 8.523620, 1.142517, 9.703057
 951.000000, 51.247809, 6.967052, 0.990887, 7.988784
 938.333333, 44.377975, 6.142096, 0.885613, 7.079218
 6, 21
 0.333333, 9.000000, 3.000000, 1.000000, 5.000000
 848.000000, 51.013365, 7.455582, 1.065645, 8.593160
 1021.000000, 46.263794, 5.852432, 0.854718, 6.743062
 975.333333, 47.951811, 6.415243, 0.909091, 7.388243
 1092.333333, 46.348489, 5.538908, 0.828807, 6.399146
 887.000000, 51.274709, 7.508080, 1.042089, 8.600526
 944.000000, 54.454096, 6.907133, 1.026130, 7.977048
 988.000000, 51.728745, 6.988866, 0.927463, 7.962551
 832.000000, 53.989984, 7.995994, 1.112981, 9.164663
 715.000000, 48.218648, 9.121212, 1.265734, 10.443357
 881.000000, 55.630344, 7.904275, 1.067726, 9.004162
 932.666667, 47.022516, 7.061115, 0.989635, 8.082202
 1027.000000, 50.103213, 6.046089, 0.894515, 6.991237
 971.000000, 47.846550, 6.479231, 0.956746, 7.467216
 738.666667, 54.137635, 10.199910, 1.279332, 11.513538
 946.000000, 49.851304, 6.937280, 0.988372, 7.966526
 865.666667, 52.053908, 7.541779, 1.078552, 8.655757
 975.000000, 49.045128, 6.677607, 0.966838, 7.673846
 822.333333, 55.930280, 8.555736, 1.163356, 9.755979
 958.333333, 51.405565, 7.034435, 0.971478, 8.045565
 973.000000, 45.031518, 6.125385, 0.895855, 7.052415
 7, 21
 0.333333, 15.000000, 9.000000, 0.000000, 14.000000
 864.333333, 50.213652, 7.367914, 1.053992, 8.483224
 1032.666667, 46.391543, 5.899290, 0.843447, 6.780181
 961.333333, 47.875173, 6.519417, 0.905340, 7.497920
 1062.000000, 46.199309, 5.454488, 0.847144, 6.334903
 914.333333, 51.632519, 7.684652, 1.036456, 8.755013
 956.333333, 54.673405, 6.926804, 1.015685, 7.981527
 992.000000, 51.711022, 6.959005, 0.921371, 7.929099
 831.000000, 54.316887, 8.239069, 1.132371, 9.413959
 744.666667, 48.610564, 9.184423, 1.244405, 10.452551
 887.000000, 55.658775, 7.890643, 1.060128, 8.989478
 906.666667, 46.584191, 7.098162, 1.020221, 8.149265
 1025.333333, 50.604681, 6.364109, 0.881014, 7.309168
 976.333333, 47.960737, 6.397064, 0.931034, 7.373506
 731.000000, 53.891929, 9.477428, 1.280894, 10.802554
 947.333333, 49.890218, 6.916608, 0.976425, 7.938072
 832.333333, 51.514618, 7.457349, 1.101722, 8.605927
 956.333333, 48.575810, 6.680376, 0.957825, 7.685256
 830.666667, 56.335474, 8.639246, 1.149679, 9.825040
 952.666667, 51.455563, 6.880336, 0.986354, 7.904129
 943.333333, 44.988339, 6.132509, 0.908834, 7.083392
Histogram
0 2 1 0 0 1 20 64 42 18 12 5 1 0 1 1 0 0 0 0 0 0 0 0 0 0 0 0 0 0 0 0 0 0 0 0 0 0 0 0 0 0 0 0 0 0 0 0 0 0 0 0 0 0 0 0 0 0 0 0 0 0 0 0 0 0 0 0 0 0 0 0 0 0 0 0 0 0 0 0 0 0 0 0 0 0 0 0 0 0 0 0 0 0 0 0 0 0 0 0 
Cache Miss Ratio
NaN
Average number of keys
NaN
numOfSets
441095
numOfGets
0
numOfMultiGets
0
