 0, 21
 0.250000, 17.000000, 0.000000, 2.000000, 11.000000
 376.333333, 73.770593, 23.801594, 2.596988, 26.452613
 464.666667, 75.483501, 20.191535, 2.123386, 22.341463
 406.333333, 75.490566, 23.339623, 2.435603, 25.799016
 477.000000, 74.769392, 19.529700, 2.066387, 21.624738
 468.000000, 75.133903, 19.897436, 2.106838, 22.032051
 469.666667, 75.232079, 19.934705, 2.102200, 22.067424
 463.666667, 75.569375, 20.382459, 2.127247, 22.537743
 473.000000, 75.005638, 19.832276, 2.086681, 21.946441
 462.333333, 74.855804, 20.206200, 2.120404, 22.369142
 463.000000, 75.067675, 20.281497, 2.129590, 22.441325
 463.000000, 74.794816, 20.175666, 2.134629, 22.335493
 426.666667, 75.328906, 22.187500, 2.318750, 24.531250
 471.000000, 74.562633, 19.687190, 2.092711, 21.810333
 463.666667, 74.918763, 20.126528, 2.130122, 22.287563
 461.333333, 74.974711, 20.294798, 2.133671, 22.460983
 469.666667, 74.828957, 19.843861, 2.100071, 21.973740
 463.333333, 74.730216, 20.265468, 2.131655, 22.422302
 452.333333, 74.894620, 20.638909, 2.183493, 22.848195
 470.666667, 74.584986, 19.721671, 2.096317, 21.845609
 465.000000, 74.353405, 19.879570, 2.104659, 22.010753
 1, 21
 0.250000, 13.000000, 0.000000, 2.000000, 12.000000
 385.000000, 73.497835, 23.710823, 2.540260, 26.289177
 466.333333, 75.400286, 20.137956, 2.115082, 22.280200
 406.666667, 75.800820, 23.586885, 2.425410, 26.045082
 478.000000, 74.740586, 19.497211, 2.064156, 21.592748
 470.666667, 74.552408, 19.813031, 2.096317, 21.944759
 470.666667, 75.126062, 19.826487, 2.097734, 21.949717
 462.000000, 75.662338, 20.422799, 2.134921, 22.585137
 471.333333, 74.990099, 19.771570, 2.095474, 21.893211
 462.333333, 74.788753, 20.273252, 2.122567, 22.441240
 461.333333, 74.919075, 20.226879, 2.140896, 22.394509
 463.000000, 74.749460, 20.164147, 2.133909, 22.323974
 428.000000, 75.542056, 22.201713, 2.301402, 24.543614
 473.666667, 75.187896, 19.789585, 2.083744, 21.900070
 464.333333, 75.081838, 20.225413, 2.127782, 22.381910
 460.666667, 74.738784, 20.214906, 2.144718, 22.385673
 471.666667, 74.925088, 19.830389, 2.094700, 21.954064
 462.666667, 75.143372, 20.324928, 2.131844, 22.485591
 453.333333, 74.753676, 20.591912, 2.179412, 22.797059
 471.000000, 74.735315, 19.727530, 2.089172, 21.850672
 465.000000, 74.486022, 19.892473, 2.091756, 22.017921
 2, 21
 0.250000, 3.000000, 0.000000, 2.000000, 4.000000
 379.666667, 73.006146, 23.543459, 2.595259, 26.174715
 464.333333, 75.015793, 20.097631, 2.125628, 22.249821
 407.333333, 74.723404, 23.180033, 2.430442, 25.633388
 477.666667, 75.053733, 19.551989, 2.066294, 21.644103
 467.666667, 75.094797, 19.952245, 2.109765, 22.088382
 470.666667, 75.175637, 19.851983, 2.096317, 21.974504
 462.333333, 75.428262, 20.360490, 2.136265, 22.521990
 472.333333, 75.086097, 19.827805, 2.091037, 21.944954
 463.000000, 75.220302, 20.311735, 2.118790, 22.471562
 461.333333, 75.278179, 20.194364, 2.140173, 22.360549
 463.333333, 75.241007, 20.271942, 2.130216, 22.429496
 427.000000, 75.469945, 22.183450, 2.316940, 24.535519
 472.666667, 74.354020, 19.621298, 2.088858, 21.735543
 463.333333, 75.381295, 20.261871, 2.115827, 22.420144
 460.000000, 75.206522, 20.326087, 2.138406, 22.505797
 471.333333, 74.900990, 19.830269, 2.094767, 21.951202
 462.666667, 74.521614, 20.107349, 2.134006, 22.266571
 453.333333, 74.677941, 20.626471, 2.178676, 22.830882
 472.666667, 75.547955, 19.922426, 2.088858, 22.038082
 466.000000, 74.153076, 19.786123, 2.106581, 21.918455
 3, 21
 0.250000, 12.000000, 0.000000, 1.000000, 13.000000
 383.666667, 73.439618, 23.628149, 2.541268, 26.225022
 464.333333, 75.267050, 20.125628, 2.119885, 22.277818
 407.000000, 76.054054, 23.651925, 2.420966, 26.108108
 478.666667, 74.926880, 19.552925, 2.058496, 21.641365
 469.000000, 74.506752, 19.760483, 2.104478, 21.890547
 472.000000, 75.973870, 19.997881, 2.081921, 22.114407
 462.000000, 75.651515, 20.365079, 2.137085, 22.528860
 472.666667, 75.047250, 19.814528, 2.089563, 21.935120
 464.333333, 75.211055, 20.291457, 2.112706, 22.445800
 462.666667, 75.110951, 20.293948, 2.134726, 22.456052
 463.333333, 74.592086, 20.161871, 2.117986, 22.319424
 426.333333, 75.461298, 22.214230, 2.318999, 24.559812
 473.333333, 74.658451, 19.673239, 2.086620, 21.786620
 463.666667, 75.577283, 20.312725, 2.129403, 22.468009
 459.000000, 74.938272, 20.347858, 2.150327, 22.525781
 471.666667, 74.528622, 19.749823, 2.093993, 21.869965
 462.666667, 74.811239, 20.216138, 2.134726, 22.376801
 452.666667, 74.719440, 20.664212, 2.181885, 22.872607
 470.666667, 74.740085, 19.733003, 2.099150, 21.856941
 462.000000, 74.478355, 19.933622, 2.115440, 22.073593
 4, 21
 0.250000, 16.000000, 0.000000, 2.000000, 11.000000
 382.666667, 73.765679, 23.813589, 2.558362, 26.415505
 465.333333, 75.026504, 20.133954, 2.116046, 22.280802
 407.000000, 76.104013, 23.601147, 2.423423, 26.056511
 477.333333, 75.162709, 19.687849, 2.067039, 21.781425
 469.000000, 74.972992, 19.916844, 2.101635, 22.047619
 470.000000, 75.262411, 19.767376, 2.091489, 21.892908
 463.666667, 75.577283, 20.398275, 2.126528, 22.552840
 472.000000, 74.593220, 19.736582, 2.084040, 21.859463
 462.333333, 75.260274, 20.300649, 2.136986, 22.463590
 462.666667, 75.206052, 20.283862, 2.133285, 22.445245
 463.000000, 75.020878, 20.191505, 2.131030, 22.351332
 427.333333, 75.741030, 22.289392, 2.312793, 24.628705
 474.000000, 74.767932, 19.678622, 2.083685, 21.788326
 463.000000, 75.054716, 20.182865, 2.133189, 22.341253
 461.333333, 75.165462, 20.296965, 2.140896, 22.463873
 470.333333, 74.666903, 19.828490, 2.099929, 21.953933
 463.000000, 75.029518, 20.247660, 2.131749, 22.406048
 454.000000, 74.945668, 20.720999, 2.166667, 22.922907
 472.000000, 75.158898, 19.841102, 2.093220, 21.959746
 465.666667, 74.937724, 19.954903, 2.101646, 22.083751
 5, 21
 0.250000, 14.000000, 0.000000, 2.000000, 12.000000
 374.666667, 73.968861, 23.872776, 2.621886, 26.539146
 466.000000, 75.179542, 20.092275, 2.115880, 22.235336
 406.333333, 75.631665, 23.411813, 2.433142, 25.872026
 477.333333, 74.824022, 19.572626, 2.067039, 21.666201
 470.000000, 74.849645, 19.876596, 2.100000, 22.002837
 471.333333, 75.089816, 19.901697, 2.094059, 22.022631
 463.666667, 75.798706, 20.416966, 2.128684, 22.572969
 471.000000, 74.740977, 19.772116, 2.087049, 21.899505
 463.000000, 75.123830, 20.257019, 2.113031, 22.416847
 461.000000, 75.169920, 20.295011, 2.143167, 22.464208
 462.333333, 74.955299, 20.130497, 2.136265, 22.297765
 427.333333, 75.585803, 22.219969, 2.314353, 24.560842
 471.000000, 74.049540, 19.503185, 2.092711, 21.626327
 463.666667, 74.879942, 20.116463, 2.127247, 22.277498
 460.000000, 74.931884, 20.283333, 2.139855, 22.456522
 471.000000, 74.692144, 19.799009, 2.097665, 21.926398
 463.333333, 74.388489, 20.145324, 2.132374, 22.302158
 453.000000, 75.072848, 20.705666, 2.180280, 22.912436
 470.333333, 74.941885, 19.790928, 2.099929, 21.916371
 464.666667, 74.517934, 19.933286, 2.104017, 22.068149
 6, 21
 0.250000, 18.000000, 0.000000, 2.000000, 10.000000
 377.333333, 73.207597, 23.680212, 2.609541, 26.321555
 465.000000, 75.248029, 20.116129, 2.117563, 22.265233
 406.666667, 76.492623, 23.736066, 2.429508, 26.193443
 479.000000, 74.801670, 19.550452, 2.061239, 21.636743
 466.666667, 74.760000, 19.825714, 2.107143, 21.966429
 469.000000, 75.142146, 19.856432, 2.104478, 21.987207
 462.333333, 75.381399, 20.405912, 2.132660, 22.566691
 473.000000, 74.965469, 19.836505, 2.086681, 21.949260
 462.333333, 74.977650, 20.333814, 2.130497, 22.501802
 462.000000, 75.234488, 20.317460, 2.138528, 22.481962
 462.666667, 74.729107, 20.157781, 2.122478, 22.324207
 427.666667, 75.499610, 22.212783, 2.311769, 24.551052
 473.000000, 74.660324, 19.727273, 2.087385, 21.841438
 464.000000, 75.045977, 20.209052, 2.126437, 22.363506
 459.333333, 75.284470, 20.353411, 2.150943, 22.529753
 471.333333, 74.779349, 19.772984, 2.095474, 21.893918
 463.000000, 74.622030, 20.157667, 2.132469, 22.316775
 453.000000, 75.013981, 20.713760, 2.180280, 22.920530
 470.333333, 74.915663, 19.795181, 2.097803, 21.925585
 465.000000, 74.283871, 19.787814, 2.102509, 21.922581
 7, 21
 0.250000, 15.000000, 0.000000, 2.000000, 10.000000
 379.333333, 73.658172, 23.851494, 2.577329, 26.478910
 466.666667, 74.795714, 20.038571, 2.115000, 22.179286
 408.000000, 75.807190, 23.509804, 2.424837, 25.964869
 477.666667, 74.978367, 19.558269, 2.060014, 21.650384
 468.666667, 74.642959, 19.724040, 2.096017, 21.860597
 470.666667, 75.102691, 19.856232, 2.097025, 21.979462
 461.666667, 75.938628, 20.477256, 2.135018, 22.647653
 472.333333, 75.388144, 19.912491, 2.089626, 22.029640
 463.333333, 75.294245, 20.323741, 2.117986, 22.482734
 461.000000, 75.174259, 20.214751, 2.140998, 22.383948
 462.333333, 74.907714, 20.200433, 2.119683, 22.363374
 428.333333, 75.445136, 22.242023, 2.308949, 24.577432
 472.666667, 74.791961, 19.790550, 2.086037, 21.905501
 463.333333, 74.925180, 20.164029, 2.129496, 22.321583
 460.666667, 75.030391, 20.376990, 2.144718, 22.547033
 472.000000, 75.290960, 19.896186, 2.092514, 22.018362
 463.333333, 74.218705, 20.090647, 2.131655, 22.248201
 451.000000, 74.820399, 20.609017, 2.189209, 22.824834
 471.000000, 75.229299, 19.866950, 2.094834, 21.994338
 463.333333, 73.669065, 19.679856, 2.110072, 21.818705
Histogram
0 0 0 0 1 0 0 0 0 0 2 2 2 1 0 0 0 0 0 0 0 49 87 0 8 4 12 0 0 0 0 0 0 0 0 0 0 0 0 0 0 0 0 0 0 0 0 0 0 0 0 0 0 0 0 0 0 0 0 0 0 0 0 0 0 0 0 0 0 0 0 0 0 0 0 0 0 0 0 0 0 0 0 0 0 0 0 0 0 0 0 0 0 0 0 0 0 0 0 0 
Cache Miss Ratio
NaN
Average number of keys
NaN
numOfSets
219665
numOfGets
0
numOfMultiGets
0
