 0, 21
 0.250000, 0.000000, 0.000000, 2.000000, 18.000000
 234.000000, 103.769231, 13.230769, 4.024217, 17.327635
 183.333333, 115.367273, 22.192727, 5.427273, 27.649091
 234.333333, 116.160740, 16.039829, 4.160740, 20.305832
 251.666667, 115.492715, 14.573510, 3.932450, 18.552318
 243.333333, 118.743836, 15.808219, 4.000000, 19.919178
 261.333333, 116.338010, 14.418367, 3.803571, 18.246173
 247.000000, 113.769231, 14.728745, 3.944669, 18.777328
 241.333333, 114.116022, 15.448895, 4.107735, 19.592541
 250.666667, 113.868351, 14.811170, 3.957447, 18.799202
 283.000000, 119.700824, 14.180212, 3.510012, 17.717314
 273.333333, 113.613415, 13.584146, 3.623171, 17.240244
 231.666667, 115.102158, 15.653237, 4.271942, 19.969784
 253.666667, 117.048620, 14.955322, 3.893561, 18.902760
 264.666667, 118.238035, 15.243073, 3.749370, 19.036524
 266.666667, 118.517500, 14.313750, 3.632500, 18.063750
 243.666667, 113.067031, 14.804378, 4.072503, 18.911081
 249.000000, 116.020080, 15.373494, 3.890228, 19.393574
 249.666667, 114.463284, 14.256342, 3.934579, 18.267023
 255.000000, 116.301961, 14.586928, 3.884967, 18.533333
 246.000000, 116.635501, 15.825203, 3.955285, 19.833333
 1, 21
 0.250000, 0.000000, 0.000000, 16.000000, 18.000000
 243.000000, 103.186557, 13.408779, 3.884774, 17.347051
 186.666667, 118.826786, 22.083929, 5.219643, 27.432143
 238.666667, 117.763966, 16.325419, 4.148045, 20.523743
 260.000000, 118.456410, 14.880769, 3.815385, 18.729487
 250.000000, 119.416000, 16.170667, 3.972000, 20.170667
 266.666667, 118.982500, 14.615000, 3.723750, 18.365000
 248.666667, 116.406166, 14.994638, 3.973190, 19.016086
 244.666667, 117.431880, 15.767030, 3.944142, 19.852861
 249.000000, 114.046854, 14.800535, 3.942436, 18.805890
 279.333333, 119.404535, 14.164678, 3.545346, 17.745823
 274.000000, 115.699513, 13.705596, 3.622871, 17.362530
 234.666667, 117.958807, 16.026989, 4.166193, 20.289773
 253.333333, 117.410526, 15.048684, 3.902632, 19.001316
 252.333333, 113.587847, 14.380449, 3.936592, 18.342140
 260.000000, 116.552564, 14.030769, 3.769231, 17.871795
 252.333333, 117.118890, 15.247028, 3.937913, 19.211361
 244.666667, 117.301090, 15.645777, 4.000000, 19.732970
 257.666667, 115.890039, 14.455369, 3.846054, 18.336352
 253.000000, 116.696970, 14.774704, 3.888011, 18.724638
 246.333333, 117.244926, 15.723951, 3.987821, 19.765900
 2, 21
 0.250000, 0.000000, 0.000000, 16.000000, 19.000000
 249.333333, 103.450535, 13.350267, 3.798128, 17.176471
 188.666667, 119.503534, 21.487633, 5.275618, 26.791519
 231.333333, 116.136888, 16.181556, 4.109510, 20.502882
 254.333333, 116.247706, 14.385321, 3.889908, 18.321101
 248.333333, 119.379866, 16.401342, 3.989262, 20.428188
 245.333333, 113.535326, 14.081522, 4.033967, 18.161685
 245.000000, 116.293878, 15.281633, 3.985034, 19.352381
 243.000000, 116.669410, 15.646091, 4.086420, 19.761317
 247.333333, 113.245283, 14.592992, 4.004043, 18.629380
 274.000000, 116.998783, 13.959854, 3.622871, 17.611922
 279.666667, 117.164482, 13.899881, 3.547080, 17.473182
 236.000000, 114.992938, 15.628531, 4.186441, 19.867232
 255.000000, 117.261438, 15.078431, 3.882353, 19.005229
 256.333333, 113.715215, 14.559168, 3.821847, 18.460338
 262.000000, 116.334606, 13.888041, 3.768448, 17.704835
 253.666667, 116.505913, 15.417871, 3.880420, 19.360053
 255.333333, 117.929504, 15.711488, 3.783290, 19.627937
 265.333333, 120.968593, 15.025126, 3.734925, 18.793970
 270.333333, 119.704069, 14.886560, 3.658446, 18.586930
 235.333333, 112.432011, 15.103399, 4.110482, 19.332861
 3, 21
 0.250000, 0.000000, 1.000000, 1.000000, 17.000000
 245.333333, 106.048913, 13.540761, 3.869565, 17.449728
 182.666667, 115.753650, 21.062044, 5.366788, 26.529197
 227.333333, 116.403226, 16.074780, 4.362170, 20.475073
 256.666667, 115.050649, 14.341558, 3.861039, 18.240260
 242.333333, 116.352132, 15.855571, 4.074278, 19.982118
 276.666667, 120.997590, 14.954217, 3.565060, 18.569880
 256.000000, 118.029948, 15.457031, 3.867188, 19.363281
 232.333333, 114.068867, 15.509326, 4.266858, 19.802009
 250.666667, 114.873670, 14.880319, 3.952128, 18.868351
 261.000000, 114.203065, 13.507024, 3.804598, 17.340996
 271.000000, 113.280443, 13.543665, 3.651907, 17.232472
 238.666667, 116.571229, 16.110335, 4.157821, 20.301676
 253.000000, 116.872200, 15.028986, 3.893281, 18.985507
 255.333333, 116.127937, 14.791123, 3.840731, 18.697128
 269.000000, 117.998761, 14.060719, 3.676580, 17.781908
 250.666667, 116.235372, 15.123670, 3.964096, 19.111702
 249.666667, 116.870494, 15.339119, 3.862483, 19.344459
 257.666667, 118.019405, 14.710220, 3.843467, 18.589909
 258.333333, 116.233548, 14.474839, 3.802581, 18.345806
 244.666667, 116.895095, 15.705722, 4.014986, 19.772480
 4, 21
 0.250000, 0.000000, 1.000000, 1.000000, 17.000000
 241.333333, 105.356354, 13.497238, 3.929558, 17.469613
 183.333333, 115.550909, 20.894545, 5.427273, 26.349091
 232.333333, 114.136298, 16.007174, 4.229555, 20.311334
 250.333333, 113.833555, 14.352863, 3.860186, 18.340879
 235.666667, 117.181047, 16.083451, 3.984441, 20.314003
 276.333333, 121.797346, 15.034982, 3.576598, 18.651387
 248.333333, 114.744966, 15.115436, 3.973154, 19.132886
 243.333333, 114.363014, 15.397260, 4.086301, 19.506849
 250.000000, 115.045333, 14.658667, 3.949333, 18.658667
 275.000000, 116.488485, 13.939394, 3.613333, 17.578182
 255.333333, 111.366841, 13.306789, 3.878590, 17.221932
 232.000000, 115.416667, 15.875000, 4.202586, 20.186782
 251.000000, 116.026560, 15.035857, 3.922975, 19.019920
 258.333333, 115.659355, 14.821935, 3.845161, 18.694194
 248.333333, 116.281879, 14.051007, 3.930201, 18.063087
 249.000000, 116.409639, 15.357430, 3.989290, 19.376171
 251.000000, 117.213811, 15.416999, 3.807437, 19.406375
 254.000000, 113.116798, 13.986877, 3.919948, 17.929134
 253.333333, 116.693421, 14.761842, 3.914474, 18.706579
 244.666667, 116.166213, 15.564033, 4.010899, 19.614441
 5, 21
 0.250000, 0.000000, 1.000000, 1.000000, 17.000000
 238.333333, 105.453147, 13.770629, 3.925874, 17.774825
 183.333333, 117.954545, 21.269091, 5.410909, 26.723636
 240.666667, 117.970914, 16.335180, 4.072022, 20.490305
 250.333333, 115.568575, 14.471372, 3.929427, 18.470040
 238.333333, 116.390210, 15.650350, 4.120280, 19.847552
 259.000000, 117.402831, 14.527671, 3.821107, 18.389961
 256.333333, 116.703511, 15.498049, 3.816645, 19.397919
 241.666667, 114.677241, 15.471724, 4.102069, 19.609655
 249.666667, 113.846462, 14.708945, 3.938585, 18.714286
 266.666667, 116.441250, 13.838750, 3.702500, 17.591250
 262.333333, 111.848793, 13.308767, 3.778907, 17.129606
 230.000000, 114.630435, 15.849275, 4.284058, 20.186957
 253.666667, 115.140604, 14.709593, 3.880420, 18.649146
 256.666667, 115.167532, 14.797403, 3.872727, 18.697403
 265.666667, 119.362610, 14.218319, 3.676286, 17.981179
 243.000000, 114.688615, 14.910837, 4.080933, 19.034294
 249.666667, 117.417891, 15.728972, 3.953271, 19.739653
 254.333333, 116.647444, 14.553080, 3.874181, 18.488860
 249.000000, 114.344043, 14.406961, 3.943775, 18.421687
 242.000000, 115.487603, 15.413223, 4.024793, 19.505510
 6, 21
 0.250000, 0.000000, 0.000000, 1.000000, 2.000000
 235.666667, 104.099010, 13.439887, 3.953324, 17.506365
 180.000000, 115.911111, 21.309259, 5.401852, 26.851852
 222.333333, 113.101949, 15.820090, 4.332834, 20.329835
 254.666667, 115.941099, 14.526178, 3.907068, 18.459424
 244.333333, 117.549795, 16.090041, 4.065484, 20.182810
 273.333333, 120.971951, 14.960976, 3.630488, 18.618293
 253.000000, 117.727273, 15.301713, 3.926219, 19.252964
 237.333333, 114.681180, 15.262640, 4.168539, 19.476124
 253.666667, 116.875164, 14.954008, 3.906702, 18.886991
 266.333333, 115.148936, 13.674593, 3.708385, 17.439299
 268.000000, 114.594527, 13.560945, 3.681592, 17.291045
 243.666667, 120.491108, 16.425445, 4.080711, 20.533516
 250.666667, 115.851064, 14.945479, 3.966755, 18.938830
 261.333333, 117.538265, 14.982143, 3.770408, 18.812500
 267.666667, 117.403487, 13.950187, 3.701121, 17.687422
 248.333333, 117.115436, 15.292617, 3.994631, 19.318121
 252.333333, 119.595773, 15.688243, 3.825627, 19.660502
 255.666667, 116.089961, 14.503259, 3.868318, 18.414602
 264.666667, 118.787154, 14.824937, 3.617128, 18.634761
 244.000000, 114.818306, 15.237705, 3.980874, 19.274590
 7, 21
 0.250000, 0.000000, 0.000000, 1.000000, 3.000000
 234.000000, 103.188034, 13.374644, 4.014245, 17.465812
 187.333333, 119.491103, 21.240214, 5.306050, 26.576512
 231.666667, 116.087770, 16.084892, 4.256115, 20.402878
 243.333333, 113.734247, 14.216438, 4.032877, 18.317808
 239.666667, 116.584145, 15.845619, 4.054242, 20.019471
 243.666667, 111.849521, 13.865937, 4.016416, 17.965800
 242.333333, 115.199450, 15.044017, 4.023384, 19.159560
 248.666667, 118.237265, 16.012064, 3.981233, 20.032172
 252.666667, 114.555409, 14.852243, 3.915567, 18.808707
 274.333333, 117.422843, 13.913730, 3.606318, 17.563791
 269.000000, 116.936803, 13.795539, 3.675341, 17.520446
 241.666667, 119.412414, 16.343448, 4.070345, 20.482759
 252.666667, 117.104222, 15.209763, 3.930079, 19.166227
 257.333333, 114.323834, 14.841969, 3.829016, 18.730570
 276.333333, 120.819059, 14.354644, 3.577805, 17.973462
 251.333333, 115.385942, 15.167109, 3.956233, 19.148541
 251.666667, 118.548344, 15.631788, 3.874172, 19.609272
 262.000000, 116.085242, 14.438931, 3.774809, 18.260814
 268.333333, 118.905590, 14.992547, 3.698137, 18.718012
 246.333333, 117.008119, 15.801083, 3.975643, 19.824087
 8, 21
 0.250000, 0.000000, 0.000000, 1.000000, 2.000000
 238.666667, 103.473464, 13.437151, 3.980447, 17.453911
 181.666667, 114.592661, 20.688073, 5.440367, 26.192661
 237.666667, 117.252454, 16.364656, 4.096774, 20.583450
 246.333333, 112.803789, 14.069012, 3.966171, 18.129905
 233.666667, 115.315264, 15.716120, 4.236805, 19.978602
 274.666667, 121.192961, 14.978155, 3.583738, 18.616505
 248.000000, 118.325269, 15.482527, 3.979839, 19.514785
 241.333333, 117.404696, 15.838398, 4.106354, 19.980663
 252.666667, 115.253298, 14.918206, 3.915567, 18.874670
 268.333333, 113.691925, 13.516770, 3.679503, 17.239752
 271.000000, 116.072571, 13.777368, 3.655597, 17.468635
 246.000000, 120.762873, 16.452575, 3.863144, 20.527100
 258.666667, 119.512887, 15.255155, 3.835052, 19.119845
 263.333333, 117.191139, 14.864557, 3.750633, 18.665823
 272.000000, 118.348039, 14.265931, 3.643382, 17.941176
 255.666667, 117.573664, 15.492829, 3.887875, 19.406780
 247.333333, 117.171159, 15.657682, 3.869272, 19.703504
 257.666667, 113.791721, 14.060802, 3.848642, 17.945666
 253.666667, 115.865966, 14.659658, 3.825230, 18.629435
 239.333333, 112.149025, 15.162953, 4.079387, 19.278552
 9, 21
 0.250000, 0.000000, 0.000000, 1.000000, 2.000000
 235.666667, 105.543140, 13.694484, 3.990099, 17.753890
 185.000000, 117.419820, 22.293694, 5.362162, 27.697297
 241.333333, 118.324586, 16.359116, 4.062155, 20.523481
 261.000000, 116.669221, 14.577267, 3.804598, 18.415070
 247.666667, 118.092867, 15.807537, 4.013459, 19.847914
 259.000000, 116.276705, 14.504505, 3.831403, 18.362934
 245.000000, 115.972789, 15.114286, 4.028571, 19.193197
 244.000000, 116.073770, 15.610656, 4.009563, 19.714481
 255.000000, 114.533333, 14.801307, 3.682353, 18.721569
 278.666667, 118.921053, 13.998804, 3.547847, 17.588517
 273.333333, 112.112195, 13.340244, 3.639024, 17.002439
 244.666667, 119.769755, 16.261580, 4.035422, 20.344687
 255.666667, 117.380704, 15.232073, 3.864407, 19.144720
 258.333333, 115.792258, 14.832258, 3.825806, 18.704516
 279.000000, 122.057348, 14.599761, 3.549582, 18.191159
 255.000000, 118.470588, 15.492810, 3.896732, 19.416993
 245.000000, 116.190476, 15.412245, 3.971429, 19.526531
 262.666667, 115.871827, 14.418782, 3.755076, 18.227157
 248.000000, 113.723118, 14.357527, 3.944892, 18.405914
 244.000000, 116.266393, 15.536885, 3.976776, 19.540984
 10, 21
 0.250000, 0.000000, 0.000000, 2.000000, 11.000000
 234.666667, 100.710227, 13.186080, 3.975852, 17.267045
 184.000000, 118.172101, 21.164855, 5.434783, 26.639493
 227.666667, 115.417277, 16.024890, 4.256223, 20.420205
 261.666667, 118.605096, 14.785987, 3.756688, 18.600000
 246.666667, 118.317568, 15.747297, 3.998649, 19.801351
 258.666667, 116.695876, 14.505155, 3.836340, 18.376289
 251.333333, 117.334218, 15.449602, 3.891247, 19.425729
 232.333333, 112.987088, 15.274032, 4.259684, 19.585366
 255.333333, 116.195822, 15.046997, 3.889034, 18.967363
 273.000000, 117.031746, 13.978022, 3.615385, 17.638584
 276.666667, 116.720482, 13.875904, 3.578313, 17.490361
 244.666667, 118.539510, 16.132153, 4.044959, 20.219346
 247.333333, 111.877358, 14.537736, 3.973046, 18.582210
 252.333333, 113.651255, 14.294584, 3.828269, 18.249670
 275.000000, 120.721212, 14.317576, 3.593939, 17.953939
 249.333333, 116.381016, 15.220588, 3.983957, 19.232620
 248.666667, 116.824397, 15.416890, 3.823056, 19.447721
 255.666667, 115.533246, 14.324641, 3.840939, 18.229465
 260.000000, 118.551282, 14.919231, 3.737179, 18.770513
 234.666667, 114.078125, 15.353693, 3.998580, 19.514205
 11, 21
 0.250000, 0.000000, 0.000000, 9.000000, 11.000000
 240.666667, 101.430748, 13.011080, 3.900277, 16.997230
 180.666667, 114.887454, 20.839483, 5.428044, 26.385609
 229.333333, 115.312500, 15.946221, 4.149709, 20.303779
 246.333333, 114.902571, 14.331529, 4.010825, 18.397835
 243.333333, 118.895890, 15.886301, 4.060274, 19.983562
 259.333333, 115.681234, 14.318766, 3.811054, 18.181234
 248.333333, 117.314094, 15.343624, 3.923490, 19.366443
 252.000000, 118.821429, 15.912698, 3.947090, 19.887566
 253.666667, 115.773982, 14.988173, 3.897503, 18.930355
 270.333333, 118.196054, 14.149199, 3.635018, 17.848335
 260.666667, 113.262148, 13.474425, 3.800512, 17.310742
 243.333333, 118.530137, 16.189041, 4.057534, 20.301370
 218.333333, 110.308397, 14.543511, 4.503817, 19.125191
 253.666667, 114.085414, 14.628121, 3.881735, 18.568988
 274.000000, 119.102190, 14.316302, 3.596107, 17.972019
 240.000000, 112.097222, 14.938889, 4.118056, 19.104167
 247.000000, 116.183536, 15.300945, 3.812416, 19.371120
 268.333333, 117.873292, 14.603727, 3.706832, 18.334161
 250.000000, 114.378667, 14.477333, 3.948000, 18.484000
 239.333333, 113.487465, 15.011142, 4.041783, 19.111421
 12, 21
 0.250000, 0.000000, 0.000000, 9.000000, 9.000000
 243.000000, 105.200274, 13.602195, 3.903978, 17.550069
 183.000000, 118.386157, 21.522769, 5.431694, 26.998179
 232.666667, 116.405444, 16.084527, 4.177650, 20.388252
 258.333333, 115.010323, 14.429677, 3.847742, 18.307097
 252.333333, 120.585205, 16.412153, 3.900925, 20.373844
 271.333333, 119.771499, 14.640049, 3.659705, 18.324324
 247.666667, 115.971736, 15.471063, 3.956931, 19.508748
 243.000000, 115.882030, 15.506173, 4.080933, 19.628258
 263.333333, 118.139241, 15.201266, 3.769620, 18.998734
 276.000000, 115.829710, 13.841787, 3.599034, 17.464976
 264.333333, 113.876419, 13.459016, 3.727617, 17.239596
 236.000000, 114.586158, 15.903955, 4.156780, 20.132768
 252.333333, 116.146631, 15.040951, 3.923382, 19.002642
 252.333333, 113.315720, 14.618230, 3.904888, 18.581242
 269.000000, 117.361834, 14.065675, 3.690211, 17.786865
 246.000000, 114.157182, 14.878049, 3.971545, 18.941734
 241.000000, 115.712310, 15.265560, 4.029046, 19.414938
 251.333333, 115.118037, 14.435013, 3.854111, 18.403183
 252.666667, 115.493404, 14.530343, 3.883905, 18.501319
 240.000000, 114.395833, 15.326389, 4.020833, 19.426389
 13, 21
 0.250000, 0.000000, 0.000000, 10.000000, 21.000000
 240.000000, 105.462500, 13.590278, 3.975000, 17.609722
 187.000000, 119.470588, 22.115865, 5.274510, 27.465241
 234.666667, 116.846591, 16.232955, 4.217330, 20.498580
 263.000000, 118.553866, 14.903676, 3.780735, 18.712294
 247.333333, 117.792453, 15.818059, 3.959569, 19.859838
 264.666667, 119.021411, 14.578086, 3.750630, 18.355164
 258.000000, 117.953488, 15.447028, 3.842377, 19.321705
 240.666667, 116.031856, 15.747922, 4.116343, 19.904432
 249.000000, 113.586345, 14.842035, 3.926372, 18.858099
 275.333333, 117.659806, 13.941889, 3.605327, 17.578692
 267.333333, 114.331671, 13.455112, 3.704489, 17.194514
 242.000000, 118.865014, 16.271350, 4.082645, 20.406336
 243.333333, 113.063014, 14.667123, 3.998630, 18.778082
 249.333333, 113.183155, 14.335561, 3.983957, 18.344920
 270.000000, 117.676543, 13.986420, 3.646914, 17.693827
 241.000000, 113.284924, 14.809129, 4.100968, 18.957123
 240.333333, 114.373093, 15.242718, 3.984743, 19.427184
 272.666667, 119.966993, 14.979218, 3.638142, 18.651589
 261.000000, 118.943806, 15.045977, 3.800766, 18.883780
 241.666667, 114.296552, 15.215172, 3.986207, 19.267586
 14, 21
 0.250000, 0.000000, 0.000000, 6.000000, 10.000000
 234.333333, 102.768137, 13.278805, 4.035562, 17.391181
 177.666667, 114.981238, 22.557223, 5.589118, 28.170732
 236.000000, 117.802260, 16.272599, 4.216102, 20.514124
 258.333333, 116.526452, 14.652903, 3.842581, 18.531613
 248.666667, 118.365952, 16.175603, 3.973190, 20.199732
 261.000000, 118.482759, 14.655172, 3.798212, 18.486590
 249.000000, 116.231593, 15.175368, 3.910308, 19.190094
 239.333333, 114.139276, 15.442897, 4.126741, 19.628134
 261.000000, 116.532567, 14.946360, 3.804598, 18.777778
 257.000000, 113.133593, 13.411154, 3.832685, 17.299611
 267.000000, 114.409488, 13.579276, 3.672909, 17.323346
 244.000000, 117.882514, 16.478142, 4.066940, 20.579235
 254.666667, 117.019634, 15.048429, 3.874346, 18.975131
 253.000000, 113.546772, 14.335968, 3.901186, 18.287220
 261.333333, 117.778061, 14.104592, 3.767857, 17.932398
 248.333333, 116.296644, 15.077852, 3.965101, 19.106040
 248.000000, 117.360215, 15.498656, 3.928763, 19.553763
 259.000000, 116.083655, 14.530245, 3.797941, 18.396396
 263.333333, 120.140506, 15.084810, 3.715190, 18.887342
 242.000000, 115.245179, 15.107438, 3.904959, 19.155647
 15, 21
 0.250000, 0.000000, 0.000000, 10.000000, 10.000000
 241.666667, 104.874483, 13.594483, 3.937931, 17.583448
 179.666667, 114.736549, 20.840445, 5.497217, 26.402597
 242.666667, 118.773352, 16.295330, 4.056319, 20.421703
 260.666667, 117.845269, 14.814578, 3.792839, 18.657289
 235.000000, 114.147518, 15.275177, 4.200000, 19.527660
 267.666667, 117.478207, 14.428394, 3.687422, 18.163138
 247.666667, 116.707941, 15.273217, 3.993271, 19.310902
 251.333333, 118.407162, 15.799735, 3.957560, 19.786472
 256.333333, 115.521456, 15.189857, 3.846554, 19.098830
 269.666667, 114.511743, 13.514215, 3.640297, 17.220025
 277.333333, 116.924279, 13.868990, 3.578125, 17.473558
 243.000000, 120.595336, 16.570645, 4.064472, 20.688615
 253.666667, 115.926413, 15.013141, 3.894875, 18.959264
 253.666667, 113.520368, 14.395532, 3.898817, 18.349540
 267.666667, 119.600249, 14.100872, 3.665006, 17.836862
 240.000000, 111.856944, 14.647222, 4.144444, 18.825000
 255.333333, 119.116188, 15.825065, 3.795039, 19.771540
 276.000000, 122.485507, 15.252415, 3.573671, 18.880435
 253.666667, 117.424442, 14.884363, 3.906702, 18.833114
 240.333333, 115.162275, 15.439667, 3.995839, 19.520111
 16, 21
 0.250000, 0.000000, 0.000000, 9.000000, 10.000000
 233.666667, 100.877318, 13.071327, 4.057061, 17.194009
 184.333333, 116.222423, 21.875226, 5.349005, 27.300181
 236.666667, 117.895775, 16.169014, 4.163380, 20.390141
 260.333333, 117.318822, 14.654289, 3.809219, 18.501921
 245.000000, 117.959184, 15.765986, 4.044898, 19.847619
 257.000000, 115.998703, 14.544747, 3.857328, 18.435798
 250.666667, 116.273936, 15.102394, 3.922872, 19.090426
 242.000000, 116.209366, 15.486226, 4.095041, 19.634986
 255.000000, 114.286275, 14.487582, 3.894118, 18.410458
 263.666667, 115.152971, 13.616941, 3.725664, 17.400759
 279.666667, 116.387366, 13.818832, 3.555423, 17.399285
 238.666667, 118.057263, 16.099162, 4.114525, 20.291899
 256.333333, 117.057217, 14.977893, 3.810143, 18.879064
 246.333333, 112.799729, 14.617050, 3.974290, 18.676590
 256.333333, 118.150845, 14.149545, 3.841352, 18.054616
 243.000000, 113.015089, 14.846365, 4.089163, 18.968450
 251.666667, 118.484768, 15.676821, 3.839735, 19.672848
 261.000000, 117.089400, 14.569604, 3.791826, 18.406130
 263.000000, 118.955640, 14.967047, 3.746515, 18.775665
 246.000000, 115.811653, 15.331978, 3.930894, 19.314363
 17, 21
 0.250000, 0.000000, 0.000000, 9.000000, 9.000000
 247.000000, 103.514170, 13.327935, 3.877193, 17.251012
 183.666667, 115.588022, 20.896552, 5.359347, 26.343013
 233.333333, 116.372857, 16.137143, 4.232857, 20.427143
 259.000000, 117.736165, 14.689833, 3.827542, 18.557272
 236.333333, 115.110014, 15.554302, 4.155148, 19.784203
 266.666667, 117.778750, 14.550000, 3.722500, 18.297500
 250.000000, 116.882667, 15.558667, 3.958667, 19.558667
 232.000000, 113.107759, 15.336207, 4.252874, 19.636494
 254.666667, 117.342932, 15.195026, 3.890052, 19.121728
 264.333333, 115.601513, 13.725095, 3.738966, 17.496847
 282.000000, 119.562648, 14.076832, 3.527187, 17.630024
 239.333333, 119.713092, 16.462396, 4.130919, 20.643454
 263.333333, 120.413924, 15.588608, 3.765823, 19.386076
 259.333333, 116.800771, 14.763496, 3.829049, 18.619537
 275.333333, 119.060533, 14.290557, 3.602906, 17.923729
 248.333333, 115.641611, 15.170470, 3.997315, 19.200000
 246.333333, 116.782138, 15.642760, 3.962111, 19.733424
 265.666667, 116.809285, 14.498118, 3.716437, 18.267252
 261.666667, 117.538854, 14.803822, 3.754140, 18.631847
 245.666667, 116.359566, 15.541384, 3.930801, 19.521031
 18, 21
 0.250000, 0.000000, 0.000000, 9.000000, 10.000000
 246.666667, 103.294595, 13.454054, 3.836486, 17.352703
 180.000000, 115.398148, 21.114815, 5.527778, 26.670370
 242.333333, 117.906465, 16.193948, 4.092160, 20.324622
 270.666667, 120.231527, 15.017241, 3.644089, 18.717980
 232.333333, 115.338594, 15.479197, 4.205165, 19.783357
 240.000000, 114.952778, 14.134722, 4.090278, 18.298611
 254.666667, 117.506545, 15.289267, 3.818063, 19.198953
 238.333333, 115.481119, 15.604196, 4.110490, 19.808392
 251.666667, 115.143046, 14.891391, 3.929801, 18.866225
 273.000000, 117.533578, 13.956044, 3.636142, 17.617827
 271.333333, 116.028256, 13.716216, 3.664619, 17.407862
 233.666667, 116.547789, 16.132668, 4.231098, 20.415121
 258.666667, 118.435567, 15.125000, 3.826031, 18.990979
 249.000000, 113.281124, 14.368139, 3.981258, 18.382865
 268.666667, 118.088089, 14.083127, 3.692308, 17.810174
 248.333333, 116.214765, 14.959732, 3.998658, 18.985235
 238.666667, 115.173184, 15.523743, 4.083799, 19.737430
 264.333333, 115.916772, 14.424968, 3.764187, 18.223203
 270.000000, 119.619753, 15.201235, 3.656790, 18.911111
 240.000000, 114.198611, 15.215278, 4.036111, 19.295833
 19, 21
 0.250000, 0.000000, 0.000000, 9.000000, 9.000000
 251.000000, 104.576361, 13.584329, 3.758300, 17.391766
 186.333333, 119.262970, 21.318426, 5.329159, 26.686941
 237.666667, 117.537167, 16.401122, 4.120617, 20.612903
 254.333333, 115.820446, 14.585845, 3.867628, 18.513761
 242.000000, 118.455923, 16.048209, 4.071625, 20.179063
 237.666667, 112.704067, 14.056101, 4.103787, 18.262272
 256.000000, 118.438802, 15.528646, 3.847656, 19.434896
 247.666667, 115.877524, 15.613728, 4.005384, 19.668910
 259.666667, 115.478819, 14.953787, 3.826701, 18.804878
 265.666667, 116.080301, 13.706399, 3.705144, 17.469260
 269.333333, 114.337871, 13.655941, 3.665842, 17.373762
 235.000000, 115.266667, 15.714894, 4.219858, 19.973050
 247.333333, 114.071429, 14.785714, 3.971698, 18.827493
 255.666667, 114.456323, 14.865711, 3.880052, 18.786180
 265.000000, 117.968553, 14.015094, 3.688050, 17.788679
 245.000000, 113.419048, 14.661224, 4.047619, 18.746939
 243.666667, 115.058824, 15.325581, 3.889193, 19.452804
 264.666667, 118.399244, 14.785894, 3.735516, 18.568010
 252.666667, 114.870712, 14.588391, 3.791557, 18.552770
 243.333333, 115.836986, 15.367123, 3.875342, 19.389041
 20, 21
 0.250000, 0.000000, 0.000000, 7.000000, 8.000000
 241.000000, 107.088520, 13.802213, 3.950207, 17.806362
 186.666667, 118.357143, 20.948214, 5.333929, 26.307143
 226.000000, 113.912979, 16.010324, 4.377581, 20.441003
 264.000000, 117.474747, 14.835859, 3.767677, 18.630051
 232.666667, 114.624642, 15.305158, 4.169054, 19.600287
 261.666667, 117.146497, 14.517197, 3.784713, 18.338854
 258.666667, 117.912371, 15.654639, 3.824742, 19.519330
 250.333333, 117.696405, 15.890812, 3.958722, 19.893475
 251.666667, 115.369536, 14.810596, 3.935099, 18.784106
 275.333333, 117.082324, 13.945521, 3.602906, 17.577482
 274.666667, 116.222087, 13.844660, 3.614078, 17.490291
 236.666667, 117.509859, 16.026761, 4.171831, 20.254930
 255.666667, 117.176010, 14.855280, 3.779661, 18.766623
 251.333333, 114.665782, 14.749337, 3.933687, 18.726790
 253.333333, 116.923684, 14.217105, 3.888158, 18.161842
 239.333333, 111.325905, 14.586351, 4.112813, 18.770195
 252.666667, 117.803430, 15.535620, 3.825858, 19.515831
 268.333333, 118.578882, 14.847205, 3.694410, 18.578882
 258.000000, 116.370801, 14.640827, 3.807494, 18.521964
 235.333333, 112.978754, 14.719547, 4.123229, 18.890935
 21, 21
 0.250000, 0.000000, 0.000000, 9.000000, 9.000000
 236.666667, 103.539437, 13.563380, 4.022535, 17.630986
 187.000000, 118.684492, 22.388592, 5.347594, 27.764706
 237.666667, 117.838710, 16.200561, 4.155680, 20.409537
 260.666667, 117.699488, 14.769821, 3.800512, 18.604859
 246.000000, 116.689702, 15.829268, 4.004065, 19.886179
 271.666667, 119.921472, 14.809816, 3.657669, 18.503067
 250.666667, 116.082447, 15.276596, 3.952128, 19.264628
 245.333333, 114.957880, 15.663043, 4.058424, 19.756793
 247.666667, 114.962315, 14.810229, 3.978466, 18.833109
 279.666667, 119.414779, 14.183552, 3.553039, 17.762813
 277.666667, 117.186074, 14.085234, 3.555822, 17.685474
 238.000000, 118.056022, 16.308123, 4.135854, 20.512605
 253.666667, 115.721419, 14.755585, 3.904074, 18.697766
 262.666667, 117.059645, 14.720812, 3.774112, 18.535533
 272.666667, 118.933985, 14.256724, 3.633252, 17.920538
 249.333333, 115.860963, 15.196524, 3.962567, 19.207219
 253.333333, 120.143421, 15.828947, 3.821053, 19.786842
 269.333333, 117.971535, 14.628713, 3.689356, 18.346535
 254.000000, 115.413386, 14.671916, 3.904199, 18.615486
 247.666667, 117.378197, 15.582773, 3.826380, 19.547779
 22, 21
 0.250000, 1.000000, 0.000000, 21.000000, 30.000000
 238.666667, 103.675978, 13.398045, 3.969274, 17.458101
 188.000000, 117.858156, 21.379433, 5.239362, 26.707447
 234.666667, 115.558239, 16.129261, 4.063920, 20.411932
 258.000000, 117.785530, 14.875969, 3.830749, 18.751938
 245.666667, 119.156038, 16.194030, 3.994573, 20.268657
 250.666667, 113.158245, 14.135638, 3.956117, 18.123670
 250.000000, 116.949333, 15.410667, 3.925333, 19.410667
 242.666667, 117.064560, 15.784341, 4.076923, 19.916209
 237.333333, 113.283708, 14.644663, 4.119382, 18.848315
 270.000000, 116.738272, 13.879012, 3.649383, 17.580247
 275.333333, 114.532688, 13.567797, 3.592010, 17.198547
 238.333333, 117.074126, 16.325874, 4.086713, 20.525874
 250.000000, 114.549333, 14.802667, 3.937333, 18.805333
 256.000000, 116.006510, 14.899740, 3.884115, 18.809896
 263.666667, 118.273072, 14.144121, 3.764855, 17.938053
 256.333333, 118.200260, 15.529259, 3.873862, 19.429129
 252.333333, 117.558785, 15.505945, 3.833554, 19.468956
 251.333333, 114.209549, 14.053050, 3.919098, 18.033156
 256.000000, 117.007813, 14.933594, 3.847656, 18.850260
 247.000000, 116.083671, 15.577598, 3.927126, 19.564103
 23, 21
 0.250000, 0.000000, 0.000000, 2.000000, 23.000000
 246.333333, 106.102842, 13.852503, 3.895805, 17.790257
 185.666667, 116.692998, 21.100539, 5.323160, 26.490126
 235.333333, 117.798867, 16.169972, 4.209632, 20.427762
 274.666667, 120.205097, 14.985437, 3.605583, 18.626214
 245.333333, 118.961957, 16.126359, 4.050272, 20.201087
 262.666667, 116.729695, 14.470812, 3.776650, 18.279188
 247.333333, 115.292453, 15.373315, 3.935310, 19.417790
 236.000000, 114.185028, 15.433616, 4.177966, 19.672316
 248.000000, 116.004032, 15.055108, 4.001344, 19.095430
 279.666667, 118.029797, 13.990465, 3.545888, 17.564958
 268.000000, 116.093284, 13.610697, 3.689055, 17.338308
 248.333333, 121.034899, 16.582550, 3.936913, 20.610738
 253.000000, 113.276680, 14.590250, 3.918314, 18.544137
 256.666667, 116.474026, 14.936364, 3.868831, 18.836364
 270.666667, 118.571429, 14.078818, 3.647783, 17.774631
 252.000000, 115.845238, 15.182540, 3.932540, 19.150794
 242.000000, 116.221763, 15.669421, 3.984848, 19.801653
 267.000000, 117.405743, 14.435705, 3.724095, 18.192260
 261.000000, 117.883780, 14.867178, 3.758621, 18.708812
 243.333333, 115.809589, 15.463014, 3.957534, 19.471233
 24, 21
 0.250000, 0.000000, 0.000000, 8.000000, 8.000000
 244.666667, 104.985014, 13.585831, 3.919619, 17.554496
 178.333333, 114.056075, 20.908411, 5.562617, 26.515888
 227.000000, 115.562408, 15.889868, 4.301028, 20.308370
 259.333333, 117.938303, 14.595116, 3.814910, 18.451157
 241.000000, 116.333333, 15.640387, 4.128631, 19.793914
 267.666667, 117.092154, 14.536737, 3.698630, 18.271482
 247.666667, 117.370121, 15.331090, 3.982503, 19.367429
 236.000000, 114.579096, 15.570621, 4.190678, 19.806497
 256.666667, 116.219481, 15.080519, 3.868831, 18.983117
 260.333333, 114.290653, 13.736236, 3.778489, 17.576184
 257.333333, 111.787565, 13.286269, 3.840674, 17.180052
 237.000000, 117.603376, 16.247539, 4.146273, 20.466948
 259.333333, 118.525707, 15.115681, 3.811054, 18.978149
 253.333333, 113.163158, 14.528947, 3.905263, 18.469737
 273.000000, 120.504274, 14.407814, 3.601954, 18.072039
 241.666667, 114.160000, 14.798621, 4.071724, 18.935172
 234.666667, 115.386364, 15.653409, 4.150568, 19.917614
 264.333333, 117.621690, 14.540984, 3.746532, 18.322825
 253.666667, 114.273325, 14.366623, 3.911958, 18.312746
 238.666667, 112.541899, 14.990223, 4.062849, 19.097765
 25, 21
 0.250000, 0.000000, 0.000000, 1.000000, 2.000000
 237.333333, 102.328652, 13.160112, 3.973315, 17.234551
 173.333333, 113.015385, 21.019231, 5.680769, 26.763462
 248.666667, 120.477212, 16.513405, 3.970509, 20.532172
 253.000000, 116.075099, 14.520422, 3.894598, 18.472991
 241.000000, 116.499308, 15.928077, 4.109267, 20.081604
 260.000000, 116.087179, 14.498718, 3.819231, 18.342308
 240.666667, 115.688366, 15.170360, 4.022161, 19.333795
 242.666667, 115.851648, 15.608516, 4.103022, 19.744505
 259.666667, 116.428755, 15.021823, 3.827985, 18.880616
 260.666667, 114.063939, 13.538363, 3.787724, 17.378517
 269.000000, 117.283767, 13.934325, 3.672862, 17.650558
 240.000000, 116.556944, 15.906944, 4.115278, 20.075000
 244.333333, 112.792633, 14.319236, 3.963165, 18.401091
 256.333333, 115.356307, 14.828349, 3.853056, 18.736021
 278.000000, 121.898082, 14.601918, 3.547962, 18.200240
 254.333333, 117.106160, 15.247706, 3.895151, 19.178244
 241.000000, 116.109267, 15.651452, 3.854772, 19.800830
 267.666667, 119.760897, 14.765878, 3.703611, 18.505604
 260.000000, 117.742308, 14.911538, 3.783333, 18.767949
 249.000000, 118.002677, 15.666667, 3.884873, 19.582329
 26, 21
 0.250000, 1.000000, 0.000000, 1.000000, 3.000000
 245.000000, 104.359184, 13.455782, 3.859864, 17.416327
 182.666667, 114.989051, 20.709854, 5.437956, 26.182482
 236.333333, 116.289140, 16.036671, 4.117066, 20.276446
 268.666667, 120.050868, 14.895782, 3.669975, 18.617866
 243.000000, 118.238683, 16.175583, 4.064472, 20.289438
 250.333333, 114.063915, 14.190413, 3.956059, 18.189081
 253.000000, 118.638999, 15.646904, 3.926219, 19.598155
 238.333333, 114.295105, 15.359441, 4.130070, 19.558042
 263.333333, 117.874684, 15.315190, 3.765823, 19.110127
 260.000000, 114.470513, 13.594872, 3.771795, 17.444872
 269.000000, 116.508055, 13.815366, 3.645601, 17.532838
 236.000000, 116.334746, 15.998588, 4.162429, 20.240113
 247.666667, 115.375505, 14.703903, 3.993271, 18.742934
 257.000000, 116.725032, 14.905318, 3.836576, 18.800259
 267.333333, 116.354115, 13.896509, 3.716958, 17.639651
 251.000000, 115.422311, 15.401062, 3.964143, 19.390438
 237.000000, 113.691983, 15.305204, 4.050633, 19.528833
 263.000000, 119.057034, 14.704689, 3.736375, 18.505703
 254.666667, 118.123037, 14.842932, 3.850785, 18.781414
 249.333333, 118.800802, 15.905080, 3.872995, 19.818182
 27, 21
 0.250000, 1.000000, 0.000000, 1.000000, 3.000000
 238.666667, 103.662011, 13.360335, 4.029330, 17.438547
 187.000000, 117.852050, 21.260250, 5.270945, 26.609626
 241.666667, 118.212414, 16.344828, 4.067586, 20.500690
 267.000000, 119.617978, 14.951311, 3.720350, 18.697878
 241.000000, 117.582296, 15.691563, 4.038728, 19.836791
 272.666667, 122.079462, 14.933985, 3.634474, 18.597800
 252.000000, 117.726190, 15.530423, 3.908730, 19.497354
 243.000000, 116.795610, 15.580247, 3.995885, 19.696845
 249.333333, 111.784759, 14.290107, 3.783422, 18.307487
 269.666667, 114.066749, 13.618047, 3.688504, 17.331273
 266.000000, 113.586466, 13.512531, 3.736842, 17.280702
 240.333333, 116.977809, 16.133148, 4.094313, 20.298197
 260.333333, 118.861716, 15.064020, 3.801536, 18.903969
 258.000000, 115.214470, 14.600775, 3.856589, 18.484496
 275.000000, 119.192727, 14.160000, 3.596364, 17.796364
 258.666667, 118.761598, 15.554124, 3.806701, 19.427835
 247.000000, 119.611336, 15.909582, 3.940621, 19.959514
 264.666667, 119.316121, 14.677582, 3.732997, 18.457179
 261.000000, 117.542784, 14.906769, 3.795658, 18.727969
 250.666667, 118.638298, 15.804521, 3.815160, 19.700798
 28, 21
 0.250000, 1.000000, 0.000000, 1.000000, 3.000000
 246.666667, 105.789189, 13.708108, 3.925676, 17.672973
 185.666667, 118.073609, 22.429084, 5.359066, 27.815081
 240.000000, 117.520833, 16.234722, 4.134722, 20.409722
 255.666667, 117.129074, 14.715776, 3.859192, 18.625815
 241.666667, 116.977931, 15.870345, 4.097931, 20.011034
 256.666667, 115.242857, 14.284416, 3.838961, 18.176623
 234.333333, 113.271693, 15.035562, 4.194879, 19.305832
 239.333333, 114.863510, 15.610028, 4.135097, 19.788301
 261.000000, 115.918263, 14.771392, 3.813538, 18.610473
 265.666667, 116.543287, 13.848181, 3.722710, 17.607277
 268.333333, 114.836025, 13.736646, 3.677019, 17.454658
 236.666667, 117.500000, 15.973239, 4.176056, 20.202817
 243.666667, 111.850889, 14.396717, 4.050616, 18.502052
 261.000000, 117.104725, 14.934866, 3.809706, 18.771392
 267.333333, 119.433915, 14.356608, 3.628429, 18.097257
 246.666667, 113.621622, 15.085135, 3.979730, 19.139189
 241.000000, 117.654219, 15.760719, 4.030429, 19.908714
 262.333333, 118.439644, 14.745870, 3.730623, 18.559085
 251.666667, 114.724503, 14.731126, 3.905960, 18.711258
 235.666667, 112.035361, 14.715700, 4.072136, 18.871287
 29, 21
 0.250000, 0.000000, 0.000000, 2.000000, 3.000000
 246.333333, 105.100135, 13.401894, 3.929635, 17.359946
 182.000000, 116.390110, 21.234432, 5.369963, 26.728938
 241.333333, 117.618785, 16.154696, 4.070442, 20.301105
 260.666667, 118.800512, 14.900256, 3.797954, 18.737852
 224.333333, 113.020802, 15.184250, 4.386330, 19.635958
 257.000000, 115.940337, 14.332036, 3.835279, 18.220493
 251.000000, 117.176627, 15.370518, 3.909695, 19.355910
 240.666667, 117.362881, 15.735457, 4.113573, 19.885042
 263.000000, 118.206591, 15.484157, 3.764259, 19.292776
 274.666667, 116.516990, 13.803398, 3.614078, 17.441748
 280.333333, 117.367420, 13.896552, 3.532699, 17.462545
 243.000000, 117.123457, 16.048011, 4.072702, 20.165981
 255.333333, 115.543081, 14.759791, 3.865535, 18.678851
 255.000000, 115.270588, 14.836601, 3.882353, 18.763399
 273.333333, 119.192683, 14.258537, 3.557317, 17.918293
 246.000000, 114.617886, 15.252033, 3.983740, 19.317073
 240.333333, 114.907074, 15.070735, 3.858530, 19.241331
 266.000000, 119.219298, 14.755639, 3.716792, 18.507519
 263.666667, 119.649810, 14.938053, 3.750948, 18.748420
 246.000000, 116.108401, 15.539295, 3.928184, 19.505420
 30, 21
 0.250000, 0.000000, 0.000000, 2.000000, 3.000000
 235.666667, 104.220651, 13.575672, 4.042433, 17.707214
 176.000000, 113.323864, 21.047348, 5.607955, 26.715909
 239.666667, 118.936022, 16.289291, 4.133519, 20.458971
 259.333333, 119.123393, 14.867609, 3.817481, 18.722365
 254.000000, 120.146982, 16.173228, 3.905512, 20.106299
 239.000000, 113.019526, 13.958159, 4.097629, 18.140865
 238.000000, 112.887955, 14.724090, 4.078431, 18.932773
 243.666667, 116.119015, 15.718194, 3.964432, 19.829001
 263.000000, 116.367554, 15.074778, 3.784537, 18.883397
 268.000000, 114.073383, 13.592040, 3.690299, 17.322139
 273.333333, 116.535366, 13.693902, 3.635366, 17.354878
 244.000000, 118.107923, 16.176230, 4.046448, 20.274590
 258.333333, 116.647742, 15.032258, 3.838710, 18.910968
 251.666667, 112.883444, 14.386755, 3.878146, 18.358940
 265.666667, 117.096612, 13.895859, 3.702635, 17.661230
 258.333333, 119.157419, 15.474839, 3.842581, 19.345806
 246.333333, 117.787551, 15.717185, 3.972936, 19.776725
 264.000000, 118.753788, 14.763889, 3.751263, 18.554293
 258.666667, 116.238402, 14.818299, 3.820876, 18.694588
 246.666667, 116.863514, 15.604054, 3.922973, 19.586486
 31, 21
 0.250000, 0.000000, 0.000000, 2.000000, 2.000000
 234.666667, 104.276989, 13.450284, 4.112216, 17.607955
 185.666667, 118.836625, 21.475763, 5.359066, 26.861759
 238.000000, 116.955182, 16.138655, 4.072829, 20.348739
 261.333333, 118.174745, 14.660714, 3.775510, 18.488520
 234.000000, 116.447293, 15.803419, 4.226496, 20.071225
 247.333333, 115.243935, 14.489218, 3.967655, 18.517520
 241.666667, 116.504828, 15.602759, 4.100690, 19.742069
 229.666667, 113.982583, 15.483309, 4.252540, 19.837446
 255.000000, 117.648366, 15.113725, 3.882353, 19.041830
 277.000000, 116.838748, 14.001203, 3.584838, 17.610108
 275.333333, 117.200969, 13.841404, 3.600484, 17.475787
 240.000000, 118.168056, 16.183333, 4.106944, 20.359722
 259.000000, 115.966538, 14.828829, 3.837838, 18.691120
 251.666667, 112.904636, 14.353642, 3.887417, 18.328477
 269.666667, 120.608158, 14.379481, 3.662546, 18.082818
 252.333333, 116.519155, 15.214003, 3.886394, 19.177015
 243.666667, 116.703146, 15.488372, 3.993160, 19.590971
 262.333333, 115.776366, 14.351970, 3.780178, 18.179161
 254.666667, 116.230366, 14.678010, 3.909686, 18.623037
 237.333333, 114.862360, 15.181180, 3.962079, 19.280899
Histogram
0 0 5 6 0 0 0 0 2 4 4 2 0 0 0 0 1 124 229 183 77 1 0 1 0 0 24 7 1 0 1 0 0 0 0 0 0 0 0 0 0 0 0 0 0 0 0 0 0 0 0 0 0 0 0 0 0 0 0 0 0 0 0 0 0 0 0 0 0 0 0 0 0 0 0 0 0 0 0 0 0 0 0 0 0 0 0 0 0 0 0 0 0 0 0 0 0 0 0 0 
Cache Miss Ratio
NaN
Average number of keys
NaN
numOfSets
480982
numOfGets
0
numOfMultiGets
0
