 0, 20
 0.250000, 3.000000, 7.000000, 38.000000, 95.000000
 342.666667, 46.666342, 16.414397, 2.216926, 18.843385
 505.666667, 51.040870, 10.123929, 1.442320, 11.719842
 519.666667, 45.900577, 6.982681, 1.097498, 8.168698
 721.666667, 55.005543, 9.420785, 1.249885, 10.709931
 1010.333333, 48.437479, 6.650280, 0.871000, 7.560211
 1001.333333, 50.838549, 6.291611, 0.925766, 7.258655
 1024.000000, 49.996419, 6.345378, 0.900391, 7.281250
 998.333333, 49.886477, 6.474457, 0.912855, 7.433055
 934.666667, 50.053852, 6.864836, 0.961840, 7.882668
 987.666667, 48.365170, 6.439082, 0.915626, 7.396220
 1004.666667, 49.892170, 6.158925, 0.906768, 7.120770
 947.666667, 47.744988, 6.722125, 0.941963, 7.716145
 979.333333, 50.528931, 6.522124, 0.945201, 7.507488
 932.333333, 54.658205, 7.355738, 0.977118, 8.397569
 910.666667, 53.737921, 7.344802, 1.042094, 8.417277
 845.666667, 52.666535, 7.724478, 1.102877, 8.880568
 929.666667, 52.524202, 7.143421, 1.007888, 8.183220
 917.333333, 51.069404, 6.965480, 1.000000, 8.014898
 923.000000, 50.599133, 7.107981, 0.982665, 8.154930
 1, 20
 0.250000, 25.000000, 7.000000, 59.000000, 260.000000
 357.333333, 46.494403, 15.679104, 2.000933, 18.016791
 614.666667, 50.733731, 9.240239, 1.223970, 10.547180
 512.333333, 46.000000, 7.065062, 1.117762, 8.251789
 705.666667, 56.504015, 9.812470, 1.366084, 11.210675
 1071.333333, 47.834163, 6.441195, 0.817050, 7.300560
 982.333333, 51.046149, 6.278928, 0.921955, 7.245674
 1015.333333, 49.745240, 6.130663, 0.886737, 7.067630
 947.333333, 50.071077, 6.530612, 0.958832, 7.542224
 930.333333, 49.659262, 7.255464, 0.944464, 8.282336
 972.666667, 47.948595, 6.518849, 0.914668, 7.484236
 1057.666667, 50.705957, 6.209581, 0.873306, 7.128585
 953.000000, 47.517314, 6.706891, 0.923050, 7.698146
 991.666667, 51.519664, 6.423866, 0.936807, 7.398992
 876.666667, 54.232319, 7.512928, 1.053992, 8.618251
 925.333333, 53.610231, 7.130764, 1.008285, 8.180836
 852.666667, 52.460516, 7.986708, 1.102815, 9.132916
 925.666667, 52.427080, 7.080302, 1.013684, 8.123154
 921.666667, 50.576130, 6.942134, 0.997830, 7.997830
 880.666667, 50.787661, 7.127555, 1.030280, 8.231264
 2, 20
 0.250000, 22.000000, 7.000000, 66.000000, 261.000000
 327.333333, 46.775967, 13.867617, 2.376782, 16.389002
 498.666667, 48.126337, 8.193850, 1.560160, 9.808155
 515.333333, 45.436611, 7.074386, 1.116429, 8.247089
 696.333333, 55.550024, 9.818095, 1.329823, 11.183820
 1045.000000, 47.651994, 6.489633, 0.832217, 7.365869
 968.000000, 51.297521, 6.394284, 0.944559, 7.387397
 1029.333333, 50.002591, 6.131153, 0.888277, 7.057642
 966.000000, 50.049344, 6.301932, 0.945480, 7.297101
 957.000000, 50.786834, 6.796935, 0.947753, 7.797631
 934.333333, 48.614342, 6.483411, 0.939351, 7.490903
 1022.666667, 49.612451, 6.030313, 0.896023, 6.964472
 942.666667, 47.770509, 6.678925, 0.949788, 7.685997
 959.000000, 51.165798, 6.565867, 0.947862, 7.575947
 887.000000, 53.925216, 7.337467, 1.027809, 8.437430
 900.666667, 53.305699, 7.120651, 1.023316, 8.198372
 836.333333, 52.301315, 7.996014, 1.110004, 9.161020
 921.333333, 52.640738, 7.127352, 1.010854, 8.178003
 920.000000, 51.015217, 6.938768, 0.995652, 7.985870
 938.333333, 51.071758, 7.157016, 0.997158, 8.199290
 3, 20
 0.250000, 26.000000, 95.000000, 67.000000, 229.000000
 336.333333, 47.372646, 15.623389, 2.317146, 18.132805
 542.333333, 49.229256, 8.539029, 1.334358, 10.000615
 474.333333, 46.012649, 6.843992, 1.290232, 8.206606
 696.666667, 56.012919, 9.924880, 1.347847, 11.308134
 1034.666667, 47.815077, 6.538982, 0.854059, 7.429446
 1011.666667, 51.546952, 6.465239, 0.921582, 7.420099
 1011.000000, 49.847676, 6.088691, 0.902407, 7.027036
 960.333333, 49.749393, 6.351961, 0.953488, 7.351267
 948.666667, 50.234013, 6.848559, 0.934294, 7.854181
 966.000000, 48.051070, 6.583851, 0.931677, 7.565908
 1035.000000, 49.985185, 6.096940, 0.879871, 7.024155
 937.000000, 47.127713, 6.658840, 0.937389, 7.666667
 953.000000, 51.018888, 6.507520, 0.961525, 7.521861
 868.000000, 53.464286, 7.286098, 1.055684, 8.402458
 917.333333, 53.298692, 7.089753, 1.026163, 8.155523
 842.666667, 52.874209, 7.934335, 1.107199, 9.097310
 905.000000, 52.186004, 7.083978, 1.023941, 8.152855
 939.333333, 50.526260, 7.028389, 0.975869, 8.058552
 884.333333, 50.834150, 7.122126, 1.028270, 8.224274
 4, 20
 0.250000, 28.000000, 95.000000, 9.000000, 222.000000
 342.000000, 47.319688, 15.289474, 2.203704, 17.678363
 537.333333, 51.022953, 10.152605, 1.412531, 11.671836
 513.000000, 45.822612, 7.135802, 1.124107, 8.308642
 704.333333, 55.674397, 9.894463, 1.323237, 11.255561
 1063.333333, 47.792476, 6.275549, 0.831034, 7.139812
 1002.666667, 51.032247, 6.371343, 0.931848, 7.342753
 1034.333333, 50.038350, 6.162423, 0.893651, 7.084434
 965.666667, 49.836728, 6.352088, 0.933725, 7.350708
 923.666667, 49.667990, 6.661855, 0.941176, 7.681342
 966.666667, 48.441034, 6.508621, 0.915172, 7.490690
 1040.666667, 49.994555, 6.117553, 0.878283, 7.046124
 948.666667, 46.898103, 6.629304, 0.931834, 7.619115
 966.333333, 51.140048, 6.523974, 0.956882, 7.525354
 889.000000, 53.793776, 7.410949, 1.041245, 8.503562
 907.666667, 53.349247, 7.139552, 1.024972, 8.215571
 842.666667, 53.162184, 7.980222, 1.102453, 9.136867
 924.666667, 52.648522, 6.945926, 0.999640, 7.991348
 918.000000, 50.597313, 6.954611, 0.997821, 8.010530
 921.666667, 50.914286, 7.120072, 0.998915, 8.177939
 5, 20
 0.250000, 24.000000, 89.000000, 0.000000, 127.000000
 327.000000, 47.549439, 14.458716, 2.230377, 16.877676
 593.666667, 51.776530, 9.758563, 1.267827, 11.124649
 507.000000, 46.040105, 7.131492, 1.116371, 8.316897
 701.666667, 55.496437, 9.776247, 1.335392, 11.148694
 1060.000000, 47.707233, 6.522642, 0.834591, 7.390881
 1008.333333, 51.400000, 6.418843, 0.920992, 7.377851
 1025.333333, 49.927503, 6.114759, 0.895319, 7.041612
 998.000000, 50.504008, 6.462592, 0.913494, 7.424516
 932.333333, 49.826242, 6.879156, 0.965320, 7.903468
 958.333333, 48.289043, 6.483478, 0.931826, 7.470957
 1004.000000, 49.388114, 6.044489, 0.903054, 7.003652
 948.666667, 47.167604, 6.737526, 0.942727, 7.731904
 961.666667, 51.158752, 6.468284, 0.951473, 7.473830
 890.666667, 53.948728, 7.492889, 1.013473, 8.579716
 891.000000, 52.942761, 7.049383, 1.034792, 8.139544
 847.333333, 52.687254, 8.104249, 1.090087, 9.250590
 904.333333, 52.081828, 6.824548, 0.948765, 7.890896
 928.666667, 50.404523, 6.950467, 0.992103, 7.991027
 888.333333, 50.743340, 7.094559, 1.026266, 8.186492
 6, 20
 0.250000, 16.000000, 0.000000, 9.000000, 138.000000
 342.666667, 46.060311, 16.342412, 2.114786, 18.643969
 579.000000, 51.126655, 9.833045, 1.318365, 11.215314
 439.000000, 44.411541, 6.389522, 1.305239, 7.769932
 709.666667, 56.062471, 9.858149, 1.315641, 11.210897
 1061.000000, 47.719761, 6.546026, 0.835690, 7.414075
 1026.333333, 51.285158, 6.403378, 0.911984, 7.349789
 1041.000000, 49.919629, 6.130003, 0.880564, 7.041306
 991.000000, 50.371678, 6.420787, 0.913219, 7.377733
 948.000000, 49.944796, 6.951828, 0.957103, 7.958158
 957.666667, 48.269405, 6.549948, 0.954403, 7.547511
 1012.333333, 49.844913, 6.058281, 0.896938, 7.010537
 959.333333, 47.757470, 6.806810, 0.933634, 7.788742
 952.333333, 50.946097, 6.571229, 0.972699, 7.591530
 900.000000, 54.347778, 7.412222, 1.036667, 8.491481
 918.000000, 53.275599, 7.106391, 1.022150, 8.166667
 872.000000, 52.948777, 7.866972, 1.089832, 8.991972
 914.333333, 52.586584, 7.021509, 1.016405, 8.080204
 903.333333, 50.663469, 6.872325, 1.007749, 7.946863
 900.000000, 50.713333, 7.165185, 1.020741, 8.247407
 7, 20
 0.250000, 23.000000, 88.000000, 0.000000, 128.000000
 363.666667, 46.656279, 16.715857, 2.056829, 18.964253
 619.333333, 51.055974, 9.488698, 1.235737, 10.791173
 535.333333, 46.317559, 7.368618, 1.047945, 8.493151
 694.666667, 55.742322, 9.664107, 1.331574, 11.034069
 1061.000000, 48.159284, 6.545397, 0.830663, 7.416274
 981.666667, 50.920543, 6.359593, 0.947708, 7.345671
 1011.666667, 49.639539, 6.102142, 0.886985, 7.043822
 1000.333333, 50.229257, 6.427524, 0.920360, 7.389870
 912.000000, 49.629386, 6.691155, 0.985015, 7.729167
 955.333333, 48.383112, 6.520935, 0.934054, 7.515352
 1032.333333, 49.743623, 6.054569, 0.896997, 6.985793
 932.000000, 47.414878, 6.750358, 0.952790, 7.768598
 954.000000, 50.827743, 6.465758, 0.968553, 7.479036
 865.666667, 54.186754, 7.305737, 1.056604, 8.426261
 911.000000, 53.302232, 7.106842, 1.021954, 8.174899
 847.666667, 52.872985, 7.920566, 1.094377, 9.073535
 926.333333, 52.451961, 6.856423, 1.009716, 7.902843
 927.333333, 50.784687, 6.961538, 1.007908, 8.007549
 883.000000, 51.155530, 7.135900, 1.053605, 8.241223
Histogram
0 0 0 0 0 0 2 77 43 7 4 11 0 0 0 0 2 1 5 0 0 0 0 0 0 0 0 0 0 0 0 0 0 0 0 0 0 0 0 0 0 0 0 0 0 0 0 0 0 0 0 0 0 0 0 0 0 0 0 0 0 0 0 0 0 0 0 0 0 0 0 0 0 0 0 0 0 0 0 0 0 0 0 0 0 0 0 0 0 0 0 0 0 0 0 1 0 0 0 7 
Cache Miss Ratio
NaN
Average number of keys
NaN
numOfSets
412451
numOfGets
0
numOfMultiGets
0
