 0, 20
 0.250000, 1.000000, 0.000000, 2.000000, 17.000000
 223.000000, 29.022422, 4.763827, 3.989537, 8.777280
 189.666667, 31.282953, 6.115993, 4.910369, 11.047452
 230.000000, 31.513043, 4.985507, 3.910145, 8.947826
 229.333333, 34.408430, 5.077035, 3.850291, 8.949128
 224.000000, 33.383929, 5.456845, 4.153274, 9.641369
 241.333333, 32.819061, 4.870166, 3.723757, 8.616022
 225.000000, 31.930370, 5.134815, 4.032593, 9.188148
 238.333333, 33.309091, 4.938462, 3.830769, 8.790210
 228.666667, 30.346939, 4.969388, 3.959184, 8.948980
 222.000000, 32.836336, 5.330330, 4.063063, 9.418919
 230.333333, 36.143271, 5.512301, 4.062229, 9.597685
 233.666667, 34.268188, 5.241084, 3.937233, 9.201141
 229.000000, 32.742358, 5.193595, 3.934498, 9.161572
 229.333333, 34.084302, 5.311047, 4.034884, 9.386628
 229.333333, 33.315407, 5.180233, 4.023256, 9.225291
 235.333333, 33.109065, 5.104816, 3.788952, 8.922096
 237.000000, 35.113924, 5.230661, 3.880450, 9.139241
 237.666667, 31.230014, 4.741935, 3.755961, 8.530154
 231.000000, 33.090909, 5.119769, 3.874459, 9.018759
 1, 20
 0.250000, 0.000000, 1.000000, 15.000000, 20.000000
 219.000000, 31.053272, 4.870624, 4.016743, 8.908676
 196.333333, 32.942275, 6.495756, 4.699491, 11.217317
 238.000000, 34.306723, 5.175070, 3.823529, 9.035014
 223.333333, 32.146269, 5.210448, 4.037313, 9.271642
 224.666667, 32.994065, 5.381306, 4.072700, 9.489614
 239.666667, 32.394993, 4.688456, 3.746871, 8.456189
 231.666667, 33.835971, 5.192806, 3.966906, 9.197122
 234.000000, 31.603989, 4.851852, 3.901709, 8.773504
 242.666667, 33.690934, 5.097527, 3.758242, 8.877747
 235.666667, 34.070721, 5.398868, 3.867044, 9.288543
 230.000000, 34.737681, 5.643478, 4.049275, 9.718841
 222.000000, 31.210210, 5.082583, 4.150150, 9.253754
 226.333333, 31.469809, 5.204713, 4.026510, 9.259205
 224.000000, 34.306548, 5.260417, 4.153274, 9.440476
 228.000000, 33.710526, 5.359649, 4.046784, 9.437135
 234.000000, 31.907407, 5.085470, 3.870370, 8.975783
 233.333333, 34.312857, 5.092857, 3.925714, 9.048571
 245.333333, 33.955163, 4.658967, 3.626359, 8.311141
 229.000000, 32.621543, 5.023290, 3.902475, 8.947598
 2, 20
 0.250000, 0.000000, 1.000000, 1.000000, 20.000000
 226.333333, 31.620029, 4.946981, 3.880707, 8.851252
 192.666667, 33.226644, 6.373702, 4.790657, 11.192042
 234.333333, 32.837838, 4.928876, 3.911807, 8.870555
 227.333333, 32.709677, 4.994135, 4.027859, 9.048387
 227.333333, 34.734604, 5.524927, 4.048387, 9.595308
 246.666667, 33.035135, 4.797297, 3.624324, 8.443243
 229.666667, 32.709724, 5.197388, 3.973875, 9.203193
 235.666667, 32.001414, 4.922207, 3.855728, 8.799151
 234.666667, 30.975852, 4.857955, 3.855114, 8.735795
 229.000000, 33.068413, 5.315866, 3.943231, 9.282387
 218.000000, 31.975535, 5.498471, 4.253823, 9.785933
 235.666667, 35.209335, 5.151344, 3.884017, 9.059406
 230.333333, 34.140376, 5.217077, 3.947902, 9.193922
 228.333333, 34.347445, 5.344526, 4.052555, 9.426277
 227.000000, 32.481645, 5.114537, 4.042584, 9.180617
 233.333333, 33.020000, 5.047143, 3.840000, 8.914286
 232.333333, 33.037303, 5.081779, 3.942611, 9.053085
 237.000000, 31.265823, 4.518987, 3.728551, 8.268636
 230.333333, 31.698987, 5.031838, 3.905933, 8.968162
 3, 20
 0.250000, 1.000000, 1.000000, 1.000000, 16.000000
 210.333333, 30.935024, 4.984152, 4.191759, 9.212361
 184.333333, 30.045208, 6.045208, 4.971067, 11.050633
 233.666667, 32.335235, 5.015692, 3.861626, 8.912981
 226.333333, 33.407953, 5.098675, 4.011782, 9.131075
 223.000000, 34.186846, 5.402093, 4.134529, 9.557549
 241.333333, 32.219613, 4.756906, 3.730663, 8.509669
 232.000000, 33.900862, 5.261494, 3.943966, 9.227011
 236.333333, 32.892807, 4.873061, 3.882934, 8.778561
 230.333333, 30.461650, 4.858177, 3.939219, 8.817656
 230.000000, 33.926087, 5.449275, 3.947826, 9.420290
 227.333333, 34.096774, 5.539589, 4.105572, 9.665689
 233.000000, 34.912732, 5.210300, 3.931330, 9.165951
 235.666667, 34.578501, 5.394625, 3.840170, 9.256011
 224.666667, 32.955490, 5.197329, 4.054896, 9.310089
 227.333333, 32.782991, 5.149560, 4.011730, 9.183284
 229.666667, 32.084180, 5.068215, 3.879536, 8.975327
 235.666667, 34.004243, 5.082037, 3.886846, 8.988685
 244.333333, 33.034106, 4.770805, 3.653479, 8.454297
 224.666667, 31.391691, 5.044510, 3.991098, 9.054896
 4, 20
 0.250000, 0.000000, 1.000000, 14.000000, 20.000000
 227.666667, 31.446559, 4.900439, 3.890190, 8.816984
 190.666667, 32.613636, 6.001748, 4.849650, 10.874126
 241.000000, 34.952974, 5.150761, 3.785615, 8.958506
 223.000000, 33.855007, 4.971599, 4.013453, 9.014948
 219.666667, 31.537178, 5.403642, 4.176024, 9.611533
 244.333333, 32.929059, 4.785812, 3.705321, 8.521146
 227.666667, 31.543192, 5.108346, 3.957540, 9.093704
 235.333333, 32.817280, 4.924929, 3.876771, 8.830028
 227.000000, 31.055800, 5.042584, 4.045521, 9.107195
 228.000000, 32.929825, 5.305556, 3.960526, 9.315789
 234.333333, 36.597440, 5.674253, 3.992888, 9.691323
 235.666667, 34.861386, 5.306931, 3.936351, 9.265912
 234.666667, 34.369318, 5.223011, 3.892045, 9.143466
 221.000000, 31.701357, 5.046757, 4.132730, 9.221719
 229.666667, 33.394775, 5.227866, 4.014514, 9.262700
 226.333333, 31.072165, 5.038292, 3.972018, 9.029455
 228.666667, 31.848397, 5.036443, 4.010204, 9.067055
 238.000000, 31.459384, 4.523810, 3.743697, 8.288515
 235.000000, 35.141844, 5.317730, 3.843972, 9.182979
 5, 20
 0.250000, 0.000000, 0.000000, 3.000000, 3.000000
 228.333333, 31.617518, 5.002920, 3.839416, 8.864234
 186.000000, 30.295699, 5.908602, 4.903226, 10.833333
 230.000000, 31.213043, 4.910145, 3.944928, 8.876812
 228.666667, 33.196793, 4.848397, 3.938776, 8.816327
 228.333333, 34.972263, 5.481752, 4.052555, 9.556204
 238.666667, 31.036313, 4.696927, 3.803073, 8.520950
 227.666667, 32.307467, 5.101025, 4.017570, 9.139092
 243.000000, 34.462277, 4.987654, 3.773663, 8.783265
 228.333333, 30.112409, 4.890511, 3.995620, 8.912409
 232.000000, 33.893678, 5.293103, 3.923851, 9.248563
 225.333333, 32.588757, 5.357988, 4.113905, 9.494083
 228.000000, 32.317251, 5.087719, 4.019006, 9.125731
 228.333333, 33.275912, 5.163504, 3.973723, 9.160584
 226.666667, 35.208824, 5.402941, 4.114706, 9.539706
 233.333333, 35.275714, 5.228571, 3.957143, 9.212857
 228.666667, 30.514577, 4.963557, 3.905248, 8.889213
 229.000000, 32.609898, 5.016012, 4.005822, 9.055313
 237.333333, 30.683989, 4.522472, 3.745787, 8.287921
 234.666667, 34.673295, 5.234375, 3.859375, 9.113636
 6, 20
 0.250000, 0.000000, 0.000000, 9.000000, 12.000000
 225.000000, 29.634074, 4.746667, 3.954074, 8.731852
 180.000000, 28.011111, 6.090741, 4.929630, 11.200000
 225.333333, 30.252959, 4.862426, 4.013314, 8.899408
 222.666667, 31.615269, 4.866766, 4.067365, 8.956587
 225.666667, 33.921713, 5.394387, 4.036928, 9.462334
 248.000000, 33.586022, 4.834677, 3.657258, 8.513441
 226.666667, 31.869118, 5.158824, 4.002941, 9.182353
 243.000000, 35.193416, 5.038409, 3.751715, 8.817558
 230.333333, 31.185239, 5.017366, 3.920405, 8.969609
 227.000000, 33.201175, 5.157122, 3.994126, 9.179148
 231.666667, 35.549640, 5.536691, 4.044604, 9.614388
 227.333333, 32.653959, 5.227273, 4.036657, 9.288856
 228.666667, 33.466472, 5.228863, 3.989796, 9.250729
 228.666667, 33.304665, 5.182216, 4.046647, 9.259475
 229.666667, 33.442671, 5.301887, 4.001451, 9.325109
 234.000000, 34.529915, 5.188034, 3.827635, 9.039886
 230.000000, 32.530435, 5.023188, 3.998551, 9.042029
 235.666667, 31.111740, 4.557284, 3.792079, 8.370580
 237.666667, 36.007013, 5.210379, 3.789621, 9.022440
 7, 20
 0.250000, 0.000000, 0.000000, 9.000000, 13.000000
 214.000000, 29.394081, 4.875389, 4.107477, 9.018692
 190.666667, 30.709790, 5.979021, 4.851399, 10.854895
 232.666667, 32.789398, 5.002865, 3.898281, 8.932665
 222.333333, 31.979010, 5.043478, 3.905547, 8.971514
 232.333333, 35.183644, 5.548063, 3.961263, 9.532281
 239.333333, 30.591922, 4.710306, 3.736769, 8.483287
 224.666667, 30.621662, 5.005935, 3.968843, 9.025223
 235.000000, 32.200000, 4.924823, 3.869504, 8.832624
 227.333333, 31.152493, 5.055718, 3.992669, 9.080645
 220.000000, 31.325758, 5.128788, 4.127273, 9.278788
 225.000000, 32.011852, 5.160000, 4.140741, 9.320000
 227.000000, 32.754772, 5.123348, 4.039648, 9.185022
 232.333333, 33.502152, 5.189383, 3.955524, 9.170732
 219.666667, 32.066768, 5.135053, 4.169954, 9.326252
 224.000000, 31.872024, 5.038690, 4.090774, 9.159226
 228.000000, 29.926901, 4.896199, 3.896199, 8.850877
 229.000000, 32.029112, 5.001456, 3.976710, 9.008734
 234.000000, 30.250712, 4.460114, 3.803419, 8.293447
 233.333333, 33.420000, 5.080000, 3.881429, 8.981429
 8, 20
 0.250000, 1.000000, 0.000000, 8.000000, 8.000000
 236.666667, 33.047887, 4.974648, 3.778873, 8.787324
 192.333333, 33.268631, 6.183709, 4.797227, 11.015598
 236.000000, 33.872881, 5.138418, 3.853107, 9.014124
 212.333333, 29.098901, 4.841444, 4.210361, 9.072214
 230.666667, 35.382948, 5.419075, 4.013006, 9.462428
 246.333333, 34.117727, 4.855210, 3.715832, 8.592693
 239.333333, 35.288301, 5.227019, 3.817549, 9.073816
 245.000000, 34.941497, 5.092517, 3.740136, 8.863946
 235.333333, 31.896601, 4.896601, 3.844193, 8.760623
 235.333333, 34.706799, 5.369688, 3.852691, 9.262040
 233.666667, 35.737518, 5.480742, 4.000000, 9.502140
 229.000000, 33.289665, 5.219796, 4.020378, 9.260553
 226.666667, 32.735294, 5.185294, 4.070588, 9.275000
 219.000000, 32.260274, 5.080670, 4.211568, 9.313546
 226.666667, 32.220588, 5.100000, 4.033824, 9.152941
 226.666667, 31.410294, 4.998529, 3.895588, 8.926471
 228.666667, 33.459184, 5.189504, 4.048105, 9.276968
 248.333333, 33.731544, 4.656376, 3.573154, 8.263087
 233.333333, 34.045714, 5.075714, 3.872857, 8.971429
 9, 20
 0.250000, 0.000000, 0.000000, 8.000000, 9.000000
 231.000000, 32.795094, 4.997114, 3.906205, 8.939394
 191.000000, 32.132635, 6.144852, 4.778360, 10.947644
 235.333333, 32.596317, 5.021246, 3.851275, 8.909348
 219.666667, 29.916540, 5.145675, 3.949924, 9.124431
 224.000000, 33.815476, 5.366071, 4.114583, 9.501488
 239.333333, 31.905292, 4.746518, 3.772981, 8.538997
 230.000000, 32.552174, 5.233333, 3.926087, 9.191304
 243.000000, 34.307270, 5.013717, 3.735254, 8.784636
 238.666667, 32.604749, 5.027933, 3.787709, 8.839385
 228.333333, 33.715328, 5.316788, 4.001460, 9.356204
 234.333333, 36.588905, 5.692745, 3.995733, 9.715505
 237.666667, 35.918654, 5.357644, 3.889201, 9.269285
 234.000000, 32.930199, 5.047009, 3.888889, 8.957265
 226.666667, 34.700000, 5.182353, 4.069118, 9.275000
 227.666667, 34.241581, 5.140556, 4.043924, 9.213763
 221.000000, 28.404223, 4.809955, 4.025641, 8.880845
 229.666667, 32.612482, 5.047896, 4.039187, 9.108853
 241.000000, 31.594744, 4.558783, 3.673582, 8.253112
 233.666667, 34.109843, 4.998573, 3.857347, 8.877318
 10, 20
 0.250000, 1.000000, 0.000000, 7.000000, 8.000000
 225.000000, 30.536296, 4.869630, 3.979259, 8.885926
 190.666667, 31.907343, 6.480769, 4.823427, 11.326923
 235.666667, 34.036775, 5.137199, 3.851485, 9.012730
 224.000000, 32.226190, 4.950893, 4.081845, 9.052083
 223.666667, 32.931446, 5.397914, 4.081967, 9.502235
 245.666667, 34.613297, 4.970149, 3.691995, 8.687924
 230.666667, 33.105491, 5.193642, 3.952312, 9.169075
 236.666667, 33.633803, 4.949296, 3.852113, 8.826761
 232.666667, 30.786533, 4.918338, 3.893983, 8.833811
 225.666667, 31.415066, 5.190547, 3.989660, 9.200886
 226.000000, 33.013274, 5.547198, 4.128319, 9.709440
 224.666667, 31.919881, 5.206231, 4.077151, 9.316024
 233.333333, 35.777143, 5.320000, 3.925714, 9.268571
 235.333333, 35.474504, 5.341360, 3.936261, 9.304533
 230.333333, 33.118669, 5.191027, 4.010130, 9.224313
 220.333333, 28.977307, 4.947050, 4.009077, 8.986384
 234.333333, 34.361309, 5.157895, 3.950213, 9.135135
 244.666667, 34.247956, 4.701635, 3.632153, 8.355586
 230.000000, 32.762319, 5.042029, 3.857971, 8.923188
 11, 20
 0.250000, 0.000000, 0.000000, 7.000000, 9.000000
 220.000000, 31.559091, 4.839394, 4.016667, 8.892424
 194.000000, 33.800687, 6.534364, 4.742268, 11.300687
 237.000000, 33.123769, 4.978903, 3.824191, 8.824191
 225.666667, 32.880355, 4.933530, 4.048744, 9.002954
 224.666667, 32.992582, 5.338279, 4.100890, 9.465875
 242.333333, 33.806052, 4.841816, 3.722146, 8.594223
 231.000000, 32.300144, 5.161616, 4.000000, 9.184704
 235.000000, 33.690780, 5.095035, 3.885106, 9.002837
 227.666667, 31.026354, 4.916545, 3.986823, 8.934114
 226.333333, 32.189985, 5.197349, 4.048601, 9.285714
 230.666667, 34.443642, 5.599711, 4.031792, 9.653179
 235.000000, 35.167376, 5.280851, 3.930496, 9.234043
 230.333333, 33.623734, 5.204052, 3.917511, 9.144718
 228.666667, 34.062682, 5.142857, 4.037901, 9.201166
 238.333333, 35.085315, 5.321678, 3.899301, 9.243357
 229.333333, 31.500000, 5.043605, 3.918605, 8.994186
 230.333333, 31.748191, 4.940666, 3.984081, 8.943560
 231.000000, 29.249639, 4.421356, 3.825397, 8.268398
 230.000000, 32.156522, 5.026087, 3.908696, 8.965217
 12, 20
 0.250000, 0.000000, 0.000000, 2.000000, 2.000000
 233.666667, 32.987161, 4.904422, 3.818830, 8.747504
 188.000000, 30.469858, 5.897163, 4.904255, 10.820922
 225.666667, 31.162482, 4.995569, 4.017725, 9.063516
 218.000000, 30.703364, 4.862385, 4.204893, 9.088685
 225.333333, 33.065089, 5.449704, 4.088757, 9.557692
 235.666667, 30.879774, 4.666195, 3.827440, 8.519095
 227.666667, 31.929722, 5.042460, 3.975110, 9.052709
 235.333333, 31.803116, 5.058074, 3.882436, 8.964589
 229.666667, 30.098694, 4.809869, 3.956459, 8.785196
 227.333333, 33.290323, 5.346041, 4.001466, 9.381232
 232.333333, 35.081779, 5.591105, 4.007174, 9.621234
 231.000000, 33.607504, 5.121212, 3.963925, 9.129870
 232.666667, 32.005731, 5.113181, 3.853868, 8.998567
 216.333333, 30.696456, 5.109399, 4.275809, 9.417565
 225.333333, 31.733728, 5.116864, 4.062130, 9.201183
 235.666667, 33.131542, 5.069307, 3.786421, 8.886846
 235.666667, 33.967468, 5.118812, 3.908062, 9.053748
 242.000000, 32.100551, 4.707989, 3.655647, 8.403581
 230.000000, 32.973913, 5.097101, 3.902899, 9.033333
 13, 20
 0.250000, 11.000000, 0.000000, 2.000000, 10.000000
 223.333333, 30.731343, 4.940299, 4.001493, 8.965672
 184.000000, 28.436594, 5.831522, 4.967391, 10.844203
 228.333333, 31.328467, 4.985401, 3.969343, 8.986861
 232.333333, 35.008608, 5.152080, 3.939742, 9.116212
 232.666667, 35.766476, 5.537249, 3.982808, 9.541547
 241.000000, 31.666667, 4.744122, 3.788382, 8.560166
 236.333333, 34.939351, 5.256700, 3.844852, 9.139633
 240.333333, 34.639390, 5.140083, 3.789182, 8.952843
 226.666667, 32.126471, 5.151471, 4.002941, 9.177941
 224.000000, 33.267857, 5.217262, 4.072917, 9.312500
 225.333333, 33.553254, 5.301775, 4.150888, 9.477811
 239.333333, 35.869081, 5.268802, 3.856546, 9.153203
 230.666667, 33.225434, 5.132948, 3.903179, 9.066474
 226.333333, 34.216495, 5.231222, 4.086892, 9.340206
 220.666667, 30.537764, 5.080060, 4.108761, 9.208459
 230.000000, 31.682609, 5.057971, 3.914493, 8.991304
 242.333333, 35.392022, 5.149931, 3.818432, 8.991747
 238.333333, 31.268531, 4.689510, 3.727273, 8.437762
 228.333333, 31.521168, 5.049635, 3.921168, 9.004380
 14, 20
 0.250000, 0.000000, 0.000000, 10.000000, 11.000000
 220.666667, 30.635952, 4.856495, 3.972810, 8.883686
 193.000000, 32.262522, 6.430052, 4.753022, 11.208981
 230.000000, 30.471014, 4.872464, 3.950725, 8.860870
 222.666667, 32.110778, 4.880240, 4.068862, 8.976048
 223.666667, 32.211624, 5.287630, 4.129657, 9.438152
 237.666667, 31.985975, 4.754558, 3.809257, 8.583450
 243.666667, 36.867305, 5.337893, 3.770178, 9.131327
 237.000000, 32.396624, 4.995781, 3.852321, 8.869198
 228.333333, 30.705109, 4.827737, 3.947445, 8.818978
 232.666667, 34.113181, 5.405444, 3.946991, 9.373926
 224.000000, 31.599702, 5.223214, 4.138393, 9.398810
 218.000000, 29.519878, 5.114679, 4.172783, 9.318043
 224.666667, 31.568249, 5.080119, 3.991098, 9.117211
 230.333333, 35.083936, 5.329957, 4.004342, 9.371925
 226.666667, 31.989706, 5.154412, 4.038235, 9.219118
 230.000000, 31.569565, 4.989855, 3.811594, 8.871014
 233.000000, 31.909871, 4.944206, 3.924177, 8.886981
 232.000000, 29.997126, 4.593391, 3.783046, 8.426724
 234.000000, 34.230769, 5.029915, 3.817664, 8.870370
 15, 20
 0.250000, 1.000000, 0.000000, 2.000000, 2.000000
 226.666667, 30.575000, 4.822059, 3.935294, 8.782353
 181.333333, 29.840074, 6.104779, 5.110294, 11.237132
 234.333333, 33.032717, 5.126600, 3.896159, 9.051209
 232.333333, 34.596844, 5.077475, 3.875179, 8.975610
 223.000000, 32.460389, 5.420030, 4.128550, 9.568012
 239.333333, 32.577994, 4.736769, 3.785515, 8.543175
 229.666667, 32.835994, 5.044993, 3.943396, 9.020319
 238.000000, 33.432773, 4.946779, 3.813725, 8.803922
 238.000000, 33.072829, 5.021008, 3.789916, 8.831933
 232.333333, 33.708752, 5.421808, 3.936872, 9.388809
 230.333333, 34.924747, 5.461650, 4.059334, 9.541245
 217.333333, 30.159509, 5.101227, 4.188650, 9.328221
 232.000000, 34.836207, 5.323276, 3.910920, 9.260057
 227.666667, 34.932650, 5.358712, 4.033675, 9.426061
 235.666667, 34.594059, 5.258840, 3.891089, 9.171146
 230.666667, 33.076590, 5.069364, 3.833815, 8.933526
 232.666667, 33.296562, 5.067335, 3.938395, 9.025788
 244.333333, 33.289222, 4.717599, 3.669850, 8.416098
 235.000000, 33.459574, 5.119149, 3.838298, 8.991489
 16, 20
 0.250000, 1.000000, 0.000000, 2.000000, 2.000000
 227.666667, 32.942899, 5.011713, 3.978038, 9.013177
 192.333333, 33.124783, 6.202773, 4.769497, 11.008666
 231.666667, 31.939568, 4.945324, 3.906475, 8.886331
 222.000000, 32.199700, 4.933934, 4.102102, 9.063063
 221.333333, 31.269578, 5.246988, 4.161145, 9.442771
 243.333333, 33.308219, 4.838356, 3.719178, 8.578082
 226.000000, 31.231563, 5.109145, 4.025074, 9.171091
 231.666667, 31.058993, 4.994245, 3.933813, 8.969784
 228.666667, 30.276968, 4.927114, 3.948980, 8.902332
 218.000000, 31.432722, 5.288991, 4.185015, 9.503058
 230.000000, 34.017391, 5.520290, 4.063768, 9.624638
 236.666667, 35.150704, 5.370423, 3.874648, 9.267606
 236.000000, 33.987288, 5.132768, 3.881356, 9.036723
 219.000000, 32.855403, 5.331811, 4.194825, 9.567732
 228.666667, 32.846939, 5.240525, 3.982507, 9.276968
 227.333333, 31.552786, 5.080645, 3.938416, 9.041056
 232.000000, 33.522989, 5.004310, 3.946839, 8.981322
 236.000000, 30.920904, 4.576271, 3.772599, 8.372881
 233.666667, 33.537803, 5.162625, 3.860200, 9.042796
 17, 20
 0.250000, 4.000000, 0.000000, 9.000000, 10.000000
 212.666667, 29.755486, 4.902821, 4.148903, 9.087774
 190.333333, 31.485114, 6.262697, 4.833625, 11.120841
 229.666667, 32.153846, 4.894049, 3.925980, 8.891147
 223.333333, 31.631343, 4.940299, 4.043284, 9.014925
 228.000000, 33.562865, 5.461988, 4.011696, 9.501462
 241.666667, 34.366897, 4.924138, 3.753103, 8.699310
 223.666667, 29.934426, 4.974665, 4.049180, 9.049180
 232.333333, 31.252511, 4.939742, 3.913917, 8.872310
 242.000000, 33.869146, 5.192837, 3.761708, 8.977961
 228.000000, 32.448830, 5.233918, 3.959064, 9.222222
 227.666667, 33.979502, 5.670571, 4.090776, 9.784773
 231.333333, 33.548991, 5.260807, 3.978386, 9.262248
 241.000000, 34.824343, 5.196404, 3.763485, 8.987552
 218.333333, 32.248855, 5.135878, 4.187786, 9.352672
 226.000000, 31.728614, 5.193215, 4.070796, 9.286136
 231.666667, 33.784173, 5.079137, 3.833094, 8.936691
 232.000000, 33.191092, 5.043103, 3.982759, 9.048851
 243.333333, 33.361644, 4.769863, 3.649315, 8.452055
 233.000000, 33.354793, 5.051502, 3.851216, 8.944206
 18, 20
 0.250000, 7.000000, 0.000000, 9.000000, 9.000000
 225.666667, 29.336780, 4.853767, 3.980798, 8.858198
 192.666667, 31.529412, 6.235294, 4.794118, 11.074394
 235.666667, 32.606789, 5.113154, 3.855728, 8.991513
 223.666667, 31.822653, 5.166915, 4.067064, 9.253353
 228.000000, 33.393275, 5.369883, 4.052632, 9.444444
 246.333333, 33.917456, 4.813261, 3.650880, 8.487145
 235.666667, 33.625177, 5.041018, 3.867044, 8.934936
 233.666667, 31.613409, 5.001427, 3.905849, 8.935806
 229.000000, 29.350801, 4.783115, 3.912664, 8.724891
 232.333333, 33.387374, 5.304161, 3.925395, 9.259684
 231.333333, 35.360231, 5.695965, 4.051873, 9.776657
 227.000000, 33.367107, 5.248164, 4.070485, 9.356828
 226.000000, 32.817109, 5.160767, 4.001475, 9.187316
 217.000000, 32.622120, 5.187404, 4.227343, 9.439324
 228.333333, 32.864234, 5.270073, 4.016058, 9.328467
 230.333333, 32.167873, 5.178003, 3.907381, 9.111433
 223.333333, 29.716418, 4.859701, 4.064179, 8.965672
 238.666667, 30.107542, 4.645251, 3.713687, 8.379888
 228.000000, 31.972222, 5.073099, 3.931287, 9.026316
 19, 20
 0.250000, 9.000000, 0.000000, 8.000000, 9.000000
 216.000000, 28.762346, 4.754630, 4.128086, 8.904321
 186.000000, 29.953405, 6.399642, 4.974910, 11.394265
 231.666667, 32.064748, 5.066187, 3.939568, 9.027338
 220.000000, 30.731818, 4.845455, 4.134848, 8.998485
 230.000000, 34.824638, 5.420290, 4.014493, 9.456522
 244.666667, 32.572207, 4.772480, 3.697548, 8.500000
 230.333333, 32.780029, 5.178003, 3.947902, 9.146165
 237.333333, 32.241573, 4.978933, 3.808989, 8.818820
 234.000000, 32.633903, 4.937322, 3.849003, 8.809117
 224.333333, 32.343239, 5.239227, 4.043091, 9.304606
 220.333333, 31.697428, 5.172466, 4.240545, 9.438729
 225.666667, 31.289513, 5.072378, 4.045790, 9.143279
 239.333333, 35.796657, 5.235376, 3.818942, 9.077994
 212.333333, 32.737834, 5.210361, 4.313972, 9.568289
 230.666667, 33.924855, 5.257225, 3.963873, 9.244220
 225.000000, 30.811852, 4.958519, 3.955556, 8.970370
 230.000000, 31.778261, 4.885507, 3.936232, 8.844928
 240.000000, 32.445833, 4.704167, 3.681944, 8.408333
 233.333333, 33.664286, 5.210000, 3.862857, 9.094286
 20, 20
 0.250000, 2.000000, 0.000000, 8.000000, 10.000000
 227.333333, 31.919355, 4.907625, 3.914956, 8.847507
 194.333333, 33.152659, 6.147513, 4.771870, 10.943396
 239.666667, 34.609179, 5.091794, 3.798331, 8.917942
 229.000000, 33.030568, 4.829694, 3.885007, 8.736536
 225.333333, 31.301775, 5.252959, 4.072485, 9.343195
 236.666667, 31.085915, 4.783099, 3.826761, 8.635211
 229.000000, 32.371179, 5.084425, 4.011645, 9.116448
 225.333333, 28.613905, 4.763314, 4.032544, 8.815089
 236.333333, 33.691114, 4.988717, 3.854725, 8.877292
 228.000000, 31.893275, 5.359649, 4.001462, 9.380117
 228.666667, 34.463557, 5.577259, 4.088921, 9.686589
 229.000000, 32.577875, 5.173217, 3.975255, 9.168850
 224.333333, 30.762259, 5.087667, 3.997028, 9.124814
 209.000000, 33.421053, 5.202552, 4.438596, 9.698565
 233.666667, 33.714693, 5.181170, 3.922967, 9.131241
 234.000000, 34.434473, 5.173789, 3.837607, 9.048433
 232.000000, 32.366379, 5.066092, 3.941092, 9.038793
 239.333333, 31.183844, 4.643454, 3.715877, 8.380223
 229.333333, 32.687500, 5.126453, 3.936047, 9.082849
 21, 20
 0.250000, 4.000000, 0.000000, 8.000000, 10.000000
 225.000000, 31.238519, 5.056296, 3.933333, 9.023704
 189.666667, 31.031634, 6.017575, 4.878735, 10.915641
 234.333333, 33.862020, 5.055477, 3.914651, 8.994310
 233.666667, 35.915835, 5.263909, 3.922967, 9.231098
 228.333333, 34.759124, 5.435036, 4.021898, 9.477372
 247.000000, 34.924426, 4.897436, 3.674764, 8.604588
 226.333333, 31.980854, 5.103093, 3.998527, 9.123711
 235.333333, 32.405099, 4.913598, 3.866856, 8.807365
 230.333333, 31.160637, 4.936324, 3.962373, 8.920405
 221.666667, 31.536842, 5.132331, 4.051128, 9.225564
 223.666667, 32.962742, 5.251863, 4.178838, 9.453055
 226.666667, 31.441176, 5.169118, 4.039706, 9.229412
 230.000000, 32.286957, 5.037681, 3.957971, 9.027536
 230.000000, 35.153623, 5.395652, 4.015942, 9.436232
 234.333333, 35.987198, 5.388336, 3.950213, 9.382646
 229.000000, 32.066958, 5.018923, 3.917031, 8.983988
 234.000000, 32.497151, 4.972934, 3.933048, 8.925926
 236.333333, 31.442877, 4.492243, 3.765867, 8.289140
 228.666667, 32.224490, 5.007289, 3.916910, 8.954810
 22, 20
 0.250000, 6.000000, 0.000000, 8.000000, 9.000000
 229.333333, 32.007267, 5.018895, 3.953488, 8.995640
 191.333333, 32.850174, 6.221254, 4.822300, 11.081882
 228.333333, 30.887591, 4.989781, 3.975182, 8.992701
 225.000000, 32.354074, 4.991111, 3.911111, 8.921481
 218.666667, 31.413110, 5.233232, 4.166159, 9.419207
 237.666667, 31.096774, 4.723703, 3.778401, 8.521739
 241.666667, 36.300690, 5.240000, 3.765517, 9.056552
 246.666667, 36.144595, 5.079730, 3.714865, 8.818919
 239.666667, 32.970793, 5.098748, 3.808067, 8.929068
 224.333333, 31.803863, 5.249629, 4.047548, 9.334324
 221.333333, 31.316265, 5.305723, 4.191265, 9.521084
 229.000000, 31.235808, 5.181951, 3.960699, 9.186317
 226.000000, 32.231563, 5.123894, 4.013274, 9.176991
 220.000000, 32.253030, 5.234848, 4.210606, 9.474242
 228.000000, 33.247076, 5.289474, 4.019006, 9.331871
 232.000000, 31.922414, 5.018678, 3.859195, 8.903736
 237.000000, 34.286920, 5.016878, 3.850914, 8.895921
 241.666667, 31.762759, 4.686897, 3.671724, 8.377931
 231.333333, 34.910663, 5.161383, 3.878963, 9.063401
 23, 20
 0.250000, 0.000000, 0.000000, 15.000000, 24.000000
 226.000000, 31.418879, 4.957227, 3.941003, 8.921829
 173.666667, 29.351248, 6.197697, 5.318618, 11.566219
 239.333333, 35.548747, 5.130919, 3.809192, 8.963788
 226.666667, 33.310294, 5.072059, 4.022059, 9.114706
 227.000000, 33.248164, 5.345081, 4.086637, 9.462555
 246.333333, 34.612991, 4.872801, 3.672530, 8.565629
 235.333333, 34.358357, 5.189802, 3.882436, 9.101983
 238.000000, 33.114846, 4.934174, 3.845938, 8.799720
 234.333333, 32.605974, 5.099573, 3.846373, 8.974395
 230.666667, 34.893064, 5.429191, 3.942197, 9.404624
 230.666667, 35.323699, 5.531792, 4.005780, 9.566474
 221.666667, 30.807519, 5.102256, 4.133835, 9.267669
 226.666667, 32.072059, 5.116176, 3.944118, 9.094118
 215.333333, 30.568111, 5.034056, 4.275542, 9.334365
 230.000000, 34.121739, 5.282609, 4.014493, 9.327536
 236.666667, 33.366197, 5.100000, 3.773239, 8.897183
 236.666667, 33.654930, 5.180282, 3.883099, 9.105634
 231.333333, 29.482709, 4.544669, 3.799712, 8.386167
 227.333333, 32.469208, 5.133431, 3.948680, 9.123167
 24, 20
 0.250000, 0.000000, 9.000000, 13.000000, 23.000000
 233.000000, 31.941345, 4.981402, 3.802575, 8.806867
 192.666667, 32.769896, 5.837370, 4.821799, 10.679931
 232.000000, 31.810345, 4.956897, 3.899425, 8.885057
 233.333333, 35.065714, 5.130000, 3.914286, 9.067143
 227.000000, 34.850220, 5.411160, 4.086637, 9.521292
 237.666667, 31.126227, 4.824684, 3.807854, 8.652174
 222.000000, 33.355856, 5.282282, 4.043544, 9.357357
 237.000000, 33.596343, 4.943741, 3.857947, 8.850914
 236.333333, 32.880113, 5.050776, 3.819464, 8.899859
 222.666667, 31.726048, 5.095808, 4.086826, 9.223054
 223.000000, 31.017937, 5.091181, 4.194320, 9.307922
 223.333333, 32.864179, 5.252239, 4.155224, 9.426866
 224.666667, 33.093472, 5.048961, 4.026706, 9.114243
 216.000000, 30.938272, 5.046296, 4.237654, 9.311728
 228.666667, 33.072886, 5.199708, 4.036443, 9.274052
 234.000000, 33.259259, 5.108262, 3.823362, 8.954416
 238.000000, 35.505602, 5.163866, 3.896359, 9.084034
 245.666667, 32.459973, 4.559023, 3.595658, 8.185889
 230.666667, 32.526012, 5.070809, 3.864162, 8.975434
 25, 20
 0.250000, 0.000000, 9.000000, 1.000000, 25.000000
 220.000000, 32.486364, 4.980303, 4.059091, 9.062121
 183.666667, 29.001815, 6.087114, 4.998185, 11.119782
 229.333333, 32.161337, 5.066860, 3.995640, 9.091570
 224.666667, 32.467359, 5.007418, 3.906528, 8.934718
 221.000000, 33.840121, 5.469080, 4.176471, 9.666667
 238.333333, 30.886713, 4.704895, 3.790210, 8.523077
 235.000000, 34.710638, 5.245390, 3.878014, 9.153191
 235.333333, 32.507082, 4.937677, 3.916431, 8.873938
 236.333333, 33.898449, 5.049365, 3.863188, 8.936530
 226.333333, 33.938144, 5.458027, 3.983800, 9.465390
 230.333333, 35.723589, 5.589001, 4.063676, 9.675832
 232.666667, 34.819484, 5.292264, 3.964183, 9.279370
 232.000000, 33.471264, 5.024425, 3.956897, 9.002874
 226.333333, 32.944035, 5.272459, 4.082474, 9.385862
 223.000000, 31.798206, 5.183857, 4.140508, 9.345291
 225.666667, 31.106352, 4.988183, 3.982275, 9.007386
 232.666667, 32.836676, 4.936963, 3.946991, 8.905444
 246.333333, 34.165088, 4.732070, 3.641407, 8.396482
 228.000000, 31.226608, 5.048246, 3.972222, 9.045322
 26, 20
 0.250000, 0.000000, 0.000000, 2.000000, 15.000000
 224.000000, 30.535714, 4.928571, 3.995536, 8.955357
 193.333333, 32.343103, 6.289655, 4.739655, 11.051724
 226.666667, 30.302941, 4.829412, 3.988235, 8.855882
 220.333333, 30.624811, 4.829047, 4.102874, 8.951589
 227.333333, 33.580645, 5.420821, 4.074780, 9.516129
 243.333333, 34.324658, 4.910959, 3.705479, 8.647945
 234.333333, 33.487909, 5.243243, 3.908962, 9.173542
 230.000000, 31.830435, 4.986957, 3.985507, 8.994203
 233.666667, 32.286733, 5.059914, 3.870185, 8.952924
 219.000000, 31.178082, 4.954338, 4.114155, 9.117199
 231.666667, 34.066187, 5.312230, 4.054676, 9.398561
 224.000000, 31.462798, 5.251488, 4.110119, 9.391369
 229.666667, 33.312046, 5.117562, 3.976778, 9.114659
 212.000000, 30.544025, 5.080189, 4.283019, 9.426101
 227.000000, 31.864905, 5.133627, 4.063142, 9.226138
 228.333333, 31.738686, 5.049635, 3.921168, 8.992701
 243.000000, 36.831276, 5.193416, 3.801097, 9.019204
 237.333333, 31.956461, 4.755618, 3.747191, 8.526685
 236.666667, 35.349296, 5.164789, 3.801408, 8.991549
 27, 20
 0.250000, 0.000000, 0.000000, 2.000000, 2.000000
 230.666667, 31.236994, 4.937861, 3.893064, 8.852601
 193.333333, 32.948276, 6.513793, 4.779310, 11.315517
 227.000000, 32.022026, 4.953010, 3.991189, 9.004405
 227.666667, 33.784773, 5.156662, 3.896047, 9.076135
 228.333333, 34.099270, 5.442336, 4.008759, 9.472993
 250.000000, 34.328000, 4.832000, 3.614667, 8.468000
 233.000000, 34.545064, 5.369099, 3.952790, 9.350501
 238.333333, 33.310490, 4.920280, 3.802797, 8.765035
 221.000000, 29.638009, 4.901961, 4.101056, 9.036199
 224.000000, 31.938988, 5.169643, 4.058036, 9.248512
 228.666667, 33.899417, 5.339650, 4.074344, 9.453353
 218.666667, 31.012195, 5.172256, 4.192073, 9.394817
 229.333333, 32.101744, 5.081395, 3.956395, 9.075581
 222.000000, 32.828829, 5.180180, 4.138138, 9.352853
 222.666667, 30.761976, 5.088323, 4.112275, 9.244012
 227.666667, 29.998536, 4.947291, 3.907760, 8.928258
 231.666667, 32.138129, 4.920863, 3.933813, 8.874820
 240.666667, 31.779778, 4.566482, 3.671745, 8.257618
 221.333333, 29.697289, 4.900602, 4.088855, 9.009036
 28, 20
 0.250000, 0.000000, 0.000000, 2.000000, 2.000000
 227.666667, 30.901903, 4.868228, 3.954612, 8.844802
 182.333333, 28.297989, 5.627057, 4.981718, 10.630713
 227.666667, 30.449488, 4.897511, 3.964861, 8.913616
 223.666667, 32.627422, 4.912072, 4.070045, 9.004471
 227.000000, 34.939794, 5.449339, 4.074890, 9.544787
 235.666667, 30.910891, 4.821782, 3.855728, 8.698727
 234.333333, 32.867710, 5.129445, 3.884780, 9.042674
 232.000000, 31.001437, 4.923851, 3.935345, 8.882184
 233.333333, 31.735714, 5.001429, 3.858571, 8.901429
 220.333333, 32.689864, 5.263238, 4.107413, 9.400908
 230.666667, 35.757225, 5.632948, 4.046243, 9.703757
 225.333333, 32.400888, 5.088757, 4.128698, 9.238166
 234.333333, 33.382646, 5.115220, 3.849218, 8.992888
 225.666667, 34.933530, 5.189069, 4.053176, 9.288035
 234.000000, 36.012821, 5.339031, 3.945869, 9.307692
 229.333333, 30.495640, 4.953488, 3.873547, 8.886628
 233.666667, 33.921541, 5.049929, 3.912981, 8.985735
 238.666667, 31.969274, 4.662011, 3.715084, 8.402235
 229.333333, 31.815407, 4.963663, 3.940407, 8.934593
 29, 20
 0.250000, 0.000000, 0.000000, 2.000000, 2.000000
 226.000000, 31.971976, 5.030973, 3.949853, 9.004425
 190.666667, 31.541958, 6.108392, 4.861888, 10.993007
 240.333333, 34.346741, 5.147018, 3.775312, 8.959778
 229.000000, 33.219796, 5.184862, 3.752547, 8.966521
 229.000000, 34.745269, 5.569141, 4.048035, 9.646288
 236.666667, 31.643662, 4.812676, 3.816901, 8.660563
 223.000000, 30.251121, 5.031390, 4.073244, 9.124066
 233.000000, 31.313305, 4.942775, 3.908441, 8.869814
 232.333333, 31.552367, 5.012912, 3.932568, 8.967001
 230.333333, 34.386397, 5.507959, 3.956585, 9.486252
 232.000000, 35.074713, 5.567529, 4.012931, 9.603448
 230.666667, 33.839595, 5.271676, 3.997110, 9.289017
 229.000000, 30.914119, 5.042213, 3.902475, 8.986900
 215.333333, 30.801858, 5.219814, 4.241486, 9.492260
 224.666667, 32.321958, 5.240356, 4.078635, 9.345697
 234.000000, 32.659544, 5.207977, 3.800570, 9.032764
 233.333333, 32.542857, 5.047143, 3.945714, 9.014286
 245.333333, 32.798913, 4.676630, 3.638587, 8.339674
 234.333333, 33.648649, 5.018492, 3.867710, 8.907539
 30, 20
 0.250000, 0.000000, 0.000000, 1.000000, 9.000000
 220.333333, 32.612708, 5.019667, 4.060514, 9.119516
 190.666667, 32.786713, 5.956294, 4.805944, 10.784965
 232.333333, 31.252511, 4.903874, 3.938307, 8.862267
 223.666667, 32.688525, 5.092399, 3.919523, 9.074516
 222.333333, 32.248876, 5.418291, 4.136432, 9.589205
 239.333333, 31.693593, 4.814763, 3.763231, 8.607242
 235.000000, 32.670922, 5.171631, 3.887943, 9.082270
 238.666667, 32.505587, 4.970670, 3.840782, 8.832402
 231.000000, 31.893218, 4.942280, 3.922078, 8.893218
 231.000000, 33.682540, 5.281385, 3.932179, 9.261183
 227.000000, 32.829662, 5.443465, 4.117474, 9.593245
 231.000000, 33.199134, 5.264069, 3.943723, 9.229437
 232.333333, 32.219512, 5.196557, 3.898135, 9.117647
 218.333333, 31.019847, 5.114504, 4.210687, 9.363359
 235.333333, 35.246459, 5.284703, 3.941926, 9.250708
 230.666667, 30.710983, 5.127168, 3.822254, 8.988439
 234.000000, 32.810541, 5.138177, 3.913105, 9.072650
 234.666667, 30.859375, 4.600852, 3.813920, 8.433239
 229.333333, 31.944767, 5.055233, 3.908430, 8.985465
 31, 20
 0.250000, 0.000000, 0.000000, 1.000000, 9.000000
 224.000000, 30.440476, 4.886905, 4.010417, 8.919643
 188.000000, 30.328014, 5.964539, 4.836879, 10.849291
 231.000000, 33.193362, 5.021645, 3.953824, 9.004329
 224.000000, 32.894345, 5.200893, 4.095238, 9.334821
 234.666667, 36.457386, 5.552557, 3.947443, 9.522727
 239.000000, 31.718271, 4.761506, 3.783821, 8.581590
 230.333333, 32.413893, 5.127352, 3.927641, 9.075253
 235.333333, 32.191218, 4.941926, 3.871105, 8.832861
 235.000000, 32.818440, 5.148936, 3.860993, 9.032624
 220.333333, 30.317700, 5.077156, 4.143722, 9.248109
 232.666667, 35.727794, 5.624642, 4.012894, 9.661891
 222.000000, 31.136637, 5.159159, 4.129129, 9.307808
 231.666667, 34.716547, 5.235971, 3.929496, 9.187050
 224.666667, 34.689911, 5.372404, 4.109792, 9.517804
 231.333333, 34.809798, 5.365994, 3.995677, 9.384726
 225.000000, 30.894815, 4.951111, 3.878519, 8.897778
 235.333333, 36.126062, 5.232295, 3.923513, 9.181303
 240.333333, 31.877947, 4.680999, 3.714286, 8.427184
 226.333333, 30.606775, 4.880707, 3.952872, 8.863034
Histogram
0 0 6 1 0 0 0 0 243 342 17 20 1 1 0 1 1 1 0 0 3 0 0 1 1 1 0 0 0 0 0 0 0 0 0 0 0 0 0 0 0 0 0 0 0 0 0 0 0 0 0 0 0 0 0 0 0 0 0 0 0 0 0 0 0 0 0 0 0 0 0 0 0 0 0 0 0 0 0 0 0 0 0 0 0 0 0 0 0 0 0 0 0 0 0 0 0 0 0 0 
Cache Miss Ratio
NaN
Average number of keys
NaN
numOfSets
439047
numOfGets
0
numOfMultiGets
0
