 0, 21
 0.250000, 9.000000, 0.000000, 11.000000, 21.000000
 303.666667, 158.350165, 62.749726, 3.243688, 66.040615
 371.000000, 173.602875, 58.942498, 2.670261, 61.636119
 447.000000, 171.841909, 47.892617, 2.212528, 50.128262
 451.000000, 171.569106, 47.589800, 2.195861, 49.806356
 459.333333, 171.042090, 46.399129, 2.147315, 48.574020
 383.333333, 170.179130, 55.666087, 2.589565, 58.273913
 454.333333, 171.810712, 47.280998, 2.178283, 49.480558
 445.666667, 170.948392, 47.908751, 2.223635, 50.151832
 451.333333, 171.494830, 47.235598, 2.193501, 49.452733
 351.000000, 173.123457, 61.633428, 2.787274, 64.485280
 436.666667, 172.172519, 50.016794, 2.267939, 52.306107
 435.333333, 171.984686, 49.214395, 2.276417, 51.511485
 445.666667, 171.630516, 48.100224, 2.219895, 50.347794
 424.000000, 171.892296, 50.330189, 2.330189, 52.687893
 459.666667, 171.852067, 46.743292, 2.149384, 48.917331
 459.666667, 171.100073, 46.494561, 2.153735, 48.670776
 446.333333, 171.398058, 48.171023, 2.219567, 50.411501
 468.000000, 170.804843, 45.703704, 2.106125, 47.839744
 461.666667, 171.641155, 46.383394, 2.145848, 48.550181
 456.666667, 169.979562, 46.848175, 2.168613, 49.037226
 1, 21
 0.250000, 9.000000, 0.000000, 11.000000, 20.000000
 303.000000, 157.895490, 62.583058, 3.267327, 65.882288
 370.333333, 172.768677, 58.735374, 2.669667, 61.433843
 448.000000, 171.538690, 47.840030, 2.209821, 50.070685
 449.666667, 171.511490, 47.544848, 2.202372, 49.767976
 459.666667, 171.071066, 46.385787, 2.152284, 48.559101
 386.000000, 171.478411, 55.984456, 2.569085, 58.573402
 453.000000, 171.690949, 47.204562, 2.183223, 49.410596
 445.333333, 170.861527, 47.869012, 2.223054, 50.113024
 450.333333, 169.900814, 46.905255, 2.196891, 49.126573
 349.666667, 172.757865, 61.582459, 2.839847, 64.443279
 435.333333, 171.030628, 49.798622, 2.273354, 52.099541
 436.000000, 171.501529, 49.127676, 2.272936, 51.420489
 446.000000, 171.175635, 47.975336, 2.220478, 50.216741
 423.333333, 171.220472, 50.167717, 2.328346, 52.529134
 458.666667, 170.877180, 46.501453, 2.157703, 48.680959
 460.000000, 170.742029, 46.353623, 2.155072, 48.529710
 445.333333, 170.809132, 48.017216, 2.214820, 50.261976
 467.333333, 170.519971, 45.605563, 2.119829, 47.744650
 461.000000, 171.446855, 46.366594, 2.148952, 48.536515
 456.666667, 170.162774, 46.856204, 2.167153, 49.045255
 2, 21
 0.250000, 6.000000, 7.000000, 11.000000, 21.000000
 298.000000, 159.570470, 63.313199, 3.326622, 66.667785
 370.333333, 173.170117, 58.817282, 2.675068, 61.515752
 446.666667, 172.076119, 48.043284, 2.212687, 50.279851
 449.666667, 171.600445, 47.575241, 2.197183, 49.798369
 459.666667, 171.037708, 46.329949, 2.150109, 48.503988
 385.000000, 170.936797, 56.027706, 2.574892, 58.629437
 454.666667, 172.165689, 47.362903, 2.175953, 49.560850
 444.000000, 171.263514, 47.840090, 2.229730, 50.092342
 451.666667, 171.342435, 47.207380, 2.194096, 49.422878
 352.000000, 174.088068, 61.855114, 2.821023, 64.698864
 436.000000, 171.944190, 49.980122, 2.271407, 52.272171
 436.000000, 171.842508, 49.210245, 2.274465, 51.503823
 446.000000, 171.311659, 48.023169, 2.220478, 50.264574
 428.333333, 170.854475, 50.267704, 2.315175, 52.602335
 460.000000, 170.375362, 46.370290, 2.152899, 48.543478
 460.000000, 170.888406, 46.423913, 2.155072, 48.598551
 445.666667, 171.534779, 48.170531, 2.219147, 50.417352
 468.666667, 170.529872, 45.557610, 2.113087, 47.689900
 460.333333, 171.269370, 46.335988, 2.152788, 48.509051
 457.000000, 169.790664, 46.779723, 2.165573, 48.966448
 3, 21
 0.250000, 7.000000, 0.000000, 11.000000, 13.000000
 299.666667, 157.214683, 62.800890, 3.293660, 66.137931
 369.666667, 171.372408, 58.315600, 2.684400, 61.019838
 447.000000, 171.761372, 47.953766, 2.213274, 50.189411
 450.666667, 172.248521, 47.668639, 2.194527, 49.890533
 458.000000, 171.502183, 46.430859, 2.157205, 48.611354
 383.666667, 171.141616, 56.189401, 2.584709, 58.794092
 454.333333, 171.338225, 47.175348, 2.179751, 49.374908
 446.333333, 170.810306, 47.845407, 2.220314, 50.085885
 452.333333, 171.314665, 47.184230, 2.191599, 49.397200
 350.666667, 172.268061, 61.408745, 2.834601, 64.263308
 435.666667, 170.504973, 49.651109, 2.275440, 51.945677
 435.666667, 171.589901, 49.180566, 2.244836, 51.476664
 446.000000, 171.009716, 47.958146, 2.218984, 50.198057
 428.333333, 170.399222, 50.144747, 2.315175, 52.479377
 457.333333, 170.800292, 46.443878, 2.158892, 48.629738
 458.000000, 171.026201, 46.430859, 2.159389, 48.614993
 445.333333, 170.629491, 47.982784, 2.224551, 50.228293
 468.000000, 170.778490, 45.645299, 2.106125, 47.780627
 461.666667, 171.001444, 46.242599, 2.141516, 48.409386
 457.000000, 169.985412, 46.821298, 2.166302, 49.008753
 4, 21
 0.250000, 8.000000, 0.000000, 11.000000, 12.000000
 300.333333, 158.397336, 63.307436, 3.267481, 66.634850
 369.000000, 172.095754, 58.699187, 2.681120, 61.411021
 446.333333, 171.329350, 47.864078, 2.218073, 50.103062
 450.000000, 171.729630, 47.615556, 2.199259, 49.837037
 459.666667, 171.147933, 46.448151, 2.153735, 48.621465
 386.000000, 171.473230, 55.972366, 2.566494, 58.562176
 453.666667, 171.388685, 47.123439, 2.182219, 49.326231
 446.666667, 171.646269, 48.039552, 2.216418, 50.277612
 452.333333, 171.431098, 47.203390, 2.191599, 49.414149
 350.000000, 171.968571, 61.544762, 2.840000, 64.404762
 434.333333, 171.433615, 49.887951, 2.281658, 52.194167
 436.666667, 172.321374, 49.338931, 2.268702, 51.629008
 446.333333, 171.003734, 47.915609, 2.216580, 50.155340
 429.333333, 170.806677, 50.256988, 2.309783, 52.586180
 460.333333, 171.220130, 46.494569, 2.147719, 48.665460
 459.000000, 170.750908, 46.424110, 2.159768, 48.602760
 445.666667, 170.700823, 47.985041, 2.221391, 50.227375
 468.333333, 170.505338, 45.560854, 2.108897, 47.694662
 461.000000, 171.180766, 46.262473, 2.149675, 48.432393
 456.666667, 169.743796, 46.802920, 2.169343, 48.991971
 5, 21
 0.250000, 7.000000, 0.000000, 11.000000, 11.000000
 298.666667, 158.020089, 62.867188, 3.296875, 66.215402
 370.000000, 171.897297, 58.565766, 2.681081, 61.266667
 446.333333, 171.550411, 47.946975, 2.217326, 50.185960
 449.333333, 171.365727, 47.488872, 2.204006, 49.713650
 459.666667, 171.102248, 46.369108, 2.152284, 48.542422
 384.333333, 170.854293, 55.960971, 2.579358, 58.561145
 454.000000, 171.610866, 47.211454, 2.181351, 49.413363
 445.666667, 171.216156, 47.967091, 2.221391, 50.209424
 452.333333, 171.027266, 47.131909, 2.193810, 49.357406
 350.000000, 172.116190, 61.390476, 2.840952, 64.250476
 435.000000, 171.059770, 49.797701, 2.278927, 52.095785
 435.000000, 170.757854, 49.026054, 2.277395, 51.321839
 446.666667, 171.432836, 48.028358, 2.216418, 50.265672
 428.666667, 171.487558, 50.327372, 2.311820, 52.660187
 458.666667, 170.716570, 46.499273, 2.157703, 48.679506
 459.666667, 170.635968, 46.437999, 2.155910, 48.614213
 445.666667, 171.026926, 48.080778, 2.221391, 50.329095
 467.000000, 170.340471, 45.552463, 2.121342, 47.693076
 460.333333, 171.078204, 46.236785, 2.152064, 48.409848
 457.333333, 170.067784, 46.862245, 2.165452, 49.048105
 6, 21
 0.250000, 9.000000, 0.000000, 10.000000, 12.000000
 302.666667, 159.063877, 63.100220, 3.251101, 66.401982
 369.666667, 172.214608, 58.556357, 2.683499, 61.260595
 446.333333, 171.643764, 47.903659, 2.217326, 50.142644
 450.666667, 171.994083, 47.671598, 2.196006, 49.889053
 460.666667, 171.496382, 46.454414, 2.143271, 48.622287
 383.666667, 170.768897, 55.763684, 2.584709, 58.368375
 453.333333, 171.458824, 47.212500, 2.184559, 49.416176
 446.000000, 171.094170, 47.865471, 2.220478, 50.107623
 451.666667, 171.550554, 47.238376, 2.194834, 49.457565
 351.333333, 172.627135, 61.467742, 2.817837, 64.331120
 436.000000, 171.289755, 49.749235, 2.272936, 52.041284
 436.333333, 171.993888, 49.320856, 2.271199, 51.618029
 446.333333, 171.476475, 47.982076, 2.217326, 50.221060
 425.666667, 172.072827, 50.129992, 2.328113, 52.479248
 459.666667, 171.137056, 46.581581, 2.152284, 48.756345
 458.333333, 170.677818, 46.398545, 2.160000, 48.581091
 445.000000, 170.440449, 48.000749, 2.226217, 50.247191
 469.000000, 170.797441, 45.581379, 2.111585, 47.712154
 460.666667, 171.227931, 46.378437, 2.151230, 48.549204
 457.333333, 169.805394, 46.780612, 2.166181, 48.967201
 7, 21
 0.250000, 8.000000, 0.000000, 10.000000, 11.000000
 301.333333, 158.353982, 62.993363, 3.273230, 66.309735
 371.000000, 173.191375, 58.840970, 2.671159, 61.534591
 447.666667, 171.833954, 48.110946, 2.211467, 50.344006
 449.666667, 171.920682, 47.610082, 2.201631, 49.833210
 460.000000, 171.451449, 46.467391, 2.149275, 48.639130
 386.333333, 171.250216, 56.025884, 2.565142, 58.613460
 453.000000, 171.418690, 47.175865, 2.184695, 49.381898
 445.666667, 171.654450, 48.006731, 2.217651, 50.250561
 451.666667, 170.888561, 47.125461, 2.194096, 49.340959
 350.666667, 173.461027, 61.844106, 2.830798, 64.698669
 435.666667, 172.458301, 50.061974, 2.270849, 52.355777
 435.666667, 172.206580, 49.273910, 2.273910, 51.570008
 446.000000, 171.346039, 48.027653, 2.220478, 50.269058
 426.333333, 171.316654, 49.892885, 2.311962, 52.243159
 458.666667, 170.566134, 46.370640, 2.158430, 48.555233
 460.000000, 170.934058, 46.440580, 2.153623, 48.615217
 445.000000, 170.680899, 48.067416, 2.226217, 50.314607
 468.000000, 171.032051, 45.652422, 2.106125, 47.787749
 461.666667, 171.363177, 46.289531, 2.145848, 48.456318
 457.000000, 169.843910, 46.776805, 2.167031, 48.969365
Histogram
0 0 0 0 0 0 0 0 0 0 0 2 2 1 0 0 0 0 0 0 1 2 0 0 0 0 0 0 0 0 0 0 0 0 0 0 0 0 0 0 0 0 0 0 0 0 0 8 36 28 32 9 15 0 0 0 0 0 8 0 0 8 0 0 8 1 7 0 0 0 0 0 0 0 0 0 0 0 0 0 0 0 0 0 0 0 0 0 0 0 0 0 0 0 0 0 0 0 0 0 
Cache Miss Ratio
NaN
Average number of keys
NaN
numOfSets
209376
numOfGets
0
numOfMultiGets
0
