 0, 20
 0.250000, 0.000000, 0.000000, 2.000000, 8.000000
 166.333333, 29.743487, 6.543086, 5.468938, 12.098196
 207.333333, 29.387460, 4.488746, 4.440514, 8.991961
 246.333333, 32.133965, 4.684709, 3.790257, 8.516915
 229.333333, 30.577035, 4.845930, 3.915698, 8.811047
 206.666667, 26.412903, 5.154839, 4.406452, 9.601613
 208.333333, 28.763200, 4.688000, 4.360000, 9.115200
 219.000000, 29.406393, 4.555556, 4.149163, 8.771689
 214.000000, 27.216511, 4.135514, 4.283489, 8.495327
 207.666667, 28.070626, 4.908507, 4.240770, 9.215088
 199.666667, 27.388982, 4.519199, 4.308848, 8.904841
 220.000000, 28.195455, 4.945455, 4.056061, 9.089394
 209.666667, 27.481717, 4.570747, 4.112878, 8.793323
 203.666667, 28.563011, 4.806874, 4.320786, 9.243863
 196.666667, 27.635593, 4.654237, 4.552542, 9.305085
 203.333333, 30.581967, 5.378689, 4.572131, 10.000000
 214.000000, 29.216511, 4.975078, 4.228972, 9.269470
 218.666667, 31.224085, 5.210366, 4.314024, 9.576220
 224.666667, 30.875371, 5.170623, 4.140950, 9.357567
 201.000000, 27.724710, 4.880597, 4.412935, 9.374793
 1, 20
 0.250000, 0.000000, 0.000000, 2.000000, 7.000000
 170.333333, 32.121331, 6.614481, 5.424658, 12.091977
 217.666667, 30.399694, 4.670750, 4.266462, 8.978560
 232.666667, 30.272206, 4.542980, 3.954155, 8.538682
 227.666667, 30.260615, 4.961933, 3.970717, 8.976574
 209.000000, 26.724083, 4.674641, 4.236045, 8.985646
 221.666667, 30.870677, 4.990977, 4.145865, 9.178947
 225.000000, 29.586667, 4.694815, 4.062222, 8.804444
 212.666667, 28.747649, 4.344828, 4.230408, 8.666144
 206.666667, 28.787097, 4.900000, 4.327419, 9.300000
 224.666667, 28.982196, 4.623145, 3.949555, 8.639466
 224.333333, 28.270431, 4.962853, 3.977712, 8.980684
 212.000000, 27.632075, 4.591195, 4.220126, 8.845912
 214.000000, 29.080997, 4.956386, 4.174455, 9.204050
 213.333333, 29.340625, 4.957813, 4.246875, 9.250000
 193.333333, 28.536207, 5.094828, 4.677586, 9.841379
 194.000000, 25.996564, 4.630584, 4.579038, 9.309278
 205.666667, 28.752026, 4.792545, 4.494327, 9.377634
 200.666667, 28.729236, 4.694352, 4.583056, 9.340532
 214.666667, 28.496894, 4.944099, 4.163043, 9.169255
 2, 20
 0.250000, 0.000000, 0.000000, 2.000000, 8.000000
 179.333333, 32.814126, 6.795539, 5.221190, 12.050186
 223.000000, 32.556054, 4.869955, 4.210762, 9.116592
 228.333333, 28.075912, 4.340146, 3.992701, 8.395620
 219.666667, 29.022762, 4.628225, 4.151745, 8.811836
 221.000000, 30.078431, 5.378582, 4.114630, 9.535445
 213.333333, 29.612500, 4.832813, 4.245313, 9.146875
 223.000000, 29.476831, 4.573991, 4.144993, 8.763827
 228.666667, 29.629738, 4.501458, 4.011662, 8.559767
 202.333333, 27.512356, 4.800659, 4.359143, 9.278418
 205.666667, 26.539708, 4.397083, 4.218801, 8.714749
 205.333333, 25.951299, 4.569805, 4.318182, 8.952922
 210.333333, 25.851030, 4.507132, 4.107765, 8.683043
 215.333333, 30.083591, 4.962848, 4.196594, 9.232198
 202.333333, 27.794069, 4.716639, 4.421746, 9.196046
 190.666667, 27.424825, 5.111888, 4.741259, 9.951049
 209.333333, 28.987261, 5.259554, 4.356688, 9.670382
 198.000000, 28.303030, 4.664983, 4.636364, 9.370370
 216.666667, 30.032308, 4.953846, 4.306154, 9.304615
 204.666667, 27.856678, 4.741042, 4.289902, 9.118893
 3, 20
 0.250000, 0.000000, 0.000000, 1.000000, 2.000000
 164.333333, 32.079108, 6.705882, 5.624746, 12.375254
 222.666667, 31.577844, 4.770958, 4.130240, 8.946108
 247.333333, 30.885445, 4.690027, 3.742588, 8.474394
 225.000000, 29.813333, 4.728889, 3.989630, 8.755556
 207.333333, 27.818328, 5.107717, 4.334405, 9.535370
 218.333333, 30.996947, 5.018321, 4.190840, 9.242748
 225.000000, 28.653333, 4.585185, 4.072593, 8.690370
 206.666667, 27.048387, 4.487097, 4.474194, 9.029032
 222.000000, 31.211712, 5.030030, 4.009009, 9.097598
 213.000000, 27.097027, 4.513302, 4.071987, 8.696401
 225.666667, 28.774003, 4.939439, 4.019202, 9.007386
 216.333333, 27.978428, 4.349769, 4.069337, 8.457627
 216.333333, 30.377504, 5.093991, 4.194145, 9.328197
 202.666667, 27.360197, 4.800987, 4.356908, 9.238487
 201.333333, 30.177152, 5.284768, 4.569536, 9.918874
 221.000000, 31.140271, 5.176471, 4.055807, 9.361991
 219.000000, 30.444444, 5.245053, 4.334855, 9.619482
 210.666667, 29.189873, 4.707278, 4.375000, 9.166139
 209.000000, 29.086124, 5.228070, 4.169059, 9.448166
 4, 20
 0.250000, 0.000000, 0.000000, 2.000000, 8.000000
 166.000000, 30.335341, 6.538153, 5.554217, 12.154618
 214.333333, 30.573872, 4.584759, 4.371695, 9.000000
 223.333333, 27.801493, 4.325373, 4.116418, 8.485075
 225.000000, 30.262222, 4.788148, 4.007407, 8.844444
 212.666667, 27.321317, 4.829154, 4.277429, 9.145768
 205.333333, 28.350649, 4.777597, 4.368506, 9.188312
 219.000000, 28.619482, 4.592085, 4.108067, 8.776256
 222.333333, 28.592204, 4.433283, 4.137931, 8.614693
 209.333333, 29.406051, 4.804140, 4.046178, 9.058917
 225.666667, 29.565731, 4.629247, 3.935007, 8.615953
 201.000000, 24.401327, 4.800995, 4.311774, 9.195688
 211.000000, 26.921011, 4.633491, 4.112164, 8.840442
 217.666667, 29.954058, 4.894334, 4.140888, 9.093415
 207.000000, 27.724638, 4.671498, 4.341385, 9.054750
 200.666667, 29.368771, 5.119601, 4.586379, 9.755814
 210.000000, 27.474603, 4.977778, 4.339683, 9.350794
 217.666667, 30.202144, 5.117917, 4.266462, 9.428790
 209.000000, 29.125997, 4.735247, 4.440191, 9.250399
 201.000000, 26.706468, 4.882255, 4.331675, 9.271973
 5, 20
 0.250000, 0.000000, 0.000000, 7.000000, 7.000000
 171.666667, 30.811650, 6.456311, 5.444660, 11.947573
 214.666667, 31.254658, 4.871118, 4.316770, 9.245342
 231.666667, 29.899281, 4.420144, 4.001439, 8.487770
 207.000000, 26.853462, 4.280193, 4.095008, 8.423510
 196.666667, 24.452542, 4.869492, 4.488136, 9.454237
 211.333333, 30.160883, 4.709779, 4.351735, 9.102524
 220.000000, 29.130303, 4.692424, 4.086364, 8.848485
 222.000000, 29.783784, 4.396396, 4.120120, 8.594595
 208.666667, 29.611821, 4.829073, 4.274760, 9.166134
 230.333333, 30.707670, 4.733719, 3.898698, 8.677279
 217.333333, 27.590491, 4.822086, 4.150307, 9.019939
 203.000000, 25.830870, 4.177340, 4.325123, 8.582923
 209.666667, 29.655008, 4.882353, 4.273450, 9.243243
 223.333333, 30.992537, 5.226866, 4.102985, 9.364179
 209.333333, 30.402866, 5.267516, 4.452229, 9.754777
 210.666667, 27.658228, 4.912975, 4.270570, 9.238924
 220.333333, 31.387292, 5.166415, 4.258699, 9.462935
 218.000000, 29.360856, 4.692661, 4.264526, 9.044343
 207.333333, 28.109325, 5.032154, 4.266881, 9.355305
 6, 20
 0.250000, 0.000000, 0.000000, 7.000000, 8.000000
 179.000000, 31.245810, 6.571695, 5.195531, 11.823091
 223.666667, 32.120715, 5.002981, 4.208644, 9.245902
 234.666667, 29.982955, 4.558239, 3.963068, 8.562500
 222.000000, 28.828829, 4.687688, 4.033033, 8.761261
 214.666667, 27.625776, 5.245342, 4.208075, 9.510870
 210.333333, 29.773376, 4.679873, 4.277338, 9.025357
 221.000000, 28.375566, 4.591252, 4.069382, 8.731523
 215.333333, 27.080495, 4.272446, 4.264706, 8.585139
 203.666667, 28.883797, 5.183306, 4.232406, 9.490998
 223.666667, 29.426230, 4.867362, 4.016393, 8.944858
 201.666667, 25.170248, 4.601653, 4.320661, 8.986777
 208.666667, 26.624601, 4.431310, 4.170927, 8.635783
 203.333333, 29.970492, 4.888525, 4.324590, 9.354098
 208.000000, 28.176282, 4.783654, 4.302885, 9.136218
 199.333333, 29.560201, 5.150502, 4.650502, 9.842809
 202.666667, 25.779605, 4.743421, 4.411184, 9.190789
 205.333333, 29.581169, 5.129870, 4.511364, 9.714286
 222.000000, 30.654655, 5.076577, 4.177177, 9.294294
 208.666667, 28.543131, 5.132588, 4.273163, 9.444089
 7, 20
 0.250000, 0.000000, 0.000000, 7.000000, 7.000000
 160.666667, 29.713693, 6.143154, 5.695021, 11.892116
 216.333333, 31.485362, 4.810478, 4.325116, 9.186441
 239.666667, 30.426982, 4.465925, 3.849791, 8.357441
 225.666667, 29.477105, 4.670606, 3.844904, 8.576071
 209.333333, 26.221338, 4.792994, 4.300955, 9.167197
 197.000000, 30.810491, 4.989848, 4.529611, 9.610829
 213.000000, 27.433490, 4.521127, 4.219092, 8.802817
 221.333333, 29.137048, 4.445783, 4.183735, 8.674699
 211.333333, 30.307571, 5.179811, 4.179811, 9.394322
 219.333333, 28.908815, 4.542553, 4.045593, 8.667173
 218.666667, 26.429878, 4.579268, 4.125000, 8.748476
 208.000000, 26.586538, 4.554487, 4.253205, 8.854167
 226.333333, 31.988218, 4.951399, 3.933726, 8.994109
 205.666667, 29.418152, 4.946515, 4.288493, 9.322528
 184.666667, 27.465704, 4.662455, 4.992780, 9.720217
 199.333333, 26.392977, 4.692308, 4.516722, 9.267559
 204.333333, 29.132137, 4.965742, 4.575856, 9.575856
 207.333333, 28.942122, 4.709003, 4.475884, 9.300643
 206.333333, 27.258481, 4.796446, 4.263328, 9.114701
 8, 20
 0.250000, 0.000000, 0.000000, 2.000000, 8.000000
 170.000000, 31.256863, 6.672549, 5.425490, 12.192157
 216.333333, 31.044684, 4.873652, 4.278891, 9.192604
 241.333333, 30.959945, 4.506906, 3.871547, 8.426796
 218.000000, 28.761468, 4.753823, 4.108563, 8.899083
 217.000000, 28.118280, 4.989247, 4.165899, 9.222734
 203.000000, 28.597701, 4.656814, 4.392447, 9.087028
 220.333333, 29.237519, 4.521936, 4.187595, 8.777610
 214.333333, 29.342146, 4.360809, 4.335925, 8.765163
 199.666667, 28.383973, 4.609349, 4.398998, 9.078464
 206.333333, 26.641357, 4.423263, 4.124394, 8.615509
 214.666667, 27.750000, 4.933230, 4.139752, 9.108696
 213.000000, 27.604069, 4.447574, 4.104851, 8.621283
 201.666667, 28.328926, 4.695868, 4.284298, 9.188430
 213.333333, 29.515625, 5.095313, 4.226563, 9.364063
 196.666667, 29.466102, 5.176271, 4.645763, 9.940678
 206.333333, 27.442649, 4.852989, 4.303716, 9.224556
 203.666667, 28.351882, 4.903437, 4.545008, 9.510638
 214.000000, 29.320872, 4.760125, 4.370717, 9.168224
 200.666667, 26.634551, 4.911960, 4.282392, 9.240864
 9, 20
 0.250000, 0.000000, 0.000000, 2.000000, 3.000000
 168.333333, 32.132673, 6.536634, 5.497030, 12.104950
 210.333333, 29.370840, 4.573693, 4.426307, 9.033281
 226.666667, 27.314706, 4.294118, 4.045588, 8.392647
 223.333333, 29.529851, 4.662687, 3.834328, 8.550746
 208.333333, 27.363200, 5.128000, 4.377600, 9.552000
 195.333333, 27.276451, 4.549488, 4.612628, 9.213311
 224.666667, 29.341246, 4.758160, 4.074184, 8.882789
 237.333333, 30.758427, 4.550562, 3.915730, 8.500000
 207.666667, 29.552167, 5.086677, 4.304976, 9.446228
 222.666667, 29.953593, 4.835329, 3.970060, 8.868263
 215.000000, 27.003101, 4.741085, 4.048062, 8.857364
 189.333333, 25.339789, 4.290493, 4.424296, 8.788732
 219.666667, 30.107739, 4.787557, 4.022762, 8.972686
 206.000000, 27.967638, 4.800971, 4.315534, 9.153722
 208.000000, 30.676282, 5.415064, 4.493590, 9.955128
 210.666667, 28.278481, 4.677215, 4.262658, 9.003165
 207.000000, 29.466989, 4.975845, 4.513688, 9.531401
 208.000000, 28.487179, 4.573718, 4.403846, 9.048077
 210.333333, 28.735341, 5.353407, 4.185420, 9.605388
 10, 20
 0.250000, 1.000000, 0.000000, 2.000000, 2.000000
 176.666667, 32.041509, 6.637736, 5.250943, 11.924528
 217.333333, 30.248466, 4.731595, 4.237730, 9.024540
 229.000000, 28.155750, 4.395924, 4.052402, 8.487627
 222.333333, 29.997001, 4.764618, 4.025487, 8.848576
 209.333333, 27.057325, 4.842357, 4.323248, 9.216561
 206.000000, 29.009709, 4.550162, 4.333333, 8.953074
 204.666667, 25.548860, 4.372964, 4.359935, 8.824104
 225.666667, 30.701625, 4.630724, 4.134417, 8.819793
 190.000000, 27.112281, 4.557895, 4.561404, 9.285965
 209.666667, 27.882353, 4.561208, 4.170111, 8.801272
 227.333333, 28.203812, 4.825513, 3.945748, 8.806452
 223.333333, 29.040299, 4.716418, 4.004478, 8.759701
 215.666667, 29.604328, 4.820711, 4.149923, 9.035549
 199.000000, 27.907873, 4.889447, 4.480737, 9.437186
 198.666667, 29.716443, 5.219799, 4.647651, 9.931208
 206.666667, 26.922581, 4.758065, 4.416129, 9.246774
 214.666667, 29.947205, 4.939441, 4.329193, 9.355590
 217.666667, 29.592649, 4.713629, 4.269525, 9.036753
 214.333333, 28.356143, 5.051322, 4.110420, 9.195956
 11, 20
 0.250000, 1.000000, 0.000000, 1.000000, 2.000000
 160.666667, 30.168050, 6.242739, 5.692946, 12.016598
 214.000000, 29.644860, 4.475078, 4.306854, 8.831776
 224.333333, 28.126300, 4.289747, 4.095097, 8.429421
 231.666667, 31.097842, 4.810072, 3.929496, 8.789928
 218.000000, 27.996942, 4.850153, 4.200306, 9.102446
 203.000000, 28.182266, 4.704433, 4.443350, 9.203612
 218.000000, 29.217125, 4.814985, 4.157492, 9.064220
 213.333333, 28.740625, 4.326563, 4.267188, 8.645313
 200.000000, 27.845000, 4.903333, 4.428333, 9.413333
 213.000000, 27.403756, 4.513302, 4.115806, 8.701095
 207.333333, 26.485531, 4.696141, 4.318328, 9.053055
 218.000000, 27.672783, 4.692661, 4.073394, 8.798165
 214.666667, 29.801242, 4.847826, 4.181677, 9.100932
 205.000000, 28.601626, 4.930081, 4.359350, 9.352846
 196.666667, 29.054237, 5.398305, 4.654237, 10.100000
 209.666667, 27.507154, 4.639110, 4.310016, 9.011129
 192.333333, 27.490468, 4.769497, 4.674177, 9.575390
 204.000000, 28.401961, 4.558824, 4.555556, 9.174837
 202.000000, 27.268977, 4.960396, 4.330033, 9.361386
 12, 20
 0.250000, 0.000000, 0.000000, 2.000000, 2.000000
 176.000000, 32.492424, 6.806818, 5.257576, 12.128788
 217.000000, 31.373272, 4.784946, 4.367127, 9.182796
 232.666667, 28.902579, 4.411175, 3.997135, 8.442693
 214.000000, 28.389408, 4.453271, 4.110592, 8.598131
 202.000000, 25.630363, 4.960396, 4.344884, 9.391089
 209.000000, 29.822967, 4.719298, 4.248804, 9.012759
 210.666667, 28.636076, 4.533228, 4.264241, 8.848101
 232.666667, 31.584527, 4.660458, 4.012894, 8.707736
 204.333333, 28.486134, 5.148450, 4.314845, 9.495922
 204.333333, 27.003263, 4.504078, 4.213703, 8.823817
 212.666667, 26.758621, 4.684953, 4.247649, 8.978056
 210.666667, 25.968354, 4.352848, 4.063291, 8.473101
 222.666667, 30.723054, 4.925150, 4.052395, 9.064371
 217.000000, 30.783410, 4.992320, 4.178187, 9.204301
 200.000000, 29.255000, 5.183333, 4.645000, 9.860000
 211.666667, 28.929134, 4.911811, 4.262992, 9.215748
 211.333333, 29.955836, 5.175079, 4.395899, 9.623028
 218.000000, 31.064220, 5.165138, 4.287462, 9.524465
 204.333333, 27.500816, 4.926591, 4.264274, 9.233279
 13, 20
 0.250000, 0.000000, 0.000000, 2.000000, 9.000000
 166.666667, 31.224000, 6.634000, 5.542000, 12.236000
 201.666667, 28.690909, 4.375207, 4.537190, 8.978512
 225.666667, 27.961595, 4.335303, 4.094535, 8.483013
 229.000000, 30.007278, 4.775837, 4.000000, 8.818049
 216.000000, 26.663580, 4.925926, 4.208333, 9.194444
 204.333333, 28.507341, 4.632953, 4.407830, 9.104405
 201.333333, 25.854305, 4.312914, 4.309603, 8.761589
 216.000000, 28.646605, 4.358025, 4.322531, 8.717593
 196.333333, 27.273345, 4.770798, 4.354839, 9.310696
 212.000000, 28.883648, 4.320755, 4.141509, 8.548742
 223.333333, 28.344776, 4.889552, 4.014925, 8.965672
 201.000000, 25.779436, 4.303483, 4.321725, 8.716418
 212.666667, 29.274295, 4.880878, 4.235110, 9.191223
 219.666667, 31.660091, 5.216995, 4.128983, 9.389985
 204.666667, 30.112378, 5.288274, 4.530945, 9.851792
 200.000000, 27.445000, 4.768333, 4.480000, 9.308333
 216.000000, 30.185185, 5.021605, 4.348765, 9.419753
 211.666667, 29.242520, 4.777953, 4.349606, 9.174803
 215.000000, 28.910078, 5.032558, 4.162791, 9.246512
 14, 20
 0.250000, 0.000000, 0.000000, 2.000000, 8.000000
 173.333333, 32.048077, 6.400000, 5.353846, 11.823077
 210.666667, 29.931962, 4.536392, 4.344937, 8.936709
 243.000000, 30.068587, 4.396433, 3.787380, 8.249657
 218.666667, 29.666159, 4.454268, 3.990854, 8.500000
 213.000000, 27.763693, 5.170579, 4.198748, 9.438185
 207.000000, 29.399356, 4.698873, 4.383253, 9.138486
 226.333333, 29.584683, 4.731959, 4.016200, 8.795287
 228.000000, 30.412281, 4.628655, 4.035088, 8.701754
 208.000000, 29.698718, 4.974359, 4.286859, 9.331731
 217.000000, 28.725038, 4.602151, 4.096774, 8.749616
 227.000000, 28.832599, 4.886931, 3.980910, 8.908957
 210.333333, 27.133122, 4.464342, 4.085578, 8.603803
 204.333333, 28.334421, 4.619902, 4.318108, 9.004894
 203.666667, 28.360065, 4.993453, 4.453355, 9.494272
 205.333333, 30.232143, 5.251623, 4.488636, 9.811688
 203.666667, 27.078560, 4.744681, 4.333879, 9.145663
 221.666667, 31.766917, 5.296241, 4.266165, 9.596992
 206.333333, 28.129241, 4.780291, 4.476575, 9.315024
 213.000000, 28.946792, 5.170579, 4.172144, 9.374022
 15, 20
 0.250000, 0.000000, 0.000000, 7.000000, 8.000000
 178.000000, 32.086142, 6.822097, 5.250936, 12.121723
 197.333333, 28.613176, 4.410473, 4.650338, 9.097973
 235.333333, 30.541076, 4.553824, 3.977337, 8.567989
 230.333333, 30.920405, 4.898698, 3.962373, 8.894356
 215.666667, 28.836167, 5.145286, 4.248841, 9.428130
 212.000000, 30.910377, 4.772013, 4.245283, 9.114780
 223.000000, 29.177877, 4.710015, 4.079223, 8.838565
 221.000000, 28.340875, 4.389140, 4.209653, 8.663650
 207.333333, 28.713826, 4.808682, 4.331190, 9.196141
 225.000000, 29.585185, 4.680000, 3.917037, 8.645926
 224.666667, 27.937685, 4.772997, 4.043027, 8.854599
 220.333333, 27.671710, 4.733737, 4.036309, 8.815431
 210.333333, 28.297940, 4.920761, 4.302694, 9.272583
 197.000000, 26.891709, 4.854484, 4.534687, 9.461929
 198.666667, 28.959732, 5.234899, 4.598993, 9.895973
 209.666667, 29.146264, 5.151033, 4.198728, 9.389507
 207.000000, 28.109501, 4.983897, 4.494364, 9.529791
 212.000000, 28.874214, 4.750000, 4.394654, 9.179245
 194.666667, 29.214041, 5.159247, 4.385274, 9.583904
 16, 20
 0.250000, 0.000000, 0.000000, 1.000000, 2.000000
 164.000000, 29.802846, 6.113821, 5.693089, 11.953252
 223.333333, 30.968657, 4.862687, 4.135821, 9.050746
 228.000000, 28.071637, 4.327485, 4.035088, 8.393275
 219.000000, 29.727549, 4.561644, 4.074581, 8.686454
 209.000000, 26.778309, 4.896332, 4.287081, 9.261563
 216.666667, 30.604615, 5.084615, 4.213846, 9.335385
 237.000000, 30.649789, 4.736990, 3.935302, 8.711674
 214.333333, 28.626750, 4.346812, 4.293935, 8.676516
 215.000000, 30.131783, 4.829457, 4.158140, 9.040310
 214.333333, 27.721617, 4.570762, 4.059098, 8.704510
 227.666667, 29.055637, 4.808199, 3.976574, 8.818448
 208.666667, 26.036741, 4.498403, 4.075080, 8.629393
 217.333333, 28.707055, 4.837423, 4.133436, 9.041411
 199.666667, 26.863105, 4.712855, 4.427379, 9.217028
 184.333333, 28.025316, 5.164557, 5.005425, 10.231465
 204.666667, 27.985342, 4.923453, 4.342020, 9.330619
 213.666667, 29.840874, 4.921997, 4.327613, 9.336973
 201.000000, 27.358209, 4.527363, 4.480929, 9.086235
 205.000000, 27.637398, 4.969106, 4.326829, 9.357724
 17, 20
 0.250000, 0.000000, 0.000000, 7.000000, 8.000000
 173.333333, 32.542308, 6.384615, 5.396154, 11.830769
 204.333333, 29.862969, 4.659054, 4.463295, 9.184339
 241.000000, 30.164592, 4.573997, 3.856155, 8.470263
 222.333333, 29.626687, 4.637181, 3.931034, 8.616192
 213.000000, 26.294210, 4.931142, 4.217527, 9.222222
 207.666667, 30.778491, 4.627608, 4.438202, 9.110754
 228.000000, 29.725146, 4.646199, 4.029240, 8.717836
 227.000000, 29.967695, 4.698972, 4.101322, 8.839941
 208.666667, 29.456869, 5.124601, 4.292332, 9.476038
 215.333333, 28.113003, 4.617647, 4.057276, 8.730650
 227.333333, 27.888563, 4.725806, 4.048387, 8.813783
 216.000000, 27.432099, 4.535494, 4.027778, 8.620370
 223.666667, 30.259314, 5.014903, 4.078987, 9.147541
 212.666667, 29.683386, 5.170846, 4.227273, 9.452978
 192.333333, 28.908146, 5.121317, 4.778163, 9.946274
 216.000000, 29.223765, 4.859568, 4.248457, 9.154321
 209.333333, 29.251592, 4.906051, 4.429936, 9.382166
 214.666667, 29.746894, 4.981366, 4.327640, 9.375776
 202.666667, 27.935855, 5.072368, 4.304276, 9.414474
 18, 20
 0.250000, 0.000000, 0.000000, 2.000000, 10.000000
 170.333333, 32.522505, 6.479452, 5.444227, 12.019569
 222.333333, 31.191904, 4.914543, 4.169415, 9.118441
 234.333333, 28.610242, 4.487909, 3.864865, 8.409673
 220.333333, 28.889561, 4.558245, 4.004539, 8.615734
 202.666667, 26.320724, 4.985197, 4.475329, 9.509868
 215.333333, 31.157895, 5.078947, 4.230650, 9.352941
 219.000000, 27.605784, 4.541857, 4.066971, 8.677321
 214.333333, 28.945568, 4.609642, 4.278383, 8.939347
 196.000000, 27.287415, 4.734694, 4.445578, 9.287415
 222.333333, 29.000000, 4.598201, 3.997001, 8.644678
 219.666667, 28.110774, 4.779970, 4.062215, 8.918058
 211.333333, 26.826498, 4.630915, 4.167192, 8.872240
 223.666667, 30.628912, 5.007452, 4.023845, 9.134128
 213.666667, 29.414977, 4.784711, 4.258970, 9.098284
 210.333333, 30.581616, 5.445325, 4.434231, 9.928685
 198.333333, 27.705882, 4.932773, 4.507563, 9.534454
 204.666667, 28.677524, 4.954397, 4.557003, 9.581433
 194.333333, 27.190395, 4.449400, 4.679245, 9.174957
 203.333333, 27.783607, 4.844262, 4.275410, 9.219672
 19, 20
 0.250000, 0.000000, 0.000000, 2.000000, 2.000000
 170.000000, 30.747059, 6.590196, 5.492157, 12.152941
 217.333333, 31.104294, 4.742331, 4.246933, 9.038344
 228.666667, 27.641399, 4.336735, 3.995627, 8.405248
 212.333333, 27.158556, 4.464678, 4.139717, 8.665620
 208.333333, 27.478400, 4.803200, 4.297600, 9.155200
 217.333333, 31.748466, 5.125767, 4.128834, 9.346626
 209.666667, 26.864865, 4.465819, 4.265501, 8.833068
 225.666667, 30.203840, 4.447563, 4.051699, 8.534712
 205.333333, 28.592532, 4.928571, 4.284091, 9.310065
 208.666667, 27.321086, 4.418530, 4.201278, 8.707668
 215.666667, 26.857805, 4.904173, 4.122102, 9.112828
 217.333333, 27.018405, 4.369632, 4.127301, 8.539877
 210.333333, 29.180666, 4.985737, 4.277338, 9.337559
 205.333333, 28.508117, 4.899351, 4.389610, 9.347403
 199.666667, 29.450751, 5.222037, 4.672788, 9.934891
 204.666667, 28.040717, 4.636808, 4.385993, 9.092834
 196.000000, 27.886054, 5.023810, 4.658163, 9.789116
 208.666667, 28.188498, 4.730032, 4.448882, 9.255591
 217.333333, 30.723926, 5.069018, 4.156442, 9.256135
 20, 20
 0.250000, 0.000000, 0.000000, 1.000000, 2.000000
 169.333333, 30.942913, 6.624016, 5.472441, 12.177165
 218.666667, 31.875000, 4.903963, 4.291159, 9.253049
 223.000000, 27.690583, 4.399103, 4.106129, 8.584454
 219.666667, 28.226100, 4.505311, 4.094082, 8.644917
 213.000000, 27.181534, 4.995305, 4.297340, 9.359937
 206.000000, 28.642395, 4.789644, 4.412621, 9.242718
 217.000000, 27.829493, 4.554531, 4.215054, 8.824885
 233.333333, 30.681429, 4.677143, 3.987143, 8.705714
 198.333333, 27.781513, 4.902521, 4.381513, 9.403361
 213.333333, 26.807813, 4.635938, 4.050000, 8.721875
 218.000000, 26.762997, 4.666667, 4.093272, 8.844037
 214.000000, 27.839564, 4.691589, 4.140187, 8.866044
 207.333333, 28.681672, 5.001608, 4.385852, 9.469453
 203.000000, 28.077176, 4.638752, 4.379310, 9.075534
 207.000000, 30.463768, 5.177134, 4.499195, 9.727858
 211.333333, 27.914826, 4.858044, 4.326498, 9.233438
 225.000000, 31.835556, 5.306667, 4.177778, 9.521481
 208.666667, 28.591054, 4.597444, 4.476038, 9.132588
 203.000000, 27.691297, 4.848933, 4.356322, 9.259442
 21, 20
 0.250000, 1.000000, 0.000000, 11.000000, 18.000000
 180.000000, 31.044444, 6.435185, 5.092593, 11.603704
 199.666667, 28.083472, 4.487479, 4.524207, 9.118531
 234.666667, 31.063920, 4.504261, 3.947443, 8.500000
 226.666667, 31.008824, 4.770588, 3.950000, 8.770588
 202.000000, 27.328383, 5.087459, 4.462046, 9.608911
 213.000000, 29.901408, 4.716745, 4.276995, 9.029734
 234.000000, 30.349003, 4.696581, 3.951567, 8.682336
 219.666667, 29.555387, 4.537178, 4.197269, 8.783005
 216.000000, 29.893519, 4.908951, 4.094136, 9.074074
 215.333333, 28.170279, 4.633127, 4.009288, 8.705882
 212.333333, 26.635793, 4.709576, 4.238619, 9.004710
 214.333333, 27.265941, 4.538103, 4.160187, 8.735614
 225.666667, 30.948301, 4.986706, 4.014771, 9.051699
 217.333333, 30.108896, 5.122699, 4.153374, 9.346626
 210.333333, 30.500792, 5.573693, 4.408875, 10.019017
 207.000000, 28.375201, 5.220612, 4.339775, 9.603865
 213.666667, 29.037441, 4.889236, 4.333853, 9.297972
 207.666667, 28.001605, 4.589085, 4.475120, 9.105939
 213.666667, 28.907956, 4.931357, 4.187207, 9.152886
 22, 20
 0.250000, 1.000000, 0.000000, 11.000000, 11.000000
 181.000000, 32.500921, 6.721915, 5.169429, 11.944751
 215.666667, 31.585781, 4.891808, 4.313756, 9.251932
 245.000000, 31.759184, 4.598639, 3.819048, 8.451701
 220.000000, 28.653030, 4.657576, 3.996970, 8.716667
 205.333333, 26.397727, 4.925325, 4.438312, 9.417208
 206.666667, 29.358065, 4.762903, 4.367742, 9.180645
 203.666667, 26.188216, 4.325696, 4.361702, 8.761047
 207.666667, 28.617978, 4.475120, 4.314607, 8.837881
 213.666667, 29.734789, 5.104524, 4.140406, 9.302652
 209.333333, 26.703822, 4.310510, 4.210191, 8.587580
 231.666667, 29.261871, 4.923741, 3.920863, 8.890647
 223.666667, 28.260805, 4.511177, 4.011923, 8.606557
 200.000000, 28.758333, 4.768333, 4.453333, 9.333333
 205.333333, 27.980519, 4.785714, 4.379870, 9.219156
 202.000000, 29.191419, 5.318482, 4.534653, 9.902640
 205.000000, 27.235772, 4.752846, 4.421138, 9.214634
 221.000000, 30.628959, 5.104072, 4.268477, 9.428356
 218.000000, 30.773700, 4.978593, 4.281346, 9.308869
 207.666667, 29.253612, 5.123596, 4.223114, 9.425361
 23, 20
 0.250000, 1.000000, 0.000000, 11.000000, 11.000000
 177.000000, 32.244821, 6.580038, 5.308851, 11.951036
 219.000000, 31.004566, 4.724505, 4.254186, 9.010654
 239.666667, 30.542420, 4.532684, 3.881780, 8.453408
 215.666667, 28.729521, 4.639876, 4.100464, 8.816074
 207.000000, 26.252818, 4.880837, 4.352657, 9.293076
 213.000000, 30.679186, 4.769953, 4.275430, 9.097027
 211.000000, 27.819905, 4.616114, 4.218009, 8.905213
 216.333333, 28.352851, 4.582435, 4.218798, 8.853621
 214.666667, 30.692547, 5.024845, 4.167702, 9.257764
 220.333333, 29.096823, 4.605144, 3.993949, 8.638427
 215.666667, 26.105100, 4.656878, 4.142195, 8.836167
 208.000000, 27.613782, 4.713141, 4.201923, 8.950321
 221.000000, 30.467572, 5.027149, 4.079940, 9.212670
 210.666667, 28.479430, 4.936709, 4.283228, 9.294304
 188.666667, 27.424028, 5.233216, 4.871025, 10.159011
 208.666667, 28.068690, 5.068690, 4.365815, 9.493610
 210.666667, 30.280063, 5.205696, 4.477848, 9.742089
 220.000000, 29.348485, 4.951515, 4.228788, 9.219697
 217.000000, 28.981567, 5.139785, 4.119816, 9.294931
 24, 20
 0.250000, 1.000000, 0.000000, 11.000000, 11.000000
 172.333333, 31.402321, 6.721470, 5.568665, 12.353965
 217.333333, 29.779141, 4.728528, 4.268405, 9.039877
 224.666667, 27.118694, 4.198813, 4.086053, 8.321958
 216.333333, 29.818182, 4.701079, 4.167951, 8.916795
 210.000000, 26.809524, 5.300000, 4.358730, 9.720635
 204.333333, 28.820555, 4.735726, 4.450245, 9.244698
 233.333333, 29.928571, 4.705714, 4.018571, 8.765714
 215.000000, 29.706977, 4.675969, 4.282171, 9.012403
 202.666667, 27.986842, 4.687500, 4.356908, 9.136513
 207.333333, 26.454984, 4.480707, 4.125402, 8.721865
 220.000000, 27.490909, 4.625758, 4.048485, 8.759091
 220.666667, 28.347432, 4.824773, 4.012085, 8.882175
 206.333333, 29.810985, 4.672052, 4.365105, 9.085622
 207.000000, 27.428341, 4.726248, 4.363929, 9.120773
 195.333333, 28.853242, 5.167235, 4.728669, 9.947099
 208.000000, 27.479167, 4.814103, 4.302885, 9.205128
 214.333333, 31.387247, 5.315708, 4.342146, 9.715397
 218.333333, 29.529771, 4.832061, 4.242748, 9.143511
 204.000000, 27.517974, 4.903595, 4.320261, 9.331699
 25, 20
 0.250000, 7.000000, 0.000000, 2.000000, 13.000000
 165.333333, 29.516129, 6.237903, 5.629032, 12.004032
 223.666667, 31.606557, 4.798808, 4.152012, 8.994039
 233.000000, 28.987124, 4.234621, 3.965665, 8.254649
 217.666667, 30.339969, 4.716692, 3.986217, 8.754977
 219.000000, 27.808219, 5.207002, 4.168950, 9.427702
 204.000000, 28.730392, 4.852941, 4.416667, 9.312092
 224.666667, 29.562315, 4.747774, 4.118694, 8.909496
 221.333333, 29.719880, 4.612952, 4.123494, 8.781627
 210.666667, 29.280063, 4.761076, 4.256329, 9.074367
 217.000000, 28.419355, 4.634409, 3.980031, 8.740399
 223.000000, 28.100149, 4.747384, 3.991031, 8.783259
 206.333333, 26.536349, 4.389338, 4.156704, 8.613893
 221.333333, 30.295181, 5.015060, 4.155120, 9.204819
 203.666667, 27.643208, 4.839607, 4.405892, 9.306056
 196.333333, 29.331070, 5.368421, 4.597623, 10.061121
 201.333333, 27.581126, 4.928808, 4.359272, 9.394040
 211.333333, 30.050473, 5.091483, 4.413249, 9.572555
 208.666667, 27.696486, 4.723642, 4.381789, 9.169329
 217.666667, 30.084227, 5.287902, 4.131700, 9.477795
 26, 20
 0.250000, 8.000000, 0.000000, 2.000000, 12.000000
 171.000000, 30.705653, 6.606238, 5.471735, 12.191033
 212.333333, 30.576138, 4.731554, 4.331240, 9.141287
 228.666667, 28.699708, 4.250729, 4.005831, 8.322157
 215.333333, 27.264706, 4.617647, 3.882353, 8.586687
 203.000000, 25.267652, 5.144499, 4.395731, 9.596059
 209.333333, 29.707006, 4.796178, 4.230892, 9.098726
 228.666667, 29.970845, 4.586006, 4.052478, 8.690962
 209.333333, 28.996815, 4.450637, 4.246815, 8.740446
 215.666667, 30.783617, 5.017002, 4.108192, 9.165379
 208.000000, 28.498397, 4.496795, 4.120192, 8.692308
 221.666667, 27.624060, 4.687218, 4.070677, 8.809023
 212.000000, 25.721698, 4.512579, 4.176101, 8.727987
 205.333333, 28.056818, 5.128247, 4.362013, 9.576299
 217.000000, 29.004608, 4.933948, 4.195084, 9.184332
 198.666667, 29.988255, 5.355705, 4.598993, 10.013423
 205.666667, 27.478120, 4.914100, 4.353323, 9.322528
 211.000000, 30.018957, 4.955766, 4.442338, 9.443918
 213.666667, 28.577223, 4.677067, 4.351014, 9.073323
 213.000000, 29.231612, 5.214397, 4.219092, 9.472613
 27, 20
 0.250000, 0.000000, 7.000000, 2.000000, 9.000000
 176.000000, 31.831439, 6.553030, 5.378788, 12.001894
 221.000000, 32.034691, 4.835596, 4.232278, 9.111614
 237.333333, 29.518258, 4.439607, 3.897472, 8.398876
 221.000000, 28.438914, 4.628959, 4.092006, 8.757164
 191.333333, 24.097561, 4.827526, 4.627178, 9.515679
 204.333333, 28.195759, 4.773246, 4.398042, 9.212072
 237.333333, 30.823034, 4.894663, 3.931180, 8.859551
 230.333333, 30.684515, 4.751085, 3.966715, 8.755427
 204.666667, 28.280130, 4.832248, 4.267101, 9.218241
 200.333333, 26.980033, 4.384359, 4.381032, 8.840266
 223.333333, 28.620896, 4.820896, 4.007463, 8.883582
 208.000000, 27.036859, 4.626603, 4.250000, 8.945513
 196.666667, 27.686441, 4.581356, 4.542373, 9.208475
 205.666667, 28.115073, 5.071313, 4.320908, 9.500810
 193.666667, 28.700516, 5.354561, 4.779690, 10.182444
 211.666667, 29.269291, 5.075591, 4.137008, 9.344882
 216.333333, 30.562404, 5.140216, 4.298921, 9.508475
 224.666667, 30.810089, 5.215134, 4.114243, 9.385757
 210.000000, 28.319048, 5.036508, 4.220635, 9.336508
 28, 20
 0.250000, 6.000000, 0.000000, 1.000000, 2.000000
 174.000000, 31.532567, 6.565134, 5.411877, 12.074713
 224.333333, 32.346211, 5.060921, 4.188707, 9.301634
 244.333333, 31.866303, 4.608458, 3.821282, 8.463847
 229.666667, 30.660377, 4.602322, 3.894049, 8.529753
 217.000000, 26.992320, 5.202765, 4.158218, 9.447005
 202.666667, 28.537829, 4.851974, 4.472039, 9.388158
 231.333333, 30.455331, 4.682997, 4.004323, 8.737752
 206.666667, 27.917742, 4.456452, 4.379032, 8.911290
 196.666667, 27.162712, 4.854237, 4.310169, 9.250847
 202.333333, 27.365733, 4.377265, 4.291598, 8.723229
 224.000000, 27.654762, 4.601190, 4.034226, 8.683036
 210.666667, 26.859177, 4.370253, 4.058544, 8.485759
 223.000000, 29.811659, 4.823617, 4.068759, 8.962631
 209.000000, 29.140351, 5.001595, 4.291866, 9.336523
 197.666667, 30.183811, 5.210793, 4.662732, 9.946037
 206.666667, 27.675806, 4.904839, 4.388710, 9.351613
 201.666667, 28.442975, 4.667769, 4.604959, 9.319008
 203.666667, 26.613748, 4.456628, 4.535188, 9.062193
 212.666667, 29.094044, 4.987461, 4.159875, 9.211599
 29, 20
 0.250000, 6.000000, 0.000000, 2.000000, 2.000000
 170.000000, 30.672549, 6.676471, 5.611765, 12.337255
 202.333333, 28.074135, 4.532125, 4.504119, 9.126853
 233.000000, 28.759657, 4.284692, 3.947067, 8.278970
 225.000000, 27.874074, 4.629630, 3.820741, 8.485926
 210.000000, 26.858730, 4.909524, 4.306349, 9.269841
 195.333333, 27.269625, 4.530717, 4.556314, 9.148464
 223.000000, 28.581465, 4.600897, 4.109118, 8.753363
 218.333333, 30.425954, 4.882443, 4.172519, 9.091603
 208.333333, 29.756800, 4.950400, 4.241600, 9.254400
 225.333333, 29.122781, 4.618343, 3.968935, 8.640533
 212.666667, 26.865204, 4.783699, 4.158307, 8.995298
 207.666667, 26.349920, 4.537721, 4.142857, 8.743178
 216.333333, 29.804314, 4.924499, 4.143297, 9.126348
 216.666667, 30.153846, 5.007692, 4.216923, 9.266154
 198.333333, 30.620168, 5.183193, 4.635294, 9.889076
 208.000000, 27.592949, 4.860577, 4.418269, 9.323718
 213.333333, 29.192188, 5.020313, 4.365625, 9.473438
 213.666667, 28.925117, 4.798752, 4.329173, 9.170047
 202.666667, 27.519737, 4.832237, 4.345395, 9.226974
 30, 20
 0.250000, 3.000000, 0.000000, 2.000000, 2.000000
 172.000000, 31.282946, 6.794574, 5.468992, 12.341085
 220.666667, 31.447130, 4.700906, 4.175227, 8.942598
 238.000000, 29.068627, 4.449580, 3.896359, 8.396359
 218.666667, 28.925305, 4.528963, 4.114329, 8.727134
 204.000000, 26.566993, 4.885621, 4.429739, 9.361111
 207.000000, 30.095008, 4.801932, 4.370370, 9.217391
 228.666667, 29.755102, 4.653061, 4.049563, 8.740525
 224.666667, 31.041543, 4.608309, 4.080119, 8.724036
 214.666667, 30.475155, 4.883540, 4.198758, 9.119565
 224.666667, 28.657270, 4.755193, 3.949555, 8.752226
 222.333333, 28.220390, 4.718141, 4.032984, 8.811094
 221.000000, 28.331825, 4.538462, 4.028658, 8.598793
 207.666667, 29.009631, 4.743178, 4.255217, 9.126806
 216.333333, 29.966102, 4.906009, 4.157165, 9.118644
 202.333333, 29.830313, 5.278418, 4.584843, 9.906096
 215.000000, 28.899225, 5.055814, 4.203101, 9.300775
 218.000000, 30.252294, 5.203364, 4.308869, 9.570336
 217.000000, 29.195084, 4.917051, 4.316436, 9.268817
 210.000000, 29.060317, 5.120635, 4.263492, 9.492063
 31, 20
 0.250000, 0.000000, 0.000000, 2.000000, 3.000000
 168.333333, 30.152475, 6.461386, 5.562376, 12.110891
 221.333333, 31.504518, 4.891566, 4.210843, 9.135542
 234.666667, 29.193182, 4.450284, 3.953125, 8.437500
 222.000000, 29.234234, 4.690691, 4.034535, 8.777778
 205.666667, 26.371151, 4.940032, 4.359806, 9.374392
 207.666667, 28.961477, 4.695024, 4.391653, 9.138042
 225.333333, 29.153846, 4.769231, 4.062130, 8.872781
 217.666667, 28.581930, 4.589587, 4.191424, 8.823890
 205.333333, 28.759740, 4.668831, 4.207792, 8.977273
 211.000000, 27.007899, 4.560821, 4.157978, 8.826224
 222.000000, 28.082583, 4.699700, 4.001502, 8.771772
 206.000000, 25.734628, 4.477346, 4.165049, 8.692557
 214.666667, 28.992236, 4.760870, 4.271739, 9.071429
 218.666667, 30.199695, 4.925305, 4.163110, 9.118902
 206.000000, 30.262136, 5.309061, 4.475728, 9.839806
 198.000000, 26.190236, 5.030303, 4.361953, 9.501684
 206.666667, 29.406452, 4.938710, 4.462903, 9.487097
 211.000000, 29.063191, 4.690363, 4.418641, 9.173776
 215.333333, 29.198142, 5.219814, 4.198142, 9.465944
Histogram
0 0 10 2 0 0 0 3 234 344 9 13 23 1 0 0 0 0 1 0 0 0 0 0 0 0 0 0 0 0 0 0 0 0 0 0 0 0 0 0 0 0 0 0 0 0 0 0 0 0 0 0 0 0 0 0 0 0 0 0 0 0 0 0 0 0 0 0 0 0 0 0 0 0 0 0 0 0 0 0 0 0 0 0 0 0 0 0 0 0 0 0 0 0 0 0 0 0 0 0 
Cache Miss Ratio
NaN
Average number of keys
NaN
numOfSets
403152
numOfGets
0
numOfMultiGets
0
