 0, 21
 0.250000, 1.000000, 0.000000, 2.000000, 15.000000
 250.333333, 94.242344, 12.346205, 3.677763, 16.093209
 267.333333, 119.307980, 14.865337, 3.678304, 18.608479
 262.666667, 113.370558, 13.425127, 3.690355, 17.229695
 266.666667, 114.256250, 13.671250, 3.716250, 17.418750
 260.000000, 121.166667, 14.870513, 3.901282, 18.801282
 263.000000, 118.263625, 15.045627, 3.741445, 18.847909
 250.666667, 118.728723, 14.843085, 3.954787, 18.853723
 244.000000, 115.635246, 16.270492, 4.068306, 20.377049
 264.666667, 117.950882, 14.968514, 3.748111, 18.741814
 279.666667, 118.262217, 13.688915, 3.550656, 17.263409
 248.333333, 119.438926, 16.283221, 3.995973, 20.308725
 261.000000, 117.393359, 14.241379, 3.777778, 18.071520
 258.000000, 117.284238, 14.835917, 3.784238, 18.715762
 258.333333, 118.384516, 14.534194, 3.818065, 18.405161
 117.666667, 114.898017, 28.991501, 8.535411, 37.617564
 20.666667, 126.661290, 314.500000, 48.225806, 363.048387
 127.666667, 121.718016, 26.804178, 7.208877, 34.652742
 229.000000, 116.593886, 16.505095, 4.307132, 20.879185
 256.000000, 122.186198, 15.641927, 3.868490, 19.552083
 229.666667, 108.047896, 15.085631, 4.220610, 19.364296
 1, 21
 0.250000, 0.000000, 0.000000, 1.000000, 2.000000
 227.666667, 96.221083, 12.894583, 4.049780, 16.995608
 254.000000, 118.489501, 14.564304, 3.828084, 18.500000
 273.333333, 116.779268, 14.078049, 3.620732, 17.736585
 267.000000, 115.494382, 13.891386, 3.700375, 17.635456
 266.000000, 119.759398, 14.557644, 3.763158, 18.377193
 259.000000, 116.799228, 15.194337, 3.812098, 19.052767
 254.000000, 117.767717, 14.665354, 3.912073, 18.603675
 258.000000, 119.348837, 16.686047, 3.846253, 20.559432
 266.333333, 118.172716, 14.889862, 3.727159, 18.643304
 273.333333, 116.156098, 13.451220, 3.617073, 17.110976
 243.000000, 116.312757, 15.555556, 4.027435, 19.669410
 264.666667, 116.880353, 14.299748, 3.746851, 18.079345
 254.333333, 118.034076, 15.173001, 3.885976, 19.110092
 261.000000, 119.075351, 14.719029, 3.785441, 18.550447
 123.000000, 115.466125, 30.070461, 8.230352, 38.382114
 16.000000, 121.750000, 258.583333, 62.604167, 321.229167
 128.666667, 122.215026, 33.044041, 7.440415, 40.797927
 244.000000, 122.520492, 17.191257, 4.062842, 21.295082
 242.333333, 118.390646, 15.171939, 4.096286, 19.309491
 246.000000, 112.092141, 15.523035, 3.972900, 19.521680
 2, 21
 0.250000, 0.000000, 0.000000, 1.000000, 12.000000
 242.000000, 91.902204, 12.000000, 3.823691, 15.876033
 253.000000, 115.544137, 14.280632, 3.882740, 18.235837
 265.000000, 111.535849, 13.498113, 3.718239, 17.274214
 269.000000, 115.452292, 13.752169, 3.695167, 17.470880
 243.333333, 117.343836, 14.684932, 3.998630, 18.863014
 251.000000, 114.938911, 14.738380, 3.903054, 18.731740
 249.000000, 117.274431, 15.104418, 3.994645, 19.141901
 250.000000, 116.988000, 16.286667, 3.973333, 20.296000
 253.666667, 114.174770, 14.513798, 3.879106, 18.440210
 274.666667, 117.466019, 13.520631, 3.574029, 17.166262
 251.333333, 118.096817, 15.742706, 3.953581, 19.721485
 268.666667, 119.624069, 14.549628, 3.697270, 18.271712
 256.666667, 117.159740, 14.796104, 3.825974, 18.706494
 258.333333, 118.322581, 14.468387, 3.821935, 18.338065
 116.333333, 114.942693, 31.383954, 8.578797, 40.057307
 16.333333, 123.612245, 242.612245, 59.918367, 304.204082
 122.666667, 121.160326, 26.510870, 6.739130, 34.692935
 234.666667, 118.863636, 16.973011, 4.213068, 21.235795
 247.000000, 117.134953, 14.939271, 4.001350, 18.989204
 248.666667, 113.770777, 15.781501, 3.938338, 19.757373
 3, 21
 0.250000, 0.000000, 0.000000, 11.000000, 11.000000
 240.000000, 96.987500, 12.615278, 3.895833, 16.548611
 262.000000, 118.773537, 14.731552, 3.750636, 18.558524
 266.000000, 115.230576, 13.961153, 3.704261, 17.701754
 269.666667, 116.229913, 13.851669, 3.683560, 17.572311
 259.666667, 119.451861, 14.740693, 3.842105, 18.655969
 250.666667, 113.477394, 14.406915, 3.922872, 18.396277
 242.333333, 115.543329, 14.674003, 4.090784, 18.823934
 252.000000, 117.259259, 16.283069, 3.943122, 20.260582
 255.333333, 116.086162, 14.758486, 3.840731, 18.673629
 271.666667, 116.795092, 13.580368, 3.630675, 17.249080
 231.333333, 113.433718, 15.070605, 4.244957, 19.386167
 263.333333, 117.554430, 14.269620, 3.755696, 18.074684
 259.333333, 117.580977, 14.818766, 3.805913, 18.678663
 253.666667, 115.754271, 14.306176, 3.890933, 18.248357
 128.666667, 121.621762, 29.015544, 7.727979, 36.904145
 15.333333, 119.282609, 243.086957, 65.434783, 308.565217
 133.333333, 123.595000, 30.935000, 7.487500, 38.447500
 236.333333, 120.098731, 17.098731, 4.197461, 21.321580
 241.666667, 117.379310, 14.834483, 4.071724, 18.973793
 219.333333, 107.056231, 14.866261, 4.367781, 19.323708
 4, 21
 0.250000, 1.000000, 0.000000, 10.000000, 11.000000
 241.333333, 98.408840, 12.982044, 3.813536, 16.852210
 259.666667, 117.695764, 14.622593, 3.781772, 18.474968
 274.666667, 115.814320, 13.885922, 3.605583, 17.525485
 276.000000, 118.158213, 14.091787, 3.592995, 17.712560
 257.333333, 120.042746, 14.791451, 3.906736, 18.740933
 264.666667, 116.847607, 14.899244, 3.735516, 18.676322
 254.666667, 119.106021, 15.010471, 3.908377, 18.947644
 255.000000, 119.231373, 16.418301, 3.881046, 20.346405
 252.333333, 115.640687, 14.712021, 3.869221, 18.673712
 272.333333, 116.365973, 13.422277, 3.623011, 17.100367
 250.333333, 118.829561, 16.019973, 3.950732, 20.014647
 265.000000, 119.057862, 14.435220, 3.735849, 18.208805
 253.000000, 117.524374, 15.077734, 3.895916, 19.034256
 269.666667, 122.616811, 15.074166, 3.671199, 18.782447
 110.666667, 110.385542, 28.572289, 8.951807, 37.614458
 15.666667, 123.702128, 249.851064, 62.659574, 313.936170
 125.666667, 120.771883, 29.029178, 7.936340, 36.989390
 229.666667, 117.544267, 16.804064, 4.314949, 21.158200
 240.333333, 115.948682, 14.950069, 4.108183, 19.112344
 237.333333, 110.532303, 15.217697, 4.113764, 19.373596
 5, 21
 0.250000, 0.000000, 0.000000, 10.000000, 11.000000
 229.000000, 95.173217, 12.659389, 3.970888, 16.705968
 254.000000, 116.788714, 14.610236, 3.893701, 18.547244
 274.666667, 116.643204, 14.097087, 3.578883, 17.737864
 267.333333, 114.600998, 13.604738, 3.679551, 17.345387
 267.000000, 121.146067, 14.853933, 3.714107, 18.670412
 261.333333, 116.056122, 14.799745, 3.760204, 18.636480
 243.000000, 116.109739, 14.657064, 4.090535, 18.784636
 237.000000, 115.243319, 16.206751, 4.187060, 20.434599
 267.666667, 117.977584, 14.853051, 3.686177, 18.586550
 268.000000, 115.593284, 13.468905, 3.686567, 17.200249
 236.666667, 112.990141, 15.487324, 4.140845, 19.711268
 260.333333, 118.368758, 14.395647, 3.793854, 18.231754
 259.000000, 118.462033, 14.862291, 3.767053, 18.727156
 260.000000, 117.378205, 14.369231, 3.801282, 18.205128
 116.000000, 115.048851, 31.063218, 8.600575, 39.698276
 15.000000, 122.977778, 242.422222, 66.288889, 309.355556
 121.666667, 121.991781, 32.969863, 7.909589, 41.054795
 230.666667, 117.128613, 16.007225, 4.277457, 20.330925
 240.333333, 116.219140, 14.889043, 4.128988, 19.058252
 223.333333, 107.722388, 14.934328, 4.358209, 19.349254
 6, 21
 0.250000, 0.000000, 0.000000, 9.000000, 11.000000
 255.000000, 95.874510, 12.704575, 3.656209, 16.386928
 264.000000, 119.521465, 14.781566, 3.714646, 18.570707
 259.666667, 112.666239, 13.456996, 3.826701, 17.317073
 270.000000, 117.588889, 13.953086, 3.637037, 17.659259
 254.000000, 118.658793, 14.405512, 3.935696, 18.408136
 270.333333, 118.082614, 15.120838, 3.657213, 18.819975
 245.666667, 116.415197, 14.724559, 4.054274, 18.818182
 237.666667, 114.792426, 15.513324, 4.185133, 19.729313
 254.000000, 115.111549, 14.629921, 3.885827, 18.566929
 278.666667, 118.016746, 13.739234, 3.551435, 17.334928
 249.000000, 118.697456, 15.595716, 3.991968, 19.614458
 268.666667, 119.096774, 14.285360, 3.698511, 18.017370
 254.666667, 117.013089, 14.827225, 3.861257, 18.753927
 265.000000, 118.757233, 14.583648, 3.738365, 18.357233
 120.333333, 116.988920, 32.506925, 8.357341, 40.911357
 18.333333, 123.236364, 300.218182, 55.545455, 355.800000
 125.000000, 119.008000, 29.488000, 7.712000, 37.498667
 223.333333, 117.082090, 16.749254, 4.307463, 21.228358
 237.000000, 115.658228, 14.825598, 4.165963, 19.052039
 238.333333, 108.295105, 15.156643, 4.072727, 19.253147
 7, 21
 0.250000, 1.000000, 0.000000, 11.000000, 12.000000
 245.666667, 90.582090, 11.869742, 3.807327, 15.753053
 257.000000, 118.046693, 14.385214, 3.792477, 18.277562
 278.333333, 116.718563, 13.959281, 3.571257, 17.554491
 281.000000, 118.366548, 14.209964, 3.537367, 17.772242
 263.000000, 122.149556, 15.257288, 3.771863, 19.058302
 264.666667, 118.557935, 15.006297, 3.738035, 18.785894
 247.333333, 118.030997, 14.931267, 4.021563, 18.983827
 250.333333, 118.051931, 16.382157, 3.962716, 20.386152
 260.666667, 117.562660, 15.061381, 3.796675, 18.893862
 284.000000, 121.377934, 14.034038, 3.494131, 17.561033
 251.666667, 118.826490, 16.015894, 3.936424, 19.989404
 251.000000, 116.338645, 14.212483, 3.899070, 18.193891
 252.333333, 116.974901, 14.801849, 3.911493, 18.760898
 256.000000, 117.769531, 14.445313, 3.867188, 18.350260
 126.333333, 119.372032, 31.137203, 7.583113, 39.065963
 15.333333, 122.239130, 259.304348, 65.478261, 324.804348
 114.000000, 122.134503, 35.207602, 8.523392, 43.982456
 251.333333, 124.482759, 17.493369, 3.950928, 21.473475
 236.333333, 117.228491, 15.076164, 4.141044, 19.297602
 231.333333, 110.631124, 15.275216, 4.206052, 19.546110
 8, 21
 0.250000, 0.000000, 0.000000, 10.000000, 11.000000
 237.666667, 92.061711, 11.873773, 4.018233, 15.936886
 255.666667, 116.511082, 14.546284, 3.823990, 18.458931
 273.000000, 116.282051, 14.031746, 3.626374, 17.692308
 263.333333, 114.163291, 13.720253, 3.736709, 17.517722
 260.666667, 119.910486, 14.704604, 3.789003, 18.539642
 258.333333, 116.625806, 14.869677, 3.825806, 18.741935
 252.666667, 118.861478, 15.040897, 3.955145, 19.019789
 246.333333, 117.820027, 16.301759, 4.018945, 20.369418
 261.000000, 117.026820, 14.860792, 3.766284, 18.701149
 263.333333, 114.253165, 13.302532, 3.735443, 17.100000
 239.333333, 115.774373, 15.593315, 4.123955, 19.774373
 259.666667, 116.919127, 14.281130, 3.798460, 18.132221
 253.666667, 116.810775, 14.843627, 3.900131, 18.787122
 266.333333, 119.748436, 14.710889, 3.728411, 18.463079
 127.333333, 119.772251, 29.628272, 7.916230, 37.570681
 14.000000, 121.095238, 316.738095, 51.309524, 386.833333
 127.000000, 121.582677, 30.829396, 7.837270, 38.703412
 223.666667, 117.467958, 16.460507, 4.385991, 20.913562
 245.333333, 118.201087, 15.043478, 4.036685, 19.120924
 241.000000, 113.022130, 15.726141, 4.000000, 19.817427
 9, 21
 0.250000, 0.000000, 0.000000, 2.000000, 2.000000
 234.666667, 94.110795, 12.275568, 4.018466, 16.326705
 262.666667, 117.865482, 14.739848, 3.777919, 18.545685
 280.000000, 117.804762, 14.235714, 3.544048, 17.807143
 264.333333, 115.697352, 13.968474, 3.738966, 17.754098
 264.333333, 121.200504, 14.866330, 3.781841, 18.698613
 253.666667, 114.155059, 14.800263, 3.869908, 18.743758
 244.666667, 116.111717, 14.722071, 4.042234, 18.831063
 246.666667, 117.097297, 16.408108, 4.031081, 20.470270
 257.666667, 116.569211, 14.847348, 3.842173, 18.727038
 279.333333, 116.576372, 13.566826, 3.547733, 17.146778
 235.333333, 113.678470, 15.128895, 4.205382, 19.378187
 258.666667, 117.730670, 14.481959, 3.835052, 18.346649
 265.333333, 119.966080, 15.293970, 3.736181, 19.065327
 254.333333, 117.218873, 14.279161, 3.888598, 18.211009
 125.666667, 117.533156, 29.984085, 7.946950, 37.957560
 16.000000, 122.083333, 257.416667, 62.729167, 320.187500
 119.333333, 119.804469, 29.910615, 8.324022, 38.293296
 219.333333, 120.235562, 17.335866, 4.484802, 21.907295
 250.333333, 119.177097, 15.241012, 3.942743, 19.234354
 239.333333, 110.763231, 15.242340, 4.110028, 19.396936
 10, 21
 0.250000, 0.000000, 0.000000, 2.000000, 9.000000
 228.666667, 88.857143, 11.686589, 4.062682, 15.836735
 258.333333, 117.840000, 14.774194, 3.800000, 18.645161
 263.333333, 115.126582, 13.678481, 3.694937, 17.467089
 270.666667, 116.908867, 13.942118, 3.660099, 17.640394
 258.333333, 118.708387, 14.378065, 3.854194, 18.291613
 268.000000, 117.366915, 15.368159, 3.656716, 19.105721
 258.000000, 119.357881, 14.780362, 3.839793, 18.666667
 245.000000, 116.387755, 16.476190, 4.021769, 20.556463
 263.666667, 117.962073, 14.998736, 3.757269, 18.790139
 281.333333, 118.773697, 13.825829, 3.508294, 17.380332
 238.333333, 116.911888, 15.490909, 4.145455, 19.686713
 264.666667, 117.124685, 14.227960, 3.715365, 17.994962
 256.666667, 117.425974, 14.801299, 3.863636, 18.700000
 251.666667, 116.683444, 14.406623, 3.849007, 18.380132
 125.000000, 116.856000, 30.792000, 8.050667, 38.885333
 14.666667, 119.500000, 257.977273, 68.431818, 326.431818
 125.666667, 123.161804, 36.880637, 7.864721, 44.838196
 224.333333, 118.276374, 16.812779, 4.384844, 21.270431
 231.666667, 116.253237, 14.928058, 4.218705, 19.246043
 237.666667, 113.245442, 15.539972, 4.130435, 19.713885
 11, 21
 0.250000, 0.000000, 0.000000, 9.000000, 10.000000
 231.333333, 96.780980, 12.772334, 3.989914, 16.808357
 254.000000, 115.679790, 14.278215, 3.910761, 18.229659
 255.333333, 111.171018, 13.301567, 3.817232, 17.198433
 274.666667, 117.316748, 13.964806, 3.605583, 17.609223
 257.666667, 118.686934, 14.482536, 3.808538, 18.397154
 251.000000, 115.264276, 15.086321, 3.925631, 19.084993
 240.666667, 115.646814, 14.430748, 4.088643, 18.581717
 233.333333, 113.897143, 16.235714, 4.218571, 20.512857
 246.333333, 112.772666, 14.458728, 3.940460, 18.520974
 268.000000, 114.475124, 13.252488, 3.706468, 16.982587
 240.000000, 114.425000, 15.401389, 4.116667, 19.568056
 265.666667, 119.237139, 14.396487, 3.720201, 18.160602
 263.333333, 119.894937, 15.135443, 3.749367, 18.935443
 267.000000, 120.091136, 14.821473, 3.701623, 18.568040
 119.666667, 115.752089, 29.763231, 8.412256, 38.200557
 16.000000, 124.437500, 283.395833, 62.145833, 346.166667
 132.666667, 125.020101, 33.766332, 7.515075, 41.306533
 219.000000, 118.913242, 16.722983, 4.502283, 21.287671
 252.333333, 121.737120, 15.480845, 3.931308, 19.443857
 234.000000, 112.632479, 15.545584, 4.156695, 19.774929
 12, 21
 0.250000, 0.000000, 0.000000, 9.000000, 10.000000
 236.666667, 89.352113, 11.732394, 3.907042, 15.708451
 255.333333, 117.221932, 14.642298, 3.822454, 18.561358
 266.333333, 115.337922, 13.859825, 3.709637, 17.605757
 260.666667, 114.774936, 13.757033, 3.787724, 17.597187
 254.333333, 118.526868, 14.727392, 3.897772, 18.677588
 251.666667, 115.162914, 14.777483, 3.899338, 18.765563
 226.000000, 112.328909, 14.017699, 4.392330, 18.445428
 238.000000, 116.542017, 16.528011, 4.148459, 20.729692
 254.333333, 115.292267, 14.680210, 3.868938, 18.602883
 273.000000, 116.247863, 13.483516, 3.619048, 17.146520
 243.000000, 118.010974, 15.436214, 4.076818, 19.550069
 272.666667, 120.091687, 14.612469, 3.619804, 18.279951
 259.666667, 119.161746, 15.155327, 3.813864, 19.011553
 251.666667, 116.533775, 14.509934, 3.925828, 18.482119
 124.000000, 117.473118, 30.747312, 7.881720, 38.895161
 18.666667, 124.125000, 301.785714, 53.750000, 355.553571
 129.333333, 123.868557, 28.652062, 7.649485, 36.363402
 232.000000, 119.558908, 16.893678, 4.123563, 21.206897
 247.000000, 119.325236, 15.358974, 3.995951, 19.407557
 247.333333, 114.974394, 15.882749, 3.938005, 19.863881
 13, 21
 0.250000, 0.000000, 0.000000, 8.000000, 9.000000
 239.000000, 93.768480, 12.475593, 3.885635, 16.411437
 255.333333, 118.644909, 14.586162, 3.881201, 18.514360
 271.000000, 115.186962, 13.979090, 3.559656, 17.669127
 274.333333, 117.314702, 13.985419, 3.602673, 17.628190
 258.333333, 117.623226, 14.474839, 3.849032, 18.393548
 271.000000, 117.767528, 15.216482, 3.632226, 18.906519
 252.000000, 118.412698, 15.015873, 3.961640, 19.007937
 238.666667, 115.060056, 16.015363, 4.157821, 20.215084
 261.333333, 117.211735, 14.854592, 3.789541, 18.676020
 268.333333, 115.686957, 13.385093, 3.679503, 17.110559
 256.000000, 120.132813, 16.242188, 3.871094, 20.139323
 265.333333, 118.899497, 14.443467, 3.707286, 18.207286
 255.333333, 116.331593, 14.768930, 3.810705, 18.690601
 258.000000, 118.417313, 14.602067, 3.810078, 18.476744
 131.000000, 120.470738, 33.409669, 7.618321, 41.058524
 15.666667, 120.127660, 239.276596, 64.063830, 303.361702
 131.333333, 124.340102, 34.030457, 7.591371, 41.647208
 236.333333, 120.637518, 17.220028, 4.172073, 21.451340
 250.000000, 120.502667, 15.398667, 3.976000, 19.400000
 239.333333, 114.059889, 15.728412, 4.089136, 19.846797
 14, 21
 0.250000, 0.000000, 0.000000, 7.000000, 9.000000
 239.333333, 93.688022, 12.392758, 3.896936, 16.360724
 264.666667, 119.589421, 14.813602, 3.732997, 18.589421
 274.666667, 114.655340, 13.662621, 3.553398, 17.300971
 271.666667, 116.855215, 13.931288, 3.623313, 17.615951
 255.666667, 119.670143, 14.710561, 3.805737, 18.655802
 265.666667, 117.867001, 15.120452, 3.683814, 18.888331
 247.333333, 117.128032, 14.611860, 3.997305, 18.657682
 254.666667, 119.137435, 16.701571, 3.903141, 20.628272
 262.000000, 119.033079, 14.988550, 3.769720, 18.811705
 268.000000, 115.674129, 13.537313, 3.681592, 17.268657
 250.333333, 117.173103, 15.712383, 3.953395, 19.708389
 265.000000, 120.230189, 14.646541, 3.738365, 18.422642
 259.666667, 118.509628, 15.007702, 3.762516, 18.856226
 264.000000, 120.522727, 14.713384, 3.757576, 18.506313
 129.333333, 121.082474, 34.273196, 7.657216, 42.051546
 18.333333, 125.727273, 249.545455, 54.745455, 304.309091
 129.000000, 120.953488, 36.072351, 7.640827, 43.821705
 238.666667, 119.998603, 16.727654, 4.164804, 20.916201
 248.000000, 119.745968, 15.434140, 3.982527, 19.467742
 228.333333, 109.475912, 15.094891, 4.284672, 19.423358
 15, 21
 0.250000, 13.000000, 0.000000, 2.000000, 10.000000
 234.333333, 96.903272, 12.792319, 4.027027, 16.876245
 251.333333, 117.261273, 14.506631, 3.887268, 18.490716
 272.333333, 115.029376, 13.948592, 3.646267, 17.618115
 275.333333, 117.047215, 14.012107, 3.604116, 17.640436
 256.666667, 118.372727, 14.732468, 3.866234, 18.645455
 250.000000, 114.864000, 14.749333, 3.948000, 18.752000
 232.333333, 114.385940, 14.304161, 4.262554, 18.629842
 246.000000, 116.346883, 16.425474, 4.018970, 20.482385
 254.666667, 114.126963, 14.246073, 3.891361, 18.168848
 278.666667, 116.551435, 13.513158, 3.563397, 17.104067
 243.333333, 116.434247, 15.382192, 4.058904, 19.497260
 271.333333, 121.267813, 14.679361, 3.625307, 18.356265
 260.666667, 118.448849, 15.153453, 3.817136, 18.996164
 251.333333, 114.714854, 14.110080, 3.924403, 18.088859
 128.000000, 120.583333, 30.067708, 7.822917, 37.921875
 18.000000, 123.296296, 242.462963, 55.740741, 298.240741
 124.333333, 123.404826, 34.219839, 7.991957, 42.262735
 224.000000, 119.357143, 16.895833, 4.370536, 21.360119
 257.666667, 121.877102, 15.542044, 3.844761, 19.424321
 241.333333, 112.522099, 15.519337, 4.071823, 19.616022
 16, 21
 0.250000, 0.000000, 0.000000, 10.000000, 10.000000
 212.666667, 94.141066, 12.818182, 4.399687, 17.286834
 263.000000, 120.234474, 14.830165, 3.761724, 18.633714
 279.333333, 117.158711, 14.173031, 3.551313, 17.750597
 267.666667, 116.650062, 14.009963, 3.674969, 17.745953
 258.666667, 120.894330, 14.889175, 3.819588, 18.756443
 271.666667, 118.155828, 15.269939, 3.651534, 18.960736
 257.333333, 121.411917, 15.349741, 3.866580, 19.246114
 248.666667, 117.439678, 16.298928, 3.951743, 20.328418
 252.000000, 115.194444, 14.681217, 3.900794, 18.646825
 277.333333, 118.581731, 13.731971, 3.578125, 17.337740
 238.666667, 117.639665, 15.995810, 4.128492, 20.180168
 263.333333, 120.315190, 14.669620, 3.751899, 18.465823
 244.333333, 114.508868, 14.462483, 4.062756, 18.559345
 268.333333, 119.590062, 14.686957, 3.690683, 18.411180
 126.000000, 118.071429, 30.563492, 7.976190, 38.616402
 16.333333, 118.877551, 235.020408, 61.285714, 297.408163
 132.000000, 121.792929, 29.919192, 7.507576, 37.497475
 240.000000, 120.820833, 17.215278, 4.127778, 21.380556
 254.666667, 121.293194, 15.441099, 3.899215, 19.374346
 243.000000, 109.636488, 15.130316, 3.986283, 19.164609
 17, 21
 0.250000, 15.000000, 0.000000, 1.000000, 2.000000
 228.333333, 91.497810, 12.129927, 4.075912, 16.275912
 251.333333, 116.228117, 14.283820, 3.880637, 18.261273
 267.333333, 114.735661, 13.789277, 3.675810, 17.524938
 266.333333, 114.316646, 13.734668, 3.679599, 17.489362
 262.000000, 121.133588, 14.880407, 3.805344, 18.726463
 261.666667, 115.824204, 14.835669, 3.783439, 18.653503
 244.000000, 114.583333, 14.333333, 4.066940, 18.424863
 242.333333, 117.121045, 16.719395, 4.071527, 20.845942
 256.000000, 115.360677, 14.558594, 3.777344, 18.463542
 275.000000, 117.255758, 13.598788, 3.607273, 17.235152
 252.333333, 118.202114, 15.548217, 3.936592, 19.508587
 271.000000, 121.650677, 14.755228, 3.658057, 18.444034
 245.333333, 115.915761, 14.661685, 4.009511, 18.743207
 252.666667, 114.881266, 14.117414, 3.935356, 18.076517
 122.666667, 114.168478, 29.027174, 8.206522, 37.260870
 19.666667, 125.152542, 336.254237, 50.288136, 387.135593
 127.333333, 122.811518, 32.698953, 7.732984, 40.552356
 226.000000, 117.404130, 16.641593, 4.390855, 21.067847
 246.000000, 117.672087, 15.143631, 4.029810, 19.207317
 240.333333, 114.238558, 15.762829, 4.077670, 19.880721
 18, 21
 0.250000, 8.000000, 0.000000, 1.000000, 28.000000
 252.666667, 91.617414, 11.932718, 3.732190, 15.716359
 257.333333, 118.290155, 14.529793, 3.863990, 18.418394
 268.333333, 113.080745, 13.754037, 3.700621, 17.496894
 268.666667, 117.669975, 14.117866, 3.621588, 17.839950
 261.666667, 119.800000, 14.675159, 3.777070, 18.510828
 268.333333, 119.105590, 15.269565, 3.677019, 18.995031
 243.000000, 117.327846, 14.824417, 4.100137, 18.951989
 242.000000, 113.938017, 15.831956, 4.045455, 19.972452
 260.000000, 116.291026, 14.693590, 3.802564, 18.525641
 272.000000, 115.642157, 13.340686, 3.607843, 17.011029
 242.666667, 115.064560, 15.252747, 4.071429, 19.373626
 267.666667, 120.199253, 14.719801, 3.684932, 18.455791
 259.333333, 119.767352, 15.210797, 3.808483, 19.069409
 260.333333, 116.425096, 14.485275, 3.813060, 18.332907
 124.666667, 119.596257, 29.580214, 8.010695, 37.617647
 16.666667, 122.180000, 260.580000, 60.220000, 320.820000
 136.333333, 126.158924, 35.376528, 7.288509, 42.713936
 238.000000, 121.018207, 17.091036, 4.159664, 21.294118
 239.666667, 117.166898, 14.909597, 4.136300, 19.089013
 239.666667, 112.586926, 15.632823, 4.076495, 19.762170
 19, 21
 0.250000, 8.000000, 0.000000, 1.000000, 28.000000
 247.333333, 95.971698, 12.613208, 3.805930, 16.470350
 251.666667, 118.051656, 14.486093, 3.917881, 18.449007
 271.666667, 114.679755, 13.817178, 3.631902, 17.501840
 268.666667, 118.017370, 14.151365, 3.682382, 17.863524
 257.333333, 118.648964, 14.581606, 3.790155, 18.489637
 263.333333, 116.449367, 14.789873, 3.746835, 18.587342
 248.666667, 117.780161, 14.844504, 4.005362, 18.876676
 243.666667, 118.083447, 16.510260, 4.072503, 20.622435
 252.333333, 117.243065, 15.030383, 3.892999, 18.992074
 286.333333, 120.394645, 13.917346, 3.462165, 17.416764
 238.666667, 116.417598, 15.667598, 4.141061, 19.846369
 268.000000, 116.940299, 14.332090, 3.703980, 18.062189
 245.333333, 114.894022, 14.783967, 4.006793, 18.858696
 256.666667, 116.833766, 14.518182, 3.863636, 18.422078
 117.666667, 115.750708, 28.025496, 8.597734, 36.651558
 15.000000, 122.244444, 264.488889, 60.777778, 331.422222
 138.333333, 124.026506, 31.537349, 7.195181, 38.780723
 235.333333, 118.356941, 16.450425, 4.208215, 20.706799
 252.333333, 120.948481, 15.605020, 3.922061, 19.570674
 233.333333, 109.361429, 15.258571, 4.101429, 19.461429
 20, 21
 0.250000, 2.000000, 0.000000, 27.000000, 28.000000
 232.000000, 91.390805, 12.250000, 4.037356, 16.346264
 255.666667, 117.741851, 14.543677, 3.880052, 18.456323
 260.666667, 112.973146, 13.687980, 3.718670, 17.523018
 272.666667, 119.645477, 14.359413, 3.644254, 18.029340
 267.333333, 123.089776, 15.182045, 3.713217, 18.931421
 259.666667, 115.934531, 14.973042, 3.808729, 18.822850
 241.000000, 114.764869, 14.473029, 4.113416, 18.625173
 260.666667, 120.214834, 16.653453, 3.805627, 20.497442
 261.333333, 116.566327, 14.607143, 3.781888, 18.432398
 268.000000, 116.004975, 13.527363, 3.685323, 17.258706
 246.000000, 117.600271, 15.933604, 4.004065, 19.997290
 254.000000, 115.447507, 14.199475, 3.885827, 18.144357
 252.333333, 116.297226, 14.833554, 3.914135, 18.801849
 259.666667, 117.673941, 14.585366, 3.803594, 18.436457
 125.000000, 118.570667, 28.717333, 7.968000, 36.730667
 18.000000, 124.685185, 263.962963, 55.759259, 319.759259
 124.000000, 122.010753, 31.309140, 7.956989, 39.376344
 230.000000, 119.033333, 16.788406, 4.311594, 21.136232
 244.666667, 118.878747, 15.050409, 3.990463, 19.137602
 235.000000, 110.418440, 15.323404, 4.134752, 19.520567
 21, 21
 0.250000, 0.000000, 0.000000, 28.000000, 28.000000
 226.666667, 96.319118, 12.775000, 4.142647, 16.976471
 265.000000, 119.973585, 14.796226, 3.739623, 18.569811
 277.333333, 115.151442, 13.842548, 3.572115, 17.447115
 278.333333, 118.965269, 14.146108, 3.550898, 17.737725
 262.333333, 119.275731, 14.783990, 3.770013, 18.611182
 256.666667, 115.596104, 14.954545, 3.837662, 18.849351
 236.333333, 115.715092, 14.689704, 4.200282, 18.943583
 251.000000, 117.069057, 16.191235, 3.958831, 20.183267
 257.000000, 115.197147, 14.612192, 3.861219, 18.501946
 276.000000, 116.112319, 13.583333, 3.597826, 17.205314
 244.000000, 117.159836, 15.400273, 4.045082, 19.497268
 270.666667, 119.544335, 14.559113, 3.646552, 18.253695
 251.666667, 116.074172, 14.637086, 3.920530, 18.614570
 270.000000, 120.181481, 14.843210, 3.676543, 18.545679
 117.666667, 114.303116, 31.101983, 8.558074, 39.725212
 15.333333, 124.565217, 245.195652, 49.282609, 310.500000
 130.666667, 122.477041, 31.186224, 7.489796, 38.846939
 234.333333, 121.250356, 16.843528, 4.244666, 21.113798
 255.666667, 122.645372, 15.568449, 3.856584, 19.483703
 227.333333, 109.870968, 15.171554, 4.281525, 19.501466
 22, 21
 0.250000, 6.000000, 0.000000, 27.000000, 28.000000
 238.333333, 97.095105, 12.724476, 3.934266, 16.703497
 252.000000, 116.058201, 14.387566, 3.906085, 18.355820
 269.666667, 114.462299, 13.885043, 3.676143, 17.593325
 265.666667, 117.735257, 13.978670, 3.718946, 17.737767
 261.000000, 120.937420, 14.736909, 3.802043, 18.567050
 254.333333, 115.190039, 14.667104, 3.870249, 18.595020
 249.000000, 118.524766, 14.728246, 3.979920, 18.755020
 245.666667, 116.301221, 16.379919, 4.047490, 20.459973
 256.666667, 114.742857, 14.512987, 3.858442, 18.406494
 268.000000, 115.935323, 13.529851, 3.705224, 17.271144
 246.666667, 117.255405, 15.691892, 4.009459, 19.747297
 255.666667, 117.086050, 14.215124, 3.876141, 18.129074
 249.000000, 116.362784, 14.801874, 3.951807, 18.832664
 249.333333, 116.569519, 14.399733, 3.967914, 18.418449
 122.333333, 117.032698, 30.348774, 8.193460, 38.566757
 16.666667, 120.560000, 254.980000, 58.800000, 315.240000
 122.333333, 120.087193, 29.084469, 8.125341, 37.269755
 223.000000, 119.112108, 16.950673, 4.427504, 21.421525
 253.333333, 121.869737, 15.569737, 3.911842, 19.518421
 243.000000, 113.480110, 15.565158, 4.041152, 19.643347
 23, 21
 0.250000, 2.000000, 0.000000, 27.000000, 28.000000
 250.333333, 96.727031, 12.719041, 3.797603, 16.545939
 262.333333, 119.621347, 14.607370, 3.778907, 18.421855
 268.333333, 115.836025, 13.950311, 3.699379, 17.677019
 260.333333, 116.370038, 13.900128, 3.775928, 17.736236
 254.666667, 119.172775, 14.641361, 3.896597, 18.583770
 259.666667, 116.080873, 14.916560, 3.788190, 18.765083
 251.333333, 117.314324, 15.011936, 3.977454, 19.013263
 247.333333, 117.338275, 16.316712, 3.929919, 20.367925
 255.666667, 115.915254, 14.734029, 3.830508, 18.633638
 274.000000, 116.884428, 13.574209, 3.616788, 17.222628
 249.000000, 118.257028, 15.496653, 3.966533, 19.512718
 262.000000, 117.975827, 14.362595, 3.741730, 18.179389
 245.666667, 115.522388, 14.586160, 3.997286, 18.660787
 255.666667, 118.097784, 14.655802, 3.842243, 18.565841
 119.666667, 113.885794, 34.097493, 8.348189, 42.470752
 16.666667, 121.220000, 323.400000, 58.880000, 383.540000
 123.666667, 122.757412, 27.067385, 6.603774, 33.754717
 230.666667, 119.335260, 16.658960, 4.302023, 20.986994
 257.666667, 121.416559, 15.495472, 3.842173, 19.376455
 240.333333, 112.278779, 15.654646, 4.081831, 19.771151
 24, 21
 0.250000, 8.000000, 0.000000, 26.000000, 27.000000
 251.666667, 94.907285, 12.482119, 3.724503, 16.234437
 260.333333, 118.573624, 14.719590, 3.763124, 18.562100
 269.666667, 114.310260, 13.996292, 3.672435, 17.703337
 261.333333, 117.121173, 13.998724, 3.744898, 17.825255
 261.333333, 120.382653, 14.686224, 3.788265, 18.521684
 250.333333, 113.376831, 14.588549, 3.934754, 18.587217
 239.333333, 115.584958, 14.814763, 4.135097, 18.995822
 241.666667, 114.944828, 15.804138, 4.084138, 19.950345
 261.000000, 117.143040, 14.828863, 3.793103, 18.661558
 273.666667, 117.788063, 13.684531, 3.612667, 17.337393
 239.000000, 114.839609, 15.298466, 4.100418, 19.490934
 276.666667, 120.678313, 14.608434, 3.580723, 18.224096
 257.333333, 117.924870, 14.805699, 3.797927, 18.702073
 262.000000, 120.207379, 14.768448, 3.758270, 18.580153
 126.333333, 119.609499, 32.461741, 7.931398, 40.464380
 17.666667, 124.056604, 285.037736, 56.660377, 341.735849
 134.333333, 125.094293, 29.632754, 7.372208, 37.079404
 242.000000, 122.444904, 17.238292, 4.112948, 21.376033
 241.666667, 117.848276, 15.251034, 4.095172, 19.400000
 232.333333, 109.299857, 15.129125, 4.172166, 19.361549
 25, 21
 0.250000, 2.000000, 1.000000, 2.000000, 29.000000
 248.666667, 93.525469, 12.313673, 3.823056, 16.163539
 252.333333, 116.237781, 14.605020, 3.915456, 18.556143
 268.666667, 114.537221, 13.942928, 3.676179, 17.666253
 261.666667, 116.168153, 13.937580, 3.766879, 17.764331
 260.666667, 120.959079, 14.749361, 3.813299, 18.594629
 254.666667, 115.714660, 14.763089, 3.849476, 18.689791
 242.000000, 115.450413, 14.425620, 4.121212, 18.570248
 246.333333, 118.028417, 16.322057, 4.041949, 20.391069
 262.000000, 118.017812, 14.854962, 3.748092, 18.665394
 265.666667, 113.675031, 13.271016, 3.705144, 17.031368
 244.666667, 115.147139, 15.363760, 3.828338, 19.450954
 253.333333, 115.694737, 14.081579, 3.913158, 18.028947
 253.666667, 117.883049, 14.771353, 3.837057, 18.714849
 253.666667, 116.742444, 14.286465, 3.909330, 18.227332
 121.333333, 117.939560, 30.796703, 8.230769, 39.052198
 15.333333, 117.717391, 253.456522, 64.673913, 318.173913
 131.000000, 122.399491, 30.050891, 7.562341, 37.669211
 224.333333, 117.768202, 16.279346, 4.383358, 20.729569
 259.000000, 123.297297, 15.898327, 3.831403, 19.759331
 236.000000, 110.451977, 15.435028, 4.156780, 19.641243
 26, 21
 0.250000, 0.000000, 1.000000, 11.000000, 39.000000
 244.666667, 94.226158, 12.208447, 3.874659, 16.130790
 257.000000, 117.607004, 14.339818, 3.824903, 18.232166
 273.000000, 114.219780, 13.799756, 3.523810, 17.463980
 265.333333, 115.918342, 13.957286, 3.693467, 17.723618
 259.666667, 119.763800, 14.966624, 3.802311, 18.817715
 262.666667, 116.352792, 15.040609, 3.758883, 18.854061
 241.333333, 115.654696, 14.643646, 4.089779, 18.788674
 247.666667, 116.562584, 16.113055, 4.014805, 20.168237
 262.000000, 116.979644, 14.853690, 3.764631, 18.667939
 273.333333, 116.974390, 13.574390, 3.630488, 17.231707
 244.000000, 116.821038, 15.904372, 4.060109, 20.002732
 264.666667, 119.146096, 14.491184, 3.731738, 18.269521
 259.000000, 117.557272, 15.068211, 3.822394, 18.933076
 253.666667, 116.296978, 14.370565, 3.900131, 18.306176
 128.333333, 121.288312, 30.576623, 7.779221, 38.381818
 14.333333, 120.813953, 241.046512, 68.465116, 311.093023
 121.666667, 120.989041, 28.301370, 6.830137, 36.517808
 239.666667, 120.648122, 17.107093, 4.111266, 21.280946
 257.333333, 122.297927, 15.737047, 3.856218, 19.624352
 249.666667, 113.769025, 15.719626, 3.937250, 19.686248
 27, 21
 0.250000, 0.000000, 1.000000, 2.000000, 30.000000
 245.333333, 94.755435, 12.582880, 3.813859, 16.442935
 254.000000, 116.020997, 14.359580, 3.850394, 18.295276
 256.333333, 110.621586, 13.263979, 3.781534, 17.165150
 265.666667, 114.715182, 13.823087, 3.707654, 17.568381
 250.333333, 118.476698, 14.509987, 3.940080, 18.501997
 263.000000, 117.797212, 15.306717, 3.759189, 19.114068
 240.000000, 114.583333, 14.309722, 4.115278, 18.480556
 251.666667, 116.950993, 16.482119, 3.936424, 20.456954
 245.000000, 111.628571, 14.289796, 4.028571, 18.371429
 284.000000, 118.861502, 13.737089, 3.504695, 17.266432
 242.333333, 116.052270, 15.316369, 4.082531, 19.445667
 261.333333, 118.573980, 14.595663, 3.752551, 18.395408
 248.000000, 115.853495, 14.706989, 3.919355, 18.736559
 272.333333, 120.642595, 14.807834, 3.619339, 18.478580
 118.666667, 113.859551, 28.747191, 8.202247, 37.219101
 17.666667, 122.264151, 300.000000, 56.830189, 356.867925
 122.333333, 123.433243, 34.915531, 8.160763, 43.100817
 204.666667, 115.456026, 16.273616, 4.828990, 21.169381
 248.000000, 118.290323, 15.133065, 3.961022, 19.168011
 231.666667, 111.815827, 15.551079, 4.208633, 19.825899
 28, 21
 0.250000, 3.000000, 1.000000, 2.000000, 29.000000
 242.666667, 97.189560, 12.824176, 3.901099, 16.789835
 256.666667, 117.750649, 14.661039, 3.842857, 18.554545
 271.000000, 115.783518, 14.046740, 3.606396, 17.735547
 268.666667, 116.291563, 13.851117, 3.676179, 17.573201
 260.666667, 122.395141, 15.003836, 3.777494, 18.855499
 254.000000, 113.087927, 14.490814, 3.855643, 18.429134
 242.666667, 115.620879, 14.590659, 4.118132, 18.733516
 241.000000, 115.677732, 16.145228, 4.081604, 20.302905
 253.333333, 114.071053, 14.507895, 3.869737, 18.453947
 279.000000, 117.798088, 13.681004, 3.538829, 17.272401
 252.000000, 118.818783, 15.738095, 3.944444, 19.707672
 261.000000, 117.172414, 14.222222, 3.765006, 18.051086
 256.333333, 117.647594, 15.011704, 3.854356, 18.905072
 252.000000, 116.969577, 14.272487, 3.876984, 18.240741
 120.000000, 117.080556, 27.880556, 8.363889, 36.308333
 12.666667, 123.236842, 252.631579, 79.210526, 331.894737
 134.000000, 122.825871, 33.380597, 7.380597, 40.823383
 231.000000, 118.066378, 16.900433, 4.301587, 21.236652
 251.000000, 120.504648, 15.273572, 3.932271, 19.260292
 241.333333, 112.174033, 15.580110, 4.000000, 19.629834
 29, 21
 0.250000, 0.000000, 1.000000, 2.000000, 30.000000
 237.666667, 94.848527, 12.321178, 3.983170, 16.339411
 256.000000, 116.880208, 14.519531, 3.848958, 18.416667
 264.000000, 113.734848, 13.762626, 3.652778, 17.550505
 264.666667, 116.986146, 13.901763, 3.706549, 17.678841
 258.000000, 120.714470, 14.766150, 3.842377, 18.657623
 249.333333, 114.798128, 14.842246, 3.962567, 18.852941
 247.333333, 117.993261, 14.944744, 4.040431, 19.009434
 247.000000, 116.731444, 16.306343, 4.004049, 20.364372
 245.333333, 112.576087, 14.275815, 3.966033, 18.339674
 271.000000, 116.270603, 13.499385, 3.618696, 17.185732
 244.666667, 116.615804, 15.435967, 4.034060, 19.521798
 268.000000, 119.263682, 14.468905, 3.684080, 18.195274
 264.000000, 119.773990, 15.151515, 3.712121, 18.960859
 267.666667, 120.523039, 14.748443, 3.699875, 18.493151
 117.000000, 114.837607, 30.971510, 8.626781, 39.649573
 14.666667, 119.977273, 239.522727, 64.659091, 305.568182
 130.000000, 121.233333, 32.107692, 7.571795, 39.812821
 237.666667, 121.377279, 17.056101, 4.190743, 21.269285
 260.000000, 122.648718, 15.685897, 3.812821, 19.526923
 240.333333, 112.024965, 15.438280, 4.056865, 19.525659
 30, 21
 0.250000, 0.000000, 27.000000, 2.000000, 30.000000
 248.000000, 92.548387, 11.950269, 3.837366, 15.825269
 253.000000, 117.028986, 14.309618, 3.837945, 18.260870
 263.333333, 114.486076, 13.859494, 3.740506, 17.655696
 274.333333, 118.924666, 14.167679, 3.617254, 17.811665
 247.666667, 117.530283, 14.584118, 3.990579, 18.637954
 257.666667, 115.948254, 14.685640, 3.820181, 18.575679
 247.000000, 117.369771, 14.920378, 3.952767, 18.981107
 241.666667, 115.423448, 16.048276, 4.106207, 20.195862
 248.000000, 113.655914, 14.337366, 3.954301, 18.373656
 279.000000, 119.335723, 13.905615, 3.540024, 17.480287
 234.000000, 114.658120, 15.178063, 4.219373, 19.462963
 276.666667, 121.712048, 14.867470, 3.587952, 18.481928
 255.000000, 117.324183, 14.869281, 3.854902, 18.792157
 260.000000, 119.362821, 14.669231, 3.792308, 18.514103
 125.666667, 119.347480, 29.198939, 8.047745, 37.273210
 15.666667, 122.914894, 261.914894, 61.404255, 325.872340
 130.000000, 124.289744, 31.056410, 7.651282, 38.751282
 227.666667, 120.073206, 16.948755, 4.314788, 21.330893
 241.000000, 116.827109, 14.864454, 4.095436, 19.016598
 242.666667, 111.258242, 15.543956, 4.002747, 19.608516
 31, 21
 0.250000, 0.000000, 27.000000, 2.000000, 29.000000
 249.333333, 96.903743, 12.727273, 3.790107, 16.544118
 255.333333, 117.701044, 14.680157, 3.870757, 18.596606
 277.333333, 116.765625, 14.140625, 3.543269, 17.746394
 275.666667, 118.771463, 14.313180, 3.580411, 17.940750
 254.333333, 118.159895, 14.448231, 3.836173, 18.382700
 264.333333, 116.892812, 15.031526, 3.741488, 18.820933
 245.333333, 115.100543, 14.300272, 4.050272, 18.380435
 254.333333, 118.536042, 16.626474, 3.904325, 20.558322
 253.333333, 114.760526, 14.623684, 3.865789, 18.561842
 268.333333, 115.332919, 13.370186, 3.648447, 17.079503
 243.000000, 116.478738, 15.788752, 4.052126, 19.901235
 267.666667, 119.343711, 14.488169, 3.702366, 18.224159
 263.666667, 121.571429, 15.304678, 3.769912, 19.102402
 262.000000, 119.089059, 14.636132, 3.765903, 18.454198
 120.666667, 115.814917, 28.723757, 8.408840, 37.176796
 13.333333, 120.275000, 251.700000, 69.575000, 327.800000
 144.666667, 125.841014, 34.311060, 6.884793, 41.380184
 227.666667, 118.215227, 16.879941, 4.363104, 21.278184
 251.333333, 119.474801, 15.289125, 3.938992, 19.271883
 231.333333, 109.674352, 15.083573, 4.211816, 19.364553
Histogram
0 0 3 0 0 0 0 0 0 3 4 5 2 0 0 8 25 96 241 109 41 25 0 0 0 0 0 1 6 3 3 0 0 1 2 0 7 15 13 8 6 5 4 3 1 0 0 0 0 0 0 0 0 0 0 0 0 0 0 0 0 0 0 0 0 0 0 0 0 0 0 0 0 0 0 0 0 0 0 0 0 0 0 0 0 0 0 0 0 0 0 0 0 0 0 0 0 0 0 32 
Cache Miss Ratio
NaN
Average number of keys
NaN
numOfSets
445715
numOfGets
0
numOfMultiGets
0
