 0, 20
 0.250000, 0.000000, 6.000000, 1.000000, 17.000000
 279.666667, 23.219309, 2.953516, 2.237187, 5.258641
 236.666667, 23.259155, 3.349296, 3.192958, 6.602817
 269.000000, 20.909542, 2.432466, 2.402726, 4.889715
 303.333333, 22.206593, 2.606593, 2.232967, 4.883516
 302.000000, 21.271523, 2.562914, 2.218543, 4.811258
 262.333333, 19.966963, 2.480305, 2.424396, 4.970775
 305.666667, 21.287895, 2.459106, 2.343511, 4.841876
 290.666667, 21.478211, 2.618119, 2.477064, 5.129587
 283.333333, 23.156471, 3.092941, 2.785882, 5.925882
 330.333333, 22.812311, 2.520686, 2.169526, 4.724521
 323.666667, 23.543769, 2.560247, 2.088568, 4.678682
 296.666667, 22.734831, 2.693258, 2.417978, 5.158427
 307.333333, 23.441432, 2.600868, 2.321041, 4.962039
 302.000000, 21.452539, 2.442605, 2.264901, 4.757174
 344.666667, 24.101547, 2.352998, 1.611219, 4.000967
 300.333333, 22.042175, 2.216426, 1.955605, 4.295228
 312.333333, 22.529349, 2.879402, 2.254002, 5.166489
 289.666667, 24.254315, 3.101266, 2.579977, 5.745685
 314.666667, 22.970339, 3.028602, 2.276483, 5.353814
 1, 20
 0.250000, 0.000000, 0.000000, 9.000000, 18.000000
 240.666667, 21.245152, 2.912742, 2.494460, 5.452909
 267.333333, 25.159601, 3.509975, 2.842893, 6.395262
 282.666667, 22.053066, 2.508255, 2.213443, 4.758255
 323.000000, 22.428277, 2.593395, 2.151703, 4.772962
 326.000000, 22.833333, 2.684049, 2.106339, 4.825153
 287.000000, 21.334495, 2.637631, 2.229965, 4.901278
 311.666667, 20.973262, 2.483422, 2.321925, 4.832086
 314.333333, 22.061506, 2.574761, 2.277837, 4.883351
 272.000000, 21.762255, 2.837010, 2.900735, 5.773284
 302.000000, 20.317881, 2.534216, 2.349890, 4.932671
 304.000000, 22.507675, 2.430921, 2.185307, 4.650219
 300.666667, 21.417960, 2.657428, 2.318182, 5.006652
 268.000000, 20.595771, 2.407960, 2.604478, 5.072139
 266.333333, 20.416771, 2.160200, 2.635795, 4.861076
 355.000000, 24.689202, 2.391549, 1.565258, 3.984038
 279.666667, 22.276520, 2.072706, 2.166865, 4.302741
 292.333333, 22.128848, 2.899658, 2.441277, 5.368301
 307.000000, 24.285559, 2.951140, 2.375679, 5.375679
 314.000000, 24.266454, 3.016985, 2.184713, 5.243100
 2, 20
 0.250000, 0.000000, 0.000000, 9.000000, 18.000000
 256.000000, 23.397135, 2.791667, 2.585938, 5.430990
 259.666667, 26.216945, 3.731707, 2.969191, 6.765083
 286.000000, 22.857809, 2.509324, 2.210956, 4.762238
 284.666667, 20.377049, 2.549180, 2.422717, 5.023419
 291.666667, 20.954286, 2.520000, 2.417143, 4.978286
 294.333333, 22.732729, 2.671574, 2.176670, 4.879955
 334.000000, 22.920160, 2.611776, 2.166667, 4.804391
 322.666667, 23.530992, 2.771694, 2.268595, 5.072314
 291.333333, 22.695652, 2.939359, 2.676201, 5.707094
 320.000000, 22.387500, 2.631250, 2.262500, 4.926042
 309.000000, 22.234088, 2.531823, 2.120820, 4.681769
 291.333333, 21.302059, 2.577803, 2.426773, 5.042334
 308.000000, 22.760823, 2.604978, 2.337662, 4.983766
 326.000000, 23.026585, 2.438650, 2.141104, 4.622699
 340.000000, 23.574510, 2.344118, 1.575490, 3.964706
 332.000000, 24.237952, 2.202811, 1.792169, 4.063253
 274.000000, 20.697080, 2.637470, 2.510949, 5.192214
 306.666667, 23.963043, 3.146739, 2.480435, 5.670652
 315.333333, 23.516913, 2.967230, 2.252643, 5.273784
 3, 20
 0.250000, 0.000000, 0.000000, 9.000000, 17.000000
 268.666667, 21.687345, 3.110422, 2.280397, 5.430521
 266.000000, 25.191729, 3.647870, 2.852130, 6.535088
 317.333333, 24.553571, 2.686975, 2.053571, 4.777311
 306.666667, 21.223913, 2.644565, 2.286957, 4.970652
 288.333333, 20.632370, 2.658960, 2.313295, 5.012717
 296.666667, 22.733708, 2.705618, 2.240449, 4.992135
 305.666667, 22.694656, 2.508179, 2.321701, 4.873501
 315.666667, 22.899683, 2.798310, 2.271383, 5.106653
 270.333333, 22.457460, 2.926017, 2.985203, 5.967941
 314.666667, 21.808263, 2.480932, 2.327331, 4.840042
 319.666667, 23.129301, 2.493222, 2.063608, 4.593326
 280.666667, 21.826603, 2.638955, 2.496437, 5.198337
 320.000000, 24.144792, 2.586458, 2.291667, 4.905208
 324.666667, 23.213552, 2.443532, 2.170431, 4.651951
 332.333333, 23.710130, 2.264794, 1.571715, 3.866600
 332.333333, 23.527583, 2.297894, 1.882648, 4.233701
 313.333333, 23.336170, 2.874468, 2.236170, 5.138298
 283.000000, 22.756184, 3.076561, 2.580683, 5.700824
 310.000000, 23.411828, 2.958065, 2.258065, 5.250538
 4, 20
 0.250000, 1.000000, 0.000000, 9.000000, 18.000000
 236.333333, 21.768688, 2.889986, 2.696756, 5.634697
 263.666667, 26.053097, 3.637168, 2.907712, 6.619469
 281.333333, 22.203791, 2.478673, 2.353081, 4.872038
 309.666667, 22.522067, 2.679225, 2.244349, 4.949408
 313.000000, 22.332268, 2.611289, 2.101171, 4.744409
 281.666667, 20.635503, 2.603550, 2.304142, 4.947929
 321.000000, 22.389408, 2.524403, 2.215992, 4.785047
 298.000000, 22.667785, 2.616331, 2.416107, 5.085011
 248.666667, 20.557641, 2.605898, 3.148794, 5.821716
 303.333333, 21.385714, 2.427473, 2.373626, 4.837363
 273.666667, 20.460414, 2.399513, 2.332521, 4.777101
 310.333333, 23.921590, 2.751880, 2.278195, 5.080559
 310.000000, 22.780645, 2.602151, 2.292473, 4.929032
 314.666667, 22.371822, 2.389831, 2.187500, 4.612288
 328.000000, 23.884146, 2.236789, 1.659553, 3.928862
 366.000000, 24.971767, 2.326047, 1.710383, 4.075592
 289.333333, 21.755760, 2.838710, 2.372120, 5.268433
 269.333333, 24.219059, 3.014851, 2.628713, 5.716584
 255.333333, 19.505222, 2.699739, 2.677546, 5.424282
 5, 20
 0.250000, 0.000000, 0.000000, 7.000000, 17.000000
 244.666667, 21.384196, 2.825613, 2.544959, 5.476839
 259.000000, 26.380952, 3.709138, 2.909910, 6.669241
 320.666667, 23.742204, 2.708940, 2.034304, 4.770270
 308.000000, 20.879870, 2.584416, 2.261905, 4.884199
 302.000000, 21.837748, 2.655629, 2.206402, 4.894040
 290.333333, 20.745121, 2.771527, 2.229621, 5.035591
 329.666667, 23.837209, 2.604651, 2.187058, 4.821031
 290.333333, 21.608496, 2.677382, 2.500574, 5.207807
 285.666667, 23.556593, 3.164527, 2.788798, 6.004667
 311.000000, 22.122186, 2.562701, 2.285102, 4.886388
 314.000000, 23.166667, 2.385350, 2.110403, 4.550955
 312.333333, 23.788687, 2.768410, 2.309498, 5.120598
 299.000000, 22.819398, 2.632107, 2.382386, 5.051282
 249.333333, 20.109626, 2.236631, 2.617647, 5.016043
 319.000000, 22.379310, 2.278997, 1.591432, 3.932079
 329.333333, 24.000000, 2.233806, 1.816802, 4.094130
 311.666667, 23.084492, 2.901604, 2.253476, 5.190374
 272.333333, 23.249694, 2.851897, 2.761322, 5.647491
 302.333333, 22.926130, 2.985667, 2.339581, 5.364939
 6, 20
 0.250000, 0.000000, 0.000000, 8.000000, 17.000000
 256.000000, 22.414063, 2.886719, 2.498698, 5.441406
 277.666667, 26.727491, 3.674670, 2.726291, 6.444178
 268.333333, 21.783851, 2.556522, 2.362733, 4.977640
 312.333333, 21.627535, 2.573106, 2.246531, 4.854856
 292.000000, 21.124429, 2.415525, 2.272831, 4.734018
 299.666667, 21.806452, 2.699666, 2.236930, 4.963293
 295.333333, 20.831828, 2.409707, 2.390519, 4.846501
 301.000000, 21.800664, 2.574751, 2.369878, 4.980066
 291.000000, 23.264605, 3.051546, 2.628866, 5.814433
 303.333333, 20.628571, 2.472527, 2.348352, 4.857143
 296.666667, 22.000000, 2.375281, 2.206742, 4.635955
 290.666667, 22.245413, 2.799312, 2.558486, 5.385321
 301.333333, 21.858407, 2.589602, 2.370575, 4.993363
 299.333333, 22.389755, 2.397550, 2.278396, 4.709354
 281.666667, 21.147929, 2.252071, 1.850888, 4.166864
 316.666667, 24.573684, 2.177895, 1.922105, 4.147368
 324.000000, 23.771605, 2.900206, 2.162551, 5.096708
 309.000000, 24.387271, 3.070119, 2.441208, 5.545847
 290.000000, 22.064368, 2.808046, 2.501149, 5.340230
 7, 20
 0.250000, 0.000000, 0.000000, 0.000000, 8.000000
 247.666667, 22.394347, 2.977120, 2.534320, 5.566622
 276.000000, 26.274155, 3.688406, 2.786232, 6.504831
 285.333333, 21.662383, 2.522196, 2.246495, 4.889019
 316.666667, 22.782105, 2.729474, 2.191579, 4.971579
 305.000000, 22.251366, 2.637158, 2.177049, 4.842623
 283.000000, 21.598351, 2.574794, 2.273263, 4.891637
 292.000000, 20.643836, 2.543379, 2.441781, 5.044521
 298.333333, 21.670391, 2.644693, 2.395531, 5.094972
 267.666667, 21.985056, 2.978829, 2.993773, 6.013699
 303.666667, 21.074643, 2.479693, 2.330406, 4.837541
 288.333333, 21.632370, 2.545665, 2.206936, 4.801156
 277.333333, 21.956731, 2.822115, 2.617788, 5.479567
 288.666667, 21.057737, 2.674365, 2.411085, 5.132794
 278.666667, 21.301435, 2.342105, 2.444976, 4.836124
 293.333333, 22.161364, 2.411364, 1.751136, 4.220455
 301.000000, 22.149502, 2.214839, 2.005537, 4.262458
 297.333333, 22.263453, 2.922646, 2.323991, 5.293722
 238.333333, 22.253147, 2.928671, 2.987413, 5.967832
 261.000000, 20.487867, 2.805875, 2.624521, 5.514687
 8, 20
 0.250000, 1.000000, 0.000000, 0.000000, 9.000000
 272.000000, 23.132353, 3.074755, 2.357843, 5.485294
 263.333333, 25.092405, 3.534177, 2.855696, 6.449367
 303.333333, 23.080220, 2.626374, 2.146154, 4.813187
 288.333333, 20.465896, 2.529480, 2.375723, 4.944509
 271.000000, 20.694957, 2.467405, 2.391144, 4.904059
 295.333333, 21.917607, 2.572235, 2.229120, 4.838600
 314.333333, 22.259809, 2.553552, 2.291622, 4.893955
 312.000000, 22.318376, 2.740385, 2.322650, 5.100427
 259.666667, 21.578947, 3.079589, 3.035944, 6.192555
 295.000000, 20.871186, 2.431638, 2.418079, 4.891525
 279.333333, 21.213604, 2.341289, 2.303103, 4.684964
 320.333333, 23.319459, 2.781478, 2.241415, 5.050989
 268.333333, 20.622360, 2.491925, 2.631056, 5.172671
 299.000000, 21.598662, 2.321070, 2.256410, 4.623188
 319.333333, 23.102296, 2.427975, 1.694154, 4.159708
 302.000000, 23.155629, 2.102649, 1.966887, 4.152318
 297.666667, 22.562150, 2.776036, 2.351624, 5.191489
 286.000000, 22.911422, 3.062937, 2.618881, 5.733100
 313.333333, 23.921277, 3.056383, 2.276596, 5.374468
 9, 20
 0.250000, 0.000000, 0.000000, 0.000000, 9.000000
 256.333333, 23.006502, 3.279584, 2.444733, 5.785436
 272.000000, 25.618873, 3.694853, 2.832108, 6.572304
 289.666667, 22.504028, 2.383199, 2.143843, 4.558113
 293.666667, 22.006810, 2.600454, 2.297389, 4.953462
 303.666667, 20.848518, 2.546652, 2.149286, 4.737651
 275.666667, 20.719468, 2.519952, 2.361548, 4.932285
 321.000000, 22.741433, 2.438214, 2.249221, 4.730010
 290.333333, 21.663605, 2.614237, 2.526980, 5.184845
 265.666667, 22.450439, 3.018821, 2.913425, 6.017566
 310.333333, 21.045113, 2.458647, 2.282492, 4.773362
 299.666667, 22.490545, 2.436040, 2.224694, 4.701891
 292.000000, 21.958904, 2.684932, 2.442922, 5.171233
 324.333333, 23.712230, 2.602261, 2.204522, 4.845838
 341.333333, 23.984375, 2.466797, 2.044922, 4.537109
 306.666667, 22.985870, 2.038043, 1.678261, 3.791304
 306.333333, 23.116431, 2.289445, 1.980413, 4.338411
 315.333333, 22.605708, 2.903805, 2.200846, 5.136364
 282.666667, 22.405660, 3.089623, 2.596698, 5.753538
 309.333333, 22.716595, 3.015086, 2.257543, 5.299569
 10, 20
 0.250000, 0.000000, 0.000000, 0.000000, 9.000000
 277.666667, 23.829532, 3.117647, 2.387755, 5.554622
 278.333333, 26.540120, 3.665868, 2.728144, 6.438323
 301.333333, 23.959071, 2.472345, 2.034292, 4.575221
 318.333333, 22.290052, 2.681675, 2.179058, 4.904712
 285.666667, 21.578763, 2.516919, 2.284714, 4.849475
 292.333333, 22.368301, 2.787913, 2.348917, 5.176739
 292.333333, 21.969213, 2.507412, 2.480046, 5.045610
 316.000000, 23.218354, 2.589662, 2.310127, 4.941983
 278.666667, 22.210526, 3.009569, 2.820574, 5.894737
 317.000000, 22.292324, 2.603575, 2.277603, 4.914826
 319.333333, 22.870564, 2.517745, 2.022965, 4.582463
 310.000000, 22.113978, 2.739785, 2.287097, 5.072043
 324.000000, 23.684156, 2.689300, 2.242798, 4.966049
 296.666667, 20.974157, 2.414607, 2.265169, 4.721348
 312.333333, 22.721451, 2.196371, 1.625400, 3.853789
 319.333333, 23.556367, 2.145094, 1.929019, 4.109603
 273.333333, 21.532927, 2.687805, 2.476829, 5.228049
 279.333333, 23.163484, 3.005967, 2.699284, 5.742243
 307.000000, 22.944625, 2.983713, 2.275787, 5.308360
 11, 20
 0.250000, 0.000000, 0.000000, 7.000000, 8.000000
 255.666667, 22.494133, 2.833116, 2.368970, 5.338983
 227.666667, 23.995608, 3.603221, 3.349927, 6.982430
 309.666667, 23.953714, 2.651238, 2.040904, 4.728741
 286.666667, 20.840698, 2.647674, 2.377907, 5.106977
 306.666667, 22.332609, 2.602174, 2.202174, 4.854348
 294.333333, 22.086070, 2.747452, 2.201586, 4.980747
 313.666667, 21.012752, 2.490967, 2.284803, 4.807651
 295.000000, 21.553672, 2.720904, 2.418079, 5.192090
 288.333333, 23.453179, 3.241618, 2.746821, 6.030058
 296.666667, 20.269663, 2.378652, 2.451685, 4.882022
 302.666667, 22.757709, 2.463656, 2.174009, 4.665198
 307.666667, 22.959913, 2.710726, 2.255688, 5.028169
 311.333333, 23.413276, 2.593148, 2.278373, 4.899358
 313.666667, 22.336876, 2.382572, 2.246546, 4.684378
 341.666667, 24.861463, 2.194146, 1.566829, 3.791220
 310.000000, 23.145161, 2.244086, 1.959140, 4.236559
 296.000000, 22.184685, 2.787162, 2.349099, 5.180180
 298.666667, 23.553571, 3.102679, 2.583705, 5.716518
 301.000000, 23.256921, 3.110742, 2.347730, 5.502769
 12, 20
 0.250000, 0.000000, 0.000000, 0.000000, 9.000000
 274.333333, 23.336574, 2.866343, 2.239368, 5.168894
 282.333333, 27.415584, 3.706021, 2.685950, 6.427391
 292.000000, 23.361872, 2.682648, 2.206621, 4.948630
 309.333333, 21.653017, 2.635776, 2.213362, 4.892241
 326.000000, 23.102249, 2.697342, 2.073620, 4.804703
 312.333333, 23.674493, 2.866596, 2.179296, 5.074707
 316.666667, 22.041053, 2.551579, 2.263158, 4.850526
 274.333333, 20.976914, 2.543135, 2.600243, 5.191981
 286.333333, 22.451688, 2.991851, 2.809080, 5.827707
 325.666667, 22.339816, 2.501535, 2.220061, 4.750256
 290.333333, 20.949483, 2.346728, 2.291619, 4.667049
 291.666667, 22.584000, 2.620571, 2.418286, 5.080000
 281.333333, 21.553318, 2.447867, 2.478673, 5.011848
 296.666667, 22.486517, 2.400000, 2.315730, 4.760674
 298.000000, 22.979866, 2.243848, 1.759508, 4.062640
 290.666667, 22.549312, 2.151376, 2.010321, 4.221330
 293.000000, 22.106940, 2.871445, 2.326507, 5.244596
 259.333333, 22.480720, 2.863753, 2.890746, 5.856041
 275.000000, 20.461818, 2.775758, 2.521212, 5.349091
 13, 20
 0.250000, 0.000000, 0.000000, 0.000000, 0.000000
 211.333333, 21.932177, 2.694006, 2.776025, 5.541009
 271.000000, 26.071341, 3.548585, 2.892989, 6.476015
 304.000000, 23.396930, 2.582237, 2.073465, 4.703947
 316.000000, 22.514768, 2.765823, 2.169831, 4.977848
 323.000000, 23.162023, 2.628483, 2.107327, 4.767802
 320.666667, 23.017672, 2.807692, 2.112266, 4.943867
 318.333333, 22.510995, 2.564398, 2.248168, 4.847120
 295.666667, 22.038331, 2.635851, 2.489290, 5.169109
 277.666667, 23.237695, 2.960384, 2.837935, 5.871549
 293.666667, 21.122588, 2.405221, 2.447219, 4.904654
 306.333333, 22.930359, 2.450490, 2.129489, 4.634385
 304.000000, 23.069079, 2.690789, 2.466009, 5.196272
 319.000000, 23.034483, 2.681296, 2.245559, 4.957158
 341.333333, 23.568359, 2.470703, 2.066406, 4.567383
 340.666667, 24.297456, 2.362035, 1.590998, 3.987280
 323.333333, 23.294845, 2.262887, 1.796907, 4.150515
 288.000000, 21.853009, 2.751157, 2.410880, 5.193287
 293.000000, 24.106940, 3.089875, 2.535836, 5.670080
 269.000000, 21.314746, 2.788104, 2.505576, 5.354399
 14, 20
 0.250000, 0.000000, 0.000000, 0.000000, 0.000000
 253.666667, 22.819974, 2.741130, 2.340342, 5.157687
 288.333333, 26.024277, 3.594220, 2.660116, 6.283237
 297.333333, 22.410314, 2.510090, 2.026906, 4.607623
 291.666667, 21.473143, 2.598857, 2.348571, 5.009143
 314.333333, 21.481442, 2.641569, 2.112407, 4.792153
 299.333333, 21.738307, 2.749443, 2.192650, 4.989978
 297.333333, 21.143498, 2.405830, 2.364350, 4.816143
 303.666667, 22.918771, 2.706915, 2.430296, 5.166850
 271.000000, 22.830258, 3.161132, 2.916359, 6.130381
 315.333333, 21.960888, 2.583510, 2.249471, 4.861522
 290.000000, 21.985057, 2.525287, 2.240230, 4.813793
 302.000000, 21.640177, 2.629139, 2.330022, 4.996689
 279.333333, 22.192124, 2.569212, 2.521480, 5.170644
 294.666667, 21.800905, 2.373303, 2.306561, 4.734163
 329.333333, 23.720648, 2.246964, 1.627530, 3.912955
 278.333333, 21.582036, 2.144910, 2.154491, 4.354491
 278.666667, 21.967703, 2.724880, 2.468900, 5.251196
 281.000000, 23.169632, 3.119810, 2.685647, 5.848161
 311.000000, 24.457663, 2.953912, 2.158628, 5.151125
 15, 20
 0.250000, 1.000000, 0.000000, 1.000000, 3.000000
 266.666667, 21.727500, 3.013750, 2.196250, 5.265000
 269.000000, 26.281289, 3.641884, 2.864932, 6.546468
 310.000000, 23.813978, 2.670968, 2.064516, 4.762366
 289.666667, 22.085155, 2.611047, 2.334868, 5.016110
 304.333333, 21.439211, 2.446878, 2.127054, 4.639650
 296.333333, 21.705287, 2.712036, 2.246344, 4.988751
 327.000000, 22.870540, 2.556575, 2.190622, 4.776758
 300.000000, 22.434444, 2.690000, 2.454444, 5.185556
 305.333333, 24.319869, 3.094978, 2.606987, 5.732533
 322.333333, 22.221303, 2.538780, 2.235781, 4.817994
 277.000000, 22.575211, 2.427196, 2.297232, 4.829122
 328.000000, 24.172764, 2.728659, 2.195122, 4.961382
 327.333333, 23.363544, 2.694501, 2.187373, 4.921589
 306.000000, 22.884532, 2.371460, 2.287582, 4.715686
 351.666667, 24.455924, 2.279621, 1.549763, 3.874882
 337.333333, 23.853755, 2.194664, 1.860672, 4.094862
 289.000000, 22.597463, 2.758939, 2.452134, 5.246828
 280.000000, 22.904762, 3.158333, 2.569048, 5.788095
 299.000000, 23.187291, 2.947603, 2.327759, 5.338907
 16, 20
 0.250000, 1.000000, 0.000000, 1.000000, 7.000000
 282.666667, 24.313679, 2.869104, 2.373821, 5.318396
 259.333333, 25.111825, 3.548843, 2.890746, 6.494859
 318.000000, 24.629979, 2.783019, 2.025157, 4.839623
 313.333333, 22.056383, 2.648936, 2.185106, 4.878723
 310.333333, 22.106337, 2.511278, 2.171858, 4.720730
 288.000000, 21.271991, 2.561343, 2.243056, 4.844907
 314.000000, 22.222930, 2.473461, 2.272824, 4.778132
 285.333333, 20.697430, 2.560748, 2.503505, 5.109813
 272.000000, 21.408088, 2.975490, 2.871324, 5.916667
 328.666667, 22.307302, 2.470588, 2.168357, 4.673428
 321.666667, 23.093264, 2.530570, 2.048705, 4.616580
 300.000000, 21.856667, 2.697778, 2.347778, 5.084444
 295.333333, 22.143341, 2.602709, 2.384876, 5.030474
 348.333333, 23.967464, 2.529187, 2.019139, 4.574163
 339.000000, 24.601770, 2.186824, 1.555556, 3.769912
 274.333333, 22.760632, 2.204131, 2.176185, 4.453220
 312.666667, 22.713220, 2.997868, 2.186567, 5.218550
 314.000000, 23.467091, 2.944798, 2.437367, 5.426752
 308.333333, 24.012973, 2.940541, 2.382703, 5.374054
 17, 20
 0.250000, 0.000000, 0.000000, 1.000000, 8.000000
 247.000000, 21.636977, 3.022942, 2.487179, 5.549258
 288.666667, 26.658199, 3.635104, 2.733256, 6.407621
 304.333333, 23.355969, 2.429354, 2.023001, 4.510405
 287.000000, 20.912892, 2.540070, 2.361208, 4.951220
 295.333333, 21.106095, 2.700903, 2.256208, 5.016930
 296.333333, 21.364454, 2.638920, 2.209224, 4.889764
 307.000000, 20.731813, 2.471227, 2.277959, 4.775244
 299.000000, 21.421405, 2.666667, 2.397993, 5.099220
 283.333333, 21.832941, 3.012941, 2.750588, 5.857647
 309.666667, 21.325081, 2.501615, 2.306781, 4.837460
 321.333333, 23.260373, 2.489627, 2.084025, 4.602697
 301.333333, 22.084071, 2.751106, 2.358407, 5.136062
 311.333333, 23.317987, 2.695931, 2.290150, 5.014989
 309.666667, 22.362756, 2.357374, 2.270183, 4.664155
 343.000000, 24.315841, 2.299320, 1.583090, 3.910593
 295.333333, 22.796840, 1.933409, 2.050790, 4.065463
 284.666667, 21.730679, 2.858314, 2.367681, 5.289227
 289.666667, 24.186421, 2.941312, 2.550058, 5.594937
 292.333333, 23.017104, 2.856328, 2.376283, 5.283922
 18, 20
 0.250000, 0.000000, 0.000000, 1.000000, 3.000000
 240.000000, 22.012500, 2.679167, 2.620833, 5.343056
 260.333333, 25.396927, 3.495519, 2.900128, 6.457106
 306.333333, 24.396083, 2.531012, 2.046790, 4.649619
 305.333333, 22.081878, 2.570961, 2.211790, 4.830786
 302.333333, 22.019846, 2.659316, 2.229327, 4.926130
 280.000000, 20.859524, 2.478571, 2.355952, 4.860714
 325.666667, 22.810645, 2.607984, 2.184237, 4.839304
 285.333333, 21.461449, 2.684579, 2.554907, 5.290888
 264.666667, 22.479849, 2.909320, 2.937028, 5.940806
 323.333333, 21.723711, 2.476289, 2.222680, 4.731959
 292.000000, 21.214612, 2.310502, 2.284247, 4.638128
 322.000000, 23.702899, 2.835404, 2.265010, 5.141822
 301.666667, 21.744751, 2.486188, 2.343646, 4.878453
 341.666667, 23.015610, 2.536585, 2.024390, 4.597073
 313.000000, 23.242812, 2.034079, 1.624068, 3.686901
 325.000000, 23.503590, 2.234872, 1.895385, 4.158974
 292.333333, 22.578107, 2.751425, 2.332953, 5.132269
 317.666667, 24.455404, 3.119622, 2.306401, 5.460651
 298.000000, 22.503356, 2.891499, 2.363535, 5.291946
 19, 20
 0.250000, 0.000000, 0.000000, 1.000000, 3.000000
 270.666667, 23.309113, 3.358374, 2.240148, 5.672414
 283.000000, 26.727915, 3.459364, 2.717314, 6.210836
 307.000000, 23.220413, 2.786102, 2.107492, 4.933768
 288.333333, 21.914451, 2.620809, 2.363006, 5.055491
 274.000000, 19.950122, 2.385645, 2.424574, 4.844282
 313.333333, 23.410638, 2.741489, 2.109574, 4.894681
 309.000000, 21.941748, 2.380798, 2.400216, 4.819849
 300.000000, 21.160000, 2.528889, 2.420000, 4.982222
 283.666667, 23.662750, 2.991774, 2.827262, 5.857814
 334.000000, 22.494012, 2.534930, 2.184631, 4.760479
 302.000000, 22.196468, 2.536424, 2.142384, 4.719647
 275.666667, 22.916566, 2.645707, 2.587666, 5.293833
 308.000000, 22.562771, 2.495671, 2.319264, 4.846320
 279.666667, 21.680572, 2.323004, 2.477950, 4.835518
 298.666667, 23.143973, 1.993304, 1.713170, 3.758929
 298.666667, 22.118304, 2.138393, 2.055804, 4.235491
 282.666667, 21.530660, 2.765330, 2.462264, 5.285377
 289.333333, 24.422811, 2.988479, 2.581797, 5.631336
 278.666667, 22.655502, 2.858852, 2.461722, 5.354067
 20, 20
 0.250000, 0.000000, 0.000000, 2.000000, 2.000000
 266.333333, 22.081352, 2.968711, 2.401752, 5.405507
 257.000000, 24.307393, 3.544747, 2.919585, 6.505837
 323.333333, 24.756701, 2.676289, 2.009278, 4.719588
 331.666667, 23.869347, 2.768844, 2.126633, 4.942714
 324.666667, 22.674538, 2.535934, 2.077002, 4.640657
 300.333333, 21.856826, 2.772475, 2.173141, 4.987791
 296.333333, 21.608549, 2.497188, 2.354331, 4.892013
 291.666667, 21.828571, 2.696000, 2.458286, 5.205714
 274.666667, 22.583738, 2.895631, 2.813107, 5.815534
 287.000000, 20.238095, 2.419280, 2.693380, 5.144019
 328.000000, 23.419715, 2.551829, 2.006098, 4.598577
 312.666667, 23.526652, 2.816631, 2.293177, 5.137527
 286.333333, 22.278231, 2.636787, 2.487776, 5.175786
 349.000000, 24.158548, 2.402101, 1.985673, 4.416428
 302.666667, 21.943833, 2.135463, 1.662996, 3.851322
 313.333333, 23.604255, 2.278723, 1.986170, 4.307447
 327.666667, 24.487284, 2.994914, 2.144456, 5.170905
 309.333333, 24.279095, 3.077586, 2.484914, 5.599138
 305.000000, 22.803279, 2.920219, 2.262295, 5.242623
 21, 20
 0.250000, 0.000000, 0.000000, 0.000000, 2.000000
 261.000000, 22.268199, 3.048531, 2.413793, 5.504470
 266.000000, 24.319549, 3.502506, 2.862155, 6.395990
 321.000000, 23.923157, 2.610592, 1.928349, 4.569055
 317.666667, 21.913956, 2.664218, 2.143757, 4.840504
 335.000000, 22.993035, 2.661692, 2.000000, 4.688557
 292.000000, 22.335616, 2.431507, 2.228311, 4.695205
 285.333333, 20.438084, 2.422897, 2.452103, 4.922897
 302.666667, 22.211454, 2.648678, 2.399780, 5.094714
 306.666667, 23.032609, 2.977174, 2.569565, 5.572826
 324.666667, 22.325462, 2.552361, 2.219713, 4.810062
 305.000000, 21.841530, 2.486339, 2.161749, 4.687432
 303.000000, 21.528053, 2.690869, 2.342134, 5.061606
 299.000000, 22.610925, 2.488294, 2.348941, 4.886288
 298.666667, 22.386161, 2.357143, 2.255580, 4.643973
 316.666667, 22.482105, 2.207368, 1.661053, 3.921053
 324.000000, 24.318930, 2.181070, 1.839506, 4.056584
 313.666667, 22.871413, 2.837407, 2.225292, 5.104145
 314.333333, 25.145281, 3.152704, 2.372216, 5.557794
 288.000000, 22.135417, 2.776620, 2.445602, 5.268519
 22, 20
 0.250000, 3.000000, 0.000000, 0.000000, 0.000000
 241.000000, 21.982019, 2.876902, 2.634855, 5.607192
 273.000000, 27.050061, 3.868132, 2.792430, 6.722833
 318.666667, 24.448745, 2.808577, 2.098326, 4.934100
 306.666667, 20.783696, 2.610870, 2.235870, 4.872826
 314.666667, 22.003178, 2.651483, 2.157839, 4.841102
 310.666667, 23.021459, 2.846567, 2.192060, 5.072961
 303.333333, 21.665934, 2.600000, 2.324176, 4.969231
 278.666667, 20.671053, 2.525120, 2.642344, 5.222488
 256.666667, 20.468831, 2.818182, 3.097403, 6.012987
 322.000000, 22.222567, 2.495859, 2.217391, 4.761905
 293.666667, 21.279228, 2.438138, 2.185017, 4.656073
 295.000000, 21.476836, 2.685876, 2.403390, 5.128814
 289.333333, 22.888249, 2.694700, 2.465438, 5.192396
 296.666667, 22.273034, 2.394382, 2.298876, 4.737079
 307.000000, 22.431053, 2.178067, 1.687296, 3.894680
 292.666667, 22.054670, 2.119590, 2.121868, 4.300683
 247.000000, 19.503374, 2.717949, 2.676113, 5.442645
 273.333333, 23.307317, 3.010976, 2.758537, 5.825610
 301.333333, 23.956858, 2.818584, 2.293142, 5.153761
 23, 20
 0.250000, 0.000000, 0.000000, 1.000000, 1.000000
 247.333333, 20.894879, 2.747978, 2.491914, 5.305930
 240.000000, 24.711111, 3.541667, 3.087500, 6.677778
 291.666667, 22.593143, 2.413714, 2.109714, 4.580571
 279.666667, 20.706794, 2.417163, 2.525626, 4.969011
 338.666667, 23.779528, 2.767717, 2.016732, 4.817913
 292.333333, 21.742303, 2.573546, 2.221209, 4.830103
 320.333333, 22.593132, 2.480749, 2.250780, 4.764828
 299.666667, 21.246941, 2.602892, 2.400445, 5.064516
 281.000000, 21.844603, 2.958482, 2.807829, 5.809015
 324.333333, 22.750257, 2.559096, 2.224049, 4.829394
 326.666667, 22.961224, 2.457143, 2.006122, 4.526531
 302.000000, 22.277042, 2.672185, 2.318985, 5.025386
 306.333333, 22.869423, 2.441785, 2.302503, 4.789989
 324.000000, 22.871399, 2.433128, 2.112140, 4.574074
 320.666667, 23.660083, 2.161123, 1.653846, 3.840956
 316.666667, 23.400000, 2.269474, 1.995789, 4.295789
 259.333333, 20.656812, 2.692802, 2.565553, 5.309769
 244.333333, 22.160982, 2.791269, 3.040928, 5.882674
 309.666667, 24.899892, 2.921421, 2.304629, 5.259419
 24, 20
 0.250000, 0.000000, 0.000000, 1.000000, 1.000000
 250.333333, 22.327563, 2.845539, 2.439414, 5.348868
 266.000000, 25.942356, 3.571429, 2.828321, 6.449875
 320.666667, 24.942827, 2.793139, 2.065489, 4.889813
 291.333333, 21.035469, 2.598398, 2.353547, 4.983982
 287.666667, 19.891078, 2.409038, 2.287370, 4.745075
 316.000000, 24.133966, 2.792194, 2.097046, 4.920886
 311.333333, 22.534261, 2.514989, 2.329764, 4.890792
 311.000000, 23.103966, 2.717042, 2.337621, 5.092176
 276.000000, 25.141304, 2.908213, 2.811594, 5.781401
 310.333333, 20.722879, 2.540279, 2.311493, 4.893663
 299.000000, 22.385730, 2.390190, 2.217391, 4.638796
 338.666667, 24.566929, 2.988189, 2.152559, 5.168307
 304.000000, 22.387061, 2.554825, 2.312500, 4.896930
 307.000000, 22.651466, 2.378936, 2.400651, 4.853420
 316.666667, 22.972632, 2.166316, 1.644211, 3.870526
 323.666667, 23.755922, 2.307930, 2.001030, 4.355304
 257.000000, 20.255512, 2.638132, 2.578470, 5.286641
 292.000000, 22.651826, 3.041096, 2.405251, 5.651826
 284.333333, 21.845252, 2.893318, 2.445487, 5.375147
 25, 20
 0.250000, 0.000000, 1.000000, 0.000000, 1.000000
 245.000000, 20.783673, 3.047619, 2.578231, 5.677551
 262.000000, 24.503817, 3.507634, 2.882952, 6.435115
 262.000000, 20.912214, 2.417303, 2.431298, 4.893130
 292.333333, 20.641961, 2.597491, 2.277081, 4.913341
 317.666667, 21.602308, 2.637985, 2.094439, 4.774397
 309.666667, 23.342304, 2.711518, 2.092573, 4.842842
 305.000000, 21.622951, 2.441530, 2.344262, 4.820765
 315.333333, 22.664905, 2.709302, 2.248414, 5.014799
 261.000000, 21.237548, 2.923372, 2.975734, 5.991060
 325.000000, 22.616410, 2.541538, 2.230769, 4.807179
 284.666667, 21.460187, 2.451991, 2.231850, 4.749415
 291.000000, 21.949599, 2.689576, 2.390607, 5.129439
 315.666667, 22.923970, 2.625132, 2.267159, 4.952482
 295.666667, 21.498309, 2.418264, 2.308906, 4.772266
 264.333333, 20.070618, 2.213115, 1.974779, 4.254729
 319.666667, 23.686131, 2.246090, 1.919708, 4.208551
 272.333333, 20.072215, 2.760098, 2.478580, 5.272950
 304.333333, 24.625411, 3.051479, 2.506024, 5.598028
 259.000000, 19.341055, 2.725869, 2.642214, 5.413127
 26, 20
 0.250000, 0.000000, 0.000000, 0.000000, 0.000000
 238.000000, 21.761905, 2.728291, 2.466387, 5.254902
 279.000000, 26.158901, 3.499403, 2.758662, 6.298686
 300.000000, 23.192222, 2.537778, 2.075556, 4.665556
 322.333333, 22.179938, 2.661841, 2.116856, 4.813857
 319.000000, 21.689655, 2.687565, 2.104493, 4.818182
 303.333333, 22.092308, 2.650549, 2.225275, 4.901099
 318.000000, 22.196017, 2.556604, 2.271488, 4.866876
 297.000000, 22.108866, 2.731762, 2.398429, 5.195286
 267.000000, 22.152310, 3.113608, 2.935081, 6.133583
 300.333333, 21.850166, 2.425083, 2.360710, 4.846837
 294.666667, 22.582579, 2.472851, 2.251131, 4.755656
 302.666667, 22.516520, 2.721366, 2.323789, 5.111233
 301.666667, 23.285083, 2.617680, 2.364641, 5.022099
 268.000000, 20.299751, 2.317164, 2.527363, 4.909204
 305.000000, 23.059016, 2.292896, 1.733333, 4.060109
 288.000000, 21.974537, 2.291667, 2.153935, 4.503472
 309.666667, 23.138859, 2.932185, 2.241119, 5.200215
 262.333333, 21.614994, 2.964422, 2.815756, 5.861499
 314.333333, 23.572641, 2.980912, 2.269353, 5.301166
 27, 20
 0.250000, 0.000000, 0.000000, 0.000000, 25.000000
 259.000000, 21.796654, 2.909910, 2.492921, 5.446589
 261.333333, 25.670918, 3.372449, 2.881378, 6.284439
 297.666667, 22.277716, 2.698768, 2.040314, 4.782755
 329.666667, 22.906977, 2.745197, 2.160768, 4.940344
 302.333333, 22.186329, 2.531422, 2.196251, 4.781698
 292.000000, 21.285388, 2.542237, 2.229452, 4.799087
 335.666667, 23.400199, 2.552135, 2.142999, 4.721946
 304.000000, 21.672149, 2.652412, 2.392544, 5.084430
 273.000000, 22.402930, 2.986569, 2.849817, 5.863248
 314.000000, 21.057325, 2.503185, 2.292994, 4.826964
 276.666667, 20.487952, 2.350602, 2.315663, 4.743373
 320.666667, 23.152807, 2.761954, 2.248441, 5.039501
 304.333333, 23.169770, 2.619934, 2.334064, 4.985761
 303.000000, 21.700770, 2.332233, 2.246425, 4.636964
 316.000000, 23.372363, 2.331224, 1.661392, 4.043249
 299.333333, 22.988864, 2.175947, 2.202673, 4.452116
 273.000000, 20.741148, 2.709402, 2.527473, 5.273504
 273.000000, 23.112332, 3.037851, 2.746032, 5.841270
 312.000000, 24.354701, 2.868590, 2.235043, 5.142094
 28, 20
 0.250000, 0.000000, 0.000000, 0.000000, 1.000000
 275.000000, 22.574545, 2.882424, 2.301818, 5.213333
 257.666667, 25.509702, 3.557568, 2.972833, 6.591203
 285.333333, 23.334112, 2.530374, 2.195093, 4.761682
 312.666667, 23.454158, 2.654584, 2.227079, 4.936034
 308.000000, 22.027056, 2.553030, 2.158009, 4.744589
 301.666667, 21.903867, 2.520442, 2.211050, 4.767956
 324.333333, 22.608428, 2.493320, 2.268243, 4.787256
 291.666667, 21.234286, 2.584000, 2.433143, 5.046857
 261.000000, 21.256705, 2.927203, 3.039591, 6.015326
 288.000000, 21.097222, 2.495370, 2.445602, 4.998843
 319.666667, 23.078206, 2.549531, 2.108446, 4.697602
 283.000000, 21.076561, 2.553592, 2.521790, 5.118963
 295.333333, 22.677201, 2.677201, 2.396163, 5.127540
 339.333333, 23.575639, 2.542240, 2.035363, 4.606090
 306.666667, 22.615217, 2.271739, 1.806522, 4.128261
 349.000000, 25.052531, 2.259790, 1.788921, 4.084050
 321.666667, 24.010363, 2.877720, 2.180311, 5.095337
 301.666667, 23.531492, 3.065193, 2.499448, 5.601105
 302.333333, 22.297685, 2.786108, 2.364939, 5.187431
 29, 20
 0.250000, 0.000000, 0.000000, 0.000000, 0.000000
 236.000000, 23.314972, 3.091808, 2.775424, 5.926554
 256.333333, 24.795839, 3.507152, 2.931079, 6.478544
 314.666667, 24.170551, 2.619703, 2.065678, 4.740466
 302.000000, 20.854305, 2.558499, 2.239514, 4.832230
 311.666667, 21.386096, 2.594652, 2.119786, 4.750802
 289.000000, 21.159170, 2.617070, 2.252595, 4.900807
 315.333333, 21.804440, 2.445032, 2.248414, 4.728330
 294.333333, 22.548131, 2.591166, 2.481314, 5.112118
 263.333333, 21.788608, 2.840506, 2.996203, 5.897468
 316.000000, 22.059072, 2.575949, 2.270042, 4.888186
 300.666667, 22.320399, 2.412417, 2.231707, 4.690687
 289.000000, 22.500577, 2.663206, 2.431373, 5.176471
 300.666667, 21.582040, 2.583149, 2.374723, 4.991131
 321.333333, 22.692946, 2.375519, 2.131743, 4.543568
 315.666667, 23.624076, 2.138332, 1.634636, 3.814150
 284.000000, 21.958920, 2.102113, 2.099765, 4.279343
 292.666667, 21.944191, 2.931663, 2.343964, 5.312073
 272.000000, 21.354167, 2.855392, 2.708333, 5.615196
 280.000000, 21.748810, 2.817857, 2.451190, 5.300000
 30, 20
 0.250000, 0.000000, 0.000000, 0.000000, 25.000000
 251.333333, 22.050398, 2.904509, 2.637931, 5.592838
 257.666667, 24.813713, 3.417853, 2.941785, 6.423027
 303.000000, 23.584158, 2.625963, 2.180418, 4.847085
 314.000000, 22.729299, 2.712314, 2.178344, 4.920382
 301.333333, 21.804204, 2.613938, 2.264381, 4.920354
 289.666667, 22.567319, 2.710012, 2.307250, 5.066743
 313.000000, 22.175719, 2.620873, 2.244941, 4.917998
 296.333333, 22.291339, 2.744657, 2.446569, 5.222722
 256.333333, 22.403121, 2.754226, 3.011704, 5.864759
 339.666667, 23.427870, 2.631992, 2.150147, 4.810599
 325.000000, 23.578462, 2.616410, 2.026667, 4.678974
 338.666667, 24.031496, 2.860236, 2.097441, 4.998031
 322.666667, 23.290289, 2.695248, 2.192149, 4.919421
 312.666667, 22.592751, 2.255864, 2.266525, 4.562900
 308.666667, 23.974082, 2.045356, 1.669546, 3.776458
 313.000000, 23.939297, 2.150160, 1.941427, 4.145900
 305.666667, 23.203926, 2.811341, 2.300981, 5.147219
 261.333333, 22.756378, 2.959184, 2.735969, 5.741071
 300.000000, 23.682222, 2.878889, 2.414444, 5.325556
 31, 20
 0.250000, 0.000000, 0.000000, 0.000000, 26.000000
 255.000000, 21.230065, 3.094118, 2.389542, 5.550327
 258.000000, 24.100775, 3.594315, 2.926357, 6.567183
 332.333333, 25.721163, 2.607823, 1.860582, 4.509529
 310.333333, 22.439313, 2.745435, 2.187970, 4.968851
 305.666667, 21.772083, 2.485278, 2.172301, 4.703381
 310.000000, 22.297849, 2.621505, 2.130108, 4.791398
 306.333333, 21.446137, 2.544070, 2.314472, 4.891186
 320.000000, 23.258333, 2.759375, 2.375000, 5.207292
 266.333333, 22.385482, 2.931164, 2.897372, 5.947434
 325.333333, 21.500000, 2.474385, 2.216189, 4.724385
 317.333333, 23.528361, 2.502101, 2.075630, 4.603992
 285.666667, 22.127188, 2.654609, 2.457410, 5.159860
 296.000000, 22.564189, 2.570946, 2.355856, 4.958333
 319.666667, 21.704901, 2.481752, 2.144943, 4.715328
 333.333333, 23.527000, 2.178000, 1.615000, 3.835000
 329.333333, 24.563765, 2.203441, 1.815789, 4.120445
 300.666667, 21.660754, 2.861419, 2.314856, 5.211752
 347.000000, 26.257445, 3.288184, 2.233429, 5.548511
 293.333333, 23.613636, 2.837500, 2.550000, 5.422727
Histogram
5 4 2 26 308 236 41 1 3 4 0 0 0 0 0 0 0 4 3 0 0 0 0 0 0 2 1 0 0 0 0 0 0 0 0 0 0 0 0 0 0 0 0 0 0 0 0 0 0 0 0 0 0 0 0 0 0 0 0 0 0 0 0 0 0 0 0 0 0 0 0 0 0 0 0 0 0 0 0 0 0 0 0 0 0 0 0 0 0 0 0 0 0 0 0 0 0 0 0 0 
Cache Miss Ratio
NaN
Average number of keys
NaN
numOfSets
569385
numOfGets
0
numOfMultiGets
0
