 0, 21
 0.250000, 0.000000, 0.000000, 2.000000, 9.000000
 378.333333, 159.259912, 50.311894, 2.609692, 52.950661
 429.333333, 172.077640, 50.049689, 2.305124, 52.376553
 453.666667, 171.837619, 47.224100, 2.182219, 49.426892
 405.333333, 171.826480, 49.148849, 2.447368, 51.625822
 413.666667, 171.632554, 56.009670, 2.394037, 58.426269
 440.333333, 171.686601, 48.657835, 2.248297, 50.927328
 421.000000, 171.973872, 51.011876, 2.351544, 53.387173
 397.333333, 171.538591, 54.129195, 2.494966, 56.645973
 441.666667, 172.014340, 48.604528, 2.243019, 50.873962
 423.333333, 171.210236, 51.092913, 2.338583, 53.453543
 416.666667, 171.508000, 51.539200, 2.379200, 53.939200
 448.666667, 171.656761, 47.827637, 2.207281, 50.055721
 448.000000, 171.101190, 47.720982, 2.210565, 49.952381
 443.666667, 171.448535, 48.262960, 2.232156, 50.515402
 455.333333, 170.839678, 46.650805, 2.133968, 48.850659
 451.000000, 171.194383, 47.482631, 2.198078, 49.701404
 463.666667, 171.208483, 46.268871, 2.133717, 48.424874
 456.666667, 170.722628, 46.733577, 2.169343, 48.928467
 442.333333, 171.296910, 48.412962, 2.237378, 50.674454
 383.333333, 170.749565, 56.306087, 2.586957, 58.913913
 1, 21
 0.250000, 0.000000, 0.000000, 2.000000, 10.000000
 375.666667, 159.795031, 50.099379, 2.626442, 52.757764
 430.000000, 171.802326, 50.027132, 2.301550, 52.349612
 454.666667, 171.906158, 47.173021, 2.176686, 49.376100
 404.333333, 171.716406, 49.209398, 2.453421, 51.685078
 411.000000, 171.657745, 55.882401, 2.407137, 58.313869
 441.000000, 171.748299, 48.665155, 2.244898, 50.936508
 420.000000, 172.010317, 51.022222, 2.350794, 53.402381
 398.000000, 171.758794, 54.090452, 2.489950, 56.603015
 441.666667, 171.988679, 48.635472, 2.241509, 50.898113
 418.666667, 171.650478, 50.702229, 2.366242, 53.089968
 417.333333, 171.483227, 51.456070, 2.374601, 53.852236
 448.333333, 171.533086, 47.846097, 2.198513, 50.075836
 447.666667, 171.232316, 47.730454, 2.212211, 49.965748
 443.666667, 171.433509, 48.280240, 2.232156, 50.534185
 455.666667, 170.952451, 46.604974, 2.144843, 48.798098
 451.666667, 171.412546, 47.555720, 2.192620, 49.771218
 463.000000, 171.156947, 46.239741, 2.133909, 48.399568
 456.333333, 170.816654, 46.779401, 2.171658, 48.970782
 441.333333, 171.246979, 48.537009, 2.246224, 50.803625
 382.333333, 170.694856, 56.265911, 2.594595, 58.880558
 2, 21
 0.250000, 0.000000, 0.000000, 2.000000, 2.000000
 373.666667, 160.464764, 50.350580, 2.640500, 53.024086
 427.333333, 171.705928, 50.086583, 2.315133, 52.425117
 454.000000, 171.867841, 47.259912, 2.178414, 49.461821
 406.666667, 171.787705, 49.209836, 2.438525, 51.670492
 412.666667, 171.708401, 56.128433, 2.400646, 58.550889
 441.333333, 171.858761, 48.694109, 2.243202, 50.959215
 420.333333, 172.014274, 51.034100, 2.356860, 53.413164
 396.666667, 171.819328, 54.167227, 2.493277, 56.687395
 442.000000, 172.078431, 48.592006, 2.240573, 50.853695
 419.666667, 172.358221, 50.824464, 2.350278, 53.205719
 417.333333, 171.465655, 51.529553, 2.368211, 53.924920
 448.000000, 172.037202, 47.869048, 2.209821, 50.099702
 449.000000, 171.935412, 47.851522, 2.204900, 50.077209
 443.666667, 171.411721, 48.264463, 2.232908, 50.518407
 457.000000, 171.862144, 46.859956, 2.157549, 49.047411
 449.666667, 170.993328, 47.441067, 2.201631, 49.665678
 462.666667, 171.074207, 46.194524, 2.139049, 48.355908
 455.666667, 170.880029, 46.753475, 2.166789, 48.948061
 441.666667, 171.060377, 48.494340, 2.243774, 50.760000
 382.333333, 171.025283, 56.304272, 2.594595, 58.918919
 3, 21
 0.250000, 6.000000, 0.000000, 1.000000, 14.000000
 382.000000, 159.264398, 50.204188, 2.577661, 52.820244
 428.666667, 171.734837, 50.069207, 2.309487, 52.399689
 454.333333, 171.890682, 47.267792, 2.178283, 49.467351
 404.000000, 171.589109, 49.127063, 2.462871, 51.617162
 415.333333, 171.691011, 55.822632, 2.385233, 58.229535
 440.000000, 171.662121, 48.586364, 2.249242, 50.856818
 420.333333, 172.178430, 51.157811, 2.354481, 53.536875
 396.666667, 171.646218, 54.192437, 2.497479, 56.711765
 442.666667, 171.682229, 48.486446, 2.235693, 50.743976
 420.333333, 171.551150, 50.841396, 2.356860, 53.219667
 417.000000, 171.328537, 51.473221, 2.378098, 53.872102
 448.333333, 172.224535, 47.890706, 2.208922, 50.120446
 449.000000, 171.612472, 47.849295, 2.205642, 50.075724
 443.666667, 171.722014, 48.340346, 2.230654, 50.594290
 457.000000, 170.837345, 46.693654, 2.142961, 48.886214
 450.333333, 171.048853, 47.408586, 2.199112, 49.627683
 463.333333, 171.174101, 46.194245, 2.137410, 48.357554
 455.666667, 170.794440, 46.686174, 2.174104, 48.880761
 441.333333, 171.228097, 48.420695, 2.244713, 50.687311
 383.000000, 169.871192, 56.359443, 2.591819, 58.970409
 4, 21
 0.250000, 10.000000, 0.000000, 1.000000, 13.000000
 381.333333, 160.333916, 50.414336, 2.587413, 53.028846
 428.333333, 171.818677, 49.972763, 2.310506, 52.305058
 453.333333, 171.668382, 47.206618, 2.183824, 49.411765
 403.666667, 171.729149, 49.350124, 2.519405, 51.896780
 420.000000, 172.559524, 55.969048, 2.353968, 58.348413
 441.000000, 171.458050, 48.437642, 2.242630, 50.703704
 421.666667, 172.129644, 51.172332, 2.348617, 53.547826
 395.000000, 171.525738, 54.100422, 2.509705, 56.632068
 437.333333, 171.734756, 48.592988, 2.267530, 50.882622
 432.000000, 171.677469, 50.860340, 2.293210, 53.175154
 415.666667, 171.850842, 51.624699, 2.384122, 54.030473
 448.000000, 171.260417, 47.746280, 2.210565, 49.977679
 446.333333, 171.330097, 47.824496, 2.220314, 50.064974
 445.333333, 171.401946, 48.075599, 2.223054, 50.319611
 456.333333, 171.286340, 46.949598, 2.145362, 49.140248
 451.000000, 171.149298, 47.440503, 2.193644, 49.657058
 461.666667, 171.018773, 46.232491, 2.147292, 48.402166
 455.666667, 171.141185, 46.989027, 2.166057, 49.182151
 442.000000, 171.177979, 48.309955, 2.242836, 50.571644
 383.333333, 165.284348, 54.965217, 2.580870, 57.568696
 5, 21
 0.250000, 10.000000, 0.000000, 11.000000, 13.000000
 379.666667, 158.830553, 50.100088, 2.597015, 52.732221
 429.000000, 171.738928, 50.001554, 2.305361, 52.330225
 453.333333, 172.125000, 47.332353, 2.181618, 49.536029
 401.666667, 171.573444, 49.299585, 2.531950, 51.860581
 423.666667, 171.803304, 55.804878, 2.331235, 58.162864
 442.333333, 171.504898, 48.451394, 2.237378, 50.710625
 420.000000, 172.257143, 51.203175, 2.355556, 53.582540
 396.000000, 171.834175, 54.186869, 2.503367, 56.712121
 437.666667, 171.714395, 48.610815, 2.264280, 50.897944
 430.000000, 171.569767, 50.775969, 2.300000, 53.101550
 416.333333, 171.610088, 51.464371, 2.380304, 53.866293
 448.333333, 171.469145, 47.815613, 2.199257, 50.045353
 447.333333, 171.511923, 47.853949, 2.214605, 50.099851
 446.000000, 171.285501, 48.081465, 2.218984, 50.322123
 455.000000, 170.914286, 46.737729, 2.146520, 48.967766
 450.666667, 171.262574, 47.426036, 2.196006, 49.643491
 462.000000, 171.164502, 46.288600, 2.145743, 48.455988
 456.000000, 170.706871, 46.839912, 2.169591, 49.035088
 441.666667, 171.137358, 48.437736, 2.242264, 50.701132
 382.666667, 164.879791, 54.992160, 2.580139, 57.600174
 6, 21
 0.250000, 8.000000, 0.000000, 10.000000, 12.000000
 382.000000, 159.102967, 50.159686, 2.586387, 52.775742
 429.333333, 171.892857, 50.011646, 2.305124, 52.338509
 453.666667, 172.156503, 47.352682, 2.179280, 49.556209
 403.666667, 171.818332, 49.375723, 2.521057, 51.918249
 424.333333, 172.158680, 56.093480, 2.328358, 58.448547
 440.333333, 171.682059, 48.545799, 2.247540, 50.820590
 421.666667, 171.902767, 51.150988, 2.349407, 53.526482
 395.333333, 171.595278, 54.159359, 2.505902, 56.688027
 437.333333, 171.689024, 48.580793, 2.262957, 50.866616
 430.000000, 172.140310, 51.105426, 2.300000, 53.430233
 415.666667, 171.558140, 51.486768, 2.384122, 53.891740
 448.333333, 171.452788, 47.829740, 2.208922, 50.057993
 447.000000, 171.419090, 47.815063, 2.215511, 50.050708
 447.000000, 171.587621, 48.170022, 2.216257, 50.406413
 456.666667, 170.527007, 46.668613, 2.147445, 48.856204
 450.666667, 170.831361, 47.357988, 2.196006, 49.576183
 460.666667, 171.031114, 46.268452, 2.147612, 48.437048
 455.000000, 170.966300, 46.916484, 2.176557, 49.113553
 442.333333, 171.235117, 48.286360, 2.241899, 50.547852
 384.000000, 166.114583, 55.192708, 2.578993, 57.792535
 7, 21
 0.250000, 7.000000, 0.000000, 10.000000, 11.000000
 377.000000, 160.510168, 50.274094, 2.612732, 52.930150
 428.000000, 171.910436, 50.097352, 2.312305, 52.431464
 452.666667, 171.825479, 47.321060, 2.184094, 49.528719
 402.666667, 171.644040, 49.277318, 2.527318, 51.826159
 424.333333, 171.536528, 55.904163, 2.333857, 58.259230
 442.000000, 171.652338, 48.490950, 2.239819, 50.751885
 419.666667, 172.129468, 51.152502, 2.359809, 53.534551
 396.333333, 171.492851, 54.163162, 2.500421, 56.691337
 437.333333, 171.742378, 48.541921, 2.259909, 50.825457
 425.333333, 171.667712, 50.413793, 2.326803, 52.761755
 415.333333, 171.786517, 51.541734, 2.385233, 53.947833
 446.666667, 171.406716, 47.752239, 2.217910, 49.989552
 446.333333, 171.133682, 47.725915, 2.217326, 49.964152
 446.333333, 171.461538, 48.150112, 2.217326, 50.389843
 456.333333, 170.971512, 46.853908, 2.147553, 49.045289
 451.666667, 170.985240, 47.377122, 2.190406, 49.590406
 461.000000, 171.093999, 46.253796, 2.146782, 48.421547
 455.333333, 171.125183, 46.893119, 2.174231, 49.087848
 442.000000, 171.134992, 48.383861, 2.244344, 50.647813
 383.666667, 165.924414, 55.219809, 2.581234, 57.821894
Histogram
0 0 1 0 0 0 0 0 0 1 1 1 1 2 1 0 0 0 0 0 0 0 0 0 0 0 0 0 0 0 0 0 0 0 0 0 0 0 0 0 0 0 0 0 0 0 0 0 17 28 43 8 15 24 1 0 8 4 12 0 0 0 0 0 0 0 0 0 0 0 0 0 0 0 0 0 0 0 0 0 0 0 0 0 0 0 0 0 0 0 0 0 0 0 0 0 0 0 0 0 
Cache Miss Ratio
NaN
Average number of keys
NaN
numOfSets
209515
numOfGets
0
numOfMultiGets
0
