 0, 21
 0.250000, 19.000000, 6.000000, 2.000000, 18.000000
 418.666667, 97.956210, 28.070860, 2.350318, 30.452229
 450.333333, 171.473723, 47.557365, 2.191710, 49.775722
 442.000000, 171.070136, 48.260935, 2.234540, 50.521116
 456.333333, 171.270270, 46.985391, 2.164354, 49.175310
 445.333333, 170.850299, 47.786677, 2.219311, 50.031437
 455.333333, 171.398975, 46.942899, 2.170571, 49.138360
 455.666667, 170.816386, 46.833211, 2.168252, 49.026335
 423.666667, 170.350118, 50.385523, 2.333596, 52.745083
 440.000000, 171.464394, 48.669697, 2.245455, 50.942424
 459.666667, 170.538071, 46.304569, 2.150834, 48.480058
 454.000000, 171.228341, 47.179883, 2.175477, 49.381791
 449.333333, 169.988872, 47.498516, 2.199555, 49.723294
 462.333333, 170.852199, 46.201875, 2.136265, 48.368421
 443.000000, 171.954101, 48.854026, 2.228743, 51.109105
 455.666667, 172.212875, 47.275055, 2.166789, 49.468910
 454.000000, 171.424376, 47.016887, 2.154185, 49.218062
 421.333333, 172.128165, 51.245253, 2.348101, 53.618671
 455.000000, 171.738462, 47.147985, 2.159707, 49.345055
 448.666667, 171.542348, 47.715453, 2.191679, 49.950223
 466.000000, 170.144492, 45.683119, 2.120887, 47.828326
 1, 21
 0.250000, 23.000000, 0.000000, 11.000000, 12.000000
 413.666667, 99.138598, 28.405318, 2.344883, 30.800161
 449.666667, 170.428466, 47.303188, 2.197183, 49.525574
 441.333333, 170.861782, 48.248489, 2.238671, 50.512840
 455.000000, 171.060073, 46.902564, 2.170696, 49.104029
 447.333333, 170.765276, 47.845007, 2.209389, 50.079732
 456.000000, 171.372807, 46.900585, 2.165936, 49.092836
 455.666667, 171.653255, 46.975128, 2.168252, 49.168252
 425.333333, 171.602665, 50.757837, 2.323668, 53.108150
 440.666667, 171.262481, 48.598336, 2.243570, 50.866868
 460.666667, 170.940666, 46.494935, 2.143271, 48.664255
 453.333333, 170.729412, 47.037500, 2.177206, 49.246324
 449.666667, 170.858414, 47.729429, 2.197924, 49.952557
 462.333333, 171.364816, 46.264600, 2.134102, 48.426099
 443.000000, 171.231001, 48.753950, 2.231753, 51.016554
 453.333333, 171.365441, 47.050735, 2.175000, 49.255882
 453.000000, 170.589404, 46.824871, 2.182487, 49.033113
 422.333333, 172.055249, 51.179163, 2.342541, 53.546961
 453.333333, 171.158088, 47.031618, 2.177941, 49.235294
 448.000000, 171.433780, 47.658482, 2.207589, 49.890625
 465.333333, 169.889685, 45.628223, 2.121777, 47.776504
 2, 21
 0.250000, 22.000000, 0.000000, 10.000000, 12.000000
 416.000000, 98.310897, 28.036058, 2.358974, 30.428686
 449.666667, 170.880652, 47.394366, 2.197924, 49.616753
 442.666667, 171.432982, 48.353163, 2.230422, 50.609940
 453.666667, 170.939750, 46.878031, 2.176341, 49.085966
 447.000000, 170.959732, 47.787472, 2.209545, 50.023117
 455.333333, 171.152269, 46.864568, 2.169107, 49.060029
 453.666667, 170.767818, 46.790595, 2.178545, 48.994122
 422.666667, 171.014984, 50.559148, 2.333596, 52.921136
 439.333333, 171.475721, 48.717754, 2.236722, 50.993171
 462.000000, 171.135642, 46.540404, 2.137085, 48.704906
 453.666667, 171.341661, 47.207201, 2.168259, 49.415871
 448.666667, 170.693908, 47.638187, 2.202080, 49.865527
 461.666667, 170.912635, 46.161011, 2.139350, 48.325632
 417.000000, 171.691447, 48.472422, 2.361311, 50.869704
 456.000000, 171.937135, 47.209795, 2.166667, 49.402047
 454.000000, 171.017621, 46.956681, 2.168869, 49.158590
 422.333333, 171.815312, 51.180742, 2.340963, 53.546172
 452.333333, 170.985262, 47.036109, 2.176861, 49.240973
 449.333333, 171.742582, 47.681751, 2.199555, 49.907270
 464.000000, 170.326149, 45.808908, 2.128592, 47.963362
 3, 21
 0.250000, 23.000000, 1.000000, 10.000000, 12.000000
 421.333333, 97.758703, 28.054589, 2.320411, 30.416930
 450.000000, 171.053333, 47.377778, 2.192593, 49.596296
 441.333333, 171.340634, 48.374622, 2.237915, 50.638973
 456.000000, 171.153509, 46.986842, 2.167398, 49.178363
 446.666667, 171.412687, 47.909701, 2.211194, 50.152239
 455.333333, 171.436310, 46.909956, 2.169839, 49.105417
 456.000000, 171.327485, 46.945906, 2.166667, 49.137427
 426.000000, 170.690141, 50.486698, 2.298905, 52.838028
 440.000000, 171.194697, 48.555303, 2.246970, 50.832576
 457.666667, 170.497451, 46.344501, 2.158776, 48.529497
 453.333333, 171.794118, 47.319118, 2.173529, 49.525000
 448.333333, 170.870632, 47.698885, 2.203717, 49.928625
 462.333333, 171.290555, 46.294881, 2.134823, 48.456381
 444.333333, 170.996249, 48.675169, 2.217554, 50.930983
 455.000000, 171.526007, 47.082784, 2.171429, 49.280586
 455.000000, 171.527473, 47.054212, 2.159707, 49.250549
 422.333333, 172.322810, 51.272297, 2.339384, 53.644830
 453.000000, 170.990434, 47.025018, 2.182487, 49.231788
 450.333333, 171.610659, 47.679497, 2.196891, 49.900074
 465.333333, 170.723496, 45.866046, 2.122493, 48.018625
 4, 21
 0.250000, 24.000000, 1.000000, 10.000000, 12.000000
 420.000000, 97.518254, 28.078571, 2.318254, 30.449206
 449.666667, 170.839881, 47.442550, 2.194959, 49.664937
 443.000000, 171.286682, 48.336343, 2.225734, 50.592175
 455.000000, 171.065201, 46.926007, 2.163370, 49.122344
 447.333333, 171.540984, 48.032787, 2.205663, 50.266766
 455.333333, 171.430454, 46.905564, 2.170571, 49.100293
 454.000000, 171.010279, 46.906021, 2.176211, 49.111601
 422.000000, 171.101896, 50.574250, 2.338073, 52.947867
 439.000000, 171.110099, 48.586940, 2.246014, 50.864085
 460.000000, 170.787681, 46.444928, 2.148551, 48.623913
 452.666667, 171.218704, 47.152430, 2.181885, 49.360825
 447.666667, 170.138496, 47.540581, 2.205510, 49.773641
 462.000000, 170.943723, 46.209957, 2.137085, 48.373016
 444.333333, 171.479370, 48.738935, 2.223556, 50.989497
 453.333333, 171.586765, 47.231618, 2.179412, 49.437500
 453.333333, 171.076471, 47.044118, 2.180147, 49.249265
 419.666667, 171.416203, 51.024623, 2.359015, 53.412232
 456.000000, 170.717836, 46.925439, 2.168129, 49.117690
 448.666667, 170.983655, 47.516345, 2.204309, 49.750371
 464.666667, 171.053802, 45.871593, 2.121951, 48.022956
 5, 21
 0.250000, 22.000000, 1.000000, 9.000000, 12.000000
 420.666667, 97.820127, 28.079239, 2.327258, 30.444532
 451.000000, 171.042868, 47.421286, 2.189209, 49.636364
 442.333333, 170.859834, 48.295403, 2.233610, 50.553881
 455.333333, 171.124451, 46.924597, 2.166911, 49.121523
 447.333333, 171.030551, 47.944113, 2.208644, 50.178092
 455.000000, 171.565568, 46.966300, 2.170696, 49.168498
 455.000000, 170.906227, 46.866667, 2.172161, 49.063736
 420.333333, 170.997621, 50.602696, 2.344964, 52.980174
 440.333333, 171.314156, 48.720666, 2.243755, 50.990916
 460.666667, 170.689580, 46.393632, 2.137482, 48.565847
 454.666667, 170.745601, 47.035191, 2.174487, 49.233871
 448.333333, 171.097398, 47.738290, 2.203717, 49.974721
 461.000000, 170.483008, 46.076645, 2.142444, 48.244396
 443.666667, 171.472577, 48.821938, 2.227648, 51.074380
 455.333333, 172.284041, 47.394583, 2.165447, 49.590776
 453.666667, 171.409258, 47.033064, 2.157237, 49.236591
 421.333333, 171.798259, 51.169304, 2.344146, 53.542722
 454.000000, 171.232012, 47.033774, 2.175477, 49.235683
 449.000000, 171.990349, 47.764662, 2.198961, 49.991834
 465.000000, 170.075269, 45.707527, 2.110394, 47.857348
 6, 21
 0.250000, 24.000000, 1.000000, 9.000000, 12.000000
 418.666667, 99.794586, 28.433121, 2.330414, 30.810510
 450.000000, 171.351852, 47.450370, 2.194815, 49.675556
 442.000000, 171.537707, 48.446456, 2.232278, 50.706637
 455.333333, 171.123719, 47.010981, 2.168375, 49.210102
 447.000000, 171.683072, 47.985831, 2.207308, 50.221477
 456.000000, 171.635234, 47.005848, 2.165936, 49.198099
 455.333333, 170.941435, 46.843338, 2.170571, 49.038067
 424.000000, 172.212264, 50.782233, 2.329403, 53.139937
 439.666667, 171.387415, 48.661107, 2.245641, 50.934041
 458.000000, 170.680495, 46.445415, 2.156477, 48.628821
 454.000000, 170.881791, 47.096182, 2.169604, 49.307636
 449.333333, 171.021513, 47.695104, 2.197329, 49.919881
 459.666667, 170.070341, 45.997825, 2.150109, 48.172589
 444.666667, 171.248876, 48.740630, 2.223388, 50.994003
 454.666667, 171.409091, 47.107038, 2.165689, 49.305718
 454.333333, 170.516508, 46.872340, 2.176082, 49.072634
 420.333333, 171.712926, 51.111023, 2.353688, 53.488501
 455.000000, 171.849084, 47.197070, 2.170696, 49.398535
 450.000000, 171.972593, 47.785926, 2.187407, 50.008148
 464.333333, 170.713568, 45.882986, 2.125628, 48.035176
 7, 21
 0.250000, 22.000000, 1.000000, 9.000000, 12.000000
 416.666667, 98.871200, 28.142400, 2.356800, 30.539200
 448.333333, 170.904089, 47.382900, 2.198513, 49.611896
 442.333333, 171.190656, 48.323286, 2.233610, 50.587792
 454.666667, 170.670088, 46.816716, 2.161290, 49.013930
 447.333333, 170.959016, 47.778689, 2.204173, 50.012668
 456.000000, 172.000731, 47.052632, 2.163743, 49.243421
 455.000000, 171.062271, 46.884249, 2.171429, 49.080586
 423.333333, 170.584252, 50.534646, 2.337008, 52.896063
 439.666667, 171.619409, 48.655800, 2.247915, 50.930250
 461.000000, 170.837310, 46.438901, 2.143890, 48.608098
 454.333333, 171.028613, 47.180484, 2.175348, 49.380778
 446.666667, 169.905970, 47.533582, 2.211194, 49.770149
 461.666667, 170.844043, 46.184838, 2.134296, 48.358123
 445.666667, 171.541511, 48.765894, 2.216156, 51.008975
 454.000000, 171.712922, 47.190896, 2.176211, 49.392805
 454.000000, 171.183554, 47.035242, 2.176946, 49.237885
 421.000000, 172.278702, 51.265241, 2.342043, 53.639747
 456.666667, 171.832847, 47.181022, 2.163504, 49.370073
 448.666667, 172.017831, 47.819465, 2.201337, 50.049034
 465.666667, 170.431639, 45.846815, 2.118110, 47.993558
Histogram
0 0 0 0 0 0 0 0 0 0 0 0 7 0 0 0 0 0 1 0 0 0 0 0 0 0 0 0 0 0 8 0 0 0 0 0 0 0 0 0 0 0 0 0 0 0 0 5 20 77 30 4 6 10 0 0 0 0 0 0 0 0 0 0 0 0 0 0 0 0 0 0 0 0 0 0 0 0 0 0 0 0 0 0 0 0 0 0 0 0 0 0 0 0 0 0 0 0 0 0 
Cache Miss Ratio
NaN
Average number of keys
NaN
numOfSets
225449
numOfGets
0
numOfMultiGets
0
