 0, 21
 0.250000, 1.000000, 5.000000, 12.000000, 20.000000
 195.000000, 22.871795, 4.266667, 3.986325, 8.331624
 238.666667, 33.864525, 5.132682, 3.698324, 8.860335
 234.000000, 34.813390, 5.373219, 3.790598, 9.210826
 221.333333, 32.865964, 5.274096, 3.978916, 9.308735
 234.333333, 32.708393, 5.184922, 3.714083, 8.927454
 222.666667, 30.824850, 4.842814, 3.886228, 8.761976
 217.333333, 30.923313, 5.245399, 3.983129, 9.262270
 219.666667, 31.514416, 5.198786, 4.053111, 9.295903
 227.000000, 31.217327, 4.834068, 3.837004, 8.706314
 222.666667, 32.902695, 5.220060, 3.974551, 9.220060
 215.666667, 31.417311, 5.083462, 4.168470, 9.301391
 205.000000, 30.814634, 5.658537, 4.177236, 9.886179
 182.000000, 32.496337, 6.152015, 4.855311, 11.071429
 203.000000, 32.246305, 5.558292, 4.471264, 10.072250
 219.333333, 32.381459, 5.256839, 4.048632, 9.340426
 228.333333, 33.264234, 5.147445, 3.862774, 9.037956
 223.666667, 30.615499, 4.944858, 3.923994, 8.906110
 213.333333, 30.590625, 4.968750, 4.096875, 9.121875
 237.000000, 31.383966, 4.669480, 3.773558, 8.476793
 218.666667, 31.481707, 5.172256, 4.013720, 9.243902
 1, 21
 0.250000, 0.000000, 0.000000, 12.000000, 13.000000
 198.333333, 24.836975, 4.194958, 3.991597, 8.242017
 236.333333, 33.039492, 5.260931, 3.730606, 9.019746
 226.000000, 32.182891, 5.190265, 3.943953, 9.169617
 218.000000, 33.143731, 5.414373, 4.122324, 9.581040
 218.666667, 29.213415, 4.846037, 3.966463, 8.852134
 224.666667, 29.016320, 4.629080, 3.816024, 8.482196
 218.333333, 31.679389, 5.097710, 4.015267, 9.143511
 225.666667, 32.698671, 5.178730, 3.858198, 9.100443
 228.666667, 32.408163, 4.893586, 3.858601, 8.790087
 212.666667, 31.802508, 5.250784, 4.101881, 9.443574
 216.666667, 31.635385, 5.221538, 4.050769, 9.298462
 206.666667, 32.541935, 5.761290, 4.151613, 9.970968
 197.333333, 34.488176, 6.047297, 4.609797, 10.687500
 195.333333, 30.464164, 5.513652, 4.629693, 10.206485
 218.000000, 32.308869, 5.308869, 4.073394, 9.412844
 221.666667, 30.726316, 4.963910, 3.923308, 8.924812
 223.333333, 31.392537, 5.128358, 3.970149, 9.147761
 223.000000, 32.856502, 5.124066, 4.055306, 9.203288
 233.333333, 31.377143, 4.825714, 3.812857, 8.661429
 217.666667, 30.675345, 5.119449, 4.050536, 9.225115
 2, 21
 0.250000, 1.000000, 0.000000, 12.000000, 14.000000
 199.666667, 23.429048, 4.328881, 3.933222, 8.318865
 214.666667, 31.782609, 5.079193, 4.130435, 9.243789
 223.000000, 32.662182, 5.094170, 3.979073, 9.116592
 219.666667, 30.494689, 5.100152, 4.030349, 9.154780
 236.666667, 32.929577, 5.208451, 3.711268, 8.946479
 232.000000, 31.031609, 4.837644, 3.775862, 8.669540
 221.000000, 31.125189, 5.069382, 3.941176, 9.042232
 222.333333, 32.413793, 5.035982, 3.947526, 9.029985
 227.000000, 32.192364, 4.954479, 3.853157, 8.856094
 225.666667, 33.652880, 5.324963, 3.966027, 9.317578
 217.666667, 32.272588, 5.209801, 3.998469, 9.310873
 198.000000, 30.013468, 5.441077, 4.220539, 9.725589
 191.666667, 33.486957, 5.944348, 4.676522, 10.676522
 199.666667, 30.959933, 5.497496, 4.358932, 9.959933
 218.333333, 32.352672, 5.242748, 4.061069, 9.335878
 210.333333, 30.662441, 4.885895, 4.144216, 9.057052
 222.000000, 30.846847, 5.009009, 3.966967, 9.034535
 220.333333, 32.438729, 4.922844, 3.986384, 8.968230
 227.666667, 30.592972, 4.749634, 3.859444, 8.650073
 217.000000, 32.548387, 5.380952, 4.030722, 9.460829
 3, 21
 0.250000, 0.000000, 0.000000, 12.000000, 14.000000
 209.333333, 25.530255, 4.445860, 3.788217, 8.272293
 226.666667, 32.575000, 5.192647, 3.898529, 9.122059
 214.000000, 32.501558, 5.275701, 4.183801, 9.485981
 204.333333, 30.288744, 5.189233, 4.251223, 9.495922
 229.333333, 31.325581, 5.075581, 3.848837, 8.953488
 237.000000, 31.777778, 4.850914, 3.722925, 8.606188
 225.666667, 33.215657, 5.242245, 3.943870, 9.242245
 213.000000, 29.489828, 5.064163, 4.057903, 9.158059
 228.000000, 30.945906, 4.640351, 3.796784, 8.502924
 225.000000, 33.521481, 5.188148, 3.903704, 9.130370
 219.666667, 32.386950, 5.262519, 3.998483, 9.349014
 211.333333, 33.676656, 5.641956, 4.096215, 9.783912
 201.666667, 35.783471, 6.171901, 4.459504, 10.695868
 211.666667, 34.552756, 5.899213, 4.318110, 10.264567
 217.000000, 31.637481, 5.066052, 4.076805, 9.184332
 222.000000, 32.007508, 5.165165, 3.983483, 9.177177
 236.000000, 34.905367, 5.354520, 3.779661, 9.169492
 235.333333, 35.548159, 5.347025, 3.822946, 9.199717
 232.333333, 31.628407, 4.802009, 3.830703, 8.672884
 216.000000, 30.172840, 5.021605, 4.125000, 9.191358
 4, 21
 0.250000, 0.000000, 0.000000, 11.000000, 13.000000
 201.000000, 23.958541, 4.157546, 3.907131, 8.104478
 237.333333, 33.404494, 5.161517, 3.683989, 8.876404
 225.666667, 31.918759, 5.138848, 3.973412, 9.149188
 232.000000, 34.975575, 5.397989, 3.856322, 9.283046
 233.333333, 32.622857, 5.180000, 3.767143, 8.974286
 233.333333, 32.974286, 4.901429, 3.798571, 8.747143
 218.000000, 30.519878, 5.018349, 4.027523, 9.131498
 206.333333, 30.384491, 5.085622, 4.229402, 9.384491
 222.666667, 29.514970, 4.678144, 3.913174, 8.615269
 216.666667, 30.896923, 4.952308, 4.135385, 9.112308
 213.666667, 30.634945, 5.115445, 4.117005, 9.276131
 201.000000, 31.925373, 5.603648, 4.316750, 9.991708
 197.333333, 32.707770, 6.136824, 4.554054, 10.763514
 206.666667, 32.650000, 5.503226, 4.187097, 9.890323
 220.666667, 31.270393, 5.163142, 4.015106, 9.203927
 224.000000, 31.239583, 4.986607, 3.842262, 8.876488
 224.666667, 33.106825, 5.189911, 3.977745, 9.212166
 217.333333, 32.541411, 5.082822, 4.110429, 9.242331
 229.666667, 30.988389, 4.687954, 3.822932, 8.542816
 218.333333, 31.319084, 5.287023, 4.033588, 9.355725
 5, 21
 0.250000, 1.000000, 0.000000, 10.000000, 13.000000
 195.000000, 22.157265, 4.177778, 3.962393, 8.203419
 235.333333, 33.347025, 5.232295, 3.753541, 9.021246
 222.000000, 32.579580, 5.112613, 4.016517, 9.166667
 215.666667, 30.064915, 5.278207, 4.105100, 9.409583
 217.333333, 29.453988, 4.897239, 3.972393, 8.923313
 227.666667, 30.806735, 4.734993, 3.830161, 8.607613
 220.333333, 30.234493, 5.087746, 4.012103, 9.136157
 218.000000, 32.724771, 5.203364, 4.061162, 9.292049
 230.333333, 31.725036, 4.989870, 3.817656, 8.845152
 217.666667, 31.260337, 5.163859, 4.071975, 9.283308
 216.666667, 32.736923, 5.180000, 4.093846, 9.307692
 203.666667, 31.779051, 5.412439, 4.173486, 9.689034
 185.000000, 32.340541, 5.861261, 4.823423, 10.756757
 210.666667, 33.028481, 5.528481, 4.212025, 9.811709
 213.333333, 30.946875, 5.125000, 4.059375, 9.232813
 218.000000, 30.262997, 4.977064, 3.969419, 8.998471
 233.666667, 35.031384, 5.243937, 3.813124, 9.084165
 224.666667, 33.866469, 5.198813, 3.997033, 9.221068
 239.333333, 32.208914, 4.795265, 3.697772, 8.516713
 222.000000, 32.947447, 5.447447, 3.984985, 9.457958
 6, 21
 0.250000, 1.000000, 0.000000, 10.000000, 13.000000
 202.000000, 23.287129, 4.265677, 3.887789, 8.196370
 223.000000, 30.393124, 5.037369, 3.896861, 8.994021
 216.000000, 29.793210, 4.969136, 4.117284, 9.109568
 223.333333, 32.943284, 5.155224, 3.982090, 9.164179
 233.666667, 31.527817, 5.049929, 3.746077, 8.848787
 221.666667, 31.700752, 4.756391, 3.968421, 8.763910
 221.000000, 31.276018, 5.150830, 3.954751, 9.141780
 230.666667, 33.781792, 5.325145, 3.823699, 9.176301
 231.666667, 32.519424, 4.856115, 3.798561, 8.680576
 225.000000, 33.047407, 5.438519, 3.925926, 9.395556
 218.333333, 31.099237, 5.167939, 4.053435, 9.256489
 212.000000, 32.880503, 5.778302, 4.062893, 9.886792
 194.000000, 34.898625, 6.042955, 4.649485, 10.737113
 205.666667, 33.066451, 5.531605, 4.353323, 9.970827
 215.000000, 31.631008, 5.229457, 4.046512, 9.345736
 218.333333, 29.941985, 4.844275, 4.012214, 8.880916
 235.333333, 33.787535, 5.215297, 3.798867, 9.039660
 222.333333, 33.154423, 5.032984, 4.052474, 9.130435
 225.000000, 29.979259, 4.634074, 3.900741, 8.560000
 216.333333, 30.787365, 5.078582, 4.018490, 9.151002
 7, 21
 0.250000, 0.000000, 0.000000, 10.000000, 13.000000
 206.333333, 25.571890, 4.402262, 3.759289, 8.201939
 216.000000, 31.195988, 4.927469, 4.052469, 9.021605
 233.333333, 34.984286, 5.487143, 3.780000, 9.305714
 225.333333, 33.698225, 5.421598, 3.970414, 9.437870
 222.333333, 30.050975, 4.964018, 3.904048, 8.899550
 222.333333, 29.052474, 4.635682, 3.899550, 8.560720
 212.666667, 31.000000, 5.017241, 4.084639, 9.208464
 221.333333, 31.466867, 5.307229, 3.974398, 9.314759
 225.666667, 31.649926, 4.834564, 3.926145, 8.827179
 227.000000, 33.057269, 5.142438, 3.888399, 9.069016
 211.666667, 31.152756, 5.080315, 4.159055, 9.285039
 200.666667, 30.538206, 5.413621, 4.244186, 9.696013
 194.666667, 33.962329, 6.196918, 4.606164, 10.869863
 208.666667, 33.980831, 5.661342, 4.217252, 9.996805
 209.000000, 31.637959, 5.422648, 4.127592, 9.594896
 229.000000, 32.525473, 5.112082, 3.831150, 8.989811
 223.666667, 32.383010, 5.307004, 3.994039, 9.339791
 223.333333, 33.495522, 5.097015, 3.983582, 9.116418
 243.333333, 33.713699, 4.912329, 3.661644, 8.615068
 212.666667, 30.974922, 5.258621, 4.142633, 9.435737
 8, 21
 0.250000, 0.000000, 0.000000, 10.000000, 13.000000
 204.666667, 24.897394, 4.314332, 3.881107, 8.249186
 212.666667, 30.351097, 4.813480, 4.161442, 9.023511
 225.333333, 31.532544, 5.079882, 3.897929, 9.007396
 227.000000, 33.621145, 5.276065, 3.955947, 9.267254
 230.333333, 31.690304, 5.147612, 3.800289, 8.988423
 225.000000, 30.794074, 4.700741, 3.866667, 8.604444
 217.666667, 31.909648, 5.290965, 4.019908, 9.346095
 224.333333, 33.337296, 5.193165, 3.919762, 9.147103
 225.000000, 31.611852, 4.798519, 3.856296, 8.703704
 214.000000, 29.964174, 4.971963, 4.144860, 9.152648
 206.666667, 30.051613, 5.143548, 4.261290, 9.466129
 209.666667, 31.758347, 5.643879, 4.054054, 9.739269
 215.333333, 37.657895, 6.204334, 4.273994, 10.554180
 210.666667, 33.702532, 5.650316, 4.221519, 9.949367
 225.666667, 34.596750, 5.511078, 3.971935, 9.509601
 233.333333, 33.590000, 5.064286, 3.817143, 8.914286
 228.333333, 32.912409, 5.103650, 3.929927, 9.059854
 214.666667, 31.611801, 4.982919, 4.142857, 9.181677
 235.666667, 31.954738, 4.772277, 3.769448, 8.571429
 211.000000, 31.804107, 5.211690, 4.208531, 9.459716
 9, 21
 0.250000, 0.000000, 0.000000, 10.000000, 13.000000
 199.666667, 24.225376, 4.353923, 3.973289, 8.377295
 233.666667, 33.328103, 5.323823, 3.774608, 9.126961
 223.666667, 33.110283, 5.168405, 3.961252, 9.156483
 220.000000, 30.707576, 5.274242, 3.989394, 9.306061
 220.333333, 31.379728, 4.965204, 3.977307, 8.992436
 220.666667, 29.752266, 4.623867, 3.932024, 8.605740
 220.666667, 31.407855, 5.202417, 4.003021, 9.241692
 218.333333, 31.302290, 5.178626, 3.920611, 9.146565
 226.000000, 30.766962, 4.842183, 3.824484, 8.705015
 217.666667, 31.972435, 5.088821, 4.105666, 9.231240
 228.333333, 33.394161, 5.456934, 3.891971, 9.392701
 212.666667, 32.678683, 5.727273, 3.978056, 9.742947
 198.666667, 35.793624, 6.213087, 4.562081, 10.815436
 214.000000, 34.565421, 5.616822, 4.252336, 9.898754
 215.333333, 31.736842, 5.303406, 4.091331, 9.428793
 223.333333, 31.488060, 4.961194, 3.892537, 8.900000
 228.000000, 32.913743, 5.173977, 3.932749, 9.144737
 218.333333, 32.296183, 5.096183, 4.085496, 9.222901
 233.666667, 31.390870, 4.777461, 3.803138, 8.607703
 224.000000, 33.156250, 5.233631, 3.857143, 9.166667
 10, 21
 0.250000, 0.000000, 0.000000, 10.000000, 12.000000
 201.000000, 26.072968, 4.412935, 3.950249, 8.412935
 220.333333, 31.998487, 5.133132, 4.022693, 9.205749
 226.000000, 33.213864, 5.122419, 3.926254, 9.101770
 215.333333, 31.020124, 5.216718, 4.077399, 9.332817
 227.666667, 30.578331, 4.934114, 3.840410, 8.803807
 220.000000, 28.339394, 4.472727, 3.916667, 8.413636
 218.000000, 30.111621, 5.068807, 4.033639, 9.168196
 224.000000, 32.101190, 5.196429, 3.950893, 9.180060
 210.666667, 29.882911, 4.794304, 4.177215, 9.033228
 216.666667, 33.104615, 5.213846, 4.113846, 9.366154
 219.000000, 31.722983, 5.041096, 4.050228, 9.132420
 212.333333, 33.235479, 5.568289, 4.059655, 9.681319
 191.000000, 32.994764, 5.989529, 4.630017, 10.696335
 208.666667, 32.761981, 5.635783, 4.359425, 10.028754
 208.666667, 29.774760, 4.913738, 4.196486, 9.182109
 219.666667, 31.526555, 4.895296, 4.021244, 8.962064
 223.000000, 32.384155, 5.198804, 3.988042, 9.219731
 224.333333, 32.404160, 5.059435, 4.037147, 9.136701
 233.000000, 32.452074, 4.834049, 3.766810, 8.642346
 219.666667, 31.971168, 5.224583, 3.992413, 9.253414
 11, 21
 0.250000, 5.000000, 0.000000, 2.000000, 3.000000
 200.333333, 24.430948, 4.256240, 3.783694, 8.083195
 223.333333, 33.852239, 5.262687, 3.938806, 9.240299
 218.333333, 30.473282, 4.989313, 4.001527, 9.070229
 217.666667, 32.206738, 5.212864, 4.078101, 9.332312
 225.666667, 30.958641, 5.082718, 3.877400, 8.985229
 226.000000, 29.783186, 4.691740, 3.817109, 8.563422
 217.000000, 31.431644, 5.164363, 4.052227, 9.291859
 210.333333, 30.158479, 5.055468, 4.077655, 9.188590
 218.333333, 28.963359, 4.430534, 3.977099, 8.441221
 214.000000, 30.789720, 5.028037, 4.144860, 9.221184
 218.666667, 32.789634, 5.376524, 4.036585, 9.495427
 202.666667, 30.659539, 5.269737, 4.226974, 9.549342
 202.666667, 34.796053, 6.333882, 4.504934, 10.866776
 213.000000, 35.134585, 5.661972, 4.228482, 9.928013
 222.000000, 33.228228, 5.292793, 3.963964, 9.282282
 216.666667, 28.969231, 4.923077, 3.947692, 8.893846
 224.666667, 32.109792, 5.270030, 3.934718, 9.241840
 226.333333, 33.456554, 5.154639, 3.998527, 9.178203
 229.666667, 30.296081, 4.751814, 3.831640, 8.616836
 211.333333, 30.586751, 5.094637, 3.993691, 9.331230
 12, 21
 0.250000, 3.000000, 0.000000, 1.000000, 6.000000
 206.666667, 24.451613, 4.258065, 3.824194, 8.127419
 229.000000, 32.470160, 5.106259, 3.842795, 8.988355
 219.333333, 30.951368, 5.153495, 4.051672, 9.237082
 232.333333, 34.302726, 5.427547, 3.812052, 9.286944
 220.000000, 30.915152, 4.901515, 3.965152, 8.940909
 234.666667, 32.776989, 4.975852, 3.750000, 8.751420
 214.333333, 30.556765, 5.115086, 4.087092, 9.250389
 221.666667, 32.287218, 5.246617, 3.956391, 9.227068
 236.666667, 33.085915, 5.015493, 3.694366, 8.740845
 220.333333, 31.641452, 5.189107, 4.031770, 9.252648
 226.666667, 32.877941, 5.414706, 3.911765, 9.363235
 206.000000, 31.093851, 5.462783, 4.187702, 9.674757
 198.000000, 35.727273, 6.195286, 4.579125, 10.836700
 209.000000, 32.175439, 5.599681, 4.322169, 9.976077
 218.666667, 31.780488, 5.022866, 4.041159, 9.099085
 207.666667, 29.304976, 5.001605, 4.173355, 9.213483
 218.333333, 31.071756, 5.190840, 4.045802, 9.293130
 222.333333, 33.026987, 5.035982, 4.019490, 9.082459
 222.666667, 30.803892, 4.745509, 3.934132, 8.706587
 217.666667, 30.707504, 5.225115, 4.047473, 9.333844
 13, 21
 0.250000, 1.000000, 0.000000, 16.000000, 17.000000
 207.333333, 25.454984, 4.366559, 3.840836, 8.260450
 215.666667, 32.489954, 5.153014, 4.095827, 9.275116
 229.000000, 33.771470, 5.291121, 3.864629, 9.205240
 224.333333, 32.836553, 5.439822, 4.008915, 9.478455
 225.000000, 29.595556, 4.837037, 3.845926, 8.751111
 228.666667, 31.266764, 4.686589, 3.826531, 8.551020
 218.000000, 31.564220, 5.090214, 4.044343, 9.160550
 216.666667, 31.389231, 5.013846, 3.992308, 9.064615
 232.000000, 33.386494, 5.073276, 3.801724, 8.906609
 225.333333, 33.504438, 5.334320, 4.019231, 9.380178
 210.000000, 30.357143, 5.050794, 4.106349, 9.238095
 210.000000, 32.176190, 5.634921, 4.188889, 9.850794
 199.666667, 34.612688, 6.141903, 4.512521, 10.706177
 213.000000, 33.469484, 5.807512, 4.283255, 10.145540
 217.666667, 32.996937, 5.336907, 4.016845, 9.393568
 223.000000, 31.575486, 5.029895, 3.907324, 8.973094
 226.000000, 32.119469, 5.146018, 3.938053, 9.119469
 222.000000, 32.882883, 5.235736, 4.088589, 9.349850
 224.666667, 29.954006, 4.646884, 3.908012, 8.609792
 217.000000, 31.302611, 5.348694, 4.062980, 9.439324
 14, 21
 0.250000, 1.000000, 0.000000, 1.000000, 2.000000
 210.000000, 25.792063, 4.707937, 3.807937, 8.574603
 233.666667, 33.864479, 5.313837, 3.773181, 9.132668
 228.333333, 33.249635, 5.240876, 3.899270, 9.175182
 216.666667, 31.943077, 5.298462, 4.098462, 9.421538
 227.333333, 30.857771, 5.063050, 3.809384, 8.906158
 228.333333, 30.731387, 4.760584, 3.842336, 8.627737
 224.666667, 32.359050, 5.372404, 3.900593, 9.314540
 215.333333, 30.667183, 5.109907, 4.010836, 9.151703
 230.666667, 31.611272, 4.829480, 3.787572, 8.644509
 225.000000, 33.277037, 5.134815, 3.915556, 9.087407
 231.333333, 33.296830, 5.429395, 3.878963, 9.345821
 208.666667, 32.554313, 5.710863, 4.134185, 9.931310
 200.000000, 35.823333, 6.223333, 4.556667, 10.823333
 214.666667, 34.453416, 6.021739, 4.141304, 10.242236
 226.333333, 33.085420, 5.108984, 3.955817, 9.104566
 226.666667, 32.182353, 5.254412, 3.823529, 9.111765
 221.333333, 29.694277, 5.004518, 4.043675, 9.075301
 212.333333, 31.105181, 4.813187, 4.119309, 8.989011
 225.000000, 29.165926, 4.734815, 3.850370, 8.634074
 208.666667, 29.375399, 4.849840, 4.138978, 9.062300
 15, 21
 0.250000, 0.000000, 0.000000, 1.000000, 2.000000
 199.000000, 23.340034, 4.286432, 4.001675, 8.331658
 234.666667, 34.164773, 5.261364, 3.794034, 9.092330
 230.333333, 33.410999, 5.188133, 3.862518, 9.085384
 227.333333, 33.520528, 5.410557, 3.916422, 9.366569
 228.666667, 32.208455, 5.150146, 3.784257, 8.978134
 219.000000, 31.706240, 4.744292, 3.975647, 8.747336
 225.000000, 33.216296, 5.408889, 3.952593, 9.405926
 218.666667, 30.710366, 4.975610, 4.004573, 9.050305
 217.333333, 30.539877, 4.895706, 4.009202, 8.969325
 217.000000, 31.689708, 5.096774, 4.026114, 9.176651
 213.000000, 29.433490, 4.949922, 4.061033, 9.067293
 211.000000, 32.590837, 5.581359, 4.036335, 9.661927
 201.000000, 35.666667, 6.150912, 4.543947, 10.733002
 206.000000, 32.889968, 5.770227, 4.333333, 10.192557
 218.333333, 32.007634, 5.384733, 3.952672, 9.392366
 217.666667, 30.756508, 4.996937, 3.986217, 9.016845
 224.666667, 31.525223, 5.004451, 3.954006, 9.007418
 224.333333, 33.181278, 5.240713, 3.989599, 9.255572
 231.333333, 31.523055, 4.788184, 3.835735, 8.661383
 219.000000, 30.435312, 5.205479, 4.000000, 9.263318
 16, 21
 0.250000, 0.000000, 0.000000, 2.000000, 2.000000
 204.666667, 22.701954, 4.268730, 3.925081, 8.223127
 220.666667, 32.500000, 5.046828, 3.980363, 9.067976
 219.333333, 31.112462, 5.056231, 4.033435, 9.138298
 220.666667, 32.247734, 5.552870, 3.978852, 9.563444
 232.666667, 31.527221, 5.153295, 3.767908, 8.948424
 228.333333, 31.547445, 4.823358, 3.836496, 8.696350
 214.666667, 29.582298, 5.083851, 4.054348, 9.186335
 220.666667, 32.987915, 5.237160, 3.981873, 9.258308
 226.000000, 32.051622, 4.976401, 3.907080, 8.939528
 215.666667, 32.899536, 5.244204, 4.064915, 9.380216
 216.000000, 31.234568, 5.030864, 4.015432, 9.118827
 208.000000, 31.733974, 5.591346, 4.024038, 9.668269
 205.333333, 36.134740, 6.206169, 4.347403, 10.686688
 207.000000, 33.304348, 5.550725, 4.241546, 9.930757
 218.333333, 32.218321, 5.250382, 4.013740, 9.293130
 225.000000, 32.610370, 5.134815, 3.937778, 9.099259
 230.333333, 34.479016, 5.396527, 3.901592, 9.328509
 227.000000, 33.656388, 5.140969, 4.002937, 9.180617
 229.666667, 30.548621, 4.748911, 3.846154, 8.622642
 213.000000, 30.533646, 4.974961, 4.028169, 9.106416
 17, 21
 0.250000, 0.000000, 0.000000, 2.000000, 3.000000
 207.333333, 24.469453, 4.615756, 3.858521, 8.503215
 232.000000, 33.708333, 5.303161, 3.778736, 9.109195
 223.000000, 31.935725, 5.195815, 3.976084, 9.197309
 216.000000, 31.800926, 5.208333, 4.040123, 9.291667
 232.333333, 32.579627, 5.111908, 3.800574, 8.968436
 236.333333, 33.177715, 4.939351, 3.710860, 8.696756
 221.666667, 31.496241, 5.254135, 3.945865, 9.261654
 213.666667, 30.758190, 5.223089, 4.039002, 9.308892
 224.666667, 31.735905, 4.827893, 3.906528, 8.774481
 226.333333, 33.808542, 5.086892, 3.946981, 9.060383
 203.333333, 29.024590, 4.937705, 4.296721, 9.318033
 199.000000, 30.902848, 5.497487, 4.299832, 9.860972
 193.666667, 35.543890, 5.994836, 4.712565, 10.807229
 201.666667, 31.667769, 5.532231, 4.370248, 10.000000
 217.666667, 31.661562, 5.191424, 4.085758, 9.303216
 219.000000, 29.986301, 4.963470, 3.954338, 8.955860
 226.333333, 32.078056, 5.108984, 3.892489, 9.038292
 218.333333, 31.058015, 5.019847, 4.112977, 9.170992
 235.000000, 31.754610, 4.768794, 3.807092, 8.602837
 220.333333, 31.756430, 5.134644, 3.956127, 9.116490
 18, 21
 0.250000, 0.000000, 0.000000, 15.000000, 16.000000
 196.333333, 22.687606, 4.174873, 3.969440, 8.219015
 232.000000, 32.527299, 5.160920, 3.781609, 8.987069
 229.000000, 33.947598, 5.343523, 3.852984, 9.224163
 223.666667, 33.724292, 5.470939, 3.926975, 9.432191
 228.000000, 30.805556, 5.057018, 3.874269, 8.956140
 237.000000, 33.143460, 4.876231, 3.721519, 8.641350
 230.666667, 32.489884, 5.250000, 3.849711, 9.125723
 225.666667, 33.364845, 5.194978, 3.923191, 9.144756
 224.666667, 31.510386, 4.864985, 3.890208, 8.790801
 219.666667, 32.209408, 5.153263, 3.987860, 9.198786
 209.000000, 30.127592, 5.051037, 4.269537, 9.354067
 210.000000, 32.365079, 5.652381, 4.158730, 9.877778
 190.666667, 34.472028, 6.164336, 4.758741, 10.975524
 206.333333, 32.179321, 5.516963, 4.323102, 9.909532
 221.333333, 32.638554, 5.200301, 4.060241, 9.289157
 221.666667, 30.893233, 5.076692, 3.921805, 9.042105
 227.333333, 32.368035, 5.205279, 3.945748, 9.177419
 215.000000, 31.015504, 5.027907, 4.086822, 9.175194
 238.333333, 32.665734, 4.755245, 3.699301, 8.495105
 218.666667, 31.878049, 5.152439, 3.960366, 9.140244
 19, 21
 0.250000, 1.000000, 0.000000, 15.000000, 16.000000
 201.333333, 23.903974, 4.420530, 3.872517, 8.324503
 225.000000, 32.282963, 5.320000, 3.927407, 9.296296
 222.333333, 31.859070, 5.155922, 3.965517, 9.169415
 218.333333, 31.493130, 5.112977, 4.054962, 9.204580
 226.000000, 30.545723, 4.992625, 3.890855, 8.921829
 219.666667, 29.924127, 4.669196, 3.995448, 8.729894
 212.666667, 30.191223, 5.250784, 4.115987, 9.401254
 221.333333, 31.969880, 5.227410, 3.927711, 9.219880
 231.666667, 31.716547, 4.848921, 3.746763, 8.633094
 212.333333, 34.091052, 5.417582, 4.230769, 9.692308
 217.333333, 31.998466, 5.297546, 4.065951, 9.411043
 206.333333, 32.423263, 5.536349, 4.168013, 9.749596
 201.000000, 36.152570, 6.228856, 4.529022, 10.794362
 203.666667, 33.617021, 5.834697, 4.319149, 10.230769
 214.333333, 32.410575, 5.234837, 4.118196, 9.401244
 214.000000, 28.146417, 4.951713, 4.101246, 9.095016
 229.666667, 33.957910, 5.297533, 3.908563, 9.243832
 228.000000, 35.470760, 5.400585, 3.944444, 9.374269
 236.000000, 32.429379, 4.778249, 3.783898, 8.588983
 209.333333, 29.296178, 5.109873, 4.175159, 9.345541
 20, 21
 0.250000, 0.000000, 0.000000, 11.000000, 16.000000
 202.333333, 25.070840, 4.509061, 3.883031, 8.446458
 237.000000, 33.907173, 5.375527, 3.696203, 9.112518
 231.666667, 32.961151, 5.146763, 3.858993, 9.031655
 216.000000, 30.811728, 5.282407, 4.138889, 9.447531
 220.666667, 29.744713, 4.965257, 3.935045, 8.948640
 214.666667, 29.681677, 4.695652, 4.023292, 8.763975
 210.666667, 30.482595, 5.031646, 4.180380, 9.262658
 215.000000, 32.168992, 5.285271, 4.082171, 9.455814
 220.333333, 30.080182, 4.624811, 3.930408, 8.611195
 219.666667, 31.452200, 5.109256, 4.003035, 9.192716
 192.000000, 30.407986, 5.345486, 4.482639, 9.906250
 208.333333, 33.174400, 5.654400, 4.129600, 9.844800
 203.000000, 35.045977, 6.361248, 4.459770, 10.881773
 209.333333, 32.845541, 5.458599, 4.257962, 9.797771
 222.000000, 33.201201, 5.291291, 4.027027, 9.357357
 215.333333, 30.224458, 5.012384, 4.001548, 9.071207
 231.333333, 32.962536, 5.234870, 3.910663, 9.181556
 223.666667, 33.798808, 5.184799, 4.044709, 9.257824
 226.333333, 30.474227, 4.717231, 3.907216, 8.671576
 215.333333, 31.368421, 5.142415, 4.037152, 9.255418
 21, 21
 0.250000, 0.000000, 0.000000, 13.000000, 15.000000
 202.000000, 25.272277, 4.452145, 3.866337, 8.410891
 226.666667, 33.047059, 5.289706, 3.916176, 9.245588
 223.333333, 31.200000, 5.052239, 3.950746, 9.028358
 213.666667, 31.613105, 5.269891, 4.081123, 9.400936
 233.333333, 32.567143, 5.108571, 3.772857, 8.917143
 231.666667, 32.541007, 4.869065, 3.758273, 8.663309
 227.000000, 31.698972, 5.139501, 3.886931, 9.060206
 227.666667, 32.159590, 5.348463, 3.915081, 9.289898
 228.666667, 32.374636, 4.807580, 3.822157, 8.699708
 215.666667, 31.587326, 5.227202, 4.051005, 9.353941
 214.666667, 30.667702, 5.166149, 4.013975, 9.203416
 213.666667, 33.120125, 5.783151, 4.039002, 9.895476
 199.666667, 34.716194, 6.153589, 4.530885, 10.747913
 207.000000, 33.991948, 5.571659, 4.262480, 9.932367
 222.000000, 33.528529, 5.327327, 3.944444, 9.307808
 219.000000, 30.056317, 4.893455, 3.920852, 8.870624
 230.333333, 32.697540, 5.243126, 3.882779, 9.163531
 221.000000, 32.547511, 5.165913, 4.051282, 9.282051
 228.666667, 30.730321, 4.693878, 3.845481, 8.577259
 208.333333, 29.875200, 4.948800, 4.163200, 9.179200
 22, 21
 0.250000, 1.000000, 0.000000, 14.000000, 16.000000
 201.333333, 24.461921, 4.096026, 3.912252, 8.038079
 226.333333, 33.552283, 5.326951, 3.871870, 9.235641
 213.000000, 30.879499, 5.040689, 4.140845, 9.211268
 204.333333, 29.546493, 5.092985, 4.314845, 9.450245
 225.000000, 29.988148, 4.921481, 3.902222, 8.859259
 220.666667, 32.839879, 5.024169, 4.046828, 9.105740
 218.000000, 30.509174, 5.044343, 4.048930, 9.146789
 221.000000, 32.737557, 5.138763, 4.007541, 9.196078
 221.000000, 30.349925, 4.773756, 3.981900, 8.782805
 222.000000, 32.235736, 5.346847, 3.971471, 9.355856
 224.333333, 32.897474, 5.462110, 3.983655, 9.478455
 207.666667, 31.680578, 5.492777, 4.060995, 9.609952
 200.666667, 35.574751, 6.179402, 4.526578, 10.762458
 212.000000, 34.009434, 5.745283, 4.232704, 10.006289
 207.333333, 30.963023, 5.115756, 4.159164, 9.313505
 224.000000, 32.380952, 5.086310, 3.860119, 8.982143
 220.666667, 32.122356, 5.067976, 3.978852, 9.128399
 221.000000, 33.576169, 5.079940, 4.113122, 9.217195
 226.666667, 30.535294, 4.564706, 3.857353, 8.482353
 212.333333, 29.952904, 5.113030, 4.130298, 9.270016
 23, 21
 0.250000, 1.000000, 1.000000, 14.000000, 16.000000
 206.000000, 25.043689, 4.326861, 3.797735, 8.166667
 230.000000, 30.947826, 5.127536, 3.815942, 8.975362
 230.000000, 34.250725, 5.349275, 3.856522, 9.231884
 217.000000, 30.572965, 4.969278, 4.053763, 9.056836
 236.333333, 32.736248, 5.193230, 3.736248, 8.954866
 223.333333, 30.391045, 4.640299, 3.919403, 8.585075
 200.000000, 30.270000, 5.273333, 4.381667, 9.681667
 224.666667, 32.468843, 5.231454, 3.918398, 9.182493
 228.000000, 31.223684, 4.983918, 3.840643, 8.909357
 217.666667, 30.805513, 5.001531, 4.099541, 9.157734
 213.333333, 31.885938, 5.356250, 4.082813, 9.465625
 214.000000, 33.431464, 5.733645, 4.040498, 9.813084
 210.000000, 37.058730, 6.193651, 4.357143, 10.580952
 205.000000, 32.954472, 5.383740, 4.026016, 9.782114
 218.333333, 33.151145, 5.174046, 4.099237, 9.309924
 223.666667, 31.049180, 4.955291, 3.910581, 8.918033
 227.000000, 32.365639, 5.135095, 3.925110, 9.099853
 220.000000, 32.130303, 4.969697, 4.060606, 9.081818
 238.666667, 32.895251, 4.800279, 3.724860, 8.551676
 214.000000, 32.272586, 5.104361, 4.080997, 9.247664
 24, 21
 0.250000, 0.000000, 16.000000, 6.000000, 22.000000
 205.000000, 24.988618, 4.299187, 3.832520, 8.175610
 220.666667, 30.638973, 5.080060, 4.013595, 9.140483
 225.666667, 32.098966, 5.165436, 3.933530, 9.147710
 225.666667, 33.310192, 5.254062, 3.974889, 9.259970
 229.000000, 32.132460, 5.056769, 3.864629, 8.947598
 224.333333, 29.548291, 4.607727, 3.793462, 8.447251
 221.666667, 30.870677, 5.087218, 3.908271, 9.031579
 227.000000, 33.118943, 5.279001, 3.883994, 9.208517
 218.666667, 29.637195, 4.756098, 4.006098, 8.809451
 223.666667, 33.478390, 5.296572, 3.929955, 9.253353
 208.333333, 29.099200, 4.854400, 4.225600, 9.137600
 204.666667, 31.089577, 5.526059, 4.174267, 9.750814
 207.333333, 37.046624, 6.353698, 4.466238, 10.848875
 214.000000, 35.288162, 5.978193, 4.230530, 10.235202
 214.000000, 30.780374, 5.056075, 4.023364, 9.130841
 219.333333, 29.908815, 4.806991, 3.936170, 8.775076
 225.666667, 32.022157, 5.116691, 3.933530, 9.084195
 211.666667, 30.763780, 4.874016, 4.176378, 9.116535
 231.333333, 31.164265, 4.831412, 3.747839, 8.616715
 224.000000, 32.302083, 5.181548, 3.875000, 9.111607
 25, 21
 0.250000, 0.000000, 14.000000, 14.000000, 29.000000
 201.666667, 25.357025, 4.272727, 3.976860, 8.276033
 229.000000, 31.480349, 5.055313, 3.806405, 8.908297
 217.000000, 30.801843, 5.122888, 4.061444, 9.228879
 221.666667, 32.081203, 5.141353, 3.992481, 9.198496
 230.666667, 31.893064, 5.197977, 3.802023, 9.039017
 223.000000, 28.007474, 4.472347, 3.820628, 8.349776
 229.666667, 31.970972, 5.264151, 3.834543, 9.159652
 228.000000, 34.002924, 5.359649, 3.902047, 9.286550
 224.666667, 31.578635, 4.903561, 3.897626, 8.850148
 218.666667, 32.506098, 5.108232, 4.086890, 9.233232
 215.666667, 32.346213, 5.157651, 4.129830, 9.340031
 207.000000, 31.597424, 5.566828, 4.114332, 9.731079
 203.000000, 34.865353, 6.216749, 4.486043, 10.770115
 202.333333, 31.555189, 5.630972, 4.413509, 10.095552
 214.333333, 32.339036, 5.177294, 4.079316, 9.329705
 218.000000, 28.926606, 4.844037, 3.986239, 8.854740
 231.000000, 34.181818, 5.246753, 3.874459, 9.145743
 223.000000, 32.642750, 4.988042, 3.979073, 9.023916
 222.333333, 29.775112, 4.755622, 3.959520, 8.760120
 214.333333, 31.506998, 5.337481, 3.931571, 9.365474
 26, 21
 0.250000, 0.000000, 0.000000, 2.000000, 3.000000
 211.000000, 25.066351, 4.582938, 3.769352, 8.379147
 226.666667, 31.411765, 5.104412, 3.820588, 9.000000
 227.666667, 33.307467, 5.221083, 3.938507, 9.194729
 216.333333, 30.996918, 5.123267, 4.095532, 9.260401
 226.000000, 30.710914, 5.148968, 3.851032, 9.041298
 224.000000, 30.184524, 4.706845, 3.869048, 8.617560
 218.000000, 30.529052, 5.128440, 3.974006, 9.143731
 222.000000, 31.996997, 5.132132, 3.927928, 9.087087
 225.000000, 31.386667, 4.920000, 3.880000, 8.825185
 233.000000, 34.733906, 5.258941, 3.875536, 9.160229
 217.333333, 32.789877, 5.319018, 4.015337, 9.361963
 217.333333, 34.047546, 5.719325, 4.001534, 9.746933
 194.666667, 34.405822, 6.056507, 4.693493, 10.787671
 216.333333, 36.257319, 5.693374, 4.178737, 9.927581
 225.333333, 33.534024, 5.387574, 3.908284, 9.322485
 228.333333, 31.458394, 5.112409, 3.798540, 8.935766
 226.000000, 31.153392, 5.087021, 3.914454, 9.054572
 214.000000, 30.288162, 4.788162, 4.090343, 8.939252
 230.666667, 30.611272, 4.695087, 3.765896, 8.534682
 219.333333, 31.227964, 5.151976, 3.963526, 9.153495
 27, 21
 0.250000, 0.000000, 0.000000, 6.000000, 13.000000
 187.666667, 22.817052, 4.234458, 4.166963, 8.447602
 218.666667, 31.274390, 5.091463, 3.990854, 9.134146
 225.333333, 32.794379, 5.278107, 3.948225, 9.264793
 212.666667, 29.894984, 4.951411, 4.131661, 9.145768
 225.000000, 30.900741, 4.980741, 3.880000, 8.896296
 221.666667, 30.786466, 4.875188, 3.915789, 8.840602
 230.666667, 33.706647, 5.369942, 3.878613, 9.276012
 229.333333, 34.231105, 5.526163, 3.854651, 9.418605
 227.333333, 32.038123, 4.879765, 3.869501, 8.782991
 226.000000, 33.469027, 5.265487, 3.892330, 9.225664
 199.666667, 29.155259, 5.240401, 4.357262, 9.627713
 194.000000, 31.604811, 5.701031, 4.340206, 10.067010
 194.000000, 34.242268, 6.252577, 4.608247, 10.951890
 206.000000, 32.781553, 5.665049, 4.377023, 10.114887
 211.666667, 31.768504, 5.157480, 4.086614, 9.349606
 229.333333, 34.052326, 5.219477, 3.872093, 9.119186
 225.666667, 31.657312, 5.103397, 3.983752, 9.122600
 212.666667, 29.619122, 4.757053, 4.199060, 8.981191
 234.000000, 32.061254, 4.844729, 3.833333, 8.715100
 205.333333, 29.628247, 5.001623, 4.271104, 9.345779
 28, 21
 0.250000, 0.000000, 0.000000, 2.000000, 2.000000
 213.333333, 25.932813, 4.573438, 3.717188, 8.320313
 229.666667, 32.127721, 5.161103, 3.844702, 9.055152
 221.333333, 30.501506, 5.102410, 4.007530, 9.165663
 213.333333, 30.251563, 5.198438, 4.110938, 9.335938
 230.666667, 31.031792, 5.018786, 3.838150, 8.888728
 221.666667, 30.538346, 4.839098, 3.896241, 8.778947
 232.000000, 33.847701, 5.422414, 3.862069, 9.321839
 215.000000, 30.753488, 5.041860, 4.013953, 9.111628
 224.666667, 31.129080, 5.106825, 3.862018, 9.037092
 215.666667, 31.437403, 5.177743, 4.134467, 9.349304
 221.000000, 32.037707, 5.285068, 4.058824, 9.425339
 211.000000, 32.169036, 5.661927, 4.135861, 9.856240
 192.666667, 33.337370, 6.079585, 4.716263, 10.839100
 206.666667, 33.037097, 5.488710, 4.348387, 9.874194
 208.000000, 29.834936, 5.128205, 4.075321, 9.262821
 216.666667, 31.000000, 5.078462, 3.995385, 9.116923
 233.000000, 33.779685, 5.311874, 3.872675, 9.216023
 219.333333, 31.749240, 4.920973, 4.072948, 9.054711
 230.333333, 30.584660, 4.777135, 3.795948, 8.609262
 208.000000, 29.083333, 5.033654, 4.256410, 9.314103
 29, 21
 0.250000, 0.000000, 0.000000, 9.000000, 9.000000
 203.000000, 24.233169, 4.170772, 3.926108, 8.126437
 228.333333, 33.802920, 5.394161, 3.859854, 9.290511
 230.666667, 34.004335, 5.241329, 3.858382, 9.125723
 227.666667, 33.926794, 5.361640, 3.882870, 9.275256
 232.666667, 32.267908, 5.275072, 3.743553, 9.042980
 217.000000, 32.138249, 4.878648, 4.044547, 8.960061
 216.666667, 30.164615, 5.120000, 3.973846, 9.153846
 211.333333, 29.563091, 5.007886, 4.134069, 9.186120
 229.666667, 32.068215, 4.934688, 3.806967, 8.766328
 222.666667, 33.238024, 5.182635, 3.970060, 9.188623
 223.666667, 33.752608, 5.538003, 3.989568, 9.587183
 188.666667, 30.796820, 5.671378, 4.514134, 10.265018
 199.000000, 34.281407, 6.333333, 4.517588, 10.916248
 215.666667, 34.867079, 5.837713, 4.213292, 10.109737
 213.000000, 29.392801, 4.934272, 4.147105, 9.117371
 211.000000, 30.224329, 5.069510, 4.102686, 9.211690
 231.666667, 34.012950, 5.261871, 3.833094, 9.129496
 221.333333, 32.361446, 5.105422, 4.063253, 9.204819
 221.333333, 29.198795, 4.652108, 3.975904, 8.652108
 206.666667, 29.720968, 5.232258, 4.195161, 9.470968
 30, 21
 0.250000, 1.000000, 0.000000, 2.000000, 2.000000
 208.000000, 24.552885, 4.477564, 3.839744, 8.346154
 220.000000, 31.809091, 5.066667, 4.033333, 9.153030
 220.000000, 32.000000, 5.143939, 4.001515, 9.184848
 217.666667, 29.811639, 5.067381, 3.955590, 9.180704
 220.333333, 30.499244, 4.987897, 3.963691, 8.975794
 226.666667, 31.501471, 4.929412, 3.939706, 8.904412
 227.333333, 33.190616, 5.258065, 3.891496, 9.234604
 232.333333, 34.299857, 5.364419, 3.860832, 9.249641
 222.333333, 30.718141, 4.847076, 3.946027, 8.830585
 220.666667, 31.836858, 5.141994, 4.009063, 9.176737
 222.000000, 33.016517, 5.381381, 4.022523, 9.451952
 205.666667, 31.126418, 5.497569, 4.139384, 9.669368
 193.000000, 34.158895, 5.939551, 4.689119, 10.692573
 203.666667, 32.093290, 5.584288, 4.412439, 10.050736
 215.333333, 31.040248, 5.055728, 4.075851, 9.188854
 214.666667, 29.695652, 4.940994, 3.982919, 8.958075
 224.333333, 31.824666, 5.265973, 3.976226, 9.286776
 224.000000, 33.135417, 5.180060, 4.013393, 9.221726
 242.000000, 33.172176, 4.876033, 3.685950, 8.604683
 222.666667, 32.179641, 5.223054, 3.959581, 9.208084
 31, 21
 0.250000, 0.000000, 0.000000, 2.000000, 2.000000
 199.333333, 22.886288, 4.240803, 3.954849, 8.239130
 227.333333, 32.151026, 5.142229, 3.929619, 9.101173
 218.000000, 31.113150, 5.084098, 4.051988, 9.174312
 220.333333, 32.092284, 5.325265, 4.042360, 9.396369
 213.666667, 27.728549, 4.819033, 4.026521, 8.906396
 227.333333, 30.542522, 4.671554, 3.791789, 8.500000
 221.666667, 32.878195, 5.081203, 4.063158, 9.183459
 220.666667, 32.738671, 5.187311, 3.939577, 9.193353
 224.333333, 30.473997, 5.007429, 3.855869, 8.910847
 211.666667, 30.211024, 4.867717, 4.162205, 9.067717
 217.666667, 31.817764, 5.295559, 3.909648, 9.237366
 203.000000, 31.417077, 5.711002, 4.206897, 9.978654
 189.666667, 32.685413, 5.845343, 4.718805, 10.634446
 201.000000, 31.336650, 5.232172, 4.391376, 9.766169
 221.000000, 33.208145, 5.340875, 4.073906, 9.441931
 211.666667, 31.064567, 5.045669, 4.103937, 9.193701
 227.000000, 32.525698, 5.234949, 3.951542, 9.220264
 222.333333, 34.277361, 5.140930, 4.020990, 9.215892
 239.666667, 31.892907, 4.673157, 3.717663, 8.431154
 220.333333, 31.004539, 5.071104, 3.936460, 9.066566
Histogram
0 0 6 3 0 0 1 0 184 408 48 1 1 8 2 1 5 1 0 0 1 0 1 0 0 0 0 0 0 1 0 0 0 0 0 0 0 0 0 0 0 0 0 0 0 0 0 0 0 0 0 0 0 0 0 0 0 0 0 0 0 0 0 0 0 0 0 0 0 0 0 0 0 0 0 0 0 0 0 0 0 0 0 0 0 0 0 0 0 0 0 0 0 0 0 0 0 0 0 0 
Cache Miss Ratio
NaN
Average number of keys
NaN
numOfSets
423076
numOfGets
0
numOfMultiGets
0
