 0, 20
 0.250000, 0.000000, 0.000000, 2.000000, 16.000000
 211.000000, 28.895735, 4.922591, 4.167457, 9.169036
 222.333333, 28.733133, 4.578711, 4.140930, 8.772114
 229.333333, 29.575581, 4.434593, 3.875000, 8.361919
 218.666667, 28.975610, 4.614329, 4.198171, 8.867378
 223.000000, 29.967115, 4.470852, 4.046338, 8.548580
 228.000000, 27.928363, 4.365497, 3.855263, 8.261696
 212.666667, 28.326019, 4.432602, 4.184953, 8.664577
 249.666667, 31.666222, 4.393858, 3.664887, 8.100134
 234.000000, 30.405983, 4.337607, 3.968661, 8.339031
 228.000000, 29.156433, 4.440058, 3.998538, 8.489766
 224.333333, 29.931649, 4.375929, 4.109955, 8.546805
 221.333333, 30.725904, 4.781627, 4.134036, 8.993976
 218.000000, 28.934251, 4.544343, 4.116208, 8.715596
 223.333333, 28.677612, 4.465672, 4.061194, 8.565672
 212.666667, 27.410658, 4.380878, 4.208464, 8.642633
 216.666667, 27.929231, 4.212308, 4.163077, 8.476923
 209.000000, 29.448166, 4.807018, 4.228070, 9.087719
 196.000000, 30.086735, 5.144558, 4.523810, 9.741497
 204.333333, 28.893964, 4.939641, 4.417618, 9.411093
 1, 20
 0.250000, 0.000000, 0.000000, 7.000000, 8.000000
 214.000000, 29.507788, 4.708723, 4.182243, 8.950156
 235.000000, 30.228369, 4.712057, 3.927660, 8.679433
 228.666667, 30.335277, 4.365889, 3.909621, 8.323615
 215.333333, 28.164087, 4.540248, 4.250774, 8.828173
 226.000000, 30.042773, 4.588496, 3.988201, 8.616519
 235.666667, 28.886846, 4.417256, 3.779349, 8.234795
 227.000000, 29.634361, 4.474302, 3.903084, 8.414097
 237.333333, 29.907303, 4.101124, 3.831461, 7.988764
 238.666667, 32.124302, 4.523743, 3.916201, 8.480447
 238.333333, 31.208392, 4.623776, 3.871329, 8.530070
 228.000000, 30.102339, 4.185673, 4.048246, 8.285088
 217.333333, 28.989264, 4.480061, 4.194785, 8.753067
 219.333333, 28.226444, 4.273556, 4.094225, 8.424012
 220.000000, 29.312121, 4.559091, 4.098485, 8.721212
 221.666667, 29.001504, 4.396992, 4.030075, 8.470677
 218.333333, 29.748092, 4.403053, 4.122137, 8.581679
 214.666667, 30.284161, 4.801242, 4.223602, 9.111801
 196.666667, 29.071186, 5.255932, 4.606780, 9.898305
 195.000000, 27.552137, 4.894017, 4.468376, 9.458120
 2, 20
 0.250000, 0.000000, 0.000000, 2.000000, 11.000000
 205.333333, 29.235390, 4.743506, 4.352273, 9.144481
 222.000000, 28.294294, 4.558559, 4.127628, 8.722222
 232.000000, 29.737069, 4.244253, 3.964080, 8.242816
 210.666667, 27.112342, 4.294304, 4.291139, 8.639241
 240.333333, 32.485437, 4.785021, 3.761442, 8.608877
 231.000000, 28.486291, 4.177489, 3.834055, 8.059163
 221.000000, 28.390649, 4.383107, 4.042232, 8.470588
 240.333333, 30.348128, 4.262136, 3.804438, 8.106796
 238.000000, 32.390756, 4.521008, 3.890756, 8.452381
 230.000000, 29.133333, 4.510145, 3.975362, 8.555072
 239.333333, 31.820334, 4.530641, 3.891365, 8.465181
 216.333333, 28.862866, 4.451464, 4.240370, 8.768875
 221.000000, 28.076923, 4.429864, 4.075415, 8.536953
 219.000000, 28.707763, 4.470320, 4.115677, 8.659056
 223.333333, 29.525373, 4.444776, 4.068657, 8.547761
 227.000000, 29.475771, 4.475771, 4.016153, 8.547724
 209.666667, 30.279809, 4.747218, 4.257552, 9.093800
 195.333333, 29.187713, 5.127986, 4.600683, 9.769625
 202.666667, 28.699013, 4.898026, 4.373355, 9.315789
 3, 20
 0.250000, 1.000000, 0.000000, 2.000000, 2.000000
 205.000000, 27.878049, 4.806504, 4.200000, 9.138211
 220.666667, 26.889728, 4.329305, 4.151057, 8.546828
 217.000000, 27.058372, 4.233487, 4.142857, 8.420891
 215.666667, 29.256569, 4.755796, 4.222566, 9.024730
 228.333333, 30.208759, 4.472993, 3.947445, 8.474453
 232.333333, 28.708752, 4.335725, 3.839311, 8.206600
 220.666667, 28.191843, 4.232628, 3.972810, 8.267372
 244.333333, 30.061392, 4.212824, 3.717599, 7.971351
 224.000000, 28.489583, 4.444940, 4.072917, 8.558036
 240.000000, 31.200000, 4.763889, 3.861111, 8.661111
 231.333333, 30.448127, 4.227666, 3.962536, 8.231988
 228.333333, 30.830657, 4.702190, 4.074453, 8.811679
 218.333333, 27.561832, 4.319084, 4.100763, 8.499237
 220.000000, 29.293939, 4.336364, 4.068182, 8.466667
 226.333333, 30.549337, 4.670103, 3.994109, 8.715758
 235.666667, 31.021216, 4.606789, 3.905233, 8.567185
 215.333333, 30.800310, 4.854489, 4.167183, 9.088235
 195.000000, 28.023932, 5.229060, 4.646154, 9.923077
 200.333333, 28.404326, 4.722130, 4.459235, 9.241265
 4, 20
 0.250000, 0.000000, 0.000000, 1.000000, 2.000000
 201.666667, 28.117355, 4.859504, 4.204959, 9.246281
 234.666667, 30.910511, 4.723011, 3.948864, 8.715909
 233.333333, 29.931429, 4.540000, 3.872857, 8.452857
 219.666667, 28.547800, 4.614568, 4.124431, 8.786039
 227.000000, 30.245228, 4.461087, 3.950073, 8.472834
 234.333333, 29.512091, 4.330014, 3.815078, 8.176387
 228.000000, 29.856725, 4.435673, 3.935673, 8.425439
 235.000000, 29.119149, 4.069504, 3.808511, 7.950355
 231.333333, 32.233429, 4.655620, 4.015850, 8.716138
 222.666667, 29.287425, 4.562874, 4.101796, 8.730539
 238.333333, 31.391608, 4.518881, 3.896503, 8.448951
 223.333333, 29.947761, 4.447761, 4.098507, 8.604478
 211.333333, 27.954259, 4.559937, 4.145110, 8.807571
 229.333333, 31.100291, 4.530523, 3.949128, 8.533430
 204.333333, 28.526917, 4.626427, 4.345840, 9.027732
 222.666667, 29.315868, 4.426647, 4.059880, 8.529940
 216.666667, 29.952308, 4.967692, 4.149231, 9.169231
 204.000000, 29.785948, 5.236928, 4.478758, 9.745098
 197.666667, 29.313659, 4.871838, 4.450253, 9.360877
 5, 20
 0.250000, 0.000000, 0.000000, 2.000000, 8.000000
 191.333333, 25.782230, 4.756098, 4.454704, 9.331010
 229.333333, 29.607558, 4.670058, 4.013081, 8.720930
 225.333333, 29.914201, 4.449704, 4.005917, 8.507396
 223.000000, 29.835575, 4.742900, 4.119581, 8.914798
 229.000000, 30.637555, 4.596798, 3.943231, 8.577875
 232.000000, 29.139368, 4.277299, 3.813218, 8.142241
 218.333333, 31.006107, 4.560305, 4.099237, 8.694656
 245.666667, 30.660787, 4.261872, 3.654003, 7.949796
 242.000000, 33.530303, 4.694215, 3.851240, 8.579890
 236.333333, 30.698166, 4.531735, 3.947814, 8.520451
 228.666667, 29.059767, 4.192420, 4.043732, 8.298834
 223.000000, 30.886398, 4.563528, 4.091181, 8.721973
 231.000000, 30.432900, 4.552670, 3.919192, 8.529582
 235.000000, 31.707801, 4.739007, 3.860993, 8.673759
 228.333333, 30.137226, 4.633577, 3.956204, 8.624818
 216.333333, 28.785824, 4.374422, 4.155624, 8.605547
 216.000000, 29.106481, 4.910494, 4.239198, 9.183642
 197.000000, 29.287648, 5.121827, 4.592217, 9.751269
 217.000000, 29.640553, 5.061444, 4.162826, 9.259601
 6, 20
 0.250000, 0.000000, 0.000000, 1.000000, 7.000000
 208.666667, 28.817891, 4.939297, 4.161342, 9.234824
 225.666667, 30.249631, 4.537666, 4.168390, 8.741507
 235.666667, 31.237624, 4.540311, 3.824611, 8.417256
 233.000000, 31.858369, 4.852647, 3.934192, 8.851216
 218.000000, 28.685015, 4.386850, 4.111621, 8.538226
 229.000000, 27.729258, 4.072780, 3.880640, 8.000000
 223.000000, 28.654709, 4.351271, 4.005979, 8.426009
 242.666667, 31.064560, 4.214286, 3.751374, 8.023352
 238.333333, 31.103497, 4.411189, 3.900699, 8.356643
 218.333333, 27.077863, 4.206107, 4.105344, 8.406107
 235.333333, 31.194051, 4.396601, 3.896601, 8.332861
 235.666667, 32.096181, 4.763791, 3.964639, 8.790665
 208.333333, 29.257600, 4.521600, 4.332800, 8.916800
 237.333333, 31.921348, 4.587079, 3.818820, 8.463483
 222.333333, 29.034483, 4.427286, 4.049475, 8.521739
 225.666667, 28.945347, 4.422452, 4.031019, 8.519941
 210.000000, 29.704762, 4.901587, 4.277778, 9.253968
 203.666667, 30.350245, 5.193126, 4.507365, 9.739771
 203.666667, 28.495908, 4.944354, 4.302782, 9.306056
 7, 20
 0.250000, 0.000000, 0.000000, 7.000000, 7.000000
 199.666667, 27.439065, 4.819699, 4.362270, 9.237062
 220.000000, 29.016667, 4.540909, 4.216667, 8.812121
 234.666667, 29.863636, 4.376420, 3.877841, 8.289773
 219.666667, 29.289833, 4.737481, 4.154780, 8.933232
 219.000000, 28.774734, 4.229833, 4.076104, 8.347032
 226.666667, 28.614706, 4.250000, 3.970588, 8.257353
 221.000000, 29.666667, 4.355958, 4.003017, 8.437406
 245.000000, 29.733333, 4.076190, 3.722449, 7.844898
 238.666667, 32.990223, 4.719274, 3.928771, 8.689944
 229.333333, 29.619186, 4.470930, 3.960756, 8.508721
 222.666667, 30.633234, 4.327844, 4.125749, 8.514970
 227.000000, 30.400881, 4.616740, 4.033774, 8.709251
 232.666667, 31.512894, 4.932665, 3.901146, 8.866762
 235.000000, 32.211348, 4.445390, 3.889362, 8.380142
 219.000000, 29.176560, 4.564688, 4.006088, 8.633181
 226.666667, 29.383824, 4.488235, 4.026471, 8.551471
 224.000000, 32.834821, 5.322917, 4.035714, 9.409226
 197.666667, 28.563238, 4.846543, 4.544688, 9.455312
 191.000000, 27.137871, 4.963351, 4.670157, 9.703316
 8, 20
 0.250000, 0.000000, 0.000000, 6.000000, 7.000000
 213.666667, 28.962559, 4.691108, 4.251170, 8.981279
 228.333333, 28.731387, 4.600000, 4.037956, 8.672993
 222.000000, 28.726727, 4.334835, 4.066066, 8.436937
 220.333333, 30.546142, 5.051437, 4.169440, 9.276853
 227.666667, 30.001464, 4.450952, 3.960469, 8.453880
 232.000000, 28.748563, 4.333333, 3.843391, 8.215517
 235.333333, 31.885269, 4.660057, 3.838527, 8.548159
 242.333333, 29.005502, 4.328748, 3.738652, 8.108666
 228.666667, 31.027697, 4.533528, 4.072886, 8.651603
 240.666667, 31.307479, 4.718837, 3.839335, 8.601108
 233.333333, 30.965714, 4.297143, 3.967143, 8.312857
 229.000000, 30.251820, 4.553130, 4.026201, 8.614265
 214.666667, 27.948758, 4.521739, 4.116460, 8.701863
 220.000000, 29.480303, 4.336364, 4.081818, 8.484848
 219.333333, 29.492401, 4.562310, 4.124620, 8.737082
 231.333333, 29.897695, 4.416427, 3.966859, 8.423631
 211.333333, 29.985804, 4.848580, 4.291798, 9.214511
 197.666667, 29.795953, 5.220911, 4.605396, 9.860034
 210.333333, 30.492868, 5.175911, 4.174326, 9.431062
 9, 20
 0.250000, 0.000000, 15.000000, 13.000000, 36.000000
 210.333333, 28.443740, 4.725832, 4.231379, 9.019017
 225.333333, 28.784024, 4.468935, 4.102071, 8.613905
 236.666667, 30.639437, 4.429577, 3.832394, 8.302817
 219.333333, 29.718845, 4.735562, 4.203647, 8.981763
 225.000000, 30.232593, 4.303704, 3.989630, 8.349630
 222.666667, 27.134731, 4.116766, 3.938623, 8.089820
 232.000000, 30.879310, 4.518678, 3.906609, 8.477011
 245.000000, 30.703401, 4.138776, 3.717007, 7.903401
 234.666667, 31.147727, 4.590909, 3.951705, 8.588068
 233.333333, 29.644286, 4.495714, 3.941429, 8.472857
 232.000000, 30.462644, 4.402299, 4.004310, 8.454023
 226.333333, 31.051546, 4.583211, 4.081001, 8.701031
 218.666667, 29.513720, 4.757622, 4.059451, 8.911585
 223.333333, 29.623881, 4.247761, 4.041791, 8.343284
 224.000000, 29.630952, 4.453869, 4.049107, 8.561012
 230.000000, 30.907246, 4.556522, 3.934783, 8.542029
 210.000000, 29.874603, 4.563492, 4.301587, 8.942857
 180.333333, 26.907579, 4.983364, 4.872458, 9.955638
 204.333333, 29.275693, 5.159869, 4.373573, 9.566069
 10, 20
 0.250000, 7.000000, 0.000000, 2.000000, 2.000000
 206.666667, 26.967742, 4.609677, 4.358065, 9.035484
 229.666667, 30.029028, 4.529753, 4.024673, 8.600871
 236.666667, 31.697183, 4.636620, 3.823944, 8.507042
 214.000000, 27.552960, 4.638629, 4.261682, 8.951713
 225.666667, 28.985229, 4.341211, 3.960118, 8.350074
 235.333333, 28.777620, 4.273371, 3.766289, 8.072238
 230.333333, 30.749638, 4.567294, 3.943560, 8.554269
 237.333333, 28.418539, 4.014045, 3.786517, 7.851124
 225.666667, 29.011817, 4.323486, 4.042836, 8.412112
 228.333333, 28.956204, 4.385401, 3.989781, 8.440876
 231.333333, 31.037464, 4.489914, 4.025937, 8.553314
 234.333333, 31.492176, 4.648649, 3.968706, 8.657183
 218.333333, 28.056489, 4.520611, 4.087023, 8.651908
 226.666667, 29.497059, 4.198529, 3.998529, 8.244118
 222.333333, 29.934033, 4.586207, 4.031484, 8.676162
 233.333333, 30.138571, 4.567143, 3.942857, 8.552857
 210.000000, 28.796825, 4.700000, 4.347619, 9.112698
 197.666667, 28.772344, 5.025295, 4.607083, 9.674536
 202.000000, 27.848185, 5.064356, 4.448845, 9.589109
 11, 20
 0.250000, 0.000000, 0.000000, 14.000000, 32.000000
 212.000000, 29.194969, 4.948113, 4.169811, 9.227987
 237.333333, 31.789326, 4.759831, 3.873596, 8.672753
 231.666667, 31.066187, 4.582734, 3.936691, 8.552518
 220.333333, 30.797277, 4.829047, 4.105900, 9.027231
 222.000000, 31.271772, 4.614114, 4.055556, 8.738739
 230.666667, 29.421965, 4.437861, 3.826590, 8.326590
 228.333333, 29.665693, 4.527007, 3.913869, 8.481752
 244.000000, 29.915301, 4.135246, 3.744536, 7.911202
 240.000000, 32.008333, 4.705556, 3.866667, 8.608333
 220.000000, 28.778788, 4.618182, 4.159091, 8.850000
 230.666667, 30.316474, 4.290462, 3.976879, 8.316474
 222.333333, 29.877061, 4.589205, 4.113943, 8.767616
 210.333333, 27.660856, 4.561014, 4.240887, 8.863708
 236.666667, 31.707042, 4.591549, 3.856338, 8.492958
 216.333333, 28.848998, 4.251156, 4.112481, 8.445300
 230.333333, 30.564399, 4.484805, 3.982634, 8.520984
 211.333333, 30.534700, 4.736593, 4.293375, 9.093060
 195.000000, 28.747009, 5.234188, 4.591453, 9.902564
 205.000000, 29.287805, 5.216260, 4.273171, 9.536585
 12, 20
 0.250000, 9.000000, 0.000000, 2.000000, 13.000000
 212.000000, 29.086478, 4.805031, 4.262579, 9.108491
 229.333333, 29.972384, 4.629360, 4.033430, 8.703488
 226.000000, 29.340708, 4.384956, 3.991150, 8.427729
 222.666667, 29.851796, 4.750000, 4.124251, 8.922156
 232.333333, 31.536585, 4.469154, 3.868006, 8.416069
 236.333333, 30.191819, 4.359661, 3.748942, 8.162200
 235.000000, 31.582979, 4.588652, 3.775887, 8.411348
 253.666667, 32.432326, 4.438896, 3.641261, 8.122208
 240.000000, 33.348611, 4.718056, 3.912500, 8.665278
 219.333333, 27.919453, 4.335866, 4.123100, 8.527356
 222.333333, 29.739130, 4.088456, 4.139430, 8.289355
 218.666667, 28.585366, 4.423780, 4.248476, 8.708841
 214.000000, 28.152648, 4.549844, 4.126168, 8.783489
 233.333333, 32.081429, 4.710000, 3.880000, 8.638571
 230.333333, 31.794501, 4.774240, 3.968162, 8.781476
 214.333333, 27.796267, 4.370140, 4.167963, 8.589425
 213.000000, 30.082942, 4.799687, 4.259781, 9.093897
 195.333333, 29.286689, 5.121160, 4.583618, 9.796928
 200.333333, 28.272879, 5.009983, 4.529118, 9.582363
 13, 20
 0.250000, 8.000000, 0.000000, 2.000000, 13.000000
 222.000000, 30.028529, 5.069069, 4.072072, 9.219219
 226.666667, 29.377941, 4.498529, 4.030882, 8.582353
 238.666667, 32.055866, 4.539106, 3.821229, 8.417598
 230.333333, 31.156295, 4.781476, 3.955137, 8.775687
 226.000000, 28.793510, 4.331858, 3.979351, 8.359882
 227.333333, 28.664223, 4.309384, 3.856305, 8.212610
 232.000000, 31.045977, 4.580460, 3.883621, 8.515805
 245.666667, 30.582090, 4.283582, 3.640434, 7.990502
 225.666667, 29.558346, 4.326440, 4.045790, 8.425406
 221.666667, 28.263158, 4.396992, 4.079699, 8.551880
 220.000000, 30.060606, 4.336364, 4.056061, 8.468182
 232.333333, 30.812052, 4.713056, 4.018651, 8.783357
 212.666667, 29.042320, 4.440439, 4.175549, 8.686520
 232.000000, 30.722701, 4.563218, 3.948276, 8.551724
 212.666667, 28.474922, 4.344828, 4.156740, 8.586207
 217.000000, 28.391705, 4.305684, 4.050691, 8.451613
 211.666667, 29.774803, 4.814173, 4.307087, 9.181102
 201.666667, 29.004959, 5.143802, 4.558678, 9.735537
 200.333333, 29.474210, 4.840266, 4.326123, 9.234609
 14, 20
 0.250000, 9.000000, 0.000000, 1.000000, 13.000000
 208.333333, 28.628800, 4.763200, 4.299200, 9.126400
 221.333333, 28.052711, 4.444277, 4.212349, 8.709337
 228.666667, 30.291545, 4.389213, 3.946064, 8.396501
 222.666667, 30.797904, 4.824850, 4.113772, 9.013473
 223.000000, 29.822123, 4.373692, 4.044843, 8.455904
 236.000000, 29.379944, 4.449153, 3.748588, 8.259887
 227.666667, 29.300146, 4.508053, 3.910688, 8.518302
 246.666667, 30.506757, 4.201351, 3.740541, 7.972973
 240.333333, 33.070735, 4.754508, 3.901526, 8.690707
 226.333333, 29.181149, 4.562592, 4.010309, 8.637703
 234.333333, 30.780939, 4.459459, 3.927454, 8.432432
 229.333333, 30.745640, 4.601744, 4.002907, 8.674419
 220.333333, 28.993949, 4.600605, 4.049924, 8.712557
 239.333333, 32.665738, 4.619777, 3.867688, 8.525070
 219.333333, 29.382979, 4.527356, 4.132219, 8.731003
 229.666667, 29.262700, 4.211901, 3.914369, 8.197388
 194.000000, 28.197595, 4.599656, 4.625430, 9.319588
 195.000000, 28.562393, 5.015385, 4.668376, 9.760684
 209.333333, 30.355096, 5.296178, 4.273885, 9.641720
 15, 20
 0.250000, 6.000000, 0.000000, 11.000000, 31.000000
 204.666667, 26.516287, 4.599349, 4.267101, 8.965798
 234.000000, 30.334758, 4.598291, 3.952991, 8.592593
 222.666667, 28.390719, 4.363772, 4.038922, 8.450599
 215.666667, 28.547141, 4.582689, 4.290572, 8.911901
 224.333333, 30.531947, 4.523031, 3.924220, 8.542348
 232.000000, 28.785920, 4.347701, 3.764368, 8.176724
 217.333333, 28.547546, 4.447853, 4.138037, 8.657975
 225.666667, 27.143279, 3.827179, 4.029542, 7.887740
 228.666667, 30.281341, 4.524781, 4.037901, 8.623907
 225.666667, 29.890694, 4.632201, 4.093058, 8.772526
 231.666667, 30.917986, 4.274820, 4.012950, 8.323741
 231.333333, 30.965418, 4.642651, 4.027378, 8.710375
 223.333333, 29.486567, 4.780597, 4.043284, 8.867164
 229.666667, 30.015965, 4.249637, 3.941945, 8.246734
 219.666667, 28.989378, 4.412747, 4.089530, 8.541730
 228.666667, 28.711370, 4.497085, 3.927114, 8.467930
 212.333333, 30.315542, 4.855573, 4.293564, 9.230769
 197.666667, 29.205734, 5.099494, 4.581788, 9.723440
 194.000000, 28.044674, 4.838488, 4.438144, 9.341924
 16, 20
 0.250000, 6.000000, 0.000000, 11.000000, 14.000000
 216.000000, 27.959877, 4.836420, 4.160494, 9.060185
 223.666667, 29.794337, 4.564829, 4.154993, 8.774963
 244.333333, 32.055935, 4.631651, 3.747613, 8.413370
 226.000000, 30.846608, 4.879056, 4.057522, 8.967552
 233.000000, 31.519313, 4.496423, 3.892704, 8.434907
 235.333333, 29.645892, 4.402266, 3.776204, 8.232295
 238.000000, 32.649860, 4.614846, 3.885154, 8.544818
 239.333333, 30.128134, 4.207521, 3.767409, 8.040390
 226.666667, 29.035294, 4.210294, 3.989706, 8.286765
 230.000000, 30.052174, 4.572464, 3.982609, 8.602899
 231.000000, 30.189033, 4.318903, 4.002886, 8.356421
 219.333333, 29.799392, 4.568389, 4.138298, 8.794833
 221.666667, 28.912782, 4.652632, 4.042105, 8.745865
 226.000000, 29.206490, 4.300885, 3.998525, 8.340708
 224.666667, 29.750742, 4.522255, 3.995549, 8.559347
 239.333333, 30.818942, 4.714485, 3.763231, 8.522284
 201.666667, 28.890909, 4.879339, 4.454545, 9.398347
 203.000000, 29.990148, 5.384236, 4.459770, 9.888342
 207.000000, 29.592593, 4.856683, 4.270531, 9.170692
 17, 20
 0.250000, 7.000000, 0.000000, 11.000000, 13.000000
 208.666667, 29.186901, 4.884984, 4.341853, 9.276358
 231.333333, 31.551873, 4.659942, 4.023055, 8.720461
 225.333333, 27.594675, 4.332840, 3.970414, 8.346154
 229.333333, 30.822674, 4.795058, 4.010174, 8.870640
 223.000000, 29.919283, 4.481315, 3.998505, 8.526158
 238.666667, 29.131285, 4.343575, 3.689944, 8.108939
 212.666667, 27.739812, 4.257053, 4.111285, 8.416928
 233.666667, 29.433666, 4.065621, 3.885877, 7.990014
 227.666667, 29.961933, 4.490483, 4.008785, 8.553441
 229.000000, 29.074236, 4.365357, 4.046579, 8.451237
 216.333333, 28.194145, 4.134052, 4.192604, 8.394453
 227.333333, 30.627566, 4.500000, 4.120235, 8.658358
 228.333333, 30.716788, 4.702190, 3.957664, 8.709489
 224.000000, 29.593750, 4.361607, 4.044643, 8.447917
 223.333333, 29.468657, 4.510448, 4.041791, 8.600000
 218.000000, 29.422018, 4.373089, 4.140673, 8.585627
 210.000000, 29.539683, 4.911111, 4.217460, 9.212698
 205.000000, 29.866667, 5.196748, 4.422764, 9.682927
 207.000000, 30.170692, 5.214171, 4.331723, 9.590982
 18, 20
 0.250000, 6.000000, 0.000000, 10.000000, 13.000000
 207.666667, 26.982343, 4.731942, 4.260032, 9.052970
 222.666667, 29.473054, 4.660180, 4.116766, 8.860778
 238.000000, 32.058824, 4.599440, 3.802521, 8.443978
 214.333333, 28.180404, 4.671851, 4.189736, 8.919129
 217.333333, 29.659509, 4.354294, 4.124233, 8.569018
 229.333333, 28.501453, 4.293605, 3.828488, 8.164244
 233.666667, 31.017118, 4.490728, 3.844508, 8.375178
 238.000000, 28.655462, 4.026611, 3.806723, 7.886555
 227.666667, 30.890190, 4.549048, 4.074671, 8.676428
 230.333333, 29.092619, 4.451520, 3.936324, 8.448625
 229.333333, 31.379360, 4.498547, 3.949128, 8.492733
 217.333333, 28.380368, 4.401840, 4.207055, 8.677914
 211.000000, 27.712480, 4.559242, 4.150079, 8.826224
 228.000000, 29.976608, 4.362573, 3.997076, 8.391813
 216.666667, 28.044615, 4.273846, 4.112308, 8.456923
 234.000000, 30.219373, 4.435897, 3.935897, 8.413105
 216.666667, 30.006154, 4.716923, 4.226154, 8.995385
 196.333333, 27.553480, 5.219015, 4.584041, 9.869270
 202.000000, 29.186469, 4.734323, 4.420792, 9.255776
 19, 20
 0.250000, 8.000000, 0.000000, 10.000000, 13.000000
 197.333333, 26.900338, 4.641892, 4.474662, 9.182432
 228.333333, 28.982482, 4.550365, 4.070073, 8.659854
 228.000000, 28.131579, 4.229532, 3.973684, 8.235380
 228.000000, 31.295322, 4.918129, 3.972222, 8.969298
 219.333333, 28.861702, 4.328267, 4.048632, 8.439210
 230.000000, 28.678261, 4.265217, 3.855072, 8.157971
 239.666667, 32.133519, 4.700974, 3.749652, 8.502086
 238.333333, 29.773427, 4.134266, 3.851748, 8.020979
 224.666667, 28.811573, 4.378338, 4.115727, 8.529674
 225.666667, 28.623338, 4.234860, 4.110783, 8.379616
 223.666667, 28.906110, 4.241431, 4.043219, 8.336811
 225.666667, 30.220089, 4.509601, 4.051699, 8.627770
 219.000000, 28.716895, 4.660578, 4.077626, 8.796043
 231.666667, 30.752518, 4.427338, 3.913669, 8.421583
 216.666667, 28.352308, 4.426154, 4.130769, 8.610769
 234.666667, 31.009943, 4.629261, 3.866477, 8.559659
 214.000000, 30.883178, 4.968847, 4.238318, 9.246106
 203.333333, 30.037705, 5.532787, 4.455738, 10.032787
 194.000000, 30.204467, 5.147766, 4.419244, 9.620275
 20, 20
 0.250000, 3.000000, 1.000000, 10.000000, 31.000000
 215.000000, 30.705426, 4.956589, 4.190698, 9.193798
 228.000000, 29.008772, 4.543860, 4.048246, 8.646199
 231.666667, 29.964029, 4.490647, 3.876259, 8.415827
 227.666667, 31.811127, 4.882870, 4.045388, 8.979502
 216.666667, 28.467692, 4.215385, 4.130769, 8.389231
 228.666667, 28.804665, 4.364431, 3.841108, 8.249271
 226.666667, 29.742647, 4.430882, 3.944118, 8.408824
 239.333333, 30.621170, 4.101671, 3.834262, 7.973538
 225.333333, 30.346154, 4.528107, 4.075444, 8.662722
 222.000000, 29.454955, 4.581081, 4.094595, 8.773273
 238.666667, 31.561453, 4.607542, 3.870112, 8.511173
 228.666667, 31.877551, 4.759475, 4.018950, 8.827988
 213.666667, 27.758190, 4.595944, 4.184087, 8.814353
 228.333333, 30.192701, 4.312409, 3.963504, 8.313869
 231.333333, 30.377522, 4.736311, 3.942363, 8.719020
 231.666667, 30.097842, 4.372662, 3.958273, 8.381295
 209.000000, 29.623604, 4.783094, 4.267943, 9.100478
 192.333333, 28.481802, 5.273830, 4.672444, 9.994801
 209.333333, 30.718153, 4.968153, 4.256369, 9.261146
 21, 20
 0.250000, 9.000000, 1.000000, 10.000000, 30.000000
 208.333333, 28.654400, 4.726400, 4.332800, 9.105600
 220.666667, 29.496979, 4.706949, 4.125378, 8.879154
 240.333333, 32.167822, 4.658807, 3.729542, 8.442441
 220.333333, 29.585477, 4.645991, 4.154312, 8.850227
 225.000000, 29.979259, 4.429630, 4.045926, 8.539259
 227.333333, 28.501466, 4.290323, 3.900293, 8.233138
 221.333333, 28.917169, 4.534639, 4.052711, 8.623494
 233.666667, 28.659058, 4.184023, 3.834522, 8.077033
 233.333333, 31.561429, 4.484286, 4.002857, 8.537143
 224.666667, 29.078635, 4.608309, 4.017804, 8.691395
 218.000000, 31.651376, 4.558104, 4.090214, 8.726300
 212.666667, 29.978056, 4.575235, 4.311912, 8.942006
 220.333333, 28.653555, 4.360061, 4.046899, 8.465961
 231.333333, 30.317003, 4.425072, 3.878963, 8.384726
 217.333333, 28.650307, 4.411043, 4.184049, 8.636503
 222.666667, 29.250000, 4.452096, 4.064371, 8.559880
 196.666667, 27.533898, 4.284746, 4.489831, 8.867797
 201.666667, 30.137190, 5.244628, 4.482645, 9.814876
 199.666667, 29.287145, 4.974958, 4.440735, 9.474124
 22, 20
 0.250000, 0.000000, 1.000000, 30.000000, 42.000000
 189.666667, 26.597540, 4.692443, 4.688928, 9.458699
 218.666667, 28.108232, 4.442073, 4.205793, 8.702744
 235.666667, 30.377652, 4.485149, 3.837341, 8.363508
 225.000000, 30.737778, 4.865185, 4.054815, 8.986667
 229.000000, 30.333333, 4.585153, 3.930131, 8.569141
 232.333333, 30.182209, 4.430416, 3.859397, 8.331420
 215.666667, 28.281298, 4.395672, 4.047913, 8.489954
 253.000000, 31.168643, 4.341238, 3.595520, 7.969697
 231.000000, 30.033189, 4.506494, 4.011544, 8.555556
 237.666667, 30.370266, 4.513324, 3.887798, 8.443198
 239.000000, 31.811715, 4.662483, 3.880056, 8.592748
 218.666667, 29.681402, 4.469512, 4.195122, 8.740854
 220.666667, 29.398792, 4.637462, 4.075529, 8.765861
 234.666667, 30.845170, 4.484375, 3.927557, 8.453125
 222.333333, 29.401799, 4.598201, 4.082459, 8.733133
 222.000000, 28.884384, 4.270270, 4.105105, 8.436937
 212.000000, 30.619497, 4.960692, 4.227987, 9.292453
 200.666667, 28.661130, 5.257475, 4.400332, 9.754153
 202.000000, 29.433993, 5.037954, 4.490099, 9.570957
 23, 20
 0.250000, 15.000000, 12.000000, 16.000000, 28.000000
 201.000000, 29.207297, 4.872305, 4.444444, 9.351575
 224.666667, 29.821958, 4.669139, 4.090504, 8.796736
 231.333333, 30.540346, 4.409222, 3.863112, 8.337176
 225.333333, 29.889053, 4.967456, 4.093195, 9.112426
 224.000000, 29.915179, 4.309524, 4.035714, 8.380952
 235.333333, 29.498584, 4.393768, 3.716714, 8.171388
 230.666667, 30.268786, 4.557803, 3.906069, 8.505780
 238.333333, 30.309091, 4.159441, 3.837762, 8.037762
 228.333333, 29.859854, 4.451095, 4.042336, 8.531387
 239.333333, 30.770195, 4.551532, 3.835655, 8.447075
 220.000000, 27.589394, 3.975758, 4.162121, 8.190909
 218.000000, 28.723242, 4.287462, 4.186544, 8.579511
 216.666667, 28.521538, 4.438462, 4.150769, 8.641538
 230.333333, 30.681621, 4.424023, 3.955137, 8.421129
 228.333333, 30.566423, 4.600000, 3.979562, 8.627737
 229.666667, 30.631350, 4.532656, 3.960813, 8.531205
 214.000000, 30.024922, 4.878505, 4.230530, 9.161994
 201.333333, 30.034768, 5.298013, 4.516556, 9.857616
 196.000000, 28.816327, 5.020408, 4.511905, 9.596939
 24, 20
 0.250000, 14.000000, 12.000000, 15.000000, 28.000000
 213.000000, 27.884194, 4.780908, 4.178404, 9.001565
 227.000000, 28.374449, 4.555066, 4.060206, 8.646109
 224.666667, 28.959941, 4.369436, 4.047478, 8.458457
 217.666667, 27.869832, 4.699847, 4.215926, 8.957121
 232.000000, 31.485632, 4.632184, 3.882184, 8.563218
 238.666667, 29.555866, 4.476257, 3.782123, 8.294693
 228.333333, 30.732847, 4.489051, 3.912409, 8.459854
 241.666667, 30.489655, 4.217931, 3.816552, 8.075862
 230.333333, 30.806078, 4.544139, 4.052098, 8.636758
 236.666667, 31.636620, 4.556338, 3.928169, 8.533803
 228.333333, 30.245255, 4.334307, 4.037956, 8.423358
 230.000000, 30.346377, 4.526087, 4.037681, 8.608696
 222.666667, 28.971557, 4.529940, 4.059880, 8.645210
 220.666667, 27.126888, 3.987915, 4.078550, 8.099698
 222.333333, 29.785607, 4.551724, 4.074963, 8.682159
 230.333333, 29.063676, 4.409551, 3.926194, 8.386397
 220.000000, 30.984848, 4.745455, 4.177273, 8.957576
 201.666667, 30.499174, 5.477686, 4.502479, 10.062810
 206.333333, 28.357027, 4.882068, 4.289176, 9.214863
 25, 20
 0.250000, 13.000000, 3.000000, 13.000000, 17.000000
 215.000000, 28.972093, 4.817054, 4.161240, 9.057364
 221.000000, 27.998492, 4.524887, 4.152338, 8.737557
 237.666667, 30.862553, 4.436185, 3.798036, 8.281907
 224.000000, 30.998512, 4.968750, 4.133929, 9.148810
 224.000000, 31.002976, 4.556548, 3.995536, 8.614583
 230.333333, 29.044863, 4.328509, 3.781476, 8.169320
 221.666667, 29.049624, 4.469173, 4.025564, 8.551880
 241.666667, 30.053793, 4.281379, 3.761379, 8.092414
 226.000000, 29.646018, 4.407080, 4.039823, 8.539823
 231.666667, 30.621583, 4.549640, 3.930935, 8.566906
 226.333333, 28.980854, 4.195876, 4.025037, 8.257732
 230.000000, 30.179710, 4.572464, 4.015942, 8.626087
 218.666667, 28.586890, 4.762195, 4.070122, 8.900915
 214.333333, 27.539658, 4.107309, 4.163297, 8.360809
 217.666667, 29.116386, 4.584992, 4.038285, 8.696784
 233.000000, 31.575107, 4.678112, 3.939914, 8.668097
 213.000000, 30.752739, 4.757433, 4.198748, 9.054773
 195.333333, 29.957338, 4.863481, 4.540956, 9.508532
 212.333333, 30.453689, 5.045526, 4.240188, 9.348509
 26, 20
 0.250000, 0.000000, 3.000000, 15.000000, 19.000000
 219.000000, 29.669711, 4.878234, 4.101979, 9.030441
 232.333333, 31.962697, 4.807747, 4.043042, 8.890961
 232.000000, 30.000000, 4.423851, 3.876437, 8.350575
 221.333333, 29.121988, 4.490964, 4.141566, 8.680723
 226.000000, 30.746313, 4.402655, 4.004425, 8.486726
 232.000000, 29.375000, 4.340517, 3.849138, 8.232759
 229.666667, 30.017417, 4.521045, 4.007257, 8.561684
 237.000000, 28.468354, 4.067511, 3.842475, 7.947961
 234.333333, 31.348506, 4.533428, 3.937411, 8.537696
 228.666667, 29.620991, 4.462099, 3.983965, 8.489796
 236.666667, 31.477465, 4.650704, 3.874648, 8.561972
 223.000000, 29.835575, 4.472347, 4.164425, 8.702541
 220.333333, 28.981846, 4.541604, 4.110439, 8.686838
 235.000000, 31.160284, 4.424113, 3.919149, 8.382979
 221.000000, 30.250377, 4.695324, 4.063348, 8.834087
 225.666667, 28.893648, 4.438700, 4.010340, 8.509601
 202.000000, 27.943894, 4.361386, 4.334983, 8.788779
 200.666667, 29.659468, 5.224252, 4.523256, 9.782392
 191.000000, 26.490401, 4.832461, 4.685864, 9.595113
 27, 20
 0.250000, 0.000000, 3.000000, 13.000000, 32.000000
 216.666667, 28.329231, 4.816923, 4.069231, 9.036923
 236.333333, 30.595205, 4.691114, 3.919605, 8.641749
 226.666667, 28.623529, 4.314706, 3.969118, 8.348529
 220.000000, 29.178788, 4.784848, 4.136364, 8.962121
 233.333333, 31.128571, 4.430000, 3.868571, 8.364286
 230.333333, 27.628075, 4.235890, 3.807525, 8.094067
 226.000000, 30.150442, 4.551622, 4.002950, 8.595870
 249.333333, 30.848930, 4.187166, 3.671123, 7.909091
 231.666667, 31.467626, 4.470504, 4.001439, 8.513669
 227.666667, 29.367496, 4.399707, 3.998536, 8.468521
 224.666667, 29.443620, 4.204748, 4.078635, 8.318991
 226.000000, 30.778761, 4.774336, 4.057522, 8.884956
 228.666667, 30.530612, 4.911079, 3.959184, 8.928571
 227.666667, 30.578331, 4.238653, 3.953148, 8.235725
 222.666667, 30.026946, 4.437126, 4.103293, 8.582335
 217.000000, 28.807988, 4.227343, 4.167435, 8.453149
 214.666667, 30.299689, 4.726708, 4.277950, 9.041925
 188.666667, 27.268551, 5.160777, 4.719081, 9.957597
 204.000000, 29.147059, 4.849673, 4.444444, 9.323529
 28, 20
 0.250000, 0.000000, 3.000000, 12.000000, 31.000000
 215.000000, 29.018605, 4.674419, 4.203101, 8.937984
 231.000000, 30.375180, 4.653680, 3.997114, 8.705628
 231.333333, 29.610951, 4.344380, 3.914986, 8.301153
 220.333333, 29.331316, 4.824508, 4.175492, 9.033283
 221.666667, 28.332331, 4.269173, 3.975940, 8.371429
 229.000000, 28.655022, 4.291121, 3.868996, 8.203785
 233.000000, 31.238913, 4.567954, 3.874106, 8.479256
 238.333333, 28.725874, 4.034965, 3.820979, 7.918881
 239.666667, 32.852573, 4.518776, 3.909597, 8.464534
 231.333333, 29.832853, 4.557637, 3.949568, 8.563401
 228.000000, 29.709064, 4.323099, 3.950292, 8.323099
 222.000000, 29.570571, 4.513514, 4.192192, 8.738739
 221.000000, 29.472097, 4.717949, 4.114630, 8.886878
 221.666667, 27.514286, 4.141353, 4.057143, 8.240602
 204.000000, 26.872549, 4.243464, 4.297386, 8.637255
 217.333333, 28.073620, 4.243865, 4.197853, 8.496933
 213.000000, 30.115806, 4.874804, 4.234742, 9.228482
 202.666667, 30.514803, 5.044408, 4.481908, 9.570724
 194.333333, 28.463122, 4.917667, 4.550600, 9.526587
 29, 20
 0.250000, 0.000000, 1.000000, 11.000000, 29.000000
 212.333333, 27.830455, 4.643642, 4.130298, 8.893250
 236.666667, 31.667606, 4.747887, 3.957746, 8.736620
 221.000000, 27.805430, 4.102564, 4.092006, 8.245852
 223.666667, 30.453055, 4.846498, 4.093890, 8.985097
 218.000000, 28.088685, 4.311927, 4.082569, 8.463303
 234.666667, 29.025568, 4.319602, 3.791193, 8.151989
 233.333333, 31.340000, 4.582857, 3.812857, 8.438571
 250.666667, 30.679521, 4.263298, 3.674202, 7.973404
 230.333333, 30.989870, 4.544139, 4.034732, 8.628075
 226.666667, 28.091176, 4.347059, 4.001471, 8.420588
 227.000000, 29.948605, 4.337739, 4.045521, 8.439060
 220.333333, 29.600605, 4.521936, 4.192133, 8.776097
 217.000000, 28.010753, 4.729647, 4.112135, 8.929339
 228.333333, 29.894891, 4.275912, 3.893431, 8.286131
 213.333333, 31.092188, 4.901563, 4.190625, 9.131250
 219.000000, 29.427702, 4.465753, 4.129376, 8.645358
 218.000000, 30.665138, 4.990826, 4.238532, 9.304281
 183.333333, 30.400000, 5.803636, 4.821818, 10.670909
 203.666667, 29.013093, 5.070376, 4.325696, 9.461538
 30, 20
 0.250000, 0.000000, 1.000000, 12.000000, 37.000000
 218.666667, 30.474085, 4.891768, 4.079268, 9.030488
 203.000000, 26.888342, 4.449918, 4.420361, 8.911330
 227.333333, 29.291789, 4.378299, 3.976540, 8.391496
 220.666667, 29.460725, 4.660121, 4.132931, 8.829305
 232.666667, 31.097421, 4.575931, 3.904011, 8.522923
 232.333333, 29.304161, 4.380201, 3.835007, 8.255380
 224.666667, 28.721068, 4.385757, 3.954006, 8.381306
 245.666667, 30.922659, 4.363636, 3.694708, 8.097693
 227.000000, 29.961821, 4.355360, 4.046990, 8.459618
 226.000000, 29.132743, 4.334808, 4.092920, 8.495575
 222.666667, 30.263473, 4.344311, 4.130240, 8.526946
 228.666667, 30.896501, 4.626822, 4.052478, 8.727405
 221.333333, 28.719880, 4.423193, 4.070783, 8.551205
 225.333333, 29.158284, 4.411243, 3.961538, 8.430473
 220.333333, 30.514372, 4.656581, 4.084720, 8.777610
 226.000000, 30.687316, 4.533923, 4.041298, 8.643068
 226.333333, 31.801178, 5.117820, 3.986745, 9.148748
 200.000000, 29.753333, 5.153333, 4.535000, 9.733333
 186.666667, 27.441071, 4.951786, 4.612500, 9.639286
 31, 20
 0.250000, 0.000000, 1.000000, 12.000000, 37.000000
 208.333333, 26.870400, 4.708800, 4.246400, 9.046400
 228.000000, 28.388889, 4.431287, 3.980994, 8.445906
 240.666667, 32.234072, 4.590028, 3.810249, 8.443213
 214.333333, 29.214619, 4.656299, 4.259720, 8.972006
 230.333333, 31.001447, 4.428365, 3.949349, 8.419682
 212.000000, 27.374214, 4.344340, 4.146226, 8.525157
 232.333333, 30.968436, 4.576758, 3.866571, 8.476327
 242.000000, 30.258953, 4.108815, 3.734160, 7.893939
 227.333333, 29.277126, 4.480938, 4.070381, 8.585044
 219.333333, 28.857143, 4.527356, 4.171733, 8.770517
 226.333333, 31.013255, 4.432990, 4.079529, 8.578792
 235.666667, 31.422914, 4.588402, 3.917963, 8.543140
 220.000000, 28.271212, 4.624242, 4.048485, 8.748485
 231.000000, 30.411255, 4.350649, 3.924964, 8.370851
 228.666667, 29.510204, 4.593294, 3.938776, 8.571429
 236.000000, 30.836158, 4.563559, 3.867232, 8.474576
 204.000000, 30.468954, 4.823529, 4.491830, 9.375817
 200.000000, 29.853333, 5.206667, 4.476667, 9.816667
 196.666667, 29.779661, 5.088136, 4.477966, 9.613559
Histogram
0 0 3 0 0 0 0 23 463 124 3 1 0 6 1 0 1 1 0 1 0 0 0 0 0 0 0 0 2 1 1 3 2 0 0 0 1 2 0 0 0 0 1 0 0 0 0 0 0 0 0 0 0 0 0 0 0 0 0 0 0 0 0 0 0 0 0 0 0 0 0 0 0 0 0 0 0 0 0 0 0 0 0 0 0 0 0 0 0 0 0 0 0 0 0 0 0 0 0 0 
Cache Miss Ratio
NaN
Average number of keys
NaN
numOfSets
425656
numOfGets
0
numOfMultiGets
0
