20
0
 0.200000, 0.000000, 0.000000, 7.000000, 12.000000
 95.333333, 0.167832, 0.206294, 0.751748, 1.031469
 94.666667, 0.133803, 0.190141, 0.799296, 1.035211
 101.333333, 0.026316, 0.148026, 0.796053, 0.993421
 101.666667, 0.206557, 0.209836, 0.940984, 1.196721
 98.666667, 0.097973, 0.172297, 0.793919, 1.013514
 95.333333, 0.034965, 0.216783, 0.870629, 1.129371
 93.333333, 0.028571, 0.153571, 0.800000, 0.992857
 98.333333, 0.020339, 0.159322, 0.725424, 0.928814
 99.000000, 0.060606, 0.151515, 0.791246, 0.979798
 99.666667, 0.033445, 0.143813, 0.785953, 0.973244
 100.333333, 0.033223, 0.162791, 0.803987, 1.016611
 101.666667, 0.127869, 0.131148, 1.095082, 1.265574
 97.000000, 0.024055, 0.164948, 0.731959, 0.938144
 103.000000, 0.061489, 0.126214, 0.877023, 1.045307
 104.333333, 0.099042, 0.153355, 0.849840, 1.044728
 102.333333, 0.009772, 0.153094, 0.713355, 0.908795
 104.333333, 0.073482, 0.178914, 0.744409, 0.961661
 101.333333, 0.055921, 0.148026, 0.796053, 0.990132
 101.000000, 0.033003, 0.178218, 0.729373, 0.950495
1
 0.200000, 0.000000, 0.000000, 7.000000, 12.000000
 94.666667, 0.073944, 0.190141, 0.845070, 1.116197
 94.333333, 0.060071, 0.162544, 0.780919, 0.989399
 103.333333, 0.074194, 0.200000, 0.774194, 1.025806
 103.666667, 0.109325, 0.163987, 0.987138, 1.196141
 95.666667, 0.080139, 0.170732, 0.808362, 1.031359
 94.333333, 0.028269, 0.197880, 0.784452, 1.028269
 94.000000, 0.028369, 0.152482, 0.797872, 0.992908
 100.666667, 0.046358, 0.149007, 0.725166, 0.917219
 97.333333, 0.047945, 0.160959, 0.780822, 0.982877
 98.333333, 0.013559, 0.145763, 0.783051, 0.969492
 101.666667, 0.042623, 0.134426, 0.740984, 0.921311
 100.333333, 0.102990, 0.132890, 1.156146, 1.332226
 100.333333, 0.056478, 0.176080, 0.697674, 0.913621
 104.333333, 0.140575, 0.130990, 0.821086, 0.996805
 99.666667, 0.060201, 0.160535, 0.832776, 1.036789
 102.000000, 0.049020, 0.173203, 0.745098, 0.957516
 103.666667, 0.045016, 0.141479, 0.726688, 0.909968
 104.000000, 0.060897, 0.185897, 0.810897, 1.048077
 102.333333, 0.009772, 0.162866, 0.713355, 0.921824
2
 0.200000, 0.000000, 1.000000, 6.000000, 11.000000
 98.333333, 0.132203, 0.172881, 0.752542, 1.000000
 95.666667, 0.282230, 0.317073, 0.815331, 1.184669
 103.333333, 0.119355, 0.158065, 0.758065, 0.970968
 100.333333, 0.049834, 0.152824, 0.916944, 1.116279
 97.333333, 0.109589, 0.215753, 0.815068, 1.082192
 96.333333, 0.048443, 0.193772, 0.840830, 1.086505
 93.333333, 0.025000, 0.142857, 0.810714, 0.992857
 100.666667, 0.052980, 0.165563, 0.705298, 0.917219
 100.666667, 0.135762, 0.218543, 0.768212, 1.033113
 99.000000, 0.043771, 0.151515, 0.784512, 0.983165
 101.333333, 0.062500, 0.134868, 0.740132, 0.927632
 96.000000, 0.086806, 0.145833, 0.996528, 1.187500
 100.000000, 0.043333, 0.193333, 0.740000, 0.973333
 100.333333, 0.056478, 0.159468, 0.797342, 0.996678
 104.333333, 0.175719, 0.134185, 0.897764, 1.073482
 103.666667, 0.086817, 0.141479, 0.713826, 0.897106
 102.333333, 0.045603, 0.140065, 0.703583, 0.885993
 103.333333, 0.029032, 0.132258, 0.793548, 0.967742
 104.666667, 0.066879, 0.171975, 0.707006, 0.923567
3
 0.200000, 0.000000, 1.000000, 3.000000, 10.000000
 95.666667, 0.142857, 0.212544, 0.797909, 1.069686
 94.333333, 0.081272, 0.204947, 0.798587, 1.053004
 103.333333, 0.035484, 0.145161, 0.770968, 0.967742
 102.333333, 0.110749, 0.179153, 0.889251, 1.110749
 97.000000, 0.065292, 0.209622, 0.790378, 1.048110
 94.666667, 0.007042, 0.183099, 0.827465, 1.056338
 94.666667, 0.049296, 0.130282, 0.813380, 0.996479
 101.000000, 0.046205, 0.158416, 0.709571, 0.910891
 98.000000, 0.068027, 0.156463, 0.792517, 0.993197
 100.000000, 0.070000, 0.153333, 0.790000, 0.983333
 101.666667, 0.065574, 0.137705, 0.724590, 0.901639
 102.333333, 0.097720, 0.133550, 1.084691, 1.257329
 101.666667, 0.075410, 0.203279, 0.786885, 1.032787
 100.666667, 0.059603, 0.129139, 0.831126, 1.000000
 96.333333, 0.072664, 0.159170, 0.847751, 1.051903
 101.333333, 0.029605, 0.141447, 0.720395, 0.904605
 103.666667, 0.102894, 0.157556, 0.697749, 0.893891
 100.333333, 0.016611, 0.162791, 0.760797, 0.966777
 102.000000, 0.035948, 0.166667, 0.725490, 0.937908
4
 0.200000, 0.000000, 1.000000, 3.000000, 10.000000
 93.333333, 0.078571, 0.175000, 0.789286, 1.021429
 94.666667, 0.130282, 0.179577, 0.760563, 0.985915
 105.000000, 0.104762, 0.193651, 0.749206, 0.987302
 102.666667, 0.051948, 0.146104, 0.873377, 1.077922
 101.333333, 0.141447, 0.203947, 0.812500, 1.065789
 96.333333, 0.010381, 0.152249, 0.719723, 0.916955
 96.000000, 0.034722, 0.128472, 0.791667, 0.965278
 102.666667, 0.051948, 0.146104, 0.737013, 0.941558
 97.000000, 0.085911, 0.175258, 0.790378, 1.006873
 98.333333, 0.047458, 0.149153, 0.755932, 0.949153
 102.333333, 0.061889, 0.159609, 0.719870, 0.918567
 98.666667, 0.199324, 0.175676, 1.087838, 1.314189
 100.000000, 0.036667, 0.186667, 0.770000, 0.996667
 103.666667, 0.099678, 0.122186, 0.829582, 0.993569
 102.333333, 0.130293, 0.133550, 0.830619, 1.016287
 100.666667, 0.026490, 0.129139, 0.738411, 0.907285
 104.000000, 0.064103, 0.153846, 0.708333, 0.900641
 104.666667, 0.079618, 0.165605, 0.812102, 1.031847
 103.333333, 0.061290, 0.161290, 0.761290, 0.964516
5
 0.200000, 0.000000, 5.000000, 1.000000, 10.000000
 91.666667, 0.043636, 0.167273, 0.778182, 1.003636
 93.000000, 0.039427, 0.154122, 0.788530, 0.985663
 101.666667, 0.059016, 0.160656, 0.757377, 0.960656
 102.000000, 0.065359, 0.176471, 0.911765, 1.133987
 98.000000, 0.125850, 0.234694, 0.768707, 1.047619
 95.666667, 0.045296, 0.139373, 0.752613, 0.947735
 92.666667, 0.010791, 0.154676, 0.787770, 0.982014
 99.666667, 0.046823, 0.153846, 0.702341, 0.899666
 99.333333, 0.161074, 0.238255, 0.771812, 1.050336
 101.000000, 0.092409, 0.155116, 0.808581, 1.006601
 98.666667, 0.020270, 0.131757, 0.739865, 0.912162
 95.000000, 0.105263, 0.147368, 1.136842, 1.329825
 98.666667, 0.037162, 0.189189, 0.736486, 0.966216
 102.666667, 0.165584, 0.149351, 0.847403, 1.038961
 101.000000, 0.089109, 0.135314, 0.881188, 1.059406
 101.333333, 0.042763, 0.154605, 0.750000, 0.944079
 104.000000, 0.054487, 0.166667, 0.705128, 0.910256
 105.000000, 0.060317, 0.149206, 0.777778, 0.971429
 103.000000, 0.090615, 0.181230, 0.779935, 1.012945
6
 0.200000, 0.000000, 6.000000, 1.000000, 10.000000
 95.666667, 0.118467, 0.153310, 0.818815, 1.048780
 96.000000, 0.145833, 0.194444, 0.854167, 1.097222
 101.333333, 0.046053, 0.161184, 0.743421, 0.957237
 103.000000, 0.129450, 0.158576, 0.915858, 1.135922
 100.333333, 0.156146, 0.229236, 0.767442, 1.049834
 94.666667, 0.059859, 0.183099, 0.760563, 0.985915
 94.000000, 0.031915, 0.170213, 0.794326, 1.003546
 98.666667, 0.027027, 0.145270, 0.722973, 0.922297
 102.333333, 0.224756, 0.192182, 0.801303, 1.035831
 99.000000, 0.053872, 0.144781, 0.767677, 0.956229
 103.333333, 0.080645, 0.177419, 0.741935, 0.958065
 100.000000, 0.120000, 0.106667, 1.013333, 1.163333
 100.666667, 0.059603, 0.149007, 0.745033, 0.937086
 98.333333, 0.054237, 0.132203, 0.850847, 1.027119
 99.000000, 0.070707, 0.141414, 0.848485, 1.033670
 102.000000, 0.045752, 0.143791, 0.709150, 0.892157
 103.333333, 0.067742, 0.190323, 0.735484, 0.967742
 102.666667, 0.064935, 0.146104, 0.788961, 0.977273
 102.333333, 0.061889, 0.149837, 0.742671, 0.938111
7
 0.200000, 0.000000, 7.000000, 0.000000, 10.000000
 98.333333, 0.128814, 0.206780, 0.796610, 1.084746
 95.333333, 0.101399, 0.185315, 0.779720, 1.013986
 103.000000, 0.119741, 0.165049, 0.744337, 0.964401
 102.000000, 0.098039, 0.140523, 0.905229, 1.091503
 97.666667, 0.167235, 0.184300, 0.764505, 1.006826
 94.666667, 0.045775, 0.183099, 0.753521, 0.978873
 93.666667, 0.007117, 0.149466, 0.814947, 1.003559
 100.666667, 0.049669, 0.149007, 0.731788, 0.933775
 97.333333, 0.034247, 0.167808, 0.756849, 0.969178
 99.333333, 0.010067, 0.154362, 0.785235, 0.983221
 100.000000, 0.063333, 0.173333, 0.756667, 0.973333
 98.666667, 0.077703, 0.131757, 1.101351, 1.273649
 101.333333, 0.046053, 0.180921, 0.710526, 0.934211
 102.333333, 0.149837, 0.166124, 0.869707, 1.081433
 102.000000, 0.098039, 0.156863, 0.836601, 1.035948
 103.000000, 0.077670, 0.135922, 0.734628, 0.909385
 99.666667, 0.020067, 0.157191, 0.709030, 0.906355
 102.000000, 0.026144, 0.169935, 0.741830, 0.957516
 101.666667, 0.045902, 0.177049, 0.711475, 0.931148
8
 0.200000, 0.000000, 0.000000, 0.000000, 2.000000
 93.000000, 0.053763, 0.168459, 0.752688, 0.982079
 95.333333, 0.059441, 0.171329, 0.762238, 0.979021
 106.666667, 0.109375, 0.187500, 0.828125, 1.062500
 102.666667, 0.136364, 0.201299, 1.009740, 1.256494
 98.000000, 0.105442, 0.146259, 0.789116, 0.989796
 96.333333, 0.072664, 0.197232, 0.816609, 1.069204
 93.666667, 0.035587, 0.160142, 0.786477, 0.985765
 101.000000, 0.062706, 0.231023, 0.745875, 1.016502
 101.000000, 0.155116, 0.260726, 0.805281, 1.105611
 98.333333, 0.047458, 0.135593, 0.840678, 1.020339
 99.000000, 0.006734, 0.131313, 0.760943, 0.936027
 101.333333, 0.095395, 0.125000, 0.967105, 1.134868
 102.333333, 0.071661, 0.130293, 0.719870, 0.892508
 103.666667, 0.080386, 0.151125, 0.758842, 0.951768
 97.000000, 0.041237, 0.140893, 0.869416, 1.054983
 103.000000, 0.035599, 0.165049, 0.711974, 0.915858
 105.333333, 0.145570, 0.183544, 0.712025, 0.930380
 102.333333, 0.032573, 0.140065, 0.771987, 0.957655
 102.000000, 0.042484, 0.169935, 0.732026, 0.947712
9
 0.200000, 1.000000, 0.000000, 0.000000, 3.000000
 94.666667, 0.116197, 0.176056, 0.778169, 1.038732
 94.000000, 0.124113, 0.219858, 0.812057, 1.081560
 100.333333, 0.152824, 0.209302, 0.800664, 1.053156
 101.666667, 0.075410, 0.124590, 0.960656, 1.127869
 95.333333, 0.115385, 0.192308, 0.842657, 1.087413
 92.666667, 0.017986, 0.147482, 0.776978, 0.967626
 96.000000, 0.024306, 0.166667, 0.809028, 1.013889
 99.666667, 0.043478, 0.193980, 0.692308, 0.929766
 97.666667, 0.071672, 0.174061, 0.822526, 1.051195
 100.000000, 0.073333, 0.156667, 0.850000, 1.050000
 102.333333, 0.205212, 0.237785, 0.729642, 1.006515
 96.000000, 0.076389, 0.125000, 1.041667, 1.208333
 99.000000, 0.050505, 0.164983, 0.720539, 0.932660
 101.000000, 0.145215, 0.148515, 0.765677, 0.953795
 101.666667, 0.147541, 0.154098, 0.859016, 1.055738
 103.000000, 0.019417, 0.132686, 0.741100, 0.915858
 102.000000, 0.042484, 0.169935, 0.722222, 0.931373
 103.333333, 0.045161, 0.164516, 0.829032, 1.041935
 101.333333, 0.046053, 0.184211, 0.730263, 0.960526
10
 0.200000, 1.000000, 0.000000, 0.000000, 0.000000
 94.666667, 0.063380, 0.193662, 0.813380, 1.063380
 98.000000, 0.139456, 0.193878, 0.789116, 1.027211
 102.000000, 0.042484, 0.147059, 0.754902, 0.944444
 96.333333, 0.038062, 0.148789, 0.899654, 1.089965
 97.000000, 0.085911, 0.202749, 0.773196, 1.020619
 94.333333, 0.067138, 0.176678, 0.766784, 0.982332
 94.000000, 0.031915, 0.148936, 0.744681, 0.936170
 99.666667, 0.030100, 0.180602, 0.722408, 0.946488
 98.333333, 0.101695, 0.179661, 0.830508, 1.050847
 99.666667, 0.046823, 0.153846, 0.802676, 0.996656
 99.000000, 0.026936, 0.148148, 0.734007, 0.932660
 96.333333, 0.076125, 0.166090, 1.044983, 1.252595
 102.333333, 0.055375, 0.185668, 0.736156, 0.983713
 101.333333, 0.059211, 0.131579, 0.782895, 0.957237
 103.666667, 0.125402, 0.141479, 0.819936, 1.009646
 104.666667, 0.054140, 0.117834, 0.732484, 0.891720
 107.333333, 0.223602, 0.183230, 0.701863, 0.937888
 102.333333, 0.019544, 0.146580, 0.758958, 0.951140
 102.333333, 0.045603, 0.149837, 0.693811, 0.885993
11
 0.200000, 0.000000, 0.000000, 0.000000, 1.000000
 98.333333, 0.098305, 0.196610, 0.820339, 1.074576
 94.000000, 0.060284, 0.195035, 0.829787, 1.067376
 100.666667, 0.066225, 0.165563, 0.728477, 0.943709
 103.666667, 0.057878, 0.144695, 0.887460, 1.073955
 100.000000, 0.123333, 0.216667, 0.796667, 1.060000
 97.333333, 0.061644, 0.184932, 0.763699, 0.996575
 93.666667, 0.021352, 0.163701, 0.807829, 1.014235
 98.666667, 0.047297, 0.182432, 0.750000, 0.976351
 97.000000, 0.068729, 0.154639, 0.731959, 0.931271
 99.000000, 0.057239, 0.148148, 0.774411, 0.966330
 99.666667, 0.036789, 0.167224, 0.739130, 0.949833
 98.000000, 0.078231, 0.115646, 1.034014, 1.190476
 102.666667, 0.126623, 0.201299, 0.730519, 0.977273
 98.333333, 0.040678, 0.132203, 0.820339, 1.030508
 95.666667, 0.017422, 0.177700, 0.811847, 1.034843
 101.333333, 0.032895, 0.167763, 0.707237, 0.914474
 103.000000, 0.029126, 0.139159, 0.705502, 0.896440
 104.666667, 0.114650, 0.152866, 0.773885, 0.971338
 101.666667, 0.029508, 0.154098, 0.714754, 0.914754
12
 0.200000, 0.000000, 0.000000, 46.000000, 49.000000
 96.333333, 0.117647, 0.176471, 0.806228, 1.041522
 92.333333, 0.064982, 0.180505, 0.794224, 1.018051
 103.000000, 0.080906, 0.207120, 0.731392, 0.983819
 99.333333, 0.053691, 0.117450, 0.875839, 1.036913
 99.666667, 0.133779, 0.183946, 0.795987, 1.033445
 97.666667, 0.105802, 0.174061, 0.764505, 0.989761
 95.000000, 0.038596, 0.161404, 0.771930, 0.978947
 100.333333, 0.043189, 0.156146, 0.730897, 0.930233
 96.000000, 0.027778, 0.173611, 0.798611, 1.013889
 99.000000, 0.040404, 0.148148, 0.787879, 0.976431
 99.666667, 0.016722, 0.150502, 0.715719, 0.906355
 98.000000, 0.085034, 0.139456, 1.054422, 1.234694
 102.666667, 0.009740, 0.168831, 0.737013, 0.951299
 104.333333, 0.140575, 0.130990, 0.929712, 1.099042
 104.333333, 0.127796, 0.166134, 0.865815, 1.073482
 100.333333, 0.003322, 0.132890, 0.727575, 0.900332
 103.666667, 0.064309, 0.157556, 0.694534, 0.893891
 103.666667, 0.061093, 0.192926, 0.816720, 1.057878
 103.666667, 0.045016, 0.163987, 0.739550, 0.945338
13
 0.200000, 2.000000, 0.000000, 45.000000, 49.000000
 96.666667, 0.110345, 0.144828, 0.755172, 0.955172
 93.333333, 0.060714, 0.182143, 0.810714, 1.035714
 104.000000, 0.211538, 0.192308, 0.759615, 1.009615
 101.666667, 0.075410, 0.118033, 0.957377, 1.118033
 101.333333, 0.233553, 0.246711, 0.819079, 1.108553
 95.000000, 0.052632, 0.150877, 0.859649, 1.056140
 95.666667, 0.017422, 0.163763, 0.822300, 1.041812
 100.333333, 0.019934, 0.156146, 0.717608, 0.913621
 96.666667, 0.048276, 0.193103, 0.782759, 1.017241
 96.666667, 0.027586, 0.165517, 0.786207, 0.993103
 101.666667, 0.075410, 0.147541, 0.731148, 0.918033
 96.333333, 0.065744, 0.128028, 0.979239, 1.152249
 103.666667, 0.122186, 0.205788, 0.749196, 0.996785
 103.666667, 0.099678, 0.141479, 0.874598, 1.061093
 100.666667, 0.135762, 0.152318, 0.874172, 1.069536
 103.333333, 0.106452, 0.183871, 0.716129, 0.938710
 102.000000, 0.026144, 0.147059, 0.732026, 0.918301
 103.000000, 0.061489, 0.155340, 0.809061, 1.006472
 104.000000, 0.044872, 0.163462, 0.756410, 0.971154
14
 0.200000, 1.000000, 1.000000, 0.000000, 49.000000
 95.000000, 0.098246, 0.164912, 0.740351, 0.989474
 96.333333, 0.124567, 0.176471, 0.809689, 1.038062
 101.333333, 0.072368, 0.138158, 0.736842, 0.917763
 98.000000, 0.037415, 0.142857, 0.914966, 1.105442
 95.000000, 0.035088, 0.182456, 0.733333, 0.961404
 95.000000, 0.028070, 0.161404, 0.785965, 0.992982
 93.333333, 0.028571, 0.139286, 0.821429, 0.996429
 99.000000, 0.047138, 0.168350, 0.713805, 0.925926
 98.333333, 0.081356, 0.159322, 0.762712, 0.962712
 100.333333, 0.073090, 0.146179, 0.784053, 0.973422
 99.666667, 0.043478, 0.127090, 0.742475, 0.923077
 96.333333, 0.096886, 0.128028, 1.055363, 1.224913
 102.666667, 0.064935, 0.155844, 0.704545, 0.905844
 99.666667, 0.043478, 0.137124, 0.829431, 1.006689
 99.333333, 0.050336, 0.134228, 0.906040, 1.083893
 100.000000, 0.010000, 0.143333, 0.716667, 0.903333
 103.333333, 0.035484, 0.135484, 0.687097, 0.864516
 103.666667, 0.151125, 0.183280, 0.810289, 1.038585
 103.666667, 0.035370, 0.151125, 0.720257, 0.913183
15
 0.200000, 0.000000, 0.000000, 0.000000, 2.000000
 96.000000, 0.086806, 0.184028, 0.826389, 1.065972
 92.333333, 0.093863, 0.176895, 0.794224, 1.018051
 101.333333, 0.036184, 0.148026, 0.779605, 0.973684
 102.666667, 0.071429, 0.126623, 0.961039, 1.133117
 96.000000, 0.083333, 0.173611, 0.819444, 1.034722
 94.666667, 0.021127, 0.165493, 0.739437, 0.947183
 94.000000, 0.028369, 0.152482, 0.773050, 0.968085
 99.333333, 0.016779, 0.157718, 0.721477, 0.919463
 99.333333, 0.067114, 0.221477, 0.751678, 1.013423
 99.666667, 0.060201, 0.150502, 0.785953, 0.976589
 100.666667, 0.029801, 0.132450, 0.738411, 0.910596
 100.666667, 0.089404, 0.145695, 1.165563, 1.354305
 102.000000, 0.055556, 0.166667, 0.722222, 0.928105
 102.333333, 0.071661, 0.140065, 0.807818, 0.986971
 99.000000, 0.084175, 0.127946, 0.885522, 1.063973
 104.000000, 0.060897, 0.160256, 0.727564, 0.932692
 102.000000, 0.035948, 0.143791, 0.689542, 0.872549
 102.000000, 0.035948, 0.176471, 0.797386, 1.016340
 102.000000, 0.049020, 0.140523, 0.725490, 0.908497
16
 0.200000, 0.000000, 0.000000, 1.000000, 1.000000
 98.666667, 0.087838, 0.158784, 0.763514, 0.979730
 92.000000, 0.061594, 0.166667, 0.847826, 1.061594
 102.000000, 0.058824, 0.156863, 0.764706, 0.964052
 103.000000, 0.129450, 0.126214, 1.022654, 1.194175
 102.666667, 0.360390, 0.269481, 0.792208, 1.103896
 95.666667, 0.048780, 0.177700, 0.822300, 1.038328
 94.333333, 0.038869, 0.166078, 0.809187, 1.014134
 98.333333, 0.033898, 0.159322, 0.745763, 0.949153
 97.666667, 0.085324, 0.163823, 0.805461, 1.010239
 99.333333, 0.077181, 0.157718, 0.778523, 0.976510
 100.000000, 0.056667, 0.143333, 0.730000, 0.913333
 95.000000, 0.098246, 0.164912, 1.164912, 1.368421
 103.000000, 0.058252, 0.181230, 0.715210, 0.938511
 102.666667, 0.077922, 0.146104, 0.801948, 0.990260
 100.000000, 0.073333, 0.146667, 0.910000, 1.100000
 103.666667, 0.035370, 0.125402, 0.752412, 0.919614
 103.000000, 0.035599, 0.145631, 0.715210, 0.902913
 101.666667, 0.055738, 0.167213, 0.845902, 1.072131
 103.000000, 0.029126, 0.174757, 0.692557, 0.909385
17
 0.200000, 0.000000, 1.000000, 1.000000, 2.000000
 95.333333, 0.083916, 0.164336, 0.793706, 1.027972
 93.333333, 0.032143, 0.185714, 0.785714, 1.017857
 104.333333, 0.124601, 0.191693, 0.779553, 1.025559
 101.333333, 0.069079, 0.138158, 0.953947, 1.134868
 94.000000, 0.046099, 0.177305, 0.812057, 1.031915
 95.666667, 0.038328, 0.167247, 0.766551, 0.979094
 95.333333, 0.055944, 0.139860, 0.790210, 0.972028
 100.000000, 0.050000, 0.146667, 0.723333, 0.913333
 98.333333, 0.054237, 0.193220, 0.769492, 1.006780
 98.666667, 0.057432, 0.152027, 0.780405, 0.972973
 97.666667, 0.034130, 0.146758, 0.757679, 0.945392
 98.333333, 0.101695, 0.159322, 1.071186, 1.271186
 106.000000, 0.106918, 0.166667, 0.723270, 0.930818
 100.666667, 0.129139, 0.139073, 0.857616, 1.049669
 100.000000, 0.083333, 0.126667, 0.853333, 1.023333
 101.333333, 0.036184, 0.148026, 0.750000, 0.937500
 105.000000, 0.171429, 0.174603, 0.711111, 0.926984
 104.666667, 0.070064, 0.146497, 0.786624, 0.977707
 106.333333, 0.119122, 0.175549, 0.808777, 1.031348
18
 0.200000, 0.000000, 1.000000, 0.000000, 2.000000
 94.333333, 0.088339, 0.169611, 0.752650, 0.985866
 95.000000, 0.136842, 0.157895, 0.764912, 0.968421
 101.333333, 0.029605, 0.134868, 0.776316, 0.957237
 98.666667, 0.081081, 0.148649, 0.905405, 1.097973
 98.666667, 0.148649, 0.222973, 0.814189, 1.094595
 98.666667, 0.094595, 0.175676, 0.780405, 1.000000
 93.000000, 0.025090, 0.132616, 0.799283, 0.971326
 99.000000, 0.040404, 0.161616, 0.723906, 0.925926
 98.333333, 0.135593, 0.179661, 0.755932, 0.983051
 102.333333, 0.055375, 0.133550, 0.752443, 0.928339
 102.666667, 0.061688, 0.146104, 0.727273, 0.912338
 101.333333, 0.121711, 0.134868, 1.072368, 1.259868
 104.333333, 0.086262, 0.191693, 0.747604, 0.980831
 100.666667, 0.089404, 0.165563, 0.877483, 1.082781
 97.666667, 0.092150, 0.136519, 0.856655, 1.037543
 102.666667, 0.090909, 0.146104, 0.707792, 0.905844
 101.666667, 0.019672, 0.124590, 0.724590, 0.891803
 105.000000, 0.082540, 0.171429, 0.784127, 1.000000
 103.666667, 0.064309, 0.151125, 0.745981, 0.938907
19
 0.200000, 0.000000, 0.000000, 0.000000, 0.000000
 101.333333, 0.256579, 0.220395, 0.782895, 1.088816
 96.000000, 0.156250, 0.215278, 0.875000, 1.131944
 104.333333, 0.124601, 0.169329, 0.747604, 0.958466
 99.333333, 0.057047, 0.127517, 0.879195, 1.053691
 99.000000, 0.127946, 0.168350, 0.818182, 1.040404
 98.000000, 0.091837, 0.207483, 0.775510, 1.023810
 98.000000, 0.119048, 0.166667, 0.772109, 0.993197
 100.666667, 0.043046, 0.158940, 0.718543, 0.920530
 95.333333, 0.031469, 0.178322, 0.772727, 0.996503
 98.333333, 0.040678, 0.152542, 0.786441, 0.976271
 99.000000, 0.006734, 0.144781, 0.703704, 0.885522
 94.666667, 0.049296, 0.126761, 1.031690, 1.204225
 100.666667, 0.066225, 0.142384, 0.705298, 0.900662
 99.000000, 0.043771, 0.138047, 0.855219, 1.037037
 97.666667, 0.040956, 0.156997, 0.761092, 0.979522
 106.333333, 0.072100, 0.125392, 0.708464, 0.877743
 105.333333, 0.107595, 0.170886, 0.696203, 0.908228
 103.333333, 0.035484, 0.164516, 0.761290, 0.967742
 103.000000, 0.067961, 0.148867, 0.724919, 0.915858
20
 0.200000, 7.000000, 0.000000, 0.000000, 1.000000
 95.666667, 0.104530, 0.202091, 0.763066, 1.045296
 94.666667, 0.154930, 0.176056, 0.774648, 1.017606
 102.333333, 0.100977, 0.172638, 0.755700, 0.973941
 97.333333, 0.051370, 0.143836, 0.928082, 1.116438
 97.333333, 0.109589, 0.181507, 0.763699, 0.993151
 96.000000, 0.069444, 0.159722, 0.847222, 1.048611
 93.000000, 0.028674, 0.157706, 0.788530, 0.985663
 98.666667, 0.016892, 0.141892, 0.712838, 0.895270
 98.000000, 0.061224, 0.163265, 0.799320, 1.003401
 99.666667, 0.033445, 0.130435, 0.832776, 1.010033
 100.000000, 0.060000, 0.150000, 0.723333, 0.916667
 97.333333, 0.109589, 0.143836, 1.051370, 1.250000
 102.333333, 0.071661, 0.156352, 0.697068, 0.895765
 101.666667, 0.098361, 0.144262, 0.777049, 0.963934
 104.000000, 0.102564, 0.121795, 0.871795, 1.048077
 104.333333, 0.070288, 0.134185, 0.709265, 0.884984
 105.000000, 0.031746, 0.152381, 0.730159, 0.923810
 104.333333, 0.057508, 0.169329, 0.776358, 0.993610
 103.333333, 0.067742, 0.135484, 0.729032, 0.916129
21
 0.200000, 0.000000, 0.000000, 0.000000, 4.000000
 97.333333, 0.061644, 0.164384, 0.791096, 1.034247
 90.333333, 0.047970, 0.188192, 0.833948, 1.070111
 102.000000, 0.045752, 0.163399, 0.738562, 0.964052
 100.333333, 0.066445, 0.156146, 0.840532, 1.043189
 99.333333, 0.087248, 0.171141, 0.781879, 1.013423
 93.333333, 0.014286, 0.157143, 0.760714, 0.960714
 94.000000, 0.024823, 0.134752, 0.765957, 0.939716
 100.000000, 0.040000, 0.176667, 0.763333, 0.980000
 99.000000, 0.063973, 0.154882, 0.814815, 1.013468
 97.666667, 0.040956, 0.143345, 0.747440, 0.931741
 100.666667, 0.089404, 0.168874, 0.771523, 0.983444
 98.333333, 0.094915, 0.125424, 1.061017, 1.230508
 105.000000, 0.098413, 0.174603, 0.701587, 0.936508
 101.333333, 0.072368, 0.134868, 0.875000, 1.052632
 102.666667, 0.120130, 0.155844, 0.961039, 1.168831
 101.666667, 0.036066, 0.154098, 0.740984, 0.937705
 107.000000, 0.093458, 0.143302, 0.713396, 0.900312
 103.000000, 0.064725, 0.145631, 0.724919, 0.912621
 102.666667, 0.038961, 0.178571, 0.746753, 0.967532
22
 0.200000, 1.000000, 0.000000, 1.000000, 5.000000
 98.000000, 0.095238, 0.183673, 0.761905, 1.030612
 97.000000, 0.154639, 0.171821, 0.828179, 1.048110
 102.000000, 0.062092, 0.163399, 0.754902, 0.960784
 104.333333, 0.095847, 0.172524, 0.865815, 1.092652
 102.666667, 0.159091, 0.233766, 0.860390, 1.142857
 96.000000, 0.055556, 0.159722, 0.791667, 0.993056
 94.000000, 0.021277, 0.156028, 0.808511, 1.003546
 99.000000, 0.023569, 0.164983, 0.720539, 0.929293
 96.000000, 0.048611, 0.184028, 0.739583, 0.961806
 100.333333, 0.059801, 0.172757, 0.840532, 1.059801
 99.000000, 0.040404, 0.138047, 0.707071, 0.892256
 101.333333, 0.144737, 0.128289, 1.049342, 1.220395
 99.333333, 0.006711, 0.181208, 0.691275, 0.922819
 99.000000, 0.070707, 0.131313, 0.818182, 0.996633
 101.666667, 0.091803, 0.170492, 0.839344, 1.055738
 105.000000, 0.079365, 0.142857, 0.752381, 0.939683
 104.000000, 0.057692, 0.163462, 0.692308, 0.894231
 103.333333, 0.041935, 0.190323, 0.774194, 1.009677
 104.333333, 0.063898, 0.162939, 0.709265, 0.920128
23
 0.200000, 2.000000, 0.000000, 0.000000, 5.000000
 97.666667, 0.129693, 0.150171, 0.836177, 1.044369
 96.666667, 0.137931, 0.193103, 0.824138, 1.062069
 101.333333, 0.062500, 0.184211, 0.766447, 0.993421
 97.333333, 0.044521, 0.167808, 0.890411, 1.099315
 97.333333, 0.133562, 0.215753, 0.835616, 1.099315
 94.000000, 0.067376, 0.166667, 0.776596, 0.985816
 94.333333, 0.021201, 0.127208, 0.773852, 0.943463
 98.000000, 0.068027, 0.149660, 0.734694, 0.935374
 100.666667, 0.122517, 0.145695, 0.794702, 0.986755
 99.666667, 0.046823, 0.133779, 0.785953, 0.963211
 101.000000, 0.056106, 0.148515, 0.729373, 0.917492
 95.666667, 0.045296, 0.146341, 1.055749, 1.247387
 100.333333, 0.056478, 0.199336, 0.790698, 1.036545
 102.333333, 0.068404, 0.127036, 0.853420, 1.022801
 102.333333, 0.091205, 0.140065, 0.850163, 1.032573
 101.000000, 0.016502, 0.151815, 0.699670, 0.891089
 104.333333, 0.057508, 0.130990, 0.750799, 0.926518
 101.333333, 0.019737, 0.161184, 0.779605, 0.983553
 103.000000, 0.055016, 0.139159, 0.699029, 0.880259
24
 0.200000, 2.000000, 0.000000, 1.000000, 5.000000
 94.000000, 0.063830, 0.198582, 0.833333, 1.085106
 95.333333, 0.094406, 0.227273, 0.853147, 1.125874
 102.666667, 0.061688, 0.155844, 0.743506, 0.944805
 100.333333, 0.089701, 0.172757, 0.986711, 1.202658
 97.333333, 0.113014, 0.188356, 0.780822, 1.010274
 97.666667, 0.153584, 0.221843, 0.877133, 1.146758
 96.000000, 0.069444, 0.131944, 0.760417, 0.934028
 101.666667, 0.062295, 0.147541, 0.727869, 0.924590
 98.000000, 0.085034, 0.217687, 0.806122, 1.061224
 100.666667, 0.069536, 0.135762, 0.821192, 1.000000
 99.000000, 0.016835, 0.148148, 0.744108, 0.932660
 93.666667, 0.053381, 0.138790, 0.982206, 1.167260
 103.000000, 0.074434, 0.161812, 0.721683, 0.925566
 100.000000, 0.070000, 0.150000, 0.913333, 1.106667
 100.666667, 0.096026, 0.145695, 0.837748, 1.043046
 101.000000, 0.009901, 0.141914, 0.702970, 0.884488
 101.666667, 0.068852, 0.131148, 0.724590, 0.898361
 103.666667, 0.061093, 0.135048, 0.739550, 0.919614
 101.666667, 0.052459, 0.144262, 0.747541, 0.934426
25
 0.200000, 1.000000, 1.000000, 1.000000, 5.000000
 98.000000, 0.190476, 0.214286, 0.785714, 1.057823
 96.333333, 0.117647, 0.200692, 0.865052, 1.110727
 100.333333, 0.029900, 0.152824, 0.764120, 0.960133
 99.000000, 0.047138, 0.144781, 0.915825, 1.114478
 98.666667, 0.094595, 0.209459, 0.793919, 1.054054
 96.666667, 0.065517, 0.165517, 0.810345, 1.017241
 97.000000, 0.061856, 0.158076, 0.776632, 0.979381
 98.333333, 0.003390, 0.159322, 0.728814, 0.932203
 99.333333, 0.177852, 0.231544, 0.785235, 1.057047
 99.333333, 0.023490, 0.130872, 0.751678, 0.929530
 99.333333, 0.070470, 0.161074, 0.708054, 0.912752
 99.333333, 0.100671, 0.144295, 1.154362, 1.338926
 100.333333, 0.083056, 0.172757, 0.750831, 0.966777
 98.666667, 0.040541, 0.135135, 0.841216, 1.020270
 98.000000, 0.064626, 0.163265, 0.867347, 1.074830
 104.666667, 0.057325, 0.127389, 0.729299, 0.898089
 101.333333, 0.023026, 0.144737, 0.720395, 0.917763
 100.666667, 0.003311, 0.162252, 0.778146, 0.983444
 102.333333, 0.048860, 0.153094, 0.716612, 0.912052
26
 0.200000, 1.000000, 0.000000, 0.000000, 1.000000
 98.333333, 0.118644, 0.183051, 0.783051, 1.020339
 95.000000, 0.098246, 0.175439, 0.838596, 1.056140
 106.666667, 0.175000, 0.153125, 0.765625, 0.981250
 101.666667, 0.091803, 0.134426, 0.891803, 1.068852
 97.000000, 0.103093, 0.147766, 0.790378, 0.986254
 97.000000, 0.085911, 0.158076, 0.738832, 0.941581
 97.000000, 0.037801, 0.161512, 0.786942, 0.989691
 98.333333, 0.037288, 0.179661, 0.701695, 0.922034
 98.666667, 0.050676, 0.185811, 0.760135, 0.989865
 101.666667, 0.065574, 0.167213, 0.760656, 0.970492
 98.666667, 0.013514, 0.148649, 0.712838, 0.902027
 97.333333, 0.082192, 0.116438, 1.054795, 1.212329
 103.000000, 0.051780, 0.213592, 0.728155, 0.983819
 103.000000, 0.084142, 0.152104, 0.857605, 1.051780
 99.666667, 0.056856, 0.147157, 0.886288, 1.076923
 100.000000, 0.023333, 0.130000, 0.716667, 0.896667
 103.333333, 0.064516, 0.154839, 0.709677, 0.906452
 104.000000, 0.076923, 0.163462, 0.766026, 0.974359
 103.666667, 0.048232, 0.147910, 0.755627, 0.951768
27
 0.200000, 5.000000, 0.000000, 0.000000, 0.000000
 97.333333, 0.041096, 0.167808, 0.753425, 0.979452
 97.333333, 0.154110, 0.236301, 0.787671, 1.071918
 98.333333, 0.010169, 0.152542, 0.776271, 0.986441
 103.000000, 0.110032, 0.165049, 0.925566, 1.139159
 98.666667, 0.111486, 0.189189, 0.793919, 1.030405
 93.666667, 0.024911, 0.156584, 0.790036, 0.989324
 94.333333, 0.038869, 0.148410, 0.809187, 0.996466
 100.000000, 0.080000, 0.180000, 0.790000, 1.013333
 96.000000, 0.027778, 0.184028, 0.788194, 1.013889
 99.333333, 0.020134, 0.151007, 0.808725, 1.003356
 101.666667, 0.045902, 0.160656, 0.724590, 0.924590
 98.000000, 0.071429, 0.132653, 1.074830, 1.251701
 99.666667, 0.040134, 0.147157, 0.712375, 0.903010
 101.000000, 0.072607, 0.132013, 0.834983, 1.019802
 98.333333, 0.081356, 0.169492, 0.881356, 1.098305
 100.333333, 0.026578, 0.152824, 0.737542, 0.933555
 102.333333, 0.058632, 0.162866, 0.723127, 0.928339
 101.000000, 0.029703, 0.151815, 0.759076, 0.953795
 102.000000, 0.071895, 0.156863, 0.718954, 0.921569
28
 0.200000, 0.000000, 0.000000, 0.000000, 1.000000
 97.666667, 0.139932, 0.167235, 0.815700, 1.044369
 92.666667, 0.111511, 0.201439, 0.809353, 1.068345
 102.000000, 0.042484, 0.192810, 0.741830, 0.990196
 100.000000, 0.083333, 0.190000, 0.900000, 1.133333
 97.000000, 0.123711, 0.192440, 0.824742, 1.061856
 93.333333, 0.057143, 0.157143, 0.771429, 1.000000
 92.666667, 0.014388, 0.161871, 0.741007, 0.946043
 100.333333, 0.049834, 0.152824, 0.694352, 0.890365
 99.666667, 0.117057, 0.190635, 0.755853, 0.996656
 100.666667, 0.052980, 0.142384, 0.764901, 0.950331
 100.333333, 0.026578, 0.149502, 0.717608, 0.920266
 101.666667, 0.111475, 0.127869, 0.996721, 1.167213
 99.666667, 0.066890, 0.200669, 0.688963, 0.929766
 101.666667, 0.078689, 0.127869, 0.878689, 1.049180
 103.666667, 0.112540, 0.138264, 0.900322, 1.083601
 101.666667, 0.022951, 0.124590, 0.708197, 0.875410
 106.333333, 0.166144, 0.181818, 0.673981, 0.899687
 107.333333, 0.161491, 0.217391, 0.795031, 1.055901
 101.666667, 0.022951, 0.163934, 0.718033, 0.931148
29
 0.200000, 6.000000, 2.000000, 0.000000, 3.000000
 95.333333, 0.118881, 0.216783, 0.776224, 1.048951
 97.333333, 0.150685, 0.160959, 0.818493, 1.023973
 103.333333, 0.103226, 0.164516, 0.767742, 0.987097
 101.666667, 0.065574, 0.131148, 0.944262, 1.121311
 99.333333, 0.147651, 0.208054, 0.788591, 1.057047
 96.333333, 0.083045, 0.155709, 0.764706, 0.965398
 96.666667, 0.044828, 0.148276, 0.786207, 0.975862
 99.666667, 0.030100, 0.143813, 0.735786, 0.933110
 99.000000, 0.047138, 0.124579, 0.797980, 0.962963
 98.333333, 0.030508, 0.142373, 0.793220, 0.979661
 98.666667, 0.027027, 0.148649, 0.760135, 0.952703
 94.000000, 0.085106, 0.138298, 1.035461, 1.216312
 101.000000, 0.042904, 0.204620, 0.679868, 0.927393
 104.333333, 0.115016, 0.127796, 0.856230, 1.022364
 100.666667, 0.056291, 0.152318, 0.947020, 1.139073
 103.000000, 0.025890, 0.155340, 0.711974, 0.906149
 104.666667, 0.050955, 0.165605, 0.729299, 0.933121
 102.333333, 0.035831, 0.153094, 0.801303, 1.006515
 101.666667, 0.055738, 0.163934, 0.711475, 0.918033
30
 0.200000, 5.000000, 2.000000, 0.000000, 3.000000
 97.333333, 0.082192, 0.184932, 0.791096, 1.034247
 92.000000, 0.047101, 0.159420, 0.768116, 0.974638
 104.333333, 0.092652, 0.166134, 0.798722, 1.009585
 101.666667, 0.101639, 0.147541, 0.865574, 1.059016
 100.000000, 0.143333, 0.206667, 0.860000, 1.116667
 95.666667, 0.034843, 0.170732, 0.773519, 0.986063
 94.666667, 0.028169, 0.144366, 0.788732, 0.978873
 101.000000, 0.016502, 0.151815, 0.735974, 0.930693
 97.000000, 0.058419, 0.178694, 0.835052, 1.054983
 97.666667, 0.023891, 0.160410, 0.764505, 0.982935
 101.000000, 0.042904, 0.145215, 0.726073, 0.907591
 103.000000, 0.158576, 0.145631, 1.077670, 1.268608
 103.000000, 0.087379, 0.197411, 0.776699, 1.016181
 98.000000, 0.057823, 0.125850, 0.840136, 1.006803
 99.000000, 0.050505, 0.158249, 0.828283, 1.030303
 101.666667, 0.009836, 0.127869, 0.718033, 0.888525
 103.000000, 0.022654, 0.135922, 0.692557, 0.877023
 102.000000, 0.078431, 0.169935, 0.836601, 1.058824
 102.666667, 0.045455, 0.149351, 0.704545, 0.892857
31
 0.200000, 1.000000, 0.000000, 3.000000, 8.000000
 94.666667, 0.063380, 0.158451, 0.792254, 1.010563
 93.000000, 0.064516, 0.225806, 0.863799, 1.139785
 101.333333, 0.085526, 0.187500, 0.786184, 1.013158
 106.000000, 0.176101, 0.179245, 0.924528, 1.147799
 97.000000, 0.109966, 0.216495, 0.780069, 1.041237
 93.666667, 0.042705, 0.153025, 0.797153, 0.992883
 97.000000, 0.089347, 0.147766, 0.814433, 1.003436
 102.666667, 0.051948, 0.230519, 0.737013, 1.009740
 96.666667, 0.048276, 0.165517, 0.779310, 0.982759
 101.333333, 0.055921, 0.174342, 0.786184, 1.013158
 100.333333, 0.029900, 0.166113, 0.740864, 0.950166
 98.333333, 0.111864, 0.142373, 1.074576, 1.271186
 102.000000, 0.071895, 0.176471, 0.718954, 0.941176
 104.000000, 0.105769, 0.121795, 0.849359, 1.009615
 105.666667, 0.148265, 0.151420, 0.873817, 1.069401
 102.000000, 0.029412, 0.153595, 0.696078, 0.892157
 100.666667, 0.046358, 0.145695, 0.708609, 0.897351
 101.000000, 0.033003, 0.165017, 0.768977, 0.976898
 102.666667, 0.035714, 0.155844, 0.701299, 0.899351
Histogram
3 0 0 0 0 0 0 0 35 299 210 42 21 6 0 0 0 0 0 0 4 0 0 0 0 0 0 0 0 0 3 0 0 0 0 0 0 0 0 0 1 0 0 0 0 0 0 0 0 0 4 0 0 0 0 0 0 0 0 0 0 0 0 0 0 0 0 0 0 0 0 0 0 0 0 0 0 0 0 0 1 0 0 0 0 0 0 0 0 0 0 0 0 0 0 0 0 0 0 0 5 0 0 0 0 0 0 0 0 0 1 0 0 0 0 0 0 0 0 5 
Cache Miss Ratio
NaN
numOfSets
190676
numOfGets
0
numOfMultiGets
0
