20
0
 0.200000, 16.000000, 0.000000, 2.000000, 9.000000
 669.333333, 25.543327, 2.184263, 1.156375, 3.390438
 667.000000, 25.372314, 2.044978, 1.087456, 3.174913
 705.000000, 26.460993, 2.239243, 1.151300, 3.429787
 667.666667, 25.840240, 2.122816, 1.131802, 3.298552
 728.000000, 26.371795, 2.125458, 1.100275, 3.266941
 622.000000, 24.627546, 1.900322, 1.038049, 2.975884
 611.333333, 24.132497, 1.904035, 1.053980, 2.996183
 645.333333, 24.561983, 1.930785, 1.054752, 3.026343
 607.000000, 23.093904, 1.840198, 1.047776, 2.929160
 601.333333, 25.378049, 2.247228, 1.202882, 3.498337
 635.666667, 24.629785, 1.926586, 1.047195, 3.020451
 648.000000, 24.856481, 1.956790, 1.069959, 3.066358
 664.333333, 24.878073, 2.027597, 1.110386, 3.177622
 662.000000, 26.139476, 2.169184, 1.145519, 3.356999
 692.000000, 26.685934, 2.210983, 1.151734, 3.409441
 671.666667, 25.552854, 2.130521, 1.112159, 3.286849
 657.666667, 25.291941, 2.087177, 1.148505, 3.277243
 693.666667, 25.320038, 1.983662, 1.080730, 3.103316
 663.000000, 25.393162, 1.979889, 1.083962, 3.099548
1
 0.250000, 13.000000, 0.000000, 1.000000, 12.000000
 672.666667, 25.359267, 2.199207, 1.144202, 3.396928
 669.000000, 25.629297, 2.023418, 1.095665, 3.157947
 686.333333, 25.778048, 2.167557, 1.174356, 3.383196
 664.666667, 26.079238, 2.100802, 1.135908, 3.278335
 733.666667, 26.310768, 2.081327, 1.094502, 3.216265
 619.000000, 24.021002, 1.859451, 1.030695, 2.928379
 621.666667, 24.077212, 1.906166, 1.042359, 2.988204
 640.666667, 24.473985, 1.937045, 1.062955, 3.042664
 607.000000, 23.384404, 1.829764, 1.038440, 2.909940
 604.000000, 25.072296, 2.221302, 1.196468, 3.464680
 628.000000, 24.568471, 1.924628, 1.053609, 3.024416
 643.666667, 24.547385, 1.925427, 1.084930, 3.048162
 678.666667, 25.490177, 2.005894, 1.086444, 3.131631
 659.666667, 26.196564, 2.170793, 1.141486, 3.352198
 698.333333, 26.703103, 2.190931, 1.146539, 3.378998
 657.666667, 25.071465, 2.117081, 1.134313, 3.294475
 659.000000, 25.346990, 2.078402, 1.141123, 3.269095
 693.000000, 25.324675, 1.983165, 1.085137, 3.108225
 659.333333, 25.296259, 2.007078, 1.091001, 3.138018
2
 0.250000, 16.000000, 2.000000, 1.000000, 8.000000
 674.333333, 25.315373, 2.219970, 1.144340, 3.418685
 672.666667, 25.472745, 2.037166, 1.084737, 3.162042
 683.666667, 25.712823, 2.197952, 1.186738, 3.426621
 666.000000, 25.955455, 2.104605, 1.132633, 3.278278
 723.000000, 26.179806, 2.103734, 1.120793, 3.263716
 616.333333, 24.081125, 1.872363, 1.047593, 2.957274
 617.333333, 24.116091, 1.899028, 1.037257, 2.978942
 649.000000, 24.587571, 1.926040, 1.045198, 3.010272
 605.000000, 23.206061, 1.836915, 1.053994, 2.931129
 601.333333, 25.328160, 2.211197, 1.199557, 3.465078
 628.333333, 24.116711, 1.926790, 1.056233, 3.024934
 642.666667, 24.530083, 1.941390, 1.066390, 3.055498
 664.333333, 24.993477, 2.012042, 1.099348, 3.159558
 658.666667, 25.924089, 2.177126, 1.144737, 3.360324
 679.666667, 26.423737, 2.200098, 1.175576, 3.412457
 657.333333, 25.596349, 2.138945, 1.128296, 3.309838
 663.000000, 25.533937, 2.079437, 1.139266, 3.259427
 694.000000, 25.221422, 1.973583, 1.075889, 3.093660
 659.666667, 25.227893, 1.997979, 1.082870, 3.119252
3
 0.250000, 13.000000, 2.000000, 2.000000, 11.000000
 650.666667, 25.070697, 2.199795, 1.171107, 3.424180
 666.000000, 25.385886, 2.042042, 1.105105, 3.189189
 682.666667, 25.792480, 2.170410, 1.165527, 3.395508
 677.666667, 26.075750, 2.105755, 1.117560, 3.262666
 733.000000, 26.242838, 2.113688, 1.106867, 3.259209
 623.333333, 24.121390, 1.860428, 1.022995, 2.928877
 612.333333, 23.994012, 1.893849, 1.050626, 2.986391
 644.000000, 24.498447, 1.908385, 1.052277, 3.003623
 611.666667, 23.499728, 1.817984, 1.033787, 2.893188
 598.333333, 25.355989, 2.211142, 1.216156, 3.479666
 624.000000, 24.672543, 1.908654, 1.063034, 3.016026
 641.333333, 24.525468, 1.940748, 1.080561, 3.061331
 673.000000, 25.052501, 2.000495, 1.088162, 3.132244
 662.000000, 26.169688, 2.200906, 1.142497, 3.383686
 678.666667, 26.505403, 2.218075, 1.170923, 3.431238
 659.333333, 25.405460, 2.149141, 1.131446, 3.320526
 669.000000, 25.413054, 2.099153, 1.129048, 3.269557
 696.666667, 25.496172, 1.982297, 1.078947, 3.104785
 658.666667, 25.225709, 1.984818, 1.084008, 3.111842
4
 0.250000, 13.000000, 2.000000, 2.000000, 11.000000
 673.000000, 25.571570, 2.184250, 1.138187, 3.374443
 669.000000, 25.484803, 2.042352, 1.084704, 3.166916
 682.333333, 25.901808, 2.208109, 1.178798, 3.438691
 649.000000, 25.338983, 2.098100, 1.159219, 3.305085
 732.666667, 26.364422, 2.101911, 1.102821, 3.246133
 618.333333, 24.157412, 1.856604, 1.039353, 2.934232
 613.666667, 23.973384, 1.895709, 1.048343, 2.982075
 637.000000, 24.271062, 1.928833, 1.066981, 3.038723
 601.333333, 23.227827, 1.824279, 1.062084, 2.924612
 606.666667, 25.767033, 2.242308, 1.201648, 3.500000
 631.000000, 24.559429, 1.924987, 1.051241, 3.014263
 646.000000, 24.746646, 1.946336, 1.080495, 3.067079
 676.666667, 25.365517, 2.010345, 1.088177, 3.135468
 656.666667, 26.023350, 2.158376, 1.150254, 3.346193
 682.000000, 26.708700, 2.208211, 1.167644, 3.419355
 664.666667, 25.172016, 2.128385, 1.122367, 3.296389
 668.333333, 25.045885, 2.080299, 1.130673, 3.252369
 695.333333, 25.162033, 1.998562, 1.078140, 3.114573
 660.000000, 24.990909, 1.989394, 1.074242, 3.102020
5
 0.200000, 13.000000, 5.000000, 3.000000, 22.000000
 675.333333, 25.499506, 2.193978, 1.145114, 3.391905
 669.000000, 25.549078, 2.026906, 1.097160, 3.165919
 690.666667, 25.978764, 2.194015, 1.152027, 3.404440
 661.333333, 25.457157, 2.100806, 1.142137, 3.284778
 716.333333, 26.187994, 2.104700, 1.125174, 3.273150
 617.333333, 24.032397, 1.878510, 1.036717, 2.957883
 619.000000, 24.313409, 1.905762, 1.042542, 2.986537
 647.666667, 24.388060, 1.937725, 1.046835, 3.022645
 607.666667, 23.164564, 1.827208, 1.037850, 2.904553
 582.666667, 25.192792, 2.202517, 1.229405, 3.485698
 629.666667, 24.521440, 1.915299, 1.069349, 3.023822
 645.666667, 24.672690, 1.924109, 1.070728, 3.036138
 671.666667, 25.317122, 2.027792, 1.102730, 3.170223
 665.333333, 26.065631, 2.177355, 1.146794, 3.362224
 695.333333, 26.584851, 2.212848, 1.149089, 3.402205
 659.000000, 25.285787, 2.115326, 1.136571, 3.293374
 672.000000, 25.378968, 2.092262, 1.115575, 3.251488
 698.333333, 25.153222, 2.001432, 1.073031, 3.113126
 667.000000, 25.696652, 1.984008, 1.071964, 3.099450
6
 0.200000, 11.000000, 6.000000, 3.000000, 23.000000
 665.666667, 25.314472, 2.174762, 1.152729, 3.377066
 664.666667, 25.274323, 2.014042, 1.090271, 3.151956
 676.666667, 25.880296, 2.181773, 1.189655, 3.418227
 659.333333, 25.554601, 2.105157, 1.137513, 3.288675
 726.666667, 26.133945, 2.089908, 1.113303, 3.246789
 624.000000, 24.330128, 1.880876, 1.026709, 2.948184
 610.000000, 23.802732, 1.913661, 1.052459, 3.007104
 645.666667, 24.623129, 1.948374, 1.056273, 3.045431
 604.000000, 23.050773, 1.825055, 1.051325, 2.914459
 596.333333, 25.084964, 2.233091, 1.215204, 3.500279
 629.666667, 24.655903, 1.942827, 1.056114, 3.042350
 649.666667, 24.569523, 1.927655, 1.070806, 3.037968
 672.666667, 25.496531, 2.021308, 1.090188, 3.157582
 658.000000, 25.896657, 2.171226, 1.148430, 3.362715
 682.333333, 26.280899, 2.225208, 1.173913, 3.437225
 667.333333, 25.503996, 2.110390, 1.115385, 3.269231
 665.333333, 25.400301, 2.075150, 1.126754, 3.246994
 697.333333, 25.250956, 1.981358, 1.075526, 3.093690
 661.000000, 25.157842, 1.982350, 1.086233, 3.111952
7
 0.200000, 10.000000, 6.000000, 0.000000, 23.000000
 666.000000, 25.711211, 2.181181, 1.155155, 3.393393
 660.666667, 25.405651, 2.033804, 1.098890, 3.178607
 690.333333, 26.253984, 2.226944, 1.178175, 3.442781
 660.000000, 25.685354, 2.099495, 1.142424, 3.284848
 727.333333, 26.329056, 2.095325, 1.104033, 3.242438
 629.000000, 24.113408, 1.863275, 1.029677, 2.933227
 617.666667, 24.189423, 1.899083, 1.043713, 2.980032
 644.666667, 24.331954, 1.951396, 1.051706, 3.046536
 610.666667, 23.266921, 1.822052, 1.038210, 2.903384
 608.000000, 25.321820, 2.242873, 1.192434, 3.483004
 628.000000, 24.294055, 1.918259, 1.053079, 3.015393
 653.000000, 24.662583, 1.955079, 1.065850, 3.058193
 677.333333, 25.595965, 2.012303, 1.093996, 3.146161
 657.333333, 25.846856, 2.168864, 1.137424, 3.348884
 684.333333, 26.209937, 2.210911, 1.166585, 3.421335
 661.333333, 25.479839, 2.108367, 1.134073, 3.281250
 659.333333, 25.407988, 2.093023, 1.146107, 3.282103
 693.333333, 25.340385, 1.982212, 1.078846, 3.100000
 668.333333, 25.132170, 1.992020, 1.072818, 3.103242
8
 0.200000, 10.000000, 7.000000, 0.000000, 22.000000
 674.666667, 25.794466, 2.204051, 1.137846, 3.394269
 676.666667, 25.603448, 2.032512, 1.075862, 3.150246
 693.333333, 26.273558, 2.176442, 1.166346, 3.389423
 659.666667, 25.797878, 2.117736, 1.149570, 3.305205
 733.000000, 26.333333, 2.110050, 1.100500, 3.252387
 627.666667, 24.373871, 1.874668, 1.020181, 2.936272
 615.333333, 24.144637, 1.906826, 1.047671, 2.991874
 638.333333, 24.334726, 1.942559, 1.070496, 3.055352
 609.666667, 23.174959, 1.820667, 1.033898, 2.895025
 612.666667, 26.014690, 2.235582, 1.185528, 3.474429
 622.333333, 24.612212, 1.910016, 1.067488, 3.018211
 654.333333, 24.920020, 1.955680, 1.064697, 3.059603
 669.666667, 24.850672, 2.004480, 1.101543, 3.144848
 657.000000, 25.832065, 2.177575, 1.142567, 3.362253
 691.666667, 26.479518, 2.195663, 1.151325, 3.388434
 662.000000, 25.502014, 2.094159, 1.131420, 3.269386
 666.666667, 25.372000, 2.077500, 1.133000, 3.253000
 692.333333, 25.386615, 1.983149, 1.079923, 3.103515
 666.000000, 25.503504, 1.990991, 1.074074, 3.104605
9
 0.250000, 12.000000, 7.000000, 0.000000, 21.000000
 664.333333, 25.334170, 2.181134, 1.151530, 3.389865
 674.000000, 25.576657, 2.043521, 1.083581, 3.169634
 689.666667, 26.141131, 2.218463, 1.171097, 3.429676
 661.000000, 25.912254, 2.091780, 1.143722, 3.274836
 723.666667, 26.175956, 2.106863, 1.116997, 3.263012
 622.666667, 24.341006, 1.866702, 1.021949, 2.934154
 608.333333, 24.082192, 1.913973, 1.030137, 2.995616
 641.000000, 24.784191, 1.933437, 1.060842, 3.039002
 609.333333, 23.375821, 1.838621, 1.045405, 2.927243
 618.666667, 25.492457, 2.212284, 1.179418, 3.440194
 626.000000, 24.444622, 1.915335, 1.064430, 3.019702
 647.666667, 24.815234, 1.928976, 1.072568, 3.041173
 672.333333, 25.349033, 2.019831, 1.092712, 3.155677
 665.666667, 26.122183, 2.192288, 1.133701, 3.363045
 686.000000, 26.414966, 2.209913, 1.164723, 3.412536
 657.666667, 25.288900, 2.119108, 1.134820, 3.291941
 668.000000, 25.514471, 2.091317, 1.134731, 3.263972
 689.333333, 24.937137, 1.972437, 1.088008, 3.098646
 661.333333, 25.151714, 1.990927, 1.085181, 3.114919
10
 0.250000, 12.000000, 7.000000, 0.000000, 21.000000
 677.666667, 25.615347, 2.212986, 1.147565, 3.406788
 667.333333, 25.470030, 2.007493, 1.092907, 3.144356
 684.000000, 26.214912, 2.192008, 1.175439, 3.419103
 667.333333, 25.844156, 2.099900, 1.131369, 3.273726
 729.000000, 26.356196, 2.105167, 1.108825, 3.253772
 625.000000, 24.277867, 1.886933, 1.034667, 2.960000
 618.333333, 24.385984, 1.914825, 1.045283, 3.000000
 652.333333, 24.722534, 1.923352, 1.038835, 3.002555
 611.666667, 23.255041, 1.835967, 1.038692, 2.915531
 601.333333, 25.196785, 2.242239, 1.211197, 3.498337
 626.333333, 24.518893, 1.908462, 1.064928, 3.012773
 645.000000, 24.527649, 1.946253, 1.075969, 3.062532
 667.666667, 25.003495, 2.029955, 1.109835, 3.176735
 661.333333, 25.989415, 2.191532, 1.127520, 3.365927
 679.333333, 26.282630, 2.230618, 1.175662, 3.450932
 674.333333, 25.668314, 2.127039, 1.100346, 3.272368
 663.666667, 25.108990, 2.100452, 1.129081, 3.268709
 686.000000, 25.142371, 1.981535, 1.092809, 3.117590
 669.666667, 25.338477, 1.987058, 1.075660, 3.103534
11
 0.200000, 7.000000, 7.000000, 12.000000, 26.000000
 677.333333, 25.899606, 2.219980, 1.151083, 3.418799
 668.000000, 25.303892, 2.043912, 1.092814, 3.181138
 673.333333, 25.878713, 2.180693, 1.196535, 3.423267
 663.000000, 25.603821, 2.119658, 1.137758, 3.302162
 730.333333, 26.149247, 2.104975, 1.106801, 3.256504
 627.000000, 24.379585, 1.900585, 1.029240, 2.972887
 612.000000, 24.121460, 1.895425, 1.049564, 2.981481
 642.333333, 24.548002, 1.935132, 1.055008, 3.028542
 603.666667, 23.371066, 1.836002, 1.054666, 2.928216
 604.666667, 25.498897, 2.210033, 1.195700, 3.454245
 624.000000, 24.368590, 1.894231, 1.071581, 3.004274
 647.000000, 24.676971, 1.948480, 1.069037, 3.055641
 671.000000, 25.189270, 2.009439, 1.095877, 3.150025
 664.333333, 26.091320, 2.143502, 1.133969, 3.319117
 688.666667, 26.941433, 2.199419, 1.151985, 3.396418
 662.333333, 25.460996, 2.130347, 1.116759, 3.296427
 663.000000, 25.142283, 2.108597, 1.134741, 3.281549
 705.333333, 25.429584, 1.986295, 1.068526, 3.094045
 668.000000, 25.542914, 2.001497, 1.073852, 3.118762
12
 0.200000, 6.000000, 9.000000, 4.000000, 27.000000
 667.666667, 25.380929, 2.193709, 1.163255, 3.400899
 663.666667, 25.307383, 2.043194, 1.093420, 3.182320
 692.333333, 26.466538, 2.230140, 1.165142, 3.439576
 660.333333, 25.602726, 2.104997, 1.143867, 3.289248
 721.000000, 26.134535, 2.096625, 1.123440, 3.257513
 621.000000, 23.971551, 1.876543, 1.030059, 2.946860
 612.000000, 24.005447, 1.874183, 1.040850, 2.961874
 641.666667, 24.318961, 1.917922, 1.050909, 3.012468
 615.333333, 23.676056, 1.841820, 1.028711, 2.910618
 605.333333, 25.087004, 2.237335, 1.202093, 3.490088
 629.666667, 24.635257, 1.893065, 1.050821, 2.985707
 647.000000, 25.093251, 1.945389, 1.077280, 3.064915
 670.000000, 25.033831, 2.001990, 1.094030, 3.138806
 663.000000, 26.029160, 2.174460, 1.146807, 3.359980
 697.333333, 26.734704, 2.234704, 1.148662, 3.423040
 650.333333, 25.219375, 2.122501, 1.136340, 3.301384
 671.333333, 25.460278, 2.072989, 1.126117, 3.238828
 693.333333, 25.386538, 1.988462, 1.086538, 3.113942
 661.666667, 25.460957, 1.996977, 1.069018, 3.108312
13
 0.200000, 0.000000, 9.000000, 4.000000, 29.000000
 674.000000, 25.247280, 2.170129, 1.145895, 3.363007
 661.666667, 25.454408, 2.036272, 1.103275, 3.179849
 692.333333, 25.990852, 2.195474, 1.163698, 3.400578
 661.666667, 25.784383, 2.121411, 1.137531, 3.299244
 730.000000, 26.266210, 2.104566, 1.104110, 3.252968
 626.333333, 24.360830, 1.878659, 1.020756, 2.938265
 611.666667, 24.045232, 1.913351, 1.044687, 2.996185
 629.333333, 24.090042, 1.927436, 1.076271, 3.051377
 610.666667, 23.313865, 1.838428, 1.046943, 2.927402
 609.666667, 25.657736, 2.246583, 1.197376, 3.489338
 625.333333, 24.463220, 1.916844, 1.061834, 3.020256
 638.333333, 24.792167, 1.932637, 1.070496, 3.046997
 680.333333, 25.236649, 2.005879, 1.086722, 3.130818
 665.333333, 26.008016, 2.161323, 1.143287, 3.340180
 683.000000, 26.520254, 2.211811, 1.172767, 3.424597
 664.666667, 25.289870, 2.123370, 1.124875, 3.290371
 662.666667, 25.465795, 2.072938, 1.135312, 3.247988
 698.333333, 25.545585, 1.995704, 1.072554, 3.105012
 663.000000, 25.293112, 1.997486, 1.082956, 3.118653
14
 0.250000, 6.000000, 20.000000, 1.000000, 26.000000
 672.666667, 25.210109, 2.195243, 1.145193, 3.396432
 673.666667, 25.265710, 2.036121, 1.090549, 3.167244
 692.333333, 26.024073, 2.204141, 1.163698, 3.411170
 665.333333, 25.718938, 2.103206, 1.131764, 3.276052
 726.666667, 26.156422, 2.123394, 1.112385, 3.277982
 620.000000, 24.135484, 1.900000, 1.037634, 2.977957
 613.666667, 24.137425, 1.895709, 1.037480, 2.969582
 641.666667, 24.490909, 1.970390, 1.060779, 3.072727
 600.666667, 23.262486, 1.810211, 1.051054, 2.902331
 597.666667, 25.287786, 2.229782, 1.205243, 3.488567
 627.000000, 24.436470, 1.905369, 1.049442, 3.002658
 650.666667, 24.703893, 1.942111, 1.073770, 3.053279
 677.666667, 25.575012, 2.027054, 1.097885, 3.162814
 657.000000, 25.941654, 2.148148, 1.152207, 3.339929
 680.000000, 26.619608, 2.171569, 1.168627, 3.387255
 675.000000, 25.502716, 2.137778, 1.106667, 3.285926
 653.666667, 25.192249, 2.101989, 1.164712, 3.306986
 697.333333, 25.228011, 1.983748, 1.072658, 3.100860
 661.000000, 25.591528, 1.991931, 1.083207, 3.113464
15
 0.250000, 6.000000, 20.000000, 4.000000, 27.000000
 670.333333, 25.499751, 2.192939, 1.164097, 3.399304
 668.000000, 25.778443, 2.032934, 1.093313, 3.168663
 674.666667, 25.667490, 2.184289, 1.189723, 3.416502
 661.000000, 25.662128, 2.118507, 1.139183, 3.303580
 735.666667, 26.448573, 2.093339, 1.101042, 3.234708
 623.666667, 24.037948, 1.876537, 1.025655, 2.943346
 612.000000, 23.938453, 1.892702, 1.057734, 2.991830
 633.000000, 24.298578, 1.917852, 1.064771, 3.029489
 618.333333, 23.590836, 1.844205, 1.022642, 2.907817
 602.666667, 25.298119, 2.225664, 1.209624, 3.486726
 627.333333, 24.472370, 1.914453, 1.062699, 3.017003
 653.000000, 25.029607, 1.936702, 1.057172, 3.033180
 672.000000, 24.923115, 2.012897, 1.094742, 3.151290
 666.000000, 26.004004, 2.173674, 1.133133, 3.352352
 685.666667, 26.378221, 2.197375, 1.167720, 3.403014
 657.666667, 25.488089, 2.093259, 1.134820, 3.266092
 661.666667, 25.207053, 2.054912, 1.130982, 3.232242
 691.666667, 25.192289, 1.974458, 1.083373, 3.094458
 657.666667, 25.439939, 1.983781, 1.078561, 3.106944
Histogram
0 0 0 0 0 0 0 0 0 0 0 0 0 0 0 0 0 0 0 0 0 0 0 0 0 0 0 0 2 45 56 57 56 42 44 2 0 0 0 0 0 0 0 0 0 0 0 0 0 0 0 0 0 0 0 0 0 0 0 0 0 0 0 0 0 0 0 0 0 0 0 0 0 0 0 0 0 0 0 0 1 0 0 0 0 0 0 0 0 0 1 0 0 0 0 0 0 0 0 0 0 0 0 0 0 0 0 0 0 0 2 0 0 0 0 0 0 0 0 12 
Cache Miss Ratio
NaN
numOfSets
629892
numOfGets
0
numOfMultiGets
0
