20
0
 0.250000, 2.000000, 0.000000, 6.000000, 17.000000
 521.333333, 4.659207, 0.611893, 1.159847, 1.829923
 595.333333, 4.334826, 0.500560, 1.032475, 1.580627
 558.000000, 4.077658, 0.464158, 0.997013, 1.504779
 563.333333, 3.808284, 0.479290, 1.044379, 1.560355
 575.666667, 4.271569, 0.494499, 0.962942, 1.498552
 560.666667, 4.293103, 0.468490, 0.975030, 1.486326
 537.333333, 4.462779, 0.483871, 0.971464, 1.493176
 587.000000, 4.471891, 0.448041, 0.943214, 1.432141
 589.333333, 4.428167, 0.479072, 1.016968, 1.535633
 585.000000, 4.451282, 0.479772, 1.009117, 1.533903
 577.333333, 3.772517, 0.449769, 1.092956, 1.585450
 589.000000, 3.896435, 0.460102, 1.126769, 1.628749
 603.666667, 3.837107, 0.483711, 1.070679, 1.594699
 607.666667, 4.223807, 0.430060, 0.974767, 1.447065
 588.333333, 4.164306, 0.469688, 0.986402, 1.494051
 590.666667, 4.619074, 0.470655, 1.010722, 1.522009
 617.333333, 4.271058, 0.447624, 0.927106, 1.416847
 628.333333, 3.792042, 0.440849, 0.930504, 1.407958
 640.000000, 4.218229, 0.428125, 0.916146, 1.380208
1
 0.250000, 0.000000, 0.000000, 5.000000, 15.000000
 539.333333, 4.944994, 0.619283, 1.118047, 1.797281
 591.000000, 4.426960, 0.480541, 1.027637, 1.562888
 552.333333, 4.006035, 0.471937, 0.992758, 1.509354
 557.333333, 3.500000, 0.470694, 1.062799, 1.571770
 578.333333, 4.301441, 0.487608, 0.941787, 1.476081
 562.333333, 4.110255, 0.473622, 0.985774, 1.500889
 528.333333, 4.283912, 0.480126, 0.984227, 1.503470
 582.666667, 4.300343, 0.454233, 0.965103, 1.455378
 596.000000, 4.574944, 0.468680, 1.003915, 1.513982
 577.000000, 4.408434, 0.473137, 1.027730, 1.540150
 582.666667, 3.868993, 0.467963, 1.085812, 1.593822
 580.333333, 3.671453, 0.468696, 1.124641, 1.632970
 594.666667, 3.848655, 0.465807, 1.098655, 1.604260
 604.666667, 4.087652, 0.455347, 0.979052, 1.474642
 582.666667, 4.201945, 0.475973, 0.997712, 1.512586
 582.333333, 3.991414, 0.481969, 1.024614, 1.548369
 605.000000, 4.095868, 0.446281, 0.947658, 1.434160
 625.000000, 4.154133, 0.422400, 0.934933, 1.400000
 637.333333, 4.187238, 0.426255, 0.914749, 1.378661
2
 0.250000, 0.000000, 0.000000, 3.000000, 13.000000
 548.000000, 4.883212, 0.641119, 1.103406, 1.806569
 599.333333, 4.526696, 0.492214, 1.014461, 1.553393
 551.000000, 4.045372, 0.477314, 1.019964, 1.536600
 566.000000, 3.759128, 0.468198, 1.058304, 1.563604
 576.666667, 4.243353, 0.478035, 0.945665, 1.463584
 558.333333, 4.152836, 0.462687, 0.991642, 1.499104
 534.000000, 4.252185, 0.479401, 0.971910, 1.490637
 585.666667, 4.400114, 0.458167, 0.948776, 1.445646
 595.666667, 4.412983, 0.458310, 1.010073, 1.506995
 581.666667, 4.451003, 0.483668, 1.025215, 1.547278
 576.666667, 4.108671, 0.468786, 1.079191, 1.586705
 589.333333, 3.913462, 0.463801, 1.137443, 1.641403
 596.333333, 3.820011, 0.460593, 1.075461, 1.574064
 606.333333, 4.107202, 0.439802, 0.980759, 1.458494
 584.000000, 4.118721, 0.480594, 0.989726, 1.506279
 584.333333, 4.097547, 0.474615, 1.027952, 1.541928
 606.666667, 4.092308, 0.423077, 0.928571, 1.391209
 631.000000, 4.027998, 0.426307, 0.924987, 1.394083
 641.333333, 4.149688, 0.417360, 0.917360, 1.372141
3
 0.250000, 1.000000, 0.000000, 4.000000, 13.000000
 550.333333, 5.209570, 0.644458, 1.118716, 1.827983
 595.666667, 4.527700, 0.480694, 1.006156, 1.545607
 559.000000, 4.047704, 0.474061, 0.989267, 1.503280
 561.666667, 3.662908, 0.472997, 1.046291, 1.559050
 576.000000, 4.096065, 0.491319, 0.956019, 1.486111
 556.666667, 4.246707, 0.473054, 0.996407, 1.513772
 532.333333, 4.365059, 0.488416, 0.974953, 1.504696
 593.333333, 4.525843, 0.448876, 0.947753, 1.433146
 596.666667, 4.443017, 0.442458, 1.013408, 1.494972
 589.000000, 4.615733, 0.494058, 1.008489, 1.541030
 581.666667, 3.863610, 0.469914, 1.080802, 1.587393
 588.333333, 3.895751, 0.475921, 1.124079, 1.639093
 595.000000, 3.800560, 0.450420, 1.098599, 1.588235
 605.333333, 4.200991, 0.445485, 0.971366, 1.455396
 587.333333, 4.182179, 0.474461, 0.994892, 1.505675
 586.666667, 4.381250, 0.460795, 1.024432, 1.522727
 614.666667, 4.182755, 0.438178, 0.933839, 1.410521
 632.000000, 4.059072, 0.420359, 0.928270, 1.389241
 635.000000, 4.146457, 0.415223, 0.917585, 1.371129
4
 0.250000, 1.000000, 0.000000, 3.000000, 12.000000
 535.000000, 5.178816, 0.613084, 1.127726, 1.795639
 597.000000, 4.477387, 0.493021, 1.032942, 1.572306
 552.666667, 4.178528, 0.466828, 0.996984, 1.503016
 561.333333, 3.798694, 0.484561, 1.038599, 1.561758
 573.000000, 4.088424, 0.492147, 0.961024, 1.490983
 554.000000, 4.172082, 0.477136, 1.001805, 1.519856
 534.000000, 4.251561, 0.486891, 0.977528, 1.501873
 586.333333, 4.014213, 0.467311, 0.952814, 1.457646
 586.666667, 4.291477, 0.465341, 1.023295, 1.530114
 584.333333, 4.321734, 0.464917, 1.003993, 1.505990
 592.666667, 4.136108, 0.489876, 1.074803, 1.603487
 572.666667, 3.563446, 0.459837, 1.144936, 1.643190
 590.333333, 3.811406, 0.440429, 1.080745, 1.558442
 603.666667, 4.219768, 0.442297, 0.970734, 1.450028
 595.333333, 4.173572, 0.480403, 0.984882, 1.502800
 593.333333, 4.311798, 0.468539, 1.008427, 1.519101
 610.000000, 4.149727, 0.444262, 0.931148, 1.420765
 627.666667, 3.875730, 0.422199, 0.927244, 1.389272
 639.000000, 4.154930, 0.420970, 0.904017, 1.363589
5
 0.250000, 0.000000, 1.000000, 1.000000, 11.000000
 546.333333, 5.093960, 0.650397, 1.112874, 1.813301
 596.333333, 4.327557, 0.480157, 1.019005, 1.551705
 555.000000, 4.043844, 0.452252, 0.989189, 1.479880
 554.333333, 3.792544, 0.470235, 1.040890, 1.552014
 568.666667, 3.968933, 0.491794, 0.964244, 1.495311
 556.333333, 4.158778, 0.479329, 0.990413, 1.509287
 526.333333, 4.039899, 0.486384, 0.979101, 1.507283
 577.666667, 4.279862, 0.453549, 0.953837, 1.449510
 597.000000, 4.359576, 0.465662, 1.012284, 1.517030
 591.333333, 4.649944, 0.481962, 0.999436, 1.520857
 581.000000, 3.711417, 0.468732, 1.074584, 1.579461
 586.333333, 3.757817, 0.457646, 1.127345, 1.622513
 591.000000, 3.710096, 0.452341, 1.090807, 1.579808
 608.333333, 4.244384, 0.439452, 0.973151, 1.450959
 591.000000, 4.364918, 0.486746, 0.985336, 1.510998
 590.000000, 4.388136, 0.474011, 1.013559, 1.527119
 611.000000, 4.244408, 0.443535, 0.933442, 1.416258
 625.666667, 4.113479, 0.444859, 0.925946, 1.409164
 641.666667, 4.224935, 0.429091, 0.912208, 1.378182
6
 0.250000, 2.000000, 1.000000, 2.000000, 12.000000
 538.000000, 4.970880, 0.609665, 1.131351, 1.798637
 601.666667, 4.580609, 0.490305, 1.025485, 1.561773
 558.000000, 4.140382, 0.468339, 0.994624, 1.502987
 569.333333, 3.830796, 0.461358, 1.035714, 1.533958
 577.666667, 4.321408, 0.476053, 0.949221, 1.467398
 553.000000, 4.190476, 0.482821, 0.989150, 1.511151
 526.000000, 4.275032, 0.478454, 0.984791, 1.505703
 591.666667, 4.616338, 0.451831, 0.950423, 1.440563
 595.666667, 4.460548, 0.479575, 1.011192, 1.531617
 580.333333, 4.376795, 0.466399, 1.009190, 1.513498
 580.000000, 3.905172, 0.454598, 1.075862, 1.570690
 584.333333, 3.823160, 0.454079, 1.116372, 1.608671
 595.666667, 3.960828, 0.475658, 1.091214, 1.603246
 599.666667, 4.097276, 0.444136, 0.967204, 1.452474
 583.666667, 4.039406, 0.465448, 0.973158, 1.479726
 587.000000, 4.342419, 0.471323, 1.019307, 1.534923
 610.666667, 4.124454, 0.444869, 0.943231, 1.430677
 632.000000, 4.214135, 0.439346, 0.921414, 1.401371
 645.666667, 4.406298, 0.408880, 0.895199, 1.347445
7
 0.250000, 1.000000, 0.000000, 1.000000, 8.000000
 551.666667, 5.067674, 0.624773, 1.093656, 1.796375
 596.000000, 4.432886, 0.497204, 1.038591, 1.578300
 554.333333, 4.158148, 0.455201, 0.990379, 1.486470
 562.666667, 3.959716, 0.487559, 1.039692, 1.563981
 579.000000, 4.229131, 0.493955, 0.960852, 1.494531
 558.333333, 4.207761, 0.485373, 0.989254, 1.516418
 529.666667, 4.392070, 0.471995, 0.971051, 1.480176
 593.333333, 4.627528, 0.448315, 0.944382, 1.432022
 594.000000, 4.493266, 0.487654, 1.009540, 1.535354
 587.000000, 4.490630, 0.473027, 1.003975, 1.519591
 582.666667, 3.904462, 0.453089, 1.082380, 1.573799
 582.666667, 3.745995, 0.459954, 1.132151, 1.628146
 591.333333, 3.755919, 0.439684, 1.099775, 1.577790
 605.000000, 4.142700, 0.439669, 0.968595, 1.450689
 587.000000, 4.168654, 0.478705, 0.972743, 1.491198
 586.000000, 4.271331, 0.463026, 1.017634, 1.522753
 605.666667, 3.956522, 0.436434, 0.953770, 1.429829
 621.666667, 3.894370, 0.425201, 0.933512, 1.397855
 636.333333, 4.103195, 0.410162, 0.906234, 1.359350
8
 0.250000, 0.000000, 4.000000, 0.000000, 9.000000
 537.666667, 4.858648, 0.645381, 1.122133, 1.815871
 606.666667, 4.660440, 0.515385, 1.014835, 1.575824
 554.000000, 3.995187, 0.475933, 0.986763, 1.502407
 558.333333, 3.932537, 0.487761, 1.044776, 1.572537
 579.333333, 4.376870, 0.487342, 0.967779, 1.495972
 559.333333, 4.270560, 0.463647, 0.985697, 1.488677
 535.666667, 4.591786, 0.479154, 0.963286, 1.480398
 589.666667, 4.533070, 0.438666, 0.942340, 1.419446
 592.000000, 4.494369, 0.467342, 1.027590, 1.533784
 585.333333, 4.671412, 0.466401, 1.011959, 1.518223
 583.333333, 4.071429, 0.446286, 1.079429, 1.564571
 586.000000, 3.947668, 0.468146, 1.125711, 1.630262
 596.333333, 3.806596, 0.476803, 1.075461, 1.591392
 610.000000, 4.132787, 0.453552, 0.976503, 1.468306
 590.000000, 4.269492, 0.473446, 0.987571, 1.498870
 587.333333, 4.296822, 0.465380, 1.019864, 1.526107
 613.666667, 4.122216, 0.440521, 0.935361, 1.414449
 632.000000, 4.077532, 0.414030, 0.926688, 1.380274
 639.666667, 4.316311, 0.411152, 0.909328, 1.359041
9
 0.250000, 0.000000, 1.000000, 1.000000, 4.000000
 547.666667, 4.883749, 0.656117, 1.115642, 1.824711
 594.000000, 4.498878, 0.501122, 1.031987, 1.586420
 551.333333, 4.017533, 0.468561, 0.990931, 1.503628
 550.666667, 3.606538, 0.471550, 1.045400, 1.562349
 581.333333, 4.414564, 0.475344, 0.943807, 1.460436
 560.666667, 4.209869, 0.464328, 0.984542, 1.489298
 536.333333, 4.308266, 0.480423, 0.973275, 1.494096
 583.666667, 4.344946, 0.459166, 0.949743, 1.448886
 590.666667, 4.446953, 0.481941, 1.015237, 1.533860
 582.666667, 4.513158, 0.485126, 1.024027, 1.547483
 589.000000, 3.818902, 0.466893, 1.069044, 1.573288
 583.666667, 3.813250, 0.469446, 1.129069, 1.635066
 601.000000, 3.790904, 0.434276, 1.067665, 1.544093
 601.666667, 4.108587, 0.444875, 0.978947, 1.463158
 591.333333, 4.237880, 0.483089, 0.980834, 1.505073
 583.666667, 4.274129, 0.476870, 1.024557, 1.544832
 612.000000, 4.071351, 0.449346, 0.938998, 1.429739
 627.000000, 3.926103, 0.451887, 0.936736, 1.433280
 641.333333, 4.243763, 0.417360, 0.911642, 1.372661
10
 0.250000, 0.000000, 1.000000, 1.000000, 6.000000
 531.000000, 4.778406, 0.615191, 1.137476, 1.816070
 596.000000, 4.395973, 0.510067, 1.036353, 1.595638
 556.000000, 3.883094, 0.474820, 1.006595, 1.520983
 566.333333, 3.770453, 0.472631, 1.040612, 1.550912
 581.000000, 4.456684, 0.493402, 0.944349, 1.478485
 556.333333, 4.065908, 0.481726, 0.992211, 1.516477
 534.333333, 4.431691, 0.482845, 0.974423, 1.495321
 586.333333, 4.259238, 0.450256, 0.942013, 1.436612
 597.666667, 4.659788, 0.455103, 1.007808, 1.505856
 580.000000, 4.451724, 0.497701, 1.020690, 1.558046
 587.333333, 3.833712, 0.443814, 1.074915, 1.560726
 581.666667, 3.642407, 0.453295, 1.119771, 1.609742
 592.000000, 3.792793, 0.447072, 1.088964, 1.572635
 604.000000, 4.151766, 0.455298, 0.968543, 1.461369
 588.000000, 4.171202, 0.490363, 0.988662, 1.519841
 593.333333, 4.377528, 0.474719, 1.017416, 1.532584
 604.666667, 4.067255, 0.437155, 0.934399, 1.414002
 627.666667, 4.127456, 0.421136, 0.927244, 1.385555
 639.666667, 4.220427, 0.420532, 0.911933, 1.372069
11
 0.250000, 0.000000, 1.000000, 1.000000, 6.000000
 552.333333, 5.068196, 0.690404, 1.103199, 1.845504
 593.333333, 4.558989, 0.494944, 1.043258, 1.587079
 549.000000, 3.852459, 0.470553, 1.004857, 1.513661
 561.666667, 3.865282, 0.473591, 1.049258, 1.560237
 573.333333, 4.288372, 0.481395, 0.961628, 1.486628
 558.000000, 4.194743, 0.471326, 0.986858, 1.506571
 537.000000, 4.432651, 0.481068, 0.966480, 1.489758
 585.666667, 4.424018, 0.437678, 0.944223, 1.422311
 596.666667, 4.432402, 0.469274, 1.004469, 1.512291
 579.666667, 4.377803, 0.481886, 1.017251, 1.538240
 586.333333, 3.948266, 0.459920, 1.079022, 1.578169
 587.000000, 3.900625, 0.461670, 1.116979, 1.617263
 597.666667, 3.977691, 0.455103, 1.071946, 1.567206
 608.666667, 4.113363, 0.457284, 0.970427, 1.464403
 591.000000, 4.295544, 0.471517, 0.971235, 1.483926
 592.666667, 4.407762, 0.471879, 1.006187, 1.519123
 612.666667, 4.170294, 0.431991, 0.953210, 1.424918
 625.333333, 3.971215, 0.442964, 0.932836, 1.417377
 634.333333, 4.180767, 0.414083, 0.910667, 1.363636
12
 0.250000, 0.000000, 0.000000, 1.000000, 5.000000
 549.666667, 5.180716, 0.636143, 1.098848, 1.789569
 600.000000, 4.545000, 0.506111, 1.018333, 1.570000
 554.333333, 4.187613, 0.452796, 0.983764, 1.481660
 552.000000, 3.892512, 0.472826, 1.061594, 1.571860
 579.333333, 4.334868, 0.508631, 0.967779, 1.516110
 558.000000, 4.192354, 0.483871, 0.998805, 1.520311
 525.333333, 4.262056, 0.470178, 0.986675, 1.498096
 586.333333, 4.500853, 0.438317, 0.940875, 1.424673
 592.666667, 4.493251, 0.467942, 1.016310, 1.522497
 580.333333, 4.205629, 0.476738, 1.002872, 1.529581
 580.333333, 3.806433, 0.468122, 1.095348, 1.602527
 586.000000, 3.728669, 0.445392, 1.117179, 1.604096
 599.333333, 3.879867, 0.461068, 1.080645, 1.578420
 609.000000, 4.014778, 0.443350, 0.962781, 1.444992
 585.333333, 4.078018, 0.480638, 0.987472, 1.505695
 600.333333, 4.526929, 0.475847, 1.000555, 1.513604
 615.666667, 4.173795, 0.441798, 0.938278, 1.420141
 629.000000, 4.114467, 0.438262, 0.918919, 1.395866
 638.000000, 4.232497, 0.405434, 0.914316, 1.358934
13
 0.250000, 0.000000, 0.000000, 1.000000, 2.000000
 549.000000, 4.809957, 0.627808, 1.134791, 1.808743
 603.333333, 4.503867, 0.507735, 1.010497, 1.566851
 558.000000, 4.035842, 0.461768, 0.975508, 1.476703
 557.000000, 3.739078, 0.471574, 1.044883, 1.554159
 576.000000, 4.243056, 0.475116, 0.946181, 1.464120
 556.000000, 4.191847, 0.466427, 0.991607, 1.500000
 532.333333, 4.435191, 0.480276, 0.977458, 1.500939
 584.000000, 4.310502, 0.453767, 0.948059, 1.446347
 600.666667, 4.612653, 0.471698, 1.000555, 1.512209
 589.666667, 4.453363, 0.465235, 0.990955, 1.500283
 578.666667, 3.807604, 0.463710, 1.091590, 1.594470
 585.333333, 3.820046, 0.450456, 1.132118, 1.624146
 592.333333, 3.805853, 0.460889, 1.084975, 1.584131
 603.666667, 4.070127, 0.443954, 0.963004, 1.446162
 584.666667, 4.087229, 0.484036, 0.986317, 1.512543
 593.666667, 4.508141, 0.471645, 1.027513, 1.536216
 611.333333, 4.082879, 0.432933, 0.941112, 1.418212
 629.000000, 4.067833, 0.444621, 0.925278, 1.409645
 635.666667, 4.157840, 0.410068, 0.915050, 1.361300
14
 0.250000, 2.000000, 0.000000, 6.000000, 6.000000
 549.666667, 5.147362, 0.621589, 1.118253, 1.795027
 607.666667, 4.611629, 0.500823, 1.015359, 1.560066
 553.333333, 3.842771, 0.468072, 0.993976, 1.501205
 563.333333, 3.921302, 0.482840, 1.044379, 1.566864
 569.333333, 4.123536, 0.481265, 0.958431, 1.478337
 559.666667, 4.169148, 0.463967, 0.984515, 1.493151
 530.666667, 4.378141, 0.472362, 0.979899, 1.489950
 585.666667, 4.330677, 0.449061, 0.948207, 1.439385
 598.333333, 4.678552, 0.456267, 1.008914, 1.503621
 585.666667, 4.447353, 0.471827, 1.003415, 1.512806
 578.000000, 3.820646, 0.463668, 1.092849, 1.595156
 592.000000, 3.786036, 0.470721, 1.130068, 1.639640
 590.000000, 3.720339, 0.448588, 1.094350, 1.581921
 611.333333, 4.261178, 0.435115, 0.960196, 1.435115
 586.333333, 4.168846, 0.485503, 0.987493, 1.516202
 591.333333, 4.242954, 0.467869, 1.012965, 1.519166
 614.666667, 4.154013, 0.450651, 0.928416, 1.420824
 625.000000, 4.046400, 0.421333, 0.925333, 1.388267
 639.666667, 4.158416, 0.435122, 0.912976, 1.385618
15
 0.250000, 2.000000, 0.000000, 1.000000, 8.000000
 538.666667, 4.852104, 0.619431, 1.120668, 1.790842
 598.000000, 4.442029, 0.487737, 1.024526, 1.556299
 556.666667, 4.122754, 0.465868, 0.994012, 1.498802
 562.000000, 3.860024, 0.491696, 1.049822, 1.583037
 579.000000, 4.304548, 0.478987, 0.953368, 1.478411
 561.000000, 4.153298, 0.463458, 0.980986, 1.485443
 534.333333, 4.407985, 0.474111, 0.971304, 1.485964
 584.333333, 4.634341, 0.451797, 0.951512, 1.440388
 585.000000, 4.467236, 0.460969, 1.022792, 1.521937
 586.333333, 4.512223, 0.476976, 1.011370, 1.526435
 584.000000, 4.079338, 0.465183, 1.078767, 1.585046
 588.666667, 3.826727, 0.464892, 1.125142, 1.627407
 597.666667, 3.824875, 0.484663, 1.079197, 1.602900
 610.666667, 4.138100, 0.461790, 0.977620, 1.479803
 588.000000, 4.108277, 0.464286, 0.977891, 1.480159
 587.333333, 4.225312, 0.487514, 1.019296, 1.549943
 604.666667, 3.992282, 0.439361, 0.927233, 1.408490
 637.333333, 4.346234, 0.438285, 0.919979, 1.400105
 637.333333, 4.040795, 0.418410, 0.908996, 1.371339
Histogram
0 0 0 0 0 0 0 0 0 0 0 0 0 25 98 144 21 7 9 0 1 0 0 0 0 0 0 0 0 0 0 0 0 0 0 0 0 0 0 0 1 0 0 0 0 0 0 0 0 0 1 0 0 0 0 0 0 0 0 0 3 0 0 0 0 0 0 0 0 0 0 0 0 0 0 0 0 0 0 0 2 0 0 0 0 0 0 0 0 0 1 0 0 0 0 0 0 0 0 0 0 0 0 0 0 0 0 0 0 0 1 0 0 0 0 0 0 0 0 6 
Cache Miss Ratio
NaN
numOfSets
562619
numOfGets
0
numOfMultiGets
0
