20
0
 0.200000, 25.000000, 0.000000, 12.000000, 33.000000
 262.000000, 2.876590, 0.582697, 1.221374, 1.877863
 259.000000, 2.056628, 0.373230, 1.066924, 1.507079
 245.000000, 2.092517, 0.448980, 1.089796, 1.595918
 248.333333, 1.540940, 0.324832, 1.040268, 1.414765
 276.333333, 1.670688, 0.335344, 1.141134, 1.523522
 259.666667, 1.795892, 0.335045, 1.038511, 1.419769
 287.000000, 1.937282, 0.385598, 0.961672, 1.392567
 288.666667, 1.931871, 0.317552, 0.997691, 1.363741
 301.000000, 1.913621, 0.343300, 0.973422, 1.367663
 278.333333, 1.964072, 0.344910, 1.207186, 1.597605
 283.000000, 2.199058, 0.411072, 1.049470, 1.511190
 286.666667, 2.312791, 0.406977, 1.090698, 1.545349
 294.666667, 2.125566, 0.438914, 1.123303, 1.610860
 285.333333, 2.439252, 0.468458, 1.134346, 1.653037
 246.000000, 3.261518, 0.875339, 1.356369, 2.289973
 288.333333, 2.697110, 0.521387, 1.124855, 1.698266
 319.666667, 2.391032, 0.361835, 0.960375, 1.375391
 307.333333, 2.286334, 0.425163, 1.043384, 1.516269
 301.333333, 2.907080, 0.497788, 1.029867, 1.577434
1
 0.200000, 25.000000, 1.000000, 2.000000, 15.000000
 261.666667, 2.712102, 0.610191, 1.208917, 1.903185
 258.000000, 2.277778, 0.419897, 1.072351, 1.552972
 258.666667, 2.380155, 0.417526, 1.085052, 1.556701
 258.333333, 1.672258, 0.345806, 1.029677, 1.419355
 274.333333, 1.737546, 0.335358, 1.125152, 1.512758
 255.333333, 2.040470, 0.378590, 1.030026, 1.456919
 263.666667, 1.633375, 0.378003, 1.077118, 1.501896
 295.666667, 1.914318, 0.341601, 0.970688, 1.355130
 303.000000, 1.796480, 0.322332, 0.961496, 1.330033
 296.000000, 2.345721, 0.368243, 1.010135, 1.424550
 282.666667, 1.951651, 0.366745, 1.063679, 1.476415
 280.666667, 2.274347, 0.444181, 1.081948, 1.577197
 293.000000, 1.996587, 0.417520, 1.118316, 1.581342
 286.000000, 2.403263, 0.470862, 1.171329, 1.688811
 232.000000, 3.428161, 0.808908, 1.295977, 2.155172
 283.666667, 2.819036, 0.548766, 1.104583, 1.705053
 302.666667, 2.128855, 0.373348, 0.972467, 1.396476
 296.333333, 2.266592, 0.448819, 1.053993, 1.556805
 300.666667, 2.413525, 0.475610, 1.048780, 1.573171
2
 0.200000, 25.000000, 1.000000, 28.000000, 36.000000
 274.000000, 2.923358, 0.587591, 1.210462, 1.911192
 253.666667, 1.948752, 0.371879, 1.056505, 1.495401
 252.000000, 2.287037, 0.461640, 1.013228, 1.531746
 241.000000, 1.316736, 0.334716, 1.091286, 1.470263
 276.666667, 1.643373, 0.355422, 1.143373, 1.544578
 254.333333, 1.946265, 0.454784, 1.022280, 1.528178
 289.333333, 2.065668, 0.387097, 1.012673, 1.444700
 297.333333, 1.930493, 0.328475, 0.997758, 1.366592
 310.000000, 2.105376, 0.334409, 0.967742, 1.352688
 281.000000, 1.990510, 0.352313, 0.995255, 1.391459
 297.333333, 2.114350, 0.371076, 1.029148, 1.450673
 273.333333, 2.181707, 0.431707, 1.058537, 1.539024
 306.666667, 2.060870, 0.422826, 1.096739, 1.564130
 298.333333, 2.670391, 0.524022, 1.138547, 1.709497
 248.000000, 3.538978, 0.856183, 1.297043, 2.204301
 291.333333, 3.161327, 0.522883, 1.127002, 1.705950
 323.666667, 2.469619, 0.346035, 0.922760, 1.319258
 311.666667, 2.508021, 0.440642, 1.038503, 1.527273
 306.000000, 2.783224, 0.481481, 0.996732, 1.527233
3
 0.200000, 25.000000, 1.000000, 21.000000, 36.000000
 269.333333, 2.820545, 0.485149, 1.204208, 1.816832
 261.666667, 2.184713, 0.392357, 1.072611, 1.517197
 265.000000, 2.763522, 0.525786, 1.037736, 1.617610
 257.666667, 1.739974, 0.335058, 1.075032, 1.459250
 275.000000, 1.667879, 0.346667, 1.141818, 1.535758
 266.000000, 1.917293, 0.377193, 1.075188, 1.502506
 283.666667, 2.160987, 0.394830, 1.015276, 1.462985
 313.000000, 2.099042, 0.330138, 0.988285, 1.371672
 305.333333, 2.008734, 0.338428, 0.962882, 1.347162
 289.333333, 2.027650, 0.317972, 1.005760, 1.368664
 281.666667, 1.895858, 0.369231, 1.106509, 1.524260
 288.333333, 2.165318, 0.371098, 1.031214, 1.454335
 282.000000, 1.780142, 0.378251, 1.138298, 1.563830
 293.000000, 2.587031, 0.505119, 1.141069, 1.698521
 254.666667, 3.948953, 0.814136, 1.172775, 2.032723
 302.333333, 3.105843, 0.546858, 1.114664, 1.714443
 315.000000, 2.481481, 0.371429, 0.976720, 1.395767
 296.666667, 2.139326, 0.482022, 1.049438, 1.583146
 299.666667, 2.776418, 0.519466, 1.027809, 1.601780
4
 0.200000, 21.000000, 2.000000, 22.000000, 41.000000
 267.333333, 2.728180, 0.620948, 1.162095, 1.895262
 265.666667, 2.479297, 0.402760, 1.070263, 1.537014
 258.333333, 2.532903, 0.464516, 1.034839, 1.545806
 250.333333, 1.467377, 0.326232, 1.054594, 1.436751
 271.666667, 1.677301, 0.376687, 1.185276, 1.611043
 253.333333, 1.725000, 0.346053, 1.015789, 1.410526
 280.333333, 1.946492, 0.416171, 1.010702, 1.473246
 286.666667, 1.882558, 0.327907, 0.975581, 1.352326
 309.666667, 1.737352, 0.306781, 0.938644, 1.297094
 293.333333, 1.960227, 0.344318, 0.988636, 1.384091
 290.666667, 2.017202, 0.361239, 1.006881, 1.419725
 277.666667, 2.351741, 0.424970, 1.114046, 1.585834
 288.333333, 2.181503, 0.421965, 1.164162, 1.636994
 284.333333, 2.443142, 0.507620, 1.146542, 1.703400
 238.000000, 3.690476, 0.795518, 1.302521, 2.154062
 297.000000, 3.048260, 0.510662, 1.108866, 1.664422
 311.000000, 2.247588, 0.366559, 0.958199, 1.374062
 299.666667, 2.330367, 0.433815, 1.040044, 1.528365
 293.333333, 2.428409, 0.489773, 1.048864, 1.586364
5
 0.200000, 12.000000, 2.000000, 22.000000, 47.000000
 260.333333, 2.747759, 0.577465, 1.241997, 1.883483
 270.000000, 2.198765, 0.397531, 1.103704, 1.559259
 264.666667, 2.207809, 0.396725, 1.040302, 1.494962
 261.333333, 1.572704, 0.343112, 1.057398, 1.450255
 279.333333, 1.892601, 0.362768, 1.137232, 1.556086
 262.000000, 1.804071, 0.382952, 1.080153, 1.520356
 276.666667, 1.981928, 0.363855, 1.016867, 1.431325
 290.666667, 1.912844, 0.338303, 0.998853, 1.385321
 294.333333, 1.748584, 0.331823, 0.966025, 1.351076
 288.666667, 2.142032, 0.323326, 1.209007, 1.578522
 281.666667, 2.262722, 0.376331, 1.075740, 1.506509
 281.333333, 2.119668, 0.417062, 1.073460, 1.535545
 297.666667, 1.963046, 0.398656, 1.115342, 1.562150
 276.333333, 2.436671, 0.488540, 1.158022, 1.689988
 231.666667, 3.440288, 0.753957, 1.270504, 2.074820
 282.000000, 2.878251, 0.517730, 1.074468, 1.641844
 308.333333, 2.084324, 0.369730, 0.929730, 1.355676
 308.333333, 2.353514, 0.428108, 1.047568, 1.531892
 297.666667, 2.660694, 0.524076, 1.055991, 1.632699
6
 0.200000, 12.000000, 13.000000, 0.000000, 46.000000
 263.333333, 2.753165, 0.516456, 1.270886, 1.863291
 272.333333, 2.199510, 0.402693, 1.078335, 1.534884
 256.666667, 2.294805, 0.405195, 1.019481, 1.479221
 252.333333, 1.570674, 0.344782, 1.038309, 1.431968
 285.000000, 1.678363, 0.343860, 1.130994, 1.522807
 248.333333, 1.790604, 0.400000, 1.061745, 1.511409
 279.000000, 2.142174, 0.418160, 1.021505, 1.491039
 296.666667, 2.107865, 0.342697, 0.980899, 1.382022
 306.333333, 1.991295, 0.331882, 0.972797, 1.349293
 292.666667, 2.168565, 0.347380, 0.971526, 1.374715
 292.666667, 2.201595, 0.378132, 1.055809, 1.486333
 267.333333, 1.933915, 0.401496, 1.091022, 1.551122
 293.000000, 1.971559, 0.384528, 1.153584, 1.582480
 280.333333, 2.730083, 0.485137, 1.123662, 1.659929
 240.666667, 3.339335, 0.795014, 1.346260, 2.188366
 280.333333, 2.493460, 0.478002, 1.107015, 1.634958
 310.666667, 2.232833, 0.345494, 0.986052, 1.386266
 301.666667, 2.438674, 0.450829, 1.029834, 1.541436
 314.000000, 2.890658, 0.520170, 1.001062, 1.577495
7
 0.200000, 4.000000, 34.000000, 3.000000, 84.000000
 261.666667, 3.109554, 0.547771, 1.206369, 1.829299
 252.333333, 2.121532, 0.397622, 1.070013, 1.538970
 274.333333, 2.513973, 0.444714, 1.046173, 1.546780
 243.666667, 1.359781, 0.325581, 1.054720, 1.430917
 291.333333, 2.021739, 0.360412, 1.225400, 1.635011
 266.000000, 1.918546, 0.365915, 1.000000, 1.413534
 284.000000, 1.955399, 0.419014, 1.042254, 1.511737
 292.000000, 1.840183, 0.316210, 0.974886, 1.334475
 307.000000, 1.951140, 0.331162, 0.953312, 1.334419
 279.333333, 1.988067, 0.361575, 1.195704, 1.607399
 290.333333, 1.987371, 0.332951, 1.035591, 1.417910
 264.333333, 2.017654, 0.447667, 1.123581, 1.624212
 295.666667, 2.085682, 0.432920, 1.148816, 1.629087
 303.000000, 2.766777, 0.550055, 1.146315, 1.746975
 243.666667, 3.532148, 0.820793, 1.302326, 2.181943
 282.333333, 2.761511, 0.534829, 1.125148, 1.711924
 306.000000, 2.052288, 0.316993, 0.966231, 1.332244
 291.333333, 2.115561, 0.461098, 1.050343, 1.565217
 300.000000, 2.501111, 0.483333, 1.065556, 1.596667
8
 0.200000, 4.000000, 37.000000, 0.000000, 83.000000
 277.666667, 3.154862, 0.515006, 1.216086, 1.794718
 261.333333, 2.191327, 0.390306, 1.075255, 1.515306
 250.000000, 2.277333, 0.440000, 1.089333, 1.586667
 257.666667, 1.745149, 0.357050, 1.050453, 1.450194
 277.333333, 1.740385, 0.347356, 1.141827, 1.542067
 268.666667, 2.196030, 0.344913, 1.011166, 1.406948
 279.666667, 2.108462, 0.364720, 1.026222, 1.438617
 294.666667, 1.884615, 0.356335, 0.987557, 1.385747
 307.666667, 2.126761, 0.338028, 0.929577, 1.312026
 287.333333, 1.990719, 0.342227, 1.229698, 1.622970
 289.333333, 2.155530, 0.390553, 1.025346, 1.466590
 279.333333, 2.330549, 0.458234, 1.047733, 1.558473
 307.333333, 2.109544, 0.473970, 1.119306, 1.645336
 282.666667, 2.525943, 0.450472, 1.135613, 1.632075
 268.000000, 4.094527, 0.797264, 1.268657, 2.111940
 285.666667, 2.695449, 0.492415, 1.102684, 1.644107
 309.333333, 2.275862, 0.348060, 0.963362, 1.360991
 304.333333, 2.395400, 0.485214, 1.024096, 1.567360
 299.666667, 2.496107, 0.438265, 1.030033, 1.523915
9
 0.200000, 4.000000, 35.000000, 0.000000, 82.000000
 260.666667, 2.836317, 0.523018, 1.194373, 1.776215
 269.333333, 2.245050, 0.397277, 1.073020, 1.524752
 257.666667, 2.161708, 0.420440, 1.043984, 1.516171
 261.333333, 1.688776, 0.329082, 1.051020, 1.429847
 283.666667, 1.736780, 0.371328, 1.209166, 1.640423
 266.666667, 1.998750, 0.383750, 1.030000, 1.467500
 279.333333, 2.112172, 0.396181, 1.022673, 1.463007
 299.333333, 2.153675, 0.317372, 0.982183, 1.342984
 307.666667, 1.993499, 0.339112, 0.942579, 1.323944
 284.000000, 2.032864, 0.347418, 0.973005, 1.363850
 283.666667, 1.978848, 0.343126, 1.032902, 1.425382
 276.000000, 2.153382, 0.431159, 1.022947, 1.507246
 296.333333, 2.071991, 0.411699, 1.124859, 1.583802
 286.333333, 2.355064, 0.449360, 1.153667, 1.649593
 250.666667, 3.472074, 0.759309, 1.212766, 2.021277
 292.000000, 2.850457, 0.476027, 1.109589, 1.639269
 298.333333, 2.026816, 0.353073, 0.958659, 1.363128
 306.333333, 2.634385, 0.465724, 1.047878, 1.562568
 301.000000, 2.543743, 0.460687, 1.054264, 1.565891
10
 0.200000, 5.000000, 24.000000, 0.000000, 70.000000
 258.333333, 2.714839, 0.536774, 1.290323, 1.903226
 260.333333, 1.862996, 0.394366, 1.003841, 1.453265
 249.666667, 2.061415, 0.436582, 1.050734, 1.548732
 252.333333, 1.581242, 0.340819, 1.029062, 1.416116
 281.000000, 1.800712, 0.351127, 1.107948, 1.510083
 251.666667, 1.888742, 0.369536, 1.083444, 1.504636
 282.000000, 1.960993, 0.361702, 1.043735, 1.449173
 293.666667, 2.086266, 0.337117, 0.979569, 1.366629
 302.000000, 2.018764, 0.343267, 0.943709, 1.333333
 292.000000, 1.964612, 0.368721, 1.207763, 1.622146
 285.666667, 1.967328, 0.367561, 1.068845, 1.486581
 287.666667, 2.395133, 0.424102, 1.060255, 1.528389
 289.666667, 1.803222, 0.399310, 1.184120, 1.636364
 300.666667, 3.078714, 0.487805, 1.141907, 1.684035
 253.666667, 3.768725, 0.838371, 1.316689, 2.206307
 281.333333, 2.772512, 0.464455, 1.047393, 1.563981
 325.333333, 2.628074, 0.352459, 0.939549, 1.344262
 298.000000, 2.350112, 0.463087, 1.046980, 1.569351
 299.000000, 2.555184, 0.467113, 1.034560, 1.557414
11
 0.200000, 0.000000, 25.000000, 3.000000, 78.000000
 263.333333, 2.693671, 0.479747, 1.145570, 1.697468
 260.333333, 2.135723, 0.408451, 1.124200, 1.590269
 266.000000, 2.543860, 0.432331, 1.032581, 1.515038
 261.000000, 1.578544, 0.333333, 1.040868, 1.416347
 290.333333, 2.176808, 0.357061, 1.132032, 1.638347
 253.000000, 2.010540, 0.380764, 1.030303, 1.463768
 281.000000, 2.092527, 0.384342, 1.009490, 1.438909
 315.666667, 2.321014, 0.321014, 0.980993, 1.347413
 295.333333, 1.806998, 0.351016, 0.958239, 1.357788
 272.666667, 2.029340, 0.336186, 1.025672, 1.410758
 279.000000, 1.930705, 0.345281, 1.027479, 1.427718
 277.333333, 2.200721, 0.438702, 1.098558, 1.588942
 292.666667, 1.874715, 0.399772, 1.197039, 1.641230
 292.333333, 2.669327, 0.470924, 1.153934, 1.675029
 247.000000, 3.624831, 0.738192, 1.248313, 2.037787
 289.000000, 2.672434, 0.491349, 1.086505, 1.627451
 332.000000, 2.485944, 0.331325, 0.950803, 1.330321
 325.333333, 2.478484, 0.447746, 1.023566, 1.528689
 299.666667, 2.517241, 0.417130, 1.025584, 1.489433
12
 0.200000, 0.000000, 25.000000, 2.000000, 77.000000
 266.666667, 2.645000, 0.512500, 1.171250, 1.747500
 272.333333, 2.429621, 0.414933, 1.061200, 1.529988
 257.666667, 2.226391, 0.433376, 1.075032, 1.558862
 244.333333, 1.424284, 0.335607, 1.073670, 1.465211
 285.000000, 1.893567, 0.347368, 1.132164, 1.525146
 268.000000, 1.942786, 0.355721, 1.028607, 1.432836
 271.000000, 1.801968, 0.392374, 1.051661, 1.490775
 286.000000, 1.977855, 0.333333, 1.012821, 1.396270
 308.666667, 1.919006, 0.345572, 0.954644, 1.348812
 287.333333, 2.104408, 0.368910, 1.221578, 1.641531
 269.666667, 1.775031, 0.363412, 1.006180, 1.419036
 274.666667, 2.020631, 0.402913, 1.014563, 1.462379
 281.666667, 1.998817, 0.405917, 1.155030, 1.615385
 293.666667, 2.746879, 0.526674, 1.160045, 1.734393
 239.000000, 3.457462, 0.721060, 1.234310, 2.004184
 292.000000, 2.845890, 0.484018, 1.052511, 1.595890
 320.666667, 2.471933, 0.348233, 0.924116, 1.319127
 287.666667, 2.263036, 0.410197, 1.090382, 1.558517
 296.000000, 2.637387, 0.500000, 1.027027, 1.575450
13
 0.200000, 0.000000, 25.000000, 2.000000, 77.000000
 258.666667, 2.891753, 0.501289, 1.181701, 1.752577
 269.666667, 2.131026, 0.394314, 1.085290, 1.530284
 258.333333, 2.285161, 0.455484, 1.029677, 1.534194
 251.333333, 1.614058, 0.348806, 1.050398, 1.445623
 276.333333, 1.845597, 0.372738, 1.220748, 1.647768
 250.666667, 1.852394, 0.364362, 1.053191, 1.469415
 287.333333, 2.273782, 0.388631, 0.994200, 1.431555
 291.000000, 1.817869, 0.334479, 0.981672, 1.357388
 298.000000, 1.815436, 0.314318, 0.967562, 1.326622
 295.333333, 2.047404, 0.374718, 1.182844, 1.606095
 280.333333, 1.859691, 0.394768, 1.058264, 1.506540
 271.666667, 2.013497, 0.388957, 1.087117, 1.527607
 302.666667, 2.513216, 0.569383, 1.147577, 1.764317
 304.333333, 3.038335, 0.567360, 1.085433, 1.698795
 237.333333, 3.529494, 0.870787, 1.276685, 2.210674
 297.000000, 3.240180, 0.570146, 1.080808, 1.705948
 320.333333, 2.378772, 0.361082, 0.918835, 1.332986
 298.666667, 2.325893, 0.424107, 1.058036, 1.531250
 295.333333, 2.574492, 0.522573, 1.020316, 1.619639
14
 0.200000, 0.000000, 26.000000, 2.000000, 77.000000
 275.333333, 2.855932, 0.480630, 1.148910, 1.697337
 261.333333, 2.251276, 0.396684, 1.116071, 1.563776
 263.333333, 2.440506, 0.415190, 1.027848, 1.496203
 247.000000, 1.815115, 0.381916, 1.055331, 1.484480
 278.000000, 1.619904, 0.359712, 1.250600, 1.664269
 260.000000, 1.987179, 0.392308, 1.065385, 1.517949
 288.000000, 1.973380, 0.356481, 1.024306, 1.430556
 282.000000, 2.104019, 0.351064, 0.990544, 1.387707
 290.000000, 1.806897, 0.341379, 0.973563, 1.357471
 283.333333, 1.940000, 0.347059, 1.001176, 1.402353
 277.000000, 1.713598, 0.345367, 1.068592, 1.463297
 270.666667, 2.109606, 0.400246, 1.075123, 1.523399
 299.666667, 1.867631, 0.417130, 1.174638, 1.637375
 286.000000, 2.537296, 0.512821, 1.139860, 1.702797
 248.000000, 3.630376, 0.758065, 1.217742, 2.022849
 289.666667, 3.049482, 0.548907, 1.112773, 1.712313
 310.666667, 2.223176, 0.371245, 0.968884, 1.386266
 298.000000, 2.429530, 0.385906, 1.093960, 1.541387
 291.333333, 2.315789, 0.461098, 1.062929, 1.574371
15
 0.200000, 1.000000, 26.000000, 2.000000, 76.000000
 262.000000, 2.973282, 0.520356, 1.241730, 1.819338
 250.000000, 2.145333, 0.397333, 1.077333, 1.533333
 256.000000, 2.393229, 0.479167, 1.075521, 1.604167
 254.333333, 1.712975, 0.343381, 1.065531, 1.453473
 278.000000, 1.802158, 0.363309, 1.099520, 1.517986
 261.333333, 1.985969, 0.395408, 1.049745, 1.498724
 290.333333, 2.327210, 0.374282, 1.049369, 1.469575
 291.000000, 1.945017, 0.329897, 0.998855, 1.373425
 301.666667, 1.811050, 0.334807, 0.977901, 1.356906
 295.666667, 2.125141, 0.360767, 1.229989, 1.638106
 277.000000, 1.719615, 0.375451, 1.055355, 1.477738
 278.000000, 2.315348, 0.392086, 1.040767, 1.480815
 309.666667, 2.117330, 0.387513, 1.157158, 1.597417
 280.333333, 2.677765, 0.494649, 1.143876, 1.687277
 254.333333, 3.609436, 0.888598, 1.338139, 2.276540
 292.000000, 2.930365, 0.531963, 1.101598, 1.680365
 321.333333, 2.327801, 0.349585, 0.969917, 1.366183
 317.666667, 2.738720, 0.448059, 1.041973, 1.540399
 299.333333, 2.790646, 0.521158, 1.082405, 1.664811
16
 0.200000, 0.000000, 26.000000, 2.000000, 76.000000
 265.000000, 2.686792, 0.537107, 1.207547, 1.813836
 265.666667, 2.302384, 0.386449, 1.081556, 1.528231
 270.666667, 2.517241, 0.459360, 1.038177, 1.545567
 255.000000, 1.473203, 0.342484, 1.018301, 1.407843
 275.000000, 1.825455, 0.353939, 1.129697, 1.534545
 249.000000, 1.820616, 0.350736, 1.069612, 1.469880
 272.666667, 1.899756, 0.372861, 1.018337, 1.436430
 293.000000, 2.081911, 0.339022, 0.979522, 1.367463
 312.333333, 2.169691, 0.347919, 0.974386, 1.367129
 294.333333, 2.225368, 0.349943, 1.022650, 1.417894
 288.333333, 1.998844, 0.352601, 1.058960, 1.456647
 280.000000, 2.200000, 0.400000, 1.054762, 1.508333
 296.333333, 2.127109, 0.443195, 1.218223, 1.713161
 287.333333, 2.578886, 0.515081, 1.148492, 1.711137
 240.000000, 3.527778, 0.843056, 1.250000, 2.161111
 286.000000, 2.529138, 0.434732, 1.062937, 1.544289
 311.333333, 2.270878, 0.361884, 0.944325, 1.357602
 311.666667, 2.258824, 0.438503, 1.067380, 1.552941
 282.666667, 2.318396, 0.478774, 1.049528, 1.583726
17
 0.200000, 1.000000, 26.000000, 2.000000, 76.000000
 271.666667, 3.134969, 0.555828, 1.187730, 1.809816
 265.000000, 2.257862, 0.387421, 1.076730, 1.523270
 274.333333, 2.354800, 0.447145, 1.048603, 1.543135
 262.333333, 1.935197, 0.354511, 1.055909, 1.454892
 285.333333, 1.747664, 0.360981, 1.095794, 1.508178
 258.000000, 1.799742, 0.357881, 1.043928, 1.458656
 290.666667, 2.053899, 0.427752, 1.034404, 1.512615
 284.666667, 2.065574, 0.334895, 0.962529, 1.347775
 309.000000, 2.198490, 0.349515, 0.949299, 1.343042
 280.333333, 2.009512, 0.342449, 1.231867, 1.620690
 291.666667, 2.176000, 0.377143, 1.008000, 1.443429
 296.666667, 2.388764, 0.392135, 1.021348, 1.462921
 308.333333, 2.167568, 0.437838, 1.142703, 1.625946
 288.666667, 2.555427, 0.498845, 1.136259, 1.685912
 233.333333, 3.292857, 0.821429, 1.305714, 2.174286
 277.333333, 2.474760, 0.496394, 1.079327, 1.623798
 315.333333, 2.191332, 0.347780, 0.938689, 1.334038
 304.333333, 2.273823, 0.442497, 1.084337, 1.575027
 320.666667, 2.960499, 0.472973, 1.051975, 1.577963
18
 0.200000, 2.000000, 26.000000, 2.000000, 75.000000
 259.666667, 2.554557, 0.525032, 1.247754, 1.851091
 261.333333, 2.264031, 0.389031, 1.077806, 1.517857
 267.333333, 2.412718, 0.458853, 1.043641, 1.566085
 260.000000, 1.738462, 0.332051, 1.041026, 1.416667
 269.000000, 1.587361, 0.365551, 1.125155, 1.534077
 258.333333, 2.076129, 0.412903, 1.038710, 1.501935
 283.666667, 2.085781, 0.387779, 1.005875, 1.438308
 291.666667, 2.270857, 0.371429, 1.012571, 1.427429
 289.666667, 1.815880, 0.337169, 0.974684, 1.362486
 284.000000, 2.103286, 0.393192, 1.206573, 1.654930
 290.333333, 2.378875, 0.425947, 1.013777, 1.484501
 280.666667, 2.159145, 0.415677, 1.090261, 1.572447
 296.666667, 1.933708, 0.392135, 1.122472, 1.565169
 290.333333, 2.955224, 0.492537, 1.118255, 1.657865
 230.333333, 3.290883, 0.835022, 1.321274, 2.206946
 297.000000, 2.668911, 0.474747, 1.122334, 1.655443
 301.000000, 1.960133, 0.338870, 0.956811, 1.346622
 307.333333, 2.296095, 0.414317, 1.029284, 1.498915
 295.666667, 2.894025, 0.481398, 1.040586, 1.568207
19
 0.200000, 0.000000, 30.000000, 1.000000, 75.000000
 267.000000, 2.574282, 0.463171, 1.164794, 1.695381
 258.666667, 2.404639, 0.408505, 1.063144, 1.525773
 254.000000, 2.429134, 0.435696, 1.086614, 1.578740
 256.666667, 1.627273, 0.333766, 1.036364, 1.416883
 273.000000, 1.733822, 0.335775, 1.107448, 1.490842
 259.666667, 1.653402, 0.365854, 1.050064, 1.462131
 283.333333, 2.047059, 0.408235, 1.063529, 1.521176
 287.000000, 1.840883, 0.305459, 1.000000, 1.348432
 303.666667, 1.908891, 0.333699, 0.959385, 1.343578
 286.000000, 2.092075, 0.370629, 1.242424, 1.656177
 278.000000, 2.071942, 0.376499, 1.025180, 1.444844
 282.000000, 2.244681, 0.365248, 1.042553, 1.459811
 291.666667, 1.770286, 0.384000, 1.164571, 1.593143
 294.666667, 2.683258, 0.467195, 1.140271, 1.656109
 250.333333, 4.427430, 0.874834, 1.250333, 2.173103
 278.666667, 2.694976, 0.520335, 1.112440, 1.686603
 289.333333, 2.120968, 0.342166, 0.959677, 1.347926
 302.000000, 2.505519, 0.524283, 1.018764, 1.604857
 299.333333, 2.648107, 0.473274, 1.021158, 1.553452
20
 0.200000, 0.000000, 30.000000, 0.000000, 75.000000
 263.333333, 2.658228, 0.554430, 1.211392, 1.829114
 266.333333, 2.351690, 0.406758, 1.076345, 1.541927
 252.333333, 2.315720, 0.438573, 1.064729, 1.564069
 261.666667, 1.824204, 0.337580, 1.028025, 1.410191
 280.000000, 1.753571, 0.350000, 1.136905, 1.540476
 253.000000, 1.881423, 0.366271, 1.068511, 1.483531
 285.000000, 2.116959, 0.396491, 1.017544, 1.459649
 294.333333, 2.043035, 0.345413, 0.992072, 1.378256
 296.666667, 1.871910, 0.320225, 0.959551, 1.326966
 292.666667, 2.026196, 0.341686, 1.208428, 1.592255
 277.333333, 1.911058, 0.370192, 0.989183, 1.407452
 280.666667, 2.106888, 0.419240, 1.085511, 1.551069
 298.666667, 2.137277, 0.434152, 1.107143, 1.585938
 283.000000, 2.572438, 0.517079, 1.129564, 1.706714
 249.666667, 3.898531, 0.854473, 1.236315, 2.138852
 274.333333, 2.748481, 0.549210, 1.070474, 1.670717
 319.000000, 2.424242, 0.329154, 0.967607, 1.344828
 292.333333, 2.064994, 0.461802, 1.012543, 1.522235
 324.666667, 2.849076, 0.488706, 1.007187, 1.545175
21
 0.200000, 0.000000, 30.000000, 0.000000, 76.000000
 279.000000, 2.905615, 0.532855, 1.157706, 1.762246
 250.666667, 2.111702, 0.364362, 1.087766, 1.518617
 267.333333, 2.446384, 0.440150, 1.053616, 1.542394
 243.666667, 1.608755, 0.340629, 1.036936, 1.426813
 281.000000, 2.098458, 0.354686, 1.163701, 1.571767
 249.666667, 1.965287, 0.332443, 1.054740, 1.436582
 289.666667, 1.982739, 0.382048, 1.008055, 1.438435
 281.666667, 1.795266, 0.327811, 0.992899, 1.365680
 303.666667, 1.937431, 0.332602, 0.980241, 1.364435
 281.333333, 1.787915, 0.349526, 1.216825, 1.609005
 287.000000, 2.002323, 0.356562, 1.052265, 1.457607
 286.666667, 2.189535, 0.413953, 1.063953, 1.527907
 303.333333, 2.243956, 0.420879, 1.124176, 1.589011
 300.666667, 2.740576, 0.474501, 1.101996, 1.631929
 233.000000, 3.693848, 0.783977, 1.304721, 2.144492
 266.333333, 2.740926, 0.559449, 1.103880, 1.722153
 328.333333, 2.507614, 0.329949, 0.960406, 1.338071
 295.666667, 2.107103, 0.431793, 1.071026, 1.553551
 298.333333, 2.620112, 0.508380, 1.056983, 1.616760
22
 0.200000, 0.000000, 30.000000, 1.000000, 75.000000
 282.000000, 2.962175, 0.521277, 1.205674, 1.801418
 262.333333, 2.306226, 0.368488, 1.044473, 1.481576
 257.333333, 2.308290, 0.413212, 1.076425, 1.546632
 265.666667, 1.702635, 0.341280, 1.035132, 1.439147
 290.000000, 1.845977, 0.337931, 1.117241, 1.502299
 273.000000, 2.025641, 0.346764, 1.073260, 1.468864
 288.000000, 1.932870, 0.373843, 1.030093, 1.447917
 286.333333, 1.908033, 0.332945, 1.002328, 1.380675
 298.333333, 1.829050, 0.350838, 0.954190, 1.348603
 282.333333, 1.924439, 0.369540, 0.985832, 1.396694
 277.000000, 2.338147, 0.447653, 1.043321, 1.543923
 281.333333, 2.136256, 0.414692, 1.079384, 1.540284
 291.000000, 1.806415, 0.384880, 1.160367, 1.591065
 276.333333, 2.616405, 0.518697, 1.218335, 1.786490
 246.000000, 3.741192, 0.817073, 1.308943, 2.174797
 277.666667, 2.848739, 0.488595, 1.080432, 1.615846
 303.333333, 2.332967, 0.346154, 0.946154, 1.340659
 311.333333, 2.391863, 0.480728, 1.050321, 1.579229
 306.000000, 2.673203, 0.465142, 1.017429, 1.538126
23
 0.200000, 0.000000, 30.000000, 3.000000, 74.000000
 260.333333, 2.606914, 0.473752, 1.280410, 1.818182
 255.333333, 2.466057, 0.441253, 1.079634, 1.579634
 256.000000, 2.227865, 0.423177, 1.018229, 1.502604
 248.666667, 1.403485, 0.329759, 1.034853, 1.408847
 287.000000, 2.048780, 0.367015, 1.228804, 1.652729
 270.333333, 2.022195, 0.401973, 1.046856, 1.500617
 283.333333, 1.877647, 0.400000, 1.005882, 1.452941
 298.333333, 1.992179, 0.327374, 0.979888, 1.353073
 310.333333, 2.009667, 0.322234, 0.959184, 1.325456
 282.666667, 2.100236, 0.392689, 1.221698, 1.662736
 280.333333, 1.966706, 0.359096, 1.048751, 1.454221
 291.000000, 2.391753, 0.419244, 1.089347, 1.557847
 285.333333, 1.824766, 0.410047, 1.155374, 1.610981
 278.666667, 2.685407, 0.571770, 1.178230, 1.801435
 240.000000, 3.772222, 0.833333, 1.279167, 2.163889
 284.333333, 2.572098, 0.478312, 1.145369, 1.683470
 313.000000, 1.994675, 0.333333, 0.931842, 1.310969
 303.333333, 2.275824, 0.454945, 1.040659, 1.545055
 298.333333, 2.415642, 0.407821, 1.027933, 1.492737
24
 0.200000, 0.000000, 67.000000, 3.000000, 75.000000
 274.000000, 2.716545, 0.562044, 1.163017, 1.785888
 268.000000, 2.186567, 0.391791, 1.055970, 1.508706
 266.333333, 2.430538, 0.445557, 1.012516, 1.505632
 260.666667, 1.691816, 0.361893, 1.021739, 1.439898
 275.666667, 1.829504, 0.370012, 1.105200, 1.528416
 254.333333, 1.826999, 0.357798, 1.066841, 1.477064
 289.000000, 1.938870, 0.384083, 0.996540, 1.429066
 290.000000, 1.798851, 0.318391, 0.970115, 1.333333
 311.666667, 1.913369, 0.302674, 0.968984, 1.315508
 299.666667, 2.133482, 0.341491, 0.994438, 1.389321
 294.000000, 2.226757, 0.367347, 1.037415, 1.450113
 292.333333, 2.179019, 0.374002, 1.045610, 1.468643
 310.333333, 2.357680, 0.418904, 1.148228, 1.612245
 290.666667, 2.469037, 0.501147, 1.120413, 1.668578
 241.666667, 3.121379, 0.737931, 1.321379, 2.108966
 277.000000, 2.496992, 0.466907, 1.120337, 1.647413
 291.000000, 2.420389, 0.356243, 0.975945, 1.383734
 297.333333, 2.364350, 0.492152, 1.078475, 1.627803
 314.666667, 3.914195, 0.891949, 1.042373, 1.979873
25
 0.200000, 1.000000, 48.000000, 3.000000, 56.000000
 283.333333, 3.111765, 0.508235, 1.163529, 1.731765
 263.000000, 2.300380, 0.401774, 1.074778, 1.531052
 244.666667, 2.355586, 0.455041, 1.066757, 1.576294
 254.000000, 1.688976, 0.341207, 1.090551, 1.476378
 276.000000, 1.739130, 0.320048, 1.117150, 1.483092
 258.000000, 1.850129, 0.351421, 1.041344, 1.440568
 286.666667, 2.145349, 0.394186, 1.031395, 1.477907
 303.666667, 2.193194, 0.330406, 0.973655, 1.346872
 313.666667, 1.890542, 0.336876, 0.939426, 1.332625
 287.666667, 2.002317, 0.347625, 0.997683, 1.390498
 284.000000, 1.915493, 0.334507, 1.034038, 1.420188
 289.000000, 2.244521, 0.419839, 1.044983, 1.512111
 302.333333, 2.221610, 0.417861, 1.134509, 1.597574
 286.000000, 2.694639, 0.493007, 1.122378, 1.666667
 244.666667, 3.716621, 0.854223, 1.329700, 2.235695
 286.000000, 2.833333, 0.520979, 1.055944, 1.630536
 310.333333, 2.185822, 0.358754, 0.961332, 1.372718
 304.666667, 2.286652, 0.459519, 1.077681, 1.588621
 291.333333, 2.381007, 0.465675, 1.050343, 1.566362
26
 0.200000, 0.000000, 46.000000, 0.000000, 53.000000
 272.333333, 2.843329, 0.487148, 1.138311, 1.719706
 262.666667, 2.134518, 0.361675, 1.068528, 1.505076
 271.000000, 2.367774, 0.440344, 1.008610, 1.501845
 253.666667, 1.700394, 0.344284, 1.073587, 1.459921
 280.333333, 1.651605, 0.369798, 1.146254, 1.563615
 270.000000, 1.967901, 0.403704, 1.044444, 1.492593
 280.333333, 1.960761, 0.399524, 1.057075, 1.501784
 297.666667, 2.109742, 0.341545, 0.959686, 1.351624
 307.666667, 1.942579, 0.315276, 0.955580, 1.314193
 287.666667, 2.115875, 0.336037, 0.991889, 1.376593
 291.000000, 2.003436, 0.355097, 1.021764, 1.422680
 280.666667, 2.281473, 0.408551, 1.071259, 1.532067
 292.333333, 2.003421, 0.413911, 1.172178, 1.635120
 297.666667, 2.837626, 0.511758, 1.153415, 1.717805
 244.666667, 3.791553, 0.865123, 1.331063, 2.261580
 299.000000, 2.995541, 0.575251, 1.084727, 1.712375
 317.000000, 2.304942, 0.358570, 0.954784, 1.358570
 304.333333, 2.144578, 0.456736, 1.070099, 1.576123
 329.333333, 3.844130, 0.891700, 1.001012, 1.941296
27
 0.200000, 0.000000, 4.000000, 0.000000, 8.000000
 256.000000, 2.580729, 0.510417, 1.194010, 1.764323
 261.666667, 2.109554, 0.397452, 1.087898, 1.536306
 266.666667, 2.868750, 0.462500, 1.040000, 1.560000
 254.000000, 1.728346, 0.330709, 1.017060, 1.398950
 277.666667, 1.929172, 0.374550, 1.138055, 1.570228
 262.333333, 2.085133, 0.378653, 1.041931, 1.466328
 276.000000, 2.080918, 0.379227, 1.032609, 1.468599
 290.666667, 1.995413, 0.323394, 0.982798, 1.349771
 311.666667, 2.198930, 0.359358, 0.942246, 1.348663
 292.333333, 2.052452, 0.338655, 1.028506, 1.415051
 283.666667, 2.086957, 0.374853, 1.062280, 1.485311
 282.000000, 2.263593, 0.423168, 1.011820, 1.477541
 304.666667, 2.185996, 0.413567, 1.135667, 1.599562
 293.333333, 2.606818, 0.512500, 1.140909, 1.705682
 233.333333, 3.708571, 0.891429, 1.270000, 2.208571
 298.333333, 2.872626, 0.537430, 1.105028, 1.688268
 312.333333, 2.436499, 0.353255, 0.993597, 1.393810
 302.666667, 2.394273, 0.409692, 1.091410, 1.557269
 304.333333, 2.688938, 0.472070, 1.031763, 1.550931
28
 0.200000, 0.000000, 0.000000, 4.000000, 4.000000
 263.000000, 2.993663, 0.509506, 1.202788, 1.770596
 258.333333, 2.052903, 0.374194, 1.109677, 1.540645
 262.333333, 2.374841, 0.490470, 1.073698, 1.616264
 261.333333, 1.765306, 0.366071, 1.020408, 1.443878
 284.000000, 1.862676, 0.360329, 1.219484, 1.632629
 270.666667, 2.288177, 0.402709, 1.041872, 1.501232
 285.000000, 2.162573, 0.374269, 1.065497, 1.486550
 296.000000, 1.927928, 0.322072, 0.992117, 1.364865
 304.333333, 1.832421, 0.328587, 0.953998, 1.327492
 293.333333, 1.919318, 0.321591, 1.210227, 1.577273
 293.333333, 2.139773, 0.371591, 1.006818, 1.426136
 276.333333, 2.015682, 0.393245, 1.083233, 1.527141
 279.333333, 1.996420, 0.393795, 1.194511, 1.649165
 300.000000, 2.954444, 0.510000, 1.157778, 1.717778
 232.333333, 3.266858, 0.893831, 1.364419, 2.314204
 294.333333, 3.109853, 0.574179, 1.060023, 1.682899
 309.000000, 2.230852, 0.347357, 0.961165, 1.354908
 305.000000, 2.306011, 0.451366, 1.046995, 1.545355
 298.000000, 2.494407, 0.520134, 1.024609, 1.598434
29
 0.200000, 0.000000, 0.000000, 2.000000, 2.000000
 274.000000, 2.980535, 0.476886, 1.215328, 1.760341
 264.000000, 1.977273, 0.375000, 1.108586, 1.535354
 254.333333, 2.275229, 0.406291, 1.085190, 1.550459
 247.666667, 1.516824, 0.324361, 1.056528, 1.426649
 277.666667, 1.816327, 0.356543, 1.244898, 1.651861
 270.000000, 1.865432, 0.387654, 1.035802, 1.470370
 286.666667, 2.215116, 0.405814, 1.051163, 1.508140
 299.666667, 1.796440, 0.322581, 0.939933, 1.305895
 294.666667, 1.688914, 0.341629, 0.955882, 1.342760
 282.333333, 1.853601, 0.315230, 1.217237, 1.584416
 277.666667, 2.057623, 0.457383, 1.013205, 1.518607
 273.666667, 2.032887, 0.400731, 1.066991, 1.516443
 291.666667, 2.005714, 0.413714, 1.144000, 1.604571
 290.000000, 3.027586, 0.531034, 1.132184, 1.710345
 231.333333, 3.772334, 0.876081, 1.344380, 2.278098
 301.333333, 3.002212, 0.476770, 1.057522, 1.589602
 328.000000, 2.365854, 0.345528, 0.958333, 1.353659
 296.333333, 2.193476, 0.467942, 1.023622, 1.538808
 311.000000, 2.833869, 0.483387, 1.013934, 1.545552
30
 0.200000, 2.000000, 0.000000, 0.000000, 0.000000
 260.666667, 2.700767, 0.512788, 1.234015, 1.824808
 265.666667, 2.319950, 0.397742, 1.096612, 1.547051
 278.333333, 2.486228, 0.433533, 1.033533, 1.526946
 261.666667, 1.696815, 0.342675, 1.033121, 1.419108
 298.666667, 2.032366, 0.353795, 1.135045, 1.533482
 249.666667, 1.759680, 0.383178, 1.088117, 1.516689
 281.333333, 2.084123, 0.400474, 1.030806, 1.482227
 308.000000, 2.154762, 0.340909, 0.945887, 1.334416
 311.666667, 1.971123, 0.333690, 0.937968, 1.324064
 277.666667, 1.978391, 0.333733, 1.254502, 1.635054
 285.666667, 2.259043, 0.354726, 1.040840, 1.441074
 270.333333, 2.298397, 0.398274, 1.059186, 1.505549
 299.333333, 1.954343, 0.389755, 1.131403, 1.566815
 290.000000, 2.836782, 0.489655, 1.167816, 1.706897
 228.000000, 3.383041, 0.859649, 1.301170, 2.220760
 276.666667, 2.646988, 0.503614, 1.107229, 1.668675
 301.333333, 2.084071, 0.349558, 0.950221, 1.356195
 298.333333, 2.185475, 0.471508, 1.036872, 1.566480
 297.333333, 2.630045, 0.436099, 1.017937, 1.500000
31
 0.200000, 0.000000, 0.000000, 0.000000, 1.000000
 276.333333, 2.751508, 0.480097, 1.124246, 1.679131
 265.333333, 2.250000, 0.429648, 1.066583, 1.548995
 262.333333, 2.353240, 0.447268, 1.021601, 1.520966
 255.333333, 1.741514, 0.348564, 1.036554, 1.430809
 269.333333, 1.678218, 0.363861, 1.099010, 1.516089
 279.666667, 2.358760, 0.455304, 1.033373, 1.545888
 278.000000, 1.938849, 0.386091, 1.017986, 1.454436
 295.333333, 2.021445, 0.331828, 0.948081, 1.322799
 304.333333, 1.872946, 0.325301, 0.940854, 1.309967
 282.333333, 1.994097, 0.354191, 0.979929, 1.380165
 285.333333, 1.941589, 0.345794, 1.043224, 1.438084
 282.333333, 1.970484, 0.380165, 1.029516, 1.459268
 292.000000, 1.755708, 0.407534, 1.159817, 1.617580
 274.666667, 2.529126, 0.462379, 1.154126, 1.665049
 243.000000, 3.303155, 0.846365, 1.315501, 2.227709
 287.666667, 3.212051, 0.592121, 1.092700, 1.735805
 302.000000, 2.204194, 0.343267, 0.951435, 1.346578
 310.000000, 2.349462, 0.488172, 1.016129, 1.551613
 302.333333, 2.593164, 0.478501, 1.052922, 1.577729
Histogram
1 0 0 0 0 0 0 0 0 0 1 0 1 106 128 198 88 35 15 5 7 13 12 1 0 0 0 0 0 0 0 0 0 0 0 0 0 0 0 0 1 0 0 0 0 0 0 0 0 0 0 0 0 0 0 0 0 0 0 0 0 0 0 0 0 0 0 0 0 0 0 0 0 0 0 0 0 0 0 0 1 0 0 0 0 0 0 0 0 0 0 0 0 0 0 0 0 0 0 0 0 0 0 0 0 0 0 0 0 0 0 0 0 0 0 0 0 0 0 27 
Cache Miss Ratio
NaN
numOfSets
541075
numOfGets
0
numOfMultiGets
0
