20
0
 0.250000, 35.000000, 0.000000, 4.000000, 49.000000
 336.666667, 5.146535, 0.834653, 1.344554, 2.241584
 355.666667, 4.755389, 0.510778, 1.259606, 1.821931
 387.333333, 5.564544, 0.607573, 1.222892, 1.891566
 368.666667, 5.167269, 0.547016, 1.245027, 1.834539
 374.333333, 6.121995, 0.718611, 1.180766, 1.965272
 363.333333, 4.971560, 0.524771, 1.205505, 1.779817
 341.333333, 4.633789, 0.567383, 1.168945, 1.788086
 332.333333, 5.229689, 0.550652, 1.144433, 1.744233
 331.333333, 5.099598, 0.535211, 1.123742, 1.715292
 309.333333, 4.875000, 0.595905, 1.056034, 1.713362
 290.666667, 4.286697, 0.512615, 1.050459, 1.614679
 331.666667, 4.751759, 0.551759, 1.149749, 1.748744
 320.000000, 4.493750, 0.535417, 1.119792, 1.704167
 322.666667, 4.818182, 0.554752, 1.127066, 1.731405
 327.333333, 4.391039, 0.513238, 1.054990, 1.619145
 321.666667, 4.696373, 0.545078, 1.167876, 1.763731
 322.666667, 4.380165, 0.535124, 1.142562, 1.722107
 310.333333, 4.455424, 0.525242, 1.110634, 1.682062
 310.000000, 5.156989, 0.609677, 1.144086, 1.801075
1
 0.250000, 40.000000, 0.000000, 12.000000, 39.000000
 334.666667, 5.354582, 0.740040, 1.405378, 2.208167
 356.666667, 4.931776, 0.483178, 1.237383, 1.775701
 365.666667, 4.884230, 0.588879, 1.269827, 1.905196
 352.666667, 4.844045, 0.553875, 1.259924, 1.865784
 374.000000, 4.818182, 0.547237, 1.169340, 1.764706
 352.333333, 4.891202, 0.564806, 1.260170, 1.875118
 327.333333, 4.246436, 0.547862, 1.200611, 1.799389
 304.333333, 4.393209, 0.557503, 1.188390, 1.800657
 320.000000, 4.623958, 0.505208, 1.134375, 1.697917
 308.333333, 5.271351, 0.553514, 1.064865, 1.668108
 306.333333, 4.758433, 0.511425, 1.029380, 1.588683
 322.666667, 4.590909, 0.532025, 1.165289, 1.744835
 318.333333, 4.445026, 0.494241, 1.127749, 1.665969
 323.333333, 4.236082, 0.543299, 1.134021, 1.727835
 328.000000, 4.681911, 0.557927, 1.058943, 1.671748
 318.666667, 4.305439, 0.531381, 1.177824, 1.759414
 308.000000, 4.231602, 0.495671, 1.132035, 1.675325
 311.000000, 4.199357, 0.506967, 1.112540, 1.664523
 307.000000, 4.627579, 0.591748, 1.161781, 1.808903
2
 0.250000, 30.000000, 0.000000, 11.000000, 32.000000
 333.666667, 5.583417, 0.703297, 1.356643, 2.182817
 367.000000, 5.264305, 0.547684, 1.289737, 1.895550
 376.333333, 5.584588, 0.602303, 1.240921, 1.893711
 359.000000, 5.243268, 0.640669, 1.265552, 1.971216
 354.000000, 4.664783, 0.557439, 1.209981, 1.820151
 351.000000, 4.905983, 0.557455, 1.229820, 1.849953
 351.666667, 4.522275, 0.545024, 1.153555, 1.747867
 326.666667, 5.216327, 0.559184, 1.141837, 1.752041
 330.000000, 5.179798, 0.543434, 1.114141, 1.705051
 313.666667, 5.397450, 0.577046, 1.042508, 1.667375
 291.666667, 5.251429, 0.532571, 1.075429, 1.654857
 324.333333, 5.034943, 0.515930, 1.182939, 1.746146
 312.000000, 4.287393, 0.554487, 1.170940, 1.782051
 327.666667, 5.029502, 0.524924, 1.118006, 1.693795
 310.333333, 4.003222, 0.497315, 1.110634, 1.657358
 315.333333, 4.584567, 0.535941, 1.181818, 1.766385
 316.333333, 4.522655, 0.516333, 1.154900, 1.714436
 313.000000, 4.345048, 0.511182, 1.104366, 1.662407
 311.666667, 5.472727, 0.600000, 1.152941, 1.800000
3
 0.250000, 28.000000, 6.000000, 11.000000, 32.000000
 335.333333, 5.845924, 0.847913, 1.377734, 2.303181
 359.666667, 4.663577, 0.522706, 1.226135, 1.804449
 343.000000, 4.907677, 0.602527, 1.314869, 1.997085
 351.666667, 5.014218, 0.673934, 1.292891, 2.023697
 367.333333, 4.597096, 0.491833, 1.177858, 1.726860
 356.333333, 4.919551, 0.516370, 1.260992, 1.834425
 332.666667, 4.591182, 0.515030, 1.209419, 1.779559
 332.000000, 5.176707, 0.582329, 1.109438, 1.754016
 311.000000, 4.602358, 0.503751, 1.148982, 1.702036
 303.666667, 5.422613, 0.581778, 1.085620, 1.716795
 291.000000, 4.250859, 0.507446, 1.080183, 1.631157
 327.000000, 4.664628, 0.545362, 1.174312, 1.767584
 320.666667, 4.480249, 0.540541, 1.141372, 1.728690
 316.000000, 4.328059, 0.517932, 1.103376, 1.667722
 308.000000, 4.284632, 0.542208, 1.102814, 1.700216
 319.000000, 4.714734, 0.540230, 1.156740, 1.749216
 328.000000, 4.630081, 0.536585, 1.108740, 1.698171
 317.333333, 4.247899, 0.533613, 1.073529, 1.655462
 315.333333, 5.107822, 0.599366, 1.141649, 1.786469
4
 0.250000, 29.000000, 0.000000, 12.000000, 23.000000
 337.666667, 5.464956, 0.847976, 1.347483, 2.259625
 358.333333, 4.976744, 0.556279, 1.275349, 1.883721
 374.000000, 4.868093, 0.574866, 1.224599, 1.849376
 357.000000, 4.870215, 0.581699, 1.257703, 1.892624
 378.333333, 4.717181, 0.570925, 1.149780, 1.770925
 352.666667, 5.086957, 0.556711, 1.256144, 1.874291
 330.666667, 4.814516, 0.506048, 1.203629, 1.761089
 313.666667, 4.589798, 0.533475, 1.165781, 1.743889
 328.000000, 4.736789, 0.533537, 1.096545, 1.676829
 319.000000, 5.504702, 0.637409, 1.038662, 1.727273
 291.000000, 4.707904, 0.502864, 1.103093, 1.652921
 318.000000, 4.485325, 0.547170, 1.132075, 1.725367
 311.000000, 4.336549, 0.512326, 1.177921, 1.747053
 330.000000, 4.773737, 0.530303, 1.055556, 1.643434
 317.666667, 4.566632, 0.546695, 1.088143, 1.683106
 317.000000, 4.696109, 0.555205, 1.162986, 1.769716
 321.666667, 4.378238, 0.522280, 1.107772, 1.675648
 310.000000, 4.244086, 0.519355, 1.101075, 1.666667
 314.333333, 4.727466, 0.595970, 1.143160, 1.791092
5
 0.250000, 28.000000, 11.000000, 9.000000, 23.000000
 329.000000, 5.130699, 0.764944, 1.353597, 2.187437
 368.333333, 4.973756, 0.534842, 1.235294, 1.832579
 363.666667, 4.818515, 0.588451, 1.257562, 1.901925
 361.666667, 5.459908, 0.598157, 1.251613, 1.901382
 356.333333, 4.348924, 0.531338, 1.183349, 1.764266
 347.666667, 5.089166, 0.541707, 1.252157, 1.870566
 337.333333, 4.562253, 0.532609, 1.184783, 1.765810
 337.000000, 5.559842, 0.555885, 1.111771, 1.720079
 320.000000, 4.728125, 0.559375, 1.112500, 1.732292
 290.333333, 4.741676, 0.546498, 1.109070, 1.700344
 306.333333, 4.910773, 0.531012, 1.039173, 1.618063
 319.666667, 4.277372, 0.545360, 1.169969, 1.764338
 312.000000, 4.492521, 0.554487, 1.166667, 1.767094
 332.666667, 4.565130, 0.522044, 1.067134, 1.637275
 327.666667, 4.651068, 0.541200, 1.076297, 1.669379
 312.000000, 4.810897, 0.542735, 1.190171, 1.794872
 321.000000, 4.169263, 0.530633, 1.109034, 1.692627
 321.000000, 4.627207, 0.496366, 1.092420, 1.644860
 314.666667, 5.020127, 0.588983, 1.126059, 1.768008
6
 0.250000, 28.000000, 7.000000, 11.000000, 22.000000
 318.333333, 4.808377, 0.761257, 1.407330, 2.259686
 364.333333, 4.660567, 0.534309, 1.230558, 1.814273
 370.666667, 5.434353, 0.607914, 1.221223, 1.876799
 359.000000, 5.136490, 0.562674, 1.271123, 1.886722
 363.666667, 4.711274, 0.544455, 1.202566, 1.802016
 352.333333, 4.542100, 0.524125, 1.216651, 1.799432
 334.333333, 4.701894, 0.543370, 1.203390, 1.797607
 330.666667, 5.524194, 0.569556, 1.133065, 1.754032
 311.666667, 4.852406, 0.518717, 1.176471, 1.748663
 305.333333, 4.900655, 0.594978, 1.050218, 1.697598
 298.666667, 4.887277, 0.523438, 1.056920, 1.627232
 322.666667, 4.488636, 0.586777, 1.154959, 1.791322
 309.333333, 4.400862, 0.504310, 1.137931, 1.698276
 328.000000, 4.543699, 0.534553, 1.092480, 1.679878
 330.666667, 4.419355, 0.536290, 1.043347, 1.627016
 320.666667, 4.672557, 0.544699, 1.190229, 1.784823
 316.000000, 4.319620, 0.525316, 1.137131, 1.714135
 306.333333, 4.267682, 0.502720, 1.115343, 1.669206
 313.666667, 4.896918, 0.554729, 1.137088, 1.737513
7
 0.250000, 29.000000, 8.000000, 11.000000, 24.000000
 334.666667, 5.646414, 0.636454, 1.400398, 2.118526
 371.666667, 4.907623, 0.525561, 1.252018, 1.824215
 376.333333, 5.553587, 0.565102, 1.244464, 1.860939
 350.333333, 4.689819, 0.641294, 1.261656, 1.955281
 373.666667, 4.925959, 0.557538, 1.181980, 1.790366
 348.000000, 4.837165, 0.554598, 1.240421, 1.864943
 323.333333, 4.437113, 0.525773, 1.209278, 1.795876
 322.000000, 4.703934, 0.537267, 1.151139, 1.734990
 321.000000, 4.886812, 0.527518, 1.123572, 1.698858
 298.333333, 5.151955, 0.574302, 1.091620, 1.725140
 296.000000, 4.497748, 0.505631, 1.068694, 1.621622
 319.333333, 4.408142, 0.533403, 1.163883, 1.748434
 318.333333, 4.267016, 0.579058, 1.141361, 1.773822
 316.666667, 4.392632, 0.540000, 1.127368, 1.713684
 311.666667, 3.942246, 0.537968, 1.120856, 1.711230
 317.000000, 4.660358, 0.518402, 1.180862, 1.748686
 316.666667, 4.340000, 0.518947, 1.164211, 1.733684
 311.666667, 4.512299, 0.519786, 1.086631, 1.652406
 322.000000, 5.459627, 0.624224, 1.130435, 1.802277
8
 0.250000, 28.000000, 9.000000, 9.000000, 22.000000
 331.000000, 5.695871, 0.776435, 1.395770, 2.239678
 369.000000, 4.894309, 0.510388, 1.217706, 1.784101
 377.666667, 5.226831, 0.569285, 1.226831, 1.844660
 353.000000, 4.658168, 0.546742, 1.187913, 1.789424
 366.666667, 4.966364, 0.516364, 1.192727, 1.760000
 353.666667, 4.798303, 0.554194, 1.197926, 1.803016
 326.000000, 4.594070, 0.551125, 1.162577, 1.763804
 326.000000, 5.582822, 0.601227, 1.177914, 1.834356
 315.666667, 4.513200, 0.506864, 1.101373, 1.651531
 313.000000, 4.961661, 0.589989, 1.075612, 1.711395
 291.000000, 4.343643, 0.520046, 1.061856, 1.630011
 320.666667, 4.411642, 0.549896, 1.168399, 1.769231
 306.666667, 4.278261, 0.545652, 1.142391, 1.741304
 319.000000, 4.537095, 0.515152, 1.130617, 1.706374
 328.333333, 4.602030, 0.519797, 1.055838, 1.626396
 313.000000, 4.306709, 0.535676, 1.173589, 1.761448
 315.666667, 4.515312, 0.525871, 1.144667, 1.717001
 308.333333, 4.288649, 0.498378, 1.097297, 1.644324
 312.000000, 5.008547, 0.613248, 1.134615, 1.802350
9
 0.250000, 27.000000, 13.000000, 7.000000, 74.000000
 321.333333, 5.117220, 0.724066, 1.332988, 2.121369
 371.666667, 5.014350, 0.550673, 1.234978, 1.839462
 385.333333, 5.116782, 0.561419, 1.220588, 1.831315
 369.666667, 4.897205, 0.622182, 1.230839, 1.898106
 356.000000, 4.848315, 0.504682, 1.208801, 1.767790
 359.000000, 5.004643, 0.533890, 1.243268, 1.828227
 325.000000, 4.493333, 0.518974, 1.204103, 1.774359
 317.666667, 5.083945, 0.537251, 1.164743, 1.768101
 320.000000, 4.715625, 0.546875, 1.122917, 1.720833
 317.333333, 5.534664, 0.594538, 1.047269, 1.692227
 297.333333, 5.034753, 0.536996, 1.056054, 1.637892
 320.666667, 4.622661, 0.561331, 1.172557, 1.781705
 317.000000, 4.602524, 0.557308, 1.165089, 1.770768
 327.000000, 5.004077, 0.512742, 1.100917, 1.659531
 316.666667, 4.617895, 0.543158, 1.094737, 1.689474
 306.666667, 4.427174, 0.514130, 1.202174, 1.769565
 318.666667, 4.540795, 0.542887, 1.130753, 1.729079
 319.666667, 4.624609, 0.513034, 1.115746, 1.679875
 310.333333, 4.665951, 0.562836, 1.150376, 1.764769
10
 0.250000, 22.000000, 13.000000, 44.000000, 73.000000
 339.333333, 5.497053, 0.859528, 1.331041, 2.254420
 354.666667, 4.734962, 0.506579, 1.262218, 1.823308
 364.333333, 4.752973, 0.587374, 1.217749, 1.856359
 356.000000, 5.486891, 0.614232, 1.205993, 1.877341
 381.000000, 5.131234, 0.517060, 1.181977, 1.751531
 356.333333, 4.884004, 0.527596, 1.253508, 1.832554
 335.333333, 4.568588, 0.499006, 1.177932, 1.726640
 318.333333, 4.675393, 0.524607, 1.102618, 1.676440
 326.666667, 4.698980, 0.535714, 1.127551, 1.709184
 320.666667, 5.238046, 0.610187, 1.043659, 1.702703
 295.333333, 4.375847, 0.512415, 1.067720, 1.624153
 320.000000, 4.336458, 0.540625, 1.173958, 1.759375
 305.333333, 4.349345, 0.561135, 1.162664, 1.772926
 310.333333, 4.694952, 0.529538, 1.146079, 1.726101
 322.666667, 4.458678, 0.523760, 1.081612, 1.653926
 315.000000, 4.732275, 0.539683, 1.176720, 1.775661
 321.333333, 4.649378, 0.534232, 1.131743, 1.715768
 321.333333, 4.662863, 0.465768, 1.091286, 1.600622
 318.000000, 4.945493, 0.613208, 1.151992, 1.812369
11
 0.250000, 19.000000, 21.000000, 41.000000, 65.000000
 330.666667, 5.751008, 0.782258, 1.315524, 2.172379
 371.333333, 4.964093, 0.556553, 1.222621, 1.830341
 374.333333, 5.248442, 0.558326, 1.252894, 1.859305
 352.666667, 4.854442, 0.566163, 1.186200, 1.813800
 366.666667, 4.782727, 0.499091, 1.184545, 1.732727
 368.000000, 5.187500, 0.532609, 1.201087, 1.789855
 330.666667, 4.879032, 0.526210, 1.194556, 1.768145
 320.000000, 4.832292, 0.558333, 1.113542, 1.732292
 302.666667, 4.524229, 0.501101, 1.126652, 1.683921
 282.333333, 5.142857, 0.611570, 1.155844, 1.841795
 293.333333, 4.621591, 0.552273, 1.063636, 1.665909
 307.333333, 4.014100, 0.555315, 1.238612, 1.844902
 314.666667, 4.372881, 0.506356, 1.157839, 1.715042
 322.000000, 4.729814, 0.536232, 1.127329, 1.710145
 326.333333, 4.167518, 0.529111, 1.083759, 1.658836
 311.000000, 4.494105, 0.535906, 1.211147, 1.803859
 311.000000, 4.363344, 0.517685, 1.143623, 1.707395
 311.666667, 4.376471, 0.501604, 1.105882, 1.658824
 315.666667, 4.836325, 0.598733, 1.128828, 1.779303
12
 0.250000, 23.000000, 21.000000, 40.000000, 65.000000
 313.666667, 5.700319, 0.793836, 1.456961, 2.321998
 363.000000, 4.687787, 0.484848, 1.204775, 1.741965
 359.000000, 5.236769, 0.609099, 1.246982, 1.905292
 353.000000, 4.824363, 0.580737, 1.272899, 1.900850
 366.666667, 4.396364, 0.519091, 1.160000, 1.725455
 346.666667, 4.802885, 0.532692, 1.210577, 1.797115
 338.666667, 4.734252, 0.534449, 1.191929, 1.779528
 320.000000, 4.902083, 0.509375, 1.120833, 1.676042
 322.000000, 4.912008, 0.508282, 1.116977, 1.670807
 307.333333, 5.081345, 0.594360, 1.093275, 1.738612
 295.000000, 4.374011, 0.502825, 1.049718, 1.602260
 324.666667, 4.701232, 0.531828, 1.181725, 1.761807
 319.000000, 4.928945, 0.528736, 1.137931, 1.718913
 315.666667, 4.391763, 0.535375, 1.145723, 1.727561
 315.000000, 4.701587, 0.553439, 1.104762, 1.712169
 305.666667, 4.577972, 0.529989, 1.205016, 1.792803
 319.000000, 4.789969, 0.548589, 1.150470, 1.749216
 303.333333, 4.482418, 0.518681, 1.107692, 1.673626
 320.666667, 5.258836, 0.595634, 1.140333, 1.782744
13
 0.250000, 12.000000, 21.000000, 0.000000, 65.000000
 322.666667, 5.309917, 0.698347, 1.352273, 2.113636
 359.333333, 5.023191, 0.551020, 1.261596, 1.862709
 361.333333, 4.801661, 0.595018, 1.269373, 1.924354
 360.333333, 5.344126, 0.567068, 1.193340, 1.808511
 375.000000, 4.828444, 0.544889, 1.159111, 1.760000
 341.000000, 4.893451, 0.541544, 1.245357, 1.853372
 321.666667, 4.346114, 0.524352, 1.209326, 1.785492
 308.000000, 4.623377, 0.517316, 1.125541, 1.700216
 328.000000, 5.378049, 0.542683, 1.097561, 1.697154
 323.333333, 6.060825, 0.678351, 1.064948, 1.794845
 305.333333, 4.948690, 0.525109, 1.054585, 1.624454
 314.666667, 4.164195, 0.546610, 1.163136, 1.761653
 299.666667, 4.245829, 0.538376, 1.196885, 1.779755
 321.666667, 4.825907, 0.534715, 1.130570, 1.713990
 329.333333, 4.281377, 0.532389, 1.068826, 1.651822
 317.666667, 4.827912, 0.549843, 1.193075, 1.795383
 309.000000, 4.258900, 0.510248, 1.137001, 1.695793
 308.000000, 4.296537, 0.481602, 1.120130, 1.658009
 302.333333, 4.670342, 0.632856, 1.156560, 1.834620
14
 0.250000, 19.000000, 21.000000, 1.000000, 64.000000
 326.333333, 5.345250, 0.754852, 1.372829, 2.197140
 355.666667, 4.399250, 0.520150, 1.259606, 1.831303
 382.333333, 4.891020, 0.583261, 1.226678, 1.860506
 374.000000, 5.317291, 0.588235, 1.248663, 1.881462
 357.666667, 4.606710, 0.541473, 1.203169, 1.796831
 347.333333, 5.081574, 0.531670, 1.261996, 1.852207
 341.000000, 4.767351, 0.511241, 1.188661, 1.745846
 326.666667, 4.850000, 0.547959, 1.114286, 1.714286
 321.666667, 4.957513, 0.527461, 1.153368, 1.727461
 291.000000, 4.955326, 0.584192, 1.075601, 1.715922
 305.000000, 4.742077, 0.513661, 1.053552, 1.616393
 310.333333, 4.717508, 0.548872, 1.247046, 1.848550
 302.333333, 4.220507, 0.553473, 1.166483, 1.777288
 314.333333, 4.535525, 0.532344, 1.119830, 1.702015
 330.666667, 4.641129, 0.526210, 1.072581, 1.647177
 301.666667, 4.457459, 0.548066, 1.203315, 1.808840
 314.666667, 4.475636, 0.528602, 1.135593, 1.711864
 306.333333, 4.450490, 0.491839, 1.132753, 1.676823
 310.000000, 5.101075, 0.636559, 1.139785, 1.824731
15
 0.250000, 11.000000, 61.000000, 0.000000, 62.000000
 342.666667, 5.326848, 0.669261, 1.335603, 2.071012
 347.000000, 4.407301, 0.536023, 1.296830, 1.893372
 378.666667, 4.905810, 0.577465, 1.202465, 1.831866
 366.666667, 4.979091, 0.580909, 1.252727, 1.885455
 369.000000, 4.911472, 0.506775, 1.187895, 1.741644
 354.333333, 5.041392, 0.570085, 1.251176, 1.873942
 324.333333, 4.918808, 0.521069, 1.218911, 1.796506
 321.666667, 4.829016, 0.528497, 1.174093, 1.758549
 327.333333, 4.757637, 0.504073, 1.101833, 1.663951
 297.333333, 4.790359, 0.593049, 1.103139, 1.741031
 290.000000, 4.788506, 0.537931, 1.075862, 1.664368
 321.666667, 4.517098, 0.552332, 1.192746, 1.788601
 312.333333, 4.832444, 0.519744, 1.156884, 1.729989
 310.333333, 4.588614, 0.529538, 1.164339, 1.761547
 318.666667, 4.176778, 0.517782, 1.096234, 1.660042
 310.000000, 4.446237, 0.529032, 1.205376, 1.777419
 317.666667, 4.437566, 0.518363, 1.123820, 1.692550
 313.000000, 4.574015, 0.501597, 1.075612, 1.627263
 314.333333, 5.055143, 0.600212, 1.165429, 1.820785
16
 0.250000, 1.000000, 56.000000, 10.000000, 73.000000
 317.666667, 5.777545, 0.689402, 1.385100, 2.153200
 357.000000, 4.607843, 0.526611, 1.221289, 1.817927
 368.333333, 4.753846, 0.571946, 1.232579, 1.852489
 360.666667, 5.176525, 0.621072, 1.253235, 1.920518
 364.666667, 4.452468, 0.526508, 1.162706, 1.750457
 343.333333, 4.801942, 0.559223, 1.246602, 1.866019
 336.333333, 4.576809, 0.570862, 1.154609, 1.779980
 323.666667, 5.047374, 0.553038, 1.124614, 1.729145
 326.333333, 5.245148, 0.557712, 1.114402, 1.726251
 302.000000, 4.997792, 0.618102, 1.093819, 1.764901
 297.333333, 4.498879, 0.534753, 1.041480, 1.625561
 318.666667, 4.716527, 0.571130, 1.177824, 1.798117
 302.333333, 4.553473, 0.547960, 1.174201, 1.776185
 315.333333, 4.801268, 0.532770, 1.130021, 1.723044
 323.000000, 4.646027, 0.559340, 1.092879, 1.704850
 321.666667, 4.613472, 0.528497, 1.176166, 1.753368
 314.000000, 4.049894, 0.501062, 1.134820, 1.687898
 303.666667, 4.049396, 0.507135, 1.100988, 1.669594
 307.666667, 4.941495, 0.651138, 1.156013, 1.852654
17
 0.250000, 3.000000, 0.000000, 0.000000, 2.000000
 335.000000, 5.479602, 0.671642, 1.348259, 2.075622
 364.000000, 5.089744, 0.527473, 1.218864, 1.803114
 357.000000, 4.834734, 0.577031, 1.281979, 1.908497
 361.000000, 4.888273, 0.591874, 1.264081, 1.905817
 365.000000, 4.707763, 0.471233, 1.192694, 1.710502
 342.000000, 4.675439, 0.538986, 1.282651, 1.886940
 326.333333, 4.458631, 0.540347, 1.195097, 1.780388
 317.000000, 5.424816, 0.573081, 1.145110, 1.779180
 310.333333, 4.687433, 0.501611, 1.131042, 1.682062
 295.000000, 4.959322, 0.545763, 1.112994, 1.703955
 307.333333, 4.925163, 0.526030, 1.055315, 1.631236
 321.000000, 4.781931, 0.579439, 1.154725, 1.787124
 308.000000, 4.281385, 0.548701, 1.153680, 1.755411
 313.000000, 4.420660, 0.548456, 1.155485, 1.756124
 320.666667, 4.560291, 0.507277, 1.069647, 1.632017
 321.000000, 5.163032, 0.510903, 1.182762, 1.744548
 299.333333, 3.995546, 0.582405, 1.197105, 1.824053
 307.666667, 4.258938, 0.501625, 1.122427, 1.667389
 318.333333, 5.401047, 0.620942, 1.151832, 1.824084
18
 0.250000, 6.000000, 0.000000, 0.000000, 0.000000
 327.000000, 5.204893, 0.643221, 1.396534, 2.095821
 353.666667, 4.540057, 0.517436, 1.273327, 1.843544
 367.333333, 4.747731, 0.583485, 1.242287, 1.884755
 345.333333, 5.144788, 0.576255, 1.308880, 1.932432
 372.000000, 4.774194, 0.593190, 1.187276, 1.836022
 357.333333, 4.741604, 0.544776, 1.210821, 1.808769
 333.666667, 4.731269, 0.535465, 1.164835, 1.761239
 332.333333, 5.068205, 0.557673, 1.133400, 1.741224
 308.666667, 4.636069, 0.518359, 1.158747, 1.731102
 311.333333, 5.247323, 0.602784, 1.073876, 1.724839
 286.000000, 4.763403, 0.548951, 1.066434, 1.671329
 316.000000, 4.558017, 0.553797, 1.223629, 1.822785
 313.666667, 4.764081, 0.520723, 1.168969, 1.736451
 322.333333, 4.604964, 0.524302, 1.134436, 1.703206
 321.000000, 4.772586, 0.554517, 1.098650, 1.708204
 326.666667, 4.990816, 0.563265, 1.146939, 1.765306
 317.666667, 4.457503, 0.551941, 1.114376, 1.711438
 317.333333, 4.168067, 0.512605, 1.092437, 1.650210
 308.666667, 4.745140, 0.613391, 1.171706, 1.834773
19
 0.250000, 10.000000, 0.000000, 1.000000, 2.000000
 341.666667, 5.389268, 0.670244, 1.324878, 2.056585
 345.666667, 4.779171, 0.510125, 1.297011, 1.858245
 365.000000, 4.806393, 0.598174, 1.224658, 1.885845
 362.666667, 4.817096, 0.626838, 1.255515, 1.932904
 374.666667, 4.975089, 0.600534, 1.198399, 1.844306
 363.333333, 5.339450, 0.564220, 1.249541, 1.866972
 326.333333, 4.470889, 0.536261, 1.193054, 1.778345
 323.666667, 5.093718, 0.514933, 1.124614, 1.693100
 318.666667, 5.040795, 0.521967, 1.119247, 1.695607
 308.666667, 5.443844, 0.573434, 1.070194, 1.693305
 297.333333, 5.005605, 0.500000, 1.039238, 1.596413
 311.000000, 4.448017, 0.541265, 1.205788, 1.795284
 306.333333, 4.136017, 0.533188, 1.155604, 1.744287
 315.666667, 4.515312, 0.512144, 1.123548, 1.685322
 334.000000, 4.953094, 0.512974, 1.088822, 1.649701
 325.000000, 4.863590, 0.551795, 1.164103, 1.770256
 320.333333, 4.257024, 0.551509, 1.120708, 1.718002
 303.666667, 4.342481, 0.503842, 1.120746, 1.684962
 309.333333, 5.084052, 0.599138, 1.155172, 1.799569
20
 0.250000, 0.000000, 0.000000, 0.000000, 6.000000
 346.333333, 5.434071, 0.640038, 1.292589, 1.990375
 346.666667, 4.672115, 0.494231, 1.255769, 1.808654
 348.666667, 4.296367, 0.593690, 1.261950, 1.901530
 364.000000, 5.383700, 0.579670, 1.191392, 1.818681
 371.666667, 4.443946, 0.530942, 1.177578, 1.756054
 375.000000, 5.458667, 0.572444, 1.216000, 1.841778
 322.333333, 4.344364, 0.503619, 1.197518, 1.758014
 331.000000, 4.903323, 0.534743, 1.116818, 1.702920
 317.666667, 4.866737, 0.530955, 1.138510, 1.724029
 282.666667, 4.726415, 0.563679, 1.149764, 1.767689
 297.666667, 5.029115, 0.526316, 1.072788, 1.651736
 324.000000, 4.764403, 0.544239, 1.179012, 1.771605
 305.333333, 4.291485, 0.536026, 1.182314, 1.768559
 309.333333, 4.313578, 0.546336, 1.142241, 1.739224
 321.000000, 4.639668, 0.551402, 1.111111, 1.714434
 315.000000, 4.813757, 0.541799, 1.176720, 1.770370
 323.000000, 4.662539, 0.540764, 1.130031, 1.717234
 317.666667, 4.473242, 0.532004, 1.079748, 1.660021
 314.333333, 5.241782, 0.639449, 1.138918, 1.825027
21
 0.250000, 0.000000, 0.000000, 0.000000, 7.000000
 341.000000, 5.588465, 0.686217, 1.314761, 2.057674
 354.333333, 4.714958, 0.535278, 1.294450, 1.885230
 365.000000, 5.328767, 0.577169, 1.236530, 1.864840
 352.000000, 5.593750, 0.603220, 1.294508, 1.949811
 367.000000, 4.792007, 0.513170, 1.198910, 1.776567
 348.000000, 4.931992, 0.545019, 1.262452, 1.860153
 333.000000, 4.359359, 0.523524, 1.183183, 1.756757
 323.666667, 5.197734, 0.511843, 1.147271, 1.705458
 316.000000, 4.710970, 0.520042, 1.152954, 1.723629
 305.000000, 5.183607, 0.559563, 1.097268, 1.708197
 287.000000, 4.576074, 0.544715, 1.096400, 1.694541
 330.333333, 4.478305, 0.565086, 1.152371, 1.766902
 318.000000, 4.684486, 0.530398, 1.163522, 1.747379
 311.666667, 4.546524, 0.526203, 1.117647, 1.687701
 325.333333, 4.781762, 0.531762, 1.114754, 1.699795
 307.333333, 4.588937, 0.533623, 1.220174, 1.803688
 324.000000, 4.393004, 0.545267, 1.131687, 1.721193
 302.333333, 4.266814, 0.495039, 1.132304, 1.672547
 301.666667, 4.883978, 0.626519, 1.143646, 1.820994
22
 0.250000, 10.000000, 0.000000, 1.000000, 2.000000
 329.000000, 5.710233, 0.724417, 1.401216, 2.195542
 360.000000, 4.754630, 0.539815, 1.254630, 1.843519
 375.666667, 5.126886, 0.566992, 1.213842, 1.830524
 365.666667, 5.135825, 0.568824, 1.195989, 1.814038
 363.666667, 4.690192, 0.510541, 1.172319, 1.736022
 349.666667, 5.246902, 0.556721, 1.277407, 1.897045
 335.666667, 4.646475, 0.534260, 1.161867, 1.744786
 329.666667, 5.131446, 0.590495, 1.116279, 1.756320
 320.333333, 5.038502, 0.504683, 1.139438, 1.690947
 300.333333, 4.841287, 0.546060, 1.055494, 1.660377
 295.333333, 4.760722, 0.531603, 1.056433, 1.637698
 320.333333, 4.476587, 0.553590, 1.221644, 1.826223
 306.666667, 4.033696, 0.504348, 1.143478, 1.696739
 320.333333, 4.780437, 0.551509, 1.104058, 1.705515
 318.000000, 4.299790, 0.514675, 1.091195, 1.651992
 314.000000, 4.343949, 0.532909, 1.175159, 1.768577
 304.333333, 4.315444, 0.498357, 1.148959, 1.702081
 309.000000, 4.355987, 0.512406, 1.101402, 1.666667
 302.666667, 4.714758, 0.594714, 1.165198, 1.811674
23
 0.250000, 19.000000, 0.000000, 1.000000, 4.000000
 333.000000, 5.332332, 0.646647, 1.391391, 2.112112
 355.000000, 4.844131, 0.512676, 1.287324, 1.860094
 362.000000, 5.408840, 0.567219, 1.261510, 1.888582
 367.000000, 5.253406, 0.604905, 1.255223, 1.907357
 365.666667, 5.009116, 0.582498, 1.168642, 1.804923
 346.333333, 4.562079, 0.517806, 1.240616, 1.811357
 335.333333, 4.745527, 0.511928, 1.180915, 1.756461
 312.000000, 5.136752, 0.552350, 1.133547, 1.732906
 313.666667, 4.523911, 0.530287, 1.123273, 1.710946
 301.000000, 4.663344, 0.554817, 1.131783, 1.737542
 292.000000, 4.718037, 0.528539, 1.073059, 1.658676
 318.666667, 5.030335, 0.593096, 1.200837, 1.851464
 311.333333, 4.440043, 0.517131, 1.126338, 1.689507
 327.666667, 5.043744, 0.505595, 1.096643, 1.653103
 324.333333, 4.545735, 0.533402, 1.090442, 1.676259
 302.333333, 4.178611, 0.549063, 1.237045, 1.837927
 322.333333, 4.290589, 0.562565, 1.126163, 1.735264
 308.666667, 4.232181, 0.536717, 1.115551, 1.706263
 308.333333, 4.600000, 0.557838, 1.125405, 1.732973
24
 0.250000, 16.000000, 0.000000, 0.000000, 4.000000
 358.666667, 5.542751, 0.664498, 1.263941, 1.991636
 357.000000, 4.780579, 0.517274, 1.211018, 1.786181
 366.333333, 5.201092, 0.607825, 1.242038, 1.910828
 369.000000, 5.224029, 0.591689, 1.245709, 1.882565
 367.000000, 5.286104, 0.578565, 1.189827, 1.820163
 345.333333, 4.932432, 0.566602, 1.253861, 1.887066
 328.666667, 4.554767, 0.546653, 1.215010, 1.810345
 320.666667, 5.356549, 0.579002, 1.127859, 1.771310
 331.333333, 5.179074, 0.540241, 1.100604, 1.686117
 296.000000, 4.983108, 0.556306, 1.088964, 1.706081
 282.666667, 4.549528, 0.524764, 1.083726, 1.653302
 306.000000, 4.422658, 0.501089, 1.194989, 1.741830
 291.666667, 4.281143, 0.508571, 1.180571, 1.740571
 317.000000, 4.762355, 0.526814, 1.133544, 1.709779
 317.333333, 4.524160, 0.533613, 1.092437, 1.675420
 313.000000, 4.368477, 0.544196, 1.201278, 1.798722
 322.333333, 4.371251, 0.538780, 1.111686, 1.700103
 310.333333, 4.424275, 0.502685, 1.106337, 1.657358
 310.000000, 5.008602, 0.616129, 1.121505, 1.793548
25
 0.250000, 16.000000, 0.000000, 0.000000, 4.000000
 333.666667, 5.244755, 0.621379, 1.364635, 2.042957
 356.666667, 4.880374, 0.493458, 1.260748, 1.814953
 370.000000, 5.143243, 0.562162, 1.256757, 1.866667
 355.333333, 5.053471, 0.567542, 1.194184, 1.886492
 370.000000, 5.211712, 0.594595, 1.197297, 1.850450
 351.000000, 5.319088, 0.549858, 1.240266, 1.857550
 329.333333, 4.704453, 0.548583, 1.177126, 1.778340
 322.000000, 5.417184, 0.589027, 1.132505, 1.776398
 316.333333, 5.086407, 0.532139, 1.132771, 1.721812
 285.666667, 5.189032, 0.604434, 1.133022, 1.788798
 291.333333, 4.630435, 0.528604, 1.066362, 1.641876
 316.666667, 4.481053, 0.526316, 1.208421, 1.789474
 312.666667, 4.493603, 0.505330, 1.144989, 1.699360
 311.333333, 4.726981, 0.540685, 1.143469, 1.733405
 311.000000, 4.490890, 0.549839, 1.124330, 1.723473
 316.666667, 4.673684, 0.530526, 1.195789, 1.778947
 315.666667, 4.170011, 0.540655, 1.130940, 1.730729
 312.333333, 4.541089, 0.493063, 1.091782, 1.632871
 314.000000, 5.755839, 0.668790, 1.159236, 1.876858
26
 0.250000, 1.000000, 3.000000, 0.000000, 6.000000
 338.000000, 5.487179, 0.625247, 1.348126, 2.036489
 349.666667, 4.594852, 0.496663, 1.270734, 1.825548
 388.333333, 4.890129, 0.555365, 1.188841, 1.792275
 371.000000, 5.461815, 0.607367, 1.166217, 1.830189
 354.333333, 4.656632, 0.543744, 1.196613, 1.797742
 341.666667, 4.818537, 0.544390, 1.254634, 1.856585
 310.666667, 4.450644, 0.520386, 1.240343, 1.813305
 331.000000, 5.310171, 0.550856, 1.112790, 1.713998
 314.333333, 4.609756, 0.513256, 1.132556, 1.694592
 310.666667, 5.153433, 0.571888, 1.069742, 1.688841
 308.666667, 4.967603, 0.515119, 1.045356, 1.610151
 325.000000, 4.531282, 0.527179, 1.176410, 1.750769
 304.666667, 4.416849, 0.489059, 1.163020, 1.696937
 318.000000, 4.599581, 0.515723, 1.104822, 1.666667
 337.000000, 4.581602, 0.531157, 1.068249, 1.642928
 324.666667, 4.739220, 0.573922, 1.184805, 1.809035
 316.666667, 4.075789, 0.532632, 1.107368, 1.683158
 307.000000, 4.471227, 0.524430, 1.104235, 1.677524
 297.000000, 4.554433, 0.627385, 1.194164, 1.869809
27
 0.250000, 3.000000, 3.000000, 0.000000, 6.000000
 347.000000, 5.359270, 0.709894, 1.298751, 2.062440
 352.333333, 4.737938, 0.567644, 1.240303, 1.863765
 381.000000, 5.193351, 0.573053, 1.209099, 1.830271
 371.000000, 5.460018, 0.568733, 1.227314, 1.843666
 375.000000, 5.605333, 0.621333, 1.160889, 1.836444
 333.666667, 4.503497, 0.510490, 1.279720, 1.852148
 320.000000, 4.126042, 0.550000, 1.236458, 1.847917
 333.000000, 4.891892, 0.523524, 1.083083, 1.657658
 310.000000, 4.968817, 0.540860, 1.110753, 1.720430
 293.000000, 4.754266, 0.550626, 1.119454, 1.715586
 294.333333, 4.413364, 0.515289, 1.047565, 1.611552
 313.333333, 4.338298, 0.548936, 1.209574, 1.812766
 307.333333, 4.566161, 0.518438, 1.163774, 1.736443
 321.666667, 4.757513, 0.532642, 1.122280, 1.709845
 326.666667, 4.838776, 0.561224, 1.090816, 1.702041
 317.333333, 4.920168, 0.529412, 1.191176, 1.774160
 318.666667, 4.228033, 0.520921, 1.138075, 1.711297
 298.000000, 4.082774, 0.493289, 1.145414, 1.697987
 303.666667, 5.155873, 0.645445, 1.167947, 1.861690
28
 0.250000, 9.000000, 2.000000, 0.000000, 4.000000
 346.666667, 5.549038, 0.651923, 1.303846, 2.012500
 344.333333, 4.611810, 0.553727, 1.310745, 1.927396
 370.000000, 5.076577, 0.581982, 1.204505, 1.845946
 355.333333, 5.234522, 0.634146, 1.233583, 1.993433
 365.000000, 4.600913, 0.481279, 1.149772, 1.693151
 351.666667, 5.171564, 0.510900, 1.272038, 1.838863
 320.666667, 4.212058, 0.551975, 1.212058, 1.821206
 322.000000, 4.746377, 0.543478, 1.150104, 1.742236
 311.666667, 4.489840, 0.541176, 1.136898, 1.743316
 306.666667, 5.261957, 0.563043, 1.095652, 1.711957
 303.000000, 5.170517, 0.533553, 1.040704, 1.619362
 317.000000, 4.462671, 0.527865, 1.194532, 1.770768
 303.000000, 4.261826, 0.520352, 1.169417, 1.739274
 310.333333, 4.708915, 0.551020, 1.160043, 1.759398
 323.000000, 4.400413, 0.508772, 1.110423, 1.665635
 330.333333, 4.922301, 0.546922, 1.146317, 1.739657
 312.000000, 4.252137, 0.553419, 1.157051, 1.753205
 303.666667, 4.007684, 0.529089, 1.126235, 1.706915
 317.333333, 5.316176, 0.600840, 1.143908, 1.797269
29
 0.250000, 9.000000, 1.000000, 0.000000, 3.000000
 339.000000, 5.063913, 0.662734, 1.339233, 2.057030
 348.666667, 4.644359, 0.530593, 1.268642, 1.854685
 364.333333, 5.180238, 0.558097, 1.239707, 1.851784
 374.666667, 4.828292, 0.632562, 1.233986, 1.911032
 369.333333, 4.978339, 0.527076, 1.170578, 1.747292
 359.000000, 5.238626, 0.551532, 1.243268, 1.863510
 321.333333, 4.175311, 0.506224, 1.212656, 1.763485
 322.666667, 4.989669, 0.521694, 1.150826, 1.717975
 317.333333, 5.113445, 0.553571, 1.131303, 1.731092
 295.666667, 4.918828, 0.636979, 1.128523, 1.816234
 295.666667, 4.891770, 0.540023, 1.062007, 1.650507
 313.666667, 4.340064, 0.523911, 1.205101, 1.783209
 317.333333, 4.848739, 0.515756, 1.128151, 1.693277
 321.333333, 4.761411, 0.549793, 1.132780, 1.729253
 311.333333, 4.444325, 0.509636, 1.111349, 1.673448
 306.000000, 4.338780, 0.515251, 1.204793, 1.769063
 314.333333, 4.257688, 0.535525, 1.104984, 1.698834
 311.333333, 4.313704, 0.513919, 1.135974, 1.694861
 312.333333, 5.216649, 0.592316, 1.148346, 1.796158
30
 0.250000, 11.000000, 1.000000, 0.000000, 2.000000
 332.333333, 5.400201, 0.643932, 1.351053, 2.062187
 361.333333, 4.662362, 0.529520, 1.265683, 1.854244
 356.000000, 4.819288, 0.544944, 1.259363, 1.856742
 363.666667, 5.373052, 0.625115, 1.274977, 1.949588
 378.000000, 5.365961, 0.621693, 1.179894, 1.850970
 351.000000, 5.235518, 0.559354, 1.271605, 1.880342
 332.000000, 4.525100, 0.525100, 1.163655, 1.741968
 330.333333, 4.813320, 0.549950, 1.141271, 1.742684
 323.333333, 4.553608, 0.545361, 1.125773, 1.716495
 299.333333, 5.420935, 0.619154, 1.124722, 1.788419
 299.000000, 4.416945, 0.527313, 1.047938, 1.624303
 323.666667, 4.763131, 0.520082, 1.174047, 1.741504
 307.666667, 4.749729, 0.498375, 1.146262, 1.711809
 323.666667, 4.854789, 0.529351, 1.109166, 1.685891
 321.000000, 4.739356, 0.553479, 1.079958, 1.682243
 316.666667, 4.431579, 0.517895, 1.156842, 1.723158
 314.666667, 4.199153, 0.495763, 1.144068, 1.684322
 315.000000, 4.595767, 0.487831, 1.087831, 1.628571
 311.000000, 5.000000, 0.603430, 1.155413, 1.804930
31
 0.250000, 11.000000, 1.000000, 0.000000, 2.000000
 329.666667, 5.347826, 0.644085, 1.381193, 2.093023
 357.666667, 5.311277, 0.546132, 1.258155, 1.853681
 378.000000, 4.793651, 0.575838, 1.209877, 1.835097
 350.000000, 5.301905, 0.589524, 1.302857, 1.947619
 354.333333, 4.676388, 0.495767, 1.229539, 1.776105
 337.333333, 4.735178, 0.529644, 1.280632, 1.862648
 321.000000, 4.403946, 0.519211, 1.204569, 1.776739
 319.000000, 4.785789, 0.540230, 1.122257, 1.724138
 331.666667, 4.939698, 0.545729, 1.112563, 1.704523
 309.000000, 4.895361, 0.579288, 1.053937, 1.693635
 307.333333, 5.112798, 0.526030, 1.066161, 1.643167
 316.333333, 4.384615, 0.574289, 1.193888, 1.815595
 295.333333, 4.502257, 0.520316, 1.203160, 1.773138
 318.666667, 4.570084, 0.519874, 1.137029, 1.712343
 316.333333, 4.721812, 0.555321, 1.100105, 1.713383
 311.000000, 4.517685, 0.519829, 1.195070, 1.759914
 320.000000, 4.494792, 0.520833, 1.131250, 1.696875
 307.666667, 4.203684, 0.495125, 1.123510, 1.667389
 308.666667, 4.793737, 0.591793, 1.166307, 1.808855
Histogram
1 0 0 0 0 0 0 0 0 0 0 0 0 0 0 2 138 267 144 26 18 10 6 2 0 0 0 0 0 0 1 0 0 0 0 0 0 0 0 0 4 0 0 0 0 0 0 0 0 0 0 0 0 0 0 0 0 0 0 0 3 0 0 0 0 0 0 0 0 0 1 0 0 0 0 0 0 0 0 0 0 0 0 0 0 0 0 0 0 0 0 0 0 0 0 0 0 0 0 0 0 0 0 0 0 0 0 0 0 0 0 0 0 0 0 0 0 0 0 17 
Cache Miss Ratio
NaN
numOfSets
625729
numOfGets
0
numOfMultiGets
0
