20
0
 0.250000, 0.000000, 0.000000, 12.000000, 40.000000
 93.000000, 0.111111, 0.215054, 0.903226, 1.207885
 100.333333, 0.026578, 0.156146, 0.730897, 0.930233
 104.333333, 0.118211, 0.156550, 0.731629, 0.932907
 95.666667, 0.062718, 0.153310, 0.832753, 1.034843
 100.333333, 0.209302, 0.242525, 0.780731, 1.136213
 100.000000, 0.060000, 0.150000, 0.780000, 0.976667
 96.666667, 0.065517, 0.186207, 0.817241, 1.051724
 96.666667, 0.034483, 0.189655, 0.844828, 1.075862
 83.666667, 0.107570, 0.183267, 1.007968, 1.239044
 97.333333, 0.212329, 0.208904, 0.910959, 1.171233
 103.333333, 0.070968, 0.174194, 0.745161, 0.967742
 97.333333, 0.027397, 0.140411, 0.784247, 0.969178
 105.000000, 0.057143, 0.165079, 0.742857, 0.952381
 99.333333, 0.090604, 0.137584, 0.852349, 1.033557
 100.000000, 0.063333, 0.140000, 0.823333, 1.006667
 104.333333, 0.150160, 0.130990, 1.124601, 1.300319
 100.666667, 0.019868, 0.139073, 0.698675, 0.880795
 96.666667, 0.037931, 0.162069, 0.741379, 0.944828
 96.333333, 0.162630, 0.162630, 1.173010, 1.384083
1
 0.250000, 0.000000, 0.000000, 12.000000, 39.000000
 89.000000, 0.071161, 0.183521, 0.925094, 1.176030
 99.333333, 0.057047, 0.161074, 0.724832, 0.929530
 99.333333, 0.020134, 0.174497, 0.731544, 0.946309
 94.333333, 0.116608, 0.176678, 0.770318, 0.989399
 97.333333, 0.123288, 0.202055, 0.732877, 0.979452
 101.000000, 0.082508, 0.198020, 0.755776, 1.003300
 93.666667, 0.053381, 0.209964, 0.825623, 1.078292
 97.666667, 0.061433, 0.174061, 0.808874, 1.027304
 90.000000, 0.103704, 0.185185, 0.992593, 1.225926
 98.666667, 0.270270, 0.209459, 0.895270, 1.152027
 101.000000, 0.056106, 0.151815, 0.729373, 0.930693
 95.333333, 0.006993, 0.160839, 0.797203, 1.013986
 104.000000, 0.012821, 0.163462, 0.756410, 0.971154
 98.000000, 0.051020, 0.142857, 0.795918, 0.982993
 100.000000, 0.133333, 0.173333, 0.776667, 0.996667
 99.333333, 0.097315, 0.157718, 1.107383, 1.325503
 103.000000, 0.064725, 0.165049, 0.779935, 0.983819
 96.333333, 0.017301, 0.204152, 0.775087, 1.020761
 94.000000, 0.106383, 0.163121, 1.127660, 1.336879
2
 0.250000, 0.000000, 0.000000, 6.000000, 20.000000
 92.666667, 0.093525, 0.194245, 0.956835, 1.230216
 100.333333, 0.033223, 0.132890, 0.747508, 0.926910
 102.333333, 0.068404, 0.192182, 0.768730, 1.000000
 100.000000, 0.176667, 0.240000, 0.800000, 1.083333
 96.000000, 0.072917, 0.194444, 0.788194, 1.027778
 101.000000, 0.072607, 0.194719, 0.739274, 0.980198
 97.333333, 0.061644, 0.147260, 0.773973, 0.965753
 96.333333, 0.020761, 0.169550, 0.806228, 1.020761
 88.000000, 0.136364, 0.189394, 1.015152, 1.257576
 91.000000, 0.091575, 0.172161, 0.890110, 1.113553
 103.333333, 0.106452, 0.183871, 0.796774, 1.029032
 96.666667, 0.034483, 0.127586, 0.779310, 0.955172
 105.666667, 0.072555, 0.135647, 0.728707, 0.908517
 97.333333, 0.082192, 0.181507, 0.866438, 1.092466
 104.333333, 0.143770, 0.162939, 0.744409, 0.948882
 101.666667, 0.124590, 0.147541, 1.075410, 1.268852
 105.333333, 0.075949, 0.139241, 0.734177, 0.914557
 99.000000, 0.104377, 0.191919, 0.754209, 0.989899
 92.666667, 0.079137, 0.147482, 1.086331, 1.284173
3
 0.250000, 0.000000, 0.000000, 12.000000, 32.000000
 95.000000, 0.129825, 0.214035, 0.954386, 1.235088
 102.333333, 0.094463, 0.133550, 0.736156, 0.912052
 104.000000, 0.076923, 0.176282, 0.772436, 0.996795
 96.666667, 0.103448, 0.175862, 0.837931, 1.055172
 96.666667, 0.110345, 0.203448, 0.803448, 1.058621
 100.000000, 0.043333, 0.176667, 0.770000, 0.993333
 101.000000, 0.224422, 0.270627, 0.834983, 1.155116
 99.000000, 0.087542, 0.181818, 0.797980, 1.026936
 88.333333, 0.147170, 0.207547, 0.950943, 1.203774
 90.333333, 0.110701, 0.221402, 0.889299, 1.158672
 102.666667, 0.025974, 0.172078, 0.827922, 1.048701
 97.333333, 0.089041, 0.150685, 0.791096, 0.989726
 105.000000, 0.073016, 0.174603, 0.758730, 0.974603
 96.333333, 0.065744, 0.173010, 0.906574, 1.128028
 103.333333, 0.074194, 0.145161, 0.835484, 1.025806
 102.333333, 0.120521, 0.127036, 1.026059, 1.198697
 102.000000, 0.055556, 0.150327, 0.745098, 0.937908
 97.666667, 0.034130, 0.211604, 0.829352, 1.078498
 94.333333, 0.130742, 0.144876, 1.053004, 1.243816
4
 0.250000, 0.000000, 1.000000, 11.000000, 31.000000
 88.666667, 0.112782, 0.225564, 0.951128, 1.266917
 101.000000, 0.112211, 0.161716, 0.712871, 0.920792
 101.333333, 0.046053, 0.174342, 0.717105, 0.927632
 95.000000, 0.063158, 0.175439, 0.792982, 1.017544
 94.333333, 0.063604, 0.243816, 0.734982, 1.021201
 98.000000, 0.040816, 0.156463, 0.748299, 0.948980
 96.666667, 0.093103, 0.165517, 0.762069, 0.972414
 97.333333, 0.061644, 0.171233, 0.869863, 1.085616
 90.333333, 0.095941, 0.184502, 1.029520, 1.258303
 99.000000, 0.303030, 0.272727, 0.902357, 1.222222
 105.000000, 0.085714, 0.155556, 0.752381, 0.961905
 99.666667, 0.073579, 0.167224, 0.785953, 1.020067
 104.000000, 0.035256, 0.144231, 0.721154, 0.910256
 99.000000, 0.101010, 0.154882, 0.895623, 1.104377
 102.000000, 0.098039, 0.147059, 0.754902, 0.957516
 98.000000, 0.105442, 0.122449, 1.139456, 1.312925
 105.000000, 0.060317, 0.136508, 0.736508, 0.914286
 99.333333, 0.060403, 0.151007, 0.731544, 0.922819
 94.000000, 0.156028, 0.124113, 1.056738, 1.226950
5
 0.250000, 0.000000, 5.000000, 12.000000, 31.000000
 94.333333, 0.109541, 0.190813, 0.911661, 1.183746
 99.000000, 0.023569, 0.161616, 0.784512, 0.986532
 101.000000, 0.029703, 0.188119, 0.765677, 0.993399
 94.000000, 0.070922, 0.202128, 0.794326, 1.039007
 99.666667, 0.090301, 0.224080, 0.735786, 1.003344
 100.666667, 0.086093, 0.158940, 0.754967, 0.960265
 96.000000, 0.045139, 0.170139, 0.812500, 1.027778
 97.666667, 0.075085, 0.174061, 0.849829, 1.071672
 91.000000, 0.124542, 0.230769, 0.959707, 1.234432
 93.000000, 0.078853, 0.218638, 0.874552, 1.146953
 102.000000, 0.052288, 0.150327, 0.761438, 0.957516
 96.666667, 0.062069, 0.182759, 0.782759, 1.010345
 103.666667, 0.035370, 0.151125, 0.733119, 0.926045
 102.666667, 0.146104, 0.204545, 0.873377, 1.126623
 102.666667, 0.116883, 0.172078, 0.814935, 1.032468
 101.000000, 0.105611, 0.132013, 1.105611, 1.280528
 100.000000, 0.020000, 0.160000, 0.746667, 0.950000
 102.333333, 0.156352, 0.205212, 0.729642, 0.977199
 94.000000, 0.184397, 0.145390, 1.180851, 1.372340
6
 0.250000, 0.000000, 5.000000, 0.000000, 21.000000
 93.666667, 0.103203, 0.167260, 0.896797, 1.124555
 99.000000, 0.090909, 0.198653, 0.750842, 0.993266
 107.000000, 0.130841, 0.177570, 0.728972, 0.956386
 95.666667, 0.083624, 0.243902, 0.787456, 1.073171
 94.333333, 0.074205, 0.247350, 0.809187, 1.120141
 99.000000, 0.047138, 0.168350, 0.760943, 0.969697
 98.000000, 0.091837, 0.159864, 0.775510, 0.979592
 94.333333, 0.024735, 0.197880, 0.773852, 1.017668
 91.333333, 0.226277, 0.215328, 1.120438, 1.383212
 96.333333, 0.245675, 0.249135, 0.892734, 1.186851
 101.666667, 0.036066, 0.180328, 0.826230, 1.052459
 99.333333, 0.087248, 0.174497, 0.845638, 1.070470
 102.666667, 0.032468, 0.139610, 0.750000, 0.931818
 98.333333, 0.138983, 0.155932, 0.786441, 0.986441
 105.000000, 0.126984, 0.168254, 0.803175, 1.015873
 97.333333, 0.109589, 0.133562, 1.051370, 1.236301
 102.333333, 0.039088, 0.127036, 0.781759, 0.951140
 98.666667, 0.060811, 0.179054, 0.753378, 0.976351
 95.333333, 0.206294, 0.188811, 1.003497, 1.237762
7
 0.250000, 0.000000, 4.000000, 1.000000, 30.000000
 92.333333, 0.155235, 0.202166, 0.945848, 1.223827
 101.666667, 0.042623, 0.147541, 0.718033, 0.908197
 101.333333, 0.062500, 0.151316, 0.779605, 0.970395
 94.000000, 0.035461, 0.173759, 0.748227, 0.978723
 101.000000, 0.158416, 0.188119, 0.792079, 1.036304
 102.333333, 0.052117, 0.208469, 0.771987, 1.022801
 98.000000, 0.071429, 0.265306, 0.823129, 1.136054
 97.333333, 0.092466, 0.178082, 0.832192, 1.068493
 88.000000, 0.102273, 0.196970, 0.969697, 1.212121
 96.666667, 0.144828, 0.255172, 0.903448, 1.203448
 100.666667, 0.052980, 0.182119, 0.807947, 1.036424
 98.666667, 0.067568, 0.172297, 0.837838, 1.054054
 103.666667, 0.022508, 0.135048, 0.707395, 0.884244
 103.000000, 0.126214, 0.171521, 0.925566, 1.142395
 102.333333, 0.097720, 0.175896, 0.762215, 0.993485
 99.666667, 0.103679, 0.157191, 1.130435, 1.334448
 102.333333, 0.094463, 0.146580, 0.791531, 0.980456
 95.666667, 0.027875, 0.160279, 0.742160, 0.954704
 93.333333, 0.096429, 0.192857, 1.178571, 1.414286
8
 0.250000, 0.000000, 0.000000, 0.000000, 2.000000
 96.333333, 0.103806, 0.183391, 0.878893, 1.121107
 102.333333, 0.071661, 0.159609, 0.732899, 0.934853
 99.000000, 0.020202, 0.154882, 0.734007, 0.929293
 96.000000, 0.121528, 0.229167, 0.760417, 1.031250
 97.333333, 0.051370, 0.198630, 0.773973, 1.017123
 99.000000, 0.023569, 0.168350, 0.720539, 0.936027
 94.666667, 0.066901, 0.183099, 0.820423, 1.045775
 96.333333, 0.079585, 0.176471, 0.785467, 1.010381
 91.000000, 0.135531, 0.179487, 0.959707, 1.186813
 95.666667, 0.104530, 0.198606, 0.926829, 1.181185
 101.000000, 0.075908, 0.188119, 0.825083, 1.056106
 98.000000, 0.044218, 0.153061, 0.833333, 1.030612
 101.000000, 0.029703, 0.155116, 0.726073, 0.920792
 102.000000, 0.098039, 0.166667, 0.816993, 1.022876
 102.666667, 0.123377, 0.185065, 0.785714, 1.019481
 100.000000, 0.103333, 0.153333, 1.026667, 1.240000
 105.000000, 0.117460, 0.155556, 0.736508, 0.936508
 98.666667, 0.097973, 0.243243, 0.787162, 1.070946
 95.333333, 0.066434, 0.122378, 1.136364, 1.307692
9
 0.250000, 1.000000, 0.000000, 0.000000, 2.000000
 92.000000, 0.108696, 0.221014, 0.989130, 1.300725
 101.000000, 0.072607, 0.148515, 0.801980, 0.993399
 101.333333, 0.023026, 0.148026, 0.736842, 0.924342
 95.333333, 0.069930, 0.181818, 0.783217, 1.006993
 97.333333, 0.068493, 0.178082, 0.746575, 0.969178
 99.666667, 0.066890, 0.183946, 0.759197, 0.989967
 96.666667, 0.168966, 0.231034, 0.827586, 1.103448
 97.000000, 0.048110, 0.158076, 0.831615, 1.037801
 87.333333, 0.103053, 0.194656, 0.980916, 1.225191
 98.333333, 0.169492, 0.189831, 0.864407, 1.108475
 102.000000, 0.039216, 0.160131, 0.751634, 0.957516
 98.000000, 0.020408, 0.156463, 0.789116, 0.989796
 102.333333, 0.029316, 0.140065, 0.758958, 0.944625
 97.333333, 0.037671, 0.160959, 0.849315, 1.058219
 103.000000, 0.119741, 0.203883, 0.741100, 0.990291
 101.000000, 0.099010, 0.112211, 1.072607, 1.231023
 104.666667, 0.082803, 0.130573, 0.713376, 0.888535
 97.000000, 0.017182, 0.175258, 0.728522, 0.955326
 93.000000, 0.086022, 0.164875, 1.068100, 1.279570
10
 0.250000, 1.000000, 0.000000, 0.000000, 3.000000
 94.666667, 0.098592, 0.169014, 0.897887, 1.130282
 102.666667, 0.042208, 0.126623, 0.711039, 0.883117
 104.333333, 0.185304, 0.166134, 0.706070, 0.920128
 96.333333, 0.086505, 0.190311, 0.816609, 1.093426
 98.333333, 0.149153, 0.230508, 0.783051, 1.071186
 99.333333, 0.050336, 0.174497, 0.838926, 1.057047
 94.000000, 0.031915, 0.173759, 0.783688, 1.000000
 96.000000, 0.079861, 0.156250, 0.829861, 1.031250
 85.000000, 0.074510, 0.192157, 1.105882, 1.345098
 97.666667, 0.187713, 0.235495, 0.877133, 1.160410
 101.666667, 0.029508, 0.154098, 0.757377, 0.960656
 97.000000, 0.017182, 0.164948, 0.807560, 1.020619
 104.000000, 0.032051, 0.141026, 0.743590, 0.926282
 95.666667, 0.052265, 0.142857, 0.860627, 1.048780
 100.000000, 0.053333, 0.136667, 0.820000, 1.000000
 102.333333, 0.166124, 0.123779, 1.055375, 1.234528
 102.333333, 0.035831, 0.146580, 0.729642, 0.918567
 95.333333, 0.052448, 0.178322, 0.762238, 0.982517
 99.666667, 0.307692, 0.210702, 1.083612, 1.341137
11
 0.250000, 3.000000, 1.000000, 0.000000, 3.000000
 94.666667, 0.130282, 0.172535, 0.961268, 1.211268
 101.000000, 0.026403, 0.165017, 0.739274, 0.947195
 100.000000, 0.043333, 0.173333, 0.753333, 0.970000
 95.333333, 0.052448, 0.136364, 0.755245, 0.933566
 100.333333, 0.232558, 0.229236, 0.787375, 1.059801
 100.666667, 0.129139, 0.165563, 0.738411, 0.947020
 94.333333, 0.056537, 0.201413, 0.837456, 1.077739
 95.666667, 0.045296, 0.177700, 0.815331, 1.034843
 86.333333, 0.100386, 0.189189, 0.984556, 1.231660
 93.333333, 0.139286, 0.232143, 0.957143, 1.239286
 104.000000, 0.064103, 0.150641, 0.756410, 0.951923
 99.000000, 0.023569, 0.164983, 0.855219, 1.063973
 108.333333, 0.080000, 0.163077, 0.738462, 0.944615
 96.666667, 0.048276, 0.220690, 0.882759, 1.144828
 98.333333, 0.033898, 0.145763, 0.793220, 0.986441
 100.333333, 0.139535, 0.146179, 1.026578, 1.235880
 103.000000, 0.025890, 0.152104, 0.741100, 0.932039
 95.000000, 0.028070, 0.161404, 0.768421, 0.971930
 96.333333, 0.214533, 0.128028, 1.269896, 1.460208
12
 0.250000, 2.000000, 3.000000, 0.000000, 6.000000
 93.333333, 0.117857, 0.203571, 0.996429, 1.264286
 100.000000, 0.046667, 0.176667, 0.743333, 0.966667
 98.666667, 0.020270, 0.158784, 0.716216, 0.918919
 96.333333, 0.051903, 0.155709, 0.802768, 1.006920
 97.666667, 0.156997, 0.262799, 0.849829, 1.163823
 100.000000, 0.043333, 0.156667, 0.770000, 0.983333
 95.666667, 0.097561, 0.174216, 0.808362, 1.020906
 98.666667, 0.104730, 0.226351, 0.814189, 1.084459
 86.333333, 0.104247, 0.204633, 1.057915, 1.308880
 92.666667, 0.158273, 0.169065, 0.913669, 1.129496
 102.000000, 0.045752, 0.160131, 0.771242, 0.990196
 98.000000, 0.098639, 0.163265, 0.843537, 1.051020
 104.000000, 0.028846, 0.141026, 0.756410, 0.939103
 99.666667, 0.083612, 0.167224, 0.929766, 1.147157
 101.000000, 0.112211, 0.174917, 0.788779, 1.023102
 95.000000, 0.056140, 0.143860, 1.056140, 1.256140
 103.666667, 0.106109, 0.167203, 0.733119, 0.942122
 97.666667, 0.023891, 0.167235, 0.740614, 0.945392
 97.666667, 0.174061, 0.167235, 1.068259, 1.296928
13
 0.250000, 3.000000, 1.000000, 1.000000, 5.000000
 91.333333, 0.069343, 0.255474, 0.879562, 1.197080
 101.000000, 0.059406, 0.181518, 0.752475, 0.976898
 102.000000, 0.071895, 0.163399, 0.741830, 0.960784
 96.333333, 0.100346, 0.193772, 0.823529, 1.058824
 100.000000, 0.130000, 0.216667, 0.783333, 1.046667
 104.333333, 0.124601, 0.146965, 0.738019, 0.929712
 97.333333, 0.068493, 0.174658, 0.780822, 1.003425
 95.333333, 0.024476, 0.160839, 0.832168, 1.038462
 87.666667, 0.114068, 0.182510, 1.049430, 1.273764
 97.000000, 0.120275, 0.216495, 0.879725, 1.147766
 106.333333, 0.097179, 0.156740, 0.780564, 0.984326
 98.666667, 0.094595, 0.165541, 0.841216, 1.081081
 103.333333, 0.022581, 0.138710, 0.735484, 0.916129
 96.666667, 0.048276, 0.124138, 0.879310, 1.044828
 98.333333, 0.071186, 0.155932, 0.772881, 0.972881
 97.666667, 0.071672, 0.143345, 1.075085, 1.266212
 103.666667, 0.045016, 0.141479, 0.729904, 0.913183
 99.000000, 0.090909, 0.242424, 0.794613, 1.090909
 92.333333, 0.083032, 0.133574, 1.083032, 1.263538
14
 0.250000, 3.000000, 4.000000, 0.000000, 5.000000
 97.333333, 0.174658, 0.301370, 0.993151, 1.376712
 101.333333, 0.072368, 0.151316, 0.759868, 0.957237
 103.666667, 0.048232, 0.163987, 0.717042, 0.922830
 92.666667, 0.028777, 0.165468, 0.809353, 1.014388
 94.333333, 0.074205, 0.222615, 0.763251, 1.031802
 102.333333, 0.110749, 0.205212, 0.768730, 1.013029
 95.333333, 0.164336, 0.195804, 0.748252, 0.993007
 98.333333, 0.094915, 0.162712, 0.820339, 1.027119
 92.000000, 0.231884, 0.192029, 0.938406, 1.177536
 92.666667, 0.136691, 0.179856, 0.892086, 1.122302
 103.666667, 0.057878, 0.167203, 0.774920, 0.990354
 96.666667, 0.037931, 0.175862, 0.851724, 1.072414
 104.000000, 0.019231, 0.131410, 0.737179, 0.913462
 100.333333, 0.089701, 0.159468, 0.870432, 1.076412
 97.666667, 0.071672, 0.150171, 0.791809, 0.989761
 96.000000, 0.097222, 0.159722, 1.114583, 1.322917
 103.666667, 0.067524, 0.141479, 0.697749, 0.884244
 101.333333, 0.141447, 0.190789, 0.789474, 1.023026
 95.333333, 0.097902, 0.174825, 1.174825, 1.395105
15
 0.250000, 2.000000, 1.000000, 0.000000, 33.000000
 94.666667, 0.126761, 0.179577, 0.940141, 1.179577
 98.333333, 0.020339, 0.162712, 0.745763, 0.959322
 100.666667, 0.036424, 0.165563, 0.738411, 0.943709
 94.000000, 0.102837, 0.170213, 0.812057, 1.024823
 96.000000, 0.104167, 0.225694, 0.795139, 1.086806
 100.000000, 0.103333, 0.186667, 0.726667, 0.956667
 102.333333, 0.224756, 0.179153, 0.785016, 1.019544
 96.666667, 0.027586, 0.182759, 0.848276, 1.075862
 87.000000, 0.061303, 0.187739, 0.942529, 1.187739
 96.000000, 0.236111, 0.173611, 0.954861, 1.184028
 104.000000, 0.105769, 0.166667, 0.756410, 0.967949
 98.000000, 0.057823, 0.183673, 0.867347, 1.091837
 104.333333, 0.028754, 0.146965, 0.747604, 0.939297
 100.666667, 0.102649, 0.129139, 0.877483, 1.062914
 100.666667, 0.076159, 0.162252, 0.804636, 1.013245
 101.666667, 0.160656, 0.131148, 1.144262, 1.321311
 104.333333, 0.031949, 0.137380, 0.699681, 0.878594
 100.000000, 0.110000, 0.233333, 0.783333, 1.056667
 96.666667, 0.096552, 0.144828, 1.100000, 1.293103
16
 0.250000, 0.000000, 1.000000, 1.000000, 33.000000
 99.666667, 0.210702, 0.173913, 0.953177, 1.197324
 100.666667, 0.039735, 0.175497, 0.754967, 0.973510
 105.000000, 0.104762, 0.146032, 0.733333, 0.923810
 94.666667, 0.056338, 0.193662, 0.838028, 1.073944
 98.333333, 0.159322, 0.261017, 0.861017, 1.172881
 101.000000, 0.099010, 0.194719, 0.732673, 0.970297
 93.333333, 0.046429, 0.189286, 0.789286, 1.021429
 99.000000, 0.101010, 0.168350, 0.808081, 1.023569
 90.666667, 0.136029, 0.176471, 0.966912, 1.191176
 95.333333, 0.143357, 0.202797, 0.849650, 1.104895
 101.000000, 0.102310, 0.158416, 0.798680, 1.003300
 99.666667, 0.073579, 0.163880, 0.842809, 1.053512
 105.000000, 0.034921, 0.146032, 0.752381, 0.942857
 100.333333, 0.102990, 0.149502, 0.860465, 1.056478
 100.333333, 0.079734, 0.156146, 0.797342, 1.003322
 96.666667, 0.200000, 0.244828, 1.131034, 1.427586
 106.333333, 0.128527, 0.166144, 0.692790, 0.899687
 96.333333, 0.003460, 0.176471, 0.761246, 0.979239
 96.000000, 0.229167, 0.173611, 1.121528, 1.343750
17
 0.250000, 1.000000, 31.000000, 1.000000, 32.000000
 103.000000, 0.213592, 0.284790, 0.935275, 1.278317
 100.333333, 0.036545, 0.146179, 0.740864, 0.943522
 102.000000, 0.026144, 0.153595, 0.718954, 0.915033
 95.000000, 0.066667, 0.189474, 0.775439, 1.003509
 97.333333, 0.106164, 0.164384, 0.777397, 0.986301
 102.000000, 0.137255, 0.176471, 0.751634, 0.970588
 98.000000, 0.125850, 0.153061, 0.782313, 0.982993
 100.666667, 0.096026, 0.182119, 0.771523, 1.000000
 87.666667, 0.114068, 0.209125, 0.935361, 1.193916
 90.333333, 0.077491, 0.188192, 0.889299, 1.121771
 103.000000, 0.152104, 0.171521, 0.818770, 1.038835
 101.000000, 0.089109, 0.135314, 0.798680, 0.980198
 106.666667, 0.046875, 0.143750, 0.734375, 0.921875
 100.000000, 0.103333, 0.160000, 0.870000, 1.073333
 100.000000, 0.040000, 0.163333, 0.770000, 0.980000
 97.333333, 0.113014, 0.143836, 1.102740, 1.294521
 103.000000, 0.045307, 0.122977, 0.708738, 0.877023
 96.000000, 0.090278, 0.197917, 0.750000, 0.986111
 98.333333, 0.162712, 0.169492, 1.115254, 1.338983
18
 0.250000, 2.000000, 30.000000, 0.000000, 33.000000
 95.333333, 0.157343, 0.206294, 0.923077, 1.188811
 102.000000, 0.068627, 0.160131, 0.738562, 0.941176
 103.666667, 0.077170, 0.176849, 0.736334, 0.954984
 93.666667, 0.042705, 0.199288, 0.807829, 1.060498
 99.333333, 0.177852, 0.161074, 0.778523, 0.989933
 97.666667, 0.027304, 0.177474, 0.791809, 1.017065
 98.666667, 0.138514, 0.266892, 0.773649, 1.084459
 99.666667, 0.107023, 0.157191, 0.819398, 1.023411
 91.333333, 0.153285, 0.193431, 1.021898, 1.266423
 97.000000, 0.247423, 0.223368, 0.838488, 1.120275
 101.333333, 0.049342, 0.161184, 0.753289, 0.967105
 98.000000, 0.064626, 0.173469, 0.836735, 1.054422
 103.666667, 0.061093, 0.151125, 0.742765, 0.935691
 98.666667, 0.084459, 0.168919, 0.888514, 1.101351
 103.666667, 0.135048, 0.157556, 0.819936, 1.025723
 98.000000, 0.095238, 0.139456, 1.054422, 1.241497
 105.666667, 0.100946, 0.129338, 0.719243, 0.902208
 99.000000, 0.104377, 0.202020, 0.757576, 1.003367
 96.000000, 0.125000, 0.156250, 1.090278, 1.305556
19
 0.250000, 1.000000, 0.000000, 0.000000, 3.000000
 95.666667, 0.184669, 0.174216, 0.919861, 1.153310
 101.666667, 0.075410, 0.163934, 0.744262, 0.950820
 99.666667, 0.100334, 0.183946, 0.732441, 0.956522
 95.000000, 0.052632, 0.214035, 0.803509, 1.059649
 100.000000, 0.150000, 0.243333, 0.820000, 1.103333
 99.000000, 0.023569, 0.168350, 0.750842, 0.966330
 95.666667, 0.101045, 0.167247, 0.797909, 1.003484
 98.000000, 0.057823, 0.156463, 0.843537, 1.057823
 92.666667, 0.176259, 0.215827, 1.025180, 1.291367
 95.666667, 0.118467, 0.247387, 0.916376, 1.209059
 98.666667, 0.003378, 0.165541, 0.770270, 0.993243
 100.333333, 0.069767, 0.132890, 0.890365, 1.069767
 104.333333, 0.051118, 0.146965, 0.747604, 0.936102
 99.666667, 0.063545, 0.140468, 0.832776, 1.026756
 103.000000, 0.090615, 0.129450, 0.773463, 0.948220
 99.000000, 0.107744, 0.141414, 1.111111, 1.303030
 106.333333, 0.087774, 0.137931, 0.742947, 0.924765
 98.000000, 0.051020, 0.183673, 0.768707, 0.993197
 93.333333, 0.078571, 0.189286, 1.178571, 1.414286
20
 0.250000, 2.000000, 0.000000, 0.000000, 1.000000
 94.333333, 0.091873, 0.166078, 0.922261, 1.148410
 102.666667, 0.035714, 0.168831, 0.743506, 0.954545
 103.666667, 0.051447, 0.167203, 0.723473, 0.929260
 95.333333, 0.080420, 0.160839, 0.776224, 0.986014
 97.666667, 0.085324, 0.197952, 0.774744, 1.017065
 100.333333, 0.046512, 0.176080, 0.754153, 0.976744
 95.333333, 0.097902, 0.209790, 0.800699, 1.052448
 96.666667, 0.034483, 0.203448, 0.837931, 1.082759
 90.000000, 0.233333, 0.262963, 0.974074, 1.281481
 93.666667, 0.128114, 0.181495, 0.846975, 1.078292
 106.333333, 0.094044, 0.166144, 0.764890, 0.978056
 99.333333, 0.077181, 0.181208, 0.768456, 0.993289
 104.333333, 0.073482, 0.137380, 0.734824, 0.913738
 99.666667, 0.110368, 0.187291, 0.832776, 1.066890
 100.666667, 0.059603, 0.175497, 0.781457, 1.003311
 98.333333, 0.074576, 0.152542, 1.047458, 1.247458
 104.666667, 0.038217, 0.140127, 0.726115, 0.904459
 96.666667, 0.062069, 0.155172, 0.755172, 0.951724
 95.000000, 0.112281, 0.161404, 1.021053, 1.228070
21
 0.250000, 0.000000, 0.000000, 0.000000, 1.000000
 100.333333, 0.136213, 0.169435, 0.863787, 1.089701
 100.333333, 0.033223, 0.129568, 0.750831, 0.923588
 103.666667, 0.102894, 0.160772, 0.729904, 0.929260
 92.333333, 0.054152, 0.187726, 0.761733, 0.992780
 96.000000, 0.097222, 0.215278, 0.788194, 1.048611
 102.333333, 0.120521, 0.162866, 0.791531, 1.022801
 95.666667, 0.041812, 0.198606, 0.787456, 1.031359
 97.000000, 0.041237, 0.182131, 0.793814, 1.020619
 85.333333, 0.062500, 0.199219, 0.996094, 1.246094
 91.000000, 0.058608, 0.190476, 0.868132, 1.106227
 98.333333, 0.030508, 0.159322, 0.749153, 0.955932
 97.333333, 0.071918, 0.154110, 0.804795, 1.006849
 104.333333, 0.035144, 0.134185, 0.722045, 0.894569
 97.666667, 0.027304, 0.136519, 0.805461, 0.989761
 101.666667, 0.065574, 0.160656, 0.809836, 1.013115
 97.666667, 0.119454, 0.143345, 1.153584, 1.361775
 105.333333, 0.041139, 0.136076, 0.750000, 0.927215
 97.000000, 0.072165, 0.226804, 0.804124, 1.068729
 95.000000, 0.115789, 0.161404, 1.028070, 1.238596
22
 0.250000, 0.000000, 0.000000, 0.000000, 0.000000
 97.000000, 0.161512, 0.247423, 0.879725, 1.195876
 100.000000, 0.043333, 0.170000, 0.763333, 0.976667
 100.000000, 0.006667, 0.136667, 0.726667, 0.903333
 96.333333, 0.096886, 0.183391, 0.788927, 1.013841
 97.666667, 0.064846, 0.191126, 0.726962, 0.965870
 103.666667, 0.176849, 0.170418, 0.749196, 0.964630
 95.666667, 0.052265, 0.219512, 0.777003, 1.041812
 94.333333, 0.045936, 0.201413, 0.833922, 1.081272
 86.333333, 0.185328, 0.208494, 0.972973, 1.227799
 93.333333, 0.075000, 0.189286, 0.907143, 1.142857
 101.000000, 0.019802, 0.158416, 0.782178, 0.990099
 98.666667, 0.074324, 0.155405, 0.777027, 0.976351
 103.333333, 0.012903, 0.145161, 0.719355, 0.903226
 99.333333, 0.093960, 0.144295, 0.879195, 1.070470
 99.333333, 0.097315, 0.171141, 0.741611, 0.959732
 98.666667, 0.141892, 0.128378, 1.037162, 1.216216
 104.666667, 0.041401, 0.140127, 0.710191, 0.891720
 95.333333, 0.031469, 0.167832, 0.762238, 0.968531
 98.000000, 0.132653, 0.166667, 1.231293, 1.445578
23
 0.250000, 0.000000, 0.000000, 2.000000, 4.000000
 94.333333, 0.098940, 0.190813, 0.957597, 1.212014
 102.000000, 0.133987, 0.176471, 0.764706, 1.000000
 104.000000, 0.115385, 0.169872, 0.750000, 0.974359
 94.666667, 0.038732, 0.211268, 0.827465, 1.084507
 94.000000, 0.039007, 0.177305, 0.758865, 0.982270
 102.000000, 0.098039, 0.169935, 0.745098, 0.970588
 93.333333, 0.075000, 0.203571, 0.771429, 1.017857
 97.666667, 0.047782, 0.180887, 0.822526, 1.054608
 90.000000, 0.200000, 0.188889, 0.955556, 1.192593
 92.333333, 0.169675, 0.202166, 0.902527, 1.155235
 101.000000, 0.026403, 0.168317, 0.798680, 1.013201
 102.333333, 0.055375, 0.153094, 0.762215, 0.960912
 104.333333, 0.035144, 0.134185, 0.731629, 0.910543
 102.000000, 0.124183, 0.156863, 0.885621, 1.084967
 102.000000, 0.055556, 0.140523, 0.794118, 0.990196
 97.000000, 0.096220, 0.147766, 1.099656, 1.295533
 104.000000, 0.044872, 0.153846, 0.724359, 0.923077
 100.333333, 0.139535, 0.192691, 0.800664, 1.036545
 93.333333, 0.096429, 0.157143, 1.142857, 1.357143
24
 0.250000, 0.000000, 0.000000, 0.000000, 1.000000
 95.333333, 0.195804, 0.195804, 0.958042, 1.213287
 100.333333, 0.046512, 0.152824, 0.757475, 0.956811
 104.666667, 0.095541, 0.140127, 0.713376, 0.907643
 95.333333, 0.139860, 0.181818, 0.821678, 1.045455
 99.333333, 0.134228, 0.171141, 0.751678, 0.966443
 102.333333, 0.107492, 0.182410, 0.739414, 0.970684
 96.000000, 0.062500, 0.145833, 0.777778, 0.972222
 98.666667, 0.111486, 0.158784, 0.861486, 1.064189
 91.333333, 0.240876, 0.218978, 1.000000, 1.262774
 94.333333, 0.102473, 0.194346, 0.893993, 1.148410
 99.666667, 0.020067, 0.147157, 0.772575, 0.966555
 97.666667, 0.020478, 0.146758, 0.843003, 1.034130
 103.666667, 0.057878, 0.131833, 0.729904, 0.900322
 99.333333, 0.036913, 0.137584, 0.899329, 1.077181
 100.333333, 0.063123, 0.159468, 0.770764, 0.976744
 97.333333, 0.092466, 0.171233, 1.133562, 1.352740
 102.333333, 0.032573, 0.136808, 0.742671, 0.921824
 96.666667, 0.055172, 0.155172, 0.789655, 0.986207
 92.666667, 0.104317, 0.140288, 1.205036, 1.392086
25
 0.250000, 0.000000, 0.000000, 0.000000, 7.000000
 93.000000, 0.060932, 0.168459, 0.949821, 1.179211
 99.333333, 0.057047, 0.147651, 0.748322, 0.939597
 100.000000, 0.030000, 0.153333, 0.740000, 0.936667
 99.666667, 0.170569, 0.187291, 0.826087, 1.060201
 97.666667, 0.156997, 0.242321, 0.798635, 1.105802
 97.333333, 0.047945, 0.171233, 0.753425, 0.972603
 97.333333, 0.140411, 0.150685, 0.811644, 1.006849
 95.000000, 0.042105, 0.161404, 0.792982, 1.003509
 89.666667, 0.171004, 0.197026, 1.022305, 1.267658
 92.666667, 0.140288, 0.205036, 0.895683, 1.147482
 100.333333, 0.009967, 0.139535, 0.764120, 0.950166
 101.333333, 0.075658, 0.157895, 0.848684, 1.049342
 104.666667, 0.057325, 0.146497, 0.748408, 0.939490
 99.666667, 0.056856, 0.160535, 0.866221, 1.070234
 102.000000, 0.101307, 0.147059, 0.781046, 0.970588
 97.000000, 0.089347, 0.140893, 1.099656, 1.288660
 100.666667, 0.016556, 0.145695, 0.735099, 0.943709
 97.333333, 0.068493, 0.212329, 0.760274, 1.017123
 97.000000, 0.127148, 0.116838, 1.103093, 1.268041
26
 0.250000, 1.000000, 0.000000, 1.000000, 2.000000
 95.666667, 0.080139, 0.181185, 0.888502, 1.128920
 102.666667, 0.051948, 0.139610, 0.746753, 0.928571
 107.333333, 0.186335, 0.173913, 0.754658, 0.972050
 93.333333, 0.050000, 0.178571, 0.796429, 1.021429
 96.666667, 0.106897, 0.172414, 0.786207, 1.003448
 102.333333, 0.094463, 0.195440, 0.755700, 0.996743
 96.000000, 0.090278, 0.194444, 0.798611, 1.034722
 99.000000, 0.104377, 0.168350, 0.801347, 1.020202
 90.333333, 0.136531, 0.199262, 1.003690, 1.258303
 93.666667, 0.142349, 0.185053, 0.900356, 1.131673
 100.666667, 0.013245, 0.162252, 0.791391, 1.013245
 100.666667, 0.082781, 0.145695, 0.834437, 1.023179
 106.666667, 0.106250, 0.150000, 0.750000, 0.940625
 97.666667, 0.047782, 0.143345, 0.938567, 1.129693
 100.666667, 0.056291, 0.158940, 0.794702, 1.000000
 97.666667, 0.112628, 0.136519, 1.153584, 1.337884
 104.666667, 0.095541, 0.146497, 0.754777, 0.945860
 102.000000, 0.133987, 0.189542, 0.751634, 0.983660
 95.000000, 0.091228, 0.147368, 1.119298, 1.312281
27
 0.250000, 0.000000, 0.000000, 0.000000, 2.000000
 94.666667, 0.112676, 0.200704, 0.911972, 1.176056
 101.666667, 0.078689, 0.180328, 0.734426, 0.960656
 103.000000, 0.135922, 0.139159, 0.715210, 0.896440
 96.000000, 0.090278, 0.194444, 0.791667, 1.031250
 101.333333, 0.148026, 0.174342, 0.779605, 1.003289
 100.333333, 0.073090, 0.162791, 0.764120, 0.970100
 96.000000, 0.062500, 0.215278, 0.791667, 1.048611
 97.333333, 0.044521, 0.150685, 0.842466, 1.037671
 88.333333, 0.124528, 0.181132, 0.871698, 1.098113
 99.000000, 0.269360, 0.245791, 0.875421, 1.164983
 101.333333, 0.055921, 0.167763, 0.779605, 0.993421
 101.000000, 0.075908, 0.161716, 0.782178, 0.986799
 105.666667, 0.047319, 0.157729, 0.722397, 0.921136
 97.000000, 0.030928, 0.161512, 0.862543, 1.068729
 99.666667, 0.127090, 0.157191, 0.769231, 0.969900
 95.000000, 0.070175, 0.147368, 1.070175, 1.270175
 100.666667, 0.023179, 0.172185, 0.738411, 0.953642
 95.666667, 0.083624, 0.177700, 0.766551, 0.986063
 97.333333, 0.191781, 0.126712, 1.106164, 1.277397
28
 0.250000, 0.000000, 0.000000, 0.000000, 2.000000
 95.333333, 0.143357, 0.195804, 0.954545, 1.223776
 101.333333, 0.059211, 0.161184, 0.773026, 0.980263
 102.000000, 0.065359, 0.147059, 0.718954, 0.911765
 96.000000, 0.138889, 0.173611, 0.805556, 1.020833
 93.000000, 0.021505, 0.175627, 0.756272, 0.974910
 99.333333, 0.036913, 0.184564, 0.768456, 0.993289
 94.666667, 0.035211, 0.190141, 0.806338, 1.052817
 98.000000, 0.061224, 0.190476, 0.812925, 1.047619
 91.000000, 0.157509, 0.194139, 1.029304, 1.267399
 92.000000, 0.141304, 0.181159, 0.844203, 1.079710
 106.000000, 0.182390, 0.213836, 0.798742, 1.069182
 99.666667, 0.036789, 0.160535, 0.846154, 1.060201
 105.333333, 0.063291, 0.139241, 0.756329, 0.943038
 99.333333, 0.073826, 0.164430, 0.812081, 1.030201
 100.333333, 0.066445, 0.189369, 0.790698, 1.026578
 97.666667, 0.081911, 0.143345, 1.064846, 1.262799
 103.333333, 0.048387, 0.148387, 0.725806, 0.919355
 101.666667, 0.124590, 0.163934, 0.777049, 0.983607
 95.333333, 0.108392, 0.139860, 1.069930, 1.258741
29
 0.250000, 0.000000, 2.000000, 0.000000, 2.000000
 94.000000, 0.074468, 0.156028, 0.939716, 1.159574
 102.666667, 0.061688, 0.155844, 0.733766, 0.931818
 102.000000, 0.045752, 0.173203, 0.718954, 0.934641
 93.333333, 0.092857, 0.164286, 0.839286, 1.042857
 96.666667, 0.110345, 0.196552, 0.800000, 1.037931
 101.666667, 0.059016, 0.160656, 0.747541, 0.957377
 97.000000, 0.092784, 0.178694, 0.828179, 1.048110
 100.000000, 0.120000, 0.153333, 0.836667, 1.040000
 93.666667, 0.227758, 0.249110, 1.017794, 1.323843
 92.333333, 0.097473, 0.191336, 0.866426, 1.104693
 104.666667, 0.108280, 0.178344, 0.777070, 1.000000
 102.666667, 0.126623, 0.149351, 0.792208, 0.987013
 106.000000, 0.050314, 0.128931, 0.735849, 0.905660
 96.666667, 0.034483, 0.155172, 0.837931, 1.041379
 102.000000, 0.065359, 0.150327, 0.784314, 0.980392
 98.333333, 0.084746, 0.149153, 1.027119, 1.233898
 103.333333, 0.051613, 0.158065, 0.745161, 0.958065
 100.666667, 0.198675, 0.208609, 0.731788, 0.983444
 94.666667, 0.102113, 0.176056, 1.049296, 1.274648
30
 0.250000, 0.000000, 0.000000, 0.000000, 6.000000
 96.333333, 0.124567, 0.190311, 0.941176, 1.204152
 100.333333, 0.089701, 0.162791, 0.720930, 0.926910
 103.333333, 0.061290, 0.193548, 0.709677, 0.941935
 98.333333, 0.105085, 0.189831, 0.830508, 1.067797
 94.666667, 0.049296, 0.200704, 0.764085, 1.007042
 100.000000, 0.050000, 0.180000, 0.733333, 0.993333
 94.000000, 0.056738, 0.230496, 0.872340, 1.148936
 102.000000, 0.117647, 0.222222, 0.836601, 1.101307
 93.666667, 0.241993, 0.188612, 1.003559, 1.238434
 93.666667, 0.110320, 0.206406, 0.868327, 1.124555
 103.333333, 0.045161, 0.164516, 0.770968, 0.980645
 96.666667, 0.031034, 0.165517, 0.817241, 1.024138
 107.333333, 0.086957, 0.177019, 0.742236, 0.959627
 101.000000, 0.069307, 0.151815, 0.920792, 1.118812
 103.000000, 0.106796, 0.148867, 0.773463, 0.967638
 98.000000, 0.142857, 0.159864, 1.119048, 1.326531
 102.666667, 0.032468, 0.152597, 0.753247, 0.951299
 99.666667, 0.096990, 0.193980, 0.775920, 1.006689
 100.000000, 0.203333, 0.150000, 1.126667, 1.320000
31
 0.250000, 0.000000, 0.000000, 0.000000, 1.000000
 94.666667, 0.088028, 0.183099, 0.911972, 1.154930
 100.666667, 0.079470, 0.182119, 0.758278, 0.983444
 101.666667, 0.045902, 0.147541, 0.724590, 0.924590
 96.333333, 0.107266, 0.162630, 0.768166, 0.972318
 95.333333, 0.080420, 0.202797, 0.818182, 1.066434
 99.000000, 0.013468, 0.185185, 0.730640, 0.962963
 94.333333, 0.014134, 0.173145, 0.798587, 1.014134
 93.666667, 0.046263, 0.192171, 0.818505, 1.053381
 86.333333, 0.119691, 0.223938, 1.042471, 1.308880
 95.333333, 0.150350, 0.227273, 0.895105, 1.181818
 104.666667, 0.079618, 0.181529, 0.783439, 1.009554
 98.333333, 0.040678, 0.138983, 0.789831, 0.976271
 105.666667, 0.056782, 0.151420, 0.731861, 0.936909
 102.000000, 0.225490, 0.163399, 0.849673, 1.062092
 101.000000, 0.052805, 0.155116, 0.795380, 0.993399
 98.333333, 0.111864, 0.128814, 1.105085, 1.294915
 103.666667, 0.054662, 0.163987, 0.723473, 0.929260
 100.333333, 0.089701, 0.189369, 0.754153, 0.983389
 99.333333, 0.442953, 0.315436, 0.976510, 1.338926
Histogram
1 0 0 0 0 0 0 0 11 234 191 70 69 32 5 0 0 0 0 0 6 0 0 0 0 0 0 0 0 0 3 0 0 0 0 0 0 0 0 0 1 0 0 0 0 0 0 0 0 0 2 0 0 0 0 0 0 0 0 0 2 0 0 0 0 0 0 0 0 0 1 0 0 0 0 0 0 0 0 0 0 0 0 0 0 0 0 0 0 0 0 0 0 0 0 0 0 0 0 0 0 0 0 0 0 0 0 0 0 0 0 0 0 0 0 0 0 0 0 12 
Cache Miss Ratio
NaN
numOfSets
188556
numOfGets
0
numOfMultiGets
0
