20
0
 0.250000, 14.000000, 0.000000, 2.000000, 13.000000
 148.666667, 5.345291, 0.771300, 1.468610, 2.331839
 189.333333, 4.711268, 0.554577, 1.350352, 1.950704
 166.000000, 4.152610, 0.600402, 1.303213, 1.969880
 172.000000, 4.579457, 0.538760, 1.319767, 1.916667
 164.666667, 4.753036, 0.623482, 1.459514, 2.141700
 157.333333, 4.599576, 0.557203, 1.489407, 2.131356
 170.000000, 5.676471, 0.617647, 1.260784, 1.937255
 163.333333, 4.257143, 0.481633, 1.291837, 1.830612
 170.666667, 4.300781, 0.496094, 1.439453, 1.986328
 168.333333, 4.146535, 0.598020, 1.318812, 1.976238
 154.666667, 4.974138, 0.577586, 1.239224, 1.868534
 169.666667, 4.797642, 0.561886, 1.206287, 1.827112
 167.000000, 4.768463, 0.590818, 1.239521, 1.892216
 171.666667, 4.182524, 0.570874, 1.205825, 1.834951
 153.666667, 4.826464, 0.609544, 1.290672, 1.952278
 161.666667, 5.445361, 0.610309, 1.245361, 1.905155
 152.333333, 4.897155, 0.520788, 1.175055, 1.748359
 137.333333, 4.419903, 0.529126, 1.317961, 1.922330
 168.666667, 4.173913, 0.500000, 1.341897, 1.913043
1
 0.250000, 14.000000, 0.000000, 2.000000, 12.000000
 152.333333, 5.540481, 0.805252, 1.461707, 2.385120
 183.666667, 4.747731, 0.549909, 1.301270, 1.911071
 182.333333, 4.985375, 0.616088, 1.425960, 2.106033
 163.666667, 4.674134, 0.586558, 1.382892, 2.026477
 158.000000, 5.337553, 0.592827, 1.354430, 2.000000
 158.333333, 5.143158, 0.606316, 1.454737, 2.130526
 162.000000, 4.870370, 0.524691, 1.397119, 1.979424
 179.666667, 4.512059, 0.525046, 1.148423, 1.723562
 170.666667, 4.753906, 0.503906, 1.355469, 1.917969
 162.333333, 4.347023, 0.630390, 1.412731, 2.106776
 164.333333, 5.354970, 0.634888, 1.152130, 1.835700
 150.666667, 5.037611, 0.561947, 1.154867, 1.765487
 153.333333, 4.489130, 0.765217, 1.293478, 2.134783
 157.000000, 4.129512, 0.518047, 1.195329, 1.770701
 149.666667, 4.812918, 0.674833, 1.369710, 2.097996
 158.666667, 4.571429, 0.565126, 1.214286, 1.840336
 147.000000, 4.265306, 0.498866, 1.072562, 1.628118
 158.666667, 4.445378, 0.556723, 1.258403, 1.869748
 171.000000, 4.210526, 0.463938, 1.397661, 1.914230
2
 0.250000, 14.000000, 0.000000, 1.000000, 7.000000
 152.000000, 5.528509, 0.679825, 1.502193, 2.260965
 177.666667, 5.213884, 0.977486, 1.487805, 2.512195
 169.000000, 4.633136, 0.625247, 1.406312, 2.094675
 178.666667, 5.138060, 0.522388, 1.266791, 1.841418
 173.666667, 5.028791, 0.635317, 1.307102, 1.990403
 160.000000, 3.941667, 0.547917, 1.522917, 2.133333
 173.333333, 6.230769, 0.753846, 1.240385, 2.053846
 177.666667, 4.527205, 0.487805, 1.146341, 1.688555
 166.000000, 4.100402, 0.524096, 1.435743, 2.004016
 177.333333, 4.712406, 0.595865, 1.368421, 2.024436
 160.000000, 4.750000, 0.610417, 1.187500, 1.862500
 165.666667, 4.639839, 0.565392, 1.169014, 1.788732
 164.666667, 4.838057, 0.611336, 1.285425, 1.947368
 168.333333, 4.540594, 0.495050, 1.219802, 1.764356
 150.000000, 5.600000, 0.677778, 1.251111, 1.995556
 156.000000, 4.831197, 0.557692, 1.143162, 1.760684
 152.000000, 4.429825, 0.491228, 1.103070, 1.640351
 157.333333, 5.239407, 0.563559, 1.273305, 1.885593
 172.000000, 4.509690, 0.476744, 1.327519, 1.870155
3
 0.250000, 14.000000, 0.000000, 3.000000, 12.000000
 158.000000, 5.396624, 0.761603, 1.466245, 2.291139
 177.000000, 4.766478, 0.482109, 1.276836, 1.821092
 164.000000, 4.353659, 0.634146, 1.432927, 2.119919
 168.000000, 4.434524, 0.525794, 1.220238, 1.805556
 172.666667, 5.345560, 0.629344, 1.239382, 1.916988
 169.333333, 5.391732, 0.604331, 1.368110, 2.025591
 173.000000, 5.408478, 0.566474, 1.412331, 2.036609
 168.333333, 4.441584, 0.528713, 1.283168, 1.871287
 178.666667, 4.421642, 0.458955, 1.421642, 1.938433
 166.000000, 4.512048, 0.542169, 1.337349, 1.927711
 174.333333, 5.095602, 0.583174, 1.296367, 1.929254
 156.000000, 5.006410, 0.523504, 1.166667, 1.743590
 153.666667, 5.188720, 0.646421, 1.308026, 2.008677
 161.666667, 3.919588, 0.480412, 1.280412, 1.808247
 156.000000, 5.049145, 0.628205, 1.320513, 2.006410
 144.000000, 4.298611, 0.553241, 1.351852, 1.965278
 160.666667, 4.744813, 0.541494, 1.120332, 1.705394
 169.666667, 4.591356, 0.536346, 1.269155, 1.866405
 179.666667, 4.593692, 0.500928, 1.333952, 1.883117
4
 0.250000, 14.000000, 5.000000, 3.000000, 12.000000
 150.666667, 5.457965, 0.847345, 1.440265, 2.356195
 187.666667, 4.660746, 0.477798, 1.355240, 1.877442
 176.666667, 5.077358, 0.596226, 1.396226, 2.039623
 167.333333, 4.707171, 0.494024, 1.233068, 1.784861
 179.666667, 5.324675, 0.612245, 1.287570, 1.949907
 183.666667, 5.056261, 0.533575, 1.299456, 1.892922
 165.333333, 5.858871, 0.671371, 1.324597, 2.044355
 173.666667, 4.904031, 0.604607, 1.270633, 1.925144
 174.000000, 4.840996, 0.549808, 1.398467, 2.000000
 167.666667, 4.353877, 0.554672, 1.316103, 1.920477
 154.000000, 5.487013, 0.619048, 1.264069, 1.941558
 162.666667, 4.981557, 0.543033, 1.258197, 1.862705
 150.000000, 4.488889, 0.551111, 1.400000, 2.015556
 152.666667, 4.340611, 0.491266, 1.305677, 1.864629
 149.333333, 4.808036, 0.631696, 1.321429, 2.013393
 159.333333, 5.171548, 0.619247, 1.228033, 1.899582
 147.000000, 4.287982, 0.498866, 1.256236, 1.811791
 148.666667, 4.233184, 0.535874, 1.242152, 1.845291
 160.000000, 3.995833, 0.520833, 1.375000, 1.958333
5
 0.250000, 11.000000, 5.000000, 1.000000, 12.000000
 156.666667, 5.578723, 0.810638, 1.585106, 2.504255
 177.333333, 4.088346, 0.533835, 1.315789, 1.902256
 149.333333, 4.308036, 0.587054, 1.459821, 2.129464
 177.000000, 4.538606, 0.487759, 1.297552, 1.847458
 171.333333, 6.044747, 0.696498, 1.282101, 2.038911
 176.333333, 5.328922, 0.563327, 1.393195, 2.024575
 163.000000, 4.973415, 0.617587, 1.310838, 1.983640
 171.666667, 5.145631, 0.508738, 1.225243, 1.788350
 174.333333, 4.652008, 0.521989, 1.304015, 1.889101
 179.000000, 4.811918, 0.581006, 1.240223, 1.867784
 156.333333, 5.063966, 0.618337, 1.281450, 1.961620
 149.333333, 4.180804, 0.553571, 1.209821, 1.816964
 154.333333, 4.380130, 0.712743, 1.287257, 2.066955
 176.333333, 4.555766, 0.523629, 1.258979, 1.839319
 150.333333, 4.407982, 0.534368, 1.350333, 1.937916
 158.666667, 4.560924, 0.521008, 1.182773, 1.758403
 149.333333, 4.120536, 0.508929, 1.120536, 1.685268
 147.666667, 4.284424, 0.516930, 1.223476, 1.805869
 170.333333, 4.000000, 0.461840, 1.334638, 1.845401
6
 0.250000, 12.000000, 7.000000, 1.000000, 11.000000
 160.666667, 5.744813, 0.939834, 1.396266, 2.412863
 179.333333, 3.916357, 0.486989, 1.308550, 1.868030
 172.333333, 4.311412, 0.553191, 1.292070, 1.895551
 161.333333, 4.373967, 0.510331, 1.423554, 2.010331
 151.000000, 4.355408, 0.571744, 1.465784, 2.094923
 173.000000, 4.949904, 0.566474, 1.317919, 1.942197
 168.333333, 4.811881, 0.560396, 1.316832, 1.934653
 168.666667, 3.567194, 0.565217, 1.195652, 1.816206
 182.666667, 4.702555, 0.596715, 1.304745, 1.954380
 172.666667, 4.581081, 0.573359, 1.291506, 1.915058
 181.000000, 5.902394, 0.616943, 1.154696, 1.834254
 145.666667, 3.956522, 0.592677, 1.267735, 1.917620
 159.000000, 4.976939, 0.603774, 1.324948, 1.985325
 158.666667, 4.203782, 0.521008, 1.233193, 1.808824
 156.000000, 5.004274, 0.623932, 1.341880, 2.012821
 155.666667, 5.721627, 0.567452, 1.237687, 1.865096
 141.333333, 4.424528, 0.547170, 1.125000, 1.731132
 162.000000, 5.024691, 0.592593, 1.343621, 2.002058
 173.666667, 4.284069, 0.510557, 1.326296, 1.886756
7
 0.250000, 10.000000, 8.000000, 2.000000, 13.000000
 162.666667, 5.581967, 0.807377, 1.413934, 2.284836
 180.333333, 4.916821, 0.548983, 1.325323, 1.968577
 165.666667, 4.641851, 0.581489, 1.400402, 2.066398
 168.000000, 4.628968, 0.549603, 1.230159, 1.829365
 171.666667, 5.691262, 0.811650, 1.335922, 2.209709
 165.000000, 4.604040, 0.640404, 1.591919, 2.290909
 172.333333, 5.491296, 0.566731, 1.342360, 1.976789
 178.000000, 4.968165, 0.578652, 1.310861, 1.955056
 182.666667, 4.459854, 0.527372, 1.361314, 1.945255
 176.000000, 4.575758, 0.604167, 1.248106, 1.905303
 149.000000, 4.317673, 0.577181, 1.217002, 1.847875
 155.666667, 4.263383, 0.554604, 1.201285, 1.811563
 162.333333, 4.513347, 0.548255, 1.227926, 1.827515
 159.000000, 4.448637, 0.473795, 1.228512, 1.754717
 161.666667, 5.049485, 0.622680, 1.296907, 1.969072
 169.000000, 5.461538, 0.621302, 1.207101, 1.891519
 154.666667, 4.732759, 0.500000, 1.135776, 1.687500
 161.333333, 4.489669, 0.574380, 1.214876, 1.842975
 165.666667, 4.273642, 0.472837, 1.283702, 1.804829
8
 0.250000, 6.000000, 9.000000, 1.000000, 51.000000
 155.666667, 5.460385, 0.794433, 1.385439, 2.233405
 172.333333, 4.437137, 0.526112, 1.367505, 1.945841
 156.000000, 4.305556, 0.647436, 1.297009, 2.006410
 164.333333, 4.123732, 0.476673, 1.176471, 1.720081
 175.000000, 5.196190, 0.662857, 1.312381, 2.032381
 167.333333, 4.565737, 0.561753, 1.418327, 2.067729
 169.000000, 5.737673, 0.674556, 1.351085, 2.088757
 161.666667, 4.703093, 0.525773, 1.364948, 1.952577
 173.000000, 4.477842, 0.545279, 1.464355, 2.078998
 154.000000, 4.194805, 0.558442, 1.458874, 2.071429
 142.000000, 4.516432, 0.521127, 1.122066, 1.697183
 158.666667, 4.134454, 0.560924, 1.155462, 1.785714
 161.666667, 5.443299, 0.600000, 1.212371, 1.872165
 168.000000, 4.224206, 0.585317, 1.214286, 1.859127
 140.666667, 4.362559, 0.665877, 1.417062, 2.132701
 161.000000, 5.180124, 0.540373, 1.211180, 1.805383
 145.333333, 4.642202, 0.502294, 1.107798, 1.667431
 138.000000, 4.787440, 0.572464, 1.359903, 1.983092
 174.333333, 4.248566, 0.516252, 1.363289, 1.931166
9
 0.250000, 4.000000, 10.000000, 36.000000, 51.000000
 173.666667, 6.454894, 0.827255, 1.397313, 2.282150
 177.000000, 4.229755, 0.566855, 1.433145, 2.048964
 159.333333, 4.577406, 0.619247, 1.554393, 2.232218
 177.666667, 5.110694, 0.508443, 1.333959, 1.898687
 170.666667, 5.968750, 0.632813, 1.275391, 1.978516
 161.000000, 4.708075, 0.515528, 1.430642, 2.012422
 157.000000, 5.271762, 0.598726, 1.356688, 2.016985
 171.000000, 4.602339, 0.547758, 1.309942, 1.927875
 181.666667, 3.880734, 0.574312, 1.412844, 2.036697
 177.666667, 4.898687, 0.598499, 1.369606, 2.031895
 150.333333, 5.381375, 0.616408, 1.321508, 1.993348
 162.333333, 4.901437, 0.513347, 1.174538, 1.741273
 162.666667, 5.235656, 0.696721, 1.260246, 2.010246
 169.000000, 4.333333, 0.493097, 1.287968, 1.828402
 141.333333, 4.016509, 0.542453, 1.400943, 2.000000
 161.000000, 4.726708, 0.606625, 1.265010, 1.923395
 151.666667, 5.004396, 0.494505, 1.125275, 1.674725
 143.333333, 4.351163, 0.532558, 1.348837, 1.944186
 177.000000, 4.598870, 0.480226, 1.301318, 1.826742
10
 0.250000, 1.000000, 9.000000, 35.000000, 51.000000
 153.666667, 5.321041, 0.702820, 1.357918, 2.112798
 174.666667, 4.822519, 0.500000, 1.259542, 1.820611
 156.333333, 4.364606, 0.565032, 1.462687, 2.078891
 168.666667, 4.618577, 0.511858, 1.231225, 1.796443
 169.000000, 4.877712, 0.644970, 1.366864, 2.065089
 167.333333, 5.181275, 0.595618, 1.535857, 2.189243
 164.666667, 4.742915, 0.562753, 1.384615, 2.022267
 160.666667, 4.313278, 0.520747, 1.263485, 1.844398
 178.000000, 4.207865, 0.486891, 1.382022, 1.934457
 178.333333, 4.835514, 0.573832, 1.360748, 1.998131
 161.333333, 4.909091, 0.530992, 1.252066, 1.849174
 155.000000, 4.795699, 0.582796, 1.159140, 1.797849
 172.666667, 5.318533, 0.652510, 1.204633, 1.909266
 165.333333, 3.745968, 0.481855, 1.306452, 1.862903
 150.333333, 6.073171, 0.671840, 1.321508, 2.073171
 156.333333, 5.049041, 0.567164, 1.230277, 1.850746
 154.666667, 4.437500, 0.491379, 1.101293, 1.640086
 167.333333, 5.051793, 0.561753, 1.256972, 1.878486
 178.666667, 4.356343, 0.520522, 1.257463, 1.828358
11
 0.250000, 2.000000, 11.000000, 2.000000, 50.000000
 159.000000, 5.691824, 0.727463, 1.366876, 2.165618
 169.666667, 4.127701, 0.520629, 1.261297, 1.860511
 165.666667, 4.382294, 0.599598, 1.293763, 1.957746
 165.000000, 4.367677, 0.480808, 1.379798, 1.921212
 179.666667, 5.660482, 0.589981, 1.291280, 1.948052
 169.000000, 5.558185, 0.656805, 1.337278, 2.065089
 177.333333, 6.357143, 0.759398, 1.287594, 2.114662
 173.666667, 4.385797, 0.522073, 1.255278, 1.831094
 171.333333, 4.173152, 0.505837, 1.437743, 2.005837
 177.666667, 4.425891, 0.606004, 1.285178, 1.949343
 152.333333, 5.319475, 0.673961, 1.262582, 1.995624
 157.666667, 4.558140, 0.547569, 1.126850, 1.723044
 156.666667, 4.351064, 0.587234, 1.291489, 1.925532
 151.666667, 3.896703, 0.547253, 1.320879, 1.931868
 158.333333, 5.126316, 0.547368, 1.290526, 1.896842
 156.666667, 5.040426, 0.589362, 1.217021, 1.870213
 150.000000, 4.457778, 0.517778, 1.126667, 1.693333
 145.666667, 5.148741, 0.549199, 1.334096, 1.958810
 181.666667, 4.790826, 0.475229, 1.317431, 1.853211
12
 0.250000, 4.000000, 4.000000, 0.000000, 43.000000
 148.666667, 5.239910, 0.733184, 1.491031, 2.293722
 187.000000, 4.467023, 0.508021, 1.283422, 1.864528
 159.333333, 4.635983, 0.592050, 1.435146, 2.096234
 169.000000, 5.169625, 0.570020, 1.299803, 1.936884
 156.333333, 5.462687, 0.609808, 1.375267, 2.042644
 161.333333, 5.109504, 0.646694, 1.435950, 2.157025
 159.333333, 5.089958, 0.577406, 1.380753, 2.018828
 172.666667, 5.274131, 0.513514, 1.270270, 1.851351
 172.666667, 4.467181, 0.528958, 1.326255, 1.920849
 183.000000, 4.442623, 0.553734, 1.304189, 1.923497
 145.000000, 4.328736, 0.533333, 1.197701, 1.795402
 160.000000, 4.204167, 0.547917, 1.135417, 1.729167
 160.333333, 4.891892, 0.548857, 1.207900, 1.819127
 177.000000, 4.757062, 0.470810, 1.167608, 1.689266
 160.333333, 5.079002, 0.673597, 1.355509, 2.079002
 169.333333, 5.374016, 0.596457, 1.232283, 1.883858
 145.333333, 4.871560, 0.513761, 1.208716, 1.782110
 156.000000, 4.326923, 0.576923, 1.211538, 1.852564
 171.333333, 3.898833, 0.529183, 1.357977, 1.941634
13
 0.250000, 2.000000, 40.000000, 2.000000, 43.000000
 163.666667, 5.906314, 0.725051, 1.311609, 2.097760
 175.666667, 4.886148, 0.512334, 1.316888, 1.899431
 163.333333, 4.293878, 0.577551, 1.336735, 1.967347
 170.333333, 4.694716, 0.559687, 1.328767, 1.953033
 185.000000, 5.522523, 0.583784, 1.320721, 1.954955
 170.666667, 5.039063, 0.572266, 1.419922, 2.062500
 165.666667, 5.160966, 0.569416, 1.364185, 2.010060
 172.333333, 4.820116, 0.537718, 1.313346, 1.912959
 179.333333, 4.671004, 0.581784, 1.351301, 1.990706
 167.000000, 4.015968, 0.582834, 1.313373, 1.944112
 164.333333, 5.821501, 0.645030, 1.208925, 1.941176
 144.333333, 4.526559, 0.491917, 1.191686, 1.745958
 165.333333, 4.729839, 0.699597, 1.350806, 2.110887
 164.333333, 4.543611, 0.539554, 1.288032, 1.878296
 151.333333, 4.519824, 0.588106, 1.385463, 2.024229
 159.000000, 4.465409, 0.570231, 1.255765, 1.874214
 152.666667, 4.602620, 0.515284, 1.159389, 1.727074
 175.666667, 4.781784, 0.533207, 1.136622, 1.721063
 166.333333, 4.038076, 0.462926, 1.322645, 1.897796
14
 0.250000, 0.000000, 0.000000, 2.000000, 12.000000
 158.000000, 6.092827, 0.782700, 1.455696, 2.331224
 182.333333, 4.648995, 0.482633, 1.312614, 1.862888
 162.666667, 4.323770, 0.526639, 1.471311, 2.098361
 160.666667, 4.387967, 0.518672, 1.526971, 2.124481
 179.000000, 5.074488, 0.577281, 1.271881, 1.905028
 169.000000, 4.349112, 0.520710, 1.437870, 2.009862
 158.666667, 4.508403, 0.596639, 1.317227, 2.004202
 193.333333, 4.998276, 0.581034, 1.274138, 1.913793
 175.000000, 4.569524, 0.571429, 1.388571, 2.013333
 173.333333, 4.811538, 0.592308, 1.309615, 1.976923
 158.333333, 4.915789, 0.560000, 1.307368, 1.938947
 157.000000, 3.796178, 0.537155, 1.180467, 1.772824
 164.333333, 5.137931, 0.632860, 1.253550, 1.939148
 171.333333, 4.607004, 0.550584, 1.212062, 1.813230
 169.666667, 5.347741, 0.603143, 1.174853, 1.827112
 153.000000, 4.986928, 0.538126, 1.237473, 1.825708
 140.333333, 4.408551, 0.467933, 1.190024, 1.712589
 159.000000, 4.712788, 0.534591, 1.303983, 1.903564
 178.666667, 4.311567, 0.458955, 1.354478, 1.863806
15
 0.250000, 0.000000, 0.000000, 3.000000, 11.000000
 150.333333, 5.445676, 0.662971, 1.492239, 2.210643
 179.333333, 4.702602, 0.511152, 1.371747, 1.946097
 160.000000, 4.381250, 0.520833, 1.297917, 1.864583
 178.333333, 4.454206, 0.514019, 1.388785, 1.968224
 178.333333, 5.555140, 0.639252, 1.368224, 2.059813
 176.333333, 5.527410, 0.603025, 1.482042, 2.147448
 177.333333, 5.575188, 0.663534, 1.349624, 2.073308
 172.666667, 4.003861, 0.498069, 1.245174, 1.799228
 151.000000, 4.203091, 0.596026, 1.439294, 2.099338
 159.333333, 4.566946, 0.562762, 1.303347, 1.914226
 149.666667, 4.828508, 0.681514, 1.367483, 2.100223
 135.666667, 4.535627, 0.525799, 1.235872, 1.823096
 146.000000, 4.205479, 0.641553, 1.328767, 2.031963
 170.333333, 4.493151, 0.465753, 1.187867, 1.710372
 149.666667, 4.492205, 0.563474, 1.331849, 1.964365
 154.000000, 4.746753, 0.593074, 1.216450, 1.857143
 154.333333, 4.578834, 0.524838, 1.041037, 1.619870
 153.000000, 4.736383, 0.553377, 1.228758, 1.832244
 178.333333, 4.644860, 0.482243, 1.340187, 1.884112
16
 0.250000, 0.000000, 0.000000, 4.000000, 4.000000
 152.666667, 6.168122, 0.770742, 1.399563, 2.253275
 176.000000, 4.115530, 0.462121, 1.280303, 1.797348
 168.000000, 5.420635, 0.565476, 1.591270, 2.210317
 167.000000, 4.784431, 0.558882, 1.305389, 1.922156
 178.666667, 5.233209, 0.712687, 1.283582, 2.042910
 175.666667, 5.426945, 0.592030, 1.449715, 2.104364
 157.000000, 4.929936, 0.628450, 1.331210, 2.010616
 167.666667, 4.805169, 0.556660, 1.381710, 1.996024
 160.333333, 4.201663, 0.561331, 1.395010, 2.008316
 165.666667, 4.899396, 0.557344, 1.380282, 1.987928
 164.333333, 4.618661, 0.610548, 1.225152, 1.906694
 159.333333, 4.531381, 0.548117, 1.219665, 1.822176
 153.333333, 4.143478, 0.565217, 1.273913, 1.895652
 178.000000, 4.970037, 0.550562, 1.235955, 1.842697
 153.666667, 4.865510, 0.670282, 1.409978, 2.154013
 156.666667, 4.742553, 0.593617, 1.176596, 1.819149
 157.666667, 4.708245, 0.520085, 1.158562, 1.727273
 157.000000, 4.934183, 0.549894, 1.222930, 1.828025
 188.666667, 4.747350, 0.482332, 1.309187, 1.840989
17
 0.250000, 0.000000, 0.000000, 4.000000, 11.000000
 163.666667, 5.421589, 0.672098, 1.336049, 2.071283
 190.666667, 4.697552, 0.515734, 1.288462, 1.861888
 177.000000, 5.026365, 0.653484, 1.258004, 1.960452
 186.666667, 4.671429, 0.514286, 1.164286, 1.728571
 184.000000, 5.838768, 0.652174, 1.351449, 2.054348
 170.333333, 5.270059, 0.577299, 1.465753, 2.115460
 171.666667, 5.215534, 0.547573, 1.345631, 1.949515
 181.000000, 5.360958, 0.506446, 1.248619, 1.813996
 177.000000, 4.482109, 0.574388, 1.269303, 1.887006
 182.666667, 4.720803, 0.589416, 1.198905, 1.854015
 148.666667, 5.197309, 0.627803, 1.289238, 1.984305
 154.333333, 4.494600, 0.574514, 1.220302, 1.840173
 149.666667, 4.489978, 0.636971, 1.240535, 1.944321
 164.333333, 4.154158, 0.527383, 1.227181, 1.809331
 158.333333, 4.943158, 0.574737, 1.229474, 1.869474
 168.000000, 5.543651, 0.575397, 1.224206, 1.861111
 145.666667, 4.000000, 0.482838, 1.153318, 1.695652
 153.333333, 4.756522, 0.504348, 1.252174, 1.806522
 178.666667, 4.494403, 0.514925, 1.352612, 1.921642
18
 0.250000, 0.000000, 0.000000, 9.000000, 19.000000
 160.000000, 5.860417, 0.739583, 1.404167, 2.206250
 173.333333, 4.621154, 0.575000, 1.363462, 2.001923
 177.000000, 5.169492, 0.544256, 1.395480, 2.001883
 163.666667, 4.492872, 0.541752, 1.378819, 1.973523
 182.333333, 5.753199, 0.756856, 1.347349, 2.162706
 173.333333, 4.361538, 0.559615, 1.521154, 2.159615
 173.000000, 5.416185, 0.624277, 1.302505, 2.003854
 169.333333, 4.143701, 0.519685, 1.163386, 1.730315
 174.000000, 4.477011, 0.582375, 1.431034, 2.065134
 170.000000, 4.617647, 0.613725, 1.378431, 2.047059
 154.333333, 4.671706, 0.565875, 1.257019, 1.879050
 148.666667, 4.383408, 0.531390, 1.237668, 1.820628
 155.666667, 4.685225, 0.627409, 1.353319, 2.051392
 168.333333, 3.980198, 0.510891, 1.261386, 1.827723
 130.666667, 4.247449, 0.778061, 1.459184, 2.298469
 161.000000, 4.888199, 0.648033, 1.265010, 1.971014
 144.000000, 4.196759, 0.506944, 1.143519, 1.706019
 161.333333, 5.336777, 0.524793, 1.256198, 1.836777
 180.000000, 4.003704, 0.520370, 1.424074, 1.992593
19
 0.250000, 0.000000, 0.000000, 9.000000, 19.000000
 165.666667, 5.309859, 0.708249, 1.323944, 2.092555
 189.000000, 5.375661, 1.047619, 1.386243, 2.497354
 162.333333, 4.574949, 0.531828, 1.340862, 1.987680
 180.000000, 5.146296, 0.650000, 1.290741, 2.000000
 159.333333, 5.004184, 0.581590, 1.470711, 2.125523
 161.666667, 4.987629, 0.558763, 1.319588, 1.997938
 180.666667, 5.321033, 0.621771, 1.228782, 1.909594
 177.666667, 4.405253, 0.521576, 1.328330, 1.904315
 159.000000, 4.220126, 0.555556, 1.463312, 2.073375
 154.333333, 4.522678, 0.477322, 1.343413, 1.894168
 159.000000, 5.020964, 0.559748, 1.184486, 1.790356
 145.666667, 4.489703, 0.530892, 1.215103, 1.805492
 161.000000, 4.639752, 0.641822, 1.267081, 1.968944
 171.666667, 4.875728, 0.555340, 1.316505, 1.945631
 144.333333, 4.392610, 0.648961, 1.346420, 2.046189
 163.000000, 5.648262, 0.627812, 1.286299, 1.965235
 161.333333, 5.018595, 0.524793, 1.126033, 1.700413
 164.333333, 4.971602, 0.535497, 1.208925, 1.807302
 158.666667, 3.796218, 0.525210, 1.457983, 2.035714
20
 0.250000, 5.000000, 0.000000, 0.000000, 0.000000
 161.000000, 5.536232, 0.652174, 1.389234, 2.107660
 190.000000, 4.764912, 0.475439, 1.284211, 1.814035
 144.000000, 4.266204, 0.532407, 1.326389, 1.921296
 177.000000, 4.728814, 0.532957, 1.195857, 1.781544
 182.666667, 5.447080, 0.636861, 1.346715, 2.040146
 181.666667, 5.636697, 0.568807, 1.313761, 1.937615
 149.666667, 4.086860, 0.630290, 1.371938, 2.071269
 153.333333, 4.239130, 0.521739, 1.300000, 1.895652
 177.000000, 4.702448, 0.687382, 1.325800, 2.067797
 174.666667, 4.917939, 0.606870, 1.316794, 1.988550
 171.333333, 5.614786, 0.610895, 1.221790, 1.920233
 158.666667, 4.579832, 0.514706, 1.172269, 1.743697
 166.333333, 5.076152, 0.645291, 1.308617, 2.008016
 161.666667, 4.094845, 0.484536, 1.276289, 1.818557
 150.333333, 5.011086, 0.614191, 1.337029, 2.026608
 147.333333, 4.850679, 0.595023, 1.280543, 1.932127
 144.666667, 4.836406, 0.557604, 1.193548, 1.811060
 165.000000, 4.501010, 0.539394, 1.244444, 1.832323
 176.666667, 3.949057, 0.462264, 1.332075, 1.856604
21
 0.250000, 2.000000, 7.000000, 1.000000, 9.000000
 168.666667, 5.832016, 0.673913, 1.440711, 2.177866
 191.666667, 4.685217, 0.467826, 1.377391, 1.897391
 161.333333, 3.991736, 0.522727, 1.299587, 1.873967
 163.000000, 4.437628, 0.658487, 1.353783, 2.067485
 152.000000, 5.024123, 0.625000, 1.445175, 2.138158
 167.000000, 4.904192, 0.554890, 1.469062, 2.083832
 184.000000, 4.827899, 0.625000, 1.286232, 1.960145
 180.000000, 4.383333, 0.457407, 1.246296, 1.751852
 169.000000, 4.130178, 0.544379, 1.321499, 1.928994
 177.666667, 4.592871, 0.647280, 1.317073, 2.018762
 153.000000, 5.015251, 0.590414, 1.311547, 1.956427
 153.666667, 4.173536, 0.533623, 1.212581, 1.796095
 146.333333, 4.681093, 0.601367, 1.323462, 1.972665
 143.000000, 3.899767, 0.480186, 1.461538, 2.023310
 142.666667, 4.880841, 0.642523, 1.390187, 2.100467
 148.000000, 4.301802, 0.556306, 1.200450, 1.815315
 150.000000, 4.568889, 0.497778, 1.197778, 1.744444
 157.333333, 5.228814, 0.597458, 1.281780, 1.927966
 180.666667, 4.396679, 0.514760, 1.263838, 1.824723
22
 0.250000, 3.000000, 0.000000, 0.000000, 3.000000
 142.000000, 5.549296, 0.694836, 1.645540, 2.410798
 184.666667, 4.718412, 0.631769, 1.481949, 2.164260
 167.333333, 4.418327, 0.559761, 1.304781, 1.922311
 169.666667, 4.779961, 0.512770, 1.385069, 1.966601
 157.000000, 4.607219, 0.596603, 1.418259, 2.070064
 162.333333, 4.505133, 0.513347, 1.511294, 2.110883
 163.333333, 5.079592, 0.610204, 1.242857, 1.916327
 170.333333, 5.078278, 0.585127, 1.254403, 1.906067
 169.000000, 4.441815, 0.599606, 1.362919, 2.013807
 180.000000, 4.740741, 0.579630, 1.318519, 1.951852
 170.333333, 5.289628, 0.559687, 1.252446, 1.863014
 165.666667, 5.036217, 0.583501, 1.219316, 1.867203
 154.333333, 4.578834, 0.613391, 1.358531, 2.036717
 166.000000, 4.347390, 0.518072, 1.263052, 1.831325
 160.000000, 4.900000, 0.700000, 1.335417, 2.106250
 152.666667, 4.816594, 0.572052, 1.303493, 1.941048
 146.000000, 5.207763, 0.474886, 1.171233, 1.696347
 169.666667, 5.412574, 0.554028, 1.198428, 1.809430
 175.666667, 4.576850, 0.481973, 1.351044, 1.884250
23
 0.250000, 0.000000, 1.000000, 1.000000, 5.000000
 168.333333, 5.857426, 0.730693, 1.407921, 2.196040
 177.666667, 4.609756, 0.557223, 1.469043, 2.095685
 167.333333, 4.950199, 0.603586, 1.308765, 1.984064
 163.333333, 4.130612, 0.471429, 1.287755, 1.826531
 171.666667, 5.380583, 0.605825, 1.320388, 1.994175
 174.000000, 5.306513, 0.613027, 1.442529, 2.114943
 171.000000, 5.421053, 0.651072, 1.463938, 2.183236
 184.666667, 4.862816, 0.525271, 1.232852, 1.810469
 166.666667, 4.520000, 0.494000, 1.388000, 1.934000
 177.000000, 4.482109, 0.561205, 1.254237, 1.877589
 156.000000, 4.470085, 0.587607, 1.224359, 1.863248
 155.333333, 4.793991, 0.525751, 1.184549, 1.772532
 170.666667, 4.550781, 0.562500, 1.169922, 1.785156
 155.333333, 4.484979, 0.530043, 1.274678, 1.869099
 144.666667, 5.910138, 0.711982, 1.377880, 2.135945
 154.666667, 4.590517, 0.601293, 1.256466, 1.911638
 155.333333, 4.673820, 0.484979, 1.111588, 1.648069
 156.666667, 4.985106, 0.568085, 1.204255, 1.819149
 172.000000, 4.056202, 0.529070, 1.308140, 1.910853
24
 0.250000, 0.000000, 0.000000, 1.000000, 4.000000
 173.666667, 5.877159, 0.746641, 1.518234, 2.332054
 188.333333, 4.897345, 0.529204, 1.263717, 1.849558
 167.000000, 4.497006, 0.650699, 1.473054, 2.185629
 186.000000, 5.114695, 0.519713, 1.238351, 1.804659
 176.333333, 5.500945, 0.631380, 1.296786, 1.982987
 160.000000, 4.693750, 0.554167, 1.456250, 2.089583
 168.000000, 4.839286, 0.553571, 1.325397, 1.934524
 169.000000, 5.522682, 0.585799, 1.256410, 1.901381
 170.666667, 4.060547, 0.523438, 1.382813, 1.955078
 167.666667, 4.856859, 0.532803, 1.228628, 1.827038
 162.666667, 4.260246, 0.559426, 1.307377, 1.926230
 147.000000, 4.133787, 0.560091, 1.233560, 1.870748
 157.333333, 4.777542, 0.593220, 1.307203, 1.955508
 168.000000, 4.297619, 0.513889, 1.273810, 1.837302
 166.000000, 5.365462, 0.672691, 1.353414, 2.072289
 144.333333, 4.360277, 0.496536, 1.300231, 1.854503
 151.333333, 4.488987, 0.502203, 1.196035, 1.751101
 159.000000, 4.987421, 0.570231, 1.322851, 1.943396
 166.333333, 4.521042, 0.486974, 1.408818, 1.953908
25
 0.250000, 0.000000, 0.000000, 1.000000, 4.000000
 168.333333, 5.158416, 0.827723, 1.374257, 2.253465
 177.000000, 4.401130, 0.544256, 1.369115, 1.962335
 175.000000, 4.121905, 0.520000, 1.173333, 1.744762
 162.666667, 4.520492, 0.555328, 1.311475, 1.930328
 167.666667, 5.300199, 0.636183, 1.302187, 1.992048
 165.666667, 4.410463, 0.529175, 1.344064, 1.951710
 175.333333, 5.536122, 0.633080, 1.361217, 2.074144
 159.333333, 4.460251, 0.552301, 1.372385, 1.991632
 157.333333, 3.811441, 0.506356, 1.430085, 2.019068
 169.000000, 4.280079, 0.577909, 1.360947, 1.994083
 157.000000, 4.961783, 0.556263, 1.225053, 1.830149
 154.000000, 4.692641, 0.528139, 1.194805, 1.785714
 151.000000, 4.311258, 0.567329, 1.342163, 1.973510
 160.666667, 3.771784, 0.497925, 1.257261, 1.804979
 161.666667, 5.301031, 0.711340, 1.292784, 2.061856
 164.333333, 5.501014, 0.596349, 1.150101, 1.833671
 140.000000, 5.278571, 0.542857, 1.226190, 1.830952
 141.000000, 4.371158, 0.527187, 1.347518, 1.936170
 169.333333, 3.895669, 0.517717, 1.383858, 1.968504
26
 0.250000, 0.000000, 1.000000, 0.000000, 4.000000
 142.666667, 5.161215, 0.728972, 1.478972, 2.315421
 180.333333, 4.312384, 0.500924, 1.343808, 1.903882
 170.333333, 4.954990, 0.598826, 1.365949, 2.045010
 163.666667, 4.743381, 0.578411, 1.246436, 1.879837
 172.666667, 5.951737, 0.679537, 1.376448, 2.127413
 184.666667, 4.916968, 0.622744, 1.346570, 2.046931
 177.666667, 5.429644, 0.611632, 1.358349, 2.052533
 183.000000, 4.788707, 0.513661, 1.245902, 1.821494
 162.000000, 3.777778, 0.557613, 1.393004, 2.006173
 167.000000, 4.562874, 0.574850, 1.331337, 1.970060
 163.333333, 4.973469, 0.551020, 1.273469, 1.879592
 165.333333, 4.816532, 0.604839, 1.205645, 1.885081
 161.333333, 4.132231, 0.597107, 1.165289, 1.818182
 163.000000, 4.081800, 0.517382, 1.294479, 1.883436
 165.000000, 4.971717, 0.634343, 1.432323, 2.121212
 160.333333, 4.677755, 0.559252, 1.241164, 1.848233
 160.000000, 4.679167, 0.516667, 1.070833, 1.641667
 161.333333, 5.369835, 0.644628, 1.194215, 1.892562
 166.000000, 3.885542, 0.487952, 1.309237, 1.855422
27
 0.250000, 0.000000, 2.000000, 0.000000, 3.000000
 163.000000, 5.576687, 0.742331, 1.496933, 2.310838
 182.666667, 4.518248, 0.468978, 1.229927, 1.751825
 169.333333, 4.720472, 0.620079, 1.332677, 2.031496
 169.000000, 4.256410, 0.467456, 1.282051, 1.808679
 154.333333, 4.948164, 0.673866, 1.410367, 2.142549
 169.333333, 5.748031, 0.759843, 1.338583, 2.161417
 153.333333, 4.858696, 0.650000, 1.358696, 2.076087
 158.666667, 4.495798, 0.527311, 1.279412, 1.859244
 169.333333, 4.661417, 0.505906, 1.312992, 1.874016
 183.000000, 4.630237, 0.568306, 1.264117, 1.896175
 163.000000, 5.793456, 0.588957, 1.192229, 1.840491
 161.333333, 4.427686, 0.533058, 1.190083, 1.770661
 152.000000, 4.747807, 0.594298, 1.293860, 1.945175
 151.333333, 4.101322, 0.535242, 1.341410, 1.944934
 161.333333, 4.417355, 0.592975, 1.287190, 1.933884
 159.000000, 4.819706, 0.555556, 1.283019, 1.897275
 144.666667, 4.698157, 0.550691, 1.175115, 1.783410
 160.333333, 4.617464, 0.534304, 1.264033, 1.854470
 172.666667, 4.940154, 0.534749, 1.333977, 1.918919
28
 0.250000, 2.000000, 0.000000, 0.000000, 1.000000
 165.000000, 6.096970, 0.775758, 1.397980, 2.234343
 188.000000, 4.632979, 0.485816, 1.283688, 1.817376
 168.333333, 4.831683, 0.528713, 1.257426, 1.875248
 166.000000, 4.461847, 0.510040, 1.592369, 2.180723
 175.333333, 5.558935, 0.560837, 1.317490, 1.925856
 168.333333, 4.178218, 0.536634, 1.295050, 1.922772
 169.333333, 5.393701, 0.559055, 1.279528, 1.901575
 164.333333, 4.454361, 0.559838, 1.320487, 1.943205
 171.666667, 4.347573, 0.500971, 1.415534, 1.980583
 177.000000, 5.495292, 0.608286, 1.286252, 1.954802
 168.000000, 4.857143, 0.585317, 1.202381, 1.837302
 162.666667, 4.944672, 0.538934, 1.137295, 1.731557
 153.333333, 4.708696, 0.780435, 1.304348, 2.139130
 155.666667, 4.308351, 0.501071, 1.310493, 1.877944
 142.000000, 4.795775, 0.612676, 1.377934, 2.044601
 152.000000, 4.458333, 0.583333, 1.287281, 1.921053
 156.333333, 4.328358, 0.524520, 1.098081, 1.675906
 152.666667, 4.305677, 0.534934, 1.299127, 1.882096
 170.333333, 4.354207, 0.463796, 1.416830, 1.935421
29
 0.250000, 1.000000, 0.000000, 0.000000, 0.000000
 168.000000, 6.103175, 0.706349, 1.369048, 2.142857
 169.666667, 4.457760, 0.563851, 1.410609, 2.056974
 170.000000, 4.490196, 0.547059, 1.335294, 1.945098
 176.333333, 4.676749, 0.519849, 1.285444, 1.862004
 180.333333, 5.120148, 0.645102, 1.365989, 2.072089
 169.000000, 4.743590, 0.544379, 1.297830, 1.901381
 164.000000, 4.867886, 0.534553, 1.412602, 2.000000
 157.666667, 4.331924, 0.505285, 1.266385, 1.824524
 182.666667, 4.417883, 0.541971, 1.352190, 1.963504
 173.666667, 4.811900, 0.585413, 1.289827, 1.930902
 158.333333, 4.635789, 0.532632, 1.233684, 1.846316
 158.666667, 4.245798, 0.565126, 1.214286, 1.834034
 168.333333, 4.718812, 0.663366, 1.316832, 2.049505
 158.333333, 4.187368, 0.545263, 1.280000, 1.911579
 147.666667, 5.027088, 0.595937, 1.440181, 2.124153
 155.333333, 4.673820, 0.598712, 1.278970, 1.944206
 142.000000, 3.924883, 0.509390, 1.244131, 1.823944
 143.666667, 4.141531, 0.533643, 1.299304, 1.893271
 167.666667, 3.576541, 0.461233, 1.435388, 1.946322
30
 0.250000, 3.000000, 0.000000, 0.000000, 0.000000
 150.666667, 5.365044, 0.734513, 1.429204, 2.243363
 189.000000, 4.322751, 0.511464, 1.370370, 1.936508
 159.666667, 4.599165, 0.544885, 1.438413, 2.102296
 166.000000, 4.668675, 0.532129, 1.375502, 1.957831
 163.000000, 5.361963, 0.650307, 1.429448, 2.141104
 155.666667, 4.616702, 0.524625, 1.561028, 2.137045
 165.000000, 5.200000, 0.680808, 1.337374, 2.076768
 179.333333, 5.081784, 0.594796, 1.258364, 1.897770
 166.333333, 3.531062, 0.519038, 1.426854, 2.006012
 174.666667, 4.406489, 0.532443, 1.324427, 1.910305
 147.333333, 4.791855, 0.542986, 1.237557, 1.832579
 154.000000, 4.748918, 0.528139, 1.238095, 1.844156
 156.333333, 4.230277, 0.560768, 1.296375, 1.912580
 172.333333, 4.607350, 0.518375, 1.268859, 1.833656
 159.000000, 4.616352, 0.628931, 1.354298, 2.056604
 158.000000, 4.776371, 0.605485, 1.128692, 1.784810
 160.333333, 5.033264, 0.546778, 1.143451, 1.735967
 161.000000, 4.084886, 0.517598, 1.248447, 1.830228
 172.000000, 3.920543, 0.476744, 1.366279, 1.897287
31
 0.250000, 0.000000, 0.000000, 1.000000, 1.000000
 155.333333, 5.199571, 0.763948, 1.317597, 2.141631
 176.000000, 5.089015, 0.579545, 1.441288, 2.104167
 175.000000, 4.918095, 0.573333, 1.424762, 2.047619
 181.333333, 5.167279, 0.518382, 1.352941, 1.933824
 165.666667, 5.843058, 0.625755, 1.303823, 1.983903
 159.000000, 4.790356, 0.607966, 1.383648, 2.062893
 177.333333, 5.323308, 0.605263, 1.313910, 1.964286
 159.000000, 4.238994, 0.549266, 1.408805, 2.014675
 175.666667, 4.601518, 0.588235, 1.415560, 2.051233
 168.666667, 4.173913, 0.531621, 1.349802, 1.946640
 150.666667, 4.692478, 0.537611, 1.298673, 1.896018
 159.000000, 3.955975, 0.536688, 1.163522, 1.748428
 150.333333, 4.787140, 0.603104, 1.341463, 1.993348
 176.000000, 4.649621, 0.549242, 1.272727, 1.871212
 155.666667, 5.000000, 0.693790, 1.408994, 2.160600
 149.000000, 3.977629, 0.568233, 1.284116, 1.912752
 131.000000, 4.017812, 0.480916, 1.129771, 1.666667
 161.000000, 4.815735, 0.517598, 1.271222, 1.844720
 169.333333, 4.769685, 0.462598, 1.375984, 1.909449
32
 0.250000, 0.000000, 0.000000, 0.000000, 0.000000
 161.000000, 5.376812, 0.683230, 1.246377, 1.981366
 178.000000, 4.425094, 0.522472, 1.376404, 1.949438
 171.000000, 4.343080, 0.508772, 1.350877, 1.914230
 175.666667, 5.020873, 0.521822, 1.248577, 1.821632
 171.000000, 5.138402, 0.639376, 1.269006, 1.968811
 176.666667, 4.926415, 0.535849, 1.341509, 1.933962
 176.000000, 6.607955, 0.797348, 1.350379, 2.193182
 166.000000, 4.212851, 0.526104, 1.379518, 1.951807
 179.000000, 4.575419, 0.512104, 1.370577, 1.968343
 180.666667, 5.042435, 0.564576, 1.287823, 1.905904
 173.666667, 5.485605, 0.591171, 1.232246, 1.877159
 154.333333, 4.365011, 0.565875, 1.185745, 1.801296
 162.000000, 5.144033, 0.699588, 1.179012, 1.956790
 153.666667, 4.188720, 0.524946, 1.388286, 1.982646
 150.333333, 4.866962, 0.620843, 1.365854, 2.037694
 152.333333, 4.448578, 0.551422, 1.168490, 1.776805
 143.000000, 3.771562, 0.508159, 1.191142, 1.759907
 163.000000, 5.249489, 0.570552, 1.247444, 1.879346
 173.666667, 4.274472, 0.479846, 1.360845, 1.896353
33
 0.250000, 6.000000, 0.000000, 0.000000, 0.000000
 152.666667, 6.729258, 0.851528, 1.386463, 2.299127
 182.000000, 4.879121, 0.503663, 1.322344, 1.882784
 155.000000, 4.393548, 0.604301, 1.301075, 1.956989
 165.666667, 4.398390, 0.496982, 1.229376, 1.784708
 177.666667, 5.249531, 0.632270, 1.305816, 1.998124
 166.666667, 4.486000, 0.542000, 1.382000, 1.988000
 157.000000, 4.547771, 0.592357, 1.280255, 1.938429
 155.666667, 4.929336, 0.593148, 1.316916, 1.965739
 170.000000, 4.321569, 0.537255, 1.382353, 1.968627
 182.666667, 5.091241, 0.640511, 1.310219, 2.007299
 172.666667, 4.889961, 0.588803, 1.196911, 1.839768
 153.000000, 4.816993, 0.525054, 1.172113, 1.762527
 178.666667, 5.098881, 0.608209, 1.309701, 1.979478
 160.666667, 4.311203, 0.487552, 1.232365, 1.778008
 153.333333, 4.623913, 0.563043, 1.243478, 1.858696
 154.333333, 4.701944, 0.596112, 1.323974, 1.976242
 146.000000, 4.210046, 0.525114, 1.223744, 1.801370
 154.000000, 4.902597, 0.551948, 1.248918, 1.872294
 167.666667, 4.157058, 0.526839, 1.423459, 2.009940
34
 0.250000, 7.000000, 0.000000, 0.000000, 1.000000
 159.666667, 5.768267, 0.734864, 1.436326, 2.260960
 189.333333, 4.864437, 0.519366, 1.272887, 1.846831
 174.666667, 4.282443, 0.551527, 1.347328, 1.946565
 182.333333, 5.285192, 0.550274, 1.228519, 1.840951
 173.333333, 5.115385, 0.705769, 1.346154, 2.103846
 173.000000, 5.030829, 0.599229, 1.418112, 2.073218
 172.333333, 5.433269, 0.613153, 1.373308, 2.048356
 166.666667, 4.770000, 0.572000, 1.194000, 1.814000
 173.666667, 4.619962, 0.550864, 1.397313, 2.003839
 162.000000, 4.526749, 0.569959, 1.355967, 1.977366
 159.333333, 4.838912, 0.592050, 1.232218, 1.889121
 168.333333, 5.471287, 0.538614, 1.152475, 1.744554
 161.666667, 4.952577, 0.567010, 1.230928, 1.857732
 167.333333, 4.414343, 0.507968, 1.256972, 1.820717
 148.000000, 4.641892, 0.682432, 1.457207, 2.193694
 159.666667, 5.269311, 0.515658, 1.217119, 1.780793
 136.333333, 4.400978, 0.496333, 1.271394, 1.828851
 146.666667, 4.175000, 0.552273, 1.281818, 1.888636
 178.000000, 4.241573, 0.471910, 1.355805, 1.880150
35
 0.250000, 4.000000, 0.000000, 0.000000, 1.000000
 164.000000, 6.093496, 0.752033, 1.459350, 2.286585
 169.000000, 4.806706, 0.560158, 1.335306, 1.944773
 173.666667, 4.842610, 0.539347, 1.280230, 1.871401
 171.666667, 4.178641, 0.510680, 1.275728, 1.873786
 159.000000, 5.570231, 0.651992, 1.383648, 2.090147
 173.333333, 5.080769, 0.553846, 1.330769, 1.940385
 170.333333, 4.872798, 0.604697, 1.440313, 2.101761
 155.000000, 3.972043, 0.503226, 1.389247, 1.954839
 181.333333, 5.051471, 0.619485, 1.360294, 2.036765
 166.333333, 5.246493, 0.605210, 1.344689, 2.044088
 141.000000, 4.966903, 0.572104, 1.290780, 1.912530
 163.000000, 4.709611, 0.539877, 1.089980, 1.683027
 157.333333, 4.440678, 0.584746, 1.283898, 1.919492
 167.333333, 4.709163, 0.446215, 1.278884, 1.778884
 156.000000, 5.519231, 0.638889, 1.250000, 1.955128
 155.666667, 4.034261, 0.537473, 1.235546, 1.824411
 147.666667, 4.523702, 0.503386, 1.153499, 1.720090
 160.333333, 5.180873, 0.555094, 1.336798, 1.950104
 170.666667, 4.121094, 0.472656, 1.376953, 1.896484
36
 0.250000, 20.000000, 0.000000, 0.000000, 10.000000
 149.000000, 5.313199, 0.715884, 1.460850, 2.261745
 185.666667, 4.809695, 0.538600, 1.378815, 1.978456
 167.333333, 4.496016, 0.635458, 1.360558, 2.103586
 171.666667, 4.097087, 0.512621, 1.378641, 1.939806
 171.000000, 4.984405, 0.615984, 1.325536, 1.994152
 158.333333, 5.134737, 0.557895, 1.524211, 2.141053
 182.333333, 4.906764, 0.546618, 1.244973, 1.842779
 178.000000, 5.059925, 0.505618, 1.191011, 1.749064
 166.000000, 4.606426, 0.477912, 1.415663, 1.953815
 169.333333, 4.088583, 0.568898, 1.356299, 1.998031
 150.333333, 4.534368, 0.583149, 1.241685, 1.891353
 144.000000, 4.805556, 0.523148, 1.212963, 1.791667
 162.333333, 4.806982, 0.659138, 1.215606, 1.932238
 156.000000, 4.070513, 0.525641, 1.262821, 1.848291
 155.333333, 5.452790, 0.663090, 1.341202, 2.057940
 147.666667, 4.808126, 0.604966, 1.261851, 1.918736
 149.333333, 4.584821, 0.553571, 1.133929, 1.738839
 163.333333, 4.516327, 0.561224, 1.197959, 1.814286
 182.333333, 4.365631, 0.542962, 1.292505, 1.890311
37
 0.250000, 8.000000, 0.000000, 0.000000, 1.000000
 148.333333, 5.485393, 0.712360, 1.384270, 2.200000
 180.333333, 4.042514, 0.489834, 1.319778, 1.872458
 167.333333, 4.603586, 0.559761, 1.278884, 1.942231
 152.666667, 4.207424, 0.524017, 1.229258, 1.827511
 170.000000, 5.111765, 0.670588, 1.419608, 2.147059
 163.000000, 4.468303, 0.533742, 1.386503, 1.971370
 185.000000, 5.282883, 0.614414, 1.185586, 1.854054
 161.000000, 4.728778, 0.577640, 1.395445, 2.037267
 165.333333, 3.729839, 0.514113, 1.397177, 1.963710
 185.333333, 5.208633, 0.629496, 1.194245, 1.888489
 162.000000, 5.004115, 0.584362, 1.218107, 1.862140
 160.333333, 4.459459, 0.584200, 1.247401, 1.898129
 176.333333, 5.268431, 0.661626, 1.215501, 1.933837
 156.000000, 3.899573, 0.583333, 1.228632, 1.858974
 161.000000, 5.662526, 0.645963, 1.300207, 2.000000
 156.000000, 4.160256, 0.536325, 1.376068, 1.959402
 148.666667, 4.672646, 0.558296, 1.206278, 1.813901
 155.333333, 4.605150, 0.523605, 1.311159, 1.909871
 175.333333, 3.781369, 0.522814, 1.313688, 1.885932
38
 0.250000, 9.000000, 0.000000, 0.000000, 1.000000
 160.333333, 5.792100, 0.686071, 1.390852, 2.137214
 179.666667, 4.389610, 0.476809, 1.302412, 1.827458
 160.000000, 4.510417, 0.518750, 1.452083, 2.031250
 173.666667, 4.823417, 0.518234, 1.320537, 1.888676
 153.000000, 5.206972, 0.686275, 1.446623, 2.189542
 175.000000, 4.440000, 0.500952, 1.380952, 1.937143
 171.666667, 4.910680, 0.605825, 1.182524, 1.838835
 176.333333, 4.589792, 0.512287, 1.291115, 1.854442
 173.333333, 4.225000, 0.509615, 1.425000, 1.986538
 172.666667, 4.467181, 0.606178, 1.357143, 2.015444
 155.333333, 5.152361, 0.596567, 1.190987, 1.856223
 163.333333, 4.342857, 0.548980, 1.177551, 1.779592
 166.333333, 5.442886, 0.647295, 1.274549, 2.000000
 160.000000, 3.610417, 0.535417, 1.337500, 1.925000
 163.333333, 5.297959, 0.712245, 1.312245, 2.085714
 155.333333, 4.864807, 0.534335, 1.216738, 1.821888
 154.666667, 4.409483, 0.493534, 1.090517, 1.635776
 169.333333, 4.267717, 0.533465, 1.188976, 1.773622
 175.000000, 4.299048, 0.495238, 1.352381, 1.902857
39
 0.250000, 11.000000, 0.000000, 1.000000, 1.000000
 176.000000, 5.821970, 0.660985, 1.339015, 2.077652
 183.333333, 4.236364, 0.478182, 1.256364, 1.792727
 164.000000, 4.538618, 0.672764, 1.376016, 2.130081
 164.333333, 4.872211, 0.578093, 1.320487, 1.969574
 176.000000, 5.787879, 0.566288, 1.344697, 1.979167
 174.000000, 5.760536, 0.624521, 1.350575, 2.022989
 163.333333, 4.902041, 0.624490, 1.322449, 2.020408
 180.000000, 5.127778, 0.548148, 1.327778, 1.950000
 175.000000, 4.750476, 0.605714, 1.440000, 2.114286
 168.666667, 4.996047, 0.588933, 1.349802, 2.001976
 169.666667, 5.444008, 0.636542, 1.204322, 1.889980
 157.666667, 5.147992, 0.585624, 1.112051, 1.746300
 166.333333, 4.673347, 0.655311, 1.266533, 1.981964
 162.000000, 4.732510, 0.530864, 1.306584, 1.888889
 170.000000, 5.729412, 0.617647, 1.305882, 1.978431
 161.000000, 4.687371, 0.556936, 1.283644, 1.900621
 150.000000, 4.393333, 0.475556, 1.142222, 1.680000
 160.333333, 4.135135, 0.521830, 1.193347, 1.767152
 182.666667, 3.521898, 0.447080, 1.372263, 1.870438
40
 0.250000, 9.000000, 0.000000, 1.000000, 2.000000
 158.000000, 6.371308, 0.867089, 1.358650, 2.280591
 171.333333, 4.412451, 0.535019, 1.445525, 2.044747
 166.333333, 4.909820, 0.573146, 1.296593, 1.931864
 173.333333, 4.798077, 0.471154, 1.284615, 1.809615
 169.000000, 5.418146, 0.579882, 1.368836, 2.011834
 155.000000, 4.718280, 0.572043, 1.387097, 2.034409
 164.333333, 5.663286, 0.659229, 1.480730, 2.190669
 162.333333, 3.882957, 0.537988, 1.305955, 1.928131
 172.666667, 4.046332, 0.500000, 1.364865, 1.911197
 163.333333, 4.751020, 0.583673, 1.346939, 1.989796
 153.666667, 4.646421, 0.542299, 1.318872, 1.919740
 154.333333, 4.930886, 0.552916, 1.138229, 1.751620
 154.666667, 4.905172, 0.618534, 1.290948, 1.993534
 160.333333, 4.118503, 0.513514, 1.278586, 1.850312
 156.666667, 5.061702, 0.627660, 1.387234, 2.097872
 160.333333, 4.787942, 0.596674, 1.230769, 1.889813
 150.333333, 4.649667, 0.492239, 1.161863, 1.707317
 162.333333, 4.952772, 0.525667, 1.293634, 1.891170
 164.333333, 4.109533, 0.501014, 1.417850, 1.975659
41
 0.250000, 7.000000, 0.000000, 1.000000, 2.000000
 142.000000, 4.985915, 0.657277, 1.396714, 2.110329
 169.666667, 4.502947, 0.538310, 1.426326, 2.035363
 164.666667, 4.864372, 0.544534, 1.463563, 2.082996
 150.666667, 4.015487, 0.544248, 1.451327, 2.057522
 167.666667, 4.892644, 0.598410, 1.395626, 2.041750
 168.333333, 4.869307, 0.584158, 1.366337, 2.005941
 160.333333, 4.692308, 0.632017, 1.284823, 1.970894
 157.000000, 4.110403, 0.496815, 1.288747, 1.840764
 162.000000, 3.658436, 0.493827, 1.430041, 1.971193
 183.333333, 4.983636, 0.518182, 1.230909, 1.800000
 151.666667, 5.090110, 0.567033, 1.195604, 1.808791
 162.333333, 4.523614, 0.523614, 1.193018, 1.765914
 168.000000, 4.875000, 0.642857, 1.311508, 2.005952
 156.000000, 4.666667, 0.583333, 1.256410, 1.888889
 166.000000, 4.997992, 0.576305, 1.279116, 1.909639
 153.333333, 5.554348, 0.623913, 1.304348, 2.023913
 160.333333, 4.615385, 0.492723, 1.112266, 1.654886
 152.666667, 5.331878, 0.576419, 1.340611, 1.991266
 184.000000, 4.780797, 0.480072, 1.340580, 1.869565
42
 0.250000, 18.000000, 1.000000, 6.000000, 7.000000
 155.333333, 5.407725, 0.695279, 1.375536, 2.150215
 187.000000, 4.203209, 0.545455, 1.295900, 1.905526
 165.000000, 4.074747, 0.658586, 1.367677, 2.076768
 165.666667, 4.820926, 0.605634, 1.297787, 1.951710
 164.000000, 4.943089, 0.632114, 1.306911, 1.985772
 169.000000, 4.986193, 0.601578, 1.392505, 2.047337
 170.333333, 4.606654, 0.569472, 1.246575, 1.872798
 158.333333, 4.431579, 0.549474, 1.267368, 1.865263
 170.333333, 4.624266, 0.520548, 1.485323, 2.064579
 168.333333, 4.267327, 0.596040, 1.287129, 1.938614
 164.333333, 4.809331, 0.582150, 1.170385, 1.809331
 165.666667, 4.672032, 0.513078, 1.164990, 1.728370
 146.666667, 4.365909, 0.725000, 1.306818, 2.088636
 171.000000, 4.421053, 0.483431, 1.233918, 1.764133
 155.666667, 5.438972, 0.546039, 1.323340, 1.925054
 164.333333, 4.868154, 0.531440, 1.225152, 1.813387
 141.666667, 4.211765, 0.515294, 1.160000, 1.748235
 157.666667, 5.000000, 0.558140, 1.336152, 1.942918
 171.666667, 4.433010, 0.489320, 1.431068, 1.982524
43
 0.250000, 18.000000, 0.000000, 4.000000, 5.000000
 154.666667, 6.211207, 0.741379, 1.308190, 2.125000
 180.000000, 4.453704, 0.527778, 1.392593, 1.981481
 164.000000, 4.493902, 0.621951, 1.345528, 2.028455
 182.000000, 4.851648, 0.512821, 1.217949, 1.787546
 179.333333, 5.079926, 0.546468, 1.408922, 2.005576
 152.000000, 4.396930, 0.493421, 1.416667, 1.975877
 149.666667, 4.496659, 0.574610, 1.452116, 2.082405
 170.666667, 5.470703, 0.583984, 1.279297, 1.921875
 159.666667, 4.110647, 0.511482, 1.484342, 2.075157
 162.333333, 4.527721, 0.581109, 1.447639, 2.110883
 156.333333, 4.311301, 0.571429, 1.302772, 1.946695
 154.333333, 4.015119, 0.544276, 1.276458, 1.889849
 157.333333, 4.536017, 0.658898, 1.311441, 2.019068
 168.000000, 4.442460, 0.509921, 1.279762, 1.837302
 155.666667, 4.415418, 0.582441, 1.394004, 2.044968
 153.000000, 5.034858, 0.636166, 1.405229, 2.095861
 152.000000, 4.725877, 0.517544, 1.164474, 1.741228
 155.333333, 5.023605, 0.545064, 1.317597, 1.927039
 173.666667, 4.211132, 0.487524, 1.339731, 1.884837
44
 0.250000, 18.000000, 0.000000, 3.000000, 4.000000
 161.666667, 5.156701, 0.682474, 1.373196, 2.103093
 179.333333, 4.180297, 0.509294, 1.358736, 2.022305
 159.000000, 4.501048, 0.507338, 1.425577, 1.987421
 174.666667, 4.910305, 0.490458, 1.356870, 1.904580
 164.666667, 4.937247, 0.700405, 1.340081, 2.119433
 185.000000, 5.126126, 0.562162, 1.394595, 2.027027
 175.333333, 5.032319, 0.577947, 1.311787, 1.939163
 174.000000, 5.233716, 0.545977, 1.260536, 1.860153
 170.000000, 4.435294, 0.531373, 1.405882, 1.982353
 185.000000, 4.780180, 0.571171, 1.313514, 1.949550
 147.333333, 4.556561, 0.610860, 1.319005, 1.981900
 155.333333, 4.903433, 0.555794, 1.182403, 1.793991
 159.666667, 4.415449, 0.617954, 1.298539, 1.983299
 170.000000, 4.174510, 0.535294, 1.229412, 1.815686
 149.333333, 4.500000, 0.642857, 1.285714, 1.997768
 153.666667, 4.449024, 0.553145, 1.197397, 1.811280
 148.666667, 4.062780, 0.540359, 1.215247, 1.829596
 157.666667, 5.528541, 0.606765, 1.264271, 1.934461
 171.666667, 3.867961, 0.485437, 1.510680, 2.042718
45
 0.250000, 24.000000, 5.000000, 4.000000, 9.000000
 152.666667, 5.545852, 0.746725, 1.473799, 2.344978
 189.333333, 4.795775, 0.475352, 1.401408, 1.927817
 171.666667, 4.815534, 0.586408, 1.271845, 1.908738
 170.333333, 4.720157, 0.585127, 1.322896, 1.966732
 178.333333, 5.484112, 0.583178, 1.317757, 1.955140
 171.333333, 5.225681, 0.570039, 1.505837, 2.138132
 150.000000, 4.337778, 0.586667, 1.342222, 1.982222
 180.000000, 4.892593, 0.588889, 1.290741, 1.942593
 182.666667, 5.348540, 0.624088, 1.377737, 2.058394
 169.333333, 4.836614, 0.543307, 1.314961, 1.919291
 145.666667, 4.187643, 0.615561, 1.338673, 2.022883
 172.333333, 4.794971, 0.531915, 1.094778, 1.676983
 162.666667, 4.649590, 0.620902, 1.368852, 2.038934
 167.666667, 5.544732, 0.695825, 1.280318, 2.045726
 147.666667, 4.431151, 0.679458, 1.286682, 2.015801
 158.333333, 4.608421, 0.553684, 1.244211, 1.852632
 149.000000, 4.574944, 0.501119, 1.181208, 1.738255
 154.333333, 5.136069, 0.572354, 1.345572, 1.976242
 178.666667, 4.550373, 0.481343, 1.397388, 1.927239
46
 0.250000, 23.000000, 5.000000, 3.000000, 9.000000
 159.333333, 5.554393, 0.702929, 1.407950, 2.175732
 165.000000, 4.321212, 0.533333, 1.337374, 1.939394
 177.000000, 4.868173, 0.604520, 1.327684, 2.009416
 165.000000, 4.432323, 0.535354, 1.270707, 1.874747
 175.333333, 5.587452, 0.655894, 1.264259, 1.969582
 170.666667, 4.802734, 0.501953, 1.441406, 2.005859
 171.000000, 5.292398, 0.627680, 1.325536, 2.001949
 158.000000, 4.063291, 0.537975, 1.360759, 1.959916
 165.000000, 4.765657, 0.557576, 1.462626, 2.076768
 175.333333, 5.304183, 0.585551, 1.326996, 1.971483
 165.666667, 4.663984, 0.549296, 1.279678, 1.879276
 162.000000, 4.804527, 0.582305, 1.133745, 1.765432
 160.666667, 4.943983, 0.703320, 1.302905, 2.060166
 164.666667, 4.052632, 0.477733, 1.242915, 1.763158
 157.000000, 5.197452, 0.656051, 1.335456, 2.053079
 158.000000, 5.113924, 0.607595, 1.318565, 1.991561
 147.333333, 4.443439, 0.447964, 1.185520, 1.701357
 150.333333, 4.607539, 0.543237, 1.290466, 1.882483
 161.333333, 4.409091, 0.485537, 1.289256, 1.838843
47
 0.250000, 21.000000, 1.000000, 5.000000, 7.000000
 159.000000, 6.029350, 0.723270, 1.419287, 2.236897
 180.666667, 4.701107, 0.464945, 1.273063, 1.797048
 169.666667, 4.711198, 0.583497, 1.396857, 2.045187
 164.333333, 4.535497, 0.521298, 1.527383, 2.117647
 166.000000, 4.765060, 0.622490, 1.319277, 1.993976
 175.000000, 5.419048, 0.567619, 1.422857, 2.051429
 159.333333, 4.864017, 0.562762, 1.328452, 1.941423
 167.666667, 4.624254, 0.568588, 1.318091, 1.954274
 172.333333, 4.553191, 0.545455, 1.388781, 1.988395
 176.333333, 4.928166, 0.540643, 1.296786, 1.890359
 153.000000, 4.851852, 0.590414, 1.361656, 2.015251
 143.000000, 4.324009, 0.547786, 1.270396, 1.867133
 155.000000, 5.163441, 0.718280, 1.301075, 2.079570
 165.333333, 4.429435, 0.467742, 1.320565, 1.858871
 146.333333, 4.257403, 0.624146, 1.391800, 2.063781
 171.333333, 4.894942, 0.533074, 1.110895, 1.690661
 135.666667, 4.542998, 0.501229, 1.100737, 1.663391
 150.333333, 4.356984, 0.521064, 1.330377, 1.911308
 177.666667, 4.737336, 0.508443, 1.386492, 1.947467
48
 0.250000, 23.000000, 3.000000, 3.000000, 6.000000
 161.666667, 5.909278, 0.727835, 1.373196, 2.183505
 183.333333, 4.880000, 0.494545, 1.330909, 1.881818
 163.333333, 4.883673, 0.646939, 1.353061, 2.057143
 166.333333, 4.140281, 0.529058, 1.324649, 1.913828
 161.666667, 4.546392, 0.558763, 1.360825, 1.975258
 176.666667, 5.756604, 0.673585, 1.352830, 2.103774
 168.666667, 5.061265, 0.628458, 1.264822, 1.954545
 180.000000, 5.166667, 0.572222, 1.198148, 1.838889
 179.000000, 4.154562, 0.571695, 1.340782, 1.970205
 191.333333, 5.482578, 0.618467, 1.310105, 2.001742
 142.666667, 4.018692, 0.579439, 1.245327, 1.897196
 151.333333, 4.367841, 0.522026, 1.143172, 1.720264
 168.000000, 4.924603, 0.581349, 1.218254, 1.867063
 159.666667, 4.192067, 0.524008, 1.334029, 1.916493
 144.666667, 4.548387, 0.619816, 1.384793, 2.055300
 145.333333, 4.211009, 0.607798, 1.334862, 2.006881
 147.333333, 4.384615, 0.486425, 1.144796, 1.678733
 160.666667, 5.356846, 0.564315, 1.329876, 1.958506
 182.333333, 3.945155, 0.444241, 1.398537, 1.892139
49
 0.250000, 22.000000, 6.000000, 0.000000, 6.000000
 152.000000, 5.440789, 0.622807, 1.526316, 2.219298
 163.666667, 4.246436, 0.496945, 1.393075, 1.959267
 159.000000, 4.157233, 0.551363, 1.461216, 2.138365
 166.000000, 4.993976, 0.520080, 1.240964, 1.833333
 178.000000, 5.505618, 0.627341, 1.292135, 1.973783
 171.333333, 4.190661, 0.603113, 1.548638, 2.223735
 165.333333, 6.149194, 0.723790, 1.379032, 2.189516
 168.333333, 4.639604, 0.550495, 1.310891, 1.930693
 168.000000, 3.746032, 0.561508, 1.404762, 2.025794
 170.333333, 4.870841, 0.528376, 1.279843, 1.863014
 165.666667, 5.726358, 0.583501, 1.281690, 1.929577
 145.666667, 4.672769, 0.558352, 1.151030, 1.759725
 150.666667, 4.307522, 0.597345, 1.274336, 1.944690
 169.333333, 5.181102, 0.622047, 1.297244, 1.976378
 153.666667, 4.678959, 0.639913, 1.383948, 2.080260
 148.000000, 4.709459, 0.617117, 1.317568, 1.984234
 159.666667, 5.018789, 0.490605, 1.106472, 1.653445
 163.666667, 4.527495, 0.527495, 1.236253, 1.814664
 182.000000, 4.371795, 0.514652, 1.278388, 1.851648
50
 0.250000, 19.000000, 6.000000, 0.000000, 7.000000
 164.666667, 5.943320, 0.757085, 1.487854, 2.325911
 182.666667, 4.443431, 0.547445, 1.288321, 1.894161
 157.666667, 4.968288, 0.655391, 1.534884, 2.251586
 170.333333, 4.772994, 0.547945, 1.289628, 1.888454
 161.666667, 4.661856, 0.593814, 1.410309, 2.061856
 177.333333, 5.037594, 0.545113, 1.383459, 1.994361
 172.000000, 4.748062, 0.534884, 1.296512, 1.906977
 178.666667, 4.738806, 0.531716, 1.173507, 1.757463
 184.333333, 4.650995, 0.488246, 1.363472, 1.902351
 185.333333, 5.025180, 0.584532, 1.217626, 1.859712
 173.333333, 5.480769, 0.623077, 1.265385, 1.955769
 150.000000, 4.657778, 0.522222, 1.268889, 1.842222
 145.333333, 4.463303, 0.596330, 1.327982, 1.993119
 158.333333, 3.776842, 0.448421, 1.210526, 1.707368
 169.333333, 5.627953, 0.590551, 1.246063, 1.883858
 150.666667, 4.719027, 0.546460, 1.223451, 1.858407
 146.666667, 4.547727, 0.475000, 1.195455, 1.720455
 172.333333, 5.135397, 0.493230, 1.179884, 1.727273
 181.000000, 4.053407, 0.467772, 1.318600, 1.869245
51
 0.250000, 18.000000, 6.000000, 0.000000, 6.000000
 163.666667, 5.303462, 0.661914, 1.299389, 2.028513
 176.666667, 4.815094, 0.475472, 1.413208, 1.937736
 174.333333, 4.803059, 0.552581, 1.292543, 1.896750
 184.666667, 4.828520, 0.570397, 1.211191, 1.837545
 170.666667, 4.875000, 0.617188, 1.408203, 2.072266
 168.333333, 4.807921, 0.538614, 1.491089, 2.083168
 151.666667, 5.059341, 0.597802, 1.303297, 1.960440
 172.000000, 4.527132, 0.542636, 1.282946, 1.887597
 168.666667, 4.476285, 0.509881, 1.332016, 1.901186
 174.333333, 4.734226, 0.596558, 1.195029, 1.858509
 162.666667, 4.807377, 0.584016, 1.170082, 1.805328
 164.666667, 4.902834, 0.562753, 1.121457, 1.738866
 159.333333, 4.671548, 0.604603, 1.236402, 1.889121
 154.666667, 3.616379, 0.480603, 1.198276, 1.726293
 154.000000, 4.807359, 0.640693, 1.290043, 1.991342
 162.000000, 5.253086, 0.541152, 1.193416, 1.783951
 149.333333, 4.517857, 0.558036, 1.120536, 1.738839
 163.333333, 4.753061, 0.526531, 1.297959, 1.887755
 168.000000, 4.311508, 0.513889, 1.337302, 1.898810
52
 0.250000, 18.000000, 5.000000, 0.000000, 6.000000
 157.000000, 6.076433, 0.757962, 1.454352, 2.269639
 186.000000, 4.905018, 0.575269, 1.440860, 2.080645
 173.666667, 4.447217, 0.533589, 1.412668, 2.015355
 166.666667, 4.780000, 0.510000, 1.344000, 1.920000
 180.666667, 5.345018, 0.662362, 1.317343, 2.035055
 163.333333, 5.512245, 0.648980, 1.473469, 2.202041
 166.333333, 5.212425, 0.635271, 1.326653, 2.018036
 190.333333, 5.366025, 0.588441, 1.281961, 1.922942
 169.666667, 4.852652, 0.595285, 1.502947, 2.174853
 165.666667, 4.553320, 0.611670, 1.305835, 1.969819
 166.000000, 4.736948, 0.540161, 1.238956, 1.839357
 149.000000, 4.246085, 0.543624, 1.286353, 1.881432
 140.000000, 4.321429, 0.633333, 1.400000, 2.080952
 156.333333, 3.827292, 0.496802, 1.232409, 1.795309
 153.666667, 4.590022, 0.605206, 1.308026, 1.965293
 158.333333, 4.869474, 0.494737, 1.258947, 1.800000
 160.000000, 4.452083, 0.543750, 1.156250, 1.756250
 152.000000, 4.625000, 0.537281, 1.199561, 1.811404
 170.000000, 4.456863, 0.511765, 1.427451, 2.009804
53
 0.250000, 18.000000, 5.000000, 0.000000, 6.000000
 159.666667, 5.609603, 0.716075, 1.423800, 2.204593
 177.333333, 4.330827, 0.503759, 1.319549, 1.879699
 167.666667, 4.477137, 0.558648, 1.395626, 2.009940
 171.333333, 4.392996, 0.542802, 1.241245, 1.834630
 171.666667, 5.436893, 0.650485, 1.359223, 2.075728
 164.333333, 4.590264, 0.539554, 1.434077, 2.046653
 171.666667, 4.223301, 0.667961, 1.322330, 2.038835
 183.000000, 5.411658, 0.597450, 1.285974, 1.932605
 165.666667, 4.458753, 0.531187, 1.406439, 2.004024
 174.666667, 4.576336, 0.524809, 1.374046, 1.954198
 165.666667, 4.593561, 0.549296, 1.191147, 1.798793
 148.666667, 4.571749, 0.526906, 1.289238, 1.869955
 148.333333, 4.334831, 0.685393, 1.343820, 2.092135
 164.333333, 4.967546, 0.541582, 1.265720, 1.860041
 157.000000, 4.883227, 0.664544, 1.309979, 2.033970
 161.333333, 5.159091, 0.648760, 1.190083, 1.888430
 143.333333, 4.997674, 0.497674, 1.086047, 1.648837
 154.000000, 4.560606, 0.545455, 1.322511, 1.932900
 185.666667, 4.114901, 0.520646, 1.332136, 1.903052
54
 0.250000, 17.000000, 5.000000, 0.000000, 6.000000
 173.666667, 5.817658, 0.694818, 1.282150, 2.034549
 167.333333, 4.370518, 0.523904, 1.468127, 2.043825
 168.666667, 4.503953, 0.579051, 1.347826, 1.972332
 178.000000, 4.870787, 0.485019, 1.342697, 1.880150
 175.333333, 5.718631, 0.709125, 1.376426, 2.136882
 160.333333, 4.546778, 0.571726, 1.426195, 2.056133
 155.333333, 4.482833, 0.680258, 1.263948, 2.002146
 160.000000, 4.097917, 0.493750, 1.264583, 1.829167
 171.000000, 4.113060, 0.541910, 1.409357, 2.009747
 174.000000, 4.984674, 0.620690, 1.222222, 1.886973
 165.666667, 4.468813, 0.573441, 1.177062, 1.796781
 156.000000, 4.717949, 0.613248, 1.115385, 1.782051
 163.333333, 4.848980, 0.579592, 1.361224, 1.989796
 150.333333, 3.782705, 0.476718, 1.385809, 1.942350
 163.333333, 5.530612, 0.659184, 1.283673, 2.006122
 159.666667, 5.578288, 0.578288, 1.267223, 1.910230
 159.666667, 4.359081, 0.515658, 1.114823, 1.678497
 169.666667, 4.833006, 0.565815, 1.220039, 1.846758
 168.333333, 4.120792, 0.483168, 1.384158, 1.916832
55
 0.250000, 17.000000, 1.000000, 0.000000, 2.000000
 156.333333, 6.217484, 0.801706, 1.473348, 2.326226
 180.333333, 4.661738, 0.500924, 1.452865, 2.016636
 164.333333, 4.363083, 0.574037, 1.352941, 1.977688
 169.666667, 4.385069, 0.833006, 1.445972, 2.328094
 175.333333, 5.060837, 0.596958, 1.370722, 2.022814
 187.000000, 5.688057, 0.550802, 1.322638, 1.928699
 162.000000, 4.946502, 0.547325, 1.263374, 1.864198
 182.333333, 4.354662, 0.513711, 1.202925, 1.765996
 153.666667, 3.600868, 0.520607, 1.390456, 1.958785
 183.666667, 4.615245, 0.588022, 1.274047, 1.912886
 149.000000, 4.946309, 0.577181, 1.241611, 1.879195
 137.666667, 3.978208, 0.525424, 1.176755, 1.765133
 150.333333, 4.738359, 0.507761, 1.252772, 1.818182
 164.333333, 4.208925, 0.517241, 1.210953, 1.787018
 151.333333, 5.414097, 0.682819, 1.418502, 2.151982
 146.333333, 4.815490, 0.485194, 1.239180, 1.790433
 156.666667, 4.934043, 0.500000, 1.148936, 1.717021
 156.666667, 4.072340, 0.491489, 1.346809, 1.927660
 173.000000, 4.109827, 0.485549, 1.431599, 1.976879
56
 0.250000, 13.000000, 1.000000, 0.000000, 2.000000
 166.000000, 5.437751, 0.728916, 1.367470, 2.148594
 195.666667, 4.959114, 0.524702, 1.284497, 1.879046
 162.000000, 4.497942, 0.592593, 1.471193, 2.121399
 175.000000, 4.241905, 0.481905, 1.327619, 1.872381
 162.000000, 5.144033, 0.584362, 1.475309, 2.119342
 185.666667, 5.312388, 0.601436, 1.411131, 2.070018
 166.333333, 5.230461, 0.619238, 1.234469, 1.915832
 161.666667, 4.915464, 0.608247, 1.350515, 2.008247
 181.333333, 4.762868, 0.523897, 1.378676, 1.954044
 162.333333, 4.275154, 0.628337, 1.365503, 2.061602
 150.000000, 4.826667, 0.580000, 1.280000, 1.922222
 154.333333, 4.397408, 0.555076, 1.149028, 1.762419
 167.666667, 4.854871, 0.602386, 1.332008, 1.994036
 154.333333, 4.172786, 0.522678, 1.323974, 1.896328
 149.333333, 5.236607, 0.647321, 1.330357, 2.033482
 149.666667, 4.835189, 0.614699, 1.376392, 2.037862
 150.666667, 4.367257, 0.513274, 1.196903, 1.761062
 179.666667, 5.142857, 0.508349, 1.243043, 1.805195
 169.666667, 4.277014, 0.479371, 1.314342, 1.844794
57
 0.250000, 13.000000, 1.000000, 0.000000, 2.000000
 169.666667, 5.813360, 0.724951, 1.463654, 2.253438
 168.666667, 4.193676, 0.586957, 1.335968, 1.978261
 167.333333, 4.583665, 0.651394, 1.400398, 2.101594
 173.333333, 4.513462, 0.515385, 1.271154, 1.855769
 157.333333, 5.421610, 0.610169, 1.400424, 2.080508
 172.000000, 4.579457, 0.598837, 1.447674, 2.104651
 167.333333, 4.944223, 0.587649, 1.298805, 1.944223
 170.000000, 4.794118, 0.572549, 1.270588, 1.900000
 172.000000, 4.399225, 0.517442, 1.395349, 1.963178
 177.666667, 4.624765, 0.534709, 1.255159, 1.848030
 150.000000, 4.795556, 0.582222, 1.217778, 1.851111
 167.666667, 4.765408, 0.558648, 1.170974, 1.791252
 141.333333, 3.905660, 0.622642, 1.278302, 1.962264
 177.333333, 4.765038, 0.492481, 1.187970, 1.727444
 156.000000, 4.818376, 0.724359, 1.286325, 2.068376
 163.000000, 4.862986, 0.554192, 1.263804, 1.881391
 157.000000, 4.883227, 0.484076, 1.148620, 1.694268
 155.000000, 4.578495, 0.520430, 1.195699, 1.778495
 169.333333, 4.171260, 0.490157, 1.370079, 1.923228
58
 0.250000, 13.000000, 1.000000, 0.000000, 2.000000
 158.333333, 5.444211, 0.694737, 1.324211, 2.080000
 180.333333, 4.524954, 0.504621, 1.434381, 1.996303
 170.666667, 4.691406, 0.542969, 1.371094, 1.990234
 161.000000, 4.440994, 0.513458, 1.291925, 1.865424
 188.666667, 5.876325, 0.673145, 1.261484, 1.989399
 165.000000, 4.755556, 0.531313, 1.317172, 1.898990
 173.000000, 5.882466, 0.768786, 1.341040, 2.165703
 168.000000, 4.275794, 0.565476, 1.295635, 1.906746
 168.333333, 4.649505, 0.538614, 1.473267, 2.081188
 158.333333, 4.728421, 0.562105, 1.370526, 1.997895
 169.000000, 5.205128, 0.605523, 1.203156, 1.857988
 153.666667, 4.008677, 0.501085, 1.258134, 1.815618
 156.666667, 4.791489, 0.659574, 1.280851, 1.993617
 154.333333, 3.781857, 0.505400, 1.205184, 1.773218
 153.000000, 4.738562, 0.708061, 1.283224, 2.037037
 151.333333, 5.028634, 0.658590, 1.268722, 1.984581
 142.000000, 4.288732, 0.467136, 1.178404, 1.723005
 167.666667, 5.159046, 0.526839, 1.180915, 1.767396
 178.333333, 4.119626, 0.474766, 1.300935, 1.839252
59
 0.250000, 12.000000, 1.000000, 0.000000, 2.000000
 174.666667, 6.270992, 0.833969, 1.339695, 2.229008
 176.000000, 4.878788, 0.534091, 1.410985, 2.015152
 159.333333, 4.554393, 0.661088, 1.491632, 2.230126
 168.333333, 4.140594, 0.518812, 1.308911, 1.881188
 185.000000, 5.018018, 0.659459, 1.362162, 2.073874
 170.333333, 5.718200, 0.600783, 1.354207, 2.013699
 167.333333, 5.161355, 0.639442, 1.286853, 1.992032
 169.666667, 4.715128, 0.569745, 1.265226, 1.907662
 181.333333, 4.391544, 0.549632, 1.420956, 2.033088
 168.666667, 4.438735, 0.559289, 1.369565, 1.984190
 158.666667, 4.785714, 0.581933, 1.191176, 1.821429
 159.000000, 4.362683, 0.511530, 1.186583, 1.744235
 164.000000, 4.918699, 0.526423, 1.217480, 1.794715
 151.000000, 4.079470, 0.640177, 1.342163, 2.037528
 158.333333, 5.042105, 0.661053, 1.284211, 1.993684
 153.666667, 4.509761, 0.533623, 1.245119, 1.837310
 157.000000, 4.717622, 0.535032, 1.097665, 1.681529
 171.333333, 4.675097, 0.515564, 1.215953, 1.789883
 153.333333, 3.808696, 0.465217, 1.473913, 2.004348
60
 0.250000, 0.000000, 1.000000, 4.000000, 5.000000
 150.000000, 5.757778, 0.764444, 1.408889, 2.262222
 188.000000, 4.817376, 0.539007, 1.450355, 2.053191
 178.333333, 4.945794, 0.592523, 1.343925, 1.990654
 169.666667, 4.968566, 0.502947, 1.220039, 1.776031
 178.666667, 6.132463, 0.666045, 1.337687, 2.069030
 171.000000, 4.701754, 0.604288, 1.461988, 2.128655
 184.000000, 5.250000, 0.655797, 1.262681, 1.976449
 159.333333, 3.974895, 0.558577, 1.364017, 1.976987
 158.666667, 3.873950, 0.489496, 1.399160, 1.939076
 176.666667, 5.094340, 0.650943, 1.307547, 2.018868
 160.333333, 4.972973, 0.540541, 1.330561, 1.950104
 151.666667, 4.918681, 0.516484, 1.279121, 1.859341
 155.000000, 4.425806, 0.578495, 1.273118, 1.903226
 172.000000, 4.726744, 0.511628, 1.205426, 1.773256
 148.000000, 5.090090, 0.569820, 1.394144, 2.031532
 153.333333, 5.323913, 0.604348, 1.178261, 1.843478
 151.333333, 4.966960, 0.466960, 1.127753, 1.658590
 166.666667, 5.012000, 0.550000, 1.212000, 1.820000
 172.000000, 3.905039, 0.486434, 1.364341, 1.905039
61
 0.250000, 13.000000, 1.000000, 0.000000, 18.000000
 163.000000, 5.361963, 0.658487, 1.337423, 2.067485
 181.333333, 5.034926, 0.514706, 1.354779, 1.941176
 149.000000, 4.223714, 0.530201, 1.393736, 1.997763
 171.333333, 4.535019, 0.490272, 1.272374, 1.821012
 176.666667, 5.649057, 0.645283, 1.388679, 2.096226
 164.333333, 4.245436, 0.543611, 1.391481, 1.987830
 161.666667, 5.154639, 0.620619, 1.461856, 2.160825
 163.666667, 4.122200, 0.507128, 1.266802, 1.847251
 172.333333, 4.702128, 0.570600, 1.413926, 2.042553
 177.000000, 4.760829, 0.585687, 1.335217, 1.973635
 159.000000, 5.672956, 0.643606, 1.335430, 2.035639
 146.000000, 4.363014, 0.589041, 1.305936, 1.947489
 153.333333, 4.341304, 0.554348, 1.343478, 1.952174
 155.666667, 4.372591, 0.550321, 1.207709, 1.832976
 157.333333, 4.633475, 0.622881, 1.413136, 2.086864
 147.000000, 4.791383, 0.634921, 1.278912, 1.968254
 157.333333, 4.756356, 0.536017, 1.180085, 1.775424
 179.000000, 5.150838, 0.506518, 1.202980, 1.765363
 169.333333, 3.860236, 0.519685, 1.403543, 1.988189
62
 0.250000, 0.000000, 0.000000, 2.000000, 2.000000
 176.000000, 5.570076, 0.623106, 1.356061, 2.047348
 181.666667, 4.453211, 0.541284, 1.405505, 2.001835
 159.333333, 4.700837, 0.606695, 1.497908, 2.152720
 171.000000, 5.077973, 0.674464, 1.446394, 2.179337
 179.333333, 5.330855, 0.587361, 1.414498, 2.061338
 158.333333, 4.686316, 0.610526, 1.568421, 2.258947
 162.666667, 4.938525, 0.573770, 1.284836, 1.915984
 178.000000, 4.376404, 0.548689, 1.282772, 1.893258
 165.666667, 4.376258, 0.492958, 1.374245, 1.917505
 164.000000, 4.965447, 0.556911, 1.304878, 1.916667
 175.666667, 5.047438, 0.620493, 1.301708, 2.007590
 155.333333, 4.989270, 0.560086, 1.261803, 1.884120
 159.000000, 4.469602, 0.599581, 1.270440, 1.924528
 155.000000, 3.875269, 0.466667, 1.389247, 1.911828
 153.333333, 5.019565, 0.571739, 1.276087, 1.917391
 156.666667, 4.806383, 0.574468, 1.291489, 1.921277
 138.666667, 4.516827, 0.560096, 1.129808, 1.747596
 152.000000, 4.035088, 0.510965, 1.217105, 1.776316
 174.666667, 4.698473, 0.490458, 1.330153, 1.887405
63
 0.250000, 17.000000, 0.000000, 0.000000, 1.000000
 154.666667, 5.558190, 0.698276, 1.489224, 2.258621
 177.000000, 5.056497, 1.088512, 1.576271, 2.721281
 173.333333, 4.836538, 0.546154, 1.280769, 1.878846
 177.000000, 4.549906, 0.483992, 1.286252, 1.824859
 161.000000, 4.556936, 0.643892, 1.300207, 2.008282
 171.666667, 5.326214, 0.607767, 1.372816, 2.044660
 161.333333, 5.324380, 0.665289, 1.314050, 2.033058
 170.666667, 4.660156, 0.539063, 1.371094, 1.974609
 167.333333, 4.245020, 0.589641, 1.474104, 2.115538
 177.333333, 5.601504, 0.610902, 1.343985, 2.007519
 154.000000, 4.476190, 0.580087, 1.296537, 1.935065
 156.000000, 4.371795, 0.540598, 1.226496, 1.816239
 152.666667, 4.266376, 0.685590, 1.305677, 2.045852
 158.000000, 4.177215, 0.478903, 1.303797, 1.833333
 145.666667, 4.915332, 0.643021, 1.395881, 2.100686
 154.333333, 5.166307, 0.533477, 1.209503, 1.803456
 144.666667, 4.605991, 0.527650, 1.170507, 1.755760
 162.666667, 5.096311, 0.579918, 1.256148, 1.905738
 177.000000, 4.058380, 0.491525, 1.369115, 1.926554
Histogram
5 0 0 0 0 0 0 0 0 0 8 0 0 0 0 0 32 123 317 363 245 91 36 11 3 2 0 1 0 0 2 0 0 0 0 0 0 0 0 0 5 0 0 0 0 0 0 0 0 0 3 0 0 0 0 0 0 0 0 0 6 0 0 0 0 0 0 0 0 0 4 0 0 0 0 0 0 0 0 0 0 0 0 0 0 0 0 0 0 0 3 0 0 0 0 0 0 0 0 0 1 0 0 0 0 0 0 0 0 0 3 0 0 0 0 0 0 0 0 16 
Cache Miss Ratio
NaN
numOfSets
628463
numOfGets
0
numOfMultiGets
0
