20
0
 0.250000, 3.000000, 0.000000, 24.000000, 66.000000
 87.666667, 0.414449, 0.315589, 0.878327, 1.330798
 87.333333, 0.255725, 0.198473, 0.984733, 1.248092
 92.000000, 0.344203, 0.217391, 0.942029, 1.202899
 92.666667, 0.658273, 0.262590, 0.856115, 1.161871
 96.666667, 0.348276, 0.262069, 0.848276, 1.155172
 90.666667, 0.327206, 0.235294, 0.882353, 1.172794
 93.333333, 0.432143, 0.235714, 0.775000, 1.075000
 89.333333, 0.473881, 0.309701, 0.817164, 1.171642
 91.333333, 0.653285, 0.302920, 0.868613, 1.218978
 98.000000, 0.625850, 0.353741, 0.853741, 1.261905
 94.666667, 0.144366, 0.257042, 0.887324, 1.190141
 88.333333, 0.505660, 0.301887, 1.101887, 1.449057
 94.000000, 0.308511, 0.219858, 0.776596, 1.039007
 87.666667, 0.304183, 0.273764, 0.806084, 1.129278
 96.666667, 0.265517, 0.237931, 0.782759, 1.068966
 87.333333, 0.301527, 0.263359, 0.854962, 1.160305
 97.333333, 0.328767, 0.212329, 0.767123, 1.023973
 95.000000, 0.347368, 0.266667, 0.831579, 1.147368
 98.000000, 0.435374, 0.238095, 0.721088, 1.013605
1
 0.250000, 4.000000, 0.000000, 17.000000, 48.000000
 81.666667, 0.281633, 0.281633, 0.840816, 1.187755
 93.333333, 0.382143, 0.225000, 1.014286, 1.285714
 98.333333, 0.508475, 0.267797, 0.867797, 1.179661
 96.666667, 0.575862, 0.258621, 0.879310, 1.186207
 97.000000, 0.347079, 0.254296, 0.828179, 1.137457
 94.666667, 0.771127, 0.274648, 0.922535, 1.242958
 94.333333, 0.385159, 0.332155, 0.830389, 1.208481
 88.000000, 0.579545, 0.367424, 0.897727, 1.310606
 85.000000, 0.349020, 0.286275, 0.882353, 1.215686
 92.333333, 0.498195, 0.292419, 0.815884, 1.155235
 97.666667, 0.252560, 0.211604, 0.819113, 1.075085
 95.666667, 0.550523, 0.257840, 1.128920, 1.428571
 93.333333, 0.225000, 0.214286, 0.817857, 1.078571
 87.333333, 0.301527, 0.267176, 0.809160, 1.137405
 102.666667, 0.444805, 0.217532, 0.743506, 1.006494
 89.333333, 0.514925, 0.242537, 0.813433, 1.100746
 97.000000, 0.271478, 0.230241, 0.786942, 1.061856
 96.333333, 0.346021, 0.301038, 0.840830, 1.190311
 94.666667, 0.327465, 0.239437, 0.742958, 1.024648
2
 0.250000, 4.000000, 0.000000, 9.000000, 47.000000
 94.666667, 0.588028, 0.285211, 0.830986, 1.172535
 89.333333, 0.287313, 0.223881, 0.996269, 1.261194
 91.666667, 0.276364, 0.254545, 0.850909, 1.152727
 85.333333, 0.218750, 0.257813, 0.832031, 1.148438
 93.333333, 0.300000, 0.267857, 0.800000, 1.117857
 92.000000, 0.376812, 0.275362, 1.014493, 1.336957
 88.333333, 0.222642, 0.267925, 0.796226, 1.113208
 84.333333, 0.359684, 0.300395, 0.833992, 1.177866
 87.666667, 0.479087, 0.247148, 0.756654, 1.053232
 89.333333, 0.268657, 0.279851, 0.805970, 1.130597
 97.666667, 0.269625, 0.201365, 0.849829, 1.098976
 94.666667, 0.380282, 0.242958, 1.109155, 1.397887
 92.666667, 0.190647, 0.244604, 0.780576, 1.075540
 94.333333, 0.477032, 0.303887, 0.766784, 1.116608
 98.666667, 0.280405, 0.229730, 0.783784, 1.054054
 87.666667, 0.414449, 0.220532, 0.779468, 1.045627
 95.000000, 0.315789, 0.242105, 0.824561, 1.115789
 93.000000, 0.290323, 0.225806, 0.827957, 1.121864
 93.000000, 0.372760, 0.254480, 0.874552, 1.172043
3
 0.250000, 1.000000, 0.000000, 21.000000, 81.000000
 87.666667, 0.403042, 0.311787, 0.802281, 1.167300
 93.333333, 0.275000, 0.192857, 0.946429, 1.185714
 93.000000, 0.397849, 0.275986, 0.842294, 1.164875
 87.000000, 0.260536, 0.237548, 0.865900, 1.149425
 97.333333, 0.390411, 0.229452, 0.859589, 1.133562
 92.333333, 0.371841, 0.216606, 0.931408, 1.194946
 101.333333, 0.634868, 0.263158, 0.782895, 1.111842
 92.333333, 0.494585, 0.415162, 0.866426, 1.332130
 86.666667, 0.488462, 0.338462, 0.800000, 1.200000
 96.000000, 0.500000, 0.309028, 0.819444, 1.173611
 94.000000, 0.216312, 0.234043, 0.858156, 1.138298
 92.333333, 0.516245, 0.202166, 1.057762, 1.303249
 98.333333, 0.362712, 0.206780, 0.776271, 1.030508
 98.666667, 0.456081, 0.260135, 0.888514, 1.192568
 101.000000, 0.521452, 0.250825, 0.801980, 1.105611
 99.333333, 0.630872, 0.248322, 0.805369, 1.100671
 94.333333, 0.307420, 0.226148, 0.872792, 1.155477
 96.000000, 0.270833, 0.232639, 0.815972, 1.097222
 94.000000, 0.326241, 0.223404, 0.726950, 1.003546
4
 0.250000, 4.000000, 0.000000, 18.000000, 57.000000
 85.333333, 0.289063, 0.484375, 0.832031, 1.441406
 88.000000, 0.314394, 0.215909, 0.912879, 1.174242
 92.666667, 0.374101, 0.226619, 0.938849, 1.212230
 87.333333, 0.278626, 0.213740, 0.965649, 1.225191
 89.333333, 0.283582, 0.227612, 0.902985, 1.179104
 90.666667, 0.430147, 0.294118, 1.003676, 1.345588
 93.000000, 0.394265, 0.265233, 0.817204, 1.129032
 91.000000, 0.593407, 0.362637, 0.835165, 1.245421
 91.666667, 0.912727, 0.403636, 0.803636, 1.258182
 88.333333, 0.373585, 0.290566, 0.788679, 1.128302
 90.666667, 0.169118, 0.194853, 0.812500, 1.055147
 89.000000, 0.411985, 0.209738, 1.033708, 1.288390
 96.333333, 0.435986, 0.256055, 0.847751, 1.145329
 84.333333, 0.237154, 0.241107, 0.766798, 1.051383
 98.000000, 0.408163, 0.248299, 0.748299, 1.044218
 95.666667, 0.588850, 0.268293, 0.787456, 1.094077
 95.666667, 0.216028, 0.261324, 0.815331, 1.132404
 100.333333, 0.342193, 0.269103, 0.780731, 1.093023
 98.000000, 0.360544, 0.265306, 0.884354, 1.190476
5
 0.250000, 4.000000, 9.000000, 19.000000, 40.000000
 85.666667, 0.319066, 0.435798, 0.867704, 1.435798
 89.333333, 0.264925, 0.201493, 0.996269, 1.246269
 98.666667, 0.547297, 0.263514, 0.908784, 1.219595
 92.666667, 0.539568, 0.262590, 0.870504, 1.176259
 92.333333, 0.357401, 0.223827, 0.830325, 1.101083
 96.000000, 0.475694, 0.215278, 0.927083, 1.187500
 93.666667, 0.309609, 0.234875, 0.790036, 1.071174
 88.333333, 0.562264, 0.294340, 0.849057, 1.192453
 102.333333, 1.309446, 0.426710, 0.889251, 1.364821
 87.333333, 0.374046, 0.293893, 0.809160, 1.148855
 90.000000, 0.192593, 0.218519, 0.814815, 1.074074
 87.666667, 0.372624, 0.209125, 1.038023, 1.296578
 104.000000, 0.685897, 0.269231, 0.807692, 1.121795
 94.000000, 0.663121, 0.336879, 0.843972, 1.226950
 97.333333, 0.270548, 0.239726, 0.773973, 1.058219
 90.000000, 0.296296, 0.225926, 0.848148, 1.114815
 92.333333, 0.310469, 0.220217, 0.772563, 1.043321
 100.000000, 0.343333, 0.240000, 0.763333, 1.046667
 91.666667, 0.232727, 0.265455, 0.792727, 1.101818
6
 0.250000, 0.000000, 8.000000, 26.000000, 73.000000
 86.666667, 0.238462, 0.284615, 0.815385, 1.146154
 90.000000, 0.303704, 0.240741, 1.033333, 1.322222
 88.000000, 0.162879, 0.219697, 0.935606, 1.215909
 90.000000, 0.348148, 0.237037, 0.862963, 1.144444
 91.333333, 0.288321, 0.240876, 0.821168, 1.105839
 91.666667, 0.363636, 0.265455, 0.905455, 1.221818
 95.666667, 0.456446, 0.216028, 0.780488, 1.045296
 90.666667, 0.448529, 0.334559, 0.878676, 1.257353
 95.000000, 0.666667, 0.322807, 0.842105, 1.221053
 92.000000, 0.474638, 0.322464, 0.851449, 1.224638
 93.333333, 0.228571, 0.239286, 0.839286, 1.121429
 99.333333, 0.748322, 0.275168, 1.070470, 1.389262
 94.333333, 0.522968, 0.307420, 0.809187, 1.162544
 98.666667, 0.479730, 0.250000, 0.885135, 1.179054
 95.666667, 0.292683, 0.212544, 0.794425, 1.052265
 92.000000, 0.402174, 0.264493, 0.782609, 1.090580
 96.000000, 0.253472, 0.215278, 0.781250, 1.038194
 91.333333, 0.124088, 0.233577, 0.751825, 1.029197
 89.666667, 0.297398, 0.219331, 0.795539, 1.059480
7
 0.250000, 1.000000, 23.000000, 15.000000, 74.000000
 92.333333, 0.653430, 0.285199, 0.812274, 1.162455
 90.333333, 0.332103, 0.228782, 0.963100, 1.239852
 96.000000, 0.281250, 0.208333, 0.881944, 1.138889
 89.333333, 0.283582, 0.261194, 0.839552, 1.145522
 95.666667, 0.285714, 0.247387, 0.846690, 1.139373
 88.000000, 0.272727, 0.212121, 0.943182, 1.204545
 95.333333, 0.377622, 0.276224, 0.811189, 1.132867
 89.666667, 0.505576, 0.338290, 0.832714, 1.219331
 92.000000, 0.836957, 0.318841, 0.833333, 1.206522
 86.000000, 0.279070, 0.263566, 0.844961, 1.155039
 98.000000, 0.340136, 0.248299, 0.806122, 1.102041
 86.000000, 0.321705, 0.224806, 1.023256, 1.294574
 94.000000, 0.400709, 0.283688, 0.808511, 1.138298
 93.666667, 0.355872, 0.256228, 0.875445, 1.181495
 99.333333, 0.382550, 0.265101, 0.785235, 1.104027
 96.000000, 0.684028, 0.295139, 0.791667, 1.128472
 100.333333, 0.338870, 0.225914, 0.794020, 1.063123
 97.000000, 0.295533, 0.209622, 0.766323, 1.020619
 100.333333, 0.538206, 0.242525, 0.760797, 1.059801
8
 0.250000, 1.000000, 23.000000, 14.000000, 75.000000
 87.333333, 0.339695, 0.267176, 0.812977, 1.137405
 91.000000, 0.476190, 0.234432, 1.047619, 1.326007
 91.666667, 0.214545, 0.203636, 0.876364, 1.138182
 92.666667, 0.359712, 0.262590, 0.834532, 1.140288
 99.666667, 0.384615, 0.217391, 0.856187, 1.113712
 91.000000, 0.271062, 0.227106, 0.996337, 1.271062
 98.666667, 0.557432, 0.273649, 0.831081, 1.148649
 92.666667, 0.492806, 0.269784, 0.866906, 1.179856
 94.333333, 0.537102, 0.286219, 0.840989, 1.180212
 93.000000, 0.433692, 0.272401, 0.788530, 1.103943
 102.000000, 0.454248, 0.212418, 0.843137, 1.101307
 91.000000, 0.238095, 0.201465, 1.021978, 1.285714
 96.333333, 0.332180, 0.235294, 0.802768, 1.083045
 96.333333, 0.456747, 0.238754, 0.868512, 1.159170
 101.333333, 0.457237, 0.259868, 0.776316, 1.082237
 91.333333, 0.372263, 0.237226, 0.762774, 1.043796
 95.666667, 0.275261, 0.254355, 0.787456, 1.080139
 104.666667, 0.761146, 0.273885, 0.821656, 1.156051
 93.666667, 0.334520, 0.234875, 0.800712, 1.074733
9
 0.250000, 1.000000, 24.000000, 16.000000, 74.000000
 90.666667, 0.544118, 0.257353, 0.827206, 1.143382
 93.000000, 0.476703, 0.218638, 0.953405, 1.215054
 92.666667, 0.392086, 0.212230, 0.910072, 1.165468
 89.333333, 0.421642, 0.246269, 0.865672, 1.160448
 91.333333, 0.229927, 0.226277, 0.835766, 1.105839
 87.000000, 0.318008, 0.233716, 1.011494, 1.310345
 89.333333, 0.268657, 0.242537, 0.783582, 1.070896
 85.666667, 0.614786, 0.322957, 0.809339, 1.182879
 94.333333, 0.469965, 0.268551, 0.872792, 1.190813
 94.333333, 0.477032, 0.226148, 0.823322, 1.095406
 97.000000, 0.353952, 0.264605, 0.835052, 1.144330
 91.666667, 0.407273, 0.229091, 1.029091, 1.305455
 93.333333, 0.389286, 0.246429, 0.792857, 1.085714
 93.000000, 0.591398, 0.322581, 0.788530, 1.168459
 96.666667, 0.258621, 0.217241, 0.772414, 1.037931
 92.333333, 0.415162, 0.259928, 0.841155, 1.140794
 94.333333, 0.409894, 0.212014, 0.830389, 1.088339
 95.000000, 0.200000, 0.228070, 0.792982, 1.063158
 93.666667, 0.327402, 0.306050, 0.829181, 1.188612
10
 0.250000, 1.000000, 24.000000, 16.000000, 74.000000
 89.333333, 0.507463, 0.283582, 0.835821, 1.171642
 87.333333, 0.316794, 0.202290, 0.965649, 1.213740
 92.333333, 0.386282, 0.281588, 0.902527, 1.231047
 91.333333, 0.386861, 0.251825, 0.839416, 1.131387
 90.333333, 0.357934, 0.258303, 0.808118, 1.110701
 93.000000, 0.426523, 0.247312, 0.942652, 1.240143
 86.666667, 0.238462, 0.276923, 0.769231, 1.092308
 82.000000, 0.284553, 0.284553, 0.849593, 1.182927
 84.666667, 0.468504, 0.318898, 0.822835, 1.216535
 97.666667, 0.501706, 0.351536, 0.832765, 1.232082
 94.666667, 0.214789, 0.225352, 0.855634, 1.126761
 91.333333, 0.343066, 0.218978, 1.021898, 1.284672
 92.666667, 0.406475, 0.251799, 0.823741, 1.122302
 91.666667, 0.443636, 0.280000, 0.843636, 1.167273
 100.333333, 0.471761, 0.292359, 0.764120, 1.099668
 93.666667, 0.512456, 0.227758, 0.772242, 1.042705
 101.333333, 0.361842, 0.266447, 0.789474, 1.138158
 97.666667, 0.300341, 0.279863, 0.805461, 1.133106
 93.666667, 0.270463, 0.224199, 0.797153, 1.067616
11
 0.250000, 0.000000, 39.000000, 0.000000, 74.000000
 89.000000, 0.426966, 0.269663, 0.823970, 1.146067
 92.000000, 0.474638, 0.268116, 1.025362, 1.340580
 88.333333, 0.211321, 0.226415, 0.962264, 1.233962
 90.666667, 0.323529, 0.205882, 0.889706, 1.150735
 94.333333, 0.349823, 0.233216, 0.840989, 1.120141
 87.666667, 0.608365, 0.250951, 0.950570, 1.247148
 93.666667, 0.366548, 0.274021, 0.854093, 1.181495
 84.333333, 0.296443, 0.379447, 0.976285, 1.407115
 91.333333, 0.478102, 0.313869, 0.821168, 1.189781
 90.000000, 0.251852, 0.270370, 0.818519, 1.140741
 99.666667, 0.384615, 0.204013, 0.869565, 1.113712
 86.000000, 0.414729, 0.209302, 1.034884, 1.290698
 90.333333, 0.276753, 0.250923, 0.800738, 1.095941
 90.000000, 0.292593, 0.259259, 0.833333, 1.137037
 96.333333, 0.384083, 0.287197, 0.785467, 1.117647
 93.000000, 0.494624, 0.225806, 0.860215, 1.136201
 105.333333, 0.316456, 0.205696, 0.797468, 1.047468
 95.333333, 0.349650, 0.230769, 0.818182, 1.108392
 98.333333, 0.383051, 0.254237, 0.772881, 1.067797
12
 0.250000, 0.000000, 39.000000, 0.000000, 72.000000
 88.000000, 0.393939, 0.291667, 0.920455, 1.268939
 92.333333, 0.555957, 0.238267, 0.960289, 1.241877
 87.333333, 0.156489, 0.225191, 0.874046, 1.145038
 89.333333, 0.298507, 0.208955, 0.854478, 1.108209
 99.333333, 0.399329, 0.241611, 0.818792, 1.104027
 88.000000, 0.530303, 0.284091, 0.935606, 1.280303
 90.666667, 0.264706, 0.338235, 0.801471, 1.191176
 91.333333, 0.660584, 0.441606, 0.864964, 1.346715
 95.666667, 0.822300, 0.341463, 0.836237, 1.226481
 96.666667, 0.506897, 0.234483, 0.779310, 1.058621
 96.333333, 0.273356, 0.221453, 0.820069, 1.086505
 92.666667, 0.489209, 0.212230, 1.014388, 1.273381
 94.666667, 0.355634, 0.235915, 0.813380, 1.095070
 91.666667, 0.305455, 0.305455, 0.825455, 1.174545
 96.666667, 0.348276, 0.255172, 0.772414, 1.072414
 87.666667, 0.205323, 0.243346, 0.756654, 1.041825
 89.333333, 0.167910, 0.205224, 0.783582, 1.037313
 94.333333, 0.226148, 0.250883, 0.745583, 1.042403
 94.333333, 0.240283, 0.261484, 0.795053, 1.098940
13
 0.250000, 1.000000, 54.000000, 1.000000, 73.000000
 87.333333, 0.450382, 0.312977, 0.874046, 1.244275
 92.000000, 0.228261, 0.206522, 1.039855, 1.293478
 89.000000, 0.239700, 0.228464, 0.966292, 1.243446
 88.666667, 0.349624, 0.236842, 0.902256, 1.195489
 92.333333, 0.545126, 0.241877, 0.859206, 1.148014
 97.000000, 0.491409, 0.257732, 0.893471, 1.195876
 92.666667, 0.406475, 0.266187, 0.773381, 1.086331
 86.666667, 0.430769, 0.276923, 0.830769, 1.157692
 84.333333, 0.379447, 0.256917, 0.794466, 1.098814
 93.666667, 0.451957, 0.274021, 0.832740, 1.153025
 98.666667, 0.378378, 0.260135, 0.777027, 1.084459
 94.333333, 0.678445, 0.275618, 1.003534, 1.321555
 98.000000, 0.387755, 0.238095, 0.799320, 1.081633
 91.333333, 0.419708, 0.259124, 0.835766, 1.138686
 98.666667, 0.435811, 0.280405, 0.770270, 1.114865
 93.666667, 0.580071, 0.234875, 0.804270, 1.106762
 101.666667, 0.436066, 0.203279, 0.747541, 0.993443
 104.000000, 0.394231, 0.246795, 0.798077, 1.089744
 96.666667, 0.531034, 0.331034, 0.772414, 1.144828
14
 0.250000, 1.000000, 10.000000, 3.000000, 25.000000
 89.333333, 0.518657, 0.305970, 0.794776, 1.182836
 93.666667, 0.601423, 0.252669, 1.024911, 1.323843
 89.666667, 0.215613, 0.223048, 0.828996, 1.096654
 92.666667, 0.359712, 0.212230, 0.888489, 1.143885
 94.333333, 0.459364, 0.233216, 0.837456, 1.120141
 93.666667, 0.548043, 0.288256, 0.964413, 1.295374
 97.666667, 0.556314, 0.334471, 0.819113, 1.197952
 96.333333, 0.678201, 0.404844, 0.858131, 1.314879
 94.333333, 0.886926, 0.328622, 0.830389, 1.208481
 91.000000, 0.479853, 0.252747, 0.871795, 1.172161
 95.666667, 0.184669, 0.205575, 0.836237, 1.087108
 91.000000, 0.362637, 0.230769, 1.036630, 1.315018
 91.666667, 0.298182, 0.261818, 0.789091, 1.094545
 91.000000, 0.340659, 0.208791, 0.838828, 1.095238
 98.000000, 0.295918, 0.210884, 0.751701, 1.006803
 88.000000, 0.367424, 0.257576, 0.765152, 1.064394
 95.000000, 0.263158, 0.217544, 0.761404, 1.024561
 95.000000, 0.512281, 0.263158, 0.775439, 1.091228
 96.000000, 0.378472, 0.250000, 0.791667, 1.086806
15
 0.250000, 0.000000, 13.000000, 0.000000, 25.000000
 91.333333, 0.405109, 0.291971, 0.828467, 1.171533
 93.666667, 0.437722, 0.217082, 1.021352, 1.291815
 91.000000, 0.600733, 0.300366, 0.838828, 1.190476
 90.666667, 0.294118, 0.238971, 0.871324, 1.158088
 95.000000, 0.410526, 0.231579, 0.775439, 1.063158
 91.333333, 0.368613, 0.255474, 0.897810, 1.204380
 88.333333, 0.384906, 0.267925, 0.784906, 1.098113
 85.666667, 0.404669, 0.291829, 0.941634, 1.280156
 86.666667, 0.400000, 0.257692, 0.811538, 1.119231
 95.000000, 0.550877, 0.294737, 0.775439, 1.112281
 95.000000, 0.329825, 0.210526, 0.845614, 1.098246
 93.333333, 0.625000, 0.239286, 1.007143, 1.300000
 97.333333, 0.308219, 0.232877, 0.770548, 1.047945
 92.333333, 0.361011, 0.259928, 0.823105, 1.129964
 96.333333, 0.262976, 0.238754, 0.768166, 1.051903
 87.000000, 0.356322, 0.233716, 0.789272, 1.080460
 97.666667, 0.358362, 0.232082, 0.815700, 1.088737
 94.333333, 0.215548, 0.268551, 0.773852, 1.091873
 92.333333, 0.350181, 0.227437, 0.787004, 1.057762
16
 0.250000, 0.000000, 6.000000, 1.000000, 16.000000
 92.666667, 0.478417, 0.298561, 0.856115, 1.208633
 87.000000, 0.314176, 0.245211, 0.869732, 1.157088
 91.000000, 0.296703, 0.241758, 0.901099, 1.186813
 92.666667, 0.388489, 0.212230, 0.845324, 1.104317
 100.000000, 0.763333, 0.263333, 0.800000, 1.110000
 97.000000, 0.439863, 0.223368, 0.910653, 1.178694
 90.000000, 0.362963, 0.251852, 0.766667, 1.062963
 89.666667, 0.427509, 0.237918, 0.810409, 1.092937
 87.000000, 0.739464, 0.352490, 0.885057, 1.287356
 95.333333, 0.398601, 0.283217, 0.933566, 1.265734
 97.000000, 0.309278, 0.219931, 0.865979, 1.130584
 86.666667, 0.434615, 0.246154, 1.019231, 1.307692
 94.333333, 0.303887, 0.261484, 0.795053, 1.106007
 95.333333, 0.339161, 0.241259, 0.769231, 1.059441
 96.666667, 0.434483, 0.251724, 0.782759, 1.079310
 93.333333, 0.603571, 0.339286, 0.825000, 1.210714
 103.333333, 0.416129, 0.229032, 0.793548, 1.067742
 97.333333, 0.410959, 0.260274, 0.767123, 1.071918
 97.333333, 0.390411, 0.315068, 0.835616, 1.198630
17
 0.250000, 0.000000, 6.000000, 1.000000, 16.000000
 90.666667, 0.533088, 0.297794, 0.871324, 1.220588
 89.666667, 0.275093, 0.204461, 0.936803, 1.189591
 95.333333, 0.293706, 0.234266, 0.877622, 1.157343
 93.666667, 0.362989, 0.234875, 0.932384, 1.213523
 98.666667, 0.445946, 0.266892, 0.834459, 1.148649
 93.666667, 0.302491, 0.224199, 0.943060, 1.209964
 94.666667, 0.323944, 0.250000, 0.785211, 1.088028
 86.000000, 0.476744, 0.341085, 0.891473, 1.282946
 98.666667, 0.966216, 0.351351, 0.827703, 1.246622
 92.000000, 0.452899, 0.253623, 0.815217, 1.108696
 90.333333, 0.114391, 0.239852, 0.815498, 1.099631
 93.000000, 0.634409, 0.279570, 1.068100, 1.394265
 92.333333, 0.415162, 0.324910, 0.823105, 1.194946
 94.666667, 0.383803, 0.253521, 0.827465, 1.130282
 99.000000, 0.373737, 0.212121, 0.754209, 1.006734
 95.000000, 0.491228, 0.245614, 0.842105, 1.126316
 98.333333, 0.216949, 0.230508, 0.803390, 1.077966
 102.666667, 0.480519, 0.217532, 0.769481, 1.029221
 91.333333, 0.277372, 0.222628, 0.777372, 1.047445
18
 0.200000, 8.000000, 0.000000, 0.000000, 1.000000
 87.333333, 0.404580, 0.259542, 0.908397, 1.232824
 93.666667, 0.423488, 0.224199, 1.014235, 1.284698
 93.333333, 0.210714, 0.182143, 0.828571, 1.057143
 98.000000, 0.683673, 0.248299, 0.911565, 1.207483
 87.666667, 0.193916, 0.231939, 0.825095, 1.102662
 94.000000, 0.489362, 0.269504, 1.000000, 1.315603
 94.666667, 0.602113, 0.228873, 0.820423, 1.105634
 78.333333, 0.451064, 0.314894, 0.872340, 1.238298
 94.333333, 0.816254, 0.321555, 0.837456, 1.208481
 92.000000, 0.471014, 0.235507, 0.869565, 1.155797
 96.000000, 0.305556, 0.211806, 0.805556, 1.065972
 92.666667, 0.446043, 0.230216, 1.111511, 1.384892
 99.333333, 0.362416, 0.258389, 0.812081, 1.114094
 90.000000, 0.340741, 0.222222, 0.777778, 1.048148
 100.666667, 0.278146, 0.215232, 0.778146, 1.039735
 95.000000, 0.442105, 0.294737, 0.796491, 1.133333
 92.333333, 0.205776, 0.220217, 0.812274, 1.075812
 95.666667, 0.351916, 0.212544, 0.811847, 1.069686
 96.000000, 0.312500, 0.218750, 0.774306, 1.034722
19
 0.200000, 7.000000, 0.000000, 0.000000, 0.000000
 91.333333, 0.441606, 0.310219, 0.905109, 1.273723
 81.666667, 0.191837, 0.195918, 1.077551, 1.318367
 91.666667, 0.403636, 0.236364, 0.843636, 1.127273
 96.333333, 0.532872, 0.273356, 0.975779, 1.294118
 97.333333, 0.455479, 0.284247, 0.845890, 1.178082
 99.333333, 0.681208, 0.255034, 0.953020, 1.248322
 93.000000, 0.519713, 0.258065, 0.759857, 1.060932
 92.333333, 0.888087, 0.379061, 0.909747, 1.342960
 89.000000, 0.513109, 0.277154, 0.794007, 1.119850
 93.333333, 0.503571, 0.278571, 0.771429, 1.110714
 95.000000, 0.214035, 0.207018, 0.821053, 1.073684
 88.000000, 0.333333, 0.204545, 0.962121, 1.215909
 92.000000, 0.336957, 0.221014, 0.818841, 1.086957
 92.333333, 0.382671, 0.245487, 0.801444, 1.090253
 102.000000, 0.372549, 0.209150, 0.771242, 1.022876
 93.666667, 0.370107, 0.302491, 0.839858, 1.185053
 99.666667, 0.424749, 0.200669, 0.775920, 1.020067
 99.333333, 0.298658, 0.197987, 0.771812, 1.013423
 97.333333, 0.328767, 0.284247, 0.808219, 1.136986
20
 0.200000, 0.000000, 0.000000, 0.000000, 1.000000
 86.666667, 0.350000, 0.284615, 0.923077, 1.261538
 85.666667, 0.237354, 0.214008, 1.007782, 1.264591
 96.000000, 0.343750, 0.250000, 0.930556, 1.222222
 89.666667, 0.219331, 0.234201, 0.858736, 1.137546
 94.666667, 0.588028, 0.267606, 0.852113, 1.165493
 89.666667, 0.442379, 0.237918, 0.921933, 1.204461
 94.000000, 0.329787, 0.319149, 0.797872, 1.163121
 88.666667, 0.635338, 0.428571, 0.883459, 1.357143
 92.333333, 0.638989, 0.321300, 0.859206, 1.231047
 87.333333, 0.194656, 0.255725, 0.839695, 1.145038
 98.666667, 0.395270, 0.253378, 0.861486, 1.158784
 90.000000, 0.377778, 0.229630, 1.088889, 1.366667
 91.666667, 0.247273, 0.298182, 0.767273, 1.109091
 95.666667, 0.578397, 0.289199, 0.773519, 1.111498
 95.666667, 0.442509, 0.236934, 0.724739, 1.006969
 86.000000, 0.224806, 0.240310, 0.806202, 1.100775
 95.333333, 0.342657, 0.248252, 0.776224, 1.069930
 94.000000, 0.191489, 0.205674, 0.790780, 1.042553
 95.000000, 0.329825, 0.228070, 0.810526, 1.084211
21
 0.250000, 0.000000, 0.000000, 2.000000, 4.000000
 85.666667, 0.521401, 0.284047, 0.902724, 1.241245
 86.666667, 0.234615, 0.188462, 0.980769, 1.211538
 95.666667, 0.313589, 0.275261, 0.930314, 1.247387
 98.000000, 0.578231, 0.231293, 0.925170, 1.204082
 91.333333, 0.197080, 0.248175, 0.864964, 1.156934
 94.000000, 0.517730, 0.301418, 0.882979, 1.234043
 102.333333, 0.527687, 0.309446, 0.811075, 1.162866
 88.333333, 0.615094, 0.437736, 0.833962, 1.320755
 87.666667, 0.657795, 0.376426, 0.859316, 1.296578
 98.333333, 0.545763, 0.250847, 0.888136, 1.183051
 95.333333, 0.283217, 0.237762, 0.860140, 1.143357
 87.666667, 0.414449, 0.277567, 1.110266, 1.437262
 94.000000, 0.333333, 0.234043, 0.826241, 1.106383
 93.000000, 0.415771, 0.258065, 0.824373, 1.136201
 98.666667, 0.358108, 0.206081, 0.760135, 1.010135
 94.000000, 0.382979, 0.248227, 0.787234, 1.070922
 98.666667, 0.216216, 0.246622, 0.814189, 1.104730
 97.666667, 0.389078, 0.204778, 0.737201, 0.982935
 94.666667, 0.225352, 0.228873, 0.753521, 1.024648
22
 0.250000, 0.000000, 0.000000, 0.000000, 4.000000
 92.333333, 0.613718, 0.335740, 0.819495, 1.223827
 92.000000, 0.445652, 0.231884, 1.061594, 1.351449
 87.666667, 0.129278, 0.201521, 0.977186, 1.228137
 88.666667, 0.319549, 0.225564, 0.838346, 1.109023
 93.333333, 0.275000, 0.242857, 0.785714, 1.089286
 90.666667, 0.411765, 0.213235, 0.941176, 1.202206
 91.333333, 0.474453, 0.361314, 0.828467, 1.233577
 88.000000, 0.840909, 0.397727, 0.848485, 1.291667
 85.333333, 0.312500, 0.316406, 0.824219, 1.191406
 92.333333, 0.472924, 0.223827, 0.779783, 1.054152
 99.666667, 0.404682, 0.254181, 0.889632, 1.190635
 90.333333, 0.476015, 0.210332, 1.044280, 1.302583
 95.333333, 0.279720, 0.227273, 0.765734, 1.038462
 92.000000, 0.304348, 0.250000, 0.778986, 1.072464
 100.666667, 0.529801, 0.264901, 0.807947, 1.119205
 92.666667, 0.503597, 0.237410, 0.809353, 1.089928
 104.000000, 0.448718, 0.243590, 0.823718, 1.112179
 100.000000, 0.380000, 0.233333, 0.800000, 1.080000
 95.333333, 0.342657, 0.202797, 0.776224, 1.020979
23
 0.250000, 0.000000, 2.000000, 1.000000, 6.000000
 89.333333, 0.447761, 0.268657, 0.929104, 1.257463
 88.000000, 0.439394, 0.234848, 0.950758, 1.231061
 87.333333, 0.202290, 0.255725, 0.866412, 1.164122
 87.333333, 0.370229, 0.236641, 0.904580, 1.187023
 100.000000, 0.556667, 0.246667, 0.886667, 1.176667
 88.333333, 0.418868, 0.230189, 0.950943, 1.249057
 93.000000, 0.236559, 0.240143, 0.774194, 1.060932
 91.000000, 0.494505, 0.362637, 0.864469, 1.274725
 90.666667, 0.602941, 0.327206, 0.830882, 1.205882
 92.666667, 0.395683, 0.219424, 0.823741, 1.093525
 91.666667, 0.290909, 0.247273, 0.847273, 1.141818
 90.333333, 0.501845, 0.298893, 1.059041, 1.409594
 97.666667, 0.563140, 0.245734, 0.802048, 1.088737
 91.000000, 0.384615, 0.318681, 0.798535, 1.164835
 97.000000, 0.347079, 0.257732, 0.752577, 1.054983
 89.666667, 0.304833, 0.278810, 0.851301, 1.174721
 104.000000, 0.544872, 0.214744, 0.753205, 1.009615
 103.333333, 0.487097, 0.274194, 0.745161, 1.061290
 95.333333, 0.255245, 0.251748, 0.779720, 1.076923
24
 0.250000, 1.000000, 0.000000, 0.000000, 1.000000
 92.000000, 0.456522, 0.231884, 0.782609, 1.079710
 97.000000, 0.594502, 0.213058, 1.024055, 1.281787
 94.000000, 0.276596, 0.226950, 0.872340, 1.138298
 87.333333, 0.221374, 0.232824, 0.805344, 1.083969
 92.666667, 0.312950, 0.255396, 0.834532, 1.136691
 88.666667, 0.334586, 0.199248, 0.932331, 1.191729
 94.333333, 0.498233, 0.243816, 0.763251, 1.053004
 92.666667, 0.521583, 0.284173, 0.830935, 1.158273
 93.666667, 0.594306, 0.241993, 0.793594, 1.085409
 96.666667, 0.610345, 0.262069, 0.793103, 1.100000
 106.000000, 0.688679, 0.267296, 0.761006, 1.069182
 91.666667, 0.632727, 0.236364, 1.101818, 1.385455
 94.000000, 0.446809, 0.262411, 0.808511, 1.113475
 94.333333, 0.484099, 0.328622, 0.795053, 1.173145
 95.666667, 0.149826, 0.233449, 0.783972, 1.073171
 89.000000, 0.310861, 0.277154, 0.835206, 1.157303
 96.333333, 0.266436, 0.235294, 0.795848, 1.076125
 96.333333, 0.425606, 0.238754, 0.788927, 1.107266
 95.666667, 0.351916, 0.229965, 0.783972, 1.055749
25
 0.250000, 0.000000, 0.000000, 0.000000, 1.000000
 90.666667, 0.540441, 0.294118, 0.893382, 1.238971
 89.333333, 0.268657, 0.264925, 1.000000, 1.324627
 94.000000, 0.308511, 0.223404, 0.861702, 1.127660
 94.000000, 0.379433, 0.234043, 0.815603, 1.095745
 96.333333, 0.349481, 0.228374, 0.830450, 1.103806
 94.333333, 0.568905, 0.261484, 0.939929, 1.243816
 95.000000, 0.368421, 0.319298, 0.771930, 1.133333
 95.000000, 1.094737, 0.449123, 0.852632, 1.350877
 90.666667, 0.569853, 0.294118, 0.808824, 1.150735
 94.333333, 0.473498, 0.296820, 0.805654, 1.162544
 95.666667, 0.341463, 0.212544, 0.832753, 1.090592
 91.000000, 0.326007, 0.197802, 0.963370, 1.208791
 100.333333, 0.614618, 0.282392, 0.820598, 1.146179
 95.333333, 0.475524, 0.279720, 0.860140, 1.192308
 104.666667, 0.544586, 0.270701, 0.777070, 1.089172
 96.000000, 0.597222, 0.253472, 0.819444, 1.118056
 104.666667, 0.363057, 0.213376, 0.751592, 1.019108
 95.333333, 0.360140, 0.318182, 0.811189, 1.174825
 95.666667, 0.331010, 0.236934, 0.853659, 1.132404
26
 0.250000, 1.000000, 0.000000, 0.000000, 1.000000
 89.333333, 0.388060, 0.287313, 0.873134, 1.216418
 87.000000, 0.272031, 0.214559, 0.969349, 1.226054
 91.333333, 0.164234, 0.251825, 0.901460, 1.211679
 90.666667, 0.316176, 0.235294, 0.904412, 1.183824
 95.666667, 0.337979, 0.219512, 0.787456, 1.048780
 89.666667, 0.386617, 0.237918, 0.903346, 1.197026
 94.000000, 0.390071, 0.308511, 0.801418, 1.163121
 90.666667, 0.738971, 0.363971, 0.900735, 1.312500
 92.000000, 0.503623, 0.293478, 0.811594, 1.163043
 87.666667, 0.323194, 0.288973, 0.802281, 1.133080
 92.333333, 0.187726, 0.212996, 0.841155, 1.101083
 92.666667, 0.589928, 0.280576, 1.097122, 1.424460
 99.666667, 0.494983, 0.250836, 0.779264, 1.070234
 92.000000, 0.445652, 0.231884, 0.818841, 1.097826
 97.000000, 0.353952, 0.254296, 0.766323, 1.061856
 91.666667, 0.454545, 0.240000, 0.832727, 1.116364
 100.000000, 0.300000, 0.270000, 0.833333, 1.150000
 104.333333, 0.370607, 0.226837, 0.766773, 1.038339
 94.666667, 0.348592, 0.218310, 0.802817, 1.063380
27
 0.250000, 0.000000, 0.000000, 1.000000, 1.000000
 85.000000, 0.400000, 0.282353, 0.843137, 1.180392
 94.000000, 0.351064, 0.226950, 1.056738, 1.340426
 91.666667, 0.298182, 0.221818, 0.792727, 1.061818
 84.000000, 0.250000, 0.226190, 0.857143, 1.126984
 100.000000, 0.453333, 0.226667, 0.843333, 1.130000
 93.000000, 0.584229, 0.268817, 0.949821, 1.265233
 91.333333, 0.346715, 0.237226, 0.821168, 1.109489
 90.666667, 0.584559, 0.367647, 0.897059, 1.308824
 95.000000, 0.564912, 0.336842, 0.792982, 1.178947
 87.666667, 0.425856, 0.235741, 0.806084, 1.083650
 95.666667, 0.390244, 0.229965, 0.891986, 1.167247
 87.000000, 0.295019, 0.233716, 1.068966, 1.348659
 93.333333, 0.264286, 0.235714, 0.803571, 1.082143
 93.000000, 0.559140, 0.275986, 0.817204, 1.136201
 96.000000, 0.281250, 0.218750, 0.760417, 1.024306
 89.666667, 0.338290, 0.241636, 0.810409, 1.096654
 96.333333, 0.217993, 0.238754, 0.775087, 1.055363
 93.666667, 0.330961, 0.231317, 0.772242, 1.046263
 98.000000, 0.340136, 0.210884, 0.809524, 1.064626
28
 0.250000, 0.000000, 0.000000, 0.000000, 1.000000
 86.333333, 0.297297, 0.289575, 0.888031, 1.231660
 89.333333, 0.190299, 0.227612, 1.070896, 1.343284
 103.666667, 0.672026, 0.295820, 0.858521, 1.196141
 90.666667, 0.397059, 0.235294, 0.852941, 1.132353
 96.666667, 0.293103, 0.234483, 0.827586, 1.120690
 93.000000, 0.279570, 0.215054, 0.996416, 1.261649
 91.666667, 0.418182, 0.236364, 0.785455, 1.069091
 88.333333, 0.498113, 0.290566, 0.890566, 1.226415
 96.000000, 0.746528, 0.336806, 0.892361, 1.277778
 100.000000, 0.626667, 0.326667, 0.873333, 1.256667
 95.000000, 0.336842, 0.214035, 0.873684, 1.133333
 88.666667, 0.684211, 0.323308, 1.037594, 1.406015
 97.000000, 0.309278, 0.237113, 0.800687, 1.079038
 89.666667, 0.256506, 0.237918, 0.773234, 1.055762
 96.666667, 0.220690, 0.206897, 0.786207, 1.041379
 98.333333, 0.650847, 0.288136, 0.816949, 1.149153
 95.666667, 0.317073, 0.219512, 0.745645, 1.010453
 98.333333, 0.420339, 0.257627, 0.755932, 1.057627
 94.666667, 0.355634, 0.211268, 0.785211, 1.038732
29
 0.250000, 0.000000, 0.000000, 0.000000, 1.000000
 84.666667, 0.267717, 0.303150, 0.968504, 1.322835
 98.000000, 0.581633, 0.210884, 1.023810, 1.275510
 95.666667, 0.362369, 0.254355, 0.770035, 1.069686
 91.666667, 0.352727, 0.221818, 0.941818, 1.218182
 105.000000, 0.615873, 0.269841, 0.838095, 1.155556
 95.666667, 0.696864, 0.247387, 0.874564, 1.167247
 90.666667, 0.349265, 0.264706, 0.764706, 1.080882
 93.333333, 0.739286, 0.378571, 0.903571, 1.335714
 90.333333, 0.520295, 0.298893, 0.848708, 1.202952
 91.666667, 0.447273, 0.283636, 0.854545, 1.203636
 97.666667, 0.423208, 0.225256, 0.843003, 1.112628
 88.666667, 0.379699, 0.233083, 1.090226, 1.372180
 95.666667, 0.222997, 0.247387, 0.783972, 1.076655
 93.000000, 0.365591, 0.265233, 0.820789, 1.132616
 101.666667, 0.416393, 0.255738, 0.770492, 1.072131
 95.333333, 0.590909, 0.237762, 0.846154, 1.129371
 94.333333, 0.243816, 0.229682, 0.784452, 1.063604
 97.333333, 0.410959, 0.277397, 0.815068, 1.136986
 94.666667, 0.383803, 0.200704, 0.820423, 1.066901
30
 0.250000, 10.000000, 0.000000, 0.000000, 4.000000
 93.000000, 0.691756, 0.340502, 0.874552, 1.286738
 98.333333, 0.528814, 0.223729, 1.033898, 1.305085
 95.333333, 0.465035, 0.237762, 0.965035, 1.248252
 81.666667, 0.387755, 0.248980, 0.857143, 1.151020
 93.666667, 0.423488, 0.245552, 0.829181, 1.131673
 97.000000, 0.539519, 0.257732, 0.886598, 1.189003
 92.333333, 0.364621, 0.263538, 0.808664, 1.122744
 104.333333, 1.265176, 0.456869, 0.900958, 1.408946
 87.666667, 0.631179, 0.281369, 0.855513, 1.205323
 92.000000, 0.532609, 0.326087, 0.916667, 1.286232
 95.000000, 0.249123, 0.200000, 0.863158, 1.108772
 91.666667, 0.545455, 0.240000, 1.007273, 1.287273
 93.333333, 0.264286, 0.296429, 0.782143, 1.121429
 85.333333, 0.308594, 0.246094, 0.781250, 1.074219
 101.000000, 0.425743, 0.254125, 0.765677, 1.059406
 87.000000, 0.310345, 0.241379, 0.835249, 1.122605
 92.333333, 0.285199, 0.212996, 0.790614, 1.046931
 95.666667, 0.327526, 0.233449, 0.815331, 1.094077
 89.333333, 0.261194, 0.220149, 0.791045, 1.052239
31
 0.250000, 9.000000, 0.000000, 0.000000, 4.000000
 88.333333, 0.305660, 0.313208, 0.781132, 1.147170
 91.333333, 0.328467, 0.193431, 1.003650, 1.240876
 98.000000, 0.323129, 0.217687, 0.826531, 1.088435
 91.333333, 0.332117, 0.204380, 0.919708, 1.171533
 98.000000, 0.442177, 0.227891, 0.816327, 1.095238
 88.333333, 0.539623, 0.283019, 0.977358, 1.305660
 99.000000, 0.474747, 0.276094, 0.831650, 1.148148
 87.666667, 0.513308, 0.288973, 0.859316, 1.193916
 91.666667, 0.363636, 0.272727, 0.781818, 1.101818
 86.000000, 0.220930, 0.232558, 0.825581, 1.104651
 102.000000, 0.408497, 0.228758, 0.879085, 1.147059
 85.666667, 0.256809, 0.233463, 1.003891, 1.303502
 94.333333, 0.420495, 0.310954, 0.823322, 1.180212
 90.333333, 0.261993, 0.269373, 0.800738, 1.114391
 93.333333, 0.246429, 0.250000, 0.803571, 1.096429
 89.000000, 0.404494, 0.228464, 0.842697, 1.116105
 97.000000, 0.264605, 0.195876, 0.776632, 1.024055
 97.666667, 0.443686, 0.266212, 0.805461, 1.116041
 98.666667, 0.385135, 0.226351, 0.777027, 1.054054
32
 0.250000, 11.000000, 0.000000, 1.000000, 8.000000
 87.666667, 0.365019, 0.239544, 0.916350, 1.239544
 92.000000, 0.449275, 0.213768, 0.989130, 1.246377
 95.333333, 0.451049, 0.251748, 0.891608, 1.199301
 90.333333, 0.402214, 0.225092, 0.878229, 1.143911
 98.666667, 0.351351, 0.236486, 0.817568, 1.097973
 100.666667, 0.536424, 0.268212, 0.903974, 1.218543
 101.333333, 0.519737, 0.322368, 0.825658, 1.197368
 90.666667, 0.485294, 0.349265, 0.941176, 1.338235
 90.000000, 0.544444, 0.322222, 0.814815, 1.188889
 97.666667, 0.467577, 0.262799, 0.822526, 1.126280
 98.000000, 0.374150, 0.224490, 0.891156, 1.163265
 90.666667, 0.283088, 0.250000, 1.066176, 1.367647
 94.666667, 0.440141, 0.299296, 0.785211, 1.137324
 95.000000, 0.480702, 0.252632, 0.792982, 1.091228
 98.666667, 0.391892, 0.212838, 0.743243, 1.003378
 96.333333, 0.543253, 0.238754, 0.782007, 1.079585
 95.666667, 0.324042, 0.222997, 0.777003, 1.045296
 100.333333, 0.262458, 0.209302, 0.774086, 1.029900
 88.333333, 0.294340, 0.267925, 0.800000, 1.113208
33
 0.250000, 11.000000, 0.000000, 1.000000, 8.000000
 89.666667, 0.661710, 0.408922, 0.828996, 1.304833
 95.666667, 0.567944, 0.229965, 0.975610, 1.254355
 95.666667, 0.303136, 0.250871, 0.905923, 1.198606
 96.666667, 0.489655, 0.262069, 0.879310, 1.186207
 98.000000, 0.336735, 0.231293, 0.918367, 1.193878
 93.666667, 0.444840, 0.241993, 0.918149, 1.206406
 93.666667, 0.466192, 0.288256, 0.758007, 1.096085
 91.666667, 0.621818, 0.323636, 0.836364, 1.214545
 92.000000, 0.634058, 0.304348, 0.847826, 1.199275
 96.333333, 0.487889, 0.224913, 0.795848, 1.062284
 98.333333, 0.328814, 0.223729, 0.905085, 1.172881
 88.333333, 0.343396, 0.252830, 1.011321, 1.313208
 98.333333, 0.488136, 0.274576, 0.786441, 1.115254
 89.333333, 0.238806, 0.242537, 0.895522, 1.182836
 94.666667, 0.179577, 0.204225, 0.767606, 1.014085
 89.000000, 0.453184, 0.269663, 0.880150, 1.194757
 96.333333, 0.321799, 0.204152, 0.764706, 1.010381
 102.666667, 0.519481, 0.240260, 0.759740, 1.042208
 96.666667, 0.265517, 0.251724, 0.793103, 1.086207
34
 0.250000, 8.000000, 0.000000, 1.000000, 8.000000
 91.666667, 0.403636, 0.349091, 0.854545, 1.261818
 88.000000, 0.268939, 0.246212, 1.049242, 1.340909
 91.333333, 0.255474, 0.226277, 0.875912, 1.156934
 100.666667, 0.599338, 0.264901, 0.864238, 1.188742
 97.666667, 0.423208, 0.232082, 0.860068, 1.133106
 97.333333, 0.640411, 0.256849, 0.917808, 1.219178
 95.333333, 0.454545, 0.262238, 0.804196, 1.111888
 87.333333, 0.690840, 0.385496, 0.870229, 1.301527
 93.666667, 0.654804, 0.373665, 0.907473, 1.338078
 93.333333, 0.539286, 0.253571, 0.796429, 1.096429
 96.666667, 0.337931, 0.244828, 0.879310, 1.165517
 88.666667, 0.383459, 0.274436, 1.056391, 1.387218
 93.000000, 0.304659, 0.261649, 0.777778, 1.086022
 96.000000, 0.350694, 0.260417, 0.819444, 1.121528
 95.333333, 0.195804, 0.251748, 0.758741, 1.055944
 95.000000, 0.491228, 0.259649, 0.870175, 1.175439
 90.000000, 0.144444, 0.214815, 0.785185, 1.048148
 92.333333, 0.220217, 0.216606, 0.801444, 1.064982
 92.666667, 0.172662, 0.248201, 0.830935, 1.125899
35
 0.250000, 6.000000, 7.000000, 1.000000, 8.000000
 92.000000, 0.503623, 0.315217, 0.884058, 1.264493
 88.333333, 0.203774, 0.196226, 1.026415, 1.271698
 92.333333, 0.400722, 0.241877, 0.848375, 1.148014
 92.333333, 0.480144, 0.277978, 0.870036, 1.191336
 101.333333, 0.467105, 0.223684, 0.786184, 1.052632
 95.333333, 0.363636, 0.220280, 0.912587, 1.174825
 94.000000, 0.308511, 0.244681, 0.787234, 1.078014
 92.666667, 0.679856, 0.363309, 0.848921, 1.258993
 95.333333, 0.699301, 0.297203, 0.786713, 1.129371
 89.666667, 0.460967, 0.256506, 0.821561, 1.130112
 94.666667, 0.246479, 0.221831, 0.845070, 1.112676
 93.000000, 0.444444, 0.211470, 1.007168, 1.268817
 94.333333, 0.385159, 0.325088, 0.802120, 1.173145
 90.666667, 0.389706, 0.216912, 0.926471, 1.187500
 90.666667, 0.154412, 0.253676, 0.790441, 1.088235
 94.000000, 0.450355, 0.226950, 0.776596, 1.046099
 101.333333, 0.404605, 0.210526, 0.805921, 1.062500
 94.666667, 0.232394, 0.235915, 0.788732, 1.073944
 89.666667, 0.241636, 0.241636, 0.795539, 1.085502
36
 0.250000, 0.000000, 7.000000, 4.000000, 14.000000
 85.000000, 0.466667, 0.286275, 0.929412, 1.270588
 90.666667, 0.216912, 0.224265, 0.966912, 1.231618
 94.333333, 0.265018, 0.261484, 0.855124, 1.159011
 95.666667, 0.613240, 0.222997, 0.825784, 1.101045
 94.666667, 0.320423, 0.225352, 0.848592, 1.119718
 97.333333, 0.623288, 0.273973, 0.893836, 1.212329
 93.666667, 0.597865, 0.281139, 0.814947, 1.138790
 91.000000, 0.758242, 0.358974, 0.882784, 1.285714
 89.000000, 0.546816, 0.314607, 0.816479, 1.183521
 95.000000, 0.392982, 0.305263, 0.891228, 1.245614
 94.000000, 0.265957, 0.226950, 0.872340, 1.145390
 97.333333, 0.619863, 0.246575, 1.023973, 1.315068
 89.666667, 0.219331, 0.263941, 0.799257, 1.107807
 95.000000, 0.442105, 0.305263, 0.792982, 1.143860
 103.333333, 0.377419, 0.209677, 0.751613, 1.012903
 91.333333, 0.609489, 0.270073, 0.821168, 1.135036
 99.000000, 0.397306, 0.269360, 0.848485, 1.161616
 101.333333, 0.440789, 0.289474, 0.815789, 1.148026
 94.666667, 0.316901, 0.232394, 0.820423, 1.095070
37
 0.250000, 0.000000, 8.000000, 4.000000, 14.000000
 89.000000, 0.490637, 0.329588, 0.835206, 1.217228
 90.000000, 0.507407, 0.229630, 1.040741, 1.314815
 90.333333, 0.177122, 0.243542, 0.937269, 1.225092
 94.666667, 0.521127, 0.242958, 0.904930, 1.193662
 96.666667, 0.303448, 0.300000, 0.820690, 1.165517
 94.666667, 0.429577, 0.235915, 0.933099, 1.214789
 94.666667, 0.436620, 0.295775, 0.778169, 1.119718
 92.666667, 0.766187, 0.316547, 0.874101, 1.237410
 89.333333, 0.600746, 0.317164, 0.921642, 1.291045
 93.333333, 0.528571, 0.357143, 0.889286, 1.292857
 97.333333, 0.270548, 0.202055, 0.883562, 1.133562
 92.000000, 0.416667, 0.221014, 1.018116, 1.282609
 91.333333, 0.222628, 0.218978, 0.777372, 1.040146
 90.333333, 0.306273, 0.265683, 0.859779, 1.177122
 90.333333, 0.217712, 0.265683, 0.760148, 1.070111
 97.666667, 0.795222, 0.255973, 0.805461, 1.102389
 96.666667, 0.255172, 0.237931, 0.779310, 1.058621
 93.333333, 0.342857, 0.225000, 0.785714, 1.078571
 92.000000, 0.213768, 0.231884, 0.789855, 1.065217
38
 0.250000, 0.000000, 5.000000, 4.000000, 11.000000
 89.333333, 0.458955, 0.332090, 0.888060, 1.272388
 90.333333, 0.361624, 0.202952, 1.025830, 1.276753
 91.666667, 0.240000, 0.243636, 0.858182, 1.145455
 94.666667, 0.429577, 0.204225, 0.883803, 1.133803
 93.000000, 0.437276, 0.236559, 0.795699, 1.078853
 92.333333, 0.505415, 0.245487, 0.989170, 1.277978
 97.666667, 0.863481, 0.382253, 0.774744, 1.201365
 90.000000, 0.548148, 0.325926, 0.848148, 1.222222
 91.000000, 0.637363, 0.369963, 0.794872, 1.212454
 85.666667, 0.326848, 0.307393, 0.883268, 1.237354
 95.666667, 0.275261, 0.209059, 0.867596, 1.118467
 85.666667, 0.280156, 0.229572, 1.054475, 1.326848
 99.333333, 0.489933, 0.238255, 0.758389, 1.040268
 95.000000, 0.498246, 0.308772, 0.810526, 1.178947
 99.000000, 0.350168, 0.218855, 0.784512, 1.070707
 96.000000, 0.614583, 0.250000, 0.798611, 1.090278
 97.333333, 0.383562, 0.215753, 0.767123, 1.023973
 98.333333, 0.335593, 0.250847, 0.766102, 1.067797
 95.000000, 0.305263, 0.249123, 0.796491, 1.084211
39
 0.250000, 0.000000, 0.000000, 0.000000, 1.000000
 95.000000, 0.571930, 0.273684, 0.887719, 1.210526
 86.000000, 0.387597, 0.255814, 0.976744, 1.275194
 93.000000, 0.501792, 0.243728, 0.906810, 1.193548
 94.333333, 0.360424, 0.219081, 0.883392, 1.148410
 94.333333, 0.346290, 0.279152, 0.883392, 1.222615
 91.333333, 0.313869, 0.211679, 0.894161, 1.145985
 107.333333, 0.909938, 0.375776, 0.773292, 1.211180
 85.000000, 0.686275, 0.447059, 0.890196, 1.388235
 85.000000, 0.486275, 0.274510, 0.839216, 1.168627
 91.000000, 0.366300, 0.307692, 0.857143, 1.208791
 97.666667, 0.337884, 0.218430, 0.911263, 1.174061
 80.000000, 0.191667, 0.216667, 1.058333, 1.320833
 94.333333, 0.289753, 0.268551, 0.731449, 1.042403
 94.666667, 0.411972, 0.278169, 0.922535, 1.250000
 94.333333, 0.289753, 0.257951, 0.809187, 1.109541
 99.333333, 0.661074, 0.241611, 0.879195, 1.161074
 98.000000, 0.272109, 0.227891, 0.765306, 1.040816
 103.666667, 0.379421, 0.221865, 0.771704, 1.038585
 96.666667, 0.410345, 0.220690, 0.768966, 1.031034
40
 0.250000, 8.000000, 0.000000, 1.000000, 1.000000
 96.000000, 0.534722, 0.263889, 0.854167, 1.177083
 91.666667, 0.272727, 0.232727, 1.047273, 1.323636
 88.666667, 0.127820, 0.203008, 0.890977, 1.139098
 91.000000, 0.410256, 0.260073, 0.890110, 1.194139
 94.000000, 0.496454, 0.258865, 0.900709, 1.205674
 98.000000, 0.741497, 0.302721, 0.979592, 1.326531
 93.333333, 0.314286, 0.242857, 0.764286, 1.046429
 89.333333, 0.652985, 0.361940, 0.824627, 1.231343
 88.000000, 0.560606, 0.310606, 0.795455, 1.162879
 87.000000, 0.455939, 0.383142, 0.911877, 1.344828
 96.666667, 0.337931, 0.213793, 0.824138, 1.082759
 86.666667, 0.488462, 0.219231, 1.073077, 1.342308
 98.333333, 0.396610, 0.237288, 0.810169, 1.091525
 97.333333, 0.431507, 0.236301, 0.921233, 1.198630
 100.333333, 0.438538, 0.252492, 0.757475, 1.056478
 88.333333, 0.396226, 0.298113, 0.796226, 1.143396
 96.666667, 0.275862, 0.210345, 0.786207, 1.037931
 97.666667, 0.757679, 0.392491, 0.788396, 1.225256
 99.666667, 0.357860, 0.214047, 0.759197, 1.016722
41
 0.250000, 5.000000, 0.000000, 1.000000, 1.000000
 93.666667, 0.569395, 0.291815, 0.871886, 1.217082
 91.000000, 0.238095, 0.212454, 1.065934, 1.322344
 94.000000, 0.343972, 0.230496, 0.904255, 1.180851
 92.333333, 0.342960, 0.234657, 0.877256, 1.158845
 96.333333, 0.262976, 0.235294, 0.792388, 1.072664
 93.666667, 0.409253, 0.224199, 0.896797, 1.167260
 91.000000, 0.421245, 0.256410, 0.754579, 1.054945
 83.666667, 0.318725, 0.250996, 0.792829, 1.091633
 89.666667, 0.535316, 0.312268, 0.869888, 1.237918
 93.333333, 0.460714, 0.253571, 0.803571, 1.100000
 92.666667, 0.183453, 0.212230, 0.866906, 1.122302
 85.000000, 0.345098, 0.207843, 1.121569, 1.396078
 90.000000, 0.296296, 0.285185, 0.777778, 1.107407
 88.333333, 0.237736, 0.241509, 0.913208, 1.203774
 102.000000, 0.460784, 0.232026, 0.751634, 1.029412
 96.000000, 0.472222, 0.211806, 0.798611, 1.052083
 100.333333, 0.342193, 0.229236, 0.794020, 1.069767
 100.000000, 0.370000, 0.230000, 0.766667, 1.040000
 100.333333, 0.561462, 0.249169, 0.750831, 1.043189
42
 0.250000, 0.000000, 0.000000, 0.000000, 7.000000
 88.666667, 0.323308, 0.285714, 0.917293, 1.255639
 91.333333, 0.291971, 0.204380, 0.996350, 1.248175
 94.666667, 0.271127, 0.218310, 0.992958, 1.260563
 91.333333, 0.332117, 0.193431, 0.821168, 1.058394
 95.000000, 0.491228, 0.252632, 0.792982, 1.091228
 92.666667, 0.834532, 0.356115, 1.003597, 1.406475
 97.000000, 0.608247, 0.254296, 0.773196, 1.072165
 86.666667, 0.426923, 0.303846, 0.834615, 1.184615
 87.666667, 0.513308, 0.300380, 0.832700, 1.182510
 85.333333, 0.410156, 0.273438, 0.804688, 1.121094
 94.000000, 0.297872, 0.219858, 0.812057, 1.088652
 90.333333, 0.372694, 0.199262, 1.081181, 1.332103
 91.000000, 0.307692, 0.234432, 0.776557, 1.051282
 92.333333, 0.519856, 0.277978, 0.779783, 1.104693
 95.000000, 0.245614, 0.228070, 0.740351, 1.014035
 90.333333, 0.335793, 0.265683, 0.815498, 1.121771
 94.666667, 0.281690, 0.257042, 0.869718, 1.172535
 94.000000, 0.234043, 0.212766, 0.776596, 1.046099
 93.333333, 0.317857, 0.246429, 0.782143, 1.082143
43
 0.250000, 0.000000, 0.000000, 0.000000, 7.000000
 85.333333, 0.292969, 0.261719, 0.906250, 1.218750
 92.333333, 0.281588, 0.198556, 1.021661, 1.263538
 93.666667, 0.217082, 0.217082, 0.896797, 1.163701
 87.333333, 0.221374, 0.225191, 0.935115, 1.209924
 99.000000, 0.693603, 0.303030, 0.868687, 1.222222
 93.000000, 0.419355, 0.218638, 0.903226, 1.168459
 88.666667, 0.206767, 0.285714, 0.793233, 1.120301
 84.333333, 0.359684, 0.312253, 0.853755, 1.213439
 99.333333, 0.922819, 0.392617, 0.862416, 1.308725
 88.666667, 0.496241, 0.334586, 0.909774, 1.293233
 96.333333, 0.228374, 0.242215, 0.830450, 1.114187
 90.333333, 0.357934, 0.214022, 0.944649, 1.202952
 98.333333, 0.450847, 0.257627, 0.783051, 1.088136
 94.666667, 0.401408, 0.278169, 0.961268, 1.295775
 94.000000, 0.251773, 0.209220, 0.801418, 1.053191
 93.666667, 0.405694, 0.298932, 0.832740, 1.174377
 101.333333, 0.440789, 0.240132, 0.825658, 1.115132
 95.333333, 0.423077, 0.265734, 0.825175, 1.136364
 96.666667, 0.400000, 0.279310, 0.803448, 1.124138
44
 0.250000, 1.000000, 0.000000, 0.000000, 1.000000
 93.000000, 0.573477, 0.308244, 0.921147, 1.283154
 86.333333, 0.301158, 0.262548, 1.050193, 1.359073
 99.666667, 0.826087, 0.297659, 0.886288, 1.234114
 97.666667, 0.423208, 0.238908, 0.938567, 1.225256
 100.666667, 0.453642, 0.248344, 0.807947, 1.099338
 89.000000, 0.295880, 0.250936, 0.925094, 1.220974
 96.666667, 0.365517, 0.275862, 0.765517, 1.086207
 90.666667, 0.518382, 0.352941, 0.875000, 1.275735
 88.333333, 0.539623, 0.271698, 0.833962, 1.162264
 90.666667, 0.470588, 0.308824, 0.742647, 1.106618
 96.333333, 0.356401, 0.249135, 0.858131, 1.152249
 90.333333, 0.468635, 0.221402, 1.059041, 1.324723
 98.000000, 0.445578, 0.241497, 0.751701, 1.047619
 89.333333, 0.276119, 0.231343, 0.817164, 1.093284
 97.333333, 0.239726, 0.222603, 0.777397, 1.041096
 87.000000, 0.344828, 0.237548, 0.816092, 1.095785
 100.000000, 0.300000, 0.220000, 0.776667, 1.036667
 99.666667, 0.377926, 0.264214, 0.859532, 1.170569
 91.000000, 0.212454, 0.238095, 0.758242, 1.040293
45
 0.250000, 1.000000, 0.000000, 0.000000, 1.000000
 91.000000, 0.454212, 0.274725, 0.838828, 1.168498
 88.333333, 0.301887, 0.211321, 0.856604, 1.109434
 97.666667, 0.286689, 0.286689, 0.853242, 1.197952
 98.333333, 0.762712, 0.267797, 0.861017, 1.176271
 94.333333, 0.371025, 0.257951, 0.826855, 1.130742
 99.000000, 0.447811, 0.299663, 0.946128, 1.292929
 101.333333, 0.542763, 0.286184, 0.796053, 1.138158
 90.000000, 0.511111, 0.362963, 0.859259, 1.270370
 94.000000, 0.652482, 0.354610, 0.875887, 1.276596
 96.000000, 0.715278, 0.256944, 0.802083, 1.111111
 92.000000, 0.416667, 0.250000, 0.851449, 1.152174
 88.666667, 0.522556, 0.229323, 1.101504, 1.379699
 96.000000, 0.381944, 0.229167, 0.774306, 1.048611
 91.333333, 0.324818, 0.226277, 0.916058, 1.186131
 98.000000, 0.333333, 0.207483, 0.778912, 1.030612
 91.000000, 0.366300, 0.230769, 0.758242, 1.029304
 97.333333, 0.277397, 0.205479, 0.746575, 0.996575
 99.333333, 0.365772, 0.278523, 0.775168, 1.100671
 90.333333, 0.298893, 0.202952, 0.760148, 1.003690
46
 0.250000, 0.000000, 0.000000, 0.000000, 1.000000
 80.333333, 0.244813, 0.302905, 0.838174, 1.190871
 86.666667, 0.280769, 0.219231, 1.038462, 1.303846
 94.666667, 0.387324, 0.239437, 0.933099, 1.232394
 91.333333, 0.343066, 0.273723, 0.872263, 1.189781
 95.000000, 0.312281, 0.256140, 0.824561, 1.140351
 93.666667, 0.637011, 0.256228, 1.017794, 1.323843
 93.333333, 0.385714, 0.264286, 0.760714, 1.071429
 84.666667, 0.413386, 0.322835, 0.925197, 1.299213
 90.666667, 0.933824, 0.400735, 0.827206, 1.275735
 92.333333, 0.610108, 0.216606, 0.833935, 1.097473
 91.333333, 0.197080, 0.218978, 0.872263, 1.135036
 91.333333, 0.459854, 0.189781, 1.007299, 1.255474
 94.000000, 0.333333, 0.301418, 0.797872, 1.145390
 88.000000, 0.234848, 0.227273, 0.814394, 1.087121
 102.333333, 0.254072, 0.188925, 0.758958, 0.990228
 88.000000, 0.280303, 0.212121, 0.829545, 1.087121
 100.000000, 0.316667, 0.243333, 0.780000, 1.066667
 95.000000, 0.305263, 0.228070, 0.757895, 1.031579
 100.000000, 0.330000, 0.216667, 0.750000, 1.010000
47
 0.250000, 1.000000, 0.000000, 0.000000, 1.000000
 91.333333, 0.540146, 0.284672, 0.864964, 1.204380
 95.666667, 0.526132, 0.240418, 1.073171, 1.362369
 92.000000, 0.344203, 0.246377, 0.844203, 1.134058
 93.000000, 0.473118, 0.229391, 0.838710, 1.114695
 93.666667, 0.587189, 0.288256, 0.822064, 1.153025
 103.333333, 1.058065, 0.403226, 0.916129, 1.361290
 92.000000, 0.311594, 0.275362, 0.797101, 1.115942
 91.333333, 0.667883, 0.346715, 0.795620, 1.186131
 94.666667, 0.588028, 0.302817, 0.838028, 1.190141
 93.000000, 0.354839, 0.236559, 0.806452, 1.093190
 97.333333, 0.445205, 0.239726, 0.928082, 1.212329
 91.666667, 0.505455, 0.210909, 1.043636, 1.305455
 95.000000, 0.329825, 0.238596, 0.800000, 1.080702
 90.000000, 0.207407, 0.240741, 0.811111, 1.218519
 95.333333, 0.293706, 0.241259, 0.779720, 1.062937
 96.666667, 0.517241, 0.244828, 0.862069, 1.155172
 105.333333, 0.446203, 0.224684, 0.806962, 1.075949
 97.000000, 0.309278, 0.223368, 0.835052, 1.103093
 93.333333, 0.246429, 0.250000, 0.760714, 1.053571
48
 0.250000, 1.000000, 0.000000, 0.000000, 1.000000
 89.000000, 0.535581, 0.299625, 0.794007, 1.146067
 89.333333, 0.305970, 0.197761, 1.063433, 1.305970
 90.333333, 0.424354, 0.273063, 0.878229, 1.195572
 93.666667, 0.473310, 0.231317, 0.889680, 1.192171
 102.000000, 0.696078, 0.284314, 0.774510, 1.120915
 90.333333, 0.501845, 0.313653, 0.933579, 1.291513
 94.666667, 0.278169, 0.292254, 0.746479, 1.084507
 94.666667, 0.626761, 0.348592, 0.838028, 1.232394
 88.666667, 0.624060, 0.266917, 0.789474, 1.109023
 91.666667, 0.505455, 0.250909, 0.770909, 1.061818
 95.666667, 0.229965, 0.212544, 0.850174, 1.108014
 87.000000, 0.559387, 0.229885, 1.095785, 1.371648
 92.666667, 0.287770, 0.241007, 0.798561, 1.089928
 95.000000, 0.438596, 0.252632, 0.810526, 1.101754
 96.666667, 0.331034, 0.303448, 0.775862, 1.124138
 92.666667, 0.453237, 0.273381, 0.812950, 1.129496
 101.666667, 0.429508, 0.229508, 0.767213, 1.036066
 95.666667, 0.195122, 0.222997, 0.766551, 1.034843
 93.000000, 0.577061, 0.480287, 0.774194, 1.301075
49
 0.250000, 0.000000, 3.000000, 0.000000, 4.000000
 88.333333, 0.332075, 0.298113, 0.901887, 1.256604
 89.666667, 0.297398, 0.189591, 0.914498, 1.163569
 92.333333, 0.270758, 0.216606, 0.870036, 1.129964
 89.666667, 0.349442, 0.267658, 0.858736, 1.174721
 99.333333, 0.520134, 0.251678, 0.828859, 1.124161
 95.333333, 0.552448, 0.241259, 0.888112, 1.188811
 92.333333, 0.357401, 0.277978, 0.805054, 1.129964
 85.000000, 0.349020, 0.325490, 0.905882, 1.313725
 89.666667, 0.613383, 0.401487, 0.814126, 1.275093
 92.000000, 0.452899, 0.264493, 0.873188, 1.184783
 97.666667, 0.341297, 0.232082, 0.880546, 1.156997
 89.666667, 0.237918, 0.200743, 1.081784, 1.334572
 98.333333, 0.420339, 0.227119, 0.776271, 1.054237
 90.000000, 0.296296, 0.244444, 0.803704, 1.092593
 100.666667, 0.420530, 0.248344, 0.771523, 1.066225
 94.333333, 0.498233, 0.268551, 0.745583, 1.063604
 90.666667, 0.194853, 0.257353, 0.772059, 1.069853
 91.666667, 0.152727, 0.232727, 0.789091, 1.061818
 94.666667, 0.359155, 0.253521, 0.816901, 1.116197
50
 0.250000, 0.000000, 0.000000, 0.000000, 1.000000
 88.666667, 0.439850, 0.304511, 0.883459, 1.244361
 90.333333, 0.387454, 0.239852, 1.014760, 1.306273
 96.666667, 0.372414, 0.227586, 0.817241, 1.089655
 91.000000, 0.351648, 0.234432, 0.846154, 1.135531
 92.000000, 0.250000, 0.221014, 0.815217, 1.090580
 94.000000, 0.549645, 0.241135, 0.950355, 1.237589
 95.333333, 0.356643, 0.237762, 0.765734, 1.045455
 94.666667, 1.031690, 0.380282, 0.887324, 1.309859
 93.666667, 0.921708, 0.398577, 0.868327, 1.330961
 94.333333, 0.547703, 0.272085, 0.823322, 1.151943
 99.333333, 0.731544, 0.281879, 0.859060, 1.187919
 90.333333, 0.549815, 0.225092, 0.996310, 1.269373
 93.666667, 0.252669, 0.263345, 0.825623, 1.131673
 90.666667, 0.275735, 0.250000, 0.827206, 1.121324
 100.000000, 0.390000, 0.216667, 0.753333, 1.010000
 92.000000, 0.547101, 0.202899, 0.822464, 1.068841
 98.000000, 0.282313, 0.210884, 0.782313, 1.037415
 101.333333, 0.555921, 0.325658, 0.782895, 1.164474
 95.333333, 0.290210, 0.244755, 0.765734, 1.052448
51
 0.250000, 2.000000, 0.000000, 0.000000, 0.000000
 82.333333, 0.206478, 0.283401, 0.927126, 1.263158
 89.666667, 0.282528, 0.252788, 1.044610, 1.353160
 94.666667, 0.295775, 0.221831, 0.904930, 1.169014
 90.666667, 0.393382, 0.209559, 0.875000, 1.128676
 96.666667, 0.400000, 0.210345, 0.831034, 1.086207
 92.333333, 0.447653, 0.263538, 0.920578, 1.234657
 93.000000, 0.440860, 0.258065, 0.806452, 1.111111
 90.000000, 0.474074, 0.281481, 0.970370, 1.303704
 84.333333, 0.462451, 0.347826, 0.841897, 1.249012
 98.333333, 0.437288, 0.261017, 0.840678, 1.145763
 94.000000, 0.251773, 0.216312, 0.836879, 1.109929
 88.000000, 0.257576, 0.261364, 1.068182, 1.375000
 98.333333, 0.494915, 0.271186, 0.816949, 1.128814
 88.333333, 0.283019, 0.260377, 0.943396, 1.249057
 96.333333, 0.276817, 0.231834, 0.730104, 1.013841
 94.666667, 0.355634, 0.228873, 0.820423, 1.084507
 92.333333, 0.187726, 0.205776, 0.783394, 1.046931
 99.666667, 0.474916, 0.307692, 0.785953, 1.140468
 96.666667, 0.503448, 0.241379, 0.827586, 1.110345
52
 0.250000, 0.000000, 0.000000, 0.000000, 0.000000
 90.666667, 0.492647, 0.264706, 0.856618, 1.172794
 88.000000, 0.151515, 0.193182, 1.071970, 1.314394
 97.666667, 0.580205, 0.313993, 0.849829, 1.208191
 91.333333, 0.350365, 0.237226, 0.908759, 1.189781
 96.333333, 0.519031, 0.217993, 0.761246, 1.024221
 99.333333, 0.419463, 0.221477, 0.892617, 1.157718
 98.666667, 0.550676, 0.243243, 0.787162, 1.077703
 89.000000, 0.741573, 0.385768, 0.913858, 1.344569
 92.000000, 0.666667, 0.293478, 0.884058, 1.239130
 91.666667, 0.305455, 0.240000, 0.796364, 1.083636
 100.000000, 0.400000, 0.223333, 0.833333, 1.103333
 88.333333, 0.433962, 0.200000, 0.984906, 1.226415
 98.000000, 0.268707, 0.258503, 0.812925, 1.119048
 91.000000, 0.336996, 0.263736, 0.868132, 1.194139
 95.000000, 0.231579, 0.224561, 0.740351, 1.010526
 90.666667, 0.496324, 0.250000, 0.779412, 1.073529
 97.000000, 0.281787, 0.243986, 0.749141, 1.048110
 98.666667, 0.331081, 0.273649, 0.736486, 1.057432
 95.000000, 0.336842, 0.231579, 0.775439, 1.049123
53
 0.250000, 0.000000, 0.000000, 0.000000, 0.000000
 95.000000, 0.470175, 0.280702, 0.898246, 1.256140
 89.333333, 0.402985, 0.250000, 1.059701, 1.358209
 89.000000, 0.172285, 0.243446, 0.835206, 1.134831
 88.666667, 0.274436, 0.229323, 0.906015, 1.176692
 95.333333, 0.433566, 0.230769, 0.821678, 1.097902
 94.000000, 0.446809, 0.251773, 0.907801, 1.216312
 93.000000, 0.530466, 0.258065, 0.802867, 1.103943
 88.333333, 0.550943, 0.298113, 0.932075, 1.279245
 99.333333, 0.916107, 0.385906, 0.902685, 1.345638
 92.333333, 0.346570, 0.263538, 0.862816, 1.187726
 92.333333, 0.198556, 0.220217, 0.873646, 1.140794
 93.333333, 0.575000, 0.260714, 0.978571, 1.282143
 98.666667, 0.452703, 0.256757, 0.777027, 1.077703
 87.000000, 0.275862, 0.245211, 0.831418, 1.118774
 100.000000, 0.493333, 0.290000, 0.786667, 1.123333
 92.666667, 0.553957, 0.284173, 0.848921, 1.183453
 96.000000, 0.281250, 0.225694, 0.815972, 1.086806
 105.666667, 0.649842, 0.268139, 0.810726, 1.123028
 96.666667, 0.424138, 0.286207, 0.779310, 1.110345
54
 0.250000, 0.000000, 0.000000, 1.000000, 1.000000
 88.000000, 0.401515, 0.253788, 0.844697, 1.159091
 92.000000, 0.195652, 0.195652, 1.007246, 1.246377
 99.000000, 0.329966, 0.235690, 0.848485, 1.131313
 89.666667, 0.293680, 0.226766, 0.862454, 1.141264
 97.333333, 0.434932, 0.229452, 0.845890, 1.126712
 93.666667, 0.355872, 0.245552, 0.889680, 1.181495
 93.666667, 0.455516, 0.291815, 0.758007, 1.096085
 98.666667, 0.824324, 0.398649, 0.888514, 1.331081
 88.333333, 0.558491, 0.298113, 0.815094, 1.162264
 91.333333, 0.430657, 0.281022, 0.788321, 1.113139
 98.333333, 0.644068, 0.294915, 0.854237, 1.196610
 84.666667, 0.413386, 0.255906, 1.074803, 1.374016
 97.333333, 0.315068, 0.239726, 0.787671, 1.071918
 96.000000, 0.402778, 0.236111, 0.909722, 1.190972
 98.333333, 0.464407, 0.247458, 0.738983, 1.030508
 91.333333, 0.339416, 0.240876, 0.817518, 1.102190
 96.333333, 0.384083, 0.211073, 0.802768, 1.058824
 99.666667, 0.351171, 0.193980, 0.792642, 1.030100
 92.333333, 0.303249, 0.270758, 0.783394, 1.093863
55
 0.250000, 0.000000, 0.000000, 1.000000, 1.000000
 102.000000, 0.722222, 0.307190, 0.830065, 1.192810
 93.000000, 0.405018, 0.240143, 1.053763, 1.351254
 97.666667, 0.610922, 0.269625, 0.812287, 1.126280
 90.333333, 0.291513, 0.225092, 0.896679, 1.166052
 101.666667, 0.504918, 0.226230, 0.842623, 1.118033
 94.333333, 0.519435, 0.282686, 0.883392, 1.212014
 95.333333, 0.430070, 0.237762, 0.751748, 1.038462
 92.000000, 0.717391, 0.365942, 0.902174, 1.315217
 86.000000, 0.344961, 0.317829, 0.844961, 1.209302
 90.666667, 0.602941, 0.279412, 0.819853, 1.150735
 98.333333, 0.349153, 0.206780, 0.827119, 1.074576
 91.000000, 0.326007, 0.227106, 1.095238, 1.366300
 98.000000, 0.741497, 0.309524, 0.843537, 1.204082
 98.000000, 0.469388, 0.275510, 0.863946, 1.180272
 97.333333, 0.253425, 0.243151, 0.732877, 1.020548
 88.333333, 0.381132, 0.249057, 0.796226, 1.090566
 93.666667, 0.217082, 0.224199, 0.768683, 1.039146
 101.000000, 0.356436, 0.211221, 0.801980, 1.059406
 95.333333, 0.339161, 0.237762, 0.790210, 1.073427
56
 0.250000, 0.000000, 0.000000, 1.000000, 1.000000
 91.666667, 0.425455, 0.283636, 0.843636, 1.178182
 87.333333, 0.206107, 0.236641, 1.019084, 1.301527
 92.666667, 0.467626, 0.262590, 0.827338, 1.136691
 95.333333, 0.426573, 0.255245, 0.832168, 1.136364
 93.666667, 0.380783, 0.231317, 0.868327, 1.145907
 95.000000, 0.414035, 0.224561, 0.884211, 1.157895
 89.666667, 0.364312, 0.252788, 0.791822, 1.100372
 91.666667, 0.709091, 0.483636, 0.916364, 1.450909
 87.000000, 0.586207, 0.367816, 0.927203, 1.340996
 98.000000, 0.615646, 0.258503, 0.833333, 1.149660
 95.000000, 0.449123, 0.242105, 0.859649, 1.150877
 88.333333, 0.422642, 0.230189, 1.128302, 1.403774
 96.333333, 0.380623, 0.242215, 0.809689, 1.093426
 95.333333, 0.363636, 0.251748, 0.786713, 1.080420
 103.333333, 0.609677, 0.290323, 0.780645, 1.122581
 96.000000, 0.559028, 0.263889, 0.840278, 1.145833
 97.333333, 0.434932, 0.243151, 0.835616, 1.143836
 97.000000, 0.378007, 0.219931, 0.824742, 1.096220
 96.000000, 0.368056, 0.315972, 0.781250, 1.138889
57
 0.250000, 0.000000, 0.000000, 0.000000, 1.000000
 86.333333, 0.270270, 0.231660, 0.880309, 1.204633
 91.000000, 0.402930, 0.205128, 1.000000, 1.252747
 94.333333, 0.427562, 0.226148, 0.901060, 1.169611
 89.333333, 0.242537, 0.238806, 0.869403, 1.149254
 96.000000, 0.381944, 0.319444, 0.767361, 1.131944
 94.666667, 0.535211, 0.292254, 0.985915, 1.345070
 87.333333, 0.282443, 0.293893, 0.767176, 1.103053
 93.666667, 0.658363, 0.362989, 0.889680, 1.302491
 96.666667, 0.634483, 0.306897, 0.868966, 1.231034
 89.333333, 0.194030, 0.257463, 0.813433, 1.115672
 95.000000, 0.252632, 0.245614, 0.821053, 1.112281
 90.000000, 0.344444, 0.218519, 1.033333, 1.296296
 97.000000, 0.367698, 0.243986, 0.738832, 1.030928
 92.000000, 0.391304, 0.271739, 0.800725, 1.119565
 105.000000, 0.279365, 0.215873, 0.780952, 1.041270
 94.000000, 0.432624, 0.223404, 0.776596, 1.042553
 94.000000, 0.262411, 0.241135, 0.822695, 1.106383
 98.333333, 0.325424, 0.264407, 0.796610, 1.118644
 96.000000, 0.368056, 0.243056, 0.767361, 1.052083
58
 0.250000, 0.000000, 0.000000, 0.000000, 22.000000
 85.333333, 0.308594, 0.261719, 0.863281, 1.187500
 87.000000, 0.187739, 0.191571, 0.934866, 1.176245
 95.333333, 0.391608, 0.209790, 0.884615, 1.143357
 93.333333, 0.467857, 0.250000, 0.889286, 1.196429
 94.333333, 0.363958, 0.243816, 0.851590, 1.137809
 96.333333, 0.477509, 0.249135, 0.885813, 1.179931
 97.000000, 0.518900, 0.257732, 0.773196, 1.079038
 90.666667, 0.536765, 0.301471, 0.886029, 1.238971
 85.666667, 0.377432, 0.315175, 0.817121, 1.182879
 89.333333, 0.376866, 0.242537, 0.791045, 1.078358
 94.666667, 0.394366, 0.239437, 0.848592, 1.137324
 88.666667, 0.349624, 0.251880, 1.067669, 1.360902
 95.000000, 0.287719, 0.256140, 0.796491, 1.094737
 94.000000, 0.375887, 0.219858, 0.776596, 1.049645
 100.000000, 0.443333, 0.253333, 0.783333, 1.080000
 93.000000, 0.548387, 0.272401, 0.838710, 1.150538
 97.333333, 0.215753, 0.198630, 0.804795, 1.058219
 97.333333, 0.404110, 0.232877, 0.828767, 1.109589
 92.000000, 0.315217, 0.213768, 0.800725, 1.057971
59
 0.250000, 0.000000, 0.000000, 0.000000, 0.000000
 89.666667, 0.475836, 0.289963, 0.869888, 1.215613
 87.333333, 0.198473, 0.198473, 0.954198, 1.194656
 94.333333, 0.219081, 0.243816, 0.876325, 1.166078
 95.000000, 0.442105, 0.224561, 0.873684, 1.147368
 95.000000, 0.322807, 0.238596, 0.807018, 1.087719
 89.333333, 0.287313, 0.246269, 0.940299, 1.264925
 88.000000, 0.439394, 0.318182, 0.803030, 1.170455
 97.000000, 0.721649, 0.357388, 0.876289, 1.278351
 100.333333, 1.066445, 0.431894, 0.877076, 1.358804
 89.333333, 0.414179, 0.279851, 0.783582, 1.104478
 93.000000, 0.268817, 0.243728, 0.867384, 1.157706
 89.666667, 0.535316, 0.174721, 1.052045, 1.267658
 99.333333, 0.436242, 0.261745, 0.791946, 1.110738
 91.666667, 0.429091, 0.269091, 0.778182, 1.090909
 102.333333, 0.742671, 0.381107, 0.765472, 1.195440
 89.666667, 0.375465, 0.260223, 0.780669, 1.096654
 95.666667, 0.282230, 0.216028, 0.780488, 1.041812
 93.333333, 0.207143, 0.210714, 0.742857, 1.003571
 93.000000, 0.329749, 0.232975, 0.817204, 1.089606
60
 0.250000, 0.000000, 0.000000, 1.000000, 1.000000
 91.333333, 0.496350, 0.259124, 0.901460, 1.229927
 89.666667, 0.323420, 0.230483, 1.048327, 1.323420
 94.666667, 0.242958, 0.232394, 0.838028, 1.116197
 93.666667, 0.462633, 0.238434, 0.822064, 1.099644
 99.000000, 0.501684, 0.215488, 0.885522, 1.141414
 98.000000, 0.602041, 0.312925, 0.976190, 1.333333
 96.000000, 0.354167, 0.263889, 0.746528, 1.055556
 92.666667, 0.658273, 0.352518, 0.776978, 1.179856
 95.666667, 0.679443, 0.257840, 0.885017, 1.198606
 98.666667, 0.442568, 0.209459, 0.797297, 1.057432
 94.000000, 0.297872, 0.209220, 0.843972, 1.099291
 88.333333, 0.607547, 0.218868, 1.030189, 1.309434
 92.333333, 0.393502, 0.285199, 0.776173, 1.108303
 86.333333, 0.193050, 0.231660, 0.849421, 1.127413
 97.666667, 0.474403, 0.313993, 0.784983, 1.139932
 90.000000, 0.348148, 0.314815, 0.862963, 1.218519
 95.000000, 0.329825, 0.245614, 0.750877, 1.035088
 103.000000, 0.747573, 0.339806, 0.828479, 1.220065
 89.666667, 0.278810, 0.226766, 0.780669, 1.052045
61
 0.250000, 0.000000, 0.000000, 21.000000, 22.000000
 91.666667, 0.549091, 0.243636, 0.887273, 1.185455
 85.333333, 0.250000, 0.203125, 0.957031, 1.207031
 96.666667, 0.431034, 0.231034, 0.813793, 1.089655
 92.333333, 0.350181, 0.209386, 0.927798, 1.180505
 94.000000, 0.436170, 0.237589, 0.797872, 1.088652
 91.000000, 0.476190, 0.238095, 0.875458, 1.164835
 97.000000, 0.762887, 0.340206, 0.762887, 1.158076
 85.333333, 0.777344, 0.328125, 0.855469, 1.230469
 94.333333, 0.565371, 0.265018, 0.809187, 1.123675
 92.000000, 0.514493, 0.278986, 0.840580, 1.163043
 98.000000, 0.435374, 0.214286, 0.806122, 1.064626
 81.666667, 0.240816, 0.220408, 1.061224, 1.326531
 91.666667, 0.378182, 0.269091, 0.796364, 1.112727
 87.666667, 0.281369, 0.220532, 0.783270, 1.045627
 99.333333, 0.500000, 0.238255, 0.765101, 1.046980
 96.666667, 0.482759, 0.224138, 0.813793, 1.082759
 96.000000, 0.270833, 0.239583, 0.767361, 1.052083
 103.333333, 0.451613, 0.270968, 0.761290, 1.077419
 100.666667, 0.592715, 0.235099, 0.807947, 1.089404
62
 0.250000, 0.000000, 0.000000, 0.000000, 1.000000
 90.333333, 0.538745, 0.287823, 0.845018, 1.202952
 92.000000, 0.420290, 0.246377, 0.971014, 1.275362
 91.000000, 0.260073, 0.238095, 0.908425, 1.205128
 94.666667, 0.549296, 0.246479, 0.838028, 1.147887
 90.666667, 0.352941, 0.257353, 0.827206, 1.128676
 95.000000, 0.582456, 0.287719, 0.947368, 1.280702
 90.333333, 0.298893, 0.232472, 0.752768, 1.029520
 95.333333, 1.000000, 0.402098, 0.884615, 1.332168
 92.000000, 0.641304, 0.311594, 0.847826, 1.206522
 95.666667, 0.606272, 0.285714, 0.864111, 1.202091
 98.666667, 0.493243, 0.277027, 0.885135, 1.206081
 89.000000, 0.359551, 0.235955, 0.943820, 1.235955
 94.333333, 0.279152, 0.257951, 0.745583, 1.049470
 92.000000, 0.586957, 0.297101, 0.840580, 1.181159
 97.666667, 0.300341, 0.273038, 0.764505, 1.081911
 91.333333, 0.394161, 0.244526, 0.791971, 1.080292
 96.666667, 0.306897, 0.231034, 0.775862, 1.051724
 101.666667, 0.390164, 0.219672, 0.793443, 1.059016
 97.333333, 0.421233, 0.256849, 0.794521, 1.095890
63
 0.250000, 7.000000, 0.000000, 0.000000, 1.000000
 89.666667, 0.483271, 0.275093, 0.910781, 1.241636
 89.333333, 0.205224, 0.197761, 1.037313, 1.279851
 92.333333, 0.371841, 0.306859, 0.841155, 1.194946
 89.666667, 0.286245, 0.223048, 0.884758, 1.156134
 103.666667, 0.424437, 0.215434, 0.839228, 1.102894
 95.333333, 0.391608, 0.192308, 0.933566, 1.171329
 93.666667, 0.523132, 0.274021, 0.854093, 1.174377
 89.000000, 0.659176, 0.468165, 0.842697, 1.359551
 96.000000, 1.079861, 0.392361, 0.815972, 1.263889
 96.000000, 0.541667, 0.336806, 0.836806, 1.218750
 97.333333, 0.342466, 0.222603, 0.845890, 1.113014
 93.000000, 0.526882, 0.258065, 1.003584, 1.304659
 92.666667, 0.233813, 0.258993, 0.816547, 1.122302
 86.666667, 0.269231, 0.265385, 0.803846, 1.119231
 100.000000, 0.380000, 0.270000, 0.826667, 1.150000
 86.666667, 0.315385, 0.257692, 0.823077, 1.123077
 103.000000, 0.378641, 0.216828, 0.766990, 1.029126
 95.333333, 0.356643, 0.265734, 0.828671, 1.157343
 102.333333, 0.631922, 0.423453, 0.775244, 1.244300
Histogram
5 0 0 0 0 0 0 0 0 4 385 497 234 107 13 0 0 0 0 0 0 0 0 0 0 0 0 0 0 0 0 0 0 0 0 0 0 0 0 0 5 0 0 0 0 0 0 0 0 0 0 0 0 0 0 0 0 0 0 0 1 0 0 0 0 0 0 0 0 0 2 0 0 0 0 0 0 0 0 0 4 0 0 0 0 0 0 0 0 0 0 0 0 0 0 0 0 0 0 0 0 0 0 0 0 0 0 0 0 0 1 0 0 0 0 0 0 0 0 22 
Cache Miss Ratio
NaN
numOfSets
357629
numOfGets
0
numOfMultiGets
0
