20
0
 0.250000, 11.000000, 0.000000, 7.000000, 30.000000
 166.666667, 8.858000, 0.996000, 1.694000, 2.760000
 162.333333, 8.761807, 0.866530, 1.303901, 2.250513
 174.666667, 8.083969, 0.732824, 1.463740, 2.242366
 161.333333, 6.925620, 0.859504, 1.964876, 2.896694
 171.000000, 8.699805, 0.779727, 1.612086, 2.450292
 198.333333, 7.574790, 0.742857, 1.522689, 2.317647
 158.000000, 7.835443, 0.681435, 1.508439, 2.253165
 175.000000, 7.375238, 0.681905, 1.392381, 2.123810
 174.333333, 7.646272, 0.699809, 1.355641, 2.108987
 178.333333, 7.557009, 0.672897, 1.396262, 2.125234
 169.000000, 7.106509, 0.700197, 1.777120, 2.558185
 173.000000, 8.456647, 0.774566, 1.329480, 2.150289
 172.666667, 7.718147, 0.698842, 1.445946, 2.204633
 170.000000, 7.647059, 0.784314, 1.443137, 2.278431
 192.000000, 8.076389, 0.713542, 1.399306, 2.175347
 179.333333, 7.310409, 0.719331, 1.602230, 2.382900
 188.000000, 7.496454, 0.746454, 1.542553, 2.351064
 200.333333, 8.479201, 0.708819, 1.417637, 2.176373
 175.000000, 7.834286, 0.765714, 1.377143, 2.198095
1
 0.250000, 12.000000, 0.000000, 6.000000, 28.000000
 158.000000, 8.379747, 1.035865, 1.658228, 2.820675
 186.333333, 7.661896, 0.728086, 1.305903, 2.078712
 183.000000, 8.238616, 0.785064, 1.510018, 2.344262
 176.333333, 8.771267, 0.879017, 1.676749, 2.601134
 176.666667, 7.798113, 0.800000, 1.566038, 2.416981
 191.000000, 7.553229, 0.691099, 1.513089, 2.256545
 185.333333, 7.606115, 0.660072, 1.334532, 2.050360
 150.000000, 7.131111, 0.668889, 1.480000, 2.191111
 185.000000, 7.309910, 0.682883, 1.427027, 2.160360
 186.666667, 8.412500, 0.658929, 1.369643, 2.076786
 176.666667, 6.884906, 0.654717, 1.752830, 2.475472
 160.333333, 7.474012, 0.841996, 1.363825, 2.259875
 195.666667, 8.298126, 0.775128, 1.475298, 2.306644
 183.333333, 7.656364, 0.632727, 1.414545, 2.100000
 188.666667, 7.439929, 0.662544, 1.439929, 2.150177
 174.333333, 7.110899, 0.640535, 1.518164, 2.214149
 184.333333, 6.945750, 0.786618, 1.571429, 2.417722
 196.000000, 7.897959, 0.687075, 1.508503, 2.255102
 178.333333, 8.278505, 0.712150, 1.403738, 2.160748
2
 0.250000, 12.000000, 0.000000, 7.000000, 27.000000
 180.333333, 10.232902, 1.001848, 1.650647, 2.737523
 169.666667, 7.893910, 0.721022, 1.396857, 2.176817
 176.333333, 6.884688, 0.699433, 1.400756, 2.147448
 174.666667, 10.204198, 0.979008, 1.774809, 2.814885
 183.000000, 8.978142, 0.848816, 1.581056, 2.511840
 185.000000, 7.360360, 0.697297, 1.600000, 2.354955
 165.666667, 7.583501, 0.684105, 1.380282, 2.128773
 168.666667, 7.450593, 0.667984, 1.482213, 2.203557
 174.333333, 8.059273, 0.739962, 1.455067, 2.281071
 169.333333, 7.336614, 0.671260, 1.562992, 2.287402
 176.333333, 7.275992, 0.686200, 1.701323, 2.434783
 171.333333, 8.042802, 0.762646, 1.359922, 2.177043
 173.666667, 7.802303, 0.754319, 1.462572, 2.280230
 181.333333, 7.783088, 0.650735, 1.406250, 2.108456
 190.666667, 7.949301, 0.702797, 1.435315, 2.181818
 193.666667, 7.774527, 0.700516, 1.500861, 2.275387
 170.666667, 7.369141, 0.824219, 1.630859, 2.521484
 185.666667, 7.086176, 0.622980, 1.509874, 2.204668
 169.666667, 8.565815, 0.862475, 1.475442, 2.404715
3
 0.250000, 0.000000, 0.000000, 10.000000, 48.000000
 158.333333, 9.328421, 1.136842, 1.715789, 2.943158
 167.666667, 8.159046, 0.739563, 1.343936, 2.153082
 180.666667, 8.186347, 0.708487, 1.512915, 2.269373
 169.000000, 8.838264, 0.970414, 1.936884, 2.982249
 176.666667, 7.705660, 0.773585, 1.635849, 2.471698
 185.000000, 7.870270, 0.776577, 1.601802, 2.436036
 171.000000, 8.033138, 0.713450, 1.384016, 2.148148
 172.333333, 8.371373, 0.707930, 1.429400, 2.212766
 165.333333, 7.252016, 0.687500, 1.495968, 2.276210
 183.333333, 8.450909, 0.661818, 1.380000, 2.092727
 174.666667, 7.423664, 0.652672, 1.650763, 2.358779
 157.666667, 7.553911, 0.756871, 1.264271, 2.073996
 178.666667, 8.666045, 0.899254, 1.449627, 2.406716
 173.000000, 6.485549, 0.620424, 1.475915, 2.159923
 205.666667, 8.176661, 0.696921, 1.330632, 2.077796
 184.000000, 7.126812, 0.766304, 1.543478, 2.355072
 181.333333, 7.698529, 0.766544, 1.674632, 2.490809
 172.000000, 7.261628, 0.693798, 1.622093, 2.372093
 176.666667, 7.752830, 0.826415, 1.396226, 2.273585
4
 0.250000, 7.000000, 0.000000, 6.000000, 29.000000
 166.000000, 9.246988, 0.941767, 1.751004, 2.755020
 179.000000, 8.068901, 0.731844, 1.312849, 2.109870
 186.333333, 8.565295, 0.751342, 1.389982, 2.189624
 183.666667, 9.847550, 0.950998, 1.626134, 2.640653
 181.666667, 9.144954, 0.910092, 1.594495, 2.561468
 186.000000, 8.467742, 0.745520, 1.614695, 2.412186
 165.333333, 7.582661, 0.667339, 1.433468, 2.157258
 173.000000, 8.057803, 0.737958, 1.433526, 2.221580
 168.666667, 7.934783, 0.656126, 1.444664, 2.154150
 172.666667, 6.708494, 0.644788, 1.528958, 2.223938
 189.333333, 7.218310, 0.639085, 1.684859, 2.373239
 180.666667, 8.662362, 0.789668, 1.333948, 2.178967
 176.333333, 7.705104, 0.742911, 1.432892, 2.228733
 178.333333, 7.078505, 0.641121, 1.504673, 2.213084
 180.000000, 7.396296, 0.640741, 1.524074, 2.222222
 192.333333, 8.511265, 0.778163, 1.509532, 2.341421
 178.000000, 7.419476, 0.779026, 1.631086, 2.470037
 189.666667, 8.024605, 0.667838, 1.455185, 2.170475
 171.333333, 7.632296, 0.838521, 1.550584, 2.437743
5
 0.250000, 7.000000, 0.000000, 7.000000, 28.000000
 159.666667, 8.110647, 1.131524, 1.599165, 2.793319
 169.666667, 7.760314, 0.742633, 1.298625, 2.088409
 170.333333, 7.512720, 0.679061, 1.489237, 2.236791
 173.333333, 9.132692, 0.959615, 1.546154, 2.555769
 177.666667, 7.485929, 0.763602, 1.628518, 2.444653
 191.666667, 7.285217, 0.720000, 1.645217, 2.448696
 178.333333, 7.710280, 0.669159, 1.355140, 2.093458
 159.666667, 8.146138, 0.726514, 1.471816, 2.252610
 176.333333, 7.671078, 0.674858, 1.550095, 2.268431
 178.666667, 6.794776, 0.636194, 1.384328, 2.072761
 185.666667, 7.592460, 0.680431, 1.621185, 2.351885
 165.666667, 8.060362, 0.708249, 1.247485, 2.006036
 187.000000, 7.087344, 0.752228, 1.470588, 2.270945
 184.666667, 7.135379, 0.709386, 1.444043, 2.207581
 199.000000, 8.576214, 0.700168, 1.435511, 2.189280
 187.000000, 7.818182, 0.634581, 1.491979, 2.176471
 170.666667, 6.736328, 0.755859, 1.675781, 2.482422
 192.666667, 6.761246, 0.676471, 1.435986, 2.167820
 189.666667, 9.328647, 0.915641, 1.358524, 2.337434
6
 0.250000, 0.000000, 16.000000, 9.000000, 47.000000
 160.333333, 9.424116, 1.347193, 1.669439, 3.143451
 174.000000, 8.593870, 0.731801, 1.314176, 2.099617
 168.333333, 7.594059, 0.714851, 1.506931, 2.267327
 179.000000, 8.175047, 0.856611, 1.659218, 2.569832
 188.666667, 8.892226, 0.846290, 1.644876, 2.570671
 192.333333, 8.162912, 0.748700, 1.625650, 2.443674
 158.333333, 6.717895, 0.743158, 1.587368, 2.378947
 175.333333, 8.129278, 0.705323, 1.410646, 2.178707
 187.666667, 8.058615, 0.673179, 1.401421, 2.131439
 175.000000, 7.015238, 0.615238, 1.432381, 2.106667
 170.333333, 6.651663, 0.688845, 1.653620, 2.401174
 155.666667, 7.391863, 0.715203, 1.421842, 2.192719
 177.000000, 7.566855, 0.775895, 1.450094, 2.293785
 188.333333, 7.946903, 0.661947, 1.322124, 2.031858
 182.666667, 8.164234, 0.622263, 1.487226, 2.164234
 174.333333, 8.170172, 0.709369, 1.567878, 2.321224
 172.333333, 8.268859, 0.814313, 1.692456, 2.568665
 198.333333, 8.181513, 0.667227, 1.504202, 2.216807
 184.666667, 8.545126, 0.828520, 1.380866, 2.270758
7
 0.250000, 8.000000, 16.000000, 5.000000, 27.000000
 182.000000, 9.119048, 1.042125, 1.589744, 2.699634
 192.333333, 9.374350, 0.849220, 1.324090, 2.225303
 198.666667, 8.473154, 0.753356, 1.406040, 2.211409
 188.666667, 10.153710, 1.063604, 1.563604, 2.674912
 198.000000, 8.708754, 0.730640, 1.557239, 2.336700
 182.333333, 7.751371, 0.700183, 1.577697, 2.330896
 176.333333, 7.440454, 0.657845, 1.417769, 2.128544
 177.666667, 7.677298, 0.754221, 1.442777, 2.253283
 174.333333, 7.558317, 0.630975, 1.405354, 2.087954
 165.333333, 6.800403, 0.677419, 1.435484, 2.161290
 167.333333, 6.749004, 0.703187, 1.822709, 2.587649
 158.000000, 7.240506, 0.719409, 1.373418, 2.145570
 185.333333, 7.314748, 0.870504, 1.444245, 2.366906
 173.000000, 7.477842, 0.622351, 1.510597, 2.188825
 171.333333, 7.157588, 0.682879, 1.498054, 2.241245
 183.000000, 7.843352, 0.661202, 1.548270, 2.262295
 171.666667, 7.990291, 0.770874, 1.578641, 2.403883
 185.666667, 7.389587, 0.684022, 1.513465, 2.253142
 156.000000, 7.482906, 0.752137, 1.470085, 2.271368
8
 0.250000, 12.000000, 1.000000, 5.000000, 10.000000
 153.333333, 8.150000, 0.919565, 1.758696, 2.756522
 170.333333, 8.107632, 0.769080, 1.356164, 2.178082
 176.333333, 8.177694, 0.778828, 1.523629, 2.370510
 174.333333, 8.499044, 0.879541, 1.652008, 2.665392
 193.000000, 9.386874, 0.880829, 1.545769, 2.483592
 197.333333, 7.570946, 0.657095, 1.516892, 2.228041
 159.000000, 7.863732, 0.675052, 1.471698, 2.213836
 177.333333, 7.853383, 0.674812, 1.396617, 2.122180
 165.000000, 7.373737, 0.680808, 1.537374, 2.264646
 173.000000, 7.421965, 0.616570, 1.435453, 2.100193
 167.333333, 7.940239, 0.687251, 1.788845, 2.563745
 159.333333, 7.502092, 0.742678, 1.412134, 2.228033
 174.333333, 6.879541, 0.741874, 1.474187, 2.275335
 175.666667, 6.673624, 0.639469, 1.493359, 2.180266
 188.333333, 7.925664, 0.707965, 1.461947, 2.224779
 190.333333, 7.178634, 0.663748, 1.534151, 2.246935
 191.666667, 9.043478, 0.760000, 1.606957, 2.431304
 194.000000, 7.331615, 0.680412, 1.496564, 2.238832
 170.666667, 8.023438, 0.755859, 1.423828, 2.236328
9
 0.250000, 9.000000, 1.000000, 2.000000, 11.000000
 167.666667, 10.206759, 1.161034, 1.795229, 3.029821
 180.000000, 8.514815, 0.787037, 1.320370, 2.159259
 181.333333, 7.913603, 0.775735, 1.566176, 2.391544
 177.666667, 8.673546, 0.840525, 1.645403, 2.534709
 195.333333, 10.054608, 0.824232, 1.650171, 2.527304
 186.666667, 6.730357, 0.683929, 1.487500, 2.221429
 169.333333, 7.511811, 0.687008, 1.413386, 2.185039
 169.666667, 7.416503, 0.691552, 1.357564, 2.098232
 168.666667, 7.450593, 0.703557, 1.567194, 2.324111
 175.333333, 7.224335, 0.627376, 1.399240, 2.076046
 173.333333, 7.090385, 0.663462, 1.686538, 2.411538
 168.000000, 8.605159, 0.779762, 1.331349, 2.162698
 184.333333, 7.705244, 0.810127, 1.484629, 2.354430
 174.666667, 7.994275, 0.748092, 1.375954, 2.177481
 162.666667, 7.194672, 0.696721, 1.633197, 2.399590
 189.666667, 8.072056, 0.660808, 1.509666, 2.231986
 183.666667, 7.442831, 0.760436, 1.600726, 2.417423
 172.666667, 7.621622, 0.638996, 1.540541, 2.233591
 176.666667, 7.762264, 0.767925, 1.483019, 2.307547
10
 0.250000, 8.000000, 3.000000, 3.000000, 10.000000
 167.666667, 8.950298, 1.099404, 1.618290, 2.787276
 181.333333, 8.514706, 0.783088, 1.367647, 2.196691
 181.333333, 8.125000, 0.755515, 1.483456, 2.303309
 162.333333, 8.264887, 0.780287, 1.878850, 2.710472
 183.333333, 7.972727, 0.794545, 1.600000, 2.467273
 177.000000, 6.973635, 0.659134, 1.566855, 2.286252
 158.666667, 6.920168, 0.626050, 1.556723, 2.254202
 161.333333, 8.202479, 0.671488, 1.479339, 2.202479
 164.000000, 7.392276, 0.717480, 1.504065, 2.288618
 172.333333, 6.947776, 0.700193, 1.375242, 2.131528
 171.333333, 7.198444, 0.723735, 1.785992, 2.599222
 163.666667, 8.252546, 0.773931, 1.391039, 2.221996
 183.666667, 7.711434, 0.843920, 1.428312, 2.339383
 192.000000, 8.074653, 0.664931, 1.388889, 2.107639
 178.000000, 7.911985, 0.707865, 1.460674, 2.224719
 194.666667, 7.573630, 0.657534, 1.523973, 2.231164
 192.000000, 8.881944, 0.821181, 1.600694, 2.477431
 175.666667, 7.373814, 0.696395, 1.525617, 2.271347
 167.333333, 7.603586, 0.780876, 1.462151, 2.292829
11
 0.250000, 0.000000, 3.000000, 4.000000, 28.000000
 167.000000, 9.469062, 1.009980, 1.592814, 2.668663
 174.333333, 7.697897, 0.701721, 1.355641, 2.112811
 169.000000, 7.477318, 0.719921, 1.506903, 2.272189
 180.000000, 8.437037, 0.825926, 1.566667, 2.444444
 183.333333, 9.852727, 0.832727, 1.638182, 2.523636
 182.666667, 6.965328, 0.708029, 1.567518, 2.324818
 187.333333, 8.665480, 0.685053, 1.467972, 2.202847
 167.666667, 8.280318, 0.727634, 1.443340, 2.236581
 185.000000, 7.852252, 0.690090, 1.369369, 2.106306
 171.333333, 8.252918, 0.704280, 1.404669, 2.159533
 184.000000, 8.000000, 0.639493, 1.637681, 2.322464
 166.666667, 7.838000, 0.798000, 1.352000, 2.200000
 184.333333, 7.602170, 0.828210, 1.379747, 2.267631
 188.333333, 8.095575, 0.688496, 1.454867, 2.215929
 193.666667, 7.624785, 0.662651, 1.406196, 2.135972
 176.000000, 7.132576, 0.685606, 1.570076, 2.316288
 174.000000, 7.681992, 0.752874, 1.586207, 2.392720
 186.333333, 7.599284, 0.706619, 1.461538, 2.220036
 180.333333, 8.685767, 0.855823, 1.456562, 2.360444
12
 0.250000, 5.000000, 4.000000, 2.000000, 27.000000
 170.666667, 9.583984, 1.285156, 1.742188, 3.121094
 180.000000, 8.175926, 0.796296, 1.359259, 2.205556
 188.333333, 8.472566, 0.814159, 1.484956, 2.361062
 162.333333, 7.852156, 0.921971, 1.661191, 2.646817
 189.333333, 9.153169, 0.903169, 1.610915, 2.565141
 185.666667, 7.377020, 0.669659, 1.667864, 2.403950
 179.666667, 7.552876, 0.641929, 1.341373, 2.037106
 160.666667, 7.902490, 0.744813, 1.516598, 2.323651
 172.333333, 7.191489, 0.665377, 1.456480, 2.191489
 166.666667, 7.450000, 0.674000, 1.444000, 2.170000
 183.666667, 7.099819, 0.635209, 1.626134, 2.326679
 157.333333, 7.038136, 0.699153, 1.364407, 2.110169
 181.333333, 7.994485, 0.904412, 1.501838, 2.457721
 166.333333, 6.723447, 0.689379, 1.450902, 2.184369
 177.000000, 7.647834, 0.670433, 1.378531, 2.105461
 173.000000, 7.886320, 0.645472, 1.533719, 2.246628
 169.666667, 6.858546, 0.756385, 1.711198, 2.536346
 194.333333, 8.385935, 0.713551, 1.468268, 2.231561
 155.666667, 6.728051, 0.830835, 1.552463, 2.466809
13
 0.250000, 0.000000, 5.000000, 2.000000, 27.000000
 164.666667, 10.046559, 1.048583, 1.864372, 2.997976
 184.333333, 8.698011, 0.819168, 1.359855, 2.233273
 175.000000, 7.935238, 0.765714, 1.540952, 2.380952
 179.000000, 8.636872, 0.877095, 1.826816, 2.759777
 199.000000, 8.737018, 0.802345, 1.534338, 2.383585
 183.666667, 7.945554, 0.676951, 1.647913, 2.386570
 174.000000, 7.846743, 0.697318, 1.363985, 2.122605
 167.666667, 8.330020, 0.652087, 1.365805, 2.071571
 186.000000, 7.596774, 0.691756, 1.417563, 2.166667
 164.333333, 7.178499, 0.653144, 1.574037, 2.277890
 164.333333, 6.539554, 0.713996, 1.894523, 2.655172
 150.333333, 7.133038, 0.796009, 1.299335, 2.144124
 187.666667, 7.193606, 0.719361, 1.438721, 2.207815
 176.666667, 7.441509, 0.745283, 1.439623, 2.237736
 182.666667, 7.682482, 0.680657, 1.448905, 2.182482
 184.000000, 7.554348, 0.657609, 1.541667, 2.248188
 175.333333, 6.384030, 0.724335, 1.600760, 2.395437
 187.333333, 8.679715, 0.761566, 1.564057, 2.389680
 172.000000, 7.480620, 0.744186, 1.397287, 2.197674
14
 0.250000, 0.000000, 7.000000, 1.000000, 27.000000
 170.333333, 9.301370, 0.908023, 1.565558, 2.551859
 171.000000, 8.233918, 0.729045, 1.317739, 2.099415
 183.000000, 8.794171, 0.799636, 1.473588, 2.329690
 173.666667, 9.902111, 1.011516, 1.879079, 2.948177
 187.333333, 8.617438, 0.909253, 1.564057, 2.524911
 188.333333, 7.138053, 0.692035, 1.585841, 2.336283
 182.333333, 7.616088, 0.669104, 1.316271, 2.034735
 173.333333, 8.151923, 0.682692, 1.444231, 2.213462
 156.333333, 7.592751, 0.624733, 1.530917, 2.213220
 157.000000, 6.070064, 0.609342, 1.539278, 2.208068
 170.000000, 8.017647, 0.676471, 1.821569, 2.549020
 161.333333, 7.830579, 0.793388, 1.423554, 2.287190
 174.000000, 7.946360, 0.741379, 1.517241, 2.321839
 190.666667, 8.585664, 0.758741, 1.402098, 2.209790
 183.666667, 7.941924, 0.702359, 1.430127, 2.181488
 178.000000, 7.292135, 0.646067, 1.659176, 2.361423
 167.333333, 6.762948, 0.800797, 1.681275, 2.549801
 180.333333, 8.131238, 0.774492, 1.465804, 2.295749
 179.000000, 8.484171, 0.860335, 1.407821, 2.331471
15
 0.250000, 0.000000, 8.000000, 0.000000, 27.000000
 161.666667, 9.515464, 0.942268, 1.659794, 2.682474
 183.000000, 7.479053, 0.734062, 1.307832, 2.091075
 186.666667, 8.219643, 0.810714, 1.464286, 2.321429
 188.333333, 10.559292, 1.047788, 1.769912, 2.867257
 185.333333, 8.701439, 0.789568, 1.618705, 2.456835
 185.333333, 7.532374, 0.688849, 1.555755, 2.294964
 186.666667, 7.541071, 0.714286, 1.335714, 2.110714
 187.333333, 8.019573, 0.688612, 1.396797, 2.149466
 161.333333, 5.898760, 0.675620, 1.574380, 2.322314
 174.333333, 7.952199, 0.690249, 1.376673, 2.147228
 172.000000, 7.284884, 0.682171, 1.748062, 2.488372
 154.666667, 7.312500, 0.750000, 1.413793, 2.219828
 168.000000, 6.446429, 0.781746, 1.543651, 2.380952
 192.666667, 8.477509, 0.717993, 1.442907, 2.217993
 183.000000, 7.952641, 0.679417, 1.457195, 2.191257
 173.666667, 7.243762, 0.641075, 1.606526, 2.299424
 181.000000, 8.298343, 0.749540, 1.596685, 2.406998
 190.333333, 7.605954, 0.684764, 1.486865, 2.236427
 172.333333, 7.551257, 0.820116, 1.398453, 2.290135
16
 0.250000, 0.000000, 8.000000, 0.000000, 27.000000
 164.666667, 9.392713, 1.060729, 1.690283, 2.823887
 181.000000, 8.521179, 0.810313, 1.337017, 2.198895
 185.666667, 8.752244, 0.761221, 1.490126, 2.315978
 176.000000, 8.303030, 0.827652, 1.791667, 2.678030
 198.666667, 10.085570, 0.855705, 1.600671, 2.508389
 177.666667, 7.189493, 0.733583, 1.637899, 2.433396
 175.000000, 7.700952, 0.626667, 1.451429, 2.137143
 160.000000, 8.189583, 0.672917, 1.466667, 2.214583
 170.000000, 7.252941, 0.694118, 1.423529, 2.162745
 165.333333, 7.502016, 0.627016, 1.399194, 2.094758
 183.333333, 7.405455, 0.669091, 1.687273, 2.409091
 173.666667, 8.474088, 0.760077, 1.293666, 2.101727
 188.666667, 6.984099, 0.740283, 1.436396, 2.226148
 170.666667, 7.189453, 0.673828, 1.398438, 2.152344
 186.666667, 7.416071, 0.707143, 1.517857, 2.285714
 170.333333, 7.109589, 0.716243, 1.641879, 2.448141
 183.666667, 7.288566, 0.724138, 1.600726, 2.384755
 191.666667, 7.695652, 0.673043, 1.539130, 2.262609
 169.666667, 8.031434, 0.852652, 1.388998, 2.296660
17
 0.250000, 0.000000, 7.000000, 0.000000, 27.000000
 158.666667, 8.493697, 1.044118, 1.691176, 2.813025
 165.666667, 7.496982, 0.754527, 1.344064, 2.154930
 194.000000, 8.963918, 0.690722, 1.467354, 2.233677
 167.666667, 8.399602, 0.884692, 1.829026, 2.783300
 185.333333, 8.670863, 0.866906, 1.613309, 2.550360
 187.000000, 7.736185, 0.684492, 1.625668, 2.376114
 176.333333, 7.368620, 0.703214, 1.413989, 2.170132
 174.333333, 8.456979, 0.739962, 1.407266, 2.217973
 164.666667, 7.564777, 0.674089, 1.564777, 2.297571
 161.666667, 6.418557, 0.647423, 1.470103, 2.169072
 168.666667, 6.859684, 0.681818, 1.782609, 2.517787
 154.333333, 8.473002, 0.781857, 1.401728, 2.228942
 192.000000, 7.644097, 0.788194, 1.404514, 2.251736
 177.666667, 7.540338, 0.658537, 1.382739, 2.090056
 182.000000, 7.664835, 0.719780, 1.509158, 2.285714
 193.666667, 7.561102, 0.641997, 1.495697, 2.196213
 202.666667, 8.343750, 0.815789, 1.445724, 2.312500
 185.666667, 7.062837, 0.698384, 1.536804, 2.285458
 164.666667, 7.676113, 0.821862, 1.495951, 2.386640
18
 0.250000, 0.000000, 7.000000, 0.000000, 27.000000
 174.333333, 10.032505, 0.980880, 1.608031, 2.653920
 174.000000, 8.390805, 0.793103, 1.371648, 2.235632
 177.333333, 7.781955, 0.740602, 1.481203, 2.310150
 187.333333, 8.914591, 0.791815, 1.626335, 2.471530
 170.333333, 8.332681, 0.829746, 1.667319, 2.579256
 175.333333, 7.520913, 0.718631, 1.638783, 2.422053
 175.333333, 7.682510, 0.695817, 1.395437, 2.142586
 170.666667, 7.876953, 0.730469, 1.484375, 2.261719
 177.666667, 7.619137, 0.690432, 1.422139, 2.165103
 164.333333, 6.914807, 0.624746, 1.480730, 2.190669
 162.666667, 6.743852, 0.659836, 1.883197, 2.608607
 145.333333, 6.788991, 0.770642, 1.314220, 2.133028
 172.666667, 7.851351, 0.909266, 1.496139, 2.455598
 181.000000, 6.926335, 0.635359, 1.508287, 2.191529
 201.000000, 8.665008, 0.714760, 1.442786, 2.205638
 196.666667, 7.674576, 0.706780, 1.486441, 2.244068
 188.333333, 7.778761, 0.730973, 1.566372, 2.348673
 199.666667, 8.018364, 0.696160, 1.507513, 2.258765
 170.333333, 8.180039, 0.853229, 1.463796, 2.369863
19
 0.250000, 1.000000, 5.000000, 0.000000, 25.000000
 178.333333, 10.082243, 1.186916, 1.558879, 2.814953
 173.000000, 8.317919, 0.768786, 1.377649, 2.190751
 198.666667, 9.357383, 0.709732, 1.382550, 2.144295
 178.333333, 8.603738, 0.921495, 1.704673, 2.671028
 184.666667, 7.406137, 0.770758, 1.579422, 2.406137
 201.000000, 8.119403, 0.711443, 1.548922, 2.316750
 183.000000, 8.131148, 0.675774, 1.389800, 2.123862
 181.333333, 8.823529, 0.672794, 1.408088, 2.130515
 160.333333, 7.029106, 0.683992, 1.584200, 2.353430
 167.333333, 7.199203, 0.709163, 1.486056, 2.245020
 174.333333, 6.950287, 0.623327, 1.722753, 2.409178
 165.333333, 8.493952, 0.796371, 1.358871, 2.213710
 171.333333, 7.714008, 0.708171, 1.453307, 2.252918
 166.333333, 7.482966, 0.661323, 1.531062, 2.244489
 185.000000, 7.918919, 0.681081, 1.446847, 2.183784
 190.666667, 8.069930, 0.662587, 1.493007, 2.216783
 178.666667, 7.619403, 0.777985, 1.574627, 2.410448
 174.000000, 6.852490, 0.680077, 1.542146, 2.277778
 171.000000, 7.859649, 0.719298, 1.481481, 2.255361
20
 0.250000, 2.000000, 5.000000, 0.000000, 25.000000
 160.000000, 8.935417, 1.118750, 1.629167, 2.843750
 173.000000, 7.315992, 0.747592, 1.418112, 2.217726
 180.333333, 8.397412, 0.689464, 1.487985, 2.223660
 176.333333, 8.693762, 0.869565, 1.682420, 2.612476
 191.000000, 8.287958, 0.813264, 1.563700, 2.429319
 193.666667, 7.721170, 0.755594, 1.614458, 2.428571
 188.000000, 8.294326, 0.675532, 1.423759, 2.157801
 168.666667, 7.877470, 0.677866, 1.426877, 2.160079
 179.666667, 8.189239, 0.679035, 1.458256, 2.194805
 173.666667, 7.777351, 0.623800, 1.393474, 2.063340
 170.333333, 6.589041, 0.708415, 1.747554, 2.510763
 162.666667, 7.983607, 0.727459, 1.454918, 2.225410
 172.333333, 7.705996, 0.804642, 1.450677, 2.315280
 175.000000, 7.965714, 0.771429, 1.434286, 2.255238
 187.000000, 8.119430, 0.659537, 1.472371, 2.197861
 188.000000, 8.391844, 0.714539, 1.473404, 2.241135
 196.666667, 7.949153, 0.740678, 1.630508, 2.432203
 180.333333, 8.064695, 0.683919, 1.463956, 2.194085
 169.666667, 7.066798, 0.776031, 1.493124, 2.324165
21
 0.250000, 2.000000, 5.000000, 0.000000, 24.000000
 166.666667, 8.558000, 0.910000, 1.740000, 2.732000
 178.000000, 8.432584, 0.758427, 1.410112, 2.222846
 177.000000, 7.664783, 0.715631, 1.527307, 2.293785
 174.333333, 9.623327, 0.946463, 1.843212, 2.845124
 174.000000, 7.457854, 0.785441, 1.545977, 2.386973
 188.333333, 8.196460, 0.738053, 1.621239, 2.414159
 180.000000, 7.764815, 0.672222, 1.427778, 2.148148
 167.333333, 7.589641, 0.659363, 1.416335, 2.139442
 168.666667, 7.470356, 0.687747, 1.612648, 2.351779
 154.000000, 6.285714, 0.679654, 1.508658, 2.251082
 185.333333, 6.836331, 0.681655, 1.629496, 2.356115
 157.666667, 7.968288, 0.758985, 1.264271, 2.073996
 174.333333, 7.931166, 0.789675, 1.565966, 2.413002
 188.666667, 8.213781, 0.628975, 1.420495, 2.100707
 170.000000, 8.270588, 0.703922, 1.492157, 2.256863
 182.000000, 7.569597, 0.688645, 1.500000, 2.263736
 175.666667, 7.098672, 0.747628, 1.647059, 2.447818
 171.000000, 6.980507, 0.633528, 1.633528, 2.331384
 171.333333, 8.103113, 0.840467, 1.523346, 2.429961
22
 0.250000, 0.000000, 5.000000, 0.000000, 23.000000
 166.666667, 9.878000, 1.084000, 1.598000, 2.776000
 173.333333, 8.175000, 0.719231, 1.428846, 2.201923
 172.000000, 7.982558, 0.781008, 1.563953, 2.418605
 164.666667, 7.657895, 0.908907, 1.686235, 2.672065
 191.000000, 8.956370, 0.893543, 1.631763, 2.582897
 178.000000, 7.290262, 0.698502, 1.735955, 2.483146
 180.000000, 8.146296, 0.700000, 1.392593, 2.144444
 165.666667, 7.830986, 0.692153, 1.523139, 2.269618
 158.000000, 6.679325, 0.706751, 1.500000, 2.263713
 150.666667, 7.252212, 0.646018, 1.550885, 2.272124
 179.666667, 8.306122, 0.768089, 1.627087, 2.443414
 160.000000, 7.820833, 0.752083, 1.325000, 2.125000
 180.333333, 7.279113, 0.878004, 1.432532, 2.358595
 185.000000, 7.576577, 0.655856, 1.360360, 2.061261
 163.333333, 6.706122, 0.685714, 1.459184, 2.200000
 170.333333, 7.346380, 0.651663, 1.645793, 2.352250
 182.000000, 8.073260, 0.833333, 1.600733, 2.483516
 180.333333, 6.678373, 0.676525, 1.548983, 2.271719
 186.000000, 7.593190, 0.853047, 1.340502, 2.245520
23
 0.250000, 0.000000, 5.000000, 0.000000, 22.000000
 165.000000, 9.004040, 1.040404, 1.696970, 2.818182
 175.000000, 7.243810, 0.742857, 1.356190, 2.154286
 173.333333, 8.405769, 0.725000, 1.469231, 2.246154
 164.666667, 8.613360, 0.961538, 1.817814, 2.854251
 196.666667, 8.505085, 0.847458, 1.500000, 2.393220
 173.333333, 7.078846, 0.655769, 1.667308, 2.373077
 181.000000, 6.744015, 0.653775, 1.414365, 2.127072
 172.666667, 7.463320, 0.693050, 1.409266, 2.158301
 166.666667, 7.042000, 0.754000, 1.518000, 2.322000
 171.666667, 6.708738, 0.629126, 1.425243, 2.108738
 181.000000, 6.712707, 0.627993, 1.561694, 2.233886
 159.333333, 7.700837, 0.705021, 1.341004, 2.102510
 165.000000, 6.608081, 0.777778, 1.492929, 2.319192
 178.333333, 7.061682, 0.622430, 1.461682, 2.128972
 180.000000, 8.281481, 0.709259, 1.507407, 2.266667
 183.000000, 7.706740, 0.608379, 1.590164, 2.256831
 180.666667, 7.680812, 0.728782, 1.667897, 2.444649
 185.000000, 7.216216, 0.690090, 1.479279, 2.225225
 171.333333, 8.297665, 0.787938, 1.519455, 2.361868
24
 0.250000, 0.000000, 19.000000, 0.000000, 20.000000
 146.666667, 9.075000, 1.006818, 1.743182, 2.875000
 167.000000, 7.461078, 0.776447, 1.381238, 2.227545
 185.333333, 8.669065, 0.746403, 1.543165, 2.352518
 168.666667, 8.152174, 0.885375, 1.577075, 2.525692
 180.333333, 8.957486, 0.841035, 1.619224, 2.528651
 181.000000, 7.103131, 0.690608, 1.580110, 2.335175
 163.666667, 7.973523, 0.706721, 1.476578, 2.250509
 159.000000, 8.190776, 0.693920, 1.398323, 2.148847
 168.000000, 7.111111, 0.672619, 1.533730, 2.283730
 162.666667, 7.178279, 0.663934, 1.524590, 2.239754
 176.666667, 7.366038, 0.745283, 1.898113, 2.688679
 159.000000, 8.559748, 0.767296, 1.398323, 2.230608
 175.000000, 6.518095, 0.782857, 1.499048, 2.337143
 176.666667, 6.571698, 0.635849, 1.424528, 2.109434
 191.000000, 7.319372, 0.691099, 1.411867, 2.150087
 187.000000, 7.474153, 0.668449, 1.532977, 2.256684
 191.333333, 8.684669, 0.832753, 1.560976, 2.445993
 194.000000, 8.121993, 0.661512, 1.529210, 2.245704
 183.333333, 7.456364, 0.792727, 1.400000, 2.269091
25
 0.250000, 0.000000, 16.000000, 0.000000, 17.000000
 167.000000, 10.151697, 0.960080, 1.640719, 2.680639
 171.333333, 8.058366, 0.725681, 1.357977, 2.151751
 188.666667, 9.282686, 0.779152, 1.533569, 2.392226
 175.666667, 9.396584, 0.952562, 1.815939, 2.825427
 187.000000, 8.206774, 0.793226, 1.590018, 2.431373
 196.666667, 7.500000, 0.740678, 1.484746, 2.279661
 177.333333, 7.612782, 0.682331, 1.325188, 2.062030
 171.000000, 8.313840, 0.773879, 1.444444, 2.265107
 163.000000, 7.435583, 0.697342, 1.586912, 2.327198
 166.666667, 7.478000, 0.718000, 1.464000, 2.226000
 175.000000, 7.320000, 0.685714, 1.712381, 2.445714
 159.000000, 7.561845, 0.784067, 1.362683, 2.205451
 196.333333, 8.056027, 0.994907, 1.414261, 2.455008
 183.000000, 8.313297, 0.677596, 1.442623, 2.178506
 185.000000, 8.212613, 0.717117, 1.448649, 2.225225
 182.333333, 7.341865, 0.645338, 1.510055, 2.210238
 184.000000, 7.442029, 0.778986, 1.556159, 2.385870
 185.333333, 7.611511, 0.708633, 1.465827, 2.221223
 168.333333, 7.764356, 0.857426, 1.473267, 2.378218
26
 0.250000, 0.000000, 0.000000, 0.000000, 1.000000
 165.333333, 8.266129, 1.066532, 1.616935, 2.741935
 173.666667, 7.614203, 0.740883, 1.429942, 2.247601
 184.666667, 9.205776, 0.781588, 1.467509, 2.323105
 172.666667, 7.482625, 0.830116, 1.750965, 2.637066
 171.000000, 7.832359, 0.826511, 1.615984, 2.500975
 181.000000, 7.659300, 0.703499, 1.613260, 2.377532
 182.333333, 7.155393, 0.694698, 1.402194, 2.146252
 161.333333, 8.508264, 0.698347, 1.510331, 2.268595
 177.333333, 7.609023, 0.610902, 1.458647, 2.118421
 174.000000, 7.850575, 0.693487, 1.436782, 2.178161
 177.000000, 7.403013, 0.661017, 1.704331, 2.419962
 154.333333, 6.835853, 0.745140, 1.377970, 2.183585
 183.333333, 7.756364, 0.752727, 1.405455, 2.216364
 177.000000, 8.216573, 0.657250, 1.419962, 2.141243
 197.000000, 8.277496, 0.698816, 1.517766, 2.284264
 176.666667, 7.526415, 0.662264, 1.558491, 2.271698
 188.666667, 8.510601, 0.795053, 1.651943, 2.500000
 187.333333, 7.161922, 0.665480, 1.540925, 2.263345
 181.666667, 7.939450, 0.844037, 1.422018, 2.321101
27
 0.250000, 0.000000, 0.000000, 1.000000, 1.000000
 166.333333, 9.278557, 1.112224, 1.621242, 2.803607
 176.666667, 8.001887, 0.732075, 1.384906, 2.179245
 178.000000, 8.891386, 0.754682, 1.479401, 2.297753
 163.666667, 7.407332, 0.922607, 1.755601, 2.749491
 186.000000, 8.263441, 0.792115, 1.521505, 2.363799
 187.000000, 6.727273, 0.725490, 1.618538, 2.399287
 182.333333, 7.383912, 0.776965, 1.288848, 2.113346
 154.666667, 6.892241, 0.676724, 1.508621, 2.243534
 176.666667, 7.662264, 0.684906, 1.475472, 2.209434
 177.000000, 7.295669, 0.676083, 1.421846, 2.154426
 169.333333, 7.368110, 0.679134, 1.740157, 2.466535
 165.666667, 8.376258, 0.800805, 1.277666, 2.173038
 178.666667, 8.085821, 0.847015, 1.453358, 2.348881
 184.000000, 7.871377, 0.668478, 1.394928, 2.128623
 156.333333, 7.543710, 0.684435, 1.611940, 2.347548
 178.333333, 7.069159, 0.646729, 1.543925, 2.239252
 176.666667, 7.701887, 0.794340, 1.635849, 2.492453
 192.666667, 8.807958, 0.705882, 1.456747, 2.224913
 170.666667, 7.677734, 0.935547, 1.437500, 2.427734
28
 0.250000, 0.000000, 0.000000, 0.000000, 1.000000
 168.333333, 9.938614, 1.087129, 1.685149, 2.851485
 177.000000, 8.809793, 0.794727, 1.303202, 2.145009
 170.666667, 8.769531, 0.810547, 1.560547, 2.439453
 174.666667, 10.637405, 0.956107, 1.811069, 2.828244
 187.666667, 8.696270, 0.817052, 1.586146, 2.454707
 198.333333, 7.539496, 0.719328, 1.591597, 2.357983
 177.333333, 7.554511, 0.654135, 1.439850, 2.154135
 172.666667, 7.500000, 0.702703, 1.461390, 2.229730
 171.000000, 7.206628, 0.730994, 1.438596, 2.228070
 166.333333, 7.204409, 0.681363, 1.494990, 2.240481
 178.000000, 6.792135, 0.647940, 1.764045, 2.466292
 158.666667, 7.987395, 0.689076, 1.405462, 2.151261
 179.000000, 8.776536, 1.003724, 1.469274, 2.536313
 177.000000, 7.084746, 0.719397, 1.485876, 2.271186
 180.333333, 7.846580, 0.696858, 1.430684, 2.181146
 183.000000, 7.772313, 0.688525, 1.515483, 2.256831
 188.666667, 7.203180, 0.726148, 1.598940, 2.393993
 172.333333, 7.096712, 0.671180, 1.591876, 2.313346
 181.333333, 7.608456, 0.727941, 1.329044, 2.113971
29
 0.250000, 19.000000, 2.000000, 0.000000, 2.000000
 167.000000, 10.816367, 1.067864, 1.650699, 2.820359
 193.000000, 8.813472, 0.754750, 1.333333, 2.148532
 177.666667, 8.416510, 0.803002, 1.514071, 2.388368
 194.333333, 8.243568, 0.790738, 1.648370, 2.488851
 183.000000, 8.076503, 0.748634, 1.573770, 2.369763
 202.000000, 7.915842, 0.706271, 1.608911, 2.369637
 169.333333, 7.820866, 0.641732, 1.423228, 2.183071
 166.000000, 7.620482, 0.716867, 1.351406, 2.132530
 178.333333, 7.985047, 0.650467, 1.403738, 2.130841
 172.000000, 7.841085, 0.656977, 1.375969, 2.085271
 185.000000, 7.893694, 0.690090, 1.648649, 2.400000
 150.333333, 8.356984, 0.762749, 1.383592, 2.219512
 182.666667, 7.465328, 0.875912, 1.441606, 2.385036
 183.000000, 7.932605, 0.673953, 1.460838, 2.205829
 186.333333, 8.078712, 0.681574, 1.389982, 2.134168
 191.000000, 7.579407, 0.666667, 1.499127, 2.216405
 185.333333, 8.118705, 0.742806, 1.543165, 2.356115
 175.000000, 7.708571, 0.668571, 1.506667, 2.249524
 155.666667, 7.501071, 0.862955, 1.509636, 2.483940
30
 0.250000, 0.000000, 0.000000, 20.000000, 20.000000
 155.666667, 8.880086, 1.199143, 1.717345, 3.042827
 177.000000, 7.717514, 0.734463, 1.329567, 2.122411
 179.000000, 7.795158, 0.631285, 1.422719, 2.115456
 175.000000, 10.636190, 1.053333, 1.544762, 2.683810
 188.333333, 9.346903, 0.831858, 1.576991, 2.474336
 201.666667, 7.525620, 0.690909, 1.548760, 2.295868
 165.666667, 7.766600, 0.647887, 1.434608, 2.160966
 166.000000, 7.757028, 0.690763, 1.570281, 2.317269
 166.333333, 7.094188, 0.683367, 1.426854, 2.168337
 177.333333, 6.657895, 0.609023, 1.364662, 2.037594
 174.666667, 7.286260, 0.673664, 1.761450, 2.488550
 166.000000, 7.809237, 0.746988, 1.401606, 2.200803
 178.333333, 7.818692, 0.682243, 1.433645, 2.166355
 185.000000, 7.736937, 0.684685, 1.434234, 2.167568
 191.333333, 8.843206, 0.743902, 1.416376, 2.219512
 168.666667, 7.810277, 0.683794, 1.656126, 2.395257
 189.000000, 8.864198, 0.811287, 1.597884, 2.465608
 194.333333, 8.221269, 0.694683, 1.459691, 2.207547
 171.333333, 9.371595, 0.914397, 1.346304, 2.313230
31
 0.250000, 0.000000, 0.000000, 18.000000, 19.000000
 175.333333, 10.777567, 1.203422, 1.490494, 2.749049
 170.333333, 8.258317, 0.682975, 1.389432, 2.152642
 176.333333, 7.555766, 0.716446, 1.493384, 2.270321
 166.666667, 7.798000, 1.020000, 1.958000, 3.038000
 176.666667, 8.079245, 0.913208, 1.532075, 2.496226
 183.666667, 8.275862, 0.840290, 1.524501, 2.417423
 172.666667, 7.225869, 0.677606, 1.455598, 2.193050
 165.333333, 7.437500, 0.735887, 1.437500, 2.237903
 165.000000, 7.686869, 0.690909, 1.571717, 2.315152
 173.666667, 7.111324, 0.654511, 1.462572, 2.168906
 176.333333, 7.691871, 0.667297, 1.742911, 2.468809
 171.333333, 7.984436, 0.708171, 1.229572, 1.992218
 179.000000, 7.474860, 0.772812, 1.480447, 2.316574
 175.666667, 7.170778, 0.629981, 1.470588, 2.159393
 190.000000, 7.756140, 0.685965, 1.396491, 2.129825
 182.000000, 7.238095, 0.617216, 1.507326, 2.172161
 189.333333, 7.714789, 0.776408, 1.522887, 2.353873
 189.000000, 7.456790, 0.694885, 1.527337, 2.273369
 160.333333, 7.623701, 0.773389, 1.467775, 2.303534
32
 0.250000, 0.000000, 0.000000, 18.000000, 19.000000
 173.000000, 9.244701, 1.113680, 1.664740, 2.843931
 170.000000, 8.703922, 0.739216, 1.349020, 2.141176
 170.333333, 7.808219, 0.739726, 1.585127, 2.389432
 190.666667, 8.903846, 0.804196, 1.550699, 2.414336
 177.333333, 8.208647, 0.795113, 1.686090, 2.543233
 185.000000, 7.956757, 0.672072, 1.531532, 2.263063
 170.666667, 7.177734, 0.693359, 1.398438, 2.140625
 174.333333, 8.466539, 0.707457, 1.346080, 2.099426
 178.333333, 8.140187, 0.742056, 1.407477, 2.203738
 165.333333, 7.663306, 0.576613, 1.358871, 1.997984
 187.333333, 8.533808, 0.701068, 1.765125, 2.521352
 161.333333, 7.628099, 0.696281, 1.336777, 2.086777
 193.000000, 9.207254, 0.956822, 1.430052, 2.431779
 176.666667, 7.207547, 0.673585, 1.409434, 2.137736
 178.666667, 7.934701, 0.697761, 1.511194, 2.255597
 196.666667, 7.822034, 0.694915, 1.584746, 2.342373
 181.333333, 7.724265, 0.753676, 1.619485, 2.428309
 186.333333, 7.647585, 0.731664, 1.468694, 2.257603
 167.666667, 7.749503, 0.827038, 1.592445, 2.471173
33
 0.250000, 0.000000, 0.000000, 17.000000, 18.000000
 155.333333, 7.551502, 1.040773, 1.699571, 2.798283
 169.000000, 8.717949, 0.767258, 1.412229, 2.234714
 191.666667, 7.954783, 0.815652, 1.384348, 2.276522
 175.333333, 8.788973, 0.933460, 1.545627, 2.526616
 169.000000, 7.966469, 0.848126, 1.686391, 2.595661
 187.666667, 7.266430, 0.735346, 1.646536, 2.429840
 171.666667, 7.768932, 0.660194, 1.493204, 2.215534
 171.000000, 7.493177, 0.711501, 1.415205, 2.179337
 178.666667, 8.587687, 0.718284, 1.472015, 2.246269
 168.000000, 7.384921, 0.710317, 1.498016, 2.265873
 176.666667, 7.230189, 0.692453, 1.735849, 2.481132
 160.333333, 8.245322, 0.777547, 1.403326, 2.226611
 171.666667, 7.631068, 0.786408, 1.502913, 2.337864
 165.666667, 7.408451, 0.728370, 1.370221, 2.158954
 202.666667, 7.845395, 0.702303, 1.453947, 2.203947
 170.333333, 7.622309, 0.647750, 1.610568, 2.311155
 172.666667, 6.507722, 0.774131, 1.577220, 2.434363
 188.333333, 8.525664, 0.702655, 1.513274, 2.269027
 189.666667, 8.068541, 0.857645, 1.462214, 2.393673
34
 0.250000, 0.000000, 0.000000, 0.000000, 18.000000
 179.333333, 10.276952, 1.029740, 1.678439, 2.775093
 176.666667, 8.894340, 0.756604, 1.252830, 2.066038
 196.333333, 8.095076, 0.770798, 1.419355, 2.258065
 167.666667, 9.322068, 0.912525, 1.675944, 2.646123
 184.666667, 7.622744, 0.696751, 1.566787, 2.332130
 191.333333, 7.689895, 0.736934, 1.614983, 2.402439
 189.666667, 7.933216, 0.650264, 1.360281, 2.059754
 178.666667, 7.891791, 0.692164, 1.449627, 2.207090
 183.666667, 7.776770, 0.664247, 1.399274, 2.125227
 172.666667, 8.001931, 0.704633, 1.478764, 2.237452
 174.333333, 7.288719, 0.609943, 1.730402, 2.393881
 154.333333, 7.617711, 0.734341, 1.431965, 2.220302
 184.666667, 8.611913, 0.972924, 1.409747, 2.433213
 171.666667, 7.522330, 0.625243, 1.543689, 2.229126
 184.666667, 7.927798, 0.696751, 1.435018, 2.193141
 196.666667, 7.561017, 0.655932, 1.455932, 2.159322
 178.000000, 7.048689, 0.792135, 1.586142, 2.432584
 175.333333, 6.678707, 0.699620, 1.515209, 2.269962
 166.666667, 8.106000, 0.844000, 1.512000, 2.440000
35
 0.250000, 0.000000, 0.000000, 2.000000, 3.000000
 180.333333, 9.842884, 1.243993, 1.563771, 2.874307
 169.666667, 8.777996, 0.722986, 1.361493, 2.143418
 197.666667, 8.156830, 0.699831, 1.544688, 2.305228
 179.000000, 8.884544, 0.882682, 1.750466, 2.698324
 192.333333, 8.688042, 0.805893, 1.556326, 2.429809
 197.333333, 8.106419, 0.734797, 1.614865, 2.396959
 181.333333, 7.753676, 0.648897, 1.349265, 2.064338
 178.333333, 8.067290, 0.704673, 1.388785, 2.140187
 163.000000, 7.576687, 0.699387, 1.572597, 2.316973
 170.333333, 6.698630, 0.602740, 1.338552, 1.986301
 190.000000, 8.226316, 0.677193, 1.643860, 2.373684
 164.666667, 7.888664, 0.718623, 1.336032, 2.101215
 182.666667, 7.788321, 0.757299, 1.406934, 2.237226
 187.666667, 7.651865, 0.628774, 1.385435, 2.087034
 194.666667, 8.619863, 0.666096, 1.361301, 2.089041
 181.666667, 7.684404, 0.711927, 1.574312, 2.372477
 188.333333, 8.325664, 0.893805, 1.564602, 2.513274
 192.000000, 7.480903, 0.715278, 1.444444, 2.225694
 181.333333, 7.860294, 0.790441, 1.503676, 2.351103
36
 0.250000, 30.000000, 0.000000, 3.000000, 3.000000
 178.333333, 10.052336, 1.257944, 1.557009, 2.880374
 184.000000, 7.831522, 0.802536, 1.336957, 2.192029
 184.666667, 7.507220, 0.631769, 1.527076, 2.211191
 165.333333, 8.481855, 0.967742, 1.713710, 2.762097
 183.666667, 8.796733, 0.814882, 1.560799, 2.453721
 191.333333, 8.245645, 0.714286, 1.599303, 2.357143
 182.333333, 8.069470, 0.678245, 1.341865, 2.069470
 161.333333, 8.045455, 0.681818, 1.502066, 2.247934
 163.333333, 7.930612, 0.748980, 1.600000, 2.434694
 187.666667, 7.397869, 0.598579, 1.332149, 1.980462
 165.666667, 7.382294, 0.758551, 1.796781, 2.601610
 168.666667, 8.304348, 0.796443, 1.345850, 2.193676
 176.666667, 7.237736, 0.703774, 1.381132, 2.137736
 176.333333, 7.786389, 0.689981, 1.466919, 2.228733
 174.000000, 8.379310, 0.716475, 1.544061, 2.329502
 182.666667, 7.001825, 0.693431, 1.476277, 2.215328
 199.666667, 8.058431, 0.721202, 1.494157, 2.275459
 188.333333, 7.847788, 0.676106, 1.476106, 2.207080
 169.666667, 7.630648, 0.815324, 1.477407, 2.347741
37
 0.250000, 30.000000, 0.000000, 3.000000, 3.000000
 165.000000, 8.789899, 1.034343, 1.660606, 2.761616
 175.333333, 8.026616, 0.853612, 1.368821, 2.285171
 185.333333, 9.212230, 0.706835, 1.546763, 2.307554
 195.333333, 10.331058, 1.011945, 1.696246, 2.766212
 186.333333, 8.692308, 0.819320, 1.558140, 2.427549
 178.666667, 7.188433, 0.680970, 1.751866, 2.522388
 180.333333, 7.349353, 0.676525, 1.364140, 2.090573
 180.666667, 8.440959, 0.719557, 1.404059, 2.173432
 180.333333, 8.334566, 0.691312, 1.552680, 2.288355
 176.000000, 7.187500, 0.649621, 1.361742, 2.071970
 185.000000, 7.349550, 0.641441, 1.637838, 2.342342
 152.333333, 7.442013, 0.789934, 1.361050, 2.221007
 191.666667, 8.278261, 0.881739, 1.431304, 2.382609
 191.333333, 8.322300, 0.726481, 1.372822, 2.160279
 184.333333, 7.716094, 0.699819, 1.488246, 2.235081
 179.333333, 7.327138, 0.635688, 1.583643, 2.280669
 187.333333, 7.781139, 0.818505, 1.516014, 2.386121
 189.333333, 7.801056, 0.679577, 1.538732, 2.271127
 166.333333, 8.090180, 0.733467, 1.408818, 2.200401
38
 0.250000, 4.000000, 2.000000, 4.000000, 8.000000
 168.000000, 8.740079, 0.956349, 1.664683, 2.688492
 192.666667, 7.944637, 0.724913, 1.382353, 2.160900
 197.666667, 8.284992, 0.789207, 1.332209, 2.178752
 183.666667, 8.900181, 0.912886, 1.695100, 2.656987
 185.666667, 8.556553, 0.861759, 1.642729, 2.567325
 197.666667, 7.300169, 0.667791, 1.583474, 2.298482
 162.000000, 7.681070, 0.654321, 1.508230, 2.211934
 176.666667, 8.232075, 0.694340, 1.437736, 2.179245
 161.000000, 7.194617, 0.674948, 1.548654, 2.285714
 173.333333, 7.586538, 0.713462, 1.434615, 2.203846
 187.666667, 8.653641, 0.719361, 1.635879, 2.408526
 165.000000, 7.107071, 0.715152, 1.387879, 2.153535
 177.666667, 7.272045, 0.748593, 1.457786, 2.258912
 184.333333, 7.444846, 0.708861, 1.368897, 2.121157
 173.333333, 6.861538, 0.682692, 1.482692, 2.215385
 180.000000, 6.716667, 0.644444, 1.607407, 2.301852
 174.333333, 7.332696, 0.810707, 1.770554, 2.638623
 179.666667, 7.799629, 0.705009, 1.573284, 2.328386
 180.666667, 8.553506, 0.785978, 1.431734, 2.269373
39
 0.250000, 4.000000, 0.000000, 4.000000, 6.000000
 162.000000, 8.419753, 1.049383, 1.635802, 2.796296
 172.333333, 7.789168, 0.781431, 1.421663, 2.259188
 174.666667, 8.011450, 0.727099, 1.561069, 2.356870
 185.333333, 9.273381, 0.841727, 1.681655, 2.575540
 178.333333, 7.626168, 0.863551, 1.538318, 2.467290
 202.333333, 8.172982, 0.670511, 1.642504, 2.365733
 173.666667, 8.320537, 0.715931, 1.401152, 2.188100
 166.000000, 7.648594, 0.690763, 1.506024, 2.257028
 156.666667, 6.729787, 0.668085, 1.536170, 2.287234
 170.666667, 7.097656, 0.701172, 1.326172, 2.072266
 171.000000, 7.284600, 0.699805, 1.777778, 2.547758
 172.333333, 8.141199, 0.831721, 1.301741, 2.189555
 185.333333, 6.929856, 0.848921, 1.447842, 2.352518
 181.666667, 8.326606, 0.724771, 1.379817, 2.155963
 189.333333, 8.904930, 0.735915, 1.376761, 2.163732
 196.000000, 7.688776, 0.680272, 1.457483, 2.181973
 188.666667, 7.238516, 0.699647, 1.545936, 2.295053
 180.666667, 7.761993, 0.666052, 1.520295, 2.249077
 173.333333, 7.903846, 0.873077, 1.476923, 2.415385
40
 0.250000, 4.000000, 0.000000, 4.000000, 6.000000
 157.333333, 8.302966, 1.237288, 1.775424, 3.112288
 199.666667, 8.308848, 0.664441, 1.343907, 2.065109
 196.666667, 8.298305, 0.688136, 1.432203, 2.177966
 173.000000, 7.551060, 0.766859, 1.699422, 2.526012
 194.333333, 10.516295, 0.927959, 1.560892, 2.579760
 186.000000, 7.793907, 0.786738, 1.688172, 2.525090
 175.000000, 7.952381, 0.681905, 1.438095, 2.179048
 164.000000, 8.341463, 0.686992, 1.514228, 2.264228
 172.666667, 6.874517, 0.633205, 1.451737, 2.133205
 160.000000, 7.068750, 0.643750, 1.518750, 2.218750
 179.000000, 7.553073, 0.648045, 1.677840, 2.378026
 178.000000, 8.408240, 0.711610, 1.385768, 2.153558
 177.000000, 8.013183, 0.738230, 1.472693, 2.259887
 195.666667, 8.531516, 0.725724, 1.402044, 2.175468
 190.333333, 7.796848, 0.681261, 1.385289, 2.117338
 174.333333, 7.778203, 0.608031, 1.518164, 2.172084
 178.333333, 7.902804, 0.771963, 1.585047, 2.433645
 190.666667, 7.898601, 0.664336, 1.487762, 2.204545
 179.333333, 7.975836, 0.815985, 1.438662, 2.306691
41
 0.250000, 4.000000, 7.000000, 0.000000, 8.000000
 170.666667, 10.412109, 1.255859, 1.755859, 3.099609
 162.333333, 8.049281, 0.671458, 1.462012, 2.197125
 186.666667, 8.739286, 0.766071, 1.444643, 2.260714
 167.333333, 7.312749, 0.824701, 1.589641, 2.464143
 187.333333, 8.921708, 0.875445, 1.620996, 2.551601
 178.333333, 7.831776, 0.762617, 1.704673, 2.532710
 172.000000, 7.131783, 0.707364, 1.343023, 2.112403
 182.000000, 7.527473, 0.606227, 1.434066, 2.093407
 174.000000, 8.319923, 0.703065, 1.392720, 2.145594
 182.000000, 7.124542, 0.679487, 1.421245, 2.144689
 181.333333, 6.773897, 0.687500, 1.795956, 2.540441
 155.000000, 7.109677, 0.731183, 1.427957, 2.217204
 194.000000, 8.118557, 0.823024, 1.341924, 2.223368
 181.333333, 6.511029, 0.667279, 1.476103, 2.194853
 186.666667, 7.766071, 0.675000, 1.533929, 2.267857
 175.000000, 7.329524, 0.641905, 1.579048, 2.287619
 170.666667, 7.373047, 0.804688, 1.585938, 2.455078
 178.333333, 7.143925, 0.727103, 1.487850, 2.265421
 174.000000, 7.819923, 0.752874, 1.392720, 2.201149
42
 0.250000, 0.000000, 8.000000, 1.000000, 11.000000
 174.000000, 10.982759, 1.070881, 1.708812, 2.881226
 189.000000, 7.555556, 0.760141, 1.287478, 2.098765
 192.000000, 8.883681, 0.852431, 1.467014, 2.394097
 174.000000, 10.093870, 1.001916, 1.783525, 2.850575
 182.000000, 8.613553, 0.787546, 1.567766, 2.408425
 198.666667, 7.657718, 0.780201, 1.449664, 2.280201
 173.333333, 7.346154, 0.651923, 1.390385, 2.092308
 184.000000, 8.054348, 0.675725, 1.496377, 2.221014
 179.333333, 8.429368, 0.721190, 1.403346, 2.187732
 157.333333, 6.860169, 0.667373, 1.510593, 2.228814
 178.000000, 7.988764, 0.765918, 1.743446, 2.561798
 155.666667, 7.914347, 0.717345, 1.372591, 2.141328
 180.333333, 8.171904, 0.800370, 1.415896, 2.284658
 172.000000, 6.914729, 0.689922, 1.395349, 2.129845
 195.666667, 7.994889, 0.688245, 1.475298, 2.223169
 189.666667, 7.768014, 0.683656, 1.495606, 2.230228
 192.333333, 7.849220, 0.823224, 1.587522, 2.483536
 177.666667, 7.187617, 0.684803, 1.532833, 2.294559
 172.000000, 7.893411, 0.705426, 1.436047, 2.195736
43
 0.250000, 3.000000, 0.000000, 0.000000, 3.000000
 170.000000, 9.070588, 1.186275, 1.674510, 2.925490
 178.666667, 10.179104, 0.908582, 1.337687, 2.304104
 177.333333, 8.590226, 0.765038, 1.505639, 2.321429
 172.000000, 8.544574, 0.870155, 1.633721, 2.565891
 182.000000, 9.027473, 0.974359, 1.542125, 2.573260
 190.666667, 7.713287, 0.673077, 1.512238, 2.234266
 175.000000, 7.649524, 0.660952, 1.377143, 2.099048
 166.666667, 7.856000, 0.698000, 1.474000, 2.226000
 179.666667, 7.309833, 0.729128, 1.424861, 2.205937
 178.000000, 7.189139, 0.700375, 1.389513, 2.138577
 181.333333, 7.238971, 0.634191, 1.726103, 2.420956
 167.666667, 7.844930, 0.685885, 1.322068, 2.083499
 181.666667, 7.906422, 0.732110, 1.453211, 2.234862
 189.333333, 7.154930, 0.653169, 1.392606, 2.089789
 184.666667, 8.429603, 0.689531, 1.460289, 2.218412
 176.000000, 6.488636, 0.623106, 1.577652, 2.246212
 193.000000, 7.112263, 0.751295, 1.576857, 2.388601
 197.666667, 8.212479, 0.703204, 1.396290, 2.160202
 178.666667, 8.291045, 0.804104, 1.391791, 2.261194
44
 0.250000, 4.000000, 1.000000, 1.000000, 2.000000
 170.666667, 9.568359, 1.091797, 1.585938, 2.761719
 177.000000, 7.593220, 0.758945, 1.318267, 2.129944
 178.000000, 8.705993, 0.831461, 1.479401, 2.367041
 168.666667, 8.033597, 0.822134, 1.662055, 2.535573
 184.000000, 7.675725, 0.786232, 1.586957, 2.436594
 195.666667, 7.742760, 0.732538, 1.545145, 2.344123
 160.666667, 6.514523, 0.649378, 1.433610, 2.151452
 166.000000, 7.275100, 0.742972, 1.433735, 2.240964
 165.666667, 8.114688, 0.651911, 1.573441, 2.275654
 180.333333, 8.140481, 0.637708, 1.432532, 2.120148
 172.000000, 6.893411, 0.680233, 1.730620, 2.457364
 166.666667, 8.240000, 0.768000, 1.428000, 2.256000
 178.333333, 8.343925, 1.039252, 1.360748, 2.463551
 190.000000, 8.135088, 0.680702, 1.433333, 2.177193
 180.333333, 7.992606, 0.706100, 1.513863, 2.295749
 176.333333, 7.831758, 0.665406, 1.527410, 2.257089
 183.333333, 8.398182, 0.843636, 1.620000, 2.523636
 187.333333, 7.512456, 0.713523, 1.496441, 2.266904
 175.000000, 7.782857, 0.742857, 1.506667, 2.312381
45
 0.250000, 27.000000, 0.000000, 3.000000, 3.000000
 162.333333, 10.067762, 1.178645, 1.745380, 3.022587
 188.333333, 8.640708, 0.826549, 1.387611, 2.261947
 171.333333, 8.097276, 0.801556, 1.474708, 2.330739
 177.000000, 8.273070, 0.832392, 1.691149, 2.578154
 186.000000, 7.985663, 0.870968, 1.650538, 2.578853
 179.666667, 7.649351, 0.684601, 1.664193, 2.400742
 186.333333, 7.899821, 0.677996, 1.422182, 2.152057
 173.333333, 8.476923, 0.717308, 1.400000, 2.180769
 169.000000, 7.349112, 0.725838, 1.564103, 2.341223
 171.666667, 7.194175, 0.631068, 1.316505, 1.996117
 187.333333, 7.800712, 0.688612, 1.562278, 2.302491
 157.000000, 7.348195, 0.702760, 1.360934, 2.121019
 175.666667, 7.732448, 0.950664, 1.423150, 2.461101
 194.333333, 8.207547, 0.706690, 1.349914, 2.120069
 176.000000, 8.238636, 0.710227, 1.477273, 2.240530
 189.000000, 7.291005, 0.656085, 1.525573, 2.231041
 182.000000, 7.402930, 0.785714, 1.589744, 2.428571
 188.333333, 7.539823, 0.669027, 1.493805, 2.219469
 159.666667, 7.962422, 0.743215, 1.398747, 2.189979
46
 0.250000, 4.000000, 0.000000, 0.000000, 0.000000
 158.333333, 9.273684, 0.983158, 1.631579, 2.667368
 167.000000, 7.391218, 0.746507, 1.385230, 2.195609
 173.666667, 7.401152, 0.798464, 1.437620, 2.284069
 178.000000, 7.808989, 0.880150, 1.647940, 2.651685
 175.666667, 6.736243, 0.749526, 1.673624, 2.480076
 201.666667, 7.980165, 0.684298, 1.573554, 2.307438
 174.000000, 7.365900, 0.668582, 1.478927, 2.212644
 154.000000, 7.826840, 0.696970, 1.489177, 2.240260
 180.666667, 7.765683, 0.649446, 1.472325, 2.188192
 171.000000, 7.851852, 0.631579, 1.415205, 2.093567
 186.666667, 6.683929, 0.655357, 1.646429, 2.353571
 150.000000, 6.877778, 0.793333, 1.366667, 2.211111
 180.333333, 7.985213, 0.929760, 1.473198, 2.451017
 171.333333, 6.408560, 0.770428, 1.365759, 2.180934
 173.333333, 6.509615, 0.659615, 1.409615, 2.150000
 185.000000, 7.515315, 0.623423, 1.572973, 2.254054
 174.666667, 7.198473, 0.683206, 1.675573, 2.421756
 184.000000, 7.239130, 0.692029, 1.590580, 2.342391
 180.000000, 8.314815, 0.816667, 1.405556, 2.285185
47
 0.250000, 3.000000, 0.000000, 0.000000, 0.000000
 162.333333, 9.205339, 1.151951, 1.696099, 2.938398
 181.000000, 8.362799, 0.742173, 1.360958, 2.173112
 189.333333, 8.033451, 0.830986, 1.433099, 2.309859
 179.333333, 8.834572, 0.801115, 1.667286, 2.544610
 178.333333, 7.721495, 0.685981, 1.598131, 2.347664
 200.000000, 7.401667, 0.635000, 1.461667, 2.145000
 181.333333, 8.801471, 0.704044, 1.375000, 2.132353
 173.333333, 8.090385, 0.694231, 1.463462, 2.217308
 186.000000, 7.858423, 0.716846, 1.430108, 2.198925
 183.000000, 8.315118, 0.659381, 1.402550, 2.107468
 186.666667, 8.167857, 0.685714, 1.580357, 2.328571
 154.666667, 6.959052, 0.754310, 1.392241, 2.204741
 163.000000, 7.386503, 0.850716, 1.523517, 2.423313
 174.333333, 7.107075, 0.676864, 1.441683, 2.189293
 195.333333, 8.377133, 0.720137, 1.481229, 2.249147
 181.666667, 7.972477, 0.689908, 1.583486, 2.339450
 187.666667, 6.911190, 0.683837, 1.673179, 2.415631
 188.000000, 8.806738, 0.767730, 1.579787, 2.406028
 169.666667, 7.644401, 0.807466, 1.410609, 2.275049
48
 0.250000, 5.000000, 0.000000, 1.000000, 2.000000
 166.333333, 9.414830, 1.030060, 1.763527, 2.859719
 180.666667, 8.682657, 0.763838, 1.306273, 2.123616
 188.000000, 9.301418, 0.863475, 1.400709, 2.315603
 174.333333, 8.762906, 0.902486, 1.774379, 2.747610
 200.666667, 8.764120, 0.740864, 1.556478, 2.343854
 182.333333, 7.581353, 0.683729, 1.674589, 2.416819
 174.333333, 7.824092, 0.630975, 1.464627, 2.152964
 177.000000, 8.598870, 0.683616, 1.425612, 2.160075
 174.000000, 8.377395, 0.687739, 1.404215, 2.137931
 167.333333, 7.256972, 0.711155, 1.466135, 2.229084
 189.000000, 8.373898, 0.696649, 1.747795, 2.504409
 152.000000, 8.293860, 0.725877, 1.385965, 2.162281
 178.333333, 8.093458, 0.930841, 1.439252, 2.418692
 173.000000, 7.325626, 0.655106, 1.502890, 2.208092
 177.333333, 7.394737, 0.721805, 1.464286, 2.234962
 194.000000, 7.812715, 0.673540, 1.503436, 2.233677
 192.666667, 8.178201, 0.775087, 1.595156, 2.427336
 186.000000, 7.840502, 0.693548, 1.467742, 2.224014
 188.000000, 9.101064, 0.872340, 1.393617, 2.333333
49
 0.250000, 2.000000, 0.000000, 3.000000, 3.000000
 149.000000, 9.821029, 0.995526, 1.834452, 2.910515
 180.666667, 8.791513, 0.691882, 1.413284, 2.151292
 181.000000, 8.679558, 0.769797, 1.427256, 2.255985
 165.000000, 8.743434, 0.866667, 1.888889, 2.834343
 180.000000, 7.690741, 0.751852, 1.624074, 2.431481
 179.000000, 7.538175, 0.690875, 1.592179, 2.337058
 189.666667, 7.783831, 0.653779, 1.383128, 2.103691
 176.666667, 7.586792, 0.658491, 1.386792, 2.088679
 159.333333, 6.468619, 0.707113, 1.495816, 2.253138
 192.000000, 7.972222, 0.621528, 1.340278, 2.012153
 168.666667, 7.581028, 0.671937, 1.778656, 2.501976
 169.333333, 8.746063, 0.803150, 1.352362, 2.208661
 184.333333, 8.379747, 0.819168, 1.448463, 2.318264
 201.000000, 8.557214, 0.655058, 1.404643, 2.114428
 177.666667, 7.418386, 0.722326, 1.465291, 2.243902
 197.666667, 7.443508, 0.696459, 1.470489, 2.241147
 182.666667, 8.330292, 0.773723, 1.702555, 2.538321
 183.333333, 6.729091, 0.665455, 1.552727, 2.274545
 189.666667, 9.611599, 0.817223, 1.381371, 2.258348
50
 0.250000, 6.000000, 0.000000, 1.000000, 2.000000
 166.000000, 8.923695, 0.947791, 1.598394, 2.608434
 170.333333, 8.544031, 0.749511, 1.277886, 2.095890
 186.000000, 9.100358, 0.808244, 1.455197, 2.313620
 182.333333, 9.793419, 0.941499, 1.665448, 2.663620
 189.000000, 8.243386, 0.918871, 1.622575, 2.594356
 180.000000, 7.422222, 0.664815, 1.631481, 2.366667
 159.000000, 6.587002, 0.626834, 1.507338, 2.182390
 167.333333, 7.659363, 0.737052, 1.442231, 2.239044
 169.666667, 7.096267, 0.652259, 1.487230, 2.188605
 174.000000, 7.402299, 0.637931, 1.383142, 2.068966
 176.333333, 6.793951, 0.633270, 1.604915, 2.296786
 167.333333, 8.019920, 0.754980, 1.280876, 2.085657
 182.333333, 7.694698, 0.850091, 1.486289, 2.387569
 172.666667, 7.127413, 0.785714, 1.391892, 2.227799
 187.333333, 7.909253, 0.731317, 1.514235, 2.304270
 188.333333, 7.522124, 0.600000, 1.506195, 2.164602
 187.333333, 7.569395, 0.793594, 1.517794, 2.370107
 175.333333, 6.933460, 0.688213, 1.555133, 2.294677
 173.666667, 7.717850, 0.798464, 1.468330, 2.320537
51
 0.250000, 1.000000, 0.000000, 1.000000, 2.000000
 165.333333, 8.987903, 0.977823, 1.703629, 2.737903
 160.000000, 8.518750, 0.779167, 1.402083, 2.252083
 188.666667, 8.077739, 0.768551, 1.450530, 2.266784
 169.333333, 8.017717, 0.862205, 1.625984, 2.535433
 200.666667, 8.845515, 0.893688, 1.521595, 2.470100
 191.000000, 7.991274, 0.739965, 1.472949, 2.277487
 180.666667, 8.942804, 0.747232, 1.391144, 2.191882
 181.000000, 7.766114, 0.688766, 1.366483, 2.099448
 162.000000, 7.325103, 0.718107, 1.530864, 2.320988
 167.333333, 7.213147, 0.645418, 1.396414, 2.097610
 164.333333, 6.979716, 0.645030, 1.728195, 2.448276
 155.000000, 7.266667, 0.713978, 1.376344, 2.144086
 198.000000, 8.218855, 0.776094, 1.409091, 2.237374
 173.000000, 7.928709, 0.637765, 1.472062, 2.169557
 193.000000, 8.160622, 0.697755, 1.461140, 2.210708
 179.333333, 7.468401, 0.600372, 1.542751, 2.213755
 188.666667, 8.169611, 0.757951, 1.600707, 2.418728
 191.666667, 8.000000, 0.676522, 1.476522, 2.200000
 176.333333, 7.478261, 0.799622, 1.491493, 2.359168
52
 0.250000, 3.000000, 0.000000, 1.000000, 2.000000
 167.666667, 8.775348, 1.103380, 1.554672, 2.719682
 161.000000, 8.763975, 0.792961, 1.358178, 2.211180
 196.000000, 8.431973, 0.717687, 1.404762, 2.166667
 171.666667, 8.714563, 0.879612, 1.798058, 2.737864
 187.000000, 9.415330, 0.860963, 1.559715, 2.479501
 174.666667, 8.116412, 0.774809, 1.700382, 2.526718
 170.333333, 8.056751, 0.665362, 1.401174, 2.150685
 166.000000, 7.411647, 0.722892, 1.445783, 2.236948
 187.333333, 7.396797, 0.677936, 1.407473, 2.144128
 179.000000, 8.234637, 0.633147, 1.409683, 2.104283
 170.000000, 7.560784, 0.719608, 1.682353, 2.464706
 174.666667, 8.053435, 0.681298, 1.326336, 2.059160
 191.333333, 8.831010, 0.982578, 1.494774, 2.540070
 169.666667, 6.611002, 0.671906, 1.512770, 2.247544
 154.666667, 7.284483, 0.640086, 1.484914, 2.170259
 174.000000, 7.300766, 0.611111, 1.501916, 2.183908
 188.000000, 8.700355, 0.909574, 1.611702, 2.581560
 185.333333, 7.721223, 0.690647, 1.609712, 2.357914
 179.000000, 7.700186, 0.798883, 1.381750, 2.240223
53
 0.250000, 4.000000, 0.000000, 0.000000, 1.000000
 157.333333, 9.411017, 1.052966, 1.686441, 2.832627
 167.666667, 7.731610, 0.791252, 1.379722, 2.220676
 193.000000, 8.053541, 0.787565, 1.478411, 2.357513
 166.333333, 7.995992, 0.827655, 1.795591, 2.671343
 190.666667, 9.050699, 0.791958, 1.599650, 2.452797
 179.666667, 7.536178, 0.743970, 1.623377, 2.430427
 182.666667, 8.708029, 0.627737, 1.401460, 2.094891
 164.000000, 8.042683, 0.725610, 1.477642, 2.262195
 176.666667, 7.983019, 0.707547, 1.418868, 2.177358
 179.333333, 7.555762, 0.596654, 1.403346, 2.061338
 184.000000, 7.753623, 0.699275, 1.639493, 2.391304
 164.666667, 8.093117, 0.742915, 1.311741, 2.115385
 181.333333, 7.626838, 0.911765, 1.435662, 2.430147
 181.333333, 7.487132, 0.669118, 1.459559, 2.189338
 186.333333, 7.864043, 0.667263, 1.438283, 2.148479
 182.333333, 7.468007, 0.667276, 1.561243, 2.301645
 190.333333, 9.224168, 0.872154, 1.619965, 2.548161
 180.333333, 7.177449, 0.676525, 1.530499, 2.273567
 162.000000, 7.082305, 0.786008, 1.440329, 2.300412
54
 0.250000, 6.000000, 0.000000, 0.000000, 1.000000
 182.666667, 9.602190, 1.182482, 1.594891, 2.844891
 190.666667, 8.388112, 0.760490, 1.407343, 2.215035
 197.666667, 9.241147, 0.784148, 1.487352, 2.335582
 157.000000, 7.985138, 0.808917, 1.842887, 2.719745
 166.000000, 7.805221, 0.777108, 1.596386, 2.427711
 188.333333, 8.688496, 0.741593, 1.642478, 2.438938
 170.666667, 7.710938, 0.689453, 1.398438, 2.148438
 170.666667, 8.154297, 0.732422, 1.490234, 2.273438
 169.000000, 7.901381, 0.739645, 1.562130, 2.360947
 167.333333, 6.623506, 0.645418, 1.527888, 2.235060
 180.000000, 7.003704, 0.683333, 1.737037, 2.470370
 161.666667, 7.975258, 0.698969, 1.321649, 2.076289
 184.000000, 6.579710, 0.775362, 1.414855, 2.237319
 182.000000, 8.031136, 0.701465, 1.401099, 2.164835
 187.333333, 7.669039, 0.685053, 1.423488, 2.174377
 186.666667, 7.919643, 0.667857, 1.530357, 2.260714
 179.000000, 7.381750, 0.754190, 1.571695, 2.398510
 186.666667, 7.514286, 0.683929, 1.591071, 2.337500
 176.666667, 8.516981, 0.758491, 1.447170, 2.277358
55
 0.250000, 6.000000, 0.000000, 0.000000, 1.000000
 165.000000, 9.036364, 1.076768, 1.618182, 2.755556
 175.000000, 8.512381, 0.784762, 1.400000, 2.249524
 184.666667, 8.317690, 0.702166, 1.447653, 2.209386
 169.000000, 8.315582, 0.897436, 1.704142, 2.654832
 185.666667, 8.827648, 0.906643, 1.596050, 2.556553
 184.333333, 7.385172, 0.716094, 1.627486, 2.399638
 183.000000, 7.664845, 0.675774, 1.369763, 2.100182
 180.666667, 8.822878, 0.699262, 1.392989, 2.153137
 167.000000, 6.670659, 0.696607, 1.497006, 2.243513
 175.666667, 7.685009, 0.721063, 1.404175, 2.193548
 180.000000, 7.233333, 0.698148, 1.683333, 2.437037
 155.666667, 7.280514, 0.719486, 1.359743, 2.124197
 181.666667, 7.612844, 0.774312, 1.422018, 2.251376
 190.333333, 6.903678, 0.670753, 1.423818, 2.145359
 174.666667, 7.370229, 0.671756, 1.503817, 2.234733
 168.333333, 6.368317, 0.663366, 1.659406, 2.394059
 167.666667, 7.679920, 0.675944, 1.697813, 2.437376
 186.000000, 8.198925, 0.664875, 1.584229, 2.297491
 153.000000, 7.124183, 0.838780, 1.490196, 2.387800
56
 0.250000, 4.000000, 0.000000, 0.000000, 1.000000
 173.333333, 10.213462, 1.205769, 1.671154, 2.965385
 160.666667, 7.923237, 0.784232, 1.385892, 2.221992
 190.000000, 8.933333, 0.761404, 1.508772, 2.321053
 150.333333, 7.235033, 0.849224, 1.829268, 2.751663
 179.000000, 8.340782, 0.824953, 1.506518, 2.385475
 193.333333, 8.012069, 0.677586, 1.505172, 2.229310
 170.333333, 7.610568, 0.681018, 1.475538, 2.211350
 174.666667, 8.131679, 0.690840, 1.419847, 2.156489
 175.333333, 8.095057, 0.657795, 1.486692, 2.199620
 176.666667, 8.143396, 0.632075, 1.494340, 2.190566
 165.000000, 7.327273, 0.658586, 1.743434, 2.462626
 154.333333, 8.043197, 0.773218, 1.367171, 2.194384
 182.666667, 7.744526, 0.740876, 1.454380, 2.251825
 176.333333, 7.158790, 0.657845, 1.421550, 2.156900
 185.333333, 7.658273, 0.667266, 1.429856, 2.151079
 182.666667, 7.177007, 0.631387, 1.507299, 2.182482
 181.000000, 6.629834, 0.714549, 1.648250, 2.429098
 181.333333, 7.591912, 0.687500, 1.584559, 2.325368
 174.000000, 8.455939, 0.768199, 1.505747, 2.340996
57
 0.250000, 2.000000, 0.000000, 0.000000, 1.000000
 169.666667, 9.844794, 1.141454, 1.673870, 2.895874
 182.333333, 8.696527, 0.822669, 1.365631, 2.241316
 177.666667, 8.607880, 0.787992, 1.544090, 2.382739
 184.666667, 9.227437, 0.864621, 1.774368, 2.689531
 189.000000, 9.151675, 0.768959, 1.597884, 2.428571
 195.333333, 8.298635, 0.771331, 1.476109, 2.298635
 179.666667, 8.380334, 0.660482, 1.333952, 2.053803
 171.666667, 8.654369, 0.741748, 1.458252, 2.264078
 154.666667, 6.547414, 0.713362, 1.592672, 2.355603
 184.000000, 7.630435, 0.679348, 1.385870, 2.130435
 189.000000, 7.012346, 0.694885, 1.691358, 2.439153
 167.000000, 8.051896, 0.752495, 1.321357, 2.127745
 186.000000, 8.306452, 0.897849, 1.388889, 2.340502
 193.666667, 7.239243, 0.710843, 1.425129, 2.179002
 190.000000, 7.664912, 0.731579, 1.415789, 2.196491
 175.666667, 7.846300, 0.647059, 1.506641, 2.222011
 187.666667, 8.207815, 0.760213, 1.605684, 2.431616
 196.666667, 8.166102, 0.686441, 1.459322, 2.206780
 184.333333, 9.562387, 0.998192, 1.448463, 2.509946
58
 0.250000, 1.000000, 0.000000, 0.000000, 1.000000
 167.666667, 9.725646, 1.184891, 1.679920, 2.972167
 176.666667, 7.915094, 0.745283, 1.350943, 2.147170
 179.000000, 8.176909, 0.709497, 1.422719, 2.193669
 170.333333, 8.311155, 0.747554, 1.665362, 2.465753
 172.666667, 7.916988, 0.810811, 1.648649, 2.552124
 178.000000, 7.769663, 0.676030, 1.700375, 2.426966
 193.666667, 8.583477, 0.671256, 1.335628, 2.068847
 178.666667, 7.501866, 0.671642, 1.449627, 2.182836
 177.000000, 7.969868, 0.672316, 1.401130, 2.141243
 159.000000, 7.350105, 0.708595, 1.450734, 2.218029
 172.666667, 7.212355, 0.675676, 1.664093, 2.411197
 163.333333, 7.753061, 0.765306, 1.379592, 2.202041
 183.666667, 7.836661, 0.702359, 1.462795, 2.212341
 190.666667, 7.744755, 0.650350, 1.447552, 2.148601
 192.333333, 7.752166, 0.670711, 1.438475, 2.155979
 182.333333, 7.910420, 0.687386, 1.603291, 2.349177
 183.666667, 7.215971, 0.740472, 1.578947, 2.364791
 180.000000, 7.574074, 0.716667, 1.511111, 2.298148
 167.666667, 7.741551, 0.757455, 1.463221, 2.290258
59
 0.250000, 0.000000, 0.000000, 3.000000, 3.000000
 173.333333, 9.825000, 0.969231, 1.644231, 2.746154
 168.333333, 7.831683, 0.778218, 1.354455, 2.184158
 187.666667, 7.676732, 0.717584, 1.518650, 2.310835
 158.000000, 7.373418, 0.776371, 1.717300, 2.567511
 184.666667, 8.669675, 0.745487, 1.518051, 2.317690
 191.666667, 6.892174, 0.711304, 1.579130, 2.346087
 191.666667, 7.678261, 0.606957, 1.389565, 2.045217
 161.000000, 7.020704, 0.674948, 1.492754, 2.219462
 178.666667, 7.917910, 0.714552, 1.421642, 2.190299
 168.666667, 6.855731, 0.658103, 1.359684, 2.069170
 180.666667, 7.728782, 0.671587, 1.710332, 2.428044
 165.666667, 7.356137, 0.690141, 1.368209, 2.106640
 184.333333, 7.283906, 0.846293, 1.417722, 2.320072
 175.666667, 7.762808, 0.685009, 1.406072, 2.144213
 191.000000, 8.778360, 0.657941, 1.488656, 2.212914
 189.333333, 7.584507, 0.647887, 1.552817, 2.255282
 177.000000, 7.148776, 0.779661, 1.651601, 2.480226
 181.333333, 7.455882, 0.704044, 1.569853, 2.327206
 183.000000, 7.642987, 0.846995, 1.433515, 2.344262
60
 0.250000, 1.000000, 0.000000, 1.000000, 1.000000
 166.333333, 9.755511, 1.094188, 1.633267, 2.833667
 170.333333, 7.765166, 0.718200, 1.352250, 2.117417
 184.333333, 8.925859, 0.781193, 1.414105, 2.253165
 180.333333, 9.219963, 0.789279, 1.475046, 2.329020
 171.666667, 7.844660, 0.755340, 1.646602, 2.493204
 171.000000, 7.105263, 0.723197, 1.651072, 2.440546
 169.666667, 7.793713, 0.679764, 1.447937, 2.182711
 172.000000, 8.195736, 0.701550, 1.405039, 2.153101
 168.666667, 7.227273, 0.711462, 1.531621, 2.294466
 168.333333, 7.277228, 0.629703, 1.439604, 2.128713
 173.333333, 7.328846, 0.642308, 1.719231, 2.432692
 158.000000, 9.143460, 0.854430, 1.322785, 2.223629
 169.333333, 7.797244, 0.736220, 1.525591, 2.320866
 187.666667, 8.143872, 0.698046, 1.392540, 2.140320
 179.333333, 7.975836, 0.680297, 1.520446, 2.265799
 177.000000, 7.480226, 0.670433, 1.548023, 2.273070
 182.333333, 7.619744, 0.771481, 1.586837, 2.425960
 196.000000, 8.238095, 0.647959, 1.428571, 2.134354
 160.333333, 7.110187, 0.725572, 1.440748, 2.226611
61
 0.250000, 0.000000, 0.000000, 2.000000, 2.000000
 193.666667, 10.516351, 0.969019, 1.571429, 2.598967
 179.333333, 7.808550, 0.778810, 1.349442, 2.191450
 181.333333, 8.001838, 0.768382, 1.505515, 2.334559
 182.000000, 7.963370, 0.880952, 1.677656, 2.606227
 174.333333, 7.824092, 0.743786, 1.600382, 2.395793
 197.666667, 8.617201, 0.657673, 1.505902, 2.215852
 175.333333, 7.606464, 0.640684, 1.435361, 2.119772
 162.000000, 7.271605, 0.683128, 1.454733, 2.191358
 173.333333, 8.353846, 0.753846, 1.438462, 2.244231
 168.000000, 6.946429, 0.644841, 1.430556, 2.121032
 175.666667, 7.212524, 0.728653, 1.800759, 2.582543
 158.666667, 7.256303, 0.668067, 1.390756, 2.105042
 188.333333, 7.555752, 0.888496, 1.366372, 2.304425
 177.666667, 8.157598, 0.716698, 1.444653, 2.212008
 183.666667, 7.921960, 0.662432, 1.430127, 2.139746
 184.000000, 7.675725, 0.664855, 1.474638, 2.186594
 187.333333, 8.220641, 0.839858, 1.576512, 2.492883
 186.000000, 7.679211, 0.724014, 1.510753, 2.281362
 182.333333, 8.678245, 0.939671, 1.455210, 2.449726
62
 0.250000, 25.000000, 0.000000, 3.000000, 3.000000
 176.000000, 10.522727, 1.039773, 1.606061, 2.729167
 169.333333, 7.690945, 0.765748, 1.366142, 2.212598
 189.666667, 7.903339, 0.722320, 1.428822, 2.198594
 174.333333, 8.969407, 0.938815, 1.583174, 2.585086
 197.666667, 8.735245, 0.903879, 1.532884, 2.489039
 183.666667, 8.049002, 0.753176, 1.702359, 2.508167
 177.000000, 7.419962, 0.649718, 1.384181, 2.092279
 166.000000, 6.923695, 0.672691, 1.427711, 2.150602
 176.000000, 6.863636, 0.657197, 1.390152, 2.102273
 175.666667, 6.888046, 0.669829, 1.440228, 2.159393
 190.333333, 7.541156, 0.684764, 1.609457, 2.341506
 169.333333, 7.492126, 0.777559, 1.269685, 2.098425
 174.000000, 6.750958, 0.795019, 1.421456, 2.270115
 175.000000, 7.539048, 0.630476, 1.447619, 2.142857
 204.333333, 8.262643, 0.750408, 1.342577, 2.141925
 185.000000, 7.845045, 0.681081, 1.576577, 2.324324
 190.000000, 8.059649, 0.717544, 1.503509, 2.266667
 193.666667, 7.648881, 0.685026, 1.423408, 2.160069
 174.333333, 7.973231, 0.803059, 1.499044, 2.363289
63
 0.250000, 0.000000, 0.000000, 1.000000, 2.000000
 168.666667, 9.853755, 1.106719, 1.695652, 2.867589
 179.000000, 8.201117, 0.690875, 1.391061, 2.134078
 174.666667, 8.503817, 0.732824, 1.498092, 2.282443
 158.666667, 8.439076, 0.951681, 1.722689, 2.737395
 172.333333, 8.214700, 0.860735, 1.671180, 2.605416
 182.000000, 6.967033, 0.761905, 1.670330, 2.498168
 182.000000, 7.604396, 0.620879, 1.430403, 2.115385
 170.333333, 7.839530, 0.786693, 1.446184, 2.322896
 171.000000, 7.898635, 0.641326, 1.467836, 2.163743
 180.000000, 7.716667, 0.662963, 1.446296, 2.172222
 187.666667, 8.667851, 0.731794, 1.639432, 2.417407
 161.333333, 8.092975, 0.702479, 1.318182, 2.080579
 178.333333, 7.646729, 0.745794, 1.465421, 2.263551
 187.333333, 8.375445, 0.745552, 1.345196, 2.151246
 190.000000, 8.338596, 0.724561, 1.417544, 2.200000
 172.333333, 6.974855, 0.644101, 1.607350, 2.307544
 189.000000, 8.603175, 0.823633, 1.604938, 2.492063
 178.666667, 7.292910, 0.671642, 1.539179, 2.259328
 165.666667, 7.378270, 0.800805, 1.462777, 2.336016
Histogram
2 0 0 0 0 0 0 0 0 0 10 0 0 0 0 0 0 0 0 5 73 282 342 194 146 71 34 31 29 9 13 3 0 0 0 0 0 0 0 0 0 0 0 0 0 0 0 0 0 0 0 0 0 0 0 0 0 0 0 0 2 0 0 0 0 0 0 0 0 0 0 0 0 0 0 0 0 0 0 0 2 0 0 0 0 0 0 0 0 0 0 0 0 0 0 0 0 0 0 0 2 0 0 0 0 0 0 0 0 0 2 0 0 0 0 0 0 0 0 28 
Cache Miss Ratio
NaN
numOfSets
675555
numOfGets
0
numOfMultiGets
0
