20
0
 0.200000, 3.000000, 0.000000, 6.000000, 32.000000
 330.000000, 10.010101, 0.898990, 1.474747, 2.430303
 380.666667, 9.185639, 0.805604, 1.363398, 2.222417
 342.000000, 8.349903, 0.757310, 1.407407, 2.218324
 390.333333, 10.063194, 0.777968, 1.326217, 2.149445
 387.333333, 10.238382, 0.824441, 1.240103, 2.110155
 372.666667, 10.584079, 0.757603, 1.294275, 2.103757
 366.333333, 10.003640, 0.847134, 1.397634, 2.292084
 361.333333, 9.835793, 0.896679, 1.383764, 2.323801
 332.000000, 10.317269, 0.887550, 1.277108, 2.205823
 352.000000, 9.488636, 0.814394, 1.289773, 2.148674
 332.000000, 9.224900, 0.759036, 1.178715, 1.980924
 355.666667, 9.996251, 0.803187, 1.289597, 2.143393
 329.666667, 10.043478, 0.921132, 1.306370, 2.274014
 332.666667, 9.815631, 0.844689, 1.333667, 2.225451
 342.000000, 8.728070, 0.787524, 1.269981, 2.099415
 367.333333, 10.894737, 0.829401, 1.216878, 2.100726
 325.000000, 9.863590, 0.804103, 1.335385, 2.184615
 341.333333, 10.921875, 0.905273, 1.326172, 2.286133
 332.000000, 10.038153, 0.854418, 1.200803, 2.103414
1
 0.200000, 3.000000, 0.000000, 8.000000, 29.000000
 342.000000, 10.005848, 0.972710, 1.411306, 2.439571
 386.000000, 9.569948, 0.806563, 1.356649, 2.211572
 364.666667, 9.729433, 0.765996, 1.359232, 2.178245
 384.666667, 9.391681, 0.799827, 1.319757, 2.166378
 370.666667, 9.855216, 0.840827, 1.309353, 2.194245
 365.333333, 9.281022, 0.777372, 1.298358, 2.121350
 366.000000, 10.229508, 0.878871, 1.393443, 2.323315
 352.666667, 9.583176, 0.927221, 1.417769, 2.392250
 337.333333, 10.203557, 0.834980, 1.239130, 2.129447
 356.000000, 9.187266, 0.785581, 1.242509, 2.074906
 330.000000, 9.196970, 0.755556, 1.171717, 1.969697
 367.000000, 10.264305, 0.807448, 1.280654, 2.144414
 333.333333, 10.464000, 0.930000, 1.298000, 2.295000
 330.333333, 9.095863, 0.764884, 1.285570, 2.095863
 342.333333, 9.593963, 0.783836, 1.255112, 2.104187
 357.000000, 9.987862, 0.882353, 1.218487, 2.149393
 336.333333, 9.926660, 0.812686, 1.274529, 2.130823
 347.333333, 10.620921, 0.920345, 1.285029, 2.253359
 328.666667, 9.866126, 0.810345, 1.196755, 2.050710
2
 0.200000, 2.000000, 2.000000, 22.000000, 31.000000
 359.666667, 10.754402, 0.923077, 1.399444, 2.368860
 377.000000, 9.403183, 0.839965, 1.380195, 2.267905
 369.000000, 9.823848, 0.811201, 1.331527, 2.189702
 381.000000, 9.544182, 0.764654, 1.322835, 2.136483
 386.666667, 10.655172, 0.856897, 1.270690, 2.176724
 353.666667, 9.568332, 0.786993, 1.368520, 2.212064
 372.000000, 9.638889, 0.835125, 1.341398, 2.218638
 356.333333, 9.979420, 0.890552, 1.415341, 2.359214
 328.333333, 9.983756, 0.815228, 1.289340, 2.165482
 355.666667, 9.683224, 0.806935, 1.278351, 2.125586
 326.333333, 9.075587, 0.755873, 1.189990, 1.993871
 357.666667, 10.341100, 0.798695, 1.337372, 2.182665
 340.666667, 10.619374, 0.937378, 1.288650, 2.284736
 334.000000, 9.490020, 0.816367, 1.283433, 2.154691
 342.333333, 9.556962, 0.833496, 1.289192, 2.180136
 351.333333, 9.499051, 0.871917, 1.249526, 2.174573
 333.333333, 10.190000, 0.811000, 1.315000, 2.174000
 360.333333, 11.280296, 1.024052, 1.289547, 2.356152
 323.666667, 9.872297, 0.821833, 1.234809, 2.101957
3
 0.200000, 3.000000, 7.000000, 20.000000, 30.000000
 356.666667, 10.657009, 0.932710, 1.409346, 2.401869
 382.666667, 9.279617, 0.781359, 1.378920, 2.202091
 366.666667, 9.650909, 0.763636, 1.320909, 2.130909
 383.333333, 9.540870, 0.784348, 1.340000, 2.170435
 399.666667, 11.050876, 0.864887, 1.236864, 2.145121
 368.000000, 9.822464, 0.759964, 1.314312, 2.118659
 378.333333, 10.009692, 0.866079, 1.370925, 2.282819
 367.666667, 10.337262, 0.893926, 1.388033, 2.323663
 338.666667, 10.018701, 0.853346, 1.225394, 2.129921
 353.333333, 9.746226, 0.810377, 1.286792, 2.141509
 325.333333, 9.698770, 0.786885, 1.195697, 2.032787
 374.000000, 10.225490, 0.782531, 1.277184, 2.108734
 319.333333, 10.789144, 0.891441, 1.354906, 2.295407
 331.000000, 9.413897, 0.871098, 1.306143, 2.227593
 338.666667, 8.954724, 0.819882, 1.287402, 2.151575
 364.666667, 10.088665, 0.792505, 1.206581, 2.047532
 335.666667, 10.122145, 0.845084, 1.290963, 2.189672
 352.000000, 11.260417, 0.978220, 1.323864, 2.352273
 337.000000, 10.144411, 0.836795, 1.194857, 2.082097
4
 0.200000, 3.000000, 7.000000, 4.000000, 29.000000
 337.666667, 10.581441, 0.957552, 1.463968, 2.483712
 390.666667, 9.858362, 0.817406, 1.352389, 2.210751
 362.333333, 9.612695, 0.779209, 1.366145, 2.204232
 385.666667, 9.439931, 0.764909, 1.341400, 2.150389
 371.333333, 9.484740, 0.834829, 1.304309, 2.186715
 361.666667, 9.765899, 0.766820, 1.343779, 2.166820
 370.333333, 10.230423, 0.828083, 1.393339, 2.273627
 364.000000, 10.133700, 0.917582, 1.384615, 2.351648
 339.666667, 10.440628, 0.862610, 1.237488, 2.153091
 343.666667, 9.487876, 0.790495, 1.300679, 2.147430
 331.666667, 9.958794, 0.787940, 1.172864, 2.007035
 363.000000, 10.317723, 0.810836, 1.292929, 2.152433
 327.333333, 9.531568, 0.908350, 1.303462, 2.253564
 319.666667, 9.206465, 0.790407, 1.346194, 2.186653
 337.666667, 8.895360, 0.812438, 1.292201, 2.149062
 357.666667, 10.050326, 0.859273, 1.223672, 2.130475
 336.000000, 10.147817, 0.851190, 1.281746, 2.182540
 333.333333, 10.898000, 0.983000, 1.362000, 2.402000
 341.333333, 10.491211, 0.830078, 1.193359, 2.066406
5
 0.200000, 0.000000, 10.000000, 20.000000, 52.000000
 339.666667, 10.312071, 0.935231, 1.430815, 2.427870
 376.666667, 9.271681, 0.830088, 1.386726, 2.260177
 370.666667, 9.334532, 0.767986, 1.291367, 2.109712
 385.333333, 9.749135, 0.794118, 1.348616, 2.188581
 369.000000, 9.813911, 0.831075, 1.290876, 2.167118
 380.666667, 9.931699, 0.745184, 1.287215, 2.083187
 365.333333, 9.986314, 0.860401, 1.360401, 2.270985
 357.000000, 10.286648, 0.904762, 1.398693, 2.352007
 320.333333, 9.645161, 0.872008, 1.294485, 2.220604
 347.333333, 8.531670, 0.789827, 1.278311, 2.108445
 328.000000, 8.688008, 0.791667, 1.167683, 2.006098
 359.666667, 9.733086, 0.783133, 1.311399, 2.139944
 326.666667, 10.213265, 0.885714, 1.314286, 2.259184
 329.333333, 9.369433, 0.771255, 1.309717, 2.132591
 348.000000, 9.756705, 0.837165, 1.271073, 2.156130
 364.666667, 9.728519, 0.779707, 1.191956, 2.020110
 324.666667, 9.890144, 0.793634, 1.313142, 2.161191
 346.000000, 10.474952, 0.936416, 1.321773, 2.318882
 313.333333, 9.962766, 0.809574, 1.246809, 2.109574
6
 0.200000, 3.000000, 3.000000, 15.000000, 22.000000
 339.666667, 10.935231, 0.970559, 1.491658, 2.526987
 391.333333, 10.128620, 0.833901, 1.346678, 2.229131
 360.666667, 8.911275, 0.776340, 1.315157, 2.133087
 391.333333, 9.357751, 0.800681, 1.313458, 2.156729
 372.000000, 9.812724, 0.838710, 1.309140, 2.187276
 375.333333, 9.939609, 0.799290, 1.306394, 2.148313
 371.000000, 10.289308, 0.880503, 1.375562, 2.301887
 350.333333, 9.990485, 0.897241, 1.416746, 2.362512
 334.333333, 9.916251, 0.854437, 1.263210, 2.157527
 355.333333, 9.477486, 0.775797, 1.254221, 2.072233
 322.666667, 9.815083, 0.778926, 1.204545, 2.030992
 343.000000, 9.155491, 0.745384, 1.348882, 2.144801
 333.666667, 10.119880, 0.895105, 1.296703, 2.240759
 325.333333, 8.974385, 0.765369, 1.319672, 2.150615
 333.666667, 9.661339, 0.834166, 1.323676, 2.212787
 361.000000, 10.082179, 0.805171, 1.239151, 2.096953
 309.666667, 9.852530, 0.838536, 1.261572, 2.159311
 336.333333, 10.394450, 0.925669, 1.367691, 2.343905
 354.333333, 10.940734, 0.852305, 1.145814, 2.043274
7
 0.200000, 3.000000, 4.000000, 1.000000, 7.000000
 349.333333, 10.458015, 0.936069, 1.405534, 2.419847
 383.333333, 9.398261, 0.863478, 1.363478, 2.270435
 364.666667, 9.244059, 0.765082, 1.319927, 2.139854
 390.000000, 10.194872, 0.787179, 1.336752, 2.166667
 385.000000, 10.566234, 0.841558, 1.232900, 2.122078
 372.333333, 9.660698, 0.765443, 1.290958, 2.108326
 374.666667, 10.225979, 0.834520, 1.355872, 2.236655
 352.333333, 9.392621, 0.903500, 1.421003, 2.380322
 348.666667, 10.604207, 0.887189, 1.239962, 2.175908
 362.333333, 9.772769, 0.797608, 1.247470, 2.086477
 329.666667, 8.978766, 0.784631, 1.187058, 2.016178
 375.333333, 10.297513, 0.829485, 1.241563, 2.121670
 334.666667, 10.450199, 0.896414, 1.275896, 2.226096
 329.000000, 9.606890, 0.866261, 1.317123, 2.231003
 347.333333, 8.991363, 0.809021, 1.276392, 2.135317
 355.333333, 10.342402, 0.833959, 1.215760, 2.103189
 339.000000, 10.099312, 0.838741, 1.287119, 2.175025
 338.000000, 10.896450, 0.995069, 1.320513, 2.366864
 323.333333, 10.131959, 0.870103, 1.206186, 2.127835
8
 0.200000, 1.000000, 4.000000, 6.000000, 28.000000
 334.666667, 10.585657, 0.960159, 1.472112, 2.494024
 382.000000, 8.924956, 0.821990, 1.367365, 2.232112
 366.666667, 9.091818, 0.761818, 1.305455, 2.124545
 390.666667, 10.137372, 0.779010, 1.333618, 2.160410
 388.333333, 10.336481, 0.839485, 1.262661, 2.149356
 360.333333, 9.875116, 0.801110, 1.341351, 2.189639
 368.000000, 10.265399, 0.846920, 1.382246, 2.280797
 357.666667, 10.030755, 0.904939, 1.413793, 2.366263
 339.000000, 9.733530, 0.863324, 1.260570, 2.167158
 360.000000, 9.388889, 0.809259, 1.243519, 2.095370
 328.000000, 9.842480, 0.741870, 1.180894, 1.967480
 365.666667, 10.094804, 0.790337, 1.308113, 2.150410
 328.666667, 9.926978, 0.896552, 1.294118, 2.243408
 328.666667, 8.930020, 0.838742, 1.309331, 2.194726
 338.333333, 9.453202, 0.818719, 1.309360, 2.174384
 364.333333, 10.445563, 0.818847, 1.214090, 2.078683
 328.333333, 10.112690, 0.811168, 1.297462, 2.153299
 330.333333, 9.900101, 0.892028, 1.332997, 2.282543
 328.666667, 10.203854, 0.865112, 1.208925, 2.129817
9
 0.200000, 2.000000, 22.000000, 0.000000, 27.000000
 331.000000, 10.039275, 0.934542, 1.492447, 2.495468
 378.666667, 8.831866, 0.816021, 1.367958, 2.234155
 369.000000, 9.076784, 0.757001, 1.335140, 2.138211
 387.333333, 9.851119, 0.799484, 1.337349, 2.178141
 376.000000, 10.206560, 0.872340, 1.293440, 2.215426
 374.000000, 10.051693, 0.776292, 1.294118, 2.114973
 399.000000, 10.935673, 0.908104, 1.316625, 2.269006
 349.666667, 10.190658, 0.884652, 1.409914, 2.340324
 332.000000, 10.353414, 0.863454, 1.250000, 2.168675
 363.333333, 9.544954, 0.810092, 1.250459, 2.101835
 333.333333, 10.216000, 0.752000, 1.168000, 1.966000
 359.666667, 9.821131, 0.811863, 1.309546, 2.173309
 320.666667, 9.965696, 0.911642, 1.336798, 2.300416
 325.333333, 9.387295, 0.798156, 1.328893, 2.175205
 342.000000, 9.551657, 0.787524, 1.284600, 2.120858
 368.666667, 10.217902, 0.807414, 1.209765, 2.059675
 331.000000, 9.884189, 0.816717, 1.290030, 2.150050
 333.666667, 10.717283, 0.967033, 1.387612, 2.407592
 330.333333, 10.203835, 0.819374, 1.221998, 2.082745
10
 0.200000, 0.000000, 24.000000, 4.000000, 42.000000
 361.333333, 10.827491, 0.951107, 1.382841, 2.385609
 386.333333, 9.517688, 0.835203, 1.355479, 2.243313
 373.000000, 9.563003, 0.730116, 1.284182, 2.058981
 389.000000, 9.888603, 0.810626, 1.315338, 2.175664
 379.666667, 10.753292, 0.803336, 1.271291, 2.127305
 372.000000, 9.752688, 0.771505, 1.293011, 2.109319
 379.000000, 10.150396, 0.861038, 1.348285, 2.256816
 367.666667, 10.493200, 0.922937, 1.362647, 2.338169
 332.333333, 10.418255, 0.864594, 1.287864, 2.214644
 352.666667, 9.218336, 0.816635, 1.269376, 2.137051
 325.333333, 9.273566, 0.776639, 1.196721, 2.021516
 345.333333, 9.327220, 0.753861, 1.355212, 2.170849
 324.333333, 9.946557, 0.877698, 1.306269, 2.233299
 331.333333, 9.270624, 0.793763, 1.288732, 2.139839
 349.000000, 9.435530, 0.804202, 1.259790, 2.114613
 363.666667, 9.796517, 0.794684, 1.204400, 2.045830
 309.666667, 9.853606, 0.853606, 1.271259, 2.170075
 340.333333, 10.390793, 0.887365, 1.357493, 2.300686
 331.333333, 10.421529, 0.820926, 1.220322, 2.087525
11
 0.200000, 0.000000, 23.000000, 4.000000, 44.000000
 346.000000, 10.240848, 0.925819, 1.429672, 2.409441
 384.666667, 9.575390, 0.831023, 1.384749, 2.271231
 373.666667, 10.092774, 0.778769, 1.316682, 2.138269
 391.000000, 9.554987, 0.788576, 1.329071, 2.166240
 370.333333, 10.215122, 0.817282, 1.312331, 2.182718
 347.000000, 9.479347, 0.774256, 1.397695, 2.231508
 370.000000, 10.549550, 0.883784, 1.388288, 2.325225
 371.000000, 10.344115, 0.897574, 1.368374, 2.315364
 350.000000, 11.060000, 0.917143, 1.208571, 2.178095
 358.666667, 9.605019, 0.770446, 1.253717, 2.070632
 327.333333, 9.084521, 0.768839, 1.182281, 2.002037
 358.000000, 9.738361, 0.773743, 1.298883, 2.135009
 324.000000, 10.113169, 0.925926, 1.324074, 2.302469
 335.333333, 9.295229, 0.885686, 1.298211, 2.231610
 348.666667, 9.500000, 0.787763, 1.282027, 2.115679
 365.333333, 10.198905, 0.779197, 1.222628, 2.047445
 315.666667, 9.895459, 0.805702, 1.252376, 2.100317
 351.666667, 10.836019, 0.955450, 1.345024, 2.359242
 340.666667, 9.669276, 0.821918, 1.197652, 2.070450
12
 0.200000, 0.000000, 13.000000, 4.000000, 18.000000
 345.000000, 10.077295, 0.915942, 1.424155, 2.398068
 384.000000, 9.454861, 0.834201, 1.401910, 2.279514
 367.000000, 9.172570, 0.781108, 1.306994, 2.139873
 391.666667, 9.599149, 0.775319, 1.322553, 2.146383
 371.000000, 10.443845, 0.844564, 1.311770, 2.207547
 376.333333, 9.958370, 0.772365, 1.284322, 2.106289
 376.333333, 10.292294, 0.867139, 1.350753, 2.267493
 359.000000, 9.761374, 0.896007, 1.423398, 2.363045
 329.666667, 9.581395, 0.825076, 1.290192, 2.155713
 358.333333, 9.747907, 0.811163, 1.269767, 2.121860
 320.333333, 9.340271, 0.764828, 1.212279, 2.020812
 358.666667, 9.948885, 0.788104, 1.285316, 2.134758
 324.000000, 10.024691, 0.932099, 1.364198, 2.343621
 328.666667, 8.569980, 0.772819, 1.284990, 2.114604
 342.333333, 9.610516, 0.832522, 1.265823, 2.151899
 367.666667, 10.145059, 0.818676, 1.207616, 2.070716
 339.666667, 10.304220, 0.842002, 1.272816, 2.156035
 342.333333, 10.310613, 0.908471, 1.308666, 2.286271
 326.666667, 9.955102, 0.820408, 1.222449, 2.094898
13
 0.200000, 0.000000, 0.000000, 1.000000, 3.000000
 352.000000, 10.834280, 0.993371, 1.445076, 2.496212
 393.000000, 9.474131, 0.805768, 1.340967, 2.191688
 373.333333, 9.355357, 0.759821, 1.321429, 2.131250
 394.666667, 10.213682, 0.782095, 1.337838, 2.173986
 393.000000, 10.759118, 0.818490, 1.234097, 2.102629
 368.333333, 9.802715, 0.752941, 1.311312, 2.115837
 380.000000, 10.176316, 0.866667, 1.371930, 2.283333
 366.000000, 10.983607, 0.925319, 1.372495, 2.350638
 328.666667, 10.030426, 0.855984, 1.272819, 2.180527
 363.666667, 10.179652, 0.807516, 1.260312, 2.116407
 320.333333, 9.003122, 0.805411, 1.206035, 2.060354
 366.666667, 10.088182, 0.776364, 1.283636, 2.104545
 321.666667, 9.933679, 0.905699, 1.363731, 2.316062
 331.333333, 9.043260, 0.792757, 1.283702, 2.123742
 327.666667, 9.261445, 0.811801, 1.343845, 2.203459
 348.666667, 9.826004, 0.834608, 1.272467, 2.152008
 325.333333, 9.776639, 0.822746, 1.335041, 2.205943
 317.333333, 9.875000, 0.917017, 1.368697, 2.358193
 330.000000, 9.262626, 0.804040, 1.205051, 2.054545
14
 0.200000, 15.000000, 0.000000, 0.000000, 5.000000
 346.000000, 10.394027, 0.932563, 1.406551, 2.411368
 381.666667, 9.607860, 0.797380, 1.383406, 2.226201
 365.333333, 9.401460, 0.764599, 1.340328, 2.148723
 383.000000, 9.799826, 0.794604, 1.343777, 2.192341
 379.666667, 10.532924, 0.819140, 1.308165, 2.169447
 366.000000, 9.797814, 0.764117, 1.320583, 2.133880
 385.666667, 10.278306, 0.886776, 1.351772, 2.288678
 365.333333, 10.436131, 0.930657, 1.386861, 2.368613
 325.666667, 9.558854, 0.837257, 1.282497, 2.160696
 342.000000, 9.522417, 0.791423, 1.318713, 2.154971
 325.666667, 9.479017, 0.745138, 1.202661, 1.994882
 370.000000, 9.911712, 0.782883, 1.290090, 2.117117
 320.333333, 10.233091, 0.918835, 1.339230, 2.310094
 330.000000, 9.649495, 0.794949, 1.318182, 2.165657
 338.666667, 9.172244, 0.803150, 1.287402, 2.135827
 349.666667, 9.232602, 0.761678, 1.248808, 2.058151
 318.666667, 10.506276, 0.803347, 1.265690, 2.115063
 347.000000, 10.434198, 0.931796, 1.342939, 2.322767
 327.000000, 9.954128, 0.837920, 1.242610, 2.125382
15
 0.200000, 14.000000, 0.000000, 0.000000, 3.000000
 335.000000, 10.052736, 0.965174, 1.460697, 2.490547
 398.000000, 9.546064, 0.794807, 1.340034, 2.179229
 356.333333, 8.898971, 0.752105, 1.353601, 2.148737
 386.000000, 9.818653, 0.803109, 1.354059, 2.203800
 371.000000, 10.143756, 0.905660, 1.298293, 2.249775
 365.666667, 9.831358, 0.757521, 1.327256, 2.141294
 367.333333, 10.101633, 0.909256, 1.395644, 2.357532
 354.666667, 9.789474, 0.913534, 1.384398, 2.363722
 331.333333, 10.365191, 0.859155, 1.287726, 2.190141
 351.000000, 8.840456, 0.788224, 1.279202, 2.115859
 335.333333, 9.608350, 0.745527, 1.167992, 1.962227
 350.000000, 9.736190, 0.796190, 1.358095, 2.207619
 321.000000, 10.146417, 0.895119, 1.339564, 2.292835
 328.000000, 9.193089, 0.759146, 1.299797, 2.111789
 343.000000, 9.829932, 0.824101, 1.295432, 2.170068
 358.333333, 9.945116, 0.795349, 1.218605, 2.067907
 325.000000, 9.757949, 0.840000, 1.311795, 2.201026
 340.000000, 11.337255, 0.987255, 1.359804, 2.399020
 322.666667, 9.356405, 0.809917, 1.232438, 2.095041
16
 0.200000, 7.000000, 4.000000, 0.000000, 9.000000
 356.000000, 10.546816, 0.981273, 1.388577, 2.427903
 385.333333, 9.263841, 0.780277, 1.334775, 2.157439
 373.333333, 9.769643, 0.795536, 1.310714, 2.153571
 392.333333, 9.723874, 0.790144, 1.314359, 2.149533
 394.333333, 11.552832, 0.892646, 1.260355, 2.207101
 367.000000, 10.255223, 0.792916, 1.326067, 2.169846
 373.000000, 10.482574, 0.880250, 1.391421, 2.315460
 371.666667, 10.339910, 0.928251, 1.371300, 2.343498
 338.000000, 10.017751, 0.865878, 1.256410, 2.176529
 353.666667, 9.686145, 0.770971, 1.281810, 2.096136
 321.333333, 9.263485, 0.778008, 1.190871, 2.018672
 361.000000, 9.968606, 0.789474, 1.289012, 2.138504
 328.666667, 10.696755, 0.931034, 1.333671, 2.311359
 331.333333, 9.398390, 0.835010, 1.280684, 2.176056
 346.333333, 9.270452, 0.813282, 1.266603, 2.127045
 355.666667, 10.210872, 0.822868, 1.221181, 2.102156
 337.333333, 10.449605, 0.821146, 1.280632, 2.154150
 338.666667, 10.036417, 0.935039, 1.322835, 2.309055
 324.000000, 10.394033, 0.851852, 1.234568, 2.136831
17
 0.200000, 7.000000, 2.000000, 1.000000, 11.000000
 351.000000, 10.223172, 0.930674, 1.411206, 2.395062
 388.000000, 9.571306, 0.807560, 1.330756, 2.203608
 375.000000, 10.262222, 0.768889, 1.293333, 2.112000
 390.666667, 9.756826, 0.785836, 1.332765, 2.167235
 390.666667, 10.953925, 0.814846, 1.265358, 2.126280
 367.333333, 10.326679, 0.784029, 1.303993, 2.141561
 375.000000, 10.006222, 0.859556, 1.382222, 2.291556
 361.666667, 10.357604, 0.935484, 1.379724, 2.364055
 337.666667, 9.678184, 0.849951, 1.224087, 2.124383
 352.333333, 9.492904, 0.753075, 1.263955, 2.058657
 328.333333, 9.294416, 0.798985, 1.192893, 2.034518
 359.000000, 9.864438, 0.774373, 1.299907, 2.131848
 320.333333, 9.854318, 0.861602, 1.320499, 2.237253
 327.666667, 9.602238, 0.790437, 1.328586, 2.168871
 350.333333, 9.553758, 0.835395, 1.268316, 2.156042
 359.000000, 9.864438, 0.839369, 1.223770, 2.109564
 322.000000, 10.197723, 0.806418, 1.343685, 2.198758
 340.666667, 10.760274, 0.917808, 1.361057, 2.338552
 336.333333, 9.891972, 0.828543, 1.177403, 2.049554
18
 0.200000, 3.000000, 2.000000, 6.000000, 13.000000
 353.333333, 10.384906, 0.935849, 1.399057, 2.386792
 388.333333, 9.304721, 0.805150, 1.333906, 2.206009
 361.000000, 9.300092, 0.755309, 1.352724, 2.157895
 384.333333, 9.462272, 0.788378, 1.346921, 2.184735
 382.666667, 10.374564, 0.850174, 1.259582, 2.159408
 366.333333, 9.276615, 0.779800, 1.323021, 2.161965
 367.666667, 10.062557, 0.856754, 1.411605, 2.320036
 349.666667, 10.075310, 0.914204, 1.424214, 2.396568
 331.333333, 10.079477, 0.855131, 1.269618, 2.175050
 353.333333, 9.597170, 0.780189, 1.271698, 2.100000
 322.333333, 9.343330, 0.769390, 1.174767, 1.993795
 378.000000, 10.119048, 0.794533, 1.240741, 2.086420
 328.333333, 9.746193, 0.901523, 1.325888, 2.282234
 323.666667, 8.816684, 0.768280, 1.269825, 2.085479
 339.000000, 9.055064, 0.806293, 1.307768, 2.160275
 328.333333, 9.734010, 0.781726, 1.292386, 2.124873
 330.666667, 10.126008, 0.826613, 1.303427, 2.183468
 352.333333, 10.820246, 0.927152, 1.296121, 2.278146
 329.000000, 10.233029, 0.823708, 1.219858, 2.097264
19
 0.200000, 4.000000, 6.000000, 7.000000, 13.000000
 340.000000, 10.054902, 0.922549, 1.433333, 2.423529
 380.666667, 9.478984, 0.809982, 1.360771, 2.220665
 369.333333, 9.180505, 0.761733, 1.310469, 2.124549
 389.333333, 9.755993, 0.815925, 1.329623, 2.191781
 386.000000, 10.295337, 0.833333, 1.250432, 2.132124
 358.666667, 9.274164, 0.778810, 1.316914, 2.156134
 360.666667, 10.228281, 0.891867, 1.418669, 2.364140
 354.000000, 9.823917, 0.919021, 1.392655, 2.361582
 335.666667, 10.108242, 0.824230, 1.261172, 2.143992
 353.333333, 9.537736, 0.786792, 1.254717, 2.092453
 322.333333, 9.274043, 0.752844, 1.196484, 1.995863
 361.000000, 9.820868, 0.778393, 1.300092, 2.129271
 312.333333, 9.491996, 0.879402, 1.348986, 2.275347
 317.000000, 8.970557, 0.762355, 1.325973, 2.134595
 338.333333, 9.605911, 0.774384, 1.276847, 2.106404
 352.666667, 10.194707, 0.854442, 1.248582, 2.152174
 331.333333, 9.830986, 0.844064, 1.322938, 2.212274
 341.333333, 10.255859, 0.867188, 1.341797, 2.257813
 317.666667, 9.500525, 0.806925, 1.262329, 2.115425
20
 0.200000, 0.000000, 6.000000, 3.000000, 17.000000
 354.000000, 10.565913, 0.943503, 1.395480, 2.392655
 392.333333, 9.949873, 0.803738, 1.350892, 2.203059
 385.666667, 9.878133, 0.756266, 1.263613, 2.062230
 385.333333, 9.816609, 0.783737, 1.339965, 2.169550
 375.666667, 10.870453, 0.858917, 1.273292, 2.179237
 376.666667, 9.900000, 0.768142, 1.289381, 2.106195
 364.666667, 10.240402, 0.882084, 1.403108, 2.340951
 348.000000, 9.785441, 0.915709, 1.428161, 2.390805
 340.333333, 10.416259, 0.835455, 1.231146, 2.109696
 358.000000, 9.502793, 0.774674, 1.280261, 2.094041
 329.333333, 9.493927, 0.766194, 1.172065, 1.980769
 361.000000, 9.653740, 0.789474, 1.303786, 2.143121
 325.333333, 10.099385, 0.939549, 1.324795, 2.318648
 334.000000, 9.251497, 0.750499, 1.291417, 2.086826
 344.000000, 9.781008, 0.857558, 1.316860, 2.224806
 358.333333, 10.338605, 0.843721, 1.206512, 2.094884
 328.333333, 9.697462, 0.836548, 1.349239, 2.232487
 336.000000, 10.114087, 0.892857, 1.325397, 2.266865
 338.333333, 9.502463, 0.818719, 1.195074, 2.059113
21
 0.200000, 0.000000, 6.000000, 2.000000, 17.000000
 347.333333, 10.932821, 0.952975, 1.416507, 2.427063
 388.666667, 9.298456, 0.825043, 1.361063, 2.237564
 363.000000, 8.934803, 0.751148, 1.301194, 2.127640
 378.666667, 9.545775, 0.791373, 1.345070, 2.184859
 372.666667, 10.438283, 0.854204, 1.291592, 2.198569
 365.666667, 9.805834, 0.767548, 1.314494, 2.126709
 366.666667, 10.190909, 0.883636, 1.406364, 2.339091
 354.333333, 9.650988, 0.893697, 1.395108, 2.336783
 330.666667, 10.436492, 0.859879, 1.289315, 2.200605
 337.333333, 9.233202, 0.763834, 1.306324, 2.121542
 328.000000, 9.179878, 0.799797, 1.170732, 2.014228
 358.333333, 10.230698, 0.805581, 1.325581, 2.185116
 327.000000, 9.845056, 0.851172, 1.313965, 2.211009
 324.000000, 9.573045, 0.775720, 1.308642, 2.138889
 361.333333, 10.055351, 0.849631, 1.238930, 2.136531
 361.666667, 9.968664, 0.795392, 1.202765, 2.043318
 330.666667, 9.868952, 0.827621, 1.313508, 2.195565
 333.000000, 10.647648, 0.891892, 1.363363, 2.300300
 321.666667, 9.559585, 0.832124, 1.235233, 2.116062
22
 0.200000, 0.000000, 5.000000, 2.000000, 16.000000
 346.333333, 10.483157, 0.926853, 1.428296, 2.413859
 382.000000, 9.210297, 0.831588, 1.354276, 2.236475
 371.333333, 9.608618, 0.780072, 1.326750, 2.152603
 386.666667, 9.605172, 0.793966, 1.318966, 2.156897
 377.000000, 9.896552, 0.835544, 1.268789, 2.145889
 369.666667, 9.481515, 0.790803, 1.325518, 2.159603
 386.333333, 10.141501, 0.880069, 1.353753, 2.283003
 359.333333, 9.875696, 0.890538, 1.364564, 2.313544
 345.000000, 10.459903, 0.893720, 1.226087, 2.162319
 355.333333, 9.554409, 0.773921, 1.268293, 2.089118
 330.666667, 9.850806, 0.787298, 1.182460, 2.015121
 349.666667, 9.389895, 0.820782, 1.322212, 2.199237
 320.333333, 9.954214, 0.926119, 1.332986, 2.309053
 336.666667, 9.320792, 0.819802, 1.294059, 2.155446
 354.666667, 9.741541, 0.830827, 1.261278, 2.135338
 368.000000, 9.994565, 0.807065, 1.182971, 2.038949
 329.000000, 10.104357, 0.824721, 1.309017, 2.185410
 329.666667, 9.998989, 0.899899, 1.376138, 2.324570
 319.000000, 9.287356, 0.797283, 1.235110, 2.092999
23
 0.200000, 0.000000, 5.000000, 2.000000, 16.000000
 355.666667, 10.384255, 0.927835, 1.400187, 2.382381
 388.666667, 9.973413, 0.834477, 1.362779, 2.248714
 371.333333, 9.228007, 0.780969, 1.319569, 2.150808
 383.000000, 9.368146, 0.768494, 1.336815, 2.154917
 381.666667, 10.373799, 0.837555, 1.283843, 2.176419
 362.666667, 9.985294, 0.774816, 1.328125, 2.154412
 383.333333, 10.304348, 0.924348, 1.352174, 2.321739
 352.000000, 10.133523, 0.885417, 1.407197, 2.343750
 330.000000, 10.382828, 0.853535, 1.282828, 2.193939
 358.000000, 9.600559, 0.785847, 1.244879, 2.074488
 326.333333, 8.888662, 0.771195, 1.193054, 2.009193
 349.333333, 9.595420, 0.784351, 1.300573, 2.152672
 314.666667, 9.667373, 0.917373, 1.369703, 2.348517
 337.666667, 9.741362, 0.788746, 1.272458, 2.117473
 343.000000, 9.942663, 0.829932, 1.293489, 2.171040
 362.000000, 10.275322, 0.811234, 1.224678, 2.084715
 338.333333, 10.366502, 0.813793, 1.263054, 2.125123
 332.000000, 10.887550, 0.931727, 1.360442, 2.347390
 330.333333, 10.279516, 0.803229, 1.211907, 2.061554
24
 0.200000, 0.000000, 9.000000, 2.000000, 15.000000
 348.666667, 10.887189, 0.935946, 1.434034, 2.429254
 381.000000, 9.404199, 0.794401, 1.360455, 2.203850
 374.666667, 9.250000, 0.771352, 1.278470, 2.129004
 381.333333, 9.472028, 0.760490, 1.362762, 2.174825
 379.333333, 9.943761, 0.829525, 1.263620, 2.139719
 360.333333, 9.469010, 0.751156, 1.329325, 2.144311
 370.333333, 9.864086, 0.841584, 1.374437, 2.267327
 362.666667, 10.049632, 0.903493, 1.397059, 2.348346
 341.333333, 10.310547, 0.932617, 1.258789, 2.237305
 341.666667, 9.570732, 0.785366, 1.307317, 2.144390
 327.000000, 8.934760, 0.787971, 1.168196, 2.003058
 370.000000, 9.869369, 0.784685, 1.263964, 2.094595
 330.000000, 9.991919, 0.935354, 1.355556, 2.338384
 334.333333, 10.161515, 0.819541, 1.287139, 2.156530
 351.333333, 9.741935, 0.830171, 1.278937, 2.153700
 355.666667, 10.029991, 0.833177, 1.239925, 2.123711
 333.000000, 9.918919, 0.817818, 1.284284, 2.149149
 338.333333, 10.201970, 0.913300, 1.330049, 2.294581
 322.333333, 10.204757, 0.838676, 1.229576, 2.122027
25
 0.200000, 0.000000, 12.000000, 3.000000, 18.000000
 364.333333, 10.822507, 0.980787, 1.372370, 2.401647
 388.666667, 9.803602, 0.828473, 1.361921, 2.245283
 361.000000, 9.554017, 0.771006, 1.356417, 2.180055
 389.333333, 9.562500, 0.809075, 1.326199, 2.184075
 372.000000, 10.480287, 0.853047, 1.311828, 2.214158
 369.000000, 9.580849, 0.774164, 1.298103, 2.121951
 379.000000, 10.338610, 0.892700, 1.362357, 2.306948
 338.333333, 9.600985, 0.887685, 1.460099, 2.403941
 333.000000, 10.371371, 0.864865, 1.268268, 2.192192
 357.666667, 9.481827, 0.785648, 1.263747, 2.098788
 322.333333, 9.096174, 0.769390, 1.191313, 2.008273
 364.666667, 9.978062, 0.764168, 1.280622, 2.096892
 330.000000, 9.886869, 0.880808, 1.280808, 2.216162
 324.000000, 9.478395, 0.810700, 1.327160, 2.188272
 338.000000, 9.572978, 0.782051, 1.296844, 2.127219
 357.333333, 10.088619, 0.794776, 1.234142, 2.079291
 341.000000, 10.039101, 0.802542, 1.236559, 2.084066
 338.000000, 10.726824, 0.964497, 1.364892, 2.380671
 342.333333, 10.077897, 0.804284, 1.173320, 2.024343
26
 0.200000, 0.000000, 3.000000, 3.000000, 10.000000
 360.666667, 11.200555, 0.982440, 1.399261, 2.441774
 396.666667, 9.800840, 0.830252, 1.331092, 2.204202
 371.000000, 9.941599, 0.805930, 1.331536, 2.185984
 394.666667, 9.757601, 0.801520, 1.306588, 2.153716
 393.666667, 10.564776, 0.830652, 1.242168, 2.116003
 350.000000, 9.506667, 0.777143, 1.336190, 2.180000
 369.666667, 10.348061, 0.841298, 1.382326, 2.278629
 368.000000, 10.373188, 0.937500, 1.362319, 2.357790
 350.666667, 10.212928, 0.856464, 1.192015, 2.099810
 343.000000, 9.172983, 0.769679, 1.300292, 2.116618
 330.666667, 9.953629, 0.756048, 1.193548, 1.994960
 351.666667, 9.559242, 0.813270, 1.305213, 2.168720
 328.000000, 10.304878, 0.940041, 1.338415, 2.333333
 329.000000, 9.416413, 0.838906, 1.330294, 2.218845
 339.666667, 9.200196, 0.810599, 1.289500, 2.153091
 347.333333, 9.419386, 0.758157, 1.241843, 2.055662
 330.000000, 9.713131, 0.824242, 1.316162, 2.189899
 334.000000, 10.484032, 0.957086, 1.327345, 2.349301
 330.000000, 10.118182, 0.820202, 1.219192, 2.083838
27
 0.200000, 0.000000, 0.000000, 1.000000, 3.000000
 334.333333, 9.898305, 0.932203, 1.497507, 2.489531
 388.666667, 9.603774, 0.818182, 1.338765, 2.204974
 373.666667, 9.656557, 0.766280, 1.320250, 2.128457
 377.000000, 9.161804, 0.769231, 1.364279, 2.183024
 375.666667, 10.248447, 0.831411, 1.305235, 2.186335
 355.666667, 9.216495, 0.776945, 1.346767, 2.171509
 362.333333, 10.423183, 0.888684, 1.409384, 2.354186
 363.666667, 10.699358, 0.918423, 1.382218, 2.350137
 346.333333, 10.014437, 0.847931, 1.233879, 2.134745
 360.333333, 9.502313, 0.774283, 1.259019, 2.081406
 316.000000, 9.582278, 0.753165, 1.229958, 2.029536
 368.333333, 10.304072, 0.800000, 1.297738, 2.145701
 304.666667, 9.401532, 0.909190, 1.380744, 2.342451
 323.333333, 9.751546, 0.837113, 1.317526, 2.206186
 347.666667, 9.630872, 0.855225, 1.281879, 2.183126
 362.333333, 10.567617, 0.856486, 1.217111, 2.125115
 327.000000, 9.887870, 0.830785, 1.329256, 2.203874
 337.333333, 10.580040, 0.998024, 1.349802, 2.402174
 324.333333, 9.708119, 0.825283, 1.237410, 2.116136
28
 0.200000, 0.000000, 0.000000, 0.000000, 1.000000
 350.000000, 10.124762, 0.989524, 1.421905, 2.480952
 382.333333, 9.136879, 0.805580, 1.374891, 2.224935
 370.666667, 9.446043, 0.757194, 1.335432, 2.139388
 390.000000, 9.122222, 0.811111, 1.303419, 2.174359
 375.333333, 9.768206, 0.800178, 1.261989, 2.119005
 364.000000, 9.858974, 0.771062, 1.320513, 2.136447
 363.333333, 9.940367, 0.896330, 1.395413, 2.342202
 365.333333, 10.557482, 0.903285, 1.384124, 2.337591
 349.666667, 10.119161, 0.834128, 1.205910, 2.082936
 370.000000, 9.538739, 0.787387, 1.208108, 2.045946
 326.000000, 9.252556, 0.794479, 1.187117, 2.024540
 366.000000, 10.236794, 0.806922, 1.288707, 2.151184
 330.333333, 10.088799, 0.887992, 1.343088, 2.277497
 319.666667, 9.301356, 0.767466, 1.302398, 2.123045
 339.333333, 9.682711, 0.780943, 1.295678, 2.134578
 343.000000, 9.684159, 0.786200, 1.251701, 2.093294
 341.333333, 10.356445, 0.808594, 1.281250, 2.136719
 329.666667, 10.259858, 0.935288, 1.348837, 2.341759
 337.666667, 9.878578, 0.864758, 1.166831, 2.077986
29
 0.200000, 2.000000, 0.000000, 0.000000, 1.000000
 351.666667, 10.944076, 0.991469, 1.421801, 2.479621
 387.666667, 9.705933, 0.825451, 1.352537, 2.223560
 373.000000, 9.565684, 0.754245, 1.318141, 2.115282
 399.666667, 9.824854, 0.767306, 1.292744, 2.110092
 371.000000, 9.759209, 0.796945, 1.292902, 2.146451
 363.333333, 10.143119, 0.773394, 1.333945, 2.166972
 356.333333, 9.855005, 0.848457, 1.416277, 2.318990
 360.666667, 10.172828, 0.917745, 1.409427, 2.382625
 338.333333, 10.372414, 0.843350, 1.255172, 2.144828
 346.666667, 9.489423, 0.771154, 1.291346, 2.119231
 313.666667, 8.518597, 0.803401, 1.208289, 2.057386
 363.000000, 10.540863, 0.797980, 1.302112, 2.148760
 320.333333, 9.938606, 0.913632, 1.342352, 2.306972
 328.000000, 9.760163, 0.764228, 1.282520, 2.105691
 338.666667, 9.118110, 0.832677, 1.301181, 2.184055
 352.333333, 9.839167, 0.805109, 1.216651, 2.071902
 332.333333, 10.081244, 0.826479, 1.299900, 2.176530
 326.666667, 10.237755, 0.898980, 1.355102, 2.316327
 338.000000, 10.198225, 0.811637, 1.170611, 2.027613
30
 0.200000, 0.000000, 0.000000, 0.000000, 3.000000
 347.333333, 10.780230, 0.955854, 1.415547, 2.430902
 382.333333, 9.449869, 0.827376, 1.353095, 2.232781
 367.666667, 9.246600, 0.737987, 1.325476, 2.113327
 391.333333, 9.701022, 0.784497, 1.314310, 2.147359
 384.666667, 10.361352, 0.813692, 1.263432, 2.121317
 355.333333, 9.185741, 0.756098, 1.348030, 2.159475
 373.666667, 10.411240, 0.882248, 1.361285, 2.288136
 343.333333, 10.281553, 0.888350, 1.442718, 2.380583
 331.000000, 10.279960, 0.852971, 1.246727, 2.155086
 353.333333, 9.170755, 0.798113, 1.285849, 2.128302
 335.333333, 9.272366, 0.779324, 1.165010, 1.990060
 368.666667, 9.989150, 0.795660, 1.270344, 2.118445
 328.333333, 10.420305, 0.935025, 1.303553, 2.298477
 319.333333, 8.661795, 0.836117, 1.338205, 2.219207
 356.000000, 9.929775, 0.801498, 1.239700, 2.089888
 345.333333, 9.602317, 0.809846, 1.229730, 2.089768
 328.333333, 10.240609, 0.841624, 1.335025, 2.230457
 340.666667, 10.700587, 0.937378, 1.292564, 2.292564
 334.000000, 10.750499, 0.864271, 1.198603, 2.110778
31
 0.200000, 0.000000, 0.000000, 1.000000, 3.000000
 347.000000, 9.971182, 0.926993, 1.420749, 2.405379
 378.000000, 8.947090, 0.813051, 1.378307, 2.241623
 368.333333, 9.761991, 0.784615, 1.318552, 2.171946
 386.666667, 9.462069, 0.766379, 1.329310, 2.154310
 359.000000, 9.970288, 0.826370, 1.338904, 2.218199
 372.666667, 10.324687, 0.819320, 1.288909, 2.159213
 373.666667, 10.604817, 0.877788, 1.405888, 2.330062
 369.000000, 10.517615, 0.915086, 1.373984, 2.341463
 334.666667, 10.129482, 0.886454, 1.255976, 2.192231
 353.000000, 9.428706, 0.795090, 1.282342, 2.120869
 328.333333, 9.447716, 0.778680, 1.171574, 2.001015
 364.333333, 10.043916, 0.802379, 1.272644, 2.129003
 323.666667, 9.673532, 0.840371, 1.337796, 2.227600
 342.000000, 9.999025, 0.869396, 1.284600, 2.203704
 349.666667, 9.465205, 0.801716, 1.257388, 2.111535
 370.666667, 10.133993, 0.848921, 1.186151, 2.079137
 333.333333, 10.254000, 0.825000, 1.275000, 2.144000
 341.000000, 10.150538, 0.911046, 1.318671, 2.278592
 338.000000, 9.950690, 0.841223, 1.177515, 2.064103
Histogram
0 0 0 0 0 0 0 0 0 0 2 0 0 0 0 0 0 0 0 12 88 285 109 85 28 1 0 0 0 0 5 0 0 0 0 0 0 0 0 0 0 0 0 0 0 0 0 0 0 0 1 0 0 0 0 0 0 0 0 0 0 0 0 0 0 0 0 0 0 0 1 0 0 0 0 0 0 0 0 0 0 0 0 0 0 0 0 0 0 0 1 0 0 0 0 0 0 0 0 0 1 0 0 0 0 0 0 0 0 0 1 0 0 0 0 0 0 0 0 20 
Cache Miss Ratio
NaN
numOfSets
670198
numOfGets
0
numOfMultiGets
0
