20
0
 0.250000, 0.000000, 8.000000, 58.000000, 105.000000
 167.666667, 0.353877, 0.260437, 0.833002, 1.141153
 185.333333, 0.257194, 0.250000, 0.825540, 1.118705
 192.000000, 0.460069, 0.279514, 0.847222, 1.173611
 174.000000, 0.316092, 0.260536, 0.863985, 1.168582
 185.000000, 0.327928, 0.254054, 0.845045, 1.145946
 177.666667, 0.262664, 0.243902, 0.836773, 1.121951
 193.000000, 0.307427, 0.210708, 0.818653, 1.070812
 179.666667, 0.220779, 0.230056, 0.860853, 1.131725
 189.000000, 0.292769, 0.229277, 0.820106, 1.089947
 191.333333, 0.216028, 0.217770, 0.780488, 1.041812
 183.666667, 0.430127, 0.270417, 0.822142, 1.132486
 196.333333, 0.344652, 0.198642, 0.823430, 1.064516
 184.333333, 0.307414, 0.254973, 0.815552, 1.112116
 194.000000, 0.242268, 0.199313, 0.821306, 1.063574
 191.333333, 0.358885, 0.195122, 0.998258, 1.235192
 190.000000, 0.275439, 0.226316, 0.771930, 1.049123
 194.666667, 0.356164, 0.241438, 0.782534, 1.061644
 191.333333, 0.325784, 0.228223, 0.867596, 1.137631
 194.000000, 0.276632, 0.221649, 0.771478, 1.032646
1
 0.250000, 0.000000, 0.000000, 58.000000, 103.000000
 176.666667, 0.428302, 0.322642, 0.839623, 1.213208
 178.333333, 0.314019, 0.282243, 0.816822, 1.142056
 188.000000, 0.476950, 0.273050, 0.874113, 1.198582
 180.666667, 0.431734, 0.263838, 0.885609, 1.201107
 185.666667, 0.289048, 0.228007, 0.847397, 1.122083
 180.666667, 0.249077, 0.280443, 0.826568, 1.151292
 187.333333, 0.304270, 0.236655, 0.886121, 1.163701
 186.333333, 0.359571, 0.311270, 0.838998, 1.189624
 186.000000, 0.252688, 0.222222, 0.783154, 1.048387
 185.000000, 0.293694, 0.227027, 0.809009, 1.077477
 187.666667, 0.357016, 0.241563, 0.795737, 1.078153
 196.000000, 0.255102, 0.192177, 0.814626, 1.047619
 195.666667, 0.366269, 0.229983, 0.810903, 1.081772
 200.333333, 0.359401, 0.193012, 0.820300, 1.053245
 187.333333, 0.311388, 0.181495, 0.951957, 1.174377
 197.666667, 0.308600, 0.207420, 0.779089, 1.030354
 194.333333, 0.348199, 0.216123, 0.780446, 1.039451
 199.000000, 0.463987, 0.219430, 0.859296, 1.120603
 198.000000, 0.395623, 0.242424, 0.764310, 1.045455
2
 0.250000, 0.000000, 4.000000, 40.000000, 89.000000
 169.666667, 0.449902, 0.257367, 0.838900, 1.149312
 178.000000, 0.282772, 0.279026, 0.827715, 1.161049
 191.333333, 0.388502, 0.273519, 0.848432, 1.168990
 174.333333, 0.166348, 0.248566, 0.850860, 1.149140
 191.000000, 0.392670, 0.225131, 0.827225, 1.094241
 185.333333, 0.437050, 0.253597, 0.818345, 1.111511
 189.000000, 0.299824, 0.208113, 0.798942, 1.045855
 179.333333, 0.358736, 0.355019, 0.871747, 1.273234
 178.000000, 0.320225, 0.265918, 0.833333, 1.138577
 184.333333, 0.226040, 0.218807, 0.801085, 1.057866
 186.000000, 0.451613, 0.288530, 0.836918, 1.166667
 191.666667, 0.248696, 0.212174, 0.812174, 1.064348
 183.333333, 0.280000, 0.236364, 0.812727, 1.096364
 200.666667, 0.352159, 0.217608, 0.835548, 1.093023
 191.333333, 0.240418, 0.193380, 0.912892, 1.148084
 193.666667, 0.332186, 0.242685, 0.779690, 1.063683
 193.000000, 0.283247, 0.245250, 0.758204, 1.043178
 191.666667, 0.372174, 0.224348, 0.911304, 1.177391
 191.333333, 0.348432, 0.266551, 0.782230, 1.094077
3
 0.250000, 2.000000, 0.000000, 43.000000, 85.000000
 168.000000, 0.347222, 0.238095, 0.819444, 1.119048
 185.666667, 0.402154, 0.269300, 0.829443, 1.141831
 185.666667, 0.430880, 0.249551, 0.842011, 1.138241
 176.000000, 0.329545, 0.274621, 0.871212, 1.187500
 182.333333, 0.299817, 0.230347, 0.811700, 1.084095
 179.666667, 0.265306, 0.261596, 0.810761, 1.115028
 188.666667, 0.293286, 0.229682, 0.812721, 1.083039
 187.666667, 0.317940, 0.248668, 0.802842, 1.092362
 178.666667, 0.281716, 0.233209, 0.796642, 1.070896
 185.000000, 0.183784, 0.241441, 0.805405, 1.086486
 184.666667, 0.445848, 0.301444, 0.826715, 1.175090
 193.666667, 0.287435, 0.223752, 0.839931, 1.117040
 194.000000, 0.422680, 0.245704, 0.783505, 1.068729
 198.333333, 0.302521, 0.194958, 0.858824, 1.094118
 194.666667, 0.255137, 0.202055, 0.910959, 1.154110
 202.000000, 0.404290, 0.199670, 0.742574, 0.983498
 201.333333, 0.475166, 0.230132, 0.753311, 1.023179
 192.000000, 0.312500, 0.211806, 0.862847, 1.116319
 195.333333, 0.315700, 0.221843, 0.802048, 1.083618
4
 0.250000, 1.000000, 0.000000, 52.000000, 77.000000
 179.000000, 0.471136, 0.286778, 0.849162, 1.195531
 179.666667, 0.235622, 0.230056, 0.831169, 1.107607
 187.666667, 0.387211, 0.252220, 0.875666, 1.177620
 178.000000, 0.451311, 0.294007, 0.893258, 1.235955
 183.666667, 0.346642, 0.239564, 0.869328, 1.150635
 180.666667, 0.321033, 0.298893, 0.785978, 1.129151
 191.333333, 0.331010, 0.198606, 0.857143, 1.104530
 191.000000, 0.406632, 0.261780, 0.827225, 1.132635
 182.666667, 0.248175, 0.222628, 0.786496, 1.060219
 184.666667, 0.245487, 0.229242, 0.805054, 1.075812
 179.000000, 0.273743, 0.255121, 0.795158, 1.091248
 188.333333, 0.267257, 0.226549, 0.830088, 1.106195
 184.666667, 0.303249, 0.220217, 0.824910, 1.084838
 201.000000, 0.391376, 0.218905, 0.822554, 1.081260
 195.666667, 0.291312, 0.172061, 0.977853, 1.190801
 196.666667, 0.376271, 0.230508, 0.761017, 1.040678
 196.333333, 0.298812, 0.230900, 0.797963, 1.073005
 192.666667, 0.391003, 0.228374, 0.868512, 1.140138
 200.333333, 0.347754, 0.227953, 0.778702, 1.051581
5
 0.250000, 3.000000, 0.000000, 47.000000, 77.000000
 172.000000, 0.362403, 0.284884, 0.864341, 1.201550
 183.333333, 0.321818, 0.256364, 0.869091, 1.167273
 184.333333, 0.441230, 0.260398, 0.855335, 1.160940
 175.000000, 0.472381, 0.268571, 0.883810, 1.198095
 188.333333, 0.408850, 0.244248, 0.853097, 1.145133
 180.000000, 0.248148, 0.251852, 0.790741, 1.085185
 186.000000, 0.297491, 0.211470, 0.797491, 1.048387
 187.333333, 0.380783, 0.243772, 0.811388, 1.101423
 190.000000, 0.401754, 0.236842, 0.796491, 1.075439
 186.000000, 0.198925, 0.204301, 0.779570, 1.025090
 174.333333, 0.179732, 0.258126, 0.826004, 1.124283
 190.666667, 0.227273, 0.190559, 0.821678, 1.055944
 188.000000, 0.382979, 0.214539, 0.796099, 1.053191
 198.000000, 0.281145, 0.191919, 0.829966, 1.063973
 194.333333, 0.329331, 0.180103, 0.929674, 1.154374
 193.000000, 0.303972, 0.217617, 0.777202, 1.037997
 194.666667, 0.393836, 0.265411, 0.811644, 1.118151
 192.000000, 0.302083, 0.190972, 0.928819, 1.161458
 188.666667, 0.227915, 0.238516, 0.779152, 1.058304
6
 0.250000, 0.000000, 35.000000, 41.000000, 91.000000
 166.666667, 0.304000, 0.274000, 0.822000, 1.148000
 192.333333, 0.521664, 0.273830, 0.835355, 1.155979
 188.333333, 0.382301, 0.265487, 0.858407, 1.168142
 181.000000, 0.335175, 0.257827, 0.860037, 1.160221
 202.000000, 0.486799, 0.234323, 0.844884, 1.122112
 187.666667, 0.335702, 0.266430, 0.792185, 1.097691
 187.666667, 0.252220, 0.277087, 0.849023, 1.166963
 183.666667, 0.212341, 0.234120, 0.836661, 1.112523
 191.333333, 0.430314, 0.249129, 0.796167, 1.090592
 195.333333, 0.389078, 0.220137, 0.781570, 1.042662
 182.333333, 0.341865, 0.239488, 0.824497, 1.113346
 190.000000, 0.214035, 0.235088, 0.815789, 1.091228
 199.000000, 0.345059, 0.214405, 0.770519, 1.026801
 194.000000, 0.237113, 0.211340, 0.841924, 1.096220
 194.333333, 0.295026, 0.181818, 0.984563, 1.214408
 199.666667, 0.367279, 0.243740, 0.767947, 1.050083
 206.000000, 0.378641, 0.192557, 0.750809, 0.983819
 194.666667, 0.285959, 0.198630, 0.905822, 1.147260
 202.333333, 0.397035, 0.258649, 0.780890, 1.087315
7
 0.250000, 0.000000, 58.000000, 14.000000, 84.000000
 175.333333, 0.484791, 0.269962, 0.878327, 1.203422
 183.333333, 0.256364, 0.265455, 0.776364, 1.085455
 191.333333, 0.508711, 0.292683, 0.837979, 1.177700
 179.666667, 0.280148, 0.278293, 0.870130, 1.192950
 192.333333, 0.351820, 0.237435, 0.861352, 1.138648
 176.666667, 0.296226, 0.298113, 0.841509, 1.179245
 195.000000, 0.347009, 0.227350, 0.868376, 1.136752
 179.000000, 0.351955, 0.268156, 0.834264, 1.141527
 185.333333, 0.239209, 0.221223, 0.823741, 1.088129
 186.000000, 0.222222, 0.213262, 0.790323, 1.043011
 182.666667, 0.445255, 0.281022, 0.819343, 1.142336
 194.000000, 0.269759, 0.218213, 0.848797, 1.109966
 182.333333, 0.314442, 0.221207, 0.795247, 1.056673
 192.000000, 0.222222, 0.210069, 0.828125, 1.085069
 203.333333, 0.344262, 0.180328, 0.926230, 1.147541
 189.000000, 0.253968, 0.227513, 0.779541, 1.054674
 194.666667, 0.267123, 0.227740, 0.784247, 1.049658
 200.000000, 0.376667, 0.196667, 0.878333, 1.116667
 191.666667, 0.273043, 0.234783, 0.812174, 1.088696
8
 0.250000, 0.000000, 59.000000, 17.000000, 90.000000
 180.333333, 0.476895, 0.264325, 0.837338, 1.164510
 181.000000, 0.173112, 0.259669, 0.819521, 1.128913
 194.333333, 0.459691, 0.243568, 0.855918, 1.147513
 176.000000, 0.439394, 0.282197, 0.848485, 1.174242
 190.333333, 0.355517, 0.225919, 0.828371, 1.096322
 189.000000, 0.336861, 0.269841, 0.797178, 1.107584
 186.000000, 0.284946, 0.225806, 0.783154, 1.048387
 189.333333, 0.563380, 0.257042, 0.832746, 1.126761
 188.333333, 0.288496, 0.246018, 0.805310, 1.092035
 189.333333, 0.371479, 0.269366, 0.827465, 1.135563
 179.333333, 0.379182, 0.282528, 0.853160, 1.176580
 192.000000, 0.230903, 0.210069, 0.800347, 1.052083
 189.666667, 0.337434, 0.244288, 0.790861, 1.077329
 194.333333, 0.319039, 0.219554, 0.864494, 1.130360
 190.666667, 0.277972, 0.190559, 0.944056, 1.176573
 203.333333, 0.481967, 0.255738, 0.790164, 1.090164
 187.000000, 0.233512, 0.215686, 0.764706, 1.019608
 193.333333, 0.367241, 0.205172, 0.900000, 1.151724
 194.000000, 0.353952, 0.273196, 0.757732, 1.070447
9
 0.250000, 0.000000, 59.000000, 2.000000, 75.000000
 171.666667, 0.378641, 0.279612, 0.796117, 1.143689
 179.666667, 0.256030, 0.257885, 0.821892, 1.120594
 188.000000, 0.404255, 0.273050, 0.867021, 1.196809
 177.333333, 0.306391, 0.293233, 0.840226, 1.180451
 182.666667, 0.419708, 0.251825, 0.866788, 1.169708
 184.333333, 0.294756, 0.247740, 0.820976, 1.113924
 195.000000, 0.388034, 0.211966, 0.917949, 1.170940
 191.000000, 0.354276, 0.218150, 0.832461, 1.092496
 180.333333, 0.195933, 0.232902, 0.804067, 1.086876
 190.666667, 0.298951, 0.277972, 0.804196, 1.122378
 182.666667, 0.436131, 0.286496, 0.797445, 1.124088
 189.666667, 0.228471, 0.214411, 0.848858, 1.105448
 190.666667, 0.265734, 0.215035, 0.774476, 1.029720
 200.666667, 0.498339, 0.235880, 0.820598, 1.098007
 187.666667, 0.300178, 0.188277, 1.005329, 1.245115
 197.000000, 0.417936, 0.211506, 0.766497, 1.021997
 197.000000, 0.331641, 0.211506, 0.766497, 1.018613
 196.666667, 0.564407, 0.223729, 0.869492, 1.135593
 196.333333, 0.322581, 0.249576, 0.792869, 1.083192
10
 0.250000, 0.000000, 59.000000, 16.000000, 83.000000
 171.000000, 0.265107, 0.267057, 0.853801, 1.169591
 177.666667, 0.180113, 0.262664, 0.857411, 1.163227
 192.666667, 0.519031, 0.295848, 0.828720, 1.171280
 174.666667, 0.282443, 0.253817, 0.923664, 1.223282
 180.666667, 0.284133, 0.252768, 0.830258, 1.125461
 178.000000, 0.265918, 0.262172, 0.820225, 1.125468
 189.666667, 0.249561, 0.226714, 0.801406, 1.079086
 188.333333, 0.277876, 0.219469, 0.830088, 1.088496
 187.000000, 0.347594, 0.244207, 0.800357, 1.085561
 182.000000, 0.252747, 0.194139, 0.785714, 1.020147
 181.333333, 0.250000, 0.275735, 0.818015, 1.141544
 189.666667, 0.198594, 0.193322, 0.850615, 1.096661
 185.333333, 0.262590, 0.226619, 0.827338, 1.095324
 193.333333, 0.301724, 0.186207, 0.803448, 1.031034
 195.666667, 0.366269, 0.218058, 0.906303, 1.166951
 197.666667, 0.286678, 0.204047, 0.779089, 1.025295
 189.666667, 0.195079, 0.212654, 0.771529, 1.022847
 190.666667, 0.293706, 0.187063, 0.910839, 1.139860
 194.666667, 0.332192, 0.251712, 0.794521, 1.090753
11
 0.250000, 0.000000, 60.000000, 0.000000, 74.000000
 172.000000, 0.455426, 0.277132, 0.866279, 1.205426
 187.333333, 0.359431, 0.284698, 0.834520, 1.172598
 182.666667, 0.271898, 0.259124, 0.843066, 1.149635
 184.333333, 0.352622, 0.262206, 0.842676, 1.148282
 185.000000, 0.445045, 0.252252, 0.841441, 1.135135
 185.000000, 0.315315, 0.257658, 0.819820, 1.118919
 190.333333, 0.239930, 0.199650, 0.788091, 1.028021
 180.666667, 0.295203, 0.245387, 0.832103, 1.118081
 185.666667, 0.242370, 0.236984, 0.797127, 1.075404
 188.000000, 0.306738, 0.218085, 0.806738, 1.063830
 179.333333, 0.291822, 0.239777, 0.799257, 1.079926
 191.333333, 0.287456, 0.217770, 0.820557, 1.080139
 191.000000, 0.307155, 0.212914, 0.792321, 1.052356
 198.000000, 0.375421, 0.223906, 0.836700, 1.102694
 196.000000, 0.438776, 0.190476, 1.001701, 1.232993
 195.666667, 0.257240, 0.199319, 0.781942, 1.030664
 196.000000, 0.323129, 0.205782, 0.778912, 1.022109
 195.000000, 0.292308, 0.189744, 0.847863, 1.078632
 202.000000, 0.409241, 0.275578, 0.768977, 1.087459
12
 0.250000, 0.000000, 61.000000, 0.000000, 76.000000
 175.333333, 0.387833, 0.275665, 0.880228, 1.205323
 187.333333, 0.332740, 0.229537, 0.820285, 1.097865
 181.000000, 0.313076, 0.239411, 0.858195, 1.145488
 177.000000, 0.333333, 0.282486, 0.894539, 1.218456
 183.666667, 0.435572, 0.245009, 0.883848, 1.183303
 182.333333, 0.316271, 0.299817, 0.802559, 1.144424
 196.333333, 0.370119, 0.210526, 0.894737, 1.146010
 189.000000, 0.320988, 0.243386, 0.811287, 1.107584
 188.666667, 0.259717, 0.254417, 0.800353, 1.095406
 186.000000, 0.197133, 0.222222, 0.815412, 1.084229
 182.666667, 0.366788, 0.250000, 0.846715, 1.140511
 194.333333, 0.307033, 0.198971, 0.838765, 1.078902
 186.333333, 0.325581, 0.252236, 0.805009, 1.098390
 197.000000, 0.373942, 0.191201, 0.802030, 1.033841
 194.000000, 0.541237, 0.250859, 1.000000, 1.292096
 194.000000, 0.355670, 0.223368, 0.783505, 1.046392
 199.666667, 0.420701, 0.240401, 0.804674, 1.085142
 196.666667, 0.400000, 0.183051, 0.844068, 1.072881
 194.333333, 0.257290, 0.240137, 0.778731, 1.060034
13
 0.250000, 0.000000, 61.000000, 1.000000, 82.000000
 175.000000, 0.504762, 0.291429, 0.834286, 1.173333
 186.333333, 0.352415, 0.266547, 0.819320, 1.132379
 199.666667, 0.550918, 0.270451, 0.836394, 1.155259
 181.000000, 0.429098, 0.278085, 0.860037, 1.182320
 183.666667, 0.326679, 0.254083, 0.836661, 1.136116
 184.666667, 0.370036, 0.306859, 0.808664, 1.160650
 195.000000, 0.430769, 0.217094, 0.888889, 1.147009
 177.000000, 0.331450, 0.250471, 0.809793, 1.105461
 188.666667, 0.250883, 0.249117, 0.786219, 1.083039
 192.000000, 0.329861, 0.223958, 0.802083, 1.069444
 175.333333, 0.195817, 0.218631, 0.790875, 1.049430
 188.666667, 0.197880, 0.213781, 0.874558, 1.130742
 186.333333, 0.343470, 0.245081, 0.763864, 1.057245
 191.666667, 0.290435, 0.205217, 0.812174, 1.059130
 194.666667, 0.405822, 0.224315, 0.972603, 1.239726
 198.000000, 0.328283, 0.227273, 0.759259, 1.033670
 197.333333, 0.334459, 0.201014, 0.766892, 1.008446
 208.333333, 0.507200, 0.212800, 0.878400, 1.134400
 198.000000, 0.294613, 0.271044, 0.786195, 1.099327
14
 0.250000, 0.000000, 62.000000, 1.000000, 82.000000
 169.333333, 0.332677, 0.253937, 0.840551, 1.143701
 176.666667, 0.188679, 0.254717, 0.837736, 1.137736
 185.333333, 0.435252, 0.262590, 0.852518, 1.160072
 178.666667, 0.430970, 0.268657, 0.852612, 1.164179
 184.333333, 0.278481, 0.242315, 0.840868, 1.126582
 184.000000, 0.351449, 0.253623, 0.807971, 1.101449
 197.666667, 0.462057, 0.195616, 0.868465, 1.102867
 184.666667, 0.261733, 0.225632, 0.844765, 1.113718
 193.333333, 0.329310, 0.225862, 0.806897, 1.077586
 185.666667, 0.224417, 0.215440, 0.764811, 1.021544
 176.000000, 0.234848, 0.229167, 0.797348, 1.073864
 199.000000, 0.309883, 0.216080, 0.827471, 1.085427
 179.333333, 0.249071, 0.232342, 0.823420, 1.094796
 190.666667, 0.328671, 0.199301, 0.830420, 1.068182
 192.666667, 0.401384, 0.224913, 0.994810, 1.262976
 191.000000, 0.253054, 0.214660, 0.762653, 1.024433
 196.000000, 0.282313, 0.232993, 0.770408, 1.049320
 196.000000, 0.447279, 0.207483, 0.911565, 1.159864
 193.666667, 0.265060, 0.254733, 0.793460, 1.096386
15
 0.250000, 0.000000, 74.000000, 1.000000, 82.000000
 169.000000, 0.349112, 0.242604, 0.816568, 1.114398
 183.333333, 0.321818, 0.238182, 0.812727, 1.096364
 193.000000, 0.564767, 0.284974, 0.863558, 1.189983
 178.000000, 0.411985, 0.305243, 0.838951, 1.185393
 184.333333, 0.341772, 0.235081, 0.830018, 1.106691
 183.333333, 0.378182, 0.289091, 0.792727, 1.123636
 184.000000, 0.264493, 0.226449, 0.846014, 1.112319
 182.666667, 0.321168, 0.253650, 0.839416, 1.133212
 192.333333, 0.443674, 0.244367, 0.814558, 1.100520
 192.333333, 0.339688, 0.263432, 0.785095, 1.091854
 183.333333, 0.416364, 0.270909, 0.796364, 1.109091
 196.333333, 0.239389, 0.210526, 0.867572, 1.118846
 183.333333, 0.200000, 0.234545, 0.785455, 1.061818
 194.333333, 0.245283, 0.214408, 0.813036, 1.072041
 195.333333, 0.389078, 0.199659, 0.996587, 1.237201
 191.333333, 0.259582, 0.209059, 0.768293, 1.019164
 190.000000, 0.261404, 0.212281, 0.775439, 1.028070
 194.666667, 0.405822, 0.219178, 0.883562, 1.150685
 195.666667, 0.361158, 0.257240, 0.805792, 1.103918
16
 0.250000, 1.000000, 0.000000, 0.000000, 6.000000
 171.666667, 0.326214, 0.260194, 0.815534, 1.141748
 183.333333, 0.316364, 0.256364, 0.807273, 1.107273
 182.666667, 0.394161, 0.284672, 0.824818, 1.164234
 176.666667, 0.343396, 0.262264, 0.841509, 1.149057
 191.000000, 0.359511, 0.240838, 0.862129, 1.144852
 188.666667, 0.420495, 0.245583, 0.787986, 1.074205
 193.666667, 0.342513, 0.251291, 0.808950, 1.099828
 183.000000, 0.387978, 0.280510, 0.857923, 1.182149
 180.000000, 0.314815, 0.224074, 0.792593, 1.057407
 185.000000, 0.248649, 0.232432, 0.821622, 1.095495
 182.666667, 0.284672, 0.244526, 0.830292, 1.114964
 190.000000, 0.229825, 0.208772, 0.810526, 1.066667
 187.000000, 0.267380, 0.242424, 0.823529, 1.108734
 196.333333, 0.412564, 0.249576, 0.787776, 1.078098
 196.666667, 0.289831, 0.188136, 0.932203, 1.164407
 194.666667, 0.381849, 0.244863, 0.748288, 1.034247
 200.000000, 0.441667, 0.226667, 0.770000, 1.040000
 192.666667, 0.375433, 0.223183, 0.899654, 1.162630
 196.666667, 0.325424, 0.254237, 0.781356, 1.083051
17
 0.250000, 1.000000, 0.000000, 0.000000, 6.000000
 173.333333, 0.346154, 0.225000, 0.825000, 1.101923
 180.666667, 0.243542, 0.252768, 0.828413, 1.125461
 191.666667, 0.476522, 0.269565, 0.883478, 1.206957
 183.333333, 0.560000, 0.305455, 0.856364, 1.210909
 185.000000, 0.304505, 0.223423, 0.875676, 1.138739
 187.000000, 0.315508, 0.229947, 0.816399, 1.085561
 194.666667, 0.333904, 0.222603, 0.845890, 1.107877
 188.666667, 0.279152, 0.229682, 0.812721, 1.086572
 186.333333, 0.236136, 0.228980, 0.828265, 1.100179
 186.666667, 0.291071, 0.214286, 0.816071, 1.071429
 179.666667, 0.443414, 0.291280, 0.816327, 1.161410
 195.000000, 0.271795, 0.205128, 0.823932, 1.073504
 195.000000, 0.454701, 0.249573, 0.830769, 1.119658
 197.333333, 0.258446, 0.195946, 0.832770, 1.074324
 206.333333, 0.436187, 0.240711, 0.891761, 1.172859
 193.000000, 0.208981, 0.236615, 0.780656, 1.063903
 197.666667, 0.320405, 0.224283, 0.740304, 1.005059
 197.333333, 0.418919, 0.224662, 0.849662, 1.119932
 194.333333, 0.259005, 0.217839, 0.771870, 1.030875
18
 0.250000, 0.000000, 0.000000, 2.000000, 4.000000
 166.666667, 0.336000, 0.288000, 0.844000, 1.182000
 178.666667, 0.190299, 0.242537, 0.830224, 1.125000
 188.000000, 0.421986, 0.251773, 0.831560, 1.145390
 177.000000, 0.263653, 0.269303, 0.830508, 1.143126
 185.333333, 0.361511, 0.230216, 0.866906, 1.160072
 177.333333, 0.270677, 0.270677, 0.783835, 1.093985
 185.666667, 0.244165, 0.229803, 0.825853, 1.183124
 181.666667, 0.249541, 0.231193, 0.812844, 1.084404
 185.000000, 0.254054, 0.254054, 0.819820, 1.118919
 187.000000, 0.219251, 0.199643, 0.803922, 1.048128
 180.333333, 0.340111, 0.256932, 0.805915, 1.105360
 190.333333, 0.238179, 0.213660, 0.817863, 1.073555
 190.666667, 0.409091, 0.255245, 0.839161, 1.143357
 190.666667, 0.286713, 0.206294, 0.851399, 1.101399
 194.000000, 0.365979, 0.173540, 0.979381, 1.197595
 194.000000, 0.403780, 0.235395, 0.768041, 1.049828
 201.000000, 0.368159, 0.208955, 0.764511, 1.013267
 193.333333, 0.356897, 0.208621, 0.882759, 1.132759
 192.666667, 0.413495, 0.275087, 0.759516, 1.079585
19
 0.250000, 0.000000, 0.000000, 2.000000, 3.000000
 180.666667, 0.442804, 0.267528, 0.824723, 1.145756
 182.333333, 0.243144, 0.248629, 0.822669, 1.115174
 187.666667, 0.383659, 0.259325, 0.852575, 1.159858
 176.000000, 0.267045, 0.285985, 0.888258, 1.215909
 186.666667, 0.278571, 0.246429, 0.882143, 1.169643
 187.333333, 0.494662, 0.304270, 0.829181, 1.176157
 197.333333, 0.368243, 0.221284, 0.788851, 1.052365
 184.333333, 0.394213, 0.253165, 0.840868, 1.137432
 189.333333, 0.450704, 0.246479, 0.806338, 1.095070
 184.333333, 0.262206, 0.218807, 0.810127, 1.074141
 182.666667, 0.286496, 0.240876, 0.857664, 1.144161
 191.666667, 0.285217, 0.215652, 0.840000, 1.095652
 192.666667, 0.536332, 0.205882, 0.840830, 1.086505
 192.000000, 0.260417, 0.201389, 0.809028, 1.053819
 194.666667, 0.422945, 0.227740, 0.924658, 1.193493
 193.666667, 0.361446, 0.208262, 0.774527, 1.025818
 198.000000, 0.385522, 0.234007, 0.781145, 1.055556
 195.666667, 0.376491, 0.199319, 0.890971, 1.134583
 197.000000, 0.350254, 0.241963, 0.785110, 1.067682
20
 0.250000, 0.000000, 0.000000, 1.000000, 2.000000
 175.333333, 0.484791, 0.288973, 0.855513, 1.197719
 181.000000, 0.235727, 0.241252, 0.821363, 1.104972
 189.666667, 0.400703, 0.253076, 0.854130, 1.159930
 176.333333, 0.308129, 0.241966, 0.882798, 1.173913
 188.333333, 0.392920, 0.215929, 0.876106, 1.141593
 193.666667, 0.387263, 0.287435, 0.810671, 1.139415
 185.000000, 0.203604, 0.216216, 0.897297, 1.153153
 194.666667, 0.541096, 0.251712, 0.804795, 1.107877
 189.000000, 0.354497, 0.252205, 0.798942, 1.098765
 192.333333, 0.369151, 0.220104, 0.802426, 1.062392
 179.666667, 0.320965, 0.230056, 0.842301, 1.118738
 187.333333, 0.192171, 0.206406, 0.862989, 1.110320
 189.333333, 0.396127, 0.227113, 0.785211, 1.051056
 201.000000, 0.290216, 0.210614, 0.842454, 1.092869
 194.666667, 0.303082, 0.181507, 0.914384, 1.138699
 202.666667, 0.393092, 0.238487, 0.794408, 1.074013
 197.000000, 0.362098, 0.243655, 0.769882, 1.052453
 195.000000, 0.415385, 0.218803, 0.905983, 1.165812
 199.333333, 0.459866, 0.274247, 0.770903, 1.086957
21
 0.250000, 0.000000, 2.000000, 1.000000, 3.000000
 173.000000, 0.344894, 0.263969, 0.822736, 1.136802
 177.333333, 0.225564, 0.233083, 0.885338, 1.163534
 190.666667, 0.445804, 0.239510, 0.832168, 1.124126
 180.666667, 0.428044, 0.285978, 0.863469, 1.199262
 192.000000, 0.371528, 0.225694, 0.845486, 1.119792
 186.333333, 0.391771, 0.286225, 0.815742, 1.143113
 189.666667, 0.242531, 0.221441, 0.898067, 1.158172
 182.333333, 0.261426, 0.270567, 0.797075, 1.111517
 191.666667, 0.366957, 0.243478, 0.813913, 1.099130
 189.333333, 0.242958, 0.225352, 0.830986, 1.095070
 185.000000, 0.392793, 0.246847, 0.805405, 1.097297
 198.000000, 0.329966, 0.235690, 0.846801, 1.124579
 189.000000, 0.306878, 0.218695, 0.818342, 1.088183
 195.000000, 0.280342, 0.196581, 0.873504, 1.111111
 194.000000, 0.262887, 0.171821, 0.927835, 1.140893
 200.666667, 0.446844, 0.249169, 0.764120, 1.058140
 199.000000, 0.356784, 0.237856, 0.793970, 1.073702
 190.333333, 0.332750, 0.199650, 0.935201, 1.178634
 202.000000, 0.440594, 0.257426, 0.765677, 1.066007
22
 0.250000, 0.000000, 0.000000, 0.000000, 1.000000
 178.000000, 0.436330, 0.237828, 0.801498, 1.089888
 179.333333, 0.139405, 0.256506, 0.775093, 1.072491
 188.333333, 0.398230, 0.263717, 0.831858, 1.143363
 176.000000, 0.426136, 0.280303, 0.878788, 1.210227
 177.666667, 0.348968, 0.257036, 0.851782, 1.146341
 194.000000, 0.445017, 0.257732, 0.805842, 1.109966
 191.666667, 0.292174, 0.201739, 0.812174, 1.055652
 183.000000, 0.346084, 0.331512, 0.821494, 1.194900
 188.333333, 0.322124, 0.238938, 0.844248, 1.127434
 186.666667, 0.221429, 0.208929, 0.808929, 1.064286
 171.333333, 0.196498, 0.239300, 0.822957, 1.108949
 197.000000, 0.348562, 0.213198, 0.822335, 1.076142
 183.333333, 0.281818, 0.229091, 0.783636, 1.052727
 187.666667, 0.222025, 0.204263, 0.818828, 1.067496
 198.000000, 0.493266, 0.220539, 0.910774, 1.178451
 196.333333, 0.302207, 0.200340, 0.772496, 1.011885
 189.666667, 0.267135, 0.239016, 0.783831, 1.070299
 193.666667, 0.327022, 0.213425, 0.931153, 1.184165
 196.666667, 0.428814, 0.272881, 0.783051, 1.094915
23
 0.250000, 0.000000, 0.000000, 1.000000, 1.000000
 170.000000, 0.323529, 0.254902, 0.850980, 1.154902
 175.333333, 0.228137, 0.249049, 0.838403, 1.133080
 188.666667, 0.477032, 0.250883, 0.863958, 1.160777
 182.000000, 0.448718, 0.294872, 0.860806, 1.199634
 195.333333, 0.525597, 0.232082, 0.844710, 1.117747
 180.666667, 0.201107, 0.256458, 0.828413, 1.127306
 199.666667, 0.375626, 0.217028, 0.794658, 1.050083
 185.000000, 0.246847, 0.250450, 0.834234, 1.126126
 185.333333, 0.264388, 0.226619, 0.807554, 1.079137
 181.333333, 0.154412, 0.240809, 0.810662, 1.090074
 180.333333, 0.216266, 0.247689, 0.789279, 1.083179
 189.000000, 0.188713, 0.223986, 0.853616, 1.118166
 186.666667, 0.271429, 0.221429, 0.796429, 1.057143
 195.000000, 0.314530, 0.205128, 0.849573, 1.094017
 190.000000, 0.250877, 0.173684, 0.922807, 1.138596
 202.000000, 0.458746, 0.202970, 0.770627, 1.026403
 194.666667, 0.332192, 0.256849, 0.780822, 1.082192
 192.333333, 0.379549, 0.216638, 0.904679, 1.162912
 193.000000, 0.398964, 0.248705, 0.787565, 1.077720
24
 0.250000, 9.000000, 0.000000, 1.000000, 2.000000
 174.333333, 0.405354, 0.279159, 0.829828, 1.166348
 178.666667, 0.291045, 0.251866, 0.845149, 1.145522
 187.333333, 0.377224, 0.240214, 0.861210, 1.153025
 179.333333, 0.349442, 0.314126, 0.855019, 1.210037
 187.000000, 0.368984, 0.238859, 0.882353, 1.167558
 186.666667, 0.423214, 0.239286, 0.808929, 1.087500
 200.000000, 0.326667, 0.203333, 0.806667, 1.051667
 182.000000, 0.302198, 0.225275, 0.820513, 1.087912
 186.000000, 0.275986, 0.229391, 0.822581, 1.093190
 195.333333, 0.313993, 0.216724, 0.795222, 1.059727
 177.000000, 0.216573, 0.265537, 0.790960, 1.097928
 196.333333, 0.286927, 0.207131, 0.855688, 1.105263
 193.333333, 0.272414, 0.215517, 0.789655, 1.046552
 202.000000, 0.306931, 0.194719, 0.876238, 1.112211
 187.000000, 0.381462, 0.237077, 0.941176, 1.228164
 193.000000, 0.381693, 0.205527, 0.768566, 1.015544
 206.666667, 0.512903, 0.267742, 0.775806, 1.088710
 200.666667, 0.323920, 0.177741, 0.887043, 1.106312
 185.666667, 0.217235, 0.280072, 0.779174, 1.100539
25
 0.250000, 4.000000, 2.000000, 0.000000, 3.000000
 170.000000, 0.347059, 0.249020, 0.845098, 1.152941
 184.000000, 0.358696, 0.280797, 0.842391, 1.166667
 187.000000, 0.281640, 0.270945, 0.848485, 1.176471
 176.666667, 0.373585, 0.286792, 0.830189, 1.160377
 181.000000, 0.289134, 0.219153, 0.871087, 1.128913
 183.000000, 0.262295, 0.236794, 0.834244, 1.116576
 192.333333, 0.348354, 0.223570, 0.814558, 1.079723
 191.666667, 0.358261, 0.229565, 0.819130, 1.095652
 186.666667, 0.382143, 0.264286, 0.807143, 1.112500
 184.000000, 0.192029, 0.230072, 0.798913, 1.070652
 182.000000, 0.399267, 0.276557, 0.822344, 1.141026
 192.333333, 0.225303, 0.204506, 0.849220, 1.097054
 187.333333, 0.279359, 0.233096, 0.806050, 1.080071
 203.000000, 0.305419, 0.208539, 0.825944, 1.077176
 194.000000, 0.274914, 0.195876, 0.982818, 1.226804
 193.666667, 0.332186, 0.220310, 0.779690, 1.043029
 193.666667, 0.345955, 0.247849, 0.807229, 1.106713
 188.666667, 0.363958, 0.180212, 0.909894, 1.134276
 207.333333, 0.485531, 0.237942, 0.776527, 1.059486
26
 0.250000, 1.000000, 2.000000, 4.000000, 9.000000
 173.333333, 0.542308, 0.288462, 0.878846, 1.217308
 179.666667, 0.256030, 0.254174, 0.870130, 1.166976
 185.000000, 0.351351, 0.273874, 0.834234, 1.154955
 185.333333, 0.491007, 0.255396, 0.834532, 1.133094
 179.333333, 0.362454, 0.262082, 0.877323, 1.182156
 185.000000, 0.302703, 0.300901, 0.827027, 1.169369
 195.666667, 0.494037, 0.202726, 0.770017, 1.011925
 186.000000, 0.283154, 0.245520, 0.844086, 1.132616
 185.000000, 0.257658, 0.219820, 0.778378, 1.039640
 185.666667, 0.245961, 0.220826, 0.807899, 1.070018
 181.666667, 0.234862, 0.236697, 0.798165, 1.080734
 195.000000, 0.352137, 0.230769, 0.834188, 1.105983
 191.666667, 0.283478, 0.220870, 0.770435, 1.031304
 199.333333, 0.386288, 0.188963, 0.864548, 1.095318
 196.333333, 0.342954, 0.191851, 0.955857, 1.198642
 192.666667, 0.311419, 0.202422, 0.799308, 1.043253
 200.333333, 0.454243, 0.217970, 0.801997, 1.058236
 196.666667, 0.300000, 0.189831, 0.869492, 1.105085
 198.333333, 0.238655, 0.247059, 0.763025, 1.050420
27
 0.250000, 2.000000, 2.000000, 0.000000, 4.000000
 175.333333, 0.456274, 0.287072, 0.851711, 1.207224
 186.000000, 0.388889, 0.283154, 0.856631, 1.189964
 191.666667, 0.483478, 0.290435, 0.836522, 1.179130
 175.333333, 0.323194, 0.287072, 0.870722, 1.201521
 185.666667, 0.418312, 0.219031, 0.852783, 1.111311
 183.000000, 0.340619, 0.258652, 0.817851, 1.118397
 190.000000, 0.294737, 0.207018, 0.873684, 1.122807
 181.000000, 0.208103, 0.243094, 0.808471, 1.093923
 176.666667, 0.245283, 0.237736, 0.815094, 1.094340
 190.333333, 0.259194, 0.220665, 0.802102, 1.063047
 180.333333, 0.284658, 0.225508, 0.811460, 1.077634
 190.000000, 0.289474, 0.203509, 0.819298, 1.064912
 188.666667, 0.333922, 0.229682, 0.848057, 1.121908
 196.666667, 0.284746, 0.205085, 0.825424, 1.072881
 191.333333, 0.238676, 0.168990, 0.923345, 1.134146
 195.333333, 0.387372, 0.223549, 0.781570, 1.046075
 193.333333, 0.236207, 0.212069, 0.736207, 0.993103
 194.000000, 0.496564, 0.256014, 0.919244, 1.216495
 198.333333, 0.388235, 0.240336, 0.769748, 1.055462
28
 0.250000, 1.000000, 2.000000, 3.000000, 8.000000
 175.333333, 0.442966, 0.260456, 0.838403, 1.157795
 181.333333, 0.218750, 0.257353, 0.847426, 1.165441
 186.000000, 0.406810, 0.286738, 0.863799, 1.193548
 179.000000, 0.338920, 0.266294, 0.882682, 1.191806
 179.666667, 0.330241, 0.254174, 0.866419, 1.163265
 184.666667, 0.355596, 0.283394, 0.853791, 1.176895
 189.666667, 0.231986, 0.270650, 0.826011, 1.137083
 182.000000, 0.307692, 0.241758, 0.831502, 1.113553
 189.000000, 0.335097, 0.238095, 0.830688, 1.112875
 183.000000, 0.224044, 0.229508, 0.823315, 1.092896
 179.333333, 0.265799, 0.263941, 0.810409, 1.115242
 187.333333, 0.158363, 0.211744, 0.809609, 1.062278
 190.000000, 0.280702, 0.226316, 0.771930, 1.038596
 198.666667, 0.246644, 0.199664, 0.840604, 1.080537
 192.666667, 0.301038, 0.178201, 0.920415, 1.140138
 196.666667, 0.252542, 0.227119, 0.761017, 1.028814
 193.666667, 0.306368, 0.256454, 0.791738, 1.086059
 198.333333, 0.324370, 0.236975, 0.885714, 1.163025
 205.000000, 0.494309, 0.266667, 0.813008, 1.120325
29
 0.250000, 0.000000, 2.000000, 1.000000, 7.000000
 178.333333, 0.469159, 0.291589, 0.828037, 1.171963
 180.000000, 0.300000, 0.262963, 0.850000, 1.153704
 194.333333, 0.511149, 0.269297, 0.876501, 1.204117
 173.666667, 0.262956, 0.257198, 0.877159, 1.180422
 185.000000, 0.347748, 0.263063, 0.875676, 1.181982
 189.666667, 0.413005, 0.295255, 0.831283, 1.166960
 191.000000, 0.350785, 0.218150, 0.827225, 1.085515
 183.333333, 0.285455, 0.261818, 0.845455, 1.147273
 191.666667, 0.391304, 0.212174, 0.787826, 1.040000
 187.000000, 0.221034, 0.201426, 0.800357, 1.042781
 178.000000, 0.340824, 0.220974, 0.803371, 1.071161
 193.666667, 0.292599, 0.196213, 0.812392, 1.051635
 197.000000, 0.387479, 0.225042, 0.796954, 1.082910
 196.666667, 0.296610, 0.206780, 0.838983, 1.093220
 188.000000, 0.260638, 0.171986, 0.925532, 1.138298
 202.666667, 0.508224, 0.238487, 0.774671, 1.054276
 193.000000, 0.310881, 0.229706, 0.751295, 1.024180
 201.333333, 0.438742, 0.200331, 0.897351, 1.145695
 198.333333, 0.364706, 0.257143, 0.806723, 1.110924
30
 0.250000, 1.000000, 2.000000, 1.000000, 8.000000
 176.333333, 0.446125, 0.253308, 0.826087, 1.134216
 181.333333, 0.189338, 0.251838, 0.794118, 1.088235
 193.333333, 0.431034, 0.255172, 0.803448, 1.108621
 183.666667, 0.421053, 0.301270, 0.858439, 1.205082
 196.666667, 0.567797, 0.249153, 0.810169, 1.103390
 193.666667, 0.506024, 0.292599, 0.829604, 1.161790
 192.000000, 0.239583, 0.197917, 0.864583, 1.100694
 183.333333, 0.276364, 0.241818, 0.821818, 1.103636
 179.000000, 0.212291, 0.223464, 0.804469, 1.070764
 192.666667, 0.375433, 0.261246, 0.794118, 1.098616
 185.666667, 0.341113, 0.236984, 0.788151, 1.068223
 192.000000, 0.246528, 0.217014, 0.821181, 1.085069
 192.000000, 0.309028, 0.223958, 0.776042, 1.043403
 194.333333, 0.269297, 0.186964, 0.792453, 1.020583
 189.333333, 0.211268, 0.170775, 0.941901, 1.156690
 197.000000, 0.406091, 0.223350, 0.798646, 1.064298
 196.666667, 0.362712, 0.257627, 0.774576, 1.072881
 195.333333, 0.397611, 0.220137, 0.889078, 1.151877
 192.333333, 0.362218, 0.254766, 0.783362, 1.081456
31
 0.250000, 1.000000, 1.000000, 1.000000, 6.000000
 178.000000, 0.408240, 0.295880, 0.822097, 1.181648
 178.666667, 0.250000, 0.279851, 0.860075, 1.180970
 186.000000, 0.388889, 0.258065, 0.810036, 1.114695
 178.666667, 0.300373, 0.291045, 0.837687, 1.173507
 187.000000, 0.363636, 0.237077, 0.843137, 1.122995
 182.333333, 0.383912, 0.297989, 0.822669, 1.160878
 199.666667, 0.432387, 0.225376, 0.876461, 1.141903
 182.666667, 0.215328, 0.259124, 0.833942, 1.144161
 188.333333, 0.306195, 0.224779, 0.801770, 1.065487
 190.666667, 0.346154, 0.243007, 0.809441, 1.094406
 187.000000, 0.426025, 0.242424, 0.796791, 1.081996
 197.333333, 0.273649, 0.212838, 0.842905, 1.101351
 181.333333, 0.275735, 0.240809, 0.786765, 1.069853
 197.666667, 0.320405, 0.200675, 0.816189, 1.059022
 192.666667, 0.285467, 0.185121, 0.946367, 1.178201
 190.666667, 0.274476, 0.197552, 0.776224, 1.022727
 198.000000, 0.414141, 0.240741, 0.786195, 1.067340
 200.000000, 0.550000, 0.233333, 0.898333, 1.171667
 198.666667, 0.414430, 0.238255, 0.756711, 1.036913
Histogram
0 0 0 0 0 0 0 0 0 3 271 305 31 0 0 0 0 0 0 0 2 0 0 0 0 0 0 0 0 0 3 0 0 0 0 0 0 0 0 0 2 0 0 0 0 0 0 0 0 0 0 0 0 0 0 0 0 0 0 0 3 0 0 0 0 0 0 0 0 0 1 0 0 0 0 0 0 0 0 0 2 0 0 0 0 0 0 0 0 0 1 0 0 0 0 0 0 0 0 0 0 0 0 0 0 0 0 0 0 0 0 0 0 0 0 0 0 0 0 16 
Cache Miss Ratio
NaN
numOfSets
361016
numOfGets
0
numOfMultiGets
0
