20
0
 0.250000, 22.000000, 0.000000, 15.000000, 29.000000
 920.000000, 19.364493, 2.536232, 0.956159, 3.543841
 992.333333, 19.377897, 2.343299, 0.895532, 3.277461
 1040.333333, 18.986543, 2.183275, 0.839154, 3.058635
 989.000000, 19.413886, 2.403101, 0.908325, 3.351534
 1008.333333, 19.315702, 2.284628, 0.889587, 3.215868
 975.666667, 19.253502, 2.314657, 0.891356, 3.241203
 1018.666667, 19.180628, 2.276505, 0.873037, 3.187500
 1048.666667, 19.260331, 2.207247, 0.845200, 3.092816
 968.000000, 19.366736, 2.383264, 0.921832, 3.341598
 936.666667, 20.059431, 2.667616, 0.990036, 3.694306
 994.333333, 19.896413, 2.422394, 0.911834, 3.375796
 932.333333, 20.070790, 2.611012, 0.983911, 3.637111
 988.333333, 19.589882, 2.395616, 0.908938, 3.344013
 974.000000, 20.167693, 2.486653, 0.931554, 3.457563
 986.000000, 19.742394, 2.444895, 0.923597, 3.407708
 870.666667, 20.390888, 2.902757, 1.055130, 4.000000
 914.666667, 20.091472, 2.677478, 0.988703, 3.706268
 897.666667, 19.805793, 2.681025, 0.995915, 3.714074
 948.666667, 20.133872, 2.617006, 0.953970, 3.610682
1
 0.250000, 17.000000, 0.000000, 9.000000, 24.000000
 917.000000, 19.288622, 2.520174, 0.957470, 3.531443
 993.333333, 19.401007, 2.350336, 0.900000, 3.290268
 1033.666667, 19.111577, 2.171235, 0.845211, 3.050629
 984.666667, 19.537238, 2.415708, 0.910968, 3.365267
 1021.000000, 19.374143, 2.287953, 0.884427, 3.210904
 974.666667, 19.306088, 2.330711, 0.890561, 3.258208
 1023.666667, 19.289157, 2.270270, 0.869749, 3.176815
 1048.000000, 19.415394, 2.218830, 0.846692, 3.106552
 970.666667, 19.347871, 2.398008, 0.921360, 3.356113
 936.000000, 19.943020, 2.668803, 0.993946, 3.698362
 994.666667, 19.933311, 2.404491, 0.912534, 3.355898
 933.333333, 20.075000, 2.610357, 0.984643, 3.634286
 988.333333, 19.540304, 2.390219, 0.909275, 3.340304
 970.666667, 20.180975, 2.481456, 0.933723, 3.454327
 987.666667, 20.026662, 2.452582, 0.918326, 3.410395
 869.333333, 20.299080, 2.912960, 1.055598, 4.008436
 919.000000, 19.993108, 2.651070, 0.984403, 3.675734
 883.666667, 19.820068, 2.686911, 1.009808, 3.736703
 947.000000, 19.947202, 2.599789, 0.957409, 3.596269
2
 0.250000, 23.000000, 0.000000, 11.000000, 25.000000
 932.666667, 19.309864, 2.547534, 0.938885, 3.538242
 999.333333, 19.470314, 2.353235, 0.887925, 3.278853
 1036.333333, 19.164683, 2.180444, 0.842715, 3.057896
 983.333333, 19.576610, 2.419661, 0.913220, 3.370169
 1022.333333, 19.215194, 2.296707, 0.882295, 3.216824
 971.666667, 19.194511, 2.321441, 0.890909, 3.250086
 1017.000000, 19.226483, 2.275975, 0.874140, 3.189118
 1046.666667, 19.440446, 2.225159, 0.848726, 3.112739
 973.000000, 19.474135, 2.378897, 0.916410, 3.332306
 935.666667, 20.241539, 2.683648, 0.992162, 3.712861
 997.666667, 19.861343, 2.407952, 0.906114, 3.355496
 936.333333, 20.174439, 2.613742, 0.983268, 3.635813
 982.666667, 19.768318, 2.376526, 0.915197, 3.330733
 980.666667, 20.120666, 2.488783, 0.923521, 3.454113
 990.000000, 19.978451, 2.454209, 0.918182, 3.410101
 878.000000, 20.317768, 2.887623, 1.046697, 3.973045
 927.000000, 19.986695, 2.638260, 0.978785, 3.660913
 891.666667, 19.796636, 2.702430, 1.001121, 3.743551
 940.666667, 20.172927, 2.608788, 0.963501, 3.610560
3
 0.250000, 17.000000, 0.000000, 9.000000, 23.000000
 919.000000, 19.342401, 2.538266, 0.959013, 3.548422
 1000.666667, 19.461692, 2.340440, 0.885077, 3.267488
 1038.666667, 19.228819, 2.180039, 0.839538, 3.054878
 987.000000, 19.636609, 2.401891, 0.908815, 3.349206
 1018.666667, 19.288613, 2.295812, 0.886126, 3.219568
 969.666667, 19.132004, 2.330010, 0.891372, 3.261258
 1014.333333, 19.265527, 2.270785, 0.879395, 3.186987
 1050.666667, 19.368655, 2.222716, 0.845812, 3.107868
 968.666667, 19.458018, 2.379560, 0.923262, 3.342395
 935.333333, 20.133286, 2.660371, 0.992872, 3.693870
 997.333333, 19.787433, 2.397727, 0.909091, 3.346257
 935.666667, 20.187745, 2.621304, 0.980406, 3.643748
 989.666667, 19.655103, 2.385989, 0.906029, 3.332772
 970.333333, 20.057025, 2.483683, 0.933700, 3.455857
 988.666667, 19.912340, 2.436615, 0.919420, 3.394471
 877.333333, 20.428951, 2.896277, 1.048632, 3.984802
 915.666667, 19.882053, 2.632690, 0.989807, 3.659993
 888.333333, 19.758349, 2.683302, 1.003002, 3.723827
 943.666667, 20.022960, 2.598728, 0.959378, 3.596609
4
 0.250000, 17.000000, 14.000000, 2.000000, 21.000000
 924.333333, 19.285251, 2.574829, 0.946268, 3.574107
 991.333333, 19.310356, 2.352724, 0.897781, 3.286819
 1027.333333, 19.217067, 2.170668, 0.846853, 3.055483
 991.000000, 19.707366, 2.407333, 0.906155, 3.352506
 1018.666667, 19.434228, 2.294175, 0.886453, 3.216950
 970.666667, 19.295330, 2.318338, 0.894574, 3.250343
 1020.333333, 19.148971, 2.273767, 0.870304, 3.182947
 1039.333333, 19.371071, 2.216485, 0.855035, 3.110969
 971.666667, 19.457290, 2.376329, 0.918010, 3.331046
 932.666667, 19.743031, 2.668692, 0.997141, 3.702645
 989.000000, 19.787327, 2.401416, 0.916751, 3.358948
 929.666667, 20.096809, 2.628541, 0.990678, 3.657942
 979.333333, 19.520422, 2.389381, 0.913547, 3.346494
 978.333333, 20.012266, 2.483816, 0.923680, 3.448382
 989.666667, 19.898619, 2.448973, 0.918828, 3.409229
 873.000000, 20.396334, 2.875907, 1.050401, 3.964872
 918.333333, 19.919419, 2.665336, 0.986570, 3.691470
 888.666667, 19.771193, 2.666542, 1.001875, 3.708552
 940.333333, 20.120879, 2.600851, 0.957816, 3.600496
5
 0.250000, 23.000000, 14.000000, 4.000000, 23.000000
 927.333333, 19.291876, 2.539180, 0.950036, 3.539540
 983.000000, 19.484571, 2.340115, 0.907426, 3.284164
 1033.333333, 19.033548, 2.175484, 0.843871, 3.055161
 990.333333, 19.609222, 2.416695, 0.908785, 3.362841
 1014.333333, 19.287874, 2.283930, 0.887282, 3.208347
 980.333333, 19.247875, 2.328460, 0.884393, 3.251955
 1014.333333, 19.298390, 2.274072, 0.872823, 3.187315
 1051.333333, 19.311034, 2.224477, 0.847495, 3.110019
 970.333333, 19.402267, 2.383373, 0.920302, 3.340776
 936.333333, 20.186899, 2.679601, 0.990744, 3.708437
 996.666667, 19.738796, 2.408027, 0.911037, 3.357191
 930.000000, 20.161290, 2.634409, 0.989247, 3.661290
 984.000000, 19.698171, 2.381436, 0.914973, 3.334688
 978.333333, 19.912436, 2.473935, 0.925724, 3.438160
 986.333333, 19.941196, 2.445083, 0.918554, 3.404529
 879.333333, 20.568234, 2.894617, 1.043973, 3.977255
 910.333333, 19.931893, 2.641523, 0.995606, 3.676675
 898.333333, 19.912801, 2.710204, 0.994063, 3.742486
 940.666667, 19.999646, 2.615875, 0.962438, 3.618356
6
 0.250000, 23.000000, 16.000000, 0.000000, 24.000000
 926.666667, 19.338129, 2.535971, 0.945324, 3.533094
 992.000000, 19.406250, 2.336358, 0.899866, 3.271841
 1037.666667, 19.095406, 2.164472, 0.842917, 3.041439
 985.666667, 19.431857, 2.415286, 0.909029, 3.360162
 1017.000000, 19.516224, 2.281875, 0.885611, 3.206162
 969.333333, 19.120014, 2.316025, 0.892366, 3.246217
 1020.000000, 19.130392, 2.283333, 0.873529, 3.195098
 1047.333333, 19.245703, 2.220878, 0.848186, 3.108211
 968.333333, 19.251979, 2.391394, 0.922547, 3.350086
 941.000000, 20.326249, 2.678356, 0.986893, 3.703153
 998.000000, 19.917502, 2.416166, 0.908818, 3.364729
 936.000000, 20.089744, 2.620014, 0.985399, 3.641738
 986.666667, 19.528041, 2.375000, 0.910135, 3.326014
 976.666667, 20.070648, 2.498976, 0.929352, 3.466553
 992.333333, 19.943903, 2.452805, 0.915351, 3.405442
 875.666667, 20.649410, 2.894557, 1.049867, 3.983632
 914.333333, 19.727670, 2.635800, 0.990886, 3.665694
 887.000000, 19.852687, 2.695227, 1.005261, 3.741826
 940.666667, 20.064493, 2.609142, 0.963147, 3.609142
7
 0.250000, 20.000000, 15.000000, 0.000000, 24.000000
 918.666667, 19.309869, 2.533019, 0.948476, 3.533745
 992.000000, 19.508737, 2.348118, 0.897849, 3.283602
 1044.000000, 19.284483, 2.176245, 0.836526, 3.050128
 992.666667, 19.675285, 2.428475, 0.905977, 3.370719
 1024.333333, 19.368044, 2.290921, 0.878295, 3.206638
 977.000000, 19.306721, 2.315251, 0.888775, 3.242238
 1015.000000, 19.269294, 2.277176, 0.875534, 3.194745
 1047.000000, 19.361032, 2.224451, 0.848456, 3.112066
 967.666667, 19.421633, 2.388564, 0.922494, 3.349638
 931.000000, 20.218403, 2.663086, 0.997852, 3.697816
 997.666667, 19.829602, 2.393251, 0.910124, 3.341463
 936.000000, 20.210470, 2.628917, 0.985755, 3.652778
 992.333333, 19.789385, 2.388982, 0.906281, 3.334901
 977.333333, 20.078104, 2.478172, 0.927694, 3.444065
 985.333333, 19.894790, 2.434032, 0.921177, 3.392760
 878.666667, 20.443096, 2.890744, 1.046282, 3.978376
 917.666667, 19.872866, 2.642935, 0.989829, 3.672357
 889.333333, 19.865067, 2.690780, 1.001874, 3.732009
 947.333333, 20.093948, 2.592892, 0.955313, 3.586207
Histogram
0 0 0 0 0 0 0 0 0 0 0 0 0 0 0 0 0 0 0 0 0 0 0 0 0 0 0 0 0 0 9 15 24 34 14 11 24 13 0 6 2 0 0 0 0 0 0 0 0 0 0 0 0 0 0 0 0 0 0 0 0 0 0 0 0 0 0 0 0 0 0 0 0 0 0 0 0 0 0 0 0 0 0 0 0 0 0 0 0 0 0 0 0 0 0 0 0 0 0 0 0 0 0 0 0 0 0 0 0 0 0 0 0 0 0 0 0 0 0 8 
Cache Miss Ratio
NaN
numOfSets
464384
numOfGets
0
numOfMultiGets
0
