20
0
 0.250000, 1.000000, 0.000000, 4.000000, 17.000000
 145.333333, 3.222477, 0.479358, 1.353211, 1.919725
 166.000000, 3.283133, 0.471888, 1.202811, 1.720884
 153.000000, 3.220044, 0.429194, 1.100218, 1.579521
 155.666667, 2.895075, 0.503212, 1.235546, 1.785867
 160.666667, 3.147303, 0.419087, 1.203320, 1.686722
 167.666667, 3.405567, 0.510934, 1.272366, 1.946322
 184.000000, 4.014493, 0.519928, 1.217391, 1.791667
 149.333333, 4.819196, 0.803571, 1.332589, 2.189732
 131.666667, 3.911392, 0.655696, 1.296203, 2.035443
 145.000000, 4.094253, 0.710345, 1.268966, 2.032184
 159.666667, 3.183716, 0.494781, 1.158664, 1.716075
 144.333333, 3.586605, 0.524249, 1.180139, 1.759815
 144.000000, 2.905093, 0.532407, 1.157407, 1.766204
 134.000000, 3.472637, 0.659204, 1.263682, 2.000000
 153.333333, 3.480435, 0.493478, 1.089130, 1.654348
 177.333333, 3.421053, 0.488722, 1.186090, 1.721805
 160.666667, 3.771784, 0.537344, 1.479253, 2.074689
 159.333333, 3.682008, 0.491632, 1.125523, 1.665272
 171.333333, 4.352140, 0.548638, 1.120623, 1.725681
1
 0.250000, 1.000000, 0.000000, 5.000000, 15.000000
 152.000000, 3.438596, 0.710526, 1.267544, 2.074561
 171.333333, 3.840467, 0.542802, 1.241245, 1.838521
 155.666667, 3.132762, 0.391863, 1.083512, 1.531049
 163.000000, 3.474438, 0.445808, 1.204499, 1.705521
 161.666667, 3.344330, 0.424742, 1.156701, 1.630928
 175.666667, 3.734345, 0.497154, 1.231499, 1.777989
 165.333333, 3.510081, 0.546371, 1.266129, 1.866935
 137.333333, 4.206311, 0.747573, 1.325243, 2.128641
 145.333333, 4.805046, 0.731651, 1.176606, 1.967890
 125.333333, 4.109043, 0.747340, 1.359043, 2.159574
 150.666667, 3.024336, 0.484513, 1.110619, 1.648230
 151.333333, 3.211454, 0.500000, 1.180617, 1.748899
 137.666667, 2.857143, 0.476998, 1.133172, 1.665860
 141.666667, 3.748235, 0.552941, 1.249412, 1.868235
 152.333333, 3.437637, 0.553611, 1.157549, 1.768053
 170.333333, 3.755382, 0.473581, 1.189824, 1.708415
 151.333333, 3.000000, 0.557269, 1.255507, 1.870044
 159.000000, 4.155136, 0.572327, 1.201258, 1.821803
 172.333333, 3.597679, 0.470019, 1.179884, 1.713733
2
 0.250000, 1.000000, 0.000000, 3.000000, 21.000000
 151.666667, 3.494505, 0.518681, 1.237363, 1.826374
 164.666667, 3.311741, 0.500000, 1.305668, 1.858300
 157.000000, 3.320594, 0.447983, 1.101911, 1.598726
 158.333333, 3.343158, 0.494737, 1.267368, 1.810526
 151.666667, 2.668132, 0.404396, 1.182418, 1.643956
 168.666667, 3.420949, 0.533597, 1.162055, 1.747036
 158.666667, 2.768908, 0.565126, 1.210084, 1.825630
 139.333333, 4.165072, 0.784689, 1.392344, 2.220096
 132.666667, 3.701005, 0.688442, 1.286432, 2.045226
 146.000000, 4.367580, 0.625571, 1.262557, 1.938356
 148.000000, 2.801802, 0.527027, 1.175676, 1.763514
 155.666667, 3.164882, 0.501071, 1.147752, 1.700214
 152.000000, 2.699561, 0.475877, 1.109649, 1.633772
 129.333333, 3.876289, 0.585052, 1.296392, 1.932990
 161.666667, 3.952577, 0.544330, 1.125773, 1.742268
 166.333333, 3.519038, 0.478958, 1.160321, 1.687375
 156.666667, 3.165957, 0.506383, 1.257447, 1.985106
 133.666667, 2.907731, 0.503741, 1.159601, 1.720698
 179.666667, 3.500928, 0.450835, 1.074212, 1.582560
3
 0.250000, 1.000000, 0.000000, 4.000000, 9.000000
 153.666667, 3.874187, 0.503254, 1.216920, 1.776573
 158.333333, 3.218947, 0.433684, 1.406316, 1.890526
 166.000000, 3.204819, 0.405622, 1.048193, 1.500000
 162.000000, 3.279835, 0.460905, 1.146091, 1.656379
 156.000000, 3.145299, 0.435897, 1.153846, 1.636752
 169.333333, 3.236220, 0.470472, 1.200787, 1.730315
 162.333333, 3.659138, 0.601643, 1.256674, 1.905544
 131.000000, 3.936387, 0.730280, 1.234097, 2.027990
 144.666667, 4.502304, 0.675115, 1.168203, 1.907834
 116.666667, 4.557143, 0.754286, 1.311429, 2.122857
 162.666667, 3.436475, 0.522541, 1.131148, 1.700820
 139.666667, 2.620525, 0.491647, 1.210024, 1.758950
 143.000000, 2.508159, 0.473193, 1.165501, 1.687646
 131.000000, 3.643766, 0.552163, 1.409669, 2.086514
 146.666667, 3.234091, 0.475000, 1.129545, 1.663636
 163.000000, 3.063395, 0.456033, 1.280164, 1.791411
 153.333333, 3.043478, 0.506522, 1.365217, 1.932609
 150.666667, 3.603982, 0.466814, 1.119469, 1.659292
 168.333333, 3.857426, 0.477228, 1.154455, 1.685149
4
 0.250000, 1.000000, 0.000000, 4.000000, 8.000000
 160.333333, 3.852391, 0.621622, 1.307692, 2.004158
 168.666667, 3.142292, 0.424901, 1.347826, 1.826087
 138.333333, 2.522892, 0.455422, 1.144578, 1.645783
 151.666667, 2.683516, 0.457143, 1.193407, 1.698901
 163.333333, 3.418367, 0.455102, 1.146939, 1.655102
 172.000000, 3.693798, 0.498062, 1.164729, 1.707364
 163.666667, 3.421589, 0.558045, 1.240326, 1.853360
 146.000000, 5.114155, 0.815068, 1.287671, 2.159817
 129.333333, 3.623711, 0.559278, 1.224227, 1.829897
 128.666667, 4.572539, 0.751295, 1.365285, 2.168394
 145.333333, 3.011468, 0.518349, 1.227064, 1.798165
 152.666667, 3.310044, 0.558952, 1.165939, 1.775109
 172.666667, 3.312741, 0.494208, 1.135135, 1.679537
 144.666667, 4.027650, 0.550691, 1.294931, 1.914747
 140.333333, 2.966746, 0.444181, 1.178147, 1.681710
 172.333333, 3.479691, 0.456480, 1.206963, 1.715667
 168.666667, 3.498024, 0.515810, 1.330040, 1.901186
 142.333333, 3.920375, 0.590164, 1.152225, 1.810304
 170.333333, 3.624266, 0.500978, 1.209393, 1.761252
5
 0.250000, 1.000000, 0.000000, 4.000000, 7.000000
 148.666667, 3.665919, 0.544843, 1.199552, 1.793722
 165.000000, 3.688889, 0.505051, 1.195960, 1.761616
 149.000000, 3.114094, 0.422819, 1.123043, 1.604027
 162.333333, 2.599589, 0.410678, 1.318275, 1.774127
 160.666667, 2.688797, 0.429461, 1.157676, 1.636929
 162.000000, 3.555556, 0.539095, 1.261317, 1.855967
 166.666667, 2.936000, 0.484000, 1.170000, 1.710000
 139.333333, 4.086124, 0.751196, 1.299043, 2.095694
 149.666667, 4.757238, 0.719376, 1.227171, 2.000000
 133.000000, 4.030075, 0.666667, 1.315789, 2.037594
 165.333333, 3.260081, 0.485887, 1.106855, 1.647177
 160.333333, 3.846154, 0.557173, 1.139293, 1.746362
 134.333333, 3.019851, 0.434243, 1.133995, 1.615385
 143.000000, 4.531469, 0.543124, 1.317016, 1.925408
 153.000000, 3.629630, 0.520697, 1.163399, 1.736383
 166.666667, 3.468000, 0.424000, 1.232000, 1.714000
 165.000000, 3.442424, 0.488889, 1.143434, 1.678788
 160.666667, 3.601660, 0.460581, 1.089212, 1.597510
 165.000000, 3.492929, 0.452525, 1.193939, 1.707071
6
 0.250000, 1.000000, 3.000000, 1.000000, 6.000000
 156.000000, 3.452991, 0.529915, 1.294872, 1.893162
 168.666667, 3.243083, 0.529644, 1.148221, 1.735178
 147.666667, 2.625282, 0.401806, 1.176072, 1.634312
 161.666667, 3.150515, 0.451546, 1.270103, 1.767010
 165.666667, 2.989940, 0.446680, 1.185111, 1.676056
 167.000000, 3.387226, 0.502994, 1.305389, 1.862275
 163.000000, 3.703476, 0.623722, 1.173824, 1.852761
 159.666667, 5.189979, 0.893528, 1.258873, 2.204593
 150.333333, 4.623060, 0.678492, 1.177384, 1.909091
 119.666667, 3.791086, 0.824513, 1.467967, 2.345404
 168.333333, 3.560396, 0.518812, 1.108911, 1.683168
 142.333333, 3.473068, 0.494145, 1.074941, 1.615925
 158.000000, 3.546414, 0.481013, 1.135021, 1.672996
 142.000000, 4.000000, 0.549296, 1.237089, 1.842723
 154.666667, 2.974138, 0.502155, 1.187500, 1.741379
 162.333333, 3.349076, 0.535934, 1.268994, 1.854209
 154.000000, 3.651515, 0.461039, 1.203463, 1.712121
 159.666667, 3.260960, 0.486430, 1.158664, 1.711900
 160.333333, 3.162162, 0.505198, 1.212058, 1.773389
7
 0.250000, 0.000000, 2.000000, 1.000000, 13.000000
 146.666667, 3.445455, 0.665909, 1.354545, 2.084091
 153.666667, 3.117137, 0.479393, 1.340564, 1.869848
 140.000000, 2.769048, 0.447619, 1.188095, 1.695238
 174.666667, 3.442748, 0.450382, 1.141221, 1.641221
 165.666667, 2.981891, 0.462777, 1.136821, 1.649899
 169.666667, 3.817289, 0.524558, 1.282908, 1.858546
 173.666667, 3.406910, 0.556622, 1.176583, 1.781190
 155.000000, 4.690323, 0.888172, 1.361290, 2.303226
 134.666667, 3.938119, 0.618812, 1.170792, 1.836634
 119.333333, 4.106145, 0.653631, 1.365922, 2.067039
 155.666667, 3.250535, 0.503212, 1.113490, 1.668094
 150.666667, 3.192478, 0.500000, 1.146018, 1.701327
 163.666667, 3.038697, 0.490835, 1.083503, 1.619145
 145.666667, 3.885584, 0.594966, 1.286041, 1.938215
 163.000000, 3.795501, 0.546012, 1.128834, 1.721881
 164.000000, 3.166667, 0.447154, 1.168699, 1.664634
 157.000000, 3.295117, 0.515924, 1.142251, 1.719745
 153.000000, 3.568627, 0.557734, 1.126362, 1.745098
 160.333333, 3.218295, 0.469854, 1.164241, 1.688150
8
 0.250000, 4.000000, 6.000000, 0.000000, 16.000000
 132.666667, 3.022613, 0.771357, 1.469849, 2.351759
 161.000000, 3.376812, 0.614907, 1.223602, 1.894410
 164.333333, 3.452333, 0.484787, 1.077079, 1.610548
 160.333333, 3.209979, 0.471933, 1.182952, 1.708940
 154.666667, 3.508621, 0.480603, 1.219828, 1.771552
 165.666667, 3.303823, 0.486922, 1.327968, 1.875252
 157.333333, 3.264831, 0.567797, 1.307203, 1.927966
 153.000000, 5.063181, 0.843137, 1.244009, 2.154684
 132.000000, 3.987374, 0.696970, 1.285354, 2.055556
 137.666667, 4.012107, 0.661017, 1.266344, 1.983051
 154.666667, 3.155172, 0.456897, 1.125000, 1.633621
 156.000000, 3.378205, 0.510684, 1.179487, 1.745726
 148.000000, 3.101351, 0.463964, 1.096847, 1.610360
 138.333333, 3.626506, 0.546988, 1.371084, 1.985542
 145.000000, 3.377011, 0.487356, 1.140230, 1.678161
 159.666667, 3.162839, 0.415449, 1.185804, 1.649269
 162.000000, 3.895062, 0.572016, 1.230453, 1.845679
 150.000000, 3.733333, 0.533333, 1.160000, 1.753333
 170.000000, 3.217647, 0.400000, 1.258824, 1.713725
9
 0.250000, 5.000000, 6.000000, 0.000000, 15.000000
 129.333333, 3.512887, 0.582474, 1.329897, 1.974227
 150.000000, 3.826667, 0.571111, 1.222222, 1.853333
 163.000000, 3.730061, 0.464213, 1.120654, 1.633947
 166.000000, 3.485944, 0.467871, 1.238956, 1.777108
 167.000000, 3.594810, 0.455090, 1.159681, 1.674651
 165.000000, 3.442424, 0.537374, 1.298990, 1.898990
 163.000000, 3.521472, 0.548057, 1.208589, 1.815951
 144.000000, 5.099537, 0.754630, 1.337963, 2.145833
 132.000000, 4.113636, 0.747475, 1.156566, 1.959596
 125.666667, 3.896552, 0.684350, 1.230769, 1.973475
 170.666667, 3.421875, 0.527344, 1.037109, 1.615234
 153.000000, 3.531590, 0.525054, 1.178649, 1.755991
 145.666667, 3.482838, 0.498856, 1.128146, 1.672769
 125.666667, 3.108753, 0.588859, 1.347480, 2.007958
 161.333333, 3.530992, 0.481405, 1.103306, 1.632231
 169.666667, 3.388998, 0.467583, 1.223969, 1.770138
 169.333333, 3.338583, 0.553150, 1.167323, 1.767717
 139.666667, 3.525060, 0.563246, 1.174224, 1.797136
 177.000000, 3.346516, 0.457627, 1.161959, 1.672316
10
 0.250000, 4.000000, 6.000000, 2.000000, 13.000000
 147.333333, 3.398190, 0.518100, 1.312217, 1.895928
 147.333333, 3.052036, 0.547511, 1.468326, 2.083710
 154.666667, 2.941810, 0.584052, 1.308190, 1.939655
 166.000000, 3.341365, 0.447791, 1.108434, 1.610442
 160.000000, 3.591667, 0.481250, 1.218750, 1.756250
 157.000000, 3.297240, 0.554140, 1.176221, 1.777070
 158.333333, 3.541053, 0.517895, 1.214737, 1.797895
 154.333333, 5.531317, 0.846652, 1.362851, 2.263499
 139.666667, 4.813842, 0.689737, 1.236277, 1.980907
 131.666667, 4.574684, 0.751899, 1.255696, 2.073418
 161.000000, 3.530021, 0.532091, 1.155280, 1.759834
 160.000000, 3.891667, 0.556250, 1.143750, 1.762500
 144.666667, 2.813364, 0.460829, 1.161290, 1.670507
 138.666667, 3.709135, 0.639423, 1.399038, 2.108173
 148.000000, 3.155405, 0.430180, 1.105856, 1.603604
 169.666667, 3.139489, 0.406680, 1.255403, 1.717092
 153.000000, 2.884532, 0.481481, 1.215686, 1.745098
 162.000000, 3.666667, 0.592593, 1.096708, 1.738683
 178.666667, 3.705224, 0.462687, 1.222015, 1.736940
11
 0.250000, 0.000000, 0.000000, 0.000000, 7.000000
 151.666667, 3.918681, 0.573626, 1.272527, 1.896703
 152.666667, 2.960699, 0.443231, 1.227074, 1.727074
 157.000000, 2.936306, 0.430998, 1.082803, 1.558386
 165.000000, 3.391919, 0.456566, 1.181818, 1.686869
 170.666667, 3.171875, 0.416016, 1.138672, 1.607422
 175.333333, 3.545627, 0.538023, 1.269962, 1.870722
 169.666667, 3.662083, 0.526523, 1.182711, 1.764244
 152.666667, 4.480349, 0.781659, 1.316594, 2.170306
 125.666667, 4.079576, 0.557029, 1.185676, 1.793103
 134.666667, 4.022277, 0.700495, 1.202970, 1.948020
 168.666667, 3.122530, 0.484190, 1.084980, 1.622530
 136.333333, 3.061125, 0.523227, 1.117359, 1.694377
 142.333333, 3.135831, 0.489461, 1.110070, 1.648712
 140.000000, 4.092857, 0.607143, 1.223810, 1.892857
 153.333333, 3.232609, 0.508696, 1.165217, 1.732609
 162.000000, 3.298354, 0.432099, 1.181070, 1.660494
 162.666667, 3.592213, 0.473361, 1.327869, 1.846311
 158.666667, 3.739496, 0.552521, 1.165966, 1.779412
 166.333333, 3.062124, 0.482966, 1.248497, 1.793587
12
 0.250000, 0.000000, 0.000000, 4.000000, 7.000000
 141.000000, 3.314421, 0.494090, 1.364066, 1.910165
 170.000000, 3.845098, 0.556863, 1.445098, 2.058824
 160.333333, 2.943867, 0.426195, 1.043659, 1.517672
 142.666667, 2.184579, 0.413551, 1.322430, 1.787383
 166.666667, 3.370000, 0.414000, 1.258000, 1.736000
 166.666667, 3.464000, 0.542000, 1.270000, 1.864000
 174.666667, 3.177481, 0.486641, 1.099237, 1.639313
 150.000000, 4.846667, 0.717778, 1.262222, 2.024444
 134.000000, 4.440299, 0.830846, 1.106965, 1.990050
 134.333333, 4.282878, 0.682382, 1.312655, 2.064516
 166.000000, 3.216867, 0.479920, 1.080321, 1.610442
 164.333333, 3.659229, 0.492901, 1.144016, 1.687627
 150.000000, 3.335556, 0.586667, 1.062222, 1.706667
 141.000000, 4.375887, 0.593381, 1.234043, 1.881797
 158.000000, 3.116034, 0.457806, 1.187764, 1.698312
 167.333333, 3.314741, 0.444223, 1.225100, 1.721116
 161.000000, 3.356108, 0.594203, 1.211180, 1.863354
 164.333333, 3.858012, 0.472617, 1.229209, 1.758621
 167.666667, 3.588469, 0.449304, 1.190855, 1.701789
13
 0.250000, 19.000000, 2.000000, 1.000000, 3.000000
 159.000000, 3.907757, 0.555556, 1.243187, 1.865828
 174.666667, 3.108779, 0.484733, 1.173664, 1.721374
 153.333333, 2.908696, 0.402174, 1.104348, 1.547826
 165.000000, 3.048485, 0.442424, 1.254545, 1.755556
 153.333333, 3.019565, 0.456522, 1.173913, 1.682609
 166.666667, 3.646000, 0.534000, 1.168000, 1.754000
 168.333333, 3.786139, 0.574257, 1.203960, 1.825743
 143.666667, 5.169374, 0.788863, 1.399072, 2.245940
 152.666667, 4.194323, 0.729258, 1.218341, 2.002183
 142.333333, 4.496487, 0.765808, 1.313817, 2.135831
 143.333333, 2.797674, 0.437209, 1.188372, 1.686047
 150.000000, 3.215556, 0.473333, 1.191111, 1.720000
 147.666667, 3.286682, 0.528217, 1.176072, 1.749436
 138.000000, 4.531401, 0.625604, 1.458937, 2.159420
 170.333333, 3.741683, 0.526419, 1.111546, 1.698630
 165.666667, 3.307847, 0.519115, 1.181087, 1.748491
 149.000000, 3.581655, 0.592841, 1.259508, 1.908277
 151.333333, 3.517621, 0.535242, 1.125551, 1.711454
 171.333333, 4.260700, 0.562257, 1.178988, 1.809339
14
 0.250000, 19.000000, 2.000000, 0.000000, 3.000000
 159.666667, 3.749478, 0.524008, 1.237996, 1.816284
 164.666667, 4.137652, 0.643725, 1.196356, 1.894737
 148.666667, 2.852018, 0.410314, 1.213004, 1.670404
 163.333333, 3.279592, 0.440816, 1.228571, 1.734694
 154.000000, 3.261905, 0.450216, 1.201299, 1.703463
 179.333333, 3.697026, 0.468401, 1.301115, 1.827138
 169.333333, 3.625984, 0.570866, 1.153543, 1.771654
 158.666667, 4.710084, 0.825630, 1.197479, 2.069328
 144.666667, 4.990783, 0.721198, 1.133641, 1.900922
 149.333333, 4.464286, 0.647321, 1.209821, 1.912946
 155.666667, 3.044968, 0.535332, 1.203426, 1.794433
 158.000000, 3.506329, 0.485232, 1.135021, 1.670886
 147.666667, 2.796840, 0.444695, 1.227991, 1.726862
 158.666667, 4.457983, 0.653361, 1.357143, 2.084034
 153.000000, 3.420479, 0.533769, 1.163399, 1.751634
 154.666667, 3.174569, 0.450431, 1.269397, 1.771552
 153.333333, 2.915217, 0.497826, 1.273913, 1.993478
 173.000000, 3.982659, 0.556840, 1.157996, 1.774566
 162.000000, 3.327160, 0.471193, 1.139918, 1.658436
15
 0.250000, 10.000000, 2.000000, 1.000000, 4.000000
 146.666667, 4.120455, 0.634091, 1.350000, 2.050000
 162.333333, 3.166324, 0.513347, 1.219713, 1.784394
 156.666667, 3.304255, 0.404255, 1.204255, 1.665957
 159.666667, 3.237996, 0.469729, 1.167015, 1.705637
 152.666667, 3.530568, 0.502183, 1.213974, 1.775109
 171.000000, 3.136452, 0.458090, 1.130604, 1.637427
 170.333333, 3.694716, 0.614481, 1.127202, 1.788650
 153.666667, 4.776573, 0.826464, 1.357918, 2.232104
 133.000000, 4.749373, 0.666667, 1.250627, 1.964912
 144.000000, 3.886574, 0.673611, 1.208333, 1.942130
 157.000000, 2.853503, 0.435244, 1.125265, 1.607219
 164.666667, 4.139676, 0.631579, 1.141700, 1.825911
 145.000000, 2.565517, 0.432184, 1.154023, 1.636782
 124.666667, 4.152406, 0.566845, 1.366310, 2.000000
 152.666667, 3.301310, 0.430131, 1.209607, 1.700873
 174.333333, 3.659656, 0.485660, 1.206501, 1.738050
 158.666667, 3.596639, 0.636555, 1.176471, 1.878151
 155.333333, 4.006438, 0.570815, 1.135193, 1.763948
 182.000000, 3.210623, 0.439560, 1.091575, 1.578755
16
 0.250000, 11.000000, 1.000000, 1.000000, 4.000000
 150.666667, 3.665929, 0.533186, 1.358407, 1.971239
 165.333333, 3.358871, 0.502016, 1.372984, 1.923387
 153.333333, 2.791304, 0.593478, 1.186957, 1.832609
 164.333333, 2.900609, 0.476673, 1.227181, 1.764706
 160.000000, 2.929167, 0.408333, 1.293750, 1.758333
 156.000000, 3.608974, 0.585470, 1.288462, 1.935897
 186.000000, 4.093190, 0.668459, 1.247312, 1.976703
 142.666667, 4.710280, 0.908879, 1.408879, 2.369159
 133.666667, 3.902743, 0.688279, 1.299252, 2.067332
 135.000000, 3.804938, 0.649383, 1.212346, 1.923457
 166.000000, 3.419679, 0.524096, 1.094378, 1.668675
 138.000000, 3.710145, 0.516908, 1.135266, 1.724638
 154.333333, 3.218143, 0.505400, 1.153348, 1.706263
 139.666667, 3.894988, 0.627685, 1.293556, 2.016706
 135.000000, 2.977778, 0.446914, 1.150617, 1.651852
 177.666667, 4.003752, 0.489681, 1.215760, 1.761726
 161.000000, 3.076605, 0.538302, 1.171843, 1.761905
 151.333333, 4.048458, 0.574890, 1.068282, 1.689427
 172.333333, 3.630561, 0.516441, 1.170213, 1.736944
17
 0.250000, 10.000000, 0.000000, 0.000000, 3.000000
 150.666667, 3.513274, 0.597345, 1.176991, 1.829646
 152.000000, 3.002193, 0.418860, 1.418860, 1.894737
 159.000000, 2.905660, 0.425577, 1.146751, 1.626834
 152.333333, 2.494530, 0.409190, 1.319475, 1.787746
 149.000000, 2.850112, 0.474273, 1.241611, 1.780761
 174.000000, 4.141762, 0.578544, 1.285441, 1.923372
 169.333333, 3.669291, 0.547244, 1.179134, 1.777559
 160.333333, 4.792100, 0.825364, 1.270270, 2.143451
 135.000000, 3.965432, 0.639506, 1.172840, 1.869136
 130.333333, 4.063939, 0.736573, 1.294118, 2.086957
 165.000000, 3.484848, 0.492929, 1.159596, 1.713131
 152.666667, 3.460699, 0.530568, 1.216157, 1.799127
 140.000000, 2.592857, 0.464286, 1.111905, 1.633333
 158.333333, 3.926316, 0.593684, 1.322105, 1.974737
 141.000000, 2.791962, 0.430260, 1.172577, 1.664303
 162.666667, 3.491803, 0.459016, 1.215164, 1.729508
 164.333333, 3.304260, 0.574037, 1.186613, 1.807302
 170.000000, 3.731373, 0.466667, 1.103922, 1.629412
 160.666667, 3.203320, 0.462656, 1.221992, 1.751037
18
 0.250000, 9.000000, 0.000000, 26.000000, 29.000000
 144.333333, 4.004619, 0.535797, 1.387991, 2.006928
 166.000000, 3.660643, 0.495984, 1.283133, 1.859438
 139.000000, 2.755396, 0.467626, 1.177458, 1.693046
 159.666667, 2.864301, 0.482255, 1.150313, 1.701461
 164.666667, 3.471660, 0.497976, 1.200405, 1.757085
 167.000000, 3.209581, 0.463074, 1.195609, 1.712575
 168.666667, 3.711462, 0.586957, 1.252964, 1.887352
 133.333333, 4.405000, 0.842500, 1.310000, 2.212500
 130.000000, 4.058974, 0.669231, 1.246154, 1.976923
 135.666667, 4.221130, 0.702703, 1.326781, 2.078624
 162.333333, 3.271047, 0.462012, 1.061602, 1.587269
 157.333333, 3.201271, 0.487288, 1.112288, 1.652542
 146.333333, 2.897494, 0.466970, 1.157175, 1.674260
 141.333333, 3.271226, 0.589623, 1.403302, 2.058962
 155.000000, 2.991398, 0.496774, 1.238710, 1.787097
 160.666667, 3.412863, 0.456432, 1.197095, 1.713693
 155.000000, 3.406452, 0.533333, 1.277419, 1.866667
 153.333333, 3.326087, 0.491304, 1.154348, 1.702174
 160.666667, 3.568465, 0.500000, 1.246888, 1.800830
19
 0.250000, 6.000000, 1.000000, 26.000000, 30.000000
 144.666667, 3.778802, 0.737327, 1.281106, 2.112903
 153.666667, 3.108460, 0.505423, 1.214751, 1.774403
 141.333333, 2.693396, 0.476415, 1.091981, 1.641509
 169.333333, 3.811024, 0.513780, 1.163386, 1.744094
 160.333333, 3.361746, 0.422037, 1.220374, 1.692308
 178.000000, 3.436330, 0.488764, 1.187266, 1.726592
 166.000000, 3.704819, 0.570281, 1.132530, 1.753012
 141.333333, 4.474057, 0.813679, 1.384434, 2.273585
 135.000000, 4.177778, 0.590123, 1.165432, 1.800000
 123.000000, 4.512195, 0.788618, 1.322493, 2.176152
 150.666667, 3.046460, 0.480088, 1.137168, 1.681416
 145.333333, 2.912844, 0.470183, 1.224771, 1.754587
 144.000000, 2.912037, 0.490741, 1.141204, 1.680556
 133.000000, 3.832080, 0.614035, 1.278195, 1.962406
 155.666667, 4.027837, 0.567452, 1.175589, 1.798715
 153.333333, 3.028261, 0.467391, 1.230435, 1.756522
 163.000000, 3.474438, 0.560327, 1.214724, 1.820041
 162.666667, 3.770492, 0.563525, 1.106557, 1.715164
 171.666667, 3.310680, 0.458252, 1.269903, 1.778641
20
 0.250000, 6.000000, 2.000000, 1.000000, 37.000000
 146.333333, 3.018223, 0.569476, 1.291572, 1.924829
 158.666667, 3.573529, 0.510504, 1.439076, 2.008403
 155.666667, 3.143469, 0.434690, 1.252677, 1.738758
 165.666667, 2.853119, 0.432596, 1.070423, 1.553320
 162.000000, 3.565844, 0.497942, 1.216049, 1.759259
 172.666667, 3.382239, 0.461390, 1.171815, 1.689189
 148.666667, 2.818386, 0.511211, 1.291480, 1.847534
 151.000000, 4.869757, 0.841060, 1.344371, 2.233996
 138.000000, 4.224638, 0.758454, 1.099034, 1.942029
 131.666667, 4.063291, 0.782278, 1.288608, 2.129114
 149.666667, 2.763920, 0.518931, 1.158129, 1.741648
 167.000000, 4.057884, 0.550898, 1.129741, 1.742515
 151.666667, 3.061538, 0.498901, 1.076923, 1.630769
 145.000000, 4.170115, 0.675862, 1.340230, 2.094253
 160.333333, 4.255717, 0.548857, 1.074844, 1.679834
 173.000000, 3.250482, 0.441233, 1.177264, 1.672447
 154.000000, 3.422078, 0.525974, 1.205628, 1.785714
 174.000000, 4.143678, 0.607280, 1.113027, 1.770115
 151.000000, 2.852097, 0.448124, 1.203091, 1.713024
21
 0.250000, 6.000000, 28.000000, 1.000000, 31.000000
 147.666667, 3.370203, 0.485327, 1.320542, 1.911964
 159.000000, 3.412998, 0.490566, 1.299790, 1.857442
 152.000000, 3.116228, 0.434211, 1.116228, 1.598684
 159.000000, 3.069182, 0.463312, 1.312369, 1.825996
 153.000000, 3.023965, 0.422658, 1.235294, 1.714597
 149.000000, 3.366890, 0.496644, 1.232662, 1.780761
 151.000000, 3.300221, 0.527594, 1.194260, 1.779249
 144.333333, 4.625866, 0.789838, 1.431871, 2.267898
 152.333333, 5.363239, 0.754923, 1.190372, 2.000000
 134.000000, 4.746269, 0.691542, 1.251244, 1.995025
 163.333333, 3.324490, 0.483673, 1.116327, 1.644898
 166.000000, 4.293173, 0.566265, 1.142570, 1.757028
 146.333333, 2.849658, 0.473804, 1.091116, 1.608200
 151.333333, 4.319383, 0.557269, 1.407489, 2.044053
 156.666667, 3.168085, 0.538298, 1.136170, 1.717021
 162.333333, 3.422998, 0.425051, 1.275154, 1.747433
 171.666667, 3.996117, 0.572816, 1.316505, 1.959223
 151.000000, 3.748344, 0.512141, 1.154525, 1.728477
 175.333333, 3.667300, 0.444867, 1.195817, 1.695817
22
 0.250000, 5.000000, 8.000000, 0.000000, 8.000000
 145.333333, 3.422018, 0.616972, 1.339450, 2.032110
 153.000000, 2.917211, 0.518519, 1.244009, 1.814815
 166.333333, 3.266533, 0.476954, 1.086172, 1.615230
 166.333333, 2.871743, 0.426854, 1.200401, 1.685371
 164.000000, 3.416667, 0.477642, 1.148374, 1.674797
 159.666667, 3.269311, 0.488518, 1.263048, 1.801670
 165.333333, 3.689516, 0.520161, 1.141129, 1.709677
 163.333333, 5.373469, 0.818367, 1.355102, 2.224490
 140.333333, 4.655582, 0.940618, 1.171021, 2.163895
 134.000000, 4.318408, 0.798507, 1.315920, 2.164179
 160.333333, 3.024948, 0.476091, 1.097713, 1.619543
 144.666667, 3.281106, 0.467742, 1.207373, 1.737327
 142.000000, 2.485915, 0.490610, 1.190141, 1.737089
 131.333333, 3.708122, 0.626904, 1.329949, 2.017766
 150.666667, 3.371681, 0.491150, 1.115044, 1.657080
 153.333333, 2.908696, 0.417391, 1.271739, 1.747826
 160.333333, 3.141372, 0.656965, 1.272349, 1.977131
 165.000000, 3.761616, 0.466667, 1.111111, 1.640404
 165.333333, 3.578629, 0.473790, 1.195565, 1.723790
23
 0.250000, 25.000000, 8.000000, 5.000000, 23.000000
 153.333333, 3.819565, 0.591304, 1.302174, 1.963043
 171.333333, 3.892996, 0.612840, 1.198444, 1.863813
 143.666667, 2.946636, 0.482599, 1.431555, 1.979118
 164.666667, 3.702429, 0.554656, 1.178138, 1.785425
 140.333333, 2.971496, 0.467933, 1.228029, 1.760095
 175.333333, 3.526616, 0.498099, 1.180608, 1.730038
 156.666667, 3.734043, 0.589362, 1.246809, 1.891489
 150.000000, 5.220000, 0.844444, 1.342222, 2.233333
 130.666667, 3.808673, 0.614796, 1.094388, 1.780612
 140.666667, 4.255924, 0.727488, 1.274882, 2.056872
 168.333333, 3.419802, 0.475248, 1.075248, 1.603960
 159.666667, 3.922756, 0.505219, 1.112735, 1.674322
 149.666667, 2.975501, 0.465479, 1.095768, 1.623608
 127.333333, 3.180628, 0.510471, 1.371728, 1.945026
 165.666667, 3.553320, 0.498994, 1.042254, 1.593561
 173.333333, 3.401923, 0.436538, 1.265385, 1.755769
 159.333333, 3.546025, 0.537657, 1.389121, 1.979079
 153.333333, 3.469565, 0.606522, 1.232609, 1.902174
 169.666667, 3.074656, 0.453831, 1.237721, 1.756385
24
 0.250000, 26.000000, 2.000000, 4.000000, 17.000000
 146.666667, 3.250000, 0.575000, 1.384091, 2.015909
 153.666667, 3.470716, 0.498915, 1.169197, 1.744035
 149.666667, 2.766147, 0.383073, 1.175947, 1.608018
 161.666667, 2.898969, 0.391753, 1.259794, 1.707216
 163.666667, 2.981670, 0.419552, 1.197556, 1.674134
 173.666667, 3.523992, 0.433781, 1.128599, 1.614203
 156.333333, 2.923241, 0.524520, 1.245203, 1.823028
 140.000000, 4.566667, 0.816667, 1.323810, 2.190476
 124.666667, 4.721925, 0.689840, 1.395722, 2.147059
 140.333333, 4.363420, 0.762470, 1.277910, 2.102138
 170.000000, 3.431373, 0.539216, 1.080392, 1.664706
 150.000000, 3.157778, 0.535556, 1.186667, 1.782222
 143.333333, 3.327907, 0.558140, 1.179070, 1.797674
 156.333333, 4.117271, 0.618337, 1.392324, 2.081023
 150.333333, 3.325942, 0.505543, 1.130820, 1.687361
 158.333333, 2.989474, 0.421053, 1.233684, 1.707368
 163.333333, 3.700000, 0.508163, 1.216327, 1.777551
 152.666667, 3.170306, 0.565502, 1.192140, 1.818777
 186.333333, 4.425760, 0.577818, 1.198569, 1.828265
25
 0.250000, 19.000000, 3.000000, 5.000000, 15.000000
 157.333333, 3.177966, 0.612288, 1.394068, 2.076271
 155.666667, 3.845824, 0.453961, 1.124197, 1.627409
 163.666667, 3.103870, 0.391039, 1.124236, 1.570265
 151.000000, 2.604857, 0.426049, 1.214128, 1.710817
 162.666667, 3.733607, 0.459016, 1.217213, 1.723361
 147.666667, 2.954853, 0.485327, 1.372460, 1.920993
 165.000000, 2.854545, 0.496970, 1.197980, 1.743434
 160.000000, 3.966667, 0.702083, 1.322917, 2.083333
 124.000000, 3.682796, 0.739247, 1.274194, 2.077957
 125.666667, 4.310345, 0.737401, 1.331565, 2.124668
 158.333333, 3.509474, 0.490526, 1.107368, 1.652632
 149.666667, 3.244989, 0.487751, 1.178174, 1.728285
 140.666667, 2.909953, 0.447867, 1.111374, 1.613744
 141.000000, 3.550827, 0.605201, 1.416076, 2.085106
 135.333333, 2.844828, 0.477833, 1.174877, 1.721675
 162.333333, 3.677618, 0.496920, 1.314168, 1.862423
 163.000000, 3.993865, 0.615542, 1.251534, 1.914110
 164.333333, 3.415822, 0.501014, 1.139959, 1.701826
 172.666667, 3.137066, 0.428571, 1.231660, 1.706564
26
 0.250000, 27.000000, 7.000000, 6.000000, 14.000000
 142.333333, 3.126464, 0.494145, 1.299766, 1.878220
 164.666667, 3.186235, 0.465587, 1.358300, 1.880567
 156.000000, 3.034188, 0.397436, 1.019231, 1.608974
 154.666667, 3.137931, 0.448276, 1.282328, 1.782328
 162.000000, 2.775720, 0.444444, 1.197531, 1.691358
 178.000000, 3.765918, 0.509363, 1.265918, 1.823970
 163.000000, 3.036810, 0.515337, 1.218814, 1.793456
 144.000000, 4.738426, 0.831019, 1.509259, 2.386574
 141.000000, 4.486998, 0.683215, 1.160757, 1.891253
 147.333333, 4.341629, 0.733032, 1.205882, 1.986425
 153.333333, 2.697826, 0.484783, 1.110870, 1.652174
 167.666667, 3.862823, 0.564612, 1.113320, 1.731610
 140.000000, 2.607143, 0.485714, 1.202381, 1.745238
 140.333333, 3.622328, 0.567696, 1.344418, 1.978622
 145.666667, 3.320366, 0.521739, 1.205950, 1.775744
 169.000000, 3.392505, 0.396450, 1.207101, 1.656805
 160.000000, 3.347917, 0.539583, 1.150000, 1.737500
 158.666667, 3.594538, 0.560924, 1.136555, 1.745798
 173.000000, 3.263969, 0.462428, 1.200385, 1.710983
27
 0.250000, 16.000000, 9.000000, 3.000000, 17.000000
 149.666667, 3.592428, 0.561247, 1.311804, 1.935412
 157.333333, 2.997881, 0.404661, 1.211864, 1.671610
 144.666667, 2.965438, 0.437788, 1.158986, 1.642857
 167.000000, 3.624750, 0.471058, 1.207585, 1.730539
 165.666667, 3.293763, 0.426559, 1.169014, 1.643863
 179.000000, 3.283054, 0.461825, 1.204842, 1.713222
 171.666667, 3.702913, 0.553398, 1.163107, 1.772816
 160.666667, 5.487552, 0.956432, 1.360996, 2.375519
 144.000000, 4.504630, 0.703704, 1.141204, 1.912037
 128.666667, 3.963731, 0.650259, 1.220207, 1.919689
 158.333333, 3.134737, 0.503158, 1.088421, 1.640000
 165.333333, 3.508065, 0.477823, 1.145161, 1.677419
 155.000000, 3.473118, 0.479570, 1.152688, 1.681720
 138.333333, 3.954217, 0.583133, 1.383133, 2.024096
 154.666667, 3.571121, 0.538793, 1.168103, 1.758621
 168.000000, 3.410714, 0.436508, 1.192460, 1.684524
 165.666667, 3.317907, 0.498994, 1.181087, 1.881288
 162.333333, 3.772074, 0.583162, 1.135524, 1.772074
 178.666667, 3.800373, 0.401119, 1.179104, 1.638060
28
 0.250000, 23.000000, 13.000000, 0.000000, 14.000000
 152.333333, 3.404814, 0.601751, 1.260394, 1.929978
 165.000000, 3.282828, 0.490909, 1.296970, 1.848485
 146.666667, 2.795455, 0.429545, 1.165909, 1.668182
 154.000000, 2.852814, 0.441558, 1.207792, 1.699134
 157.000000, 3.244161, 0.473461, 1.225053, 1.751592
 168.333333, 3.538614, 0.522772, 1.182178, 1.754455
 169.333333, 3.287402, 0.490157, 1.157480, 1.694882
 148.666667, 4.771300, 0.784753, 1.356502, 2.186099
 133.666667, 3.780549, 0.571072, 1.089776, 1.710723
 124.000000, 4.010753, 0.682796, 1.301075, 2.043011
 163.333333, 3.202041, 0.475510, 1.151020, 1.691837
 164.666667, 3.453441, 0.542510, 1.111336, 1.704453
 137.333333, 2.635922, 0.468447, 1.148058, 1.674757
 145.333333, 3.724771, 0.584862, 1.263761, 1.905963
 166.666667, 3.904000, 0.480000, 1.140000, 1.666000
 156.666667, 3.138298, 0.502128, 1.165957, 1.723404
 163.000000, 3.676892, 0.574642, 1.325153, 1.948875
 147.666667, 3.455982, 0.480813, 1.121896, 1.650113
 164.000000, 3.406504, 0.475610, 1.174797, 1.697154
29
 0.250000, 1.000000, 13.000000, 0.000000, 16.000000
 147.666667, 4.618510, 0.654628, 1.349887, 2.060948
 184.000000, 4.016304, 0.532609, 1.150362, 1.751812
 163.666667, 3.205703, 0.413442, 1.048880, 1.509165
 158.000000, 2.951477, 0.447257, 1.225738, 1.723629
 158.333333, 2.863158, 0.471579, 1.269474, 1.808421
 160.333333, 3.305613, 0.530146, 1.216216, 1.812890
 158.000000, 3.506329, 0.537975, 1.196203, 1.786920
 147.000000, 5.226757, 0.818594, 1.360544, 2.238095
 147.000000, 5.231293, 0.893424, 1.208617, 2.172336
 145.000000, 4.749425, 0.705747, 1.225287, 1.988506
 157.000000, 3.237792, 0.513800, 1.178344, 1.762208
 146.333333, 3.594533, 0.510251, 1.211845, 1.781321
 144.666667, 2.647465, 0.456221, 1.089862, 1.605991
 129.333333, 3.280928, 0.538660, 1.324742, 1.953608
 155.000000, 3.116129, 0.460215, 1.120430, 1.632258
 165.000000, 3.024242, 0.424242, 1.185859, 1.658586
 158.000000, 4.143460, 0.626582, 1.261603, 1.945148
 155.333333, 3.553648, 0.587983, 1.154506, 1.802575
 163.333333, 2.965306, 0.414286, 1.220408, 1.689796
30
 0.250000, 1.000000, 2.000000, 0.000000, 3.000000
 143.666667, 3.582367, 0.568445, 1.238979, 1.877030
 167.666667, 3.363817, 0.554672, 1.276342, 1.890656
 147.333333, 2.690045, 0.407240, 1.081448, 1.545249
 171.666667, 3.829126, 0.475728, 1.236893, 1.766990
 158.000000, 3.208861, 0.419831, 1.198312, 1.670886
 174.666667, 3.261450, 0.511450, 1.274809, 1.851145
 163.333333, 3.985714, 0.655102, 1.165306, 1.869388
 147.666667, 4.440181, 0.781038, 1.386005, 2.232506
 143.333333, 3.837209, 0.613953, 1.186047, 1.858140
 137.333333, 4.652913, 0.735437, 1.257282, 2.041262
 159.666667, 3.196242, 0.459290, 1.062630, 1.594990
 152.000000, 3.131579, 0.517544, 1.105263, 1.671053
 138.666667, 2.875000, 0.492788, 1.149038, 1.694712
 132.333333, 3.843829, 0.632242, 1.433249, 2.133501
 148.333333, 3.548315, 0.523596, 1.146067, 1.737079
 164.666667, 3.297571, 0.423077, 1.204453, 1.688259
 149.666667, 2.757238, 0.806236, 1.258352, 2.115813
 151.000000, 3.750552, 0.565121, 1.183223, 1.805740
 175.333333, 3.619772, 0.416350, 1.155894, 1.615970
31
 0.250000, 0.000000, 0.000000, 0.000000, 6.000000
 159.666667, 3.561587, 0.534447, 1.281837, 1.870564
 165.333333, 3.052419, 0.455645, 1.328629, 1.840726
 148.333333, 2.759551, 0.447191, 1.137079, 1.640449
 168.333333, 2.962376, 0.497030, 1.207921, 1.764356
 161.000000, 3.569358, 0.488613, 1.178054, 1.730849
 156.666667, 3.144681, 0.510638, 1.219149, 1.778723
 160.666667, 3.184647, 0.549793, 1.174274, 1.790456
 151.000000, 4.523179, 0.803532, 1.335541, 2.198675
 131.666667, 4.270886, 0.635443, 1.215190, 1.901266
 147.333333, 4.884615, 0.699095, 1.264706, 2.009050
 167.666667, 3.500994, 0.506958, 1.089463, 1.640159
 145.666667, 3.290618, 0.535469, 1.153318, 1.743707
 150.666667, 3.148230, 0.462389, 1.095133, 1.599558
 126.333333, 3.688654, 0.627968, 1.474934, 2.176781
 158.000000, 3.360759, 0.493671, 1.145570, 1.694093
 159.666667, 3.048017, 0.400835, 1.260960, 1.711900
 160.333333, 3.634096, 0.553015, 1.207900, 1.806653
 159.666667, 3.757829, 0.521921, 1.212944, 1.789144
 173.333333, 3.194231, 0.423077, 1.173077, 1.651923
32
 0.250000, 0.000000, 3.000000, 0.000000, 4.000000
 143.333333, 3.455814, 0.560465, 1.265116, 1.902326
 158.666667, 3.500000, 0.460084, 1.361345, 1.871849
 161.666667, 2.756701, 0.404124, 1.127835, 1.581443
 165.666667, 3.820926, 0.551308, 1.193159, 1.796781
 156.666667, 3.189362, 0.438298, 1.165957, 1.659574
 164.000000, 3.524390, 0.544715, 1.296748, 1.896341
 172.333333, 3.831721, 0.558994, 1.247582, 1.856867
 152.000000, 5.815789, 1.048246, 1.366228, 2.460526
 144.333333, 4.581986, 0.766744, 1.168591, 1.986143
 133.000000, 4.177945, 0.704261, 1.245614, 2.015038
 166.000000, 3.106426, 0.493976, 1.060241, 1.608434
 151.666667, 3.553846, 0.474725, 1.160440, 1.685714
 150.000000, 2.964444, 0.444444, 1.153333, 1.648889
 154.000000, 4.487013, 0.573593, 1.341991, 1.978355
 163.333333, 4.081633, 0.642857, 1.142857, 1.838776
 184.000000, 3.608696, 0.445652, 1.166667, 1.668478
 153.333333, 3.619565, 0.563043, 1.300000, 1.930435
 162.333333, 3.579055, 0.505133, 1.129363, 1.687885
 163.666667, 3.384929, 0.380855, 1.185336, 1.625255
33
 0.250000, 0.000000, 5.000000, 0.000000, 6.000000
 139.333333, 3.423445, 0.483254, 1.354067, 1.918660
 150.333333, 3.308204, 0.620843, 1.201774, 1.878049
 158.333333, 3.437895, 0.480000, 1.157895, 1.705263
 155.000000, 2.643011, 0.432258, 1.178495, 1.670968
 157.000000, 3.628450, 0.452229, 1.242038, 1.755839
 164.666667, 3.532389, 0.528340, 1.297571, 1.882591
 162.000000, 3.106996, 0.541152, 1.240741, 1.843621
 143.000000, 4.743590, 0.841492, 1.293706, 2.195804
 142.000000, 3.892019, 0.659624, 1.159624, 1.882629
 126.333333, 4.110818, 0.767810, 1.335092, 2.163588
 154.666667, 3.127155, 0.497845, 1.146552, 1.693966
 150.333333, 3.334812, 0.501109, 1.126386, 1.674058
 151.666667, 2.714286, 0.501099, 1.098901, 1.657143
 142.333333, 4.515222, 0.716628, 1.414520, 2.192037
 155.000000, 3.526882, 0.477419, 1.146237, 1.673118
 166.666667, 3.242000, 0.422000, 1.178000, 1.646000
 161.000000, 3.265010, 0.536232, 1.188406, 1.772257
 147.666667, 4.284424, 0.677201, 1.092551, 1.821670
 185.666667, 3.847397, 0.488330, 1.211849, 1.754039
34
 0.250000, 1.000000, 0.000000, 0.000000, 1.000000
 146.333333, 3.662870, 0.523918, 1.416856, 2.000000
 164.000000, 3.646341, 0.524390, 1.432927, 2.020325
 157.666667, 2.716702, 0.382664, 1.067653, 1.501057
 163.333333, 2.783673, 0.432653, 1.191837, 1.673469
 164.666667, 3.194332, 0.465587, 1.135628, 1.649798
 161.000000, 3.830228, 0.505176, 1.196687, 1.749482
 155.000000, 3.481720, 0.556989, 1.195699, 1.808602
 150.666667, 4.882743, 0.800885, 1.305310, 2.161504
 148.000000, 4.806306, 0.686937, 1.157658, 1.903153
 135.000000, 4.661728, 0.718519, 1.296296, 2.098765
 155.666667, 3.389722, 0.543897, 1.092077, 1.687366
 152.000000, 3.059211, 0.524123, 1.162281, 1.732456
 144.666667, 2.527650, 0.426267, 1.158986, 1.638249
 137.333333, 3.652913, 0.575243, 1.400485, 2.043689
 165.000000, 3.248485, 0.525253, 1.214141, 1.791919
 151.666667, 3.026374, 0.454945, 1.259341, 1.762637
 159.000000, 3.085954, 0.547170, 1.392034, 1.989518
 145.000000, 3.225287, 0.579310, 1.170115, 1.795402
 176.000000, 3.246212, 0.435606, 1.231061, 1.712121
35
 0.250000, 0.000000, 0.000000, 0.000000, 1.000000
 153.333333, 2.986957, 0.450000, 1.334783, 1.839130
 155.333333, 2.907725, 0.545064, 1.225322, 1.821888
 144.666667, 2.361751, 0.364055, 1.158986, 1.571429
 170.333333, 3.348337, 0.436399, 1.203523, 1.690802
 160.333333, 3.103950, 0.440748, 1.149688, 1.646570
 162.333333, 3.342916, 0.535934, 1.347023, 1.940452
 167.666667, 3.596421, 0.584493, 1.141153, 1.781312
 146.666667, 5.038636, 0.875000, 1.315909, 2.261364
 140.333333, 4.083135, 0.722090, 1.204276, 1.976247
 133.666667, 3.887781, 0.780549, 1.319202, 2.152120
 169.000000, 3.108481, 0.556213, 1.112426, 1.725838
 178.000000, 4.235955, 0.486891, 1.082397, 1.623596
 142.666667, 2.621495, 0.420561, 1.137850, 1.609813
 144.666667, 3.520737, 0.523041, 1.313364, 1.914747
 153.666667, 3.247289, 0.459870, 1.221258, 1.744035
 151.666667, 2.509890, 0.459341, 1.210989, 1.723077
 153.666667, 3.208243, 0.548807, 1.177874, 1.785249
 152.333333, 3.750547, 0.553611, 1.225383, 1.844639
 158.000000, 3.291139, 0.462025, 1.282700, 1.799578
36
 0.250000, 0.000000, 0.000000, 0.000000, 0.000000
 156.000000, 3.175214, 0.472222, 1.269231, 1.803419
 164.000000, 3.520325, 0.508130, 1.233740, 1.806911
 150.000000, 2.640000, 0.446667, 1.284444, 1.782222
 166.333333, 3.567134, 0.521042, 1.156313, 1.733467
 148.000000, 2.885135, 0.479730, 1.222973, 1.754505
 165.333333, 3.435484, 0.500000, 1.272177, 1.818548
 156.666667, 3.340426, 0.555319, 1.310638, 1.927660
 139.666667, 4.494033, 0.880668, 1.439141, 2.391408
 118.666667, 3.390449, 0.587079, 1.221910, 1.862360
 132.666667, 4.271357, 0.778894, 1.268844, 2.113065
 158.666667, 3.205882, 0.487395, 1.216387, 1.756303
 154.666667, 3.316810, 0.487069, 1.161638, 1.704741
 140.666667, 2.623223, 0.464455, 1.101896, 1.620853
 144.000000, 4.162037, 0.594907, 1.312500, 1.962963
 153.666667, 3.195228, 0.468547, 1.149675, 1.672451
 187.333333, 3.548043, 0.448399, 1.259786, 1.758007
 153.000000, 3.389978, 0.553377, 1.394336, 2.000000
 154.333333, 3.228942, 0.520518, 1.131749, 1.706263
 167.666667, 3.284294, 0.449304, 1.190855, 1.693837
37
 0.250000, 1.000000, 0.000000, 0.000000, 0.000000
 155.666667, 3.130621, 0.490364, 1.284797, 1.826552
 159.333333, 3.200837, 0.539749, 1.205021, 1.803347
 152.000000, 2.967105, 0.414474, 1.127193, 1.611842
 154.000000, 3.043290, 0.424242, 1.225108, 1.703463
 164.333333, 2.803245, 0.438134, 1.206897, 1.703854
 163.333333, 2.702041, 0.479592, 1.200000, 1.728571
 158.333333, 2.802105, 0.507368, 1.200000, 1.760000
 169.333333, 5.795276, 0.893701, 1.285433, 2.228346
 144.000000, 4.706019, 0.671296, 1.210648, 1.937500
 135.333333, 4.748768, 0.746305, 1.310345, 2.105911
 161.333333, 2.960744, 0.479339, 1.140496, 1.677686
 153.000000, 3.331155, 0.470588, 1.139434, 1.660131
 151.333333, 3.616740, 0.530837, 1.154185, 1.744493
 140.000000, 4.450000, 0.616667, 1.321429, 2.019048
 153.000000, 3.372549, 0.514161, 1.180828, 1.753813
 180.333333, 3.757856, 0.439926, 1.162662, 1.661738
 150.333333, 2.964523, 0.527716, 1.407982, 1.984479
 141.333333, 3.662736, 0.516509, 1.115566, 1.683962
 163.666667, 3.046843, 0.384929, 1.221996, 1.659878
38
 0.250000, 1.000000, 0.000000, 0.000000, 0.000000
 155.000000, 3.660215, 0.576344, 1.258065, 1.901075
 174.000000, 4.063218, 0.467433, 1.254789, 1.775862
 151.333333, 2.861233, 0.422907, 1.147577, 1.621145
 166.666667, 3.044000, 0.488000, 1.216000, 1.766000
 149.333333, 3.593750, 0.477679, 1.187500, 1.727679
 152.666667, 3.469432, 0.548035, 1.240175, 1.844978
 167.666667, 3.912525, 0.616302, 1.178926, 1.848907
 147.666667, 4.812641, 0.855530, 1.297968, 2.205418
 143.333333, 4.406977, 0.737209, 1.186047, 1.974419
 140.666667, 5.111374, 0.649289, 1.317536, 2.014218
 169.666667, 3.333988, 0.483301, 1.104126, 1.662083
 143.666667, 2.909513, 0.484919, 1.141531, 1.707657
 138.000000, 2.637681, 0.461353, 1.147343, 1.657005
 156.000000, 4.658120, 0.690171, 1.346154, 2.128205
 155.000000, 3.481720, 0.589247, 1.301075, 1.946237
 174.333333, 3.292543, 0.434034, 1.198853, 1.678776
 148.000000, 3.209459, 0.563063, 1.250000, 1.873874
 144.666667, 3.548387, 0.529954, 1.078341, 1.658986
 157.666667, 3.198732, 0.410148, 1.249471, 1.718816
39
 0.250000, 1.000000, 0.000000, 0.000000, 0.000000
 149.000000, 3.268456, 0.514541, 1.340045, 1.910515
 171.666667, 3.040777, 0.557282, 1.174757, 1.774757
 146.333333, 2.234624, 0.416856, 1.166287, 1.640091
 174.333333, 3.298279, 0.413002, 1.103250, 1.565966
 156.333333, 3.044776, 0.443497, 1.204691, 1.724947
 159.333333, 3.048117, 0.481172, 1.257322, 1.792887
 168.666667, 3.790514, 0.614625, 1.209486, 1.871542
 144.333333, 5.662818, 0.958430, 1.344111, 2.360277
 130.666667, 3.413265, 0.599490, 1.130102, 1.780612
 131.000000, 4.096692, 0.852417, 1.323155, 2.226463
 151.333333, 3.006608, 0.464758, 1.180617, 1.709251
 157.666667, 3.099366, 0.501057, 1.116279, 1.665962
 137.000000, 2.518248, 0.454988, 1.153285, 1.661800
 143.666667, 3.953596, 0.547564, 1.278422, 1.881671
 153.666667, 3.221258, 0.527115, 1.177874, 1.759219
 171.000000, 3.148148, 0.465887, 1.198830, 1.713450
 164.666667, 2.991903, 0.518219, 1.206478, 1.785425
 154.333333, 3.488121, 0.542117, 1.138229, 1.738661
 174.333333, 4.326960, 0.514340, 1.187380, 1.755258
40
 0.250000, 2.000000, 0.000000, 0.000000, 0.000000
 146.333333, 3.109339, 0.476082, 1.225513, 1.751708
 166.000000, 3.965863, 0.572289, 1.417671, 2.044177
 159.666667, 3.513570, 0.507307, 1.087683, 1.655532
 150.666667, 3.022124, 0.426991, 1.210177, 1.683628
 153.666667, 2.958785, 0.459870, 1.127983, 1.646421
 158.333333, 2.953684, 0.467368, 1.193684, 1.722105
 166.000000, 3.255020, 0.564257, 1.216867, 1.833333
 140.666667, 5.109005, 0.784360, 1.390995, 2.232227
 139.666667, 3.661098, 0.756563, 1.212411, 2.033413
 133.666667, 4.463840, 0.708229, 1.249377, 2.012469
 154.666667, 2.946121, 0.495690, 1.204741, 1.752155
 167.000000, 3.608782, 0.512974, 1.081836, 1.642715
 156.333333, 3.552239, 0.473348, 1.142857, 1.673774
 124.333333, 3.860590, 0.565684, 1.278820, 1.932976
 152.000000, 3.745614, 0.521930, 1.146930, 1.719298
 178.666667, 3.647388, 0.473881, 1.231343, 1.751866
 157.666667, 3.524313, 0.545455, 1.224101, 1.822410
 156.333333, 3.618337, 0.584222, 1.164179, 1.803838
 178.333333, 3.231776, 0.497196, 1.244860, 1.800000
41
 0.250000, 1.000000, 0.000000, 0.000000, 1.000000
 140.333333, 3.798100, 0.598575, 1.344418, 2.023753
 162.666667, 3.512295, 0.551230, 1.284836, 1.889344
 159.666667, 3.319415, 0.453027, 1.100209, 1.601253
 166.000000, 3.307229, 0.439759, 1.232932, 1.738956
 166.333333, 3.725451, 0.466934, 1.242485, 1.765531
 154.666667, 3.131466, 0.500000, 1.364224, 1.911638
 161.000000, 3.440994, 0.532091, 1.211180, 1.792961
 153.333333, 4.597826, 0.802174, 1.386957, 2.258696
 138.333333, 4.845783, 0.783133, 1.144578, 1.980723
 115.666667, 3.634006, 0.708934, 1.314121, 2.077810
 155.333333, 3.167382, 0.523605, 1.221030, 1.813305
 144.000000, 2.988426, 0.553241, 1.127315, 1.731481
 151.333333, 2.740088, 0.491189, 1.156388, 1.696035
 142.333333, 4.009368, 0.608899, 1.332553, 2.000000
 142.333333, 3.330211, 0.498829, 1.262295, 1.817330
 159.333333, 3.338912, 0.464435, 1.228033, 1.753138
 159.000000, 3.301887, 0.597484, 1.205451, 1.851153
 140.666667, 3.277251, 0.554502, 1.189573, 1.805687
 154.666667, 2.599138, 0.407328, 1.252155, 1.721983
42
 0.250000, 0.000000, 0.000000, 0.000000, 0.000000
 150.000000, 3.193333, 0.515556, 1.408889, 1.993333
 165.666667, 3.012072, 0.438632, 1.167002, 1.655936
 141.666667, 2.517647, 0.449412, 1.077647, 1.576471
 161.000000, 2.826087, 0.480331, 1.200828, 1.734990
 152.000000, 2.934211, 0.456140, 1.208333, 1.732456
 156.666667, 3.268085, 0.491489, 1.261702, 1.804255
 178.000000, 4.028090, 0.659176, 1.132959, 1.837079
 155.666667, 4.453961, 0.815846, 1.289079, 2.152034
 141.333333, 4.466981, 0.764151, 1.216981, 2.028302
 133.000000, 4.195489, 0.759398, 1.265664, 2.080201
 163.000000, 3.278119, 0.468303, 1.141104, 1.658487
 147.666667, 3.327314, 0.525959, 1.130926, 1.720090
 152.333333, 2.973742, 0.463895, 1.120350, 1.628009
 135.666667, 4.090909, 0.646192, 1.371007, 2.088452
 156.666667, 3.180851, 0.480851, 1.108511, 1.636170
 169.666667, 3.420432, 0.442043, 1.184676, 1.683694
 158.000000, 4.048523, 0.531646, 1.206751, 1.786920
 154.000000, 3.898268, 0.588745, 1.108225, 1.742424
 170.666667, 3.761719, 0.505859, 1.195313, 1.751953
43
 0.250000, 0.000000, 0.000000, 0.000000, 1.000000
 157.666667, 3.668076, 0.454545, 1.317125, 1.832981
 165.666667, 3.002012, 0.492958, 1.183099, 1.744467
 162.333333, 3.388090, 0.416838, 1.119097, 1.585216
 166.333333, 3.805611, 0.549098, 1.238477, 1.839679
 159.666667, 3.574113, 0.496868, 1.150313, 1.705637
 165.000000, 3.545455, 0.549495, 1.331313, 1.931313
 173.666667, 3.345489, 0.527831, 1.159309, 1.742802
 153.000000, 4.427015, 0.740741, 1.276688, 2.074074
 134.666667, 3.957921, 0.715347, 1.141089, 1.910891
 136.666667, 3.856098, 0.624390, 1.321951, 1.995122
 166.666667, 3.406000, 0.524000, 1.090000, 1.676000
 149.333333, 3.229911, 0.560268, 1.185268, 1.799107
 145.333333, 2.681193, 0.509174, 1.167431, 1.724771
 132.666667, 3.314070, 0.515075, 1.276382, 1.866834
 146.666667, 3.388636, 0.452273, 1.161364, 1.668182
 171.333333, 3.377432, 0.437743, 1.258755, 1.749027
 157.666667, 3.422833, 0.553911, 1.262156, 1.879493
 144.000000, 3.337963, 0.560185, 1.138889, 1.766204
 158.333333, 2.810526, 0.448421, 1.242105, 1.747368
44
 0.250000, 0.000000, 0.000000, 0.000000, 0.000000
 150.000000, 3.924444, 0.535556, 1.351111, 1.946667
 161.333333, 3.475207, 0.483471, 1.260331, 1.811983
 150.666667, 2.807522, 0.411504, 1.066372, 1.528761
 157.000000, 3.110403, 0.439490, 1.188960, 1.677282
 159.000000, 3.090147, 0.396226, 1.236897, 1.689727
 161.666667, 3.327835, 0.542268, 1.307216, 1.913402
 173.000000, 3.747592, 0.531792, 1.229287, 1.820809
 159.666667, 5.087683, 0.828810, 1.315240, 2.192067
 145.000000, 4.462069, 0.694253, 1.287356, 2.036782
 143.666667, 4.417633, 0.733179, 1.257541, 2.055684
 164.666667, 3.313765, 0.493927, 1.089069, 1.639676
 142.666667, 3.200935, 0.481308, 1.149533, 1.698598
 149.333333, 2.912946, 0.515625, 1.167411, 1.745536
 148.333333, 4.420225, 0.570787, 1.357303, 2.006742
 157.666667, 3.194503, 0.473573, 1.114165, 1.636364
 170.000000, 3.733333, 0.431373, 1.256863, 1.752941
 165.666667, 3.167002, 0.555332, 1.189135, 1.790744
 152.333333, 4.334792, 0.641138, 1.179431, 1.875274
 173.333333, 4.238462, 0.625000, 1.330769, 2.011538
45
 0.250000, 1.000000, 0.000000, 0.000000, 8.000000
 147.333333, 2.866516, 0.529412, 1.278281, 1.877828
 163.666667, 3.150713, 0.425662, 1.195519, 1.665988
 155.333333, 3.263948, 0.446352, 1.077253, 1.570815
 157.333333, 2.868644, 0.449153, 1.201271, 1.699153
 171.000000, 3.740741, 0.446394, 1.165692, 1.672515
 166.000000, 3.738956, 0.520080, 1.186747, 1.757028
 169.000000, 3.723866, 0.510848, 1.236686, 1.808679
 130.333333, 4.117647, 0.818414, 1.388747, 2.263427
 134.000000, 4.467662, 0.748756, 1.358209, 2.161692
 135.000000, 4.306173, 0.753086, 1.274074, 2.083951
 150.666667, 3.073009, 0.477876, 1.123894, 1.648230
 156.000000, 3.613248, 0.495726, 1.198718, 1.745726
 137.333333, 2.669903, 0.519417, 1.182039, 1.747573
 135.333333, 3.729064, 0.583744, 1.369458, 2.036946
 156.333333, 4.181237, 0.571429, 1.123667, 1.744136
 170.333333, 3.596869, 0.454012, 1.207436, 1.712329
 157.333333, 3.322034, 0.531780, 1.281780, 1.877119
 166.333333, 4.244489, 0.591182, 1.140281, 1.795591
 169.666667, 3.129666, 0.461690, 1.198428, 1.713163
46
 0.250000, 1.000000, 0.000000, 0.000000, 17.000000
 152.000000, 3.478070, 0.570175, 1.372807, 1.993421
 153.000000, 3.119826, 0.472767, 1.172113, 1.703704
 151.333333, 2.566079, 0.431718, 1.147577, 1.636564
 179.000000, 3.605214, 0.463687, 1.152700, 1.675978
 166.000000, 2.959839, 0.441767, 1.166667, 1.672691
 176.000000, 3.545455, 0.505682, 1.145833, 1.704545
 163.666667, 4.079430, 0.547862, 1.187373, 1.786151
 159.333333, 5.000000, 0.853556, 1.351464, 2.257322
 119.666667, 3.760446, 0.662953, 1.245125, 1.966574
 124.666667, 3.997326, 0.697861, 1.310160, 2.066845
 165.333333, 3.346774, 0.495968, 1.052419, 1.594758
 163.000000, 3.597137, 0.511247, 1.069530, 1.629857
 147.333333, 2.995475, 0.450226, 1.131222, 1.626697
 132.000000, 4.474747, 0.628788, 1.378788, 2.068182
 158.666667, 3.878151, 0.640756, 1.155462, 1.840336
 153.666667, 2.689805, 0.425163, 1.167028, 1.642082
 163.666667, 3.158859, 0.519348, 1.456212, 2.022403
 154.666667, 3.676724, 0.500000, 1.176724, 1.728448
 176.333333, 3.548204, 0.512287, 1.158790, 1.718336
47
 0.250000, 1.000000, 0.000000, 0.000000, 17.000000
 149.000000, 3.335570, 0.465324, 1.322148, 1.859060
 161.000000, 3.652174, 0.507246, 1.351967, 1.915114
 150.000000, 3.004444, 0.442222, 1.100000, 1.597778
 151.666667, 2.758242, 0.481319, 1.246154, 1.800000
 161.000000, 3.244306, 0.424431, 1.105590, 1.577640
 154.333333, 2.812095, 0.494600, 1.261339, 1.803456
 165.666667, 3.462777, 0.593561, 1.251509, 1.893360
 151.000000, 4.317881, 0.821192, 1.306843, 2.174393
 148.666667, 5.392377, 0.838565, 1.152466, 2.049327
 138.666667, 4.483173, 0.694712, 1.209135, 1.956731
 162.333333, 3.468172, 0.525667, 1.098563, 1.700205
 158.666667, 3.233193, 0.495798, 1.178571, 1.726891
 145.333333, 2.580275, 0.504587, 1.146789, 1.704128
 147.666667, 4.038375, 0.618510, 1.334086, 2.031603
 150.666667, 3.254425, 0.511062, 1.256637, 1.829646
 166.000000, 3.289157, 0.467871, 1.226908, 1.740964
 151.666667, 3.136264, 0.553846, 1.358242, 1.956044
 146.000000, 3.347032, 0.477169, 1.118721, 1.643836
 179.666667, 3.834879, 0.508349, 1.218924, 1.779221
48
 0.250000, 1.000000, 0.000000, 0.000000, 14.000000
 149.333333, 3.566964, 0.566964, 1.292411, 1.957589
 161.333333, 3.059917, 0.504132, 1.380165, 1.948347
 151.333333, 2.984581, 0.460352, 1.125551, 1.636564
 167.333333, 3.824701, 0.498008, 1.203187, 1.747012
 166.000000, 3.429719, 0.433735, 1.182731, 1.662651
 168.333333, 3.156436, 0.499010, 1.275248, 1.829703
 171.666667, 3.675728, 0.530097, 1.135922, 1.728155
 144.666667, 4.744240, 0.866359, 1.290323, 2.207373
 145.000000, 3.804598, 0.625287, 1.151724, 1.825287
 128.666667, 3.784974, 0.686528, 1.305699, 2.044041
 155.666667, 3.428266, 0.518201, 1.139186, 1.719486
 155.333333, 3.388412, 0.515021, 1.143777, 1.714592
 145.333333, 2.621560, 0.495413, 1.087156, 1.635321
 143.333333, 4.258140, 0.613953, 1.295349, 1.972093
 156.333333, 2.976546, 0.462687, 1.142857, 1.656716
 177.000000, 3.446328, 0.433145, 1.250471, 1.734463
 151.666667, 3.259341, 0.556044, 1.259341, 1.868132
 157.666667, 3.788584, 0.585624, 1.179704, 1.822410
 167.666667, 3.443340, 0.481113, 1.196819, 1.731610
49
 0.250000, 1.000000, 0.000000, 0.000000, 14.000000
 163.000000, 3.723926, 0.556237, 1.331288, 1.950920
 149.333333, 3.053571, 0.497768, 1.156250, 1.718750
 149.333333, 3.160714, 0.435268, 1.232143, 1.725446
 149.000000, 3.344519, 0.440716, 1.268456, 1.771812
 171.000000, 3.366472, 0.452242, 1.171540, 1.680312
 172.333333, 3.756286, 0.475822, 1.297872, 1.829787
 162.333333, 3.819302, 0.556468, 1.195072, 1.813142
 152.333333, 5.223195, 0.728665, 1.358862, 2.137856
 132.333333, 3.962217, 0.682620, 1.314861, 2.050378
 117.666667, 3.260623, 0.705382, 1.254958, 2.011331
 150.000000, 2.935556, 0.486667, 1.157778, 1.693333
 157.666667, 3.340381, 0.509514, 1.112051, 1.670190
 143.333333, 2.874419, 0.474419, 1.167442, 1.702326
 125.666667, 4.015915, 0.604775, 1.411141, 2.103448
 143.666667, 3.088167, 0.494200, 1.190255, 1.744780
 161.333333, 3.134298, 0.429752, 1.146694, 1.623967
 159.333333, 3.046025, 0.562762, 1.428870, 2.041841
 146.333333, 3.517084, 0.560364, 1.136674, 1.742597
 176.333333, 3.429112, 0.455577, 1.189036, 1.706994
50
 0.250000, 0.000000, 0.000000, 0.000000, 1.000000
 150.000000, 3.675556, 0.535556, 1.400000, 1.988889
 145.333333, 3.139908, 0.479358, 1.263761, 1.791284
 143.666667, 2.496520, 0.382831, 1.174014, 1.610209
 161.666667, 3.103093, 0.414433, 1.202062, 1.665979
 164.666667, 3.388664, 0.447368, 1.168016, 1.661943
 166.000000, 3.234940, 0.510040, 1.106426, 1.676707
 170.666667, 3.935547, 0.556641, 1.144531, 1.769531
 162.666667, 5.448770, 0.875000, 1.319672, 2.258197
 139.333333, 4.779904, 0.746411, 1.160287, 1.961722
 127.333333, 4.447644, 0.698953, 1.397906, 2.157068
 143.666667, 3.141531, 0.494200, 1.180974, 1.749420
 156.666667, 3.380851, 0.517021, 1.097872, 1.668085
 150.333333, 2.931264, 0.496674, 1.197339, 1.753880
 144.000000, 4.379630, 0.615741, 1.284722, 1.988426
 168.000000, 3.652778, 0.492063, 1.170635, 1.714286
 176.333333, 4.325142, 0.555766, 1.190926, 1.797732
 160.000000, 3.360417, 0.520833, 1.270833, 1.850000
 157.333333, 3.531780, 0.478814, 1.118644, 1.644068
 172.000000, 3.178295, 0.470930, 1.211240, 1.736434
51
 0.250000, 1.000000, 0.000000, 0.000000, 0.000000
 149.000000, 3.619687, 0.543624, 1.380313, 1.979866
 166.000000, 2.879518, 0.493976, 1.172691, 1.724900
 157.000000, 3.335456, 0.454352, 1.273885, 1.777070
 154.000000, 2.785714, 0.432900, 1.093074, 1.575758
 160.000000, 3.045833, 0.450000, 1.233333, 1.747917
 146.666667, 3.363636, 0.529545, 1.186364, 1.770455
 164.666667, 3.204453, 0.538462, 1.214575, 1.801619
 157.666667, 5.530655, 0.849894, 1.340381, 2.251586
 136.333333, 4.476773, 0.625917, 1.207824, 1.882641
 146.666667, 4.418182, 0.731818, 1.304545, 2.095455
 157.666667, 3.082452, 0.528541, 1.141649, 1.727273
 167.333333, 3.870518, 0.573705, 1.091633, 1.713147
 148.333333, 3.186517, 0.485393, 1.170787, 1.716854
 137.666667, 3.358354, 0.573850, 1.305085, 1.944310
 154.666667, 3.411638, 0.474138, 1.215517, 1.760776
 167.333333, 3.000000, 0.422311, 1.235060, 1.715139
 152.666667, 3.294760, 0.539301, 1.183406, 1.768559
 163.666667, 3.551935, 0.464358, 1.083503, 1.600815
 170.000000, 2.923529, 0.454902, 1.203922, 1.715686
52
 0.250000, 0.000000, 0.000000, 3.000000, 4.000000
 146.333333, 3.763098, 0.562642, 1.394077, 2.027335
 164.666667, 3.878543, 0.487854, 1.178138, 1.716599
 160.333333, 3.191268, 0.430353, 1.120582, 1.600832
 168.666667, 3.420949, 0.458498, 1.308300, 1.828063
 158.333333, 3.178947, 0.461053, 1.269474, 1.795789
 162.333333, 3.297741, 0.507187, 1.256674, 1.831622
 176.666667, 3.615094, 0.503774, 1.220755, 1.783019
 153.000000, 4.699346, 0.790850, 1.313725, 2.163399
 143.666667, 3.800464, 0.654292, 1.232019, 1.939675
 129.000000, 4.478036, 0.702842, 1.328165, 2.080103
 160.333333, 2.966736, 0.498960, 1.155925, 1.713098
 141.666667, 2.792941, 0.541176, 1.054118, 1.658824
 146.333333, 3.302961, 0.514806, 1.127563, 1.701595
 128.666667, 4.056995, 0.632124, 1.373057, 2.090674
 150.333333, 2.988914, 0.425721, 1.164080, 1.649667
 172.666667, 3.515444, 0.444015, 1.179537, 1.679537
 154.666667, 2.995690, 0.538793, 1.165948, 1.754310
 150.000000, 3.726667, 0.571111, 1.104444, 1.735556
 167.333333, 3.962151, 0.462151, 1.181275, 1.699203
53
 0.250000, 1.000000, 4.000000, 0.000000, 4.000000
 162.000000, 3.598765, 0.555556, 1.255144, 1.870370
 156.666667, 3.591489, 0.527660, 1.348936, 1.936170
 158.666667, 3.569328, 0.476891, 1.266807, 1.792017
 170.000000, 3.437255, 0.470588, 1.235294, 1.760784
 156.666667, 2.787234, 0.455319, 1.255319, 1.770213
 175.666667, 3.324478, 0.461101, 1.294118, 1.800759
 163.000000, 3.482618, 0.548057, 1.216769, 1.815951
 141.333333, 5.009434, 0.813679, 1.360849, 2.238208
 135.000000, 4.422222, 0.800000, 1.118519, 1.967901
 135.000000, 3.661728, 0.679012, 1.251852, 1.980247
 157.000000, 3.072187, 0.545648, 1.118896, 1.719745
 147.333333, 2.866516, 0.502262, 1.149321, 1.699095
 139.666667, 2.909308, 0.522673, 1.126492, 1.704057
 137.000000, 3.435523, 0.632603, 1.399027, 2.102190
 159.666667, 3.070981, 0.515658, 1.273486, 1.843424
 170.666667, 2.992188, 0.437500, 1.226563, 1.720703
 172.333333, 3.473888, 0.537718, 1.208897, 1.800774
 168.333333, 3.704950, 0.607921, 1.136634, 1.796040
 168.000000, 3.168651, 0.478175, 1.246032, 1.773810
54
 0.250000, 0.000000, 0.000000, 15.000000, 15.000000
 141.000000, 3.160757, 0.486998, 1.456265, 2.011820
 168.666667, 3.401186, 0.482213, 1.146245, 1.681818
 147.000000, 2.571429, 0.439909, 1.174603, 1.664399
 171.000000, 2.972710, 0.417154, 1.130604, 1.604288
 147.666667, 3.223476, 0.458239, 1.205418, 1.731377
 161.000000, 3.362319, 0.486542, 1.372671, 1.923395
 157.666667, 3.957717, 0.570825, 1.302326, 1.934461
 153.000000, 4.477124, 0.784314, 1.300654, 2.139434
 127.666667, 3.091384, 0.746736, 1.161880, 1.955614
 133.000000, 4.338346, 0.744361, 1.313283, 2.125313
 163.333333, 3.279592, 0.451020, 1.159184, 1.663265
 152.333333, 3.649891, 0.498906, 1.170678, 1.722101
 145.000000, 2.767816, 0.388506, 1.082759, 1.531034
 142.000000, 4.528169, 0.619718, 1.286385, 1.962441
 161.000000, 3.337474, 0.486542, 1.186335, 1.718427
 169.000000, 3.321499, 0.477318, 1.183432, 1.706114
 151.666667, 3.261538, 0.505495, 1.239560, 1.791209
 146.333333, 3.332574, 0.480638, 1.157175, 1.697039
 176.000000, 2.850379, 0.433712, 1.098485, 1.587121
55
 0.250000, 0.000000, 0.000000, 14.000000, 15.000000
 147.333333, 3.495475, 0.522624, 1.425339, 2.027149
 157.000000, 3.849257, 0.554140, 1.382166, 2.002123
 156.000000, 2.867521, 0.425214, 1.079060, 1.557692
 152.000000, 3.335526, 0.445175, 1.276316, 1.774123
 168.000000, 3.371032, 0.426587, 1.142857, 1.621032
 177.333333, 4.351504, 0.550752, 1.265038, 1.870301
 161.000000, 4.175983, 0.565217, 1.204969, 1.819876
 154.333333, 4.978402, 0.751620, 1.237581, 2.036717
 137.000000, 4.143552, 0.661800, 1.187348, 1.905109
 146.000000, 4.753425, 0.808219, 1.200913, 2.070776
 158.333333, 3.065263, 0.454737, 1.117895, 1.629474
 155.000000, 3.122581, 0.494624, 1.159140, 1.707527
 156.000000, 3.049145, 0.433761, 1.111111, 1.596154
 133.000000, 3.230576, 0.581454, 1.283208, 1.927318
 157.666667, 3.276956, 0.556025, 1.177590, 1.784355
 174.000000, 4.011494, 0.507663, 1.224138, 1.787356
 147.000000, 3.335601, 0.523810, 1.231293, 1.816327
 155.000000, 3.572043, 0.518280, 1.156989, 1.731183
 167.666667, 3.846918, 0.475149, 1.222664, 1.753479
56
 0.250000, 0.000000, 0.000000, 4.000000, 4.000000
 154.333333, 3.250540, 0.457883, 1.369330, 1.913607
 166.333333, 3.278557, 0.498998, 1.182365, 1.731463
 146.666667, 2.465909, 0.472727, 1.150000, 1.672727
 170.000000, 3.596078, 0.425490, 1.274510, 1.750980
 160.333333, 3.195426, 0.446985, 1.174636, 1.673597
 168.000000, 3.394841, 0.529762, 1.188492, 1.771825
 172.000000, 3.757752, 0.635659, 1.292636, 1.974806
 141.000000, 4.981087, 0.872340, 1.354610, 2.293144
 131.666667, 3.653165, 0.711392, 1.139241, 1.908861
 131.666667, 4.202532, 0.726582, 1.367089, 2.144304
 150.000000, 2.811111, 0.431111, 1.057778, 1.535556
 155.000000, 3.283871, 0.507527, 1.107527, 1.662366
 141.666667, 2.835294, 0.482353, 1.145882, 1.684706
 129.000000, 3.217054, 0.493540, 1.330749, 1.878553
 155.333333, 3.240343, 0.465665, 1.087983, 1.611588
 173.000000, 3.078998, 0.400771, 1.256262, 1.710983
 167.333333, 3.601594, 0.571713, 1.346614, 1.968127
 145.000000, 2.887356, 0.473563, 1.243678, 1.767816
 158.666667, 2.905462, 0.409664, 1.189076, 1.653361
57
 0.250000, 0.000000, 0.000000, 0.000000, 1.000000
 157.000000, 3.585987, 0.496815, 1.284501, 1.845011
 167.333333, 3.529880, 0.543825, 1.362550, 1.958167
 148.333333, 3.123596, 0.420225, 1.166292, 1.640449
 162.666667, 3.086066, 0.452869, 1.264344, 1.766393
 162.666667, 2.983607, 0.456967, 1.196721, 1.704918
 144.333333, 2.921478, 0.565820, 1.327945, 1.963048
 160.666667, 3.342324, 0.599585, 1.182573, 1.846473
 163.000000, 4.824131, 0.799591, 1.302658, 2.163599
 133.666667, 4.079800, 0.750623, 1.179551, 1.980050
 134.666667, 4.289604, 0.658416, 1.277228, 1.990099
 158.666667, 3.668067, 0.500000, 1.094538, 1.651261
 154.666667, 3.334052, 0.519397, 1.103448, 1.681034
 145.666667, 2.823799, 0.485126, 1.144165, 1.675057
 145.333333, 4.396789, 0.635321, 1.311927, 2.016055
 149.000000, 3.333333, 0.545861, 1.243848, 1.859060
 174.666667, 3.576336, 0.469466, 1.152672, 1.677481
 171.000000, 3.801170, 0.559454, 1.317739, 1.929825
 155.666667, 3.419700, 0.505353, 1.175589, 1.734475
 168.000000, 3.015873, 0.448413, 1.242063, 1.742063
58
 0.250000, 1.000000, 0.000000, 0.000000, 1.000000
 150.000000, 3.462222, 0.557778, 1.328889, 1.955556
 166.666667, 3.176000, 0.468000, 1.210000, 1.736000
 146.333333, 2.480638, 0.430524, 1.091116, 1.569476
 156.333333, 3.498934, 0.437100, 1.185501, 1.684435
 156.000000, 3.455128, 0.450855, 1.211538, 1.726496
 163.666667, 3.466395, 0.476578, 1.234216, 1.765784
 159.333333, 3.315900, 0.566946, 1.255230, 1.882845
 135.666667, 4.255528, 0.729730, 1.417690, 2.203931
 141.666667, 4.788235, 0.672941, 1.247059, 1.967059
 129.000000, 4.457364, 0.757106, 1.312661, 2.131783
 165.000000, 3.565657, 0.567677, 1.111111, 1.731313
 155.333333, 3.403433, 0.549356, 1.214592, 1.826180
 143.000000, 2.855478, 0.489510, 1.067599, 1.613054
 135.666667, 4.211302, 0.570025, 1.289926, 1.921376
 155.333333, 2.806867, 0.474249, 1.246781, 1.776824
 161.000000, 2.745342, 0.416149, 1.190476, 1.664596
 152.000000, 2.958333, 0.462719, 1.197368, 1.712719
 153.000000, 3.516340, 0.555556, 1.141612, 1.745098
 177.666667, 3.378987, 0.452158, 1.178236, 1.681051
59
 0.250000, 0.000000, 0.000000, 0.000000, 0.000000
 148.000000, 3.524775, 0.603604, 1.322072, 1.988739
 169.000000, 4.039448, 0.540434, 1.394477, 2.007890
 158.666667, 2.834034, 0.430672, 1.136555, 1.623950
 152.000000, 2.425439, 0.449561, 1.245614, 1.754386
 165.000000, 3.131313, 0.438384, 1.187879, 1.674747
 161.333333, 2.940083, 0.535124, 1.394628, 1.981405
 168.333333, 4.083168, 0.653465, 1.174257, 1.893069
 144.000000, 4.655093, 0.722222, 1.238426, 2.023148
 136.333333, 3.897311, 0.691932, 1.224939, 1.965770
 133.000000, 4.185464, 0.661654, 1.258145, 1.997494
 163.666667, 3.122200, 0.480652, 1.136456, 1.665988
 161.333333, 3.347107, 0.483471, 1.212810, 1.752066
 154.666667, 2.721983, 0.476293, 1.129310, 1.650862
 131.666667, 3.526582, 0.607595, 1.268354, 1.944304
 152.000000, 3.565789, 0.489035, 1.164474, 1.699561
 161.333333, 3.328512, 0.450413, 1.200413, 1.708678
 160.000000, 3.166667, 0.583333, 1.179167, 1.810417
 153.000000, 3.814815, 0.518519, 1.119826, 1.686275
 168.000000, 3.585317, 0.478175, 1.257937, 1.785714
60
 0.250000, 3.000000, 0.000000, 0.000000, 1.000000
 158.000000, 3.839662, 0.578059, 1.282700, 1.917722
 154.333333, 2.946004, 0.494600, 1.408207, 1.958963
 153.666667, 3.455531, 0.442516, 1.106291, 1.607375
 169.000000, 2.976331, 0.424063, 1.142012, 1.617357
 163.333333, 3.220408, 0.406122, 1.224490, 1.681633
 165.333333, 3.296371, 0.520161, 1.344758, 1.925403
 172.333333, 3.779497, 0.601547, 1.214700, 1.864603
 153.666667, 6.058568, 0.911063, 1.203905, 2.160521
 161.000000, 5.428571, 0.687371, 1.142857, 1.877847
 141.333333, 4.066038, 0.721698, 1.273585, 2.054245
 145.666667, 2.608696, 0.475973, 1.148741, 1.675057
 152.000000, 3.269737, 0.475877, 1.109649, 1.640351
 152.333333, 3.170678, 0.483589, 1.102845, 1.641138
 140.000000, 3.790476, 0.566667, 1.340476, 1.971429
 149.000000, 3.071588, 0.451902, 1.228188, 1.736018
 163.333333, 3.310204, 0.455102, 1.191837, 1.700000
 160.333333, 3.465696, 0.525988, 1.288981, 1.866944
 163.000000, 3.427403, 0.550102, 1.118609, 1.717791
 161.000000, 3.436853, 0.492754, 1.223602, 1.772257
61
 0.250000, 0.000000, 0.000000, 4.000000, 4.000000
 156.666667, 3.948936, 0.580851, 1.251064, 1.889362
 169.333333, 3.923228, 0.606299, 1.145669, 1.805118
 155.333333, 2.774678, 0.399142, 1.128755, 1.579399
 160.000000, 2.833333, 0.479167, 1.285417, 1.820833
 159.333333, 3.129707, 0.474895, 1.320084, 1.866109
 162.666667, 3.196721, 0.512295, 1.272541, 1.854508
 173.666667, 3.650672, 0.568138, 1.186180, 1.804223
 151.000000, 5.918322, 0.869757, 1.304636, 2.233996
 138.666667, 4.826923, 0.711538, 1.177885, 1.937500
 137.333333, 4.541262, 0.713592, 1.230583, 2.009709
 158.333333, 3.252632, 0.469474, 1.132632, 1.654737
 134.333333, 2.722084, 0.478908, 1.196030, 1.724566
 137.666667, 2.348668, 0.515738, 1.169492, 1.733656
 140.333333, 4.643705, 0.603325, 1.289786, 1.954869
 131.000000, 3.073791, 0.587786, 1.282443, 1.931298
 169.333333, 3.309055, 0.462598, 1.190945, 1.710630
 154.666667, 3.258621, 0.519397, 1.189655, 1.758621
 159.666667, 3.438413, 0.498956, 1.177453, 1.732777
 189.666667, 3.506151, 0.425308, 1.196837, 1.688928
62
 0.250000, 0.000000, 0.000000, 0.000000, 0.000000
 155.000000, 4.139785, 0.582796, 1.288172, 1.922581
 159.333333, 3.757322, 0.481172, 1.213389, 1.759414
 147.333333, 2.676471, 0.386878, 1.339367, 1.782805
 163.000000, 3.529652, 0.539877, 1.204499, 1.797546
 152.333333, 3.013129, 0.428884, 1.168490, 1.654267
 159.333333, 3.129707, 0.481172, 1.332636, 1.872385
 158.000000, 3.139241, 0.569620, 1.217300, 1.839662
 144.000000, 4.506944, 0.715278, 1.284722, 2.076389
 139.333333, 4.502392, 0.758373, 1.267943, 2.074163
 133.333333, 3.950000, 0.732500, 1.370000, 2.150000
 172.666667, 3.225869, 0.432432, 1.096525, 1.581081
 146.000000, 3.335616, 0.497717, 1.082192, 1.639269
 153.666667, 3.023861, 0.468547, 1.206074, 1.726681
 138.666667, 3.254808, 0.576923, 1.312500, 1.951923
 161.666667, 3.540206, 0.451546, 1.150515, 1.655670
 159.333333, 3.433054, 0.447699, 1.248954, 1.759414
 152.333333, 3.459519, 0.597374, 1.308534, 1.962801
 158.333333, 3.806316, 0.543158, 1.115789, 1.715789
 169.666667, 3.233792, 0.444008, 1.233792, 1.728880
63
 0.250000, 21.000000, 2.000000, 1.000000, 3.000000
 148.333333, 3.406742, 0.557303, 1.400000, 2.022472
 179.000000, 3.657356, 0.506518, 1.366853, 1.929236
 149.000000, 2.736018, 0.422819, 1.116331, 1.628635
 149.333333, 2.979911, 0.477679, 1.390625, 1.930804
 177.000000, 3.602637, 0.493409, 1.111111, 1.661017
 150.000000, 2.975556, 0.500000, 1.282222, 1.835556
 167.000000, 3.403194, 0.588822, 1.165669, 1.810379
 144.666667, 5.262673, 0.894009, 1.442396, 2.396313
 139.333333, 3.822967, 0.672249, 1.169856, 1.892344
 131.000000, 3.653944, 0.653944, 1.330789, 2.040712
 152.666667, 3.089520, 0.471616, 1.113537, 1.633188
 149.000000, 3.268456, 0.550336, 1.210291, 1.818792
 143.000000, 2.937063, 0.494172, 1.139860, 1.689977
 139.666667, 3.508353, 0.577566, 1.293556, 1.961814
 162.000000, 3.730453, 0.598765, 1.127572, 1.775720
 161.000000, 3.403727, 0.513458, 1.265010, 1.824017
 158.333333, 3.067368, 0.553684, 1.229474, 1.837895
 151.000000, 3.673289, 0.569536, 1.200883, 1.821192
 160.666667, 3.211618, 0.460581, 1.213693, 1.724066
Histogram
10 0 0 0 0 0 0 0 0 0 8 0 0 0 0 39 274 385 181 146 101 52 28 9 1 0 0 0 0 0 5 0 0 0 0 0 0 0 0 0 7 0 0 0 0 0 0 0 0 0 0 0 0 0 0 0 0 0 0 0 3 0 0 0 0 0 0 0 0 0 3 0 0 0 0 0 0 0 0 0 3 0 0 0 0 0 0 0 0 0 1 0 0 0 0 0 0 0 0 0 0 0 0 0 0 0 0 0 0 0 0 0 0 0 0 0 0 0 0 24 
Cache Miss Ratio
NaN
numOfSets
594759
numOfGets
0
numOfMultiGets
0
