20
0
 0.250000, 0.000000, 0.000000, 8.000000, 21.000000
 180.333333, 0.110906, 0.173752, 0.861368, 1.096118
 189.000000, 0.084656, 0.167549, 0.862434, 1.075838
 191.666667, 0.151304, 0.210435, 0.840000, 1.097391
 181.333333, 0.064338, 0.180147, 0.854779, 1.079044
 182.666667, 0.040146, 0.173358, 0.897810, 1.120438
 182.000000, 0.027473, 0.172161, 0.877289, 1.093407
 184.000000, 0.056159, 0.159420, 0.849638, 1.050725
 179.000000, 0.050279, 0.180633, 0.888268, 1.111732
 182.666667, 0.031022, 0.175182, 0.839416, 1.056569
 185.000000, 0.048649, 0.169369, 0.846847, 1.061261
 172.666667, 0.015444, 0.175676, 0.847490, 1.071429
 184.000000, 0.010870, 0.143116, 0.817029, 1.003623
 180.666667, 0.040590, 0.164207, 0.881919, 1.095941
 194.000000, 0.024055, 0.152921, 0.810997, 1.008591
 181.666667, 0.071560, 0.203670, 0.836697, 1.082569
 179.666667, 0.035250, 0.153989, 0.868275, 1.063080
 189.000000, 0.116402, 0.202822, 0.908289, 1.153439
 190.333333, 0.103327, 0.166375, 0.835377, 1.049037
 193.666667, 0.029260, 0.161790, 0.824441, 1.039587
1
 0.250000, 2.000000, 0.000000, 14.000000, 22.000000
 178.333333, 0.059813, 0.153271, 0.867290, 1.078505
 186.333333, 0.032200, 0.168157, 0.828265, 1.039356
 189.000000, 0.075838, 0.178131, 0.853616, 1.086420
 180.000000, 0.057407, 0.170370, 0.861111, 1.075926
 184.000000, 0.067029, 0.164855, 0.842391, 1.052536
 182.000000, 0.018315, 0.155678, 0.836996, 1.043956
 187.000000, 0.064171, 0.153298, 0.843137, 1.040998
 179.000000, 0.061453, 0.163873, 0.886406, 1.091248
 183.000000, 0.023679, 0.162113, 0.865209, 1.069217
 184.000000, 0.036232, 0.143116, 0.864130, 1.050725
 177.000000, 0.048964, 0.197740, 0.854991, 1.101695
 183.333333, 0.027273, 0.156364, 0.838182, 1.036364
 180.333333, 0.027726, 0.158965, 0.870610, 1.077634
 191.333333, 0.034843, 0.149826, 0.817073, 1.013937
 181.333333, 0.058824, 0.174632, 0.845588, 1.064338
 182.000000, 0.065934, 0.163004, 0.869963, 1.075092
 189.000000, 0.075838, 0.162257, 0.901235, 1.107584
 189.000000, 0.040564, 0.141093, 0.809524, 0.991182
 190.000000, 0.057895, 0.157895, 0.831579, 1.031579
2
 0.250000, 1.000000, 0.000000, 7.000000, 21.000000
 182.666667, 0.072993, 0.169708, 0.841241, 1.072993
 187.000000, 0.055258, 0.140820, 0.832442, 1.017825
 191.666667, 0.121739, 0.187826, 0.850435, 1.086957
 183.333333, 0.098182, 0.205455, 0.847273, 1.096364
 181.666667, 0.038532, 0.194495, 0.867890, 1.108257
 181.000000, 0.020258, 0.176796, 0.883978, 1.104972
 183.666667, 0.052632, 0.157895, 0.842105, 1.041742
 175.666667, 0.028463, 0.174573, 0.882353, 1.100569
 184.666667, 0.064982, 0.157040, 0.870036, 1.072202
 187.000000, 0.040998, 0.203209, 0.832442, 1.076649
 172.666667, 0.036680, 0.254826, 0.861004, 1.164093
 186.333333, 0.039356, 0.150268, 0.826476, 1.017889
 177.666667, 0.056285, 0.155722, 0.863039, 1.063790
 191.333333, 0.029617, 0.149826, 0.813589, 1.006969
 182.333333, 0.049360, 0.182815, 0.829982, 1.054845
 176.666667, 0.022642, 0.171698, 0.854717, 1.075472
 187.000000, 0.051693, 0.155080, 0.869875, 1.067736
 188.666667, 0.038869, 0.144876, 0.856890, 1.049470
 194.666667, 0.047945, 0.150685, 0.847603, 1.039384
3
 0.250000, 2.000000, 0.000000, 11.000000, 21.000000
 178.333333, 0.048598, 0.190654, 0.917757, 1.188785
 186.000000, 0.055556, 0.170251, 0.818996, 1.034050
 186.666667, 0.105357, 0.173214, 0.841071, 1.060714
 180.333333, 0.062847, 0.192237, 0.863216, 1.105360
 181.333333, 0.023897, 0.174632, 0.843750, 1.060662
 183.000000, 0.027322, 0.180328, 0.865209, 1.089253
 186.000000, 0.075269, 0.172043, 0.845878, 1.062724
 176.666667, 0.052830, 0.171698, 0.883019, 1.094340
 183.666667, 0.034483, 0.159710, 0.852995, 1.054446
 183.000000, 0.056466, 0.167577, 0.850638, 1.061931
 176.333333, 0.064272, 0.160681, 0.928166, 1.130435
 185.666667, 0.016158, 0.136445, 0.845601, 1.025135
 182.666667, 0.058394, 0.138686, 0.839416, 1.021898
 192.666667, 0.027682, 0.157439, 0.804498, 1.015571
 189.666667, 0.126538, 0.191564, 0.824253, 1.059754
 179.000000, 0.037244, 0.162011, 0.845438, 1.050279
 186.333333, 0.035778, 0.184258, 0.887299, 1.118068
 187.333333, 0.055160, 0.151246, 0.823843, 1.016014
 190.000000, 0.040351, 0.156140, 0.835088, 1.029825
4
 0.250000, 3.000000, 0.000000, 10.000000, 19.000000
 179.666667, 0.051948, 0.179963, 0.849722, 1.098330
 189.000000, 0.061728, 0.178131, 0.848325, 1.067019
 192.000000, 0.123264, 0.175347, 0.848958, 1.071181
 177.666667, 0.075047, 0.204503, 0.866792, 1.118199
 186.000000, 0.107527, 0.193548, 0.876344, 1.114695
 182.666667, 0.045620, 0.169708, 0.854015, 1.067518
 184.333333, 0.048825, 0.168174, 0.833635, 1.043400
 178.333333, 0.078505, 0.173832, 0.902804, 1.119626
 187.666667, 0.060391, 0.156306, 0.865009, 1.072824
 189.666667, 0.123023, 0.172232, 0.836555, 1.054482
 176.666667, 0.020755, 0.183019, 0.860377, 1.083019
 186.666667, 0.048214, 0.160714, 0.848214, 1.050000
 180.000000, 0.040741, 0.172222, 0.872222, 1.092593
 191.666667, 0.027826, 0.139130, 0.822609, 1.005217
 180.666667, 0.053506, 0.184502, 0.821033, 1.047970
 178.000000, 0.022472, 0.174157, 0.878277, 1.093633
 188.666667, 0.077739, 0.160777, 0.885159, 1.091873
 186.666667, 0.037500, 0.171429, 0.830357, 1.044643
 191.333333, 0.036585, 0.148084, 0.822300, 1.012195
5
 0.250000, 0.000000, 3.000000, 3.000000, 15.000000
 182.000000, 0.075092, 0.163004, 0.838828, 1.060440
 185.333333, 0.035971, 0.181655, 0.818345, 1.043165
 189.000000, 0.125220, 0.172840, 0.869489, 1.093474
 184.333333, 0.117541, 0.206148, 0.867993, 1.117541
 183.000000, 0.047359, 0.163934, 0.848816, 1.061931
 180.333333, 0.027726, 0.175601, 0.852126, 1.072089
 183.666667, 0.049002, 0.170599, 0.838475, 1.050817
 176.666667, 0.037736, 0.145283, 0.875472, 1.064151
 187.666667, 0.056838, 0.161634, 0.866785, 1.069272
 182.333333, 0.034735, 0.157221, 0.813528, 1.020110
 178.666667, 0.089552, 0.169776, 0.882463, 1.095149
 187.333333, 0.044484, 0.151246, 0.839858, 1.037367
 181.333333, 0.068015, 0.204044, 0.898897, 1.150735
 190.000000, 0.026316, 0.140351, 0.805263, 0.989474
 183.666667, 0.099819, 0.185118, 0.871143, 1.101633
 177.666667, 0.030019, 0.174484, 0.846154, 1.060038
 187.666667, 0.115453, 0.175844, 0.907638, 1.131439
 186.333333, 0.041145, 0.150268, 0.812165, 1.003578
 195.666667, 0.069847, 0.160136, 0.819421, 1.020443
6
 0.250000, 0.000000, 0.000000, 0.000000, 12.000000
 180.666667, 0.079336, 0.184502, 0.878229, 1.134686
 184.333333, 0.045208, 0.155515, 0.826401, 1.027125
 191.333333, 0.108014, 0.196864, 0.836237, 1.081882
 177.000000, 0.045198, 0.186441, 0.860640, 1.092279
 182.000000, 0.047619, 0.150183, 0.847985, 1.042125
 185.000000, 0.100901, 0.174775, 0.868468, 1.093694
 184.333333, 0.037975, 0.164557, 0.842676, 1.050633
 174.000000, 0.044061, 0.153257, 0.909962, 1.105364
 186.333333, 0.042934, 0.161002, 0.855098, 1.055456
 185.333333, 0.041367, 0.151079, 0.830935, 1.026978
 177.333333, 0.054511, 0.152256, 0.855263, 1.062030
 186.666667, 0.046429, 0.150000, 0.826786, 1.021429
 177.000000, 0.045198, 0.178908, 0.902072, 1.124294
 190.333333, 0.019264, 0.150613, 0.817863, 1.014011
 181.333333, 0.045956, 0.174632, 0.843750, 1.064338
 177.333333, 0.028195, 0.171053, 0.859023, 1.071429
 190.666667, 0.143357, 0.202797, 0.910839, 1.157343
 186.000000, 0.019713, 0.157706, 0.818996, 1.021505
 192.000000, 0.071181, 0.154514, 0.822917, 1.026042
7
 0.250000, 0.000000, 1.000000, 0.000000, 11.000000
 178.666667, 0.052239, 0.177239, 0.942164, 1.197761
 184.000000, 0.032609, 0.177536, 0.826087, 1.047101
 188.333333, 0.093805, 0.182301, 0.858407, 1.097345
 176.666667, 0.028302, 0.169811, 0.832075, 1.047170
 180.666667, 0.023985, 0.138376, 0.857934, 1.042435
 183.000000, 0.043716, 0.187614, 0.876138, 1.114754
 183.666667, 0.045372, 0.161525, 0.834846, 1.039927
 175.000000, 0.024762, 0.154286, 0.900952, 1.099048
 182.333333, 0.023766, 0.160878, 0.850091, 1.056673
 184.333333, 0.045208, 0.168174, 0.844485, 1.056058
 175.666667, 0.066414, 0.165085, 0.939279, 1.146110
 184.000000, 0.034420, 0.161232, 0.842391, 1.043478
 182.000000, 0.064103, 0.175824, 0.906593, 1.124542
 191.666667, 0.034783, 0.151304, 0.800000, 1.001739
 177.666667, 0.022514, 0.195122, 0.834897, 1.076923
 180.333333, 0.060998, 0.173752, 0.848429, 1.064695
 186.666667, 0.058929, 0.155357, 0.905357, 1.103571
 188.666667, 0.038869, 0.143110, 0.819788, 1.005300
 193.333333, 0.062069, 0.155172, 0.813793, 1.010345
8
 0.250000, 0.000000, 0.000000, 0.000000, 4.000000
 177.333333, 0.077068, 0.225564, 0.907895, 1.199248
 187.333333, 0.056940, 0.172598, 0.827402, 1.042705
 190.666667, 0.113636, 0.190559, 0.867133, 1.108392
 177.666667, 0.031895, 0.183865, 0.857411, 1.084428
 181.333333, 0.027574, 0.154412, 0.847426, 1.045956
 187.000000, 0.076649, 0.165775, 0.852050, 1.062389
 185.666667, 0.070018, 0.166966, 0.856373, 1.066427
 174.666667, 0.038168, 0.177481, 0.919847, 1.137405
 183.666667, 0.021779, 0.159710, 0.852995, 1.056261
 182.666667, 0.021898, 0.186131, 0.804745, 1.032847
 177.666667, 0.116323, 0.191370, 0.934334, 1.181989
 187.000000, 0.044563, 0.140820, 0.827094, 1.010695
 179.666667, 0.068646, 0.200371, 0.877551, 1.118738
 193.000000, 0.034542, 0.148532, 0.820380, 1.010363
 180.000000, 0.033333, 0.205556, 0.851852, 1.118519
 183.666667, 0.083485, 0.172414, 0.862069, 1.081670
 181.333333, 0.040441, 0.163603, 0.902574, 1.112132
 189.000000, 0.075838, 0.174603, 0.821869, 1.037037
 192.333333, 0.045061, 0.143847, 0.812825, 0.994801
9
 0.250000, 0.000000, 0.000000, 2.000000, 3.000000
 184.000000, 0.094203, 0.181159, 0.867754, 1.128623
 184.000000, 0.023551, 0.152174, 0.827899, 1.028986
 189.000000, 0.132275, 0.190476, 0.830688, 1.068783
 181.000000, 0.104972, 0.217311, 0.861878, 1.123389
 182.666667, 0.041971, 0.167883, 0.866788, 1.078467
 181.666667, 0.014679, 0.168807, 0.864220, 1.077064
 186.666667, 0.053571, 0.148214, 0.848214, 1.041071
 175.666667, 0.034156, 0.165085, 0.922201, 1.127135
 185.000000, 0.091892, 0.183784, 0.859459, 1.091892
 183.000000, 0.027322, 0.160291, 0.830601, 1.034608
 179.000000, 0.091248, 0.176909, 0.852886, 1.070764
 183.333333, 0.014545, 0.152727, 0.841818, 1.038182
 179.333333, 0.068773, 0.187732, 0.845725, 1.083643
 190.666667, 0.040210, 0.153846, 0.828671, 1.031469
 179.666667, 0.027829, 0.170686, 0.862709, 1.096475
 179.666667, 0.024119, 0.176252, 0.868275, 1.085343
 187.000000, 0.048128, 0.160428, 0.868093, 1.071301
 186.000000, 0.028674, 0.146953, 0.824373, 1.010753
 198.333333, 0.194958, 0.226891, 0.821849, 1.099160
10
 0.250000, 0.000000, 0.000000, 0.000000, 6.000000
 182.666667, 0.076642, 0.229927, 0.914234, 1.204380
 184.333333, 0.030741, 0.175407, 0.824593, 1.039783
 192.000000, 0.119792, 0.178819, 0.850694, 1.076389
 180.666667, 0.053506, 0.180812, 0.863469, 1.086716
 182.666667, 0.051095, 0.162409, 0.861314, 1.065693
 186.666667, 0.083929, 0.183929, 0.837500, 1.066071
 186.333333, 0.053667, 0.152057, 0.855098, 1.050089
 175.333333, 0.028517, 0.155894, 0.893536, 1.093156
 185.333333, 0.034173, 0.170863, 0.865108, 1.079137
 185.000000, 0.054054, 0.205405, 0.828829, 1.075676
 178.000000, 0.086142, 0.164794, 0.868914, 1.080524
 187.000000, 0.046346, 0.165775, 0.828877, 1.035651
 181.000000, 0.062615, 0.200737, 0.889503, 1.130755
 191.333333, 0.008711, 0.144599, 0.824042, 1.019164
 183.000000, 0.091075, 0.169399, 0.854281, 1.067395
 182.666667, 0.034672, 0.175182, 0.848540, 1.074818
 185.333333, 0.064748, 0.152878, 0.868705, 1.064748
 187.333333, 0.017794, 0.142349, 0.813167, 1.005338
 194.333333, 0.070326, 0.150943, 0.818182, 1.008576
11
 0.250000, 1.000000, 0.000000, 0.000000, 2.000000
 180.666667, 0.090406, 0.175277, 0.845018, 1.079336
 184.666667, 0.039711, 0.173285, 0.828520, 1.045126
 192.333333, 0.114385, 0.176776, 0.835355, 1.074523
 183.000000, 0.087432, 0.187614, 0.857923, 1.092896
 185.666667, 0.057451, 0.175943, 0.840215, 1.066427
 182.000000, 0.040293, 0.155678, 0.857143, 1.060440
 186.000000, 0.051971, 0.154122, 0.826165, 1.025090
 177.333333, 0.090226, 0.180451, 0.924812, 1.146617
 185.666667, 0.039497, 0.159785, 0.859964, 1.062837
 184.000000, 0.048913, 0.152174, 0.856884, 1.050725
 182.333333, 0.091408, 0.153565, 0.890311, 1.085923
 185.666667, 0.026930, 0.150808, 0.863555, 1.055655
 176.666667, 0.028302, 0.171698, 0.839623, 1.052830
 192.000000, 0.041667, 0.152778, 0.793403, 0.989583
 184.000000, 0.063406, 0.157609, 0.855072, 1.063406
 178.333333, 0.048598, 0.185047, 0.865421, 1.093458
 187.333333, 0.071174, 0.186833, 0.909253, 1.138790
 186.333333, 0.032200, 0.159213, 0.822898, 1.028623
 196.333333, 0.071307, 0.140917, 0.821732, 1.003396
12
 0.250000, 1.000000, 0.000000, 11.000000, 17.000000
 180.333333, 0.072089, 0.197782, 0.905730, 1.160813
 187.666667, 0.055062, 0.165187, 0.850799, 1.058615
 188.333333, 0.081416, 0.176991, 0.846018, 1.070796
 179.666667, 0.059369, 0.183673, 0.860853, 1.087199
 180.000000, 0.029630, 0.161111, 0.855556, 1.061111
 182.666667, 0.025547, 0.155109, 0.846715, 1.047445
 186.000000, 0.064516, 0.155914, 0.851254, 1.050179
 175.333333, 0.024715, 0.167300, 0.903042, 1.112167
 185.666667, 0.043088, 0.166966, 0.849192, 1.055655
 184.333333, 0.066908, 0.195298, 0.853526, 1.090416
 172.000000, 0.027132, 0.155039, 0.939922, 1.135659
 185.666667, 0.044883, 0.159785, 0.838420, 1.039497
 181.000000, 0.073665, 0.200737, 0.902394, 1.145488
 191.666667, 0.020870, 0.153043, 0.812174, 1.008696
 179.333333, 0.037175, 0.204461, 0.828996, 1.085502
 179.333333, 0.011152, 0.161710, 0.871747, 1.076208
 187.666667, 0.088810, 0.188277, 0.914742, 1.145648
 187.666667, 0.040853, 0.154529, 0.831261, 1.031972
 195.000000, 0.061538, 0.141880, 0.815385, 1.011966
13
 0.250000, 0.000000, 0.000000, 0.000000, 1.000000
 181.000000, 0.079190, 0.204420, 0.867403, 1.128913
 187.000000, 0.035651, 0.165775, 0.832442, 1.040998
 191.000000, 0.102967, 0.165794, 0.818499, 1.033159
 183.000000, 0.081967, 0.183971, 0.839709, 1.069217
 187.333333, 0.097865, 0.169039, 0.850534, 1.062278
 184.333333, 0.045208, 0.173599, 0.826401, 1.048825
 183.333333, 0.041818, 0.167273, 0.847273, 1.058182
 181.000000, 0.053407, 0.154696, 0.885820, 1.081031
 187.000000, 0.048128, 0.147950, 0.859180, 1.049911
 187.333333, 0.080071, 0.172598, 0.822064, 1.039146
 180.000000, 0.066667, 0.157407, 0.916667, 1.125926
 183.333333, 0.014545, 0.158182, 0.821818, 1.020000
 182.333333, 0.087751, 0.144424, 0.857404, 1.045704
 192.000000, 0.032986, 0.149306, 0.789931, 0.980903
 181.000000, 0.044199, 0.173112, 0.861878, 1.079190
 181.333333, 0.044118, 0.167279, 0.906250, 1.115809
 187.666667, 0.051510, 0.161634, 0.882771, 1.090586
 186.666667, 0.039286, 0.169643, 0.846429, 1.055357
 194.666667, 0.051370, 0.135274, 0.837329, 1.013699
14
 0.250000, 0.000000, 0.000000, 0.000000, 0.000000
 179.000000, 0.027933, 0.188082, 0.834264, 1.132216
 186.333333, 0.067979, 0.171735, 0.855098, 1.071556
 188.000000, 0.065603, 0.182624, 0.845745, 1.079787
 180.666667, 0.083026, 0.184502, 0.848708, 1.084871
 179.666667, 0.031540, 0.163265, 0.860853, 1.066790
 183.333333, 0.036364, 0.145455, 0.849091, 1.047273
 185.000000, 0.054054, 0.174775, 0.864865, 1.081081
 177.666667, 0.035647, 0.157598, 0.879925, 1.078799
 185.333333, 0.039568, 0.152878, 0.847122, 1.043165
 183.000000, 0.047359, 0.167577, 0.821494, 1.038251
 176.000000, 0.035985, 0.138258, 0.852273, 1.041667
 184.333333, 0.048825, 0.157324, 0.831826, 1.037975
 179.333333, 0.050186, 0.176580, 0.856877, 1.083643
 192.000000, 0.043403, 0.154514, 0.829861, 1.026042
 182.000000, 0.065934, 0.195971, 0.822344, 1.062271
 179.000000, 0.031657, 0.162011, 0.871508, 1.078212
 182.000000, 0.020147, 0.166667, 0.860806, 1.071429
 187.666667, 0.035524, 0.156306, 0.827709, 1.024867
 190.333333, 0.031524, 0.147110, 0.830123, 1.022767
15
 0.250000, 1.000000, 0.000000, 0.000000, 1.000000
 183.000000, 0.100182, 0.191257, 0.859745, 1.118397
 184.666667, 0.032491, 0.175090, 0.866426, 1.083032
 196.333333, 0.129032, 0.198642, 0.847199, 1.093379
 182.000000, 0.126374, 0.199634, 0.838828, 1.082418
 182.666667, 0.038321, 0.164234, 0.885036, 1.102190
 180.666667, 0.009225, 0.162362, 0.839483, 1.051661
 183.333333, 0.036364, 0.158182, 0.861818, 1.072727
 178.666667, 0.080224, 0.188433, 0.897388, 1.134328
 185.666667, 0.043088, 0.156194, 0.834829, 1.030521
 187.000000, 0.055258, 0.158645, 0.848485, 1.057041
 178.000000, 0.065543, 0.146067, 0.934457, 1.125468
 185.000000, 0.045045, 0.165766, 0.850450, 1.057658
 177.333333, 0.052632, 0.152256, 0.887218, 1.080827
 191.333333, 0.012195, 0.134146, 0.818815, 0.996516
 183.000000, 0.045537, 0.185792, 0.870674, 1.102004
 183.666667, 0.096189, 0.166969, 0.883848, 1.092559
 184.666667, 0.023466, 0.151625, 0.906137, 1.102888
 187.666667, 0.037300, 0.147425, 0.825933, 1.015986
 193.666667, 0.056799, 0.146299, 0.819277, 1.013769
Histogram
1 0 0 0 0 0 0 0 0 6 242 57 1 0 0 0 0 0 0 0 1 0 0 0 0 0 0 0 0 0 1 0 0 0 0 0 0 0 0 0 1 0 0 0 0 0 0 0 0 0 0 0 0 0 0 0 0 0 0 0 1 0 0 0 0 0 0 0 0 0 0 0 0 0 0 0 0 0 0 0 0 0 0 0 0 0 0 0 0 0 0 0 0 0 0 0 0 0 0 0 0 0 0 0 0 0 0 0 0 0 1 0 0 0 0 0 0 0 0 8 
Cache Miss Ratio
NaN
numOfSets
176612
numOfGets
0
numOfMultiGets
0
