20
0
 0.250000, 1.000000, 0.000000, 11.000000, 97.000000
 68.333333, 4.058537, 1.112195, 0.965854, 2.253659
 101.333333, 3.361842, 0.937500, 0.743421, 1.710526
 75.666667, 1.691630, 2.299559, 1.013216, 4.149780
 5.333333, 12.937500, 177.750000, 42.750000, 266.125000
 4.333333, 6.076923, 51.000000, 52.692308, 103.769231
 3.000000, 3.555556, 97.444444, 41.111111, 138.666667
 32.666667, 1.285714, 1.540816, 1.581633, 3.459184
 106.666667, 2.025000, 0.306250, 0.596875, 0.928125
 86.333333, 1.664093, 0.293436, 0.633205, 0.949807
 89.333333, 1.395522, 0.227612, 0.570896, 0.824627
 89.333333, 1.190299, 0.294776, 0.634328, 0.955224
 88.666667, 1.488722, 0.319549, 0.639098, 0.984962
 87.000000, 1.241379, 0.291188, 0.693487, 1.007663
 88.666667, 1.169173, 0.319549, 0.597744, 0.943609
 101.333333, 2.019737, 0.282895, 0.562500, 0.871711
 95.333333, 1.877622, 0.276224, 0.580420, 0.881119
 78.333333, 1.608511, 0.255319, 0.561702, 0.842553
 90.666667, 1.625000, 0.327206, 0.569853, 0.922794
 95.666667, 1.881533, 0.390244, 0.592334, 1.010453
1
 0.250000, 0.000000, 1.000000, 10.000000, 94.000000
 65.000000, 3.687179, 1.312821, 1.025641, 2.379487
 89.333333, 2.358209, 0.518657, 0.623134, 1.167910
 80.333333, 2.394191, 0.481328, 0.950207, 1.456432
 1.666667, 1.400000, 30.600000, 44.000000, 74.800000
 4.500000, 5.166667, 52.944444, 47.888889, 105.888889
 3.333333, 3.600000, 96.800000, 40.200000, 144.400000
 70.333333, 1.601896, 0.270142, 0.677725, 0.976303
 94.000000, 2.021277, 0.297872, 0.578014, 0.900709
 87.666667, 1.342205, 0.300380, 0.581749, 0.908745
 89.000000, 1.509363, 0.269663, 0.550562, 0.842697
 89.666667, 1.802974, 0.263941, 0.613383, 0.903346
 95.333333, 1.206294, 0.265734, 0.702797, 0.989510
 94.333333, 1.508834, 0.332155, 0.646643, 1.003534
 97.333333, 1.530822, 0.332192, 0.595890, 0.952055
 102.000000, 1.637255, 0.323529, 0.549020, 0.901961
 88.666667, 1.451128, 0.281955, 1.409774, 1.718045
 85.666667, 1.782101, 0.295720, 0.587549, 0.906615
 93.333333, 1.542857, 0.317857, 0.589286, 0.953571
 99.666667, 1.923077, 0.301003, 0.548495, 0.879599
2
 0.250000, 0.000000, 1.000000, 11.000000, 93.000000
 60.666667, 3.302198, 1.170330, 0.950549, 2.203297
 83.000000, 2.064257, 0.506024, 0.606426, 1.136546
 76.333333, 1.978166, 1.179039, 0.921397, 2.126638
 2.333333, 0.000000, 84.428571, 29.285714, 126.000000
 3.333333, 2.600000, 47.200000, 29.900000, 77.100000
 2.000000, 0.166667, 14.666667, 55.666667, 123.166667
 84.333333, 1.916996, 0.395257, 1.003953, 1.422925
 94.000000, 1.861702, 0.308511, 0.574468, 0.907801
 95.666667, 1.930314, 0.317073, 0.554007, 0.895470
 95.666667, 1.693380, 0.268293, 0.567944, 0.860627
 98.000000, 2.136054, 0.360544, 0.612245, 1.000000
 94.000000, 1.631206, 0.294326, 0.691489, 1.014184
 90.000000, 1.429630, 0.300000, 0.614815, 0.937037
 94.666667, 1.299296, 0.281690, 0.577465, 0.883803
 112.000000, 2.196429, 0.360119, 0.562500, 0.946429
 83.666667, 1.478088, 0.326693, 0.613546, 0.968127
 81.333333, 1.913934, 0.323770, 0.618852, 1.000000
 93.666667, 1.530249, 0.330961, 0.604982, 0.960854
 93.666667, 1.743772, 0.295374, 0.565836, 0.886121
3
 0.250000, 1.000000, 1.000000, 2.000000, 75.000000
 59.666667, 3.871508, 1.385475, 1.128492, 2.592179
 82.333333, 2.076923, 0.404858, 0.809717, 1.242915
 83.666667, 1.936255, 0.418327, 0.924303, 1.370518
 3.333333, 2.200000, 126.400000, 24.000000, 165.000000
 3.000000, 4.888889, 55.666667, 53.777778, 124.888889
 1.666667, 2.200000, 69.800000, 22.200000, 92.000000
 73.000000, 2.337900, 1.315068, 0.831050, 2.205479
 90.000000, 1.903704, 0.337037, 0.618519, 0.985185
 89.333333, 1.257463, 0.354478, 0.589552, 0.970149
 95.333333, 1.814685, 0.307692, 0.615385, 0.951049
 91.333333, 1.824818, 0.310219, 0.583942, 0.927007
 89.333333, 1.522388, 0.276119, 0.750000, 1.052239
 94.666667, 1.686620, 0.330986, 0.602113, 0.957746
 110.333333, 2.305136, 0.341390, 0.546828, 0.915408
 96.666667, 1.848276, 0.296552, 0.565517, 0.886207
 94.333333, 1.862191, 0.286219, 0.583039, 0.890459
 74.666667, 1.660714, 0.383929, 0.812500, 1.223214
 91.666667, 1.949091, 0.360000, 0.596364, 0.985455
 96.000000, 1.326389, 0.295139, 0.545139, 0.868056
4
 0.250000, 0.000000, 1.000000, 13.000000, 93.000000
 59.000000, 4.022599, 1.242938, 0.977401, 2.282486
 88.333333, 1.981132, 0.433962, 0.792453, 1.283019
 90.333333, 2.258303, 1.730627, 0.900369, 2.955720
 2.000000, 0.000000, 48.333333, 22.166667, 136.666667
 2.000000, 0.333333, 50.833333, 48.666667, 113.000000
 3.000000, 2.888889, 55.222222, 65.000000, 133.222222
 33.666667, 2.782178, 9.465347, 5.465347, 14.960396
 91.000000, 1.666667, 0.318681, 0.622711, 0.967033
 90.333333, 1.767528, 0.309963, 0.594096, 0.926199
 92.666667, 1.406475, 0.280576, 0.589928, 0.913669
 86.666667, 1.453846, 0.273077, 0.611538, 0.903846
 89.000000, 1.434457, 0.329588, 0.636704, 0.992509
 92.666667, 1.809353, 0.309353, 0.701439, 1.032374
 85.666667, 1.645914, 0.291829, 0.591440, 0.910506
 96.333333, 1.740484, 0.266436, 0.602076, 0.899654
 90.333333, 1.487085, 0.317343, 0.642066, 0.988930
 76.666667, 1.765217, 0.278261, 0.591304, 0.895652
 88.333333, 1.505660, 0.343396, 0.615094, 0.981132
 98.333333, 1.725424, 0.298305, 0.572881, 0.894915
5
 0.250000, 0.000000, 1.000000, 11.000000, 92.000000
 56.000000, 3.738095, 1.654762, 1.017857, 2.732143
 81.000000, 2.164609, 0.481481, 0.662551, 1.172840
 74.666667, 1.946429, 1.200893, 0.732143, 1.955357
 2.333333, 4.571429, 125.428571, 22.714286, 148.428571
 7.333333, 6.000000, 45.863636, 45.454545, 92.772727
 2.666667, 1.125000, 84.625000, 34.000000, 150.875000
 39.333333, 3.076271, 1.228814, 1.457627, 3.474576
 94.666667, 1.788732, 0.302817, 0.911972, 1.239437
 100.000000, 1.916667, 0.320000, 0.596667, 0.940000
 96.666667, 1.710345, 0.272414, 0.541379, 0.865517
 96.666667, 2.010345, 0.275862, 0.620690, 0.920690
 94.333333, 1.597173, 0.282686, 0.593640, 0.901060
 89.000000, 1.280899, 0.325843, 0.704120, 1.082397
 94.333333, 1.752650, 0.310954, 0.544170, 0.883392
 97.333333, 1.623288, 0.304795, 0.568493, 0.900685
 91.000000, 1.278388, 0.274725, 0.619048, 0.934066
 78.333333, 1.710638, 0.323404, 1.034043, 1.408511
 76.000000, 1.298246, 0.324561, 1.087719, 1.442982
 93.666667, 1.441281, 0.295374, 0.597865, 0.914591
6
 0.250000, 0.000000, 1.000000, 3.000000, 98.000000
 59.000000, 2.514124, 1.016949, 0.954802, 2.039548
 82.666667, 1.657258, 0.467742, 0.637097, 1.137097
 75.666667, 1.929515, 1.171806, 0.775330, 1.973568
 2.000000, 0.000000, 119.666667, 28.333333, 148.000000
 6.333333, 6.684211, 43.578947, 43.473684, 87.105263
 1.666667, 0.000000, 70.800000, 48.800000, 119.600000
 55.333333, 1.518072, 2.018072, 1.126506, 3.307229
 83.666667, 1.330677, 0.298805, 0.980080, 1.302789
 94.000000, 1.787234, 0.315603, 0.606383, 0.943262
 93.666667, 1.309609, 0.270463, 0.580071, 0.871886
 85.000000, 1.352941, 0.286275, 0.615686, 0.921569
 93.333333, 1.300000, 0.296429, 0.696429, 1.014286
 90.000000, 1.455556, 0.288889, 0.662963, 0.974074
 96.000000, 1.847222, 0.291667, 0.586806, 0.906250
 90.666667, 1.437500, 0.305147, 0.540441, 0.875000
 95.666667, 1.790941, 0.271777, 0.585366, 0.891986
 76.666667, 1.482609, 0.334783, 0.791304, 1.147826
 102.333333, 2.214984, 0.325733, 0.570033, 0.925081
 91.666667, 1.385455, 0.309091, 0.560000, 0.894545
7
 0.250000, 0.000000, 1.000000, 0.000000, 96.000000
 65.333333, 3.561224, 0.903061, 1.142857, 2.096939
 93.666667, 3.128114, 0.530249, 0.637011, 1.334520
 89.000000, 2.947566, 1.138577, 0.895131, 2.059925
 4.250000, 6.647059, 39.764706, 25.117647, 64.941176
 3.000000, 0.111111, 86.555556, 23.555556, 110.222222
 3.000000, 2.111111, 119.000000, 38.444444, 160.111111
 76.333333, 1.781659, 1.065502, 1.441048, 2.532751
 90.333333, 1.357934, 0.309963, 0.642066, 0.977860
 90.666667, 1.367647, 0.261029, 0.566176, 0.852941
 89.000000, 1.172285, 0.265918, 0.602996, 0.895131
 83.666667, 1.462151, 0.366534, 0.581673, 0.972112
 93.666667, 1.558719, 0.270463, 0.743772, 1.039146
 96.000000, 1.503472, 0.291667, 0.597222, 0.916667
 98.000000, 1.619048, 0.268707, 0.561224, 0.853741
 88.333333, 1.584906, 0.290566, 0.588679, 0.909434
 78.000000, 1.572650, 0.324786, 0.619658, 0.970085
 81.333333, 1.778689, 0.348361, 0.561475, 0.967213
 90.666667, 1.632353, 0.319853, 0.610294, 0.981618
 97.666667, 1.556314, 0.283276, 0.576792, 0.890785
8
 0.250000, 2.000000, 2.000000, 11.000000, 89.000000
 61.000000, 3.693989, 1.076503, 0.830601, 2.158470
 92.333333, 2.335740, 0.379061, 0.624549, 1.032491
 92.666667, 2.787770, 2.543165, 0.992806, 3.730216
 1.500000, 0.833333, 39.500000, 32.333333, 144.833333
 6.333333, 5.684211, 38.000000, 39.684211, 77.736842
 1.666667, 1.400000, 17.600000, 29.200000, 46.800000
 58.000000, 1.454023, 1.666667, 1.793103, 3.488506
 96.666667, 2.193103, 0.286207, 0.555172, 0.868966
 90.333333, 1.453875, 0.273063, 0.575646, 0.881919
 92.000000, 1.086957, 0.268116, 0.565217, 0.858696
 98.333333, 1.627119, 0.281356, 0.600000, 0.905085
 93.666667, 1.850534, 0.284698, 0.665480, 0.978648
 99.666667, 2.006689, 0.314381, 0.675585, 1.013378
 97.333333, 1.537671, 0.291096, 0.541096, 0.856164
 94.000000, 1.656028, 0.308511, 0.592199, 0.932624
 88.666667, 1.413534, 0.293233, 0.571429, 0.890977
 80.333333, 1.630705, 0.319502, 1.759336, 2.132780
 97.666667, 1.969283, 0.344710, 0.600683, 0.976109
 96.666667, 1.606897, 0.296552, 0.541379, 0.865517
9
 0.250000, 0.000000, 1.000000, 13.000000, 85.000000
 55.666667, 4.191617, 1.455090, 0.916168, 2.526946
 74.666667, 2.254464, 0.464286, 0.633929, 1.125000
 78.000000, 1.743590, 0.341880, 0.931624, 1.303419
 3.333333, 4.200000, 93.700000, 25.200000, 126.400000
 8.666667, 5.423077, 47.730769, 41.500000, 93.076923
 3.000000, 2.555556, 24.222222, 34.222222, 58.555556
 67.333333, 1.405941, 0.628713, 0.881188, 1.806931
 86.666667, 1.450000, 0.300000, 0.611538, 0.938462
 96.666667, 1.620690, 0.293103, 0.562069, 0.879310
 90.000000, 1.081481, 0.270370, 0.637037, 0.929630
 89.666667, 1.895911, 0.330855, 0.579926, 0.933086
 93.000000, 1.268817, 0.351254, 0.677419, 1.053763
 90.000000, 1.551852, 0.314815, 0.596296, 0.966667
 97.000000, 1.666667, 0.288660, 0.594502, 0.903780
 112.000000, 1.985119, 0.279762, 0.559524, 0.869048
 94.666667, 1.767606, 0.461268, 0.714789, 1.204225
 89.666667, 1.869888, 0.460967, 0.895911, 1.382900
 91.666667, 1.523636, 0.294545, 0.578182, 0.898182
 102.000000, 1.509804, 0.290850, 0.532680, 0.849673
10
 0.250000, 0.000000, 1.000000, 11.000000, 84.000000
 62.000000, 3.360215, 1.220430, 1.134409, 2.403226
 86.666667, 2.423077, 0.484615, 0.592308, 1.103846
 81.666667, 2.097959, 1.355102, 0.710204, 2.089796
 3.333333, 5.400000, 103.100000, 38.200000, 148.600000
 7.333333, 5.227273, 67.227273, 34.681818, 104.636364
 4.000000, 5.833333, 67.416667, 35.666667, 116.000000
 54.666667, 3.115854, 12.609756, 4.408537, 17.670732
 97.666667, 1.655290, 0.296928, 0.604096, 0.924915
 97.333333, 1.770548, 0.332192, 0.551370, 0.907534
 104.000000, 1.721154, 0.298077, 0.567308, 0.916667
 95.666667, 1.567944, 0.310105, 0.602787, 0.961672
 103.666667, 2.099678, 0.299035, 0.594855, 0.926045
 96.333333, 1.508651, 0.346021, 0.664360, 1.041522
 89.666667, 1.449814, 0.271375, 0.762082, 1.059480
 93.000000, 1.537634, 0.308244, 0.634409, 0.989247
 94.666667, 2.021127, 0.341549, 0.549296, 0.919014
 79.666667, 1.518828, 0.564854, 1.523013, 2.112971
 98.000000, 1.955782, 0.295918, 0.619048, 0.942177
 98.666667, 2.246622, 0.371622, 0.587838, 0.986486
11
 0.250000, 0.000000, 1.000000, 0.000000, 67.000000
 57.666667, 3.450867, 1.502890, 1.092486, 2.682081
 92.666667, 2.812950, 0.600719, 0.618705, 1.244604
 73.333333, 1.727273, 0.840909, 0.604545, 1.727273
 3.000000, 2.111111, 68.777778, 37.111111, 109.333333
 7.333333, 4.136364, 55.090909, 36.636364, 91.772727
 3.333333, 3.400000, 100.300000, 39.500000, 139.900000
 49.000000, 2.312925, 0.448980, 0.857143, 1.333333
 87.666667, 1.581749, 0.300380, 0.870722, 1.193916
 99.000000, 1.902357, 0.296296, 0.579125, 0.902357
 94.666667, 1.408451, 0.278169, 0.563380, 0.866197
 88.000000, 1.791667, 0.299242, 0.590909, 0.939394
 104.666667, 2.175159, 0.321656, 0.652866, 1.003185
 96.000000, 1.961806, 0.295139, 0.638889, 0.961806
 102.000000, 1.960784, 0.339869, 0.591503, 0.954248
 95.666667, 1.672474, 0.282230, 0.564460, 0.895470
 96.666667, 1.648276, 0.331034, 0.548276, 0.906897
 76.666667, 1.256522, 0.317391, 0.700000, 1.039130
 83.000000, 1.554217, 0.345382, 0.578313, 0.951807
 97.333333, 1.345890, 0.325342, 0.558219, 0.907534
12
 0.250000, 0.000000, 1.000000, 8.000000, 69.000000
 59.333333, 3.101124, 0.994382, 0.808989, 1.848315
 83.333333, 1.876000, 0.480000, 0.684000, 1.220000
 87.000000, 2.367816, 0.371648, 0.835249, 1.237548
 5.666667, 8.235294, 120.352941, 22.117647, 146.588235
 4.333333, 6.153846, 61.538462, 46.307692, 110.153846
 2.000000, 0.000000, 108.000000, 36.333333, 156.166667
 44.000000, 1.242424, 2.090909, 0.931818, 3.045455
 87.333333, 1.645038, 0.305344, 0.900763, 1.232824
 97.000000, 1.756014, 0.312715, 0.628866, 0.969072
 103.666667, 2.025723, 0.270096, 0.581994, 0.881029
 92.333333, 1.718412, 0.306859, 0.595668, 0.924188
 97.000000, 1.817869, 0.298969, 0.639175, 0.962199
 92.333333, 1.758123, 0.314079, 0.693141, 1.028881
 95.666667, 1.599303, 0.331010, 0.592334, 0.951220
 93.666667, 1.861210, 0.298932, 0.580071, 0.907473
 92.666667, 1.809353, 0.284173, 0.669065, 0.978417
 72.666667, 1.665138, 0.701835, 1.311927, 2.036697
 89.000000, 1.797753, 0.322097, 0.602996, 1.003745
 95.000000, 1.649123, 0.263158, 0.600000, 0.891228
13
 0.250000, 0.000000, 1.000000, 3.000000, 88.000000
 60.000000, 4.044444, 1.211111, 0.955556, 2.216667
 88.000000, 1.984848, 0.477273, 0.734848, 1.234848
 82.000000, 2.174797, 1.170732, 0.910569, 2.109756
 2.666667, 5.875000, 46.500000, 35.875000, 82.500000
 2.750000, 3.090909, 100.454545, 36.636364, 171.090909
 3.666667, 4.000000, 31.727273, 44.545455, 104.727273
 76.333333, 1.611354, 0.275109, 0.563319, 0.868996
 91.666667, 1.720000, 0.301818, 0.618182, 0.949091
 93.000000, 2.193548, 0.275986, 0.569892, 0.899642
 95.000000, 1.400000, 0.263158, 0.568421, 0.852632
 92.333333, 1.978339, 0.288809, 0.599278, 0.913357
 96.333333, 1.446367, 0.283737, 0.709343, 1.013841
 91.000000, 1.794872, 0.304029, 0.663004, 0.996337
 106.666667, 1.671875, 0.318750, 0.584375, 0.925000
 103.333333, 1.812903, 0.293548, 0.545161, 0.864516
 93.666667, 1.921708, 0.298932, 0.601423, 0.925267
 80.666667, 1.690083, 0.330579, 0.669421, 1.028926
 96.333333, 1.820069, 0.356401, 0.595156, 0.975779
 97.666667, 1.723549, 0.283276, 0.580205, 0.890785
14
 0.250000, 0.000000, 1.000000, 14.000000, 89.000000
 71.000000, 5.732394, 1.995305, 1.009390, 3.051643
 89.666667, 1.598513, 0.427509, 0.605948, 1.059480
 78.666667, 2.016949, 1.258475, 0.923729, 2.211864
 3.000000, 5.444444, 37.444444, 31.666667, 69.222222
 5.000000, 7.066667, 53.066667, 45.800000, 98.866667
 2.666667, 1.125000, 54.000000, 26.500000, 80.625000
 68.333333, 1.653659, 1.351220, 0.843902, 2.224390
 89.666667, 1.609665, 0.297398, 0.576208, 0.903346
 97.666667, 1.788396, 0.320819, 0.607509, 0.976109
 97.000000, 1.817869, 0.285223, 0.525773, 0.831615
 93.333333, 1.628571, 0.300000, 0.557143, 0.882143
 93.333333, 1.496429, 0.292857, 0.725000, 1.042857
 87.666667, 1.551331, 0.273764, 0.809886, 1.110266
 95.000000, 1.621053, 0.319298, 0.603509, 0.943860
 111.000000, 2.315315, 0.297297, 0.591592, 0.942943
 93.000000, 1.620072, 0.297491, 0.612903, 0.960573
 75.000000, 1.435556, 0.577778, 0.951111, 1.555556
 96.333333, 1.868512, 0.335640, 0.560554, 0.923875
 102.333333, 1.771987, 0.263844, 0.543974, 0.830619
15
 0.250000, 0.000000, 0.000000, 0.000000, 109.000000
 59.000000, 3.084746, 1.090395, 0.824859, 2.022599
 84.000000, 1.734127, 0.412698, 0.634921, 1.075397
 75.666667, 2.264317, 0.392070, 0.920705, 1.339207
 6.333333, 6.157895, 31.684211, 27.052632, 58.789474
 5.333333, 5.062500, 58.187500, 38.000000, 96.187500
 1.333333, 3.750000, 34.750000, 20.250000, 55.250000
 62.666667, 1.675532, 5.425532, 2.664894, 8.329787
 80.333333, 1.203320, 0.278008, 0.684647, 0.987552
 92.333333, 1.703971, 0.317690, 0.566787, 0.935018
 102.333333, 1.667752, 0.270358, 0.625407, 0.921824
 100.333333, 2.172757, 0.312292, 0.604651, 0.970100
 98.666667, 1.658784, 0.314189, 0.648649, 0.989865
 99.333333, 1.691275, 0.352349, 0.664430, 1.040268
 93.666667, 1.416370, 0.284698, 0.562278, 0.871886
 101.000000, 1.679868, 0.290429, 0.584158, 0.900990
 90.000000, 1.381481, 0.344444, 0.585185, 0.955556
 80.666667, 1.314050, 0.301653, 0.632231, 0.962810
 91.666667, 1.527273, 0.316364, 0.625455, 0.970909
 96.666667, 1.810345, 0.320690, 0.562069, 0.906897
16
 0.250000, 1.000000, 0.000000, 0.000000, 40.000000
 65.000000, 5.046154, 1.379487, 0.943590, 2.400000
 84.666667, 2.578740, 0.618110, 0.594488, 1.236220
 91.666667, 2.963636, 1.938182, 0.916364, 2.880000
 4.666667, 8.071429, 132.000000, 27.571429, 168.857143
 3.666667, 4.909091, 87.272727, 31.727273, 124.272727
 3.666667, 8.909091, 70.636364, 88.727273, 211.454545
 26.666667, 2.925000, 7.950000, 8.337500, 16.525000
 91.666667, 1.625455, 0.320000, 0.967273, 1.309091
 85.666667, 1.334630, 0.346304, 0.603113, 0.972763
 93.333333, 1.414286, 0.310714, 0.589286, 0.925000
 85.666667, 1.361868, 0.322957, 0.591440, 0.945525
 90.000000, 1.537037, 0.270370, 0.566667, 0.888889
 95.000000, 1.919298, 0.287719, 0.677193, 0.992982
 96.333333, 1.615917, 0.311419, 0.636678, 0.972318
 94.666667, 1.503521, 0.267606, 0.545775, 0.890845
 85.333333, 1.433594, 0.281250, 0.605469, 0.945313
 81.000000, 1.757202, 0.312757, 0.588477, 0.954733
 93.666667, 2.078292, 0.402135, 0.580071, 1.010676
 102.000000, 1.830065, 0.287582, 0.552288, 0.862745
17
 0.250000, 0.000000, 0.000000, 4.000000, 4.000000
 54.000000, 3.500000, 1.648148, 0.876543, 2.623457
 83.666667, 2.067729, 0.414343, 0.649402, 1.091633
 82.333333, 2.417004, 3.226721, 1.651822, 5.161943
 5.666667, 5.882353, 55.941176, 18.117647, 92.235294
 3.333333, 1.600000, 52.300000, 45.100000, 109.300000
 2.333333, 1.428571, 109.571429, 44.285714, 175.142857
 31.666667, 1.463158, 3.410526, 1.673684, 5.115789
 96.000000, 1.774306, 0.312500, 0.569444, 0.906250
 97.000000, 1.886598, 0.333333, 0.591065, 0.955326
 97.000000, 1.426117, 0.257732, 0.625430, 0.907216
 100.666667, 1.754967, 0.304636, 0.589404, 0.913907
 89.666667, 1.483271, 0.304833, 0.631970, 0.959108
 92.000000, 1.507246, 0.282609, 0.750000, 1.057971
 96.666667, 1.544828, 0.303448, 0.731034, 1.058621
 102.000000, 1.702614, 0.297386, 0.588235, 0.911765
 89.333333, 1.630597, 0.417910, 0.604478, 1.070896
 84.333333, 1.612648, 0.644269, 0.699605, 1.375494
 92.333333, 1.595668, 0.552347, 0.768953, 1.346570
 97.000000, 1.776632, 0.305842, 0.560137, 0.890034
18
 0.250000, 1.000000, 0.000000, 0.000000, 23.000000
 51.666667, 2.993548, 1.219355, 1.148387, 2.412903
 90.000000, 2.214815, 0.425926, 0.711111, 1.162963
 78.666667, 2.114407, 0.733051, 0.754237, 1.847458
 8.000000, 7.166667, 53.541667, 36.791667, 98.666667
 3.000000, 3.250000, 81.583333, 47.583333, 144.083333
 2.666667, 2.875000, 50.500000, 38.250000, 108.750000
 92.666667, 1.996403, 0.460432, 0.726619, 1.212230
 99.333333, 1.979866, 0.352349, 0.560403, 0.936242
 98.000000, 1.568027, 0.336735, 0.578231, 0.942177
 89.000000, 1.303371, 0.277154, 0.584270, 0.887640
 91.333333, 1.846715, 0.335766, 0.631387, 0.989051
 94.000000, 1.368794, 0.283688, 0.698582, 1.010638
 91.000000, 1.725275, 0.282051, 0.798535, 1.102564
 101.000000, 1.653465, 0.293729, 0.580858, 0.900990
 99.666667, 2.130435, 0.284281, 0.571906, 0.879599
 90.000000, 1.666667, 0.303704, 0.574074, 0.903704
 93.666667, 1.918149, 0.352313, 0.580071, 0.964413
 91.666667, 1.832727, 0.349091, 0.563636, 0.941818
 105.000000, 1.819048, 0.307937, 0.536508, 0.869841
19
 0.250000, 0.000000, 0.000000, 0.000000, 22.000000
 62.000000, 3.290323, 0.940860, 0.951613, 1.989247
 91.333333, 2.062044, 0.430657, 0.645985, 1.105839
 78.333333, 2.131915, 0.548936, 0.625532, 1.693617
 2.666667, 4.125000, 61.250000, 44.375000, 107.625000
 4.000000, 2.666667, 36.750000, 63.083333, 106.500000
 2.000000, 5.000000, 60.666667, 28.500000, 97.166667
 39.333333, 1.694915, 5.584746, 3.584746, 9.194915
 88.000000, 1.666667, 0.310606, 0.905303, 1.242424
 97.000000, 1.615120, 0.305842, 0.601375, 0.931271
 100.666667, 1.923841, 0.311258, 0.582781, 0.920530
 97.666667, 2.034130, 0.310580, 0.556314, 0.894198
 94.666667, 1.697183, 0.309859, 0.612676, 0.950704
 100.666667, 1.536424, 0.307947, 0.715232, 1.049669
 93.000000, 1.154122, 0.293907, 0.774194, 1.089606
 95.666667, 1.773519, 0.320557, 0.620209, 0.968641
 99.333333, 1.895973, 0.406040, 0.630872, 1.067114
 90.666667, 1.764706, 0.363971, 0.669118, 1.058824
 92.666667, 1.935252, 0.330935, 0.582734, 0.949640
 101.333333, 1.763158, 0.305921, 0.546053, 0.884868
20
 0.250000, 1.000000, 0.000000, 0.000000, 22.000000
 68.000000, 3.563725, 0.838235, 0.892157, 1.779412
 86.000000, 1.903101, 0.523256, 0.724806, 1.279070
 83.000000, 2.232932, 0.425703, 0.883534, 1.333333
 2.666667, 1.125000, 38.125000, 38.250000, 76.500000
 2.333333, 0.714286, 100.428571, 28.142857, 128.571429
 2.666667, 5.250000, 121.000000, 58.750000, 179.750000
 48.333333, 1.889655, 0.572414, 0.848276, 1.455172
 100.000000, 1.743333, 0.283333, 0.583333, 0.916667
 98.666667, 2.020270, 0.327703, 0.564189, 0.918919
 94.333333, 1.879859, 0.289753, 0.586572, 0.897527
 91.333333, 1.405109, 0.281022, 0.594891, 0.901460
 101.333333, 2.062500, 0.351974, 0.595395, 0.980263
 99.666667, 1.665552, 0.301003, 0.675585, 1.003344
 99.666667, 1.575251, 0.307692, 0.571906, 0.906355
 99.666667, 1.993311, 0.290970, 0.541806, 0.859532
 90.000000, 1.411111, 0.285185, 0.648148, 0.959259
 69.666667, 1.406699, 0.291866, 1.167464, 1.488038
 91.333333, 1.846715, 0.372263, 0.675182, 1.105839
 91.333333, 1.795620, 0.306569, 0.547445, 0.905109
21
 0.250000, 1.000000, 0.000000, 0.000000, 21.000000
 68.666667, 4.592233, 1.111650, 1.004854, 2.169903
 72.666667, 1.633028, 0.500000, 0.637615, 1.174312
 70.666667, 1.594340, 0.632075, 0.721698, 1.966981
 2.666667, 2.125000, 67.500000, 41.625000, 109.250000
 4.666667, 4.428571, 35.714286, 31.928571, 89.642857
 6.000000, 12.611111, 84.611111, 43.277778, 127.888889
 53.666667, 2.248447, 1.596273, 1.372671, 2.993789
 89.333333, 1.690299, 0.283582, 0.917910, 1.250000
 92.666667, 1.723022, 0.316547, 0.633094, 0.978417
 92.000000, 1.492754, 0.257246, 0.612319, 0.894928
 109.666667, 2.817629, 0.300912, 0.571429, 0.899696
 92.666667, 1.741007, 0.323741, 0.690647, 1.064748
 92.000000, 1.742754, 0.307971, 0.775362, 1.130435
 99.000000, 1.744108, 0.286195, 0.558923, 0.868687
 103.333333, 2.058065, 0.293548, 0.551613, 0.870968
 106.000000, 1.833333, 0.314465, 0.603774, 0.943396
 82.000000, 1.890244, 0.662602, 1.430894, 2.150407
 84.000000, 1.488095, 0.373016, 0.658730, 1.059524
 89.000000, 1.569288, 0.299625, 0.543071, 0.868914
22
 0.250000, 0.000000, 0.000000, 0.000000, 20.000000
 58.000000, 3.873563, 1.436782, 1.178161, 2.660920
 75.666667, 1.215859, 0.378855, 0.674009, 1.079295
 84.333333, 2.288538, 0.363636, 0.818182, 1.205534
 3.333333, 3.900000, 24.700000, 30.300000, 59.900000
 2.500000, 3.200000, 60.100000, 57.000000, 151.000000
 3.000000, 1.333333, 54.333333, 30.000000, 91.222222
 91.666667, 1.683636, 0.290909, 0.654545, 0.974545
 91.000000, 2.043956, 0.289377, 0.597070, 0.912088
 82.333333, 1.129555, 0.287449, 0.587045, 0.894737
 95.666667, 1.358885, 0.282230, 0.564460, 0.871080
 100.000000, 1.920000, 0.313333, 0.596667, 0.940000
 103.000000, 1.938511, 0.284790, 0.676375, 0.987055
 100.333333, 1.923588, 0.332226, 0.647841, 1.009967
 102.000000, 1.689542, 0.326797, 0.614379, 0.967320
 106.000000, 2.062893, 0.333333, 0.550314, 0.911950
 89.666667, 1.825279, 0.297398, 0.587361, 0.914498
 85.333333, 1.394531, 0.562500, 0.953125, 1.542969
 94.333333, 2.049470, 0.328622, 0.537102, 0.915194
 106.333333, 1.689655, 0.297806, 0.570533, 0.893417
23
 0.250000, 0.000000, 0.000000, 3.000000, 3.000000
 62.666667, 4.090426, 1.069149, 0.936170, 2.047872
 96.000000, 2.850694, 0.506944, 0.767361, 1.302083
 81.666667, 2.497959, 0.820408, 0.702041, 2.538776
 2.333333, 2.714286, 79.142857, 24.285714, 149.857143
 3.666667, 3.636364, 78.818182, 46.454545, 125.363636
 3.333333, 2.600000, 129.100000, 35.900000, 165.000000
 47.000000, 2.283688, 0.404255, 0.921986, 1.354610
 106.000000, 2.323899, 0.308176, 0.540881, 0.902516
 95.666667, 1.662021, 0.320557, 0.574913, 0.919861
 93.333333, 1.407143, 0.271429, 0.567857, 0.889286
 94.000000, 1.783688, 0.276596, 0.563830, 0.861702
 96.666667, 1.917241, 0.317241, 0.637931, 1.031034
 96.333333, 1.446367, 0.328720, 0.716263, 1.069204
 89.000000, 1.101124, 0.333333, 0.625468, 0.985019
 101.333333, 1.822368, 0.312500, 0.562500, 0.901316
 99.333333, 2.083893, 0.335570, 0.573826, 0.936242
 79.000000, 1.270042, 0.316456, 1.067511, 1.413502
 92.666667, 1.902878, 0.381295, 0.600719, 1.007194
 98.333333, 1.752542, 0.281356, 0.566102, 0.871186
24
 0.250000, 0.000000, 0.000000, 3.000000, 3.000000
 60.000000, 3.672222, 1.566667, 0.861111, 2.516667
 79.666667, 1.322176, 0.422594, 0.845188, 1.297071
 79.666667, 1.979079, 0.359833, 0.803347, 1.192469
 2.666667, 3.750000, 27.375000, 38.750000, 71.125000
 6.000000, 6.222222, 62.000000, 34.777778, 103.833333
 3.333333, 9.000000, 84.000000, 34.800000, 124.700000
 73.666667, 1.927602, 1.398190, 0.601810, 2.923077
 102.333333, 2.136808, 0.302932, 0.635179, 0.960912
 94.333333, 1.883392, 0.303887, 0.526502, 0.862191
 89.666667, 1.423792, 0.308550, 0.565056, 0.895911
 97.333333, 2.017123, 0.352740, 0.613014, 0.989726
 97.000000, 1.790378, 0.319588, 0.680412, 1.027491
 92.000000, 1.746377, 0.340580, 0.681159, 1.043478
 96.000000, 1.402778, 0.270833, 0.541667, 0.840278
 96.000000, 1.812500, 0.274306, 0.618056, 0.923611
 93.333333, 1.935714, 0.328571, 1.392857, 1.746429
 85.666667, 1.595331, 0.311284, 0.902724, 1.237354
 90.333333, 1.922509, 0.339483, 0.571956, 0.940959
 99.333333, 2.355705, 0.288591, 0.557047, 0.869128
25
 0.250000, 1.000000, 0.000000, 0.000000, 19.000000
 70.666667, 4.264151, 1.264151, 1.051887, 2.410377
 79.666667, 2.163180, 0.305439, 0.665272, 1.000000
 76.666667, 1.721739, 0.360870, 0.891304, 1.278261
 2.666667, 4.250000, 60.625000, 36.750000, 106.125000
 4.333333, 3.769231, 47.692308, 36.153846, 86.846154
 1.333333, 0.000000, 34.750000, 15.000000, 58.250000
 60.000000, 2.527778, 9.338889, 2.244444, 11.727778
 83.000000, 1.698795, 0.305221, 0.586345, 0.919679
 96.000000, 1.652778, 0.291667, 0.597222, 0.940972
 91.666667, 1.290909, 0.280000, 0.574545, 0.880000
 95.000000, 2.052632, 0.343860, 0.543860, 0.915789
 91.666667, 1.476364, 0.283636, 0.694545, 1.000000
 97.666667, 1.791809, 0.266212, 0.621160, 0.914676
 105.666667, 1.656151, 0.287066, 0.599369, 0.914826
 94.666667, 1.545775, 0.313380, 0.580986, 0.947183
 105.666667, 1.848580, 0.309148, 0.640379, 0.974763
 76.000000, 1.837719, 0.451754, 0.750000, 1.228070
 85.666667, 1.396887, 0.284047, 0.583658, 0.894942
 105.666667, 2.201893, 0.296530, 0.580442, 0.899054
26
 0.250000, 0.000000, 0.000000, 0.000000, 19.000000
 51.000000, 2.575163, 1.176471, 1.176471, 2.398693
 84.000000, 1.841270, 0.420635, 0.714286, 1.158730
 79.666667, 2.267782, 1.656904, 0.958159, 3.112971
 2.666667, 1.500000, 17.375000, 37.500000, 55.125000
 3.666667, 4.909091, 37.181818, 43.272727, 80.545455
 2.333333, 0.000000, 80.571429, 32.285714, 113.000000
 29.333333, 2.159091, 3.170455, 4.454545, 7.647727
 93.666667, 1.743772, 0.306050, 0.597865, 0.953737
 86.666667, 1.453846, 0.296154, 0.584615, 0.930769
 104.333333, 1.709265, 0.306709, 0.562300, 0.897764
 103.666667, 1.971061, 0.289389, 0.578778, 0.893891
 91.666667, 1.298182, 0.269091, 0.600000, 0.890909
 92.000000, 1.224638, 0.289855, 0.688406, 1.003623
 89.000000, 1.599251, 0.333333, 0.640449, 1.003745
 93.666667, 1.309609, 0.277580, 0.551601, 0.861210
 97.333333, 1.869863, 0.284247, 0.602740, 0.914384
 80.333333, 1.551867, 0.294606, 1.510373, 1.829876
 96.333333, 2.276817, 0.352941, 0.989619, 1.370242
 105.333333, 2.060127, 0.306962, 0.591772, 0.927215
27
 0.250000, 0.000000, 0.000000, 2.000000, 2.000000
 67.333333, 4.198020, 1.470297, 0.896040, 2.410891
 85.666667, 2.544747, 0.482490, 0.626459, 1.159533
 78.333333, 1.578723, 0.314894, 0.880851, 1.221277
 3.666667, 4.636364, 40.454545, 27.909091, 68.454545
 2.666667, 2.000000, 65.500000, 39.000000, 116.375000
 2.333333, 2.142857, 115.571429, 44.857143, 160.571429
 45.666667, 2.072993, 0.277372, 0.759124, 1.065693
 94.000000, 1.748227, 0.287234, 0.861702, 1.177305
 88.666667, 1.586466, 0.300752, 0.597744, 0.924812
 96.333333, 1.356401, 0.283737, 0.560554, 0.892734
 95.000000, 1.764912, 0.284211, 0.547368, 0.856140
 99.000000, 1.723906, 0.282828, 0.626263, 0.956229
 93.000000, 1.562724, 0.290323, 0.659498, 0.971326
 91.666667, 1.527273, 0.320000, 0.654545, 1.000000
 89.666667, 1.405204, 0.289963, 0.576208, 0.892193
 89.333333, 1.432836, 0.317164, 0.608209, 0.977612
 73.000000, 1.570776, 0.310502, 1.575342, 1.940639
 107.000000, 2.208723, 0.327103, 0.570093, 0.928349
 111.666667, 2.122388, 0.307463, 0.537313, 0.868657
28
 0.250000, 0.000000, 0.000000, 2.000000, 2.000000
 66.000000, 3.530303, 1.277778, 1.101010, 2.424242
 80.000000, 1.166667, 0.404167, 0.629167, 1.058333
 76.666667, 1.956522, 1.200000, 0.686957, 1.917391
 4.000000, 4.500000, 49.250000, 31.416667, 81.583333
 6.333333, 4.684211, 40.631579, 43.421053, 87.263158
 4.666667, 12.500000, 71.071429, 42.428571, 115.785714
 57.666667, 1.543353, 1.641618, 2.416185, 4.312139
 90.666667, 1.639706, 0.305147, 0.977941, 1.308824
 92.000000, 1.380435, 0.304348, 0.590580, 0.920290
 95.000000, 1.592982, 0.284211, 0.582456, 0.894737
 84.666667, 1.086614, 0.303150, 0.598425, 0.925197
 90.333333, 1.782288, 0.324723, 0.686347, 1.088561
 95.666667, 1.616725, 0.324042, 0.668990, 1.020906
 96.000000, 1.545139, 0.302083, 0.579861, 0.906250
 97.000000, 1.728522, 0.250859, 0.591065, 0.865979
 88.333333, 1.622642, 0.283019, 0.566038, 0.901887
 72.000000, 1.675926, 0.314815, 1.189815, 1.532407
 102.000000, 2.049020, 0.356209, 0.594771, 0.977124
 102.000000, 2.522876, 0.323529, 0.549020, 0.924837
29
 0.250000, 0.000000, 0.000000, 1.000000, 2.000000
 59.000000, 3.485876, 1.463277, 0.909605, 2.423729
 103.000000, 3.242718, 0.527508, 0.711974, 1.268608
 74.333333, 2.174888, 1.197309, 0.955157, 2.174888
 1.750000, 1.142857, 87.571429, 29.571429, 117.285714
 3.666667, 1.272727, 50.000000, 36.363636, 86.454545
 6.000000, 6.777778, 62.000000, 47.000000, 109.055556
 84.333333, 1.687747, 0.300395, 1.059289, 1.387352
 90.333333, 1.579336, 0.302583, 0.586716, 0.937269
 93.000000, 1.580645, 0.286738, 0.569892, 0.885305
 96.000000, 1.784722, 0.305556, 0.590278, 0.920139
 99.000000, 1.744108, 0.313131, 0.606061, 0.946128
 94.333333, 1.583039, 0.289753, 0.664311, 1.003534
 97.333333, 1.743151, 0.332192, 0.636986, 1.000000
 103.000000, 1.656958, 0.281553, 0.608414, 0.938511
 104.333333, 1.939297, 0.319489, 0.565495, 0.907348
 77.333333, 1.715517, 0.288793, 0.659483, 1.000000
 88.333333, 1.713208, 0.324528, 1.030189, 1.377358
 101.000000, 2.075908, 0.349835, 0.600660, 1.003300
 105.000000, 1.790476, 0.288889, 0.539683, 0.857143
30
 0.250000, 0.000000, 0.000000, 2.000000, 2.000000
 57.000000, 3.532164, 1.403509, 1.345029, 2.795322
 99.333333, 3.020134, 0.859060, 0.640940, 1.553691
 73.000000, 2.150685, 0.429224, 0.917808, 1.374429
 2.000000, 4.375000, 65.375000, 37.000000, 107.250000
 5.000000, 4.933333, 71.466667, 19.733333, 91.266667
 3.333333, 5.200000, 80.100000, 47.200000, 133.300000
 83.666667, 2.203187, 0.406375, 0.705179, 1.167331
 98.666667, 1.902027, 0.307432, 0.614865, 0.949324
 87.666667, 1.311787, 0.285171, 0.566540, 0.882129
 92.333333, 1.317690, 0.274368, 0.602888, 0.902527
 85.333333, 1.996094, 0.351563, 0.636719, 1.011719
 99.000000, 1.629630, 0.306397, 0.663300, 0.989899
 91.333333, 1.828467, 0.321168, 0.733577, 1.109489
 100.666667, 1.728477, 0.298013, 0.576159, 0.897351
 116.000000, 2.071839, 0.318966, 0.534483, 0.885057
 90.666667, 2.033088, 0.316176, 0.694853, 1.040441
 95.666667, 2.240418, 0.306620, 0.606272, 0.968641
 91.333333, 1.554745, 0.364964, 0.580292, 0.970803
 96.666667, 1.575862, 0.279310, 0.555172, 0.858621
31
 0.250000, 0.000000, 0.000000, 2.000000, 2.000000
 66.000000, 3.363636, 0.979798, 0.848485, 1.868687
 92.000000, 2.086957, 0.347826, 0.786232, 1.159420
 85.333333, 2.566406, 0.378906, 0.898438, 1.308594
 4.000000, 5.583333, 26.916667, 26.916667, 53.916667
 4.000000, 8.250000, 81.500000, 32.666667, 114.250000
 2.666667, 2.125000, 98.875000, 37.875000, 199.875000
 63.000000, 2.407407, 7.037037, 1.417989, 9.047619
 83.333333, 1.576000, 0.296000, 0.588000, 0.908000
 84.666667, 1.283465, 0.299213, 0.574803, 0.901575
 94.666667, 1.711268, 0.271127, 0.633803, 0.926056
 89.666667, 1.501859, 0.282528, 0.579926, 0.892193
 87.000000, 1.333333, 0.256705, 0.704981, 0.988506
 91.666667, 1.476364, 0.312727, 0.749091, 1.083636
 99.333333, 1.634228, 0.291946, 0.583893, 0.902685
 96.666667, 2.172414, 0.324138, 0.555172, 0.906897
 93.666667, 1.704626, 0.288256, 0.583630, 0.896797
 82.333333, 1.963563, 0.388664, 0.846154, 1.263158
 98.666667, 1.577703, 0.324324, 0.608108, 0.956081
 94.000000, 1.535461, 0.262411, 0.588652, 0.875887
32
 0.250000, 0.000000, 0.000000, 1.000000, 2.000000
 59.000000, 4.180791, 1.440678, 1.180791, 2.672316
 88.000000, 2.140152, 0.503788, 0.678030, 1.212121
 72.666667, 1.743119, 1.252294, 0.692661, 1.972477
 2.000000, 2.625000, 66.375000, 28.125000, 100.750000
 4.666667, 4.571429, 69.000000, 25.500000, 123.285714
 3.666667, 7.727273, 45.000000, 45.909091, 114.545455
 64.666667, 1.530928, 2.536082, 1.360825, 4.783505
 98.000000, 2.051020, 0.323129, 0.605442, 0.952381
 106.333333, 2.000000, 0.313480, 0.561129, 0.905956
 100.333333, 1.561462, 0.249169, 0.611296, 0.887043
 101.666667, 1.609836, 0.298361, 0.573770, 0.901639
 95.000000, 1.747368, 0.322807, 0.775439, 1.122807
 92.666667, 1.863309, 0.291367, 0.683453, 0.996403
 99.666667, 1.702341, 0.301003, 0.545151, 0.869565
 98.666667, 1.989865, 0.270270, 0.564189, 0.861486
 89.000000, 1.958801, 0.299625, 0.617978, 0.947566
 93.333333, 2.228571, 0.578571, 1.346429, 1.957143
 101.666667, 1.875410, 0.324590, 0.600000, 0.957377
 102.333333, 1.983713, 0.267101, 0.553746, 0.850163
33
 0.250000, 0.000000, 0.000000, 0.000000, 11.000000
 67.666667, 3.502463, 1.285714, 1.029557, 2.527094
 87.333333, 2.328244, 0.461832, 0.671756, 1.160305
 76.333333, 1.973799, 0.344978, 1.021834, 1.393013
 3.000000, 0.777778, 94.111111, 24.777778, 133.777778
 9.000000, 8.259259, 53.925926, 24.222222, 79.629630
 5.000000, 7.066667, 27.866667, 38.866667, 66.800000
 70.666667, 1.405660, 0.438679, 0.839623, 1.301887
 91.666667, 1.912727, 0.290909, 0.592727, 0.909091
 94.666667, 1.563380, 0.295775, 0.580986, 0.901408
 97.000000, 1.326460, 0.281787, 0.546392, 0.852234
 96.666667, 1.779310, 0.313793, 0.586207, 0.951724
 97.000000, 1.652921, 0.329897, 0.676976, 1.030928
 92.000000, 1.652174, 0.311594, 0.601449, 0.942029
 100.666667, 1.675497, 0.278146, 0.599338, 0.900662
 106.333333, 1.959248, 0.322884, 0.573668, 0.962382
 88.333333, 1.845283, 0.471698, 0.735849, 1.260377
 86.666667, 1.888462, 0.342308, 0.746154, 1.119231
 98.666667, 1.516892, 0.307432, 0.638514, 0.969595
 108.000000, 1.981481, 0.302469, 0.530864, 0.858025
34
 0.250000, 5.000000, 0.000000, 1.000000, 2.000000
 61.666667, 3.648649, 1.027027, 1.275676, 2.416216
 81.000000, 1.868313, 0.386831, 0.691358, 1.131687
 80.666667, 2.355372, 0.392562, 0.884298, 1.301653
 4.000000, 4.500000, 104.250000, 24.333333, 131.250000
 2.666667, 3.625000, 70.375000, 47.625000, 143.250000
 4.333333, 6.846154, 28.923077, 40.076923, 95.923077
 78.333333, 2.753191, 6.634043, 1.821277, 8.480851
 86.333333, 1.227799, 0.305019, 0.648649, 1.007722
 111.666667, 2.035821, 0.313433, 0.579104, 0.943284
 100.666667, 1.629139, 0.284768, 0.536424, 0.844371
 88.000000, 1.431818, 0.291667, 0.625000, 0.943182
 84.333333, 1.434783, 0.284585, 0.739130, 1.047431
 91.000000, 1.926740, 0.285714, 0.732601, 1.043956
 96.000000, 1.913194, 0.302083, 0.583333, 0.909722
 93.333333, 1.646429, 0.317857, 0.553571, 0.900000
 84.000000, 1.432540, 0.305556, 0.615079, 0.944444
 82.000000, 1.589431, 0.304878, 1.304878, 1.642276
 89.666667, 2.037175, 0.382900, 0.620818, 1.033457
 100.333333, 1.764120, 0.265781, 0.538206, 0.853821
35
 0.250000, 7.000000, 1.000000, 1.000000, 3.000000
 63.000000, 4.333333, 0.925926, 1.116402, 2.169312
 99.000000, 3.895623, 0.538721, 0.646465, 1.208754
 87.666667, 2.273764, 0.570342, 0.714829, 1.311787
 3.666667, 1.636364, 68.363636, 40.090909, 148.818182
 7.000000, 9.714286, 64.476190, 31.238095, 96.285714
 2.000000, 0.333333, 41.666667, 26.500000, 68.333333
 59.333333, 1.780899, 1.117978, 1.455056, 2.601124
 88.666667, 1.646617, 0.323308, 0.868421, 1.240602
 90.000000, 1.351852, 0.277778, 0.592593, 0.892593
 96.333333, 1.782007, 0.276817, 0.615917, 0.913495
 80.666667, 1.516529, 0.268595, 0.599174, 0.921488
 90.666667, 1.628676, 0.316176, 0.720588, 1.062500
 98.000000, 1.687075, 0.309524, 0.673469, 1.030612
 97.333333, 1.808219, 0.339041, 0.561644, 0.928082
 90.666667, 1.591912, 0.253676, 0.606618, 0.882353
 105.666667, 2.167192, 0.324921, 0.583596, 0.955836
 79.666667, 1.669456, 0.322176, 0.606695, 0.949791
 99.000000, 2.094276, 0.400673, 0.612795, 1.067340
 94.000000, 1.822695, 0.294326, 0.549645, 0.868794
36
 0.250000, 0.000000, 0.000000, 1.000000, 35.000000
 60.333333, 3.104972, 1.027624, 0.955801, 2.082873
 85.000000, 2.125490, 0.521569, 0.745098, 1.298039
 85.666667, 2.303502, 1.568093, 0.933852, 2.533074
 3.000000, 3.555556, 77.111111, 22.333333, 131.777778
 5.333333, 5.187500, 84.250000, 39.375000, 123.687500
 4.666667, 11.214286, 93.785714, 37.142857, 172.500000
 65.333333, 1.994898, 1.000000, 0.974490, 2.005102
 85.333333, 1.359375, 0.281250, 0.679688, 0.980469
 94.333333, 1.752650, 0.289753, 0.621908, 0.936396
 97.000000, 1.694158, 0.274914, 0.580756, 0.890034
 95.666667, 1.881533, 0.282230, 0.588850, 0.898955
 88.000000, 1.242424, 0.303030, 0.696970, 1.030303
 95.666667, 1.801394, 0.306620, 0.770035, 1.108014
 97.000000, 1.432990, 0.281787, 0.597938, 0.910653
 95.666667, 2.013937, 0.285714, 0.627178, 0.940767
 102.666667, 1.977273, 0.292208, 0.571429, 0.889610
 79.666667, 1.640167, 0.322176, 1.062762, 1.410042
 96.000000, 1.815972, 0.298611, 0.600694, 0.923611
 99.000000, 1.828283, 0.319865, 0.521886, 0.888889
37
 0.250000, 6.000000, 0.000000, 0.000000, 1.000000
 61.000000, 3.612022, 1.098361, 1.043716, 2.409836
 98.000000, 2.721088, 0.442177, 0.595238, 1.064626
 76.333333, 1.868996, 1.165939, 0.668122, 1.860262
 2.333333, 2.571429, 80.142857, 34.000000, 114.285714
 4.000000, 3.500000, 86.750000, 46.250000, 133.083333
 2.333333, 1.428571, 47.857143, 34.142857, 98.857143
 78.000000, 2.059829, 0.388889, 0.717949, 1.132479
 96.666667, 1.658621, 0.324138, 0.568966, 0.944828
 94.333333, 1.621908, 0.300353, 0.554770, 0.904594
 92.000000, 1.550725, 0.271739, 0.655797, 0.971014
 92.666667, 1.802158, 0.309353, 0.607914, 0.938849
 94.666667, 1.633803, 0.306338, 0.711268, 1.063380
 95.000000, 2.112281, 0.333333, 0.585965, 0.950877
 99.000000, 1.501684, 0.272727, 0.595960, 0.912458
 111.333333, 2.023952, 0.275449, 0.535928, 0.835329
 84.333333, 1.367589, 0.367589, 0.648221, 1.067194
 82.333333, 1.485830, 0.538462, 0.829960, 1.400810
 94.000000, 1.670213, 0.336879, 0.560284, 0.925532
 98.666667, 1.611486, 0.263514, 0.570946, 0.858108
38
 0.250000, 1.000000, 0.000000, 1.000000, 47.000000
 62.666667, 4.792553, 1.021277, 0.861702, 1.930851
 83.666667, 1.709163, 0.553785, 0.776892, 1.358566
 75.666667, 1.753304, 1.198238, 0.678414, 1.938326
 2.333333, 0.000000, 81.428571, 36.142857, 129.000000
 4.666667, 5.357143, 62.857143, 25.428571, 88.357143
 2.666667, 1.750000, 47.500000, 39.500000, 87.000000
 61.666667, 1.994595, 0.664865, 1.351351, 2.043243
 91.666667, 1.600000, 0.294545, 0.570909, 0.890909
 93.666667, 1.811388, 0.316726, 0.594306, 0.935943
 99.666667, 1.752508, 0.301003, 0.555184, 0.879599
 89.000000, 1.352060, 0.333333, 0.595506, 0.951311
 92.333333, 1.682310, 0.281588, 0.714801, 1.021661
 95.000000, 1.838596, 0.308772, 0.691228, 1.024561
 91.666667, 1.338182, 0.298182, 0.621818, 0.949091
 102.000000, 1.794118, 0.320261, 0.571895, 0.918301
 98.666667, 1.972973, 0.317568, 0.557432, 0.898649
 76.666667, 1.604348, 0.582609, 1.004348, 1.613043
 100.666667, 1.940397, 0.347682, 0.599338, 0.996689
 103.666667, 2.135048, 0.376206, 0.581994, 0.983923
39
 0.250000, 0.000000, 0.000000, 8.000000, 47.000000
 70.333333, 4.127962, 1.222749, 0.928910, 2.194313
 90.000000, 2.400000, 0.544444, 0.748148, 1.318519
 79.666667, 1.983264, 0.937238, 1.096234, 2.087866
 7.000000, 8.285714, 59.714286, 25.952381, 112.428571
 4.666667, 7.428571, 57.571429, 54.000000, 111.571429
 3.666667, 5.000000, 74.090909, 40.636364, 114.818182
 47.333333, 2.077465, 2.809859, 1.288732, 4.176056
 96.666667, 1.948276, 0.341379, 0.655172, 1.044828
 90.666667, 1.503676, 0.297794, 0.569853, 0.893382
 98.666667, 1.726351, 0.270270, 0.635135, 0.932432
 98.000000, 1.914966, 0.285714, 0.588435, 0.901361
 86.333333, 1.339768, 0.293436, 0.625483, 0.942085
 91.000000, 1.688645, 0.318681, 0.681319, 1.021978
 107.000000, 1.853583, 0.314642, 0.672897, 1.015576
 98.666667, 1.729730, 0.300676, 0.570946, 0.895270
 93.333333, 1.817857, 0.303571, 0.596429, 0.925000
 82.000000, 1.865854, 0.414634, 0.695122, 1.134146
 97.000000, 2.109966, 0.312715, 0.577320, 0.920962
 106.000000, 1.968553, 0.308176, 0.566038, 0.902516
40
 0.250000, 0.000000, 0.000000, 8.000000, 46.000000
 64.000000, 3.630208, 0.989583, 1.072917, 2.109375
 94.000000, 2.950355, 0.436170, 0.698582, 1.163121
 82.333333, 2.271255, 1.198381, 0.894737, 2.121457
 2.000000, 0.000000, 44.333333, 26.833333, 92.166667
 2.666667, 2.000000, 70.625000, 38.125000, 113.750000
 3.666667, 2.636364, 118.727273, 32.545455, 154.727273
 49.666667, 1.724832, 0.463087, 0.912752, 1.409396
 94.000000, 1.645390, 0.297872, 0.602837, 0.925532
 83.666667, 1.247012, 0.298805, 0.633466, 0.956175
 99.000000, 1.794613, 0.265993, 0.599327, 0.915825
 91.666667, 1.614545, 0.265455, 0.556364, 0.847273
 91.333333, 1.478102, 0.306569, 0.693431, 1.025547
 96.000000, 1.708333, 0.319444, 0.687500, 1.031250
 104.666667, 2.019108, 0.318471, 0.538217, 0.882166
 111.333333, 2.011976, 0.302395, 0.553892, 0.883234
 99.000000, 2.084175, 0.303030, 0.592593, 0.929293
 79.333333, 1.890756, 0.294118, 0.764706, 1.079832
 96.000000, 1.892361, 0.354167, 0.586806, 0.968750
 104.666667, 2.165605, 0.283439, 0.506369, 0.818471
41
 0.250000, 0.000000, 0.000000, 8.000000, 46.000000
 68.333333, 4.097561, 1.307317, 0.882927, 2.239024
 83.333333, 2.032000, 0.496000, 0.736000, 1.260000
 81.333333, 2.233607, 0.639344, 0.758197, 1.471311
 2.333333, 0.000000, 85.857143, 35.857143, 121.857143
 2.333333, 1.428571, 58.428571, 42.571429, 101.142857
 3.333333, 5.400000, 122.700000, 46.900000, 169.700000
 44.333333, 1.488722, 0.533835, 0.947368, 1.511278
 97.000000, 1.701031, 0.326460, 0.646048, 0.996564
 94.333333, 2.045936, 0.346290, 0.547703, 0.915194
 95.333333, 1.678322, 0.279720, 0.580420, 0.940559
 86.666667, 1.484615, 0.296154, 0.588462, 0.911538
 93.000000, 1.530466, 0.272401, 0.648746, 0.946237
 92.666667, 1.330935, 0.280576, 0.715827, 1.021583
 93.666667, 1.334520, 0.277580, 0.583630, 0.889680
 100.333333, 1.754153, 0.308970, 0.581395, 0.916944
 91.666667, 1.756364, 0.301818, 0.654545, 0.981818
 76.333333, 1.235808, 0.279476, 1.257642, 1.567686
 87.000000, 1.107280, 0.333333, 0.628352, 0.996169
 95.000000, 1.677193, 0.273684, 0.533333, 0.828070
42
 0.250000, 0.000000, 0.000000, 9.000000, 46.000000
 57.666667, 4.057803, 1.260116, 1.080925, 2.398844
 87.333333, 2.339695, 0.442748, 0.751908, 1.221374
 60.250000, 2.029046, 2.771784, 1.170124, 5.493776
 5.333333, 5.375000, 34.562500, 35.250000, 75.437500
 5.333333, 4.750000, 31.437500, 39.687500, 71.250000
 2.000000, 0.666667, 46.666667, 39.500000, 86.333333
 56.000000, 1.529762, 0.386905, 2.035714, 3.386905
 96.333333, 2.155709, 0.297578, 0.906574, 1.231834
 86.000000, 1.519380, 0.337209, 0.627907, 0.992248
 105.666667, 1.848580, 0.299685, 0.545741, 0.870662
 93.000000, 1.745520, 0.329749, 0.609319, 0.964158
 91.000000, 1.871795, 0.278388, 0.750916, 1.054945
 98.333333, 1.528814, 0.281356, 0.722034, 1.027119
 95.000000, 1.396491, 0.319298, 0.600000, 0.947368
 102.000000, 2.078431, 0.274510, 0.611111, 0.915033
 93.666667, 1.690391, 0.306050, 0.594306, 0.928826
 83.666667, 1.613546, 0.338645, 1.167331, 1.533865
 95.000000, 1.638596, 0.336842, 0.568421, 0.929825
 93.333333, 1.621429, 0.314286, 0.564286, 0.903571
43
 0.250000, 0.000000, 0.000000, 8.000000, 46.000000
 64.333333, 3.455959, 1.119171, 1.005181, 2.207254
 82.000000, 2.101626, 0.406504, 0.800813, 1.268293
 56.250000, 2.208889, 3.200000, 1.604444, 6.711111
 5.666667, 6.117647, 31.470588, 31.529412, 67.235294
 3.666667, 11.636364, 53.363636, 44.363636, 118.727273
 3.666667, 4.545455, 38.000000, 28.818182, 94.636364
 68.666667, 1.218447, 0.286408, 0.757282, 1.063107
 94.666667, 1.542254, 0.309859, 0.605634, 0.940141
 90.666667, 1.595588, 0.275735, 0.573529, 0.882353
 101.333333, 1.549342, 0.256579, 0.582237, 0.865132
 85.666667, 1.649805, 0.299611, 0.603113, 0.933852
 91.666667, 1.549091, 0.301818, 0.727273, 1.083636
 88.666667, 1.439850, 0.263158, 0.624060, 0.913534
 93.000000, 1.311828, 0.290323, 0.602151, 0.942652
 93.666667, 1.508897, 0.270463, 0.576512, 0.871886
 87.000000, 1.877395, 0.295019, 0.578544, 0.900383
 87.333333, 1.839695, 0.290076, 0.580153, 0.896947
 89.666667, 1.557621, 0.271375, 0.565056, 0.866171
 99.333333, 1.788591, 0.281879, 0.577181, 0.882550
44
 0.250000, 0.000000, 0.000000, 2.000000, 37.000000
 64.666667, 3.494845, 0.752577, 0.938144, 1.731959
 82.000000, 1.788618, 0.548780, 0.581301, 1.158537
 79.333333, 2.340336, 1.222689, 0.680672, 1.962185
 2.000000, 3.000000, 129.666667, 31.833333, 178.166667
 4.333333, 4.153846, 74.461538, 42.000000, 123.153846
 2.333333, 6.285714, 124.714286, 53.142857, 205.142857
 46.666667, 1.685714, 2.871429, 1.457143, 4.350000
 91.333333, 1.627737, 0.354015, 0.624088, 1.000000
 100.666667, 1.947020, 0.284768, 0.586093, 0.897351
 93.000000, 1.530466, 0.279570, 0.673835, 1.028674
 92.666667, 1.471223, 0.302158, 0.589928, 0.917266
 86.000000, 1.193798, 0.310078, 0.600775, 0.934109
 93.000000, 1.512545, 0.304659, 0.706093, 1.035842
 96.333333, 1.415225, 0.352941, 0.671280, 1.048443
 104.333333, 1.984026, 0.309904, 0.543131, 0.881789
 93.000000, 1.634409, 0.344086, 0.634409, 1.000000
 79.333333, 1.584034, 0.298319, 1.533613, 1.857143
 95.333333, 2.195804, 0.328671, 0.573427, 0.933566
 101.666667, 1.783607, 0.311475, 0.534426, 0.895082
45
 0.250000, 0.000000, 0.000000, 2.000000, 36.000000
 59.333333, 3.904494, 1.140449, 0.814607, 2.005618
 86.333333, 1.899614, 0.351351, 0.644788, 1.027027
 84.000000, 2.329365, 0.654762, 0.718254, 1.460317
 7.666667, 7.391304, 58.652174, 25.913043, 87.086957
 3.666667, 7.000000, 19.636364, 72.363636, 104.545455
 2.333333, 3.857143, 48.142857, 32.571429, 82.571429
 71.333333, 1.822430, 0.976636, 1.294393, 2.294393
 88.666667, 1.755639, 0.278195, 0.582707, 0.883459
 84.333333, 1.482213, 0.312253, 0.616601, 0.948617
 86.333333, 1.355212, 0.285714, 0.617761, 0.926641
 97.333333, 1.712329, 0.263699, 0.565068, 0.852740
 93.000000, 1.301075, 0.304659, 0.673835, 1.003584
 98.000000, 1.557823, 0.323129, 0.690476, 1.040816
 100.666667, 1.635762, 0.294702, 0.602649, 0.923841
 87.333333, 1.423664, 0.297710, 0.545802, 0.874046
 97.000000, 1.694158, 0.274914, 0.577320, 0.900344
 85.666667, 1.875486, 0.575875, 0.766537, 1.400778
 100.666667, 2.062914, 0.331126, 0.576159, 0.960265
 101.333333, 1.766447, 0.282895, 0.565789, 0.898026
46
 0.250000, 0.000000, 0.000000, 2.000000, 36.000000
 63.666667, 3.010471, 0.890052, 0.942408, 1.968586
 86.333333, 2.262548, 0.652510, 0.575290, 1.250965
 81.333333, 2.344262, 2.713115, 1.569672, 4.610656
 2.000000, 0.000000, 35.166667, 26.833333, 100.333333
 2.000000, 0.500000, 78.833333, 35.666667, 121.166667
 3.000000, 5.111111, 48.555556, 37.777778, 86.444444
 59.000000, 1.655367, 1.090395, 1.531073, 2.644068
 89.666667, 1.765799, 0.312268, 0.565056, 0.907063
 100.666667, 1.725166, 0.294702, 0.569536, 0.890728
 95.333333, 1.300699, 0.269231, 0.597902, 0.895105
 84.333333, 1.660079, 0.292490, 0.565217, 0.881423
 95.333333, 1.737762, 0.293706, 0.632867, 0.951049
 93.666667, 1.252669, 0.330961, 0.736655, 1.088968
 94.333333, 1.625442, 0.335689, 0.590106, 0.975265
 107.000000, 2.124611, 0.271028, 0.598131, 0.897196
 92.666667, 1.723022, 0.284173, 0.575540, 0.910072
 70.000000, 1.585714, 0.328571, 0.823810, 1.185714
 98.333333, 2.196610, 0.359322, 0.576271, 0.962712
 99.333333, 1.795302, 0.298658, 0.540268, 0.869128
47
 0.250000, 0.000000, 0.000000, 2.000000, 46.000000
 80.666667, 4.190083, 1.359504, 1.185950, 2.615702
 95.666667, 2.724739, 0.390244, 0.665505, 1.087108
 79.666667, 2.054393, 1.150628, 0.895397, 2.079498
 2.000000, 1.333333, 73.500000, 34.333333, 108.000000
 8.333333, 7.000000, 47.920000, 39.040000, 88.640000
 2.333333, 0.000000, 12.857143, 36.714286, 49.714286
 76.000000, 1.736842, 0.811404, 0.833333, 1.701754
 88.000000, 1.704545, 0.287879, 0.579545, 0.893939
 88.666667, 1.586466, 0.334586, 0.590226, 0.947368
 89.666667, 1.550186, 0.315985, 0.609665, 0.947955
 91.000000, 1.879121, 0.271062, 0.633700, 0.926740
 92.000000, 1.423913, 0.322464, 0.677536, 1.021739
 90.666667, 1.566176, 0.330882, 0.643382, 1.022059
 97.000000, 1.467354, 0.312715, 0.539519, 0.876289
 91.000000, 1.553114, 0.315018, 0.575092, 0.912088
 84.000000, 1.567460, 0.281746, 0.615079, 0.920635
 83.333333, 1.768000, 0.596000, 0.736000, 1.360000
 102.000000, 2.124183, 0.313725, 0.607843, 0.950980
 104.333333, 2.309904, 0.274760, 0.530351, 0.833866
48
 0.250000, 0.000000, 0.000000, 2.000000, 35.000000
 48.333333, 2.793103, 1.400000, 1.213793, 2.662069
 84.666667, 2.208661, 0.590551, 0.637795, 1.251969
 77.000000, 2.571429, 0.320346, 0.896104, 1.246753
 3.000000, 2.888889, 25.000000, 34.888889, 60.000000
 3.666667, 3.363636, 85.727273, 22.909091, 108.636364
 1.333333, 1.250000, 5.750000, 35.750000, 41.750000
 60.333333, 1.734807, 0.773481, 1.331492, 2.132597
 94.333333, 1.681979, 0.318021, 0.590106, 0.964664
 97.666667, 2.143345, 0.331058, 0.604096, 0.959044
 106.000000, 1.566038, 0.273585, 0.625786, 0.927673
 102.333333, 1.833876, 0.289902, 0.576547, 0.889251
 90.666667, 1.591912, 0.286765, 0.661765, 0.970588
 87.333333, 1.721374, 0.286260, 0.652672, 0.961832
 96.000000, 1.770833, 0.305556, 0.552083, 0.881944
 98.666667, 2.054054, 0.293919, 0.557432, 0.878378
 102.333333, 1.921824, 0.270358, 0.618893, 0.915309
 80.000000, 1.870833, 0.291667, 0.591667, 0.912500
 93.000000, 1.379928, 0.304659, 0.641577, 0.971326
 94.000000, 1.563830, 0.297872, 0.524823, 0.851064
49
 0.250000, 1.000000, 0.000000, 1.000000, 35.000000
 62.333333, 3.096257, 1.550802, 0.957219, 2.614973
 87.333333, 2.549618, 0.343511, 0.664122, 1.061069
 79.666667, 2.916318, 1.548117, 1.071130, 2.648536
 3.333333, 1.200000, 24.700000, 40.800000, 79.300000
 4.333333, 3.230769, 46.153846, 30.846154, 95.461538
 2.333333, 4.428571, 66.000000, 39.000000, 150.285714
 63.333333, 2.610526, 0.784211, 1.584211, 2.389474
 96.000000, 2.090278, 0.305556, 0.628472, 0.968750
 95.333333, 1.569930, 0.279720, 0.601399, 0.905594
 91.333333, 1.237226, 0.259124, 0.587591, 0.868613
 83.000000, 1.357430, 0.309237, 0.590361, 0.923695
 100.333333, 2.073090, 0.308970, 0.644518, 0.976744
 94.000000, 1.517730, 0.315603, 0.741135, 1.078014
 94.333333, 1.763251, 0.293286, 0.618375, 0.939929
 102.666667, 2.035714, 0.285714, 0.548701, 0.857143
 89.333333, 1.552239, 0.298507, 0.630597, 0.958955
 76.333333, 1.685590, 0.589520, 1.165939, 1.777293
 97.333333, 2.188356, 0.339041, 0.619863, 0.982877
 101.333333, 1.648026, 0.322368, 0.542763, 0.891447
50
 0.250000, 8.000000, 1.000000, 1.000000, 3.000000
 74.000000, 4.162162, 1.486486, 1.063063, 2.594595
 82.666667, 2.088710, 0.487903, 0.754032, 1.274194
 77.666667, 1.751073, 1.218884, 0.892704, 2.145923
 2.666667, 5.000000, 41.500000, 35.875000, 77.500000
 3.750000, 5.333333, 68.666667, 52.600000, 139.266667
 6.666667, 9.400000, 68.100000, 25.300000, 93.450000
 95.000000, 2.526316, 0.319298, 0.701754, 1.045614
 91.666667, 1.650909, 0.301818, 0.600000, 0.930909
 97.666667, 1.467577, 0.286689, 0.621160, 0.928328
 92.666667, 1.381295, 0.273381, 0.618705, 0.913669
 88.333333, 1.569811, 0.275472, 0.603774, 0.928302
 94.666667, 1.454225, 0.288732, 0.672535, 0.982394
 88.666667, 1.766917, 0.304511, 0.665414, 0.996241
 84.000000, 1.059524, 0.301587, 0.603175, 0.932540
 89.000000, 1.588015, 0.318352, 0.614232, 0.958801
 83.666667, 1.729084, 0.298805, 0.613546, 0.936255
 94.666667, 1.573944, 0.306338, 0.609155, 0.940141
 103.000000, 1.770227, 0.385113, 0.592233, 1.032362
 99.333333, 1.536913, 0.275168, 0.563758, 0.862416
51
 0.250000, 2.000000, 1.000000, 1.000000, 3.000000
 62.000000, 3.913978, 0.940860, 1.268817, 2.295699
 85.000000, 2.376471, 0.474510, 0.623529, 1.125490
 67.333333, 2.004950, 0.673267, 0.905941, 1.995050
 9.333333, 9.285714, 99.285714, 21.285714, 135.392857
 3.666667, 9.454545, 68.727273, 48.272727, 127.727273
 3.000000, 4.666667, 71.111111, 60.333333, 144.666667
 58.000000, 2.034483, 1.977011, 1.574713, 3.580460
 95.000000, 1.821053, 0.298246, 0.915789, 1.238596
 96.000000, 1.718750, 0.291667, 0.604167, 0.920139
 90.333333, 1.745387, 0.302583, 0.608856, 0.933579
 91.333333, 1.631387, 0.317518, 0.642336, 1.010949
 105.000000, 2.476190, 0.266667, 0.669841, 0.968254
 100.666667, 1.923841, 0.288079, 0.645695, 0.956954
 95.000000, 1.736842, 0.322807, 0.561404, 0.912281
 100.666667, 2.029801, 0.278146, 0.589404, 0.894040
 98.666667, 2.280405, 0.300676, 0.567568, 0.891892
 77.333333, 1.715517, 0.616379, 0.879310, 1.525862
 91.333333, 1.864964, 0.335766, 0.609489, 0.974453
 97.000000, 2.027491, 0.295533, 0.560137, 0.900344
52
 0.250000, 4.000000, 1.000000, 1.000000, 3.000000
 71.333333, 3.574766, 1.018692, 1.060748, 2.168224
 86.000000, 2.100775, 0.383721, 0.616279, 1.027132
 75.666667, 1.775330, 1.237885, 0.942731, 2.207048
 2.333333, 0.000000, 36.571429, 25.571429, 62.285714
 4.750000, 5.578947, 56.315789, 37.789474, 99.789474
 3.000000, 1.000000, 55.000000, 33.555556, 88.666667
 85.000000, 1.674510, 0.309804, 1.023529, 1.360784
 87.000000, 1.647510, 0.314176, 0.620690, 0.965517
 94.666667, 1.612676, 0.309859, 0.580986, 0.919014
 84.666667, 1.307087, 0.275591, 0.574803, 0.874016
 90.666667, 1.613971, 0.316176, 0.591912, 0.933824
 88.000000, 1.106061, 0.284091, 0.678030, 0.984848
 101.000000, 2.036304, 0.290429, 0.716172, 1.056106
 103.666667, 1.903537, 0.299035, 0.569132, 0.893891
 96.666667, 1.734483, 0.293103, 0.558621, 0.879310
 85.333333, 1.562500, 0.304688, 0.609375, 0.937500
 94.000000, 1.627660, 0.468085, 0.719858, 1.212766
 92.666667, 1.805755, 0.291367, 0.571942, 0.892086
 102.666667, 1.821429, 0.295455, 0.568182, 0.883117
53
 0.250000, 7.000000, 1.000000, 1.000000, 2.000000
 60.000000, 3.305556, 1.183333, 1.116667, 2.344444
 93.666667, 2.192171, 0.679715, 0.661922, 1.366548
 79.666667, 2.138075, 0.405858, 0.891213, 1.326360
 2.666667, 3.750000, 32.375000, 38.750000, 79.875000
 6.000000, 2.944444, 63.833333, 29.666667, 93.555556
 2.333333, 4.857143, 86.571429, 55.714286, 159.428571
 58.333333, 1.274286, 0.485714, 1.400000, 2.468571
 86.666667, 1.284615, 0.326923, 0.615385, 0.965385
 98.000000, 1.938776, 0.336735, 0.639456, 1.003401
 105.666667, 1.706625, 0.293375, 0.526814, 0.867508
 108.666667, 2.463190, 0.337423, 0.585890, 0.950920
 94.000000, 1.446809, 0.308511, 0.695035, 1.028369
 92.666667, 1.428058, 0.316547, 0.766187, 1.107914
 99.666667, 1.618729, 0.304348, 0.588629, 0.916388
 92.666667, 1.694245, 0.294964, 0.622302, 0.942446
 96.333333, 1.820069, 0.283737, 0.546713, 0.854671
 74.333333, 1.825112, 0.551570, 0.793722, 1.408072
 104.333333, 1.817891, 0.338658, 0.626198, 0.993610
 101.333333, 1.776316, 0.296053, 0.539474, 0.861842
54
 0.250000, 0.000000, 0.000000, 2.000000, 12.000000
 64.000000, 3.671875, 1.057292, 1.010417, 2.119792
 81.000000, 1.740741, 0.502058, 0.839506, 1.399177
 72.666667, 2.082569, 0.408257, 0.972477, 1.403670
 3.666667, 3.000000, 123.454545, 28.909091, 152.454545
 3.000000, 2.666667, 57.444444, 49.111111, 106.666667
 1.333333, 2.500000, 33.500000, 24.500000, 80.250000
 62.000000, 2.010753, 4.306452, 0.951613, 5.870968
 103.000000, 1.909385, 0.284790, 0.932039, 1.249191
 100.333333, 1.637874, 0.275748, 0.558140, 0.860465
 90.666667, 1.676471, 0.290441, 0.658088, 0.974265
 93.333333, 1.575000, 0.342857, 0.600000, 0.967857
 96.333333, 1.740484, 0.311419, 0.740484, 1.076125
 87.000000, 1.689655, 0.314176, 0.812261, 1.149425
 91.000000, 1.747253, 0.304029, 0.571429, 0.897436
 98.000000, 1.496599, 0.265306, 0.564626, 0.853741
 95.333333, 1.527972, 0.311189, 0.590909, 0.947552
 77.333333, 1.965517, 0.512931, 1.012931, 1.551724
 87.666667, 1.680608, 0.342205, 0.688213, 1.057034
 108.333333, 2.061538, 0.301538, 0.526154, 0.855385
55
 0.250000, 0.000000, 0.000000, 0.000000, 12.000000
 63.333333, 3.831579, 1.505263, 1.084211, 2.642105
 88.333333, 2.766038, 0.479245, 0.716981, 1.218868
 76.333333, 1.829694, 0.310044, 0.903930, 1.244541
 3.333333, 2.500000, 32.700000, 38.100000, 70.800000
 2.333333, 1.857143, 59.285714, 37.000000, 96.428571
 5.333333, 8.812500, 51.062500, 28.250000, 79.312500
 52.000000, 1.500000, 0.679487, 0.839744, 1.647436
 91.333333, 1.598540, 0.295620, 0.580292, 0.905109
 92.666667, 1.928058, 0.334532, 0.604317, 0.964029
 100.000000, 1.683333, 0.273333, 0.583333, 0.880000
 99.666667, 2.113712, 0.280936, 0.578595, 0.913043
 91.333333, 1.777372, 0.321168, 0.682482, 1.032847
 98.333333, 1.820339, 0.328814, 0.593220, 0.945763
 91.666667, 1.752727, 0.298182, 0.592727, 0.916364
 94.333333, 1.720848, 0.282686, 0.533569, 0.893993
 94.000000, 1.475177, 0.301418, 0.606383, 0.936170
 78.000000, 1.508547, 0.388889, 1.585470, 2.000000
 96.333333, 2.034602, 0.325260, 0.584775, 0.937716
 93.666667, 1.893238, 0.313167, 0.565836, 0.903915
56
 0.250000, 0.000000, 0.000000, 2.000000, 12.000000
 54.666667, 2.603659, 0.853659, 1.018293, 1.926829
 91.000000, 2.084249, 0.509158, 0.739927, 1.274725
 75.666667, 2.136564, 0.356828, 0.933921, 1.317181
 2.666667, 1.250000, 40.500000, 38.250000, 78.875000
 5.333333, 4.625000, 41.875000, 37.687500, 88.250000
 2.000000, 0.500000, 41.666667, 26.500000, 68.333333
 55.666667, 1.934132, 1.131737, 1.473054, 2.634731
 94.666667, 2.077465, 0.316901, 0.566901, 0.915493
 91.666667, 1.320000, 0.298182, 0.629091, 0.952727
 102.666667, 1.847403, 0.275974, 0.577922, 0.876623
 96.666667, 1.596552, 0.303448, 0.596552, 0.927586
 84.333333, 1.438735, 0.292490, 0.683794, 1.059289
 92.666667, 1.273381, 0.284173, 0.723022, 1.032374
 97.333333, 1.784247, 0.308219, 0.578767, 0.917808
 93.666667, 1.430605, 0.320285, 0.576512, 0.921708
 100.000000, 1.760000, 0.376667, 0.593333, 0.993333
 80.333333, 1.626556, 0.784232, 0.726141, 1.539419
 85.333333, 1.988281, 0.343750, 0.589844, 0.960938
 95.666667, 1.874564, 0.303136, 0.550523, 0.881533
57
 0.250000, 0.000000, 0.000000, 11.000000, 11.000000
 59.666667, 3.837989, 1.262570, 1.150838, 2.469274
 85.000000, 2.282353, 0.521569, 0.705882, 1.250980
 76.000000, 2.166667, 2.105263, 1.210526, 3.548246
 3.666667, 3.272727, 134.818182, 31.454545, 174.818182
 3.000000, 7.000000, 57.555556, 52.888889, 116.111111
 2.666667, 3.500000, 63.375000, 51.375000, 131.375000
 59.000000, 2.169492, 1.028249, 1.632768, 2.689266
 88.666667, 1.718045, 0.300752, 0.593985, 0.921053
 93.666667, 1.864769, 0.295374, 0.633452, 0.957295
 87.000000, 1.237548, 0.245211, 0.651341, 0.927203
 97.000000, 1.615120, 0.292096, 0.567010, 0.879725
 93.333333, 1.407143, 0.285714, 0.710714, 1.021429
 90.000000, 1.588889, 0.329630, 0.707407, 1.059259
 91.333333, 1.463504, 0.284672, 0.580292, 0.890511
 94.000000, 1.581560, 0.280142, 0.549645, 0.879433
 86.333333, 1.366795, 0.328185, 0.586873, 0.942085
 79.666667, 1.631799, 0.556485, 0.782427, 1.368201
 94.333333, 1.844523, 0.310954, 0.597173, 0.936396
 100.666667, 1.903974, 0.341060, 0.546358, 0.913907
58
 0.250000, 0.000000, 0.000000, 1.000000, 12.000000
 60.000000, 3.666667, 1.161111, 1.166667, 2.411111
 85.666667, 2.050584, 0.544747, 0.653696, 1.225681
 78.000000, 2.012821, 1.209402, 0.688034, 1.927350
 2.000000, 3.500000, 93.333333, 39.666667, 133.166667
 6.000000, 6.388889, 58.111111, 68.555556, 132.722222
 2.000000, 1.500000, 53.333333, 56.500000, 110.000000
 66.333333, 1.658291, 1.577889, 1.256281, 2.899497
 88.666667, 1.368421, 0.293233, 0.939850, 1.285714
 99.666667, 1.595318, 0.290970, 0.642140, 0.959866
 90.666667, 1.272059, 0.283088, 0.591912, 0.900735
 80.666667, 1.173554, 0.276860, 0.636364, 0.975207
 89.666667, 1.397770, 0.286245, 0.680297, 0.992565
 101.333333, 1.638158, 0.302632, 0.740132, 1.065789
 98.000000, 1.384354, 0.244898, 0.608844, 0.884354
 95.333333, 1.814685, 0.283217, 0.569930, 0.881119
 99.333333, 1.651007, 0.332215, 0.587248, 0.946309
 76.333333, 1.737991, 0.615721, 1.716157, 2.358079
 107.333333, 2.186335, 0.304348, 0.586957, 0.919255
 91.000000, 1.527473, 0.315018, 0.527473, 0.868132
59
 0.250000, 1.000000, 1.000000, 1.000000, 3.000000
 59.333333, 3.707865, 0.870787, 0.977528, 1.887640
 74.666667, 1.629464, 0.441964, 0.669643, 1.133929
 69.333333, 1.605769, 1.471154, 0.894231, 2.778846
 2.666667, 2.250000, 120.000000, 43.375000, 169.625000
 4.000000, 2.833333, 54.833333, 41.333333, 96.166667
 11.000000, 18.242424, 220.151515, 28.090909, 249.909091
 51.333333, 2.766234, 5.928571, 2.642857, 8.649351
 87.000000, 1.352490, 0.337165, 0.961686, 1.318008
 99.000000, 1.858586, 0.289562, 0.663300, 0.996633
 96.333333, 1.920415, 0.280277, 0.619377, 0.951557
 89.666667, 1.289963, 0.342007, 0.572491, 0.940520
 88.666667, 1.770677, 0.289474, 0.620301, 0.932331
 92.000000, 1.608696, 0.315217, 0.630435, 0.971014
 102.666667, 1.746753, 0.314935, 0.551948, 0.892857
 91.333333, 1.463504, 0.302920, 0.602190, 0.934307
 102.333333, 1.928339, 0.296417, 0.648208, 0.990228
 74.666667, 1.348214, 0.285714, 0.772321, 1.080357
 89.333333, 2.059701, 0.350746, 0.638060, 1.014925
 92.666667, 1.715827, 0.284173, 0.568345, 0.874101
60
 0.250000, 0.000000, 1.000000, 1.000000, 3.000000
 68.000000, 4.357843, 1.333333, 1.215686, 2.598039
 91.333333, 2.237226, 0.532847, 0.766423, 1.321168
 80.000000, 2.229167, 0.433333, 0.895833, 1.354167
 2.666667, 2.875000, 61.625000, 36.750000, 101.250000
 4.666667, 3.928571, 20.785714, 49.785714, 82.714286
 1.333333, 4.000000, 35.000000, 20.000000, 55.250000
 66.666667, 2.150000, 2.235000, 0.780000, 3.040000
 92.666667, 1.888489, 0.305755, 0.618705, 0.953237
 104.000000, 1.958333, 0.320513, 0.570513, 0.939103
 107.666667, 2.061920, 0.300310, 0.591331, 0.910217
 102.333333, 2.045603, 0.306189, 0.560261, 0.892508
 95.000000, 1.494737, 0.294737, 0.687719, 1.010526
 89.333333, 1.473881, 0.302239, 0.712687, 1.037313
 102.666667, 1.883117, 0.311688, 0.542208, 0.876623
 100.666667, 2.158940, 0.288079, 0.556291, 0.870861
 92.333333, 1.942238, 0.353791, 0.570397, 0.978339
 79.000000, 1.506329, 0.620253, 1.738397, 2.388186
 95.666667, 1.759582, 0.341463, 0.550523, 0.923345
 93.666667, 1.928826, 0.362989, 0.540925, 0.932384
61
 0.250000, 0.000000, 0.000000, 2.000000, 12.000000
 57.333333, 3.116279, 1.203488, 1.284884, 2.552326
 93.666667, 2.935943, 0.480427, 0.693950, 1.206406
 77.666667, 1.746781, 0.317597, 0.866953, 1.210300
 5.666667, 7.000000, 34.588235, 31.000000, 71.823529
 4.000000, 2.750000, 21.583333, 33.416667, 104.833333
 2.666667, 5.750000, 87.500000, 49.250000, 187.250000
 58.333333, 1.891429, 1.085714, 1.600000, 2.708571
 92.333333, 1.361011, 0.296029, 0.638989, 0.956679
 90.666667, 1.591912, 0.308824, 0.595588, 0.926471
 94.000000, 1.492908, 0.273050, 0.549645, 0.847518
 97.666667, 1.894198, 0.296928, 0.610922, 0.935154
 98.333333, 1.800000, 0.335593, 0.715254, 1.081356
 93.333333, 1.650000, 0.285714, 0.596429, 0.907143
 99.000000, 1.734007, 0.292929, 0.569024, 0.888889
 109.333333, 2.134146, 0.314024, 0.594512, 0.935976
 96.000000, 1.819444, 0.295139, 0.552083, 0.875000
 84.333333, 2.027668, 0.596838, 0.857708, 1.486166
 107.333333, 2.583851, 0.366460, 0.574534, 0.968944
 105.333333, 2.177215, 0.303797, 0.522152, 0.854430
62
 0.250000, 0.000000, 0.000000, 9.000000, 11.000000
 59.000000, 3.271186, 0.954802, 1.062147, 2.101695
 95.666667, 2.672474, 0.473868, 0.651568, 1.174216
 77.666667, 1.819742, 0.334764, 0.888412, 1.248927
 3.000000, 1.666667, 34.333333, 30.888889, 72.000000
 4.333333, 4.307692, 64.538462, 23.769231, 94.538462
 3.333333, 7.600000, 41.200000, 42.700000, 84.000000
 57.000000, 2.040936, 0.976608, 0.871345, 1.970760
 102.666667, 2.113636, 0.298701, 0.561688, 0.886364
 99.666667, 1.996656, 0.347826, 0.591973, 0.966555
 104.666667, 1.952229, 0.292994, 0.608280, 0.926752
 94.666667, 1.809859, 0.334507, 0.598592, 0.957746
 102.333333, 1.817590, 0.283388, 0.644951, 0.954397
 95.000000, 1.614035, 0.308772, 0.607018, 0.961404
 94.666667, 1.559859, 0.341549, 0.598592, 0.964789
 106.000000, 1.889937, 0.305031, 0.559748, 0.893082
 114.666667, 2.177326, 0.372093, 0.590116, 0.988372
 78.000000, 1.487179, 0.307692, 0.935897, 1.282051
 98.000000, 2.044218, 0.336735, 0.612245, 0.982993
 103.333333, 1.664516, 0.309677, 0.541935, 0.877419
63
 0.250000, 0.000000, 1.000000, 1.000000, 3.000000
 58.666667, 3.357955, 0.886364, 0.954545, 2.028409
 95.333333, 2.300699, 0.465035, 0.685315, 1.209790
 82.333333, 2.303644, 1.651822, 1.161943, 2.842105
 8.666667, 7.346154, 47.923077, 27.153846, 87.038462
 3.333333, 2.300000, 54.800000, 39.000000, 93.900000
 1.666667, 0.000000, 15.200000, 32.200000, 47.600000
 58.000000, 1.942529, 0.465517, 1.028736, 1.563218
 98.666667, 2.128378, 0.324324, 0.540541, 0.895270
 88.333333, 1.516981, 0.320755, 0.596226, 0.943396
 94.333333, 1.318021, 0.275618, 0.554770, 0.858657
 92.333333, 1.851986, 0.321300, 0.624549, 0.967509
 96.666667, 1.451724, 0.296552, 0.634483, 0.955172
 89.333333, 1.798507, 0.317164, 0.761194, 1.104478
 100.000000, 1.986667, 0.290000, 0.556667, 0.870000
 107.333333, 1.956522, 0.257764, 0.596273, 0.878882
 92.000000, 1.423913, 0.322464, 0.605072, 0.952899
 73.333333, 1.577273, 0.336364, 0.618182, 1.013636
 95.333333, 1.849650, 0.311189, 0.573427, 0.916084
 96.333333, 1.785467, 0.294118, 0.564014, 0.882353
Histogram
0 0 0 0 0 0 0 0 196 391 123 38 50 35 16 11 4 8 8 16 23 17 12 7 12 10 13 4 3 3 12 1 0 2 3 2 0 1 0 0 1 2 0 2 0 0 1 1 0 0 0 2 0 0 1 0 0 0 1 0 0 0 0 0 0 0 0 1 0 0 0 0 0 0 0 0 1 0 0 0 0 0 0 1 1 0 1 0 0 0 1 1 0 0 0 0 0 0 0 0 0 0 0 0 0 0 0 0 0 0 3 0 0 0 0 0 0 1 0 237 
Cache Miss Ratio
0.003937983837267776
numOfSets
0
numOfGets
282378
numOfMultiGets
0
