20
0
 0.250000, 0.000000, 0.000000, 23.000000, 93.000000
 69.333333, 3.336538, 0.846154, 1.394231, 2.312500
 99.000000, 2.427609, 0.390572, 1.171717, 1.589226
 99.333333, 2.714765, 0.382550, 1.214765, 1.627517
 100.000000, 2.946667, 0.386667, 1.096667, 1.513333
 80.000000, 2.683333, 0.370833, 2.125000, 2.525000
 95.666667, 2.041812, 0.324042, 0.982578, 1.334495
 106.333333, 3.122257, 0.335423, 1.247649, 1.605016
 112.666667, 2.843195, 0.399408, 1.100592, 1.532544
 110.000000, 3.075758, 0.321212, 1.248485, 1.615152
 91.666667, 3.436364, 0.392727, 1.181818, 1.600000
 104.333333, 2.651757, 0.412141, 0.984026, 1.431310
 104.000000, 2.621795, 0.384615, 1.214744, 1.625000
 104.666667, 2.589172, 0.359873, 1.251592, 1.636943
 104.000000, 2.483974, 0.314103, 1.487179, 1.830128
 103.000000, 2.462783, 0.411003, 1.271845, 1.708738
 118.333333, 3.476056, 0.380282, 1.033803, 1.439437
 111.333333, 2.787425, 0.374251, 1.281437, 1.697605
 110.000000, 3.054545, 0.363636, 1.096970, 1.487879
 103.666667, 2.581994, 0.360129, 0.987138, 1.389068
1
 0.250000, 0.000000, 0.000000, 24.000000, 95.000000
 72.666667, 4.940367, 1.284404, 1.114679, 2.449541
 101.666667, 2.891803, 0.501639, 1.022951, 1.550820
 110.000000, 3.293939, 0.521212, 1.215152, 1.766667
 112.333333, 2.816024, 0.364985, 0.955490, 1.353116
 80.333333, 2.643154, 0.381743, 1.834025, 2.265560
 100.333333, 2.524917, 0.378738, 0.963455, 1.368771
 105.666667, 2.971609, 0.482650, 1.091483, 1.602524
 100.000000, 2.816667, 0.443333, 1.133333, 1.626667
 110.666667, 3.231928, 0.364458, 1.174699, 1.563253
 77.333333, 2.288793, 0.396552, 1.887931, 2.310345
 104.000000, 3.378205, 0.445513, 0.955128, 1.445513
 98.000000, 2.765306, 0.404762, 1.255102, 1.687075
 105.666667, 2.315457, 0.318612, 1.388013, 1.731861
 99.666667, 2.364548, 0.324415, 1.284281, 1.635452
 101.666667, 2.816393, 0.363934, 1.245902, 1.639344
 112.333333, 2.961424, 0.385757, 1.044510, 1.454006
 101.666667, 1.885246, 0.373770, 1.403279, 1.803279
 124.333333, 3.292225, 0.348525, 0.967828, 1.343164
 111.666667, 2.973134, 0.337313, 0.817910, 1.202985
2
 0.250000, 0.000000, 9.000000, 10.000000, 90.000000
 80.666667, 5.318182, 1.144628, 1.057851, 2.272727
 110.000000, 3.139394, 0.490909, 1.100000, 1.618182
 99.666667, 3.093645, 0.367893, 1.080268, 1.498328
 107.000000, 2.953271, 0.401869, 0.959502, 1.389408
 83.666667, 3.027888, 0.406375, 2.155378, 2.593625
 101.333333, 2.177632, 0.391447, 0.937500, 1.355263
 100.666667, 3.327815, 0.552980, 2.026490, 2.605960
 110.333333, 2.945619, 0.353474, 1.232628, 1.610272
 115.000000, 2.484058, 0.333333, 1.095652, 1.452174
 86.333333, 2.675676, 0.397683, 1.173745, 1.598456
 114.000000, 3.385965, 0.350877, 1.038012, 1.418129
 111.333333, 3.269461, 0.422156, 1.200599, 1.646707
 105.666667, 2.835962, 0.359621, 1.261830, 1.649842
 100.666667, 2.685430, 0.301325, 1.311258, 1.649007
 108.333333, 3.144615, 0.473846, 1.270769, 1.775385
 103.333333, 2.770968, 0.361290, 1.132258, 1.541935
 101.000000, 2.085809, 0.333333, 1.293729, 1.656766
 102.666667, 2.639610, 0.340909, 1.032468, 1.399351
 112.666667, 2.781065, 0.363905, 0.908284, 1.298817
3
 0.250000, 0.000000, 1.000000, 10.000000, 83.000000
 69.333333, 3.956731, 1.312500, 1.081731, 2.442308
 105.666667, 2.987382, 0.447950, 1.179811, 1.652997
 110.333333, 2.746224, 0.422961, 1.000000, 1.447130
 121.666667, 3.397260, 0.334247, 0.923288, 1.301370
 81.000000, 3.432099, 0.370370, 2.316872, 2.707819
 108.666667, 2.604294, 0.343558, 1.030675, 1.407975
 102.333333, 3.703583, 0.446254, 1.065147, 1.540717
 101.333333, 3.263158, 0.430921, 1.453947, 1.914474
 110.333333, 2.320242, 0.323263, 1.268882, 1.616314
 85.333333, 3.128906, 0.390625, 1.656250, 2.070313
 104.000000, 2.868590, 0.400641, 1.121795, 1.544872
 95.666667, 2.878049, 0.428571, 1.188153, 1.641115
 110.666667, 3.253012, 0.355422, 1.307229, 1.689759
 106.666667, 3.340625, 0.381250, 1.209375, 1.612500
 93.666667, 2.202847, 0.355872, 1.206406, 1.594306
 105.333333, 2.512658, 0.373418, 1.126582, 1.528481
 104.000000, 1.935897, 0.285256, 1.387821, 1.698718
 107.666667, 2.761610, 0.365325, 1.003096, 1.390093
 100.666667, 2.758278, 0.377483, 0.983444, 1.387417
 87.666667, 2.733840, 0.479087, 1.266160, 1.768061
4
 0.250000, 0.000000, 1.000000, 23.000000, 84.000000
 72.333333, 4.313364, 1.364055, 1.216590, 2.631336
 100.333333, 2.448505, 0.458472, 1.083056, 1.568106
 110.333333, 2.728097, 0.441088, 1.033233, 1.504532
 107.333333, 2.549689, 0.406832, 0.903727, 1.335404
 90.000000, 3.974074, 0.400000, 1.800000, 2.225926
 108.000000, 2.537037, 0.382716, 1.209877, 1.614198
 113.000000, 3.737463, 0.412979, 1.171091, 1.634218
 90.000000, 2.540741, 0.411111, 1.462963, 1.903704
 101.000000, 2.660066, 0.491749, 1.118812, 1.633663
 89.666667, 3.297398, 0.427509, 2.386617, 2.840149
 111.666667, 3.119403, 0.370149, 0.868657, 1.265672
 106.333333, 2.952978, 0.507837, 1.326019, 1.858934
 104.000000, 2.464744, 0.326923, 1.198718, 1.554487
 101.000000, 2.445545, 0.326733, 1.267327, 1.620462
 110.666667, 2.993976, 0.352410, 1.174699, 1.551205
 114.666667, 3.363372, 0.348837, 1.151163, 1.523256
 96.000000, 2.142361, 0.322917, 1.451389, 1.802083
 113.000000, 3.005900, 0.395280, 0.955752, 1.377581
 119.333333, 2.717877, 0.360335, 0.857542, 1.262570
 94.333333, 2.946996, 0.689046, 1.819788, 2.533569
5
 0.250000, 0.000000, 1.000000, 24.000000, 85.000000
 70.666667, 3.877358, 1.080189, 1.113208, 2.235849
 102.333333, 2.856678, 0.442997, 1.071661, 1.540717
 99.333333, 2.513423, 0.348993, 1.187919, 1.560403
 106.000000, 2.556604, 0.355346, 1.097484, 1.484277
 85.000000, 3.062745, 0.384314, 1.760784, 2.168627
 112.000000, 2.904762, 0.401786, 0.842262, 1.270833
 102.666667, 3.094156, 0.551948, 1.850649, 2.431818
 108.333333, 2.273846, 0.393846, 1.190769, 1.612308
 107.666667, 2.489164, 0.328173, 1.247678, 1.603715
 82.333333, 2.429150, 0.453441, 1.842105, 2.327935
 110.000000, 2.969697, 0.369697, 1.060606, 1.457576
 102.000000, 2.647059, 0.369281, 1.316993, 1.712418
 111.666667, 2.994030, 0.352239, 1.262687, 1.641791
 110.333333, 3.048338, 0.410876, 1.175227, 1.613293
 111.666667, 3.086567, 0.474627, 1.274627, 1.776119
 98.666667, 2.398649, 0.402027, 1.206081, 1.631757
 106.333333, 2.401254, 0.363636, 1.300940, 1.695925
 113.333333, 2.738235, 0.420588, 0.958824, 1.408824
 117.666667, 3.104816, 0.356941, 0.821530, 1.201133
6
 0.250000, 0.000000, 1.000000, 24.000000, 84.000000
 64.666667, 3.360825, 1.103093, 1.170103, 2.309278
 108.000000, 2.780864, 0.367284, 1.095679, 1.487654
 108.333333, 2.781538, 0.418462, 1.169231, 1.612308
 102.333333, 2.651466, 0.390879, 0.993485, 1.413681
 78.000000, 3.004274, 0.435897, 2.376068, 2.846154
 105.666667, 2.621451, 0.324921, 0.936909, 1.362776
 93.666667, 3.295374, 0.462633, 1.302491, 1.818505
 111.666667, 2.229851, 0.361194, 1.202985, 1.588060
 108.333333, 3.353846, 0.375385, 1.203077, 1.603077
 79.666667, 3.569038, 0.380753, 1.682008, 2.092050
 112.666667, 3.118343, 0.393491, 0.952663, 1.369822
 98.333333, 2.894915, 0.369492, 1.288136, 1.684746
 104.666667, 2.767516, 0.363057, 1.168790, 1.582803
 104.333333, 2.543131, 0.357827, 1.239617, 1.629393
 93.333333, 2.482143, 0.396429, 1.196429, 1.621429
 104.666667, 2.378981, 0.388535, 1.079618, 1.496815
 118.000000, 3.090395, 0.367232, 1.234463, 1.627119
 116.000000, 3.491379, 0.396552, 0.913793, 1.336207
 111.000000, 2.330330, 0.312312, 1.009009, 1.345345
7
 0.250000, 0.000000, 1.000000, 13.000000, 82.000000
 66.000000, 3.090909, 0.863636, 1.070707, 1.974747
 105.333333, 2.594937, 0.360759, 0.952532, 1.338608
 107.666667, 2.625387, 0.368421, 1.092879, 1.482972
 110.666667, 2.801205, 0.334337, 0.954819, 1.313253
 85.000000, 3.427451, 0.427451, 1.729412, 2.184314
 105.333333, 2.575949, 0.376582, 1.006329, 1.405063
 102.333333, 3.501629, 0.394137, 1.019544, 1.436482
 107.666667, 2.907121, 0.365325, 1.173375, 1.563467
 117.333333, 3.051136, 0.338068, 1.085227, 1.448864
 82.666667, 3.455645, 0.665323, 1.665323, 2.358871
 119.666667, 2.835655, 0.423398, 0.935933, 1.384401
 102.666667, 2.480519, 0.389610, 1.116883, 1.532468
 105.000000, 2.803175, 0.346032, 1.187302, 1.580952
 100.000000, 2.530000, 0.373333, 1.233333, 1.633333
 106.000000, 2.710692, 0.389937, 1.248428, 1.663522
 105.000000, 2.825397, 0.352381, 1.196825, 1.596825
 122.666667, 2.578804, 0.353261, 1.271739, 1.671196
 122.666667, 3.277174, 0.342391, 0.937500, 1.307065
 117.333333, 2.911932, 0.383523, 0.917614, 1.326705
8
 0.250000, 0.000000, 1.000000, 13.000000, 82.000000
 71.000000, 4.389671, 1.248826, 1.164319, 2.455399
 97.333333, 2.664384, 0.520548, 1.246575, 1.791096
 106.666667, 2.959375, 0.359375, 1.128125, 1.518750
 103.666667, 2.633441, 0.360129, 0.964630, 1.347267
 92.666667, 3.223022, 0.359712, 1.125899, 1.507194
 104.666667, 2.847134, 0.331210, 0.869427, 1.251592
 106.666667, 3.109375, 0.418750, 0.931250, 1.406250
 105.666667, 2.652997, 0.416404, 1.141956, 1.583596
 108.666667, 3.205521, 0.392638, 1.220859, 1.638037
 80.333333, 3.410788, 0.568465, 1.136929, 1.734440
 113.666667, 3.360704, 0.457478, 1.020528, 1.504399
 110.000000, 2.903030, 0.339394, 1.096970, 1.463636
 115.333333, 3.381503, 0.384393, 1.239884, 1.647399
 106.333333, 3.006270, 0.416928, 1.222571, 1.667712
 103.666667, 3.212219, 0.530547, 1.215434, 1.771704
 125.666667, 3.137931, 0.366048, 1.050398, 1.442971
 105.333333, 2.500000, 0.370253, 1.398734, 1.791139
 114.333333, 3.413994, 0.408163, 0.991254, 1.422741
 112.666667, 3.017751, 0.325444, 0.961538, 1.313609
 96.333333, 3.086505, 0.352941, 1.159170, 1.539792
9
 0.250000, 0.000000, 0.000000, 0.000000, 86.000000
 71.666667, 4.906977, 1.013953, 1.060465, 2.120930
 103.333333, 2.567742, 0.361290, 1.190323, 1.574194
 106.333333, 2.796238, 0.404389, 1.103448, 1.532915
 120.000000, 3.350000, 0.369444, 0.880556, 1.277778
 87.666667, 3.186312, 0.353612, 2.167300, 2.543726
 102.000000, 2.977124, 0.421569, 1.068627, 1.516340
 103.666667, 3.504823, 0.401929, 1.067524, 1.495177
 117.666667, 2.702550, 0.413598, 1.192635, 1.648725
 108.333333, 3.200000, 0.363077, 1.123077, 1.510769
 86.333333, 3.038610, 0.409266, 1.563707, 2.027027
 114.000000, 2.681287, 0.461988, 1.116959, 1.608187
 107.333333, 2.546584, 0.391304, 1.145963, 1.562112
 107.333333, 2.484472, 0.344720, 1.375776, 1.748447
 111.000000, 2.873874, 0.420420, 1.210210, 1.657658
 114.000000, 3.073099, 0.397661, 1.084795, 1.514620
 110.666667, 3.021084, 0.355422, 1.129518, 1.509036
 101.666667, 2.531148, 0.327869, 1.347541, 1.698361
 107.000000, 2.947040, 0.386293, 1.018692, 1.426791
 104.333333, 2.392971, 0.386581, 0.897764, 1.309904
10
 0.250000, 0.000000, 0.000000, 0.000000, 86.000000
 70.666667, 3.679245, 0.867925, 1.344340, 2.287736
 107.666667, 3.659443, 0.452012, 0.941176, 1.424149
 106.000000, 3.194969, 0.393082, 1.015723, 1.437107
 110.666667, 3.048193, 0.349398, 0.945783, 1.319277
 86.333333, 3.185328, 0.463320, 1.849421, 2.339768
 102.000000, 2.647059, 0.441176, 0.905229, 1.372549
 99.333333, 3.097315, 0.432886, 1.151007, 1.607383
 104.666667, 3.009554, 0.439490, 1.191083, 1.652866
 104.000000, 2.314103, 0.358974, 1.349359, 1.733974
 80.666667, 3.078512, 0.446281, 1.752066, 2.227273
 110.000000, 3.678788, 0.384848, 0.930303, 1.342424
 105.666667, 2.817035, 0.362776, 1.463722, 1.854890
 109.333333, 2.621951, 0.356707, 1.146341, 1.527439
 106.666667, 2.918750, 0.403125, 1.193750, 1.643750
 107.666667, 3.452012, 0.383901, 1.040248, 1.470588
 97.333333, 2.486301, 0.376712, 1.071918, 1.527397
 106.000000, 2.726415, 0.339623, 1.377358, 1.745283
 117.000000, 3.125356, 0.350427, 0.960114, 1.336182
 113.333333, 2.723529, 0.332353, 1.011765, 1.373529
11
 0.250000, 1.000000, 0.000000, 1.000000, 85.000000
 69.333333, 4.278846, 1.004808, 1.322115, 2.379808
 109.666667, 2.930091, 0.392097, 0.936170, 1.355623
 112.666667, 3.180473, 0.363905, 1.147929, 1.538462
 108.333333, 2.541538, 0.390769, 1.175385, 1.590769
 78.333333, 2.770213, 0.395745, 1.804255, 2.255319
 105.000000, 2.793651, 0.336508, 0.866667, 1.253968
 104.000000, 3.137821, 0.493590, 1.118590, 1.663462
 104.333333, 2.482428, 0.367412, 1.325879, 1.785942
 102.666667, 2.711039, 0.340909, 1.334416, 1.701299
 85.333333, 3.105469, 0.351563, 1.531250, 1.906250
 108.666667, 2.726994, 0.358896, 1.039877, 1.426380
 110.666667, 3.150602, 0.388554, 1.081325, 1.512048
 104.000000, 2.554487, 0.317308, 1.339744, 1.682692
 104.333333, 2.322684, 0.383387, 1.392971, 1.801917
 108.000000, 2.885802, 0.388889, 1.351852, 1.765432
 102.666667, 2.529221, 0.363636, 1.068182, 1.457792
 97.000000, 2.233677, 0.353952, 1.381443, 1.759450
 108.000000, 2.833333, 0.324074, 1.000000, 1.348765
 105.000000, 2.057143, 0.317460, 0.984127, 1.333333
12
 0.250000, 0.000000, 0.000000, 10.000000, 82.000000
 77.000000, 4.744589, 1.060606, 1.151515, 2.281385
 101.333333, 2.601974, 0.430921, 1.098684, 1.575658
 104.000000, 2.939103, 0.413462, 1.070513, 1.538462
 118.333333, 3.340845, 0.391549, 0.926761, 1.343662
 73.666667, 2.076923, 0.348416, 2.325792, 2.696833
 99.333333, 2.503356, 0.382550, 0.822148, 1.231544
 100.666667, 3.225166, 0.360927, 1.473510, 1.867550
 102.000000, 2.552288, 0.349673, 1.147059, 1.522876
 98.333333, 2.149153, 0.369492, 1.440678, 1.857627
 81.000000, 2.942387, 0.440329, 1.329218, 1.794239
 117.000000, 3.165242, 0.370370, 0.920228, 1.316239
 109.666667, 3.197568, 0.440729, 1.316109, 1.787234
 118.333333, 3.580282, 0.366197, 1.070423, 1.461972
 112.333333, 2.925816, 0.373887, 1.228487, 1.629080
 111.666667, 3.217910, 0.405970, 0.991045, 1.420896
 111.333333, 2.811377, 0.350299, 0.970060, 1.347305
 99.333333, 1.825503, 0.395973, 1.335570, 1.755034
 114.666667, 2.552326, 0.363372, 1.008721, 1.415698
 103.666667, 2.324759, 0.360129, 0.913183, 1.324759
13
 0.250000, 0.000000, 0.000000, 12.000000, 81.000000
 74.333333, 4.040359, 1.013453, 1.484305, 2.542601
 111.000000, 3.714715, 0.699700, 1.069069, 1.795796
 117.666667, 3.133144, 0.416431, 0.963173, 1.405099
 107.000000, 3.214953, 0.401869, 1.031153, 1.464174
 82.666667, 2.866935, 0.370968, 1.786290, 2.189516
 111.333333, 3.164671, 0.374251, 0.883234, 1.305389
 110.333333, 3.429003, 0.419940, 0.951662, 1.395770
 112.333333, 3.139466, 0.418398, 1.234421, 1.676558
 116.333333, 2.957020, 0.329513, 1.140401, 1.498567
 89.333333, 3.649254, 0.880597, 1.761194, 2.664179
 109.000000, 3.220183, 0.406728, 0.938838, 1.373089
 104.666667, 2.783439, 0.366242, 1.175159, 1.589172
 106.000000, 2.411950, 0.349057, 1.323899, 1.698113
 107.666667, 2.464396, 0.359133, 1.204334, 1.588235
 103.666667, 2.974277, 0.382637, 1.131833, 1.540193
 97.333333, 2.000000, 0.414384, 1.260274, 1.698630
 101.666667, 2.170492, 0.377049, 1.377049, 1.783607
 99.333333, 2.043624, 0.362416, 1.053691, 1.442953
 109.666667, 2.255319, 0.340426, 0.978723, 1.367781
14
 0.250000, 0.000000, 0.000000, 12.000000, 81.000000
 63.000000, 2.947090, 1.158730, 1.518519, 2.767196
 99.666667, 2.474916, 0.397993, 1.040134, 1.488294
 97.666667, 2.583618, 0.358362, 1.051195, 1.436860
 101.000000, 1.983498, 0.372937, 0.970297, 1.366337
 80.000000, 2.645833, 0.366667, 2.512500, 2.908333
 103.333333, 2.851613, 0.367742, 1.293548, 1.690323
 98.666667, 2.807432, 0.432432, 1.138514, 1.648649
 101.333333, 2.726974, 0.381579, 1.217105, 1.648026
 93.000000, 2.010753, 0.340502, 1.301075, 1.666667
 88.333333, 2.890566, 0.716981, 1.701887, 2.449057
 110.333333, 3.441088, 0.468278, 1.027190, 1.519637
 98.666667, 2.844595, 0.344595, 1.246622, 1.614865
 113.000000, 3.315634, 0.321534, 1.203540, 1.551622
 115.333333, 3.156069, 0.364162, 1.158960, 1.552023
 108.666667, 2.987730, 0.524540, 1.190184, 1.742331
 109.333333, 2.850610, 0.368902, 0.993902, 1.393293
 96.666667, 2.131034, 0.331034, 1.413793, 1.772414
 98.000000, 2.081633, 0.350340, 1.078231, 1.459184
 110.666667, 2.512048, 0.325301, 1.003012, 1.358434
 87.333333, 3.209924, 0.770992, 1.973282, 2.767176
15
 0.250000, 0.000000, 0.000000, 13.000000, 81.000000
 69.000000, 4.019324, 1.019324, 1.314010, 2.410628
 102.000000, 3.202614, 0.539216, 1.294118, 1.862745
 105.000000, 2.558730, 0.450794, 1.098413, 1.574603
 111.333333, 3.170659, 0.401198, 1.041916, 1.467066
 78.000000, 2.235043, 0.354701, 1.175214, 1.559829
 99.666667, 2.250836, 0.304348, 1.260870, 1.588629
 107.000000, 3.252336, 0.395639, 0.900312, 1.320872
 110.000000, 2.954545, 0.436364, 1.260606, 1.721212
 84.000000, 1.682540, 0.380952, 1.380952, 1.797619
 79.333333, 2.810924, 0.361345, 1.773109, 2.159664
 106.666667, 2.718750, 0.384375, 1.096875, 1.509375
 113.666667, 3.073314, 0.395894, 1.061584, 1.504399
 109.666667, 3.425532, 0.349544, 1.285714, 1.662614
 103.666667, 3.183280, 0.353698, 1.225080, 1.601286
 106.000000, 3.015723, 0.339623, 1.166667, 1.528302
 101.000000, 2.660066, 0.346535, 1.181518, 1.554455
 111.333333, 2.425150, 0.407186, 1.380240, 1.811377
 112.333333, 2.798220, 0.350148, 0.979228, 1.356083
 107.333333, 2.307453, 0.347826, 0.878882, 1.254658
16
 0.250000, 0.000000, 0.000000, 10.000000, 81.000000
 66.333333, 3.849246, 0.974874, 1.477387, 2.492462
 111.666667, 3.053731, 0.519403, 1.014925, 1.561194
 103.000000, 2.715210, 0.472492, 0.967638, 1.462783
 112.333333, 3.103858, 0.397626, 1.014837, 1.439169
 87.000000, 3.333333, 0.352490, 2.141762, 2.578544
 93.333333, 2.275000, 0.464286, 0.953571, 1.450000
 100.333333, 2.212625, 0.488372, 1.508306, 2.023256
 95.000000, 3.168421, 0.477193, 1.270175, 1.768421
 102.666667, 2.665584, 0.331169, 1.256494, 1.613636
 79.666667, 2.887029, 0.874477, 1.828452, 2.732218
 108.333333, 2.695385, 0.375385, 0.993846, 1.396923
 113.000000, 3.474926, 0.401180, 1.156342, 1.584071
 115.000000, 3.089855, 0.339130, 1.226087, 1.594203
 114.666667, 3.284884, 0.363372, 1.232558, 1.622093
 103.000000, 2.420712, 0.375405, 1.174757, 1.579288
 103.333333, 2.403226, 0.387097, 1.103226, 1.516129
 103.333333, 2.551613, 0.322581, 1.425806, 1.796774
 101.000000, 2.729373, 0.396040, 1.016502, 1.438944
 105.666667, 2.479495, 0.331230, 1.012618, 1.372240
17
 0.250000, 0.000000, 0.000000, 11.000000, 81.000000
 62.666667, 3.356383, 0.877660, 1.117021, 2.085106
 92.666667, 2.248201, 0.420863, 1.115108, 1.557554
 102.666667, 3.198052, 0.496753, 1.103896, 1.629870
 117.666667, 3.053824, 0.399433, 0.994334, 1.419263
 84.333333, 2.071146, 0.316206, 1.545455, 1.885375
 108.000000, 2.570988, 0.364198, 0.839506, 1.256173
 100.333333, 2.750831, 0.388704, 1.056478, 1.475083
 111.666667, 2.617910, 0.477612, 1.238806, 1.743284
 107.000000, 3.302181, 0.386293, 1.221184, 1.641745
 87.000000, 3.042146, 0.371648, 1.800766, 2.195402
 101.000000, 2.775578, 0.369637, 0.990099, 1.412541
 104.000000, 2.766026, 0.368590, 1.211538, 1.608974
 114.000000, 2.915205, 0.391813, 1.076023, 1.497076
 110.333333, 2.966767, 0.398792, 1.102719, 1.525680
 95.666667, 2.665505, 0.365854, 1.216028, 1.606272
 106.666667, 2.825000, 0.425000, 1.084375, 1.556250
 105.666667, 2.529968, 0.429022, 1.274448, 1.735016
 106.000000, 3.138365, 0.421384, 1.025157, 1.471698
 109.333333, 2.798780, 0.350610, 0.960366, 1.341463
18
 0.250000, 0.000000, 0.000000, 2.000000, 85.000000
 70.000000, 4.590476, 1.095238, 1.285714, 2.514286
 96.333333, 2.363322, 0.411765, 1.217993, 1.657439
 114.666667, 3.688953, 0.450581, 0.979651, 1.459302
 113.666667, 2.601173, 0.378299, 0.950147, 1.354839
 80.666667, 2.855372, 0.334711, 2.702479, 3.061983
 112.666667, 3.207101, 0.322485, 1.079882, 1.452663
 98.000000, 2.520408, 0.357143, 1.312925, 1.700680
 100.666667, 2.579470, 0.420530, 1.132450, 1.582781
 115.000000, 2.956522, 0.344928, 1.150725, 1.524638
 73.666667, 2.819005, 0.393665, 1.533937, 1.959276
 123.000000, 4.430894, 0.476965, 0.970190, 1.468835
 103.000000, 2.563107, 0.362460, 1.197411, 1.588997
 108.000000, 2.737654, 0.311728, 1.277778, 1.617284
 101.000000, 2.752475, 0.379538, 1.287129, 1.693069
 114.000000, 3.616959, 0.356725, 1.137427, 1.538012
 110.666667, 2.849398, 0.400602, 1.081325, 1.506024
 110.666667, 2.246988, 0.337349, 1.313253, 1.674699
 116.333333, 3.530086, 0.363897, 1.080229, 1.467049
 111.666667, 2.358209, 0.337313, 1.014925, 1.376119
19
 0.250000, 0.000000, 6.000000, 1.000000, 83.000000
 85.666667, 4.747082, 0.894942, 1.046693, 2.019455
 106.666667, 2.643750, 0.396875, 0.934375, 1.359375
 103.333333, 2.687097, 0.409677, 1.103226, 1.535484
 104.666667, 3.149682, 0.366242, 0.942675, 1.369427
 82.000000, 2.707317, 0.341463, 1.443089, 1.813008
 101.000000, 2.471947, 0.363036, 1.138614, 1.551155
 99.000000, 3.188552, 0.410774, 1.370370, 1.808081
 104.333333, 3.252396, 0.373802, 1.392971, 1.811502
 94.333333, 2.830389, 0.487633, 1.293286, 1.805654
 84.333333, 3.142292, 0.869565, 1.802372, 2.707510
 108.666667, 2.785276, 0.374233, 0.923313, 1.325153
 94.666667, 2.651408, 0.426056, 1.415493, 1.862676
 103.000000, 2.605178, 0.398058, 1.262136, 1.708738
 93.666667, 2.306050, 0.359431, 1.391459, 1.779359
 108.333333, 3.369231, 0.415385, 1.080000, 1.520000
 116.666667, 3.165714, 0.371429, 1.008571, 1.402857
 109.666667, 2.097264, 0.352584, 1.209726, 1.586626
 124.000000, 4.059140, 0.432796, 0.884409, 1.344086
 120.000000, 2.747222, 0.380556, 0.866667, 1.275000
20
 0.250000, 4.000000, 0.000000, 1.000000, 1.000000
 82.000000, 4.065041, 0.825203, 1.101626, 1.963415
 106.333333, 2.680251, 0.442006, 1.081505, 1.551724
 107.666667, 3.226006, 0.393189, 1.074303, 1.495356
 120.000000, 3.225000, 0.427778, 0.858333, 1.313889
 83.000000, 3.060241, 0.377510, 2.453815, 2.855422
 116.000000, 2.778736, 0.385057, 0.925287, 1.336207
 107.666667, 3.058824, 0.470588, 0.956656, 1.452012
 109.666667, 3.085106, 0.483283, 1.185410, 1.696049
 105.666667, 2.694006, 0.441640, 1.309148, 1.776025
 77.666667, 3.021459, 0.394850, 1.459227, 1.884120
 103.333333, 2.819355, 0.419355, 0.990323, 1.432258
 106.333333, 2.542320, 0.416928, 1.238245, 1.711599
 106.333333, 2.874608, 0.373041, 1.373041, 1.774295
 107.000000, 2.679128, 0.380062, 1.074766, 1.479751
 104.000000, 2.525641, 0.407051, 1.003205, 1.435897
 117.000000, 3.222222, 0.378917, 1.056980, 1.481481
 120.000000, 3.088889, 0.369444, 1.330556, 1.727778
 114.333333, 3.218659, 0.344023, 1.046647, 1.413994
 118.000000, 3.104520, 0.358757, 0.940678, 1.322034
21
 0.250000, 3.000000, 0.000000, 0.000000, 1.000000
 74.666667, 3.700893, 0.919643, 1.125000, 2.093750
 102.333333, 2.664495, 0.446254, 1.068404, 1.540717
 108.666667, 3.067485, 0.404908, 1.168712, 1.601227
 99.333333, 2.506711, 0.338926, 1.104027, 1.500000
 80.000000, 3.083333, 0.329167, 1.654167, 2.012500
 109.000000, 2.938838, 0.333333, 1.241590, 1.599388
 99.000000, 2.902357, 0.393939, 0.808081, 1.235690
 94.333333, 2.547703, 0.533569, 1.381625, 1.978799
 88.333333, 1.890566, 0.381132, 1.464151, 1.879245
 90.666667, 2.992647, 0.555147, 1.698529, 2.308824
 118.000000, 3.163842, 0.389831, 0.963277, 1.381356
 102.333333, 2.899023, 0.397394, 1.192182, 1.638436
 99.000000, 2.693603, 0.329966, 1.329966, 1.686869
 101.000000, 2.630363, 0.343234, 1.313531, 1.689769
 96.333333, 2.373702, 0.377163, 1.259516, 1.660900
 111.000000, 2.651652, 0.396396, 1.147147, 1.570571
 115.666667, 2.927954, 0.334294, 1.164265, 1.524496
 109.333333, 3.164634, 0.411585, 0.972561, 1.411585
 108.333333, 2.470769, 0.393846, 0.956923, 1.375385
22
 0.250000, 0.000000, 0.000000, 0.000000, 0.000000
 69.666667, 4.019139, 0.837321, 1.282297, 2.172249
 97.000000, 2.903780, 0.395189, 1.243986, 1.663230
 93.666667, 2.199288, 0.359431, 1.003559, 1.395018
 100.000000, 2.520000, 0.373333, 1.203333, 1.603333
 77.666667, 2.935622, 0.381974, 1.738197, 2.141631
 100.333333, 2.302326, 0.408638, 0.860465, 1.292359
 109.666667, 3.671733, 0.373860, 0.969605, 1.370821
 109.333333, 2.701220, 0.432927, 1.222561, 1.701220
 117.000000, 3.088319, 0.387464, 1.113960, 1.527066
 83.333333, 3.148000, 0.424000, 1.040000, 1.488000
 115.333333, 3.592486, 0.404624, 0.921965, 1.372832
 99.333333, 2.899329, 0.406040, 1.261745, 1.694631
 99.000000, 1.983165, 0.336700, 1.279461, 1.643098
 109.000000, 2.908257, 0.324159, 1.149847, 1.501529
 115.000000, 2.762319, 0.379710, 1.052174, 1.463768
 111.666667, 2.707463, 0.444776, 1.068657, 1.543284
 103.000000, 2.433657, 0.381877, 1.398058, 1.805825
 105.333333, 3.610759, 0.417722, 1.047468, 1.493671
 101.000000, 2.478548, 0.376238, 0.990099, 1.386139
23
 0.250000, 0.000000, 0.000000, 0.000000, 1.000000
 76.000000, 4.289474, 1.057018, 1.350877, 2.478070
 110.000000, 3.057576, 0.457576, 1.051515, 1.557576
 94.000000, 2.244681, 0.390071, 1.021277, 1.436170
 109.000000, 2.675841, 0.382263, 1.036697, 1.446483
 84.000000, 2.793651, 0.384921, 2.043651, 2.460317
 105.000000, 2.257143, 0.368254, 0.974603, 1.371429
 107.333333, 3.381988, 0.354037, 1.105590, 1.493789
 108.666667, 2.877301, 0.453988, 1.285276, 1.766871
 108.666667, 2.769939, 0.374233, 1.319018, 1.717791
 83.333333, 2.852000, 1.092000, 1.740000, 2.880000
 104.666667, 2.847134, 0.417197, 1.015924, 1.455414
 108.333333, 3.615385, 0.384615, 1.283077, 1.710769
 102.666667, 2.094156, 0.344156, 1.370130, 1.737013
 106.333333, 3.015674, 0.407524, 1.197492, 1.630094
 113.333333, 3.094118, 0.397059, 1.200000, 1.623529
 113.666667, 2.483871, 0.360704, 0.944282, 1.331378
 99.666667, 2.220736, 0.337793, 1.347826, 1.712375
 97.333333, 2.226027, 0.407534, 1.119863, 1.575342
 104.666667, 2.449045, 0.404459, 0.843949, 1.270701
24
 0.250000, 0.000000, 0.000000, 0.000000, 8.000000
 68.333333, 3.760976, 0.931707, 1.043902, 2.014634
 108.666667, 2.861963, 0.389571, 1.110429, 1.549080
 112.333333, 3.442136, 0.522255, 0.979228, 1.528190
 107.333333, 2.577640, 0.354037, 1.024845, 1.406832
 85.666667, 3.237354, 0.396887, 1.431907, 1.852140
 102.333333, 2.241042, 0.345277, 0.983713, 1.355049
 103.333333, 2.941935, 0.374194, 1.070968, 1.470968
 103.000000, 2.948220, 0.381877, 1.288026, 1.692557
 113.000000, 2.761062, 0.410029, 1.153392, 1.592920
 89.000000, 3.632959, 0.498127, 1.292135, 1.816479
 114.000000, 3.257310, 0.345029, 0.859649, 1.277778
 93.000000, 2.000000, 0.326165, 1.358423, 1.713262
 106.000000, 2.776730, 0.345912, 1.411950, 1.783019
 109.333333, 2.362805, 0.335366, 1.256098, 1.618902
 122.000000, 3.592896, 0.431694, 0.967213, 1.426230
 119.000000, 3.226891, 0.364146, 1.016807, 1.403361
 110.333333, 2.800604, 0.365559, 1.172205, 1.564955
 121.666667, 3.098630, 0.410959, 0.912329, 1.350685
 109.666667, 2.756839, 0.334347, 0.981763, 1.361702
25
 0.250000, 1.000000, 0.000000, 46.000000, 46.000000
 76.666667, 4.208696, 1.186957, 1.121739, 2.391304
 113.666667, 3.609971, 0.624633, 1.014663, 1.662757
 107.333333, 2.686335, 0.391304, 1.102484, 1.518634
 109.000000, 2.844037, 0.366972, 1.030581, 1.422018
 85.666667, 3.287938, 0.392996, 1.867704, 2.291829
 101.000000, 2.231023, 0.326733, 0.801980, 1.151815
 107.000000, 3.130841, 0.345794, 1.202492, 1.582555
 109.333333, 2.506098, 0.445122, 1.368902, 1.838415
 109.666667, 2.598784, 0.379939, 1.240122, 1.647416
 74.666667, 2.736607, 0.718750, 1.937500, 2.683036
 110.000000, 2.881818, 0.357576, 1.030303, 1.433333
 101.000000, 2.785479, 0.402640, 1.151815, 1.623762
 106.666667, 2.975000, 0.350000, 1.284375, 1.659375
 108.333333, 2.956923, 0.384615, 1.163077, 1.569231
 109.666667, 3.030395, 0.446809, 1.136778, 1.607903
 110.000000, 2.966667, 0.409091, 1.090909, 1.524242
 102.000000, 2.823529, 0.411765, 1.297386, 1.732026
 123.666667, 3.417790, 0.369272, 0.932615, 1.328841
 109.000000, 2.938838, 0.339450, 0.948012, 1.318043
26
 0.250000, 0.000000, 0.000000, 46.000000, 46.000000
 77.333333, 4.146552, 1.202586, 1.129310, 2.383621
 105.333333, 2.677215, 0.414557, 1.063291, 1.506329
 113.000000, 2.716814, 0.365782, 0.896755, 1.289086
 112.000000, 3.071429, 0.404762, 0.928571, 1.380952
 78.333333, 3.097872, 0.421277, 2.365957, 2.812766
 100.333333, 3.056478, 0.431894, 0.833887, 1.289037
 100.000000, 3.410000, 0.540000, 1.320000, 1.890000
 110.666667, 3.367470, 0.397590, 1.243976, 1.665663
 106.666667, 2.562500, 0.309375, 1.303125, 1.637500
 80.666667, 3.487603, 0.384298, 1.148760, 1.557851
 111.666667, 3.462687, 0.414925, 0.934328, 1.397015
 104.333333, 2.696486, 0.408946, 1.162939, 1.661342
 118.333333, 2.915493, 0.354930, 1.098592, 1.478873
 106.000000, 2.801887, 0.358491, 1.226415, 1.610063
 102.000000, 3.290850, 0.382353, 1.147059, 1.555556
 113.000000, 3.265487, 0.362832, 0.961652, 1.353982
 119.333333, 2.416201, 0.354749, 1.173184, 1.553073
 110.333333, 2.670695, 0.377644, 0.924471, 1.329305
 103.666667, 3.295820, 0.401929, 0.935691, 1.363344
27
 0.250000, 0.000000, 0.000000, 0.000000, 47.000000
 69.333333, 4.706731, 0.975962, 1.413462, 2.432692
 108.333333, 3.735385, 0.563077, 0.987692, 1.596923
 103.666667, 3.263666, 0.369775, 1.022508, 1.418006
 108.000000, 2.978395, 0.385802, 1.015432, 1.429012
 79.666667, 3.389121, 0.397490, 1.531381, 1.953975
 104.666667, 2.636943, 0.375796, 0.914013, 1.315287
 101.666667, 2.901639, 0.390164, 1.508197, 1.924590
 99.666667, 2.311037, 0.377926, 1.297659, 1.705686
 106.666667, 2.506250, 0.353125, 1.334375, 1.712500
 95.000000, 2.943860, 0.396491, 1.522807, 1.943860
 110.333333, 2.891239, 0.462236, 0.996979, 1.486405
 97.666667, 2.470990, 0.392491, 1.296928, 1.716724
 101.000000, 2.201320, 0.356436, 1.224422, 1.603960
 105.000000, 2.552381, 0.377778, 1.231746, 1.634921
 114.333333, 3.107872, 0.361516, 1.209913, 1.597668
 112.000000, 3.422619, 0.360119, 1.175595, 1.562500
 111.333333, 2.470060, 0.377246, 1.182635, 1.586826
 116.666667, 3.391429, 0.405714, 0.951429, 1.380000
 101.666667, 1.931148, 0.340984, 0.954098, 1.324590
28
 0.250000, 0.000000, 0.000000, 50.000000, 51.000000
 69.666667, 3.961722, 0.937799, 1.368421, 2.344498
 114.333333, 3.297376, 0.434402, 1.113703, 1.615160
 94.000000, 2.361702, 0.365248, 1.241135, 1.638298
 104.000000, 2.381410, 0.358974, 1.006410, 1.391026
 79.666667, 2.456067, 0.380753, 1.401674, 1.807531
 99.000000, 2.498316, 0.451178, 1.003367, 1.481481
 90.666667, 2.363971, 0.386029, 1.246324, 1.658088
 104.666667, 2.624204, 0.398089, 1.324841, 1.748408
 102.666667, 2.538961, 0.340909, 1.331169, 1.698052
 76.666667, 2.560870, 0.360870, 1.026087, 1.443478
 103.333333, 2.751613, 0.409677, 1.132258, 1.567742
 103.000000, 2.967638, 0.391586, 1.132686, 1.550162
 103.000000, 3.158576, 0.359223, 1.184466, 1.569579
 112.000000, 3.011905, 0.398810, 1.104167, 1.529762
 110.333333, 2.836858, 0.389728, 1.205438, 1.646526
 99.000000, 2.703704, 0.336700, 1.074074, 1.434343
 111.666667, 2.635821, 0.352239, 1.179104, 1.555224
 105.000000, 2.412698, 0.307937, 1.095238, 1.434921
 102.000000, 2.218954, 0.349673, 0.908497, 1.284314
29
 0.250000, 1.000000, 0.000000, 1.000000, 1.000000
 79.666667, 4.882845, 1.041841, 1.334728, 2.451883
 112.333333, 3.157270, 0.421365, 1.240356, 1.688427
 113.666667, 3.272727, 0.354839, 1.099707, 1.483871
 111.000000, 2.801802, 0.330330, 1.024024, 1.384384
 78.333333, 2.629787, 0.323404, 2.336170, 2.689362
 111.333333, 2.805389, 0.353293, 0.916168, 1.296407
 102.000000, 3.173203, 0.457516, 1.254902, 1.738562
 98.333333, 2.274576, 0.352542, 1.518644, 1.898305
 101.666667, 2.501639, 0.383607, 1.331148, 1.737705
 75.333333, 2.544248, 0.898230, 1.973451, 2.898230
 97.000000, 2.790378, 0.450172, 1.257732, 1.728522
 95.333333, 2.569930, 0.430070, 1.153846, 1.615385
 104.000000, 2.955128, 0.365385, 1.182692, 1.570513
 108.333333, 2.935385, 0.455385, 1.323077, 1.806154
 107.333333, 2.928571, 0.378882, 1.304348, 1.708075
 107.333333, 2.931677, 0.360248, 1.201863, 1.583851
 97.333333, 2.585616, 0.383562, 1.421233, 1.832192
 113.666667, 3.325513, 0.346041, 0.923754, 1.299120
 102.333333, 2.983713, 0.381107, 1.013029, 1.420195
30
 0.250000, 0.000000, 0.000000, 1.000000, 1.000000
 69.333333, 3.889423, 1.120192, 1.197115, 2.437500
 97.666667, 2.873720, 0.430034, 1.071672, 1.552901
 105.333333, 3.227848, 0.414557, 1.037975, 1.477848
 108.000000, 2.546296, 0.382716, 1.024691, 1.438272
 82.000000, 3.544715, 0.467480, 2.552846, 3.048780
 96.666667, 2.168966, 0.379310, 0.993103, 1.396552
 111.666667, 3.444776, 0.456716, 1.047761, 1.534328
 116.666667, 3.102857, 0.391429, 1.151429, 1.571429
 110.333333, 2.990937, 0.350453, 1.241692, 1.613293
 83.666667, 3.302789, 0.434263, 1.250996, 1.709163
 108.666667, 2.788344, 0.407975, 1.000000, 1.435583
 108.666667, 3.496933, 0.555215, 1.144172, 1.723926
 107.000000, 3.121495, 0.361371, 1.267913, 1.654206
 103.666667, 2.752412, 0.414791, 1.292605, 1.733119
 113.666667, 3.346041, 0.451613, 1.061584, 1.542522
 112.000000, 2.895833, 0.369048, 1.062500, 1.455357
 98.666667, 2.864865, 0.351351, 1.256757, 1.631757
 98.333333, 2.532203, 0.403390, 1.115254, 1.566102
 121.000000, 2.793388, 0.336088, 0.895317, 1.253444
31
 0.250000, 0.000000, 0.000000, 0.000000, 0.000000
 74.666667, 4.473214, 1.250000, 1.129464, 2.424107
 101.666667, 3.255738, 0.491803, 1.150820, 1.685246
 95.666667, 2.414634, 0.400697, 1.010453, 1.435540
 99.333333, 2.627517, 0.402685, 1.077181, 1.503356
 79.666667, 2.443515, 0.430962, 1.903766, 2.359833
 93.000000, 2.412186, 0.430108, 1.014337, 1.469534
 102.666667, 3.155844, 0.425325, 1.045455, 1.496753
 110.000000, 2.342424, 0.424242, 1.160606, 1.606061
 104.000000, 2.826923, 0.358974, 1.282051, 1.663462
 87.333333, 2.572519, 0.358779, 1.053435, 1.442748
 117.333333, 3.107955, 0.514205, 1.002841, 1.539773
 92.666667, 2.654676, 0.381295, 1.377698, 1.791367
 105.000000, 2.657143, 0.349206, 1.288889, 1.660317
 111.333333, 2.958084, 0.347305, 1.116766, 1.491018
 105.333333, 2.851266, 0.414557, 1.183544, 1.629747
 109.000000, 2.825688, 0.366972, 0.960245, 1.354740
 115.000000, 3.098551, 0.342029, 1.208696, 1.576812
 118.333333, 3.608451, 0.405634, 1.002817, 1.456338
 114.333333, 3.244898, 0.358601, 0.903790, 1.311953
32
 0.250000, 1.000000, 0.000000, 1.000000, 1.000000
 66.333333, 3.743719, 1.120603, 1.251256, 2.482412
 91.000000, 2.586081, 0.439560, 1.164835, 1.630037
 91.666667, 2.698182, 0.414545, 1.058182, 1.501818
 110.000000, 2.966667, 0.390909, 0.796970, 1.212121
 78.333333, 2.348936, 0.378723, 1.344681, 1.748936
 96.333333, 2.148789, 0.411765, 1.384083, 1.820069
 109.666667, 3.531915, 0.352584, 0.924012, 1.300912
 109.666667, 2.851064, 0.364742, 1.237082, 1.626140
 117.666667, 2.900850, 0.354108, 1.240793, 1.617564
 83.333333, 2.880000, 0.876000, 1.920000, 2.824000
 124.666667, 3.534759, 0.347594, 1.037433, 1.409091
 118.333333, 3.822535, 0.526761, 1.123944, 1.681690
 117.333333, 2.926136, 0.343750, 1.142045, 1.508523
 104.000000, 2.500000, 0.416667, 1.349359, 1.791667
 110.333333, 3.429003, 0.480363, 1.099698, 1.607251
 116.333333, 3.154728, 0.349570, 0.868195, 1.243553
 107.000000, 2.816199, 0.401869, 1.305296, 1.735202
 120.333333, 3.337950, 0.346260, 0.950139, 1.324100
 111.333333, 2.574850, 0.359281, 0.916168, 1.302395
33
 0.250000, 0.000000, 0.000000, 0.000000, 1.000000
 69.333333, 4.004808, 1.379808, 1.682692, 3.168269
 100.000000, 2.946667, 0.396667, 1.016667, 1.443333
 101.666667, 2.885246, 0.409836, 0.980328, 1.419672
 107.000000, 3.109034, 0.352025, 0.847352, 1.227414
 81.000000, 2.905350, 0.477366, 1.666667, 2.172840
 110.666667, 2.780120, 0.364458, 0.840361, 1.234940
 105.000000, 3.488889, 0.403175, 1.171429, 1.600000
 108.333333, 3.427692, 0.443077, 1.221538, 1.686154
 105.333333, 2.509494, 0.344937, 1.104430, 1.474684
 81.000000, 3.082305, 0.366255, 1.588477, 1.983539
 95.666667, 2.459930, 0.362369, 1.083624, 1.487805
 107.000000, 3.031153, 0.392523, 1.028037, 1.448598
 106.666667, 3.278125, 0.346875, 1.284375, 1.656250
 109.666667, 3.246201, 0.386018, 1.331307, 1.744681
 112.000000, 2.488095, 0.372024, 1.166667, 1.559524
 117.333333, 3.349432, 0.363636, 1.039773, 1.448864
 101.333333, 2.664474, 0.375000, 1.171053, 1.565789
 105.000000, 2.387302, 0.339683, 0.996825, 1.365079
 105.000000, 2.326984, 0.377778, 0.838095, 1.244444
34
 0.250000, 2.000000, 0.000000, 0.000000, 0.000000
 72.000000, 3.486111, 0.870370, 1.194444, 2.106481
 97.333333, 2.332192, 0.407534, 1.167808, 1.606164
 113.666667, 3.592375, 0.445748, 0.882698, 1.372434
 113.000000, 2.713864, 0.362832, 0.870206, 1.256637
 77.333333, 2.961207, 0.504310, 2.323276, 2.857759
 99.333333, 2.255034, 0.352349, 0.953020, 1.332215
 110.000000, 3.433333, 0.424242, 1.103030, 1.554545
 97.666667, 2.993174, 0.382253, 1.402730, 1.839590
 101.666667, 2.763934, 0.334426, 1.285246, 1.672131
 79.666667, 3.033473, 0.502092, 1.949791, 2.510460
 118.666667, 3.601124, 0.443820, 0.896067, 1.367978
 109.000000, 3.223242, 0.412844, 1.058104, 1.495413
 105.333333, 2.882911, 0.367089, 1.287975, 1.680380
 98.666667, 2.391892, 0.337838, 1.111486, 1.479730
 107.333333, 3.121118, 0.391304, 1.158385, 1.577640
 113.000000, 3.371681, 0.365782, 1.032448, 1.424779
 108.666667, 2.266871, 0.349693, 1.343558, 1.739264
 106.333333, 3.178683, 0.344828, 0.946708, 1.322884
 107.666667, 2.817337, 0.402477, 1.000000, 1.427245
35
 0.250000, 3.000000, 0.000000, 1.000000, 1.000000
 68.000000, 4.509804, 1.205882, 1.612745, 2.911765
 103.666667, 3.109325, 0.450161, 1.045016, 1.520900
 110.666667, 3.286145, 0.412651, 1.111446, 1.569277
 102.333333, 3.120521, 0.397394, 0.915309, 1.338762
 76.000000, 2.855263, 0.368421, 1.219298, 1.618421
 103.666667, 3.090032, 0.434084, 0.961415, 1.421222
 107.000000, 3.252336, 0.367601, 1.461059, 1.856698
 110.000000, 2.906061, 0.436364, 1.181818, 1.645455
 104.333333, 1.795527, 0.348243, 1.246006, 1.638978
 90.666667, 3.191176, 0.959559, 1.694853, 2.676471
 116.000000, 3.264368, 0.482759, 0.913793, 1.428161
 105.333333, 2.382911, 0.363924, 1.151899, 1.544304
 100.333333, 2.707641, 0.328904, 1.305648, 1.664452
 101.333333, 2.217105, 0.371711, 1.457237, 1.858553
 108.333333, 2.655385, 0.384615, 1.101538, 1.510769
 103.333333, 2.741935, 0.335484, 1.129032, 1.493548
 98.666667, 2.483108, 0.368243, 1.202703, 1.597973
 104.666667, 3.136943, 0.436306, 0.984076, 1.442675
 99.333333, 2.513423, 0.332215, 0.932886, 1.291946
36
 0.250000, 6.000000, 0.000000, 0.000000, 1.000000
 72.000000, 4.217593, 1.166667, 1.245370, 2.476852
 120.000000, 3.977778, 0.647222, 1.030556, 1.702778
 107.666667, 3.386997, 0.495356, 0.910217, 1.430341
 114.000000, 2.821637, 0.388889, 0.994152, 1.409357
 81.666667, 3.020408, 0.355102, 1.681633, 2.065306
 106.666667, 2.118750, 0.353125, 0.928125, 1.309375
 103.666667, 3.276527, 0.379421, 0.890675, 1.295820
 105.666667, 2.990536, 0.378549, 1.312303, 1.712934
 106.333333, 2.749216, 0.344828, 1.169279, 1.539185
 84.000000, 2.841270, 0.376984, 1.337302, 1.765873
 103.333333, 3.232258, 0.422581, 1.038710, 1.483871
 104.000000, 2.887821, 0.387821, 1.410256, 1.823718
 108.333333, 2.920000, 0.341538, 1.313846, 1.683077
 107.000000, 2.937695, 0.355140, 1.137072, 1.542056
 106.666667, 2.687500, 0.425000, 1.243750, 1.696875
 113.333333, 2.861765, 0.379412, 1.079412, 1.488235
 105.666667, 2.012618, 0.331230, 1.227129, 1.583596
 107.000000, 3.314642, 0.361371, 1.021807, 1.408100
 97.666667, 2.215017, 0.365188, 1.030717, 1.423208
37
 0.250000, 5.000000, 0.000000, 0.000000, 1.000000
 77.000000, 4.259740, 1.138528, 1.168831, 2.350649
 113.333333, 3.117647, 0.447059, 1.017647, 1.491176
 103.333333, 2.816129, 0.380645, 1.174194, 1.580645
 99.000000, 2.882155, 0.360269, 1.006734, 1.400673
 83.000000, 3.341365, 0.373494, 2.184739, 2.582329
 114.333333, 3.413994, 0.387755, 0.959184, 1.390671
 94.666667, 3.130282, 0.383803, 1.059859, 1.468310
 97.666667, 2.372014, 0.368601, 1.464164, 1.863481
 119.333333, 2.843575, 0.340782, 1.189944, 1.558659
 78.000000, 2.666667, 0.363248, 1.004274, 1.397436
 122.333333, 3.495913, 0.381471, 0.929155, 1.337875
 105.000000, 2.361905, 0.400000, 1.130159, 1.555556
 98.666667, 2.402027, 0.320946, 1.358108, 1.706081
 103.666667, 2.688103, 0.340836, 1.321543, 1.684887
 104.333333, 2.552716, 0.380192, 1.252396, 1.658147
 108.000000, 2.623457, 0.364198, 1.027778, 1.419753
 106.333333, 2.448276, 0.442006, 1.294671, 1.761755
 111.666667, 2.802985, 0.397015, 0.997015, 1.417910
 99.333333, 2.167785, 0.355705, 0.976510, 1.359060
38
 0.250000, 0.000000, 0.000000, 0.000000, 1.000000
 72.333333, 4.580645, 1.304147, 1.221198, 2.599078
 113.000000, 3.368732, 0.560472, 1.150442, 1.737463
 92.666667, 2.489209, 0.413669, 1.071942, 1.550360
 107.000000, 2.753894, 0.408100, 0.956386, 1.408100
 83.333333, 2.012000, 0.364000, 1.236000, 1.628000
 107.666667, 2.640867, 0.368421, 0.910217, 1.303406
 96.333333, 2.885813, 0.384083, 1.141869, 1.550173
 102.000000, 2.624183, 0.382353, 1.267974, 1.676471
 100.333333, 2.156146, 0.345515, 1.269103, 1.637874
 84.333333, 3.126482, 0.339921, 1.047431, 1.411067
 103.333333, 2.932258, 0.412903, 0.919355, 1.361290
 99.000000, 2.569024, 0.447811, 1.141414, 1.632997
 107.333333, 3.074534, 0.354037, 1.217391, 1.596273
 102.666667, 3.220779, 0.366883, 1.350649, 1.766234
 95.333333, 2.713287, 0.360140, 1.143357, 1.555944
 102.333333, 2.671010, 0.436482, 1.052117, 1.517915
 115.000000, 2.391304, 0.402899, 1.191304, 1.620290
 107.000000, 2.791277, 0.345794, 1.034268, 1.404984
 113.000000, 2.687316, 0.377581, 1.000000, 1.436578
39
 0.250000, 2.000000, 0.000000, 0.000000, 1.000000
 73.666667, 4.303167, 1.085973, 1.199095, 2.339367
 111.666667, 3.092537, 0.635821, 0.994030, 1.656716
 109.333333, 3.253049, 0.487805, 1.192073, 1.704268
 115.333333, 3.384393, 0.410405, 0.997110, 1.436416
 76.333333, 3.266376, 0.454148, 1.716157, 2.200873
 111.333333, 2.646707, 0.359281, 1.404192, 1.814371
 101.666667, 2.701639, 0.413115, 1.373770, 1.813115
 104.000000, 2.801282, 0.493590, 1.121795, 1.641026
 116.333333, 3.280802, 0.369628, 1.131805, 1.524355
 82.333333, 2.858300, 0.651822, 1.635628, 2.311741
 110.000000, 2.830303, 0.393939, 0.921212, 1.384848
 87.333333, 2.053435, 0.393130, 1.301527, 1.725191
 105.000000, 2.819048, 0.352381, 1.244444, 1.644444
 113.666667, 2.938416, 0.348974, 1.102639, 1.495601
 114.666667, 3.095930, 0.348837, 1.293605, 1.665698
 108.333333, 3.181538, 0.378462, 1.107692, 1.510769
 98.666667, 2.165541, 0.358108, 1.496622, 1.878378
 114.666667, 3.255814, 0.348837, 1.017442, 1.392442
 109.000000, 3.204893, 0.339450, 0.938838, 1.305810
40
 0.250000, 0.000000, 0.000000, 0.000000, 1.000000
 72.333333, 3.428571, 1.193548, 1.082949, 2.331797
 112.333333, 2.685460, 0.451039, 1.151335, 1.629080
 114.666667, 3.116279, 0.450581, 1.069767, 1.563953
 111.666667, 2.922388, 0.361194, 0.922388, 1.307463
 76.666667, 3.047826, 0.408696, 2.360870, 2.795652
 103.333333, 2.616129, 0.406452, 0.932258, 1.387097
 104.333333, 3.383387, 0.402556, 1.191693, 1.619808
 101.000000, 2.656766, 0.382838, 1.198020, 1.603960
 103.000000, 2.449838, 0.304207, 1.255663, 1.582524
 79.666667, 2.924686, 0.410042, 1.523013, 1.958159
 114.333333, 3.311953, 0.399417, 0.927114, 1.352770
 107.333333, 3.254658, 0.372671, 1.102484, 1.503106
 119.333333, 2.801676, 0.360335, 1.189944, 1.575419
 101.666667, 2.570492, 0.357377, 1.295082, 1.675410
 111.666667, 3.002985, 0.411940, 1.134328, 1.570149
 101.333333, 2.924342, 0.371711, 1.016447, 1.414474
 101.333333, 1.921053, 0.328947, 1.246711, 1.601974
 108.666667, 3.119632, 0.398773, 0.975460, 1.423313
 119.000000, 2.703081, 0.344538, 0.915966, 1.288515
41
 0.250000, 0.000000, 0.000000, 0.000000, 1.000000
 70.666667, 3.990566, 1.179245, 1.216981, 2.438679
 106.666667, 2.550000, 0.418750, 0.984375, 1.450000
 103.666667, 3.212219, 0.466238, 1.176849, 1.668810
 111.666667, 2.531343, 0.343284, 1.053731, 1.423881
 90.000000, 3.385185, 0.414815, 1.992593, 2.433333
 92.333333, 2.404332, 0.386282, 0.949458, 1.361011
 100.000000, 3.133333, 0.336667, 1.313333, 1.670000
 97.333333, 2.534247, 0.414384, 1.356164, 1.797945
 97.333333, 2.078767, 0.363014, 1.270548, 1.660959
 83.333333, 2.900000, 0.420000, 1.792000, 2.244000
 103.666667, 2.610932, 0.440514, 1.147910, 1.610932
 104.000000, 2.814103, 0.391026, 1.118590, 1.538462
 109.666667, 3.115502, 0.325228, 1.243161, 1.598784
 98.000000, 2.670068, 0.360544, 1.170068, 1.557823
 99.000000, 2.851852, 0.424242, 1.205387, 1.670034
 100.000000, 2.433333, 0.386667, 1.113333, 1.530000
 100.000000, 2.363333, 0.400000, 1.340000, 1.766667
 110.000000, 2.730303, 0.393939, 1.006061, 1.421212
 109.666667, 2.708207, 0.364742, 0.954407, 1.343465
42
 0.250000, 1.000000, 0.000000, 0.000000, 1.000000
 85.333333, 5.027344, 1.070313, 1.152344, 2.296875
 107.333333, 2.835404, 0.478261, 0.981366, 1.481366
 102.333333, 2.267101, 0.345277, 1.071661, 1.442997
 103.333333, 2.751613, 0.341935, 1.054839, 1.425806
 75.666667, 2.436123, 0.427313, 2.762115, 3.211454
 99.333333, 2.570470, 0.409396, 1.040268, 1.476510
 93.000000, 2.512545, 0.369176, 0.956989, 1.362007
 108.000000, 2.793210, 0.410494, 1.234568, 1.672840
 117.000000, 3.264957, 0.381766, 1.384615, 1.814815
 95.333333, 3.412587, 0.363636, 0.993007, 1.381119
 124.000000, 3.233871, 0.456989, 0.862903, 1.349462
 115.000000, 3.646377, 0.388406, 1.104348, 1.518841
 112.333333, 2.818991, 0.367953, 1.267062, 1.664688
 101.000000, 2.630363, 0.333333, 1.132013, 1.491749
 106.000000, 2.396226, 0.342767, 1.185535, 1.553459
 104.000000, 2.493590, 0.349359, 1.112179, 1.487179
 105.333333, 2.332278, 0.417722, 1.234177, 1.702532
 104.000000, 2.378205, 0.464744, 1.022436, 1.519231
 107.666667, 2.647059, 0.368421, 0.925697, 1.318885
43
 0.250000, 0.000000, 0.000000, 0.000000, 1.000000
 71.000000, 4.863850, 1.596244, 1.145540, 2.845070
 101.333333, 2.276316, 0.394737, 1.092105, 1.509868
 92.666667, 2.453237, 0.388489, 1.068345, 1.482014
 104.333333, 2.795527, 0.392971, 0.974441, 1.392971
 85.333333, 3.214844, 0.394531, 1.238281, 1.679688
 104.000000, 2.330128, 0.413462, 1.051282, 1.490385
 94.333333, 3.254417, 0.381625, 0.837456, 1.279152
 84.333333, 2.083004, 0.403162, 1.490119, 2.023715
 107.333333, 2.509317, 0.354037, 1.378882, 1.754658
 89.000000, 2.985019, 0.374532, 1.269663, 1.674157
 106.666667, 3.381250, 0.409375, 1.025000, 1.462500
 101.000000, 2.696370, 0.386139, 1.141914, 1.554455
 107.666667, 2.250774, 0.328173, 1.250774, 1.606811
 99.333333, 2.607383, 0.352349, 1.382550, 1.785235
 102.333333, 2.866450, 0.342020, 1.312704, 1.677524
 116.333333, 2.871060, 0.381089, 1.040115, 1.467049
 108.000000, 2.888889, 0.339506, 1.290123, 1.682099
 103.666667, 2.787781, 0.353698, 0.996785, 1.372990
 109.333333, 2.926829, 0.353659, 0.935976, 1.317073
44
 0.250000, 1.000000, 0.000000, 0.000000, 0.000000
 75.000000, 3.888889, 1.031111, 1.097778, 2.173333
 103.333333, 2.800000, 0.441935, 1.203226, 1.670968
 105.000000, 3.447619, 0.498413, 0.980952, 1.504762
 106.333333, 2.865204, 0.373041, 1.000000, 1.401254
 78.000000, 2.666667, 0.350427, 1.341880, 1.717949
 101.000000, 2.867987, 0.396040, 1.217822, 1.636964
 98.666667, 2.972973, 0.412162, 1.043919, 1.506757
 97.000000, 2.608247, 0.364261, 1.154639, 1.567010
 102.666667, 2.948052, 0.470779, 1.496753, 1.993506
 69.666667, 1.947368, 0.382775, 1.545455, 1.956938
 116.666667, 3.720000, 0.440000, 1.057143, 1.528571
 106.666667, 2.956250, 0.403125, 1.209375, 1.662500
 107.333333, 3.000000, 0.366460, 1.326087, 1.717391
 100.000000, 2.486667, 0.346667, 1.286667, 1.683333
 107.333333, 2.431677, 0.391304, 1.226708, 1.639752
 103.333333, 2.683871, 0.358065, 1.016129, 1.400000
 107.666667, 2.486068, 0.334365, 1.291022, 1.650155
 107.000000, 2.566978, 0.348910, 0.943925, 1.317757
 108.333333, 3.169231, 0.421538, 0.926154, 1.372308
45
 0.250000, 0.000000, 0.000000, 0.000000, 1.000000
 70.333333, 3.881517, 1.232227, 1.218009, 2.488152
 94.333333, 1.897527, 0.321555, 1.219081, 1.572438
 110.333333, 3.015106, 0.374622, 1.099698, 1.498489
 113.666667, 3.076246, 0.378299, 0.979472, 1.384164
 81.333333, 2.786885, 0.409836, 2.073770, 2.512295
 103.333333, 2.264516, 0.390323, 0.980645, 1.419355
 92.333333, 3.285199, 0.407942, 1.166065, 1.602888
 105.000000, 2.679365, 0.431746, 1.209524, 1.666667
 109.666667, 2.799392, 0.428571, 1.148936, 1.607903
 85.666667, 2.369650, 0.381323, 1.696498, 2.128405
 112.666667, 3.423077, 0.455621, 0.920118, 1.399408
 115.666667, 3.210375, 0.409222, 1.089337, 1.527378
 112.000000, 3.244048, 0.363095, 1.303571, 1.735119
 105.000000, 3.241270, 0.368254, 1.174603, 1.590476
 110.333333, 2.628399, 0.413897, 1.081571, 1.519637
 103.000000, 2.404531, 0.362460, 1.106796, 1.491909
 101.000000, 2.554455, 0.346535, 1.330033, 1.702970
 99.000000, 2.447811, 0.346801, 1.060606, 1.430976
 102.333333, 2.742671, 0.338762, 0.778502, 1.146580
46
 0.250000, 1.000000, 0.000000, 0.000000, 1.000000
 76.000000, 5.763158, 1.048246, 1.153509, 2.245614
 94.000000, 2.656028, 0.414894, 1.127660, 1.567376
 104.666667, 2.920382, 0.401274, 1.207006, 1.636943
 104.000000, 2.932692, 0.336538, 1.016026, 1.381410
 74.000000, 1.693694, 0.360360, 2.405405, 2.788288
 108.333333, 2.753846, 0.396923, 0.947692, 1.369231
 104.000000, 3.189103, 0.336538, 0.887821, 1.253205
 108.000000, 2.799383, 0.385802, 1.228395, 1.638889
 118.666667, 3.207865, 0.359551, 1.151685, 1.539326
 90.000000, 3.770370, 0.566667, 1.659259, 2.255556
 120.666667, 3.558011, 0.433702, 0.961326, 1.441989
 109.666667, 2.854103, 0.376900, 1.100304, 1.501520
 113.000000, 2.578171, 0.339233, 1.300885, 1.663717
 107.666667, 2.786378, 0.436533, 1.287926, 1.752322
 126.000000, 3.441799, 0.415344, 1.021164, 1.481481
 125.333333, 3.159574, 0.356383, 0.976064, 1.356383
 110.333333, 2.885196, 0.350453, 1.314199, 1.688822
 114.333333, 2.760933, 0.399417, 1.058309, 1.478134
 129.333333, 3.229381, 0.347938, 0.804124, 1.175258
47
 0.250000, 0.000000, 0.000000, 0.000000, 0.000000
 68.666667, 4.422330, 0.966019, 1.354369, 2.359223
 101.666667, 2.075410, 0.442623, 1.062295, 1.531148
 115.000000, 2.939130, 0.347826, 1.060870, 1.437681
 110.000000, 3.078788, 0.348485, 0.921212, 1.318182
 84.333333, 2.399209, 0.383399, 2.090909, 2.498024
 107.333333, 2.987578, 0.366460, 0.928571, 1.341615
 98.666667, 2.770270, 0.520270, 1.854730, 2.402027
 95.333333, 2.083916, 0.395105, 1.363636, 1.783217
 98.666667, 2.010135, 0.354730, 1.256757, 1.638514
 86.000000, 3.457364, 0.368217, 1.775194, 2.170543
 115.333333, 3.031792, 0.393064, 1.000000, 1.421965
 112.666667, 3.434911, 0.408284, 1.162722, 1.615385
 110.333333, 2.679758, 0.323263, 1.283988, 1.634441
 95.333333, 2.104895, 0.353147, 1.234266, 1.636364
 113.666667, 2.821114, 0.387097, 1.046921, 1.478006
 115.333333, 3.485549, 0.387283, 1.089595, 1.505780
 113.666667, 2.947214, 0.404692, 1.117302, 1.551320
 121.000000, 3.267218, 0.382920, 0.977961, 1.388430
 116.666667, 3.151429, 0.345714, 0.934286, 1.308571
48
 0.250000, 0.000000, 0.000000, 0.000000, 0.000000
 80.666667, 4.309917, 1.024793, 1.107438, 2.169421
 103.333333, 3.051613, 0.451613, 0.970968, 1.454839
 111.666667, 2.985075, 0.441791, 0.991045, 1.459701
 124.333333, 3.970509, 0.394102, 0.855228, 1.276139
 84.666667, 2.933071, 0.381890, 2.641732, 3.051181
 102.000000, 2.500000, 0.408497, 0.950980, 1.388889
 90.666667, 2.305147, 0.382353, 1.202206, 1.639706
 105.666667, 2.883281, 0.394322, 1.476341, 1.895899
 112.000000, 3.577381, 0.363095, 1.434524, 1.827381
 79.000000, 3.189873, 0.392405, 1.464135, 1.890295
 105.666667, 3.031546, 0.378549, 0.996845, 1.419558
 98.000000, 2.465986, 0.452381, 1.312925, 1.789116
 108.666667, 2.496933, 0.377301, 1.257669, 1.684049
 102.000000, 2.598039, 0.379085, 1.163399, 1.568627
 106.000000, 2.814465, 0.377358, 1.216981, 1.622642
 97.666667, 2.597270, 0.358362, 1.081911, 1.491468
 100.000000, 2.280000, 0.343333, 1.280000, 1.650000
 111.666667, 2.408955, 0.364179, 1.029851, 1.438806
 113.000000, 3.348083, 0.480826, 0.967552, 1.471976
49
 0.250000, 9.000000, 0.000000, 0.000000, 0.000000
 91.666667, 5.883636, 1.458182, 1.218182, 2.760000
 102.000000, 2.823529, 0.424837, 1.071895, 1.526144
 97.000000, 3.285223, 0.443299, 1.302405, 1.769759
 109.000000, 2.941896, 0.357798, 0.899083, 1.302752
 86.333333, 2.760618, 0.332046, 1.737452, 2.092664
 108.333333, 2.870769, 0.403077, 0.889231, 1.313846
 103.666667, 3.491961, 0.446945, 1.106109, 1.623794
 110.333333, 3.151057, 0.371601, 1.087613, 1.483384
 117.333333, 3.673295, 0.454545, 1.079545, 1.556818
 88.333333, 3.241509, 0.381132, 0.973585, 1.381132
 114.666667, 3.491279, 0.398256, 1.049419, 1.470930
 105.333333, 2.370253, 0.348101, 1.196203, 1.572785
 107.666667, 2.507740, 0.359133, 1.328173, 1.712074
 117.666667, 3.082153, 0.345609, 1.116147, 1.490085
 111.000000, 2.900901, 0.444444, 1.144144, 1.612613
 105.000000, 2.987302, 0.371429, 1.079365, 1.473016
 105.000000, 2.168254, 0.377778, 1.257143, 1.660317
 104.666667, 2.742038, 0.363057, 0.968153, 1.359873
 100.000000, 2.353333, 0.366667, 1.106667, 1.500000
50
 0.250000, 0.000000, 0.000000, 0.000000, 1.000000
 74.000000, 3.680180, 1.193694, 1.171171, 2.405405
 100.666667, 3.142384, 0.423841, 1.248344, 1.698675
 99.666667, 2.331104, 0.337793, 0.966555, 1.331104
 111.000000, 3.099099, 0.351351, 0.963964, 1.342342
 84.666667, 2.641732, 0.429134, 2.287402, 2.744094
 103.666667, 2.662379, 0.408360, 0.945338, 1.379421
 89.666667, 2.100372, 0.375465, 1.282528, 1.691450
 104.666667, 2.382166, 0.420382, 1.296178, 1.761146
 110.666667, 2.641566, 0.328313, 1.271084, 1.647590
 81.000000, 3.020576, 0.427984, 1.502058, 1.958848
 100.333333, 2.750831, 0.448505, 1.215947, 1.691030
 107.666667, 2.888545, 0.458204, 1.222910, 1.708978
 98.666667, 2.577703, 0.351351, 1.385135, 1.763514
 110.333333, 3.287009, 0.383686, 1.211480, 1.643505
 102.333333, 2.534202, 0.413681, 1.169381, 1.605863
 107.333333, 2.565217, 0.335404, 1.177019, 1.537267
 107.666667, 2.241486, 0.377709, 1.195046, 1.600619
 107.666667, 3.222910, 0.362229, 0.885449, 1.272446
 113.000000, 2.545723, 0.324484, 1.011799, 1.362832
51
 0.250000, 1.000000, 0.000000, 0.000000, 11.000000
 70.666667, 3.382075, 0.900943, 1.235849, 2.268868
 111.333333, 2.946108, 0.419162, 1.044910, 1.488024
 105.000000, 2.628571, 0.409524, 1.044444, 1.479365
 109.333333, 3.396341, 0.393293, 0.881098, 1.298780
 87.666667, 4.201521, 0.391635, 1.509506, 1.958175
 96.333333, 2.069204, 0.373702, 0.913495, 1.311419
 91.333333, 2.467153, 0.346715, 1.083942, 1.463504
 90.333333, 2.512915, 0.416974, 1.221402, 1.667897
 110.333333, 2.649547, 0.374622, 1.283988, 1.682779
 83.333333, 3.404000, 0.508000, 1.444000, 1.976000
 109.666667, 2.990881, 0.428571, 0.933131, 1.389058
 97.000000, 2.498282, 0.388316, 1.243986, 1.670103
 99.666667, 2.722408, 0.327759, 1.461538, 1.812709
 108.666667, 3.309816, 0.340491, 1.141104, 1.530675
 112.666667, 3.056213, 0.334320, 1.047337, 1.405325
 100.333333, 2.338870, 0.425249, 1.289037, 1.740864
 103.333333, 2.661290, 0.358065, 1.400000, 1.790323
 124.333333, 2.887399, 0.364611, 0.941019, 1.332440
 106.333333, 2.482759, 0.420063, 0.862069, 1.307210
52
 0.250000, 1.000000, 0.000000, 0.000000, 10.000000
 67.333333, 4.074257, 1.425743, 1.287129, 2.767327
 98.333333, 2.498305, 0.406780, 1.061017, 1.498305
 100.333333, 2.435216, 0.382060, 1.156146, 1.584718
 114.333333, 2.973761, 0.364431, 0.932945, 1.323615
 82.666667, 2.717742, 0.383065, 2.314516, 2.725806
 97.666667, 2.481229, 0.402730, 0.815700, 1.242321
 89.000000, 2.550562, 0.423221, 1.453184, 1.902622
 102.333333, 2.605863, 0.355049, 1.250814, 1.631922
 115.333333, 2.661850, 0.369942, 1.115607, 1.508671
 87.666667, 3.193916, 0.429658, 1.365019, 1.817490
 123.333333, 4.264865, 0.562162, 0.918919, 1.516216
 119.333333, 3.078212, 0.365922, 1.055866, 1.446927
 107.000000, 3.130841, 0.370717, 1.370717, 1.766355
 109.000000, 3.574924, 0.522936, 1.269113, 1.816514
 98.000000, 2.687075, 0.353741, 1.255102, 1.636054
 104.000000, 2.782051, 0.368590, 1.208333, 1.602564
 104.333333, 2.456869, 0.380192, 1.258786, 1.683706
 113.666667, 2.991202, 0.363636, 1.029326, 1.436950
 103.666667, 2.495177, 0.334405, 1.012862, 1.369775
53
 0.250000, 0.000000, 0.000000, 0.000000, 1.000000
 77.666667, 3.927039, 0.957082, 1.115880, 2.171674
 107.000000, 2.433022, 0.461059, 0.990654, 1.476636
 110.000000, 3.254545, 0.363636, 1.078788, 1.463636
 111.666667, 2.865672, 0.358209, 0.979104, 1.382090
 82.000000, 2.345528, 0.365854, 1.504065, 1.898374
 104.666667, 2.382166, 0.382166, 0.990446, 1.404459
 98.000000, 3.183673, 0.408163, 1.452381, 1.884354
 101.666667, 2.681967, 0.400000, 1.295082, 1.718033
 96.666667, 2.610345, 0.344828, 1.313793, 1.682759
 86.000000, 3.310078, 0.465116, 1.678295, 2.170543
 106.333333, 2.708464, 0.354232, 0.940439, 1.338558
 91.666667, 2.650909, 0.421818, 1.356364, 1.803636
 107.666667, 2.529412, 0.362229, 1.390093, 1.777090
 110.333333, 2.870091, 0.356495, 1.132931, 1.516616
 111.333333, 3.119760, 0.359281, 1.227545, 1.610778
 105.000000, 2.996825, 0.336508, 1.053968, 1.419048
 92.666667, 1.949640, 0.341727, 1.338129, 1.708633
 102.333333, 2.543974, 0.358306, 0.941368, 1.332248
 103.333333, 3.438710, 0.429032, 1.035484, 1.512903
54
 0.250000, 0.000000, 0.000000, 3.000000, 3.000000
 64.333333, 3.554404, 1.067358, 1.150259, 2.264249
 99.000000, 2.632997, 0.360269, 1.242424, 1.629630
 102.333333, 2.384365, 0.387622, 0.928339, 1.345277
 106.666667, 2.571875, 0.340625, 0.968750, 1.340625
 77.666667, 2.021459, 0.424893, 1.420601, 1.875536
 98.000000, 2.360544, 0.421769, 1.068027, 1.520408
 99.333333, 2.936242, 0.573826, 1.845638, 2.446309
 114.000000, 2.766082, 0.482456, 1.277778, 1.783626
 97.666667, 2.058020, 0.348123, 1.358362, 1.730375
 95.000000, 3.059649, 0.421053, 1.214035, 1.663158
 118.666667, 3.424157, 0.410112, 0.960674, 1.396067
 108.000000, 3.067901, 0.388889, 1.114198, 1.549383
 99.666667, 2.193980, 0.331104, 1.324415, 1.709030
 103.000000, 2.472492, 0.346278, 1.294498, 1.666667
 112.666667, 3.189349, 0.420118, 1.207101, 1.650888
 114.000000, 3.093567, 0.374269, 0.973684, 1.371345
 101.666667, 2.085246, 0.390164, 1.442623, 1.859016
 107.666667, 3.086687, 0.325077, 0.990712, 1.340557
 105.666667, 2.772871, 0.347003, 0.886435, 1.258675
55
 0.250000, 0.000000, 0.000000, 0.000000, 0.000000
 76.666667, 4.182609, 1.021739, 1.334783, 2.452174
 114.333333, 2.941691, 0.370262, 1.055394, 1.451895
 104.000000, 3.118590, 0.435897, 1.112179, 1.615385
 108.333333, 2.947692, 0.350769, 1.104615, 1.476923
 72.666667, 1.738532, 0.344037, 1.610092, 1.977064
 94.666667, 2.200704, 0.359155, 1.017606, 1.408451
 94.333333, 2.911661, 0.392226, 1.204947, 1.621908
 113.000000, 2.846608, 0.374631, 1.250737, 1.648968
 105.000000, 3.469841, 0.419048, 1.260317, 1.704762
 93.666667, 5.021352, 0.537367, 1.690391, 2.295374
 119.000000, 4.263305, 0.450980, 0.899160, 1.372549
 112.000000, 2.648810, 0.369048, 1.092262, 1.485119
 103.666667, 2.601286, 0.318328, 1.353698, 1.694534
 106.000000, 2.990566, 0.367925, 1.330189, 1.723270
 120.000000, 3.333333, 0.375000, 1.180556, 1.583333
 105.000000, 2.485714, 0.339683, 1.126984, 1.488889
 105.000000, 2.355556, 0.336508, 1.285714, 1.650794
 112.333333, 2.688427, 0.335312, 0.937685, 1.299703
 124.333333, 3.292225, 0.369973, 0.935657, 1.335121
56
 0.250000, 0.000000, 0.000000, 2.000000, 2.000000
 84.000000, 4.928571, 1.246032, 1.126984, 2.412698
 107.666667, 3.021672, 0.455108, 1.148607, 1.637771
 104.000000, 2.567308, 0.375000, 1.185897, 1.586538
 108.333333, 3.073846, 0.375385, 0.956923, 1.360000
 80.666667, 2.809917, 0.338843, 1.913223, 2.285124
 98.666667, 2.270270, 0.378378, 1.057432, 1.459459
 102.666667, 3.116883, 0.386364, 1.016234, 1.428571
 101.333333, 2.888158, 0.378289, 1.259868, 1.664474
 88.666667, 2.180451, 0.327068, 1.308271, 1.661654
 82.666667, 2.229839, 0.350806, 1.104839, 1.479839
 119.333333, 3.762570, 0.444134, 0.821229, 1.293296
 102.000000, 3.218954, 0.591503, 1.284314, 1.901961
 112.666667, 2.745562, 0.352071, 1.307692, 1.686391
 112.666667, 3.224852, 0.319527, 1.313609, 1.659763
 108.000000, 2.981481, 0.358025, 1.203704, 1.586420
 111.333333, 2.583832, 0.434132, 1.116766, 1.577844
 108.333333, 3.101538, 0.400000, 1.335385, 1.793846
 115.333333, 3.375723, 0.375723, 0.939306, 1.343931
 113.000000, 2.887906, 0.351032, 0.914454, 1.292035
57
 0.250000, 0.000000, 0.000000, 2.000000, 2.000000
 82.000000, 4.504065, 1.154472, 1.203252, 2.430894
 101.333333, 2.611842, 0.460526, 1.131579, 1.641447
 113.666667, 3.272727, 0.395894, 1.008798, 1.428152
 112.333333, 2.611276, 0.350148, 0.973294, 1.350148
 78.666667, 2.754237, 0.419492, 1.927966, 2.377119
 98.000000, 2.758503, 0.397959, 0.955782, 1.380952
 97.333333, 2.619863, 0.363014, 1.226027, 1.609589
 105.666667, 3.337539, 0.517350, 1.123028, 1.671924
 98.333333, 2.379661, 0.335593, 1.155932, 1.522034
 76.333333, 2.737991, 0.567686, 1.851528, 2.445415
 102.666667, 2.564935, 0.438312, 1.048701, 1.509740
 104.333333, 2.897764, 0.568690, 1.351438, 1.939297
 108.000000, 2.759259, 0.342593, 1.302469, 1.672840
 108.000000, 2.938272, 0.367284, 1.098765, 1.493827
 104.333333, 2.728435, 0.399361, 1.268371, 1.690096
 116.666667, 3.228571, 0.342857, 0.982857, 1.371429
 105.666667, 2.646688, 0.400631, 1.198738, 1.624606
 105.666667, 2.369085, 0.347003, 0.924290, 1.299685
 109.000000, 2.321101, 0.299694, 1.009174, 1.357798
58
 0.250000, 0.000000, 0.000000, 2.000000, 2.000000
 71.333333, 5.345794, 1.112150, 1.331776, 2.481308
 115.000000, 3.698551, 0.666667, 1.028986, 1.721739
 103.000000, 2.330097, 0.423948, 1.126214, 1.576052
 98.666667, 2.530405, 0.368243, 1.033784, 1.425676
 73.666667, 2.705882, 0.411765, 2.687783, 3.126697
 99.333333, 2.241611, 0.416107, 1.204698, 1.667785
 112.000000, 3.580357, 0.395833, 0.979167, 1.401786
 105.666667, 2.678233, 0.353312, 1.179811, 1.558360
 113.000000, 2.657817, 0.365782, 1.238938, 1.628319
 91.666667, 3.476364, 0.916364, 1.752727, 2.694545
 123.000000, 3.249322, 0.409214, 0.926829, 1.365854
 102.000000, 2.751634, 0.506536, 1.336601, 1.869281
 97.666667, 2.464164, 0.361775, 1.354949, 1.754266
 109.000000, 2.944954, 0.366972, 1.207951, 1.620795
 102.333333, 2.827362, 0.351792, 1.231270, 1.605863
 103.333333, 2.309677, 0.380645, 1.119355, 1.525806
 92.333333, 2.075812, 0.350181, 1.447653, 1.823105
 105.000000, 2.288889, 0.374603, 0.955556, 1.352381
 101.000000, 2.699670, 0.353135, 0.894389, 1.277228
59
 0.250000, 0.000000, 0.000000, 1.000000, 2.000000
 78.333333, 3.995745, 0.859574, 1.157447, 2.114894
 103.666667, 2.871383, 0.453376, 1.064309, 1.543408
 112.000000, 3.300595, 0.422619, 1.101190, 1.547619
 102.333333, 2.377850, 0.410423, 1.003257, 1.442997
 77.333333, 3.495690, 0.400862, 1.939655, 2.370690
 119.000000, 2.857143, 0.336134, 0.946779, 1.310924
 104.333333, 3.242812, 0.402556, 1.185304, 1.635783
 103.666667, 2.469453, 0.395498, 1.189711, 1.610932
 101.333333, 2.608553, 0.401316, 1.325658, 1.753289
 81.666667, 2.604082, 0.355102, 1.163265, 1.542857
 116.333333, 3.541547, 0.492837, 1.040115, 1.555874
 109.333333, 3.103659, 0.560976, 1.268293, 1.859756
 110.333333, 2.788520, 0.338369, 1.259819, 1.619335
 103.666667, 2.745981, 0.389068, 1.102894, 1.520900
 100.333333, 3.063123, 0.405316, 1.136213, 1.574751
 111.666667, 2.949254, 0.373134, 1.173134, 1.570149
 106.666667, 2.881250, 0.459375, 1.190625, 1.671875
 122.666667, 3.635870, 0.415761, 0.934783, 1.380435
 114.000000, 2.757310, 0.342105, 0.921053, 1.292398
60
 0.250000, 0.000000, 0.000000, 1.000000, 1.000000
 75.333333, 3.442478, 1.022124, 1.269912, 2.367257
 107.333333, 3.304348, 0.540373, 1.220497, 1.791925
 107.333333, 2.881988, 0.363354, 0.984472, 1.372671
 112.333333, 3.593472, 0.406528, 0.943620, 1.373887
 82.666667, 3.104839, 0.342742, 1.584677, 1.963710
 100.666667, 2.307947, 0.341060, 1.413907, 1.811258
 103.000000, 3.042071, 0.372168, 1.249191, 1.647249
 112.666667, 3.284024, 0.375740, 1.130178, 1.532544
 112.666667, 2.961538, 0.331361, 1.301775, 1.680473
 94.666667, 3.542254, 0.464789, 1.105634, 1.623239
 118.000000, 3.008475, 0.372881, 0.929379, 1.324859
 115.000000, 3.301449, 0.362319, 1.159420, 1.544928
 109.333333, 2.990854, 0.320122, 1.259146, 1.600610
 99.000000, 2.703704, 0.350168, 1.080808, 1.481481
 112.666667, 3.082840, 0.360947, 1.210059, 1.597633
 104.666667, 2.222930, 0.385350, 1.066879, 1.477707
 108.333333, 2.963077, 0.412308, 1.181538, 1.643077
 102.666667, 2.590909, 0.457792, 1.064935, 1.548701
 104.666667, 2.738854, 0.315287, 0.872611, 1.213376
61
 0.250000, 0.000000, 0.000000, 1.000000, 1.000000
 66.000000, 3.363636, 0.808081, 1.404040, 2.282828
 100.666667, 2.301325, 0.394040, 1.092715, 1.506623
 97.333333, 2.020548, 0.376712, 1.202055, 1.602740
 103.000000, 3.220065, 0.385113, 1.110032, 1.521036
 77.333333, 3.043103, 0.448276, 1.978448, 2.452586
 111.333333, 2.880240, 0.362275, 1.293413, 1.682635
 97.666667, 2.617747, 0.433447, 0.846416, 1.307167
 105.000000, 2.685714, 0.336508, 1.219048, 1.587302
 90.000000, 1.718519, 0.340741, 1.288889, 1.655556
 77.666667, 2.652361, 0.579399, 1.712446, 2.317597
 114.000000, 3.271930, 0.380117, 0.950292, 1.374269
 108.333333, 3.378462, 0.409231, 1.129231, 1.566154
 109.333333, 3.219512, 0.332317, 1.237805, 1.594512
 108.000000, 3.052469, 0.361111, 1.314815, 1.703704
 104.333333, 2.638978, 0.383387, 1.178914, 1.587859
 119.333333, 3.108939, 0.335196, 1.061453, 1.441341
 112.666667, 2.420118, 0.399408, 1.272189, 1.695266
 103.666667, 2.508039, 0.382637, 0.932476, 1.337621
 112.000000, 2.776786, 0.372024, 0.964286, 1.363095
62
 0.250000, 0.000000, 0.000000, 1.000000, 1.000000
 78.000000, 5.388889, 1.136752, 1.256410, 2.435897
 97.333333, 2.698630, 0.363014, 1.229452, 1.623288
 102.333333, 2.840391, 0.390879, 1.237785, 1.651466
 108.666667, 2.582822, 0.343558, 0.987730, 1.358896
 70.000000, 2.676190, 0.428571, 2.395238, 2.857143
 100.666667, 2.824503, 0.400662, 0.953642, 1.377483
 107.333333, 3.310559, 0.431677, 1.105590, 1.565217
 105.333333, 2.876582, 0.401899, 1.256329, 1.680380
 112.333333, 3.059347, 0.350148, 1.204748, 1.578635
 87.000000, 2.762452, 1.003831, 1.747126, 2.773946
 110.000000, 2.827273, 0.375758, 0.945455, 1.348485
 107.000000, 2.654206, 0.420561, 1.258567, 1.707165
 116.000000, 3.037356, 0.341954, 1.241379, 1.612069
 102.333333, 2.889251, 0.358306, 1.065147, 1.452769
 100.333333, 2.780731, 0.358804, 1.225914, 1.611296
 103.666667, 2.488746, 0.389068, 1.003215, 1.418006
 99.666667, 2.397993, 0.341137, 1.240803, 1.605351
 115.000000, 2.840580, 0.376812, 0.997101, 1.397101
 110.333333, 3.160121, 0.341390, 0.885196, 1.253776
63
 0.250000, 0.000000, 0.000000, 1.000000, 1.000000
 75.333333, 4.920354, 1.163717, 1.331858, 2.570796
 93.333333, 2.642857, 0.467857, 1.189286, 1.682143
 109.333333, 3.378049, 0.362805, 1.064024, 1.454268
 107.333333, 3.167702, 0.344720, 1.024845, 1.394410
 72.333333, 2.193548, 0.465438, 3.050691, 3.539171
 97.666667, 2.197952, 0.392491, 1.450512, 1.890785
 94.000000, 3.024823, 0.475177, 0.968085, 1.464539
 108.333333, 3.018462, 0.461538, 1.313846, 1.800000
 120.333333, 3.238227, 0.404432, 1.155125, 1.587258
 90.666667, 2.783088, 0.389706, 1.474265, 1.886029
 112.666667, 3.130178, 0.437870, 0.988166, 1.452663
 105.000000, 2.634921, 0.463492, 1.165079, 1.657143
 105.666667, 2.239748, 0.375394, 1.397476, 1.820189
 99.333333, 2.577181, 0.328859, 1.389262, 1.771812
 116.000000, 2.959770, 0.468391, 1.267241, 1.764368
 115.333333, 2.809249, 0.387283, 1.089595, 1.502890
 120.000000, 3.102778, 0.413889, 1.283333, 1.725000
 107.333333, 2.742236, 0.385093, 0.990683, 1.403727
 97.000000, 2.000000, 0.323024, 1.109966, 1.470790
Histogram
8 0 0 0 0 0 0 0 0 0 24 3 47 173 200 212 246 111 57 22 16 17 19 21 29 12 8 12 10 2 4 2 1 0 0 1 0 0 0 0 0 0 0 0 0 0 0 0 0 0 0 0 0 0 0 0 0 0 0 0 0 0 0 0 0 0 0 0 0 0 0 0 0 0 0 0 0 0 0 0 1 0 0 0 0 0 0 0 0 0 0 0 0 0 0 0 0 0 0 0 1 0 0 0 0 0 0 0 0 0 1 0 0 0 0 0 0 0 0 24 
Cache Miss Ratio
0.00388713961908083
numOfSets
0
numOfGets
390004
numOfMultiGets
0
