20
0
 0.200000, 0.000000, 0.000000, 2.000000, 232.000000
 65.666667, 2.629442, 1.624365, 3.522843, 5.187817
 77.666667, 1.326180, 0.888412, 4.682403, 5.592275
 71.333333, 0.504673, 0.584112, 4.228972, 4.836449
 74.666667, 0.486607, 0.468750, 4.196429, 4.718750
 68.666667, 0.048544, 0.378641, 4.291262, 4.689320
 66.000000, 0.116162, 0.429293, 5.323232, 5.772727
 71.666667, 0.190698, 0.488372, 4.567442, 5.074419
 70.666667, 0.311321, 0.514151, 4.575472, 5.117925
 70.666667, 0.504717, 0.452830, 4.028302, 4.509434
 70.000000, 0.200000, 0.433333, 4.566667, 5.023810
 71.666667, 0.186047, 0.479070, 5.200000, 5.702326
 64.666667, 0.701031, 0.463918, 4.463918, 4.948454
 67.333333, 0.103960, 0.589109, 4.272277, 4.886139
 71.000000, 0.211268, 0.460094, 4.342723, 4.821596
 63.333333, 0.505263, 0.510526, 5.847368, 6.378947
 70.333333, 0.052133, 0.516588, 4.052133, 4.592417
 71.666667, 0.186047, 0.395349, 4.474419, 4.888372
 69.000000, 0.265700, 0.449275, 4.483092, 4.951691
 71.666667, 0.232558, 0.400000, 4.483721, 4.906977
1
 0.200000, 0.000000, 4.000000, 10.000000, 231.000000
 63.333333, 3.347368, 1.336842, 3.589474, 5.015789
 66.666667, 0.230000, 0.640000, 4.550000, 5.210000
 72.333333, 0.276498, 0.557604, 4.470046, 5.050691
 77.000000, 0.103896, 0.471861, 4.225108, 4.714286
 74.666667, 0.276786, 0.459821, 4.602679, 5.084821
 72.000000, 0.162037, 0.444444, 4.041667, 4.504630
 76.000000, 0.368421, 0.482456, 4.600877, 5.105263
 73.333333, 0.263636, 0.481818, 4.518182, 5.018182
 78.666667, 0.275424, 0.512712, 3.449153, 3.987288
 68.333333, 0.195122, 0.404878, 4.390244, 4.814634
 68.666667, 0.237864, 0.436893, 4.116505, 4.572816
 65.666667, 0.340102, 0.512690, 5.421320, 5.959391
 72.333333, 0.198157, 0.617512, 4.041475, 4.686636
 75.000000, 0.373333, 0.475556, 4.786667, 5.284444
 62.000000, 0.311828, 0.505376, 4.623656, 5.155914
 73.666667, 0.321267, 0.615385, 4.823529, 5.461538
 74.333333, 0.233184, 0.408072, 4.690583, 5.116592
 75.000000, 0.426667, 0.471111, 4.853333, 5.351111
 70.000000, 0.166667, 0.419048, 4.776190, 5.219048
2
 0.200000, 0.000000, 3.000000, 11.000000, 221.000000
 65.666667, 3.426396, 2.076142, 3.355330, 5.507614
 68.333333, 0.302439, 0.687805, 4.970732, 5.682927
 73.666667, 0.239819, 0.642534, 4.606335, 5.266968
 78.333333, 0.251064, 0.472340, 4.497872, 4.987234
 70.333333, 0.213270, 0.374408, 4.246445, 4.644550
 66.333333, 0.226131, 0.412060, 4.683417, 5.115578
 76.666667, 0.182609, 0.500000, 4.726087, 5.247826
 79.000000, 0.278481, 0.518987, 4.493671, 5.037975
 72.000000, 0.296296, 0.550926, 3.921296, 4.490741
 69.333333, 0.250000, 0.408654, 4.600962, 5.028846
 67.666667, 0.167488, 0.458128, 4.330049, 4.812808
 58.333333, 0.251429, 0.411429, 6.308571, 6.742857
 67.666667, 0.270936, 0.866995, 4.231527, 5.118227
 70.333333, 0.142180, 0.440758, 4.592417, 5.056872
 65.000000, 0.784615, 0.553846, 4.246154, 4.820513
 70.666667, 0.108491, 0.655660, 4.405660, 5.084906
 78.000000, 0.252137, 0.461538, 4.641026, 5.128205
 69.666667, 0.234450, 0.401914, 4.296651, 4.717703
 74.666667, 0.406250, 0.406250, 4.437500, 4.866071
3
 0.200000, 0.000000, 3.000000, 14.000000, 247.000000
 71.666667, 3.600000, 1.488372, 3.665116, 5.283721
 69.000000, 1.009662, 0.840580, 4.734300, 5.594203
 69.000000, 0.400966, 0.603865, 4.415459, 5.043478
 72.333333, 0.133641, 0.433180, 4.410138, 4.861751
 75.000000, 0.440000, 0.453333, 5.146667, 5.622222
 65.000000, 0.215385, 0.389744, 4.487179, 4.897436
 74.666667, 0.500000, 0.486607, 4.419643, 4.928571
 71.000000, 0.201878, 0.394366, 4.244131, 4.661972
 70.666667, 0.292453, 0.466981, 3.938679, 4.429245
 72.000000, 0.212963, 0.472222, 4.407407, 4.902778
 66.333333, 0.231156, 0.472362, 4.798995, 5.291457
 61.666667, 0.524324, 0.427027, 5.621622, 6.070270
 66.000000, 0.131313, 0.580808, 3.666667, 4.267677
 72.666667, 0.059633, 0.458716, 4.866972, 5.348624
 62.666667, 0.819149, 0.569149, 4.164894, 4.755319
 67.333333, 0.618812, 0.579208, 4.079208, 4.683168
 69.333333, 0.115385, 0.394231, 4.177885, 4.596154
 71.000000, 0.422535, 0.441315, 4.765258, 5.230047
 72.333333, 0.387097, 0.465438, 4.317972, 4.801843
4
 0.200000, 0.000000, 3.000000, 10.000000, 231.000000
 70.000000, 3.238095, 1.966667, 3.204762, 5.209524
 68.000000, 0.250000, 0.622549, 4.936275, 5.573529
 70.000000, 0.361905, 0.638095, 4.519048, 5.214286
 73.666667, 0.466063, 0.416290, 3.782805, 4.217195
 68.666667, 0.223301, 0.407767, 4.533981, 4.961165
 67.333333, 0.128713, 0.420792, 4.103960, 4.539604
 71.333333, 0.214953, 0.495327, 4.425234, 4.943925
 72.333333, 0.465438, 0.474654, 4.594470, 5.092166
 71.666667, 0.223256, 0.455814, 4.009302, 4.483721
 73.000000, 0.196347, 0.433790, 4.269406, 4.721461
 66.666667, 0.380000, 0.445000, 4.160000, 4.630000
 60.333333, 0.325967, 0.386740, 4.546961, 4.955801
 68.000000, 0.372549, 0.588235, 4.230392, 4.838235
 73.000000, 0.155251, 0.484018, 4.867580, 5.374429
 60.000000, 0.161111, 0.477778, 4.994444, 5.494444
 74.000000, 0.292793, 0.639640, 4.405405, 5.063063
 73.333333, 0.259091, 0.390909, 4.268182, 4.713636
 75.000000, 0.328889, 0.493333, 4.826667, 5.346667
 80.333333, 0.298755, 0.460581, 4.605809, 5.095436
5
 0.200000, 0.000000, 3.000000, 2.000000, 230.000000
 61.000000, 1.863388, 1.792350, 3.486339, 5.322404
 72.000000, 0.773148, 0.851852, 4.736111, 5.611111
 79.666667, 0.418410, 0.648536, 4.610879, 5.284519
 79.000000, 0.198312, 0.447257, 4.206751, 4.683544
 76.000000, 0.324561, 0.478070, 4.552632, 5.052632
 64.666667, 0.067010, 0.417526, 4.067010, 4.505155
 73.000000, 0.228311, 0.520548, 4.684932, 5.228311
 69.000000, 0.260870, 0.429952, 4.681159, 5.135266
 75.666667, 0.414097, 0.466960, 3.814978, 4.312775
 71.333333, 0.121495, 0.429907, 4.528037, 4.981308
 69.000000, 0.294686, 0.584541, 5.057971, 5.666667
 60.000000, 0.394444, 0.433333, 6.188889, 6.644444
 65.000000, 0.266667, 0.476923, 3.856410, 4.358974
 70.333333, 0.161137, 0.473934, 4.758294, 5.251185
 60.000000, 0.261111, 0.516667, 4.961111, 5.505556
 65.000000, 0.446154, 0.528205, 4.343590, 4.892308
 67.666667, 0.113300, 0.438424, 4.931034, 5.394089
 68.666667, 0.252427, 0.427184, 4.635922, 5.082524
 69.333333, 0.139423, 0.423077, 4.605769, 5.067308
6
 0.200000, 0.000000, 0.000000, 10.000000, 224.000000
 59.000000, 1.282486, 1.903955, 3.485876, 5.463277
 77.666667, 0.725322, 0.892704, 4.326180, 5.244635
 78.666667, 0.788136, 0.567797, 4.563559, 5.156780
 83.333333, 0.220000, 0.464000, 3.964000, 4.448000
 72.000000, 0.259259, 0.402778, 4.606481, 5.032407
 69.666667, 0.220096, 0.449761, 3.904306, 4.373206
 80.000000, 0.583333, 0.516667, 4.441667, 4.983333
 78.666667, 0.368644, 0.533898, 4.614407, 5.169492
 70.333333, 0.104265, 0.417062, 3.545024, 3.981043
 71.333333, 0.219626, 0.429907, 4.341121, 4.789720
 66.333333, 0.261307, 0.467337, 4.015075, 4.502513
 66.666667, 0.385000, 0.450000, 5.440000, 5.920000
 69.666667, 0.282297, 0.497608, 3.909091, 4.430622
 76.333333, 0.288210, 0.449782, 4.615721, 5.087336
 64.333333, 0.404145, 0.683938, 5.025907, 5.735751
 77.666667, 0.424893, 0.527897, 4.025751, 4.579399
 80.333333, 0.165975, 0.460581, 4.684647, 5.170124
 75.000000, 0.271111, 0.444444, 4.795556, 5.262222
 73.666667, 0.307692, 0.447964, 4.411765, 4.882353
7
 0.200000, 0.000000, 0.000000, 13.000000, 240.000000
 67.333333, 2.995050, 1.722772, 3.282178, 5.039604
 71.000000, 0.492958, 0.652582, 4.666667, 5.338028
 73.666667, 0.597285, 0.597285, 4.524887, 5.140271
 71.666667, 0.195349, 0.400000, 4.172093, 4.595349
 75.333333, 0.154867, 0.433628, 4.601770, 5.057522
 69.000000, 0.178744, 0.429952, 4.570048, 5.019324
 75.333333, 0.185841, 0.477876, 4.703540, 5.199115
 69.666667, 0.138756, 0.454545, 4.688995, 5.162679
 75.000000, 0.200000, 0.453333, 3.737778, 4.213333
 78.000000, 0.538462, 0.500000, 4.534188, 5.055556
 69.333333, 0.182692, 0.533654, 4.927885, 5.485577
 60.000000, 0.338889, 0.466667, 5.944444, 6.433333
 68.333333, 0.326829, 0.526829, 3.658537, 4.204878
 76.000000, 0.223684, 0.442982, 4.885965, 5.355263
 62.666667, 0.398936, 0.531915, 4.510638, 5.063830
 68.000000, 0.073529, 0.436275, 3.955882, 4.411765
 73.000000, 0.187215, 0.433790, 4.840183, 5.328767
 70.666667, 0.179245, 0.448113, 4.721698, 5.193396
 72.333333, 0.327189, 0.447005, 4.304147, 4.769585
8
 0.200000, 0.000000, 0.000000, 14.000000, 240.000000
 69.333333, 3.408654, 1.985577, 3.302885, 5.341346
 70.000000, 0.319048, 0.661905, 4.338095, 5.019048
 76.000000, 0.315789, 0.442982, 4.517544, 4.986842
 75.000000, 0.195556, 0.431111, 4.462222, 4.915556
 71.333333, 0.214953, 0.415888, 4.733645, 5.177570
 70.333333, 0.075829, 0.454976, 4.412322, 4.886256
 74.000000, 0.427928, 0.527027, 4.288288, 4.837838
 67.333333, 0.138614, 0.391089, 4.321782, 4.737624
 71.666667, 0.176744, 0.451163, 3.390698, 3.897674
 73.666667, 0.180995, 0.434389, 4.140271, 4.597285
 67.333333, 0.282178, 0.485149, 4.589109, 5.099010
 67.333333, 0.485149, 0.603960, 5.316832, 5.945545
 70.333333, 0.132701, 0.625592, 4.080569, 4.729858
 81.000000, 0.251029, 0.473251, 4.440329, 4.942387
 62.000000, 0.376344, 0.510753, 4.435484, 4.962366
 71.000000, 0.136150, 0.455399, 4.333333, 4.840376
 72.333333, 0.387097, 0.437788, 4.870968, 5.331797
 69.666667, 0.349282, 0.416268, 4.516746, 4.952153
 74.333333, 0.304933, 0.479821, 4.695067, 5.192825
9
 0.200000, 0.000000, 0.000000, 15.000000, 241.000000
 73.000000, 4.817352, 1.926941, 3.310502, 5.310502
 66.000000, 0.661616, 0.803030, 4.494949, 5.323232
 67.333333, 0.143564, 0.559406, 4.143564, 4.722772
 72.000000, 0.347222, 0.421296, 4.041667, 4.481481
 69.333333, 0.278846, 0.394231, 4.524038, 4.937500
 65.333333, 0.239796, 0.397959, 5.045918, 5.464286
 73.000000, 0.260274, 0.461187, 4.337900, 4.821918
 70.666667, 0.169811, 0.471698, 4.372642, 4.863208
 71.333333, 0.154206, 0.504673, 3.953271, 4.476636
 78.000000, 0.170940, 0.414530, 4.316239, 4.752137
 68.333333, 0.234146, 0.409756, 5.370732, 5.809756
 61.333333, 0.820652, 0.728261, 6.293478, 7.043478
 65.000000, 0.128205, 0.810256, 3.779487, 4.610256
 72.000000, 0.138889, 0.453704, 4.620370, 5.097222
 64.666667, 0.597938, 0.505155, 4.587629, 5.113402
 73.333333, 0.318182, 0.645455, 4.177273, 4.845455
 74.333333, 0.089686, 0.443946, 5.031390, 5.493274
 74.666667, 0.500000, 0.446429, 4.892857, 5.361607
 70.666667, 0.278302, 0.462264, 4.584906, 5.070755
10
 0.200000, 0.000000, 0.000000, 1.000000, 243.000000
 66.333333, 3.527638, 1.758794, 3.698492, 5.527638
 72.666667, 0.573394, 0.674312, 4.371560, 5.068807
 73.666667, 0.217195, 0.633484, 4.443439, 5.095023
 78.000000, 0.380342, 0.461538, 4.354701, 4.841880
 73.666667, 0.158371, 0.488688, 4.276018, 4.787330
 63.333333, 0.152632, 0.389474, 3.757895, 4.168421
 74.000000, 0.306306, 0.481982, 4.630631, 5.135135
 77.333333, 0.228448, 0.491379, 4.262931, 4.775862
 80.000000, 0.620833, 0.495833, 4.083333, 4.604167
 74.000000, 0.148649, 0.409910, 4.490991, 4.923423
 68.666667, 0.310680, 0.466019, 5.436893, 5.961165
 61.000000, 0.743169, 0.464481, 5.841530, 6.327869
 64.000000, 0.177083, 0.510417, 3.729167, 4.260417
 71.000000, 0.403756, 0.483568, 4.389671, 4.892019
 60.000000, 0.427778, 0.522222, 5.944444, 6.483333
 75.000000, 0.320000, 0.462222, 4.120000, 4.604444
 76.000000, 0.223684, 0.447368, 4.333333, 4.798246
 71.000000, 0.577465, 0.446009, 4.676056, 5.145540
 74.333333, 0.251121, 0.466368, 4.049327, 4.533632
11
 0.200000, 1.000000, 0.000000, 11.000000, 214.000000
 64.000000, 2.531250, 1.734375, 3.203125, 4.994792
 76.333333, 1.065502, 0.868996, 4.379913, 5.279476
 70.000000, 0.242857, 0.514286, 4.080952, 4.614286
 70.000000, 0.433333, 0.457143, 4.219048, 4.695238
 68.000000, 0.137255, 0.401961, 4.490196, 4.911765
 68.000000, 0.112745, 0.465686, 4.387255, 4.872549
 74.000000, 0.337838, 0.477477, 4.189189, 4.684685
 70.666667, 0.283019, 0.415094, 4.415094, 4.853774
 81.666667, 0.681633, 0.497959, 4.142857, 4.665306
 75.333333, 0.225664, 0.389381, 4.420354, 4.836283
 72.333333, 0.364055, 0.433180, 4.811060, 5.271889
 59.666667, 0.329609, 0.396648, 4.681564, 5.100559
 67.666667, 0.246305, 0.507389, 3.822660, 4.349754
 78.000000, 0.017094, 0.500000, 4.850427, 5.371795
 61.000000, 0.398907, 0.502732, 4.508197, 5.038251
 71.333333, 0.065421, 0.532710, 4.700935, 5.252336
 71.333333, 0.004673, 0.443925, 4.915888, 5.378505
 70.333333, 0.308057, 0.445498, 4.554502, 5.023697
 75.000000, 0.346667, 0.435556, 4.542222, 4.995556
12
 0.200000, 0.000000, 0.000000, 15.000000, 241.000000
 60.000000, 1.783333, 1.611111, 3.772222, 5.505556
 71.000000, 0.873239, 0.784038, 4.460094, 5.267606
 76.333333, 0.414847, 0.585153, 4.646288, 5.283843
 77.000000, 0.155844, 0.467532, 4.363636, 4.852814
 72.333333, 0.115207, 0.396313, 4.235023, 4.649770
 66.666667, 0.095000, 0.420000, 3.845000, 4.285000
 80.000000, 0.575000, 0.533333, 4.483333, 5.041667
 74.666667, 0.058036, 0.500000, 4.665179, 5.187500
 82.000000, 0.727642, 0.548780, 3.878049, 4.451220
 79.000000, 0.253165, 0.426160, 4.535865, 4.983122
 71.333333, 0.532710, 0.546729, 4.864486, 5.434579
 63.666667, 0.230366, 0.455497, 5.104712, 5.586387
 67.333333, 0.287129, 0.524752, 4.024752, 4.569307
 71.000000, 0.234742, 0.492958, 4.985915, 5.502347
 59.666667, 0.184358, 0.547486, 4.955307, 5.525140
 77.666667, 0.519313, 0.626609, 4.381974, 5.030043
 80.000000, 0.283333, 0.450000, 4.783333, 5.258333
 72.333333, 0.543779, 0.497696, 4.889401, 5.410138
 71.666667, 0.455814, 0.418605, 4.255814, 4.693023
13
 0.200000, 1.000000, 0.000000, 11.000000, 214.000000
 64.000000, 2.635417, 1.859375, 3.281250, 5.588542
 76.666667, 1.265217, 0.908696, 4.300000, 5.234783
 69.333333, 0.211538, 0.548077, 4.355769, 4.923077
 72.333333, 0.082949, 0.451613, 4.608295, 5.082949
 73.666667, 0.199095, 0.411765, 4.457014, 4.891403
 65.000000, 0.112821, 0.420513, 4.261538, 4.702564
 69.666667, 0.196172, 0.435407, 4.272727, 4.732057
 71.333333, 0.168224, 0.476636, 4.607477, 5.107477
 75.000000, 0.373333, 0.502222, 4.013333, 4.537778
 68.000000, 0.259804, 0.426471, 4.333333, 4.779412
 66.666667, 0.170000, 0.415000, 3.920000, 4.355000
 68.000000, 0.750000, 0.759804, 5.235294, 6.014706
 69.000000, 0.086957, 0.594203, 3.903382, 4.516908
 76.333333, 0.192140, 0.506550, 4.244541, 4.772926
 59.666667, 0.016760, 0.458101, 4.167598, 4.648045
 70.333333, 0.170616, 0.483412, 4.327014, 4.862559
 69.333333, 0.139423, 0.413462, 4.692308, 5.125000
 65.000000, 0.056410, 0.379487, 4.630769, 5.030769
 75.000000, 0.111111, 0.448889, 4.617778, 5.084444
14
 0.200000, 0.000000, 0.000000, 11.000000, 214.000000
 62.000000, 2.075269, 2.000000, 3.134409, 5.172043
 68.000000, 0.230392, 0.642157, 4.509804, 5.171569
 79.000000, 0.700422, 0.624473, 4.721519, 5.371308
 85.333333, 0.480469, 0.449219, 4.054688, 4.531250
 80.333333, 0.352697, 0.448133, 4.717842, 5.190871
 73.666667, 0.262443, 0.470588, 5.153846, 5.647059
 72.666667, 0.394495, 0.486239, 4.302752, 4.811927
 72.000000, 0.189815, 0.472222, 4.888889, 5.384259
 78.666667, 0.610169, 0.491525, 4.241525, 4.754237
 75.333333, 0.323009, 0.477876, 4.358407, 4.858407
 66.666667, 0.275000, 0.540000, 4.705000, 5.265000
 64.666667, 0.335052, 0.520619, 4.463918, 5.005155
 68.000000, 0.588235, 0.632353, 4.254902, 4.906863
 73.333333, 0.250000, 0.445455, 4.768182, 5.236364
 66.666667, 0.280000, 0.525000, 4.435000, 4.985000
 75.333333, 0.464602, 0.451327, 4.079646, 4.557522
 75.000000, 0.151111, 0.444444, 4.986667, 5.453333
 72.333333, 0.419355, 0.433180, 4.387097, 4.843318
 76.333333, 0.349345, 0.510917, 4.637555, 5.170306
15
 0.200000, 0.000000, 0.000000, 14.000000, 239.000000
 70.333333, 3.483412, 1.265403, 3.507109, 4.928910
 72.000000, 0.337963, 0.662037, 4.851852, 5.532407
 74.333333, 0.340807, 0.605381, 4.354260, 4.982063
 68.333333, 0.263415, 0.419512, 4.053659, 4.492683
 73.666667, 0.036199, 0.411765, 4.416290, 4.846154
 68.333333, 0.063415, 0.458537, 4.321951, 4.804878
 70.333333, 0.578199, 0.398104, 4.677725, 5.099526
 72.000000, 0.138889, 0.537037, 5.083333, 5.675926
 74.333333, 0.192825, 0.457399, 3.605381, 4.080717
 75.000000, 0.280000, 0.426667, 4.511111, 4.960000
 74.000000, 0.283784, 0.481982, 4.905405, 5.409910
 61.000000, 0.229508, 0.437158, 4.841530, 5.295082
 66.333333, 0.211055, 0.442211, 3.577889, 4.045226
 70.333333, 0.644550, 0.492891, 4.582938, 5.104265
 60.000000, 0.666667, 0.516667, 4.533333, 5.072222
 73.666667, 0.140271, 0.411765, 4.285068, 4.723982
 74.000000, 0.130631, 0.405405, 4.522523, 4.945946
 72.000000, 0.592593, 0.430556, 4.819444, 5.273148
 75.666667, 0.343612, 0.488987, 4.475771, 4.982379
16
 0.200000, 0.000000, 0.000000, 11.000000, 213.000000
 66.666667, 2.425000, 1.820000, 3.310000, 5.170000
 71.666667, 1.195349, 0.911628, 4.567442, 5.502326
 73.333333, 0.313636, 0.550000, 4.445455, 5.013636
 69.666667, 0.186603, 0.421053, 4.172249, 4.617225
 71.333333, 0.065421, 0.411215, 4.523364, 4.962617
 67.333333, 0.059406, 0.435644, 4.608911, 5.064356
 72.000000, 0.384259, 0.523148, 4.254630, 4.800926
 74.000000, 0.171171, 0.454955, 4.432432, 4.905405
 72.666667, 0.706422, 0.504587, 3.908257, 4.435780
 73.333333, 0.100000, 0.390909, 4.831818, 5.245455
 68.000000, 0.161765, 0.426471, 5.348039, 5.799020
 59.666667, 0.173184, 0.430168, 5.256983, 5.709497
 67.333333, 0.257426, 0.509901, 4.089109, 4.618812
 73.666667, 0.085973, 0.493213, 4.606335, 5.122172
 63.000000, 0.661376, 0.476190, 4.343915, 4.841270
 66.666667, 0.230000, 0.425000, 3.835000, 4.275000
 71.000000, 0.145540, 0.422535, 4.901408, 5.347418
 70.000000, 0.309524, 0.452381, 4.919048, 5.395238
 71.000000, 0.056338, 0.417840, 4.291080, 4.727700
17
 0.200000, 0.000000, 0.000000, 3.000000, 222.000000
 61.666667, 2.400000, 1.708108, 3.556757, 5.302703
 71.333333, 1.457944, 0.808411, 4.214953, 5.046729
 75.333333, 0.141593, 0.654867, 4.615044, 5.287611
 82.000000, 0.304878, 0.512195, 4.402439, 4.939024
 71.000000, 0.154930, 0.488263, 4.262911, 4.769953
 70.333333, 0.274882, 0.436019, 3.881517, 4.336493
 73.666667, 0.108597, 0.443439, 4.343891, 4.814480
 81.000000, 0.193416, 0.518519, 4.481481, 5.020576
 78.000000, 0.217949, 0.500000, 3.726496, 4.247863
 78.333333, 0.208511, 0.451064, 4.608511, 5.085106
 69.666667, 0.186603, 0.416268, 4.377990, 4.818182
 59.666667, 0.145251, 0.463687, 5.469274, 5.955307
 64.333333, 0.051813, 0.481865, 4.316062, 4.818653
 74.000000, 0.202703, 0.463964, 4.720721, 5.207207
 66.000000, 0.272727, 0.515152, 4.691919, 5.232323
 72.333333, 0.276498, 0.419355, 4.073733, 4.516129
 74.333333, 0.439462, 0.421525, 4.681614, 5.125561
 76.000000, 0.442982, 0.548246, 4.688596, 5.315789
 74.666667, 0.267857, 0.491071, 4.357143, 4.866071
18
 0.200000, 0.000000, 0.000000, 10.000000, 222.000000
 64.000000, 2.145833, 1.770833, 3.432292, 5.234375
 67.333333, 0.163366, 0.757426, 4.801980, 5.579208
 69.666667, 0.282297, 0.535885, 4.234450, 4.789474
 73.666667, 0.352941, 0.443439, 4.248869, 4.714932
 71.333333, 0.056075, 0.392523, 4.471963, 4.887850
 67.000000, 0.273632, 0.417910, 4.059701, 4.502488
 72.000000, 0.462963, 0.537037, 4.657407, 5.212963
 69.000000, 0.405797, 0.468599, 4.333333, 4.830918
 71.333333, 0.186916, 0.420561, 3.780374, 4.224299
 72.000000, 0.263889, 0.439815, 4.337963, 4.800926
 70.333333, 0.327014, 0.440758, 4.421801, 4.886256
 66.666667, 0.095000, 0.485000, 6.035000, 6.545000
 70.333333, 0.071090, 0.630332, 4.071090, 4.729858
 79.333333, 0.331933, 0.478992, 4.777311, 5.281513
 64.666667, 0.469072, 0.525773, 4.494845, 5.046392
 72.333333, 0.534562, 0.506912, 4.105991, 4.635945
 79.000000, 0.210970, 0.459916, 4.518987, 5.000000
 73.666667, 0.416290, 0.497738, 5.009050, 5.529412
 71.000000, 0.248826, 0.455399, 4.957746, 5.431925
19
 0.200000, 0.000000, 0.000000, 3.000000, 222.000000
 62.666667, 1.909574, 1.877660, 3.462766, 5.382979
 63.333333, 0.784211, 0.778947, 4.531579, 5.373684
 73.000000, 0.383562, 0.598174, 4.575342, 5.191781
 74.666667, 0.169643, 0.455357, 4.495536, 4.968750
 75.666667, 0.312775, 0.541850, 4.506608, 5.070485
 65.000000, 0.410256, 0.364103, 4.082051, 4.466667
 75.333333, 0.221239, 0.482301, 4.415929, 4.920354
 77.000000, 0.190476, 0.489177, 4.212121, 4.722944
 73.666667, 0.149321, 0.624434, 4.045249, 4.687783
 68.333333, 0.195122, 0.400000, 4.692683, 5.112195
 65.333333, 0.112245, 0.397959, 5.311224, 5.734694
 60.333333, 0.143646, 0.414365, 5.370166, 5.801105
 68.000000, 0.504902, 0.593137, 3.833333, 4.450980
 76.333333, 0.253275, 0.445415, 4.707424, 5.179039
 62.000000, 0.247312, 0.413978, 4.752688, 5.188172
 68.666667, 0.218447, 0.519417, 4.480583, 5.024272
 66.666667, 0.190000, 0.380000, 4.520000, 4.915000
 73.000000, 0.543379, 0.447489, 4.867580, 5.337900
 70.666667, 0.221698, 0.400943, 4.504717, 4.929245
20
 0.200000, 0.000000, 0.000000, 2.000000, 222.000000
 64.000000, 3.125000, 1.869792, 3.458333, 5.369792
 66.333333, 0.738693, 0.663317, 4.457286, 5.286432
 71.000000, 0.201878, 0.582160, 5.014085, 5.610329
 81.333333, 0.389344, 0.487705, 4.422131, 4.934426
 72.000000, 0.226852, 0.430556, 4.444444, 4.893519
 69.000000, 0.111111, 0.454106, 3.980676, 4.454106
 69.333333, 0.206731, 0.427885, 4.134615, 4.586538
 71.333333, 0.214953, 0.439252, 4.457944, 4.920561
 77.666667, 0.309013, 0.442060, 3.901288, 4.364807
 75.666667, 0.105727, 0.436123, 4.458150, 4.911894
 67.666667, 0.389163, 0.438424, 4.290640, 4.748768
 63.666667, 0.486911, 0.780105, 7.178010, 7.979058
 69.666667, 0.110048, 0.507177, 3.995215, 4.521531
 71.000000, 0.112676, 0.446009, 4.845070, 5.309859
 59.333333, 0.185393, 0.466292, 4.404494, 4.898876
 69.333333, 0.043269, 0.490385, 4.331731, 4.841346
 67.666667, 0.172414, 0.384236, 4.408867, 4.817734
 69.666667, 0.248804, 0.478469, 5.162679, 5.665072
 73.000000, 0.214612, 0.415525, 4.479452, 4.917808
21
 0.200000, 0.000000, 0.000000, 14.000000, 238.000000
 70.666667, 3.500000, 1.896226, 3.542453, 5.509434
 69.666667, 0.904306, 0.894737, 4.516746, 5.430622
 78.333333, 0.642553, 0.689362, 4.719149, 5.429787
 74.000000, 0.153153, 0.441441, 4.373874, 4.837838
 73.000000, 0.178082, 0.410959, 4.602740, 5.031963
 67.000000, 0.134328, 0.417910, 4.323383, 4.766169
 71.333333, 0.214953, 0.467290, 4.341121, 4.836449
 76.333333, 0.179039, 0.462882, 4.423581, 4.908297
 72.000000, 0.319444, 0.481481, 3.930556, 4.430556
 71.333333, 0.401869, 0.443925, 4.579439, 5.042056
 68.000000, 0.323529, 0.465686, 4.338235, 4.823529
 61.666667, 0.172973, 0.448649, 4.583784, 5.054054
 70.000000, 0.547619, 0.690476, 4.009524, 4.723810
 73.333333, 0.168182, 0.463636, 4.636364, 5.122727
 60.666667, 0.423077, 0.516484, 5.516484, 6.054945
 70.666667, 0.136792, 0.448113, 4.325472, 4.797170
 76.333333, 0.266376, 0.432314, 4.685590, 5.135371
 72.666667, 0.311927, 0.463303, 5.325688, 5.816514
 77.000000, 0.497835, 0.428571, 4.489177, 4.939394
22
 0.200000, 0.000000, 0.000000, 1.000000, 237.000000
 66.333333, 3.361809, 1.884422, 3.381910, 5.442211
 73.666667, 1.307692, 0.864253, 4.588235, 5.475113
 71.666667, 0.339535, 0.455814, 4.455814, 4.934884
 75.000000, 0.573333, 0.524444, 4.346667, 4.888889
 69.333333, 0.134615, 0.384615, 4.206731, 4.615385
 70.333333, 0.322275, 0.464455, 4.151659, 4.635071
 74.000000, 0.387387, 0.454955, 4.554054, 5.031532
 70.666667, 0.188679, 0.448113, 4.250000, 4.716981
 78.333333, 0.059574, 0.489362, 3.621277, 4.136170
 77.000000, 0.415584, 0.445887, 4.666667, 5.138528
 68.000000, 0.147059, 0.504902, 4.671569, 5.196078
 59.666667, 0.122905, 0.458101, 5.050279, 5.530726
 71.000000, 0.248826, 0.652582, 3.920188, 4.600939
 76.000000, 0.096491, 0.478070, 4.631579, 5.131579
 60.666667, 0.500000, 0.494505, 4.307692, 4.824176
 74.666667, 0.366071, 0.397321, 4.495536, 4.915179
 80.000000, 0.312500, 0.458333, 4.833333, 5.312500
 76.333333, 0.288210, 0.441048, 5.013100, 5.475983
 74.666667, 0.343750, 0.424107, 4.674107, 5.120536
23
 0.200000, 0.000000, 0.000000, 11.000000, 212.000000
 64.333333, 2.378238, 1.709845, 3.305699, 5.051813
 74.000000, 0.513514, 0.734234, 4.545045, 5.306306
 75.000000, 0.942222, 0.595556, 4.480000, 5.097778
 70.000000, 0.409524, 0.461905, 4.204762, 4.685714
 71.333333, 0.163551, 0.514019, 4.901869, 5.434579
 67.333333, 0.326733, 0.455446, 3.603960, 4.079208
 77.000000, 0.688312, 0.536797, 4.207792, 4.766234
 78.000000, 0.192308, 0.525641, 4.594017, 5.141026
 76.333333, 0.554585, 0.515284, 4.296943, 4.834061
 71.666667, 0.158140, 0.451163, 4.595349, 5.069767
 66.000000, 0.333333, 0.459596, 4.348485, 4.833333
 58.000000, 0.247126, 0.436782, 4.793103, 5.281609
 67.000000, 0.009950, 0.651741, 4.328358, 5.000000
 71.000000, 0.093897, 0.413146, 4.305164, 4.741784
 65.000000, 0.661538, 0.435897, 4.682051, 5.138462
 73.666667, 0.072398, 0.633484, 4.425339, 5.081448
 79.333333, 0.281513, 0.449580, 4.957983, 5.432773
 72.000000, 0.314815, 0.439815, 4.898148, 5.356481
 72.000000, 0.259259, 0.412037, 4.833333, 5.268519
24
 0.200000, 0.000000, 8.000000, 13.000000, 25.000000
 64.666667, 3.309278, 1.773196, 3.221649, 5.036082
 72.666667, 0.486239, 0.770642, 4.481651, 5.270642
 75.666667, 0.312775, 0.603524, 4.740088, 5.365639
 81.000000, 0.366255, 0.473251, 4.160494, 4.654321
 80.666667, 0.491736, 0.409091, 4.359504, 4.793388
 71.333333, 0.238318, 0.443925, 4.102804, 4.570093
 71.333333, 0.383178, 0.490654, 4.415888, 4.929907
 74.000000, 0.175676, 0.509009, 4.364865, 4.896396
 73.333333, 0.236364, 0.450000, 3.918182, 4.386364
 69.000000, 0.144928, 0.396135, 4.173913, 4.594203
 64.000000, 0.052083, 0.406250, 4.562500, 4.984375
 61.666667, 0.416216, 0.432432, 5.394595, 5.848649
 66.333333, 0.256281, 0.502513, 4.256281, 4.778894
 73.666667, 0.266968, 0.457014, 4.877828, 5.357466
 65.000000, 0.348718, 0.487179, 4.343590, 4.851282
 73.000000, 0.474886, 0.625571, 4.278539, 4.926941
 75.000000, 0.244444, 0.444444, 4.511111, 4.977778
 73.333333, 0.300000, 0.468182, 4.677273, 5.177273
 71.333333, 0.401869, 0.411215, 4.630841, 5.060748
25
 0.200000, 0.000000, 0.000000, 13.000000, 13.000000
 66.000000, 3.580808, 1.898990, 3.616162, 5.570707
 69.000000, 0.410628, 0.652174, 4.917874, 5.594203
 75.333333, 0.230088, 0.548673, 4.690265, 5.261062
 78.666667, 0.436441, 0.457627, 4.220339, 4.699153
 76.333333, 0.358079, 0.445415, 4.589520, 5.056769
 65.000000, 0.046154, 0.451282, 5.779487, 6.246154
 71.000000, 0.225352, 0.455399, 4.568075, 5.046948
 69.333333, 0.120192, 0.461538, 4.793269, 5.274038
 77.333333, 0.172414, 0.495690, 3.728448, 4.245690
 76.666667, 0.200000, 0.413043, 4.230435, 4.669565
 70.666667, 0.221698, 0.471698, 5.523585, 6.023585
 62.666667, 0.090426, 0.526596, 5.670213, 6.218085
 63.000000, 0.301587, 0.544974, 3.925926, 4.492063
 71.333333, 0.228972, 0.425234, 4.864486, 5.308411
 64.000000, 0.192708, 0.541667, 4.463542, 5.031250
 69.666667, 0.282297, 0.421053, 4.239234, 4.679426
 74.666667, 0.165179, 0.428571, 4.758929, 5.209821
 69.000000, 0.236715, 0.473430, 5.183575, 5.681159
 70.666667, 0.066038, 0.471698, 4.900943, 5.391509
26
 0.200000, 0.000000, 0.000000, 13.000000, 14.000000
 65.333333, 3.301020, 1.719388, 3.484694, 5.382653
 70.000000, 0.480952, 0.747619, 4.795238, 5.566667
 78.666667, 0.470339, 0.563559, 4.283898, 4.898305
 72.333333, 0.147465, 0.506912, 4.677419, 5.202765
 73.666667, 0.085973, 0.402715, 4.185520, 4.610860
 69.333333, 0.134615, 0.418269, 4.812500, 5.250000
 69.333333, 0.278846, 0.399038, 4.394231, 4.812500
 70.000000, 0.052381, 0.476190, 4.019048, 4.514286
 71.000000, 0.342723, 0.427230, 3.605634, 4.051643
 67.333333, 0.326733, 0.376238, 4.752475, 5.148515
 67.666667, 0.630542, 0.453202, 4.137931, 4.610837
 58.333333, 0.211429, 0.422857, 4.325714, 4.771429
 66.333333, 0.090452, 0.432161, 3.929648, 4.381910
 77.000000, 0.290043, 0.476190, 4.683983, 5.181818
 66.666667, 0.435000, 0.540000, 4.480000, 5.040000
 72.333333, 0.746544, 0.511521, 4.000000, 4.534562
 71.000000, 0.286385, 0.380282, 4.469484, 4.868545
 70.333333, 0.431280, 0.436019, 4.900474, 5.360190
 76.666667, 0.295652, 0.439130, 4.565217, 5.026087
27
 0.200000, 0.000000, 0.000000, 13.000000, 13.000000
 61.666667, 2.362162, 1.740541, 3.621622, 5.513514
 69.000000, 0.178744, 0.671498, 4.623188, 5.314010
 69.333333, 0.418269, 0.567308, 4.625000, 5.211538
 73.000000, 0.214612, 0.433790, 4.173516, 4.625571
 72.000000, 0.125000, 0.379630, 4.194444, 4.597222
 62.333333, 0.133690, 0.374332, 4.074866, 4.470588
 76.666667, 0.643478, 0.530435, 4.300000, 4.852174
 79.666667, 0.364017, 0.523013, 4.276151, 4.820084
 76.666667, 0.386957, 0.469565, 3.613043, 4.108696
 79.333333, 0.310924, 0.516807, 4.390756, 4.932773
 68.000000, 0.254902, 0.549020, 4.632353, 5.205882
 63.333333, 0.284211, 0.426316, 5.721053, 6.163158
 66.666667, 0.270000, 0.590000, 4.490000, 5.105000
 70.333333, 0.090047, 0.417062, 4.924171, 5.364929
 59.333333, 0.269663, 0.443820, 4.960674, 5.426966
 69.666667, 0.220096, 0.392344, 4.181818, 4.598086
 74.666667, 0.254464, 0.401786, 4.669643, 5.093750
 72.333333, 0.244240, 0.520737, 4.617512, 5.161290
 71.666667, 0.181395, 0.409302, 4.339535, 4.767442
28
 0.200000, 0.000000, 0.000000, 13.000000, 13.000000
 65.333333, 3.704082, 1.678571, 3.561224, 5.382653
 69.666667, 0.961722, 0.803828, 4.421053, 5.287081
 70.666667, 0.259434, 0.462264, 4.419811, 4.900943
 70.333333, 0.184834, 0.436019, 4.033175, 4.488152
 74.666667, 0.303571, 0.531250, 4.995536, 5.544643
 64.000000, 0.041667, 0.437500, 3.963542, 4.427083
 77.666667, 0.300429, 0.489270, 4.360515, 4.875536
 80.000000, 0.308333, 0.500000, 4.366667, 4.891667
 76.666667, 0.300000, 0.500000, 3.539130, 4.065217
 71.666667, 0.074419, 0.418605, 4.609302, 5.046512
 68.333333, 0.112195, 0.439024, 4.336585, 4.795122
 60.000000, 0.466667, 0.394444, 4.588889, 5.005556
 62.666667, 0.132979, 0.553191, 3.856383, 4.436170
 78.333333, 0.574468, 0.519149, 4.719149, 5.263830
 66.666667, 0.180000, 0.525000, 4.405000, 4.955000
 67.333333, 0.257426, 0.376238, 4.143564, 4.544554
 74.333333, 0.228700, 0.426009, 4.511211, 4.959641
 70.000000, 0.066667, 0.423810, 5.014286, 5.457143
 74.666667, 0.415179, 0.410714, 4.339286, 4.767857
29
 0.200000, 0.000000, 0.000000, 13.000000, 13.000000
 66.333333, 2.417085, 1.979899, 3.271357, 5.326633
 69.000000, 0.400966, 0.618357, 4.835749, 5.478261
 73.666667, 0.339367, 0.570136, 4.438914, 5.031674
 77.666667, 0.300429, 0.424893, 4.287554, 4.729614
 75.000000, 0.182222, 0.395556, 4.324444, 4.742222
 64.000000, 0.125000, 0.416667, 5.260417, 5.697917
 69.000000, 0.072464, 0.478261, 4.671498, 5.173913
 72.333333, 0.557604, 0.483871, 4.447005, 4.981567
 76.000000, 0.228070, 0.482456, 3.701754, 4.206140
 69.666667, 0.143541, 0.421053, 4.358852, 4.803828
 68.333333, 0.292683, 0.517073, 4.965854, 5.502439
 61.333333, 0.309783, 0.434783, 5.472826, 5.929348
 68.000000, 0.642157, 0.573529, 3.887255, 4.480392
 73.666667, 0.226244, 0.452489, 4.601810, 5.076923
 58.000000, 0.103448, 0.477011, 4.500000, 4.994253
 66.000000, 0.131313, 0.500000, 3.949495, 4.469697
 71.333333, 0.163551, 0.401869, 4.378505, 4.808411
 72.333333, 0.262673, 0.437788, 4.801843, 5.262673
 71.333333, 0.135514, 0.378505, 4.598131, 4.995327
30
 0.200000, 0.000000, 0.000000, 13.000000, 13.000000
 67.666667, 2.822660, 1.561576, 3.467980, 5.068966
 66.000000, 0.585859, 0.686869, 4.565657, 5.272727
 70.333333, 0.293839, 0.511848, 4.255924, 4.791469
 70.666667, 0.367925, 0.419811, 3.966981, 4.405660
 76.333333, 0.257642, 0.436681, 4.655022, 5.113537
 72.333333, 0.211982, 0.447005, 4.165899, 4.635945
 79.333333, 0.558824, 0.470588, 4.415966, 4.911765
 79.666667, 0.188285, 0.543933, 4.493724, 5.062762
 74.666667, 0.308036, 0.455357, 3.714286, 4.191964
 74.333333, 0.116592, 0.434978, 4.520179, 4.977578
 70.666667, 0.400943, 0.452830, 4.221698, 4.698113
 63.000000, 0.142857, 0.433862, 5.619048, 6.074074
 68.333333, 0.346341, 0.595122, 4.834146, 5.453659
 76.333333, 0.685590, 0.510917, 4.681223, 5.209607
 64.000000, 0.291667, 0.515625, 4.343750, 4.880208
 69.666667, 0.076555, 0.545455, 4.110048, 4.679426
 72.333333, 0.207373, 0.442396, 4.801843, 5.271889
 71.333333, 0.224299, 0.434579, 4.948598, 5.406542
 77.333333, 0.150862, 0.491379, 4.400862, 4.922414
31
 0.200000, 0.000000, 0.000000, 13.000000, 13.000000
 64.000000, 2.546875, 1.770833, 3.796875, 5.614583
 72.333333, 0.949309, 0.820276, 4.589862, 5.433180
 76.000000, 0.140351, 0.657895, 4.153509, 4.833333
 79.000000, 0.172996, 0.438819, 4.253165, 4.717300
 81.333333, 0.536885, 0.442623, 4.762295, 5.229508
 70.000000, 0.204762, 0.466667, 4.585714, 5.071429
 72.666667, 0.339450, 0.490826, 4.316514, 4.844037
 67.666667, 0.206897, 0.408867, 4.684729, 5.113300
 75.000000, 0.355556, 0.524444, 3.786667, 4.328889
 77.000000, 0.281385, 0.463203, 4.545455, 5.030303
 73.333333, 0.727273, 0.554545, 5.018182, 5.595455
 59.666667, 1.067039, 0.754190, 5.569832, 6.346369
 65.666667, 0.421320, 0.614213, 4.126904, 4.761421
 76.000000, 0.381579, 0.464912, 4.385965, 4.872807
 67.666667, 0.389163, 0.645320, 4.886700, 5.556650
 71.000000, 0.169014, 0.558685, 4.830986, 5.413146
 78.666667, 0.207627, 0.457627, 4.838983, 5.322034
 72.666667, 0.316514, 0.458716, 4.940367, 5.426606
 71.000000, 0.253521, 0.427230, 4.408451, 4.859155
32
 0.200000, 0.000000, 0.000000, 13.000000, 13.000000
 67.000000, 2.383085, 1.641791, 3.174129, 4.885572
 69.666667, 0.406699, 0.732057, 4.985646, 5.746411
 73.666667, 0.307692, 0.574661, 4.687783, 5.285068
 78.333333, 0.480851, 0.519149, 4.293617, 4.834043
 70.000000, 0.042857, 0.366667, 3.947619, 4.333333
 63.000000, 0.296296, 0.402116, 4.195767, 4.619048
 75.333333, 0.269912, 0.557522, 4.646018, 5.221239
 73.333333, 0.172727, 0.459091, 4.231818, 4.713636
 79.333333, 0.521008, 0.495798, 3.920168, 4.436975
 71.666667, 0.334884, 0.465116, 4.586047, 5.074419
 71.000000, 0.164319, 0.464789, 4.352113, 4.840376
 66.333333, 0.341709, 0.507538, 5.527638, 6.060302
 71.000000, 0.225352, 0.544601, 4.253521, 4.821596
 76.333333, 0.379913, 0.441048, 4.462882, 4.921397
 65.333333, 0.331633, 0.525510, 5.204082, 5.750000
 74.000000, 0.117117, 0.644144, 4.599099, 5.270270
 76.333333, 0.165939, 0.414847, 4.711790, 5.152838
 73.666667, 0.366516, 0.420814, 4.841629, 5.280543
 71.000000, 0.361502, 0.417840, 4.563380, 5.000000
33
 0.250000, 0.000000, 0.000000, 12.000000, 13.000000
 63.333333, 2.878947, 1.678947, 3.610526, 5.331579
 70.333333, 1.213270, 0.919431, 5.075829, 6.018957
 75.000000, 0.413333, 0.715556, 4.835556, 5.573333
 80.333333, 0.626556, 0.477178, 4.261411, 4.759336
 73.000000, 0.228311, 0.511416, 4.771689, 5.310502
 65.666667, 0.340102, 0.365482, 3.969543, 4.355330
 73.666667, 0.425339, 0.461538, 4.918552, 5.402715
 69.000000, 0.111111, 0.434783, 4.323671, 4.777778
 74.666667, 0.589286, 0.464286, 4.236607, 4.727679
 69.000000, 0.198068, 0.434783, 4.415459, 4.869565
 70.666667, 0.226415, 0.514151, 4.051887, 4.589623
 69.000000, 0.468599, 0.468599, 5.198068, 5.685990
 72.666667, 0.284404, 0.614679, 4.055046, 4.697248
 76.333333, 0.109170, 0.484716, 4.772926, 5.279476
 61.333333, 0.456522, 0.570652, 5.711957, 6.298913
 76.000000, 0.188596, 0.614035, 4.390351, 5.026316
 73.333333, 0.413636, 0.413636, 4.754545, 5.190909
 77.333333, 0.474138, 0.487069, 5.064655, 5.573276
 76.333333, 0.314410, 0.467249, 4.515284, 5.004367
34
 0.250000, 1.000000, 0.000000, 11.000000, 13.000000
 67.000000, 3.263682, 1.870647, 3.791045, 5.830846
 71.333333, 0.504673, 0.663551, 4.196262, 4.878505
 74.000000, 0.581081, 0.481982, 4.346847, 4.851351
 81.666667, 0.567347, 0.432653, 4.379592, 4.832653
 71.333333, 0.121495, 0.401869, 4.565421, 4.990654
 71.333333, 0.046729, 0.467290, 3.981308, 4.467290
 82.333333, 0.417004, 0.526316, 4.457490, 5.008097
 79.000000, 0.172996, 0.485232, 4.362869, 4.869198
 72.000000, 0.402778, 0.416667, 3.750000, 4.185185
 67.666667, 0.142857, 0.408867, 4.650246, 5.083744
 65.666667, 0.182741, 0.451777, 4.192893, 4.670051
 60.333333, 0.226519, 0.425414, 6.116022, 6.563536
 66.333333, 0.276382, 0.577889, 4.190955, 4.829146
 73.000000, 0.127854, 0.424658, 4.378995, 4.826484
 64.000000, 0.218750, 0.510417, 4.302083, 4.838542
 78.333333, 0.570213, 0.574468, 4.148936, 4.744681
 70.333333, 0.170616, 0.383886, 4.853081, 5.265403
 71.333333, 0.205607, 0.457944, 5.000000, 5.481308
 66.666667, 0.130000, 0.395000, 4.485000, 4.900000
35
 0.250000, 0.000000, 0.000000, 12.000000, 13.000000
 71.000000, 3.713615, 1.746479, 3.408451, 5.206573
 73.000000, 1.310502, 0.712329, 4.342466, 5.077626
 76.333333, 0.323144, 0.524017, 4.406114, 4.978166
 76.000000, 0.407895, 0.500000, 4.460526, 4.986842
 74.333333, 0.313901, 0.403587, 4.192825, 4.623318
 67.333333, 0.188119, 0.420792, 4.905941, 5.356436
 73.000000, 0.831050, 0.511416, 4.721461, 5.255708
 76.000000, 0.412281, 0.491228, 4.210526, 4.732456
 72.000000, 0.263889, 0.458333, 3.587963, 4.069444
 68.333333, 0.087805, 0.424390, 4.287805, 4.736585
 67.000000, 0.383085, 0.517413, 5.601990, 6.139303
 63.000000, 0.227513, 0.523810, 5.015873, 5.560847
 72.333333, 0.400922, 0.677419, 3.880184, 4.580645
 74.666667, 0.352679, 0.450893, 4.526786, 5.000000
 61.333333, 0.298913, 0.467391, 4.597826, 5.086957
 71.666667, 0.246512, 0.460465, 4.381395, 4.860465
 69.333333, 0.403846, 0.389423, 4.552885, 4.990385
 66.333333, 0.085427, 0.452261, 4.939698, 5.407035
 69.666667, 0.043062, 0.440191, 4.540670, 5.000000
36
 0.250000, 0.000000, 0.000000, 11.000000, 13.000000
 65.666667, 2.685279, 1.928934, 3.507614, 5.472081
 78.333333, 1.221277, 0.795745, 4.621277, 5.442553
 77.000000, 0.489177, 0.588745, 4.095238, 4.709957
 74.333333, 0.506726, 0.497758, 4.076233, 4.596413
 71.000000, 0.103286, 0.366197, 4.568075, 4.953052
 65.333333, 0.071429, 0.428571, 3.979592, 4.428571
 75.333333, 0.305310, 0.539823, 4.530973, 5.097345
 70.000000, 0.076190, 0.523810, 4.823810, 5.366667
 83.000000, 0.457831, 0.510040, 3.803213, 4.337349
 77.666667, 0.309013, 0.412017, 4.373391, 4.815451
 74.666667, 0.348214, 0.486607, 4.111607, 4.620536
 61.666667, 1.118919, 0.713514, 5.821622, 6.556757
 69.000000, 0.434783, 0.729469, 3.850242, 4.599034
 70.333333, 0.189573, 0.488152, 4.881517, 5.393365
 64.000000, 0.453125, 0.536458, 5.078125, 5.640625
 75.333333, 0.154867, 0.446903, 4.203540, 4.668142
 79.333333, 0.168067, 0.453782, 4.495798, 4.970588
 72.000000, 0.370370, 0.430556, 4.791667, 5.245370
 73.000000, 0.442922, 0.452055, 4.812785, 5.283105
37
 0.250000, 0.000000, 0.000000, 12.000000, 13.000000
 66.333333, 3.221106, 1.929648, 3.592965, 5.693467
 74.000000, 0.680180, 0.734234, 4.036036, 4.792793
 73.666667, 0.452489, 0.583710, 4.809955, 5.420814
 80.666667, 0.268595, 0.487603, 4.342975, 4.855372
 74.000000, 0.099099, 0.387387, 4.806306, 5.216216
 66.000000, 0.186869, 0.383838, 3.883838, 4.292929
 82.666667, 0.387097, 0.528226, 4.500000, 5.052419
 77.333333, 0.327586, 0.495690, 4.086207, 4.603448
 72.333333, 0.677419, 0.442396, 3.852535, 4.317972
 72.000000, 0.148148, 0.416667, 4.750000, 5.189815
 65.333333, 0.188776, 0.377551, 5.163265, 5.561224
 59.000000, 0.203390, 0.440678, 6.310734, 6.774011
 66.333333, 0.226131, 0.442211, 3.969849, 4.432161
 71.000000, 0.361502, 0.455399, 4.680751, 5.159624
 64.333333, 0.487047, 0.626943, 5.020725, 5.668394
 68.666667, 0.252427, 0.553398, 4.533981, 5.106796
 73.333333, 0.390909, 0.413636, 4.490909, 4.922727
 71.666667, 0.423256, 0.404651, 5.018605, 5.446512
 72.666667, 0.256881, 0.495413, 4.477064, 4.995413
38
 0.250000, 0.000000, 0.000000, 12.000000, 13.000000
 69.666667, 4.291866, 1.478469, 3.655502, 5.244019
 70.666667, 0.721698, 0.759434, 4.679245, 5.462264
 79.333333, 0.226891, 0.697479, 4.705882, 5.428571
 77.333333, 0.409483, 0.508621, 4.043103, 4.581897
 68.333333, 0.058537, 0.385366, 4.809756, 5.214634
 66.000000, 0.126263, 0.409091, 5.303030, 5.737374
 76.000000, 0.328947, 0.478070, 4.100877, 4.600877
 79.333333, 0.315126, 0.478992, 4.130252, 4.668067
 78.000000, 0.294872, 0.482906, 3.901709, 4.418803
 73.000000, 0.109589, 0.401826, 4.712329, 5.136986
 71.000000, 0.126761, 0.544601, 4.427230, 4.995305
 60.666667, 0.329670, 0.395604, 5.972527, 6.390110
 65.333333, 0.250000, 0.403061, 3.576531, 4.000000
 80.666667, 0.665289, 0.520661, 4.417355, 4.962810
 64.666667, 0.319588, 0.505155, 4.247423, 4.773196
 73.666667, 0.221719, 0.475113, 4.380090, 4.877828
 71.666667, 0.255814, 0.386047, 4.762791, 5.167442
 74.333333, 0.273543, 0.470852, 4.825112, 5.318386
 72.666667, 0.435780, 0.417431, 4.266055, 4.706422
39
 0.250000, 0.000000, 0.000000, 2.000000, 2.000000
 67.333333, 3.198020, 1.762376, 3.722772, 5.589109
 70.666667, 0.702830, 0.768868, 4.349057, 5.141509
 69.000000, 0.101449, 0.574879, 4.772947, 5.367150
 74.000000, 0.396396, 0.490991, 4.617117, 5.130631
 77.000000, 0.246753, 0.437229, 4.432900, 4.891775
 65.666667, 0.091371, 0.401015, 3.685279, 4.111675
 72.000000, 0.513889, 0.500000, 4.134259, 4.657407
 65.000000, 0.133333, 0.451282, 4.317949, 4.789744
 78.000000, 0.555556, 0.542735, 3.615385, 4.179487
 71.666667, 0.460465, 0.451163, 4.469767, 4.939535
 69.333333, 0.235577, 0.475962, 3.971154, 4.471154
 61.333333, 0.239130, 0.483696, 5.103261, 5.608696
 68.000000, 0.656863, 0.607843, 4.475490, 5.112745
 73.666667, 0.108597, 0.479638, 4.565611, 5.072398
 62.000000, 0.215054, 0.564516, 4.134409, 4.720430
 69.333333, 0.576923, 0.778846, 4.201923, 5.000000
 77.000000, 0.251082, 0.419913, 4.653680, 5.095238
 69.666667, 0.066986, 0.411483, 4.818182, 5.248804
 70.333333, 0.104265, 0.412322, 4.554502, 4.985782
40
 0.250000, 0.000000, 0.000000, 1.000000, 2.000000
 66.000000, 3.414141, 1.929293, 3.469697, 5.565657
 66.666667, 0.460000, 0.710000, 4.710000, 5.435000
 74.666667, 0.303571, 0.513393, 4.250000, 4.785714
 71.000000, 0.253521, 0.469484, 3.859155, 4.352113
 72.000000, 0.092593, 0.402778, 4.717593, 5.143519
 62.666667, 0.090426, 0.388298, 4.627660, 5.037234
 71.666667, 0.172093, 0.539535, 4.558140, 5.120930
 75.000000, 0.213333, 0.497778, 4.466667, 4.986667
 71.333333, 0.233645, 0.509346, 4.009346, 4.542056
 67.333333, 0.257426, 0.386139, 4.603960, 5.009901
 67.333333, 0.425743, 0.440594, 5.519802, 5.985149
 60.666667, 0.368132, 0.461538, 5.807692, 6.285714
 66.000000, 0.237374, 0.631313, 3.853535, 4.510101
 72.666667, 0.192661, 0.440367, 4.573394, 5.036697
 66.333333, 0.361809, 0.492462, 4.738693, 5.261307
 71.666667, 0.720930, 0.744186, 4.079070, 4.841860
 72.333333, 0.147465, 0.414747, 4.571429, 5.009217
 71.666667, 0.167442, 0.432558, 4.911628, 5.395349
 74.000000, 0.328829, 0.432432, 5.040541, 5.504505
41
 0.250000, 0.000000, 0.000000, 2.000000, 13.000000
 65.000000, 2.758974, 1.907692, 3.343590, 5.287179
 64.666667, 0.175258, 0.628866, 4.701031, 5.350515
 67.666667, 0.477833, 0.492611, 4.985222, 5.497537
 68.333333, 0.268293, 0.395122, 4.282927, 4.697561
 70.666667, 0.084906, 0.419811, 4.806604, 5.245283
 63.333333, 0.126316, 0.394737, 4.078947, 4.494737
 78.333333, 0.336170, 0.527660, 4.485106, 5.038298
 82.000000, 0.317073, 0.475610, 4.268293, 4.768293
 73.666667, 0.153846, 0.461538, 4.158371, 4.642534
 71.000000, 0.023474, 0.488263, 4.652582, 5.159624
 71.000000, 0.300469, 0.455399, 4.446009, 4.924883
 64.333333, 0.917098, 0.694301, 5.974093, 6.689119
 73.000000, 0.538813, 0.630137, 3.853881, 4.506849
 74.333333, 0.300448, 0.484305, 4.887892, 5.394619
 67.000000, 0.472637, 0.517413, 4.398010, 4.940299
 73.333333, 0.113636, 0.472727, 4.240909, 4.740909
 78.666667, 0.072034, 0.470339, 4.322034, 4.817797
 74.666667, 0.366071, 0.433036, 4.857143, 5.312500
 77.666667, 0.334764, 0.480687, 4.416309, 4.918455
42
 0.200000, 0.000000, 0.000000, 10.000000, 33.000000
 66.000000, 2.580808, 1.696970, 3.191919, 4.954545
 74.666667, 0.776786, 0.857143, 4.799107, 5.709821
 79.000000, 0.274262, 0.696203, 4.645570, 5.362869
 80.000000, 0.325000, 0.500000, 4.287500, 4.804167
 74.333333, 0.134529, 0.488789, 4.354260, 4.865471
 72.000000, 0.166667, 0.439815, 4.703704, 5.166667
 75.666667, 0.502203, 0.502203, 4.268722, 4.788546
 73.333333, 0.118182, 0.454545, 4.336364, 4.809091
 70.666667, 0.033019, 0.481132, 4.051887, 4.551887
 74.666667, 0.062500, 0.486607, 4.781250, 5.290179
 69.000000, 0.265700, 0.468599, 5.657005, 6.144928
 58.666667, 0.215909, 0.585227, 4.755682, 5.363636
 66.000000, 0.308081, 0.520202, 4.484848, 5.025253
 78.333333, 0.251064, 0.446809, 4.693617, 5.165957
 65.000000, 0.425641, 0.451282, 4.584615, 5.061538
 72.333333, 0.184332, 0.543779, 4.576037, 5.142857
 70.333333, 0.023697, 0.412322, 4.545024, 4.981043
 71.000000, 0.173709, 0.464789, 5.253521, 5.741784
 69.333333, 0.269231, 0.427885, 4.293269, 4.745192
43
 0.200000, 0.000000, 0.000000, 10.000000, 33.000000
 63.666667, 2.926702, 1.790576, 3.492147, 5.324607
 71.000000, 0.441315, 0.704225, 4.286385, 5.009390
 76.666667, 0.747826, 0.643478, 4.308696, 4.973913
 79.000000, 0.383966, 0.485232, 4.679325, 5.185654
 77.000000, 0.363636, 0.428571, 4.835498, 5.285714
 67.333333, 0.262376, 0.410891, 3.871287, 4.301980
 80.666667, 0.528926, 0.582645, 4.421488, 5.028926
 83.666667, 0.115538, 0.498008, 4.223108, 4.745020
 78.333333, 0.127660, 0.489362, 3.604255, 4.119149
 79.000000, 0.215190, 0.464135, 4.514768, 5.004219
 71.666667, 0.372093, 0.534884, 4.516279, 5.074419
 60.666667, 0.291209, 0.510989, 5.159341, 5.692308
 66.666667, 0.385000, 0.550000, 3.945000, 4.515000
 72.333333, 0.004608, 0.493088, 4.705069, 5.216590
 61.666667, 0.178378, 0.437838, 4.600000, 5.070270
 77.333333, 0.581897, 0.573276, 4.745690, 5.340517
 78.333333, 0.234043, 0.429787, 4.965957, 5.446809
 73.000000, 0.703196, 0.452055, 5.086758, 5.566210
 77.000000, 0.385281, 0.450216, 4.324675, 4.796537
44
 0.250000, 0.000000, 0.000000, 10.000000, 33.000000
 63.666667, 2.890052, 1.602094, 3.005236, 4.643979
 75.333333, 0.800885, 0.827434, 4.495575, 5.345133
 70.666667, 0.471698, 0.580189, 4.089623, 4.693396
 71.666667, 0.390698, 0.469767, 4.381395, 4.874419
 70.333333, 0.478673, 0.492891, 4.947867, 5.459716
 73.000000, 0.136986, 0.442922, 3.963470, 4.433790
 78.333333, 0.480851, 0.493617, 4.859574, 5.374468
 79.666667, 0.368201, 0.460251, 3.974895, 4.456067
 79.000000, 0.367089, 0.472574, 3.898734, 4.392405
 77.666667, 0.158798, 0.489270, 4.420601, 4.935622
 67.333333, 0.326733, 0.495050, 4.717822, 5.237624
 66.333333, 0.381910, 0.452261, 6.040201, 6.517588
 72.000000, 0.291667, 0.578704, 4.064815, 4.666667
 76.666667, 0.669565, 0.500000, 4.700000, 5.221739
 61.333333, 0.635870, 0.554348, 4.597826, 5.179348
 76.000000, 0.460526, 0.460526, 4.197368, 4.679825
 71.000000, 0.380282, 0.389671, 4.638498, 5.051643
 72.000000, 0.185185, 0.435185, 4.365741, 4.824074
 72.333333, 0.207373, 0.474654, 4.783410, 5.276498
45
 0.250000, 0.000000, 0.000000, 10.000000, 32.000000
 66.333333, 3.190955, 1.683417, 3.316583, 5.080402
 71.333333, 0.691589, 0.593458, 4.602804, 5.224299
 78.000000, 0.581197, 0.709402, 4.606838, 5.341880
 75.000000, 0.204444, 0.453333, 4.755556, 5.231111
 69.666667, 0.210526, 0.354067, 4.421053, 4.794258
 68.333333, 0.121951, 0.439024, 4.692683, 5.156098
 74.666667, 0.290179, 0.486607, 4.482143, 4.995536
 73.000000, 0.255708, 0.502283, 4.630137, 5.155251
 70.666667, 0.316038, 0.471698, 4.311321, 4.816038
 75.333333, 0.097345, 0.438053, 4.460177, 4.920354
 71.333333, 0.247664, 0.457944, 4.957944, 5.443925
 59.666667, 0.346369, 0.391061, 4.592179, 5.005587
 65.333333, 0.454082, 0.510204, 4.005102, 4.540816
 76.000000, 0.285088, 0.425439, 4.741228, 5.188596
 64.000000, 0.307292, 0.536458, 4.421875, 4.979167
 74.000000, 0.166667, 0.554054, 4.450450, 5.031532
 72.666667, 0.091743, 0.408257, 4.545872, 4.977064
 75.000000, 0.435556, 0.453333, 5.204444, 5.680000
 73.333333, 0.395455, 0.440909, 4.672727, 5.163636
46
 0.250000, 0.000000, 0.000000, 10.000000, 32.000000
 64.333333, 2.393782, 1.860104, 3.683938, 5.616580
 72.000000, 0.439815, 0.629630, 4.777778, 5.425926
 71.000000, 0.394366, 0.511737, 4.577465, 5.117371
 71.000000, 0.197183, 0.417840, 3.830986, 4.267606
 72.666667, 0.389908, 0.389908, 4.669725, 5.082569
 64.000000, 0.255208, 0.406250, 4.296875, 4.723958
 73.666667, 0.208145, 0.466063, 4.624434, 5.113122
 69.666667, 0.177033, 0.392344, 4.578947, 4.990431
 75.000000, 0.555556, 0.453333, 3.844444, 4.320000
 74.666667, 0.169643, 0.455357, 4.602679, 5.084821
 69.000000, 0.241546, 0.434783, 3.980676, 4.444444
 66.000000, 0.358586, 0.444444, 4.318182, 4.787879
 72.333333, 0.188940, 0.520737, 4.142857, 4.691244
 74.333333, 0.399103, 0.434978, 4.739910, 5.197309
 64.666667, 0.319588, 0.443299, 4.510309, 4.974227
 66.333333, 0.376884, 0.396985, 4.065327, 4.517588
 75.333333, 0.393805, 0.411504, 4.473451, 4.907080
 76.000000, 0.250000, 0.478070, 4.885965, 5.390351
 68.333333, 0.224390, 0.414634, 4.439024, 4.873171
47
 0.250000, 0.000000, 0.000000, 10.000000, 10.000000
 67.666667, 2.596059, 1.625616, 3.793103, 5.458128
 68.666667, 0.820388, 0.757282, 4.320388, 5.140777
 69.333333, 0.105769, 0.519231, 4.375000, 4.908654
 72.666667, 0.431193, 0.426606, 3.871560, 4.321101
 73.333333, 0.381818, 0.509091, 4.986364, 5.513636
 63.333333, 0.136842, 0.410526, 5.484211, 5.915789
 68.666667, 0.310680, 0.456311, 4.029126, 4.504854
 72.666667, 0.174312, 0.463303, 4.160550, 4.642202
 74.333333, 0.246637, 0.475336, 3.479821, 3.982063
 74.000000, 0.234234, 0.427928, 4.599099, 5.049550
 69.333333, 0.331731, 0.471154, 5.365385, 5.860577
 58.333333, 0.382857, 0.468571, 4.748571, 5.240000
 68.000000, 0.107843, 0.568627, 3.950980, 4.539216
 75.333333, 0.309735, 0.451327, 4.725664, 5.199115
 64.000000, 0.578125, 0.541667, 4.536458, 5.098958
 74.000000, 0.810811, 0.711712, 4.229730, 4.963964
 78.666667, 0.088983, 0.453390, 4.711864, 5.186441
 77.000000, 0.393939, 0.519481, 5.220779, 5.770563
 79.666667, 0.476987, 0.451883, 4.158996, 4.635983
48
 0.250000, 0.000000, 0.000000, 9.000000, 32.000000
 65.333333, 2.755102, 1.704082, 3.229592, 4.969388
 73.000000, 0.771689, 0.821918, 4.438356, 5.283105
 67.333333, 0.361386, 0.440594, 4.792079, 5.252475
 71.333333, 0.177570, 0.401869, 4.135514, 4.556075
 74.000000, 0.184685, 0.391892, 4.761261, 5.175676
 68.000000, 0.196078, 0.426471, 4.220588, 4.666667
 71.666667, 0.297674, 0.423256, 4.055814, 4.502326
 71.333333, 0.116822, 0.457944, 4.280374, 4.761682
 80.000000, 0.475000, 0.450000, 3.945833, 4.420833
 75.000000, 0.240000, 0.493333, 4.680000, 5.195556
 68.333333, 0.307317, 0.497561, 5.687805, 6.204878
 60.666667, 0.159341, 0.401099, 5.016484, 5.439560
 69.333333, 0.451923, 0.634615, 3.870192, 4.528846
 71.000000, 0.323944, 0.488263, 4.938967, 5.450704
 65.000000, 0.405128, 0.656410, 4.733333, 5.410256
 68.666667, 0.160194, 0.524272, 4.038835, 4.582524
 68.000000, 0.063725, 0.357843, 3.862745, 4.240196
 70.666667, 0.363208, 0.476415, 5.066038, 5.561321
 71.666667, 0.572093, 0.432558, 5.055814, 5.506977
49
 0.250000, 0.000000, 0.000000, 9.000000, 32.000000
 66.333333, 2.467337, 1.798995, 3.371859, 5.206030
 72.666667, 0.380734, 0.651376, 4.940367, 5.614679
 75.666667, 0.497797, 0.599119, 4.726872, 5.348018
 80.666667, 0.590909, 0.479339, 4.227273, 4.727273
 73.666667, 0.162896, 0.393665, 4.850679, 5.266968
 65.333333, 0.061224, 0.448980, 4.107143, 4.576531
 73.000000, 0.264840, 0.493151, 4.703196, 5.214612
 69.000000, 0.202899, 0.415459, 4.352657, 4.792271
 77.333333, 0.525862, 0.504310, 4.206897, 4.737069
 74.000000, 0.112613, 0.436937, 4.364865, 4.824324
 70.000000, 0.157143, 0.457143, 4.366667, 4.885714
 63.000000, 0.296296, 0.465608, 4.444444, 4.931217
 68.666667, 0.189320, 0.548544, 4.131068, 4.703883
 75.000000, 0.457778, 0.502222, 4.764444, 5.288889
 63.333333, 0.347368, 0.457895, 4.847368, 5.331579
 72.666667, 0.862385, 0.486239, 4.495413, 5.004587
 77.666667, 0.150215, 0.450644, 4.836910, 5.309013
 73.666667, 0.339367, 0.461538, 4.990950, 5.475113
 75.666667, 0.669604, 0.418502, 4.400881, 4.841410
50
 0.250000, 0.000000, 0.000000, 9.000000, 32.000000
 73.666667, 4.239819, 1.945701, 3.307692, 5.285068
 74.333333, 0.529148, 0.735426, 4.609865, 5.367713
 71.666667, 0.655814, 0.637209, 4.372093, 5.032558
 71.000000, 0.427230, 0.464789, 3.854460, 4.338028
 71.000000, 0.225352, 0.399061, 4.896714, 5.314554
 67.333333, 0.158416, 0.430693, 4.861386, 5.311881
 75.000000, 0.311111, 0.475556, 4.408889, 4.902222
 69.000000, 0.265700, 0.429952, 4.502415, 4.956522
 70.666667, 0.212264, 0.405660, 3.844340, 4.268868
 76.000000, 0.442982, 0.416667, 4.364035, 4.798246
 69.666667, 0.220096, 0.468900, 4.641148, 5.129187
 61.333333, 0.456522, 0.440217, 5.815217, 6.277174
 64.333333, 0.300518, 0.476684, 3.870466, 4.404145
 76.333333, 0.275109, 0.484716, 4.598253, 5.104803
 64.666667, 0.201031, 0.731959, 4.994845, 5.752577
 69.000000, 0.173913, 0.647343, 4.101449, 4.768116
 74.666667, 0.468750, 0.401786, 4.303571, 4.723214
 70.333333, 0.459716, 0.450237, 4.853081, 5.327014
 73.333333, 0.404545, 0.431818, 4.477273, 4.927273
51
 0.250000, 0.000000, 0.000000, 8.000000, 32.000000
 71.333333, 2.869159, 1.803738, 3.149533, 4.990654
 72.000000, 0.689815, 0.740741, 4.513889, 5.273148
 72.666667, 0.344037, 0.614679, 4.362385, 5.000000
 71.000000, 0.384977, 0.455399, 4.075117, 4.553991
 74.000000, 0.229730, 0.463964, 4.545045, 5.027027
 62.666667, 0.037234, 0.393617, 3.877660, 4.292553
 74.000000, 0.436937, 0.540541, 4.504505, 5.067568
 71.333333, 0.252336, 0.443925, 3.943925, 4.406542
 78.000000, 0.423077, 0.538462, 3.670940, 4.230769
 79.333333, 0.352941, 0.449580, 4.663866, 5.138655
 70.333333, 0.298578, 0.417062, 4.298578, 4.734597
 60.333333, 0.270718, 0.419890, 6.082873, 6.524862
 66.333333, 0.155779, 0.517588, 4.000000, 4.537688
 69.333333, 0.076923, 0.461538, 4.533654, 5.019231
 60.666667, 0.115385, 0.521978, 4.274725, 4.818681
 79.000000, 0.345992, 0.616034, 4.645570, 5.286920
 72.000000, 0.180556, 0.393519, 4.726852, 5.143519
 67.000000, 0.228856, 0.437811, 4.905473, 5.368159
 71.000000, 0.093897, 0.427230, 4.065728, 4.511737
52
 0.250000, 0.000000, 0.000000, 2.000000, 22.000000
 69.333333, 3.783654, 1.596154, 3.442308, 5.072115
 73.333333, 0.995455, 0.768182, 4.377273, 5.168182
 79.666667, 0.426778, 0.631799, 4.803347, 5.460251
 81.333333, 0.450820, 0.446721, 4.446721, 4.918033
 76.333333, 0.305677, 0.410480, 4.711790, 5.148472
 69.000000, 0.115942, 0.400966, 3.903382, 4.328502
 80.000000, 0.516667, 0.479167, 4.233333, 4.741667
 78.666667, 0.250000, 0.504237, 4.292373, 4.822034
 78.000000, 0.474359, 0.538462, 4.098291, 4.658120
 70.333333, 0.075829, 0.412322, 4.777251, 5.213270
 70.000000, 0.414286, 0.471429, 4.223810, 4.714286
 67.333333, 0.500000, 0.500000, 5.128713, 5.658416
 72.666667, 0.316514, 0.527523, 3.931193, 4.486239
 79.000000, 0.493671, 0.485232, 4.810127, 5.320675
 62.000000, 0.440860, 0.473118, 4.575269, 5.075269
 77.333333, 0.094828, 0.586207, 4.676724, 5.288793
 78.000000, 0.141026, 0.448718, 4.662393, 5.128205
 70.333333, 0.469194, 0.507109, 4.890995, 5.417062
 72.000000, 0.231481, 0.444444, 4.490741, 4.958333
53
 0.250000, 0.000000, 0.000000, 2.000000, 22.000000
 67.333333, 3.831683, 1.816832, 3.648515, 5.504950
 69.666667, 0.449761, 0.760766, 4.521531, 5.301435
 73.666667, 0.389140, 0.656109, 4.538462, 5.312217
 71.000000, 0.084507, 0.436620, 4.356808, 4.812207
 71.666667, 0.102326, 0.395349, 4.688372, 5.106977
 65.333333, 0.163265, 0.403061, 4.010204, 4.433673
 79.666667, 0.962343, 0.573222, 4.606695, 5.200837
 80.000000, 0.250000, 0.479167, 4.354167, 4.858333
 73.333333, 0.272727, 0.513636, 3.677273, 4.213636
 68.000000, 0.186275, 0.367647, 4.647059, 5.034314
 68.333333, 0.287805, 0.380488, 4.185366, 4.585366
 66.666667, 0.280000, 0.445000, 5.255000, 5.725000
 72.666667, 0.233945, 0.600917, 3.811927, 4.435780
 77.333333, 0.258621, 0.461207, 5.060345, 5.547414
 66.666667, 0.690000, 0.700000, 3.940000, 4.660000
 74.666667, 0.991071, 0.593750, 4.714286, 5.330357
 74.333333, 0.219731, 0.439462, 4.587444, 5.049327
 72.000000, 0.574074, 0.449074, 4.828704, 5.300926
 71.666667, 0.102326, 0.455814, 4.502326, 4.976744
54
 0.250000, 1.000000, 0.000000, 12.000000, 13.000000
 71.000000, 3.511737, 2.042254, 3.516432, 5.605634
 72.333333, 0.709677, 0.700461, 4.506912, 5.230415
 68.333333, 0.253659, 0.629268, 4.380488, 5.029268
 71.666667, 0.316279, 0.395349, 4.400000, 4.813953
 71.333333, 0.182243, 0.387850, 4.626168, 5.032710
 63.000000, 0.100529, 0.386243, 3.708995, 4.116402
 72.333333, 0.161290, 0.497696, 4.387097, 4.935484
 70.666667, 0.160377, 0.542453, 4.386792, 4.948113
 67.333333, 0.242574, 0.445545, 3.693069, 4.163366
 69.333333, 0.144231, 0.480769, 4.447115, 4.956731
 64.333333, 0.015544, 0.445596, 3.994819, 4.492228
 59.666667, 0.078212, 0.430168, 5.530726, 5.983240
 66.333333, 0.140704, 1.040201, 4.432161, 5.497487
 73.000000, 0.150685, 0.474886, 4.547945, 5.041096
 61.333333, 0.146739, 0.418478, 4.418478, 4.853261
 66.666667, 0.235000, 0.515000, 3.960000, 4.495000
 69.333333, 0.192308, 0.432692, 4.221154, 4.677885
 72.333333, 0.308756, 0.465438, 4.714286, 5.202765
 73.333333, 0.336364, 0.422727, 4.490909, 4.936364
55
 0.250000, 0.000000, 0.000000, 12.000000, 12.000000
 66.333333, 4.251256, 2.195980, 3.964824, 6.256281
 76.333333, 1.139738, 0.816594, 4.519651, 5.353712
 71.333333, 0.345794, 0.556075, 4.514019, 5.093458
 70.666667, 0.301887, 0.410377, 4.014151, 4.448113
 74.666667, 0.062500, 0.397321, 4.419643, 4.839286
 68.666667, 0.014563, 0.422330, 5.165049, 5.611650
 72.666667, 0.655963, 0.490826, 4.458716, 4.967890
 76.666667, 0.304348, 0.473913, 3.965217, 4.460870
 71.666667, 0.153488, 0.562791, 4.106977, 4.693023
 69.666667, 0.287081, 0.435407, 4.698565, 5.157895
 65.333333, 0.081633, 0.418367, 4.127551, 4.566327
 63.333333, 0.589474, 0.721053, 5.400000, 6.147368
 72.333333, 0.414747, 1.000000, 4.645161, 5.668203
 70.333333, 0.303318, 0.445498, 4.630332, 5.099526
 60.000000, 0.327778, 0.566667, 5.705556, 6.294444
 77.333333, 0.573276, 0.603448, 4.517241, 5.142241
 76.000000, 0.197368, 0.429825, 4.798246, 5.245614
 74.000000, 0.301802, 0.477477, 4.707207, 5.216216
 73.000000, 0.310502, 0.374429, 4.511416, 4.904110
56
 0.200000, 7.000000, 0.000000, 71.000000, 71.000000
 68.666667, 3.572816, 2.160194, 3.529126, 5.810680
 71.666667, 0.613953, 0.679070, 4.758140, 5.460465
 75.000000, 0.306667, 0.582222, 4.413333, 5.013333
 80.666667, 0.417355, 0.438017, 4.384298, 4.847107
 78.666667, 0.525424, 0.436441, 4.851695, 5.313559
 70.333333, 0.213270, 0.483412, 5.336493, 5.838863
 69.000000, 0.212560, 0.478261, 4.314010, 4.811594
 73.333333, 0.259091, 0.422727, 3.990909, 4.436364
 73.000000, 0.401826, 0.534247, 4.515982, 5.068493
 74.000000, 0.126126, 0.414414, 4.653153, 5.094595
 74.000000, 0.414414, 0.490991, 4.288288, 4.801802
 59.333333, 0.617978, 0.421348, 5.797753, 6.241573
 69.333333, 0.625000, 0.668269, 4.389423, 5.081731
 71.666667, 0.079070, 0.441860, 4.865116, 5.330233
 65.666667, 0.197970, 0.527919, 4.243655, 4.791878
 73.666667, 0.289593, 0.461538, 4.280543, 4.764706
 75.666667, 0.176211, 0.458150, 5.000000, 5.480176
 74.333333, 0.636771, 0.461883, 4.852018, 5.336323
 78.333333, 0.451064, 0.472340, 4.463830, 4.957447
57
 0.200000, 8.000000, 0.000000, 71.000000, 71.000000
 70.333333, 3.270142, 2.293839, 3.303318, 5.639810
 70.000000, 1.366667, 0.780952, 4.295238, 5.095238
 76.666667, 0.165217, 0.569565, 4.569565, 5.160870
 77.000000, 0.688312, 0.502165, 4.212121, 4.735931
 77.666667, 0.317597, 0.424893, 4.493562, 4.939914
 69.666667, 0.277512, 0.440191, 3.837321, 4.296651
 79.666667, 0.267782, 0.476987, 4.422594, 4.924686
 82.000000, 0.333333, 0.414634, 4.288618, 4.727642
 70.666667, 0.292453, 0.433962, 3.750000, 4.202830
 68.333333, 0.068293, 0.429268, 4.785366, 5.239024
 64.000000, 0.125000, 0.401042, 4.291667, 4.713542
 62.666667, 0.239362, 0.414894, 6.005319, 6.441489
 73.666667, 0.339367, 0.457014, 3.977376, 4.457014
 72.000000, 0.009259, 0.435185, 4.481481, 4.949074
 62.000000, 0.408602, 0.500000, 5.026882, 5.548387
 66.666667, 0.195000, 0.500000, 4.065000, 4.595000
 70.000000, 0.238095, 0.433333, 4.900000, 5.352381
 68.666667, 0.553398, 0.446602, 5.126214, 5.597087
 79.333333, 0.205882, 0.504202, 4.319328, 4.848739
58
 0.200000, 0.000000, 0.000000, 1.000000, 73.000000
 70.666667, 2.896226, 1.820755, 3.014151, 4.882075
 65.000000, 0.097436, 0.615385, 4.692308, 5.333333
 68.333333, 0.404878, 0.517073, 4.121951, 4.663415
 71.333333, 0.401869, 0.457944, 4.219626, 4.696262
 72.666667, 0.114679, 0.422018, 4.596330, 5.036697
 65.666667, 0.167513, 0.416244, 3.725888, 4.167513
 73.333333, 0.240909, 0.468182, 4.054545, 4.540909
 70.333333, 0.184834, 0.402844, 4.649289, 5.075829
 77.000000, 0.363636, 0.541126, 4.047619, 4.610390
 76.000000, 0.298246, 0.421053, 4.578947, 5.026316
 70.333333, 0.345972, 0.488152, 5.170616, 5.715640
 60.333333, 0.552486, 0.674033, 4.193370, 4.889503
 66.666667, 0.270000, 0.715000, 3.770000, 4.505000
 71.333333, 0.205607, 0.467290, 4.579439, 5.070093
 63.666667, 0.356021, 0.439791, 4.329843, 4.795812
 75.333333, 0.345133, 0.500000, 4.132743, 4.654867
 74.666667, 0.254464, 0.410714, 4.763393, 5.196429
 76.333333, 0.344978, 0.480349, 5.039301, 5.537118
 70.333333, 0.398104, 0.379147, 4.606635, 5.004739
59
 0.200000, 4.000000, 0.000000, 58.000000, 59.000000
 67.666667, 3.522167, 2.206897, 3.379310, 5.753695
 70.666667, 0.419811, 0.650943, 4.750000, 5.452830
 68.000000, 0.205882, 0.568627, 4.406863, 5.000000
 71.666667, 0.562791, 0.525581, 4.111628, 4.660465
 74.333333, 0.300448, 0.381166, 4.771300, 5.179372
 72.333333, 0.138249, 0.451613, 5.133641, 5.612903
 76.333333, 0.336245, 0.480349, 4.179039, 4.681223
 75.666667, 0.312775, 0.493392, 4.449339, 4.964758
 76.000000, 0.320175, 0.451754, 3.934211, 4.407895
 75.333333, 0.225664, 0.398230, 4.420354, 4.840708
 70.000000, 0.252381, 0.452381, 4.476190, 4.947619
 60.000000, 0.305556, 0.388889, 5.966667, 6.377778
 68.333333, 0.234146, 0.521951, 4.253659, 4.800000
 74.333333, 0.165919, 0.452915, 4.757848, 5.233184
 59.000000, 0.045198, 0.570621, 5.209040, 5.802260
 67.666667, 0.113300, 0.532020, 3.970443, 4.527094
 73.000000, 0.146119, 0.410959, 4.365297, 4.799087
 69.666667, 0.038278, 0.416268, 5.100478, 5.540670
 71.666667, 0.297674, 0.418605, 4.493023, 4.934884
60
 0.200000, 1.000000, 0.000000, 1.000000, 60.000000
 72.000000, 3.490741, 1.870370, 3.416667, 5.342593
 70.333333, 0.701422, 0.734597, 4.635071, 5.388626
 82.000000, 0.280488, 0.642276, 4.451220, 5.117886
 80.000000, 0.237500, 0.450000, 4.287500, 4.758333
 76.666667, 0.343478, 0.430435, 4.608696, 5.065217
 72.333333, 0.133641, 0.419355, 3.617512, 4.064516
 77.000000, 0.354978, 0.493506, 4.558442, 5.077922
 81.333333, 0.393443, 0.487705, 4.397541, 4.909836
 76.333333, 0.646288, 0.585153, 4.537118, 5.144105
 71.666667, 0.162791, 0.474419, 4.381395, 4.874419
 71.333333, 0.350467, 0.495327, 5.065421, 5.584112
 60.666667, 0.148352, 0.417582, 5.302198, 5.736264
 68.000000, 0.475490, 0.583333, 4.102941, 4.705882
 72.666667, 0.298165, 0.458716, 4.903670, 5.380734
 62.000000, 0.419355, 0.537634, 6.021505, 6.586022
 72.333333, 0.336406, 0.502304, 4.258065, 4.778802
 66.000000, 0.121212, 0.393939, 4.616162, 5.030303
 64.666667, 0.123711, 0.427835, 5.025773, 5.474227
 71.666667, 0.265116, 0.455814, 4.451163, 4.925581
61
 0.200000, 0.000000, 0.000000, 1.000000, 60.000000
 70.000000, 3.752381, 1.742857, 3.523810, 5.357143
 75.333333, 0.712389, 0.663717, 4.694690, 5.380531
 66.333333, 0.160804, 0.462312, 4.492462, 4.969849
 68.000000, 0.465686, 0.475490, 4.161765, 4.656863
 74.333333, 0.430493, 0.403587, 4.654709, 5.076233
 66.333333, 0.346734, 0.457286, 4.281407, 4.763819
 66.666667, 0.510000, 0.455000, 4.290000, 4.765000
 69.666667, 0.339713, 0.459330, 4.311005, 4.789474
 78.333333, 0.153191, 0.476596, 3.804255, 4.302128
 73.666667, 0.122172, 0.420814, 4.303167, 4.742081
 72.333333, 0.460829, 0.470046, 4.354839, 4.847926
 59.666667, 0.312849, 0.614525, 6.184358, 6.821229
 67.666667, 0.522167, 0.596059, 4.625616, 5.241379
 67.000000, 0.159204, 0.417910, 4.104478, 4.537313
 63.000000, 0.169312, 0.513228, 4.121693, 4.661376
 71.333333, 0.331776, 0.528037, 4.210280, 4.757009
 72.666667, 0.403670, 0.408257, 4.541284, 4.972477
 71.333333, 0.214953, 0.429907, 5.266355, 5.714953
 73.000000, 0.164384, 0.442922, 4.397260, 4.858447
62
 0.200000, 0.000000, 0.000000, 1.000000, 60.000000
 69.333333, 2.875000, 1.865385, 3.500000, 5.500000
 68.666667, 0.640777, 0.718447, 4.640777, 5.383495
 70.666667, 0.410377, 0.575472, 4.462264, 5.061321
 68.000000, 0.122549, 0.372549, 4.446078, 4.877451
 71.666667, 0.032558, 0.432558, 4.925581, 5.376744
 71.666667, 0.065116, 0.483721, 4.604651, 5.111628
 68.000000, 0.362745, 0.490196, 4.362745, 4.877451
 70.333333, 0.255924, 0.450237, 4.156398, 4.630332
 79.666667, 0.485356, 0.506276, 3.920502, 4.447699
 76.000000, 0.197368, 0.399123, 4.504386, 4.925439
 72.666667, 0.325688, 0.412844, 4.348624, 4.784404
 63.000000, 0.296296, 0.523810, 6.259259, 6.804233
 68.000000, 0.220588, 0.534314, 4.323529, 4.877451
 68.666667, 0.067961, 0.441748, 4.402913, 4.868932
 61.666667, 0.259459, 0.632432, 4.383784, 5.037838
 68.000000, 0.284314, 0.534314, 4.382353, 4.975490
 70.000000, 0.061905, 0.428571, 4.561905, 5.009524
 76.333333, 0.532751, 0.493450, 4.873362, 5.419214
 77.333333, 0.370690, 0.478448, 4.758621, 5.262931
63
 0.200000, 1.000000, 0.000000, 1.000000, 60.000000
 66.000000, 3.146465, 1.651515, 3.803030, 5.565657
 69.333333, 0.187500, 0.572115, 4.370192, 4.961538
 65.000000, 0.210256, 0.405128, 4.358974, 4.784615
 68.000000, 0.328431, 0.382353, 4.034314, 4.431373
 75.333333, 0.225664, 0.451327, 4.853982, 5.327434
 64.000000, 0.333333, 0.385417, 3.890625, 4.296875
 70.666667, 0.245283, 0.514151, 4.580189, 5.113208
 69.666667, 0.334928, 0.449761, 4.315789, 4.789474
 79.000000, 0.455696, 0.518987, 3.843882, 4.388186
 76.666667, 0.108696, 0.443478, 4.400000, 4.869565
 68.666667, 0.325243, 0.461165, 4.257282, 4.742718
 61.333333, 0.391304, 0.440217, 5.967391, 6.429348
 68.333333, 0.126829, 0.463415, 4.185366, 4.707317
 71.666667, 0.558140, 0.432558, 4.800000, 5.255814
 65.000000, 0.430769, 0.553846, 4.538462, 5.117949
 73.000000, 0.146119, 0.648402, 4.401826, 5.073059
 70.000000, 0.128571, 0.376190, 4.138095, 4.533333
 71.000000, 0.150235, 0.478873, 5.328638, 5.830986
 75.000000, 0.168889, 0.448889, 4.453333, 4.920000
Histogram
0 0 0 0 0 0 0 0 0 0 0 0 0 0 0 0 0 0 0 0 2 0 0 0 0 0 0 0 0 0 0 0 0 0 0 0 0 0 1 3 8 11 21 23 48 58 68 99 122 120 143 101 98 87 54 45 26 18 10 9 7 4 9 5 4 6 2 2 2 0 1 0 0 0 0 0 0 0 0 1 0 0 0 0 0 0 0 0 0 0 0 0 0 0 0 0 0 0 0 0 1 0 0 0 0 0 0 0 0 0 0 0 0 0 0 0 0 0 0 61 
Cache Miss Ratio
0.0039266774861903865
numOfSets
0
numOfGets
271731
numOfMultiGets
0
