20
0
 0.250000, 0.000000, 0.000000, 12.000000, 88.000000
 85.000000, 3.756863, 1.827451, 4.709804, 6.847059
 80.333333, 0.236515, 0.506224, 7.717842, 8.248963
 78.666667, 0.216102, 0.440678, 7.169492, 7.631356
 82.333333, 0.651822, 0.546559, 6.902834, 7.469636
 80.000000, 0.425000, 0.641667, 7.091667, 7.762500
 67.000000, 0.189055, 0.547264, 8.268657, 8.835821
 76.000000, 0.026316, 0.521930, 7.311404, 7.855263
 79.000000, 0.198312, 0.518987, 7.409283, 7.949367
 80.333333, 0.589212, 0.576763, 7.423237, 8.016598
 80.333333, 0.290456, 0.493776, 7.116183, 7.630705
 72.333333, 0.271889, 0.516129, 7.622120, 8.161290
 83.000000, 0.273092, 0.566265, 6.365462, 6.951807
 78.666667, 0.338983, 0.550847, 7.682203, 8.258475
 84.666667, 0.696850, 0.622047, 6.440945, 7.082677
 64.000000, 0.281250, 0.963542, 6.708333, 7.697917
 83.000000, 0.200803, 0.485944, 6.309237, 6.815261
 72.666667, 0.321101, 0.532110, 6.761468, 7.311927
 72.333333, 0.516129, 0.483871, 7.064516, 7.566820
 84.333333, 0.462451, 0.620553, 6.707510, 7.351779
1
 0.250000, 0.000000, 2.000000, 16.000000, 88.000000
 89.333333, 3.335821, 1.518657, 4.555970, 6.104478
 80.666667, 0.446281, 0.524793, 7.553719, 8.099174
 77.666667, 0.309013, 0.510730, 7.433476, 7.961373
 80.333333, 0.589212, 0.510373, 7.161826, 7.692946
 77.333333, 0.318966, 0.556034, 7.409483, 7.987069
 62.333333, 0.213904, 0.625668, 8.524064, 9.171123
 78.000000, 0.059829, 0.482906, 7.512821, 8.017094
 75.000000, 0.146667, 0.475556, 8.133333, 8.626667
 77.333333, 0.297414, 0.616379, 7.349138, 7.987069
 78.333333, 0.229787, 0.595745, 7.208511, 7.825532
 70.666667, 0.103774, 0.528302, 7.952830, 8.500000
 82.000000, 0.243902, 0.605691, 6.581301, 7.207317
 79.666667, 0.414226, 0.577406, 7.150628, 7.748954
 83.000000, 0.622490, 0.634538, 6.658635, 7.317269
 61.333333, 0.163043, 0.864130, 8.402174, 9.288043
 87.666667, 0.486692, 0.517110, 6.171103, 6.707224
 75.333333, 0.283186, 0.530973, 6.309735, 6.862832
 75.666667, 0.339207, 0.436123, 8.171806, 8.634361
 86.333333, 0.590734, 0.571429, 6.444015, 7.038610
2
 0.250000, 0.000000, 2.000000, 16.000000, 83.000000
 81.000000, 4.921811, 1.555556, 5.135802, 6.880658
 72.666667, 0.229358, 0.591743, 8.013761, 8.633028
 81.333333, 0.180328, 0.454918, 7.176230, 7.651639
 85.666667, 1.031128, 0.466926, 6.848249, 7.338521
 76.333333, 0.187773, 0.598253, 7.764192, 8.384279
 69.000000, 0.246377, 0.492754, 6.845411, 7.362319
 79.333333, 0.302521, 0.445378, 7.239496, 7.710084
 78.333333, 0.161702, 0.506383, 7.578723, 8.106383
 83.666667, 0.856574, 0.565737, 7.155378, 7.745020
 82.000000, 0.609756, 0.495935, 7.040650, 7.552846
 73.666667, 0.325792, 0.642534, 8.547511, 9.212670
 84.000000, 0.376984, 0.583333, 6.349206, 6.952381
 79.000000, 0.708861, 0.594937, 7.413502, 8.088608
 85.333333, 0.660156, 0.613281, 6.425781, 7.062500
 62.666667, 0.117021, 0.574468, 6.542553, 7.138298
 77.333333, 0.392241, 0.547414, 6.793103, 7.362069
 76.666667, 0.191304, 0.517391, 6.265217, 6.808696
 73.333333, 0.440909, 0.486364, 8.109091, 8.618182
 85.333333, 0.636719, 0.636719, 6.480469, 7.140625
3
 0.250000, 0.000000, 3.000000, 11.000000, 41.000000
 88.666667, 3.187970, 1.473684, 4.718045, 6.270677
 82.666667, 0.362903, 0.540323, 7.229839, 7.967742
 82.666667, 0.080645, 0.455645, 6.766129, 7.241935
 79.000000, 0.502110, 0.628692, 7.379747, 8.029536
 82.000000, 0.398374, 0.495935, 7.162602, 7.682927
 70.000000, 0.442857, 0.547619, 8.680952, 9.252381
 79.333333, 0.731092, 0.470588, 7.558824, 8.054622
 75.000000, 0.066667, 0.528889, 7.933333, 8.484444
 81.333333, 1.045082, 0.561475, 7.290984, 7.877049
 83.666667, 0.721116, 0.509960, 6.996016, 7.529880
 76.666667, 0.460870, 0.473913, 7.200000, 7.695652
 80.333333, 0.087137, 0.589212, 6.572614, 7.182573
 81.000000, 0.609053, 0.506173, 7.283951, 7.814815
 87.333333, 0.793893, 0.591603, 6.427481, 7.053435
 63.000000, 0.291005, 0.587302, 7.423280, 8.037037
 84.000000, 0.476190, 0.559524, 6.519841, 7.099206
 75.333333, 0.389381, 0.469027, 6.579646, 7.070796
 74.000000, 0.486486, 0.567568, 8.054054, 8.644144
 86.666667, 0.765385, 0.603846, 6.330769, 6.953846
4
 0.250000, 0.000000, 2.000000, 36.000000, 88.000000
 95.666667, 7.027875, 2.083624, 4.592334, 6.818815
 76.000000, 0.767544, 0.758772, 7.609649, 8.394737
 81.333333, 0.549180, 0.491803, 7.176230, 7.688525
 84.333333, 0.624506, 0.513834, 6.660079, 7.197628
 83.000000, 0.642570, 0.570281, 7.020080, 7.614458
 69.666667, 0.464115, 0.502392, 8.258373, 8.789474
 79.666667, 0.481172, 0.464435, 7.502092, 7.991632
 78.000000, 0.128205, 0.602564, 7.615385, 8.239316
 78.666667, 0.533898, 0.572034, 7.322034, 7.915254
 79.333333, 0.222689, 0.533613, 7.088235, 7.638655
 74.666667, 0.281250, 0.526786, 7.258929, 7.803571
 86.333333, 0.305019, 0.521236, 6.169884, 6.714286
 79.666667, 0.581590, 0.589958, 7.263598, 7.878661
 85.666667, 0.634241, 0.626459, 6.237354, 6.887160
 62.666667, 0.313830, 1.026596, 6.180851, 7.228723
 83.666667, 0.258964, 0.509960, 6.505976, 7.039841
 74.000000, 0.157658, 0.536036, 6.680180, 7.238739
 73.666667, 0.384615, 0.475113, 8.280543, 8.782805
 82.000000, 0.386179, 0.593496, 6.723577, 7.341463
5
 0.250000, 0.000000, 2.000000, 10.000000, 40.000000
 81.333333, 3.180328, 1.553279, 5.020492, 6.692623
 80.333333, 0.224066, 0.468880, 7.398340, 7.887967
 80.333333, 0.315353, 0.473029, 7.236515, 7.730290
 82.333333, 0.655870, 0.534413, 7.012146, 7.574899
 79.000000, 0.050633, 0.548523, 7.215190, 7.780591
 71.666667, 0.832558, 0.474419, 8.809302, 9.306977
 77.000000, 0.121212, 0.471861, 7.467532, 7.961039
 77.666667, 0.150215, 0.515021, 7.613734, 8.150215
 80.666667, 0.206612, 0.504132, 7.210744, 7.735537
 79.666667, 0.359833, 0.468619, 7.171548, 7.661088
 77.333333, 0.155172, 0.500000, 7.314655, 7.836207
 82.000000, 0.365854, 0.569106, 6.487805, 7.081301
 79.000000, 0.565401, 0.548523, 7.502110, 8.075949
 84.000000, 0.611111, 0.646825, 6.555556, 7.226190
 63.000000, 0.137566, 0.973545, 5.925926, 6.920635
 81.333333, 0.254098, 0.569672, 6.672131, 7.270492
 71.666667, 0.502326, 0.581395, 7.497674, 8.097674
 72.666667, 0.490826, 0.495413, 6.660550, 7.178899
 81.000000, 0.407407, 0.555556, 6.818930, 7.395062
6
 0.250000, 0.000000, 2.000000, 7.000000, 89.000000
 77.000000, 3.004329, 1.363636, 5.190476, 6.761905
 79.666667, 0.334728, 0.476987, 7.627615, 8.129707
 82.666667, 0.491935, 0.483871, 6.665323, 7.169355
 77.666667, 0.248927, 0.566524, 7.386266, 7.974249
 80.333333, 0.352697, 0.560166, 7.211618, 7.800830
 67.000000, 0.278607, 0.527363, 8.099502, 8.646766
 79.333333, 0.327731, 0.483193, 7.197479, 7.705882
 76.666667, 0.265217, 0.586957, 7.878261, 8.482609
 79.666667, 0.476987, 0.606695, 7.560669, 8.188285
 81.666667, 0.346939, 0.506122, 6.971429, 7.493878
 72.666667, 0.573394, 0.518349, 7.825688, 8.366972
 84.000000, 0.313492, 0.551587, 6.313492, 6.888889
 78.000000, 0.273504, 0.547009, 7.346154, 7.914530
 80.333333, 0.253112, 0.643154, 6.912863, 7.576763
 62.666667, 0.361702, 0.696809, 6.281915, 7.000000
 81.333333, 0.512295, 0.586066, 6.762295, 7.368852
 73.666667, 0.126697, 0.484163, 6.583710, 7.090498
 74.333333, 0.497758, 0.542601, 7.869955, 8.434978
 86.000000, 0.608527, 0.519380, 6.631783, 7.174419
7
 0.250000, 1.000000, 2.000000, 16.000000, 76.000000
 88.666667, 4.815789, 1.751880, 4.875940, 6.766917
 75.333333, 0.358407, 0.557522, 8.283186, 8.858407
 76.000000, 0.021930, 0.543860, 7.548246, 8.109649
 72.666667, 0.155963, 0.669725, 7.720183, 8.412844
 73.666667, 0.153846, 0.660633, 7.909502, 8.588235
 65.000000, 0.369231, 0.605128, 9.297436, 9.923077
 77.666667, 0.115880, 0.510730, 7.579399, 8.107296
 77.666667, 0.163090, 0.566524, 7.536481, 8.124464
 82.000000, 0.422764, 0.565041, 7.239837, 7.829268
 83.333333, 0.512000, 0.568000, 7.136000, 7.720000
 73.333333, 0.604545, 0.545455, 7.700000, 8.263636
 84.000000, 0.103175, 0.575397, 6.226190, 6.825397
 78.333333, 0.374468, 0.527660, 7.540426, 8.093617
 84.666667, 0.791339, 0.704724, 6.362205, 7.094488
 63.000000, 0.285714, 0.539683, 8.259259, 8.820106
 83.000000, 0.317269, 0.598394, 6.634538, 7.253012
 74.000000, 0.301802, 0.585586, 7.747748, 8.351351
 71.333333, 0.401869, 0.481308, 8.074766, 8.574766
 80.666667, 0.475207, 0.648760, 7.037190, 7.706612
8
 0.250000, 0.000000, 2.000000, 16.000000, 75.000000
 82.333333, 2.056680, 1.384615, 4.959514, 6.481781
 79.000000, 0.637131, 0.569620, 7.962025, 8.556962
 79.666667, 0.200837, 0.460251, 7.271967, 7.753138
 82.000000, 0.589431, 0.536585, 6.983740, 7.540650
 78.000000, 0.226496, 0.487179, 7.435897, 7.948718
 61.666667, 0.200000, 0.664865, 8.972973, 9.659459
 76.333333, 0.209607, 0.519651, 7.698690, 8.240175
 78.333333, 0.344681, 0.506383, 7.651064, 8.182979
 81.333333, 0.520492, 0.524590, 7.229508, 7.778689
 83.333333, 0.584000, 0.452000, 6.916000, 7.392000
 74.000000, 0.238739, 0.509009, 7.382883, 7.914414
 83.666667, 0.123506, 0.565737, 6.239044, 6.824701
 78.000000, 0.500000, 0.564103, 7.632479, 8.217949
 84.333333, 0.577075, 0.584980, 6.454545, 7.063241
 63.666667, 0.267016, 0.958115, 6.256545, 7.235602
 84.666667, 0.425197, 0.519685, 6.334646, 6.901575
 75.666667, 0.541850, 0.541850, 6.352423, 6.916300
 75.333333, 0.402655, 0.464602, 8.146018, 8.632743
 82.666667, 0.471774, 0.564516, 6.669355, 7.258065
9
 0.250000, 0.000000, 2.000000, 15.000000, 76.000000
 87.000000, 3.597701, 1.417625, 4.862069, 6.360153
 77.000000, 0.515152, 0.580087, 7.952381, 8.554113
 74.333333, 0.098655, 0.560538, 7.533632, 8.116592
 78.000000, 0.175214, 0.547009, 7.461538, 8.029915
 81.333333, 0.336066, 0.565574, 7.081967, 7.668033
 66.666667, 0.390000, 0.595000, 8.050000, 8.670000
 77.333333, 0.206897, 0.517241, 7.232759, 7.775862
 76.666667, 0.034783, 0.569565, 7.778261, 8.365217
 79.666667, 0.451883, 0.577406, 7.351464, 7.949791
 79.333333, 0.470588, 0.512605, 7.504202, 8.037815
 75.000000, 0.337778, 0.520000, 7.435556, 7.977778
 80.666667, 0.293388, 0.537190, 6.640496, 7.198347
 78.333333, 0.212766, 0.587234, 7.344681, 7.953191
 83.333333, 0.288000, 0.580000, 6.476000, 7.108000
 59.000000, 0.039548, 0.508475, 6.435028, 6.988701
 84.333333, 0.260870, 0.517787, 6.276680, 6.814229
 75.000000, 0.626667, 0.515556, 6.333333, 6.871111
 73.666667, 0.339367, 0.466063, 7.334842, 7.823529
 85.666667, 0.587549, 0.583658, 6.529183, 7.132296
10
 0.250000, 0.000000, 2.000000, 11.000000, 76.000000
 84.666667, 4.984252, 2.051181, 5.059055, 7.224409
 82.333333, 0.574899, 0.619433, 7.246964, 7.886640
 82.666667, 0.495968, 0.483871, 6.967742, 7.471774
 81.666667, 0.620408, 0.502041, 7.240816, 7.767347
 79.666667, 0.359833, 0.577406, 7.205021, 7.811715
 67.666667, 0.492611, 0.546798, 8.463054, 9.034483
 79.000000, 0.248945, 0.434599, 7.400844, 7.856540
 77.333333, 0.163793, 0.500000, 7.831897, 8.353448
 78.666667, 0.470339, 0.618644, 7.322034, 7.961864
 82.000000, 0.268293, 0.524390, 6.983740, 7.528455
 75.333333, 0.150442, 0.491150, 7.530973, 8.044248
 82.666667, 0.258065, 0.560484, 6.528226, 7.112903
 78.666667, 0.216102, 0.635593, 7.258475, 7.911017
 85.666667, 1.070039, 0.645914, 6.451362, 7.112840
 63.000000, 0.174603, 0.910053, 7.396825, 8.328042
 83.666667, 0.573705, 0.521912, 6.697211, 7.243028
 74.000000, 0.387387, 0.518018, 6.644144, 7.184685
 73.666667, 0.294118, 0.488688, 6.321267, 6.828054
 86.000000, 0.406977, 0.565891, 6.468992, 7.062016
11
 0.250000, 0.000000, 2.000000, 16.000000, 39.000000
 89.666667, 4.840149, 1.483271, 5.063197, 6.747212
 82.666667, 0.536290, 0.451613, 7.258065, 7.733871
 82.666667, 0.205645, 0.439516, 6.959677, 7.423387
 74.000000, 0.436937, 0.644144, 7.905405, 8.572072
 80.000000, 0.175000, 0.525000, 7.037500, 7.583333
 71.000000, 0.347418, 0.478873, 6.882629, 7.384977
 74.666667, 0.093750, 0.517857, 7.776786, 8.321429
 78.333333, 0.225532, 0.565957, 7.476596, 8.063830
 79.333333, 0.323529, 0.529412, 7.369748, 7.920168
 82.333333, 0.275304, 0.502024, 7.153846, 7.676113
 75.666667, 0.392070, 0.607930, 7.859031, 8.493392
 81.666667, 0.114286, 0.636735, 6.567347, 7.228571
 78.666667, 0.716102, 0.521186, 7.601695, 8.177966
 84.333333, 0.584980, 0.671937, 6.264822, 6.984190
 60.666667, 0.181319, 0.494505, 8.390110, 8.906593
 83.666667, 0.370518, 0.557769, 6.561753, 7.139442
 73.333333, 0.350000, 0.477273, 6.872727, 7.372727
 74.333333, 0.704036, 0.484305, 7.775785, 8.282511
 83.666667, 0.653386, 0.697211, 6.621514, 7.342629
12
 0.250000, 0.000000, 2.000000, 17.000000, 39.000000
 80.333333, 2.340249, 1.369295, 4.908714, 6.402490
 80.666667, 0.661157, 0.566116, 7.487603, 8.070248
 75.000000, 0.124444, 0.546667, 7.808889, 8.377778
 81.333333, 0.377049, 0.528689, 7.258197, 7.807377
 81.333333, 0.270492, 0.561475, 6.905738, 7.487705
 65.666667, 0.289340, 0.609137, 8.512690, 9.147208
 78.666667, 0.237288, 0.495763, 7.436441, 7.953390
 79.666667, 0.217573, 0.464435, 7.447699, 7.933054
 79.333333, 0.449580, 0.630252, 7.403361, 8.054622
 78.333333, 0.276596, 0.561702, 7.429787, 8.012766
 70.666667, 0.108491, 0.533019, 7.773585, 8.334906
 85.000000, 0.270588, 0.580392, 6.360784, 6.964706
 80.666667, 0.545455, 0.516529, 7.061983, 7.603306
 86.333333, 0.525097, 0.621622, 6.305019, 6.945946
 63.000000, 0.190476, 0.984127, 6.603175, 7.608466
 83.000000, 0.397590, 0.514056, 6.445783, 6.979920
 75.333333, 0.676991, 0.486726, 6.632743, 7.141593
 72.666667, 0.550459, 0.472477, 8.440367, 8.935780
 82.333333, 0.352227, 0.530364, 6.850202, 7.404858
13
 0.250000, 1.000000, 2.000000, 15.000000, 76.000000
 83.666667, 3.358566, 1.390438, 5.199203, 6.693227
 81.333333, 0.598361, 0.483607, 7.237705, 7.741803
 75.666667, 0.259912, 0.506608, 7.797357, 8.321586
 77.000000, 0.510823, 0.597403, 7.480519, 8.099567
 80.000000, 0.337500, 0.541667, 7.062500, 7.620833
 68.333333, 0.356098, 0.429268, 8.556098, 9.004878
 78.333333, 0.327660, 0.485106, 7.434043, 7.936170
 75.666667, 0.118943, 0.585903, 7.625551, 8.237885
 78.666667, 0.254237, 0.610169, 7.470339, 8.101695
 80.666667, 0.309917, 0.533058, 7.095041, 7.648760
 74.666667, 0.178571, 0.491071, 7.218750, 7.732143
 84.333333, 0.320158, 0.533597, 6.418972, 6.972332
 80.000000, 0.891667, 0.595833, 7.583333, 8.200000
 85.666667, 1.073930, 0.649805, 6.490272, 7.159533
 63.333333, 0.231579, 1.052632, 6.252632, 7.326316
 83.333333, 0.288000, 0.508000, 6.540000, 7.072000
 74.000000, 0.653153, 0.549550, 6.698198, 7.270270
 71.333333, 0.654206, 0.504673, 8.686916, 9.210280
 81.333333, 0.368852, 0.594262, 6.811475, 7.426230
14
 0.250000, 0.000000, 1.000000, 8.000000, 88.000000
 86.333333, 4.482625, 1.471042, 4.876448, 6.432432
 87.666667, 0.555133, 0.456274, 6.920152, 7.395437
 84.666667, 0.232283, 0.452756, 6.744094, 7.216535
 79.666667, 0.443515, 0.531381, 7.150628, 7.702929
 77.333333, 0.538793, 0.625000, 7.637931, 8.284483
 71.000000, 0.549296, 0.441315, 8.690141, 9.159624
 76.000000, 0.078947, 0.526316, 7.622807, 8.171053
 74.333333, 0.085202, 0.569507, 7.820628, 8.408072
 77.666667, 0.291845, 0.570815, 7.515021, 8.107296
 79.333333, 0.327731, 0.554622, 7.184874, 7.764706
 74.333333, 0.336323, 0.443946, 8.121076, 8.587444
 83.000000, 0.457831, 0.578313, 6.429719, 7.028112
 74.666667, 0.308036, 0.611607, 7.616071, 8.245536
 87.333333, 0.709924, 0.591603, 6.041985, 6.656489
 64.333333, 0.362694, 0.502591, 8.222798, 8.746114
 85.000000, 0.705882, 0.521569, 6.513725, 7.082353
 72.666667, 0.252294, 0.500000, 6.541284, 7.068807
 73.333333, 0.513636, 0.509091, 8.531818, 9.063636
 81.000000, 0.489712, 0.666667, 6.773663, 7.460905
15
 0.250000, 0.000000, 1.000000, 6.000000, 87.000000
 83.000000, 3.931727, 1.514056, 5.136546, 6.751004
 82.333333, 0.457490, 0.453441, 7.303644, 7.805668
 79.000000, 0.282700, 0.472574, 6.666667, 7.160338
 79.000000, 0.244726, 0.582278, 7.198312, 7.797468
 77.000000, 0.207792, 0.675325, 7.549784, 8.281385
 67.333333, 0.242574, 0.539604, 7.168317, 7.727723
 82.000000, 0.353659, 0.451220, 7.077236, 7.552846
 78.333333, 0.263830, 0.497872, 7.510638, 8.029787
 79.000000, 0.265823, 0.552743, 7.388186, 7.962025
 81.666667, 0.342857, 0.497959, 7.044898, 7.563265
 73.666667, 0.321267, 0.619910, 8.520362, 9.162896
 84.333333, 0.249012, 0.561265, 6.411067, 6.992095
 80.666667, 0.545455, 0.590909, 7.256198, 7.867769
 82.333333, 0.651822, 0.684211, 6.692308, 7.392713
 64.000000, 0.468750, 0.557292, 8.338542, 8.916667
 82.666667, 0.362903, 0.556452, 6.487903, 7.064516
 73.666667, 0.312217, 0.511312, 7.447964, 7.981900
 71.000000, 0.356808, 0.492958, 7.708920, 8.220657
 86.666667, 0.303846, 0.611538, 6.257692, 6.892308
16
 0.250000, 0.000000, 1.000000, 6.000000, 87.000000
 78.000000, 2.358974, 1.358974, 5.299145, 6.829060
 83.333333, 0.580000, 0.556000, 7.392000, 7.968000
 76.333333, 0.043668, 0.554585, 7.659389, 8.235808
 75.333333, 0.269912, 0.588496, 7.619469, 8.230088
 80.000000, 0.354167, 0.583333, 7.004167, 7.608333
 67.666667, 0.364532, 0.517241, 8.004926, 8.541872
 78.000000, 0.243590, 0.491453, 7.470085, 7.982906
 76.666667, 0.134783, 0.465217, 7.900000, 8.386957
 81.333333, 0.348361, 0.528689, 7.254098, 7.807377
 86.333333, 0.837838, 0.486486, 6.706564, 7.212355
 74.666667, 0.142857, 0.531250, 7.441964, 7.991071
 82.666667, 0.310484, 0.633065, 6.423387, 7.076613
 76.333333, 0.318777, 0.572052, 7.611354, 8.200873
 83.333333, 0.524000, 0.652000, 6.444000, 7.116000
 65.000000, 0.405128, 0.846154, 8.441026, 9.312821
 82.666667, 0.274194, 0.540323, 6.362903, 6.923387
 74.666667, 0.303571, 0.468750, 7.504464, 7.995536
 71.666667, 0.200000, 0.544186, 6.655814, 7.218605
 83.000000, 0.702811, 0.590361, 6.895582, 7.502008
17
 0.250000, 0.000000, 1.000000, 10.000000, 39.000000
 94.333333, 7.279152, 2.123675, 4.915194, 7.197880
 82.666667, 0.354839, 0.475806, 7.185484, 7.681452
 82.333333, 0.336032, 0.445344, 7.020243, 7.485830
 80.000000, 0.445833, 0.566667, 7.095833, 7.683333
 75.666667, 0.132159, 0.607930, 7.625551, 8.251101
 65.000000, 0.102564, 0.512821, 8.466667, 9.000000
 77.333333, 0.383621, 0.469828, 7.706897, 8.198276
 75.666667, 0.057269, 0.577093, 7.823789, 8.422907
 76.666667, 0.678261, 0.604348, 7.804348, 8.430435
 79.666667, 0.476987, 0.577406, 7.225941, 7.824268
 72.666667, 0.160550, 0.522936, 7.623853, 8.165138
 85.000000, 0.254902, 0.603922, 6.125490, 6.749020
 77.000000, 0.445887, 0.571429, 7.666667, 8.259740
 83.000000, 0.481928, 0.630522, 6.542169, 7.192771
 64.000000, 0.072917, 0.552083, 5.848958, 6.427083
 83.666667, 0.235060, 0.525896, 6.354582, 6.900398
 71.666667, 0.441860, 0.502326, 7.404651, 7.930233
 72.666667, 0.302752, 0.486239, 8.344037, 8.848624
 86.666667, 0.615385, 0.673077, 6.484615, 7.176923
18
 0.250000, 0.000000, 1.000000, 2.000000, 79.000000
 88.666667, 3.413534, 1.800752, 4.676692, 6.567669
 78.000000, 0.564103, 0.700855, 7.452991, 8.170940
 77.333333, 0.280172, 0.551724, 7.094828, 7.668103
 74.666667, 0.209821, 0.700893, 7.718750, 8.437500
 76.000000, 0.122807, 0.657895, 7.412281, 8.087719
 66.666667, 0.315000, 0.640000, 8.445000, 9.105000
 75.666667, 0.621145, 0.546256, 7.775330, 8.339207
 76.000000, 0.223684, 0.578947, 7.714912, 8.315789
 80.333333, 0.215768, 0.522822, 7.443983, 7.987552
 77.000000, 0.212121, 0.489177, 7.571429, 8.082251
 72.333333, 0.299539, 0.649770, 8.442396, 9.110599
 82.666667, 0.213710, 0.560484, 6.483871, 7.064516
 81.000000, 0.419753, 0.613169, 7.061728, 7.695473
 84.666667, 0.488189, 0.673228, 6.263780, 6.956693
 60.333333, 0.237569, 0.624309, 7.889503, 8.574586
 82.333333, 0.461538, 0.546559, 6.858300, 7.425101
 71.666667, 0.297674, 0.465116, 6.986047, 7.474419
 72.000000, 0.643519, 0.490741, 7.064815, 7.578704
 77.000000, 0.103896, 0.558442, 7.194805, 7.779221
19
 0.250000, 0.000000, 1.000000, 7.000000, 87.000000
 93.333333, 7.346429, 2.010714, 4.957143, 7.078571
 84.333333, 0.438735, 0.490119, 7.383399, 7.920949
 80.666667, 0.214876, 0.458678, 7.438017, 7.917355
 79.666667, 0.225941, 0.598326, 7.050209, 7.669456
 79.333333, 0.491597, 0.579832, 7.382353, 7.983193
 65.666667, 0.238579, 0.624365, 8.411168, 9.055838
 78.000000, 0.196581, 0.478632, 7.290598, 7.790598
 74.666667, 0.125000, 0.549107, 7.937500, 8.508929
 81.333333, 0.483607, 0.598361, 7.143443, 7.762295
 80.333333, 0.373444, 0.481328, 7.053942, 7.556017
 72.333333, 0.258065, 0.594470, 7.695853, 8.313364
 83.333333, 0.340000, 0.580000, 6.380000, 6.980000
 78.333333, 0.421277, 0.595745, 7.208511, 7.829787
 82.333333, 0.647773, 0.631579, 6.724696, 7.380567
 62.333333, 0.224599, 0.513369, 7.909091, 8.449198
 79.333333, 0.075630, 0.584034, 7.054622, 7.663866
 73.666667, 0.384615, 0.470588, 7.895928, 8.389140
 71.000000, 0.211268, 0.539906, 8.553991, 9.117371
 82.666667, 0.524194, 0.641129, 6.927419, 7.584677
20
 0.250000, 0.000000, 1.000000, 7.000000, 87.000000
 93.666667, 5.277580, 1.768683, 4.508897, 6.366548
 85.333333, 0.730469, 0.476563, 7.203125, 7.703125
 81.666667, 0.628571, 0.485714, 6.571429, 7.077551
 76.000000, 0.131579, 0.521930, 7.521930, 8.065789
 77.666667, 0.536481, 0.587983, 7.356223, 7.965665
 68.000000, 0.382353, 0.588235, 8.024510, 8.632353
 75.000000, 0.168889, 0.524444, 7.435556, 8.008889
 75.333333, 0.008850, 0.539823, 7.831858, 8.393805
 80.666667, 0.607438, 0.533058, 7.194215, 7.752066
 81.000000, 0.259259, 0.534979, 7.086420, 7.641975
 75.333333, 0.712389, 0.522124, 8.230088, 8.769912
 84.333333, 0.343874, 0.533597, 6.351779, 6.905138
 77.333333, 0.301724, 0.564655, 7.564655, 8.150862
 85.666667, 0.719844, 0.579767, 6.490272, 7.093385
 65.000000, 0.564103, 0.887179, 7.133333, 8.046154
 85.666667, 0.396887, 0.536965, 6.392996, 6.949416
 72.333333, 0.073733, 0.585253, 6.516129, 7.119816
 71.333333, 0.369159, 0.504673, 8.757009, 9.285047
 83.000000, 0.265060, 0.610442, 6.638554, 7.269076
21
 0.250000, 0.000000, 1.000000, 6.000000, 86.000000
 82.000000, 2.500000, 1.394309, 5.069106, 6.601626
 85.333333, 0.679688, 0.570313, 7.125000, 7.718750
 78.333333, 0.259574, 0.514894, 7.497872, 8.034043
 73.000000, 0.210046, 0.639269, 7.826484, 8.488584
 82.000000, 0.337398, 0.548780, 6.890244, 7.463415
 64.000000, 0.125000, 0.515625, 8.739583, 9.276042
 79.666667, 0.305439, 0.472803, 7.322176, 7.815900
 77.666667, 0.154506, 0.515021, 7.583691, 8.128755
 80.000000, 0.337500, 0.604167, 7.220833, 7.845833
 84.333333, 0.604743, 0.474308, 6.715415, 7.213439
 78.000000, 0.320513, 0.470085, 7.623932, 8.119658
 82.666667, 0.334677, 0.604839, 6.560484, 7.189516
 78.333333, 0.323404, 0.493617, 7.344681, 7.863830
 80.666667, 0.210744, 0.669421, 6.793388, 7.491736
 65.333333, 0.341837, 0.530612, 8.336735, 8.887755
 83.666667, 0.239044, 0.525896, 6.537849, 7.083665
 72.000000, 0.620370, 0.537037, 8.032407, 8.592593
 70.666667, 0.330189, 0.481132, 8.636792, 9.136792
 85.333333, 0.488281, 0.605469, 6.257813, 6.972656
22
 0.250000, 0.000000, 1.000000, 6.000000, 87.000000
 83.333333, 3.208000, 1.508000, 5.148000, 6.856000
 84.000000, 0.626984, 0.500000, 6.873016, 7.396825
 87.333333, 0.648855, 0.461832, 6.045802, 6.538168
 78.000000, 0.252137, 0.619658, 7.290598, 7.935897
 76.000000, 0.219298, 0.587719, 7.460526, 8.070175
 69.666667, 0.215311, 0.464115, 7.736842, 8.220096
 77.333333, 0.241379, 0.508621, 7.349138, 7.879310
 78.333333, 0.136170, 0.531915, 7.540426, 8.093617
 80.000000, 0.291667, 0.570833, 7.112500, 7.708333
 81.333333, 0.434426, 0.557377, 6.975410, 7.557377
 74.333333, 0.645740, 0.573991, 7.730942, 8.322870
 82.000000, 0.134146, 0.544715, 6.341463, 6.910569
 78.666667, 0.372881, 0.555085, 7.411017, 7.987288
 85.333333, 0.968750, 0.632813, 6.496094, 7.156250
 59.666667, 0.329609, 0.575419, 8.675978, 9.273743
 81.666667, 0.244898, 0.546939, 6.575510, 7.142857
 74.000000, 0.319820, 0.536036, 6.545045, 7.103604
 71.333333, 0.261682, 0.490654, 8.766355, 9.280374
 79.000000, 0.594937, 0.637131, 7.278481, 7.936709
23
 0.250000, 0.000000, 1.000000, 6.000000, 87.000000
 74.666667, 2.424107, 1.424107, 5.370536, 6.892857
 81.000000, 0.604938, 0.629630, 7.403292, 8.053498
 76.333333, 0.266376, 0.589520, 7.772926, 8.384279
 77.000000, 0.207792, 0.623377, 7.367965, 8.012987
 78.666667, 0.237288, 0.610169, 7.317797, 7.949153
 66.666667, 0.480000, 0.510000, 9.100000, 9.635000
 75.333333, 0.123894, 0.522124, 7.632743, 8.176991
 76.000000, 0.070175, 0.539474, 7.798246, 8.359649
 79.666667, 0.443515, 0.560669, 7.564854, 8.146444
 80.000000, 0.095833, 0.520833, 7.254167, 7.795833
 77.000000, 0.238095, 0.415584, 7.545455, 7.987013
 83.333333, 0.144000, 0.536000, 6.440000, 6.996000
 78.000000, 0.226496, 0.555556, 7.388889, 7.965812
 84.333333, 0.857708, 0.581028, 6.533597, 7.138340
 60.333333, 0.193370, 0.917127, 6.618785, 7.552486
 83.666667, 0.390438, 0.561753, 6.565737, 7.147410
 75.333333, 0.358407, 0.517699, 7.318584, 7.853982
 72.000000, 0.685185, 0.509259, 7.666667, 8.199074
 84.000000, 0.349206, 0.591270, 6.686508, 7.297619
24
 0.250000, 0.000000, 1.000000, 6.000000, 86.000000
 77.000000, 2.324675, 1.519481, 5.251082, 6.891775
 74.000000, 0.387387, 0.536036, 8.369369, 8.932432
 82.333333, 0.437247, 0.445344, 7.040486, 7.510121
 80.000000, 0.295833, 0.516667, 7.104167, 7.645833
 83.333333, 0.392000, 0.556000, 6.968000, 7.544000
 67.666667, 0.729064, 0.536946, 8.748768, 9.310345
 77.666667, 0.120172, 0.497854, 7.545064, 8.064378
 75.666667, 0.008811, 0.524229, 7.775330, 8.321586
 80.666667, 0.338843, 0.524793, 7.256198, 7.801653
 78.666667, 0.262712, 0.563559, 7.411017, 7.995763
 77.333333, 0.193966, 0.469828, 7.586207, 8.077586
 83.666667, 0.486056, 0.585657, 6.442231, 7.047809
 77.000000, 0.337662, 0.567100, 7.619048, 8.207792
 84.333333, 0.438735, 0.592885, 6.458498, 7.075099
 65.333333, 0.255102, 0.515306, 8.071429, 8.612245
 83.666667, 0.430279, 0.509960, 6.478088, 7.007968
 72.666667, 0.133028, 0.490826, 6.821101, 7.334862
 73.666667, 0.339367, 0.524887, 7.941176, 8.484163
 84.333333, 0.561265, 0.513834, 6.822134, 7.359684
25
 0.250000, 0.000000, 0.000000, 6.000000, 86.000000
 80.000000, 1.729167, 1.337500, 5.120833, 6.541667
 78.333333, 0.531915, 0.778723, 7.834043, 8.638298
 80.333333, 0.286307, 0.510373, 6.995851, 7.522822
 76.333333, 0.196507, 0.611354, 7.471616, 8.104803
 77.333333, 0.198276, 0.590517, 7.491379, 8.099138
 67.000000, 0.383085, 0.497512, 8.039801, 8.562189
 77.000000, 0.272727, 0.480519, 7.463203, 7.965368
 74.000000, 0.130631, 0.599099, 8.171171, 8.797297
 85.666667, 0.747082, 0.501946, 6.805447, 7.330739
 82.000000, 0.630081, 0.463415, 6.955285, 7.443089
 72.333333, 0.165899, 0.585253, 7.806452, 8.410138
 81.000000, 0.436214, 0.576132, 6.720165, 7.316872
 79.333333, 0.457983, 0.495798, 7.378151, 7.894958
 82.333333, 0.510121, 0.591093, 6.627530, 7.238866
 62.000000, 0.263441, 0.989247, 6.564516, 7.575269
 83.333333, 0.372000, 0.512000, 6.612000, 7.148000
 73.333333, 0.227273, 0.531818, 7.068182, 7.618182
 72.666667, 0.435780, 0.532110, 8.385321, 8.935780
 85.666667, 0.556420, 0.614786, 6.622568, 7.264591
26
 0.250000, 0.000000, 0.000000, 6.000000, 86.000000
 93.333333, 5.675000, 1.932143, 4.721429, 6.725000
 80.000000, 0.225000, 0.483333, 7.670833, 8.179167
 78.333333, 0.204255, 0.480851, 7.212766, 7.714894
 79.666667, 0.393305, 0.581590, 7.175732, 7.778243
 84.666667, 0.480315, 0.492126, 6.909449, 7.421260
 69.333333, 0.625000, 0.528846, 8.456731, 9.009615
 77.000000, 0.103896, 0.510823, 7.454545, 7.982684
 76.333333, 0.030568, 0.537118, 7.720524, 8.279476
 79.333333, 0.273109, 0.579832, 7.500000, 8.105042
 85.333333, 0.792969, 0.460938, 6.886719, 7.371094
 77.333333, 0.206897, 0.508621, 7.163793, 7.693966
 84.666667, 0.330709, 0.547244, 6.307087, 6.874016
 79.000000, 0.443038, 0.654008, 7.405063, 8.084388
 84.000000, 0.579365, 0.615079, 6.587302, 7.222222
 62.000000, 0.193548, 0.596774, 7.376344, 7.994624
 81.333333, 0.061475, 0.520492, 6.315574, 6.885246
 72.000000, 0.064815, 0.481481, 6.856481, 7.361111
 72.666667, 0.399083, 0.481651, 7.697248, 8.201835
 85.333333, 0.816406, 0.656250, 6.250000, 6.925781
27
 0.250000, 0.000000, 0.000000, 7.000000, 86.000000
 90.000000, 6.437037, 1.962963, 5.055556, 7.103704
 82.333333, 0.704453, 0.518219, 7.331984, 7.870445
 81.666667, 0.322449, 0.453061, 6.979592, 7.453061
 79.333333, 0.600840, 0.571429, 7.273109, 7.865546
 80.666667, 0.268595, 0.566116, 7.115702, 7.698347
 70.333333, 0.355450, 0.526066, 8.099526, 8.644550
 78.333333, 0.493617, 0.497872, 7.719149, 8.234043
 78.000000, 0.102564, 0.542735, 7.534188, 8.098291
 79.333333, 0.525210, 0.613445, 7.554622, 8.184874
 83.000000, 0.289157, 0.481928, 6.831325, 7.333333
 77.333333, 0.043103, 0.448276, 7.017241, 7.491379
 85.333333, 0.542969, 0.542969, 6.296875, 6.863281
 77.666667, 0.562232, 0.527897, 7.463519, 8.017167
 84.666667, 1.232283, 0.649606, 6.598425, 7.267717
 64.000000, 0.218750, 0.515625, 8.265625, 8.802083
 83.333333, 0.480000, 0.528000, 6.552000, 7.100000
 76.333333, 0.397380, 0.497817, 6.777293, 7.296943
 71.333333, 0.420561, 0.532710, 6.817757, 7.373832
 82.000000, 0.361789, 0.658537, 6.878049, 7.560976
28
 0.250000, 0.000000, 0.000000, 10.000000, 38.000000
 82.333333, 3.238866, 1.493927, 5.170040, 6.793522
 81.333333, 0.500000, 0.532787, 7.590164, 8.143443
 80.333333, 0.278008, 0.414938, 7.049793, 7.485477
 77.666667, 0.193133, 0.566524, 7.484979, 8.072961
 79.000000, 0.219409, 0.535865, 7.257384, 7.814346
 68.333333, 0.751220, 0.497561, 8.029268, 8.560976
 80.333333, 0.721992, 0.510373, 7.431535, 7.962656
 77.333333, 0.198276, 0.568966, 7.573276, 8.168103
 82.333333, 0.684211, 0.562753, 6.995951, 7.582996
 81.000000, 0.164609, 0.489712, 7.164609, 7.679012
 74.333333, 0.421525, 0.618834, 8.394619, 9.031390
 82.333333, 0.238866, 0.538462, 6.534413, 7.093117
 77.333333, 0.487069, 0.525862, 7.456897, 8.004310
 83.000000, 0.542169, 0.590361, 6.554217, 7.168675
 63.000000, 0.195767, 0.941799, 6.756614, 7.719577
 85.333333, 0.449219, 0.523438, 6.429688, 6.972656
 73.000000, 0.415525, 0.561644, 7.301370, 7.881279
 72.000000, 0.421296, 0.550926, 8.680556, 9.254630
 81.000000, 0.411523, 0.720165, 6.823045, 7.563786
29
 0.250000, 0.000000, 0.000000, 11.000000, 30.000000
 77.333333, 2.581897, 1.370690, 5.297414, 6.844828
 79.666667, 0.790795, 0.644351, 7.589958, 8.259414
 76.666667, 0.395652, 0.478261, 8.060870, 8.565217
 82.666667, 0.552419, 0.564516, 7.056452, 7.645161
 80.666667, 0.190083, 0.504132, 7.243802, 7.776860
 66.333333, 0.417085, 0.517588, 9.346734, 9.894472
 78.666667, 0.661017, 0.508475, 7.555085, 8.088983
 75.333333, 0.035398, 0.557522, 7.792035, 8.367257
 78.666667, 0.419492, 0.631356, 7.652542, 8.305085
 83.666667, 0.438247, 0.478088, 6.764940, 7.270916
 72.000000, 0.379630, 0.513889, 7.921296, 8.458333
 82.333333, 0.485830, 0.554656, 6.643725, 7.222672
 77.666667, 0.154506, 0.566524, 7.429185, 8.017167
 85.333333, 0.421875, 0.554688, 6.238281, 6.820313
 64.000000, 0.151042, 0.583333, 7.859375, 8.468750
 88.666667, 0.308271, 0.526316, 6.116541, 6.661654
 74.000000, 0.072072, 0.572072, 6.490991, 7.081081
 72.000000, 0.231481, 0.532407, 8.314815, 8.865741
 86.000000, 0.496124, 0.689922, 6.383721, 7.093023
30
 0.250000, 0.000000, 0.000000, 7.000000, 79.000000
 89.666667, 3.029740, 1.434944, 4.691450, 6.189591
 78.000000, 0.188034, 0.525641, 7.307692, 7.854701
 82.666667, 0.487903, 0.439516, 6.358871, 6.822581
 79.666667, 0.435146, 0.506276, 7.213389, 7.740586
 80.333333, 0.406639, 0.551867, 7.232365, 7.804979
 68.666667, 0.500000, 0.446602, 7.577670, 8.043689
 78.333333, 0.229787, 0.523404, 7.319149, 7.868085
 79.666667, 0.313808, 0.497908, 7.502092, 8.020921
 80.000000, 0.333333, 0.612500, 7.225000, 7.858333
 81.666667, 0.126531, 0.522449, 6.869388, 7.412245
 75.000000, 0.586667, 0.528889, 7.466667, 8.013333
 82.000000, 0.081301, 0.585366, 6.426829, 7.032520
 76.333333, 0.270742, 0.554585, 7.528384, 8.104803
 85.666667, 0.459144, 0.544747, 6.291829, 6.859922
 63.000000, 0.211640, 0.804233, 6.544974, 7.370370
 81.666667, 0.106122, 0.579592, 6.669388, 7.273469
 73.000000, 0.570776, 0.515982, 7.945205, 8.484018
 75.000000, 0.542222, 0.488889, 7.551111, 8.062222
 83.666667, 0.729084, 0.645418, 6.693227, 7.362550
31
 0.250000, 0.000000, 0.000000, 8.000000, 78.000000
 82.333333, 3.194332, 1.368421, 5.194332, 6.720648
 76.666667, 0.565217, 0.556522, 7.947826, 8.526087
 79.333333, 0.542017, 0.428571, 7.373950, 7.827731
 80.333333, 0.323651, 0.531120, 7.107884, 7.659751
 80.666667, 0.206612, 0.623967, 6.929752, 7.574380
 68.333333, 0.365854, 0.560976, 7.692683, 8.268293
 78.333333, 0.361702, 0.536170, 7.302128, 7.855319
 74.333333, 0.022422, 0.582960, 8.192825, 8.793722
 76.666667, 0.360870, 0.621739, 7.782609, 8.426087
 82.333333, 0.291498, 0.481781, 6.842105, 7.344130
 73.333333, 0.309091, 0.513636, 7.672727, 8.209091
 81.000000, 0.094650, 0.543210, 6.559671, 7.123457
 78.000000, 0.303419, 0.581197, 7.529915, 8.132479
 83.666667, 0.254980, 0.653386, 6.302789, 6.980080
 64.666667, 0.432990, 0.747423, 7.814433, 8.582474
 83.666667, 0.394422, 0.537849, 6.486056, 7.043825
 74.666667, 0.459821, 0.513393, 6.437500, 6.968750
 70.333333, 0.388626, 0.606635, 8.236967, 8.867299
 82.333333, 0.263158, 0.591093, 6.728745, 7.340081
32
 0.250000, 0.000000, 34.000000, 6.000000, 47.000000
 90.000000, 3.551852, 1.496296, 4.685185, 6.318519
 74.666667, 0.647321, 0.866071, 7.732143, 8.616071
 75.333333, 0.274336, 0.553097, 7.734513, 8.305310
 74.000000, 0.292793, 0.662162, 7.765766, 8.450450
 81.666667, 0.367347, 0.481633, 7.110204, 7.612245
 67.000000, 0.606965, 0.462687, 9.412935, 9.900498
 80.666667, 0.227273, 0.528926, 7.078512, 7.628099
 78.333333, 0.106383, 0.519149, 7.638298, 8.178723
 77.666667, 0.214592, 0.523605, 7.540773, 8.081545
 82.666667, 0.552419, 0.479839, 6.939516, 7.439516
 73.333333, 0.054545, 0.563636, 7.345455, 7.927273
 84.666667, 0.244094, 0.527559, 6.259843, 6.807087
 80.666667, 0.363636, 0.623967, 7.322314, 7.971074
 85.333333, 0.660156, 0.558594, 6.410156, 6.988281
 61.666667, 0.178378, 1.043243, 6.324324, 7.389189
 86.000000, 0.631783, 0.503876, 6.209302, 6.732558
 72.333333, 0.262673, 0.539171, 6.884793, 7.447005
 75.000000, 0.413333, 0.480000, 7.204444, 7.702222
 79.333333, 0.373950, 0.647059, 6.962185, 7.626050
33
 0.250000, 0.000000, 0.000000, 27.000000, 28.000000
 82.666667, 3.145161, 1.487903, 5.169355, 6.725806
 77.666667, 0.399142, 0.686695, 7.519313, 8.227468
 84.333333, 0.237154, 0.442688, 6.470356, 6.940711
 79.333333, 0.436975, 0.537815, 7.319328, 7.873950
 81.000000, 0.300412, 0.539095, 7.065844, 7.629630
 64.666667, 0.103093, 0.608247, 8.154639, 8.788660
 75.333333, 0.336283, 0.566372, 7.805310, 8.393805
 75.333333, 0.128319, 0.530973, 7.933628, 8.482301
 77.333333, 0.534483, 0.607759, 7.560345, 8.185345
 81.666667, 0.469388, 0.538776, 7.142857, 7.702041
 73.666667, 0.235294, 0.583710, 7.981900, 8.583710
 80.333333, 0.365145, 0.614108, 6.908714, 7.543568
 74.333333, 0.197309, 0.591928, 7.856502, 8.466368
 79.333333, 0.344538, 0.726891, 6.953782, 7.701681
 65.000000, 0.451282, 0.569231, 8.687179, 9.276923
 82.000000, 0.308943, 0.573171, 6.707317, 7.300813
 74.666667, 0.687500, 0.558036, 6.580357, 7.191964
 71.666667, 0.441860, 0.525581, 8.506977, 9.055814
 80.666667, 0.541322, 0.669421, 7.099174, 7.789256
34
 0.250000, 2.000000, 0.000000, 2.000000, 30.000000
 86.333333, 2.833977, 1.297297, 4.996139, 6.436293
 75.000000, 0.400000, 0.551111, 7.760000, 8.333333
 80.666667, 0.413223, 0.491736, 7.239669, 7.756198
 80.666667, 0.520661, 0.545455, 7.214876, 7.780992
 81.333333, 0.459016, 0.545082, 7.303279, 7.868852
 71.000000, 0.657277, 0.492958, 8.131455, 8.643192
 77.333333, 0.181034, 0.461207, 7.448276, 7.931034
 77.333333, 0.034483, 0.573276, 7.629310, 8.228448
 78.333333, 0.404255, 0.582979, 7.595745, 8.200000
 79.333333, 0.378151, 0.478992, 7.256303, 7.760504
 72.000000, 0.310185, 0.532407, 8.351852, 8.907407
 85.333333, 0.226563, 0.562500, 6.187500, 6.769531
 80.333333, 0.377593, 0.551867, 7.207469, 7.780083
 83.333333, 0.592000, 0.612000, 6.436000, 7.072000
 58.333333, 0.080000, 0.577143, 5.982857, 6.582857
 84.333333, 0.359684, 0.557312, 6.316206, 6.893281
 72.666667, 0.100917, 0.513761, 6.876147, 7.412844
 72.666667, 0.298165, 0.458716, 8.518349, 9.000000
 84.333333, 0.355731, 0.707510, 6.616601, 7.343874
35
 0.250000, 1.000000, 0.000000, 3.000000, 5.000000
 73.333333, 2.113636, 1.550000, 5.509091, 7.168182
 86.333333, 0.555985, 0.490347, 7.274131, 7.783784
 79.666667, 0.627615, 0.531381, 6.866109, 7.422594
 78.666667, 0.415254, 0.559322, 7.364407, 7.944915
 78.666667, 0.194915, 0.652542, 7.402542, 8.072034
 66.333333, 0.231156, 0.552764, 8.040201, 8.613065
 76.000000, 0.175439, 0.500000, 7.842105, 8.364035
 76.000000, 0.096491, 0.635965, 7.745614, 8.399123
 78.666667, 0.466102, 0.610169, 7.466102, 8.101695
 86.333333, 0.621622, 0.478764, 6.725869, 7.223938
 71.666667, 0.120930, 0.572093, 7.497674, 8.088372
 82.000000, 0.308943, 0.552846, 6.495935, 7.069106
 76.666667, 0.295652, 0.617391, 7.700000, 8.347826
 83.666667, 0.501992, 0.649402, 6.498008, 7.171315
 63.666667, 0.335079, 0.989529, 5.790576, 6.801047
 85.666667, 0.412451, 0.556420, 6.338521, 6.918288
 75.000000, 0.133333, 0.573333, 7.244444, 7.840000
 74.666667, 0.767857, 0.513393, 8.375000, 8.910714
 82.333333, 0.530364, 0.639676, 6.643725, 7.303644
36
 0.250000, 0.000000, 0.000000, 7.000000, 11.000000
 84.333333, 3.102767, 1.620553, 5.193676, 6.920949
 79.333333, 0.470588, 0.495798, 7.731092, 8.247899
 84.000000, 0.325397, 0.424603, 6.940476, 7.392857
 79.333333, 0.277311, 0.613445, 7.147059, 7.777311
 75.666667, 0.057269, 0.559471, 7.325991, 7.903084
 69.000000, 0.429952, 0.478261, 7.420290, 7.917874
 77.000000, 0.264069, 0.502165, 7.545455, 8.069264
 77.666667, 0.197425, 0.545064, 7.738197, 8.304721
 76.000000, 0.293860, 0.583333, 7.592105, 8.197368
 80.666667, 0.252066, 0.528926, 7.074380, 7.628099
 73.666667, 0.502262, 0.610860, 7.361991, 7.995475
 83.000000, 0.357430, 0.626506, 6.425703, 7.072289
 83.000000, 0.622490, 0.546185, 6.895582, 7.465863
 84.666667, 0.598425, 0.637795, 6.330709, 6.988189
 61.000000, 0.081967, 0.874317, 7.732240, 8.628415
 85.000000, 0.349020, 0.509804, 6.301961, 6.831373
 76.666667, 0.439130, 0.556522, 6.447826, 7.030435
 71.666667, 0.479070, 0.520930, 7.330233, 7.874419
 82.666667, 0.306452, 0.645161, 6.721774, 7.391129
37
 0.250000, 0.000000, 0.000000, 1.000000, 3.000000
 91.666667, 5.789091, 1.992727, 4.687273, 6.807273
 84.666667, 0.826772, 0.661417, 7.149606, 7.858268
 79.333333, 0.315126, 0.495798, 7.449580, 7.966387
 78.333333, 0.476596, 0.523404, 7.221277, 7.770213
 77.333333, 0.267241, 0.564655, 7.508621, 8.094828
 68.666667, 0.441748, 0.475728, 7.354369, 7.849515
 78.333333, 0.310638, 0.514894, 7.442553, 7.978723
 77.666667, 0.197425, 0.450644, 7.626609, 8.098712
 79.333333, 0.205882, 0.521008, 7.298319, 7.840336
 80.666667, 0.516529, 0.528926, 7.161157, 7.706612
 75.000000, 0.248889, 0.506667, 8.106667, 8.631111
 81.666667, 0.195918, 0.583673, 6.522449, 7.126531
 77.666667, 0.317597, 0.613734, 7.536481, 8.171674
 82.333333, 0.311741, 0.631579, 6.502024, 7.157895
 62.333333, 0.331551, 0.550802, 6.930481, 7.502674
 80.000000, 0.175000, 0.541667, 6.333333, 6.895833
 73.333333, 0.213636, 0.545455, 6.822727, 7.390909
 71.333333, 0.350467, 0.504673, 7.537383, 8.060748
 83.666667, 0.366534, 0.713147, 6.247012, 6.984064
38
 0.250000, 0.000000, 0.000000, 8.000000, 11.000000
 79.000000, 3.147679, 1.421941, 5.303797, 6.890295
 70.666667, 0.207547, 0.561321, 8.306604, 8.886792
 79.666667, 0.297071, 0.506276, 7.046025, 7.573222
 79.000000, 0.396624, 0.599156, 7.244726, 7.864979
 85.666667, 0.509728, 0.470817, 6.735409, 7.233463
 69.666667, 0.732057, 0.430622, 8.516746, 8.971292
 80.666667, 0.520661, 0.491736, 7.148760, 7.661157
 76.333333, 0.296943, 0.541485, 7.746725, 8.305677
 79.333333, 0.558824, 0.550420, 7.310924, 7.882353
 78.333333, 0.174468, 0.548936, 7.340426, 7.910638
 78.666667, 0.266949, 0.584746, 7.771186, 8.372881
 84.000000, 0.242063, 0.626984, 6.468254, 7.115079
 78.000000, 0.068376, 0.594017, 7.376068, 7.995726
 86.000000, 0.554264, 0.647287, 6.294574, 6.961240
 63.000000, 0.148148, 0.751323, 7.888889, 8.661376
 82.000000, 0.223577, 0.577236, 6.601626, 7.203252
 73.666667, 0.380090, 0.506787, 6.692308, 7.221719
 69.666667, 0.133971, 0.526316, 7.334928, 7.885167
 79.666667, 0.514644, 0.631799, 7.062762, 7.715481
39
 0.250000, 0.000000, 0.000000, 2.000000, 2.000000
 77.000000, 3.389610, 1.658009, 5.121212, 6.870130
 73.000000, 0.602740, 0.703196, 8.109589, 8.831050
 74.666667, 0.142857, 0.540179, 7.209821, 7.772321
 79.666667, 0.535565, 0.598326, 7.087866, 7.707113
 83.000000, 0.538153, 0.449799, 6.935743, 7.409639
 67.000000, 0.388060, 0.512438, 8.019900, 8.552239
 77.666667, 0.493562, 0.489270, 7.643777, 8.154506
 75.666667, 0.048458, 0.555066, 7.806167, 8.378855
 80.666667, 0.289256, 0.557851, 7.103306, 7.681818
 80.666667, 0.247934, 0.516529, 6.954545, 7.491736
 74.666667, 0.174107, 0.593750, 8.066964, 8.678571
 86.000000, 0.166667, 0.600775, 6.178295, 6.798450
 82.666667, 0.717742, 0.564516, 6.995968, 7.576613
 87.333333, 0.835878, 0.580153, 6.389313, 6.996183
 66.000000, 0.383838, 0.570707, 6.075758, 6.666667
 80.666667, 0.293388, 0.508264, 6.326446, 6.855372
 72.333333, 0.281106, 0.543779, 7.728111, 8.294931
 72.000000, 0.379630, 0.513889, 8.643519, 9.175926
 83.333333, 0.512000, 0.668000, 6.484000, 7.172000
40
 0.250000, 0.000000, 0.000000, 7.000000, 7.000000
 79.666667, 3.008368, 1.414226, 5.146444, 6.753138
 77.666667, 0.459227, 0.648069, 7.536481, 8.206009
 84.000000, 0.162698, 0.432540, 6.607143, 7.063492
 84.333333, 0.256917, 0.537549, 6.588933, 7.150198
 78.000000, 0.401709, 0.538462, 7.491453, 8.055556
 68.666667, 0.242718, 0.572816, 8.106796, 8.699029
 78.000000, 0.192308, 0.491453, 7.303419, 7.816239
 76.333333, 0.056769, 0.567686, 7.589520, 8.179039
 78.333333, 0.085106, 0.540426, 7.472340, 8.034043
 79.666667, 0.489540, 0.560669, 7.037657, 7.619247
 70.000000, 0.152381, 0.580952, 8.061905, 8.661905
 85.333333, 0.574219, 0.566406, 6.187500, 6.773438
 78.666667, 0.326271, 0.559322, 7.144068, 7.728814
 82.666667, 0.399194, 0.629032, 6.556452, 7.205645
 62.666667, 0.053191, 0.882979, 8.250000, 9.159574
 85.333333, 0.347656, 0.539063, 6.269531, 6.832031
 73.333333, 0.463636, 0.495455, 6.640909, 7.159091
 73.666667, 0.398190, 0.547511, 8.081448, 8.651584
 81.333333, 0.348361, 0.598361, 6.959016, 7.573770
41
 0.250000, 0.000000, 0.000000, 7.000000, 7.000000
 84.000000, 2.809524, 1.341270, 5.075397, 6.626984
 86.666667, 0.465385, 0.557692, 6.938462, 7.519231
 78.666667, 0.161017, 0.550847, 7.084746, 7.656780
 75.333333, 0.123894, 0.615044, 7.415929, 8.053097
 77.000000, 0.272727, 0.636364, 7.411255, 8.069264
 66.333333, 0.361809, 0.507538, 9.105528, 9.633166
 78.666667, 0.322034, 0.500000, 7.194915, 7.720339
 74.666667, 0.013393, 0.589286, 7.870536, 8.482143
 78.666667, 0.610169, 0.576271, 7.474576, 8.072034
 77.333333, 0.034483, 0.556034, 7.474138, 8.051724
 75.666667, 0.224670, 0.537445, 8.052863, 8.612335
 81.666667, 0.338776, 0.571429, 6.653061, 7.240816
 78.000000, 0.495726, 0.645299, 7.585470, 8.252137
 83.000000, 0.497992, 0.626506, 6.518072, 7.164659
 62.000000, 0.182796, 0.553763, 8.048387, 8.618280
 84.000000, 0.694444, 0.563492, 6.547619, 7.126984
 74.000000, 0.734234, 0.522523, 7.306306, 7.846847
 74.000000, 0.549550, 0.486486, 7.130631, 7.644144
 81.333333, 0.504098, 0.692623, 6.807377, 7.524590
42
 0.250000, 0.000000, 0.000000, 7.000000, 7.000000
 75.666667, 2.480176, 1.453744, 5.484581, 7.127753
 79.333333, 0.361345, 0.533613, 7.550420, 8.105042
 83.333333, 0.076000, 0.416000, 6.448000, 6.888000
 80.000000, 0.562500, 0.583333, 7.108333, 7.741667
 78.000000, 0.217949, 0.572650, 7.611111, 8.209402
 70.333333, 0.535545, 0.492891, 9.146919, 9.668246
 82.333333, 0.619433, 0.437247, 7.085020, 7.546559
 80.333333, 0.224066, 0.481328, 7.344398, 7.846473
 80.333333, 0.182573, 0.560166, 7.373444, 7.954357
 81.000000, 0.238683, 0.539095, 7.115226, 7.670782
 75.000000, 0.466667, 0.515556, 7.795556, 8.333333
 80.666667, 0.074380, 0.619835, 6.665289, 7.305785
 80.666667, 0.640496, 0.570248, 7.111570, 7.702479
 85.333333, 0.355469, 0.691406, 6.363281, 7.078125
 62.666667, 0.164894, 0.877660, 5.776596, 6.675532
 86.000000, 0.507752, 0.569767, 6.306202, 6.895349
 75.666667, 0.563877, 0.533040, 6.497797, 7.048458
 71.000000, 0.347418, 0.483568, 7.431925, 7.938967
 85.666667, 0.739300, 0.607004, 6.474708, 7.105058
43
 0.250000, 0.000000, 0.000000, 6.000000, 7.000000
 83.000000, 2.128514, 1.253012, 5.132530, 6.530120
 81.333333, 0.356557, 0.622951, 7.139344, 7.782787
 81.000000, 0.456790, 0.497942, 7.065844, 7.584362
 82.000000, 0.406504, 0.544715, 7.008130, 7.585366
 84.666667, 0.370079, 0.594488, 6.822835, 7.437008
 69.000000, 0.352657, 0.526570, 7.130435, 7.676329
 75.666667, 0.625551, 0.585903, 7.903084, 8.511013
 78.666667, 0.122881, 0.572034, 7.368644, 7.966102
 80.000000, 0.425000, 0.612500, 7.287500, 7.916667
 80.666667, 0.475207, 0.541322, 7.099174, 7.657025
 74.333333, 0.197309, 0.524664, 7.139013, 7.681614
 83.000000, 0.156627, 0.526104, 6.538153, 7.084337
 78.000000, 0.282051, 0.547009, 7.444444, 8.012821
 86.666667, 0.780769, 0.607692, 6.269231, 6.896154
 61.666667, 0.254054, 0.545946, 7.605405, 8.172973
 81.333333, 0.307377, 0.561475, 6.524590, 7.106557
 71.333333, 0.397196, 0.500000, 6.794393, 7.313084
 74.000000, 0.797297, 0.486486, 7.882883, 8.396396
 86.666667, 0.442308, 0.588462, 6.069231, 6.680769
44
 0.250000, 0.000000, 0.000000, 6.000000, 6.000000
 84.333333, 3.059289, 1.450593, 4.873518, 6.434783
 78.666667, 0.377119, 0.576271, 7.877119, 8.474576
 77.333333, 0.400862, 0.456897, 7.801724, 8.280172
 80.000000, 0.650000, 0.570833, 7.133333, 7.729167
 82.666667, 0.423387, 0.467742, 7.068548, 7.560484
 64.666667, 0.082474, 0.587629, 8.639175, 9.273196
 75.333333, 0.721239, 0.535398, 7.659292, 8.216814
 76.333333, 0.209607, 0.563319, 7.768559, 8.353712
 80.333333, 0.244813, 0.556017, 7.211618, 7.788382
 82.666667, 0.362903, 0.520161, 6.810484, 7.350806
 75.666667, 0.440529, 0.581498, 7.295154, 7.894273
 85.000000, 0.239216, 0.615686, 6.203922, 6.839216
 78.333333, 0.544681, 0.527660, 7.395745, 7.944681
 80.666667, 0.396694, 0.623967, 6.640496, 7.289256
 62.333333, 0.352941, 0.620321, 8.914439, 9.593583
 85.000000, 0.427451, 0.568627, 6.290196, 6.882353
 73.666667, 0.167421, 0.538462, 7.013575, 7.606335
 71.666667, 0.502326, 0.493023, 8.520930, 9.032558
 83.666667, 0.302789, 0.613546, 6.541833, 7.179283
45
 0.250000, 0.000000, 0.000000, 6.000000, 8.000000
 84.000000, 4.353175, 1.333333, 4.984127, 6.448413
 69.333333, 0.427885, 0.548077, 8.870192, 9.437500
 80.333333, 0.373444, 0.489627, 7.132780, 7.676349
 83.666667, 0.310757, 0.529880, 6.693227, 7.247012
 82.666667, 0.334677, 0.508065, 7.000000, 7.528226
 64.666667, 0.067010, 0.613402, 7.814433, 8.453608
 75.000000, 0.133333, 0.542222, 7.764444, 8.328889
 77.000000, 0.069264, 0.623377, 7.497835, 8.142857
 77.666667, 0.334764, 0.592275, 7.575107, 8.188841
 77.000000, 0.350649, 0.549784, 7.367965, 7.935065
 74.000000, 0.234234, 0.666667, 8.175676, 8.864865
 81.333333, 0.049180, 0.553279, 6.413934, 6.987705
 77.333333, 0.206897, 0.573276, 7.375000, 7.969828
 82.000000, 0.471545, 0.658537, 6.686992, 7.365854
 62.333333, 0.128342, 0.673797, 6.005348, 6.705882
 84.000000, 0.226190, 0.511905, 6.329365, 6.865079
 73.000000, 0.342466, 0.488584, 7.351598, 7.863014
 71.333333, 0.612150, 0.471963, 8.542056, 9.037383
 79.000000, 0.244726, 0.590717, 7.274262, 7.886076
46
 0.250000, 1.000000, 0.000000, 6.000000, 7.000000
 83.333333, 3.052000, 1.560000, 5.008000, 6.636000
 82.666667, 0.221774, 0.665323, 7.419355, 8.108871
 78.333333, 0.102128, 0.472340, 7.306383, 7.800000
 77.333333, 0.577586, 0.612069, 7.512931, 8.142241
 78.666667, 0.190678, 0.618644, 7.305085, 7.944915
 67.333333, 0.232673, 0.579208, 8.985149, 9.589109
 76.333333, 0.179039, 0.502183, 7.593886, 8.122271
 79.000000, 0.215190, 0.556962, 7.261603, 7.835443
 79.333333, 0.558824, 0.596639, 7.529412, 8.147059
 78.666667, 0.478814, 0.559322, 7.529661, 8.110169
 76.666667, 0.604348, 0.504348, 7.639130, 8.165217
 83.666667, 0.147410, 0.553785, 6.322709, 6.928287
 76.000000, 0.263158, 0.578947, 7.842105, 8.438596
 86.000000, 0.604651, 0.600775, 6.352713, 6.972868
 63.000000, 0.222222, 0.968254, 7.460317, 8.444444
 83.666667, 0.215139, 0.557769, 6.418327, 6.996016
 73.000000, 0.369863, 0.488584, 6.552511, 7.059361
 74.666667, 0.397321, 0.401786, 8.169643, 8.593750
 85.000000, 0.611765, 0.619608, 6.643137, 7.286275
47
 0.250000, 0.000000, 0.000000, 2.000000, 3.000000
 81.000000, 5.213992, 1.786008, 5.279835, 7.279835
 80.333333, 0.609959, 0.448133, 7.564315, 8.033195
 81.333333, 0.110656, 0.459016, 6.688525, 7.168033
 82.333333, 0.554656, 0.562753, 6.939271, 7.522267
 82.666667, 0.500000, 0.487903, 7.032258, 7.540323
 64.666667, 0.314433, 0.520619, 7.541237, 8.082474
 80.000000, 0.345833, 0.491667, 7.329167, 7.837500
 78.333333, 0.229787, 0.531915, 7.638298, 8.191489
 82.333333, 0.404858, 0.538462, 7.157895, 7.720648
 80.000000, 0.529167, 0.520833, 7.454167, 7.995833
 74.000000, 0.342342, 0.549550, 7.783784, 8.355856
 80.000000, 0.258333, 0.620833, 6.658333, 7.300000
 78.000000, 0.440171, 0.581197, 7.444444, 8.047009
 82.333333, 0.558704, 0.684211, 6.578947, 7.283401
 58.333333, 0.582857, 0.640000, 9.028571, 9.691429
 83.000000, 0.349398, 0.546185, 6.738956, 7.305221
 74.666667, 0.558036, 0.531250, 6.491071, 7.044643
 73.333333, 0.631818, 0.486364, 7.027273, 7.536364
 81.000000, 0.572016, 0.609053, 6.884774, 7.518519
48
 0.250000, 0.000000, 0.000000, 6.000000, 7.000000
 81.666667, 4.657143, 1.579592, 5.204082, 6.914286
 78.666667, 0.724576, 0.796610, 7.576271, 8.394068
 79.666667, 0.163180, 0.518828, 7.326360, 7.861925
 78.666667, 0.266949, 0.644068, 7.135593, 7.800847
 78.333333, 0.246809, 0.634043, 7.374468, 8.034043
 66.666667, 0.250000, 0.515000, 7.505000, 8.045000
 78.000000, 0.256410, 0.495726, 7.602564, 8.119658
 76.666667, 0.147826, 0.578261, 7.773913, 8.373913
 80.000000, 0.704167, 0.595833, 7.595833, 8.208333
 80.000000, 0.283333, 0.533333, 7.079167, 7.633333
 73.000000, 0.383562, 0.579909, 7.575342, 8.178082
 81.000000, 0.205761, 0.646091, 6.633745, 7.300412
 78.666667, 0.495763, 0.614407, 7.444915, 8.080508
 90.000000, 0.959259, 0.629630, 6.166667, 6.818519
 62.666667, 0.500000, 0.606383, 8.643617, 9.265957
 84.333333, 0.351779, 0.494071, 6.474308, 6.988142
 73.666667, 0.244344, 0.511312, 6.764706, 7.330317
 72.666667, 0.655963, 0.481651, 7.045872, 7.550459
 86.666667, 0.384615, 0.642308, 6.426923, 7.119231
49
 0.250000, 0.000000, 0.000000, 1.000000, 1.000000
 87.000000, 4.689655, 1.831418, 4.950192, 6.839080
 78.000000, 0.756410, 0.769231, 7.952991, 8.743590
 80.333333, 0.373444, 0.493776, 7.103734, 7.618257
 79.000000, 0.172996, 0.548523, 7.253165, 7.822785
 81.333333, 0.352459, 0.557377, 7.098361, 7.676230
 70.000000, 0.666667, 0.533333, 8.023810, 8.580952
 75.666667, 0.171806, 0.533040, 7.665198, 8.220264
 76.333333, 0.170306, 0.524017, 7.873362, 8.414847
 78.666667, 0.411017, 0.555085, 7.444915, 8.021186
 82.333333, 0.384615, 0.518219, 6.923077, 7.457490
 74.666667, 0.348214, 0.580357, 7.517857, 8.120536
 82.000000, 0.479675, 0.654472, 6.463415, 7.142276
 80.333333, 0.406639, 0.556017, 7.232365, 7.809129
 85.666667, 0.634241, 0.599222, 6.389105, 7.011673
 61.666667, 0.372973, 0.600000, 8.129730, 8.751351
 83.666667, 0.338645, 0.537849, 6.490040, 7.051793
 74.333333, 0.426009, 0.542601, 7.654709, 8.215247
 71.333333, 0.523364, 0.481308, 7.724299, 8.224299
 85.333333, 0.675781, 0.652344, 6.488281, 7.160156
50
 0.250000, 0.000000, 0.000000, 1.000000, 1.000000
 89.666667, 3.315985, 1.546468, 4.996283, 6.669145
 79.000000, 0.666667, 0.763713, 7.713080, 8.497890
 79.666667, 0.209205, 0.472803, 6.765690, 7.255230
 82.333333, 0.769231, 0.526316, 6.829960, 7.376518
 83.666667, 0.446215, 0.418327, 6.860558, 7.302789
 69.000000, 0.318841, 0.444444, 8.183575, 8.647343
 78.666667, 0.144068, 0.546610, 7.368644, 7.932203
 77.000000, 0.337662, 0.523810, 7.658009, 8.203463
 81.666667, 0.612245, 0.542857, 7.040816, 7.604082
 84.666667, 0.389764, 0.468504, 6.779528, 7.295276
 75.666667, 0.246696, 0.568282, 8.224670, 8.814978
 83.666667, 0.235060, 0.649402, 6.410359, 7.079681
 74.333333, 0.291480, 0.609865, 7.784753, 8.412556
 84.333333, 0.770751, 0.608696, 6.541502, 7.166008
 63.666667, 0.418848, 0.821990, 7.528796, 8.371728
 81.666667, 0.314286, 0.530612, 6.763265, 7.314286
 73.333333, 0.463636, 0.522727, 6.754545, 7.309091
 72.000000, 0.333333, 0.486111, 8.555556, 9.060185
 82.666667, 0.245968, 0.629032, 6.645161, 7.298387
51
 0.250000, 0.000000, 0.000000, 9.000000, 10.000000
 81.666667, 2.706122, 1.497959, 5.008163, 6.567347
 74.333333, 0.094170, 0.533632, 8.080717, 8.641256
 86.333333, 0.181467, 0.405405, 6.413127, 6.837838
 82.000000, 0.325203, 0.577236, 6.772358, 7.373984
 77.333333, 0.125000, 0.603448, 7.327586, 7.952586
 68.333333, 0.287805, 0.565854, 8.951220, 9.536585
 81.666667, 0.510204, 0.469388, 7.240816, 7.738776
 79.333333, 0.163866, 0.546218, 7.575630, 8.147059
 79.333333, 0.365546, 0.529412, 7.327731, 7.878151
 81.333333, 0.274590, 0.508197, 6.959016, 7.487705
 75.000000, 0.257778, 0.537778, 7.102222, 7.657778
 81.666667, 0.310204, 0.616327, 6.665306, 7.302041
 78.000000, 0.474359, 0.547009, 7.350427, 7.914530
 84.333333, 0.569170, 0.604743, 6.418972, 7.071146
 60.333333, 0.149171, 0.602210, 8.740331, 9.364641
 85.333333, 0.468750, 0.542969, 6.226563, 6.792969
 73.000000, 0.246575, 0.520548, 6.575342, 7.118721
 69.333333, 0.399038, 0.548077, 7.423077, 7.990385
 84.000000, 0.527778, 0.619048, 6.646825, 7.285714
52
 0.250000, 0.000000, 0.000000, 9.000000, 10.000000
 82.000000, 3.069106, 1.475610, 5.056911, 6.682927
 76.666667, 0.495652, 0.500000, 7.813043, 8.330435
 78.666667, 0.194915, 0.525424, 7.317797, 7.860169
 81.666667, 0.195918, 0.563265, 6.865306, 7.448980
 80.666667, 0.371901, 0.524793, 7.169421, 7.714876
 71.000000, 0.460094, 0.427230, 7.394366, 7.849765
 80.666667, 0.599174, 0.508264, 7.252066, 7.780992
 75.333333, 0.101770, 0.566372, 7.858407, 8.442478
 78.666667, 0.648305, 0.550847, 7.550847, 8.127119
 82.333333, 0.307692, 0.485830, 7.056680, 7.566802
 74.333333, 0.080717, 0.547085, 7.511211, 8.076233
 82.000000, 0.174797, 0.556911, 6.495935, 7.101626
 80.000000, 0.625000, 0.516667, 7.075000, 7.612500
 82.333333, 0.267206, 0.631579, 6.421053, 7.072874
 64.666667, 0.396907, 0.953608, 6.159794, 7.134021
 82.333333, 0.263158, 0.530364, 6.550607, 7.105263
 73.000000, 0.127854, 0.579909, 7.812785, 8.415525
 74.000000, 0.351351, 0.504505, 8.414414, 8.941441
 84.000000, 0.698413, 0.587302, 6.769841, 7.380952
53
 0.250000, 0.000000, 0.000000, 8.000000, 9.000000
 100.000000, 7.003333, 2.023333, 4.390000, 6.460000
 72.666667, 0.454128, 0.527523, 8.403670, 8.949541
 75.666667, 0.405286, 0.537445, 7.533040, 8.092511
 76.666667, 0.334783, 0.613043, 7.626087, 8.260870
 78.000000, 0.418803, 0.602564, 7.444444, 8.064103
 65.000000, 0.030769, 0.564103, 8.605128, 9.194872
 78.000000, 0.440171, 0.491453, 7.555556, 8.072650
 78.333333, 0.289362, 0.531915, 7.795745, 8.348936
 79.333333, 0.441176, 0.592437, 7.294118, 7.907563
 84.000000, 0.269841, 0.484127, 6.845238, 7.349206
 75.333333, 0.336283, 0.495575, 7.539823, 8.057522
 83.000000, 0.212851, 0.566265, 6.510040, 7.096386
 77.666667, 0.446352, 0.609442, 7.403433, 8.034335
 84.000000, 0.595238, 0.630952, 6.349206, 7.000000
 60.333333, 0.276243, 0.977901, 8.265193, 9.265193
 84.000000, 0.337302, 0.559524, 6.075397, 6.654762
 74.333333, 0.381166, 0.529148, 7.443946, 8.022422
 74.666667, 0.486607, 0.468750, 7.946429, 8.433036
 80.333333, 0.585062, 0.676349, 6.746888, 7.448133
54
 0.250000, 0.000000, 0.000000, 8.000000, 9.000000
 82.333333, 3.153846, 1.291498, 4.898785, 6.303644
 85.333333, 0.402344, 0.457031, 7.000000, 7.476563
 82.666667, 0.290323, 0.475806, 6.818548, 7.314516
 78.000000, 0.482906, 0.521368, 7.290598, 7.833333
 81.333333, 0.438525, 0.536885, 7.040984, 7.602459
 69.000000, 0.483092, 0.507246, 8.352657, 8.879227
 79.000000, 0.194093, 0.514768, 7.430380, 7.966245
 77.666667, 0.111588, 0.540773, 7.562232, 8.128755
 81.333333, 0.491803, 0.536885, 7.000000, 7.557377
 83.000000, 0.626506, 0.542169, 6.955823, 7.518072
 77.333333, 0.392241, 0.495690, 7.788793, 8.306034
 84.000000, 0.369048, 0.535714, 6.527778, 7.087302
 77.000000, 0.493506, 0.554113, 7.437229, 8.008658
 83.333333, 0.640000, 0.660000, 6.716000, 7.400000
 61.333333, 0.195652, 1.076087, 5.831522, 6.929348
 85.666667, 0.505837, 0.552529, 6.404669, 7.003891
 74.000000, 0.459459, 0.558559, 6.459459, 7.045045
 70.666667, 0.575472, 0.523585, 7.117925, 7.660377
 83.666667, 0.442231, 0.573705, 6.629482, 7.227092
55
 0.250000, 0.000000, 0.000000, 8.000000, 9.000000
 88.000000, 3.450758, 1.488636, 4.560606, 6.166667
 81.000000, 0.271605, 0.518519, 7.403292, 7.975309
 78.333333, 0.331915, 0.497872, 7.493617, 8.017021
 74.000000, 0.229730, 0.684685, 7.540541, 8.279279
 78.333333, 0.221277, 0.604255, 7.234043, 7.855319
 64.666667, 0.041237, 0.618557, 7.659794, 8.298969
 77.666667, 0.420601, 0.502146, 7.527897, 8.051502
 76.333333, 0.161572, 0.541485, 7.781659, 8.344978
 78.333333, 0.629787, 0.557447, 7.382979, 7.965957
 81.666667, 0.461224, 0.489796, 7.057143, 7.567347
 75.000000, 0.351111, 0.511111, 7.466667, 8.031111
 86.333333, 0.389961, 0.559846, 6.204633, 6.787645
 79.333333, 0.638655, 0.617647, 7.134454, 7.773109
 81.000000, 0.345679, 0.662551, 6.588477, 7.275720
 64.666667, 0.355670, 0.541237, 6.185567, 6.752577
 77.000000, 0.181818, 0.519481, 6.740260, 7.281385
 73.333333, 0.304545, 0.504545, 7.695455, 8.227273
 73.333333, 0.136364, 0.522727, 8.068182, 8.613636
 83.333333, 0.388000, 0.624000, 6.512000, 7.164000
56
 0.250000, 0.000000, 0.000000, 8.000000, 9.000000
 90.333333, 4.147601, 1.627306, 4.756458, 6.490775
 79.333333, 0.483193, 0.495798, 7.584034, 8.100840
 76.000000, 0.135965, 0.561404, 7.530702, 8.114035
 76.333333, 0.183406, 0.637555, 7.467249, 8.126638
 77.333333, 0.431034, 0.603448, 7.422414, 8.043103
 67.333333, 0.465347, 0.603960, 8.693069, 9.321782
 79.000000, 0.244726, 0.464135, 7.472574, 7.957806
 78.666667, 0.152542, 0.483051, 7.792373, 8.292373
 78.000000, 0.508547, 0.615385, 7.512821, 8.149573
 78.666667, 0.266949, 0.555085, 7.313559, 7.889831
 73.333333, 0.100000, 0.504545, 7.295455, 7.822727
 82.666667, 0.189516, 0.584677, 6.475806, 7.084677
 79.333333, 0.500000, 0.609244, 7.546218, 8.176471
 82.000000, 0.337398, 0.666667, 6.491870, 7.182927
 63.000000, 0.306878, 0.603175, 7.264550, 7.899471
 85.333333, 0.371094, 0.523438, 6.527344, 7.070313
 74.333333, 0.139013, 0.538117, 6.632287, 7.188341
 70.000000, 0.361905, 0.514286, 7.947619, 8.485714
 82.666667, 0.560484, 0.641129, 6.455645, 7.116935
57
 0.250000, 0.000000, 0.000000, 8.000000, 8.000000
 80.333333, 2.663900, 1.468880, 5.344398, 6.908714
 78.333333, 0.582979, 0.480851, 7.719149, 8.225532
 81.666667, 0.289796, 0.489796, 6.848980, 7.359184
 81.333333, 0.393443, 0.520492, 7.163934, 7.704918
 81.333333, 0.258197, 0.528689, 7.065574, 7.622951
 64.666667, 0.247423, 0.618557, 9.463918, 10.108247
 76.666667, 0.100000, 0.517391, 7.513043, 8.052174
 75.000000, 0.013333, 0.560000, 7.964444, 8.542222
 79.333333, 0.319328, 0.567227, 7.457983, 8.046218
 76.000000, 0.241228, 0.570175, 7.587719, 8.175439
 75.000000, 0.262222, 0.528889, 7.324444, 7.875556
 81.666667, 0.151020, 0.591837, 6.587755, 7.200000
 80.666667, 0.756198, 0.528926, 7.152893, 7.731405
 84.666667, 0.437008, 0.614173, 6.377953, 7.015748
 62.000000, 0.505376, 0.661290, 7.209677, 7.897849
 81.333333, 0.266393, 0.569672, 6.647541, 7.237705
 73.000000, 0.342466, 0.566210, 7.027397, 7.611872
 73.333333, 0.527273, 0.563636, 8.027273, 8.613636
 85.333333, 0.800781, 0.597656, 6.445313, 7.062500
58
 0.250000, 0.000000, 7.000000, 1.000000, 9.000000
 82.666667, 2.741935, 1.580645, 5.350806, 7.004032
 81.000000, 0.341564, 0.489712, 7.189300, 7.703704
 84.666667, 0.291339, 0.460630, 6.444882, 6.925197
 79.666667, 0.209205, 0.556485, 7.163180, 7.740586
 80.000000, 0.162500, 0.529167, 7.104167, 7.658333
 65.000000, 0.071795, 0.538462, 8.528205, 9.092308
 74.333333, 0.134529, 0.497758, 7.721973, 8.242152
 75.666667, 0.185022, 0.541850, 7.903084, 8.471366
 82.333333, 0.417004, 0.591093, 7.056680, 7.668016
 80.666667, 0.347107, 0.561983, 7.033058, 7.615702
 74.666667, 0.602679, 0.571429, 7.316964, 7.906250
 82.333333, 0.473684, 0.655870, 6.578947, 7.255061
 79.666667, 0.485356, 0.594142, 7.276151, 7.891213
 84.333333, 0.347826, 0.628458, 6.403162, 7.055336
 63.000000, 0.238095, 1.015873, 5.656085, 6.698413
 83.000000, 0.562249, 0.510040, 6.686747, 7.220884
 73.666667, 0.312217, 0.552036, 6.384615, 6.959276
 73.666667, 0.276018, 0.484163, 7.438914, 7.945701
 80.666667, 0.132231, 0.570248, 6.888430, 7.479339
59
 0.250000, 0.000000, 0.000000, 1.000000, 2.000000
 79.666667, 2.167364, 1.485356, 5.280335, 6.941423
 78.333333, 0.323404, 0.485106, 7.748936, 8.255319
 84.666667, 0.283465, 0.440945, 6.669291, 7.129921
 79.000000, 0.540084, 0.561181, 7.371308, 7.957806
 76.666667, 0.143478, 0.630435, 7.382609, 8.030435
 66.000000, 0.212121, 0.560606, 8.505051, 9.085859
 77.666667, 0.128755, 0.536481, 7.493562, 8.051502
 74.000000, 0.117117, 0.572072, 8.072072, 8.666667
 78.000000, 0.474359, 0.589744, 7.538462, 8.149573
 74.666667, 0.147321, 0.540179, 7.852679, 8.410714
 72.333333, 0.345622, 0.548387, 7.838710, 8.410138
 80.000000, 0.237500, 0.637500, 6.804167, 7.466667
 76.333333, 0.432314, 0.598253, 7.772926, 8.388646
 83.666667, 0.322709, 0.665339, 6.466135, 7.151394
 60.000000, 0.166667, 0.655556, 6.016667, 6.700000
 85.333333, 0.421875, 0.531250, 6.386719, 6.941406
 72.000000, 0.152778, 0.476852, 6.625000, 7.125000
 71.333333, 0.523364, 0.518692, 8.084112, 8.621495
 83.000000, 0.767068, 0.634538, 6.791165, 7.445783
60
 0.250000, 0.000000, 0.000000, 29.000000, 29.000000
 98.666667, 7.469595, 1.996622, 4.780405, 6.966216
 78.333333, 0.663830, 0.557447, 7.791489, 8.370213
 81.666667, 0.371429, 0.493878, 6.444898, 6.963265
 81.666667, 0.448980, 0.489796, 6.885714, 7.428571
 80.333333, 0.211618, 0.510373, 7.302905, 7.834025
 65.333333, 0.204082, 0.627551, 8.117347, 8.765306
 76.333333, 0.314410, 0.506550, 7.729258, 8.257642
 77.000000, 0.086580, 0.562771, 7.692641, 8.277056
 78.333333, 0.246809, 0.553191, 7.468085, 8.042553
 76.666667, 0.113043, 0.573913, 7.265217, 7.860870
 76.666667, 0.560870, 0.500000, 7.408696, 7.926087
 82.333333, 0.340081, 0.643725, 6.384615, 7.048583
 79.000000, 0.582278, 0.552743, 7.312236, 7.881857
 85.000000, 0.584314, 0.631373, 6.290196, 6.945098
 60.666667, 0.565934, 0.576923, 8.708791, 9.307692
 85.000000, 0.407843, 0.521569, 6.549020, 7.090196
 73.000000, 0.242009, 0.520548, 6.671233, 7.210046
 73.666667, 0.366516, 0.515837, 6.873303, 7.411765
 84.666667, 0.696850, 0.606299, 6.539370, 7.169291
61
 0.250000, 0.000000, 0.000000, 28.000000, 29.000000
 88.666667, 3.729323, 1.545113, 4.548872, 6.266917
 82.000000, 0.544715, 0.520325, 7.455285, 7.991870
 80.333333, 0.307054, 0.506224, 6.962656, 7.510373
 80.333333, 0.128631, 0.526971, 6.995851, 7.543568
 83.000000, 0.397590, 0.566265, 6.714859, 7.301205
 70.666667, 0.405660, 0.518868, 7.570755, 8.108491
 77.666667, 0.326180, 0.497854, 7.592275, 8.107296
 74.666667, 0.267857, 0.522321, 8.312500, 8.852679
 76.666667, 0.573913, 0.565217, 7.721739, 8.308696
 78.000000, 0.269231, 0.547009, 7.444444, 8.008547
 74.333333, 0.255605, 0.565022, 8.304933, 8.887892
 78.000000, 0.243590, 0.670940, 6.940171, 7.632479
 77.000000, 0.489177, 0.679654, 7.705628, 8.406926
 81.666667, 0.400000, 0.669388, 6.555102, 7.248980
 62.000000, 0.306452, 0.688172, 5.887097, 6.591398
 80.000000, 0.391667, 0.579167, 6.950000, 7.554167
 74.333333, 0.309417, 0.538117, 6.596413, 7.161435
 72.666667, 0.371560, 0.490826, 8.683486, 9.197248
 81.666667, 0.355102, 0.661224, 6.616327, 7.297959
62
 0.250000, 0.000000, 0.000000, 28.000000, 28.000000
 76.333333, 4.262009, 1.576419, 5.751092, 7.541485
 81.666667, 0.538776, 0.804082, 7.048980, 7.873469
 74.666667, 0.178571, 0.540179, 7.736607, 8.299107
 74.333333, 0.103139, 0.623318, 7.632287, 8.273543
 79.000000, 0.143460, 0.616034, 7.118143, 7.755274
 63.666667, 0.141361, 0.664921, 8.633508, 9.324607
 74.333333, 0.116592, 0.520179, 7.784753, 8.327354
 77.333333, 0.185345, 0.599138, 7.693966, 8.314655
 78.000000, 0.397436, 0.594017, 7.512821, 8.123932
 78.666667, 0.279661, 0.538136, 7.300847, 7.855932
 72.333333, 0.207373, 0.543779, 7.603687, 8.165899
 82.000000, 0.117886, 0.565041, 6.479675, 7.065041
 78.666667, 0.432203, 0.521186, 7.423729, 7.966102
 79.000000, 0.763713, 0.683544, 6.856540, 7.561181
 59.000000, 0.259887, 0.581921, 9.372881, 9.971751
 82.666667, 0.620968, 0.508065, 6.637097, 7.165323
 75.666667, 0.378855, 0.453744, 6.735683, 7.211454
 73.000000, 0.484018, 0.566210, 8.634703, 9.219178
 79.333333, 0.684874, 0.605042, 6.957983, 7.588235
63
 0.250000, 0.000000, 0.000000, 28.000000, 28.000000
 82.333333, 4.582996, 1.781377, 5.510121, 7.380567
 78.333333, 0.165957, 0.553191, 7.459574, 8.034043
 80.666667, 0.500000, 0.483471, 6.991736, 7.491736
 79.666667, 0.100418, 0.564854, 7.037657, 7.623431
 78.666667, 0.161017, 0.572034, 7.110169, 7.707627
 66.333333, 0.140704, 0.597990, 7.698492, 8.316583
 75.333333, 0.075221, 0.535398, 7.676991, 8.234513
 76.000000, 0.070175, 0.587719, 7.890351, 8.500000
 77.666667, 0.257511, 0.532189, 7.703863, 8.270386
 80.000000, 0.254167, 0.537500, 7.158333, 7.712500
 76.666667, 0.382609, 0.508696, 7.356522, 7.886957
 81.666667, 0.391837, 0.620408, 6.567347, 7.208163
 79.000000, 0.700422, 0.523207, 7.320675, 7.864979
 84.333333, 0.553360, 0.671937, 6.521739, 7.217391
 61.666667, 0.237838, 0.594595, 5.902703, 6.518919
 84.000000, 0.392857, 0.555556, 6.424603, 7.003968
 72.333333, 0.276498, 0.529954, 7.202765, 7.751152
 72.000000, 0.550926, 0.495370, 8.662037, 9.180556
 83.666667, 0.701195, 0.601594, 6.597610, 7.215139
Histogram
0 0 0 0 0 0 0 0 0 0 2 0 0 0 0 0 0 0 0 0 2 0 0 0 0 0 0 0 0 0 2 0 0 0 0 0 0 0 0 0 0 0 0 0 0 0 0 0 0 0 1 0 0 0 0 0 0 0 0 0 1 3 2 4 9 8 14 21 44 49 68 67 56 57 39 51 63 69 78 79 85 66 55 51 36 23 30 10 15 10 19 13 14 7 1 3 5 0 1 3 2 1 0 0 0 0 0 0 0 0 2 0 0 0 0 0 0 0 0 39 
Cache Miss Ratio
0.004153044389862002
numOfSets
0
numOfGets
297613
numOfMultiGets
0
