20
0
 0.250000, 0.000000, 0.000000, 15.000000, 65.000000
 47.666667, 0.846154, 0.895105, 3.384615, 4.314685
 55.666667, 0.293413, 0.556886, 3.221557, 3.802395
 54.333333, 0.116564, 0.374233, 2.098160, 2.496933
 50.000000, 0.026667, 0.333333, 2.093333, 2.446667
 57.333333, 0.116279, 0.331395, 2.110465, 2.465116
 56.666667, 0.111765, 0.358824, 2.147059, 2.529412
 51.666667, 0.174194, 0.354839, 2.290323, 2.683871
 36.666667, 0.018182, 0.427273, 5.145455, 5.600000
 50.666667, 0.111842, 0.368421, 3.769737, 4.164474
 49.666667, 0.107383, 0.496644, 2.536913, 3.053691
 53.333333, 0.131250, 0.350000, 2.137500, 2.506250
 57.333333, 0.017442, 0.377907, 2.104651, 2.505814
 57.000000, 0.128655, 0.345029, 2.187135, 2.555556
 57.333333, 0.145349, 0.372093, 2.401163, 2.802326
 62.000000, 0.182796, 0.317204, 2.043011, 2.387097
 57.666667, 0.063584, 0.329480, 2.046243, 2.439306
 58.000000, 0.413793, 0.362069, 2.482759, 2.873563
 59.333333, 0.219101, 0.359551, 2.146067, 2.533708
 57.666667, 0.213873, 0.346821, 2.109827, 2.479769
1
 0.250000, 0.000000, 3.000000, 8.000000, 77.000000
 46.000000, 0.731884, 0.833333, 3.057971, 3.978261
 51.666667, 0.348387, 0.651613, 3.045161, 3.722581
 57.666667, 0.115607, 0.393064, 2.046243, 2.462428
 53.333333, 0.100000, 0.281250, 2.206250, 2.512500
 61.000000, 0.081967, 0.311475, 2.071038, 2.404372
 54.333333, 0.042945, 0.386503, 2.288344, 2.699387
 54.000000, 0.043210, 0.339506, 2.216049, 2.574074
 40.000000, 0.491667, 0.725000, 3.850000, 4.608333
 54.000000, 0.382716, 0.635802, 2.530864, 3.197531
 53.000000, 0.169811, 0.352201, 2.503145, 2.880503
 54.000000, 0.141975, 0.308642, 2.203704, 2.537037
 56.666667, 0.000000, 0.305882, 2.117647, 2.447059
 56.666667, 0.052941, 0.335294, 2.047059, 2.405882
 57.000000, 0.228070, 0.339181, 2.128655, 2.514620
 59.666667, 0.139665, 0.301676, 2.016760, 2.346369
 56.666667, 0.070588, 0.329412, 2.076471, 2.435294
 59.333333, 0.601124, 0.494382, 2.589888, 3.140449
 59.666667, 0.206704, 0.312849, 2.486034, 2.821229
 59.666667, 0.430168, 0.441341, 2.530726, 3.000000
2
 0.250000, 0.000000, 3.000000, 1.000000, 65.000000
 45.000000, 1.222222, 0.837037, 3.140741, 4.103704
 55.666667, 0.359281, 0.892216, 3.610778, 4.526946
 59.666667, 0.329609, 0.379888, 2.083799, 2.491620
 53.666667, 0.155280, 1.142857, 2.975155, 4.142857
 61.666667, 0.097297, 0.335135, 2.237838, 2.594595
 57.333333, 0.215116, 0.424419, 2.087209, 2.540698
 53.666667, 0.018634, 0.329193, 2.267081, 2.627329
 39.666667, 0.168067, 0.294118, 2.176471, 2.504202
 56.000000, 0.619048, 0.321429, 2.696429, 3.041667
 51.000000, 0.091503, 0.352941, 2.137255, 2.516340
 53.000000, 0.031447, 0.339623, 2.138365, 2.503145
 59.000000, 0.124294, 0.361582, 2.096045, 2.480226
 52.666667, 0.025316, 0.367089, 2.367089, 2.753165
 58.666667, 0.267045, 0.357955, 2.125000, 2.505682
 60.333333, 0.110497, 0.298343, 2.071823, 2.436464
 57.333333, 0.261628, 0.406977, 2.063953, 2.494186
 58.000000, 0.597701, 0.402299, 2.442529, 2.873563
 54.666667, 0.042683, 0.335366, 2.378049, 2.737805
 55.000000, 0.224242, 0.363636, 2.145455, 2.533333
3
 0.250000, 0.000000, 3.000000, 1.000000, 65.000000
 43.333333, 1.300000, 0.846154, 3.115385, 4.007692
 54.333333, 0.496933, 0.601227, 3.693252, 4.361963
 60.666667, 0.203297, 0.340659, 2.071429, 2.439560
 53.333333, 0.337500, 0.612500, 2.437500, 3.075000
 56.333333, 0.047337, 0.295858, 2.082840, 2.408284
 58.333333, 0.217143, 0.325714, 2.057143, 2.405714
 53.333333, 0.093750, 0.412500, 2.250000, 2.681250
 39.666667, 0.176471, 0.453782, 2.596639, 3.084034
 51.333333, 0.207792, 0.402597, 2.194805, 2.623377
 50.333333, 0.331126, 0.423841, 2.178808, 2.629139
 59.333333, 0.348315, 0.275281, 2.949438, 3.252809
 60.000000, 0.188889, 0.338889, 2.122222, 2.483333
 55.333333, 0.120482, 0.283133, 2.246988, 2.548193
 59.666667, 0.268156, 0.402235, 2.430168, 2.854749
 60.000000, 0.105556, 0.311111, 2.100000, 2.438889
 58.666667, 0.113636, 0.329545, 2.630682, 2.988636
 56.666667, 0.276471, 0.482353, 2.347059, 2.852941
 54.000000, 0.086420, 0.370370, 2.098765, 2.530864
 56.666667, 0.270588, 0.458824, 2.170588, 2.652941
4
 0.250000, 0.000000, 3.000000, 2.000000, 65.000000
 47.666667, 1.265734, 0.867133, 3.048951, 3.958042
 57.666667, 0.265896, 0.502890, 3.052023, 3.583815
 55.000000, 0.127273, 0.339394, 2.096970, 2.454545
 52.333333, 0.318471, 0.305732, 2.108280, 2.433121
 58.333333, 0.057143, 0.308571, 2.097143, 2.428571
 59.333333, 0.179775, 0.342697, 2.050562, 2.421348
 53.000000, 0.069182, 0.345912, 2.201258, 2.572327
 38.000000, 0.043860, 0.350877, 3.438596, 3.815789
 51.666667, 0.148387, 0.367742, 3.748387, 4.135484
 50.000000, 0.073333, 0.320000, 2.133333, 2.473333
 57.000000, 0.280702, 0.298246, 2.526316, 2.847953
 62.000000, 0.150538, 0.317204, 2.145161, 2.489247
 56.666667, 0.288235, 0.317647, 2.711765, 3.094118
 57.666667, 0.127168, 0.387283, 2.138728, 2.549133
 57.333333, 0.063953, 0.325581, 2.110465, 2.459302
 57.666667, 0.323699, 0.375723, 2.676301, 3.075145
 57.333333, 0.453488, 0.424419, 2.412791, 2.860465
 58.666667, 0.238636, 0.306818, 2.312500, 2.636364
 58.666667, 0.142045, 0.323864, 2.119318, 2.465909
5
 0.250000, 1.000000, 3.000000, 11.000000, 62.000000
 45.000000, 1.451852, 1.081481, 2.962963, 4.200000
 55.000000, 0.333333, 0.624242, 3.612121, 4.260606
 57.333333, 0.215116, 0.348837, 2.075581, 2.441860
 53.000000, 0.207547, 0.364780, 2.081761, 2.471698
 60.000000, 0.127778, 0.355556, 2.050000, 2.433333
 55.333333, 0.168675, 0.403614, 2.331325, 2.753012
 54.333333, 0.085890, 0.742331, 2.392638, 3.202454
 38.000000, 0.017544, 0.342105, 3.692982, 4.052632
 51.666667, 0.070968, 0.329032, 2.148387, 2.496774
 52.333333, 0.159236, 0.292994, 3.643312, 3.961783
 55.000000, 0.066667, 0.339394, 2.066667, 2.424242
 59.666667, 0.117318, 0.284916, 2.100559, 2.413408
 54.666667, 0.121951, 0.274390, 2.951220, 3.250000
 56.666667, 0.347059, 0.388235, 2.435294, 2.847059
 58.666667, 0.085227, 0.301136, 2.119318, 2.443182
 58.333333, 0.217143, 0.320000, 2.085714, 2.462857
 57.666667, 0.242775, 0.473988, 2.421965, 2.919075
 60.000000, 0.105556, 0.372222, 2.016667, 2.411111
 58.333333, 0.405714, 0.440000, 2.451429, 2.914286
6
 0.250000, 0.000000, 2.000000, 12.000000, 56.000000
 44.666667, 1.052239, 0.701493, 3.231343, 3.970149
 55.666667, 0.778443, 0.598802, 2.580838, 3.203593
 58.333333, 0.268571, 0.325714, 2.051429, 2.405714
 51.666667, 0.277419, 0.374194, 2.116129, 2.516129
 58.000000, 0.022989, 0.350575, 2.086207, 2.459770
 55.666667, 0.089820, 0.425150, 2.149701, 2.598802
 53.000000, 0.050314, 0.345912, 2.201258, 2.572327
 38.000000, 0.166667, 0.368421, 3.789474, 4.175439
 51.333333, 0.012987, 0.344156, 2.097403, 2.467532
 50.000000, 0.020000, 0.306667, 2.066667, 2.406667
 56.000000, 0.208333, 0.261905, 2.613095, 2.910714
 60.666667, 0.126374, 0.329670, 2.098901, 2.456044
 56.666667, 0.129412, 0.341176, 2.323529, 2.694118
 57.000000, 0.263158, 0.415205, 2.502924, 2.941520
 57.666667, 0.046243, 0.364162, 2.121387, 2.583815
 56.333333, 0.065089, 0.349112, 2.124260, 2.502959
 55.333333, 0.168675, 0.415663, 2.457831, 2.897590
 56.000000, 0.142857, 0.333333, 2.113095, 2.464286
 58.000000, 0.132184, 0.379310, 2.103448, 2.505747
7
 0.250000, 0.000000, 1.000000, 12.000000, 54.000000
 43.000000, 0.775194, 1.077519, 3.550388, 4.666667
 54.000000, 0.209877, 0.567901, 2.641975, 3.228395
 57.333333, 0.191860, 0.354651, 2.063953, 2.441860
 52.333333, 0.114650, 0.732484, 4.089172, 4.847134
 56.333333, 0.005917, 0.319527, 2.071006, 2.414201
 56.333333, 0.071006, 0.426036, 2.218935, 2.662722
 54.000000, 0.055556, 0.388889, 2.296296, 2.709877
 38.000000, 0.140351, 0.350877, 4.947368, 5.333333
 50.333333, 0.112583, 0.397351, 3.384106, 3.807947
 52.333333, 0.089172, 0.528662, 3.063694, 3.617834
 55.000000, 0.175758, 0.327273, 2.460606, 2.860606
 60.000000, 0.088889, 0.322222, 2.116667, 2.461111
 56.333333, 0.147929, 0.295858, 2.414201, 2.733728
 60.333333, 0.204420, 0.419890, 2.403315, 2.889503
 61.000000, 0.098361, 0.327869, 2.081967, 2.431694
 55.666667, 0.143713, 0.317365, 2.029940, 2.371257
 58.000000, 0.155172, 0.356322, 2.494253, 2.873563
 58.666667, 0.119318, 0.312500, 2.102273, 2.437500
 59.333333, 0.398876, 0.426966, 2.589888, 3.078652
8
 0.250000, 1.000000, 1.000000, 12.000000, 56.000000
 46.333333, 0.690647, 1.201439, 3.402878, 4.647482
 50.666667, 0.184211, 0.467105, 3.098684, 3.598684
 56.000000, 0.125000, 0.333333, 2.107143, 2.464286
 50.666667, 0.072368, 0.375000, 2.157895, 2.598684
 58.000000, 0.091954, 0.402299, 2.109195, 2.528736
 56.333333, 0.153846, 0.390533, 2.159763, 2.573964
 51.000000, 0.071895, 0.405229, 2.241830, 2.666667
 40.000000, 0.200000, 0.558333, 3.941667, 4.516667
 50.666667, 0.138158, 0.440789, 2.361842, 2.828947
 49.000000, 0.061224, 0.353741, 2.428571, 2.802721
 52.666667, 0.170886, 0.329114, 2.177215, 2.525316
 56.666667, 0.005882, 0.341176, 2.082353, 2.447059
 57.333333, 0.180233, 0.331395, 2.470930, 2.825581
 58.000000, 0.252874, 0.362069, 2.097701, 2.482759
 59.666667, 0.050279, 0.307263, 2.061453, 2.396648
 59.000000, 0.197740, 0.299435, 2.050847, 2.378531
 57.000000, 0.251462, 0.321637, 2.280702, 2.625731
 59.333333, 0.207865, 0.370787, 2.050562, 2.443820
 58.000000, 0.126437, 0.333333, 2.339080, 2.712644
9
 0.250000, 0.000000, 1.000000, 13.000000, 55.000000
 46.666667, 1.257143, 0.807143, 3.392857, 4.321429
 57.333333, 0.459302, 0.627907, 2.860465, 3.511628
 59.333333, 0.258427, 0.353933, 2.151685, 2.533708
 52.333333, 0.165605, 0.375796, 2.254777, 2.694268
 58.666667, 0.107955, 0.352273, 2.215909, 2.585227
 56.000000, 0.148810, 0.398810, 2.220238, 2.636905
 55.000000, 0.030303, 0.345455, 2.193939, 2.563636
 38.666667, 0.103448, 0.353448, 4.362069, 4.741379
 51.333333, 0.136364, 0.357143, 2.123377, 2.500000
 50.000000, 0.080000, 0.353333, 2.120000, 2.493333
 52.333333, 0.070064, 0.299363, 2.108280, 2.433121
 58.333333, 0.068571, 0.354286, 2.120000, 2.520000
 56.333333, 0.088757, 0.266272, 3.319527, 3.656805
 54.000000, 0.148148, 0.395062, 2.104938, 2.518519
 60.000000, 0.105556, 0.355556, 2.111111, 2.483333
 57.333333, 0.093023, 0.325581, 2.104651, 2.453488
 54.000000, 0.148148, 0.333333, 2.462963, 2.820988
 55.333333, 0.054217, 0.337349, 2.090361, 2.451807
 55.666667, 0.119760, 0.407186, 2.215569, 2.646707
10
 0.250000, 0.000000, 1.000000, 0.000000, 55.000000
 45.333333, 1.161765, 1.220588, 3.183824, 4.441176
 56.000000, 0.583333, 0.619048, 2.559524, 3.202381
 54.666667, 0.054878, 0.384146, 2.109756, 2.524390
 50.666667, 0.059211, 0.361842, 3.138158, 3.519737
 58.666667, 0.079545, 0.289773, 2.210227, 2.528409
 58.000000, 0.252874, 0.367816, 2.172414, 2.574713
 55.000000, 0.103030, 0.321212, 2.218182, 2.569697
 40.333333, 0.198347, 0.396694, 4.512397, 4.942149
 49.666667, 0.114094, 0.348993, 2.610738, 2.979866
 48.333333, 0.062069, 0.337931, 2.151724, 2.517241
 53.000000, 0.150943, 0.339623, 2.339623, 2.704403
 57.000000, 0.011696, 0.374269, 2.116959, 2.508772
 54.333333, 0.042945, 0.306748, 3.159509, 3.490798
 56.000000, 0.184524, 0.392857, 2.250000, 2.666667
 57.000000, 0.023392, 0.304094, 2.070175, 2.397661
 57.333333, 0.244186, 0.348837, 2.069767, 2.447674
 55.333333, 0.439759, 0.427711, 2.319277, 2.765060
 55.000000, 0.048485, 0.369697, 2.090909, 2.484848
 56.666667, 0.200000, 0.347059, 2.588235, 2.958824
11
 0.250000, 0.000000, 1.000000, 14.000000, 56.000000
 43.000000, 0.736434, 0.751938, 3.217054, 4.007752
 53.000000, 0.301887, 0.471698, 3.119497, 3.654088
 56.333333, 0.076923, 0.355030, 2.059172, 2.437870
 51.000000, 0.104575, 0.333333, 2.379085, 2.738562
 58.333333, 0.142857, 0.365714, 2.068571, 2.457143
 56.666667, 0.205882, 0.394118, 2.100000, 2.517647
 55.333333, 0.198795, 0.349398, 2.168675, 2.542169
 39.000000, 0.059829, 0.940171, 6.384615, 7.350427
 52.666667, 0.310127, 0.341772, 3.841772, 4.208861
 52.000000, 0.192308, 0.275641, 2.141026, 2.442308
 55.333333, 0.222892, 0.301205, 2.156627, 2.487952
 60.666667, 0.170330, 0.318681, 2.115385, 2.456044
 57.000000, 0.187135, 0.298246, 2.005848, 2.333333
 59.666667, 0.279330, 0.357542, 2.106145, 2.497207
 60.333333, 0.149171, 0.331492, 2.093923, 2.453039
 58.666667, 0.312500, 0.346591, 2.414773, 2.795455
 57.333333, 0.162791, 0.348837, 2.406977, 2.773256
 56.666667, 0.135294, 0.376471, 2.194118, 2.588235
 58.000000, 0.218391, 0.373563, 2.356322, 2.752874
12
 0.250000, 0.000000, 1.000000, 2.000000, 53.000000
 45.666667, 0.832117, 0.963504, 3.124088, 4.124088
 55.666667, 0.664671, 0.622754, 3.155689, 3.802395
 56.333333, 0.094675, 0.325444, 2.130178, 2.479290
 52.666667, 0.246835, 0.379747, 2.139241, 2.537975
 60.333333, 0.143646, 0.359116, 2.060773, 2.441989
 56.333333, 0.153846, 0.355030, 2.408284, 2.786982
 53.000000, 0.037736, 0.320755, 2.194969, 2.534591
 40.000000, 0.116667, 0.408333, 4.208333, 4.641667
 51.000000, 0.169935, 0.372549, 3.294118, 3.686275
 53.000000, 0.150943, 0.377358, 3.421384, 3.823899
 53.333333, 0.043750, 0.312500, 2.118750, 2.456250
 59.333333, 0.089888, 0.331461, 2.078652, 2.438202
 57.333333, 0.110465, 0.319767, 2.331395, 2.674419
 56.000000, 0.160714, 0.446429, 2.250000, 2.720238
 58.666667, 0.045455, 0.318182, 2.068182, 2.414773
 55.666667, 0.335329, 0.359281, 2.095808, 2.479042
 56.000000, 0.047619, 0.345238, 2.297619, 2.660714
 54.000000, 0.123457, 0.327160, 2.592593, 2.944444
 57.666667, 0.098266, 0.358382, 2.109827, 2.491329
13
 0.250000, 0.000000, 1.000000, 15.000000, 56.000000
 46.333333, 0.733813, 0.985612, 3.395683, 4.417266
 53.000000, 0.088050, 0.534591, 2.559748, 3.119497
 60.000000, 0.155556, 0.327778, 2.122222, 2.477778
 52.000000, 0.198718, 1.134615, 4.089744, 5.250000
 55.666667, 0.041916, 0.347305, 2.083832, 2.449102
 54.666667, 0.042683, 0.353659, 2.030488, 2.451220
 51.666667, 0.103226, 0.406452, 2.219355, 2.645161
 39.333333, 0.389831, 0.491525, 2.788136, 3.296610
 51.666667, 0.038710, 0.309677, 2.141935, 2.483871
 52.666667, 0.278481, 0.367089, 3.689873, 4.082278
 53.666667, 0.124224, 0.341615, 2.173913, 2.534161
 59.333333, 0.005618, 0.308989, 2.073034, 2.410112
 54.000000, 0.043210, 0.302469, 2.259259, 2.580247
 58.000000, 0.091954, 0.413793, 2.080460, 2.517241
 56.000000, 0.065476, 0.363095, 2.136905, 2.523810
 53.666667, 0.093168, 0.385093, 2.062112, 2.465839
 56.000000, 0.833333, 0.458333, 2.315476, 2.803571
 54.000000, 0.043210, 0.364198, 2.154321, 2.537037
 55.000000, 0.078788, 0.400000, 2.145455, 2.563636
14
 0.250000, 0.000000, 1.000000, 3.000000, 52.000000
 46.333333, 0.877698, 0.971223, 3.000000, 4.007194
 52.666667, 0.202532, 0.518987, 2.778481, 3.322785
 58.000000, 0.264368, 0.413793, 2.103448, 2.580460
 53.000000, 0.113208, 0.308176, 2.106918, 2.446541
 59.666667, 0.094972, 0.340782, 2.122905, 2.486034
 57.000000, 0.192982, 0.362573, 2.350877, 2.742690
 55.000000, 0.436364, 0.400000, 3.078788, 3.503030
 38.333333, 0.078261, 0.408696, 2.208696, 2.643478
 51.000000, 0.183007, 0.411765, 2.267974, 2.699346
 51.666667, 0.090323, 0.412903, 3.019355, 3.458065
 54.333333, 0.165644, 0.312883, 2.251534, 2.588957
 59.333333, 0.061798, 0.303371, 2.095506, 2.455056
 55.666667, 0.131737, 0.293413, 2.053892, 2.407186
 57.000000, 0.397661, 0.350877, 2.140351, 2.561404
 58.666667, 0.090909, 0.323864, 2.073864, 2.420455
 56.000000, 0.023810, 0.363095, 2.148810, 2.541667
 57.000000, 0.181287, 0.333333, 2.409357, 2.771930
 54.000000, 0.185185, 0.364198, 2.129630, 2.524691
 58.000000, 0.195402, 0.344828, 2.103448, 2.471264
15
 0.250000, 0.000000, 1.000000, 1.000000, 57.000000
 45.000000, 1.125926, 0.844444, 3.281481, 4.162963
 53.000000, 0.591195, 0.641509, 3.138365, 3.811321
 58.333333, 0.137143, 0.371429, 2.171429, 2.565714
 55.000000, 0.169697, 0.418182, 2.381818, 2.824242
 60.333333, 0.110497, 0.309392, 2.077348, 2.414365
 57.333333, 0.104651, 0.372093, 2.174419, 2.575581
 57.333333, 0.093023, 0.325581, 2.151163, 2.552326
 39.333333, 0.211864, 0.661017, 4.949153, 5.635593
 52.000000, 0.967949, 0.435897, 2.185897, 2.653846
 51.666667, 0.083871, 0.412903, 2.703226, 3.141935
 55.333333, 0.180723, 0.331325, 2.168675, 2.530120
 59.666667, 0.122905, 0.335196, 2.072626, 2.430168
 55.000000, 0.036364, 0.296970, 2.333333, 2.654545
 55.333333, 0.343373, 0.409639, 2.078313, 2.554217
 59.666667, 0.061453, 0.363128, 2.067039, 2.452514
 58.000000, 0.114943, 0.321839, 2.074713, 2.419540
 56.333333, 0.307692, 0.455621, 2.366864, 2.846154
 61.333333, 0.206522, 0.331522, 2.048913, 2.407609
 57.333333, 0.203488, 0.372093, 2.122093, 2.517442
16
 0.250000, 0.000000, 0.000000, 10.000000, 14.000000
 45.666667, 1.080292, 0.985401, 3.364964, 4.401460
 53.333333, 0.606250, 0.443750, 2.712500, 3.175000
 58.000000, 0.310345, 0.339080, 2.132184, 2.494253
 52.000000, 0.320513, 0.320513, 3.141026, 3.480769
 60.666667, 0.093407, 0.346154, 2.109890, 2.478022
 55.666667, 0.053892, 0.353293, 2.107784, 2.485030
 50.666667, 0.098684, 0.427632, 2.164474, 2.631579
 39.333333, 0.372881, 0.423729, 4.262712, 4.711864
 50.666667, 0.276316, 0.414474, 2.368421, 2.802632
 50.333333, 0.185430, 0.357616, 3.430464, 3.807947
 53.666667, 0.192547, 0.360248, 2.118012, 2.503106
 59.333333, 0.140449, 0.359551, 2.123596, 2.505618
 56.000000, 0.130952, 0.339286, 2.589286, 2.952381
 55.666667, 0.191617, 0.395210, 2.113772, 2.538922
 60.666667, 0.126374, 0.324176, 2.104396, 2.456044
 55.333333, 0.144578, 0.313253, 2.343373, 2.680723
 58.000000, 0.402299, 0.379310, 2.218391, 2.614943
 56.666667, 0.111765, 0.300000, 2.123529, 2.452941
 59.000000, 0.192090, 0.344633, 2.079096, 2.446328
17
 0.250000, 0.000000, 0.000000, 7.000000, 7.000000
 45.666667, 1.291971, 1.299270, 3.306569, 4.642336
 54.333333, 0.312883, 0.527607, 2.650307, 3.245399
 57.333333, 0.267442, 0.395349, 2.424419, 2.837209
 50.333333, 0.026490, 0.509934, 4.152318, 4.682119
 61.666667, 0.032432, 0.372973, 2.037838, 2.427027
 58.000000, 0.252874, 0.362069, 2.195402, 2.626437
 53.666667, 0.086957, 0.322981, 2.527950, 2.869565
 44.333333, 0.195489, 0.375940, 2.338346, 2.744361
 49.333333, 0.040541, 0.331081, 2.222973, 2.581081
 48.000000, 0.020833, 0.333333, 2.138889, 2.493056
 53.333333, 0.018750, 0.331250, 2.087500, 2.437500
 58.333333, 0.057143, 0.342857, 2.125714, 2.485714
 49.666667, 0.295302, 0.288591, 2.241611, 2.550336
 60.333333, 0.453039, 0.458564, 2.475138, 2.961326
 58.333333, 0.114286, 0.348571, 2.057143, 2.428571
 55.666667, 0.131737, 0.395210, 2.670659, 3.083832
 55.666667, 0.173653, 0.461078, 2.538922, 3.023952
 59.000000, 0.129944, 0.333333, 2.056497, 2.412429
 60.666667, 0.340659, 0.401099, 2.087912, 2.510989
18
 0.250000, 0.000000, 0.000000, 9.000000, 13.000000
 47.333333, 1.028169, 0.823944, 3.387324, 4.246479
 53.000000, 0.113208, 0.641509, 3.157233, 3.817610
 55.333333, 0.186747, 0.403614, 2.144578, 2.566265
 53.000000, 0.157233, 0.333333, 2.176101, 2.528302
 60.333333, 0.165746, 0.303867, 2.132597, 2.458564
 56.000000, 0.083333, 0.363095, 2.172619, 2.559524
 53.333333, 0.112500, 0.337500, 2.275000, 2.650000
 38.333333, 0.191304, 0.408696, 2.043478, 3.765217
 51.000000, 0.274510, 0.385621, 2.346405, 2.751634
 50.666667, 0.032895, 0.361842, 2.197368, 2.578947
 54.000000, 0.185185, 0.320988, 2.808642, 3.148148
 58.333333, 0.125714, 0.354286, 2.160000, 2.542857
 56.000000, 0.053571, 0.279762, 2.047619, 2.351190
 56.000000, 0.053571, 0.380952, 2.095238, 2.517857
 58.333333, 0.074286, 0.348571, 2.045714, 2.417143
 55.666667, 0.113772, 0.401198, 2.089820, 2.514970
 58.333333, 0.240000, 0.422857, 2.428571, 2.874286
 55.000000, 0.060606, 0.351515, 2.096970, 2.466667
 56.666667, 0.129412, 0.329412, 2.088235, 2.441176
19
 0.250000, 0.000000, 0.000000, 1.000000, 13.000000
 49.000000, 1.734694, 1.129252, 3.204082, 4.380952
 55.333333, 0.246988, 0.590361, 2.530120, 3.144578
 56.666667, 0.058824, 0.341176, 1.976471, 2.341176
 50.666667, 0.059211, 0.355263, 2.098684, 2.473684
 60.666667, 0.049451, 0.302198, 2.049451, 2.390110
 58.333333, 0.240000, 0.377143, 2.154286, 2.554286
 53.333333, 0.112500, 0.593750, 2.356250, 2.975000
 39.333333, 0.025424, 0.330508, 4.355932, 4.711864
 51.333333, 0.116883, 0.409091, 2.298701, 2.727273
 50.333333, 0.231788, 0.364238, 2.953642, 3.344371
 53.000000, 0.050314, 0.327044, 2.830189, 3.176101
 58.000000, 0.109195, 0.327586, 2.132184, 2.482759
 57.333333, 0.075581, 0.284884, 3.104651, 3.418605
 58.333333, 0.297143, 0.405714, 2.388571, 2.845714
 61.000000, 0.234973, 0.355191, 2.142077, 2.519126
 56.000000, 0.166667, 0.339286, 2.077381, 2.446429
 59.000000, 0.276836, 0.451977, 2.276836, 2.790960
 59.333333, 0.117978, 0.337079, 2.078652, 2.432584
 55.333333, 0.162651, 0.421687, 2.132530, 2.578313
20
 0.250000, 0.000000, 0.000000, 8.000000, 9.000000
 45.333333, 0.735294, 0.845588, 3.029412, 3.904412
 53.666667, 0.440994, 0.559006, 2.677019, 3.260870
 56.666667, 0.047059, 0.329412, 2.052941, 2.405882
 53.666667, 0.173913, 0.347826, 2.012422, 2.391304
 60.333333, 0.044199, 0.325967, 2.099448, 2.447514
 59.666667, 0.251397, 0.351955, 2.150838, 2.525140
 55.000000, 0.187879, 0.357576, 2.200000, 2.575758
 40.666667, 0.213115, 0.377049, 2.680328, 3.081967
 51.000000, 0.137255, 0.366013, 2.797386, 3.183007
 51.333333, 0.162338, 0.331169, 2.266234, 2.623377
 54.666667, 0.140244, 0.317073, 2.219512, 2.554878
 58.333333, 0.097143, 0.342857, 2.102857, 2.468571
 55.666667, 0.077844, 0.311377, 3.299401, 3.634731
 57.333333, 0.226744, 0.343023, 2.465116, 2.825581
 59.000000, 0.016949, 0.305085, 2.101695, 2.429379
 58.000000, 0.034483, 0.333333, 2.097701, 2.448276
 56.333333, 0.497041, 0.573964, 2.242604, 2.834320
 57.666667, 0.254335, 0.323699, 2.196532, 2.543353
 55.000000, 0.327273, 0.490909, 2.206061, 2.721212
21
 0.250000, 0.000000, 0.000000, 9.000000, 9.000000
 48.666667, 1.171233, 0.849315, 3.301370, 4.191781
 52.000000, 0.198718, 0.647436, 3.224359, 3.903846
 58.333333, 0.148571, 0.365714, 1.988571, 2.388571
 52.333333, 0.038217, 0.312102, 2.063694, 2.394904
 60.333333, 0.254144, 0.303867, 2.104972, 2.436464
 57.000000, 0.181287, 0.350877, 2.198830, 2.573099
 53.000000, 0.056604, 0.327044, 2.125786, 2.490566
 38.333333, 0.104348, 0.400000, 5.808696, 6.226087
 52.000000, 0.051282, 0.294872, 2.179487, 2.506410
 52.666667, 0.082278, 0.297468, 3.291139, 3.613924
 54.000000, 0.024691, 0.320988, 2.080247, 2.413580
 59.333333, 0.022472, 0.370787, 2.095506, 2.488764
 56.666667, 0.176471, 0.311765, 3.647059, 3.982353
 56.000000, 0.148810, 0.410714, 2.184524, 2.625000
 59.000000, 0.056497, 0.316384, 2.062147, 2.406780
 56.000000, 0.023810, 0.333333, 2.047619, 2.404762
 59.333333, 0.595506, 0.573034, 2.398876, 2.994382
 57.666667, 0.098266, 0.306358, 2.075145, 2.404624
 57.333333, 0.139535, 0.343023, 2.122093, 2.488372
22
 0.250000, 0.000000, 0.000000, 12.000000, 22.000000
 46.666667, 1.514286, 0.857143, 3.492857, 4.392857
 54.666667, 0.365854, 0.518293, 2.646341, 3.182927
 57.000000, 0.228070, 0.339181, 2.081871, 2.444444
 54.000000, 0.209877, 0.919753, 3.993827, 4.938272
 59.666667, 0.044693, 0.284916, 2.089385, 2.396648
 56.000000, 0.047619, 0.351190, 2.125000, 2.494048
 54.333333, 0.306748, 0.404908, 2.208589, 2.638037
 37.000000, 0.009009, 0.504505, 2.180180, 2.711712
 51.000000, 0.124183, 0.366013, 2.915033, 3.300654
 52.333333, 0.152866, 0.292994, 3.611465, 3.929936
 53.333333, 0.012500, 0.293750, 2.125000, 2.443750
 60.333333, 0.220994, 0.314917, 2.110497, 2.453039
 55.666667, 0.041916, 0.299401, 2.359281, 2.682635
 57.000000, 0.070175, 0.350877, 2.397661, 2.771930
 61.333333, 0.114130, 0.309783, 2.092391, 2.429348
 57.000000, 0.070175, 0.333333, 2.029240, 2.391813
 56.000000, 0.148810, 0.428571, 2.333333, 2.785714
 56.000000, 0.065476, 0.339286, 2.166667, 2.529762
 57.000000, 0.239766, 0.385965, 2.157895, 2.567251
23
 0.250000, 1.000000, 0.000000, 1.000000, 14.000000
 47.333333, 1.253521, 1.049296, 3.654930, 4.746479
 54.000000, 0.259259, 0.524691, 3.024691, 3.574074
 58.333333, 0.057143, 0.342857, 2.091429, 2.462857
 52.666667, 0.367089, 0.835443, 2.468354, 3.329114
 59.666667, 0.234637, 0.363128, 2.184358, 2.569832
 59.000000, 0.350282, 0.367232, 2.271186, 2.666667
 53.333333, 0.075000, 0.443750, 3.118750, 3.593750
 38.000000, 0.166667, 0.359649, 3.500000, 3.885965
 51.000000, 0.163399, 0.437908, 2.143791, 2.607843
 52.333333, 0.082803, 0.363057, 2.687898, 3.070064
 55.666667, 0.059880, 0.311377, 2.113772, 2.491018
 59.666667, 0.134078, 0.324022, 2.134078, 2.480447
 56.666667, 0.141176, 0.300000, 2.317647, 2.641176
 59.666667, 0.184358, 0.374302, 2.150838, 2.553073
 61.000000, 0.076503, 0.327869, 2.060109, 2.415301
 56.333333, 0.153846, 0.420118, 2.041420, 2.491124
 55.000000, 0.084848, 0.309091, 2.290909, 2.624242
 60.666667, 0.445055, 0.368132, 2.142857, 2.532967
 60.333333, 0.143646, 0.298343, 2.088398, 2.414365
24
 0.250000, 0.000000, 0.000000, 1.000000, 2.000000
 46.000000, 1.173913, 0.985507, 3.268116, 4.333333
 54.666667, 0.207317, 0.402439, 2.847561, 3.280488
 56.333333, 0.076923, 0.366864, 2.106509, 2.497041
 52.000000, 0.038462, 0.307692, 2.070513, 2.397436
 60.000000, 0.088889, 0.333333, 2.072222, 2.427778
 57.333333, 0.151163, 0.348837, 2.098837, 2.470930
 56.333333, 0.189349, 0.704142, 2.343195, 3.076923
 40.000000, 0.191667, 0.450000, 2.866667, 3.341667
 51.333333, 0.038961, 0.305195, 3.681818, 4.019481
 50.666667, 0.059211, 0.302632, 2.519737, 2.848684
 56.333333, 0.402367, 0.301775, 2.662722, 2.994083
 60.000000, 0.044444, 0.283333, 2.088889, 2.394444
 55.666667, 0.185629, 0.299401, 2.736527, 3.053892
 58.000000, 0.063218, 0.344828, 2.143678, 2.511494
 58.333333, 0.108571, 0.331429, 2.097143, 2.445714
 56.666667, 0.152941, 0.370588, 2.129412, 2.517647
 54.333333, 0.184049, 0.386503, 2.466258, 2.895706
 57.333333, 0.052326, 0.360465, 2.133721, 2.517442
 58.000000, 0.120690, 0.344828, 2.120690, 2.488506
25
 0.250000, 0.000000, 0.000000, 2.000000, 2.000000
 46.333333, 1.151079, 1.165468, 3.604317, 4.812950
 51.000000, 0.660131, 0.529412, 2.640523, 3.189542
 58.333333, 0.171429, 0.400000, 2.148571, 2.611429
 51.333333, 0.019481, 0.649351, 2.454545, 3.123377
 58.333333, 0.045714, 0.331429, 2.074286, 2.428571
 54.333333, 0.061350, 0.343558, 2.122699, 2.490798
 55.000000, 0.139394, 0.381818, 3.254545, 3.666667
 40.666667, 0.032787, 0.836066, 3.327869, 4.188525
 53.000000, 0.081761, 0.459119, 2.201258, 2.685535
 50.333333, 0.245033, 0.377483, 2.417219, 2.814570
 55.000000, 0.103030, 0.363636, 2.109091, 2.490909
 60.000000, 0.094444, 0.355556, 2.155556, 2.572222
 52.666667, 0.132911, 0.329114, 2.018987, 2.367089
 56.333333, 0.201183, 0.408284, 2.130178, 2.562130
 58.000000, 0.040230, 0.339080, 2.063218, 2.425287
 56.333333, 0.295858, 0.414201, 2.082840, 2.514793
 56.000000, 0.696429, 0.446429, 2.827381, 3.297619
 59.000000, 0.197740, 0.355932, 2.022599, 2.395480
 59.333333, 0.129213, 0.320225, 2.084270, 2.438202
26
 0.250000, 2.000000, 0.000000, 2.000000, 2.000000
 46.000000, 0.884058, 1.050725, 3.159420, 4.253623
 57.000000, 0.432749, 0.684211, 2.660819, 3.362573
 57.333333, 0.284884, 0.337209, 2.034884, 2.395349
 53.333333, 0.093750, 0.293750, 2.162500, 2.481250
 58.666667, 0.102273, 0.329545, 2.079545, 2.431818
 57.333333, 0.168605, 0.412791, 2.133721, 2.575581
 52.333333, 0.050955, 0.433121, 2.439490, 2.891720
 39.000000, 0.136752, 1.153846, 4.811966, 6.000000
 52.666667, 0.107595, 0.322785, 2.164557, 2.518987
 52.333333, 0.229299, 0.382166, 2.369427, 2.777070
 56.333333, 0.195266, 0.343195, 2.088757, 2.461538
 58.333333, 0.034286, 0.308571, 2.097143, 2.428571
 53.666667, 0.018634, 0.322981, 2.590062, 2.937888
 57.666667, 0.156069, 0.433526, 2.410405, 2.872832
 61.000000, 0.163934, 0.267760, 2.032787, 2.366120
 58.666667, 0.051136, 0.323864, 2.045455, 2.397727
 58.000000, 0.137931, 0.402299, 2.356322, 2.781609
 58.333333, 0.114286, 0.331429, 2.097143, 2.451429
 57.333333, 0.110465, 0.325581, 2.034884, 2.383721
27
 0.250000, 3.000000, 0.000000, 2.000000, 2.000000
 46.333333, 0.834532, 0.964029, 3.611511, 4.618705
 54.000000, 0.370370, 0.654321, 2.796296, 3.469136
 59.333333, 0.308989, 0.387640, 2.089888, 2.505618
 52.666667, 0.189873, 0.367089, 2.132911, 2.525316
 55.666667, 0.053892, 0.389222, 2.095808, 2.508982
 54.666667, 0.097561, 0.353659, 2.140244, 2.512195
 53.666667, 0.093168, 0.950311, 2.478261, 3.459627
 39.333333, 0.144068, 0.559322, 3.516949, 4.101695
 51.666667, 0.187097, 0.380645, 2.477419, 2.877419
 47.666667, 0.034965, 0.412587, 2.090909, 2.524476
 51.333333, 0.000000, 0.357143, 2.110390, 2.493506
 58.000000, 0.155172, 0.362069, 2.137931, 2.517241
 54.666667, 0.201220, 0.341463, 2.981707, 3.341463
 56.333333, 0.218935, 0.378698, 2.035503, 2.437870
 60.333333, 0.104972, 0.325967, 2.027624, 2.375691
 58.000000, 0.074713, 0.356322, 2.034483, 2.454023
 55.666667, 0.275449, 0.419162, 2.317365, 2.796407
 55.666667, 0.311377, 0.365269, 2.556886, 2.946108
 58.333333, 0.257143, 0.360000, 2.120000, 2.502857
28
 0.250000, 2.000000, 0.000000, 2.000000, 2.000000
 47.000000, 1.482270, 1.120567, 3.368794, 4.539007
 55.333333, 0.445783, 0.620482, 2.548193, 3.198795
 57.000000, 0.280702, 0.409357, 2.526316, 2.953216
 53.333333, 0.300000, 0.693750, 4.031250, 4.750000
 63.000000, 0.190476, 0.343915, 2.010582, 2.380952
 59.333333, 0.297753, 0.393258, 2.275281, 2.696629
 53.666667, 0.260870, 0.409938, 2.267081, 2.701863
 38.333333, 0.200000, 0.382609, 6.208696, 6.617391
 51.333333, 0.142857, 0.350649, 2.525974, 2.896104
 50.000000, 0.053333, 0.366667, 2.173333, 2.606667
 52.666667, 0.170886, 0.341772, 2.265823, 2.670886
 57.333333, 0.052326, 0.325581, 2.087209, 2.436047
 53.666667, 0.086957, 0.310559, 2.708075, 3.037267
 55.000000, 0.400000, 0.430303, 2.078788, 2.539394
 59.000000, 0.067797, 0.327684, 2.073446, 2.423729
 57.000000, 0.064327, 0.327485, 2.701754, 3.052632
 59.000000, 1.333333, 0.638418, 2.491525, 3.152542
 59.000000, 0.169492, 0.338983, 2.084746, 2.451977
 58.333333, 0.222857, 0.411429, 2.148571, 2.582857
29
 0.250000, 2.000000, 0.000000, 2.000000, 2.000000
 48.333333, 1.931034, 1.131034, 3.482759, 4.655172
 51.666667, 0.270968, 0.445161, 3.058065, 3.522581
 57.333333, 0.052326, 0.348837, 2.046512, 2.412791
 50.000000, 0.086667, 0.760000, 4.193333, 4.993333
 57.666667, 0.115607, 0.352601, 2.104046, 2.473988
 56.000000, 0.065476, 0.410714, 2.172619, 2.607143
 53.000000, 0.044025, 0.666667, 3.270440, 3.962264
 44.000000, 0.250000, 0.431818, 3.568182, 4.030303
 53.000000, 0.157233, 0.408805, 2.150943, 2.584906
 51.000000, 0.111111, 0.326797, 3.535948, 3.941176
 56.000000, 0.065476, 0.351190, 2.101190, 2.470238
 58.333333, 0.154286, 0.291429, 2.142857, 2.457143
 51.000000, 0.091503, 0.320261, 3.849673, 4.196078
 57.666667, 0.184971, 0.358382, 2.109827, 2.491329
 57.333333, 0.122093, 0.313953, 2.093023, 2.436047
 57.000000, 0.380117, 0.403509, 2.081871, 2.514620
 54.333333, 0.061350, 0.355828, 2.343558, 2.723926
 60.666667, 0.263736, 0.280220, 2.010989, 2.318681
 57.333333, 0.180233, 0.354651, 2.343023, 2.720930
30
 0.250000, 0.000000, 0.000000, 1.000000, 3.000000
 45.666667, 1.007299, 1.014599, 3.729927, 4.854015
 53.333333, 0.218750, 0.543750, 3.100000, 3.662500
 56.000000, 0.136905, 0.398810, 2.089286, 2.517857
 49.666667, 0.000000, 0.355705, 2.067114, 2.442953
 58.333333, 0.034286, 0.382857, 2.074286, 2.480000
 54.000000, 0.049383, 0.339506, 2.092593, 2.462963
 55.666667, 0.311377, 0.377246, 2.275449, 2.676647
 39.666667, 0.058824, 0.336134, 2.025210, 2.386555
 52.666667, 0.183544, 0.430380, 2.221519, 2.683544
 51.666667, 0.161290, 0.296774, 2.064516, 2.387097
 54.333333, 0.092025, 0.312883, 2.104294, 2.478528
 57.333333, 0.017442, 0.308140, 2.110465, 2.441860
 53.666667, 0.080745, 0.335404, 2.701863, 3.055901
 55.000000, 0.066667, 0.363636, 2.466667, 2.848485
 59.000000, 0.186441, 0.344633, 2.090395, 2.497175
 54.666667, 0.030488, 0.353659, 2.743902, 3.115854
 56.333333, 0.183432, 0.408284, 2.426036, 2.852071
 55.000000, 0.084848, 0.315152, 2.042424, 2.387879
 57.333333, 0.104651, 0.313953, 2.046512, 2.383721
31
 0.250000, 0.000000, 0.000000, 1.000000, 3.000000
 48.000000, 1.208333, 1.111111, 3.340278, 4.555556
 54.000000, 0.617284, 0.728395, 3.104938, 3.851852
 54.333333, 0.085890, 0.355828, 2.147239, 2.521472
 52.333333, 0.050955, 0.292994, 3.114650, 3.426752
 59.000000, 0.265537, 0.378531, 2.118644, 2.514124
 56.666667, 0.041176, 0.352941, 2.105882, 2.482353
 54.666667, 0.048780, 0.323171, 3.591463, 3.939024
 50.666667, 0.157895, 0.401316, 2.453947, 2.934211
 53.000000, 0.176101, 0.383648, 3.345912, 3.754717
 49.333333, 0.020270, 0.331081, 2.493243, 2.844595
 54.000000, 0.067901, 0.314815, 2.129630, 2.462963
 59.666667, 0.089385, 0.335196, 2.184358, 2.541899
 50.333333, 0.066225, 0.410596, 1.993377, 2.430464
 56.666667, 0.252941, 0.405882, 2.576471, 3.005882
 57.000000, 0.058480, 0.333333, 2.116959, 2.479532
 55.333333, 0.084337, 0.337349, 2.036145, 2.397590
 56.333333, 0.437870, 0.437870, 3.106509, 3.568047
 59.333333, 0.247191, 0.320225, 2.415730, 2.769663
 58.000000, 0.120690, 0.373563, 2.068966, 2.465517
32
 0.250000, 1.000000, 0.000000, 1.000000, 2.000000
 46.333333, 0.589928, 0.935252, 3.237410, 4.266187
 56.333333, 0.461538, 0.556213, 2.763314, 3.343195
 58.666667, 0.232955, 0.369318, 2.090909, 2.482955
 53.333333, 0.268750, 0.900000, 4.087500, 5.012500
 60.000000, 0.177778, 0.333333, 2.105556, 2.461111
 57.000000, 0.204678, 0.356725, 2.093567, 2.473684
 54.000000, 0.425926, 0.388889, 2.345679, 2.759259
 40.000000, 0.075000, 0.408333, 4.450000, 4.875000
 50.000000, 0.140000, 0.373333, 3.160000, 3.553333
 49.666667, 0.228188, 0.342282, 2.651007, 3.013423
 53.666667, 0.062112, 0.329193, 2.111801, 2.472050
 58.000000, 0.045977, 0.373563, 2.149425, 2.545977
 53.666667, 0.037267, 0.329193, 2.031056, 2.385093
 60.333333, 0.386740, 0.364641, 2.049724, 2.447514
 60.000000, 0.122222, 0.322222, 2.033333, 2.383333
 57.666667, 0.213873, 0.352601, 2.052023, 2.433526
 57.000000, 0.350877, 0.385965, 2.777778, 3.187135
 58.666667, 0.056818, 0.352273, 2.062500, 2.437500
 59.000000, 0.129944, 0.316384, 2.039548, 2.378531
33
 0.250000, 0.000000, 0.000000, 1.000000, 2.000000
 50.666667, 1.302632, 1.072368, 3.315789, 4.493421
 53.333333, 0.356250, 0.568750, 3.125000, 3.718750
 58.666667, 0.107955, 0.340909, 2.000000, 2.369318
 55.000000, 0.406061, 0.387879, 2.260606, 2.672727
 57.000000, 0.064327, 0.304094, 2.081871, 2.403509
 55.666667, 0.227545, 0.407186, 2.095808, 2.526946
 53.000000, 0.088050, 0.352201, 3.169811, 3.547170
 37.333333, 0.044643, 0.312500, 4.544643, 4.875000
 52.333333, 0.152866, 0.369427, 2.299363, 2.694268
 53.333333, 0.168750, 0.356250, 2.081250, 2.456250
 58.333333, 0.154286, 0.302857, 2.085714, 2.417143
 58.666667, 0.062500, 0.267045, 2.113636, 2.409091
 57.333333, 0.098837, 0.308140, 3.476744, 3.808140
 54.666667, 0.036585, 0.347561, 2.158537, 2.536585
 59.333333, 0.095506, 0.337079, 2.061798, 2.443820
 57.333333, 0.215116, 0.337209, 2.104651, 2.470930
 58.333333, 0.245714, 0.354286, 2.411429, 2.788571
 58.000000, 0.212644, 0.350575, 2.218391, 2.591954
 58.000000, 0.224138, 0.408046, 2.454023, 2.902299
34
 0.250000, 0.000000, 0.000000, 1.000000, 1.000000
 45.000000, 0.711111, 0.814815, 3.266667, 4.118519
 56.000000, 0.696429, 0.595238, 3.023810, 3.642857
 53.666667, 0.167702, 0.354037, 2.093168, 2.633540
 50.000000, 0.106667, 0.366667, 4.180000, 4.573333
 56.333333, 0.047337, 0.337278, 2.130178, 2.491124
 55.333333, 0.048193, 0.403614, 2.138554, 2.560241
 53.666667, 0.055901, 0.776398, 2.453416, 3.254658
 37.333333, 0.017857, 0.339286, 4.866071, 5.241071
 48.666667, 0.013699, 0.424658, 3.561644, 4.006849
 49.333333, 0.047297, 0.304054, 2.081081, 2.418919
 57.000000, 0.146199, 0.280702, 2.070175, 2.380117
 62.000000, 0.161290, 0.317204, 2.053763, 2.397849
 56.000000, 0.077381, 0.315476, 2.660714, 2.994048
 55.666667, 0.095808, 0.365269, 2.089820, 2.473054
 60.333333, 0.044199, 0.337017, 2.049724, 2.408840
 57.333333, 0.034884, 0.313953, 2.052326, 2.395349
 58.333333, 0.434286, 0.440000, 2.320000, 2.782857
 59.333333, 0.112360, 0.292135, 2.056180, 2.376404
 59.000000, 0.146893, 0.316384, 2.084746, 2.423729
35
 0.250000, 0.000000, 0.000000, 1.000000, 2.000000
 44.000000, 0.560606, 0.939394, 3.674242, 4.651515
 53.000000, 0.528302, 0.503145, 2.647799, 3.176101
 57.333333, 0.279070, 0.337209, 2.465116, 2.825581
 53.666667, 0.447205, 0.341615, 2.086957, 2.453416
 59.000000, 0.062147, 0.384181, 2.107345, 2.514124
 56.666667, 0.188235, 0.341176, 2.170588, 2.576471
 53.333333, 0.087500, 0.306250, 2.106250, 2.437500
 39.000000, 0.547009, 0.760684, 4.794872, 5.581197
 49.000000, 0.047619, 0.408163, 2.217687, 2.653061
 52.333333, 0.108280, 0.337580, 2.082803, 2.445860
 54.333333, 0.092025, 0.343558, 2.061350, 2.429448
 60.666667, 0.131868, 0.340659, 2.071429, 2.439560
 55.000000, 0.090909, 0.309091, 2.848485, 3.181818
 55.666667, 0.179641, 0.467066, 2.502994, 2.994012
 57.666667, 0.092486, 0.346821, 2.057803, 2.433526
 56.000000, 0.160714, 0.333333, 2.065476, 2.422619
 54.000000, 0.018519, 0.358025, 2.314815, 2.691358
 55.333333, 0.084337, 0.361446, 2.096386, 2.481928
 56.333333, 0.497041, 0.461538, 2.147929, 2.633136
36
 0.250000, 0.000000, 0.000000, 1.000000, 1.000000
 46.666667, 1.271429, 0.842857, 3.392857, 4.278571
 52.333333, 0.184713, 0.477707, 2.700637, 3.197452
 54.666667, 0.097561, 0.347561, 2.085366, 2.451220
 52.666667, 0.132911, 0.322785, 2.183544, 2.525316
 58.666667, 0.255682, 0.335227, 2.096591, 2.448864
 56.333333, 0.189349, 0.372781, 2.118343, 2.514793
 53.000000, 0.100629, 0.440252, 2.779874, 3.283019
 50.000000, 0.220000, 0.386667, 2.513333, 2.926667
 50.666667, 0.065789, 0.381579, 2.177632, 2.578947
 50.000000, 0.106667, 0.340000, 2.266667, 2.633333
 52.333333, 0.159236, 0.394904, 2.108280, 2.522293
 58.000000, 0.017241, 0.310345, 2.155172, 2.488506
 51.666667, 0.025806, 0.374194, 3.245161, 3.638710
 57.333333, 0.110465, 0.354651, 2.133721, 2.511628
 59.000000, 0.101695, 0.355932, 2.129944, 2.508475
 55.000000, 0.060606, 0.339394, 2.727273, 3.084848
 55.666667, 0.598802, 0.628743, 2.329341, 2.982036
 60.000000, 0.172222, 0.383333, 2.105556, 2.511111
 59.333333, 0.196629, 0.320225, 2.056180, 2.404494
37
 0.250000, 0.000000, 0.000000, 1.000000, 1.000000
 46.666667, 0.850000, 1.057143, 3.350000, 4.450000
 56.333333, 0.556213, 0.733728, 3.047337, 3.804734
 58.000000, 0.201149, 0.310345, 2.212644, 2.551724
 52.333333, 0.031847, 0.624204, 2.490446, 3.140127
 58.666667, 0.034091, 0.346591, 2.215909, 2.585227
 58.000000, 0.258621, 0.362069, 2.212644, 2.603448
 55.666667, 0.227545, 0.341317, 3.149701, 3.514970
 45.000000, 0.644444, 0.474074, 3.422222, 3.925926
 52.000000, 0.250000, 0.403846, 2.198718, 2.628205
 50.000000, 0.146667, 0.306667, 2.220000, 2.553333
 55.666667, 0.125749, 0.329341, 2.095808, 2.449102
 59.333333, 0.123596, 0.320225, 2.140449, 2.483146
 50.000000, 0.080000, 0.280000, 2.213333, 2.566667
 56.666667, 0.305882, 0.317647, 2.200000, 2.541176
 58.000000, 0.068966, 0.327586, 2.091954, 2.442529
 53.666667, 0.024845, 0.341615, 2.093168, 2.490683
 55.333333, 0.120482, 0.319277, 2.265060, 2.608434
 59.000000, 0.231638, 0.440678, 2.209040, 2.672316
 60.333333, 0.585635, 0.386740, 2.082873, 2.497238
38
 0.250000, 0.000000, 0.000000, 1.000000, 2.000000
 43.333333, 0.807692, 0.761538, 3.500000, 4.369231
 55.333333, 1.126506, 0.668675, 2.716867, 3.409639
 57.000000, 0.099415, 0.409357, 2.192982, 2.631579
 50.666667, 0.197368, 0.342105, 2.171053, 2.546053
 59.000000, 0.237288, 0.350282, 2.101695, 2.480226
 58.333333, 0.200000, 0.354286, 2.131429, 2.508571
 54.000000, 0.037037, 0.320988, 2.265432, 2.611111
 41.000000, 0.170732, 0.365854, 4.520325, 4.910569
 49.666667, 0.093960, 0.389262, 2.395973, 2.812081
 49.333333, 0.047297, 0.337838, 2.114865, 2.472973
 52.666667, 0.031646, 0.348101, 2.139241, 2.506329
 58.000000, 0.091954, 0.321839, 2.132184, 2.563218
 57.333333, 0.162791, 0.348837, 2.337209, 2.709302
 56.000000, 0.125000, 0.392857, 2.113095, 2.529762
 57.000000, 0.040936, 0.309942, 2.076023, 2.409357
 55.666667, 0.065868, 0.323353, 2.065868, 2.413174
 56.000000, 0.130952, 0.321429, 2.285714, 2.630952
 55.333333, 0.102410, 0.337349, 2.132530, 2.487952
 56.000000, 0.339286, 0.339286, 2.148810, 2.511905
39
 0.250000, 0.000000, 0.000000, 13.000000, 13.000000
 46.333333, 1.028777, 0.841727, 3.597122, 4.474820
 53.666667, 0.689441, 0.608696, 2.925466, 3.559006
 57.000000, 0.175439, 0.421053, 2.421053, 2.865497
 50.666667, 0.157895, 0.381579, 2.263158, 2.664474
 56.666667, 0.105882, 0.388235, 2.105882, 2.511765
 55.000000, 0.296970, 0.454545, 2.315152, 2.793939
 53.666667, 0.111801, 0.372671, 2.956522, 3.354037
 45.333333, 0.198529, 0.477941, 2.154412, 2.654412
 52.333333, 0.114650, 0.343949, 2.171975, 2.547771
 50.000000, 0.020000, 0.293333, 3.946667, 4.266667
 56.000000, 0.119048, 0.327381, 2.119048, 2.476190
 59.000000, 0.073446, 0.310734, 2.101695, 2.429379
 51.333333, 0.090909, 0.318182, 3.142857, 3.487013
 57.666667, 0.364162, 0.381503, 2.127168, 2.531792
 57.000000, 0.035088, 0.339181, 2.064327, 2.421053
 56.333333, 0.224852, 0.366864, 2.059172, 2.449704
 55.666667, 0.233533, 0.305389, 2.778443, 3.107784
 59.666667, 0.195531, 0.329609, 2.039106, 2.474860
 55.000000, 0.090909, 0.406061, 2.127273, 2.593939
40
 0.250000, 0.000000, 0.000000, 2.000000, 16.000000
 49.333333, 1.439189, 1.256757, 3.081081, 4.371622
 55.333333, 0.481928, 0.668675, 2.620482, 3.313253
 62.000000, 0.166667, 0.317204, 2.392473, 2.741935
 51.666667, 0.045161, 0.341935, 2.929032, 3.296774
 58.333333, 0.057143, 0.320000, 2.120000, 2.457143
 57.000000, 0.087719, 0.362573, 2.204678, 2.590643
 54.333333, 0.092025, 0.337423, 3.171779, 3.533742
 43.000000, 0.155039, 0.868217, 3.488372, 4.372093
 52.333333, 0.146497, 0.331210, 2.828025, 3.184713
 49.000000, 0.074830, 0.408163, 2.761905, 3.197279
 54.000000, 0.234568, 0.345679, 2.117284, 2.487654
 58.333333, 0.045714, 0.405714, 2.120000, 2.548571
 53.000000, 0.088050, 0.339623, 3.050314, 3.408805
 56.666667, 0.511765, 0.411765, 2.064706, 2.500000
 56.666667, 0.041176, 0.341176, 2.105882, 2.470588
 54.666667, 0.140244, 0.310976, 2.115854, 2.451220
 56.000000, 0.184524, 0.357143, 2.440476, 2.827381
 57.333333, 0.133721, 0.313953, 2.418605, 2.755814
 59.333333, 0.477528, 0.410112, 2.117978, 2.550562
41
 0.250000, 0.000000, 0.000000, 2.000000, 2.000000
 48.333333, 1.041379, 1.193103, 3.758621, 5.020690
 56.000000, 0.309524, 0.660714, 2.470238, 3.160714
 58.333333, 0.234286, 0.331429, 2.382857, 2.737143
 54.666667, 0.121951, 0.298780, 2.030488, 2.365854
 58.666667, 0.142045, 0.318182, 2.068182, 2.409091
 55.000000, 0.048485, 0.381818, 2.200000, 2.600000
 55.000000, 0.242424, 0.345455, 3.151515, 3.521212
 42.333333, 0.173228, 1.070866, 4.354331, 5.464567
 52.000000, 0.326923, 0.474359, 3.089744, 3.583333
 50.333333, 0.172185, 0.337748, 2.569536, 2.927152
 52.333333, 0.063694, 0.324841, 2.108280, 2.496815
 57.666667, 0.052023, 0.329480, 2.075145, 2.427746
 50.666667, 0.098684, 0.322368, 2.046053, 2.388158
 58.000000, 0.264368, 0.379310, 2.224138, 2.626437
 57.333333, 0.046512, 0.343023, 2.127907, 2.494186
 55.333333, 0.036145, 0.343373, 2.078313, 2.445783
 59.333333, 0.404494, 0.331461, 2.657303, 3.016854
 58.333333, 0.120000, 0.354286, 2.120000, 2.502857
 60.666667, 0.494505, 0.340659, 2.071429, 2.439560
42
 0.250000, 0.000000, 0.000000, 2.000000, 2.000000
 43.333333, 0.776923, 0.753846, 3.284615, 4.076923
 54.000000, 0.240741, 0.697531, 3.598765, 4.320988
 55.333333, 0.102410, 0.397590, 2.102410, 2.530120
 51.333333, 0.175325, 0.337662, 2.175325, 2.532468
 59.000000, 0.118644, 0.322034, 2.056497, 2.406780
 55.666667, 0.089820, 0.359281, 2.113772, 2.497006
 53.333333, 0.112500, 0.337500, 3.568750, 3.931250
 51.333333, 0.123377, 0.441558, 3.000000, 3.461039
 53.333333, 0.131250, 0.325000, 2.250000, 2.593750
 49.000000, 0.068027, 0.360544, 2.122449, 2.503401
 53.333333, 0.050000, 0.337500, 2.131250, 2.487500
 58.000000, 0.063218, 0.350575, 2.155172, 2.522989
 49.333333, 0.033784, 0.351351, 2.006757, 2.378378
 56.000000, 0.125000, 0.386905, 2.017857, 2.428571
 60.333333, 0.088398, 0.325967, 2.093923, 2.447514
 57.000000, 0.385965, 0.421053, 2.040936, 2.485380
 57.333333, 0.738372, 0.366279, 2.558140, 2.953488
 55.333333, 0.084337, 0.355422, 2.108434, 2.493976
 56.333333, 0.082840, 0.437870, 2.106509, 2.568047
43
 0.250000, 0.000000, 0.000000, 1.000000, 1.000000
 47.333333, 1.429577, 1.154930, 3.619718, 4.816901
 53.333333, 0.381250, 0.650000, 3.081250, 3.756250
 58.666667, 0.193182, 0.352273, 2.085227, 2.522727
 54.000000, 0.129630, 0.296296, 2.129630, 2.450617
 61.333333, 0.173913, 0.288043, 2.114130, 2.423913
 58.666667, 0.204545, 0.323864, 2.198864, 2.551136
 56.333333, 0.183432, 0.408284, 2.355030, 2.792899
 38.666667, 0.120690, 0.474138, 3.258621, 3.758621
 50.666667, 0.144737, 0.361842, 2.934211, 3.322368
 49.666667, 0.147651, 0.315436, 2.107383, 2.449664
 57.000000, 0.140351, 0.292398, 2.257310, 2.578947
 62.333333, 0.224599, 0.320856, 2.106952, 2.454545
 54.333333, 0.042945, 0.325153, 2.429448, 2.773006
 57.333333, 0.244186, 0.401163, 2.093023, 2.517442
 55.666667, 0.077844, 0.347305, 2.113772, 2.479042
 57.333333, 0.110465, 0.325581, 2.139535, 2.488372
 57.333333, 0.151163, 0.406977, 2.296512, 2.726744
 58.666667, 0.147727, 0.335227, 2.346591, 2.704545
 60.000000, 0.233333, 0.372222, 2.116667, 2.511111
44
 0.250000, 0.000000, 0.000000, 1.000000, 10.000000
 45.333333, 1.066176, 1.007353, 3.691176, 4.794118
 56.000000, 1.089286, 0.702381, 3.238095, 3.964286
 55.333333, 0.024096, 0.367470, 2.066265, 2.451807
 52.333333, 0.050955, 0.324841, 3.133758, 3.484076
 58.333333, 0.045714, 0.365714, 2.097143, 2.480000
 61.000000, 0.344262, 0.377049, 2.065574, 2.508197
 55.666667, 0.053892, 0.317365, 2.155689, 2.497006
 39.000000, 0.136752, 0.452991, 4.829060, 5.307692
 50.000000, 0.086667, 0.366667, 2.153333, 2.546667
 47.333333, 0.021127, 0.401408, 3.197183, 3.626761
 52.333333, 0.216561, 0.363057, 2.178344, 2.573248
 56.666667, 0.100000, 0.347059, 2.094118, 2.464706
 55.333333, 0.060241, 0.361446, 2.331325, 2.710843
 55.333333, 0.295181, 0.397590, 2.096386, 2.518072
 58.333333, 0.097143, 0.314286, 2.051429, 2.388571
 55.666667, 0.365269, 0.425150, 2.071856, 2.520958
 56.000000, 0.101190, 0.458333, 2.386905, 2.863095
 58.666667, 0.073864, 0.323864, 2.090909, 2.443182
 55.666667, 0.029940, 0.335329, 2.101796, 2.467066
45
 0.250000, 0.000000, 0.000000, 10.000000, 10.000000
 47.666667, 1.132867, 1.139860, 3.293706, 4.468531
 53.000000, 0.308176, 0.496855, 2.691824, 3.213836
 56.000000, 0.202381, 0.363095, 2.488095, 2.869048
 50.666667, 0.059211, 0.381579, 2.190789, 2.644737
 57.333333, 0.116279, 0.354651, 2.110465, 2.488372
 55.000000, 0.133333, 0.363636, 2.084848, 2.472727
 53.666667, 0.074534, 0.447205, 2.322981, 2.801242
 37.333333, 0.062500, 0.348214, 2.285714, 2.660714
 49.333333, 0.081081, 0.412162, 3.155405, 3.587838
 53.666667, 0.304348, 0.335404, 2.155280, 2.565217
 54.333333, 0.184049, 0.343558, 2.625767, 2.993865
 59.000000, 0.090395, 0.378531, 2.112994, 2.514124
 55.000000, 0.090909, 0.345455, 2.036364, 2.406061
 54.666667, 0.054878, 0.402439, 2.103659, 2.524390
 58.000000, 0.063218, 0.350575, 2.034483, 2.448276
 55.333333, 0.060241, 0.337349, 2.108434, 2.475904
 54.666667, 0.091463, 0.396341, 2.304878, 2.725610
 57.666667, 0.184971, 0.329480, 2.098266, 2.450867
 58.333333, 0.085714, 0.331429, 2.085714, 2.445714
46
 0.250000, 0.000000, 0.000000, 9.000000, 10.000000
 48.333333, 0.834483, 1.000000, 3.558621, 4.593103
 56.666667, 0.441176, 0.605882, 3.000000, 3.623529
 57.666667, 0.306358, 0.335260, 2.404624, 2.763006
 54.000000, 0.123457, 0.283951, 2.253086, 2.567901
 60.000000, 0.122222, 0.355556, 2.094444, 2.466667
 56.333333, 0.094675, 0.319527, 2.094675, 2.437870
 55.333333, 0.343373, 0.409639, 3.277108, 3.704819
 39.666667, 0.000000, 0.428571, 4.016807, 4.462185
 49.333333, 0.006757, 0.378378, 3.304054, 3.702703
 48.333333, 0.041379, 0.331034, 3.572414, 3.924138
 55.333333, 0.120482, 0.319277, 2.168675, 2.506024
 58.666667, 0.028409, 0.340909, 2.136364, 2.500000
 50.333333, 0.052980, 0.317881, 3.688742, 4.026490
 59.000000, 0.067797, 0.338983, 2.073446, 2.435028
 62.000000, 0.161290, 0.301075, 2.048387, 2.376344
 57.000000, 0.040936, 0.356725, 2.280702, 2.660819
 57.000000, 0.385965, 0.380117, 2.315789, 2.719298
 59.333333, 0.191011, 0.376404, 2.123596, 2.522472
 60.666667, 0.186813, 0.324176, 2.027473, 2.384615
47
 0.250000, 0.000000, 0.000000, 9.000000, 9.000000
 47.000000, 0.921986, 1.198582, 3.007092, 4.297872
 53.666667, 0.236025, 0.527950, 2.527950, 3.080745
 57.333333, 0.133721, 0.337209, 2.069767, 2.476744
 52.666667, 0.056962, 0.544304, 3.107595, 3.670886
 58.666667, 0.056818, 0.301136, 2.107955, 2.437500
 54.333333, 0.055215, 0.325153, 2.134969, 2.484663
 53.666667, 0.068323, 0.385093, 2.981366, 3.385093
 39.333333, 0.161017, 0.389831, 3.025424, 3.432203
 50.333333, 0.158940, 0.350993, 3.735099, 4.105960
 52.000000, 0.083333, 0.314103, 2.121795, 2.455128
 54.000000, 0.296296, 0.320988, 2.611111, 2.962963
 59.000000, 0.062147, 0.338983, 2.124294, 2.502825
 55.000000, 0.042424, 0.327273, 2.393939, 2.781818
 55.666667, 0.155689, 0.311377, 2.149701, 2.485030
 59.666667, 0.100559, 0.312849, 2.067039, 2.402235
 58.000000, 0.057471, 0.344828, 2.057471, 2.425287
 55.666667, 0.083832, 0.353293, 2.293413, 2.706587
 55.333333, 0.024096, 0.355422, 2.114458, 2.487952
 55.000000, 0.109091, 0.387879, 2.145455, 2.557576
48
 0.250000, 1.000000, 0.000000, 9.000000, 10.000000
 46.666667, 0.985714, 1.014286, 3.650000, 4.757143
 54.333333, 0.478528, 0.582822, 2.674847, 3.282209
 57.333333, 0.110465, 0.389535, 2.209302, 2.622093
 52.666667, 0.107595, 0.316456, 2.379747, 2.759494
 61.333333, 0.168478, 0.353261, 2.206522, 2.581522
 59.000000, 0.197740, 0.372881, 2.101695, 2.502825
 53.000000, 0.113208, 0.371069, 2.408805, 2.798742
 44.666667, 0.014925, 0.313433, 3.134328, 3.470149
 49.666667, 0.221477, 0.422819, 2.308725, 2.744966
 51.666667, 0.200000, 0.329032, 2.103226, 2.451613
 55.666667, 0.239521, 0.293413, 2.778443, 3.095808
 60.000000, 0.100000, 0.305556, 2.072222, 2.400000
 52.333333, 0.127389, 0.286624, 2.343949, 2.656051
 58.000000, 0.086207, 0.316092, 2.390805, 2.735632
 61.000000, 0.076503, 0.349727, 2.142077, 2.513661
 57.333333, 0.133721, 0.325581, 2.093023, 2.447674
 57.666667, 0.208092, 0.346821, 2.404624, 2.780347
 58.666667, 0.193182, 0.318182, 2.039773, 2.386364
 57.333333, 0.226744, 0.389535, 2.098837, 2.511628
49
 0.250000, 0.000000, 0.000000, 9.000000, 9.000000
 46.000000, 1.427536, 1.137681, 3.543478, 4.731884
 55.000000, 0.193939, 0.563636, 3.006061, 3.593939
 58.666667, 0.068182, 0.295455, 1.988636, 2.312500
 55.000000, 0.321212, 0.345455, 2.060606, 2.436364
 60.666667, 0.098901, 0.302198, 2.104396, 2.428571
 53.666667, 0.018634, 0.378882, 2.142857, 2.546584
 52.333333, 0.063694, 0.394904, 2.280255, 2.700637
 38.333333, 0.095652, 0.382609, 4.286957, 4.695652
 50.000000, 0.206667, 0.466667, 2.466667, 2.953333
 48.000000, 0.020833, 0.506944, 2.159722, 3.111111
 55.000000, 0.187879, 0.309091, 2.206061, 2.539394
 57.666667, 0.190751, 0.358382, 2.138728, 2.520231
 52.666667, 0.012658, 0.316456, 2.050633, 2.386076
 57.333333, 0.174419, 0.424419, 2.145349, 2.593023
 58.666667, 0.090909, 0.318182, 2.062500, 2.403409
 55.333333, 0.090361, 0.355422, 2.126506, 2.506024
 56.000000, 0.095238, 0.386905, 2.476190, 2.886905
 57.333333, 0.127907, 0.337209, 2.104651, 2.465116
 58.333333, 0.137143, 0.365714, 2.120000, 2.508571
50
 0.250000, 0.000000, 0.000000, 9.000000, 9.000000
 50.000000, 1.320000, 1.333333, 3.106667, 4.486667
 55.333333, 0.746988, 0.614458, 2.734940, 3.367470
 54.000000, 0.012346, 0.339506, 2.222222, 2.592593
 52.000000, 0.378205, 0.871795, 2.455128, 3.346154
 58.000000, 0.028736, 0.419540, 2.074713, 2.517241
 55.333333, 0.198795, 0.379518, 2.355422, 2.759036
 52.333333, 0.089172, 0.369427, 2.242038, 2.636943
 37.333333, 0.062500, 0.419643, 3.857143, 4.303571
 51.333333, 0.246753, 0.298701, 2.967532, 3.292208
 51.333333, 0.279221, 0.272727, 2.402597, 2.707792
 55.333333, 0.066265, 0.313253, 2.162651, 2.506024
 62.666667, 0.271277, 0.372340, 2.079787, 2.478723
 57.000000, 0.076023, 0.309942, 2.023392, 2.356725
 57.333333, 0.232558, 0.412791, 2.104651, 2.540698
 57.666667, 0.052023, 0.317919, 2.109827, 2.445087
 57.000000, 0.181287, 0.374269, 2.116959, 2.514620
 56.666667, 0.311765, 0.429412, 2.800000, 3.252941
 57.000000, 0.058480, 0.304094, 2.064327, 2.397661
 57.666667, 0.115607, 0.323699, 2.104046, 2.456647
51
 0.250000, 0.000000, 0.000000, 2.000000, 2.000000
 42.666667, 0.710938, 0.960938, 3.320313, 4.367188
 52.666667, 0.107595, 0.481013, 3.082278, 3.582278
 55.666667, 0.125749, 0.389222, 2.215569, 2.628743
 50.333333, 0.092715, 0.350993, 2.178808, 2.549669
 57.666667, 0.052023, 0.364162, 2.069364, 2.462428
 56.333333, 0.082840, 0.378698, 2.112426, 2.514793
 52.333333, 0.012739, 0.401274, 2.713376, 3.140127
 43.333333, 0.069231, 0.400000, 2.746154, 3.169231
 50.666667, 0.092105, 0.348684, 3.736842, 4.105263
 49.666667, 0.114094, 0.322148, 2.080537, 2.429530
 55.666667, 0.149701, 0.299401, 2.089820, 2.419162
 60.333333, 0.116022, 0.309392, 2.082873, 2.425414
 52.666667, 0.088608, 0.278481, 2.164557, 2.468354
 59.666667, 0.262570, 0.385475, 2.083799, 2.497207
 60.333333, 0.088398, 0.320442, 2.060773, 2.408840
 58.333333, 0.165714, 0.325714, 2.451429, 2.805714
 56.000000, 0.154762, 0.285714, 2.446429, 2.755952
 59.666667, 0.268156, 0.301676, 2.335196, 2.670391
 59.333333, 0.353933, 0.415730, 2.084270, 2.522472
52
 0.250000, 0.000000, 0.000000, 1.000000, 1.000000
 44.666667, 1.238806, 1.104478, 3.716418, 4.858209
 56.333333, 0.727811, 0.497041, 2.650888, 3.171598
 58.333333, 0.137143, 0.365714, 2.108571, 2.497143
 55.333333, 0.150602, 0.542169, 3.981928, 4.548193
 58.000000, 0.034483, 0.316092, 2.086207, 2.454023
 58.000000, 0.224138, 0.396552, 2.166667, 2.586207
 53.000000, 0.100629, 0.377358, 3.000000, 3.402516
 50.000000, 0.160000, 0.333333, 3.206667, 3.560000
 49.666667, 0.020134, 0.315436, 3.724832, 4.067114
 50.666667, 0.078947, 0.315789, 2.125000, 2.467105
 56.000000, 0.142857, 0.321429, 2.113095, 2.458333
 60.666667, 0.159341, 0.351648, 2.098901, 2.478022
 51.666667, 0.070968, 0.341935, 2.019355, 2.387097
 56.000000, 0.095238, 0.404762, 2.142857, 2.571429
 59.666667, 0.178771, 0.357542, 2.106145, 2.486034
 55.000000, 0.278788, 0.369697, 2.157576, 2.551515
 54.333333, 0.116564, 0.361963, 2.674847, 3.073620
 56.333333, 0.254438, 0.337278, 2.390533, 2.751479
 54.333333, 0.098160, 0.349693, 2.085890, 2.453988
53
 0.250000, 0.000000, 0.000000, 1.000000, 2.000000
 45.000000, 0.859259, 1.281481, 3.370370, 4.740741
 51.666667, 0.322581, 0.593548, 2.864516, 3.477419
 57.666667, 0.144509, 0.312139, 2.387283, 2.728324
 52.000000, 0.108974, 0.397436, 2.423077, 2.846154
 59.666667, 0.089385, 0.307263, 2.139665, 2.469274
 58.333333, 0.257143, 0.377143, 2.045714, 2.451429
 55.000000, 0.224242, 0.400000, 3.236364, 3.660606
 41.333333, 0.088710, 0.266129, 3.306452, 3.604839
 54.333333, 0.404908, 0.417178, 2.312883, 2.748466
 50.000000, 0.046667, 0.333333, 2.113333, 2.473333
 56.333333, 0.142012, 0.331361, 2.088757, 2.449704
 62.333333, 0.139037, 0.331551, 2.139037, 2.497326
 53.666667, 0.074534, 0.335404, 3.012422, 3.385093
 57.333333, 0.052326, 0.418605, 2.558140, 3.000000
 56.666667, 0.017647, 0.311765, 2.100000, 2.435294
 56.000000, 0.047619, 0.321429, 2.113095, 2.458333
 56.666667, 0.094118, 0.435294, 2.476471, 2.935294
 56.333333, 0.100592, 0.349112, 2.076923, 2.449704
 58.000000, 0.166667, 0.408046, 2.137931, 2.568966
54
 0.250000, 0.000000, 0.000000, 1.000000, 1.000000
 47.333333, 0.697183, 1.091549, 3.415493, 4.556338
 50.333333, 0.066225, 0.635762, 3.132450, 3.794702
 56.333333, 0.041420, 0.349112, 2.207101, 2.579882
 53.000000, 0.119497, 0.339623, 2.150943, 2.553459
 58.000000, 0.149425, 0.327586, 2.034483, 2.385057
 57.666667, 0.173410, 0.369942, 2.086705, 2.479769
 54.333333, 0.404908, 0.472393, 3.110429, 3.607362
 40.333333, 0.099174, 1.396694, 3.669421, 5.090909
 50.000000, 0.026667, 0.846667, 2.366667, 3.286667
 49.666667, 0.073826, 0.335570, 2.127517, 2.483221
 53.333333, 0.056250, 0.331250, 2.056250, 2.406250
 57.000000, 0.046784, 0.333333, 2.116959, 2.473684
 52.333333, 0.140127, 0.312102, 2.630573, 2.968153
 59.333333, 0.174157, 0.353933, 2.056180, 2.511236
 62.333333, 0.112299, 0.299465, 2.037433, 2.363636
 58.333333, 0.211429, 0.320000, 2.668571, 3.022857
 54.666667, 0.231707, 0.408537, 2.420732, 2.853659
 58.333333, 0.222857, 0.354286, 2.428571, 2.805714
 61.000000, 0.551913, 0.382514, 2.109290, 2.513661
55
 0.250000, 0.000000, 0.000000, 1.000000, 1.000000
 46.000000, 0.992754, 1.043478, 3.224638, 4.311594
 56.666667, 0.823529, 0.705882, 2.747059, 3.476471
 56.333333, 0.248521, 0.408284, 2.443787, 2.875740
 53.333333, 0.100000, 0.293750, 2.100000, 2.418750
 60.000000, 0.177778, 0.355556, 2.022222, 2.400000
 59.333333, 0.432584, 0.432584, 2.112360, 2.573034
 54.000000, 0.024691, 0.314815, 2.129630, 2.518519
 38.666667, 0.094828, 0.620690, 4.353448, 4.991379
 51.333333, 0.214286, 0.590909, 2.337662, 2.948052
 48.000000, 0.055556, 0.368056, 3.020833, 3.409722
 52.666667, 0.025316, 0.310127, 2.120253, 2.449367
 57.666667, 0.052023, 0.323699, 2.098266, 2.445087
 54.333333, 0.012270, 0.337423, 2.030675, 2.386503
 60.000000, 0.261111, 0.388889, 2.383333, 2.800000
 59.666667, 0.067039, 0.284916, 2.072626, 2.385475
 58.333333, 0.160000, 0.325714, 2.645714, 3.000000
 57.000000, 0.339181, 0.391813, 2.374269, 2.795322
 56.333333, 0.153846, 0.313609, 2.100592, 2.437870
 59.333333, 0.460674, 0.410112, 2.022472, 2.466292
56
 0.250000, 0.000000, 0.000000, 2.000000, 2.000000
 44.666667, 0.343284, 1.089552, 3.380597, 4.507463
 53.666667, 0.776398, 0.559006, 2.739130, 3.316770
 55.666667, 0.077844, 0.401198, 2.059880, 2.479042
 52.333333, 0.063694, 0.375796, 4.108280, 4.509554
 60.333333, 0.342541, 0.381215, 2.116022, 2.519337
 55.666667, 0.077844, 0.365269, 2.161677, 2.550898
 52.000000, 0.089744, 0.358974, 2.294872, 2.673077
 39.666667, 0.168067, 0.394958, 4.831933, 5.243697
 50.333333, 0.211921, 0.615894, 2.384106, 3.026490
 49.333333, 0.027027, 0.371622, 2.966216, 3.364865
 52.666667, 0.056962, 0.360759, 2.139241, 2.525316
 57.666667, 0.098266, 0.369942, 2.121387, 2.508671
 56.666667, 0.070588, 0.329412, 2.052941, 2.405882
 58.333333, 0.177143, 0.365714, 2.114286, 2.502857
 61.333333, 0.119565, 0.331522, 2.070652, 2.429348
 55.333333, 0.108434, 0.355422, 2.078313, 2.451807
 55.666667, 0.197605, 0.317365, 2.365269, 2.706587
 55.666667, 0.083832, 0.347305, 2.131737, 2.538922
 56.666667, 0.417647, 0.394118, 2.094118, 2.511765
57
 0.250000, 0.000000, 0.000000, 1.000000, 2.000000
 47.333333, 0.964789, 1.267606, 3.218310, 4.521127
 56.666667, 1.335294, 0.835294, 3.082353, 3.982353
 56.666667, 0.129412, 0.400000, 2.094118, 2.517647
 52.666667, 0.126582, 0.329114, 2.126582, 2.474684
 57.000000, 0.116959, 0.368421, 2.076023, 2.467836
 54.333333, 0.049080, 0.337423, 2.110429, 2.466258
 53.000000, 0.062893, 0.345912, 3.245283, 3.610063
 40.666667, 0.196721, 0.737705, 4.901639, 5.663934
 51.333333, 0.402597, 0.344156, 2.220779, 2.597403
 50.333333, 0.178808, 0.317881, 2.337748, 2.688742
 54.666667, 0.103659, 0.390244, 2.140244, 2.554878
 57.000000, 0.011696, 0.315789, 2.140351, 2.473684
 51.333333, 0.103896, 0.337662, 2.344156, 2.707792
 57.333333, 0.168605, 0.377907, 2.104651, 2.505814
 57.666667, 0.075145, 0.352601, 2.046243, 2.421965
 57.000000, 0.274854, 0.380117, 2.175439, 2.578947
 54.000000, 0.129630, 0.487654, 2.407407, 2.919753
 57.666667, 0.144509, 0.306358, 2.040462, 2.369942
 56.666667, 0.058824, 0.358824, 2.100000, 2.482353
58
 0.250000, 0.000000, 0.000000, 1.000000, 2.000000
 47.000000, 1.000000, 0.836879, 3.248227, 4.191489
 52.000000, 0.320513, 0.557692, 2.653846, 3.237179
 54.666667, 0.121951, 0.396341, 2.115854, 2.542683
 50.666667, 0.164474, 0.394737, 4.210526, 4.625000
 59.000000, 0.073446, 0.344633, 2.073446, 2.440678
 58.666667, 0.147727, 0.323864, 2.090909, 2.437500
 54.000000, 0.043210, 1.148148, 3.370370, 4.543210
 46.333333, 0.309353, 0.453237, 2.791367, 3.273381
 50.000000, 0.026667, 0.366667, 3.313333, 3.700000
 49.666667, 0.067114, 0.382550, 2.120805, 2.530201
 52.666667, 0.272152, 0.335443, 2.126582, 2.487342
 58.000000, 0.080460, 0.385057, 2.155172, 2.557471
 53.000000, 0.188679, 0.352201, 2.477987, 2.849057
 55.666667, 0.059880, 0.443114, 2.113772, 2.580838
 58.666667, 0.062500, 0.346591, 2.142045, 2.511364
 56.000000, 0.357143, 0.404762, 2.148810, 2.577381
 56.000000, 0.428571, 0.500000, 2.303571, 2.833333
 59.666667, 0.089385, 0.312849, 2.072626, 2.407821
 59.000000, 0.180791, 0.293785, 2.079096, 2.401130
59
 0.250000, 0.000000, 0.000000, 1.000000, 1.000000
 45.666667, 0.583942, 1.058394, 3.474453, 4.569343
 54.333333, 1.269939, 0.773006, 2.625767, 3.466258
 57.666667, 0.254335, 0.433526, 2.138728, 2.595376
 52.666667, 0.069620, 0.443038, 2.436709, 2.898734
 59.333333, 0.056180, 0.353933, 2.191011, 2.567416
 59.000000, 0.225989, 0.384181, 2.129944, 2.536723
 53.333333, 0.156250, 0.368750, 2.350000, 2.743750
 45.000000, 0.229630, 0.422222, 3.785185, 4.229630
 51.000000, 0.130719, 0.372549, 2.542484, 2.934641
 47.333333, 0.056338, 0.366197, 2.211268, 2.598592
 53.333333, 0.175000, 0.337500, 2.143750, 2.500000
 58.000000, 0.017241, 0.321839, 2.155172, 2.494253
 50.666667, 0.210526, 0.302632, 2.203947, 2.526316
 60.000000, 0.400000, 0.388889, 2.088889, 2.505556
 59.666667, 0.100559, 0.312849, 2.033520, 2.374302
 57.333333, 0.139535, 0.296512, 2.279070, 2.604651
 52.666667, 0.113924, 0.335443, 2.386076, 2.753165
 55.666667, 0.023952, 0.353293, 2.077844, 2.449102
 55.000000, 0.030303, 0.381818, 2.133333, 2.533333
60
 0.250000, 0.000000, 0.000000, 1.000000, 1.000000
 47.333333, 0.971831, 0.929577, 3.070423, 4.133803
 56.666667, 0.652941, 0.647059, 3.117647, 3.788235
 53.333333, 0.118750, 0.368750, 2.112500, 2.506250
 50.666667, 0.171053, 0.335526, 2.125000, 2.480263
 60.666667, 0.126374, 0.368132, 2.054945, 2.445055
 59.000000, 0.293785, 0.367232, 2.169492, 2.564972
 54.666667, 0.121951, 0.347561, 2.140244, 2.524390
 41.333333, 0.193548, 0.387097, 2.330645, 2.750000
 52.333333, 0.108280, 0.343949, 2.719745, 3.089172
 47.000000, 0.000000, 0.375887, 3.248227, 3.645390
 53.666667, 0.093168, 0.329193, 2.130435, 2.478261
 57.333333, 0.023256, 0.331395, 2.145349, 2.494186
 54.333333, 0.030675, 0.319018, 2.993865, 3.337423
 54.333333, 0.263804, 0.411043, 2.171779, 2.607362
 58.333333, 0.194286, 0.331429, 2.034286, 2.388571
 58.666667, 0.147727, 0.346591, 2.022727, 2.392045
 57.333333, 0.116279, 0.273256, 2.308140, 2.610465
 59.000000, 0.305085, 0.338983, 2.112994, 2.480226
 55.666667, 0.227545, 0.395210, 2.431138, 2.850299
61
 0.250000, 0.000000, 0.000000, 1.000000, 1.000000
 45.333333, 1.161765, 1.323529, 3.485294, 4.845588
 56.333333, 0.769231, 0.680473, 2.680473, 3.390533
 55.666667, 0.077844, 0.365269, 2.197605, 2.580838
 50.333333, 0.026490, 0.324503, 2.364238, 2.708609
 58.666667, 0.130682, 0.352273, 2.034091, 2.409091
 56.000000, 0.113095, 0.363095, 2.071429, 2.464286
 52.666667, 0.063291, 0.354430, 2.202532, 2.575949
 40.000000, 0.141667, 0.833333, 3.808333, 4.675000
 52.000000, 0.121795, 0.358974, 3.852564, 4.230769
 51.000000, 0.143791, 0.300654, 2.058824, 2.424837
 54.000000, 0.135802, 0.296296, 2.228395, 2.549383
 59.000000, 0.067797, 0.333333, 2.096045, 2.446328
 53.333333, 0.050000, 0.306250, 2.637500, 2.987500
 56.333333, 0.047337, 0.408284, 2.053254, 2.485207
 60.333333, 0.071823, 0.314917, 2.082873, 2.419890
 55.333333, 0.120482, 0.367470, 2.096386, 2.481928
 56.000000, 0.136905, 0.303571, 2.291667, 2.619048
 56.666667, 0.041176, 0.300000, 2.064706, 2.388235
 58.000000, 0.149425, 0.333333, 2.091954, 2.448276
62
 0.250000, 0.000000, 0.000000, 1.000000, 1.000000
 46.000000, 0.826087, 1.108696, 3.949275, 5.166667
 59.333333, 0.915730, 0.544944, 2.780899, 3.353933
 57.000000, 0.128655, 0.362573, 2.122807, 2.514620
 54.000000, 0.055556, 0.302469, 2.086420, 2.419753
 60.333333, 0.237569, 0.359116, 2.082873, 2.469613
 55.000000, 0.018182, 0.418182, 2.115152, 2.551515
 52.000000, 0.012821, 0.461538, 3.288462, 3.769231
 42.333333, 0.149606, 0.425197, 2.519685, 2.968504
 53.000000, 0.245283, 0.371069, 2.150943, 2.540881
 49.000000, 0.095238, 0.346939, 3.972789, 4.346939
 54.666667, 0.036585, 0.298780, 2.158537, 2.475610
 59.000000, 0.096045, 0.361582, 2.112994, 2.497175
 51.000000, 0.137255, 0.333333, 2.398693, 2.751634
 57.666667, 0.046243, 0.410405, 2.080925, 2.514451
 60.000000, 0.155556, 0.327778, 2.061111, 2.416667
 57.000000, 0.210526, 0.391813, 2.099415, 2.514620
 55.000000, 0.109091, 0.369697, 2.454545, 2.842424
 58.000000, 0.103448, 0.339080, 2.074713, 2.436782
 58.666667, 0.329545, 0.346591, 2.073864, 2.448864
63
 0.250000, 0.000000, 0.000000, 2.000000, 2.000000
 50.000000, 1.053333, 1.106667, 3.333333, 4.480000
 55.000000, 0.600000, 0.503030, 2.963636, 3.484848
 54.000000, 0.141975, 0.327160, 2.135802, 2.481481
 52.666667, 0.253165, 0.898734, 4.189873, 5.113924
 61.666667, 0.156757, 0.356757, 2.108108, 2.491892
 59.000000, 0.169492, 0.327684, 2.073446, 2.429379
 54.666667, 0.134146, 0.365854, 3.164634, 3.554878
 41.000000, 0.056911, 0.666667, 5.715447, 6.406504
 50.000000, 0.140000, 0.453333, 2.400000, 2.880000
 48.666667, 0.089041, 0.363014, 2.431507, 2.821918
 53.000000, 0.056604, 0.320755, 2.125786, 2.522013
 60.666667, 0.148352, 0.384615, 2.093407, 2.500000
 49.666667, 0.026846, 0.302013, 3.530201, 3.852349
 56.333333, 0.082840, 0.366864, 2.213018, 2.603550
 58.666667, 0.125000, 0.318182, 2.119318, 2.460227
 55.000000, 0.096970, 0.363636, 2.127273, 2.551515
 55.666667, 0.335329, 0.449102, 2.407186, 2.880240
 58.666667, 0.244318, 0.335227, 2.045455, 2.403409
 58.666667, 0.227273, 0.375000, 2.244318, 2.636364
Histogram
0 0 0 0 0 0 0 0 0 0 11 0 0 0 0 0 0 0 0 0 18 0 0 60 347 241 78 69 60 34 31 28 21 20 20 21 18 12 13 16 11 16 11 14 10 13 12 9 8 5 3 2 3 2 1 1 3 0 0 0 1 0 1 0 1 0 1 0 0 0 1 0 0 1 0 0 0 0 0 0 0 0 0 0 0 0 0 0 0 0 5 0 0 0 0 0 0 0 0 0 4 0 0 0 0 0 0 0 0 0 0 0 0 0 0 0 0 0 0 23 
Cache Miss Ratio
0.0036947173709371323
numOfSets
0
numOfGets
208135
numOfMultiGets
0
