20
0
 0.250000, 0.000000, 0.000000, 13.000000, 83.000000
 73.333333, 3.454545, 1.500000, 3.995455, 5.604545
 73.333333, 0.472727, 0.559091, 4.286364, 4.868182
 72.000000, 0.365741, 0.393519, 4.861111, 5.277778
 67.000000, 0.338308, 0.641791, 4.910448, 5.572139
 69.000000, 0.478261, 0.425121, 4.338164, 4.787440
 63.666667, 0.073298, 0.471204, 5.821990, 6.314136
 51.000000, 0.241830, 0.437908, 5.006536, 5.464052
 69.333333, 0.264423, 0.442308, 4.855769, 5.322115
 71.000000, 0.103286, 0.431925, 3.741784, 4.197183
 70.333333, 0.165877, 0.483412, 4.819905, 5.327014
 67.333333, 0.103960, 0.440594, 4.470297, 4.930693
 73.333333, 0.304545, 0.559091, 4.218182, 4.804545
 67.333333, 0.113861, 0.410891, 4.841584, 5.277228
 74.333333, 0.300448, 0.394619, 4.452915, 4.869955
 76.000000, 0.236842, 0.473684, 4.578947, 5.074561
 74.666667, 0.129464, 0.428571, 4.656250, 5.102679
 75.000000, 0.457778, 0.511111, 4.888889, 5.426667
 80.666667, 0.380165, 0.442149, 4.090909, 4.557851
 69.333333, 0.245192, 0.500000, 5.201923, 5.725962
1
 0.250000, 0.000000, 0.000000, 1.000000, 91.000000
 71.333333, 3.859813, 1.504673, 3.925234, 5.495327
 74.333333, 0.547085, 0.538117, 4.399103, 4.959641
 73.333333, 0.127273, 0.540909, 5.409091, 5.968182
 70.333333, 0.436019, 0.412322, 5.417062, 5.848341
 65.333333, 0.209184, 0.428571, 4.454082, 4.908163
 65.333333, 0.107143, 0.474490, 4.790816, 5.285714
 56.000000, 0.297619, 0.601190, 5.857143, 6.482143
 73.333333, 0.481818, 0.440909, 4.890909, 5.354545
 80.666667, 0.247934, 0.479339, 3.768595, 4.289256
 70.666667, 0.292453, 0.457547, 5.117925, 5.603774
 72.000000, 0.245370, 0.462963, 4.050926, 4.541667
 73.000000, 0.433790, 0.488584, 4.109589, 4.621005
 74.666667, 0.111607, 0.455357, 4.709821, 5.187500
 70.666667, 0.198113, 0.443396, 5.382075, 5.849057
 72.666667, 0.123853, 0.389908, 4.816514, 5.229358
 74.333333, 0.354260, 0.408072, 4.260090, 4.690583
 73.333333, 0.850000, 0.559091, 5.318182, 5.900000
 74.666667, 0.236607, 0.410714, 4.209821, 4.642857
 68.000000, 0.034314, 0.514706, 5.269608, 5.803922
2
 0.250000, 0.000000, 0.000000, 11.000000, 72.000000
 67.333333, 1.777228, 1.757426, 4.237624, 6.094059
 74.333333, 0.780269, 0.434978, 4.291480, 4.748879
 75.666667, 0.259912, 0.405286, 4.955947, 5.383260
 70.333333, 0.459716, 0.417062, 5.047393, 5.521327
 77.333333, 0.581897, 0.495690, 4.107759, 4.629310
 68.333333, 0.429268, 0.439024, 6.307317, 6.775610
 54.000000, 0.771605, 0.734568, 6.055556, 6.814815
 69.666667, 0.358852, 0.478469, 4.602871, 5.153110
 69.333333, 0.115385, 0.418269, 4.278846, 4.750000
 68.333333, 0.287805, 0.414634, 4.863415, 5.297561
 72.000000, 0.546296, 0.476852, 4.282407, 4.782407
 73.000000, 0.136986, 0.598174, 4.260274, 4.876712
 69.000000, 0.135266, 0.410628, 5.111111, 5.574879
 73.000000, 0.150685, 0.420091, 5.164384, 5.611872
 72.000000, 0.041667, 0.421296, 4.689815, 5.138889
 75.666667, 0.211454, 0.422907, 4.885463, 5.334802
 69.333333, 0.293269, 0.451923, 4.908654, 5.384615
 76.000000, 0.298246, 0.421053, 4.442982, 4.890351
 68.666667, 0.126214, 0.422330, 4.611650, 5.053398
3
 0.250000, 0.000000, 0.000000, 11.000000, 73.000000
 65.666667, 2.467005, 1.527919, 3.370558, 5.071066
 78.000000, 0.452991, 0.457265, 4.521368, 5.000000
 71.333333, 0.289720, 0.401869, 5.084112, 5.504673
 69.333333, 0.586538, 0.475962, 5.216346, 5.716346
 71.666667, 0.227907, 0.432558, 4.339535, 4.786047
 68.333333, 0.278049, 0.492683, 6.034146, 6.546341
 67.666667, 0.384236, 0.635468, 4.330049, 4.990148
 72.000000, 0.467593, 0.398148, 4.541667, 4.962963
 72.666667, 0.527523, 0.463303, 4.192661, 4.678899
 78.333333, 0.293617, 0.489362, 4.706383, 5.217021
 74.333333, 0.192825, 0.426009, 4.143498, 4.596413
 68.000000, 0.352941, 0.534314, 4.622549, 5.171569
 70.333333, 0.037915, 0.431280, 5.009479, 5.469194
 77.333333, 0.198276, 0.422414, 4.452586, 4.900862
 73.333333, 0.304545, 0.436364, 4.677273, 5.136364
 71.000000, 0.342723, 0.384977, 4.629108, 5.037559
 70.333333, 0.668246, 0.492891, 5.203791, 5.720379
 79.666667, 0.313808, 0.468619, 3.673640, 4.163180
 65.333333, 0.408163, 0.494898, 5.923469, 6.443878
4
 0.250000, 0.000000, 0.000000, 11.000000, 73.000000
 65.000000, 2.333333, 1.405128, 3.717949, 5.164103
 74.000000, 0.346847, 0.481982, 4.306306, 4.810811
 76.333333, 0.340611, 0.379913, 5.122271, 5.524017
 71.666667, 0.474419, 0.516279, 4.981395, 5.590698
 71.000000, 0.201878, 0.422535, 4.065728, 4.507042
 66.000000, 0.363636, 0.439394, 5.232323, 5.696970
 57.666667, 0.439306, 1.104046, 5.231214, 6.358382
 77.333333, 0.431034, 0.439655, 4.198276, 4.663793
 80.333333, 0.265560, 0.460581, 3.688797, 4.174274
 72.333333, 0.244240, 0.460829, 4.645161, 5.124424
 69.666667, 0.090909, 0.464115, 4.354067, 4.870813
 71.333333, 0.186916, 0.528037, 4.392523, 4.943925
 67.666667, 0.029557, 0.394089, 4.517241, 4.935961
 70.000000, 0.219048, 0.409524, 5.076190, 5.514286
 73.666667, 0.176471, 0.452489, 4.452489, 4.927602
 77.666667, 0.394850, 0.437768, 4.678112, 5.137339
 72.666667, 0.311927, 0.550459, 5.073394, 5.646789
 78.666667, 0.177966, 0.440678, 4.457627, 4.923729
 67.666667, 0.059113, 0.443350, 4.384236, 4.847291
5
 0.250000, 0.000000, 0.000000, 13.000000, 72.000000
 64.666667, 2.231959, 1.371134, 3.567010, 5.020619
 68.333333, 0.312195, 0.482927, 3.907317, 4.409756
 67.000000, 0.069652, 0.378109, 4.716418, 5.119403
 69.000000, 0.347826, 0.541063, 4.826087, 5.391304
 76.666667, 0.369565, 0.452174, 5.000000, 5.478261
 70.333333, 0.322275, 0.469194, 4.928910, 5.426540
 55.000000, 0.533333, 0.624242, 5.260606, 5.903030
 77.333333, 0.668103, 0.452586, 4.387931, 4.866379
 77.333333, 0.198276, 0.456897, 3.801724, 4.284483
 69.333333, 0.225962, 0.466346, 5.250000, 5.740385
 67.666667, 0.172414, 0.433498, 4.576355, 5.034483
 73.000000, 0.694064, 0.479452, 4.136986, 4.639269
 71.666667, 0.241860, 0.437209, 4.841860, 5.302326
 72.666667, 0.197248, 0.422018, 4.857798, 5.302752
 72.000000, 0.185185, 0.393519, 4.212963, 4.629630
 70.666667, 0.132075, 0.452830, 4.429245, 4.900943
 71.666667, 0.358140, 0.488372, 4.930233, 5.437209
 71.666667, 0.106977, 0.409302, 4.069767, 4.502326
 68.000000, 0.318627, 0.475490, 5.009804, 5.504902
6
 0.250000, 0.000000, 0.000000, 11.000000, 72.000000
 65.666667, 1.802030, 1.208122, 3.507614, 4.751269
 70.333333, 0.142180, 0.421801, 4.535545, 4.976303
 75.333333, 0.455752, 0.402655, 4.646018, 5.185841
 70.333333, 0.459716, 0.535545, 4.905213, 5.464455
 69.000000, 0.193237, 0.454106, 4.671498, 5.149758
 68.666667, 0.126214, 0.436893, 5.000000, 5.461165
 54.333333, 0.484663, 0.466258, 4.687117, 5.177914
 77.666667, 0.497854, 0.459227, 4.523605, 5.004292
 80.000000, 0.250000, 0.475000, 3.804167, 4.304167
 71.000000, 0.206573, 0.417840, 4.732394, 5.173709
 70.666667, 0.141509, 0.429245, 4.268868, 4.721698
 78.333333, 0.251064, 0.553191, 3.846809, 4.425532
 73.000000, 0.155251, 0.429224, 4.561644, 5.018265
 75.000000, 0.262222, 0.386667, 4.231111, 4.644444
 74.333333, 0.107623, 0.448430, 4.381166, 4.856502
 74.333333, 0.210762, 0.430493, 4.695067, 5.147982
 69.000000, 0.454106, 0.473430, 5.207729, 5.705314
 75.666667, 0.352423, 0.418502, 4.405286, 4.845815
 68.666667, 0.320388, 0.470874, 5.179612, 5.674757
7
 0.250000, 0.000000, 0.000000, 10.000000, 69.000000
 66.666667, 1.510000, 1.230000, 3.540000, 4.850000
 73.000000, 0.876712, 0.575342, 3.936073, 4.534247
 71.666667, 0.339535, 0.390698, 4.506977, 4.916279
 71.666667, 0.651163, 0.548837, 5.386047, 5.958140
 76.000000, 0.412281, 0.456140, 4.271930, 4.745614
 69.333333, 0.264423, 0.495192, 7.451923, 7.971154
 67.333333, 1.430693, 1.975248, 5.118812, 7.227723
 75.666667, 0.374449, 0.475771, 4.872247, 5.365639
 75.333333, 0.371681, 0.451327, 4.039823, 4.508850
 74.666667, 0.156250, 0.455357, 4.816964, 5.321429
 67.000000, 0.089552, 0.477612, 4.099502, 4.597015
 66.666667, 0.190000, 0.460000, 4.250000, 4.730000
 72.000000, 0.208333, 0.444444, 5.425926, 5.893519
 77.000000, 0.082251, 0.411255, 4.303030, 4.735931
 73.333333, 0.327273, 0.440909, 4.336364, 4.800000
 78.000000, 0.213675, 0.444444, 4.666667, 5.132479
 71.666667, 0.520930, 0.511628, 5.120930, 5.651163
 76.666667, 0.152174, 0.421739, 3.860870, 4.304348
 68.000000, 0.269608, 0.455882, 5.034314, 5.514706
8
 0.250000, 0.000000, 0.000000, 2.000000, 87.000000
 66.666667, 3.080000, 2.070000, 3.390000, 5.550000
 79.000000, 0.468354, 0.497890, 4.455696, 4.974684
 67.333333, 0.212871, 0.376238, 4.613861, 5.009901
 75.000000, 0.551111, 0.506667, 5.266667, 5.795556
 74.666667, 0.281250, 0.468750, 4.593750, 5.084821
 65.000000, 0.179487, 0.461538, 5.620513, 6.107692
 56.000000, 0.357143, 0.535714, 4.958333, 5.517857
 77.333333, 0.293103, 0.474138, 4.349138, 4.844828
 75.333333, 0.323009, 0.460177, 3.898230, 4.380531
 72.333333, 0.198157, 0.460829, 4.566820, 5.046083
 71.000000, 0.267606, 0.995305, 4.723005, 5.746479
 76.333333, 0.227074, 0.462882, 4.489083, 4.978166
 71.333333, 0.224299, 0.425234, 4.929907, 5.378505
 71.000000, 0.384977, 0.399061, 4.427230, 4.849765
 73.000000, 0.164384, 0.433790, 4.639269, 5.095890
 70.333333, 0.417062, 0.440758, 5.161137, 5.625592
 72.666667, 0.490826, 0.472477, 5.174312, 5.669725
 76.666667, 0.273913, 0.473913, 4.543478, 5.043478
 67.666667, 0.187192, 0.546798, 3.798030, 4.369458
9
 0.250000, 0.000000, 0.000000, 2.000000, 87.000000
 67.333333, 2.613861, 1.737624, 3.915842, 5.727723
 75.666667, 0.317181, 0.594714, 4.334802, 4.951542
 76.333333, 0.296943, 0.410480, 4.751092, 5.187773
 68.000000, 0.352941, 0.436275, 5.078431, 5.534314
 74.000000, 0.171171, 0.513514, 4.400901, 4.968468
 70.666667, 0.424528, 0.466981, 4.834906, 5.330189
 54.333333, 0.325153, 0.539877, 4.840491, 5.398773
 75.666667, 0.286344, 0.462555, 4.488987, 5.000000
 76.333333, 0.279476, 0.441048, 4.161572, 4.620087
 71.333333, 0.299065, 0.443925, 5.084112, 5.551402
 74.000000, 0.306306, 0.445946, 3.981982, 4.450450
 78.666667, 0.317797, 0.567797, 4.385593, 4.978814
 75.333333, 0.159292, 0.469027, 4.367257, 4.862832
 71.666667, 0.218605, 0.413953, 4.372093, 4.809302
 75.000000, 0.124444, 0.448889, 4.493333, 4.964444
 69.333333, 0.115385, 0.389423, 4.687500, 5.100962
 71.333333, 0.621495, 0.467290, 4.957944, 5.448598
 75.000000, 0.311111, 0.440000, 4.404444, 4.862222
 68.000000, 0.470588, 0.500000, 4.024510, 4.544118
10
 0.250000, 0.000000, 0.000000, 3.000000, 87.000000
 62.000000, 1.860215, 1.333333, 4.032258, 5.408602
 81.000000, 0.670782, 0.481481, 4.497942, 5.000000
 83.000000, 0.566265, 0.437751, 4.995984, 5.457831
 72.333333, 0.576037, 0.548387, 5.350230, 5.917051
 71.666667, 0.311628, 0.493023, 4.423256, 4.934884
 66.333333, 0.527638, 0.432161, 4.718593, 5.170854
 56.000000, 0.297619, 0.547619, 4.744048, 5.315476
 73.000000, 0.187215, 0.420091, 4.296804, 4.739726
 75.000000, 0.280000, 0.493333, 4.151111, 4.662222
 69.666667, 0.138756, 0.507177, 4.488038, 5.019139
 69.000000, 0.473430, 0.410628, 4.285024, 4.714976
 70.666667, 0.235849, 0.528302, 3.716981, 4.268868
 71.666667, 0.079070, 0.455814, 4.879070, 5.362791
 73.666667, 0.334842, 0.416290, 4.529412, 4.968326
 77.000000, 0.428571, 0.441558, 4.493506, 4.956710
 76.333333, 0.375546, 0.427948, 4.017467, 4.467249
 73.000000, 0.328767, 0.452055, 4.894977, 5.365297
 74.000000, 0.180180, 0.427928, 4.472973, 4.923423
 69.333333, 0.269231, 0.500000, 4.081731, 4.600962
11
 0.250000, 0.000000, 0.000000, 1.000000, 52.000000
 64.666667, 2.355670, 1.386598, 4.036082, 5.510309
 74.000000, 0.585586, 0.558559, 4.450450, 5.031532
 67.666667, 0.172414, 0.354680, 4.650246, 5.029557
 64.666667, 0.494845, 0.438144, 4.974227, 5.438144
 65.333333, 0.102041, 0.423469, 4.127551, 4.571429
 62.000000, 0.155914, 0.478495, 5.956989, 6.456989
 64.333333, 0.440415, 0.632124, 4.481865, 5.134715
 73.000000, 0.273973, 0.442922, 4.607306, 5.105023
 75.000000, 0.328889, 0.613333, 4.306667, 4.937778
 71.666667, 0.753488, 0.530233, 5.260465, 5.813953
 67.333333, 0.153465, 0.425743, 3.747525, 4.193069
 69.666667, 0.129187, 0.488038, 4.612440, 5.119617
 71.000000, 0.169014, 0.431925, 4.948357, 5.403756
 72.000000, 0.217593, 0.435185, 4.773148, 5.226852
 71.666667, 0.223256, 0.460465, 4.725581, 5.209302
 75.000000, 0.146667, 0.422222, 4.671111, 5.111111
 72.333333, 0.516129, 0.474654, 4.921659, 5.419355
 76.000000, 0.070175, 0.447368, 3.732456, 4.201754
 68.000000, 0.053922, 0.617647, 4.426471, 5.078431
12
 0.250000, 0.000000, 0.000000, 2.000000, 52.000000
 69.333333, 4.360577, 1.855769, 3.399038, 5.375000
 71.000000, 0.413146, 0.502347, 4.098592, 4.647887
 69.666667, 0.110048, 0.545455, 5.162679, 5.727273
 68.333333, 0.439024, 0.531707, 5.190244, 5.746341
 72.000000, 0.125000, 0.425926, 4.287037, 4.736111
 67.666667, 0.118227, 0.423645, 4.330049, 4.778325
 55.666667, 0.502994, 0.473054, 4.970060, 5.467066
 72.666667, 0.577982, 0.408257, 4.880734, 5.311927
 67.666667, 0.054187, 0.423645, 4.019704, 4.463054
 67.666667, 0.620690, 0.502463, 4.793103, 5.320197
 66.333333, 0.643216, 0.437186, 4.130653, 4.592965
 70.000000, 0.138095, 0.533333, 3.957143, 4.509524
 72.000000, 0.425926, 0.453704, 4.875000, 5.351852
 74.000000, 0.324324, 0.418919, 4.247748, 4.689189
 72.000000, 0.305556, 0.393519, 4.087963, 4.504630
 73.333333, 0.254545, 0.386364, 4.590909, 5.000000
 71.000000, 0.201878, 0.483568, 4.929577, 5.436620
 74.333333, 0.381166, 0.452915, 4.448430, 4.919283
 67.333333, 0.168317, 0.475248, 4.257426, 4.752475
13
 0.250000, 0.000000, 0.000000, 2.000000, 52.000000
 68.666667, 2.548544, 1.490291, 3.766990, 5.334951
 74.000000, 0.734234, 0.522523, 4.585586, 5.130631
 73.666667, 0.235294, 0.429864, 4.733032, 5.180995
 67.000000, 0.318408, 0.427861, 4.950249, 5.398010
 68.666667, 0.223301, 0.388350, 4.451456, 4.864078
 65.333333, 0.081633, 0.510204, 7.423469, 7.954082
 61.000000, 0.306011, 0.497268, 4.650273, 5.163934
 71.333333, 0.107477, 0.420561, 4.682243, 5.126168
 70.000000, 0.395238, 0.442857, 4.147619, 4.614286
 68.666667, 0.140777, 0.451456, 5.101942, 5.572816
 69.666667, 0.430622, 0.454545, 5.344498, 5.822967
 71.333333, 0.626168, 0.551402, 4.490654, 5.060748
 75.000000, 0.302222, 0.431111, 4.591111, 5.048889
 75.666667, 0.352423, 0.405286, 4.599119, 5.030837
 78.666667, 0.355932, 0.461864, 4.461864, 4.949153
 75.333333, 0.318584, 0.455752, 4.570796, 5.048673
 70.333333, 0.469194, 0.454976, 5.165877, 5.644550
 79.000000, 0.312236, 0.434599, 3.810127, 4.265823
 66.666667, 0.115000, 0.405000, 4.530000, 4.955000
14
 0.250000, 0.000000, 0.000000, 1.000000, 51.000000
 65.333333, 2.408163, 1.520408, 3.724490, 5.362245
 72.666667, 0.389908, 0.564220, 4.366972, 4.949541
 70.333333, 0.388626, 0.398104, 5.161137, 5.578199
 74.666667, 0.482143, 0.625000, 4.968750, 5.616071
 75.666667, 0.237885, 0.449339, 4.669604, 5.140969
 67.000000, 0.313433, 0.542289, 5.308458, 5.875622
 56.666667, 0.458824, 0.517647, 4.894118, 5.435294
 73.000000, 0.223744, 0.410959, 5.155251, 5.593607
 78.000000, 0.363248, 0.504274, 4.021368, 4.551282
 70.666667, 0.174528, 0.405660, 5.023585, 5.452830
 72.000000, 0.194444, 0.444444, 3.930556, 4.398148
 71.000000, 0.051643, 0.549296, 4.103286, 4.671362
 70.333333, 0.184834, 0.445498, 5.009479, 5.478673
 70.333333, 0.298578, 0.383886, 4.085308, 4.488152
 77.666667, 0.489270, 0.446352, 4.583691, 5.051502
 78.333333, 0.391489, 0.429787, 4.655319, 5.106383
 74.333333, 0.659193, 0.520179, 5.295964, 5.838565
 72.666667, 0.073394, 0.422018, 4.087156, 4.527523
 70.666667, 0.080189, 0.462264, 3.948113, 4.433962
15
 0.250000, 0.000000, 0.000000, 11.000000, 68.000000
 66.000000, 3.035354, 1.570707, 4.101010, 5.712121
 69.000000, 0.289855, 0.555556, 4.560386, 5.144928
 69.333333, 0.120192, 0.394231, 4.562500, 4.980769
 68.000000, 0.632353, 0.470588, 5.534314, 6.024510
 76.000000, 0.149123, 0.478070, 4.219298, 4.719298
 71.333333, 0.373832, 0.476636, 5.584112, 6.084112
 67.333333, 0.806931, 0.554455, 4.425743, 5.009901
 75.000000, 0.213333, 0.462222, 4.360000, 4.844444
 80.000000, 0.450000, 0.495833, 4.170833, 4.691667
 74.333333, 0.497758, 0.448430, 4.766816, 5.237668
 74.333333, 0.596413, 0.461883, 4.031390, 4.515695
 74.666667, 0.419643, 0.571429, 4.236607, 4.830357
 73.000000, 0.187215, 0.442922, 4.351598, 4.821918
 78.000000, 0.448718, 0.423077, 4.329060, 4.777778
 77.000000, 0.385281, 0.476190, 4.666667, 5.199134
 72.333333, 0.184332, 0.456221, 4.953917, 5.428571
 74.666667, 0.504464, 0.491071, 5.294643, 5.808036
 79.333333, 0.184874, 0.445378, 3.773109, 4.243697
 72.666667, 0.270642, 0.504587, 4.564220, 5.091743
16
 0.250000, 0.000000, 0.000000, 11.000000, 68.000000
 72.000000, 3.625000, 1.712963, 3.782407, 5.587963
 77.000000, 0.571429, 0.541126, 4.567100, 5.134199
 77.333333, 0.340517, 0.409483, 4.724138, 5.159483
 74.333333, 0.385650, 0.443946, 5.408072, 5.869955
 77.666667, 0.244635, 0.472103, 4.519313, 5.017167
 68.000000, 0.181373, 0.416667, 5.181373, 5.622549
 52.666667, 0.278481, 0.462025, 5.696203, 6.183544
 70.333333, 0.364929, 0.407583, 4.241706, 4.677725
 70.333333, 0.236967, 0.454976, 4.047393, 4.521327
 66.333333, 0.145729, 0.487437, 4.376884, 4.884422
 66.666667, 0.265000, 0.750000, 4.885000, 5.655000
 71.000000, 0.291080, 0.497653, 3.633803, 4.154930
 70.000000, 0.119048, 0.428571, 4.942857, 5.390476
 73.000000, 0.255708, 0.406393, 4.205479, 4.634703
 72.666667, 0.110092, 0.463303, 4.628440, 5.114679
 73.333333, 0.254545, 0.436364, 4.877273, 5.336364
 72.666667, 0.220183, 0.550459, 5.178899, 5.752294
 76.666667, 0.082609, 0.439130, 4.191304, 4.652174
 68.000000, 0.102941, 0.480392, 4.078431, 4.583333
17
 0.250000, 0.000000, 0.000000, 10.000000, 67.000000
 65.333333, 3.336735, 2.107143, 3.852041, 6.173469
 75.666667, 0.991189, 0.607930, 4.392070, 5.022026
 68.666667, 0.373786, 0.373786, 4.810680, 5.203883
 65.666667, 0.203046, 0.543147, 4.741117, 5.304569
 76.000000, 0.662281, 0.456140, 4.482456, 4.960526
 68.333333, 0.346341, 0.521951, 7.102439, 7.648780
 64.333333, 0.694301, 0.538860, 4.585492, 5.145078
 69.000000, 0.101449, 0.478261, 4.990338, 5.492754
 73.333333, 0.436364, 0.413636, 4.390909, 4.822727
 73.333333, 0.345455, 0.413636, 4.504545, 4.945455
 69.666667, 0.181818, 0.751196, 4.717703, 5.492823
 73.666667, 0.841629, 0.515837, 3.972851, 4.511312
 74.666667, 0.187500, 0.446429, 4.968750, 5.437500
 78.666667, 0.389831, 0.406780, 4.733051, 5.165254
 73.666667, 0.285068, 0.425339, 4.212670, 4.660633
 80.333333, 0.257261, 0.464730, 4.585062, 5.074689
 72.666667, 0.426606, 0.504587, 5.348624, 5.876147
 78.000000, 0.346154, 0.435897, 3.529915, 3.987179
 68.333333, 0.390244, 0.468293, 5.448780, 5.936585
18
 0.250000, 0.000000, 0.000000, 1.000000, 85.000000
 63.333333, 2.373684, 1.531579, 3.831579, 5.457895
 70.666667, 0.490566, 0.424528, 4.245283, 4.688679
 72.666667, 0.385321, 0.389908, 4.848624, 5.261468
 74.333333, 0.605381, 0.417040, 5.255605, 5.695067
 76.333333, 0.388646, 0.475983, 4.353712, 4.855895
 70.000000, 0.147619, 0.585714, 6.442857, 7.052381
 66.000000, 0.262626, 0.575758, 4.580808, 5.181818
 75.666667, 0.383260, 0.449339, 5.044053, 5.515419
 76.333333, 0.091703, 0.449782, 3.855895, 4.331878
 72.333333, 0.304147, 0.483871, 4.668203, 5.179724
 70.666667, 0.405660, 0.433962, 3.816038, 4.268868
 68.000000, 0.161765, 0.534314, 4.142157, 4.696078
 69.333333, 0.115385, 0.447115, 4.975962, 5.447115
 78.333333, 0.348936, 0.429787, 4.476596, 4.927660
 76.666667, 0.439130, 0.439130, 4.560870, 5.026087
 79.333333, 0.315126, 0.407563, 4.722689, 5.151261
 72.000000, 0.481481, 0.490741, 5.300926, 5.814815
 79.333333, 0.331933, 0.453782, 3.554622, 4.029412
 64.666667, 0.041237, 0.422680, 5.087629, 5.530928
19
 0.250000, 0.000000, 0.000000, 11.000000, 83.000000
 66.000000, 2.530303, 1.474747, 3.702020, 5.212121
 71.666667, 0.279070, 0.525581, 4.372093, 5.013953
 72.333333, 0.175115, 0.405530, 4.894009, 5.317972
 72.333333, 0.419355, 0.529954, 5.396313, 5.953917
 68.666667, 0.203883, 0.417476, 4.320388, 4.762136
 69.000000, 0.285024, 0.468599, 5.328502, 5.821256
 53.666667, 0.627329, 0.776398, 5.844720, 6.645963
 71.333333, 0.182243, 0.471963, 4.537383, 5.028037
 77.000000, 0.406926, 0.463203, 4.099567, 4.584416
 68.000000, 0.323529, 0.446078, 4.750000, 5.215686
 69.666667, 0.440191, 0.478469, 4.473684, 4.966507
 71.333333, 0.691589, 0.542056, 4.406542, 4.967290
 72.333333, 0.193548, 0.465438, 5.354839, 5.843318
 71.000000, 0.183099, 0.408451, 4.394366, 4.826291
 72.666667, 0.151376, 0.444954, 4.394495, 4.862385
 73.333333, 0.195455, 0.400000, 4.550000, 4.972727
 70.666667, 0.216981, 0.466981, 5.042453, 5.533019
 74.333333, 0.367713, 0.417040, 4.399103, 4.834081
 66.666667, 0.120000, 0.470000, 4.925000, 5.415000
20
 0.250000, 0.000000, 7.000000, 12.000000, 67.000000
 61.333333, 2.483696, 1.809783, 3.902174, 5.798913
 73.000000, 0.543379, 0.474886, 4.182648, 4.675799
 70.666667, 0.349057, 0.382075, 4.891509, 5.297170
 70.333333, 0.530806, 0.492891, 4.848341, 5.364929
 70.666667, 0.419811, 0.452830, 4.405660, 4.877358
 68.000000, 0.245098, 0.490196, 6.102941, 6.617647
 52.666667, 0.253165, 0.493671, 5.746835, 6.259494
 70.333333, 0.402844, 0.450237, 4.563981, 5.033175
 70.666667, 0.070755, 0.438679, 3.886792, 4.382075
 71.000000, 0.107981, 0.464789, 5.014085, 5.497653
 65.666667, 0.279188, 0.467005, 4.324873, 4.812183
 72.333333, 0.221198, 0.433180, 3.783410, 4.235023
 67.666667, 0.088670, 0.438424, 5.019704, 5.477833
 68.000000, 0.171569, 0.426471, 4.921569, 5.392157
 74.666667, 0.316964, 0.419643, 4.187500, 4.625000
 75.000000, 0.160000, 0.448889, 4.640000, 5.111111
 69.666667, 0.172249, 0.464115, 5.057416, 5.545455
 77.666667, 0.141631, 0.433476, 4.553648, 5.012876
 68.666667, 0.203883, 0.432039, 4.597087, 5.063107
21
 0.250000, 0.000000, 6.000000, 2.000000, 86.000000
 67.333333, 3.153465, 1.693069, 3.866337, 5.762376
 66.000000, 0.252525, 0.454545, 4.207071, 4.681818
 68.000000, 0.289216, 0.411765, 4.696078, 5.127451
 65.666667, 0.269036, 0.421320, 4.974619, 5.416244
 72.333333, 0.285714, 0.451613, 4.304147, 4.774194
 66.000000, 0.247475, 0.530303, 6.146465, 6.702020
 52.666667, 0.481013, 0.601266, 5.208861, 5.829114
 67.666667, 0.418719, 0.482759, 4.724138, 5.231527
 71.333333, 0.322430, 0.462617, 4.018692, 4.504673
 69.666667, 0.416268, 0.444976, 5.296651, 5.765550
 67.000000, 0.203980, 0.412935, 4.388060, 4.820896
 73.000000, 0.269406, 0.497717, 4.063927, 4.584475
 72.000000, 0.300926, 0.449074, 5.361111, 5.828704
 72.666667, 0.288991, 0.426606, 4.908257, 5.353211
 74.333333, 0.098655, 0.457399, 4.452915, 4.932735
 76.666667, 0.278261, 0.395652, 4.304348, 4.721739
 72.000000, 0.587963, 0.569444, 5.282407, 5.875000
 76.333333, 0.213974, 0.423581, 4.096070, 4.545852
 67.333333, 0.049505, 0.678218, 4.702970, 5.405941
22
 0.250000, 0.000000, 6.000000, 2.000000, 85.000000
 64.000000, 1.760417, 1.265625, 3.505208, 4.880208
 71.666667, 0.441860, 0.460465, 4.325581, 4.809302
 78.000000, 0.517094, 0.525641, 4.747863, 5.290598
 72.333333, 0.608295, 0.552995, 5.566820, 6.142857
 76.666667, 0.373913, 0.486957, 4.434783, 4.943478
 69.666667, 0.138756, 0.473684, 4.751196, 5.248804
 56.333333, 0.514793, 0.538462, 5.911243, 6.473373
 78.000000, 0.320513, 0.435897, 4.717949, 5.179487
 80.333333, 0.564315, 0.489627, 3.788382, 4.298755
 72.666667, 0.334862, 0.481651, 4.334862, 4.839450
 72.000000, 0.361111, 0.444444, 4.199074, 4.671296
 79.000000, 0.278481, 0.514768, 4.379747, 4.919831
 72.000000, 0.370370, 0.439815, 4.592593, 5.055556
 72.333333, 0.235023, 0.414747, 4.221198, 4.658986
 74.333333, 0.206278, 0.426009, 4.130045, 4.578475
 73.666667, 0.321267, 0.398190, 4.923077, 5.348416
 69.666667, 0.210526, 0.521531, 4.923445, 5.488038
 78.666667, 0.211864, 0.440678, 4.122881, 4.588983
 71.000000, 0.154930, 0.464789, 5.046948, 5.530516
23
 0.250000, 0.000000, 6.000000, 1.000000, 87.000000
 69.333333, 2.355769, 1.408654, 3.471154, 4.961538
 70.333333, 0.246445, 0.521327, 3.890995, 4.431280
 69.333333, 0.317308, 0.389423, 4.480769, 4.894231
 65.333333, 0.602041, 0.484694, 4.545918, 5.056122
 66.666667, 0.195000, 0.440000, 4.140000, 4.605000
 64.000000, 0.135417, 0.421875, 7.427083, 7.875000
 65.333333, 0.250000, 0.530612, 4.739796, 5.295918
 73.666667, 0.257919, 0.443439, 4.488688, 4.954751
 73.333333, 0.477273, 0.427273, 4.377273, 4.854545
 71.000000, 0.460094, 0.474178, 4.929577, 5.427230
 70.000000, 0.190476, 0.466667, 4.000000, 4.490476
 72.333333, 0.207373, 0.525346, 4.594470, 5.142857
 70.333333, 0.251185, 0.464455, 5.402844, 5.890995
 73.333333, 0.213636, 0.386364, 4.145455, 4.554545
 74.333333, 0.363229, 0.448430, 4.627803, 5.103139
 75.666667, 0.132159, 0.453744, 4.841410, 5.312775
 74.000000, 1.090090, 0.513514, 4.977477, 5.513514
 79.666667, 0.167364, 0.435146, 3.828452, 4.284519
 67.333333, 0.267327, 0.435644, 4.975248, 5.435644
24
 0.250000, 0.000000, 14.000000, 2.000000, 18.000000
 62.666667, 1.223404, 1.026596, 3.287234, 4.351064
 76.666667, 0.669565, 0.556522, 4.360870, 4.934783
 77.000000, 0.333333, 0.489177, 4.744589, 5.255411
 70.333333, 0.469194, 0.459716, 5.208531, 5.691943
 70.666667, 0.165094, 0.452830, 4.221698, 4.693396
 68.000000, 0.377451, 0.470588, 5.838235, 6.333333
 58.000000, 0.551724, 0.563218, 5.178161, 5.781609
 75.000000, 0.382222, 0.431111, 4.431111, 4.884444
 81.000000, 0.477366, 0.489712, 3.839506, 4.349794
 70.666667, 0.193396, 0.448113, 4.443396, 4.915094
 65.333333, 0.173469, 0.423469, 4.306122, 4.750000
 72.666667, 0.394495, 0.573394, 4.541284, 5.137615
 72.000000, 0.185185, 0.425926, 4.773148, 5.222222
 75.333333, 0.225664, 0.402655, 4.592920, 5.022124
 79.333333, 0.256303, 0.424370, 4.441176, 4.890756
 76.000000, 0.280702, 0.429825, 4.293860, 4.745614
 75.333333, 0.433628, 0.504425, 5.057522, 5.584071
 76.333333, 0.314410, 0.467249, 4.240175, 4.759825
 69.333333, 0.389423, 0.475962, 4.668269, 5.163462
25
 0.250000, 0.000000, 0.000000, 2.000000, 3.000000
 64.666667, 2.634021, 1.427835, 3.783505, 5.298969
 70.333333, 0.364929, 0.530806, 4.203791, 4.758294
 64.333333, 0.461140, 0.362694, 4.373057, 4.756477
 68.666667, 0.475728, 0.529126, 4.859223, 5.407767
 74.333333, 0.147982, 0.475336, 4.668161, 5.165919
 72.000000, 0.666667, 0.495370, 6.662037, 7.180556
 69.333333, 0.836538, 0.576923, 4.283654, 4.918269
 80.000000, 0.600000, 0.437500, 4.445833, 4.908333
 76.333333, 0.205240, 0.458515, 4.375546, 4.855895
 75.333333, 0.362832, 0.495575, 4.553097, 5.075221
 71.666667, 0.255814, 0.390698, 3.697674, 4.116279
 74.666667, 0.263393, 0.522321, 4.959821, 5.504464
 72.333333, 0.161290, 0.447005, 4.834101, 5.299539
 72.666667, 0.119266, 0.394495, 4.220183, 4.637615
 74.000000, 0.463964, 0.490991, 4.671171, 5.180180
 75.666667, 0.330396, 0.427313, 4.383260, 4.832599
 69.333333, 0.293269, 0.552885, 5.278846, 5.875000
 76.333333, 0.353712, 0.441048, 3.786026, 4.248908
 67.666667, 0.477833, 0.492611, 4.408867, 4.926108
26
 0.250000, 0.000000, 0.000000, 2.000000, 3.000000
 63.666667, 2.827225, 1.821990, 4.125654, 5.994764
 80.333333, 0.709544, 0.564315, 4.377593, 4.966805
 75.000000, 0.208889, 0.417778, 4.791111, 5.231111
 73.000000, 0.223744, 0.639269, 5.150685, 5.817352
 69.333333, 0.028846, 0.456731, 4.336538, 4.812500
 66.000000, 0.318182, 0.535354, 7.717172, 8.277778
 66.333333, 0.261307, 0.537688, 4.437186, 5.000000
 76.000000, 0.210526, 0.434211, 4.807018, 5.263158
 72.000000, 0.449074, 0.500000, 4.384259, 4.907407
 75.666667, 0.577093, 0.488987, 4.550661, 5.061674
 75.000000, 0.360000, 0.444444, 4.280000, 4.746667
 74.666667, 0.584821, 0.602679, 4.379464, 5.004464
 70.333333, 0.246445, 0.454976, 5.232227, 5.710900
 71.000000, 0.084507, 0.394366, 4.286385, 4.704225
 77.000000, 0.818182, 0.463203, 4.298701, 4.783550
 74.333333, 0.260090, 0.399103, 4.363229, 4.784753
 71.666667, 0.372093, 0.460465, 5.241860, 5.725581
 80.666667, 0.252066, 0.429752, 3.917355, 4.371901
 68.333333, 0.200000, 0.502439, 5.009756, 5.531707
27
 0.250000, 0.000000, 0.000000, 2.000000, 3.000000
 68.333333, 3.229268, 1.497561, 4.263415, 5.814634
 73.333333, 0.309091, 0.481818, 4.177273, 4.681818
 70.666667, 0.382075, 0.386792, 4.665094, 5.070755
 74.000000, 0.445946, 0.490991, 4.941441, 5.454955
 80.666667, 0.123967, 0.438017, 4.314050, 4.772727
 68.000000, 0.088235, 0.485294, 5.995098, 6.504902
 65.333333, 0.474490, 0.596939, 4.688776, 5.306122
 71.333333, 0.238318, 0.462617, 4.476636, 4.962617
 70.666667, 0.231132, 0.448113, 4.429245, 4.896226
 70.666667, 0.250000, 0.514151, 5.089623, 5.622642
 68.000000, 0.191176, 0.607843, 4.593137, 5.220588
 69.333333, 0.221154, 0.509615, 4.394231, 4.927885
 69.000000, 0.256039, 0.458937, 6.091787, 6.570048
 74.666667, 0.125000, 0.397321, 4.616071, 5.035714
 76.333333, 0.602620, 0.436681, 4.227074, 4.689956
 78.333333, 0.463830, 0.412766, 4.229787, 4.663830
 72.666667, 0.802752, 0.527523, 5.018349, 5.568807
 79.000000, 0.316456, 0.451477, 3.856540, 4.329114
 64.666667, 0.463918, 0.474227, 4.695876, 5.190722
28
 0.250000, 0.000000, 0.000000, 2.000000, 3.000000
 60.333333, 1.276243, 1.259669, 3.248619, 4.552486
 72.333333, 0.525346, 0.474654, 4.253456, 4.751152
 74.666667, 0.267857, 0.571429, 5.379464, 5.973214
 72.666667, 0.412844, 0.477064, 5.119266, 5.646789
 68.666667, 0.063107, 0.422330, 4.252427, 4.728155
 64.333333, 0.051813, 0.559585, 6.528497, 7.108808
 55.666667, 0.491018, 0.538922, 5.898204, 6.461078
 70.000000, 0.595238, 0.428571, 4.657143, 5.176190
 83.333333, 0.412000, 0.460000, 3.788000, 4.272000
 72.666667, 0.394495, 0.522936, 4.564220, 5.110092
 75.000000, 0.453333, 0.453333, 4.311111, 4.786667
 75.000000, 0.324444, 0.555556, 4.133333, 4.715556
 68.666667, 0.194175, 0.441748, 4.529126, 5.000000
 72.666667, 0.220183, 0.431193, 4.394495, 4.844037
 77.000000, 0.307359, 0.445887, 4.549784, 5.017316
 75.666667, 0.092511, 0.427313, 4.665198, 5.114537
 72.333333, 0.682028, 0.516129, 4.935484, 5.474654
 79.333333, 0.348739, 0.441176, 4.264706, 4.731092
 70.333333, 0.156398, 0.502370, 4.644550, 5.170616
29
 0.250000, 0.000000, 0.000000, 2.000000, 3.000000
 65.000000, 2.758974, 1.635897, 3.410256, 5.215385
 71.333333, 0.485981, 0.467290, 4.289720, 4.780374
 75.333333, 0.252212, 0.398230, 4.646018, 5.061947
 69.000000, 0.207729, 0.410628, 4.864734, 5.299517
 70.000000, 0.042857, 0.476190, 4.628571, 5.123810
 69.666667, 0.320574, 0.488038, 5.368421, 5.880383
 56.000000, 1.446429, 2.351190, 6.613095, 9.041667
 68.666667, 0.242718, 0.446602, 4.689320, 5.155340
 78.666667, 0.605932, 0.491525, 3.703390, 4.211864
 68.333333, 0.239024, 0.419512, 5.082927, 5.521951
 66.666667, 0.355000, 0.450000, 4.365000, 4.840000
 74.000000, 0.081081, 0.567568, 4.414414, 5.004505
 70.666667, 0.160377, 0.424528, 5.066038, 5.509434
 70.333333, 0.227488, 0.369668, 4.331754, 4.720379
 72.333333, 0.156682, 0.419355, 4.649770, 5.092166
 73.000000, 0.474886, 0.420091, 4.803653, 5.246575
 71.333333, 0.257009, 0.528037, 4.813084, 5.364486
 77.000000, 0.402597, 0.476190, 4.272727, 4.774892
 67.666667, 0.330049, 0.423645, 4.073892, 4.517241
30
 0.250000, 0.000000, 0.000000, 1.000000, 3.000000
 62.666667, 3.558511, 1.473404, 3.930851, 5.537234
 77.000000, 0.441558, 0.523810, 4.268398, 4.813853
 79.666667, 0.184100, 0.430962, 4.723849, 5.175732
 71.333333, 0.392523, 0.514019, 4.761682, 5.299065
 70.666667, 0.250000, 0.457547, 4.665094, 5.141509
 67.000000, 0.323383, 0.487562, 6.442786, 6.950249
 66.000000, 0.358586, 0.525253, 4.222222, 4.772727
 69.000000, 0.352657, 0.400966, 5.009662, 5.434783
 73.333333, 0.359091, 0.481818, 3.890909, 4.390909
 73.000000, 0.287671, 0.461187, 4.621005, 5.100457
 70.333333, 0.213270, 0.625592, 4.687204, 5.331754
 68.000000, 0.049020, 0.446078, 4.377451, 4.843137
 71.666667, 0.297674, 0.460465, 4.939535, 5.418605
 71.666667, 0.079070, 0.409302, 4.227907, 4.655814
 71.666667, 0.339535, 0.455814, 4.381395, 4.860465
 76.333333, 0.152838, 0.441048, 4.458515, 4.921397
 70.000000, 0.238095, 0.533333, 5.238095, 5.795238
 77.666667, 0.334764, 0.446352, 4.081545, 4.549356
 66.333333, 0.552764, 0.437186, 4.532663, 4.989950
31
 0.250000, 0.000000, 0.000000, 3.000000, 3.000000
 66.666667, 2.955000, 1.865000, 3.865000, 5.770000
 71.666667, 0.427907, 0.446512, 4.172093, 4.637209
 78.000000, 0.106838, 0.427350, 4.683761, 5.132479
 73.000000, 0.744292, 0.552511, 5.273973, 5.849315
 69.000000, 0.183575, 0.454106, 4.149758, 4.623188
 65.000000, 0.174359, 0.461538, 4.861538, 5.338462
 53.333333, 0.118750, 0.500000, 5.681250, 6.206250
 72.666667, 0.082569, 0.431193, 4.720183, 5.169725
 75.666667, 0.044053, 0.436123, 3.762115, 4.220264
 72.333333, 0.354839, 0.419355, 4.792627, 5.230415
 72.333333, 0.175115, 0.442396, 4.138249, 4.603687
 74.333333, 0.578475, 0.484305, 4.497758, 5.008969
 73.000000, 0.223744, 0.433790, 4.817352, 5.273973
 69.666667, 0.210526, 0.401914, 4.760766, 5.181818
 76.000000, 0.469298, 0.451754, 4.245614, 4.719298
 72.666667, 0.270642, 0.440367, 4.788991, 5.252294
 71.666667, 0.172093, 0.427907, 5.004651, 5.451163
 74.333333, 0.206278, 0.417040, 3.964126, 4.403587
 69.000000, 0.144928, 0.449275, 5.135266, 5.608696
32
 0.250000, 0.000000, 0.000000, 3.000000, 3.000000
 69.666667, 3.248804, 1.985646, 3.947368, 5.971292
 75.333333, 0.168142, 0.482301, 4.150442, 4.654867
 76.666667, 0.460870, 0.526087, 4.660870, 5.208696
 74.000000, 0.216216, 0.441441, 4.936937, 5.400901
 74.666667, 0.308036, 0.508929, 4.236607, 4.767857
 67.666667, 0.206897, 0.497537, 6.546798, 7.064039
 54.666667, 0.506098, 0.512195, 5.158537, 5.695122
 76.666667, 0.239130, 0.460870, 4.482609, 4.969565
 79.000000, 0.388186, 0.518987, 4.189873, 4.729958
 70.666667, 0.283019, 0.471698, 4.580189, 5.075472
 68.000000, 0.181373, 0.406863, 3.985294, 4.411765
 68.000000, 0.127451, 0.475490, 4.323529, 4.818627
 68.333333, 0.239024, 0.429268, 4.990244, 5.443902
 71.666667, 0.279070, 0.400000, 5.125581, 5.548837
 75.000000, 0.280000, 0.448889, 4.457778, 4.928889
 80.333333, 0.165975, 0.456432, 4.755187, 5.232365
 73.000000, 0.552511, 0.557078, 4.986301, 5.561644
 75.666667, 0.299559, 0.440529, 4.405286, 4.872247
 71.333333, 0.378505, 0.518692, 4.154206, 4.714953
33
 0.250000, 0.000000, 0.000000, 3.000000, 3.000000
 67.000000, 2.263682, 1.243781, 3.134328, 4.457711
 79.666667, 0.669456, 0.569038, 4.205021, 4.794979
 75.666667, 0.048458, 0.409692, 4.806167, 5.237885
 73.666667, 0.723982, 0.524887, 4.819005, 5.366516
 75.666667, 0.202643, 0.466960, 4.475771, 4.964758
 67.333333, 0.198020, 0.445545, 4.613861, 5.079208
 54.666667, 0.567073, 0.743902, 4.469512, 5.237805
 73.333333, 0.295455, 0.463636, 4.859091, 5.345455
 74.333333, 0.192825, 0.461883, 4.242152, 4.721973
 68.000000, 0.392157, 0.392157, 4.544118, 4.960784
 66.333333, 0.381910, 0.432161, 3.834171, 4.286432
 72.000000, 0.342593, 0.504630, 4.050926, 4.578704
 72.000000, 0.250000, 0.416667, 4.847222, 5.287037
 71.333333, 0.271028, 0.406542, 5.140187, 5.570093
 74.666667, 0.410714, 0.459821, 4.517857, 5.000000
 78.000000, 0.316239, 0.435897, 4.632479, 5.094017
 69.000000, 0.357488, 0.468599, 4.946860, 5.444444
 73.333333, 0.231818, 0.440909, 4.100000, 4.563636
 67.666667, 0.142857, 0.463054, 4.285714, 4.773399
34
 0.250000, 0.000000, 0.000000, 3.000000, 3.000000
 69.000000, 3.193237, 1.777778, 3.681159, 5.550725
 74.000000, 0.878378, 0.531532, 4.252252, 4.801802
 77.666667, 0.356223, 0.437768, 4.875536, 5.339056
 74.333333, 0.390135, 0.515695, 5.493274, 6.026906
 72.666667, 0.357798, 0.440367, 4.018349, 4.481651
 66.666667, 0.210000, 0.425000, 6.665000, 7.110000
 66.666667, 0.555000, 0.475000, 5.035000, 5.530000
 68.666667, 0.145631, 0.436893, 4.781553, 5.242718
 66.000000, 0.323232, 0.429293, 4.328283, 4.777778
 72.666667, 0.298165, 0.467890, 4.866972, 5.353211
 69.000000, 0.338164, 0.473430, 4.101449, 4.632850
 74.333333, 0.291480, 0.538117, 4.340807, 4.901345
 70.000000, 0.295238, 0.423810, 4.695238, 5.142857
 73.000000, 0.388128, 0.420091, 4.337900, 4.808219
 73.666667, 0.366516, 0.438914, 4.515837, 4.977376
 78.333333, 0.319149, 0.446809, 4.506383, 4.970213
 73.000000, 0.278539, 0.515982, 5.214612, 5.748858
 76.000000, 0.109649, 0.425439, 3.824561, 4.280702
 68.000000, 0.191176, 0.588235, 4.323529, 4.936275
35
 0.250000, 0.000000, 0.000000, 2.000000, 3.000000
 60.333333, 1.204420, 0.922652, 3.447514, 4.408840
 74.666667, 0.446429, 0.540179, 4.513393, 5.075893
 69.666667, 0.272727, 0.521531, 4.622010, 5.162679
 74.000000, 0.558559, 0.463964, 5.144144, 5.630631
 73.000000, 0.210046, 0.433790, 4.232877, 4.684932
 63.333333, 0.115789, 0.457895, 5.647368, 6.126316
 57.000000, 0.801170, 0.625731, 5.637427, 6.286550
 68.666667, 0.271845, 0.407767, 4.364078, 4.796117
 72.666667, 0.449541, 0.481651, 3.876147, 4.376147
 75.333333, 0.402655, 0.513274, 5.035398, 5.570796
 69.000000, 0.502415, 0.874396, 4.666667, 5.565217
 71.000000, 0.464789, 0.516432, 4.140845, 4.676056
 67.666667, 0.078818, 0.423645, 4.729064, 5.172414
 70.333333, 0.056872, 0.431280, 4.379147, 4.834123
 74.666667, 0.370536, 0.450893, 4.361607, 4.834821
 77.666667, 0.326180, 0.454936, 4.789700, 5.261803
 76.000000, 0.500000, 0.570175, 5.105263, 5.697368
 78.000000, 0.341880, 0.423077, 4.243590, 4.688034
 70.000000, 0.171429, 0.471429, 4.828571, 5.319048
36
 0.250000, 0.000000, 0.000000, 1.000000, 3.000000
 69.333333, 3.168269, 1.841346, 3.995192, 5.889423
 73.333333, 0.609091, 0.477273, 4.436364, 4.931818
 73.666667, 0.099548, 0.524887, 5.171946, 5.719457
 72.000000, 0.282407, 0.476852, 5.250000, 5.750000
 68.333333, 0.253659, 0.429268, 4.351220, 4.804878
 66.333333, 0.075377, 0.427136, 5.512563, 5.959799
 56.333333, 0.497041, 0.639053, 6.047337, 6.710059
 67.000000, 0.248756, 0.442786, 4.681592, 5.149254
 77.000000, 0.532468, 0.437229, 3.493506, 3.952381
 66.666667, 0.180000, 0.450000, 5.135000, 5.610000
 67.666667, 0.384236, 0.748768, 4.389163, 5.157635
 73.333333, 0.059091, 0.513636, 4.345455, 4.877273
 72.666667, 0.155963, 0.454128, 4.853211, 5.334862
 73.000000, 0.242009, 0.447489, 4.630137, 5.100457
 73.000000, 0.155251, 0.456621, 4.694064, 5.168950
 73.000000, 0.351598, 0.424658, 4.639269, 5.086758
 69.666667, 0.339713, 0.497608, 5.311005, 5.832536
 75.666667, 0.273128, 0.453744, 4.590308, 5.066079
 70.333333, 0.260664, 0.516588, 4.066351, 4.606635
37
 0.250000, 0.000000, 0.000000, 2.000000, 3.000000
 66.333333, 2.075377, 1.145729, 3.311558, 4.492462
 75.000000, 0.266667, 0.488889, 4.711111, 5.222222
 74.666667, 0.245536, 0.424107, 4.700893, 5.147321
 72.666667, 0.435780, 0.522936, 4.986239, 5.527523
 72.000000, 0.166667, 0.476852, 4.495370, 4.990741
 70.000000, 0.309524, 0.480952, 6.104762, 6.609524
 55.000000, 0.490909, 0.824242, 5.436364, 6.284848
 71.666667, 0.209302, 0.460465, 4.776744, 5.260465
 68.666667, 0.233010, 0.446602, 3.791262, 4.257282
 70.666667, 0.325472, 0.471698, 4.566038, 5.061321
 66.000000, 0.131313, 0.424242, 4.525253, 4.974747
 71.666667, 0.134884, 0.576744, 4.325581, 4.920930
 73.666667, 0.076923, 0.443439, 5.067873, 5.538462
 73.666667, 0.461538, 0.407240, 4.597285, 5.031674
 74.333333, 0.013453, 0.439462, 4.255605, 4.717489
 71.000000, 0.014085, 0.384977, 4.708920, 5.117371
 70.000000, 0.280952, 0.490476, 4.942857, 5.452381
 75.666667, 0.281938, 0.440529, 4.286344, 4.744493
 67.000000, 0.034826, 0.432836, 4.925373, 5.383085
38
 0.250000, 0.000000, 0.000000, 2.000000, 3.000000
 68.000000, 2.926471, 1.553922, 3.877451, 5.514706
 71.000000, 0.802817, 0.521127, 4.431925, 4.971831
 71.333333, 0.163551, 0.406542, 4.682243, 5.107477
 69.666667, 0.133971, 0.478469, 4.684211, 5.181818
 78.333333, 0.268085, 0.489362, 4.378723, 4.893617
 68.333333, 0.209756, 0.482927, 6.565854, 7.068293
 63.666667, 0.418848, 0.539267, 4.869110, 5.429319
 70.000000, 0.061905, 0.433333, 4.547619, 5.004762
 66.666667, 0.100000, 0.455000, 4.280000, 4.760000
 72.000000, 0.134259, 0.490741, 5.342593, 5.856481
 68.000000, 0.147059, 0.446078, 3.808824, 4.274510
 71.666667, 0.218605, 0.493023, 4.493023, 5.004651
 71.333333, 0.060748, 0.429907, 5.009346, 5.457944
 75.666667, 0.400881, 0.427313, 4.515419, 4.969163
 77.333333, 0.517241, 0.495690, 4.340517, 4.857759
 76.666667, 0.508696, 0.413043, 4.552174, 4.982609
 71.666667, 0.293023, 0.437209, 4.851163, 5.311628
 79.333333, 0.096639, 0.449580, 3.852941, 4.327731
 64.333333, 0.326425, 0.492228, 5.564767, 6.077720
39
 0.250000, 0.000000, 0.000000, 2.000000, 2.000000
 62.333333, 1.486631, 1.572193, 3.957219, 5.663102
 76.000000, 0.460526, 0.627193, 4.355263, 5.004386
 75.666667, 0.251101, 0.414097, 5.083700, 5.519824
 67.000000, 0.437811, 0.577114, 5.243781, 5.845771
 77.333333, 0.331897, 0.465517, 4.758621, 5.250000
 70.333333, 0.208531, 0.478673, 5.322275, 5.829384
 57.666667, 1.658960, 2.947977, 6.312139, 9.289017
 74.666667, 0.071429, 0.419643, 4.455357, 4.901786
 81.000000, 0.436214, 0.522634, 3.748971, 4.292181
 70.000000, 0.276190, 0.419048, 4.804762, 5.247619
 71.333333, 0.247664, 0.434579, 4.350467, 4.803738
 74.666667, 0.093750, 0.669643, 4.151786, 4.843750
 71.333333, 0.214953, 0.429907, 5.060748, 5.514019
 70.666667, 0.231132, 0.429245, 4.561321, 5.009434
 75.666667, 0.255507, 0.440529, 4.237885, 4.700441
 75.000000, 0.204444, 0.435556, 4.693333, 5.182222
 73.666667, 0.316742, 0.515837, 5.429864, 5.968326
 79.333333, 0.525210, 0.424370, 4.126050, 4.575630
 69.000000, 0.140097, 0.478261, 3.893720, 4.391304
40
 0.250000, 0.000000, 0.000000, 1.000000, 2.000000
 64.666667, 2.603093, 1.494845, 4.422680, 5.963918
 77.000000, 0.489177, 0.458874, 4.445887, 4.926407
 73.666667, 0.171946, 0.438914, 4.755656, 5.221719
 69.666667, 0.626794, 0.497608, 4.760766, 5.277512
 71.333333, 0.154206, 0.415888, 4.341121, 4.780374
 65.000000, 0.338462, 0.420513, 6.164103, 6.615385
 64.333333, 0.404145, 0.507772, 4.398964, 4.927461
 67.000000, 0.278607, 0.407960, 5.109453, 5.542289
 66.333333, 0.226131, 0.462312, 4.251256, 4.768844
 68.666667, 0.344660, 0.446602, 4.737864, 5.203883
 69.666667, 0.133971, 0.425837, 4.019139, 4.464115
 73.000000, 0.141553, 0.511416, 4.269406, 4.799087
 73.000000, 0.287671, 0.474886, 5.269406, 5.771689
 74.666667, 0.044643, 0.428571, 4.428571, 4.879464
 71.333333, 0.401869, 0.411215, 4.490654, 4.925234
 81.333333, 0.221311, 0.422131, 4.508197, 4.950820
 68.000000, 0.308824, 0.431373, 5.019608, 5.470588
 78.000000, 0.316239, 0.435897, 4.042735, 4.504274
 65.333333, 0.204082, 0.403061, 5.234694, 5.658163
41
 0.250000, 0.000000, 0.000000, 1.000000, 2.000000
 67.333333, 2.168317, 1.896040, 3.519802, 5.490099
 73.666667, 0.402715, 0.615385, 4.583710, 5.217195
 76.000000, 0.416667, 0.526316, 4.846491, 5.394737
 77.000000, 0.632035, 0.549784, 4.852814, 5.428571
 73.000000, 0.283105, 0.461187, 4.310502, 4.794521
 64.000000, 0.020833, 0.458333, 6.156250, 6.640625
 54.000000, 0.759259, 2.104938, 4.969136, 7.216049
 69.000000, 0.357488, 0.415459, 4.830918, 5.304348
 68.000000, 0.024510, 0.426471, 4.058824, 4.509804
 65.333333, 0.147959, 0.423469, 5.178571, 5.622449
 65.333333, 0.107143, 0.433673, 4.500000, 4.959184
 70.000000, 0.342857, 0.433333, 4.480952, 4.933333
 67.333333, 0.128713, 0.435644, 5.693069, 6.148515
 72.000000, 0.356481, 0.407407, 4.648148, 5.074074
 76.333333, 0.375546, 0.471616, 4.681223, 5.174672
 78.333333, 0.229787, 0.404255, 4.565957, 4.991489
 68.333333, 0.204878, 0.487805, 5.356098, 5.863415
 74.333333, 0.139013, 0.426009, 4.322870, 4.771300
 71.333333, 0.130841, 0.500000, 5.397196, 5.915888
42
 0.250000, 0.000000, 0.000000, 1.000000, 8.000000
 63.333333, 2.157895, 1.047368, 3.668421, 4.826316
 69.000000, 0.623188, 0.550725, 3.937198, 4.512077
 71.666667, 0.320930, 0.567442, 4.520930, 5.120930
 73.666667, 0.515837, 0.429864, 5.443439, 5.891403
 76.333333, 0.283843, 0.432314, 4.375546, 4.834061
 65.333333, 0.117347, 0.418367, 6.581633, 7.025510
 65.000000, 0.610256, 0.497436, 4.958974, 5.487179
 74.666667, 0.294643, 0.441964, 4.477679, 4.941964
 73.000000, 0.324201, 0.465753, 4.461187, 4.949772
 75.666667, 0.154185, 0.515419, 5.066079, 5.603524
 71.666667, 0.186047, 0.427907, 3.972093, 4.423256
 75.666667, 0.321586, 0.550661, 4.242291, 4.814978
 71.666667, 0.427907, 0.418605, 5.246512, 5.688372
 79.000000, 0.160338, 0.413502, 4.071730, 4.510549
 74.666667, 0.084821, 0.401786, 4.504464, 4.928571
 76.333333, 0.165939, 0.436681, 4.628821, 5.082969
 71.000000, 0.300469, 0.539906, 5.427230, 5.990610
 78.000000, 0.098291, 0.440171, 3.696581, 4.158120
 68.000000, 0.343137, 0.460784, 4.990196, 5.470588
43
 0.250000, 0.000000, 0.000000, 1.000000, 7.000000
 61.666667, 1.243243, 1.318919, 3.518919, 4.983784
 71.666667, 0.209302, 0.432558, 4.093023, 4.544186
 68.000000, 0.088235, 0.382353, 4.867647, 5.269608
 72.666667, 0.550459, 0.481651, 4.986239, 5.486239
 78.000000, 0.611111, 0.470085, 4.448718, 4.965812
 64.000000, 0.088542, 0.484375, 4.994792, 5.500000
 56.666667, 0.517647, 1.094118, 5.270588, 6.388235
 75.000000, 0.364444, 0.440000, 4.573333, 5.040000
 76.666667, 0.282609, 0.465217, 4.030435, 4.517391
 72.000000, 0.337963, 0.657407, 4.875000, 5.550926
 67.333333, 0.252475, 0.460396, 4.950495, 5.430693
 73.666667, 0.185520, 0.506787, 4.325792, 4.855204
 71.666667, 0.162791, 0.432558, 4.827907, 5.283721
 73.000000, 0.283105, 0.424658, 4.315068, 4.757991
 75.333333, 0.420354, 0.451327, 4.438053, 4.911504
 74.333333, 0.313901, 0.412556, 4.260090, 4.695067
 72.333333, 0.341014, 0.465438, 4.981567, 5.470046
 74.666667, 0.272321, 0.437500, 4.678571, 5.138393
 68.333333, 0.414634, 0.502439, 4.619512, 5.141463
44
 0.250000, 0.000000, 0.000000, 1.000000, 9.000000
 70.000000, 3.061905, 1.561905, 3.947619, 5.609524
 72.666667, 0.458716, 0.454128, 4.550459, 5.027523
 75.666667, 0.440529, 0.400881, 4.792952, 5.215859
 69.000000, 0.483092, 0.632850, 5.135266, 5.787440
 68.000000, 0.049020, 0.406863, 4.034314, 4.455882
 63.000000, 0.185185, 0.444444, 5.417989, 5.888889
 53.666667, 0.416149, 0.596273, 5.509317, 6.130435
 74.666667, 0.669643, 0.437500, 4.607143, 5.071429
 82.333333, 0.376518, 0.469636, 3.914980, 4.404858
 73.333333, 0.327273, 0.531818, 4.559091, 5.113636
 71.000000, 0.178404, 0.417840, 4.093897, 4.535211
 73.666667, 0.276018, 0.538462, 4.058824, 4.619910
 71.333333, 0.149533, 0.476636, 4.836449, 5.336449
 71.666667, 0.279070, 0.427907, 4.181395, 4.627907
 74.000000, 0.382883, 0.396396, 4.229730, 4.653153
 79.666667, 0.343096, 0.418410, 4.347280, 4.786611
 69.666667, 0.440191, 0.602871, 5.014354, 5.641148
 79.000000, 0.122363, 0.430380, 4.118143, 4.573840
 69.333333, 0.115385, 0.447115, 4.076923, 4.543269
45
 0.250000, 0.000000, 0.000000, 1.000000, 7.000000
 68.666667, 2.242718, 1.208738, 3.398058, 4.694175
 78.333333, 0.693617, 0.561702, 4.276596, 4.859574
 79.000000, 0.088608, 0.417722, 4.666667, 5.109705
 71.000000, 0.309859, 0.446009, 5.112676, 5.582160
 75.333333, 0.092920, 0.460177, 4.376106, 4.858407
 68.000000, 0.475490, 0.475490, 6.573529, 7.073529
 55.000000, 1.593939, 2.048485, 5.812121, 7.957576
 68.333333, 0.258537, 0.434146, 4.985366, 5.443902
 71.000000, 0.305164, 0.502347, 3.967136, 4.488263
 69.666667, 0.382775, 0.454545, 5.535885, 6.014354
 65.666667, 0.248731, 0.431472, 4.197970, 4.649746
 73.666667, 0.117647, 0.547511, 4.393665, 4.963801
 70.333333, 0.279621, 0.436019, 5.241706, 5.701422
 71.333333, 0.495327, 0.429907, 5.028037, 5.485981
 75.666667, 0.453744, 0.400881, 4.427313, 4.850220
 72.666667, 0.155963, 0.403670, 4.211009, 4.633028
 72.666667, 0.568807, 0.481651, 5.110092, 5.610092
 75.000000, 0.075556, 0.457778, 4.200000, 4.675556
 68.333333, 0.107317, 0.473171, 4.756098, 5.253659
46
 0.250000, 0.000000, 0.000000, 1.000000, 7.000000
 64.333333, 1.595855, 1.056995, 3.632124, 4.725389
 73.000000, 0.671233, 0.589041, 4.150685, 4.757991
 69.333333, 0.418269, 0.379808, 4.586538, 4.990385
 70.000000, 0.561905, 0.533333, 4.823810, 5.376190
 70.333333, 0.241706, 0.445498, 4.274882, 4.744076
 67.666667, 0.502463, 0.477833, 4.729064, 5.226601
 58.000000, 1.034483, 0.586207, 5.706897, 6.310345
 67.666667, 0.113300, 0.438424, 4.921182, 5.384236
 75.000000, 0.231111, 0.440000, 4.133333, 4.600000
 68.000000, 0.112745, 0.455882, 5.083333, 5.563725
 68.333333, 0.312195, 0.458537, 4.643902, 5.121951
 70.333333, 0.170616, 0.563981, 4.312796, 4.900474
 69.333333, 0.115385, 0.437500, 5.370192, 5.826923
 70.666667, 0.160377, 0.405660, 4.707547, 5.136792
 72.333333, 0.211982, 0.414747, 4.147465, 4.585253
 69.666667, 0.277512, 0.430622, 4.751196, 5.200957
 71.666667, 0.348837, 0.474419, 4.855814, 5.353488
 75.333333, 0.199115, 0.415929, 4.207965, 4.646018
 68.333333, 0.375610, 0.507317, 3.897561, 4.429268
47
 0.250000, 0.000000, 0.000000, 10.000000, 11.000000
 65.000000, 1.958974, 1.369231, 3.307692, 4.758974
 76.666667, 0.182609, 0.473913, 4.530435, 5.026087
 76.666667, 0.156522, 0.434783, 4.508696, 4.965217
 73.666667, 0.280543, 0.479638, 5.398190, 5.900452
 72.666667, 0.334862, 0.440367, 4.605505, 5.064220
 67.333333, 0.222772, 0.569307, 5.960396, 6.549505
 56.000000, 0.505952, 0.785714, 4.767857, 5.571429
 77.000000, 0.203463, 0.480519, 4.541126, 5.043290
 82.333333, 0.449393, 0.489879, 3.757085, 4.271255
 71.333333, 0.495327, 0.443925, 4.528037, 4.995327
 69.000000, 0.338164, 0.420290, 3.975845, 4.420290
 67.000000, 0.587065, 0.452736, 3.865672, 4.338308
 71.333333, 0.266355, 0.481308, 4.803738, 5.313084
 75.000000, 0.417778, 0.431111, 5.071111, 5.524444
 73.333333, 0.254545, 0.440909, 4.163636, 4.627273
 75.666667, 0.444934, 0.427313, 4.885463, 5.339207
 71.333333, 0.514019, 0.584112, 5.172897, 5.780374
 74.000000, 0.243243, 0.441441, 4.454955, 4.918919
 69.666667, 0.062201, 0.459330, 5.086124, 5.569378
48
 0.250000, 0.000000, 0.000000, 10.000000, 10.000000
 62.000000, 1.741935, 1.252688, 4.069892, 5.354839
 77.000000, 0.203463, 0.506494, 4.242424, 4.770563
 71.000000, 0.352113, 0.464789, 4.863850, 5.352113
 64.333333, 0.233161, 0.549223, 5.797927, 6.383420
 72.666667, 0.155963, 0.444954, 4.412844, 4.876147
 66.666667, 0.295000, 0.490000, 6.655000, 7.160000
 63.333333, 0.968421, 1.805263, 4.810526, 6.736842
 75.333333, 0.243363, 0.433628, 4.548673, 5.004425
 77.333333, 0.409483, 0.465517, 4.357759, 4.844828
 77.333333, 0.525862, 0.504310, 4.741379, 5.267241
 71.000000, 0.356808, 0.394366, 3.896714, 4.314554
 72.666667, 0.279817, 0.518349, 4.669725, 5.215596
 69.666667, 0.181818, 0.430622, 5.191388, 5.641148
 74.333333, 0.242152, 0.412556, 4.255605, 4.695067
 76.000000, 0.342105, 0.460526, 4.552632, 5.035088
 75.000000, 0.071111, 0.426667, 4.631111, 5.080000
 70.000000, 0.414286, 0.571429, 5.057143, 5.652381
 76.000000, 0.250000, 0.456140, 4.008772, 4.482456
 70.000000, 0.404762, 0.438095, 4.728571, 5.185714
49
 0.250000, 0.000000, 0.000000, 10.000000, 10.000000
 65.000000, 2.774359, 1.338462, 3.610256, 5.071795
 74.000000, 0.324324, 0.513514, 4.558559, 5.099099
 72.000000, 0.134259, 0.435185, 5.157407, 5.611111
 70.666667, 0.466981, 0.462264, 5.000000, 5.481132
 72.000000, 0.189815, 0.425926, 4.101852, 4.550926
 66.333333, 0.100503, 0.447236, 5.266332, 5.733668
 58.333333, 0.462857, 0.514286, 5.211429, 5.748571
 80.000000, 0.216667, 0.454167, 4.275000, 4.750000
 83.666667, 0.422311, 0.478088, 3.808765, 4.306773
 72.333333, 0.225806, 0.437788, 4.373272, 4.834101
 63.333333, 0.168421, 0.405263, 4.263158, 4.694737
 71.666667, 0.279070, 0.488372, 4.106977, 4.618605
 73.666667, 0.217195, 0.443439, 4.733032, 5.199095
 72.000000, 0.398148, 0.393519, 4.763889, 5.175926
 76.000000, 0.074561, 0.456140, 4.368421, 4.842105
 78.000000, 0.222222, 0.444444, 4.311966, 4.773504
 73.000000, 0.561644, 0.479452, 4.657534, 5.159817
 75.000000, 0.186667, 0.457778, 4.311111, 4.791111
 69.666667, 0.287081, 0.459330, 3.909091, 4.387560
50
 0.250000, 0.000000, 0.000000, 10.000000, 10.000000
 69.666667, 4.162679, 2.229665, 3.555024, 5.918660
 76.000000, 0.381579, 0.491228, 4.100877, 4.614035
 73.333333, 0.209091, 0.504545, 4.586364, 5.113636
 67.000000, 0.502488, 0.547264, 5.089552, 5.661692
 73.000000, 0.214612, 0.497717, 4.561644, 5.082192
 70.000000, 0.242857, 0.585714, 5.719048, 6.328571
 55.000000, 0.406061, 0.654545, 6.484848, 7.181818
 71.666667, 0.618605, 0.413953, 4.860465, 5.297674
 72.666667, 0.307339, 0.472477, 3.880734, 4.376147
 66.333333, 0.075377, 0.402010, 4.723618, 5.150754
 64.333333, 0.036269, 0.440415, 4.165803, 4.626943
 72.333333, 0.221198, 0.557604, 4.764977, 5.350230
 71.333333, 0.144860, 0.420561, 4.700935, 5.140187
 72.000000, 0.541667, 0.398148, 5.189815, 5.611111
 76.666667, 0.317391, 0.460870, 4.421739, 4.913043
 69.333333, 0.221154, 0.427885, 4.692308, 5.144231
 73.000000, 0.589041, 0.525114, 5.287671, 5.835616
 74.000000, 0.198198, 0.432432, 4.072072, 4.527027
 69.000000, 0.376812, 0.434783, 4.405797, 4.859903
51
 0.250000, 0.000000, 0.000000, 9.000000, 10.000000
 71.666667, 3.195349, 1.804651, 4.167442, 6.009302
 73.000000, 0.429224, 0.575342, 4.625571, 5.219178
 66.666667, 0.130000, 0.375000, 4.970000, 5.370000
 69.000000, 0.347826, 0.531401, 4.980676, 5.531401
 75.000000, 0.311111, 0.457778, 4.368889, 4.853333
 69.333333, 0.221154, 0.466346, 5.875000, 6.365385
 55.333333, 0.716867, 1.728916, 5.554217, 7.307229
 70.666667, 0.240566, 0.457547, 4.566038, 5.047170
 74.000000, 0.229730, 0.450450, 4.099099, 4.572072
 69.666667, 0.234450, 0.516746, 4.765550, 5.301435
 71.333333, 0.280374, 0.649533, 5.051402, 5.719626
 75.000000, 0.257778, 0.497778, 4.231111, 4.746667
 73.000000, 0.319635, 0.433790, 5.283105, 5.744292
 75.000000, 0.471111, 0.382222, 4.182222, 4.617778
 71.000000, 0.281690, 0.408451, 4.178404, 4.610329
 75.000000, 0.462222, 0.404444, 4.453333, 4.875556
 73.000000, 0.716895, 0.525114, 5.018265, 5.566210
 76.000000, 0.241228, 0.438596, 4.565789, 5.030702
 71.000000, 0.230047, 0.455399, 5.098592, 5.577465
52
 0.250000, 0.000000, 0.000000, 9.000000, 10.000000
 67.000000, 2.034826, 1.407960, 3.791045, 5.472637
 70.000000, 0.290476, 0.466667, 4.242857, 4.738095
 71.333333, 0.584112, 0.518692, 5.000000, 5.537383
 77.666667, 0.407725, 0.527897, 5.094421, 5.643777
 73.666667, 0.248869, 0.488688, 4.285068, 4.796380
 65.666667, 0.030457, 0.487310, 5.426396, 5.934010
 49.333333, 0.398649, 0.466216, 5.087838, 5.581081
 73.333333, 0.222727, 0.454545, 4.640909, 5.118182
 70.000000, 0.233333, 0.428571, 3.833333, 4.285714
 68.666667, 0.296117, 0.480583, 5.364078, 5.868932
 68.333333, 0.209756, 0.468293, 4.190244, 4.687805
 70.666667, 0.037736, 0.481132, 3.948113, 4.452830
 73.333333, 0.140909, 0.454545, 5.063636, 5.540909
 71.333333, 0.158879, 0.401869, 4.257009, 4.682243
 74.666667, 0.241071, 0.450893, 4.258929, 4.732143
 75.333333, 0.477876, 0.420354, 4.539823, 4.982301
 72.000000, 0.236111, 0.472222, 4.967593, 5.462963
 76.000000, 0.197368, 0.442982, 4.206140, 4.671053
 69.666667, 0.492823, 0.684211, 4.253589, 4.961722
53
 0.250000, 0.000000, 0.000000, 8.000000, 9.000000
 64.666667, 1.994845, 1.293814, 4.144330, 5.587629
 69.666667, 0.488038, 0.421053, 4.363636, 4.803828
 72.666667, 0.500000, 0.408257, 4.949541, 5.376147
 63.333333, 0.110526, 0.400000, 4.736842, 5.157895
 67.666667, 0.418719, 0.428571, 4.246305, 4.694581
 64.666667, 0.103093, 0.639175, 6.077320, 6.737113
 57.000000, 0.403509, 0.532164, 5.000000, 5.555556
 74.000000, 0.545045, 0.445946, 4.436937, 4.909910
 78.000000, 0.166667, 0.465812, 4.012821, 4.495726
 70.333333, 0.293839, 0.454976, 4.644550, 5.118483
 66.666667, 0.160000, 0.435000, 4.005000, 4.465000
 72.333333, 0.313364, 0.506912, 3.990783, 4.520737
 72.666667, 0.211009, 0.426606, 4.743119, 5.192661
 71.666667, 0.404651, 0.395349, 4.809302, 5.227907
 75.333333, 0.336283, 0.411504, 4.769912, 5.203540
 74.666667, 0.205357, 0.383929, 4.473214, 4.879464
 70.333333, 0.255924, 0.412322, 4.772512, 5.203791
 73.666667, 0.176471, 0.420814, 4.393665, 4.837104
 69.000000, 0.164251, 0.502415, 4.700483, 5.227053
54
 0.250000, 0.000000, 0.000000, 9.000000, 9.000000
 61.333333, 1.032609, 1.059783, 3.646739, 4.744565
 76.000000, 0.600877, 0.513158, 4.486842, 5.017544
 72.000000, 0.208333, 0.527778, 4.949074, 5.527778
 70.666667, 0.264151, 0.448113, 5.193396, 5.665094
 69.333333, 0.471154, 0.418269, 4.384615, 4.822115
 64.666667, 0.479381, 0.438144, 6.958763, 7.412371
 55.333333, 1.391566, 2.439759, 6.379518, 8.837349
 75.000000, 0.453333, 0.426667, 4.662222, 5.111111
 81.000000, 0.419753, 0.514403, 3.695473, 4.230453
 71.000000, 0.169014, 0.427230, 5.107981, 5.558685
 66.333333, 0.050251, 0.432161, 4.452261, 4.899497
 76.666667, 0.569565, 0.552174, 3.982609, 4.560870
 73.666667, 0.361991, 0.425339, 4.927602, 5.375566
 70.666667, 0.334906, 0.410377, 5.150943, 5.584906
 74.333333, 0.439462, 0.417040, 4.130045, 4.569507
 77.000000, 0.272727, 0.415584, 4.311688, 4.748918
 72.666667, 1.000000, 0.568807, 5.431193, 6.018349
 75.666667, 0.132159, 0.431718, 4.136564, 4.590308
 71.000000, 0.122066, 0.464789, 5.140845, 5.629108
55
 0.250000, 0.000000, 0.000000, 9.000000, 9.000000
 61.333333, 1.592391, 1.451087, 3.842391, 5.369565
 75.000000, 0.280000, 0.533333, 4.475556, 5.031111
 71.333333, 0.271028, 0.392523, 5.028037, 5.439252
 69.333333, 0.427885, 0.471154, 4.778846, 5.269231
 73.333333, 0.213636, 0.422727, 4.200000, 4.640909
 67.000000, 0.492537, 0.462687, 5.930348, 6.417910
 67.666667, 0.561576, 0.625616, 4.788177, 5.438424
 71.666667, 0.372093, 0.418605, 4.251163, 4.693023
 78.666667, 0.449153, 0.483051, 4.211864, 4.720339
 75.333333, 0.274336, 0.491150, 4.902655, 5.415929
 67.666667, 0.167488, 0.438424, 3.783251, 4.241379
 74.333333, 0.179372, 0.515695, 4.255605, 4.793722
 75.333333, 0.384956, 0.535398, 5.336283, 5.893805
 74.000000, 0.247748, 0.409910, 4.243243, 4.671171
 71.000000, 0.319249, 0.422535, 4.694836, 5.136150
 74.333333, 0.165919, 0.430493, 4.264574, 4.713004
 76.666667, 0.447826, 0.426087, 4.952174, 5.404348
 79.333333, 0.184874, 0.420168, 3.684874, 4.130252
 68.666667, 0.223301, 0.466019, 5.597087, 6.087379
56
 0.250000, 0.000000, 0.000000, 8.000000, 8.000000
 61.333333, 1.831522, 1.364130, 3.831522, 5.271739
 80.333333, 0.796680, 0.560166, 4.331950, 4.912863
 72.333333, 0.304147, 0.414747, 5.105991, 5.539171
 76.666667, 0.456522, 0.473913, 4.995652, 5.491304
 76.000000, 0.258772, 0.421053, 4.135965, 4.578947
 69.000000, 0.304348, 0.454106, 5.473430, 5.946860
 53.333333, 0.218750, 0.431250, 5.837500, 6.293750
 77.666667, 0.626609, 0.454936, 4.635193, 5.115880
 82.666667, 0.451613, 0.455645, 3.681452, 4.157258
 71.000000, 0.253521, 0.446009, 4.446009, 4.915493
 72.333333, 0.142857, 0.456221, 4.073733, 4.552995
 71.666667, 0.241860, 0.595349, 4.730233, 5.348837
 71.000000, 0.150235, 0.427230, 5.028169, 5.478873
 71.666667, 0.232558, 0.381395, 4.776744, 5.186047
 75.000000, 0.257778, 0.422222, 4.226667, 4.671111
 72.666667, 0.174312, 0.403670, 4.435780, 4.857798
 69.333333, 0.245192, 0.466346, 5.197115, 5.682692
 75.333333, 0.256637, 0.420354, 4.469027, 4.911504
 70.333333, 0.232227, 0.464455, 5.251185, 5.739336
57
 0.250000, 0.000000, 0.000000, 11.000000, 12.000000
 65.333333, 1.954082, 1.540816, 3.984694, 5.576531
 66.666667, 0.130000, 0.415000, 4.380000, 4.835000
 68.000000, 0.225490, 0.416667, 4.637255, 5.083333
 64.333333, 0.217617, 0.378238, 4.549223, 4.953368
 66.666667, 0.255000, 0.420000, 4.105000, 4.545000
 60.333333, 0.127072, 0.480663, 5.640884, 6.143646
 53.666667, 0.391304, 0.627329, 4.832298, 5.484472
 78.666667, 0.436441, 0.453390, 4.584746, 5.063559
 79.000000, 0.383966, 0.438819, 3.721519, 4.181435
 70.666667, 0.155660, 0.485849, 4.561321, 5.075472
 67.333333, 0.272277, 0.425743, 3.876238, 4.321782
 72.666667, 0.321101, 0.577982, 4.316514, 4.912844
 74.333333, 0.345291, 0.408072, 4.506726, 4.941704
 73.000000, 0.251142, 0.410959, 4.173516, 4.616438
 75.000000, 0.280000, 0.422222, 4.342222, 4.800000
 76.000000, 0.232456, 0.434211, 4.526316, 4.982456
 72.000000, 0.342593, 0.481481, 5.004630, 5.513889
 76.000000, 0.241228, 0.429825, 4.587719, 5.039474
 66.666667, 0.305000, 0.425000, 5.420000, 5.870000
58
 0.250000, 0.000000, 0.000000, 12.000000, 12.000000
 64.000000, 2.343750, 1.822917, 3.625000, 5.526042
 71.000000, 0.122066, 0.455399, 3.990610, 4.469484
 75.666667, 0.361233, 0.387665, 5.048458, 5.458150
 70.333333, 0.478673, 0.507109, 5.473934, 6.004739
 68.000000, 0.019608, 0.426471, 4.259804, 4.705882
 67.000000, 0.223881, 0.532338, 5.855721, 6.407960
 54.666667, 0.469512, 0.689024, 4.847561, 5.597561
 78.333333, 0.421277, 0.429787, 4.765957, 5.217021
 78.333333, 0.140426, 0.476596, 4.246809, 4.744681
 73.666667, 0.276018, 0.475113, 5.058824, 5.561086
 69.666667, 0.181818, 0.459330, 3.966507, 4.444976
 74.333333, 0.421525, 0.542601, 4.210762, 4.775785
 76.333333, 0.344978, 0.414847, 4.947598, 5.384279
 74.666667, 0.294643, 0.415179, 4.370536, 4.808036
 76.666667, 0.295652, 0.452174, 4.295652, 4.773913
 79.000000, 0.375527, 0.426160, 4.666667, 5.113924
 74.000000, 0.360360, 0.518018, 5.288288, 5.828829
 76.333333, 0.061135, 0.432314, 4.148472, 4.602620
 68.333333, 0.341463, 0.439024, 5.180488, 5.639024
59
 0.250000, 0.000000, 0.000000, 11.000000, 11.000000
 62.000000, 1.752688, 1.048387, 4.139785, 5.279570
 74.333333, 0.291480, 0.452915, 4.721973, 5.192825
 77.666667, 0.167382, 0.420601, 4.527897, 4.965665
 72.333333, 0.096774, 0.419355, 4.714286, 5.156682
 77.333333, 0.262931, 0.478448, 4.603448, 5.103448
 67.666667, 0.285714, 0.433498, 5.798030, 6.256158
 67.333333, 1.148515, 1.990099, 5.138614, 7.153465
 76.000000, 0.359649, 0.482456, 4.495614, 5.000000
 73.666667, 0.601810, 0.497738, 3.696833, 4.212670
 68.666667, 0.165049, 0.480583, 4.961165, 5.461165
 66.333333, 0.160804, 0.422111, 3.964824, 4.407035
 70.666667, 0.283019, 0.537736, 4.584906, 5.141509
 71.333333, 0.266355, 0.453271, 4.714953, 5.186916
 76.666667, 0.230435, 0.434783, 4.256522, 4.713043
 74.666667, 0.383929, 0.477679, 4.263393, 4.776786
 75.333333, 0.159292, 0.429204, 4.424779, 4.871681
 72.333333, 0.419355, 0.529954, 5.447005, 5.995392
 80.000000, 0.066667, 0.458333, 3.954167, 4.462500
 65.666667, 0.248731, 0.736041, 4.487310, 5.248731
60
 0.250000, 0.000000, 0.000000, 11.000000, 11.000000
 61.666667, 1.940541, 1.621622, 3.945946, 5.686486
 74.666667, 0.214286, 0.473214, 4.419643, 4.915179
 79.000000, 0.071730, 0.476793, 5.109705, 5.607595
 72.000000, 0.375000, 0.541667, 5.106481, 5.671296
 72.666667, 0.064220, 0.463303, 4.449541, 4.940367
 71.000000, 0.338028, 0.488263, 5.028169, 5.572770
 56.666667, 0.400000, 0.505882, 5.035294, 5.570588
 74.000000, 0.396396, 0.472973, 4.418919, 4.909910
 75.000000, 0.524444, 0.440000, 3.822222, 4.284444
 71.666667, 0.204651, 0.441860, 5.139535, 5.604651
 68.333333, 0.243902, 0.878049, 4.731707, 5.639024
 74.666667, 0.200893, 0.562500, 4.294643, 4.879464
 76.000000, 0.355263, 0.442982, 4.969298, 5.434211
 72.666667, 0.284404, 0.389908, 4.068807, 4.490826
 77.000000, 0.294372, 0.437229, 4.233766, 4.705628
 77.333333, 0.258621, 0.409483, 4.629310, 5.064655
 71.333333, 0.191589, 0.453271, 4.686916, 5.158879
 73.000000, 0.214612, 0.415525, 4.200913, 4.634703
 69.000000, 0.342995, 0.410628, 4.782609, 5.212560
61
 0.250000, 2.000000, 0.000000, 1.000000, 13.000000
 66.666667, 1.445000, 1.230000, 3.370000, 4.635000
 74.000000, 0.554054, 0.477477, 4.216216, 4.716216
 75.000000, 0.475556, 0.400000, 4.866667, 5.284444
 73.666667, 0.610860, 0.583710, 4.828054, 5.429864
 75.333333, 0.407080, 0.460177, 4.668142, 5.150442
 66.000000, 0.207071, 0.459596, 5.818182, 6.303030
 67.000000, 0.542289, 1.492537, 4.462687, 6.039801
 71.000000, 0.394366, 0.460094, 4.906103, 5.384977
 70.666667, 0.259434, 0.452830, 4.419811, 4.886792
 69.666667, 0.191388, 0.511962, 5.043062, 5.574163
 66.333333, 0.150754, 0.402010, 3.457286, 3.879397
 72.666667, 0.247706, 0.564220, 4.169725, 4.756881
 75.000000, 0.093333, 0.475556, 4.751111, 5.248889
 70.666667, 0.377358, 0.415094, 4.608491, 5.042453
 73.000000, 0.319635, 0.438356, 4.643836, 5.105023
 76.666667, 0.304348, 0.408696, 4.395652, 4.826087
 71.000000, 0.389671, 0.478873, 5.276995, 5.779343
 81.333333, 0.057377, 0.446721, 3.803279, 4.274590
 68.666667, 0.296117, 0.456311, 5.611650, 6.121359
62
 0.250000, 1.000000, 0.000000, 2.000000, 13.000000
 63.000000, 1.978836, 1.206349, 3.481481, 4.804233
 73.333333, 0.390909, 0.545455, 4.345455, 4.909091
 64.666667, 0.144330, 0.469072, 4.690722, 5.180412
 69.333333, 0.423077, 0.572115, 4.918269, 5.514423
 68.333333, 0.068293, 0.434146, 4.317073, 4.775610
 60.000000, 0.027778, 0.494444, 6.072222, 6.583333
 54.000000, 0.382716, 0.518519, 5.500000, 6.061728
 71.333333, 0.242991, 0.439252, 4.285047, 4.747664
 77.666667, 0.635193, 0.472103, 3.824034, 4.317597
 71.000000, 0.061033, 0.441315, 5.173709, 5.643192
 69.333333, 0.288462, 0.855769, 4.855769, 5.730769
 71.666667, 0.251163, 0.544186, 4.451163, 5.051163
 72.666667, 0.133028, 0.426606, 5.114679, 5.564220
 69.333333, 0.057692, 0.408654, 4.711538, 5.144231
 72.333333, 0.299539, 0.419355, 4.566820, 5.013825
 77.333333, 0.310345, 0.418103, 4.392241, 4.831897
 71.000000, 0.131455, 0.497653, 5.000000, 5.521127
 76.666667, 0.173913, 0.486957, 4.273913, 4.778261
 68.333333, 0.360976, 0.468293, 3.741463, 4.234146
63
 0.250000, 0.000000, 0.000000, 2.000000, 2.000000
 66.666667, 2.495000, 1.655000, 3.780000, 5.470000
 76.333333, 0.192140, 0.602620, 4.746725, 5.375546
 80.333333, 0.224066, 0.427386, 5.024896, 5.473029
 74.000000, 0.554054, 0.423423, 4.621622, 5.067568
 76.666667, 0.334783, 0.473913, 4.373913, 4.869565
 68.333333, 0.321951, 0.580488, 8.453659, 9.063415
 63.333333, 0.384211, 1.015789, 4.210526, 5.478947
 66.666667, 0.145000, 0.410000, 4.870000, 5.300000
 73.666667, 0.533937, 0.665158, 4.085973, 4.800905
 69.666667, 0.119617, 0.421053, 5.052632, 5.497608
 69.000000, 0.188406, 0.434783, 3.632850, 4.091787
 68.666667, 0.150485, 0.475728, 3.839806, 4.334951
 71.666667, 0.469767, 0.441860, 5.674419, 6.139535
 73.666667, 0.158371, 0.402715, 4.144796, 4.570136
 74.000000, 0.396396, 0.436937, 4.184685, 4.675676
 73.666667, 0.153846, 0.371041, 4.126697, 4.520362
 72.333333, 0.460829, 0.525346, 5.050691, 5.594470
 79.666667, 0.188285, 0.502092, 3.514644, 4.033473
 66.000000, 0.353535, 0.449495, 5.681818, 6.156566
Histogram
0 0 0 0 0 0 0 0 0 0 0 0 0 0 0 0 0 0 0 0 4 0 0 0 0 0 0 0 0 0 14 0 0 0 0 0 0 0 1 2 3 10 27 23 31 54 75 88 91 102 93 108 69 66 74 75 46 34 37 20 12 11 6 9 7 5 5 5 1 1 8 6 2 1 1 0 1 0 1 3 2 0 1 0 0 0 0 0 1 0 6 0 1 0 0 0 0 0 0 0 5 0 0 0 0 0 0 0 0 0 3 0 0 0 0 0 0 0 0 29 
Cache Miss Ratio
0.003918719591396429
numOfSets
0
numOfGets
272538
numOfMultiGets
0
