20
0
 0.200000, 44.000000, 2.000000, 5.000000, 175.000000
 802.000000, 43.198254, 7.287614, 1.090607, 8.509559
 985.000000, 42.392893, 5.284602, 0.943824, 6.275804
 973.666667, 42.877097, 5.488531, 0.968162, 6.496748
 915.333333, 43.165331, 5.813183, 1.035324, 6.892935
 844.666667, 44.112076, 6.621547, 1.126677, 7.791634
 954.666667, 42.237779, 5.534567, 0.986383, 6.559008
 1007.333333, 41.811383, 5.068167, 0.920582, 6.032429
 909.000000, 42.414375, 5.784378, 1.037037, 6.862486
 998.000000, 43.257181, 5.374415, 0.952572, 6.368069
 976.333333, 41.765108, 5.192899, 0.948105, 6.187777
 956.333333, 40.477170, 5.089578, 0.952945, 6.082956
 942.666667, 39.435644, 4.992928, 0.954385, 5.987270
 954.333333, 41.062871, 5.255676, 0.966469, 6.266504
 855.333333, 42.830475, 6.270460, 1.095479, 7.409197
 920.000000, 38.305072, 4.902174, 0.948913, 5.894203
 924.000000, 38.489899, 4.959235, 0.974747, 5.974387
 951.333333, 39.925368, 4.963910, 0.943238, 5.949194
 948.666667, 40.230148, 5.050246, 0.952214, 6.050949
 928.666667, 41.918880, 5.590452, 1.005743, 6.637114
1
 0.200000, 44.000000, 1.000000, 13.000000, 169.000000
 809.333333, 43.445222, 6.911862, 1.081549, 8.120675
 989.333333, 42.458895, 5.281671, 0.942385, 6.267520
 965.666667, 42.704177, 5.477390, 0.972385, 6.494995
 918.666667, 43.060232, 5.792090, 1.030116, 6.866110
 836.666667, 43.954980, 6.596414, 1.135458, 7.776892
 955.666667, 42.480293, 5.518312, 0.982909, 6.542379
 1002.333333, 41.582973, 5.060193, 0.929165, 6.029930
 913.000000, 42.618474, 5.791530, 1.029938, 6.862359
 998.666667, 43.155874, 5.383511, 0.951268, 6.376502
 982.333333, 41.743807, 5.186291, 0.944690, 6.174754
 956.333333, 40.465319, 5.103869, 0.951203, 6.095155
 940.000000, 39.672695, 5.001064, 0.953901, 5.996809
 948.333333, 41.057293, 5.257293, 0.972232, 6.276626
 848.666667, 42.640613, 6.237628, 1.104478, 7.386489
 917.333333, 38.420785, 4.864826, 0.952035, 5.859012
 913.666667, 38.466618, 4.964611, 0.985772, 5.993068
 950.333333, 39.758330, 4.962820, 0.942827, 5.947036
 960.000000, 40.355208, 5.068403, 0.946181, 6.059722
 921.666667, 41.932369, 5.579747, 1.011935, 6.633996
2
 0.200000, 44.000000, 1.000000, 7.000000, 166.000000
 818.000000, 43.505705, 7.096985, 1.073757, 8.282396
 983.333333, 42.458983, 5.241356, 0.941017, 6.232881
 968.333333, 42.780379, 5.473322, 0.974527, 6.488124
 916.333333, 43.194980, 5.856311, 1.036013, 6.935249
 848.000000, 44.097877, 6.613208, 1.119890, 7.778695
 947.333333, 42.424349, 5.526742, 0.991203, 6.559113
 1005.333333, 41.718501, 5.072613, 0.926061, 6.040119
 919.333333, 42.736041, 5.806744, 1.023930, 6.873096
 996.666667, 43.188963, 5.403679, 0.951171, 6.397993
 980.333333, 41.753825, 5.191431, 0.944237, 6.181231
 955.666667, 40.504011, 5.098012, 0.950820, 6.091734
 939.666667, 39.598084, 4.997517, 0.957077, 5.996098
 956.333333, 41.145695, 5.273963, 0.963402, 6.280586
 850.000000, 42.682353, 6.199216, 1.105882, 7.345098
 918.333333, 38.233394, 4.895826, 0.950998, 5.892196
 922.666667, 38.366329, 4.982298, 0.977240, 6.003613
 961.666667, 39.698094, 4.960485, 0.932756, 5.937262
 954.333333, 40.462103, 5.100594, 0.952847, 6.097450
 923.000000, 42.126761, 5.584688, 1.011918, 6.637775
3
 0.200000, 44.000000, 0.000000, 8.000000, 165.000000
 805.333333, 43.281871, 7.009106, 1.096854, 8.228891
 992.666667, 42.504701, 5.268972, 0.939221, 6.253526
 967.666667, 42.769204, 5.459869, 0.973820, 6.476059
 917.333333, 43.399346, 5.815770, 1.033794, 6.895712
 835.666667, 44.008775, 6.620263, 1.136418, 7.800957
 953.666667, 42.294303, 5.550856, 0.982524, 6.576372
 1010.000000, 41.837294, 5.098680, 0.921782, 6.062376
 912.666667, 42.648283, 5.779401, 1.031045, 6.855004
 994.666667, 43.132373, 5.391086, 0.953418, 6.386729
 980.666667, 41.629844, 5.200884, 0.947315, 6.189327
 955.666667, 40.562958, 5.111615, 0.949424, 6.105337
 945.000000, 39.805644, 4.999295, 0.949559, 5.990123
 958.333333, 41.005217, 5.264696, 0.963130, 6.270261
 846.333333, 42.877511, 6.196928, 1.109098, 7.348956
 912.666667, 38.404675, 4.864500, 0.955442, 5.862308
 926.333333, 38.360561, 4.962217, 0.975171, 5.978409
 951.666667, 39.822417, 4.966025, 0.946060, 5.953415
 958.333333, 40.298435, 5.075478, 0.947826, 6.068870
 915.666667, 41.894794, 5.572261, 1.019294, 6.634874
4
 0.200000, 44.000000, 4.000000, 5.000000, 169.000000
 808.333333, 43.377320, 7.262268, 1.085361, 8.475876
 998.666667, 42.466956, 5.274366, 0.934246, 6.254339
 969.666667, 42.795462, 5.472671, 0.974905, 6.487796
 916.000000, 43.278384, 5.810044, 1.034207, 6.889738
 843.000000, 44.092922, 6.610518, 1.124951, 7.781336
 945.333333, 42.299718, 5.525740, 0.991537, 6.556770
 1007.000000, 41.688183, 5.075472, 0.923204, 6.039391
 913.000000, 42.583060, 5.815261, 1.033224, 6.889011
 996.333333, 43.201405, 5.380729, 0.953162, 6.376715
 985.333333, 41.676252, 5.178620, 0.940460, 6.164411
 955.333333, 40.538730, 5.099093, 0.952547, 6.095255
 943.333333, 39.712367, 5.018021, 0.952650, 6.012367
 951.333333, 40.988437, 5.241766, 0.971619, 6.255781
 863.666667, 42.866847, 6.241606, 1.087611, 7.371671
 916.666667, 38.372364, 4.856364, 0.954909, 5.852727
 925.333333, 38.519452, 4.972262, 0.974424, 5.988112
 953.000000, 39.731025, 4.970619, 0.938440, 5.952431
 960.333333, 40.309615, 5.069767, 0.945505, 6.060049
 915.666667, 42.096833, 5.569712, 1.018566, 6.629778
5
 0.200000, 44.000000, 3.000000, 13.000000, 161.000000
 804.333333, 43.467882, 7.021964, 1.094074, 8.242851
 991.333333, 42.217552, 5.257566, 0.938130, 6.240753
 961.333333, 42.686893, 5.465673, 0.981276, 6.489251
 917.666667, 43.223393, 5.845260, 1.034871, 6.924083
 845.000000, 44.040237, 6.588166, 1.123866, 7.759369
 943.333333, 42.141696, 5.534276, 0.992580, 6.569258
 1003.000000, 41.680292, 5.094384, 0.928880, 6.064141
 917.000000, 42.565249, 5.797892, 1.024718, 6.865503
 994.666667, 43.301609, 5.380697, 0.956099, 6.378686
 983.666667, 41.690613, 5.214842, 0.942054, 6.200271
 961.000000, 40.499827, 5.083940, 0.947624, 6.072494
 936.666667, 39.746263, 5.010320, 0.957295, 6.009964
 955.666667, 41.221486, 5.257761, 0.966516, 6.268573
 851.333333, 42.680893, 6.229836, 1.104150, 7.376273
 916.666667, 38.433818, 4.880000, 0.950182, 5.875273
 925.000000, 38.378378, 4.942703, 0.973333, 5.957477
 955.666667, 39.924311, 4.976631, 0.936868, 5.956400
 956.333333, 40.352736, 5.064831, 0.950157, 6.057860
 927.000000, 42.024092, 5.566703, 1.006113, 6.617044
6
 0.200000, 44.000000, 3.000000, 5.000000, 161.000000
 814.333333, 43.362669, 7.141629, 1.095784, 8.350389
 997.000000, 42.340354, 5.276830, 0.935139, 6.256102
 962.666667, 42.884695, 5.470914, 0.979917, 6.493075
 924.000000, 43.122655, 5.830808, 1.027778, 6.904401
 841.000000, 43.985731, 6.596908, 1.128815, 7.772097
 952.666667, 42.386284, 5.532190, 0.984955, 6.560882
 1008.666667, 41.829478, 5.069729, 0.921018, 6.034699
 913.000000, 42.491055, 5.784228, 1.027747, 6.855057
 987.666667, 43.259872, 5.391158, 0.959501, 6.393520
 981.333333, 41.606318, 5.185802, 0.947351, 6.175611
 953.000000, 40.533753, 5.103882, 0.954530, 6.098286
 942.333333, 39.685886, 5.006721, 0.952600, 6.003537
 956.666667, 41.110801, 5.275610, 0.963763, 6.283624
 861.000000, 42.879985, 6.266357, 1.087108, 7.397213
 919.333333, 38.374909, 4.898477, 0.950689, 5.892313
 928.333333, 38.545063, 4.966966, 0.970916, 5.979174
 951.333333, 39.601962, 4.946391, 0.940084, 5.929923
 961.333333, 40.352982, 5.027046, 0.944175, 6.018377
 930.000000, 41.959498, 5.589606, 1.002151, 6.635484
7
 0.200000, 64.000000, 3.000000, 13.000000, 171.000000
 809.000000, 43.296663, 6.911413, 1.096415, 8.124845
 991.666667, 42.478992, 5.261176, 0.934118, 6.243697
 967.333333, 42.660234, 5.466575, 0.973122, 6.481737
 910.666667, 43.163250, 5.810029, 1.043192, 6.897145
 845.666667, 44.082775, 6.590067, 1.124951, 7.759559
 948.666667, 42.301476, 5.558327, 0.988053, 6.585383
 1005.333333, 41.732427, 5.087533, 0.927056, 6.055040
 910.000000, 42.434432, 5.790110, 1.035897, 6.865568
 986.333333, 43.074011, 5.386617, 0.960460, 6.391686
 986.333333, 41.914498, 5.180128, 0.941196, 6.164583
 962.666667, 40.568906, 5.116690, 0.945637, 6.107687
 938.000000, 39.763682, 5.001777, 0.957356, 6.001421
 958.666667, 41.044159, 5.277121, 0.962796, 6.281641
 860.000000, 42.624419, 6.218217, 1.093023, 7.351550
 915.666667, 38.556607, 4.895158, 0.954860, 5.892246
 924.666667, 38.276136, 4.949531, 0.974405, 5.966474
 948.333333, 39.615466, 4.947276, 0.945870, 5.933568
 961.666667, 40.380936, 5.074870, 0.943847, 6.062045
 919.000000, 41.912949, 5.582880, 1.014871, 6.640914
Histogram
0 0 0 0 0 0 0 0 0 0 0 0 0 0 0 0 0 0 0 0 0 0 0 0 0 0 0 0 0 0 0 0 0 0 0 0 0 0 0 0 0 0 0 0 0 0 0 0 0 0 0 0 0 0 0 0 0 0 8 19 27 9 17 8 8 8 8 0 13 3 0 0 0 7 1 0 0 7 1 0 0 2 3 1 1 1 0 0 0 0 0 0 0 0 0 0 0 0 0 0 0 0 0 0 0 0 0 0 0 0 0 0 0 0 0 0 0 0 0 8 
Cache Miss Ratio
0.05053916499926142
numOfSets
0
numOfGets
446802
numOfMultiGets
0
