20
0
 0.250000, 32.000000, 0.000000, 2.000000, 72.000000
 808.000000, 19.912541, 3.162129, 1.039191, 4.299917
 938.666667, 19.869673, 2.583807, 0.960938, 3.587358
 953.333333, 19.733916, 2.533217, 0.948601, 3.524476
 936.333333, 19.529726, 2.567462, 0.981132, 3.589178
 932.000000, 20.073319, 2.656295, 0.976037, 3.677396
 915.000000, 20.325683, 2.777049, 1.001821, 3.821494
 934.666667, 19.925107, 2.543153, 0.947218, 3.536020
 970.666667, 19.590659, 2.433723, 0.919643, 3.398695
 942.666667, 19.524045, 2.571429, 0.958982, 3.575318
 923.333333, 20.113718, 2.645487, 0.978339, 3.668231
 902.000000, 20.811899, 2.788987, 1.015521, 3.850333
 946.666667, 19.465141, 2.485915, 0.943310, 3.472535
 956.333333, 19.483444, 2.413384, 0.915999, 3.377832
 938.666667, 19.857955, 2.577770, 0.965199, 3.586293
 897.000000, 20.063545, 2.614641, 0.979933, 3.636938
 888.000000, 19.462838, 2.541291, 0.967718, 3.552553
 884.000000, 19.727753, 2.663650, 1.000754, 3.707014
 894.666667, 19.017511, 2.470194, 0.947839, 3.462370
 882.666667, 20.631420, 2.854607, 1.021148, 3.916163
1
 0.250000, 32.000000, 0.000000, 2.000000, 71.000000
 820.666667, 20.015435, 3.122258, 1.030463, 4.242892
 941.333333, 19.961756, 2.576487, 0.957861, 3.576487
 947.333333, 19.908867, 2.524982, 0.949683, 3.516890
 942.000000, 19.964968, 2.568648, 0.974876, 3.583510
 926.000000, 19.957163, 2.646508, 0.988481, 3.676386
 910.333333, 20.307580, 2.773709, 1.003295, 3.822409
 940.000000, 19.883688, 2.534043, 0.950000, 3.522340
 967.333333, 19.624397, 2.429359, 0.922467, 3.394900
 943.666667, 19.508301, 2.574002, 0.955846, 3.577888
 926.000000, 20.127430, 2.629950, 0.974082, 3.649028
 900.666667, 20.668764, 2.809030, 1.010733, 3.868986
 954.333333, 19.416346, 2.486553, 0.937827, 3.467691
 962.333333, 19.568064, 2.424316, 0.914444, 3.382057
 946.000000, 19.888654, 2.594433, 0.959831, 3.596547
 894.666667, 19.784277, 2.598733, 0.982116, 3.622951
 885.000000, 19.317137, 2.533333, 0.970245, 3.546893
 883.000000, 19.702152, 2.669309, 1.001133, 3.711967
 904.000000, 19.215708, 2.470870, 0.945059, 3.456490
 883.000000, 20.590789, 2.840317, 1.021140, 3.900340
2
 0.250000, 32.000000, 0.000000, 5.000000, 70.000000
 810.333333, 19.989716, 3.033320, 1.030852, 4.178939
 937.333333, 19.888336, 2.573969, 0.965505, 3.581081
 948.333333, 19.990861, 2.543058, 0.949736, 3.534974
 939.666667, 19.811281, 2.572189, 0.974459, 3.590280
 928.666667, 20.075736, 2.652190, 0.985642, 3.678033
 918.000000, 20.352941, 2.772694, 1.001089, 3.816630
 941.000000, 19.643996, 2.526390, 0.946157, 3.512575
 968.333333, 19.638210, 2.426162, 0.918761, 3.388640
 946.666667, 19.506338, 2.572887, 0.949648, 3.569014
 923.666667, 20.238903, 2.652472, 0.976182, 3.673042
 903.666667, 20.772778, 2.812984, 1.005902, 3.866101
 940.666667, 19.598157, 2.494330, 0.951099, 3.488661
 965.666667, 19.623058, 2.429410, 0.915775, 3.387642
 941.666667, 19.892035, 2.560000, 0.964956, 3.566726
 893.666667, 19.702350, 2.615442, 0.984707, 3.643044
 889.333333, 19.382684, 2.547226, 0.968141, 3.557721
 881.666667, 19.753875, 2.665028, 0.999244, 3.708507
 893.333333, 19.136194, 2.457090, 0.948881, 3.449627
 885.333333, 20.842620, 2.839608, 1.018449, 3.898343
3
 0.250000, 32.000000, 3.000000, 2.000000, 64.000000
 809.000000, 20.039967, 3.075402, 1.038731, 4.219201
 938.666667, 19.876065, 2.582741, 0.959872, 3.588423
 948.333333, 19.814411, 2.528295, 0.949033, 3.517750
 940.666667, 19.636782, 2.576187, 0.974841, 3.592842
 933.666667, 19.737594, 2.661549, 0.980007, 3.681185
 910.000000, 20.343956, 2.767399, 1.003663, 3.815751
 941.333333, 19.898017, 2.531516, 0.949008, 3.520184
 971.666667, 19.622642, 2.427444, 0.914580, 3.388679
 943.333333, 19.589046, 2.566784, 0.959717, 3.571731
 926.666667, 20.190288, 2.641007, 0.975180, 3.658273
 902.666667, 20.673929, 2.795052, 1.012186, 3.856352
 949.333333, 19.657303, 2.488062, 0.942065, 3.471910
 963.000000, 19.421945, 2.416407, 0.916580, 3.375562
 933.666667, 19.714388, 2.573724, 0.971082, 3.588004
 900.000000, 19.847407, 2.612222, 0.979630, 3.631481
 884.666667, 19.308968, 2.548229, 0.969103, 3.561040
 885.000000, 19.444821, 2.648964, 0.998870, 3.688512
 899.333333, 19.196442, 2.473314, 0.950704, 3.464789
 878.666667, 20.633156, 2.828907, 1.022762, 3.893399
4
 0.250000, 32.000000, 0.000000, 3.000000, 60.000000
 815.333333, 19.977923, 3.095666, 1.035568, 4.236304
 938.000000, 20.002132, 2.581734, 0.958778, 3.585643
 945.000000, 19.664550, 2.528395, 0.956261, 3.526279
 936.666667, 19.520641, 2.569039, 0.981495, 3.590036
 933.000000, 20.012862, 2.666667, 0.983566, 3.689532
 911.333333, 20.224214, 2.779078, 1.005852, 3.826993
 939.000000, 19.761448, 2.535676, 0.946752, 3.522897
 968.000000, 19.605716, 2.419421, 0.920455, 3.384986
 948.333333, 19.758875, 2.578207, 0.954306, 3.575747
 925.333333, 20.255403, 2.630043, 0.970461, 3.650216
 904.333333, 20.793586, 2.794324, 1.011058, 3.851456
 948.333333, 19.368366, 2.489279, 0.943058, 3.477329
 963.333333, 19.508997, 2.427336, 0.916263, 3.386851
 937.666667, 19.703519, 2.575898, 0.968717, 3.585851
 900.333333, 19.696409, 2.601999, 0.978526, 3.623103
 889.333333, 19.382309, 2.531109, 0.962894, 3.537106
 883.000000, 19.658739, 2.651189, 0.999245, 3.694224
 896.333333, 19.309781, 2.470807, 0.948680, 3.461510
 881.666667, 20.542533, 2.846881, 1.019660, 3.908129
5
 0.250000, 32.000000, 3.000000, 2.000000, 60.000000
 812.333333, 20.088634, 3.079606, 1.053344, 4.225277
 936.333333, 20.134211, 2.597010, 0.965112, 3.605910
 957.333333, 19.783774, 2.527507, 0.941504, 3.511490
 941.000000, 19.748849, 2.567481, 0.975912, 3.583776
 926.666667, 20.067626, 2.654317, 0.984532, 3.682014
 915.333333, 20.435543, 2.763656, 1.003642, 3.810998
 936.666667, 19.820641, 2.534164, 0.952669, 3.527046
 970.333333, 19.586740, 2.427688, 0.914806, 3.388526
 946.333333, 19.637196, 2.559704, 0.953505, 3.558295
 926.333333, 20.351925, 2.640878, 0.973732, 3.658510
 901.666667, 20.632163, 2.808503, 1.011830, 3.869871
 948.000000, 19.401195, 2.485232, 0.940577, 3.470113
 952.333333, 19.390270, 2.420021, 0.921946, 3.391670
 934.000000, 19.859743, 2.571378, 0.968951, 3.584939
 897.666667, 19.836613, 2.612700, 0.978463, 3.633494
 891.000000, 19.375608, 2.548822, 0.966330, 3.557052
 881.666667, 19.714934, 2.658601, 0.999244, 3.700945
 892.000000, 19.106876, 2.489537, 0.956278, 3.489163
 885.333333, 20.597139, 2.840361, 1.018449, 3.900226
6
 0.250000, 32.000000, 3.000000, 3.000000, 55.000000
 818.333333, 20.271690, 3.196334, 1.033401, 4.325458
 938.000000, 19.907605, 2.582800, 0.960554, 3.586354
 950.333333, 20.041389, 2.523676, 0.945633, 3.514556
 938.000000, 19.644989, 2.563966, 0.977257, 3.583511
 928.666667, 20.038406, 2.641062, 0.986360, 3.667265
 914.333333, 20.312796, 2.781626, 1.004739, 3.829384
 938.333333, 19.704796, 2.540675, 0.951687, 3.531083
 970.666667, 19.512019, 2.430288, 0.918613, 3.392170
 945.666667, 19.582305, 2.554459, 0.954529, 3.553401
 925.000000, 20.307387, 2.647207, 0.975856, 3.668829
 898.000000, 20.624350, 2.814774, 1.018560, 3.879362
 950.666667, 19.629383, 2.486325, 0.940743, 3.469495
 961.333333, 19.422677, 2.424411, 0.914008, 3.384189
 939.000000, 19.681576, 2.575790, 0.967341, 3.584665
 897.666667, 19.669142, 2.619012, 0.978463, 3.639064
 892.333333, 19.431827, 2.551363, 0.963392, 3.556220
 880.666667, 19.550719, 2.669190, 1.001514, 3.713096
 899.333333, 19.292809, 2.482209, 0.949592, 3.470719
 883.666667, 20.600905, 2.840815, 1.018484, 3.898529
7
 0.250000, 32.000000, 0.000000, 2.000000, 52.000000
 821.666667, 19.932657, 3.042191, 1.020690, 4.152535
 936.333333, 19.998932, 2.585974, 0.964756, 3.593094
 944.000000, 19.710452, 2.524011, 0.955862, 3.521186
 940.333333, 19.712159, 2.570011, 0.976250, 3.587735
 928.333333, 19.954399, 2.651346, 0.982406, 3.675045
 916.666667, 20.163273, 2.765091, 0.999636, 3.807636
 939.666667, 19.762682, 2.528911, 0.949982, 3.519333
 968.333333, 19.532530, 2.432014, 0.921170, 3.394836
 937.666667, 19.583007, 2.564166, 0.961607, 3.573054
 926.666667, 20.205396, 2.642446, 0.974460, 3.660432
 898.000000, 20.546399, 2.812175, 1.012249, 3.874907
 942.666667, 19.419731, 2.498586, 0.948727, 3.490099
 962.666667, 19.516967, 2.425208, 0.908934, 3.384695
 940.666667, 19.815734, 2.586818, 0.964564, 3.593905
 893.333333, 19.700373, 2.616045, 0.982463, 3.645896
 884.333333, 19.355070, 2.550320, 0.966076, 3.560874
 879.333333, 19.554208, 2.648597, 1.002654, 3.694466
 894.666667, 19.200820, 2.462370, 0.956408, 3.457154
 879.000000, 20.675768, 2.834281, 1.025408, 3.901024
Histogram
0 0 0 0 0 0 0 0 0 0 0 0 0 0 0 0 0 0 0 0 0 0 0 0 0 0 0 0 0 0 0 0 0 16 16 55 28 5 19 5 0 2 5 1 0 0 0 0 0 0 0 0 0 0 0 0 0 0 0 0 0 0 0 0 0 0 0 0 0 0 0 0 0 0 0 0 0 0 0 0 0 0 0 0 0 0 0 0 0 0 0 0 0 0 0 0 0 0 0 0 0 0 0 0 0 0 0 0 0 0 0 0 0 0 0 0 0 0 0 8 
Cache Miss Ratio
0.05132164943302727
numOfSets
0
numOfGets
440321
numOfMultiGets
0
