20
0
 0.200000, 0.000000, 0.000000, 14.000000, 278.000000
 314.333333, 0.400848, 0.269353, 0.932131, 1.297985
 365.000000, 0.392694, 0.264840, 0.867580, 1.178082
 358.666667, 0.346654, 0.240706, 0.867100, 1.152416
 355.333333, 0.327392, 0.242964, 0.899625, 1.273921
 375.666667, 0.338066, 0.272405, 0.848270, 1.164153
 376.000000, 0.305851, 0.228723, 0.875887, 1.153369
 366.000000, 0.333333, 0.252277, 0.837887, 1.136612
 386.000000, 0.226252, 0.213299, 0.785838, 1.043178
 361.000000, 0.277008, 0.260388, 0.874423, 1.180055
 380.666667, 0.235552, 0.207531, 0.788967, 1.048161
 376.666667, 0.291150, 0.282301, 0.792920, 1.121239
 365.666667, 0.231541, 0.214221, 0.831358, 1.106655
 384.000000, 0.434896, 0.245660, 0.856771, 1.153646
 372.333333, 0.284691, 0.261415, 0.839749, 1.146822
 362.666667, 0.338235, 0.236213, 0.863971, 1.145221
 387.666667, 0.258813, 0.227859, 0.822012, 1.098882
 376.333333, 0.317981, 0.261293, 0.814880, 1.125775
 367.333333, 0.258621, 0.243194, 0.841198, 1.130672
 368.000000, 0.373188, 0.269928, 0.860507, 1.178442
1
 0.200000, 0.000000, 0.000000, 114.000000, 271.000000
 327.666667, 0.492370, 0.287894, 0.961343, 1.360122
 364.000000, 0.391026, 0.256410, 0.881868, 1.183150
 356.000000, 0.279963, 0.246255, 0.849251, 1.143258
 355.666667, 0.417057, 0.328022, 0.974695, 1.349578
 371.000000, 0.339623, 0.264151, 0.838275, 1.144654
 374.333333, 0.208370, 0.227070, 0.832591, 1.104185
 370.333333, 0.400540, 0.258326, 0.842484, 1.145815
 379.333333, 0.225835, 0.202988, 0.799649, 1.048330
 359.666667, 0.316033, 0.256719, 0.873957, 1.178869
 379.000000, 0.222515, 0.209323, 0.814424, 1.067722
 381.333333, 0.256119, 0.216783, 0.774476, 1.036713
 367.666667, 0.296464, 0.235721, 0.841342, 1.126020
 376.000000, 0.362589, 0.247340, 0.843085, 1.136525
 380.333333, 0.386503, 0.269939, 0.855390, 1.175285
 361.333333, 0.287823, 0.249077, 0.870849, 1.172509
 386.333333, 0.247627, 0.229508, 0.815358, 1.092321
 367.666667, 0.349048, 0.249320, 0.806890, 1.103354
 362.000000, 0.232965, 0.240331, 0.841621, 1.128913
 368.666667, 0.478300, 0.299277, 0.853526, 1.198011
2
 0.200000, 0.000000, 0.000000, 131.000000, 269.000000
 313.000000, 0.422790, 0.300319, 0.937167, 1.336528
 359.000000, 0.415970, 0.268338, 0.883008, 1.200557
 364.000000, 0.282967, 0.214286, 0.856227, 1.114469
 355.333333, 0.419325, 0.275797, 0.908068, 1.239212
 370.000000, 0.348649, 0.257658, 0.849550, 1.153153
 373.000000, 0.225201, 0.232350, 0.856122, 1.135836
 365.666667, 0.246126, 0.240656, 0.847767, 1.142206
 373.666667, 0.171276, 0.212310, 0.780553, 1.044603
 355.000000, 0.243192, 0.238498, 0.861033, 1.146479
 385.666667, 0.272256, 0.218669, 0.811582, 1.076059
 378.000000, 0.216931, 0.237213, 0.795414, 1.080247
 364.333333, 0.223239, 0.228728, 0.849954, 1.123513
 376.333333, 0.330381, 0.232950, 0.864482, 1.142604
 380.000000, 0.307895, 0.242982, 0.842105, 1.137719
 362.000000, 0.295580, 0.255064, 0.882136, 1.186004
 389.000000, 0.270780, 0.220223, 0.796058, 1.062554
 364.000000, 0.294872, 0.259158, 0.825092, 1.131868
 365.000000, 0.217352, 0.252055, 0.834703, 1.133333
 361.666667, 0.447926, 0.299539, 0.861751, 1.215668
3
 0.200000, 0.000000, 1.000000, 128.000000, 275.000000
 313.666667, 0.367694, 0.275239, 0.924548, 1.298618
 357.333333, 0.304104, 0.249067, 0.849813, 1.150187
 362.333333, 0.300828, 0.226311, 0.850966, 1.119595
 359.000000, 0.353760, 0.249768, 0.877437, 1.177344
 372.000000, 0.361111, 0.239247, 0.855735, 1.141577
 370.333333, 0.225923, 0.223222, 0.873087, 1.141314
 364.666667, 0.244059, 0.227605, 0.830896, 1.107861
 382.000000, 0.236475, 0.216405, 0.787086, 1.047993
 364.000000, 0.329670, 0.260989, 0.850733, 1.158425
 380.333333, 0.242770, 0.229623, 0.805434, 1.081507
 373.666667, 0.201606, 0.231936, 0.796610, 1.074933
 366.000000, 0.223133, 0.218579, 0.852459, 1.120219
 380.000000, 0.406140, 0.271053, 0.846491, 1.166667
 382.333333, 0.378378, 0.247602, 0.824760, 1.119442
 359.333333, 0.237477, 0.245826, 0.867347, 1.160482
 384.333333, 0.322637, 0.223764, 0.804857, 1.074588
 374.666667, 0.314947, 0.269573, 0.804270, 1.134342
 367.000000, 0.324251, 0.247048, 0.849228, 1.144414
 371.000000, 0.460018, 0.295597, 0.858940, 1.202156
4
 0.200000, 0.000000, 10.000000, 115.000000, 266.000000
 313.666667, 0.427205, 0.316684, 0.939426, 1.388948
 358.000000, 0.380819, 0.256983, 0.886406, 1.190875
 361.666667, 0.273733, 0.223963, 0.854378, 1.122581
 353.333333, 0.383019, 0.256604, 0.899057, 1.204717
 360.333333, 0.298797, 0.253469, 0.842738, 1.138760
 376.333333, 0.325066, 0.217006, 0.860939, 1.123118
 368.333333, 0.242534, 0.221719, 0.841629, 1.111312
 378.000000, 0.211640, 0.211640, 0.789242, 1.044974
 360.000000, 0.325000, 0.276852, 0.875926, 1.203704
 387.000000, 0.273040, 0.216193, 0.793282, 1.062016
 386.000000, 0.268566, 0.217617, 0.803109, 1.067358
 364.666667, 0.200183, 0.228519, 0.833638, 1.108775
 381.666667, 0.344105, 0.248035, 0.848035, 1.143231
 376.666667, 0.293805, 0.246018, 0.841593, 1.131858
 357.000000, 0.239963, 0.248366, 0.889823, 1.186741
 376.666667, 0.237168, 0.229204, 0.814159, 1.101770
 372.333333, 0.302596, 0.249776, 0.819158, 1.116383
 367.333333, 0.299456, 0.250454, 0.856624, 1.154265
 368.333333, 0.403620, 0.269683, 0.866063, 1.180995
5
 0.200000, 0.000000, 10.000000, 14.000000, 272.000000
 319.000000, 0.388715, 0.317659, 0.929990, 1.357367
 360.333333, 0.333025, 0.251619, 0.851064, 1.157262
 351.000000, 0.238367, 0.243115, 0.863248, 1.150047
 360.000000, 0.462037, 0.324074, 0.969444, 1.350000
 373.333333, 0.418750, 0.251786, 0.852679, 1.151786
 380.666667, 0.287215, 0.227671, 0.864273, 1.136602
 367.333333, 0.246824, 0.238657, 0.837568, 1.122505
 378.000000, 0.263668, 0.227513, 0.806878, 1.083774
 361.000000, 0.243767, 0.256694, 0.857802, 1.160665
 382.666667, 0.211672, 0.204704, 0.804878, 1.058362
 377.666667, 0.197705, 0.233892, 0.779347, 1.059135
 369.000000, 0.258356, 0.226739, 0.850045, 1.122855
 377.000000, 0.360743, 0.237843, 0.840849, 1.132626
 376.000000, 0.312057, 0.267730, 0.827128, 1.139184
 370.000000, 0.438739, 0.276577, 0.897297, 1.218919
 386.333333, 0.282140, 0.224331, 0.823123, 1.097498
 372.666667, 0.244186, 0.254919, 0.812165, 1.116279
 367.333333, 0.306715, 0.253176, 0.845735, 1.151543
 363.000000, 0.393939, 0.300275, 0.880624, 1.229568
6
 0.200000, 0.000000, 16.000000, 19.000000, 271.000000
 311.333333, 0.379015, 0.307281, 0.935760, 1.354390
 355.666667, 0.349578, 0.248360, 0.862231, 1.156514
 365.000000, 0.250228, 0.225571, 0.862100, 1.130594
 351.666667, 0.367773, 0.333649, 0.966825, 1.352607
 368.666667, 0.365280, 0.280289, 0.858951, 1.185353
 382.000000, 0.263525, 0.213787, 0.842932, 1.100349
 365.000000, 0.267580, 0.253881, 0.841096, 1.143379
 378.333333, 0.227313, 0.237004, 0.796476, 1.079295
 362.333333, 0.312787, 0.256670, 0.864765, 1.166513
 381.666667, 0.207860, 0.213100, 0.809607, 1.068122
 381.666667, 0.254148, 0.224454, 0.777293, 1.046288
 366.000000, 0.227687, 0.224044, 0.846084, 1.119308
 378.000000, 0.340388, 0.233686, 0.826279, 1.106702
 385.666667, 0.380294, 0.243734, 0.834054, 1.125324
 362.000000, 0.323204, 0.279926, 0.891344, 1.219153
 383.333333, 0.221739, 0.212174, 0.817391, 1.075652
 378.666667, 0.384683, 0.270246, 0.807218, 1.125880
 370.333333, 0.321332, 0.243024, 0.825383, 1.113411
 368.000000, 0.430254, 0.301630, 0.878623, 1.230072
7
 0.200000, 0.000000, 16.000000, 122.000000, 271.000000
 319.333333, 0.457203, 0.294363, 0.911273, 1.306889
 360.333333, 0.339500, 0.243293, 0.869565, 1.161887
 355.000000, 0.302347, 0.239437, 0.844131, 1.125822
 347.333333, 0.309021, 0.309021, 0.963532, 1.321497
 364.000000, 0.354396, 0.256410, 0.847070, 1.149267
 383.333333, 0.340000, 0.226957, 0.826087, 1.100870
 368.666667, 0.278481, 0.239602, 0.827306, 1.120253
 381.333333, 0.235140, 0.224650, 0.791084, 1.061189
 355.333333, 0.213884, 0.256098, 0.846154, 1.150094
 389.000000, 0.278492, 0.220223, 0.796915, 1.062554
 377.000000, 0.227233, 0.244916, 0.797524, 1.089302
 365.333333, 0.182482, 0.232664, 0.824818, 1.103102
 385.333333, 0.469723, 0.263841, 0.855536, 1.170415
 378.666667, 0.306338, 0.231514, 0.845070, 1.137324
 359.000000, 0.263695, 0.254410, 0.870938, 1.170845
 386.000000, 0.284111, 0.216753, 0.820380, 1.084629
 369.000000, 0.313460, 0.256549, 0.809395, 1.113821
 362.000000, 0.214549, 0.241252, 0.835175, 1.122468
 361.000000, 0.448753, 0.286242, 0.861496, 1.206833
8
 0.200000, 0.000000, 16.000000, 128.000000, 271.000000
 315.666667, 0.296727, 0.289335, 0.910243, 1.311510
 361.666667, 0.372350, 0.270046, 0.870046, 1.185253
 363.666667, 0.280477, 0.227314, 0.856095, 1.126489
 348.333333, 0.377990, 0.273684, 0.900478, 1.223923
 372.333333, 0.400179, 0.280215, 0.850492, 1.173679
 374.000000, 0.271836, 0.233512, 0.861854, 1.149733
 360.333333, 0.239593, 0.237743, 0.841813, 1.131360
 377.000000, 0.187445, 0.228117, 0.788683, 1.065429
 365.666667, 0.306290, 0.283500, 0.878760, 1.206928
 376.666667, 0.227434, 0.204425, 0.813274, 1.063717
 378.333333, 0.247577, 0.226432, 0.785022, 1.059031
 363.333333, 0.220183, 0.242202, 0.861468, 1.148624
 377.000000, 0.340407, 0.244916, 0.830239, 1.122900
 374.333333, 0.299199, 0.260018, 0.834372, 1.140695
 360.333333, 0.265495, 0.267345, 0.870490, 1.189639
 389.666667, 0.325064, 0.227545, 0.812660, 1.088109
 378.000000, 0.425926, 0.278660, 0.815697, 1.141093
 368.000000, 0.280797, 0.237319, 0.842391, 1.125906
 356.000000, 0.356742, 0.278090, 0.867978, 1.194757
9
 0.200000, 0.000000, 16.000000, 16.000000, 271.000000
 324.666667, 0.535934, 0.286448, 0.929158, 1.327515
 355.666667, 0.370197, 0.245548, 0.866917, 1.158388
 358.333333, 0.280000, 0.234419, 0.867907, 1.145116
 349.000000, 0.333333, 0.255014, 0.882521, 1.199618
 375.000000, 0.397333, 0.253333, 0.834667, 1.132444
 388.666667, 0.385935, 0.223842, 0.836192, 1.105489
 359.666667, 0.254866, 0.242817, 0.828545, 1.121409
 379.333333, 0.185413, 0.215290, 0.787346, 1.048330
 362.000000, 0.244936, 0.252302, 0.862799, 1.162983
 378.000000, 0.212522, 0.219577, 0.799824, 1.065256
 381.000000, 0.265092, 0.226597, 0.789151, 1.063867
 374.000000, 0.278966, 0.223708, 0.838681, 1.107843
 371.666667, 0.282511, 0.228700, 0.841256, 1.121973
 375.333333, 0.325933, 0.230906, 0.821492, 1.098579
 366.666667, 0.279091, 0.247273, 0.898182, 1.193636
 379.000000, 0.245383, 0.224274, 0.827617, 1.100264
 372.666667, 0.310376, 0.253131, 0.793381, 1.096601
 365.000000, 0.242009, 0.223744, 0.829224, 1.099543
 361.666667, 0.396313, 0.271889, 0.882949, 1.201843
10
 0.200000, 0.000000, 16.000000, 131.000000, 272.000000
 316.666667, 0.394737, 0.295789, 0.925263, 1.329474
 359.000000, 0.339833, 0.254410, 0.884865, 1.184773
 360.333333, 0.316374, 0.254394, 0.864015, 1.163737
 350.333333, 0.344434, 0.331113, 0.960990, 1.339676
 370.333333, 0.458146, 0.290729, 0.854185, 1.194419
 372.000000, 0.238351, 0.232975, 0.853047, 1.133513
 371.000000, 0.292004, 0.246181, 0.830189, 1.122192
 375.333333, 0.160746, 0.212256, 0.793073, 1.049734
 361.000000, 0.192059, 0.263158, 0.829178, 1.137581
 389.333333, 0.263699, 0.222603, 0.797945, 1.065925
 379.666667, 0.268657, 0.253731, 0.798068, 1.099210
 371.000000, 0.272237, 0.223720, 0.832884, 1.100629
 370.666667, 0.311151, 0.238309, 0.833633, 1.125000
 374.000000, 0.290553, 0.249554, 0.843137, 1.141711
 363.333333, 0.261468, 0.237615, 0.878899, 1.162385
 389.666667, 0.324209, 0.231822, 0.833191, 1.111206
 375.666667, 0.374445, 0.248447, 0.795918, 1.092280
 369.000000, 0.333333, 0.242999, 0.839205, 1.129178
 365.333333, 0.364051, 0.280109, 0.846715, 1.171533
11
 0.200000, 7.000000, 16.000000, 4.000000, 282.000000
 311.666667, 0.389305, 0.310160, 0.916578, 1.328342
 361.333333, 0.392989, 0.262915, 0.862546, 1.184502
 365.666667, 0.378304, 0.245214, 0.845943, 1.135825
 352.333333, 0.324503, 0.302744, 0.959319, 1.315989
 374.666667, 0.363879, 0.232206, 0.826512, 1.104982
 377.666667, 0.315093, 0.217123, 0.857017, 1.121801
 366.000000, 0.238616, 0.240437, 0.820583, 1.109290
 379.000000, 0.227792, 0.226033, 0.799472, 1.071240
 358.333333, 0.252093, 0.263256, 0.873488, 1.183256
 380.333333, 0.222612, 0.216477, 0.817704, 1.081507
 376.333333, 0.268379, 0.257750, 0.796280, 1.102746
 365.000000, 0.236530, 0.235616, 0.850228, 1.132420
 378.333333, 0.338326, 0.242291, 0.856388, 1.148018
 373.666667, 0.222123, 0.245317, 0.840321, 1.132917
 367.333333, 0.343013, 0.246824, 0.872958, 1.169691
 381.333333, 0.235140, 0.232517, 0.810315, 1.087413
 372.666667, 0.315742, 0.277281, 0.814848, 1.138640
 361.000000, 0.240997, 0.242844, 0.855956, 1.145891
 362.000000, 0.445672, 0.293738, 0.883978, 1.224678
12
 0.200000, 0.000000, 16.000000, 15.000000, 272.000000
 332.666667, 0.518036, 0.285571, 0.926854, 1.322645
 360.333333, 0.362627, 0.263645, 0.840888, 1.149861
 355.666667, 0.283037, 0.230553, 0.853796, 1.126523
 355.666667, 0.347704, 0.311153, 0.880037, 1.240862
 368.000000, 0.449275, 0.296196, 0.855072, 1.197464
 371.333333, 0.267504, 0.211849, 0.858169, 1.117594
 365.000000, 0.221918, 0.231050, 0.820091, 1.098630
 379.333333, 0.223199, 0.206503, 0.796134, 1.046573
 363.333333, 0.296330, 0.256881, 0.847706, 1.154128
 373.000000, 0.192136, 0.220733, 0.813226, 1.077748
 381.000000, 0.257218, 0.231846, 0.782152, 1.060367
 363.000000, 0.255280, 0.233242, 0.842975, 1.123049
 379.000000, 0.307828, 0.228672, 0.845207, 1.120493
 375.666667, 0.316770, 0.234250, 0.840284, 1.121562
 362.000000, 0.287293, 0.240331, 0.887661, 1.172192
 379.000000, 0.233949, 0.230431, 0.823219, 1.099384
 371.000000, 0.305481, 0.281222, 0.815813, 1.144654
 366.000000, 0.234062, 0.234062, 0.846995, 1.130237
 368.333333, 0.487783, 0.280543, 0.857919, 1.184615
13
 0.200000, 0.000000, 17.000000, 132.000000, 270.000000
 323.333333, 0.422680, 0.272165, 0.940206, 1.336082
 356.000000, 0.314607, 0.255618, 0.851124, 1.154494
 361.000000, 0.320406, 0.245614, 0.849492, 1.136657
 349.000000, 0.345750, 0.254059, 0.890162, 1.191022
 359.000000, 0.247911, 0.246982, 0.834726, 1.126277
 376.666667, 0.247788, 0.218584, 0.839823, 1.114159
 362.000000, 0.261510, 0.233886, 0.835175, 1.114180
 378.666667, 0.227113, 0.227113, 0.794014, 1.066021
 361.333333, 0.213100, 0.251845, 0.852399, 1.153137
 379.666667, 0.246708, 0.223003, 0.812994, 1.081651
 383.333333, 0.251304, 0.216522, 0.794783, 1.056522
 365.000000, 0.213699, 0.237443, 0.852055, 1.145205
 378.333333, 0.431718, 0.244934, 0.830837, 1.124229
 375.666667, 0.309672, 0.245785, 0.829636, 1.121562
 366.333333, 0.366697, 0.234759, 0.887170, 1.170155
 385.000000, 0.226840, 0.207792, 0.820779, 1.081385
 377.333333, 0.325972, 0.269435, 0.803887, 1.124558
 362.000000, 0.302947, 0.249540, 0.849908, 1.145488
 366.666667, 0.436364, 0.288182, 0.866364, 1.205455
14
 0.200000, 0.000000, 17.000000, 128.000000, 270.000000
 324.666667, 0.428131, 0.275154, 0.913758, 1.295688
 364.000000, 0.347985, 0.250916, 0.887363, 1.187729
 364.000000, 0.335165, 0.237179, 0.849817, 1.130952
 362.333333, 0.408464, 0.258510, 0.909844, 1.218031
 365.333333, 0.360401, 0.269161, 0.864051, 1.175182
 381.666667, 0.313537, 0.237555, 0.861135, 1.146725
 363.333333, 0.181651, 0.246789, 0.841284, 1.135780
 381.000000, 0.195976, 0.212598, 0.796150, 1.057743
 364.666667, 0.294333, 0.257770, 0.854662, 1.164534
 384.666667, 0.244367, 0.237435, 0.798960, 1.082322
 384.666667, 0.240035, 0.242634, 0.777296, 1.065858
 374.666667, 0.292705, 0.230427, 0.838078, 1.115658
 372.000000, 0.314516, 0.236559, 0.850358, 1.134409
 368.333333, 0.352036, 0.263348, 0.843439, 1.158371
 366.666667, 0.367273, 0.267273, 0.880000, 1.194545
 382.333333, 0.271142, 0.215344, 0.820401, 1.082825
 374.666667, 0.342527, 0.281139, 0.804270, 1.130783
 360.000000, 0.231481, 0.234259, 0.846296, 1.129630
 366.666667, 0.476364, 0.272727, 0.878182, 1.204545
15
 0.200000, 0.000000, 21.000000, 129.000000, 270.000000
 329.666667, 0.491405, 0.314459, 0.921132, 1.341759
 356.666667, 0.270093, 0.240187, 0.851402, 1.137383
 361.000000, 0.302862, 0.234534, 0.845799, 1.121884
 350.666667, 0.392586, 0.258555, 0.899240, 1.208175
 359.666667, 0.270621, 0.243744, 0.865616, 1.153846
 374.666667, 0.279359, 0.225089, 0.860320, 1.129893
 361.333333, 0.273063, 0.241697, 0.839483, 1.131919
 376.666667, 0.198230, 0.217699, 0.779646, 1.046903
 363.666667, 0.265811, 0.243813, 0.835930, 1.124656
 382.000000, 0.219895, 0.242583, 0.830716, 1.117801
 374.000000, 0.170232, 0.245098, 0.797683, 1.093583
 368.000000, 0.264493, 0.219203, 0.855978, 1.121377
 378.000000, 0.342152, 0.231041, 0.844797, 1.124339
 378.666667, 0.402289, 0.253521, 0.860915, 1.162852
 362.000000, 0.400552, 0.280847, 0.872928, 1.199816
 386.000000, 0.226252, 0.233161, 0.824698, 1.101900
 378.666667, 0.418134, 0.298415, 0.822183, 1.168134
 365.666667, 0.288058, 0.253418, 0.833181, 1.135825
 361.000000, 0.374885, 0.289012, 0.852262, 1.188366
Histogram
0 0 0 0 0 0 0 0 0 0 62 199 24 19 0 0 0 0 0 0 0 0 0 0 0 0 0 0 0 0 0 0 0 0 0 0 0 0 0 0 0 0 0 0 0 0 0 0 0 0 0 0 0 0 0 0 0 0 0 0 0 0 0 0 0 0 0 0 0 0 0 0 0 0 0 0 0 0 0 0 0 0 0 0 0 0 0 0 0 0 0 0 0 0 0 0 0 0 0 0 0 0 0 0 0 0 0 0 0 0 0 0 0 0 0 0 0 0 0 16 
Cache Miss Ratio
0.04958927380416256
numOfSets
0
numOfGets
350842
numOfMultiGets
0
