20
0
 0.200000, 0.000000, 0.000000, 11.000000, 149.000000
 283.333333, 12.541176, 1.375294, 1.668235, 3.157647
 285.333333, 10.164720, 0.898364, 1.330607, 2.292056
 346.000000, 11.285164, 1.043353, 1.459538, 2.563584
 348.000000, 10.017241, 0.831418, 1.330460, 2.217433
 284.333333, 9.645955, 0.853458, 1.308324, 2.214537
 314.333333, 9.772004, 0.802757, 1.178155, 2.053022
 300.666667, 9.537694, 0.776053, 1.212860, 2.052106
 336.333333, 9.866204, 0.823588, 1.144698, 2.022795
 350.000000, 9.943810, 0.867619, 1.435238, 2.355238
 304.333333, 9.169770, 0.821468, 1.261774, 2.162103
 354.333333, 9.802446, 0.808090, 1.380056, 2.243650
 372.000000, 10.425627, 0.992832, 1.474910, 2.526882
 358.333333, 10.453023, 0.956279, 1.630698, 2.642791
 332.000000, 9.915663, 0.932731, 1.587349, 2.573293
 375.666667, 10.788820, 0.887311, 1.360248, 2.306122
 335.000000, 9.360199, 0.896517, 1.530348, 2.475622
 349.000000, 10.253104, 0.886342, 1.490926, 2.444126
 372.000000, 9.844086, 0.875448, 1.445341, 2.381720
 367.000000, 10.395095, 0.977293, 1.584015, 2.613079
1
 0.200000, 0.000000, 0.000000, 2.000000, 154.000000
 270.333333, 11.840937, 1.473490, 1.728730, 3.339088
 290.333333, 10.470723, 0.962113, 1.399541, 2.421355
 344.666667, 11.074468, 1.062863, 1.451644, 2.580271
 341.333333, 9.916016, 0.836914, 1.349609, 2.251953
 286.000000, 9.960373, 0.820513, 1.298368, 2.172494
 318.333333, 10.032461, 0.811518, 1.157068, 2.023037
 318.333333, 9.210471, 0.788482, 1.165445, 2.005236
 337.000000, 9.867458, 0.790307, 1.150346, 1.998022
 354.333333, 9.856068, 0.861712, 1.375353, 2.305738
 312.333333, 9.945571, 0.854856, 1.275347, 2.192102
 349.333333, 9.425573, 0.831107, 1.398855, 2.282443
 360.666667, 10.007394, 0.954713, 1.507394, 2.527726
 360.333333, 10.447734, 0.977798, 1.615171, 2.644773
 337.666667, 10.093781, 0.968411, 1.573544, 2.599210
 361.666667, 10.500461, 0.872811, 1.348387, 2.299539
 322.666667, 9.223140, 0.889463, 1.522727, 2.464876
 355.333333, 10.869606, 0.903377, 1.493433, 2.453096
 366.000000, 9.419854, 0.905282, 1.512750, 2.469945
 363.000000, 10.103765, 1.030303, 1.593205, 2.690542
2
 0.200000, 22.000000, 0.000000, 2.000000, 126.000000
 271.333333, 13.009828, 1.356265, 1.754300, 3.266585
 297.000000, 11.171717, 0.959596, 1.354658, 2.375982
 332.000000, 11.227912, 1.053213, 1.489960, 2.611446
 343.333333, 9.970874, 0.826214, 1.331068, 2.213592
 290.333333, 10.307692, 0.917336, 1.284730, 2.258324
 312.333333, 9.500534, 0.818570, 1.166489, 2.044824
 298.000000, 9.398210, 0.787472, 1.236018, 2.095078
 336.000000, 9.879960, 0.819444, 1.129960, 2.001984
 346.666667, 9.234615, 0.872115, 1.420192, 2.341346
 328.666667, 10.014199, 0.840771, 1.206897, 2.102434
 346.333333, 9.767084, 0.852743, 1.422522, 2.329163
 363.000000, 10.146924, 0.957759, 1.511478, 2.524334
 374.666667, 10.942171, 0.999110, 1.555160, 2.623665
 333.000000, 10.192192, 0.941942, 1.588589, 2.604605
 367.666667, 11.097008, 0.922031, 1.380780, 2.360834
 322.000000, 9.348861, 0.984472, 1.520704, 2.560041
 376.000000, 10.600177, 0.887411, 1.393617, 2.342199
 350.666667, 9.127376, 0.859316, 1.518061, 2.445817
 361.666667, 10.470968, 0.961290, 1.579724, 2.591705
3
 0.200000, 24.000000, 0.000000, 11.000000, 127.000000
 277.333333, 12.513221, 1.509615, 1.724760, 3.360577
 295.000000, 10.980791, 0.927684, 1.325424, 2.316384
 335.333333, 11.414513, 1.038767, 1.473161, 2.594433
 335.666667, 9.363456, 0.851043, 1.341609, 2.249255
 297.000000, 10.288440, 0.836139, 1.255892, 2.143659
 317.333333, 9.488445, 0.832983, 1.173319, 2.064076
 322.333333, 9.353671, 0.807653, 1.143744, 2.003102
 340.333333, 9.760039, 0.805093, 1.137120, 1.994123
 355.666667, 9.872540, 0.866917, 1.396439, 2.320525
 323.000000, 10.736842, 0.898865, 1.223942, 2.175439
 347.666667, 9.302013, 0.832215, 1.392138, 2.284756
 363.666667, 10.175069, 0.972502, 1.501375, 2.534372
 359.333333, 10.565863, 0.981447, 1.623377, 2.661410
 333.333333, 9.922000, 0.953000, 1.541000, 2.550000
 340.666667, 10.235812, 0.880626, 1.460861, 2.414873
 335.333333, 9.021869, 0.910537, 1.470179, 2.433400
 328.000000, 10.240854, 0.851626, 1.581301, 2.500000
 356.666667, 9.159813, 0.855140, 1.519626, 2.426168
 357.666667, 9.747437, 0.949674, 1.606710, 2.609506
4
 0.200000, 0.000000, 0.000000, 2.000000, 132.000000
 277.000000, 11.891697, 1.400722, 1.722022, 3.234657
 291.333333, 10.356979, 0.955378, 1.364989, 2.385584
 359.666667, 10.991659, 1.063948, 1.378128, 2.504171
 339.000000, 9.828909, 0.845624, 1.357915, 2.254671
 292.000000, 10.061644, 0.902968, 1.250000, 2.205479
 321.000000, 9.822430, 0.801661, 1.177570, 2.036345
 312.000000, 9.663462, 0.775641, 1.198718, 2.030983
 339.666667, 9.846909, 0.773307, 1.144259, 1.970559
 345.333333, 9.623552, 0.860039, 1.442085, 2.360039
 317.000000, 9.763407, 0.788644, 1.275499, 2.112513
 365.333333, 10.111314, 0.865876, 1.374088, 2.291971
 359.000000, 10.506964, 0.992572, 1.518106, 2.572888
 369.333333, 10.697653, 0.980144, 1.580325, 2.610108
 335.333333, 9.969185, 0.965209, 1.574553, 2.607356
 357.333333, 10.605410, 0.877799, 1.386194, 2.320896
 307.666667, 8.758397, 0.873239, 1.578548, 2.513543
 366.000000, 9.991803, 0.883424, 1.443534, 2.375228
 366.666667, 9.802727, 0.866364, 1.466364, 2.391818
 367.000000, 10.172570, 0.995459, 1.580381, 2.628520
5
 0.200000, 0.000000, 0.000000, 2.000000, 148.000000
 279.000000, 12.882915, 1.488650, 1.752688, 3.375149
 289.333333, 10.776498, 1.016129, 1.387097, 2.467742
 327.666667, 10.885046, 1.065107, 1.519837, 2.657172
 332.000000, 9.904618, 0.820281, 1.356426, 2.246988
 283.000000, 10.091873, 0.858657, 1.309776, 2.254417
 326.666667, 9.592857, 0.813265, 1.143878, 2.009184
 308.666667, 9.397408, 0.791577, 1.184665, 2.035637
 337.666667, 9.888450, 0.783810, 1.145114, 1.981244
 359.000000, 10.148561, 0.850511, 1.377902, 2.280409
 320.666667, 9.834719, 0.886694, 1.252599, 2.191268
 353.333333, 9.300000, 0.828302, 1.391509, 2.271698
 365.000000, 10.263927, 1.009132, 1.498630, 2.566210
 354.333333, 10.463782, 0.979304, 1.636877, 2.676388
 342.000000, 10.415205, 0.984405, 1.558480, 2.595517
 340.000000, 10.433333, 0.884314, 1.460784, 2.404902
 332.333333, 9.080241, 0.912738, 1.481444, 2.453360
 384.333333, 10.368604, 0.912402, 1.372940, 2.333912
 383.333333, 9.920870, 0.884348, 1.420870, 2.352174
 377.333333, 10.546820, 0.980565, 1.555654, 2.586572
6
 0.200000, 23.000000, 0.000000, 12.000000, 122.000000
 276.666667, 12.050602, 1.628916, 1.801205, 3.537349
 306.666667, 10.678261, 0.953261, 1.310870, 2.328261
 340.333333, 11.030362, 1.090108, 1.446621, 2.610186
 343.333333, 9.715534, 0.847573, 1.326214, 2.225243
 291.666667, 10.332571, 0.854857, 1.267429, 2.186286
 307.333333, 9.259219, 0.759219, 1.181128, 1.996746
 307.666667, 9.416035, 0.809317, 1.219935, 2.084507
 331.000000, 9.223565, 0.774421, 1.181269, 2.011078
 348.666667, 9.821224, 0.873805, 1.404398, 2.337476
 320.000000, 9.751042, 0.817708, 1.235417, 2.103125
 344.666667, 9.923598, 0.860735, 1.416828, 2.337524
 350.333333, 9.747859, 0.966698, 1.519505, 2.548049
 356.333333, 10.226380, 0.971936, 1.634238, 2.665108
 320.333333, 9.968783, 0.989594, 1.693028, 2.747138
 348.000000, 10.545977, 0.902299, 1.430077, 2.390805
 324.333333, 9.229188, 0.879753, 1.526208, 2.473792
 383.333333, 10.789565, 0.897391, 1.387826, 2.334783
 377.333333, 9.792403, 0.878975, 1.431095, 2.356890
 368.333333, 10.058824, 1.021719, 1.564706, 2.638009
7
 0.200000, 22.000000, 1.000000, 1.000000, 122.000000
 272.333333, 11.577723, 1.523868, 1.769890, 3.411261
 271.000000, 10.453875, 0.966790, 1.460025, 2.496925
 341.666667, 11.118049, 1.059512, 1.443902, 2.575610
 335.666667, 9.610725, 0.850050, 1.335650, 2.240318
 279.333333, 9.923628, 0.903341, 1.309069, 2.275656
 319.333333, 9.686848, 0.789144, 1.164927, 2.009395
 309.000000, 8.933118, 0.807983, 1.184466, 2.055016
 336.333333, 9.954410, 0.779980, 1.140733, 1.987116
 353.666667, 9.649387, 0.861451, 1.377003, 2.298775
 319.333333, 10.610647, 0.863257, 1.270355, 2.197286
 344.333333, 9.757018, 0.807357, 1.400774, 2.267183
 360.333333, 9.703978, 0.971323, 1.502313, 2.533765
 375.333333, 11.203375, 0.964476, 1.575488, 2.593250
 348.666667, 11.245698, 0.970363, 1.529637, 2.547801
 346.000000, 10.664740, 0.944123, 1.465318, 2.473025
 325.333333, 9.230533, 0.921107, 1.515369, 2.492828
 359.000000, 10.135562, 0.896007, 1.449396, 2.410399
 347.666667, 9.421860, 0.866731, 1.558965, 2.477469
 360.000000, 10.030556, 0.956481, 1.624074, 2.635185
8
 0.200000, 0.000000, 2.000000, 1.000000, 137.000000
 261.666667, 11.963057, 1.310828, 1.783439, 3.224204
 286.333333, 10.634459, 0.938300, 1.388824, 2.385332
 358.000000, 11.495345, 1.091248, 1.380819, 2.540037
 339.333333, 9.594303, 0.816306, 1.333988, 2.205305
 283.000000, 9.934040, 0.870436, 1.339223, 2.269729
 321.666667, 9.532642, 0.795855, 1.148187, 2.020725
 305.000000, 9.041530, 0.779235, 1.170492, 2.016393
 332.333333, 9.823470, 0.820461, 1.165496, 2.051153
 363.333333, 10.073394, 0.890826, 1.380734, 2.323853
 327.000000, 10.212029, 0.817533, 1.215087, 2.087666
 355.000000, 9.630986, 0.798122, 1.393427, 2.245070
 365.333333, 10.274635, 0.953467, 1.500000, 2.509124
 359.333333, 10.352505, 0.974026, 1.633581, 2.663265
 337.333333, 10.410079, 0.958498, 1.581028, 2.610672
 362.000000, 10.279926, 0.889503, 1.360958, 2.311234
 307.000000, 9.029316, 0.902280, 1.580890, 2.546145
 331.000000, 10.206445, 0.919436, 1.617321, 2.603223
 344.000000, 9.065891, 0.903101, 1.578488, 2.541667
 360.333333, 10.172063, 0.972248, 1.609621, 2.637373
9
 0.200000, 25.000000, 2.000000, 11.000000, 122.000000
 271.666667, 11.530061, 1.494479, 1.680982, 3.304294
 303.666667, 10.969265, 0.996707, 1.319429, 2.372119
 356.000000, 12.243446, 1.064607, 1.425094, 2.546816
 340.666667, 9.893346, 0.786693, 1.304305, 2.165362
 282.666667, 9.402123, 0.872642, 1.341981, 2.271226
 335.333333, 9.926441, 0.803181, 1.133201, 1.986083
 306.666667, 9.071739, 0.786957, 1.184783, 2.027174
 320.666667, 9.206861, 0.799376, 1.188150, 2.055094
 356.000000, 10.080524, 0.867041, 1.401685, 2.331461
 322.333333, 9.885212, 0.920372, 1.274043, 2.250259
 355.333333, 9.800188, 0.841463, 1.387430, 2.287992
 342.666667, 9.989300, 0.987354, 1.585603, 2.650778
 372.333333, 11.017010, 0.973142, 1.593554, 2.615040
 344.000000, 10.668605, 0.972868, 1.569767, 2.597868
 354.333333, 11.079022, 0.887112, 1.434619, 2.388523
 341.000000, 9.194526, 0.909091, 1.465298, 2.426197
 360.000000, 10.458333, 0.919444, 1.490741, 2.464815
 360.333333, 9.838113, 0.896392, 1.506013, 2.466235
 355.000000, 10.434742, 0.966197, 1.655399, 2.681690
10
 0.200000, 22.000000, 2.000000, 1.000000, 121.000000
 303.000000, 12.992299, 1.401540, 1.586359, 3.146315
 298.000000, 10.741611, 0.930649, 1.345638, 2.331096
 344.000000, 11.085271, 1.085271, 1.472868, 2.615310
 346.333333, 10.482194, 0.821944, 1.294514, 2.178056
 289.666667, 9.743383, 0.882624, 1.275029, 2.209436
 331.000000, 9.753273, 0.807654, 1.141994, 2.000000
 310.000000, 9.500000, 0.779570, 1.192473, 2.034409
 332.000000, 9.547189, 0.790161, 1.167671, 2.014056
 350.333333, 9.633682, 0.867745, 1.383444, 2.305423
 306.333333, 9.524483, 0.820457, 1.273123, 2.152339
 363.666667, 9.979835, 0.846013, 1.382218, 2.277727
 359.666667, 10.119555, 0.967563, 1.532901, 2.550510
 365.000000, 10.890411, 0.979909, 1.626484, 2.657534
 354.000000, 10.575330, 0.973635, 1.501883, 2.528249
 361.000000, 10.831025, 0.875346, 1.391505, 2.325946
 331.000000, 9.046324, 0.882175, 1.492447, 2.423968
 352.666667, 10.393195, 0.898866, 1.495274, 2.463138
 353.666667, 9.232799, 0.909519, 1.514609, 2.490104
 350.000000, 9.575238, 0.970476, 1.636190, 2.672381
11
 0.200000, 22.000000, 2.000000, 10.000000, 120.000000
 285.333333, 11.943925, 1.554907, 1.634346, 3.300234
 268.000000, 9.949005, 0.961443, 1.412935, 2.445274
 335.000000, 11.043781, 1.040796, 1.477612, 2.586070
 344.333333, 9.745402, 0.808325, 1.293320, 2.161665
 287.000000, 9.977933, 0.846690, 1.296167, 2.196283
 315.666667, 9.315734, 0.782471, 1.173178, 2.032735
 313.000000, 9.445154, 0.823216, 1.205538, 2.090522
 331.666667, 9.796985, 0.853266, 1.176884, 2.087437
 358.666667, 9.794610, 0.878253, 1.384758, 2.316914
 315.000000, 9.915344, 0.866667, 1.226455, 2.154497
 360.666667, 9.736599, 0.862292, 1.372458, 2.283734
 367.333333, 10.041742, 0.986388, 1.494555, 2.530853
 358.666667, 10.658922, 0.973978, 1.622677, 2.668216
 331.000000, 10.029204, 0.938570, 1.583082, 2.573011
 351.333333, 9.951613, 0.865275, 1.406072, 2.346300
 319.333333, 9.098121, 0.889353, 1.513570, 2.459290
 321.666667, 9.650777, 0.887047, 1.609326, 2.562694
 343.666667, 8.848691, 0.865179, 1.559651, 2.481086
 354.000000, 9.673258, 0.978343, 1.630885, 2.671375
12
 0.200000, 20.000000, 2.000000, 0.000000, 107.000000
 256.333333, 11.239272, 1.573472, 1.789337, 3.504551
 293.666667, 10.674234, 0.943246, 1.314415, 2.320091
 333.333333, 10.852000, 1.083000, 1.483000, 2.633000
 339.666667, 9.713445, 0.840039, 1.354269, 2.249264
 276.333333, 9.492159, 0.858866, 1.330519, 2.244873
 320.666667, 9.919958, 0.825364, 1.156965, 2.039501
 315.000000, 10.111111, 0.797884, 1.206349, 2.059259
 333.000000, 9.546547, 0.808809, 1.165165, 2.023023
 353.666667, 9.754006, 0.880302, 1.392083, 2.326107
 317.000000, 9.721346, 0.830705, 1.233438, 2.137750
 361.666667, 9.767742, 0.870968, 1.368664, 2.293088
 350.666667, 10.195817, 1.000951, 1.538973, 2.607414
 365.000000, 10.852055, 0.972603, 1.593607, 2.620091
 333.000000, 10.891892, 0.963964, 1.594595, 2.621622
 359.666667, 10.819277, 0.891566, 1.415199, 2.363299
 331.666667, 9.839196, 0.905528, 1.514573, 2.469347
 334.333333, 9.782652, 0.917248, 1.555334, 2.533400
 353.666667, 9.509896, 0.864279, 1.547597, 2.472196
 348.333333, 9.874641, 1.031579, 1.645933, 2.744498
13
 0.200000, 6.000000, 2.000000, 0.000000, 128.000000
 260.000000, 11.891026, 1.324359, 1.792308, 3.229487
 285.666667, 10.379230, 0.954492, 1.408401, 2.425904
 348.000000, 11.451149, 1.081418, 1.431992, 2.579502
 336.666667, 9.249505, 0.827723, 1.331683, 2.222772
 284.333333, 9.215709, 0.871043, 1.304807, 2.223916
 322.333333, 9.446743, 0.827301, 1.153051, 2.032058
 324.666667, 9.323409, 0.793634, 1.135524, 1.984600
 334.000000, 9.672655, 0.832335, 1.175649, 2.063872
 359.000000, 9.693593, 0.840297, 1.378830, 2.279480
 318.000000, 9.950734, 0.833333, 1.255765, 2.147799
 358.000000, 9.530726, 0.850093, 1.387337, 2.291434
 362.000000, 9.620626, 0.999079, 1.532228, 2.584715
 369.666667, 10.330929, 1.012624, 1.568079, 2.640216
 328.666667, 9.838742, 0.966531, 1.595335, 2.611562
 346.000000, 10.606936, 0.887283, 1.421002, 2.379576
 317.000000, 9.097792, 0.864353, 1.546793, 2.475289
 336.000000, 10.195437, 0.937500, 1.581349, 2.576389
 340.333333, 9.109696, 0.880509, 1.583741, 2.532811
 351.666667, 10.576303, 0.967773, 1.642654, 2.675829
14
 0.200000, 0.000000, 2.000000, 2.000000, 134.000000
 271.333333, 12.105651, 1.351351, 1.796069, 3.260442
 292.666667, 11.241458, 0.971526, 1.376993, 2.403189
 343.333333, 10.720388, 1.069903, 1.449515, 2.583495
 336.000000, 9.696429, 0.869048, 1.347222, 2.275794
 291.666667, 10.027429, 0.872000, 1.267429, 2.194286
 320.333333, 9.612903, 0.831426, 1.172737, 2.054110
 312.666667, 9.222814, 0.801706, 1.184435, 2.037313
 334.666667, 9.654382, 0.788845, 1.168327, 2.019920
 354.333333, 9.955786, 0.865475, 1.388523, 2.311383
 323.000000, 10.038184, 0.858617, 1.220846, 2.140351
 363.000000, 9.861341, 0.832874, 1.362718, 2.243343
 338.666667, 9.711614, 0.913386, 1.574803, 2.565945
 360.000000, 10.447222, 0.978704, 1.617593, 2.666667
 332.666667, 10.477956, 0.950902, 1.559118, 2.569138
 359.000000, 10.364903, 0.888579, 1.362117, 2.311978
 332.333333, 9.234704, 0.910732, 1.489468, 2.454363
 368.000000, 10.612319, 0.910326, 1.451993, 2.411232
 347.666667, 9.066155, 0.861937, 1.581975, 2.504314
 371.666667, 10.222422, 0.990135, 1.564126, 2.613453
15
 0.200000, 0.000000, 2.000000, 5.000000, 141.000000
 292.666667, 13.100228, 1.408884, 1.657175, 3.193622
 283.333333, 9.578824, 0.937647, 1.374118, 2.364706
 354.333333, 11.141110, 1.071496, 1.428034, 2.565381
 331.666667, 9.477387, 0.829146, 1.372864, 2.262312
 287.000000, 10.150987, 0.907085, 1.269454, 2.234611
 334.666667, 10.072709, 0.801793, 1.132470, 1.983068
 325.666667, 9.689867, 0.823951, 1.165814, 2.045036
 335.000000, 10.169154, 0.781095, 1.159204, 1.990050
 348.666667, 9.120459, 0.842256, 1.379541, 2.278203
 313.333333, 9.430851, 0.803191, 1.251064, 2.105319
 358.333333, 9.809302, 0.793488, 1.362791, 2.225116
 362.666667, 10.236213, 0.961397, 1.489890, 2.529412
 359.000000, 10.875580, 0.991643, 1.625812, 2.691736
 334.666667, 10.264940, 0.969124, 1.594622, 2.621514
 343.000000, 10.424684, 0.865889, 1.423712, 2.354713
 326.333333, 9.201226, 0.944842, 1.498468, 2.501532
 361.666667, 11.015668, 0.915207, 1.470046, 2.451613
 354.666667, 9.276316, 0.894737, 1.542293, 2.489662
 347.000000, 9.692603, 0.952930, 1.646494, 2.665706
16
 0.200000, 0.000000, 2.000000, 0.000000, 135.000000
 285.666667, 12.257876, 1.410735, 1.660443, 3.212369
 285.666667, 10.283547, 0.896149, 1.386231, 2.345391
 329.666667, 10.242669, 1.064712, 1.439838, 2.589484
 343.000000, 10.324587, 0.816327, 1.290573, 2.170068
 283.333333, 9.500000, 0.851765, 1.336471, 2.245882
 320.333333, 9.945890, 0.793965, 1.164412, 2.013528
 302.333333, 9.471885, 0.805954, 1.243660, 2.112459
 335.666667, 9.539225, 0.824230, 1.163853, 2.046673
 346.000000, 9.486513, 0.875723, 1.406551, 2.339114
 320.666667, 9.998960, 0.839917, 1.262994, 2.156965
 369.000000, 10.085818, 0.828365, 1.352304, 2.228546
 363.666667, 10.204400, 0.961503, 1.487626, 2.527956
 365.333333, 10.335766, 0.990876, 1.572080, 2.621350
 342.666667, 10.319066, 0.954280, 1.565175, 2.575875
 365.666667, 10.317229, 0.897903, 1.382862, 2.341841
 330.000000, 9.097980, 0.887879, 1.469697, 2.408081
 346.333333, 10.155919, 0.882579, 1.500481, 2.451396
 341.000000, 9.246334, 0.919844, 1.571848, 2.560117
 355.333333, 9.792683, 0.956848, 1.616323, 2.636023
17
 0.200000, 0.000000, 1.000000, 4.000000, 145.000000
 294.333333, 12.012458, 1.382786, 1.631937, 3.126840
 296.666667, 10.484270, 0.977528, 1.238202, 2.278652
 345.333333, 11.370656, 1.070463, 1.469112, 2.598456
 329.666667, 9.802831, 0.847321, 1.355915, 2.271992
 286.000000, 9.686480, 0.843823, 1.285548, 2.184149
 315.333333, 9.385835, 0.813953, 1.202960, 2.069767
 317.000000, 9.206099, 0.770768, 1.132492, 1.962145
 332.333333, 9.869609, 0.758275, 1.176530, 2.004012
 354.333333, 9.549389, 0.861712, 1.402634, 2.320790
 316.666667, 10.223158, 0.951579, 1.245263, 2.253684
 358.666667, 9.723048, 0.818773, 1.381041, 2.257435
 344.666667, 9.518375, 0.941973, 1.568665, 2.558027
 349.333333, 10.366412, 0.944656, 1.631679, 2.638359
 319.000000, 9.977011, 0.913271, 1.659352, 2.633229
 355.333333, 10.430582, 0.886492, 1.382739, 2.333959
 325.666667, 8.960082, 0.921187, 1.513818, 2.490276
 380.333333, 10.720421, 0.918493, 1.387379, 2.357581
 374.333333, 10.005343, 0.863758, 1.472841, 2.383793
 381.000000, 10.809274, 1.027122, 1.520560, 2.595801
18
 0.200000, 23.000000, 1.000000, 1.000000, 125.000000
 290.000000, 13.213793, 1.658621, 1.732184, 3.502299
 303.666667, 10.959385, 0.954995, 1.326015, 2.339188
 338.666667, 10.490157, 1.070866, 1.444882, 2.586614
 344.666667, 9.676983, 0.822050, 1.312379, 2.191489
 284.666667, 9.867681, 0.818501, 1.293911, 2.169789
 303.666667, 9.360044, 0.785950, 1.221734, 2.069155
 308.666667, 9.420086, 0.794816, 1.174946, 2.033477
 339.000000, 9.077679, 0.771878, 1.154376, 1.981318
 353.333333, 9.876415, 0.865094, 1.389623, 2.305660
 322.333333, 9.826267, 0.813857, 1.224405, 2.086867
 350.333333, 9.830637, 0.839201, 1.402474, 2.293054
 341.666667, 10.074146, 1.000976, 1.601951, 2.665366
 341.333333, 10.258789, 0.978516, 1.689453, 2.727539
 330.666667, 9.948589, 0.947581, 1.576613, 2.588710
 354.000000, 10.490584, 0.910546, 1.397363, 2.381356
 329.000000, 9.008105, 0.922999, 1.482270, 2.460993
 376.333333, 10.761736, 0.939770, 1.417183, 2.411869
 377.000000, 9.274978, 0.900088, 1.445623, 2.395225
 379.000000, 10.649956, 0.960422, 1.558487, 2.569921
19
 0.200000, 22.000000, 1.000000, 0.000000, 117.000000
 294.333333, 12.493771, 1.571914, 1.620612, 3.342016
 285.333333, 10.572430, 0.926402, 1.382009, 2.373832
 336.000000, 10.547619, 1.047619, 1.470238, 2.588294
 335.666667, 9.342602, 0.870904, 1.338630, 2.266137
 278.666667, 9.942584, 0.842105, 1.284689, 2.187799
 326.333333, 9.464760, 0.808989, 1.149132, 2.017365
 321.000000, 9.797508, 0.800623, 1.171340, 2.029076
 329.000000, 9.826748, 0.761905, 1.180344, 1.992908
 363.000000, 10.278237, 0.879706, 1.355372, 2.287420
 317.000000, 9.903260, 0.827550, 1.248160, 2.131441
 356.666667, 9.841121, 0.850467, 1.375701, 2.280374
 355.333333, 9.791745, 0.983114, 1.537523, 2.576923
 366.666667, 10.680909, 0.962727, 1.600909, 2.620909
 337.333333, 10.031621, 0.968379, 1.576087, 2.606719
 364.333333, 10.731930, 0.879231, 1.372370, 2.318390
 333.000000, 9.252252, 0.923924, 1.445445, 2.431431
 364.333333, 10.215005, 0.863678, 1.451967, 2.368710
 360.333333, 8.943571, 0.875116, 1.516189, 2.450509
 362.666667, 10.034926, 0.968750, 1.606618, 2.626838
20
 0.200000, 22.000000, 1.000000, 0.000000, 124.000000
 279.000000, 11.917563, 1.517324, 1.694146, 3.321386
 306.666667, 11.708696, 0.948913, 1.359783, 2.357609
 354.333333, 12.296331, 1.103481, 1.407338, 2.587018
 355.666667, 10.339269, 0.839738, 1.269916, 2.166823
 297.333333, 10.614350, 0.874439, 1.254484, 2.191704
 327.333333, 9.837067, 0.799389, 1.155804, 2.004073
 323.000000, 9.491228, 0.826625, 1.182663, 2.065015
 338.000000, 9.518738, 0.812623, 1.146943, 2.011834
 362.333333, 9.780129, 0.863845, 1.351426, 2.264949
 316.000000, 9.703586, 0.815401, 1.226793, 2.110759
 370.666667, 9.912770, 0.883094, 1.327338, 2.261691
 347.666667, 9.883030, 0.982742, 1.582934, 2.635666
 380.333333, 10.893076, 0.971954, 1.531113, 2.556529
 325.333333, 10.269467, 0.953893, 1.629098, 2.645492
 346.000000, 10.367052, 0.896917, 1.472062, 2.426782
 314.666667, 8.951271, 0.902542, 1.546610, 2.510593
 335.333333, 10.389662, 0.894632, 1.565606, 2.530815
 344.666667, 9.634429, 0.878143, 1.566731, 2.512573
 352.333333, 9.890255, 0.995270, 1.634816, 2.684957
21
 0.200000, 22.000000, 2.000000, 0.000000, 116.000000
 280.333333, 12.060642, 1.590963, 1.686088, 3.411415
 285.666667, 10.367561, 0.967328, 1.403734, 2.438740
 345.333333, 11.473938, 1.030888, 1.432432, 2.531853
 344.333333, 9.910939, 0.848984, 1.325266, 2.240077
 301.000000, 9.971207, 0.831672, 1.272425, 2.160576
 332.000000, 9.841365, 0.804217, 1.137550, 1.997992
 310.666667, 9.640558, 0.800429, 1.193133, 2.050429
 340.666667, 9.675147, 0.813112, 1.148728, 2.017613
 355.000000, 9.888263, 0.864789, 1.397183, 2.314554
 317.333333, 9.706933, 0.842437, 1.250000, 2.151261
 348.333333, 9.899522, 0.828708, 1.404785, 2.289952
 363.666667, 10.126489, 0.954170, 1.498625, 2.506874
 360.333333, 10.082331, 0.969473, 1.617021, 2.649399
 340.333333, 11.209598, 0.960823, 1.550441, 2.564153
 350.666667, 11.387833, 0.880228, 1.445817, 2.391635
 321.000000, 8.861890, 0.886812, 1.505711, 2.460021
 362.666667, 10.644301, 0.898897, 1.460478, 2.407169
 358.666667, 9.336431, 0.926580, 1.492565, 2.480483
 359.333333, 9.606679, 0.996289, 1.591837, 2.644712
22
 0.200000, 0.000000, 7.000000, 0.000000, 132.000000
 277.666667, 12.121248, 1.415366, 1.720288, 3.248499
 292.000000, 10.478311, 0.955479, 1.377854, 2.392694
 335.333333, 10.556660, 1.048708, 1.487078, 2.601392
 341.333333, 10.518555, 0.848633, 1.320313, 2.230469
 289.333333, 9.985023, 0.872120, 1.312212, 2.235023
 334.000000, 9.785429, 0.812375, 1.120758, 1.984032
 309.000000, 9.453074, 0.801510, 1.181230, 2.047465
 326.666667, 9.359184, 0.805102, 1.175510, 2.037755
 362.666667, 10.205882, 0.849265, 1.369485, 2.273897
 324.333333, 10.672148, 0.935252, 1.234327, 2.224049
 361.000000, 9.648199, 0.829178, 1.375808, 2.251154
 375.000000, 10.256889, 1.003556, 1.450667, 2.521778
 366.000000, 10.520947, 0.972678, 1.608379, 2.636612
 340.000000, 10.191176, 0.943137, 1.538235, 2.543137
 365.333333, 10.848540, 0.844891, 1.411496, 2.333029
 331.333333, 9.362173, 0.930584, 1.504024, 2.490946
 361.666667, 10.694009, 0.911521, 1.459908, 2.422120
 364.666667, 9.491773, 0.891225, 1.495430, 2.443327
 352.333333, 10.074740, 0.968780, 1.637654, 2.671712
23
 0.200000, 13.000000, 9.000000, 0.000000, 124.000000
 291.333333, 12.884439, 1.506865, 1.691076, 3.292906
 277.666667, 10.575030, 0.979592, 1.426170, 2.464586
 325.666667, 10.931423, 1.087001, 1.516888, 2.667349
 334.000000, 9.948104, 0.841317, 1.359281, 2.269461
 290.333333, 9.438576, 0.863375, 1.290471, 2.207807
 322.333333, 9.764219, 0.794209, 1.142709, 1.995863
 315.000000, 9.662434, 0.815873, 1.187302, 2.068783
 324.666667, 9.145791, 0.793634, 1.197125, 2.046201
 360.000000, 10.209259, 0.849074, 1.412037, 2.311111
 329.333333, 10.200405, 0.832996, 1.214575, 2.105263
 351.666667, 10.367773, 0.841706, 1.403791, 2.301422
 375.666667, 10.737356, 0.987578, 1.483585, 2.526176
 368.666667, 10.407776, 0.992767, 1.570524, 2.650090
 336.333333, 10.853320, 0.951437, 1.565907, 2.572844
 358.666667, 10.776022, 0.864312, 1.446097, 2.366171
 313.666667, 9.391073, 0.910733, 1.552604, 2.531350
 339.666667, 10.469087, 0.920510, 1.549558, 2.528950
 355.333333, 9.208255, 0.884615, 1.532833, 2.473734
 357.333333, 10.337687, 0.957090, 1.617537, 2.637127
24
 0.200000, 3.000000, 12.000000, 2.000000, 125.000000
 262.333333, 11.501906, 1.306226, 1.789072, 3.251588
 300.000000, 10.260000, 0.994444, 1.336667, 2.381111
 343.000000, 11.203110, 1.064140, 1.448008, 2.578231
 337.333333, 9.950593, 0.815217, 1.333004, 2.212451
 288.333333, 9.198844, 0.870520, 1.272832, 2.189595
 324.000000, 9.548354, 0.799383, 1.169753, 2.025720
 308.666667, 10.039957, 0.799136, 1.186825, 2.043197
 339.333333, 9.700393, 0.796660, 1.149312, 1.996071
 352.666667, 9.504726, 0.839319, 1.393195, 2.292060
 316.666667, 9.369474, 0.824211, 1.240000, 2.130526
 359.333333, 10.041744, 0.846011, 1.387755, 2.282004
 363.000000, 10.154270, 0.981635, 1.507805, 2.541781
 359.333333, 10.270872, 0.965677, 1.614100, 2.646568
 328.000000, 10.171748, 0.952236, 1.585366, 2.589431
 351.333333, 10.498102, 0.888046, 1.430740, 2.388994
 321.666667, 9.288083, 0.893264, 1.552332, 2.506736
 360.000000, 10.605556, 0.928704, 1.453704, 2.446296
 369.333333, 9.477437, 0.870036, 1.460289, 2.387184
 353.666667, 10.002828, 0.985862, 1.636192, 2.688973
25
 0.200000, 22.000000, 12.000000, 13.000000, 115.000000
 281.000000, 12.175563, 1.550415, 1.629893, 3.301305
 301.333333, 10.852876, 0.983407, 1.332965, 2.367257
 343.333333, 11.131068, 1.022330, 1.445631, 2.542718
 335.333333, 9.459245, 0.821074, 1.339960, 2.221670
 283.000000, 9.987044, 0.859835, 1.303887, 2.222615
 318.333333, 9.512042, 0.786387, 1.167539, 2.008377
 309.666667, 9.258342, 0.777180, 1.200215, 2.036598
 323.666667, 9.155510, 0.798146, 1.175077, 2.027806
 343.000000, 9.295432, 0.863946, 1.402332, 2.320700
 316.000000, 9.797468, 0.832278, 1.244726, 2.135021
 349.000000, 9.248329, 0.836676, 1.396371, 2.284623
 351.000000, 10.078822, 0.945869, 1.584995, 2.591643
 355.000000, 9.970892, 0.963380, 1.639437, 2.661033
 335.333333, 10.554672, 0.912525, 1.598410, 2.574553
 358.333333, 10.695814, 0.846512, 1.419535, 2.327442
 336.000000, 9.274802, 0.901786, 1.493056, 2.447421
 386.000000, 10.820380, 0.931779, 1.367012, 2.358377
 380.000000, 9.472807, 0.893860, 1.447368, 2.394737
 389.666667, 10.823781, 1.038494, 1.492729, 2.596236
26
 0.200000, 0.000000, 11.000000, 11.000000, 131.000000
 278.666667, 12.001196, 1.375598, 1.772727, 3.264354
 303.666667, 11.448957, 0.987925, 1.353458, 2.407245
 340.666667, 11.521526, 1.043053, 1.477495, 2.579256
 347.333333, 10.081574, 0.836852, 1.298464, 2.200576
 283.333333, 9.417647, 0.870588, 1.322353, 2.243529
 331.333333, 10.100604, 0.807847, 1.112676, 1.978873
 314.666667, 9.353814, 0.786017, 1.204449, 2.040254
 333.000000, 9.913914, 0.782783, 1.175175, 2.011011
 360.000000, 10.375000, 0.838889, 1.385185, 2.278704
 324.666667, 10.302875, 0.911704, 1.253593, 2.219713
 351.000000, 9.841406, 0.832858, 1.421652, 2.308642
 352.000000, 10.018939, 0.985795, 1.556818, 2.605114
 360.666667, 10.511091, 0.965804, 1.611830, 2.637708
 333.333333, 10.148000, 0.958000, 1.576000, 2.613000
 363.666667, 10.739688, 0.898258, 1.391384, 2.341888
 306.000000, 8.848584, 0.866013, 1.598039, 2.542484
 335.666667, 9.377358, 0.892751, 1.563059, 2.524330
 344.000000, 9.113372, 0.872093, 1.584302, 2.514535
 360.666667, 10.632163, 0.982440, 1.619224, 2.665434
27
 0.200000, 22.000000, 11.000000, 0.000000, 115.000000
 283.333333, 12.314118, 1.494118, 1.636471, 3.254118
 299.333333, 11.053452, 0.956570, 1.346325, 2.363029
 333.333333, 10.831000, 1.031000, 1.493000, 2.598000
 339.000000, 9.490659, 0.832842, 1.311701, 2.197640
 281.333333, 9.453791, 0.842417, 1.299763, 2.197867
 322.000000, 9.492754, 0.792961, 1.178054, 2.026915
 317.333333, 9.855042, 0.783613, 1.170168, 2.009454
 333.000000, 9.422422, 0.774775, 1.154154, 1.990991
 357.666667, 9.584343, 0.851817, 1.367195, 2.278658
 308.333333, 9.763243, 0.875676, 1.264865, 2.204324
 365.666667, 10.278943, 0.856882, 1.366454, 2.276208
 371.000000, 10.387242, 0.973944, 1.494160, 2.527403
 369.333333, 10.639892, 0.996390, 1.580325, 2.631769
 337.000000, 10.434224, 0.916914, 1.565776, 2.535114
 367.333333, 11.013612, 0.844828, 1.411071, 2.312160
 314.666667, 8.930085, 0.917373, 1.583686, 2.560381
 347.000000, 10.306436, 0.904899, 1.504323, 2.471662
 368.333333, 9.718552, 0.899548, 1.474208, 2.428959
 346.666667, 10.017308, 0.956731, 1.647115, 2.668269
28
 0.200000, 23.000000, 11.000000, 12.000000, 115.000000
 292.666667, 12.726651, 1.487472, 1.683371, 3.304100
 300.666667, 11.000000, 1.003326, 1.372506, 2.426829
 345.333333, 10.900579, 1.067568, 1.429537, 2.564672
 344.000000, 9.600775, 0.810078, 1.322674, 2.185078
 292.333333, 10.116306, 0.876853, 1.230331, 2.158495
 325.000000, 9.708718, 0.817436, 1.154872, 2.029744
 315.333333, 9.763214, 0.785412, 1.171247, 2.013742
 336.000000, 9.450397, 0.783730, 1.156746, 2.001984
 349.000000, 9.319007, 0.836676, 1.396371, 2.289398
 321.666667, 10.493264, 0.847668, 1.235233, 2.145078
 349.666667, 9.329838, 0.819828, 1.382269, 2.252622
 325.000000, 9.865641, 0.992821, 1.621538, 2.708718
 363.000000, 10.426997, 0.988981, 1.603306, 2.647383
 338.000000, 10.043393, 0.942801, 1.552268, 2.553254
 354.666667, 10.615602, 0.892857, 1.407895, 2.369361
 327.000000, 8.969419, 0.887870, 1.502548, 2.466871
 393.333333, 10.580508, 0.927966, 1.361017, 2.335593
 379.666667, 10.124671, 0.892888, 1.450395, 2.395083
 372.333333, 10.212175, 0.984781, 1.578335, 2.632050
29
 0.200000, 0.000000, 20.000000, 3.000000, 128.000000
 272.666667, 12.070905, 1.348411, 1.704156, 3.169927
 304.333333, 11.119387, 0.969332, 1.366922, 2.391019
 345.000000, 11.506280, 1.051208, 1.447343, 2.566184
 332.666667, 9.649299, 0.847695, 1.343687, 2.249499
 273.666667, 9.528624, 0.858709, 1.331303, 2.243605
 319.666667, 9.507821, 0.783107, 1.161627, 1.994786
 304.333333, 9.308872, 0.800657, 1.200438, 2.062432
 331.000000, 9.198389, 0.784491, 1.177241, 2.016113
 350.333333, 9.566127, 0.828735, 1.388202, 2.274025
 318.333333, 10.084817, 0.861780, 1.271204, 2.183246
 355.000000, 10.149296, 0.808451, 1.381221, 2.242254
 358.333333, 9.702326, 0.947907, 1.519070, 2.520930
 358.000000, 10.382682, 0.971136, 1.644320, 2.686220
 332.000000, 10.593373, 0.955823, 1.587349, 2.601406
 351.000000, 10.308642, 0.863248, 1.385565, 2.322887
 327.000000, 9.212029, 0.871560, 1.482161, 2.407747
 386.000000, 10.579447, 0.917098, 1.376511, 2.346287
 374.000000, 9.261141, 0.931373, 1.446524, 2.424242
 377.666667, 10.189762, 1.005296, 1.534863, 2.594881
30
 0.200000, 20.000000, 23.000000, 1.000000, 101.000000
 284.000000, 13.021127, 1.507042, 1.617371, 3.276995
 296.666667, 10.796629, 0.950562, 1.358427, 2.370787
 323.333333, 11.136082, 1.038144, 1.468041, 2.590722
 356.000000, 10.230337, 0.844569, 1.296816, 2.194757
 278.666667, 9.366029, 0.851675, 1.300239, 2.210526
 323.666667, 9.353244, 0.817714, 1.155510, 2.031926
 315.000000, 9.518519, 0.793651, 1.176720, 2.025397
 324.666667, 8.857290, 0.842916, 1.182752, 2.080082
 354.666667, 9.614662, 0.883459, 1.380639, 2.317669
 317.000000, 9.657203, 0.867508, 1.226078, 2.152471
 353.333333, 9.883019, 0.844340, 1.382075, 2.284906
 358.000000, 10.247672, 1.013966, 1.523277, 2.598696
 358.666667, 10.348513, 0.954461, 1.602230, 2.612454
 335.000000, 10.238806, 0.967164, 1.573134, 2.601990
 342.333333, 10.052580, 0.879260, 1.435248, 2.385589
 316.333333, 9.628030, 0.891465, 1.540569, 2.491043
 383.333333, 11.216522, 0.932174, 1.365217, 2.358261
 378.333333, 9.697797, 0.874009, 1.452863, 2.390308
 378.333333, 10.737445, 0.989427, 1.546256, 2.580617
31
 0.200000, 22.000000, 26.000000, 4.000000, 114.000000
 286.666667, 13.204651, 1.510465, 1.677907, 3.279070
 300.666667, 10.609756, 0.981153, 1.330377, 2.373614
 346.666667, 11.221154, 1.081731, 1.454808, 2.607692
 352.000000, 10.195076, 0.824811, 1.262311, 2.159091
 282.000000, 9.418440, 0.830969, 1.313239, 2.193853
 318.666667, 9.456067, 0.792887, 1.179916, 2.031381
 321.666667, 9.830052, 0.779275, 1.157513, 1.995855
 332.666667, 9.089178, 0.786573, 1.168337, 2.016032
 356.333333, 9.828812, 0.860617, 1.380730, 2.295603
 315.333333, 9.389006, 0.855180, 1.237844, 2.150106
 354.333333, 9.438382, 0.857008, 1.382879, 2.294450
 364.333333, 9.914913, 0.970723, 1.502287, 2.521500
 377.333333, 10.954064, 0.965548, 1.536219, 2.564488
 332.666667, 9.865731, 0.924850, 1.581162, 2.571142
 353.666667, 10.680490, 0.888784, 1.403393, 2.356268
 336.000000, 9.311508, 0.930556, 1.470238, 2.453373
 375.333333, 10.588810, 0.907638, 1.415631, 2.371226
 376.666667, 9.328319, 0.863717, 1.433628, 2.352212
 375.666667, 10.291038, 0.975155, 1.535936, 2.566992
Histogram
0 0 0 0 0 0 0 0 0 0 0 0 0 0 0 0 0 0 0 21 76 50 89 92 65 102 77 4 0 0 0 5 13 9 2 3 0 0 0 0 0 0 0 0 0 0 0 0 0 0 0 0 0 0 0 0 0 0 0 0 0 0 0 0 0 0 0 0 0 0 0 0 0 0 0 0 0 0 0 0 0 0 0 0 0 0 0 0 0 0 0 0 0 0 0 0 0 0 0 0 0 0 0 0 0 0 0 0 0 0 0 0 0 0 0 0 0 0 0 32 
Cache Miss Ratio
0.042283625840880905
numOfSets
0
numOfGets
638616
numOfMultiGets
0
