20
0
 0.200000, 0.000000, 0.000000, 0.000000, 394.000000
 148.666667, 9.100897, 0.959641, 1.739910, 2.845291
 168.333333, 8.467327, 1.089109, 1.645545, 2.800000
 162.333333, 6.540041, 0.720739, 1.648871, 2.437372
 171.666667, 7.788350, 0.829126, 1.625243, 2.522330
 179.333333, 7.602230, 0.674721, 1.756506, 2.513011
 173.000000, 7.527938, 0.813102, 1.701349, 2.581888
 166.333333, 7.090180, 0.787575, 1.595190, 2.450902
 167.666667, 7.749503, 0.825050, 1.574553, 2.469185
 174.666667, 6.574427, 0.721374, 2.572519, 3.356870
 171.000000, 6.645224, 0.701754, 1.725146, 2.499025
 171.333333, 7.737354, 0.671206, 1.815175, 2.550584
 182.000000, 7.520147, 0.782051, 2.346154, 3.195971
 167.666667, 7.135189, 0.691849, 1.689861, 2.475149
 185.666667, 6.856373, 0.631957, 2.023339, 2.721724
 178.000000, 6.533708, 0.750936, 2.441948, 3.264045
 166.333333, 6.773547, 0.659319, 1.887776, 2.615230
 159.000000, 7.197065, 0.811321, 1.335430, 2.207547
 155.333333, 7.006438, 0.675966, 1.296137, 2.053648
 168.666667, 9.330040, 0.863636, 1.256917, 2.205534
1
 0.200000, 0.000000, 0.000000, 49.000000, 325.000000
 160.000000, 10.116667, 1.054167, 1.633333, 2.843750
 172.333333, 7.705996, 0.945841, 1.562863, 2.562863
 186.333333, 7.708408, 0.704830, 1.576029, 2.345259
 162.666667, 7.192623, 0.717213, 1.454918, 2.229508
 187.333333, 7.763345, 0.690391, 1.685053, 2.450178
 195.333333, 7.552901, 0.827645, 1.546075, 2.441980
 176.000000, 7.323864, 0.774621, 1.554924, 2.409091
 203.333333, 8.704918, 0.911475, 1.460656, 2.432787
 190.666667, 7.522727, 0.716783, 2.493007, 3.263986
 172.333333, 7.292070, 0.688588, 1.663443, 2.425532
 177.666667, 7.707317, 0.784240, 1.772983, 2.649156
 186.666667, 8.264286, 0.796429, 2.273214, 3.128571
 180.666667, 8.431734, 0.800738, 1.621771, 2.498155
 181.333333, 6.435662, 0.636029, 1.946691, 2.637868
 175.666667, 6.485769, 0.740038, 2.430740, 3.235294
 180.000000, 7.820370, 0.698148, 1.859259, 2.633333
 164.333333, 7.446247, 0.705882, 1.233266, 2.020284
 168.666667, 7.644269, 0.739130, 1.225296, 2.035573
 170.000000, 8.184314, 0.803922, 1.247059, 2.103922
2
 0.200000, 0.000000, 0.000000, 1.000000, 391.000000
 154.000000, 8.619048, 1.004329, 1.705628, 2.876623
 171.666667, 8.244660, 0.829126, 1.267961, 2.157282
 185.333333, 6.868705, 0.638489, 1.580935, 2.291367
 173.333333, 7.513462, 0.826923, 1.450000, 2.340385
 185.333333, 7.149281, 0.669065, 1.742806, 2.471223
 182.333333, 7.404022, 0.784278, 1.594150, 2.442413
 168.000000, 6.876984, 0.694444, 1.541667, 2.339286
 195.333333, 8.500000, 0.795222, 1.624573, 2.493174
 172.666667, 6.552124, 0.652510, 2.586873, 3.310811
 164.000000, 7.550813, 0.778455, 1.772358, 2.638211
 170.333333, 7.193738, 0.737769, 1.724070, 2.522505
 196.666667, 7.961017, 0.767797, 2.245763, 3.105085
 186.000000, 8.797491, 0.792115, 1.589606, 2.455197
 185.333333, 6.251799, 0.654676, 1.989209, 2.710432
 183.333333, 6.758182, 0.745455, 2.380000, 3.190909
 177.333333, 7.234962, 0.697368, 1.838346, 2.603383
 159.666667, 8.313152, 0.789144, 1.394572, 2.258873
 172.333333, 7.849130, 0.767892, 1.268859, 2.114120
 162.333333, 8.225873, 0.763860, 1.232033, 2.055441
3
 0.200000, 0.000000, 4.000000, 0.000000, 375.000000
 160.333333, 9.012474, 1.039501, 1.723493, 2.877339
 161.000000, 8.554865, 0.991718, 1.432712, 2.490683
 162.666667, 6.256148, 0.723361, 1.729508, 2.526639
 167.000000, 7.301397, 0.786427, 1.473054, 2.335329
 181.000000, 7.517495, 0.653775, 1.753223, 2.469613
 177.333333, 7.043233, 0.847744, 1.719925, 2.646617
 162.000000, 7.683128, 0.701646, 1.537037, 2.327160
 190.666667, 8.332168, 0.832168, 1.503497, 2.403846
 169.000000, 6.384615, 0.719921, 2.678501, 3.463511
 180.000000, 7.862963, 0.661111, 1.581481, 2.318519
 169.000000, 6.654832, 0.747535, 1.865878, 2.680473
 182.666667, 7.888686, 0.704380, 2.266423, 3.062044
 178.333333, 7.108411, 0.732710, 1.469159, 2.267290
 178.666667, 6.070896, 0.606343, 2.033582, 2.707090
 178.666667, 6.180970, 0.742537, 2.363806, 3.169776
 164.666667, 6.423077, 0.674089, 1.858300, 2.591093
 161.333333, 7.768595, 0.673554, 1.311983, 2.043388
 178.666667, 7.910448, 0.697761, 1.236940, 2.005597
 177.666667, 10.242026, 0.949343, 1.257036, 2.277674
4
 0.200000, 0.000000, 0.000000, 0.000000, 373.000000
 173.333333, 10.515385, 1.044231, 1.665385, 2.801923
 157.000000, 7.214437, 0.929936, 1.405520, 2.390658
 180.000000, 7.598148, 0.659259, 1.690741, 2.427778
 165.000000, 7.638384, 0.678788, 1.460606, 2.226263
 189.333333, 8.262324, 0.723592, 1.739437, 2.522887
 178.000000, 7.301498, 0.797753, 1.661049, 2.522472
 175.666667, 8.504744, 0.753321, 1.563567, 2.388994
 178.000000, 9.260300, 1.001873, 1.640449, 2.711610
 180.666667, 6.404059, 0.714022, 2.487085, 3.256458
 169.000000, 7.049310, 0.674556, 1.674556, 2.418146
 178.666667, 7.033582, 0.766791, 1.748134, 2.589552
 187.333333, 7.202847, 0.695730, 2.327402, 3.113879
 171.666667, 8.456311, 0.829126, 1.592233, 2.499029
 186.333333, 6.731664, 0.656530, 1.869410, 2.579606
 185.000000, 7.306306, 0.796396, 2.354955, 3.232432
 167.666667, 7.099404, 0.697813, 1.912525, 2.666004
 158.333333, 7.458947, 1.052632, 1.595789, 2.711579
 184.000000, 8.496377, 0.702899, 1.233696, 2.005435
 166.333333, 9.146293, 0.945892, 1.280561, 2.292585
5
 0.200000, 0.000000, 1.000000, 1.000000, 374.000000
 155.000000, 8.810753, 1.004301, 1.649462, 2.767742
 164.333333, 9.119675, 0.833671, 1.450304, 2.359026
 177.000000, 7.523540, 0.790960, 1.627119, 2.489642
 162.666667, 8.067623, 0.913934, 1.516393, 2.495902
 176.333333, 7.224953, 0.655955, 1.913043, 2.637051
 161.666667, 7.284536, 0.762887, 1.764948, 2.612371
 165.000000, 7.371717, 0.747475, 1.587879, 2.406061
 170.000000, 8.470588, 0.947059, 1.649020, 2.664706
 173.333333, 6.615385, 0.688462, 2.580769, 3.359615
 180.666667, 7.763838, 0.765683, 1.616236, 2.444649
 168.000000, 7.341270, 0.765873, 1.791667, 2.666667
 180.000000, 6.938889, 0.716667, 2.268519, 3.046296
 174.666667, 7.774809, 0.696565, 1.543893, 2.322519
 189.333333, 7.095070, 0.686620, 1.920775, 2.686620
 171.333333, 6.291829, 0.764591, 2.482490, 3.315175
 188.333333, 7.612389, 0.674336, 1.707965, 2.440708
 151.000000, 7.015453, 0.721854, 1.364238, 2.154525
 162.666667, 7.877049, 0.688525, 1.305328, 2.049180
 171.000000, 7.647173, 0.816764, 1.218324, 2.097466
6
 0.200000, 1.000000, 23.000000, 1.000000, 388.000000
 165.000000, 8.929293, 1.006061, 1.787879, 2.923232
 157.333333, 7.489407, 0.961864, 1.493644, 2.512712
 172.666667, 7.347490, 0.714286, 1.650579, 2.430502
 176.666667, 8.315094, 0.888679, 1.500000, 2.452830
 178.333333, 8.037383, 0.710280, 1.800000, 2.588785
 182.000000, 7.357143, 0.791209, 1.624542, 2.487179
 171.333333, 9.132296, 0.797665, 1.560311, 2.435798
 175.333333, 7.714829, 0.705323, 1.576046, 2.366920
 159.333333, 6.117155, 0.707113, 2.702929, 3.489540
 179.333333, 7.500000, 0.661710, 1.637546, 2.382900
 183.333333, 7.749091, 0.750909, 1.745455, 2.560000
 183.666667, 7.952813, 0.805808, 2.328494, 3.197822
 183.666667, 7.038113, 0.744102, 1.620690, 2.442831
 167.333333, 6.019920, 0.645418, 2.099602, 2.822709
 185.000000, 6.652252, 0.695495, 2.342342, 3.102703
 183.666667, 7.573503, 0.771325, 1.825771, 2.656987
 153.333333, 6.793478, 0.778261, 1.354348, 2.193478
 164.333333, 7.356998, 0.711968, 1.389452, 2.170385
 153.666667, 7.876356, 0.748373, 1.281996, 2.095445
7
 0.200000, 0.000000, 0.000000, 19.000000, 308.000000
 169.000000, 10.315582, 0.990138, 1.648915, 2.818540
 171.000000, 8.054581, 0.927875, 1.485380, 2.471735
 180.000000, 7.603704, 0.751852, 1.633333, 2.464815
 170.000000, 7.443137, 0.754902, 1.519608, 2.349020
 183.000000, 7.429872, 0.641166, 1.692168, 2.400729
 174.666667, 7.345420, 0.786260, 1.769084, 2.612595
 163.000000, 7.975460, 0.744376, 1.599182, 2.439673
 183.666667, 7.649728, 0.684211, 1.544465, 2.323049
 178.333333, 6.792523, 0.672897, 2.603738, 3.330841
 174.000000, 7.432950, 0.685824, 1.710728, 2.461686
 179.000000, 7.761639, 0.698324, 1.776536, 2.543762
 172.000000, 7.482558, 0.707364, 2.408915, 3.240310
 166.666667, 6.950000, 0.742000, 1.632000, 2.436000
 183.000000, 6.938069, 0.681239, 2.032787, 2.777778
 179.000000, 6.670391, 0.798883, 2.364991, 3.238361
 177.000000, 7.751412, 0.734463, 1.828625, 2.615819
 152.333333, 7.415755, 0.735230, 1.240700, 2.035011
 183.666667, 8.041742, 0.660617, 1.239564, 1.958258
 162.000000, 8.695473, 0.952675, 1.162551, 2.197531
8
 0.200000, 0.000000, 0.000000, 0.000000, 362.000000
 158.666667, 8.512605, 0.829832, 1.544118, 2.495798
 168.333333, 7.611881, 0.750495, 1.425743, 2.243564
 169.000000, 7.270217, 0.757396, 1.676529, 2.516765
 167.666667, 7.725646, 0.813121, 1.485089, 2.371769
 194.000000, 7.757732, 0.682131, 1.743986, 2.491409
 172.333333, 7.787234, 0.798839, 1.762089, 2.634429
 165.666667, 7.080483, 0.716298, 1.607646, 2.384306
 192.666667, 8.216263, 0.794118, 1.583045, 2.453287
 166.333333, 5.993988, 0.739479, 2.603206, 3.408818
 164.666667, 7.329960, 0.698381, 1.582996, 2.360324
 178.000000, 7.028090, 0.681648, 1.765918, 2.511236
 170.000000, 7.103922, 0.717647, 2.392157, 3.217647
 179.333333, 7.715613, 0.799257, 1.665428, 2.518587
 181.000000, 6.092081, 0.644567, 1.992634, 2.709024
 188.666667, 7.284452, 0.727915, 2.355124, 3.146643
 178.333333, 7.919626, 0.725234, 1.800000, 2.588785
 165.666667, 8.704225, 0.790744, 1.344064, 2.195171
 176.666667, 8.113208, 0.760377, 1.209434, 2.030189
 151.666667, 7.424176, 0.802198, 1.213187, 2.072527
9
 0.200000, 0.000000, 0.000000, 19.000000, 307.000000
 152.333333, 9.435449, 0.982495, 1.647702, 2.827133
 160.000000, 7.652083, 1.072917, 1.420833, 2.564583
 177.000000, 7.274953, 0.717514, 1.612053, 2.419962
 167.333333, 7.974104, 0.892430, 1.553785, 2.511952
 168.000000, 6.597222, 0.656746, 1.793651, 2.519841
 180.666667, 6.876384, 0.785978, 1.738007, 2.583026
 152.333333, 7.216630, 0.695842, 1.612691, 2.389497
 178.333333, 8.936449, 0.820561, 1.512150, 2.390654
 172.666667, 5.803089, 0.689189, 2.557915, 3.308880
 196.333333, 8.137521, 0.653650, 1.577250, 2.285229
 166.333333, 6.761523, 0.737475, 1.807615, 2.631263
 180.333333, 7.081331, 0.833641, 2.399261, 3.332717
 179.333333, 8.808550, 0.752788, 1.604089, 2.427509
 180.000000, 6.468519, 0.624074, 2.038889, 2.727778
 183.333333, 6.592727, 0.710909, 2.360000, 3.129091
 175.666667, 6.791271, 0.713472, 1.774194, 2.552182
 168.000000, 8.313492, 0.728175, 1.363095, 2.154762
 178.333333, 8.747664, 0.725234, 1.334579, 2.128972
 164.000000, 8.896341, 0.758130, 1.276423, 2.115854
10
 0.200000, 0.000000, 8.000000, 67.000000, 343.000000
 161.666667, 9.558763, 0.938144, 1.612371, 2.734021
 171.000000, 8.120858, 0.863548, 1.413255, 2.356725
 190.000000, 7.400000, 0.736842, 1.550877, 2.389474
 174.000000, 8.015326, 0.768199, 1.452107, 2.272031
 169.000000, 8.289941, 0.769231, 1.717949, 2.540434
 177.333333, 6.815789, 0.727444, 1.704887, 2.496241
 180.000000, 7.505556, 0.740741, 1.487037, 2.296296
 171.000000, 8.192982, 0.805068, 1.612086, 2.499025
 178.000000, 6.245318, 0.644195, 2.552434, 3.267790
 181.333333, 6.512868, 0.626838, 1.623162, 2.314338
 170.333333, 6.808219, 0.757339, 1.812133, 2.639922
 190.666667, 7.631119, 0.786713, 2.229021, 3.073427
 173.333333, 7.475000, 0.757692, 1.636538, 2.488462
 187.000000, 6.543672, 0.691622, 1.948307, 2.704100
 184.666667, 6.539711, 0.691336, 2.337545, 3.083032
 176.333333, 6.880907, 0.657845, 1.871456, 2.603025
 151.666667, 7.294505, 0.949451, 1.584615, 2.591209
 168.333333, 7.326733, 0.683168, 1.312871, 2.073267
 172.000000, 10.238372, 0.881783, 1.265504, 2.217054
11
 0.200000, 0.000000, 8.000000, 49.000000, 308.000000
 152.666667, 8.818777, 1.032751, 1.788210, 3.063319
 170.666667, 9.261719, 1.115234, 1.533203, 2.714844
 176.666667, 7.283019, 0.730189, 1.766038, 2.552830
 170.333333, 7.201566, 0.747554, 1.434442, 2.232877
 170.666667, 7.132813, 0.681641, 1.773438, 2.531250
 187.666667, 7.886323, 0.843694, 1.616341, 2.527531
 180.000000, 7.235185, 0.742593, 1.503704, 2.318519
 184.333333, 7.954792, 0.748644, 1.538879, 2.347197
 162.666667, 5.698770, 0.715164, 2.688525, 3.456967
 164.000000, 7.691057, 0.802846, 1.607724, 2.477642
 200.000000, 7.728333, 0.756667, 1.651667, 2.473333
 186.666667, 7.550000, 0.769643, 2.180357, 3.014286
 189.000000, 8.211640, 0.855379, 1.529101, 2.455026
 188.333333, 6.603540, 0.709735, 1.961062, 2.739823
 172.333333, 6.286267, 0.721470, 2.419729, 3.210832
 181.000000, 7.123389, 0.745856, 1.769797, 2.576427
 155.333333, 6.884120, 0.753219, 1.309013, 2.126609
 161.000000, 7.097308, 0.706004, 1.262940, 2.033126
 164.000000, 9.160569, 0.853659, 1.278455, 2.217480
12
 0.200000, 0.000000, 8.000000, 23.000000, 306.000000
 150.000000, 9.031111, 1.071111, 1.673333, 2.968889
 156.666667, 7.500000, 0.963830, 1.606383, 2.627660
 187.333333, 7.564057, 0.713523, 1.581851, 2.368327
 177.000000, 8.463277, 0.792844, 1.372881, 2.239171
 185.000000, 7.805405, 0.679279, 1.697297, 2.441441
 178.333333, 7.315888, 0.813084, 1.758879, 2.641121
 160.333333, 7.251559, 0.769231, 1.692308, 2.525988
 172.000000, 7.596899, 0.713178, 1.668605, 2.468992
 178.000000, 6.559925, 0.676030, 2.481273, 3.215356
 194.333333, 7.617496, 0.636364, 1.560892, 2.252144
 173.666667, 7.034549, 0.712092, 1.779271, 2.552783
 173.333333, 6.484615, 0.711538, 2.325000, 3.138462
 184.000000, 7.461957, 0.672101, 1.577899, 2.307971
 189.333333, 6.665493, 0.693662, 2.003521, 2.758803
 182.333333, 6.967093, 0.776965, 2.414991, 3.277879
 176.666667, 7.516981, 0.760377, 1.871698, 2.694340
 165.666667, 7.993964, 0.855131, 1.329980, 2.245473
 167.333333, 6.894422, 0.675299, 1.247012, 1.976096
 172.000000, 9.319767, 1.000000, 1.199612, 2.265504
13
 0.200000, 0.000000, 8.000000, 49.000000, 308.000000
 169.333333, 10.108268, 0.968504, 1.537402, 2.714567
 160.666667, 7.912863, 1.047718, 1.659751, 2.800830
 176.333333, 7.293006, 0.697543, 1.654064, 2.415879
 165.333333, 7.582661, 0.768145, 1.510081, 2.340726
 163.666667, 7.443992, 0.753564, 1.881874, 2.714868
 181.666667, 7.390826, 0.862385, 1.660550, 2.601835
 165.666667, 7.436620, 0.758551, 1.651911, 2.521127
 180.000000, 7.440741, 0.757407, 1.583333, 2.411111
 180.333333, 6.731978, 0.685767, 2.510166, 3.260628
 177.000000, 6.612053, 0.642185, 1.610169, 2.312618
 174.333333, 7.453155, 0.772467, 1.715105, 2.543021
 177.000000, 6.775895, 0.715631, 2.369115, 3.197740
 184.666667, 8.859206, 0.904332, 1.635379, 2.593863
 189.666667, 6.922671, 0.678383, 1.899824, 2.639719
 171.666667, 6.433010, 0.710680, 2.440777, 3.219417
 170.333333, 6.211350, 0.690802, 1.953033, 2.706458
 156.666667, 7.887234, 0.742553, 1.270213, 2.068085
 162.000000, 7.034979, 0.713992, 1.292181, 2.086420
 177.000000, 8.495292, 0.824859, 1.310734, 2.205273
14
 0.200000, 0.000000, 8.000000, 0.000000, 377.000000
 153.333333, 9.973913, 1.180435, 1.830435, 3.100000
 154.000000, 7.398268, 0.837662, 1.432900, 2.333333
 174.000000, 6.526820, 0.687739, 1.683908, 2.438697
 176.666667, 8.394340, 0.860377, 1.496226, 2.416981
 176.333333, 7.771267, 0.661626, 1.771267, 2.512287
 182.333333, 6.886654, 0.767824, 1.628885, 2.471664
 163.666667, 6.755601, 0.749491, 1.641548, 2.478615
 176.333333, 7.024575, 0.727788, 1.633270, 2.425331
 182.333333, 6.925046, 0.718464, 2.526508, 3.314442
 180.333333, 7.632163, 0.730129, 1.617375, 2.412200
 197.000000, 8.323181, 0.769882, 1.712352, 2.548223
 173.000000, 6.805395, 0.710983, 2.335260, 3.105973
 174.000000, 7.042146, 0.726054, 1.545977, 2.331418
 181.666667, 7.058716, 0.638532, 1.946789, 2.651376
 183.333333, 5.798182, 0.716364, 2.320000, 3.116364
 181.000000, 7.263352, 0.705341, 1.806630, 2.570902
 157.666667, 7.359408, 1.054968, 1.564482, 2.691332
 155.333333, 7.336910, 0.671674, 1.293991, 2.042918
 164.333333, 8.498986, 0.827586, 1.247465, 2.144016
15
 0.200000, 0.000000, 8.000000, 1.000000, 360.000000
 150.000000, 10.093333, 1.068889, 1.737778, 2.917778
 168.000000, 7.865079, 0.821429, 1.309524, 2.198413
 171.666667, 7.520388, 0.706796, 1.669903, 2.442718
 170.000000, 7.900000, 0.901961, 1.413725, 2.374510
 186.666667, 7.214286, 0.680357, 1.708929, 2.471429
 175.333333, 7.652091, 0.828897, 1.730038, 2.619772
 165.666667, 8.503018, 0.694165, 1.635815, 2.408451
 176.666667, 8.035849, 0.913208, 1.577358, 2.554717
 173.333333, 7.150000, 0.673077, 2.580769, 3.309615
 180.000000, 8.716667, 0.744444, 1.624074, 2.429630
 171.666667, 6.130097, 0.660194, 1.856311, 2.578641
 170.666667, 6.767578, 0.746094, 2.343750, 3.158203
 169.666667, 8.121807, 0.777996, 1.719057, 2.563851
 191.666667, 6.528696, 0.678261, 1.883478, 2.615652
 193.666667, 7.247849, 0.788296, 2.180723, 3.044750
 160.666667, 6.773859, 0.636929, 1.890041, 2.585062
 152.333333, 7.693654, 0.820569, 1.310722, 2.188184
 162.666667, 7.588115, 0.704918, 1.256148, 2.024590
 167.666667, 8.198807, 0.739563, 1.248509, 2.047714
16
 0.200000, 0.000000, 12.000000, 1.000000, 360.000000
 165.666667, 9.647887, 1.130785, 1.736419, 3.018109
 168.333333, 9.059406, 1.079208, 1.556436, 2.706931
 169.666667, 7.257367, 0.742633, 1.666012, 2.471513
 175.333333, 8.131179, 0.817490, 1.334601, 2.205323
 175.000000, 7.375238, 0.699048, 1.699048, 2.474286
 181.333333, 7.593750, 0.733456, 1.580882, 2.378676
 161.000000, 7.931677, 0.757764, 1.530021, 2.376812
 183.000000, 8.331512, 0.770492, 1.633880, 2.469945
 178.000000, 6.544944, 0.705993, 2.573034, 3.331461
 175.666667, 7.920304, 0.698292, 1.652751, 2.404175
 176.000000, 8.054924, 0.804924, 1.748106, 2.626894
 182.666667, 7.775547, 0.746350, 2.339416, 3.178832
 191.666667, 7.926957, 0.786087, 1.563478, 2.417391
 181.333333, 6.801471, 0.687500, 1.994485, 2.753676
 185.333333, 7.188849, 0.778777, 2.250000, 3.115108
 176.333333, 7.166352, 0.742911, 1.846881, 2.652174
 160.333333, 7.781705, 0.808732, 1.307692, 2.174636
 175.333333, 8.133080, 0.712928, 1.207224, 1.982890
 165.000000, 9.193939, 0.858586, 1.284848, 2.204040
17
 0.200000, 1.000000, 13.000000, 1.000000, 378.000000
 167.333333, 10.073705, 1.073705, 1.711155, 2.894422
 170.666667, 8.392578, 0.750000, 1.398438, 2.205078
 171.000000, 6.495127, 0.695906, 1.769981, 2.538012
 165.666667, 8.418511, 0.855131, 1.440644, 2.352113
 168.333333, 8.069307, 0.843564, 1.837624, 2.768317
 167.666667, 7.302187, 0.803181, 1.721670, 2.600398
 174.333333, 6.944551, 0.722753, 1.615679, 2.405354
 195.333333, 8.587031, 0.740614, 1.489761, 2.291809
 183.333333, 6.341818, 0.689091, 2.589091, 3.347273
 194.333333, 7.560892, 0.703259, 1.554031, 2.317324
 173.333333, 7.640385, 0.738462, 1.705769, 2.511538
 186.000000, 7.419355, 0.688172, 2.200717, 2.976703
 179.333333, 8.817844, 0.817844, 1.630112, 2.516729
 182.333333, 6.771481, 0.669104, 1.963437, 2.696527
 174.666667, 6.200382, 0.740458, 2.437023, 3.246183
 190.000000, 7.045614, 0.677193, 1.777193, 2.508772
 178.333333, 8.618692, 0.949533, 1.480374, 2.484112
 167.666667, 7.419483, 0.687873, 1.288270, 2.035785
 173.333333, 8.063462, 0.715385, 1.215385, 1.978846
18
 0.200000, 0.000000, 13.000000, 48.000000, 327.000000
 167.666667, 9.568588, 1.095427, 1.628231, 2.870775
 161.000000, 7.567288, 0.968944, 1.430642, 2.461698
 180.000000, 7.594444, 0.733333, 1.694444, 2.492593
 169.000000, 8.242604, 0.913215, 1.469428, 2.439842
 162.333333, 6.334702, 0.716632, 1.866530, 2.638604
 187.000000, 8.340463, 0.807487, 1.629234, 2.484848
 171.666667, 7.596117, 0.757282, 1.557282, 2.388350
 186.333333, 7.962433, 0.738819, 1.556351, 2.355993
 173.666667, 6.278311, 0.708253, 2.664107, 3.452975
 175.000000, 7.245714, 0.649524, 1.630476, 2.342857
 177.333333, 7.330827, 0.691729, 1.783835, 2.560150
 197.666667, 7.279933, 0.699831, 2.177066, 2.940978
 174.666667, 8.314885, 0.727099, 1.547710, 2.362595
 179.000000, 6.011173, 0.722533, 2.013035, 2.795158
 186.666667, 7.789286, 0.762500, 2.366071, 3.194643
 188.666667, 7.171378, 0.662544, 1.734982, 2.461131
 155.333333, 7.590129, 0.766094, 1.270386, 2.100858
 180.666667, 8.365314, 0.699262, 1.284133, 2.049815
 170.333333, 10.039139, 0.939335, 1.293542, 2.283757
19
 0.200000, 0.000000, 18.000000, 1.000000, 362.000000
 153.000000, 8.492375, 0.943355, 1.747277, 2.830065
 168.333333, 7.512871, 0.873267, 1.500990, 2.431683
 181.333333, 8.525735, 0.773897, 1.654412, 2.477941
 182.000000, 6.992674, 0.847985, 1.329670, 2.228938
 171.000000, 7.237817, 0.721248, 1.857700, 2.653021
 179.666667, 7.042672, 0.807050, 1.729128, 2.597403
 168.333333, 7.063366, 0.754455, 1.479208, 2.310891
 167.666667, 7.119284, 0.801193, 1.598410, 2.469185
 172.666667, 7.328185, 0.725869, 2.608108, 3.430502
 188.333333, 7.838938, 0.706195, 1.658407, 2.433628
 180.000000, 8.112963, 0.738889, 1.785185, 2.598148
 178.666667, 7.108209, 0.701493, 2.242537, 3.050373
 191.666667, 8.153043, 0.739130, 1.561739, 2.361739
 181.333333, 7.468750, 0.619485, 2.040441, 2.742647
 186.333333, 6.524150, 0.665474, 2.284436, 3.021467
 178.666667, 7.494403, 0.735075, 1.787313, 2.580224
 160.333333, 8.311850, 0.758836, 1.332640, 2.155925
 165.333333, 7.679435, 0.659274, 1.268145, 2.002016
 171.666667, 8.120388, 0.825243, 1.227184, 2.114563
20
 0.200000, 0.000000, 47.000000, 48.000000, 327.000000
 139.000000, 9.738609, 1.011990, 1.908873, 3.141487
 161.000000, 8.763975, 0.950311, 1.414079, 2.428571
 165.000000, 7.123232, 0.688889, 1.690909, 2.436364
 174.666667, 9.284351, 0.841603, 1.469466, 2.379771
 181.666667, 8.858716, 0.811009, 1.682569, 2.555963
 169.333333, 6.887795, 0.785433, 1.753937, 2.608268
 165.666667, 7.869215, 0.738431, 1.575453, 2.382294
 184.000000, 9.364130, 0.867754, 1.530797, 2.472826
 177.666667, 6.547842, 0.703565, 2.532833, 3.307692
 183.666667, 7.938294, 0.691470, 1.486388, 2.239564
 186.000000, 7.754480, 0.729391, 1.729391, 2.526882
 191.000000, 7.664921, 0.739965, 2.267016, 3.092496
 187.666667, 8.694494, 0.802842, 1.493783, 2.355240
 195.666667, 6.986371, 0.717206, 1.974446, 2.758092
 189.333333, 7.079225, 0.762324, 2.320423, 3.142606
 187.666667, 7.463588, 0.666075, 1.825933, 2.550622
 161.333333, 7.316116, 0.851240, 1.276860, 2.192149
 162.000000, 7.779835, 0.718107, 1.244856, 2.041152
 170.333333, 8.340509, 0.847358, 1.221135, 2.140900
21
 0.200000, 0.000000, 57.000000, 1.000000, 358.000000
 147.000000, 9.716553, 1.040816, 1.848073, 3.068027
 162.333333, 8.149897, 0.889117, 1.533881, 2.507187
 182.666667, 7.505474, 0.698905, 1.604015, 2.361314
 178.000000, 7.784644, 0.827715, 1.428839, 2.318352
 182.333333, 6.824497, 0.700183, 1.694698, 2.488117
 169.000000, 7.167653, 0.755424, 1.710059, 2.520710
 172.000000, 7.897287, 0.717054, 1.534884, 2.323643
 185.000000, 9.441441, 0.861261, 1.618018, 2.536937
 187.333333, 6.887900, 0.672598, 2.450178, 3.186833
 189.666667, 7.727592, 0.676626, 1.602812, 2.332162
 186.333333, 8.325581, 0.735242, 1.717352, 2.527728
 189.333333, 7.779930, 0.723592, 2.244718, 3.051056
 187.666667, 7.927176, 0.717584, 1.632327, 2.419183
 188.333333, 7.015929, 0.676106, 2.000000, 2.734513
 202.000000, 7.318482, 0.770627, 2.186469, 3.014851
 188.666667, 7.641343, 0.701413, 1.719081, 2.491166
 159.333333, 7.841004, 0.740586, 1.284519, 2.098326
 166.333333, 6.967936, 0.691383, 1.212425, 1.961924
 167.333333, 9.141434, 0.868526, 1.264940, 2.199203
22
 0.200000, 0.000000, 54.000000, 0.000000, 355.000000
 149.666667, 8.790646, 1.042316, 1.677060, 3.002227
 159.333333, 7.974895, 1.094142, 1.307531, 2.456067
 169.000000, 6.272189, 0.670611, 1.585799, 2.329389
 170.000000, 8.017647, 0.882353, 1.376471, 2.345098
 189.333333, 8.278169, 0.619718, 1.758803, 2.459507
 167.666667, 7.365805, 0.773360, 1.739563, 2.574553
 165.666667, 8.084507, 0.728370, 1.575453, 2.382294
 187.333333, 8.644128, 0.768683, 1.528470, 2.364769
 172.000000, 7.015504, 0.687984, 2.750000, 3.511628
 180.333333, 7.515712, 0.752311, 1.613678, 2.426987
 194.666667, 7.724315, 0.739726, 1.720890, 2.523973
 174.333333, 7.135755, 0.776291, 2.367113, 3.227533
 176.666667, 7.469811, 0.652830, 1.584906, 2.305660
 183.000000, 6.690346, 0.732240, 1.947177, 2.744991
 189.333333, 6.922535, 0.808099, 2.373239, 3.250000
 174.333333, 7.288719, 0.713193, 1.887189, 2.655832
 167.333333, 8.655378, 0.816733, 1.300797, 2.187251
 159.666667, 7.536534, 0.713987, 1.267223, 2.048017
 169.333333, 8.974409, 0.887795, 1.293307, 2.263780
23
 0.200000, 0.000000, 54.000000, 3.000000, 369.000000
 157.666667, 8.693446, 1.029598, 1.765328, 2.913319
 172.666667, 8.980695, 0.926641, 1.374517, 2.359073
 179.666667, 6.974026, 0.736549, 1.614100, 2.413729
 167.666667, 8.163022, 0.809145, 1.489066, 2.375746
 173.000000, 6.583815, 0.693642, 1.834297, 2.585742
 177.666667, 6.934334, 0.769231, 1.634146, 2.470919
 173.333333, 7.186538, 0.734615, 1.563462, 2.371154
 189.000000, 8.169312, 0.797178, 1.463845, 2.333333
 183.333333, 6.652727, 0.685455, 2.458182, 3.210909
 178.666667, 7.610075, 0.777985, 1.606343, 2.451493
 174.666667, 6.767176, 0.639313, 1.729008, 2.431298
 160.333333, 6.316008, 0.721414, 2.480249, 3.334719
 174.000000, 7.791188, 0.917625, 1.611111, 2.586207
 173.333333, 6.217308, 0.682692, 2.109615, 2.857692
 168.000000, 6.805556, 0.692460, 2.458333, 3.250000
 174.333333, 6.588910, 0.688337, 1.854685, 2.608031
 174.666667, 8.158397, 0.740458, 1.234733, 2.051527
 162.000000, 7.979424, 0.718107, 1.238683, 2.018519
 159.666667, 8.425887, 0.843424, 1.240084, 2.146138
24
 0.200000, 0.000000, 54.000000, 0.000000, 356.000000
 161.000000, 9.616977, 1.070393, 1.674948, 2.958592
 174.666667, 8.979008, 0.992366, 1.583969, 2.631679
 180.000000, 8.038889, 0.770370, 1.694444, 2.535185
 164.000000, 6.652439, 0.709350, 1.538618, 2.321138
 177.000000, 7.418079, 0.719397, 1.822976, 2.619586
 183.000000, 7.293260, 0.792350, 1.648452, 2.499089
 163.333333, 6.771429, 0.742857, 1.667347, 2.532653
 184.333333, 8.028933, 0.831826, 1.591320, 2.495479
 189.666667, 6.984183, 0.724077, 2.404218, 3.181019
 184.666667, 7.138989, 0.741877, 1.536101, 2.339350
 171.000000, 6.688109, 0.717349, 1.721248, 2.516569
 177.000000, 8.026365, 0.847458, 2.312618, 3.224105
 182.333333, 7.276051, 0.791590, 1.597806, 2.458867
 179.000000, 6.182495, 0.659218, 1.960894, 2.696462
 170.333333, 6.371820, 0.724070, 2.410959, 3.197652
 175.333333, 6.986692, 0.693916, 1.783270, 2.549430
 156.666667, 7.021277, 0.702128, 1.323404, 2.091489
 183.666667, 7.887477, 0.684211, 1.163339, 1.903811
 173.333333, 9.711538, 0.925000, 1.269231, 2.255769
25
 0.200000, 0.000000, 54.000000, 0.000000, 355.000000
 168.000000, 9.932540, 1.019841, 1.746032, 2.875000
 165.000000, 8.490909, 1.020202, 1.589899, 2.676768
 185.000000, 7.142342, 0.697297, 1.643243, 2.401802
 163.666667, 7.934827, 0.808554, 1.511202, 2.395112
 181.333333, 7.496324, 0.718750, 1.680147, 2.468750
 190.000000, 7.638596, 0.782456, 1.584211, 2.431579
 177.666667, 8.919325, 0.761726, 1.615385, 2.457786
 172.666667, 7.787645, 0.897683, 1.745174, 2.720077
 173.666667, 6.520154, 0.662188, 2.673704, 3.397313
 182.333333, 7.120658, 0.663620, 1.526508, 2.244973
 171.000000, 7.315789, 0.723197, 1.758285, 2.541910
 177.333333, 7.436090, 0.755639, 2.315789, 3.152256
 168.000000, 7.470238, 0.751984, 1.654762, 2.470238
 172.333333, 6.199226, 0.628627, 2.065764, 2.758221
 189.000000, 6.675485, 0.791887, 2.299824, 3.160494
 167.666667, 7.522863, 0.727634, 1.872763, 2.654076
 153.666667, 7.288503, 0.963124, 1.514100, 2.550976
 165.333333, 7.237903, 0.719758, 1.292339, 2.076613
 172.333333, 9.224371, 0.922631, 1.197292, 2.191489
26
 0.200000, 0.000000, 54.000000, 0.000000, 354.000000
 154.000000, 8.798701, 1.069264, 1.751082, 2.915584
 167.666667, 8.047714, 0.924453, 1.421471, 2.401590
 176.000000, 7.342803, 0.719697, 1.651515, 2.422348
 177.000000, 7.919021, 0.830508, 1.399247, 2.290019
 165.666667, 6.925553, 0.712274, 1.768612, 2.551308
 174.666667, 7.578244, 0.837786, 1.687023, 2.604962
 177.666667, 8.013133, 0.741088, 1.587242, 2.424015
 174.000000, 7.913793, 0.812261, 1.683908, 2.565134
 190.000000, 7.024561, 0.640351, 2.447368, 3.159649
 187.666667, 7.751332, 0.644760, 1.607460, 2.317940
 188.666667, 7.738516, 0.858657, 1.643110, 2.560071
 181.000000, 7.224678, 0.685083, 2.278085, 3.088398
 173.666667, 8.234165, 0.821497, 1.740883, 2.633397
 181.333333, 6.895221, 0.654412, 2.018382, 2.737132
 179.000000, 7.132216, 0.722533, 2.398510, 3.210428
 184.666667, 7.895307, 0.655235, 1.776173, 2.489170
 158.666667, 7.554622, 0.735294, 1.313025, 2.109244
 184.666667, 8.041516, 0.768953, 1.202166, 2.043321
 166.666667, 8.412000, 0.796000, 1.150000, 2.012000
27
 0.200000, 0.000000, 54.000000, 0.000000, 354.000000
 154.666667, 8.717672, 0.961207, 1.655172, 2.726293
 166.000000, 7.791165, 1.124498, 1.572289, 2.755020
 170.333333, 8.324853, 0.745597, 1.632094, 2.450098
 163.666667, 8.456212, 0.853360, 1.498982, 2.452138
 175.333333, 6.876426, 0.661597, 1.768061, 2.503802
 172.333333, 6.793037, 0.729207, 1.618956, 2.408124
 178.333333, 7.355140, 0.715888, 1.581308, 2.358879
 188.000000, 8.691489, 0.906028, 1.585106, 2.554965
 167.333333, 6.049801, 0.681275, 2.597610, 3.348606
 183.333333, 6.952727, 0.652727, 1.589091, 2.314545
 190.333333, 8.068301, 0.758319, 1.677758, 2.520140
 166.333333, 6.046092, 0.621242, 2.206413, 2.919840
 180.333333, 7.835490, 0.750462, 1.632163, 2.441774
 177.333333, 6.680451, 0.729323, 2.069549, 2.859023
 180.000000, 7.340741, 0.861111, 2.357407, 3.277778
 173.666667, 7.606526, 0.723608, 1.846449, 2.633397
 163.333333, 8.436735, 0.746939, 1.289796, 2.108163
 172.666667, 7.194981, 0.683398, 1.256757, 1.996139
 172.666667, 9.928571, 0.849421, 1.249035, 2.164093
28
 0.200000, 1.000000, 54.000000, 2.000000, 372.000000
 160.666667, 8.232365, 1.037344, 1.643154, 2.788382
 171.333333, 10.219844, 1.066148, 1.482490, 2.628405
 184.333333, 8.106691, 0.732369, 1.641953, 2.444846
 194.333333, 8.222985, 0.787307, 1.397942, 2.257290
 155.666667, 7.068522, 0.670236, 1.886510, 2.650964
 169.666667, 6.770138, 0.815324, 1.675835, 2.565815
 165.666667, 7.392354, 0.802817, 1.661972, 2.535211
 185.666667, 8.974865, 0.795332, 1.594255, 2.450628
 173.666667, 6.896353, 0.669866, 2.608445, 3.347409
 176.333333, 7.739130, 0.661626, 1.680529, 2.408318
 180.333333, 7.504621, 0.731978, 1.700555, 2.504621
 172.666667, 6.803089, 0.679537, 2.411197, 3.229730
 171.333333, 7.128405, 0.723735, 1.599222, 2.400778
 185.333333, 7.210432, 0.703237, 2.070144, 2.848921
 194.666667, 8.200342, 0.785959, 2.289384, 3.138699
 176.000000, 6.583333, 0.702652, 1.840909, 2.604167
 151.666667, 7.639560, 0.804396, 1.323077, 2.184615
 170.333333, 7.665362, 0.712329, 1.230920, 2.011742
 174.333333, 8.751434, 0.741874, 1.267686, 2.072658
29
 0.200000, 0.000000, 54.000000, 4.000000, 377.000000
 154.333333, 10.252700, 1.006479, 1.803456, 2.980562
 166.666667, 7.968000, 0.874000, 1.600000, 2.542000
 173.000000, 7.622351, 0.730250, 1.618497, 2.418112
 170.333333, 7.489237, 0.802348, 1.391389, 2.250489
 202.333333, 8.830313, 0.800659, 1.632619, 2.490939
 175.333333, 6.159696, 0.766160, 1.692015, 2.526616
 175.666667, 7.882353, 0.814042, 1.666034, 2.538899
 176.666667, 8.732075, 0.907547, 1.777358, 2.743396
 172.000000, 6.583333, 0.664729, 2.682171, 3.420543
 174.000000, 6.883142, 0.601533, 1.555556, 2.214559
 199.666667, 7.465776, 0.691152, 1.654424, 2.404007
 183.000000, 7.069217, 0.684882, 2.238616, 2.992714
 183.666667, 8.366606, 0.753176, 1.555354, 2.377495
 189.000000, 6.776014, 0.610229, 1.975309, 2.657848
 184.000000, 7.358696, 0.731884, 2.342391, 3.141304
 183.666667, 8.132486, 0.704174, 1.827586, 2.597096
 167.666667, 7.673956, 0.755467, 1.296223, 2.107356
 169.333333, 7.419291, 0.726378, 1.192913, 1.972441
 143.000000, 7.312354, 0.792541, 1.370629, 2.230769
30
 0.200000, 0.000000, 54.000000, 1.000000, 368.000000
 157.333333, 8.730932, 1.052966, 1.591102, 2.747881
 164.666667, 8.726721, 1.137652, 1.518219, 2.712551
 191.000000, 7.830716, 0.732984, 1.542757, 2.340314
 194.000000, 8.706186, 0.850515, 1.407216, 2.310997
 184.333333, 7.707052, 0.660036, 1.701627, 2.421338
 178.666667, 7.171642, 0.824627, 1.675373, 2.557836
 182.666667, 8.262774, 0.739051, 1.487226, 2.291971
 201.333333, 9.066225, 0.877483, 1.564570, 2.513245
 180.666667, 6.968635, 0.671587, 2.568266, 3.302583
 168.333333, 6.803960, 0.649505, 1.651485, 2.368317
 192.000000, 8.713542, 0.765625, 1.651042, 2.480903
 187.000000, 8.670232, 0.762923, 2.171123, 2.992870
 169.333333, 7.167323, 0.748031, 1.643701, 2.511811
 191.000000, 7.191972, 0.706806, 1.839442, 2.609075
 183.333333, 7.427273, 0.778182, 2.316364, 3.158182
 184.666667, 7.254513, 0.694946, 1.792419, 2.552347
 168.333333, 8.514851, 0.865347, 1.297030, 2.221782
 175.000000, 8.032381, 0.714286, 1.232381, 2.013333
 151.000000, 9.165563, 0.772627, 1.377483, 2.238411
31
 0.200000, 0.000000, 58.000000, 0.000000, 356.000000
 157.333333, 8.713983, 1.101695, 1.692797, 2.883475
 172.666667, 9.496139, 0.940154, 1.573359, 2.579151
 181.333333, 7.654412, 0.685662, 1.599265, 2.417279
 194.000000, 9.242268, 0.816151, 1.395189, 2.269759
 181.000000, 7.854512, 0.756906, 1.677716, 2.502762
 181.666667, 8.033028, 0.831193, 1.633028, 2.521101
 150.333333, 6.277162, 0.820399, 1.674058, 2.580931
 189.666667, 8.724077, 0.824253, 1.586995, 2.490334
 185.333333, 7.179856, 0.679856, 2.476619, 3.228417
 171.333333, 7.856031, 0.715953, 1.593385, 2.377432
 172.333333, 6.299807, 0.676983, 1.808511, 2.562863
 169.000000, 6.623274, 0.743590, 2.410256, 3.248521
 173.666667, 7.758157, 0.783109, 1.635317, 2.483685
 174.333333, 5.108987, 0.625239, 2.000000, 2.707457
 188.666667, 6.772085, 0.696113, 2.265018, 3.024735
 189.333333, 7.788732, 0.744718, 1.834507, 2.632042
 161.333333, 7.456612, 0.836777, 1.353306, 2.256198
 156.333333, 7.481876, 0.712154, 1.289979, 2.066098
 156.666667, 7.936170, 0.780851, 1.246809, 2.091489
32
 0.200000, 1.000000, 61.000000, 2.000000, 371.000000
 173.666667, 9.677543, 1.047985, 1.612284, 2.785029
 162.666667, 8.202869, 1.032787, 1.522541, 2.616803
 177.333333, 8.231203, 0.723684, 1.667293, 2.469925
 171.000000, 8.130604, 0.828460, 1.450292, 2.358674
 181.666667, 7.113761, 0.700917, 1.686239, 2.453211
 182.666667, 7.886861, 0.802920, 1.582117, 2.445255
 166.333333, 7.835671, 0.803607, 1.595190, 2.484970
 168.333333, 7.873267, 0.710891, 1.625743, 2.403960
 185.333333, 7.061151, 0.678058, 2.469424, 3.206835
 178.333333, 6.971963, 0.626168, 1.579439, 2.263551
 184.666667, 7.566787, 0.736462, 1.761733, 2.561372
 191.333333, 7.405923, 0.778746, 2.210801, 3.066202
 187.333333, 7.859431, 0.809609, 1.521352, 2.403915
 187.666667, 6.646536, 0.703375, 1.896980, 2.671403
 185.000000, 7.239640, 0.726126, 2.284685, 3.077477
 181.333333, 7.389706, 0.674632, 1.759191, 2.498162
 169.333333, 7.722441, 0.751969, 1.328740, 2.143701
 167.666667, 6.844930, 0.634195, 1.258449, 1.952286
 165.000000, 7.418182, 0.727273, 1.282828, 2.066667
33
 0.200000, 0.000000, 71.000000, 1.000000, 367.000000
 149.333333, 9.212054, 0.982143, 1.801339, 2.946429
 142.333333, 7.672131, 0.873536, 1.660422, 2.590164
 181.666667, 7.664220, 0.766972, 1.482569, 2.337615
 176.666667, 8.394340, 0.879245, 1.388679, 2.326415
 177.333333, 6.879699, 0.639098, 1.815789, 2.522556
 186.333333, 7.796064, 0.754919, 1.574240, 2.393560
 191.000000, 7.870855, 0.785340, 1.544503, 2.403141
 176.333333, 7.017013, 0.822306, 1.640832, 2.517958
 167.666667, 6.556660, 0.709742, 2.711730, 3.504970
 168.666667, 7.007905, 0.638340, 1.622530, 2.326087
 173.000000, 7.078998, 0.772640, 1.724470, 2.556840
 183.333333, 7.325455, 0.694545, 2.201818, 2.980000
 183.333333, 7.212727, 0.767273, 1.658182, 2.510909
 194.000000, 6.570447, 0.627148, 1.896907, 2.580756
 190.000000, 6.938596, 0.775439, 2.273684, 3.114035
 186.666667, 7.085714, 0.639286, 1.776786, 2.480357
 169.000000, 7.641026, 0.729783, 1.299803, 2.088757
 174.000000, 7.886973, 0.747126, 1.204981, 2.024904
 158.666667, 7.815126, 0.792017, 1.258403, 2.128151
34
 0.200000, 0.000000, 70.000000, 51.000000, 301.000000
 167.000000, 9.069860, 1.095808, 1.636727, 2.898204
 179.000000, 8.726257, 0.931099, 1.396648, 2.391061
 188.333333, 6.892035, 0.670796, 1.605310, 2.339823
 163.333333, 6.977551, 0.759184, 1.436735, 2.267347
 176.333333, 7.310019, 0.722117, 1.724008, 2.504726
 175.333333, 7.595057, 0.783270, 1.671103, 2.507605
 157.666667, 7.205074, 0.706131, 1.617336, 2.393235
 170.333333, 6.859100, 0.798434, 1.583170, 2.440313
 171.666667, 6.743689, 0.695146, 2.683495, 3.452427
 203.000000, 7.637110, 0.612479, 1.523810, 2.197044
 180.666667, 7.191882, 0.690037, 1.785978, 2.542435
 191.666667, 8.363478, 0.803478, 2.269565, 3.135652
 178.333333, 7.588785, 0.762617, 1.721495, 2.549533
 179.666667, 5.790353, 0.680891, 1.983302, 2.725417
 182.666667, 6.930657, 0.819343, 2.408759, 3.306569
 184.666667, 7.767148, 0.682310, 1.803249, 2.548736
 151.000000, 7.198675, 0.801325, 1.346578, 2.205298
 161.333333, 6.623967, 0.673554, 1.254132, 1.985537
 175.000000, 9.849524, 0.939048, 1.297143, 2.312381
35
 0.200000, 0.000000, 69.000000, 59.000000, 313.000000
 160.000000, 9.629167, 1.243750, 1.745833, 3.166667
 164.333333, 8.340771, 0.817444, 1.458418, 2.342799
 180.333333, 7.025878, 0.765250, 1.724584, 2.541590
 178.000000, 7.780899, 0.745318, 1.434457, 2.245318
 187.666667, 7.305506, 0.682060, 1.738899, 2.481350
 167.000000, 6.576846, 0.782435, 1.806387, 2.672655
 180.000000, 7.866667, 0.718519, 1.537037, 2.322222
 176.333333, 7.236295, 0.814745, 1.618147, 2.514178
 164.666667, 6.032389, 0.678138, 2.639676, 3.386640
 183.000000, 6.688525, 0.619308, 1.550091, 2.240437
 186.666667, 7.892857, 0.762500, 1.721429, 2.541071
 179.666667, 6.962894, 0.690167, 2.252319, 3.024119
 183.000000, 7.225865, 0.757741, 1.528233, 2.349727
 191.666667, 7.069565, 0.676522, 1.900870, 2.648696
 179.000000, 7.357542, 0.858473, 2.424581, 3.355680
 197.666667, 7.703204, 0.708263, 1.709949, 2.478921
 167.000000, 7.738523, 1.023952, 1.558882, 2.634731
 171.333333, 7.295720, 0.671206, 1.278210, 2.017510
 187.666667, 9.026643, 0.868561, 1.207815, 2.140320
36
 0.200000, 0.000000, 69.000000, 34.000000, 301.000000
 154.666667, 9.568966, 1.219828, 1.823276, 3.267241
 161.333333, 7.710744, 0.851240, 1.394628, 2.320248
 187.333333, 7.270463, 0.708185, 1.640569, 2.428826
 181.000000, 8.211786, 0.821363, 1.434622, 2.346225
 171.666667, 7.260194, 0.720388, 1.821359, 2.623301
 180.333333, 7.369686, 0.839187, 1.776340, 2.689464
 184.666667, 7.971119, 0.712996, 1.483755, 2.258123
 168.000000, 8.194444, 0.787698, 1.498016, 2.369048
 172.000000, 7.124031, 0.734496, 2.680233, 3.488372
 181.666667, 7.532110, 0.713761, 1.552294, 2.326606
 193.333333, 8.322414, 0.693103, 1.701724, 2.463793
 185.666667, 7.240575, 0.746858, 2.321364, 3.174147
 180.000000, 8.098148, 0.705556, 1.588889, 2.357407
 188.333333, 7.010619, 0.670796, 1.985841, 2.709735
 172.000000, 7.207364, 0.755814, 2.472868, 3.306202
 179.000000, 7.625698, 0.715084, 1.854749, 2.633147
 163.666667, 7.751527, 0.841141, 1.584521, 2.492872
 169.666667, 6.988212, 0.666012, 1.257367, 1.984283
 165.000000, 7.723232, 0.715152, 1.165657, 1.947475
37
 0.200000, 0.000000, 69.000000, 1.000000, 366.000000
 155.000000, 10.393548, 1.004301, 1.649462, 2.800000
 170.333333, 8.671233, 0.900196, 1.397260, 2.352250
 173.000000, 6.921002, 0.678227, 1.647399, 2.398844
 177.000000, 7.866290, 0.757062, 1.435028, 2.252354
 177.333333, 7.650376, 0.701128, 1.783835, 2.562030
 184.333333, 7.439421, 0.766727, 1.650995, 2.477396
 176.666667, 8.733962, 0.828302, 1.571698, 2.477358
 177.333333, 7.960526, 0.729323, 1.624060, 2.413534
 175.000000, 5.910476, 0.609524, 2.523810, 3.184762
 187.333333, 7.590747, 0.720641, 1.571174, 2.355872
 174.333333, 6.946463, 0.738050, 1.711281, 2.523901
 176.000000, 6.865530, 0.634470, 2.244318, 3.009470
 186.333333, 7.593918, 0.717352, 1.552773, 2.336315
 186.666667, 6.457143, 0.632143, 2.044643, 2.728571
 172.333333, 6.323017, 0.690522, 2.502901, 3.257253
 181.333333, 7.189338, 0.715074, 1.856618, 2.654412
 164.333333, 7.643002, 0.746450, 1.332657, 2.135903
 172.333333, 7.669246, 0.690522, 1.340426, 2.100580
 156.000000, 8.886752, 0.826923, 1.305556, 2.209402
38
 0.200000, 1.000000, 69.000000, 2.000000, 369.000000
 164.000000, 9.113821, 1.067073, 1.628049, 2.800813
 177.333333, 8.624060, 1.041353, 1.537594, 2.774436
 180.333333, 7.606285, 0.761553, 1.680222, 2.526802
 177.000000, 7.977401, 0.764595, 1.461394, 2.282486
 175.000000, 6.369524, 0.685714, 1.798095, 2.535238
 193.000000, 7.702936, 0.830743, 1.592401, 2.485320
 167.000000, 6.894212, 0.652695, 1.556886, 2.293413
 178.666667, 8.901119, 0.895522, 1.600746, 2.574627
 162.666667, 5.665984, 0.747951, 2.563525, 3.381148
 185.000000, 7.634234, 0.691892, 1.609009, 2.369369
 181.333333, 7.295956, 0.702206, 1.707721, 2.490809
 192.000000, 7.810764, 0.723958, 2.204861, 2.989583
 177.333333, 7.186090, 0.729323, 1.535714, 2.332707
 170.333333, 5.954990, 0.612524, 2.046967, 2.726027
 195.333333, 7.897611, 0.790102, 2.298635, 3.151877
 185.000000, 7.181982, 0.726126, 1.785586, 2.567568
 168.000000, 8.434524, 1.039683, 1.587302, 2.686508
 178.000000, 8.773408, 0.715356, 1.234082, 2.014981
 160.666667, 8.043568, 0.790456, 1.190871, 2.056017
39
 0.200000, 0.000000, 69.000000, 0.000000, 354.000000
 161.000000, 8.989648, 1.031056, 1.548654, 2.695652
 160.000000, 8.247917, 1.129167, 1.508333, 2.710417
 181.000000, 7.668508, 0.686924, 1.657459, 2.406998
 192.666667, 8.326990, 0.826990, 1.434256, 2.321799
 178.666667, 7.029851, 0.716418, 1.757463, 2.529851
 175.333333, 7.214829, 0.773764, 1.712928, 2.543726
 174.666667, 8.053435, 0.780534, 1.595420, 2.438931
 181.666667, 8.132110, 0.822018, 1.588991, 2.480734
 181.000000, 6.570902, 0.705341, 2.523020, 3.290976
 185.666667, 7.188510, 0.707361, 1.614004, 2.389587
 171.000000, 6.781676, 0.670565, 1.777778, 2.520468
 186.000000, 8.154122, 0.838710, 2.267025, 3.195341
 188.666667, 8.828622, 0.819788, 1.669611, 2.572438
 186.333333, 6.860465, 0.685152, 2.032200, 2.781753
 194.000000, 7.051546, 0.774914, 2.285223, 3.118557
 193.000000, 7.545769, 0.713299, 1.751295, 2.523316
 180.000000, 8.003704, 0.809259, 1.246296, 2.114815
 155.333333, 7.549356, 0.665236, 1.253219, 1.984979
 169.666667, 8.754420, 0.907662, 1.178782, 2.145383
40
 0.200000, 1.000000, 69.000000, 0.000000, 366.000000
 169.333333, 9.281496, 0.968504, 1.637795, 2.751969
 175.000000, 9.118095, 0.893333, 1.485714, 2.443810
 184.333333, 7.278481, 0.732369, 1.562387, 2.350814
 177.333333, 7.795113, 0.755639, 1.496241, 2.310150
 176.000000, 7.039773, 0.674242, 1.706439, 2.441288
 186.333333, 7.302326, 0.760286, 1.692308, 2.522361
 168.000000, 7.113095, 0.696429, 1.545635, 2.313492
 171.000000, 7.900585, 0.746589, 1.684211, 2.495127
 177.666667, 7.264540, 0.718574, 2.667917, 3.454034
 184.666667, 7.314079, 0.655235, 1.649819, 2.366426
 182.666667, 7.843066, 0.768248, 1.744526, 2.578467
 185.000000, 7.421622, 0.794595, 2.299099, 3.189189
 181.666667, 7.161468, 0.677064, 1.559633, 2.291743
 187.333333, 6.558719, 0.638790, 1.923488, 2.640569
 179.666667, 6.196660, 0.779221, 2.293135, 3.146568
 175.000000, 7.579048, 0.702857, 1.868571, 2.634286
 150.666667, 7.110619, 0.823009, 1.294248, 2.174779
 167.666667, 8.003976, 0.691849, 1.206759, 1.958250
 150.666667, 8.398230, 0.891593, 1.305310, 2.289823
41
 0.200000, 0.000000, 69.000000, 64.000000, 302.000000
 167.000000, 8.449102, 0.892216, 1.606786, 2.696607
 178.666667, 7.817164, 0.988806, 1.475746, 2.524254
 184.333333, 7.291139, 0.743219, 1.708861, 2.509946
 174.666667, 7.778626, 0.883588, 1.427481, 2.366412
 175.333333, 7.342205, 0.716730, 1.665399, 2.458175
 190.000000, 7.926316, 0.800000, 1.614035, 2.485965
 173.000000, 7.774566, 0.782274, 1.591522, 2.443160
 170.333333, 8.046967, 0.810176, 1.569472, 2.455969
 187.000000, 7.313725, 0.720143, 2.402852, 3.181818
 191.333333, 8.210801, 0.801394, 1.590592, 2.463415
 179.333333, 7.659851, 0.756506, 1.695167, 2.513011
 173.000000, 7.154143, 0.695568, 2.450867, 3.219653
 183.666667, 8.163339, 0.740472, 1.627949, 2.439201
 189.000000, 6.419753, 0.703704, 1.978836, 2.763668
 180.666667, 7.376384, 0.754613, 2.348708, 3.171587
 177.333333, 7.330827, 0.755639, 1.761278, 2.582707
 171.000000, 8.446394, 0.744639, 1.306043, 2.124756
 182.666667, 7.972628, 0.709854, 1.156934, 1.934307
 156.666667, 8.291489, 0.872340, 1.255319, 2.187234
42
 0.200000, 1.000000, 69.000000, 4.000000, 374.000000
 154.000000, 9.493506, 0.989177, 1.753247, 2.854978
 170.333333, 8.772994, 0.800391, 1.363992, 2.223092
 185.333333, 7.053957, 0.723022, 1.568345, 2.363309
 179.000000, 8.502793, 0.845438, 1.435754, 2.370577
 178.666667, 8.304104, 0.843284, 1.695896, 2.613806
 173.333333, 7.934615, 0.857692, 1.719231, 2.634615
 169.666667, 7.671906, 0.673870, 1.581532, 2.339882
 175.333333, 7.503802, 0.745247, 1.591255, 2.404943
 178.333333, 6.280374, 0.699065, 2.571963, 3.325234
 204.666667, 7.900651, 0.729642, 1.478827, 2.262215
 188.666667, 7.268551, 0.713781, 1.687279, 2.469965
 190.000000, 7.782456, 0.703509, 2.164912, 2.922807
 165.000000, 8.004040, 0.741414, 1.688889, 2.507071
 181.666667, 6.436697, 0.684404, 1.906422, 2.664220
 173.000000, 6.275530, 0.732177, 2.381503, 3.221580
 191.333333, 7.965157, 0.695122, 1.770035, 2.522648
 172.000000, 7.106589, 0.717054, 1.271318, 2.056202
 166.666667, 8.254000, 0.764000, 1.320000, 2.142000
 152.666667, 9.089520, 0.886463, 1.283843, 2.283843
43
 0.200000, 0.000000, 72.000000, 56.000000, 305.000000
 154.666667, 8.963362, 1.056034, 1.683190, 2.911638
 172.666667, 8.760618, 1.019305, 1.507722, 2.592664
 185.666667, 7.947935, 0.773788, 1.606822, 2.457810
 182.666667, 8.102190, 0.839416, 1.437956, 2.339416
 189.666667, 7.291740, 0.711775, 1.655536, 2.427065
 176.666667, 7.571698, 0.707547, 1.671698, 2.441509
 161.333333, 7.388430, 0.667355, 1.592975, 2.340909
 183.666667, 8.116152, 0.754991, 1.566243, 2.406534
 175.000000, 6.508571, 0.714286, 2.533333, 3.310476
 171.000000, 7.118908, 0.619883, 1.666667, 2.356725
 178.333333, 6.381308, 0.725234, 1.742056, 2.540187
 179.333333, 7.756506, 0.728625, 2.288104, 3.094796
 169.000000, 7.222880, 0.777120, 1.619329, 2.463511
 189.333333, 6.797535, 0.646127, 2.001761, 2.716549
 180.000000, 6.490741, 0.753704, 2.338889, 3.148148
 175.000000, 6.828571, 0.689524, 1.836190, 2.586667
 162.666667, 8.266393, 0.836066, 1.295082, 2.184426
 176.666667, 8.262264, 0.718868, 1.298113, 2.088679
 179.666667, 9.233766, 0.816327, 1.168831, 2.051948
44
 0.200000, 0.000000, 73.000000, 26.000000, 293.000000
 137.000000, 8.238443, 1.017032, 1.885645, 3.111922
 159.333333, 6.786611, 0.799163, 1.684100, 2.560669
 179.333333, 7.226766, 0.704461, 1.578067, 2.340149
 173.000000, 8.699422, 0.828516, 1.497110, 2.387283
 182.666667, 7.593066, 0.746350, 1.731752, 2.531022
 181.333333, 6.784926, 0.786765, 1.681985, 2.536765
 171.333333, 7.245136, 0.778210, 1.587549, 2.459144
 184.333333, 8.775769, 0.824593, 1.616637, 2.509946
 184.333333, 6.361664, 0.705244, 2.493671, 3.267631
 188.000000, 8.072695, 0.783688, 1.537234, 2.377660
 178.000000, 7.558052, 0.765918, 1.852060, 2.704120
 181.333333, 7.441176, 0.680147, 2.207721, 2.985294
 174.333333, 7.110899, 0.701721, 1.615679, 2.380497
 184.333333, 7.075949, 0.743219, 1.989150, 2.813743
 175.333333, 7.134981, 0.692015, 2.420152, 3.184411
 174.000000, 7.000000, 0.727969, 1.900383, 2.712644
 166.333333, 7.713427, 0.843687, 1.342685, 2.250501
 168.666667, 7.254941, 0.705534, 1.235178, 2.001976
 157.666667, 7.687104, 0.773784, 1.217759, 2.059197
45
 0.200000, 0.000000, 73.000000, 19.000000, 291.000000
 149.000000, 9.758389, 1.076063, 1.814318, 3.174497
 175.666667, 8.349146, 0.944972, 1.457306, 2.468691
 175.000000, 8.226667, 0.708571, 1.756190, 2.531429
 182.333333, 7.952468, 0.778793, 1.400366, 2.235832
 176.000000, 7.617424, 0.689394, 1.736742, 2.500000
 182.000000, 7.243590, 0.822344, 1.672161, 2.560440
 172.333333, 7.667311, 0.744681, 1.539652, 2.359768
 168.333333, 8.481188, 0.831683, 1.665347, 2.556436
 178.666667, 6.542910, 0.707090, 2.645522, 3.416045
 184.333333, 8.070524, 0.688969, 1.584087, 2.334539
 186.333333, 7.355993, 0.803220, 1.744186, 2.617174
 188.666667, 7.519435, 0.805654, 2.272085, 3.157244
 184.666667, 8.339350, 0.767148, 1.588448, 2.420578
 186.000000, 6.820789, 0.636201, 1.910394, 2.625448
 171.666667, 6.271845, 0.737864, 2.510680, 3.314563
 197.333333, 7.795608, 0.677365, 1.689189, 2.430743
 163.000000, 6.856851, 0.781186, 1.316973, 2.153374
 163.333333, 7.357143, 0.697959, 1.240816, 2.002041
 157.000000, 7.796178, 0.772824, 1.301486, 2.138004
46
 0.200000, 0.000000, 73.000000, 19.000000, 290.000000
 160.333333, 9.166320, 0.977131, 1.484407, 2.702703
 165.333333, 7.782258, 0.788306, 1.588710, 2.437500
 185.000000, 7.621622, 0.749550, 1.627027, 2.452252
 179.333333, 7.366171, 0.762082, 1.455390, 2.314126
 194.666667, 7.601027, 0.666096, 1.669521, 2.393836
 173.666667, 7.986564, 0.884837, 1.658349, 2.614203
 183.000000, 7.970856, 0.704918, 1.530055, 2.295082
 170.000000, 7.994118, 0.798039, 1.637255, 2.533333
 177.333333, 6.872180, 0.703008, 2.562030, 3.353383
 192.000000, 8.239583, 0.675347, 1.612847, 2.366319
 178.000000, 7.209738, 0.720974, 1.705993, 2.496255
 180.666667, 6.610701, 0.747232, 2.392989, 3.202952
 180.000000, 7.811111, 0.807407, 1.585185, 2.483333
 184.000000, 6.291667, 0.605072, 1.938406, 2.628623
 180.333333, 7.155268, 0.831793, 2.417745, 3.327172
 181.000000, 7.388582, 0.720074, 1.797422, 2.576427
 165.333333, 8.306452, 0.774194, 1.229839, 2.064516
 167.000000, 8.321357, 0.748503, 1.241517, 2.061876
 166.333333, 9.214429, 0.939880, 1.280561, 2.276553
47
 0.200000, 0.000000, 73.000000, 1.000000, 361.000000
 134.333333, 9.250620, 1.143921, 1.933002, 3.267990
 173.666667, 8.714012, 1.057582, 1.353167, 2.468330
 181.000000, 7.397790, 0.749540, 1.637201, 2.451197
 179.333333, 7.947955, 0.897770, 1.464684, 2.423792
 175.333333, 7.287072, 0.678707, 1.686312, 2.429658
 180.000000, 7.648148, 0.750000, 1.607407, 2.414815
 168.000000, 8.115079, 0.740079, 1.527778, 2.339286
 183.333333, 7.312727, 0.718182, 1.561818, 2.340000
 180.666667, 6.913284, 0.695572, 2.660517, 3.420664
 171.000000, 6.539961, 0.672515, 1.576998, 2.313840
 173.333333, 7.365385, 0.753846, 1.794231, 2.625000
 170.000000, 6.576471, 0.737255, 2.374510, 3.174510
 175.666667, 8.146110, 0.865275, 1.666034, 2.611006
 185.666667, 7.127469, 0.685817, 1.985637, 2.743268
 173.000000, 5.820809, 0.774566, 2.329480, 3.163776
 177.000000, 6.928437, 0.662900, 1.792844, 2.538606
 152.000000, 7.050439, 0.728070, 1.353070, 2.146930
 164.333333, 7.438134, 0.711968, 1.239351, 2.016227
 180.333333, 8.598891, 0.852126, 1.262477, 2.179298
48
 0.200000, 0.000000, 79.000000, 0.000000, 360.000000
 146.666667, 9.125000, 1.004545, 1.831818, 2.940909
 173.666667, 9.660269, 1.013436, 1.504798, 2.589251
 195.000000, 7.687179, 0.735043, 1.524786, 2.321368
 171.666667, 8.710680, 0.858252, 1.419417, 2.337864
 174.666667, 7.625954, 0.687023, 1.708015, 2.454198
 180.333333, 6.748614, 0.770795, 1.632163, 2.473198
 157.000000, 6.537155, 0.723992, 1.653928, 2.501062
 186.000000, 8.749104, 0.793907, 1.517921, 2.376344
 179.333333, 6.708178, 0.698885, 2.635688, 3.395911
 179.000000, 7.208566, 0.705773, 1.554935, 2.320298
 178.000000, 7.788390, 0.735955, 1.666667, 2.466292
 189.666667, 6.620387, 0.680141, 2.258348, 2.994728
 172.000000, 7.746124, 0.722868, 1.660853, 2.436047
 186.000000, 6.851254, 0.603943, 1.917563, 2.603943
 175.666667, 6.865275, 0.741935, 2.301708, 3.153700
 180.333333, 7.016636, 0.709797, 1.807763, 2.580407
 154.000000, 7.084416, 0.679654, 1.303030, 2.038961
 160.666667, 8.298755, 0.728216, 1.248963, 2.053942
 165.000000, 8.783838, 0.791919, 1.220202, 2.076768
49
 0.200000, 0.000000, 78.000000, 1.000000, 359.000000
 165.000000, 10.193939, 1.036364, 1.632323, 2.761616
 184.333333, 8.558770, 0.971067, 1.410488, 2.439421
 176.333333, 6.854442, 0.710775, 1.659735, 2.444234
 179.333333, 8.431227, 0.843866, 1.418216, 2.369888
 179.333333, 7.434944, 0.693309, 1.730483, 2.481413
 199.666667, 7.908180, 0.787980, 1.562604, 2.430718
 171.000000, 8.171540, 0.717349, 1.578947, 2.372320
 189.000000, 8.412698, 0.823633, 1.499118, 2.391534
 177.333333, 6.740602, 0.712406, 2.498120, 3.270677
 190.666667, 7.400350, 0.650350, 1.540210, 2.256993
 184.333333, 7.311031, 0.761302, 1.770344, 2.607595
 183.000000, 7.561020, 0.799636, 2.380692, 3.234973
 181.000000, 8.145488, 0.755064, 1.659300, 2.506446
 178.333333, 6.114019, 0.659813, 2.072897, 2.794393
 183.333333, 7.287273, 0.750909, 2.318182, 3.136364
 178.000000, 6.985019, 0.720974, 1.831461, 2.606742
 168.333333, 7.558416, 0.784158, 1.299010, 2.142574
 183.000000, 8.153005, 0.661202, 1.200364, 1.919854
 167.666667, 9.787276, 0.892644, 1.218688, 2.180915
50
 0.200000, 0.000000, 78.000000, 1.000000, 347.000000
 161.333333, 10.254132, 0.960744, 1.572314, 2.644628
 165.666667, 7.696177, 1.056338, 1.466801, 2.605634
 169.333333, 6.557087, 0.696850, 1.566929, 2.320866
 183.333333, 8.150909, 0.796364, 1.438182, 2.285455
 166.333333, 6.569138, 0.659319, 1.727455, 2.456914
 177.666667, 7.390244, 0.855535, 1.699812, 2.624765
 180.666667, 7.612546, 0.791513, 1.507380, 2.378229
 185.000000, 8.077477, 0.818018, 1.627027, 2.524324
 179.666667, 6.456401, 0.666048, 2.547310, 3.287570
 177.000000, 7.472693, 0.721281, 1.589454, 2.372881
 167.000000, 6.698603, 0.798403, 1.768463, 2.630739
 185.666667, 7.244165, 0.691203, 2.271095, 3.039497
 189.333333, 8.380282, 0.776408, 1.542254, 2.396127
 189.666667, 6.868190, 0.683656, 2.029877, 2.782074
 170.666667, 6.699219, 0.718750, 2.492188, 3.271484
 182.000000, 7.410256, 0.721612, 1.809524, 2.602564
 160.666667, 8.053942, 0.767635, 1.290456, 2.116183
 167.666667, 6.727634, 0.664016, 1.230616, 1.954274
 154.666667, 7.049569, 0.762931, 1.252155, 2.086207
51
 0.200000, 0.000000, 78.000000, 0.000000, 344.000000
 175.666667, 9.254269, 1.032258, 1.595825, 2.747628
 163.000000, 7.631902, 0.938650, 1.443763, 2.447853
 196.666667, 7.213559, 0.693220, 1.528814, 2.277966
 165.666667, 8.392354, 0.802817, 1.537223, 2.404427
 167.333333, 6.709163, 0.727092, 1.756972, 2.545817
 168.666667, 6.907115, 0.792490, 1.743083, 2.594862
 161.666667, 7.723711, 0.725773, 1.591753, 2.391753
 187.333333, 7.709964, 0.738434, 1.585409, 2.389680
 176.000000, 6.634470, 0.681818, 2.642045, 3.380682
 178.333333, 7.312150, 0.663551, 1.560748, 2.289720
 182.666667, 7.118613, 0.751825, 1.658759, 2.467153
 188.000000, 7.212766, 0.695035, 2.274823, 3.040780
 187.000000, 7.941176, 0.759358, 1.654189, 2.477718
 172.333333, 5.419729, 0.597679, 1.974855, 2.649903
 167.000000, 5.846307, 0.696607, 2.425150, 3.177645
 185.000000, 7.106306, 0.720721, 1.810811, 2.589189
 171.666667, 7.163107, 0.757282, 1.269903, 2.083495
 175.000000, 7.872381, 0.685714, 1.268571, 2.038095
 163.000000, 8.177914, 0.813906, 1.202454, 2.081800
52
 0.200000, 0.000000, 3.000000, 1.000000, 242.000000
 159.333333, 9.194561, 0.989540, 1.700837, 2.826360
 165.000000, 8.402020, 0.955556, 1.452525, 2.486869
 188.000000, 7.822695, 0.686170, 1.657801, 2.409574
 182.000000, 7.163004, 0.798535, 1.404762, 2.260073
 180.333333, 7.319778, 0.663586, 1.707948, 2.432532
 181.333333, 6.746324, 0.755515, 1.685662, 2.507353
 177.000000, 8.431262, 0.762712, 1.519774, 2.346516
 173.000000, 8.427746, 0.934489, 1.620424, 2.614644
 179.666667, 6.849722, 0.692022, 2.565863, 3.328386
 172.000000, 7.226744, 0.645349, 1.658915, 2.381783
 174.666667, 7.064885, 0.681298, 1.784351, 2.553435
 186.000000, 7.465950, 0.718638, 2.211470, 3.023297
 170.666667, 7.425781, 0.714844, 1.634766, 2.427734
 182.333333, 6.444241, 0.623400, 1.963437, 2.650823
 176.666667, 6.405660, 0.784906, 2.383019, 3.226415
 189.333333, 7.221831, 0.697183, 1.769366, 2.528169
 154.666667, 7.616379, 1.056034, 1.523707, 2.653017
 165.000000, 7.840404, 0.763636, 1.246465, 2.068687
 169.666667, 7.732809, 0.760314, 1.212181, 2.031434
53
 0.200000, 0.000000, 5.000000, 0.000000, 227.000000
 156.000000, 10.258547, 1.079060, 1.688034, 2.863248
 171.000000, 7.787524, 0.713450, 1.335283, 2.101365
 179.333333, 8.070632, 0.769517, 1.576208, 2.403346
 176.333333, 6.988658, 0.758034, 1.362949, 2.181474
 182.000000, 7.750916, 0.849817, 1.736264, 2.639194
 180.333333, 6.977819, 0.813309, 1.724584, 2.602588
 194.666667, 8.092466, 0.738014, 1.455479, 2.258562
 182.000000, 8.135531, 0.765568, 1.492674, 2.329670
 175.333333, 6.005703, 0.686312, 2.627376, 3.399240
 171.333333, 6.828794, 0.680934, 1.593385, 2.342412
 170.333333, 7.015656, 0.741683, 1.747554, 2.547945
 166.333333, 6.340681, 0.811623, 2.496994, 3.366733
 173.666667, 7.790787, 0.771593, 1.714012, 2.564299
 177.666667, 6.431520, 0.654784, 1.992495, 2.714822
 177.333333, 6.240602, 0.703008, 2.451128, 3.214286
 197.333333, 7.459459, 0.630068, 1.692568, 2.375000
 158.333333, 7.128421, 0.890526, 1.336842, 2.284211
 171.333333, 8.001946, 0.667315, 1.287938, 2.021401
 157.666667, 8.348837, 0.763214, 1.255814, 2.086681
54
 0.200000, 0.000000, 8.000000, 0.000000, 228.000000
 162.000000, 9.049383, 1.090535, 1.646091, 2.839506
 167.333333, 8.043825, 0.946215, 1.404382, 2.416335
 176.333333, 7.476371, 0.767486, 1.671078, 2.495274
 187.000000, 7.978610, 0.698752, 1.372549, 2.135472
 170.000000, 6.684314, 0.672549, 1.823529, 2.556863
 190.333333, 7.849387, 0.893170, 1.600701, 2.548161
 173.000000, 7.236994, 0.685934, 1.583815, 2.348748
 184.000000, 8.016304, 0.717391, 1.496377, 2.298913
 179.666667, 7.025974, 0.692022, 2.562152, 3.315399
 182.000000, 8.379121, 0.809524, 1.620879, 2.498168
 192.666667, 7.235294, 0.721453, 1.636678, 2.415225
 182.333333, 6.709324, 0.658135, 2.343693, 3.058501
 185.000000, 8.172973, 0.801802, 1.616216, 2.481081
 185.333333, 6.929856, 0.669065, 1.969424, 2.706835
 190.666667, 7.321678, 0.751748, 2.354895, 3.173077
 176.000000, 7.380682, 0.768939, 1.914773, 2.753788
 158.000000, 7.094937, 0.710970, 1.343882, 2.116034
 174.666667, 7.727099, 0.713740, 1.215649, 1.994275
 177.666667, 8.878049, 0.829268, 1.257036, 2.153846
55
 0.200000, 0.000000, 8.000000, 7.000000, 238.000000
 154.333333, 9.285097, 1.000000, 1.699784, 2.859611
 173.000000, 8.123314, 0.938343, 1.452794, 2.468208
 183.000000, 8.100182, 0.726776, 1.575592, 2.377049
 164.000000, 6.376016, 0.768293, 1.526423, 2.357724
 187.000000, 7.190731, 0.707665, 1.670232, 2.443850
 175.000000, 6.748571, 0.756190, 1.704762, 2.523810
 174.000000, 7.917625, 0.704981, 1.576628, 2.354406
 181.666667, 7.977982, 0.882569, 1.563303, 2.515596
 177.333333, 6.250000, 0.625940, 2.473684, 3.163534
 181.333333, 7.680147, 0.702206, 1.566176, 2.330882
 191.666667, 7.906087, 0.754783, 1.695652, 2.518261
 169.000000, 6.822485, 0.698225, 2.439842, 3.213018
 175.333333, 7.100760, 0.811787, 1.653992, 2.543726
 173.666667, 7.274472, 0.685221, 2.111324, 2.873321
 169.666667, 6.186640, 0.779961, 2.422397, 3.275049
 180.000000, 7.244444, 0.638889, 1.774074, 2.470370
 169.000000, 8.213018, 0.996055, 1.502959, 2.554241
 158.333333, 7.677895, 0.738947, 1.229474, 2.027368
 181.333333, 9.141544, 0.847426, 1.202206, 2.112132
56
 0.200000, 0.000000, 26.000000, 4.000000, 248.000000
 159.000000, 9.220126, 1.058700, 1.662474, 2.834382
 167.000000, 8.021956, 1.073852, 1.586826, 2.710579
 174.000000, 6.233716, 0.704981, 1.693487, 2.463602
 179.333333, 8.306691, 0.851301, 1.427509, 2.328996
 172.666667, 7.654440, 0.681467, 1.706564, 2.459459
 191.666667, 8.107826, 0.787826, 1.582609, 2.426087
 160.666667, 6.829876, 0.813278, 1.591286, 2.495851
 186.333333, 8.330948, 0.740608, 1.615385, 2.441860
 179.666667, 6.662338, 0.697588, 2.471243, 3.254174
 184.000000, 7.682971, 0.626812, 1.532609, 2.224638
 177.000000, 6.881356, 0.691149, 1.653484, 2.421846
 187.666667, 7.268206, 0.690941, 2.172291, 2.930728
 178.000000, 7.958801, 0.968165, 1.567416, 2.616105
 182.333333, 6.288848, 0.712980, 2.084095, 2.861060
 169.333333, 5.842520, 0.740157, 2.423228, 3.238189
 175.000000, 6.750476, 0.676190, 1.758095, 2.495238
 158.000000, 8.113924, 0.814346, 1.329114, 2.227848
 172.333333, 7.947776, 0.731141, 1.251451, 2.071567
 174.666667, 8.753817, 0.797710, 1.261450, 2.131679
57
 0.200000, 0.000000, 26.000000, 0.000000, 240.000000
 162.666667, 9.206967, 0.963115, 1.684426, 2.795082
 170.000000, 8.235294, 0.958824, 1.596078, 2.609804
 175.333333, 7.475285, 0.712928, 1.642586, 2.437262
 172.333333, 7.750484, 0.756286, 1.491296, 2.303675
 189.333333, 7.375000, 0.661972, 1.734155, 2.475352
 195.000000, 7.336752, 0.820513, 1.635897, 2.528205
 165.333333, 7.695565, 0.735887, 1.540323, 2.358871
 177.000000, 7.581921, 0.783427, 1.551789, 2.403013
 177.000000, 6.171375, 0.674200, 2.534840, 3.265537
 196.000000, 8.457483, 0.664966, 1.532313, 2.258503
 178.666667, 7.080224, 0.753731, 1.688433, 2.511194
 180.000000, 6.859259, 0.681481, 2.283333, 3.016667
 187.000000, 7.333333, 0.725490, 1.552585, 2.374332
 185.333333, 6.602518, 0.624101, 1.935252, 2.616906
 183.333333, 6.743636, 0.750909, 2.341818, 3.158182
 187.000000, 6.983957, 0.672014, 1.759358, 2.490196
 166.333333, 7.697395, 0.751503, 1.258517, 2.078156
 164.666667, 7.427126, 0.728745, 1.214575, 2.016194
 163.333333, 8.114286, 0.832653, 1.212245, 2.116327
58
 0.200000, 0.000000, 26.000000, 1.000000, 242.000000
 162.666667, 9.745902, 1.055328, 1.637295, 2.776639
 165.666667, 8.173038, 0.989940, 1.537223, 2.585513
 172.333333, 7.752418, 0.698259, 1.727273, 2.500967
 199.666667, 8.222037, 0.841402, 1.350584, 2.243740
 185.666667, 7.859964, 0.682226, 1.687612, 2.436266
 179.000000, 7.188082, 0.782123, 1.573557, 2.417132
 177.333333, 7.359023, 0.716165, 1.483083, 2.270677
 167.666667, 6.691849, 0.757455, 1.644135, 2.473161
 178.333333, 6.674766, 0.680374, 2.577570, 3.332710
 176.000000, 7.291667, 0.645833, 1.551136, 2.259470
 189.000000, 8.202822, 0.848325, 1.698413, 2.613757
 179.333333, 7.496283, 0.734201, 2.195167, 3.007435
 182.000000, 8.133700, 0.710623, 1.675824, 2.457875
 180.666667, 6.466790, 0.654982, 1.970480, 2.708487
 181.666667, 7.045872, 0.838532, 2.355963, 3.277064
 183.000000, 6.695811, 0.648452, 1.779599, 2.484517
 170.333333, 7.765166, 0.774951, 1.297456, 2.133072
 177.666667, 7.386492, 0.697936, 1.217636, 1.986867
 178.000000, 8.857678, 0.808989, 1.204120, 2.076779
59
 0.200000, 0.000000, 26.000000, 1.000000, 240.000000
 157.666667, 8.974630, 1.016913, 1.589852, 2.763214
 182.333333, 8.457038, 0.795247, 1.361974, 2.226691
 186.000000, 7.571685, 0.691756, 1.543011, 2.288530
 178.666667, 7.908582, 0.871269, 1.371269, 2.305970
 168.000000, 6.958333, 0.698413, 1.787698, 2.591270
 183.333333, 8.045455, 0.847273, 1.721818, 2.625455
 172.000000, 8.063953, 0.678295, 1.525194, 2.294574
 174.000000, 7.363985, 0.827586, 1.712644, 2.616858
 181.666667, 6.579817, 0.684404, 2.473394, 3.223853
 188.000000, 7.801418, 0.648936, 1.634752, 2.340426
 175.666667, 7.798861, 0.766603, 1.774194, 2.614801
 182.333333, 7.694698, 0.714808, 2.292505, 3.122486
 180.000000, 7.687037, 0.835185, 1.635185, 2.531481
 174.333333, 5.816444, 0.711281, 2.011472, 2.789675
 172.666667, 6.608108, 0.745174, 2.507722, 3.316602
 178.666667, 6.656716, 0.707090, 1.777985, 2.548507
 160.333333, 7.501040, 0.719335, 1.355509, 2.139293
 174.666667, 7.717557, 0.732824, 1.242366, 2.053435
 179.666667, 9.007421, 0.840445, 1.250464, 2.153989
60
 0.200000, 0.000000, 26.000000, 9.000000, 236.000000
 162.000000, 8.804527, 1.016461, 1.510288, 2.609053
 170.333333, 6.947162, 1.041096, 1.510763, 2.618395
 164.000000, 6.932927, 0.707317, 1.597561, 2.376016
 176.666667, 7.669811, 0.758491, 1.345283, 2.173585
 176.666667, 6.984906, 0.616981, 1.733962, 2.409434
 167.000000, 6.514970, 0.764471, 1.800399, 2.622754
 168.000000, 7.630952, 0.708333, 1.539683, 2.305556
 181.333333, 8.983456, 0.891544, 1.621324, 2.584559
 181.666667, 6.675229, 0.653211, 2.638532, 3.354128
 186.333333, 7.862254, 0.713775, 1.545617, 2.322004
 184.666667, 7.238267, 0.792419, 1.729242, 2.590253
 185.333333, 7.316547, 0.836331, 2.201439, 3.100719
 180.333333, 7.979667, 0.752311, 1.696858, 2.513863
 188.666667, 6.332155, 0.636042, 1.952297, 2.648410
 166.333333, 5.955912, 0.705411, 2.563126, 3.336673
 181.333333, 7.125000, 0.702206, 1.832721, 2.597426
 161.000000, 7.403727, 0.708075, 1.335404, 2.113872
 177.000000, 7.986817, 0.677966, 1.284369, 2.035782
 153.333333, 8.293478, 0.873913, 1.334783, 2.282609
61
 0.200000, 1.000000, 26.000000, 1.000000, 242.000000
 159.666667, 9.039666, 0.983299, 1.651357, 2.726514
 161.333333, 8.626033, 0.995868, 1.460744, 2.537190
 180.000000, 7.237037, 0.711111, 1.664815, 2.459259
 183.000000, 8.306011, 0.836066, 1.426230, 2.333333
 181.666667, 6.996330, 0.700917, 1.695413, 2.467890
 180.666667, 7.431734, 0.809963, 1.658672, 2.522140
 166.666667, 7.758000, 0.760000, 1.634000, 2.462000
 175.666667, 8.620493, 0.891841, 1.645161, 2.601518
 178.000000, 7.009363, 0.668539, 2.531835, 3.264045
 179.000000, 8.039106, 0.700186, 1.610801, 2.374302
 184.333333, 7.500904, 0.730561, 1.746835, 2.546112
 184.666667, 7.821300, 0.768953, 2.220217, 3.090253
 180.000000, 7.705556, 0.750000, 1.670370, 2.477778
 178.333333, 6.168224, 0.689720, 2.003738, 2.760748
 177.666667, 6.581614, 0.744841, 2.369606, 3.172608
 184.666667, 8.068592, 0.700361, 1.752708, 2.514440
 150.666667, 7.564159, 0.723451, 1.272124, 2.048673
 177.000000, 7.928437, 0.726930, 1.224105, 2.016949
 174.666667, 10.085878, 0.927481, 1.282443, 2.288168
62
 0.200000, 0.000000, 26.000000, 0.000000, 239.000000
 153.333333, 8.369565, 1.041304, 1.647826, 2.819565
 166.000000, 7.495984, 0.949799, 1.341365, 2.353414
 180.333333, 6.578558, 0.715342, 1.613678, 2.388170
 171.000000, 8.173489, 0.869396, 1.407407, 2.343080
 171.333333, 7.480545, 0.702335, 1.838521, 2.610895
 172.666667, 6.185328, 0.797297, 1.648649, 2.496139
 160.000000, 6.218750, 0.733333, 1.631250, 2.431250
 187.666667, 8.341030, 0.841918, 1.564831, 2.468917
 172.666667, 7.032819, 0.700772, 2.557915, 3.324324
 181.666667, 7.873394, 0.688073, 1.594495, 2.363303
 188.666667, 8.037102, 0.689046, 1.704947, 2.469965
 187.666667, 7.991119, 0.840142, 2.255773, 3.197158
 169.666667, 6.508841, 0.695481, 1.607073, 2.379175
 182.333333, 6.833638, 0.685558, 2.045704, 2.786106
 185.333333, 7.791367, 0.789568, 2.338129, 3.185252
 173.666667, 8.232246, 0.721689, 1.802303, 2.595010
 164.666667, 8.024291, 0.769231, 1.277328, 2.117409
 157.333333, 8.048729, 0.673729, 1.322034, 2.082627
 180.000000, 8.687037, 0.827778, 1.159259, 2.051852
63
 0.200000, 1.000000, 26.000000, 5.000000, 247.000000
 159.666667, 8.484342, 0.970772, 1.680585, 2.766180
 167.666667, 7.741551, 0.846918, 1.445328, 2.457256
 189.333333, 7.431338, 0.697183, 1.554577, 2.306338
 189.666667, 7.873462, 0.884007, 1.328647, 2.275923
 177.666667, 8.840525, 0.840525, 1.819887, 2.724203
 175.333333, 7.005703, 0.817490, 1.610266, 2.490494
 176.000000, 7.543561, 0.708333, 1.426136, 2.217803
 171.000000, 7.925926, 0.787524, 1.617934, 2.491228
 176.333333, 6.763705, 0.705104, 2.540643, 3.306238
 178.333333, 7.013084, 0.757009, 1.528972, 2.343925
 191.333333, 8.057491, 0.752613, 1.726481, 2.541812
 173.333333, 7.353846, 0.790385, 2.305769, 3.182692
 157.000000, 7.369427, 0.749469, 1.740977, 2.600849
 174.333333, 6.516252, 0.650096, 2.065010, 2.785851
 177.333333, 6.590226, 0.710526, 2.306391, 3.077068
 169.000000, 7.495069, 0.692308, 1.790927, 2.544379
 152.666667, 7.305677, 0.716157, 1.340611, 2.115721
 174.000000, 7.722222, 0.660920, 1.191571, 1.917625
 166.333333, 7.881764, 0.823647, 1.232465, 2.116232
Histogram
0 0 0 0 0 0 0 0 0 0 0 0 0 0 0 0 0 0 0 20 74 66 81 157 225 176 104 69 31 21 30 61 48 39 12 2 0 0 0 0 0 0 0 0 0 0 0 0 0 0 0 0 0 0 0 0 0 0 0 0 0 0 0 0 0 0 0 0 0 0 0 0 0 0 0 0 0 0 0 0 0 0 0 0 0 0 0 0 0 0 0 0 0 0 0 0 0 0 0 0 0 0 0 0 0 0 0 0 0 0 0 0 0 0 0 0 0 0 0 64 
Cache Miss Ratio
0.042370846216191874
numOfSets
0
numOfGets
666260
numOfMultiGets
0
