20
0
 0.200000, 0.000000, 0.000000, 1.000000, 278.000000
 132.333333, 2.826196, 0.801008, 1.146096, 2.037783
 136.000000, 1.350490, 0.382353, 1.134804, 1.573529
 146.000000, 1.728311, 0.324201, 1.111872, 1.488584
 128.000000, 2.039063, 0.424479, 1.010417, 1.481771
 151.333333, 2.341410, 0.367841, 0.955947, 1.376652
 155.000000, 2.511828, 0.440860, 1.023656, 1.518280
 132.000000, 1.570707, 0.330808, 1.037879, 1.424242
 148.333333, 2.296629, 0.462921, 1.053933, 1.573034
 141.666667, 2.141176, 0.400000, 1.087059, 1.555294
 129.666667, 2.732648, 0.647815, 1.262211, 1.982005
 137.666667, 2.338983, 0.445521, 1.031477, 1.527845
 157.000000, 2.055202, 0.382166, 1.002123, 1.435244
 150.333333, 2.811530, 0.567627, 0.971175, 1.587583
 154.000000, 2.363636, 0.428571, 0.995671, 1.491342
 148.666667, 1.739910, 0.349776, 1.049327, 1.452915
 144.666667, 2.205069, 0.377880, 0.981567, 1.421659
 148.000000, 2.054054, 0.486486, 0.997748, 1.540541
 154.666667, 1.663793, 0.403017, 1.012931, 1.469828
 144.333333, 1.979215, 0.424942, 1.110855, 1.593533
1
 0.200000, 5.000000, 0.000000, 29.000000, 267.000000
 132.666667, 3.178392, 0.575377, 1.143216, 1.798995
 144.333333, 2.124711, 0.448037, 1.207852, 1.706697
 139.666667, 1.551313, 0.410501, 1.183771, 1.642005
 134.333333, 2.290323, 0.478908, 1.017370, 1.550868
 135.666667, 1.840295, 0.358722, 0.987715, 1.402948
 137.333333, 2.189320, 0.400485, 1.094660, 1.546117
 137.666667, 1.709443, 0.406780, 1.094431, 1.554479
 143.666667, 2.030162, 0.466357, 1.069606, 1.587007
 142.000000, 2.213615, 0.434272, 1.096244, 1.600939
 119.666667, 2.150418, 0.593315, 1.155989, 1.810585
 145.333333, 2.238532, 0.461009, 1.066514, 1.589450
 142.666667, 1.556075, 0.383178, 1.077103, 1.516355
 160.666667, 2.489627, 0.485477, 1.033195, 1.570539
 148.000000, 2.313063, 0.486486, 1.063063, 1.603604
 139.333333, 1.748804, 0.394737, 1.148325, 1.605263
 151.333333, 2.176211, 0.475771, 0.944934, 1.473568
 153.000000, 2.172113, 0.418301, 0.991285, 1.461874
 147.000000, 1.589569, 0.367347, 0.995465, 1.417234
 136.000000, 2.460784, 0.492647, 1.102941, 1.666667
2
 0.200000, 5.000000, 0.000000, 29.000000, 272.000000
 132.666667, 3.015075, 0.567839, 1.047739, 1.718593
 151.333333, 1.715859, 0.345815, 1.167401, 1.563877
 154.666667, 2.084052, 0.394397, 1.178879, 1.629310
 130.000000, 1.953846, 0.420513, 1.035897, 1.510256
 139.000000, 1.858513, 0.323741, 0.944844, 1.321343
 147.333333, 2.117647, 0.357466, 0.986425, 1.404977
 129.000000, 1.413437, 0.447028, 1.118863, 1.617571
 138.666667, 2.588942, 0.447115, 1.093750, 1.605769
 145.000000, 2.071264, 0.393103, 1.032184, 1.478161
 129.000000, 2.366925, 0.478036, 1.139535, 1.692506
 134.666667, 2.002475, 0.410891, 1.064356, 1.529703
 136.000000, 2.026961, 0.399510, 1.105392, 1.580882
 154.000000, 2.218615, 0.437229, 1.010823, 1.512987
 150.666667, 2.101770, 0.424779, 1.019912, 1.515487
 151.666667, 1.747253, 0.386813, 1.050549, 1.487912
 158.666667, 2.123950, 0.380252, 1.044118, 1.481092
 152.333333, 2.317287, 0.461707, 0.921225, 1.433260
 165.666667, 2.364185, 0.418511, 1.028169, 1.517103
 150.333333, 2.117517, 0.458980, 1.046563, 1.558758
3
 0.200000, 2.000000, 0.000000, 31.000000, 265.000000
 133.000000, 2.987469, 0.614035, 1.185464, 1.887218
 141.333333, 1.504717, 0.353774, 1.148585, 1.549528
 146.000000, 1.529680, 0.337900, 1.063927, 1.452055
 139.000000, 2.438849, 0.407674, 1.074341, 1.544365
 130.333333, 1.767263, 0.335038, 0.966752, 1.360614
 152.333333, 1.870897, 0.345733, 0.951860, 1.350109
 136.666667, 1.529268, 0.321951, 1.058537, 1.439024
 144.333333, 2.214781, 0.434180, 1.087760, 1.579677
 148.000000, 2.349099, 0.423423, 1.033784, 1.522523
 122.666667, 2.470109, 0.562500, 1.195652, 1.815217
 143.333333, 2.251163, 0.439535, 0.997674, 1.493023
 153.000000, 1.943355, 0.366013, 1.010893, 1.433551
 144.000000, 1.817130, 0.430556, 0.972222, 1.453704
 138.333333, 1.939759, 0.366265, 1.057831, 1.477108
 142.000000, 1.539906, 0.356808, 1.164319, 1.586854
 144.666667, 1.854839, 0.472350, 0.942396, 1.486175
 155.666667, 2.188437, 0.398287, 0.931478, 1.389722
 163.666667, 2.169043, 0.360489, 1.050916, 1.458248
 148.000000, 2.371622, 0.459459, 1.083333, 1.599099
4
 0.200000, 5.000000, 0.000000, 36.000000, 265.000000
 133.333333, 3.055000, 0.612500, 1.172500, 1.875000
 152.000000, 1.807018, 0.372807, 1.142544, 1.578947
 137.333333, 1.766990, 0.339806, 1.184466, 1.584951
 140.666667, 2.225118, 0.440758, 1.042654, 1.545024
 143.333333, 2.232558, 0.346512, 0.962791, 1.362791
 141.333333, 2.091981, 0.365566, 1.030660, 1.455189
 134.333333, 1.384615, 0.310174, 1.024814, 1.392060
 144.666667, 2.394009, 0.527650, 1.119816, 1.700461
 133.666667, 1.952618, 0.401496, 1.044888, 1.506234
 137.666667, 2.329298, 0.472155, 1.121065, 1.670702
 137.666667, 2.341404, 0.404358, 1.038741, 1.503632
 142.666667, 2.053738, 0.371495, 1.072430, 1.525701
 147.666667, 2.598194, 0.467269, 1.076749, 1.616253
 144.000000, 2.310185, 0.428241, 0.993056, 1.502315
 140.000000, 1.833333, 0.378571, 0.961905, 1.392857
 151.333333, 2.006608, 0.436123, 1.008811, 1.502203
 144.333333, 2.055427, 0.505774, 1.009238, 1.572748
 158.666667, 1.987395, 0.409664, 1.088235, 1.552521
 140.666667, 2.229858, 0.445498, 1.066351, 1.573460
5
 0.200000, 2.000000, 0.000000, 3.000000, 264.000000
 135.666667, 3.120393, 0.724816, 1.122850, 1.965602
 135.666667, 1.530713, 0.316953, 1.206388, 1.579853
 140.333333, 1.722090, 0.344418, 1.106888, 1.503563
 137.666667, 2.196126, 0.428571, 1.016949, 1.506053
 127.666667, 1.710183, 0.394256, 1.023499, 1.490862
 132.666667, 2.005025, 0.359296, 1.123116, 1.557789
 127.333333, 1.479058, 0.416230, 1.149215, 1.617801
 145.333333, 2.282110, 0.465596, 1.057339, 1.582569
 144.000000, 1.942130, 0.418981, 0.997685, 1.472222
 136.666667, 2.887805, 0.565854, 1.324390, 1.982927
 143.666667, 2.243619, 0.538283, 1.076566, 1.689095
 143.000000, 1.843823, 0.368298, 1.034965, 1.456876
 150.666667, 2.168142, 0.500000, 1.084071, 1.639381
 140.333333, 1.548694, 0.425178, 1.076010, 1.558195
 134.333333, 1.620347, 0.352357, 1.089330, 1.511166
 139.666667, 1.751790, 0.386635, 0.992840, 1.453461
 144.000000, 2.090278, 0.439815, 0.946759, 1.439815
 138.333333, 1.568675, 0.359036, 0.946988, 1.371084
 153.000000, 2.370370, 0.472767, 1.041394, 1.570806
6
 0.200000, 0.000000, 1.000000, 0.000000, 275.000000
 121.000000, 2.895317, 0.603306, 1.157025, 1.873278
 135.000000, 1.412346, 0.407407, 1.140741, 1.600000
 144.666667, 1.633641, 0.322581, 1.133641, 1.513825
 129.666667, 2.100257, 0.475578, 1.092545, 1.627249
 122.666667, 1.576087, 0.366848, 1.021739, 1.440217
 142.333333, 2.096019, 0.372365, 0.988290, 1.416862
 134.000000, 1.641791, 0.380597, 1.186567, 1.629353
 136.333333, 2.022005, 0.469438, 1.102689, 1.621027
 145.000000, 2.432184, 0.393103, 1.052874, 1.505747
 135.000000, 2.407407, 0.476543, 1.069136, 1.604938
 139.333333, 2.023923, 0.418660, 1.055024, 1.535885
 136.333333, 2.112469, 0.334963, 1.031785, 1.430318
 147.333333, 2.187783, 0.450226, 1.052036, 1.554299
 145.333333, 2.087156, 0.408257, 1.048165, 1.506881
 145.666667, 1.814645, 0.311213, 1.020595, 1.389016
 144.333333, 1.570439, 0.381062, 0.990762, 1.424942
 152.333333, 2.131291, 0.452954, 0.958425, 1.468271
 145.000000, 1.600000, 0.347126, 0.979310, 1.388506
 136.333333, 1.701711, 0.388753, 1.063570, 1.508557
7
 0.200000, 5.000000, 1.000000, 29.000000, 271.000000
 129.666667, 2.897172, 0.614396, 1.210797, 1.930591
 146.666667, 1.645455, 0.350000, 1.227273, 1.636364
 137.333333, 1.478155, 0.342233, 1.199029, 1.611650
 128.000000, 1.979167, 0.466146, 1.075521, 1.604167
 130.666667, 1.497449, 0.395408, 0.977041, 1.426020
 135.333333, 1.827586, 0.347291, 1.066502, 1.465517
 132.333333, 1.627204, 0.327456, 1.027708, 1.408060
 142.333333, 2.435597, 0.489461, 1.114754, 1.660422
 151.333333, 2.341410, 0.442731, 1.017621, 1.544053
 133.333333, 2.447500, 0.475000, 1.172500, 1.770000
 140.666667, 2.338863, 0.490521, 1.066351, 1.618483
 144.333333, 1.824480, 0.364896, 0.958430, 1.387991
 143.666667, 2.011601, 0.403712, 1.034803, 1.494200
 148.666667, 2.598655, 0.479821, 1.026906, 1.560538
 135.000000, 1.311111, 0.340741, 1.138272, 1.530864
 161.000000, 2.287785, 0.407867, 0.966874, 1.447205
 141.333333, 2.158019, 0.386792, 0.995283, 1.441038
 156.666667, 1.897872, 0.446809, 1.002128, 1.502128
 134.666667, 1.844059, 0.470297, 1.096535, 1.616337
8
 0.200000, 0.000000, 55.000000, 16.000000, 249.000000
 129.333333, 2.672680, 0.592784, 1.185567, 1.863402
 140.666667, 2.500000, 0.419431, 1.168246, 1.651659
 143.666667, 1.621810, 0.336427, 1.088167, 1.473318
 138.666667, 2.305288, 0.423077, 1.002404, 1.490385
 131.333333, 1.769036, 0.383249, 1.038071, 1.482234
 137.000000, 1.681265, 0.367397, 1.026764, 1.464720
 142.333333, 1.969555, 0.388759, 1.168618, 1.618267
 134.333333, 1.803970, 0.468983, 1.119107, 1.640199
 149.000000, 2.246085, 0.427293, 0.986577, 1.467562
 120.333333, 2.144044, 0.426593, 1.063712, 1.556787
 140.333333, 2.204276, 0.517815, 1.066508, 1.648456
 150.333333, 2.243902, 0.407982, 1.035477, 1.498891
 145.333333, 2.002294, 0.405963, 0.970183, 1.435780
 153.666667, 2.084599, 0.414317, 1.019523, 1.483731
 147.333333, 1.893665, 0.386878, 1.110860, 1.574661
 147.666667, 2.072235, 0.440181, 1.018059, 1.514673
 143.666667, 2.058005, 0.443155, 0.953596, 1.452436
 145.000000, 1.666667, 0.383908, 0.983908, 1.420690
 147.333333, 1.929864, 0.438914, 1.040724, 1.542986
9
 0.200000, 2.000000, 55.000000, 2.000000, 268.000000
 120.333333, 2.731302, 0.695291, 1.130194, 1.969529
 148.000000, 1.695946, 0.337838, 1.157658, 1.549550
 138.666667, 1.545673, 0.322115, 1.156250, 1.538462
 126.666667, 2.005263, 0.471053, 1.078947, 1.615789
 147.333333, 2.149321, 0.386878, 1.040724, 1.477376
 136.000000, 1.806373, 0.357843, 1.002451, 1.424020
 143.333333, 2.104651, 0.518605, 1.144186, 1.713953
 143.333333, 1.730233, 0.413953, 1.067442, 1.532558
 136.333333, 1.855746, 0.444988, 0.975550, 1.476773
 134.000000, 2.363184, 0.485075, 1.184080, 1.761194
 141.333333, 2.089623, 0.431604, 1.075472, 1.577830
 146.666667, 1.861364, 0.372727, 1.000000, 1.450000
 159.666667, 2.114823, 0.478079, 0.997912, 1.542797
 140.666667, 1.843602, 0.383886, 1.092417, 1.526066
 145.333333, 1.931193, 0.346330, 1.119266, 1.522936
 150.666667, 1.809735, 0.433628, 1.004425, 1.504425
 137.666667, 1.544794, 0.426150, 0.985472, 1.476998
 153.333333, 2.293478, 0.428261, 1.067391, 1.543478
 143.666667, 1.881671, 0.385151, 1.048724, 1.487239
10
 0.200000, 7.000000, 55.000000, 3.000000, 259.000000
 130.000000, 2.874359, 0.530769, 1.215385, 1.830769
 152.666667, 2.286026, 0.395197, 1.187773, 1.633188
 151.000000, 1.719647, 0.328918, 1.101545, 1.481236
 139.000000, 2.105516, 0.455635, 1.076739, 1.597122
 136.000000, 1.632353, 0.362745, 0.975490, 1.409314
 129.000000, 1.829457, 0.434109, 1.000000, 1.485788
 136.333333, 1.616137, 0.344743, 1.117359, 1.525672
 137.000000, 1.798054, 0.425791, 1.080292, 1.566910
 152.666667, 2.100437, 0.449782, 1.028384, 1.539301
 152.333333, 3.070022, 0.455142, 1.094092, 1.614880
 134.000000, 2.308458, 0.457711, 1.072139, 1.584577
 140.666667, 1.936019, 0.393365, 1.016588, 1.471564
 148.000000, 2.090090, 0.443694, 1.105856, 1.612613
 147.000000, 2.106576, 0.403628, 1.029478, 1.494331
 139.000000, 1.786571, 0.438849, 1.153477, 1.642686
 144.333333, 1.896074, 0.422633, 1.025404, 1.515012
 151.333333, 2.110132, 0.365639, 0.962555, 1.383260
 148.666667, 1.950673, 0.394619, 1.038117, 1.497758
 151.333333, 2.665198, 0.533040, 1.030837, 1.616740
11
 0.200000, 5.000000, 55.000000, 3.000000, 264.000000
 120.666667, 3.325967, 0.745856, 1.190608, 2.058011
 143.666667, 1.756381, 0.336427, 1.232019, 1.624130
 153.000000, 1.660131, 0.374728, 1.108932, 1.538126
 133.000000, 2.220551, 0.383459, 1.040100, 1.478697
 130.333333, 1.695652, 0.370844, 1.015345, 1.437340
 141.666667, 2.134118, 0.421176, 1.047059, 1.531765
 131.666667, 1.503797, 0.341772, 1.098734, 1.503797
 143.000000, 2.435897, 0.498834, 1.107226, 1.664336
 135.333333, 1.694581, 0.379310, 1.027094, 1.463054
 142.666667, 2.990654, 0.500000, 1.282710, 1.843458
 137.666667, 2.530266, 0.447942, 1.038741, 1.537530
 149.333333, 2.020089, 0.361607, 1.026786, 1.444196
 146.666667, 2.011364, 0.393182, 1.006818, 1.468182
 151.666667, 2.109890, 0.424176, 1.076923, 1.560440
 143.333333, 1.883721, 0.320930, 1.158140, 1.530233
 144.000000, 1.708333, 0.421296, 0.983796, 1.462963
 148.000000, 2.074324, 0.421171, 1.076577, 1.565315
 149.666667, 1.841871, 0.369710, 0.986637, 1.407572
 143.000000, 2.060606, 0.421911, 1.046620, 1.524476
12
 0.200000, 0.000000, 55.000000, 24.000000, 248.000000
 120.666667, 2.944751, 0.657459, 1.124309, 1.892265
 134.000000, 1.223881, 0.338308, 1.101990, 1.495025
 137.666667, 1.818402, 0.360775, 1.087167, 1.513317
 128.333333, 1.929870, 0.410390, 1.051948, 1.529870
 129.666667, 1.573265, 0.354756, 0.994859, 1.411311
 141.000000, 2.153664, 0.380615, 1.113475, 1.543735
 129.333333, 1.286082, 0.360825, 1.067010, 1.484536
 141.666667, 1.844706, 0.451765, 1.098824, 1.602353
 133.666667, 1.733167, 0.433915, 1.012469, 1.501247
 142.000000, 2.535211, 0.469484, 1.199531, 1.758216
 148.333333, 2.015730, 0.426966, 0.997753, 1.478652
 156.333333, 2.121535, 0.373134, 1.021322, 1.445629
 146.666667, 2.354545, 0.415909, 1.018182, 1.506818
 146.666667, 2.550000, 0.522727, 1.029545, 1.602273
 143.666667, 1.696056, 0.357309, 1.143852, 1.561485
 157.333333, 2.088983, 0.411017, 0.997881, 1.459746
 161.333333, 2.177686, 0.398760, 0.981405, 1.431818
 148.666667, 1.867713, 0.345291, 1.062780, 1.482063
 148.333333, 1.914607, 0.393258, 1.017978, 1.467416
13
 0.200000, 0.000000, 55.000000, 23.000000, 247.000000
 128.666667, 2.373057, 0.686528, 1.085492, 1.857513
 141.000000, 1.591017, 0.340426, 1.198582, 1.591017
 153.000000, 1.773420, 0.331155, 1.041394, 1.422658
 141.333333, 2.306604, 0.431604, 1.016509, 1.507075
 136.000000, 1.720588, 0.357843, 0.990196, 1.404412
 139.666667, 1.665871, 0.369928, 1.050119, 1.472554
 136.666667, 1.770732, 0.390244, 1.029268, 1.470732
 136.000000, 2.051471, 0.541667, 1.137255, 1.735294
 139.666667, 2.073986, 0.386635, 1.085919, 1.529833
 122.000000, 2.975410, 0.527322, 1.254098, 1.849727
 140.000000, 2.171429, 0.492857, 1.030952, 1.585714
 144.666667, 2.258065, 0.430876, 1.048387, 1.534562
 156.666667, 2.721277, 0.512766, 1.004255, 1.582979
 145.000000, 2.160920, 0.422989, 1.009195, 1.491954
 147.000000, 1.845805, 0.353741, 1.058957, 1.505669
 152.000000, 1.894737, 0.390351, 0.964912, 1.421053
 144.000000, 2.108796, 0.469907, 0.986111, 1.511574
 160.666667, 2.136929, 0.390041, 0.995851, 1.439834
 146.666667, 2.093182, 0.443182, 0.954545, 1.456818
14
 0.200000, 0.000000, 55.000000, 1.000000, 282.000000
 131.000000, 2.572519, 0.697201, 1.180662, 1.961832
 143.333333, 1.555814, 0.339535, 1.176744, 1.569767
 149.000000, 1.595078, 0.331096, 1.145414, 1.530201
 129.333333, 1.791237, 0.399485, 1.113402, 1.577320
 133.000000, 1.614035, 0.340852, 1.002506, 1.403509
 140.666667, 1.971564, 0.402844, 1.016588, 1.478673
 145.666667, 1.794050, 0.334096, 1.066362, 1.450801
 139.333333, 2.193780, 0.516746, 1.038278, 1.614833
 142.333333, 2.018735, 0.449649, 0.985948, 1.489461
 131.666667, 2.306329, 0.453165, 1.118987, 1.660759
 135.333333, 2.460591, 0.544335, 1.061576, 1.660099
 149.333333, 1.787946, 0.368304, 1.037946, 1.468750
 144.666667, 1.640553, 0.384793, 1.016129, 1.486175
 145.000000, 1.937931, 0.452874, 1.071264, 1.577011
 129.333333, 1.564433, 0.365979, 1.154639, 1.574742
 156.666667, 1.980851, 0.363830, 0.931915, 1.351064
 159.333333, 1.901674, 0.418410, 0.916318, 1.391213
 154.333333, 1.935205, 0.341253, 1.021598, 1.419006
 146.000000, 1.908676, 0.447489, 1.025114, 1.525114
15
 0.200000, 2.000000, 55.000000, 0.000000, 256.000000
 126.000000, 2.412698, 0.544974, 1.066138, 1.753968
 161.666667, 1.779381, 0.346392, 1.063918, 1.461856
 139.666667, 1.821002, 0.341289, 1.069212, 1.474940
 134.000000, 1.865672, 0.368159, 0.980100, 1.400498
 144.666667, 2.052995, 0.345622, 0.958525, 1.357143
 145.666667, 2.221968, 0.379863, 0.954233, 1.398169
 128.333333, 1.727273, 0.436364, 1.119481, 1.618182
 146.000000, 2.059361, 0.431507, 1.107306, 1.605023
 143.666667, 1.946636, 0.461717, 1.076566, 1.591647
 127.333333, 2.667539, 0.526178, 1.240838, 1.835079
 153.000000, 2.620915, 0.433551, 1.021786, 1.505447
 143.000000, 2.086247, 0.382284, 0.976690, 1.407925
 144.666667, 2.168203, 0.407834, 1.066820, 1.534562
 155.333333, 2.113734, 0.418455, 1.036481, 1.506438
 145.666667, 1.695652, 0.329519, 1.004577, 1.389016
 141.333333, 1.950472, 0.384434, 1.075472, 1.518868
 140.333333, 2.004751, 0.429929, 0.959620, 1.448931
 163.000000, 1.928425, 0.382413, 0.979550, 1.427403
 144.333333, 2.069284, 0.457275, 1.076212, 1.588915
16
 0.200000, 0.000000, 53.000000, 4.000000, 266.000000
 121.666667, 2.676712, 0.575342, 1.115068, 1.802740
 155.000000, 1.701075, 0.348387, 1.178495, 1.578495
 146.000000, 1.794521, 0.337900, 1.045662, 1.433790
 135.333333, 2.157635, 0.477833, 1.007389, 1.544335
 127.666667, 1.702350, 0.352480, 1.010444, 1.417755
 145.666667, 2.135011, 0.375286, 1.016018, 1.450801
 141.666667, 1.640000, 0.374118, 1.068235, 1.501176
 153.000000, 1.956427, 0.468410, 1.087146, 1.638344
 147.666667, 2.277652, 0.404063, 1.040632, 1.501129
 140.333333, 2.826603, 0.486936, 1.190024, 1.762470
 143.333333, 1.946512, 0.411628, 1.106977, 1.576744
 142.333333, 1.845433, 0.374707, 1.030445, 1.461358
 159.666667, 2.273486, 0.390397, 0.979123, 1.423800
 145.333333, 1.837156, 0.458716, 0.986239, 1.504587
 136.333333, 1.750611, 0.352078, 1.107579, 1.523227
 140.333333, 1.650831, 0.382423, 0.983373, 1.418052
 148.333333, 2.107865, 0.467416, 1.031461, 1.561798
 150.666667, 1.568584, 0.376106, 1.033186, 1.464602
 143.333333, 1.832558, 0.439535, 1.053488, 1.544186
17
 0.200000, 0.000000, 57.000000, 0.000000, 267.000000
 130.666667, 3.193878, 0.811224, 1.176020, 2.091837
 148.000000, 1.524775, 0.346847, 1.220721, 1.630631
 147.000000, 1.802721, 0.358277, 1.147392, 1.555556
 139.333333, 2.411483, 0.358852, 0.985646, 1.404306
 142.333333, 1.693208, 0.337237, 0.995316, 1.393443
 134.333333, 2.099256, 0.372208, 1.131514, 1.570720
 133.333333, 1.322500, 0.325000, 1.007500, 1.387500
 149.333333, 2.133929, 0.462054, 1.078125, 1.593750
 143.000000, 1.948718, 0.419580, 1.009324, 1.484848
 134.666667, 2.849010, 0.522277, 1.158416, 1.745050
 139.333333, 2.552632, 0.521531, 1.110048, 1.688995
 147.000000, 1.682540, 0.356009, 1.000000, 1.403628
 149.333333, 1.979911, 0.404018, 1.015625, 1.477679
 131.666667, 1.665823, 0.460759, 0.992405, 1.506329
 149.333333, 1.613839, 0.345982, 1.111607, 1.508929
 151.333333, 2.629956, 0.491189, 0.971366, 1.526432
 142.000000, 1.746479, 0.492958, 0.953052, 1.495305
 156.333333, 1.970149, 0.366738, 1.023454, 1.447761
 134.000000, 1.641791, 0.402985, 1.057214, 1.514925
18
 0.200000, 0.000000, 59.000000, 0.000000, 266.000000
 132.333333, 3.060453, 0.586902, 1.125945, 1.798489
 146.666667, 1.736364, 0.309091, 1.227273, 1.588636
 137.666667, 1.772397, 0.365617, 1.096852, 1.513317
 133.000000, 2.192982, 0.411028, 1.060150, 1.526316
 124.666667, 1.692513, 0.352941, 1.008021, 1.427807
 133.333333, 1.830000, 0.370000, 0.997500, 1.432500
 143.333333, 2.179070, 0.455814, 1.109302, 1.641860
 146.000000, 2.342466, 0.481735, 1.091324, 1.639269
 152.000000, 2.125000, 0.383772, 1.037281, 1.471491
 144.666667, 2.730415, 0.495392, 1.115207, 1.675115
 135.666667, 2.019656, 0.503686, 1.034398, 1.589681
 144.000000, 1.881944, 0.361111, 1.062500, 1.474537
 152.000000, 1.947368, 0.361842, 0.986842, 1.407895
 171.000000, 2.335283, 0.397661, 1.011696, 1.475634
 151.333333, 1.830396, 0.334802, 1.116740, 1.504405
 144.000000, 1.965278, 0.407407, 1.018519, 1.483796
 145.000000, 2.165517, 0.501149, 0.993103, 1.549425
 159.333333, 2.083682, 0.399582, 1.060669, 1.523013
 144.000000, 1.847222, 0.506944, 1.050926, 1.615741
19
 0.200000, 5.000000, 59.000000, 3.000000, 261.000000
 130.000000, 2.758974, 0.597436, 1.094872, 1.810256
 150.000000, 1.857778, 0.348889, 1.193333, 1.595556
 135.333333, 1.357143, 0.342365, 1.130542, 1.522167
 137.333333, 2.092233, 0.434466, 1.145631, 1.640777
 130.000000, 1.805128, 0.379487, 0.974359, 1.423077
 129.000000, 1.826873, 0.447028, 1.160207, 1.674419
 140.666667, 2.066351, 0.362559, 1.106635, 1.528436
 139.333333, 1.844498, 0.456938, 1.035885, 1.550239
 131.333333, 1.989848, 0.401015, 1.017766, 1.477157
 126.000000, 2.296296, 0.462963, 1.232804, 1.777778
 151.000000, 2.280353, 0.448124, 1.048565, 1.551876
 140.000000, 1.835714, 0.383333, 0.997619, 1.430952
 155.000000, 2.184946, 0.412903, 1.086022, 1.554839
 138.666667, 1.947115, 0.439904, 1.036058, 1.528846
 144.666667, 1.444700, 0.338710, 1.115207, 1.523041
 147.333333, 1.669683, 0.434389, 1.011312, 1.497738
 150.333333, 2.028825, 0.478936, 0.971175, 1.501109
 154.333333, 1.682505, 0.356371, 0.971922, 1.382289
 139.666667, 1.642005, 0.408115, 1.102625, 1.577566
20
 0.200000, 0.000000, 59.000000, 4.000000, 265.000000
 107.000000, 2.358255, 0.641745, 1.233645, 1.993769
 143.666667, 1.531323, 0.336427, 1.185615, 1.589327
 155.000000, 1.898925, 0.346237, 1.103226, 1.511828
 133.333333, 2.275000, 0.430000, 0.992500, 1.492500
 134.000000, 1.442786, 0.358209, 0.952736, 1.368159
 131.666667, 1.605063, 0.364557, 1.045570, 1.463291
 149.666667, 1.850780, 0.369710, 1.046771, 1.474388
 131.000000, 1.824427, 0.473282, 1.086514, 1.618321
 150.666667, 1.794248, 0.400442, 1.081858, 1.542035
 138.000000, 2.961353, 0.562802, 1.202899, 1.867150
 150.666667, 2.435841, 0.451327, 1.015487, 1.519912
 151.000000, 2.150110, 0.426049, 1.066225, 1.549669
 158.000000, 2.639241, 0.436709, 0.978903, 1.474684
 142.666667, 1.750000, 0.422897, 0.981308, 1.457944
 138.000000, 1.669082, 0.335749, 1.033816, 1.451691
 135.666667, 1.599509, 0.366093, 1.012285, 1.439803
 156.333333, 1.889126, 0.407249, 0.950959, 1.420043
 156.000000, 2.049145, 0.391026, 1.012821, 1.459402
 130.666667, 1.602041, 0.415816, 1.102041, 1.579082
21
 0.200000, 0.000000, 59.000000, 25.000000, 246.000000
 126.333333, 2.849604, 0.709763, 1.145119, 1.970976
 150.333333, 1.665188, 0.352550, 1.133038, 1.547672
 139.666667, 1.787589, 0.326969, 1.124105, 1.505967
 126.000000, 2.219577, 0.462963, 1.058201, 1.574074
 134.000000, 1.569652, 0.335821, 0.995025, 1.383085
 144.000000, 2.162037, 0.398148, 1.074074, 1.525463
 150.666667, 1.849558, 0.396018, 1.057522, 1.506637
 151.000000, 2.203091, 0.454746, 1.066225, 1.580574
 143.333333, 1.811628, 0.462791, 1.044186, 1.576744
 123.000000, 2.420054, 0.504065, 1.094851, 1.669377
 153.333333, 2.606522, 0.515217, 1.034783, 1.610870
 149.000000, 1.903803, 0.373602, 1.020134, 1.451902
 147.000000, 2.011338, 0.394558, 0.990930, 1.439909
 148.000000, 2.452703, 0.423423, 1.004505, 1.481982
 146.000000, 1.785388, 0.369863, 1.105023, 1.538813
 139.333333, 1.913876, 0.380383, 1.076555, 1.511962
 157.333333, 2.542373, 0.430085, 0.970339, 1.459746
 144.666667, 1.668203, 0.414747, 1.055300, 1.523041
 138.333333, 1.812048, 0.465060, 1.026506, 1.542169
22
 0.200000, 5.000000, 59.000000, 3.000000, 260.000000
 138.000000, 3.169082, 0.630435, 1.091787, 1.799517
 154.666667, 1.941810, 0.383621, 1.131466, 1.575431
 136.666667, 1.665854, 0.348780, 1.139024, 1.543902
 119.000000, 1.935574, 0.462185, 1.134454, 1.652661
 137.000000, 1.854015, 0.350365, 1.021898, 1.425791
 136.333333, 1.992665, 0.334963, 1.056235, 1.452323
 149.666667, 2.048998, 0.481069, 1.091314, 1.641425
 140.333333, 2.370546, 0.475059, 1.045131, 1.577197
 138.333333, 1.987952, 0.469880, 0.959036, 1.493976
 127.333333, 2.356021, 0.465969, 1.151832, 1.685864
 138.333333, 2.334940, 0.604819, 1.081928, 1.746988
 134.333333, 1.689826, 0.352357, 1.017370, 1.426799
 153.333333, 2.339130, 0.476087, 1.023913, 1.554348
 150.666667, 1.918142, 0.360619, 1.042035, 1.469027
 136.333333, 1.471883, 0.342298, 1.051345, 1.447433
 142.000000, 1.830986, 0.410798, 0.974178, 1.436620
 143.666667, 1.805104, 0.477958, 0.941995, 1.482599
 147.000000, 1.886621, 0.365079, 0.990930, 1.410431
 135.333333, 1.709360, 0.453202, 1.078818, 1.596059
23
 0.200000, 4.000000, 59.000000, 29.000000, 255.000000
 120.333333, 2.681440, 0.653740, 1.135734, 1.900277
 142.333333, 1.367681, 0.316159, 1.215457, 1.590164
 146.000000, 1.728311, 0.358447, 1.141553, 1.554795
 128.333333, 2.140260, 0.392208, 1.119481, 1.576623
 130.000000, 1.607692, 0.382051, 1.017949, 1.456410
 143.666667, 2.719258, 0.399072, 1.060325, 1.510441
 132.000000, 1.893939, 0.376263, 1.116162, 1.545455
 133.333333, 1.612500, 0.380000, 1.150000, 1.590000
 149.000000, 2.042506, 0.420582, 1.000000, 1.472036
 126.666667, 2.642105, 0.518421, 1.171053, 1.750000
 141.333333, 2.122642, 0.382075, 1.035377, 1.476415
 148.666667, 2.031390, 0.412556, 1.080717, 1.558296
 137.666667, 1.966102, 0.418886, 1.029056, 1.510896
 140.000000, 1.852381, 0.388095, 1.045238, 1.488095
 151.333333, 1.777533, 0.356828, 1.079295, 1.486784
 154.333333, 1.872570, 0.397408, 0.954644, 1.419006
 140.666667, 2.059242, 0.445498, 1.000000, 1.497630
 152.000000, 1.853070, 0.401316, 1.013158, 1.478070
 135.333333, 1.783251, 0.443350, 1.034483, 1.532020
24
 0.200000, 0.000000, 59.000000, 26.000000, 243.000000
 133.333333, 3.017500, 0.685000, 1.182500, 1.947500
 161.333333, 1.787190, 0.355372, 1.082645, 1.491736
 143.333333, 1.741860, 0.332558, 1.132558, 1.525581
 128.000000, 1.835938, 0.382813, 1.026042, 1.471354
 149.333333, 2.053571, 0.375000, 0.957589, 1.397321
 139.000000, 1.870504, 0.359712, 1.043165, 1.465228
 134.666667, 1.435644, 0.376238, 1.099010, 1.537129
 137.666667, 1.987893, 0.476998, 1.062954, 1.593220
 139.333333, 2.064593, 0.447368, 1.035885, 1.540670
 136.000000, 2.713235, 0.566176, 1.193627, 1.914216
 140.000000, 2.195238, 0.466667, 1.071429, 1.604762
 145.666667, 1.970252, 0.361556, 0.997712, 1.421053
 133.333333, 1.707500, 0.422500, 1.012500, 1.490000
 141.666667, 2.110588, 0.404706, 1.110588, 1.571765
 152.333333, 2.019694, 0.378556, 1.177243, 1.606127
 158.333333, 2.248421, 0.448421, 0.960000, 1.469474
 151.000000, 2.019868, 0.445916, 1.022075, 1.529801
 157.666667, 1.894292, 0.386892, 0.966173, 1.412262
 153.333333, 2.773913, 0.608696, 1.078261, 1.739130
25
 0.200000, 0.000000, 59.000000, 0.000000, 265.000000
 117.333333, 2.136364, 0.647727, 1.204545, 1.988636
 142.000000, 1.936620, 0.438967, 1.084507, 1.577465
 134.666667, 1.467822, 0.329208, 1.136139, 1.534653
 127.333333, 2.447644, 0.413613, 1.010471, 1.476440
 130.666667, 1.413265, 0.344388, 0.979592, 1.380102
 135.666667, 2.034398, 0.407862, 1.041769, 1.508600
 137.666667, 1.648910, 0.365617, 1.077482, 1.493947
 136.000000, 1.879902, 0.507353, 1.071078, 1.637255
 143.000000, 2.000000, 0.452214, 1.020979, 1.526807
 135.666667, 2.292383, 0.508600, 1.157248, 1.744472
 142.000000, 2.105634, 0.436620, 1.042254, 1.551643
 151.333333, 2.237885, 0.396476, 0.973568, 1.431718
 147.333333, 2.128959, 0.450226, 0.990950, 1.504525
 136.000000, 1.990196, 0.401961, 1.056373, 1.512255
 139.000000, 1.505995, 0.364508, 1.115108, 1.539568
 152.000000, 1.690789, 0.361842, 1.015351, 1.427632
 157.666667, 2.325581, 0.416490, 0.991543, 1.465116
 151.333333, 1.720264, 0.341410, 0.964758, 1.356828
 145.666667, 1.784897, 0.418764, 1.121281, 1.599542
26
 0.200000, 0.000000, 68.000000, 26.000000, 243.000000
 124.666667, 2.550802, 0.590909, 1.163102, 1.914439
 152.333333, 1.805252, 0.374179, 1.148796, 1.575492
 149.666667, 1.939866, 0.356347, 1.164811, 1.572383
 126.000000, 1.785714, 0.425926, 1.034392, 1.513228
 137.333333, 2.031553, 0.378641, 1.033981, 1.463592
 129.666667, 1.964010, 0.444730, 1.061697, 1.570694
 137.333333, 1.706311, 0.395631, 1.121359, 1.572816
 147.000000, 2.358277, 0.480726, 1.068027, 1.603175
 133.666667, 1.581047, 0.418953, 0.985037, 1.461347
 129.333333, 2.729381, 0.543814, 1.172680, 1.778351
 146.666667, 2.779545, 0.554545, 1.025000, 1.634091
 138.333333, 1.819277, 0.402410, 0.978313, 1.440964
 156.333333, 2.204691, 0.430704, 1.006397, 1.490405
 143.333333, 1.955814, 0.416279, 1.039535, 1.506977
 145.333333, 1.885321, 0.357798, 1.153670, 1.566514
 144.666667, 1.875576, 0.410138, 0.940092, 1.410138
 153.666667, 2.496746, 0.420824, 0.937093, 1.425163
 150.333333, 1.798226, 0.432373, 1.024390, 1.512195
 154.333333, 1.997840, 0.442765, 1.047516, 1.539957
27
 0.200000, 0.000000, 79.000000, 3.000000, 263.000000
 112.000000, 2.598214, 0.702381, 1.050595, 1.830357
 153.333333, 1.839130, 0.347826, 1.139130, 1.545652
 140.000000, 1.602381, 0.328571, 1.090476, 1.469048
 124.666667, 1.826203, 0.406417, 1.037433, 1.494652
 127.666667, 1.744125, 0.344648, 0.939948, 1.352480
 145.666667, 2.187643, 0.416476, 1.000000, 1.475973
 139.000000, 2.040767, 0.383693, 1.043165, 1.479616
 150.333333, 1.782705, 0.416851, 1.104213, 1.574279
 146.666667, 2.188636, 0.454545, 1.059091, 1.577273
 132.000000, 2.984848, 0.479798, 1.022727, 1.588384
 151.000000, 2.324503, 0.430464, 0.980132, 1.467991
 142.000000, 2.124413, 0.408451, 1.014085, 1.485915
 150.666667, 2.429204, 0.402655, 1.030973, 1.504425
 139.333333, 1.722488, 0.363636, 1.033493, 1.449761
 133.000000, 1.709273, 0.340852, 1.112782, 1.511278
 154.000000, 1.997835, 0.424242, 1.000000, 1.474026
 153.000000, 2.533769, 0.509804, 0.971678, 1.535948
 153.000000, 1.965142, 0.348584, 0.982571, 1.383442
 143.666667, 1.895592, 0.447796, 1.083527, 1.587007
28
 0.200000, 0.000000, 79.000000, 25.000000, 239.000000
 143.000000, 3.069930, 0.578089, 1.023310, 1.682984
 139.666667, 1.520286, 0.379475, 1.210024, 1.642005
 147.333333, 1.633484, 0.325792, 1.117647, 1.504525
 127.000000, 2.110236, 0.440945, 1.047244, 1.540682
 140.000000, 1.821429, 0.371429, 1.014286, 1.445238
 136.666667, 2.100000, 0.368293, 1.007317, 1.439024
 133.333333, 1.695000, 0.367500, 1.085000, 1.520000
 137.666667, 2.038741, 0.397094, 1.116223, 1.566586
 148.333333, 2.537079, 0.501124, 1.044944, 1.604494
 128.333333, 2.690909, 0.449351, 1.072727, 1.576623
 143.333333, 2.309302, 0.502326, 1.018605, 1.576744
 144.000000, 1.969907, 0.425926, 1.067130, 1.548611
 149.000000, 2.100671, 0.456376, 0.997763, 1.519016
 151.666667, 2.463736, 0.437363, 1.037363, 1.523077
 141.333333, 1.929245, 0.323113, 1.139151, 1.516509
 164.000000, 2.012195, 0.439024, 0.987805, 1.477642
 148.666667, 2.159193, 0.457399, 1.000000, 1.524664
 141.666667, 1.964706, 0.378824, 0.985882, 1.418824
 151.666667, 2.485714, 0.529670, 1.030769, 1.613187
29
 0.200000, 6.000000, 79.000000, 30.000000, 251.000000
 124.666667, 2.604278, 0.508021, 1.106952, 1.697861
 141.000000, 1.326241, 0.347518, 1.217494, 1.624113
 142.000000, 1.840376, 0.340376, 1.098592, 1.490610
 139.000000, 2.359712, 0.453237, 0.954436, 1.472422
 137.333333, 1.936893, 0.400485, 1.007282, 1.470874
 135.000000, 1.560494, 0.353086, 1.051852, 1.456790
 126.666667, 1.489474, 0.323684, 1.136842, 1.518421
 141.666667, 2.072941, 0.475294, 1.098824, 1.635294
 145.333333, 2.153670, 0.467890, 1.064220, 1.591743
 126.666667, 2.573684, 0.457895, 1.228947, 1.773684
 134.333333, 1.930521, 0.518610, 1.037221, 1.615385
 134.333333, 1.677419, 0.404467, 1.109181, 1.570720
 153.000000, 2.326797, 0.420479, 0.989107, 1.468410
 145.333333, 1.784404, 0.394495, 1.057339, 1.518349
 141.333333, 2.125000, 0.384434, 1.056604, 1.492925
 149.000000, 1.798658, 0.436242, 1.024609, 1.521253
 142.666667, 2.170561, 0.492991, 0.992991, 1.544393
 151.666667, 1.591209, 0.378022, 0.989011, 1.432967
 138.000000, 1.787440, 0.420290, 1.057971, 1.538647
30
 0.200000, 5.000000, 79.000000, 30.000000, 255.000000
 138.666667, 3.334135, 0.521635, 1.052885, 1.653846
 139.000000, 1.637890, 0.371703, 1.091127, 1.515588
 149.666667, 1.790646, 0.351893, 1.064588, 1.467706
 132.000000, 2.366162, 0.439394, 1.040404, 1.550505
 135.666667, 1.783784, 0.375921, 0.990172, 1.417690
 144.000000, 2.027778, 0.384259, 1.034722, 1.472222
 124.333333, 1.351206, 0.345845, 1.088472, 1.493298
 131.333333, 2.116751, 0.558376, 1.162437, 1.779188
 154.000000, 1.902597, 0.452381, 1.034632, 1.562771
 125.666667, 2.021220, 0.432361, 1.172414, 1.687003
 129.000000, 1.881137, 0.418605, 1.056848, 1.524548
 157.000000, 1.938429, 0.390658, 1.044586, 1.503185
 139.666667, 1.754177, 0.400955, 1.045346, 1.501193
 145.333333, 2.002294, 0.394495, 1.057339, 1.511468
 140.000000, 1.609524, 0.328571, 1.178571, 1.580952
 170.000000, 2.831373, 0.554902, 0.949020, 1.558824
 155.666667, 2.059957, 0.451820, 0.961456, 1.464668
 146.666667, 2.015909, 0.390909, 0.988636, 1.431818
 136.333333, 1.638142, 0.430318, 1.080685, 1.577017
31
 0.200000, 0.000000, 79.000000, 16.000000, 240.000000
 126.666667, 3.076316, 0.610526, 1.150000, 1.852632
 143.000000, 1.613054, 0.319347, 1.177156, 1.561772
 141.333333, 1.938679, 0.318396, 1.153302, 1.544811
 139.666667, 2.183771, 0.427208, 0.985680, 1.463007
 133.666667, 1.668329, 0.349127, 0.995012, 1.396509
 146.666667, 2.031818, 0.386364, 1.004545, 1.440909
 133.000000, 2.155388, 0.363409, 1.122807, 1.546366
 148.000000, 2.256757, 0.477477, 1.047297, 1.578829
 152.333333, 2.113786, 0.415755, 0.984683, 1.450766
 131.000000, 2.435115, 0.498728, 1.305344, 1.875318
 132.333333, 2.045340, 0.400504, 1.090680, 1.549118
 155.666667, 2.134904, 0.331906, 1.002141, 1.396146
 146.000000, 2.084475, 0.394977, 0.995434, 1.458904
 155.000000, 1.972043, 0.384946, 0.987097, 1.425806
 145.333333, 1.876147, 0.355505, 1.137615, 1.548165
 147.000000, 1.752834, 0.442177, 0.952381, 1.448980
 141.333333, 2.025943, 0.471698, 0.929245, 1.452830
 141.000000, 1.574468, 0.359338, 1.066194, 1.491726
 136.333333, 1.872861, 0.437653, 1.029340, 1.520782
32
 0.200000, 0.000000, 6.000000, 14.000000, 37.000000
 123.333333, 2.394595, 0.740541, 1.213514, 2.054054
 153.666667, 1.891540, 0.362256, 1.145336, 1.568330
 141.000000, 2.052009, 0.385343, 1.144208, 1.595745
 120.666667, 1.682320, 0.397790, 1.116022, 1.571823
 141.666667, 1.910588, 0.374118, 0.948235, 1.371765
 145.000000, 2.126437, 0.425287, 1.057471, 1.537931
 131.666667, 1.582278, 0.400000, 1.126582, 1.579747
 138.333333, 2.122892, 0.472289, 1.074699, 1.597590
 150.000000, 2.095556, 0.462222, 1.033333, 1.551111
 138.000000, 2.471014, 0.495169, 1.231884, 1.811594
 139.000000, 2.203837, 0.434053, 1.076739, 1.568345
 137.666667, 1.760291, 0.353511, 1.065375, 1.474576
 142.000000, 2.119718, 0.443662, 1.039906, 1.549296
 146.333333, 2.050114, 0.412301, 1.013667, 1.480638
 133.666667, 1.516209, 0.381546, 1.184539, 1.620948
 149.666667, 1.810690, 0.354120, 1.006682, 1.414254
 150.333333, 2.008869, 0.407982, 0.944568, 1.407982
 148.333333, 1.658427, 0.395506, 0.984270, 1.429213
 143.666667, 2.185615, 0.443155, 1.048724, 1.554524
33
 0.200000, 5.000000, 0.000000, 3.000000, 7.000000
 132.333333, 3.176322, 0.672544, 1.156171, 1.962217
 141.333333, 1.700472, 0.372642, 1.193396, 1.622642
 134.000000, 1.097015, 0.383085, 1.124378, 1.557214
 123.666667, 1.431267, 0.452830, 1.059299, 1.571429
 138.000000, 1.760870, 0.371981, 0.951691, 1.376812
 131.333333, 2.030457, 0.352792, 0.984772, 1.393401
 134.666667, 1.603960, 0.361386, 1.089109, 1.519802
 136.666667, 2.102439, 0.458537, 1.102439, 1.621951
 139.333333, 1.696172, 0.428230, 1.069378, 1.557416
 134.000000, 2.902985, 0.532338, 1.079602, 1.681592
 133.333333, 1.852500, 0.375000, 1.032500, 1.465000
 143.000000, 2.062937, 0.379953, 1.083916, 1.519814
 146.000000, 1.636986, 0.461187, 1.066210, 1.582192
 149.333333, 2.560268, 0.450893, 1.024554, 1.529018
 156.666667, 2.091489, 0.357447, 1.051064, 1.463830
 159.666667, 2.118998, 0.507307, 0.962422, 1.526096
 151.333333, 2.103524, 0.420705, 0.980176, 1.458150
 158.333333, 2.033684, 0.357895, 1.046316, 1.456842
 141.666667, 2.418824, 0.522353, 1.047059, 1.623529
34
 0.200000, 6.000000, 0.000000, 2.000000, 3.000000
 135.333333, 3.022167, 0.588670, 1.150246, 1.820197
 142.000000, 1.399061, 0.309859, 1.079812, 1.453052
 146.666667, 1.552273, 0.331818, 1.113636, 1.495455
 132.666667, 1.738693, 0.412060, 1.020101, 1.484925
 141.666667, 1.644706, 0.362353, 0.969412, 1.385882
 143.333333, 2.000000, 0.404651, 1.041860, 1.497674
 136.666667, 1.665854, 0.434146, 1.170732, 1.656098
 134.000000, 1.995025, 0.485075, 1.194030, 1.743781
 148.000000, 2.340090, 0.443694, 0.997748, 1.493243
 125.666667, 2.628647, 0.543767, 1.225464, 1.867374
 150.000000, 2.468889, 0.540000, 1.026667, 1.624444
 147.000000, 2.122449, 0.374150, 0.977324, 1.405896
 141.333333, 2.113208, 0.410377, 0.966981, 1.431604
 142.666667, 2.011682, 0.411215, 1.065421, 1.525701
 140.666667, 1.741706, 0.343602, 1.130332, 1.528436
 153.333333, 2.080435, 0.404348, 0.973913, 1.432609
 162.333333, 2.084189, 0.443532, 0.979466, 1.476386
 144.000000, 1.657407, 0.446759, 1.055556, 1.567130
 149.333333, 2.263393, 0.504464, 1.104911, 1.662946
35
 0.200000, 5.000000, 2.000000, 3.000000, 7.000000
 127.666667, 2.556136, 0.514360, 1.028721, 1.618799
 146.666667, 1.959091, 0.336364, 1.193182, 1.593182
 139.333333, 1.791866, 0.380383, 1.160287, 1.595694
 144.333333, 2.311778, 0.397229, 1.085450, 1.533487
 148.333333, 2.116854, 0.373034, 0.991011, 1.426966
 137.000000, 2.143552, 0.386861, 1.009732, 1.447689
 140.666667, 1.732227, 0.343602, 1.066351, 1.464455
 146.333333, 1.986333, 0.412301, 1.134396, 1.610478
 148.333333, 2.058427, 0.422472, 1.035955, 1.530337
 125.333333, 2.718085, 0.515957, 1.146277, 1.734043
 133.000000, 2.112782, 0.463659, 1.012531, 1.543860
 130.666667, 1.709184, 0.410714, 1.002551, 1.469388
 133.333333, 1.897500, 0.417500, 0.977500, 1.450000
 151.666667, 2.459341, 0.441758, 1.048352, 1.556044
 160.000000, 2.077083, 0.343750, 1.054167, 1.460417
 161.000000, 2.225673, 0.486542, 0.983437, 1.521739
 154.333333, 2.172786, 0.447084, 0.965443, 1.466523
 148.666667, 1.760090, 0.421525, 1.035874, 1.508969
 143.333333, 2.102326, 0.434884, 0.997674, 1.488372
36
 0.200000, 0.000000, 2.000000, 4.000000, 11.000000
 132.000000, 3.063131, 0.565657, 1.098485, 1.739899
 139.000000, 1.383693, 0.347722, 1.129496, 1.534772
 138.666667, 1.492788, 0.360577, 1.108173, 1.526442
 134.666667, 2.116337, 0.467822, 1.121287, 1.648515
 134.333333, 1.722084, 0.349876, 0.985112, 1.392060
 142.000000, 1.786385, 0.380282, 1.004695, 1.434272
 137.333333, 1.813107, 0.434466, 1.160194, 1.652913
 144.666667, 2.225806, 0.437788, 1.110599, 1.599078
 142.000000, 2.030516, 0.396714, 0.997653, 1.453052
 122.333333, 2.746594, 0.490463, 1.217984, 1.776567
 161.000000, 2.633540, 0.517598, 1.041408, 1.610766
 150.333333, 1.951220, 0.361419, 0.988914, 1.405765
 145.000000, 2.289655, 0.501149, 1.016092, 1.593103
 148.666667, 2.228700, 0.423767, 1.022422, 1.497758
 143.333333, 1.548837, 0.300000, 1.190698, 1.569767
 150.333333, 2.410200, 0.509978, 1.042129, 1.611973
 146.666667, 1.920455, 0.440909, 1.015909, 1.522727
 152.666667, 1.949782, 0.373362, 1.032751, 1.456332
 136.333333, 1.721271, 0.413203, 1.068460, 1.530562
37
 0.200000, 0.000000, 6.000000, 3.000000, 11.000000
 129.666667, 3.213368, 0.665810, 1.182519, 1.958869
 144.666667, 1.808756, 0.486175, 1.142857, 1.682028
 139.000000, 1.623501, 0.335731, 1.086331, 1.486811
 131.333333, 1.918782, 0.390863, 1.045685, 1.505076
 135.000000, 1.881481, 0.355556, 1.012346, 1.429630
 126.333333, 1.939314, 0.464380, 1.034301, 1.556728
 123.666667, 1.280323, 0.363881, 1.059299, 1.479784
 151.666667, 2.538462, 0.481319, 1.059341, 1.602198
 145.000000, 2.110345, 0.491954, 1.027586, 1.588506
 130.333333, 2.549872, 0.516624, 1.074169, 1.695652
 134.666667, 2.358911, 0.581683, 1.012376, 1.650990
 148.333333, 1.887640, 0.397753, 1.008989, 1.458427
 142.333333, 2.187354, 0.423888, 1.032787, 1.508197
 140.666667, 1.995261, 0.395735, 1.016588, 1.469194
 138.333333, 1.424096, 0.368675, 1.146988, 1.568675
 141.000000, 1.711584, 0.390071, 1.011820, 1.458629
 148.333333, 1.957303, 0.397753, 0.988764, 1.447191
 151.000000, 1.649007, 0.412804, 1.022075, 1.485651
 156.666667, 2.353191, 0.451064, 1.102128, 1.604255
38
 0.200000, 0.000000, 7.000000, 11.000000, 23.000000
 118.000000, 2.740113, 0.697740, 1.192090, 1.994350
 147.333333, 1.837104, 0.481900, 1.147059, 1.685520
 141.333333, 1.459906, 0.341981, 1.066038, 1.462264
 137.666667, 1.907990, 0.435835, 1.145278, 1.656174
 134.000000, 1.664179, 0.375622, 0.987562, 1.412935
 139.666667, 2.042959, 0.377088, 1.009547, 1.436754
 130.333333, 1.606138, 0.416880, 1.015345, 1.483376
 137.666667, 2.184019, 0.472155, 1.096852, 1.627119
 133.666667, 2.109726, 0.501247, 1.067332, 1.623441
 140.666667, 2.770142, 0.540284, 1.177725, 1.793839
 155.000000, 2.232258, 0.470968, 1.064516, 1.591398
 130.333333, 1.675192, 0.419437, 1.053708, 1.537084
 151.333333, 2.129956, 0.431718, 1.066079, 1.548458
 149.666667, 2.102450, 0.443207, 1.008909, 1.505568
 138.333333, 1.296386, 0.334940, 1.125301, 1.515663
 149.333333, 2.301339, 0.484375, 0.957589, 1.493304
 145.000000, 1.896552, 0.429885, 0.921839, 1.404598
 153.000000, 1.851852, 0.383442, 0.980392, 1.427015
 147.666667, 1.941309, 0.465011, 1.047404, 1.573363
39
 0.200000, 24.000000, 0.000000, 3.000000, 4.000000
 134.666667, 2.821782, 0.591584, 1.056931, 1.725248
 146.000000, 1.721461, 0.358447, 1.134703, 1.547945
 149.666667, 1.772829, 0.403118, 1.138085, 1.590200
 128.333333, 1.807792, 0.451948, 1.049351, 1.553247
 140.000000, 1.804762, 0.388095, 1.014286, 1.464286
 139.333333, 1.610048, 0.428230, 1.069378, 1.562201
 141.333333, 1.773585, 0.349057, 1.002358, 1.419811
 145.000000, 2.381609, 0.505747, 1.091954, 1.652874
 146.666667, 2.238636, 0.388636, 1.009091, 1.463636
 141.000000, 2.711584, 0.465721, 1.122931, 1.650118
 148.666667, 2.443946, 0.567265, 1.118834, 1.744395
 139.333333, 1.947368, 0.409091, 1.078947, 1.540670
 149.000000, 2.536913, 0.521253, 1.000000, 1.577181
 152.666667, 2.026201, 0.432314, 1.019651, 1.502183
 142.000000, 1.596244, 0.406103, 1.152582, 1.612676
 157.666667, 2.190275, 0.460888, 0.980973, 1.492600
 147.666667, 2.090293, 0.404063, 0.977427, 1.435666
 151.666667, 1.672527, 0.393407, 1.030769, 1.481319
 148.666667, 2.293722, 0.500000, 1.033632, 1.594170
40
 0.200000, 16.000000, 2.000000, 0.000000, 4.000000
 122.000000, 2.658470, 0.521858, 1.215847, 1.846995
 137.666667, 1.489104, 0.329298, 1.239709, 1.622276
 140.000000, 1.611905, 0.378571, 1.097619, 1.530952
 135.333333, 2.266010, 0.455665, 1.039409, 1.551724
 138.333333, 1.571084, 0.339759, 1.038554, 1.433735
 138.000000, 2.164251, 0.425121, 1.045894, 1.524155
 146.333333, 1.808656, 0.400911, 1.059226, 1.517084
 133.666667, 2.219451, 0.468828, 1.059850, 1.583541
 140.000000, 1.838095, 0.435714, 1.019048, 1.528571
 123.666667, 2.223720, 0.501348, 1.196765, 1.784367
 147.000000, 2.383220, 0.435374, 1.043084, 1.541950
 142.666667, 1.801402, 0.394860, 1.081776, 1.537383
 143.666667, 2.290023, 0.415313, 1.041763, 1.512761
 137.000000, 1.968370, 0.459854, 1.048662, 1.562044
 144.333333, 1.884527, 0.371824, 1.212471, 1.639723
 141.000000, 1.643026, 0.373522, 1.021277, 1.460993
 155.666667, 2.021413, 0.451820, 0.944325, 1.449679
 143.000000, 1.608392, 0.375291, 1.000000, 1.428904
 136.333333, 1.687042, 0.462103, 1.066015, 1.589242
41
 0.200000, 9.000000, 3.000000, 4.000000, 7.000000
 120.666667, 2.262431, 0.566298, 1.193370, 1.856354
 141.333333, 1.332547, 0.344340, 1.191038, 1.606132
 147.333333, 1.841629, 0.337104, 1.045249, 1.443439
 136.666667, 2.175610, 0.421951, 1.036585, 1.514634
 137.000000, 1.428224, 0.355231, 1.046229, 1.464720
 129.333333, 1.762887, 0.332474, 0.981959, 1.384021
 142.666667, 1.782710, 0.357477, 1.196262, 1.609813
 137.333333, 1.808252, 0.439320, 1.140777, 1.635922
 141.000000, 1.952719, 0.399527, 1.044917, 1.498818
 130.333333, 2.838875, 0.511509, 1.217391, 1.790281
 138.333333, 2.785542, 0.546988, 1.098795, 1.708434
 143.333333, 1.834884, 0.388372, 1.025581, 1.472093
 152.333333, 1.993435, 0.446389, 1.032823, 1.542670
 137.666667, 1.895884, 0.384988, 1.106538, 1.559322
 148.666667, 1.697309, 0.340807, 1.087444, 1.488789
 151.666667, 2.074725, 0.465934, 1.021978, 1.545055
 157.666667, 2.342495, 0.454545, 0.985201, 1.492600
 150.333333, 1.731707, 0.394678, 1.011086, 1.467849
 149.333333, 2.687500, 0.457589, 1.073661, 1.593750
42
 0.200000, 0.000000, 7.000000, 0.000000, 8.000000
 129.000000, 2.542636, 0.640827, 1.183463, 1.966408
 151.000000, 1.560706, 0.366446, 1.101545, 1.520971
 139.000000, 1.702638, 0.352518, 1.095923, 1.508393
 133.333333, 2.105000, 0.472500, 1.030000, 1.552500
 140.666667, 1.656398, 0.367299, 1.021327, 1.438389
 135.000000, 1.760494, 0.355556, 1.046914, 1.454321
 137.000000, 1.579075, 0.335766, 1.012165, 1.416058
 139.666667, 2.090692, 0.436754, 1.178998, 1.680191
 139.333333, 2.014354, 0.423445, 1.021531, 1.519139
 142.333333, 3.007026, 0.526932, 1.110070, 1.728337
 145.000000, 1.901149, 0.402299, 1.057471, 1.524138
 145.666667, 1.700229, 0.402746, 1.038902, 1.494279
 144.000000, 2.293981, 0.474537, 1.037037, 1.569444
 143.000000, 2.163170, 0.419580, 0.995338, 1.475524
 138.666667, 1.593750, 0.317308, 1.127404, 1.507212
 148.000000, 1.927928, 0.479730, 1.024775, 1.560811
 139.333333, 1.509569, 0.392344, 0.961722, 1.404306
 149.000000, 1.805369, 0.353468, 0.966443, 1.373602
 147.666667, 2.074492, 0.498871, 1.081264, 1.641084
43
 0.200000, 3.000000, 4.000000, 0.000000, 11.000000
 137.000000, 2.759124, 0.532847, 1.019465, 1.642336
 148.000000, 1.524775, 0.322072, 1.166667, 1.538288
 136.000000, 1.585784, 0.409314, 1.095588, 1.558824
 134.000000, 1.823383, 0.422886, 1.089552, 1.594527
 139.333333, 1.803828, 0.370813, 0.995215, 1.418660
 138.666667, 1.713942, 0.384615, 1.040865, 1.495192
 142.333333, 1.576112, 0.377049, 1.060890, 1.494145
 150.000000, 2.128889, 0.435556, 1.091111, 1.584444
 151.666667, 2.164835, 0.415385, 1.015385, 1.487912
 135.333333, 2.807882, 0.495074, 1.155172, 1.721675
 133.333333, 2.012500, 0.487500, 1.095000, 1.635000
 149.666667, 2.046771, 0.380846, 0.973274, 1.403118
 143.666667, 1.842227, 0.443155, 1.016241, 1.510441
 150.333333, 2.509978, 0.490022, 1.082040, 1.623060
 134.666667, 1.517327, 0.381188, 1.076733, 1.512376
 155.666667, 1.706638, 0.394004, 0.959315, 1.419700
 165.333333, 2.201613, 0.487903, 0.973790, 1.518145
 148.666667, 1.565022, 0.387892, 1.008969, 1.450673
 154.333333, 2.576674, 0.421166, 1.066955, 1.539957
44
 0.200000, 12.000000, 1.000000, 4.000000, 6.000000
 141.666667, 3.094118, 0.717647, 1.185882, 1.990588
 149.666667, 1.583519, 0.342984, 1.193764, 1.594655
 139.333333, 2.004785, 0.361244, 1.232057, 1.657895
 123.333333, 1.918919, 0.443243, 1.089189, 1.589189
 138.333333, 1.949398, 0.380723, 1.040964, 1.486747
 142.333333, 1.829040, 0.384075, 1.067916, 1.510539
 128.666667, 1.453368, 0.365285, 1.124352, 1.549223
 139.333333, 2.102871, 0.430622, 1.047847, 1.550239
 135.666667, 1.717445, 0.439803, 1.058968, 1.572482
 144.666667, 2.453917, 0.523041, 1.147465, 1.737327
 146.666667, 2.584091, 0.540909, 1.068182, 1.661364
 148.666667, 1.697309, 0.365471, 0.961883, 1.381166
 159.333333, 2.142259, 0.391213, 0.991632, 1.441423
 159.000000, 2.104822, 0.421384, 1.037736, 1.511530
 139.333333, 1.569378, 0.375598, 1.110048, 1.538278
 159.000000, 2.264151, 0.379455, 0.955975, 1.385744
 136.666667, 1.865854, 0.429268, 0.958537, 1.451220
 157.000000, 1.912951, 0.375796, 1.042463, 1.479830
 139.333333, 1.868421, 0.428230, 1.016746, 1.500000
45
 0.200000, 12.000000, 2.000000, 3.000000, 6.000000
 133.666667, 2.835411, 0.610973, 1.124688, 1.817955
 153.333333, 1.810870, 0.347826, 1.121739, 1.521739
 146.000000, 1.751142, 0.344749, 1.134703, 1.545662
 135.666667, 2.162162, 0.452088, 1.049140, 1.594595
 148.666667, 1.739910, 0.343049, 0.984305, 1.378924
 155.333333, 1.984979, 0.334764, 1.015021, 1.401288
 143.333333, 1.532558, 0.365116, 1.083721, 1.500000
 133.000000, 1.822055, 0.441103, 1.132832, 1.641604
 134.000000, 1.793532, 0.420398, 1.009950, 1.485075
 138.666667, 2.954327, 0.507212, 1.134615, 1.704327
 133.000000, 2.165414, 0.498747, 1.077694, 1.636591
 141.333333, 1.985849, 0.396226, 1.054245, 1.528302
 147.666667, 2.178330, 0.440181, 0.979684, 1.480813
 147.333333, 2.373303, 0.463801, 1.054299, 1.574661
 147.666667, 1.604966, 0.343115, 1.069977, 1.476298
 152.333333, 1.827133, 0.378556, 0.995624, 1.431072
 152.666667, 2.159389, 0.412664, 0.936681, 1.399563
 155.000000, 1.974194, 0.417204, 1.008602, 1.483871
 157.666667, 2.274841, 0.496829, 1.033827, 1.596195
46
 0.200000, 0.000000, 2.000000, 15.000000, 21.000000
 119.666667, 2.498607, 0.490251, 1.153203, 1.782730
 150.666667, 1.654867, 0.382743, 1.181416, 1.621681
 143.333333, 1.762791, 0.388372, 1.125581, 1.565116
 126.000000, 1.801587, 0.410053, 1.071429, 1.531746
 134.666667, 1.740099, 0.351485, 1.004950, 1.410891
 134.666667, 1.985149, 0.373762, 1.108911, 1.542079
 141.000000, 1.635934, 0.366430, 1.052009, 1.475177
 129.666667, 1.935733, 0.444730, 1.092545, 1.591260
 137.666667, 1.978208, 0.423729, 1.041162, 1.527845
 141.666667, 3.254118, 0.536471, 1.148235, 1.757647
 140.333333, 2.014252, 0.434679, 1.045131, 1.532067
 140.666667, 1.803318, 0.343602, 1.045024, 1.443128
 152.000000, 2.271930, 0.427632, 1.046053, 1.524123
 143.000000, 2.275058, 0.447552, 1.069930, 1.575758
 140.000000, 1.519048, 0.338095, 1.121429, 1.516667
 155.333333, 1.881974, 0.437768, 0.976395, 1.467811
 153.000000, 2.322440, 0.459695, 0.965142, 1.488017
 163.000000, 1.916155, 0.351738, 1.026585, 1.431493
 134.000000, 1.873134, 0.407960, 1.134328, 1.604478
47
 0.200000, 4.000000, 2.000000, 14.000000, 20.000000
 134.333333, 2.942928, 0.533499, 1.133995, 1.749380
 151.333333, 1.623348, 0.330396, 1.099119, 1.502203
 139.333333, 1.770335, 0.332536, 1.169856, 1.574163
 136.666667, 1.929268, 0.382927, 1.060976, 1.509756
 128.000000, 1.356771, 0.302083, 1.007813, 1.361979
 138.000000, 1.903382, 0.301932, 1.038647, 1.391304
 130.333333, 1.741688, 0.419437, 1.120205, 1.595908
 143.000000, 2.293706, 0.498834, 1.041958, 1.603730
 149.000000, 2.008949, 0.463087, 1.040268, 1.574944
 134.666667, 2.650990, 0.517327, 1.069307, 1.646040
 144.333333, 2.205543, 0.498845, 1.055427, 1.612009
 144.666667, 1.682028, 0.370968, 1.094470, 1.523041
 150.333333, 1.875831, 0.374723, 0.995565, 1.441242
 136.333333, 1.987775, 0.422983, 1.058680, 1.550122
 146.000000, 1.719178, 0.376712, 1.075342, 1.506849
 151.000000, 1.907285, 0.450331, 0.975717, 1.490066
 143.000000, 2.128205, 0.431235, 0.988345, 1.475524
 151.666667, 1.802198, 0.380220, 1.006593, 1.461538
 129.666667, 1.586118, 0.416452, 1.069409, 1.544987
48
 0.200000, 0.000000, 5.000000, 1.000000, 20.000000
 137.666667, 3.142857, 0.631961, 1.092010, 1.835351
 149.666667, 1.917595, 0.391982, 1.133630, 1.583519
 135.666667, 1.449631, 0.331695, 1.027027, 1.407862
 116.000000, 2.005747, 0.436782, 1.066092, 1.563218
 135.333333, 1.884236, 0.379310, 1.007389, 1.440887
 141.000000, 2.042553, 0.390071, 1.082742, 1.529551
 135.333333, 1.534483, 0.362069, 1.081281, 1.497537
 133.333333, 1.880000, 0.387500, 1.165000, 1.602500
 146.666667, 1.831818, 0.404545, 1.000000, 1.459091
 133.000000, 2.656642, 0.478697, 1.170426, 1.711779
 140.000000, 2.135714, 0.447619, 1.026190, 1.530952
 161.000000, 2.418219, 0.376812, 0.968944, 1.397516
 156.666667, 2.414894, 0.431915, 1.010638, 1.504255
 143.666667, 2.023202, 0.475638, 1.074246, 1.614849
 146.666667, 1.759091, 0.334091, 1.140909, 1.525000
 154.333333, 2.030238, 0.535637, 1.053996, 1.650108
 139.333333, 1.722488, 0.416268, 0.944976, 1.447368
 147.333333, 1.479638, 0.368778, 0.993213, 1.411765
 146.666667, 1.988636, 0.381818, 1.025000, 1.479545
49
 0.200000, 0.000000, 1.000000, 2.000000, 3.000000
 123.666667, 2.617251, 0.636119, 1.145553, 1.881402
 138.000000, 1.521739, 0.342995, 1.193237, 1.586957
 131.333333, 1.637056, 0.332487, 1.147208, 1.545685
 136.000000, 1.936275, 0.416667, 1.083333, 1.553922
 138.333333, 1.648193, 0.356627, 1.057831, 1.465060
 129.000000, 1.741602, 0.379845, 1.103359, 1.540052
 140.666667, 1.912322, 0.372038, 1.037915, 1.478673
 140.000000, 1.892857, 0.464286, 1.088095, 1.607143
 160.000000, 2.389583, 0.406250, 1.000000, 1.464583
 125.000000, 2.522667, 0.461333, 1.128000, 1.656000
 128.333333, 2.220779, 0.472727, 1.077922, 1.607792
 149.333333, 1.897321, 0.379464, 1.008929, 1.446429
 143.333333, 2.076744, 0.418605, 1.025581, 1.502326
 152.333333, 1.798687, 0.387309, 1.000000, 1.452954
 138.000000, 1.471014, 0.326087, 1.111111, 1.492754
 148.666667, 2.096413, 0.430493, 0.957399, 1.452915
 148.666667, 1.910314, 0.434978, 0.986547, 1.486547
 149.000000, 1.984340, 0.378076, 1.015660, 1.445190
 136.333333, 1.995110, 0.427873, 1.063570, 1.559902
50
 0.200000, 2.000000, 2.000000, 0.000000, 3.000000
 144.666667, 3.071429, 0.536866, 1.126728, 1.776498
 152.333333, 1.770241, 0.347921, 1.175055, 1.573304
 147.333333, 1.873303, 0.380090, 1.122172, 1.552036
 126.333333, 1.807388, 0.414248, 1.068602, 1.546174
 145.000000, 1.933333, 0.344828, 0.990805, 1.386207
 146.333333, 2.152620, 0.394077, 1.011390, 1.455581
 130.000000, 1.569231, 0.397436, 1.117949, 1.582051
 142.666667, 2.247664, 0.532710, 1.142523, 1.745327
 142.666667, 1.787383, 0.397196, 1.035047, 1.507009
 130.000000, 2.541026, 0.500000, 1.128205, 1.689744
 136.666667, 2.153659, 0.434146, 0.995122, 1.482927
 147.333333, 1.957014, 0.357466, 1.047511, 1.466063
 134.333333, 1.789082, 0.439206, 1.029777, 1.523573
 139.333333, 2.327751, 0.454545, 1.076555, 1.586124
 139.333333, 1.411483, 0.354067, 1.143541, 1.552632
 169.333333, 2.259843, 0.377953, 1.003937, 1.450787
 145.000000, 2.317241, 0.531034, 0.990805, 1.577011
 160.000000, 2.025000, 0.375000, 1.029167, 1.458333
 147.333333, 2.545249, 0.524887, 1.049774, 1.628959
51
 0.200000, 0.000000, 0.000000, 0.000000, 1.000000
 127.666667, 3.809399, 0.908616, 1.101828, 2.091384
 139.666667, 1.477327, 0.329356, 1.107399, 1.505967
 140.000000, 1.747619, 0.321429, 1.190476, 1.564286
 124.333333, 1.986595, 0.453083, 1.155496, 1.659517
 134.333333, 1.736973, 0.320099, 1.039702, 1.411911
 133.000000, 1.899749, 0.350877, 1.035088, 1.466165
 133.333333, 1.407500, 0.380000, 1.057500, 1.492500
 146.666667, 2.222727, 0.427273, 1.084091, 1.570455
 156.333333, 2.285714, 0.413646, 0.978678, 1.445629
 127.000000, 2.737533, 0.532808, 1.157480, 1.774278
 139.000000, 2.282974, 0.503597, 1.045564, 1.601918
 153.333333, 2.102174, 0.371739, 1.017391, 1.441304
 155.333333, 2.021459, 0.444206, 1.015021, 1.517167
 153.666667, 2.327549, 0.470716, 1.112798, 1.637744
 144.000000, 2.106481, 0.335648, 1.064815, 1.460648
 150.333333, 2.352550, 0.516630, 0.951220, 1.521064
 150.666667, 1.986726, 0.382743, 1.030973, 1.471239
 152.000000, 1.855263, 0.361842, 1.037281, 1.449561
 136.333333, 1.804401, 0.422983, 1.100244, 1.579462
52
 0.200000, 0.000000, 0.000000, 0.000000, 1.000000
 129.333333, 3.255155, 0.603093, 1.144330, 1.845361
 145.666667, 1.643021, 0.363844, 1.066362, 1.503432
 144.000000, 1.469907, 0.361111, 1.083333, 1.495370
 126.333333, 1.799472, 0.482850, 1.168865, 1.728232
 133.666667, 1.663342, 0.341646, 0.995012, 1.396509
 141.000000, 1.895981, 0.385343, 1.085106, 1.520095
 132.666667, 1.364322, 0.351759, 1.170854, 1.572864
 145.666667, 2.350114, 0.524027, 1.107551, 1.688787
 137.333333, 1.919903, 0.412621, 1.058252, 1.531553
 127.000000, 2.477690, 0.532808, 1.131234, 1.763780
 152.666667, 2.777293, 0.552402, 1.080786, 1.692140
 150.666667, 1.741150, 0.369469, 1.048673, 1.482301
 145.333333, 1.970183, 0.454128, 1.027523, 1.534404
 140.333333, 1.812352, 0.389549, 1.095012, 1.536817
 142.000000, 1.908451, 0.340376, 1.166667, 1.558685
 156.000000, 2.166667, 0.440171, 1.012821, 1.521368
 148.333333, 2.173034, 0.465169, 0.977528, 1.503371
 148.666667, 1.930493, 0.374439, 1.013453, 1.446188
 143.000000, 1.846154, 0.440559, 1.090909, 1.596737
53
 0.200000, 0.000000, 0.000000, 0.000000, 2.000000
 132.000000, 3.154040, 0.547980, 1.141414, 1.765152
 137.000000, 1.547445, 0.355231, 1.172749, 1.583942
 141.333333, 1.860849, 0.360849, 1.181604, 1.596698
 127.666667, 2.057441, 0.469974, 1.083551, 1.608355
 124.666667, 1.502674, 0.363636, 1.034759, 1.459893
 135.666667, 2.004914, 0.434889, 1.039312, 1.525799
 134.000000, 1.415423, 0.358209, 1.101990, 1.522388
 139.666667, 2.183771, 0.489260, 1.119332, 1.682578
 142.666667, 1.834112, 0.441589, 1.032710, 1.537383
 138.666667, 2.826923, 0.500000, 1.197115, 1.762019
 145.000000, 2.397701, 0.471264, 1.068966, 1.611494
 148.333333, 2.049438, 0.420225, 1.033708, 1.503371
 146.333333, 2.478360, 0.507973, 1.059226, 1.624146
 159.000000, 2.465409, 0.440252, 1.083857, 1.576520
 142.333333, 1.861827, 0.365340, 1.051522, 1.463700
 150.000000, 1.791111, 0.337778, 0.984444, 1.380000
 157.666667, 2.175476, 0.403805, 0.978858, 1.443975
 162.000000, 2.127572, 0.370370, 1.000000, 1.423868
 146.333333, 2.246014, 0.489749, 1.077449, 1.635535
54
 0.200000, 1.000000, 0.000000, 0.000000, 1.000000
 125.333333, 2.154255, 0.625000, 1.210106, 1.933511
 135.000000, 1.760494, 0.316049, 1.167901, 1.540741
 132.333333, 1.256927, 0.350126, 1.178841, 1.589421
 124.000000, 1.884409, 0.438172, 1.045699, 1.534946
 135.000000, 1.659259, 0.390123, 0.992593, 1.434568
 134.333333, 1.689826, 0.382134, 1.037221, 1.483871
 130.333333, 1.468031, 0.370844, 1.086957, 1.526854
 141.666667, 1.809412, 0.491765, 1.200000, 1.741176
 157.000000, 1.951168, 0.409766, 1.010616, 1.486200
 127.333333, 2.196335, 0.481675, 1.102094, 1.727749
 146.666667, 2.475000, 0.472727, 1.040909, 1.572727
 141.666667, 1.992941, 0.360000, 1.065882, 1.480000
 137.666667, 2.002421, 0.409201, 0.995157, 1.457627
 146.000000, 1.913242, 0.426941, 1.068493, 1.545662
 138.000000, 1.567633, 0.369565, 1.108696, 1.533816
 147.000000, 1.975057, 0.403628, 0.995465, 1.467120
 141.000000, 2.111111, 0.399527, 0.992908, 1.446809
 151.000000, 1.704194, 0.392936, 0.980132, 1.430464
 138.666667, 2.336538, 0.521635, 1.052885, 1.627404
55
 0.200000, 0.000000, 0.000000, 0.000000, 1.000000
 125.333333, 2.167553, 0.510638, 1.130319, 1.712766
 141.333333, 1.351415, 0.344340, 1.120283, 1.516509
 143.333333, 1.958140, 0.353488, 1.069767, 1.476744
 136.000000, 2.151961, 0.421569, 1.046569, 1.517157
 134.000000, 1.703980, 0.348259, 0.982587, 1.383085
 140.666667, 2.097156, 0.336493, 1.021327, 1.409953
 127.333333, 1.586387, 0.382199, 1.047120, 1.565445
 144.666667, 1.976959, 0.460829, 1.027650, 1.539171
 143.333333, 1.820930, 0.439535, 1.018605, 1.523256
 141.333333, 2.705189, 0.462264, 1.106132, 1.629717
 142.000000, 2.138498, 0.392019, 1.115023, 1.570423
 149.666667, 2.309577, 0.376392, 1.064588, 1.505568
 144.333333, 2.242494, 0.434180, 1.069284, 1.575058
 151.333333, 2.068282, 0.422907, 1.055066, 1.539648
 144.666667, 1.947005, 0.382488, 1.032258, 1.470046
 142.333333, 1.807963, 0.409836, 0.950820, 1.409836
 160.000000, 2.027083, 0.420833, 0.981250, 1.454167
 150.666667, 1.683628, 0.351770, 0.988938, 1.389381
 145.666667, 2.034325, 0.427918, 1.032037, 1.519451
56
 0.200000, 0.000000, 0.000000, 0.000000, 1.000000
 131.666667, 3.329114, 0.597468, 1.162025, 1.863291
 155.000000, 2.030108, 0.372043, 1.159140, 1.582796
 144.333333, 1.960739, 0.355658, 1.036952, 1.450346
 121.666667, 1.717808, 0.457534, 1.098630, 1.624658
 141.333333, 1.872642, 0.349057, 0.974057, 1.384434
 140.333333, 2.004751, 0.394299, 1.061758, 1.513064
 136.666667, 1.929268, 0.370732, 1.073171, 1.500000
 138.666667, 2.257212, 0.490385, 1.064904, 1.610577
 134.333333, 1.975186, 0.493797, 1.074442, 1.620347
 124.333333, 2.139410, 0.458445, 1.075067, 1.600536
 134.000000, 2.206468, 0.420398, 1.082090, 1.564677
 143.333333, 1.955814, 0.388372, 1.039535, 1.479070
 145.333333, 2.566514, 0.545872, 1.048165, 1.646789
 146.666667, 2.075000, 0.425000, 1.047727, 1.531818
 146.000000, 1.947489, 0.376712, 1.155251, 1.582192
 155.666667, 2.036403, 0.357602, 1.036403, 1.451820
 148.333333, 1.948315, 0.444944, 0.993258, 1.492135
 145.000000, 1.708046, 0.379310, 1.025287, 1.464368
 138.333333, 2.065060, 0.412048, 1.074699, 1.542169
57
 0.200000, 9.000000, 0.000000, 0.000000, 1.000000
 127.333333, 3.178010, 0.552356, 1.319372, 1.986911
 154.333333, 1.803456, 0.343413, 1.170626, 1.572354
 135.666667, 1.707617, 0.361179, 1.095823, 1.513514
 132.666667, 2.389447, 0.417085, 0.997487, 1.474874
 142.000000, 1.629108, 0.399061, 0.953052, 1.410798
 143.333333, 1.995349, 0.413953, 0.939535, 1.402326
 137.000000, 1.705596, 0.418491, 1.085158, 1.557178
 147.333333, 2.393665, 0.466063, 1.099548, 1.617647
 140.666667, 2.021327, 0.376777, 1.007109, 1.438389
 126.666667, 3.007895, 0.552632, 1.218421, 1.855263
 157.333333, 2.415254, 0.438559, 1.029661, 1.521186
 149.666667, 2.251670, 0.414254, 1.020045, 1.485523
 149.666667, 2.503341, 0.487751, 1.051225, 1.594655
 144.666667, 2.052995, 0.382488, 1.034562, 1.470046
 140.666667, 1.651659, 0.329384, 1.118483, 1.528436
 150.333333, 1.674058, 0.396896, 1.028825, 1.485588
 153.333333, 2.115217, 0.419565, 0.960870, 1.441304
 151.000000, 1.708609, 0.377483, 1.033113, 1.465784
 137.333333, 1.825243, 0.405340, 1.060680, 1.536408
58
 0.200000, 10.000000, 0.000000, 0.000000, 1.000000
 130.666667, 2.655612, 0.553571, 1.102041, 1.755102
 128.333333, 1.496104, 0.350649, 1.202597, 1.607792
 139.666667, 1.706444, 0.348449, 1.157518, 1.560859
 130.666667, 2.352041, 0.387755, 1.030612, 1.510204
 141.333333, 2.014151, 0.403302, 0.957547, 1.422170
 135.333333, 1.849754, 0.342365, 1.073892, 1.480296
 147.666667, 2.000000, 0.410835, 1.051919, 1.523702
 147.000000, 2.462585, 0.521542, 1.226757, 1.820862
 150.000000, 2.097778, 0.440000, 1.020000, 1.520000
 135.000000, 3.098765, 0.590123, 1.150617, 1.812346
 147.000000, 2.866213, 0.553288, 1.036281, 1.641723
 151.666667, 2.204396, 0.378022, 0.986813, 1.421978
 151.000000, 3.395143, 0.584989, 1.024283, 1.671082
 148.000000, 2.578829, 0.511261, 1.051802, 1.623874
 137.333333, 1.439320, 0.364078, 1.116505, 1.538835
 163.000000, 2.124744, 0.415133, 1.008180, 1.494888
 153.666667, 1.986985, 0.390456, 0.993492, 1.449024
 146.000000, 1.716895, 0.365297, 1.009132, 1.431507
 143.000000, 2.055944, 0.417249, 1.002331, 1.470862
59
 0.200000, 20.000000, 0.000000, 7.000000, 8.000000
 120.000000, 2.577778, 0.536111, 1.216667, 1.886111
 151.333333, 1.262115, 0.352423, 1.165198, 1.585903
 138.000000, 1.398551, 0.355072, 1.055556, 1.461353
 125.666667, 2.031830, 0.482759, 1.127321, 1.671088
 134.333333, 1.679901, 0.357320, 1.029777, 1.451613
 135.666667, 1.638821, 0.398034, 0.995086, 1.444717
 135.333333, 1.711823, 0.359606, 1.128079, 1.541872
 144.333333, 1.942263, 0.445727, 1.138568, 1.646651
 136.333333, 1.965770, 0.444988, 1.044010, 1.545232
 130.000000, 2.300000, 0.512821, 1.284615, 1.866667
 130.000000, 1.774359, 0.397436, 1.043590, 1.497436
 150.000000, 2.264444, 0.346667, 1.026667, 1.426667
 156.000000, 2.243590, 0.425214, 0.967949, 1.442308
 143.666667, 2.011601, 0.419954, 1.006961, 1.484919
 135.666667, 1.334152, 0.321867, 1.164619, 1.540541
 149.666667, 2.231626, 0.438753, 1.017817, 1.523385
 151.000000, 2.011038, 0.388521, 0.953642, 1.399558
 152.333333, 1.975930, 0.411379, 0.997812, 1.459519
 148.333333, 2.128090, 0.453933, 1.096629, 1.626966
60
 0.200000, 3.000000, 1.000000, 0.000000, 2.000000
 139.666667, 3.052506, 0.546539, 1.186158, 1.835322
 145.000000, 1.535632, 0.289655, 1.200000, 1.558621
 141.333333, 1.780660, 0.356132, 1.101415, 1.507075
 141.666667, 2.355294, 0.484706, 0.945882, 1.480000
 148.333333, 1.966292, 0.350562, 1.020225, 1.420225
 132.666667, 1.922111, 0.371859, 1.067839, 1.505025
 145.666667, 1.922197, 0.416476, 1.091533, 1.560641
 138.666667, 1.872596, 0.382212, 1.040865, 1.483173
 138.666667, 2.043269, 0.473558, 1.014423, 1.552885
 124.333333, 2.010724, 0.428954, 1.131367, 1.672922
 144.666667, 2.129032, 0.423963, 1.062212, 1.546083
 145.666667, 1.997712, 0.400458, 1.041190, 1.505721
 142.000000, 2.093897, 0.429577, 1.058685, 1.561033
 150.666667, 1.931416, 0.393805, 1.053097, 1.504425
 140.333333, 1.700713, 0.363420, 1.073634, 1.489311
 148.333333, 1.750562, 0.359551, 1.040449, 1.456180
 162.333333, 2.285421, 0.488706, 0.928131, 1.474333
 147.000000, 1.854875, 0.378685, 0.986395, 1.426304
 146.333333, 1.719818, 0.396355, 1.050114, 1.519362
61
 0.200000, 22.000000, 0.000000, 4.000000, 4.000000
 111.000000, 2.285285, 0.606607, 1.213213, 1.915916
 142.333333, 1.384075, 0.311475, 1.117096, 1.491803
 137.000000, 1.532847, 0.352798, 1.240876, 1.647202
 128.666667, 1.865285, 0.380829, 1.015544, 1.448187
 138.333333, 1.804819, 0.356627, 1.004819, 1.414458
 133.333333, 1.822500, 0.342500, 1.075000, 1.482500
 134.666667, 1.819307, 0.386139, 1.094059, 1.534653
 137.000000, 2.072993, 0.472019, 1.121655, 1.647202
 138.000000, 1.797101, 0.338164, 0.995169, 1.386473
 133.666667, 2.276808, 0.461347, 1.147132, 1.670823
 148.666667, 2.165919, 0.511211, 1.058296, 1.618834
 143.333333, 1.609302, 0.355814, 1.016279, 1.430233
 157.000000, 1.978769, 0.426752, 0.938429, 1.422505
 150.000000, 2.191111, 0.437778, 1.026667, 1.531111
 142.000000, 1.476526, 0.321596, 1.183099, 1.565728
 161.000000, 1.867495, 0.391304, 0.979296, 1.422360
 146.666667, 1.852273, 0.386364, 0.934091, 1.379545
 150.666667, 1.774336, 0.325221, 0.960177, 1.336283
 138.666667, 2.574519, 0.514423, 1.093750, 1.661058
62
 0.200000, 0.000000, 1.000000, 0.000000, 2.000000
 122.000000, 2.226776, 0.601093, 1.095628, 1.781421
 138.666667, 1.281250, 0.314904, 1.122596, 1.504808
 141.333333, 1.653302, 0.358491, 1.125000, 1.584906
 132.333333, 2.040302, 0.392947, 0.997481, 1.443325
 136.666667, 1.756098, 0.378049, 0.992683, 1.421951
 139.000000, 1.920863, 0.381295, 0.973621, 1.407674
 132.666667, 1.776382, 0.381910, 1.150754, 1.597990
 141.000000, 1.867612, 0.380615, 1.127660, 1.565012
 139.666667, 1.976134, 0.474940, 1.076372, 1.603819
 131.333333, 2.505076, 0.494924, 1.243655, 1.814721
 142.000000, 1.821596, 0.415493, 1.056338, 1.535211
 139.000000, 1.918465, 0.366906, 1.074341, 1.498801
 151.333333, 2.343612, 0.420705, 0.980176, 1.455947
 143.666667, 2.204176, 0.426914, 1.009281, 1.491879
 147.000000, 1.410431, 0.362812, 1.145125, 1.573696
 142.666667, 1.789720, 0.448598, 0.992991, 1.511682
 143.333333, 2.267442, 0.446512, 0.993023, 1.502326
 167.333333, 1.982072, 0.340637, 0.998008, 1.394422
 141.000000, 1.964539, 0.425532, 1.056738, 1.539007
63
 0.200000, 1.000000, 0.000000, 0.000000, 2.000000
 142.333333, 2.751756, 0.552693, 1.096019, 1.735363
 136.333333, 1.520782, 0.366748, 1.207824, 1.630807
 144.666667, 1.557604, 0.338710, 1.103687, 1.497696
 132.666667, 1.907035, 0.364322, 0.927136, 1.384422
 139.000000, 2.129496, 0.369305, 0.961631, 1.376499
 126.666667, 1.555263, 0.344737, 1.052632, 1.452632
 119.666667, 1.325905, 0.350975, 1.167131, 1.573816
 133.666667, 1.980050, 0.533666, 1.114713, 1.710723
 134.666667, 1.883663, 0.440594, 1.014851, 1.512376
 123.666667, 2.318059, 0.501348, 1.172507, 1.746631
 149.666667, 2.171492, 0.416481, 1.064588, 1.547884
 140.666667, 1.720379, 0.405213, 1.087678, 1.549763
 152.333333, 2.411379, 0.520788, 1.061269, 1.645514
 154.000000, 1.850649, 0.357143, 1.023810, 1.435065
 145.333333, 1.949541, 0.360092, 1.043578, 1.472477
 137.000000, 1.564477, 0.362530, 0.965937, 1.384428
 155.666667, 2.115632, 0.434690, 0.978587, 1.466809
 155.666667, 2.231263, 0.413276, 0.982869, 1.449679
 157.333333, 2.186441, 0.493644, 1.025424, 1.569915
Histogram
0 0 0 0 0 0 0 0 0 0 7 0 0 58 406 475 161 55 35 21 9 0 0 0 0 0 0 0 0 0 3 0 0 0 0 0 0 0 0 0 3 0 0 0 0 0 0 0 0 0 0 0 0 0 0 0 0 0 0 0 2 0 0 0 0 0 0 0 0 0 3 0 0 0 0 0 0 0 0 0 2 0 0 0 0 0 0 0 0 0 0 0 0 0 0 0 0 0 0 0 0 0 0 0 0 0 0 0 0 0 3 0 0 0 0 0 0 0 0 37 
Cache Miss Ratio
0.041694081220800046
numOfSets
0
numOfGets
542595
numOfMultiGets
0
