20
0
 0.250000, 0.000000, 0.000000, 3.000000, 14.000000
 248.000000, 1.955645, 0.340054, 1.162634, 1.559140
 259.333333, 1.341902, 0.161954, 1.542416, 1.735219
 267.000000, 1.378277, 0.205993, 1.287141, 1.531835
 240.333333, 1.402219, 0.235784, 1.255201, 1.522885
 233.666667, 0.881598, 0.216833, 1.258203, 1.512126
 245.333333, 0.971467, 0.207880, 1.191576, 1.444293
 266.000000, 1.223058, 0.226817, 1.290727, 1.555138
 262.333333, 1.393901, 0.191868, 1.320203, 1.551461
 256.333333, 1.257477, 0.226268, 1.226268, 1.498049
 266.000000, 1.214286, 0.238095, 1.266917, 1.545113
 278.333333, 1.348503, 0.209581, 1.186826, 1.426347
 249.666667, 1.216288, 0.238985, 1.293725, 1.579439
 250.666667, 1.115691, 0.226064, 1.353723, 1.610372
 277.333333, 1.387019, 0.176683, 1.225962, 1.431490
 255.333333, 1.116188, 0.202350, 1.406005, 1.640992
 257.333333, 1.081606, 0.211140, 1.323834, 1.571244
 254.333333, 1.360419, 0.211009, 1.479685, 1.720839
 241.666667, 1.248276, 0.206897, 1.598621, 1.842759
 257.000000, 1.392996, 0.236057, 1.380026, 1.647211
1
 0.250000, 2.000000, 0.000000, 10.000000, 22.000000
 232.666667, 1.653295, 0.356734, 1.239255, 1.651862
 247.000000, 1.268556, 0.175439, 1.643725, 1.856950
 225.666667, 0.858198, 0.175775, 1.354505, 1.561300
 240.666667, 1.257618, 0.257618, 1.349030, 1.648199
 236.333333, 1.043724, 0.208745, 1.283498, 1.540197
 259.000000, 1.279279, 0.195624, 1.180180, 1.405405
 256.666667, 1.262338, 0.237662, 1.307792, 1.574026
 264.666667, 1.397985, 0.202771, 1.324937, 1.565491
 231.000000, 0.849928, 0.215007, 1.297258, 1.568543
 243.666667, 1.175103, 0.214774, 1.261286, 1.545828
 263.000000, 1.225602, 0.228137, 1.167300, 1.425856
 251.000000, 1.232404, 0.220452, 1.239044, 1.492696
 258.333333, 1.398710, 0.197419, 1.258065, 1.491613
 243.666667, 0.967168, 0.188782, 1.243502, 1.495212
 249.333333, 0.921123, 0.199198, 1.403743, 1.632353
 270.000000, 1.074074, 0.170370, 1.255556, 1.459259
 250.000000, 1.361333, 0.221333, 1.464000, 1.720000
 253.333333, 1.426316, 0.206579, 1.575000, 1.819737
 266.666667, 1.367500, 0.225000, 1.420000, 1.673750
2
 0.250000, 0.000000, 0.000000, 1.000000, 12.000000
 238.666667, 2.058659, 0.425978, 1.215084, 1.674581
 243.000000, 1.157750, 0.189300, 1.631001, 1.847737
 248.333333, 1.232215, 0.212081, 1.381208, 1.633557
 244.333333, 1.512960, 0.334243, 1.377899, 1.748977
 258.666667, 1.498711, 0.225515, 1.238402, 1.512887
 255.000000, 1.124183, 0.207843, 1.228758, 1.475817
 259.000000, 1.320463, 0.218790, 1.431145, 1.683398
 271.333333, 1.364865, 0.203931, 1.404177, 1.646192
 259.666667, 1.282413, 0.233633, 1.238768, 1.514763
 258.333333, 1.181935, 0.220645, 1.210323, 1.465806
 253.000000, 0.890646, 0.184453, 1.230567, 1.461133
 250.333333, 1.053262, 0.214381, 1.287617, 1.532623
 272.000000, 1.480392, 0.224265, 1.243873, 1.496324
 264.333333, 1.017654, 0.190416, 1.194199, 1.421185
 248.333333, 1.102013, 0.220134, 1.366443, 1.614765
 268.000000, 1.027363, 0.187811, 1.261194, 1.485075
 234.333333, 1.379801, 0.248933, 1.524893, 1.806543
 251.000000, 1.236388, 0.213811, 1.567065, 1.819389
 241.000000, 1.045643, 0.199170, 1.312586, 1.549101
3
 0.250000, 4.000000, 0.000000, 11.000000, 21.000000
 231.666667, 1.602878, 0.333813, 1.296403, 1.686331
 256.333333, 1.347204, 0.197659, 1.611183, 1.837451
 250.333333, 1.023968, 0.185087, 1.283622, 1.498003
 252.666667, 1.513193, 0.292876, 1.353562, 1.676781
 249.000000, 1.093708, 0.214190, 1.198126, 1.445783
 257.666667, 1.075032, 0.210867, 1.174644, 1.412678
 257.666667, 1.128072, 0.212160, 1.311772, 1.554981
 245.333333, 1.141304, 0.241848, 1.392663, 1.667120
 263.000000, 1.321926, 0.250951, 1.235741, 1.515843
 254.333333, 1.123198, 0.225426, 1.259502, 1.521625
 277.000000, 1.026474, 0.182912, 1.169675, 1.380265
 269.666667, 1.840544, 0.297899, 1.226205, 1.556242
 261.666667, 1.321019, 0.216561, 1.278981, 1.526115
 265.000000, 1.130818, 0.188679, 1.197484, 1.421384
 251.000000, 1.103586, 0.225764, 1.393094, 1.652058
 263.333333, 1.150633, 0.202532, 1.326582, 1.560759
 253.333333, 1.543421, 0.253947, 1.477632, 1.761842
 236.666667, 1.064789, 0.201408, 1.607042, 1.845070
 249.666667, 1.214953, 0.221629, 1.360481, 1.620828
4
 0.250000, 2.000000, 1.000000, 9.000000, 20.000000
 241.000000, 1.618257, 0.331950, 1.246196, 1.611342
 233.666667, 1.142653, 0.182596, 1.677603, 1.891583
 256.000000, 1.278646, 0.196615, 1.283854, 1.526042
 248.666667, 1.282842, 0.281501, 1.304290, 1.631367
 257.666667, 1.311772, 0.231565, 1.243208, 1.504528
 282.666667, 1.523585, 0.226415, 1.116745, 1.371462
 231.000000, 1.151515, 0.219336, 1.376623, 1.629149
 259.666667, 1.383825, 0.220796, 1.345315, 1.602054
 243.666667, 1.053352, 0.236662, 1.258550, 1.536252
 281.333333, 2.017773, 0.396919, 1.163507, 1.595972
 269.000000, 1.130112, 0.188352, 1.226766, 1.452292
 259.333333, 1.304627, 0.205656, 1.242931, 1.479434
 255.000000, 1.328105, 0.218301, 1.355556, 1.605229
 261.333333, 1.202806, 0.182398, 1.267857, 1.478316
 260.000000, 1.289744, 0.201282, 1.379487, 1.617949
 258.666667, 1.038660, 0.189433, 1.278351, 1.518041
 241.333333, 1.244475, 0.194751, 1.523481, 1.748619
 242.000000, 1.230028, 0.203857, 1.538567, 1.780992
 258.333333, 1.194839, 0.230968, 1.294194, 1.556129
5
 0.250000, 1.000000, 0.000000, 7.000000, 17.000000
 250.000000, 1.710667, 0.328000, 1.213333, 1.585333
 258.333333, 1.556129, 0.215484, 1.580645, 1.827097
 270.333333, 1.519112, 0.223181, 1.276202, 1.530210
 252.333333, 1.361955, 0.243065, 1.398943, 1.675033
 253.000000, 1.370224, 0.230567, 1.210804, 1.474308
 267.333333, 1.244389, 0.220698, 1.149626, 1.399002
 265.666667, 1.425345, 0.257215, 1.243413, 1.529486
 250.000000, 1.285333, 0.186667, 1.377333, 1.606667
 247.666667, 1.234186, 0.244953, 1.306864, 1.596231
 288.333333, 1.304046, 0.224277, 1.157225, 1.412717
 272.666667, 1.206601, 0.183374, 1.158924, 1.369193
 260.000000, 1.325641, 0.219231, 1.230769, 1.488462
 240.666667, 1.441828, 0.239612, 1.375346, 1.644044
 263.333333, 1.177215, 0.186076, 1.212658, 1.431646
 257.000000, 1.180285, 0.211414, 1.364462, 1.608301
 251.000000, 0.891102, 0.197875, 1.334661, 1.571049
 244.666667, 1.226158, 0.215259, 1.489101, 1.734332
 249.333333, 1.187166, 0.197861, 1.554813, 1.788770
 263.000000, 1.348542, 0.221800, 1.354880, 1.609632
6
 0.250000, 1.000000, 0.000000, 7.000000, 17.000000
 246.666667, 1.979730, 0.331081, 1.186486, 1.551351
 246.666667, 1.052703, 0.167568, 1.575676, 1.771622
 264.000000, 1.165404, 0.199495, 1.301768, 1.537879
 229.333333, 1.420058, 0.263081, 1.430233, 1.726744
 255.333333, 1.265013, 0.212794, 1.274151, 1.516971
 254.666667, 1.020942, 0.193717, 1.175393, 1.410995
 250.333333, 1.249001, 0.239680, 1.376831, 1.645806
 285.333333, 1.574766, 0.205607, 1.285047, 1.519860
 269.000000, 1.515489, 0.247831, 1.218092, 1.495663
 243.333333, 0.831507, 0.215068, 1.275342, 1.521918
 258.000000, 1.104651, 0.201550, 1.186047, 1.431525
 270.000000, 1.339506, 0.220988, 1.171605, 1.435802
 248.000000, 1.110215, 0.192204, 1.338710, 1.561828
 266.000000, 1.028822, 0.210526, 1.225564, 1.468672
 251.000000, 0.933599, 0.207171, 1.415671, 1.653386
 271.666667, 1.117791, 0.188957, 1.247853, 1.471166
 243.666667, 1.243502, 0.231190, 1.563611, 1.834473
 246.666667, 1.289189, 0.197297, 1.571622, 1.813514
 239.000000, 1.174338, 0.213389, 1.460251, 1.709902
7
 0.250000, 1.000000, 0.000000, 8.000000, 18.000000
 237.666667, 2.015428, 0.429173, 1.251052, 1.723703
 256.000000, 1.511719, 0.191406, 1.565104, 1.794271
 245.000000, 1.178231, 0.453061, 1.317007, 1.800000
 248.000000, 1.209677, 0.258065, 1.259409, 1.549731
 258.000000, 1.164083, 0.213178, 1.227390, 1.472868
 241.000000, 1.004149, 0.211618, 1.213001, 1.461964
 237.666667, 0.903226, 0.227209, 1.335203, 1.600281
 274.333333, 1.402187, 0.191981, 1.294046, 1.539490
 244.000000, 1.136612, 0.236339, 1.304645, 1.571038
 256.666667, 1.216883, 0.229870, 1.212987, 1.479221
 292.333333, 1.337514, 0.188141, 1.118586, 1.334094
 275.333333, 1.663438, 0.242131, 1.200969, 1.486683
 255.000000, 1.461438, 0.262745, 1.303268, 1.602614
 276.333333, 1.363088, 0.180941, 1.196622, 1.408926
 270.333333, 1.482121, 0.209618, 1.348952, 1.588163
 246.000000, 0.791328, 0.193767, 1.314363, 1.537940
 252.333333, 1.277411, 0.212682, 1.454425, 1.694848
 252.333333, 1.233818, 0.195509, 1.524439, 1.763540
 271.000000, 1.565806, 0.218942, 1.228782, 1.478475
8
 0.250000, 0.000000, 0.000000, 0.000000, 18.000000
 235.666667, 1.628006, 0.356436, 1.241867, 1.633663
 264.000000, 1.420455, 0.171717, 1.603535, 1.804293
 267.666667, 1.407223, 0.210461, 1.262765, 1.509340
 233.333333, 1.120000, 0.254286, 1.277143, 1.578571
 236.666667, 1.049296, 0.205634, 1.277465, 1.514085
 258.000000, 1.167959, 0.197674, 1.152455, 1.382429
 270.333333, 1.516646, 0.266338, 1.302096, 1.599260
 275.333333, 1.433414, 0.188862, 1.308717, 1.533898
 256.000000, 1.414063, 0.259115, 1.256510, 1.546875
 260.000000, 1.187179, 0.216667, 1.214103, 1.462821
 273.333333, 1.456098, 0.195122, 1.167073, 1.423171
 261.666667, 1.240764, 0.252229, 1.226752, 1.514650
 254.333333, 1.055046, 0.199214, 1.315858, 1.543906
 256.666667, 1.106494, 0.206494, 1.262338, 1.505195
 259.333333, 1.338046, 0.226221, 1.390746, 1.646530
 270.333333, 1.096178, 0.180025, 1.228113, 1.435265
 230.000000, 1.094203, 0.207246, 1.627536, 1.871014
 240.333333, 1.280166, 0.196949, 1.563107, 1.808599
 247.666667, 1.123822, 0.212651, 1.312248, 1.567968
9
 0.250000, 0.000000, 0.000000, 9.000000, 18.000000
 233.333333, 2.285714, 0.370000, 1.261429, 1.668571
 250.333333, 1.214381, 0.174434, 1.609854, 1.818908
 266.000000, 1.411028, 0.224311, 1.274436, 1.533835
 245.666667, 1.275441, 0.236092, 1.270014, 1.540027
 239.666667, 1.045897, 0.208623, 1.272601, 1.514604
 247.666667, 1.033647, 0.213997, 1.235532, 1.491252
 263.333333, 1.406329, 0.246835, 1.300000, 1.578481
 289.666667, 1.653625, 0.196778, 1.276180, 1.518987
 259.000000, 1.212355, 0.230373, 1.250965, 1.516088
 260.333333, 1.207426, 0.239437, 1.198464, 1.472471
 262.666667, 1.130711, 0.209391, 1.218274, 1.458122
 265.666667, 1.859473, 0.287327, 1.191970, 1.508156
 237.000000, 1.036568, 0.177215, 1.393812, 1.604782
 255.666667, 1.285528, 0.185137, 1.256845, 1.471969
 241.666667, 0.998621, 0.204138, 1.435862, 1.671724
 247.333333, 0.908356, 0.200809, 1.369272, 1.601078
 247.000000, 1.244265, 0.214575, 1.511471, 1.762483
 255.000000, 1.424837, 0.200000, 1.505882, 1.742484
 239.000000, 1.214784, 0.251046, 1.386332, 1.668061
10
 0.250000, 0.000000, 0.000000, 0.000000, 17.000000
 236.666667, 1.453521, 0.304225, 1.245070, 1.583099
 244.333333, 1.015007, 0.173261, 1.600273, 1.810368
 252.333333, 1.145310, 0.210040, 1.261559, 1.499339
 245.000000, 1.470748, 0.291156, 1.329252, 1.661224
 256.666667, 1.142857, 0.201299, 1.223377, 1.455844
 252.666667, 1.346966, 0.295515, 1.205805, 1.536939
 252.333333, 1.084544, 0.208719, 1.344782, 1.583884
 253.333333, 1.144737, 0.196053, 1.330263, 1.563158
 268.000000, 1.247512, 0.232587, 1.238806, 1.502488
 265.000000, 1.203774, 0.237736, 1.154717, 1.427673
 266.333333, 1.204005, 0.166458, 1.235294, 1.433041
 258.333333, 1.420645, 0.243871, 1.228387, 1.504516
 255.000000, 1.423529, 0.235294, 1.313725, 1.577778
 243.666667, 0.943912, 0.184679, 1.238030, 1.454172
 269.666667, 1.398022, 0.217553, 1.353523, 1.603214
 275.000000, 1.071515, 0.197576, 1.233939, 1.460606
 228.666667, 1.034985, 0.221574, 1.607872, 1.861516
 243.666667, 1.184679, 0.201094, 1.586867, 1.819425
 240.000000, 1.165278, 0.227778, 1.431944, 1.693056
11
 0.250000, 1.000000, 0.000000, 0.000000, 16.000000
 250.666667, 1.916223, 0.393617, 1.180851, 1.609043
 246.666667, 1.148649, 0.158108, 1.564865, 1.751351
 259.666667, 1.436457, 0.401797, 1.256739, 1.688062
 234.666667, 1.507102, 0.285511, 1.346591, 1.670455
 250.666667, 1.208777, 0.208777, 1.251330, 1.489362
 261.333333, 1.264031, 0.193878, 1.139031, 1.362245
 263.666667, 1.332491, 0.268015, 1.276865, 1.575221
 247.000000, 1.149798, 0.203779, 1.380567, 1.620783
 240.333333, 1.160888, 0.241331, 1.306519, 1.595007
 257.000000, 1.287938, 0.223087, 1.245136, 1.499351
 266.666667, 1.363750, 0.225000, 1.207500, 1.466250
 275.000000, 1.705455, 0.248485, 1.190303, 1.480000
 237.666667, 1.095372, 0.215989, 1.340813, 1.589060
 276.333333, 1.405308, 0.193004, 1.189385, 1.411339
 251.000000, 0.984064, 0.195219, 1.407703, 1.634794
 260.666667, 0.929668, 0.181586, 1.297954, 1.520460
 250.333333, 1.223702, 0.225033, 1.511318, 1.792277
 239.000000, 1.396095, 0.209205, 1.587169, 1.828452
 248.333333, 1.076510, 0.209396, 1.289933, 1.540940
12
 0.250000, 0.000000, 0.000000, 1.000000, 3.000000
 258.000000, 2.316537, 0.401809, 1.213178, 1.647287
 249.000000, 1.129853, 0.153949, 1.601071, 1.783133
 250.000000, 1.210667, 0.429333, 1.309333, 1.777333
 235.000000, 1.170213, 0.256738, 1.462411, 1.750355
 264.333333, 1.561160, 0.216898, 1.171501, 1.428752
 269.333333, 1.367574, 0.240099, 1.216584, 1.486386
 264.666667, 1.103275, 0.229219, 1.258186, 1.536524
 267.666667, 1.378580, 0.215442, 1.306351, 1.556663
 251.000000, 1.055777, 0.236388, 1.250996, 1.527224
 251.000000, 1.014608, 0.224436, 1.239044, 1.498008
 254.000000, 0.992126, 0.190289, 1.203412, 1.429134
 264.333333, 1.491803, 0.257251, 1.196721, 1.482976
 247.666667, 1.024226, 0.220727, 1.293405, 1.541050
 255.333333, 0.975196, 0.168407, 1.219321, 1.424282
 251.333333, 0.885942, 0.208223, 1.397878, 1.632626
 248.666667, 0.812332, 0.193029, 1.292225, 1.514745
 233.666667, 1.075606, 0.259629, 1.542083, 1.831669
 244.333333, 1.260573, 0.197817, 1.560709, 1.791269
 236.000000, 1.019774, 0.238701, 1.406780, 1.687853
13
 0.250000, 0.000000, 0.000000, 0.000000, 2.000000
 236.666667, 1.884507, 0.315493, 1.322535, 1.685915
 249.000000, 1.414993, 0.203481, 1.594378, 1.827309
 260.000000, 1.360256, 0.196154, 1.262821, 1.496154
 241.333333, 1.237569, 0.240331, 1.316298, 1.611878
 268.000000, 1.388060, 0.207711, 1.210199, 1.447761
 259.666667, 1.193838, 0.206675, 1.161746, 1.397946
 280.666667, 1.408551, 0.264846, 1.239905, 1.534442
 251.000000, 1.499336, 0.208499, 1.335989, 1.584329
 255.666667, 1.279009, 0.228162, 1.269883, 1.535854
 272.666667, 1.207824, 0.205379, 1.173594, 1.409535
 260.333333, 1.099872, 0.201024, 1.189501, 1.419974
 262.666667, 1.755076, 0.272843, 1.262690, 1.565990
 262.333333, 1.304956, 0.185515, 1.307497, 1.522236
 261.333333, 1.202806, 0.206633, 1.228316, 1.465561
 258.666667, 1.063144, 0.204897, 1.349227, 1.583763
 267.666667, 1.190535, 0.176837, 1.282690, 1.491905
 231.333333, 1.074928, 0.220461, 1.564841, 1.821326
 250.666667, 1.307181, 0.207447, 1.535904, 1.773936
 273.000000, 1.484737, 0.210012, 1.272283, 1.515263
14
 0.250000, 0.000000, 0.000000, 0.000000, 2.000000
 237.333333, 1.318820, 0.296348, 1.195225, 1.532303
 260.333333, 1.226633, 0.163892, 1.604353, 1.797695
 239.333333, 0.987465, 0.206128, 1.356546, 1.596100
 242.000000, 1.325069, 0.245179, 1.325069, 1.610193
 251.000000, 1.235060, 0.213811, 1.233732, 1.478088
 231.333333, 0.943804, 0.243516, 1.296830, 1.600865
 266.333333, 1.269086, 0.266583, 1.262829, 1.570713
 257.666667, 1.128072, 0.204398, 1.399741, 1.631307
 257.000000, 1.242542, 0.232166, 1.243839, 1.507134
 262.333333, 1.254130, 0.236341, 1.299873, 1.575604
 252.333333, 0.886394, 0.184941, 1.217966, 1.431968
 234.000000, 0.938746, 0.216524, 1.316239, 1.584046
 256.333333, 1.330299, 0.192458, 1.284785, 1.513654
 268.000000, 1.186567, 0.177861, 1.216418, 1.424129
 235.666667, 0.642150, 0.202263, 1.427157, 1.659123
 255.666667, 0.873533, 0.179922, 1.341591, 1.551499
 248.666667, 1.246649, 0.225201, 1.481233, 1.737265
 251.000000, 1.243028, 0.207171, 1.579017, 1.818061
 269.333333, 1.617574, 0.232673, 1.360149, 1.622525
15
 0.250000, 0.000000, 0.000000, 0.000000, 2.000000
 247.666667, 1.445491, 0.332436, 1.176312, 1.554509
 245.666667, 1.094980, 0.184532, 1.575305, 1.789688
 251.000000, 1.160691, 0.224436, 1.349270, 1.604250
 240.000000, 1.141667, 0.301389, 1.295833, 1.625000
 255.333333, 1.203655, 0.214099, 1.251958, 1.496084
 248.333333, 1.240268, 0.217450, 1.222819, 1.469799
 253.000000, 1.111989, 0.239789, 1.255599, 1.533597
 253.000000, 1.231884, 0.196311, 1.391304, 1.619236
 260.666667, 1.585678, 0.221228, 1.245524, 1.503836
 247.333333, 1.377358, 0.280323, 1.289757, 1.613208
 253.333333, 1.160526, 0.221053, 1.230263, 1.480263
 266.333333, 1.415519, 0.212766, 1.196496, 1.454318
 259.333333, 1.553985, 0.233933, 1.290488, 1.557841
 281.000000, 1.276394, 0.185053, 1.166074, 1.386714
 254.666667, 0.891361, 0.204188, 1.384817, 1.625654
 260.333333, 0.946223, 0.189501, 1.302177, 1.519846
 256.000000, 1.388021, 0.246094, 1.467448, 1.759115
 248.333333, 1.191946, 0.202685, 1.546309, 1.789262
 255.333333, 1.362924, 0.210183, 1.441253, 1.689295
16
 0.250000, 0.000000, 0.000000, 0.000000, 0.000000
 236.333333, 1.581100, 0.351199, 1.248237, 1.633286
 241.333333, 1.133978, 0.186464, 1.690608, 1.911602
 262.333333, 1.214740, 0.209657, 1.255400, 1.503177
 243.000000, 1.337449, 0.274348, 1.373114, 1.688615
 244.333333, 1.049113, 0.223738, 1.203274, 1.463847
 264.333333, 1.196721, 0.229508, 1.180328, 1.440101
 273.666667, 1.584653, 0.244823, 1.281364, 1.556638
 258.666667, 1.146907, 0.220361, 1.371134, 1.621134
 259.333333, 1.487147, 0.267352, 1.285347, 1.597686
 261.000000, 1.197957, 0.226054, 1.224777, 1.486590
 274.666667, 1.387136, 0.211165, 1.172330, 1.416262
 261.000000, 1.178799, 0.245211, 1.272031, 1.547893
 265.666667, 1.499373, 0.232120, 1.319950, 1.580928
 283.333333, 1.971765, 0.324706, 1.169412, 1.521176
 235.333333, 0.905099, 0.209632, 1.480170, 1.737960
 267.000000, 1.079900, 0.196005, 1.253433, 1.480649
 246.000000, 1.128726, 0.205962, 1.505420, 1.754743
 265.666667, 1.474279, 0.188206, 1.447930, 1.680050
 245.666667, 1.286296, 0.240163, 1.423338, 1.693351
17
 0.250000, 2.000000, 0.000000, 0.000000, 0.000000
 264.666667, 2.469773, 0.389169, 1.124685, 1.555416
 258.000000, 1.452196, 0.193798, 1.576227, 1.798450
 257.666667, 1.369987, 0.388098, 1.372574, 1.804657
 247.000000, 1.550607, 0.257760, 1.271255, 1.572200
 234.333333, 1.166430, 0.220484, 1.234708, 1.487909
 266.333333, 1.307885, 0.201502, 1.158949, 1.390488
 273.333333, 1.437805, 0.225610, 1.235366, 1.498780
 277.000000, 1.505415, 0.210590, 1.296029, 1.545126
 247.333333, 1.495957, 0.270889, 1.289757, 1.592992
 267.333333, 1.320449, 0.223192, 1.159601, 1.427681
 261.000000, 1.397190, 0.222222, 1.160920, 1.416347
 254.333333, 1.770642, 0.275229, 1.238532, 1.543906
 252.000000, 1.096561, 0.210317, 1.330688, 1.572751
 257.000000, 1.023346, 0.184176, 1.211414, 1.433204
 248.333333, 0.912752, 0.218792, 1.417450, 1.668456
 262.333333, 1.035578, 0.181703, 1.284625, 1.495553
 255.333333, 1.259791, 0.198433, 1.429504, 1.659269
 257.666667, 1.539457, 0.209573, 1.496766, 1.743855
 250.333333, 1.118509, 0.202397, 1.308921, 1.541944
18
 0.250000, 4.000000, 0.000000, 0.000000, 0.000000
 260.666667, 2.686701, 0.488491, 1.292839, 1.815857
 250.000000, 1.342667, 0.176000, 1.632000, 1.842667
 246.000000, 1.188347, 0.197832, 1.245257, 1.485095
 258.000000, 1.468992, 0.245478, 1.279070, 1.552972
 259.333333, 1.221080, 0.221080, 1.195373, 1.456298
 252.333333, 1.040951, 0.217966, 1.155878, 1.409511
 254.333333, 1.321101, 0.246396, 1.384010, 1.668414
 264.000000, 1.477273, 0.214646, 1.334596, 1.580808
 237.000000, 1.302391, 0.271449, 1.351617, 1.662447
 275.000000, 1.260606, 0.209697, 1.169697, 1.408485
 261.000000, 1.070243, 0.189017, 1.187739, 1.406130
 259.000000, 1.387387, 0.227799, 1.236808, 1.494208
 256.000000, 1.321615, 0.196615, 1.332031, 1.576823
 262.000000, 1.076336, 0.176845, 1.216285, 1.423664
 245.333333, 1.217391, 0.269022, 1.398098, 1.701087
 245.666667, 0.801900, 0.179104, 1.295794, 1.504749
 235.666667, 1.243281, 0.246110, 1.547383, 1.845827
 236.333333, 1.156559, 0.205924, 1.630465, 1.874471
 239.333333, 1.164345, 0.203343, 1.314763, 1.557103
19
 0.250000, 2.000000, 0.000000, 0.000000, 0.000000
 243.000000, 2.275720, 0.390947, 1.223594, 1.659808
 252.666667, 1.150396, 0.170185, 1.531662, 1.730871
 255.333333, 1.322454, 0.207572, 1.305483, 1.544386
 255.000000, 1.529412, 0.270588, 1.318954, 1.622222
 254.000000, 1.297900, 0.217848, 1.232283, 1.488189
 232.333333, 1.020086, 0.196557, 1.253945, 1.490674
 263.000000, 1.365019, 0.224335, 1.277567, 1.533587
 267.000000, 1.454432, 0.205993, 1.340824, 1.585518
 259.666667, 1.223363, 0.243902, 1.256739, 1.537869
 256.000000, 1.183594, 0.203125, 1.263021, 1.497396
 267.000000, 1.233458, 0.204744, 1.169788, 1.420724
 238.333333, 1.279720, 0.234965, 1.264336, 1.538462
 258.666667, 1.387887, 0.181701, 1.271907, 1.483247
 266.666667, 1.218750, 0.192500, 1.165000, 1.397500
 254.000000, 1.032808, 0.207349, 1.376640, 1.623360
 260.000000, 0.938462, 0.179487, 1.292308, 1.502564
 230.666667, 1.044798, 0.209538, 1.602601, 1.843931
 256.000000, 1.390625, 0.201823, 1.522135, 1.759115
 242.000000, 1.173554, 0.206612, 1.362259, 1.610193
20
 0.250000, 1.000000, 0.000000, 0.000000, 8.000000
 243.000000, 1.746228, 0.318244, 1.198903, 1.598080
 262.000000, 1.458015, 0.187023, 1.540712, 1.760814
 263.333333, 1.393671, 0.200000, 1.298734, 1.526582
 243.000000, 1.381344, 0.233196, 1.325103, 1.602195
 240.000000, 0.973611, 0.213889, 1.294444, 1.545833
 258.333333, 1.329032, 0.212903, 1.220645, 1.468387
 251.666667, 1.254305, 0.258278, 1.275497, 1.572185
 245.666667, 1.226594, 0.208955, 1.417910, 1.671642
 242.333333, 0.943604, 0.243466, 1.244842, 1.536451
 264.000000, 1.325758, 0.219697, 1.253788, 1.506313
 251.666667, 0.917881, 0.205298, 1.206623, 1.443709
 261.000000, 1.421456, 0.231162, 1.261814, 1.527458
 245.000000, 1.185034, 0.200000, 1.329252, 1.567347
 260.666667, 1.116368, 0.189258, 1.223785, 1.443734
 246.666667, 1.010811, 0.198649, 1.378378, 1.606757
 276.666667, 1.250602, 0.192771, 1.233735, 1.454217
 237.333333, 1.101124, 0.213483, 1.490169, 1.742978
 237.333333, 1.250000, 0.214888, 1.561798, 1.824438
 258.666667, 1.378866, 0.233247, 1.328608, 1.595361
21
 0.250000, 6.000000, 0.000000, 0.000000, 0.000000
 248.666667, 2.128686, 0.343164, 1.356568, 1.741287
 253.666667, 1.218134, 0.178712, 1.613666, 1.821288
 267.333333, 1.403990, 0.211970, 1.281796, 1.529925
 254.666667, 1.632199, 0.311518, 1.380890, 1.735602
 256.333333, 1.511053, 0.217165, 1.267880, 1.516255
 276.666667, 1.460241, 0.280723, 1.174699, 1.484337
 280.666667, 1.573634, 0.214964, 1.235154, 1.489311
 249.333333, 1.176471, 0.200535, 1.386364, 1.625668
 246.333333, 0.995940, 0.253045, 1.286874, 1.575101
 265.000000, 1.471698, 0.227673, 1.237736, 1.499371
 249.666667, 0.970628, 0.201602, 1.244326, 1.476636
 288.000000, 1.776620, 0.252315, 1.142361, 1.423611
 244.666667, 1.282016, 0.209809, 1.374659, 1.615804
 251.333333, 1.139257, 0.177719, 1.275862, 1.486737
 263.000000, 1.372624, 0.220532, 1.347275, 1.596958
 266.333333, 0.938673, 0.185232, 1.239049, 1.453066
 251.333333, 1.133952, 0.204244, 1.446950, 1.690981
 263.333333, 1.446835, 0.210127, 1.451899, 1.694937
 244.333333, 1.083220, 0.215553, 1.358799, 1.613915
22
 0.250000, 0.000000, 0.000000, 6.000000, 7.000000
 245.333333, 1.610054, 0.308424, 1.203804, 1.546196
 266.000000, 1.409774, 0.161654, 1.527569, 1.726817
 253.666667, 1.279895, 0.236531, 1.279895, 1.546649
 233.000000, 1.281831, 0.304721, 1.350501, 1.693848
 236.000000, 1.022599, 0.200565, 1.262712, 1.497175
 245.333333, 1.184783, 0.203804, 1.220109, 1.453804
 280.000000, 1.479762, 0.229762, 1.228571, 1.485714
 263.000000, 1.201521, 0.206591, 1.415716, 1.664132
 267.333333, 1.647132, 0.274314, 1.332918, 1.639651
 248.000000, 1.180108, 0.243280, 1.263441, 1.543011
 273.333333, 1.165854, 0.184146, 1.168293, 1.381707
 256.333333, 1.371912, 0.235371, 1.283485, 1.569571
 248.666667, 1.368633, 0.198391, 1.396783, 1.632708
 268.000000, 1.640547, 0.305970, 1.191542, 1.527363
 247.333333, 1.111860, 0.227763, 1.409704, 1.675202
 281.666667, 1.175148, 0.164497, 1.214201, 1.414201
 253.666667, 1.538765, 0.224704, 1.508541, 1.763469
 247.333333, 1.388140, 0.219677, 1.584906, 1.845013
 254.666667, 1.085079, 0.206806, 1.371728, 1.607330
23
 0.250000, 0.000000, 0.000000, 6.000000, 8.000000
 252.666667, 2.088391, 0.418206, 1.282322, 1.737467
 259.333333, 1.339332, 0.172237, 1.548843, 1.750643
 245.333333, 1.044837, 0.220109, 1.354620, 1.605978
 268.000000, 1.685323, 0.240050, 1.253731, 1.523632
 263.333333, 1.354430, 0.216456, 1.218987, 1.487342
 253.666667, 1.295664, 0.227332, 1.203679, 1.461235
 251.000000, 1.294821, 0.247012, 1.321381, 1.604250
 231.333333, 1.126801, 0.217579, 1.442363, 1.711816
 258.666667, 1.226804, 0.253866, 1.278351, 1.563144
 261.000000, 1.360153, 0.241379, 1.232439, 1.508301
 263.000000, 1.177440, 0.202788, 1.197719, 1.438530
 246.666667, 1.477027, 0.202703, 1.536486, 1.795946
 268.000000, 1.477612, 0.203980, 1.271144, 1.502488
 259.666667, 1.065469, 0.183569, 1.224647, 1.444159
 247.000000, 1.195682, 0.214575, 1.406208, 1.650472
 277.000000, 1.123947, 0.179302, 1.237064, 1.444043
 250.333333, 1.225033, 0.201065, 1.478029, 1.708389
 242.000000, 1.121212, 0.196970, 1.574380, 1.812672
 259.333333, 1.300771, 0.204370, 1.357326, 1.589974
24
 0.250000, 0.000000, 0.000000, 0.000000, 8.000000
 242.333333, 1.826685, 0.418157, 1.247593, 1.698762
 248.333333, 1.616107, 0.216107, 1.618792, 1.861745
 236.333333, 1.081805, 0.227080, 1.396333, 1.655853
 229.000000, 1.243086, 0.279476, 1.420670, 1.732169
 246.333333, 1.322057, 0.224628, 1.247632, 1.516915
 249.000000, 1.258367, 0.198126, 1.224900, 1.453815
 259.666667, 1.286264, 0.218228, 1.270860, 1.517330
 256.000000, 1.145833, 0.205729, 1.385417, 1.621094
 246.666667, 1.179730, 0.206757, 1.217568, 1.455405
 274.000000, 1.520681, 0.228710, 1.226277, 1.490268
 271.000000, 1.188192, 0.173432, 1.147601, 1.366544
 270.333333, 1.684340, 0.231813, 1.239211, 1.500617
 239.000000, 1.079498, 0.193863, 1.322176, 1.553696
 260.333333, 0.943662, 0.184379, 1.281690, 1.501921
 255.000000, 0.954248, 0.218301, 1.356863, 1.603922
 266.000000, 0.962406, 0.213033, 1.236842, 1.479950
 249.333333, 1.339572, 0.227273, 1.482620, 1.739305
 232.666667, 1.045845, 0.204871, 1.670487, 1.906877
 254.000000, 1.334646, 0.224409, 1.358268, 1.619423
25
 0.250000, 0.000000, 0.000000, 0.000000, 9.000000
 242.666667, 2.045330, 0.377747, 1.255495, 1.666209
 257.000000, 1.391699, 0.182879, 1.561608, 1.773022
 267.333333, 1.448878, 0.210723, 1.300499, 1.541147
 235.000000, 1.329078, 0.337589, 1.368794, 1.750355
 238.333333, 1.205594, 0.220979, 1.267133, 1.528671
 248.333333, 1.040268, 0.201342, 1.213423, 1.446980
 249.333333, 1.278075, 0.278075, 1.350267, 1.661765
 252.666667, 1.288918, 0.226913, 1.353562, 1.614776
 243.666667, 1.186047, 0.239398, 1.318741, 1.597811
 270.666667, 1.344828, 0.224138, 1.200739, 1.456897
 269.000000, 1.105328, 0.197026, 1.218092, 1.451053
 260.666667, 1.540921, 0.251918, 1.249361, 1.548593
 259.000000, 1.357786, 0.181467, 1.308880, 1.519949
 260.000000, 1.039744, 0.167949, 1.196154, 1.396154
 251.333333, 1.059682, 0.204244, 1.380637, 1.620690
 267.666667, 1.079701, 0.181818, 1.268991, 1.495641
 258.666667, 1.398196, 0.215206, 1.435567, 1.686856
 264.000000, 1.438131, 0.196970, 1.517677, 1.744949
 261.666667, 1.481529, 0.205096, 1.370701, 1.606369
26
 0.250000, 0.000000, 0.000000, 0.000000, 8.000000
 254.333333, 1.824377, 0.380079, 1.159895, 1.571429
 253.666667, 1.340342, 0.159001, 1.540079, 1.727989
 243.333333, 1.205479, 0.215068, 1.342466, 1.587671
 245.000000, 1.390476, 0.288435, 1.329252, 1.665306
 256.666667, 1.524675, 0.231169, 1.388312, 1.667532
 242.000000, 0.968320, 0.203857, 1.209366, 1.450413
 275.000000, 1.367273, 0.229091, 1.244848, 1.509091
 266.333333, 1.152691, 0.209011, 1.319149, 1.556946
 247.333333, 1.283019, 0.229111, 1.318059, 1.582210
 271.666667, 1.211043, 0.204908, 1.179141, 1.420859
 255.000000, 1.218301, 0.230065, 1.203922, 1.467974
 256.000000, 1.266927, 0.243490, 1.216146, 1.520833
 267.333333, 1.189526, 0.203242, 1.264339, 1.501247
 251.333333, 0.981432, 0.184350, 1.230769, 1.445623
 242.333333, 0.727648, 0.206327, 1.459422, 1.694635
 239.000000, 0.797768, 0.199442, 1.351464, 1.581590
 249.333333, 1.378342, 0.208556, 1.522727, 1.766043
 266.666667, 1.438750, 0.202500, 1.445000, 1.676250
 257.666667, 1.369987, 0.216041, 1.300129, 1.552393
27
 0.250000, 0.000000, 0.000000, 0.000000, 10.000000
 252.000000, 2.219577, 0.439153, 1.219577, 1.699735
 249.333333, 1.069519, 0.160428, 1.574866, 1.763369
 251.000000, 1.135458, 0.195219, 1.326693, 1.553785
 233.333333, 1.175714, 0.231429, 1.391429, 1.651429
 260.333333, 1.386684, 0.225352, 1.229193, 1.483995
 251.666667, 1.170861, 0.213245, 1.190728, 1.433113
 257.333333, 1.284974, 0.243523, 1.291451, 1.572539
 269.000000, 1.403965, 0.216853, 1.273854, 1.520446
 264.666667, 1.477330, 0.221662, 1.246851, 1.501259
 271.333333, 1.223587, 0.207617, 1.173219, 1.412776
 288.000000, 1.427083, 0.182870, 1.179398, 1.396991
 260.000000, 1.412821, 0.234615, 1.211538, 1.497436
 250.000000, 1.265333, 0.213333, 1.345333, 1.592000
 267.666667, 1.102117, 0.188045, 1.221669, 1.437111
 256.666667, 1.164935, 0.215584, 1.379221, 1.624675
 252.000000, 0.929894, 0.186508, 1.306878, 1.522487
 240.666667, 1.425208, 0.234072, 1.813019, 2.095568
 253.000000, 1.361001, 0.208169, 1.515152, 1.762846
 243.666667, 1.300958, 0.224350, 1.406293, 1.679891
28
 0.250000, 0.000000, 0.000000, 0.000000, 10.000000
 242.666667, 1.844780, 0.375000, 1.237637, 1.660714
 252.000000, 1.294974, 0.189153, 1.670635, 1.896825
 239.333333, 1.213092, 0.217270, 1.381616, 1.626741
 235.000000, 1.241135, 0.263830, 1.409929, 1.704965
 262.333333, 1.531131, 0.231258, 1.275731, 1.545108
 261.666667, 1.094268, 0.212739, 1.159236, 1.408917
 265.000000, 1.269182, 0.281761, 1.236478, 1.544654
 251.666667, 1.051656, 0.197351, 1.344371, 1.581457
 263.000000, 1.456274, 0.240811, 1.361217, 1.632446
 273.000000, 1.332112, 0.227106, 1.217338, 1.476190
 273.333333, 1.291463, 0.207317, 1.226829, 1.469512
 254.000000, 1.188976, 0.219160, 1.224409, 1.480315
 264.333333, 1.369483, 0.218159, 1.296343, 1.547289
 268.666667, 1.232010, 0.173697, 1.182382, 1.392060
 244.000000, 0.997268, 0.207650, 1.422131, 1.666667
 271.666667, 1.192638, 0.187730, 1.289571, 1.507975
 256.333333, 1.404421, 0.239272, 1.417425, 1.685306
 246.333333, 1.327470, 0.197564, 1.589986, 1.822733
 255.666667, 1.190352, 0.207301, 1.277705, 1.574967
29
 0.250000, 0.000000, 0.000000, 0.000000, 9.000000
 237.666667, 1.502104, 0.363254, 1.224404, 1.632539
 239.333333, 1.025070, 0.176880, 1.654596, 1.867688
 265.666667, 1.194479, 0.174404, 1.244668, 1.456713
 250.000000, 1.394667, 0.310667, 1.362667, 1.709333
 240.333333, 1.284327, 0.239945, 1.314840, 1.586685
 254.666667, 1.018325, 0.195026, 1.163613, 1.390052
 239.666667, 1.038943, 0.239221, 1.399166, 1.668985
 241.666667, 1.206897, 0.213793, 1.417931, 1.675862
 243.333333, 1.364384, 0.315068, 1.279452, 1.631507
 276.666667, 1.544578, 0.240964, 1.215663, 1.487952
 263.333333, 1.136709, 0.187342, 1.334177, 1.560759
 281.000000, 1.647687, 0.268090, 1.185053, 1.482800
 243.333333, 1.165753, 0.189041, 1.327397, 1.545205
 258.000000, 0.985788, 0.187339, 1.236434, 1.454780
 241.333333, 1.191989, 0.258287, 1.414365, 1.711326
 258.666667, 1.163660, 0.201031, 1.302835, 1.539948
 250.000000, 1.137333, 0.224000, 1.438667, 1.700000
 246.333333, 1.243572, 0.202977, 1.572395, 1.811908
 240.333333, 1.159501, 0.214979, 1.300971, 1.549237
30
 0.250000, 0.000000, 0.000000, 0.000000, 9.000000
 253.333333, 1.461842, 0.318421, 1.177632, 1.528947
 266.333333, 1.785982, 0.212766, 1.526909, 1.775970
 269.000000, 1.328377, 0.230483, 1.263941, 1.529120
 252.000000, 1.582011, 0.287037, 1.235450, 1.555556
 248.000000, 1.325269, 0.217742, 1.254032, 1.504032
 258.333333, 1.183226, 0.214194, 1.175484, 1.423226
 265.666667, 1.302384, 0.215809, 1.234630, 1.480552
 247.000000, 1.025641, 0.215924, 1.390013, 1.643725
 243.000000, 1.089163, 0.227709, 1.352538, 1.613169
 269.333333, 1.892327, 0.407178, 1.299505, 1.745050
 270.000000, 1.145679, 0.185185, 1.193827, 1.409877
 265.666667, 1.287327, 0.218319, 1.189460, 1.455458
 258.333333, 1.412903, 0.205161, 1.357419, 1.596129
 276.666667, 1.265060, 0.181928, 1.208434, 1.449398
 271.666667, 1.349693, 0.198773, 1.352147, 1.580368
 253.000000, 0.893281, 0.218709, 1.328063, 1.588933
 256.000000, 1.210938, 0.243490, 1.432292, 1.705729
 271.000000, 1.501845, 0.210332, 1.464945, 1.707257
 246.333333, 1.262517, 0.217862, 1.349120, 1.600812
31
 0.250000, 0.000000, 0.000000, 0.000000, 9.000000
 257.666667, 2.269082, 0.451488, 1.192755, 1.676585
 246.666667, 1.189189, 0.179730, 1.621622, 1.829730
 267.000000, 1.421973, 0.215980, 1.233458, 1.478152
 241.333333, 1.236188, 0.313536, 1.343923, 1.690608
 236.333333, 1.218618, 0.225670, 1.299013, 1.558533
 258.666667, 1.190722, 0.198454, 1.184278, 1.412371
 268.333333, 1.529193, 0.219876, 1.308075, 1.556522
 259.666667, 1.408216, 0.204108, 1.355584, 1.594352
 253.666667, 1.304862, 0.245729, 1.275953, 1.550591
 268.000000, 1.121891, 0.211443, 1.221393, 1.471393
 277.666667, 1.248499, 0.211285, 1.195678, 1.441777
 254.333333, 1.344692, 0.272608, 1.276540, 1.597641
 260.000000, 1.275641, 0.196154, 1.285897, 1.512821
 279.000000, 1.272401, 0.180406, 1.148148, 1.358423
 242.333333, 1.059147, 0.228336, 1.372765, 1.629986
 255.000000, 0.964706, 0.193464, 1.291503, 1.517647
 246.333333, 1.050068, 0.204330, 1.485792, 1.729364
 244.333333, 1.196453, 0.203274, 1.594816, 1.829468
 265.666667, 1.574655, 0.252196, 1.363864, 1.662484
Histogram
5 0 0 0 0 0 0 0 0 0 0 0 0 18 153 198 129 65 42 2 4 0 0 0 0 0 0 0 0 0 1 0 0 0 0 0 0 0 0 0 0 0 0 0 0 0 0 0 0 0 0 0 0 0 0 0 0 0 0 0 0 0 0 0 0 0 0 0 0 0 1 0 0 0 0 0 0 0 0 0 4 0 0 0 0 0 0 0 0 0 4 0 0 0 0 0 0 0 0 0 2 0 0 0 0 0 0 0 0 0 0 0 0 0 0 0 0 0 0 12 
Cache Miss Ratio
NaN
numOfSets
489433
numOfGets
0
numOfMultiGets
0
