21
0
 0.250000, 0.000000, 0.000000, 8.000000, 18.000000
 297.000000, 10.227834, 1.452301, 2.069585, 3.555556
 312.666667, 9.671642, 1.381663, 2.257996, 3.666311
 314.000000, 9.646497, 1.400212, 2.295117, 3.722930
 336.000000, 10.313492, 1.259921, 2.125000, 3.416667
 301.000000, 9.624585, 1.477298, 2.401993, 3.912514
 303.000000, 8.840484, 1.365237, 2.300330, 3.696370
 309.000000, 9.756203, 1.394822, 2.255663, 3.685005
 293.000000, 9.391354, 1.447099, 2.349261, 3.823663
 286.333333, 8.792782, 1.423749, 2.294529, 3.750873
 314.666667, 10.078390, 1.254237, 2.266949, 3.551907
 325.666667, 11.118731, 1.384852, 2.265097, 3.677584
 327.333333, 10.317719, 1.316701, 2.196538, 3.541752
 315.000000, 10.665608, 1.380952, 2.174603, 3.583069
 302.000000, 9.248344, 1.384106, 2.342163, 3.756071
 328.666667, 10.376268, 1.260649, 2.046653, 3.346856
 313.333333, 9.446809, 1.338298, 2.298936, 3.671277
 334.333333, 10.227318, 1.301097, 2.275174, 3.611167
 316.333333, 10.348788, 1.337197, 2.253952, 3.619600
 298.333333, 8.147486, 1.202235, 2.179888, 3.420112
 334.000000, 10.425150, 1.336327, 2.073852, 3.442116
1
 0.250000, 0.000000, 1.000000, 8.000000, 18.000000
 325.333333, 12.398566, 1.535861, 1.951844, 3.523566
 308.333333, 9.115676, 1.352432, 2.290811, 3.678919
 322.000000, 10.035197, 1.339545, 2.277433, 3.643892
 330.000000, 10.180808, 1.267677, 2.129293, 3.422222
 300.000000, 9.388889, 1.466667, 2.438889, 3.933333
 317.333333, 9.875000, 1.319328, 2.228992, 3.612395
 328.000000, 10.574187, 1.442073, 2.160569, 3.629065
 302.666667, 9.856828, 1.437225, 2.244493, 3.707048
 292.000000, 8.976027, 1.480594, 2.261416, 3.768265
 309.666667, 9.681378, 1.312164, 2.254037, 3.594187
 326.333333, 10.953013, 1.395301, 2.229826, 3.669050
 320.000000, 9.413542, 1.309375, 2.269792, 3.611458
 318.333333, 11.164398, 1.415707, 2.198953, 3.658639
 321.666667, 10.558549, 1.380311, 2.209326, 3.616580
 328.000000, 10.506098, 1.311992, 2.060976, 3.412602
 320.000000, 10.081250, 1.291667, 2.292708, 3.611458
 325.666667, 9.906858, 1.328557, 2.312180, 3.676561
 323.666667, 10.186406, 1.322348, 2.181256, 3.536560
 309.333333, 8.517241, 1.267241, 2.130388, 3.425647
 310.333333, 9.107411, 1.252417, 2.327605, 3.618690
2
 0.250000, 0.000000, 0.000000, 7.000000, 17.000000
 293.333333, 10.427273, 1.450000, 2.077273, 3.589773
 303.666667, 9.184413, 1.334797, 2.331504, 3.698134
 313.666667, 9.710946, 1.383634, 2.293305, 3.703507
 323.333333, 9.644330, 1.278351, 2.200000, 3.520619
 302.333333, 9.588754, 1.379272, 2.345094, 3.756340
 312.666667, 10.312367, 1.392324, 2.266525, 3.692964
 317.333333, 10.552521, 1.408613, 2.190126, 3.631303
 293.000000, 9.513083, 1.426621, 2.288965, 3.754266
 280.666667, 8.111639, 1.450119, 2.344418, 3.820665
 302.000000, 9.040839, 1.284768, 2.271523, 3.607064
 314.666667, 10.283898, 1.330508, 2.350636, 3.710805
 316.000000, 9.184599, 1.293249, 2.237342, 3.559072
 302.000000, 10.058499, 1.442605, 2.335541, 3.805740
 282.666667, 8.393868, 1.386792, 2.489387, 3.908019
 318.666667, 10.080544, 1.171548, 2.205021, 3.405858
 316.666667, 10.246316, 1.338947, 2.275789, 3.647368
 332.666667, 10.041082, 1.329659, 2.279559, 3.640281
 316.333333, 10.293994, 1.286617, 2.233930, 3.559536
 323.666667, 9.853759, 1.254377, 2.069001, 3.350154
 320.666667, 9.554054, 1.287942, 2.130977, 3.446985
3
 0.250000, 0.000000, 0.000000, 7.000000, 18.000000
 310.666667, 11.381974, 1.505365, 2.023605, 3.560086
 294.666667, 8.863122, 1.326923, 2.391403, 3.750000
 315.666667, 9.906019, 1.310454, 2.305174, 3.646251
 335.333333, 9.954274, 1.225646, 2.091451, 3.351889
 302.333333, 10.335171, 1.413451, 2.400221, 3.842337
 298.666667, 9.011161, 1.406250, 2.342634, 3.779018
 318.000000, 10.229560, 1.411950, 2.184486, 3.639413
 310.000000, 10.816129, 1.398925, 2.232258, 3.662366
 291.333333, 9.217391, 1.415332, 2.290618, 3.732265
 310.000000, 9.103226, 1.232258, 2.240860, 3.502151
 307.666667, 9.147346, 1.320693, 2.323944, 3.689057
 327.000000, 10.054027, 1.296636, 2.212029, 3.538226
 299.333333, 9.992205, 1.466592, 2.302895, 3.799555
 312.666667, 10.068230, 1.366738, 2.273987, 3.668443
 325.666667, 10.523030, 1.246673, 2.073695, 3.349028
 321.333333, 9.760373, 1.381743, 2.267635, 3.677386
 340.000000, 10.427451, 1.379412, 2.257843, 3.665686
 316.333333, 10.493151, 1.377239, 2.229715, 3.642782
 303.000000, 8.323432, 1.237624, 2.166117, 3.430143
 321.666667, 9.280829, 1.283938, 2.125389, 3.439378
4
 0.250000, 0.000000, 0.000000, 6.000000, 18.000000
 290.666667, 10.731651, 1.563073, 2.154817, 3.763761
 325.333333, 10.503074, 1.375000, 2.200820, 3.613730
 319.666667, 9.601668, 1.376434, 2.271116, 3.673618
 311.000000, 8.951768, 1.256163, 2.218650, 3.505895
 310.333333, 10.357680, 1.403867, 2.350161, 3.779807
 316.666667, 10.033684, 1.370526, 2.211579, 3.640000
 314.333333, 10.232238, 1.425239, 2.272534, 3.725345
 292.666667, 9.389522, 1.420273, 2.304100, 3.751708
 284.666667, 8.717799, 1.372365, 2.371194, 3.770492
 313.000000, 9.782748, 1.282215, 2.250266, 3.560170
 301.000000, 9.347730, 1.326689, 2.409745, 3.764120
 324.666667, 9.632444, 1.325462, 2.224846, 3.585216
 308.000000, 10.650433, 1.457792, 2.294372, 3.780303
 310.000000, 10.209677, 1.360215, 2.319355, 3.707527
 342.666667, 10.720817, 1.280156, 1.967899, 3.275292
 323.333333, 10.014433, 1.314433, 2.260825, 3.602062
 327.000000, 9.752294, 1.310907, 2.306830, 3.648318
 301.000000, 9.059801, 1.336656, 2.336656, 3.702104
 299.666667, 8.101224, 1.265851, 2.206897, 3.510567
 323.666667, 9.545829, 1.272915, 2.108136, 3.407827
5
 0.250000, 0.000000, 0.000000, 6.000000, 17.000000
 289.000000, 10.025375, 1.423299, 2.134948, 3.591696
 308.333333, 8.890811, 1.338378, 2.264865, 3.631351
 310.666667, 9.282189, 1.384120, 2.357296, 3.769313
 324.000000, 9.588477, 1.260288, 2.193416, 3.488683
 284.333333, 9.351700, 1.376319, 2.406800, 3.812427
 323.666667, 11.176107, 1.356334, 2.163749, 3.578785
 305.666667, 9.185387, 1.371865, 2.364231, 3.782988
 299.000000, 10.080268, 1.438127, 2.290970, 3.760312
 289.333333, 9.016129, 1.418203, 2.293779, 3.738479
 316.666667, 10.071579, 1.232632, 2.217895, 3.477895
 306.666667, 10.090217, 1.359783, 2.351087, 3.759783
 329.333333, 10.051619, 1.308704, 2.184211, 3.527328
 306.000000, 10.006536, 1.381264, 2.242919, 3.659041
 310.666667, 9.938841, 1.370172, 2.286481, 3.702790
 335.333333, 10.651093, 1.254473, 2.035785, 3.318091
 309.333333, 8.927802, 1.339440, 2.360991, 3.744612
 324.000000, 9.391975, 1.318930, 2.272634, 3.619342
 324.333333, 10.081192, 1.388489, 2.189106, 3.620761
 318.666667, 9.489540, 1.250000, 2.079498, 3.357741
 327.666667, 9.678535, 1.270600, 2.106816, 3.403866
6
 0.250000, 0.000000, 0.000000, 5.000000, 17.000000
 298.000000, 10.466443, 1.534676, 2.100671, 3.685682
 324.333333, 10.451182, 1.342240, 2.163412, 3.558068
 325.333333, 10.218238, 1.437500, 2.261270, 3.725410
 326.000000, 9.470348, 1.253579, 2.198364, 3.478528
 301.333333, 9.998894, 1.397124, 2.386062, 3.814159
 316.333333, 10.419389, 1.355111, 2.222339, 3.611170
 319.333333, 10.084551, 1.345511, 2.215031, 3.587683
 301.666667, 10.651934, 1.433149, 2.255249, 3.714917
 285.000000, 9.086550, 1.440936, 2.354386, 3.829240
 318.000000, 9.911950, 1.257862, 2.221174, 3.509434
 326.333333, 10.880490, 1.419816, 2.234934, 3.701736
 322.000000, 9.611801, 1.309524, 2.229814, 3.568323
 311.333333, 10.317987, 1.457173, 2.207709, 3.690578
 320.333333, 10.554631, 1.405827, 2.224766, 3.669095
 330.666667, 10.236895, 1.209677, 2.090726, 3.339718
 320.000000, 10.062500, 1.334375, 2.288542, 3.661458
 332.666667, 10.700401, 1.334669, 2.267535, 3.635271
 310.666667, 9.021459, 1.340129, 2.313305, 3.688841
 301.666667, 8.844199, 1.257459, 2.154696, 3.440884
 322.333333, 9.747673, 1.307135, 2.141675, 3.479835
7
 0.250000, 0.000000, 0.000000, 5.000000, 16.000000
 296.666667, 10.991011, 1.478652, 2.092135, 3.619101
 318.000000, 10.151992, 1.405660, 2.170860, 3.616352
 304.000000, 8.945175, 1.365132, 2.390351, 3.783991
 326.333333, 9.847804, 1.255363, 2.144025, 3.425945
 312.333333, 10.766275, 1.405550, 2.281750, 3.715048
 315.333333, 10.416490, 1.378436, 2.213531, 3.625793
 326.000000, 10.646217, 1.453988, 2.167689, 3.657464
 297.333333, 9.408072, 1.523543, 2.286996, 3.837444
 275.666667, 8.372430, 1.420798, 2.401451, 3.853688
 320.000000, 10.067708, 1.238542, 2.198958, 3.470833
 302.333333, 9.583241, 1.306505, 2.482911, 3.836825
 332.000000, 10.171687, 1.312249, 2.185743, 3.527108
 334.666667, 12.109562, 1.420319, 2.124502, 3.576693
 307.333333, 9.787419, 1.391540, 2.313449, 3.740781
 334.333333, 10.646062, 1.247258, 2.017946, 3.292124
 313.333333, 9.436170, 1.410638, 2.276596, 3.715957
 331.333333, 10.418511, 1.339034, 2.270624, 3.650905
 331.666667, 10.237186, 1.387940, 2.147739, 3.563819
 314.333333, 9.381760, 1.267232, 2.139979, 3.434783
 333.333333, 10.213000, 1.286000, 2.060000, 3.372000
8
 0.250000, 0.000000, 0.000000, 4.000000, 16.000000
 302.000000, 11.008830, 1.508830, 2.032009, 3.571744
 312.000000, 10.239316, 1.383547, 2.262821, 3.674145
 303.000000, 8.720572, 1.387239, 2.358636, 3.773377
 313.000000, 9.048988, 1.243876, 2.233227, 3.518637
 295.333333, 9.380361, 1.399549, 2.351016, 3.776524
 311.333333, 9.627409, 1.300857, 2.261242, 3.589936
 305.333333, 9.145197, 1.335153, 2.263100, 3.640830
 291.333333, 9.135011, 1.408467, 2.313501, 3.751716
 291.333333, 8.767735, 1.430206, 2.294050, 3.754005
 325.666667, 10.645855, 1.262027, 2.149437, 3.440123
 316.666667, 10.177895, 1.380000, 2.305263, 3.712632
 320.666667, 9.328482, 1.283784, 2.258836, 3.571726
 307.333333, 10.563991, 1.429501, 2.240781, 3.703905
 322.000000, 10.489648, 1.442029, 2.216356, 3.692547
 319.666667, 9.396246, 1.264859, 2.113660, 3.408759
 329.333333, 10.891700, 1.396761, 2.211538, 3.640688
 335.666667, 10.583913, 1.323734, 2.253227, 3.613704
 322.333333, 10.283351, 1.385729, 2.194416, 3.605998
 301.666667, 8.495028, 1.224309, 2.176796, 3.429834
 335.000000, 10.171144, 1.291542, 2.043781, 3.362189
9
 0.250000, 0.000000, 0.000000, 4.000000, 15.000000
 294.666667, 10.985294, 1.478507, 2.128959, 3.639140
 316.333333, 10.049526, 1.414120, 2.238145, 3.679663
 319.000000, 9.792059, 1.373041, 2.281087, 3.686520
 314.000000, 9.306794, 1.261146, 2.246285, 3.546709
 297.333333, 9.517937, 1.401345, 2.482063, 3.910314
 315.666667, 9.994720, 1.406547, 2.232313, 3.668427
 315.666667, 10.114044, 1.409715, 2.213305, 3.655755
 290.000000, 8.697701, 1.501149, 2.378161, 3.906897
 287.333333, 8.882831, 1.421114, 2.320186, 3.774942
 315.000000, 9.915344, 1.287831, 2.287831, 3.608466
 308.666667, 9.399568, 1.305616, 2.346652, 3.680346
 324.333333, 10.485098, 1.191161, 2.317575, 3.538541
 306.000000, 9.997821, 1.442266, 2.246187, 3.717865
 305.333333, 9.436681, 1.390830, 2.343886, 3.769651
 325.666667, 9.453429, 1.307062, 2.052201, 3.389969
 317.666667, 10.019937, 1.388248, 2.304302, 3.729276
 312.333333, 9.104589, 1.370331, 2.413020, 3.816435
 315.333333, 9.920719, 1.400634, 2.233615, 3.677590
 317.000000, 9.312303, 1.247108, 2.105152, 3.386961
 324.666667, 10.126283, 1.314168, 2.094456, 3.453799
10
 0.250000, 0.000000, 0.000000, 3.000000, 15.000000
 282.333333, 9.691854, 1.423849, 2.188902, 3.670602
 311.333333, 9.570664, 1.357602, 2.293362, 3.678801
 321.333333, 10.252075, 1.387967, 2.258299, 3.673237
 327.666667, 10.166836, 1.257375, 2.147508, 3.436419
 306.000000, 9.720044, 1.359477, 2.383442, 3.769063
 326.333333, 10.532176, 1.411645, 2.147089, 3.588355
 317.333333, 9.709034, 1.399160, 2.240546, 3.667017
 298.000000, 9.523490, 1.397092, 2.275168, 3.699105
 285.666667, 8.667445, 1.418903, 2.327888, 3.774796
 314.666667, 9.917373, 1.230932, 2.221398, 3.487288
 317.333333, 10.892857, 1.387605, 2.323529, 3.741597
 337.000000, 10.177052, 1.325420, 2.167161, 3.525223
 309.666667, 10.029064, 1.418730, 2.268030, 3.713671
 316.666667, 10.157895, 1.392632, 2.251579, 3.677895
 345.666667, 11.291225, 1.296046, 1.971070, 3.295082
 328.666667, 10.329615, 1.363083, 2.213996, 3.605477
 329.333333, 9.406883, 1.275304, 2.311741, 3.628543
 328.000000, 10.588415, 1.377033, 2.147358, 3.552846
 310.666667, 8.899142, 1.278970, 2.114807, 3.428112
 297.666667, 8.991041, 1.199328, 2.440090, 3.671892
11
 0.250000, 0.000000, 0.000000, 3.000000, 15.000000
 285.666667, 9.812135, 1.400233, 2.142357, 3.579930
 310.333333, 9.301826, 1.314715, 2.297530, 3.639098
 318.000000, 10.105870, 1.403564, 2.296646, 3.726415
 323.333333, 9.510309, 1.206186, 2.146392, 3.382474
 306.666667, 10.067391, 1.446739, 2.401087, 3.881522
 311.000000, 9.347267, 1.351554, 2.215434, 3.621651
 313.666667, 9.877790, 1.399575, 2.277365, 3.703507
 287.666667, 9.388181, 1.388181, 2.374276, 3.787949
 290.333333, 8.526980, 1.369690, 2.295063, 3.704937
 330.000000, 10.603030, 1.255556, 2.113131, 3.395960
 328.000000, 10.827236, 1.440041, 2.237805, 3.704268
 329.666667, 10.092012, 1.251769, 2.199191, 3.480283
 286.000000, 9.237762, 1.452214, 2.393939, 3.874126
 316.666667, 10.604211, 1.369474, 2.255789, 3.658947
 322.666667, 10.097107, 1.217975, 2.081612, 3.327479
 296.000000, 9.231982, 1.259009, 2.597973, 3.904279
 336.000000, 9.960317, 1.294643, 2.225198, 3.553571
 326.000000, 10.277096, 1.366053, 2.177914, 3.576687
 319.666667, 9.605839, 1.244004, 2.062565, 3.332638
 324.333333, 9.254882, 1.258993, 2.068859, 3.371017
12
 0.250000, 0.000000, 0.000000, 4.000000, 15.000000
 284.666667, 10.167447, 1.455504, 2.176815, 3.676815
 326.333333, 9.969356, 1.393258, 2.201226, 3.621042
 298.333333, 8.551955, 1.338547, 2.400000, 3.767598
 301.666667, 8.110497, 1.241989, 2.309392, 3.583425
 301.000000, 9.952381, 1.364341, 2.339978, 3.729790
 301.333333, 9.269912, 1.424779, 2.311947, 3.772124
 317.000000, 9.983176, 1.412198, 2.225026, 3.664564
 294.666667, 9.717195, 1.400452, 2.337104, 3.765837
 287.000000, 8.637631, 1.397213, 2.313589, 3.745645
 319.000000, 10.037618, 1.304075, 2.196447, 3.526646
 317.000000, 10.534175, 1.361725, 2.290221, 3.678233
 325.333333, 9.798156, 1.259221, 2.220287, 3.512295
 320.666667, 11.334719, 1.418919, 2.180873, 3.624740
 297.666667, 9.314670, 1.408735, 2.407615, 3.845465
 325.000000, 9.731282, 1.265641, 2.092308, 3.390769
 309.000000, 9.341963, 1.359223, 2.450917, 3.839266
 326.666667, 10.216327, 1.325510, 2.318367, 3.671429
 324.666667, 10.761807, 1.402464, 2.178645, 3.626283
 309.333333, 9.065733, 1.247845, 2.133621, 3.411638
 320.000000, 9.370833, 1.255208, 2.162500, 3.458333
13
 0.250000, 0.000000, 0.000000, 2.000000, 11.000000
 308.000000, 11.596320, 1.437229, 2.060606, 3.535714
 319.000000, 10.587252, 1.376176, 2.228840, 3.635319
 304.000000, 9.171053, 1.333333, 2.377193, 3.742325
 329.666667, 9.917088, 1.278059, 2.154702, 3.460061
 299.333333, 9.610245, 1.356347, 2.453229, 3.839644
 301.333333, 9.295354, 1.386062, 2.319690, 3.735619
 319.666667, 10.277372, 1.361835, 2.177268, 3.566215
 300.000000, 10.091111, 1.448889, 2.288889, 3.768889
 281.333333, 8.885071, 1.419431, 2.340047, 3.787915
 310.000000, 10.038710, 1.265591, 2.263441, 3.566667
 307.333333, 9.416486, 1.348156, 2.360087, 3.737527
 323.666667, 9.462410, 1.317199, 2.207003, 3.553038
 327.333333, 11.405295, 1.459267, 2.157841, 3.649695
 323.666667, 10.166838, 1.407827, 2.223481, 3.657055
 320.666667, 10.428274, 1.251559, 2.093555, 3.380457
 314.666667, 9.918432, 1.337924, 2.292373, 3.657839
 334.666667, 10.299801, 1.308765, 2.266932, 3.607570
 327.000000, 9.696228, 1.371050, 2.174312, 3.576962
 309.666667, 8.721206, 1.257266, 2.136706, 3.421959
 319.666667, 9.399374, 1.264859, 2.116788, 3.408759
14
 0.250000, 0.000000, 0.000000, 1.000000, 13.000000
 285.666667, 10.254376, 1.483081, 2.179697, 3.700117
 311.666667, 10.019251, 1.381818, 2.295187, 3.706952
 315.333333, 10.107822, 1.435518, 2.319239, 3.782241
 333.666667, 10.082917, 1.247752, 2.111888, 3.385614
 297.000000, 9.273850, 1.387205, 2.372615, 3.806958
 330.333333, 10.799193, 1.363269, 2.129162, 3.552977
 322.333333, 10.338159, 1.404343, 2.185109, 3.630817
 289.666667, 9.025316, 1.421174, 2.327963, 3.775604
 275.333333, 8.345036, 1.429782, 2.428571, 3.887409
 314.333333, 9.898197, 1.223754, 2.275716, 3.528102
 309.000000, 8.977346, 1.355987, 2.346278, 3.729234
 314.666667, 9.026483, 1.314619, 2.298729, 3.646186
 305.000000, 10.387978, 1.398907, 2.257923, 3.692896
 314.666667, 10.004237, 1.372881, 2.291314, 3.690678
 323.666667, 10.299691, 1.293512, 2.052523, 3.386200
 309.666667, 9.612487, 1.303552, 2.325081, 3.656620
 331.000000, 9.812689, 1.340383, 2.280967, 3.657603
 324.000000, 10.301440, 1.312757, 2.174897, 3.521605
 316.333333, 10.004215, 1.273973, 2.103267, 3.414120
 308.000000, 8.377706, 1.235931, 2.153680, 3.418831
15
 0.250000, 0.000000, 0.000000, 0.000000, 12.000000
 302.666667, 10.873348, 1.476872, 2.017621, 3.531938
 292.666667, 8.659453, 1.305239, 2.421412, 3.764237
 328.333333, 10.305584, 1.345178, 2.220305, 3.591878
 330.666667, 9.938508, 1.327621, 2.108871, 3.461694
 308.000000, 9.847403, 1.423160, 2.360390, 3.809524
 312.666667, 10.236674, 1.390192, 2.235608, 3.652452
 321.333333, 10.227178, 1.446058, 2.180498, 3.665975
 299.333333, 9.827394, 1.478842, 2.290646, 3.798441
 279.000000, 8.367981, 1.416965, 2.414576, 3.857826
 314.000000, 10.171975, 1.317410, 2.228238, 3.573248
 314.666667, 10.306144, 1.394068, 2.375000, 3.810381
 351.666667, 11.530806, 1.297630, 2.073934, 3.398104
 308.000000, 10.903680, 1.375541, 2.220779, 3.633117
 300.666667, 9.365854, 1.415743, 2.310421, 3.754989
 344.000000, 11.312984, 1.268411, 1.962209, 3.257752
 313.000000, 9.152290, 1.296060, 2.325879, 3.649627
 344.666667, 10.288201, 1.360735, 2.194391, 3.583172
 326.333333, 10.927477, 1.367722, 2.201226, 3.596527
 317.666667, 8.987408, 1.236097, 2.103882, 3.366212
 316.000000, 9.123418, 1.202532, 2.138186, 3.376582
16
 0.250000, 1.000000, 0.000000, 1.000000, 11.000000
 275.000000, 9.906667, 1.527273, 2.263030, 3.835152
 326.666667, 11.033673, 1.369388, 2.160204, 3.562245
 324.000000, 10.189300, 1.372428, 2.256173, 3.654321
 331.000000, 9.892246, 1.291037, 2.153072, 3.470292
 301.000000, 9.233666, 1.420819, 2.356589, 3.803987
 319.666667, 10.503650, 1.388947, 2.179353, 3.601668
 321.000000, 9.943925, 1.380062, 2.195223, 3.604361
 294.000000, 9.727891, 1.454649, 2.308390, 3.792517
 288.000000, 8.515046, 1.379630, 2.370370, 3.775463
 333.666667, 10.529471, 1.196803, 2.140859, 3.364635
 319.333333, 10.580376, 1.373695, 2.254697, 3.681628
 318.000000, 9.078616, 1.265199, 2.262055, 3.554507
 296.333333, 9.453318, 1.407199, 2.353206, 3.790776
 304.666667, 9.892779, 1.392779, 2.324945, 3.749453
 332.333333, 10.383149, 1.266800, 2.016048, 3.321966
 323.000000, 10.057792, 1.347781, 2.244582, 3.633643
 335.000000, 10.366169, 1.310448, 2.217910, 3.558209
 320.333333, 9.967742, 1.303850, 2.228928, 3.560874
 303.333333, 8.679121, 1.134066, 2.339560, 3.508791
 327.666667, 10.286877, 1.281790, 2.113937, 3.424212
17
 0.250000, 0.000000, 0.000000, 8.000000, 35.000000
 298.666667, 10.869420, 1.515625, 2.060268, 3.631696
 305.000000, 9.249180, 1.322404, 2.327869, 3.697268
 310.000000, 9.105376, 1.407527, 2.351613, 3.786022
 325.333333, 10.027664, 1.284836, 2.152664, 3.464139
 304.000000, 9.601974, 1.399123, 2.378289, 3.804825
 312.333333, 9.737460, 1.348986, 2.254002, 3.636073
 319.666667, 10.532847, 1.450469, 2.206465, 3.686131
 298.666667, 9.751116, 1.431920, 2.296875, 3.756696
 285.000000, 8.430409, 1.443275, 2.339181, 3.819883
 316.333333, 9.400421, 1.284510, 2.209694, 3.537408
 320.333333, 10.192508, 1.412071, 2.254943, 3.719043
 332.000000, 10.593373, 1.313253, 2.196787, 3.542169
 307.000000, 10.414767, 1.439739, 2.306189, 3.775244
 316.666667, 10.418947, 1.405263, 2.261053, 3.694737
 330.000000, 10.282828, 1.354545, 2.032323, 3.414141
 315.000000, 10.006349, 1.365079, 2.311111, 3.703704
 336.666667, 10.508911, 1.316832, 2.264356, 3.609901
 323.000000, 10.144479, 1.394221, 2.219814, 3.639835
 322.333333, 9.391934, 1.246122, 2.036194, 3.308170
 317.000000, 9.583596, 1.210305, 2.082019, 3.320715
18
 0.250000, 1.000000, 0.000000, 1.000000, 4.000000
 306.666667, 11.031522, 1.460870, 2.044565, 3.542391
 309.333333, 9.197198, 1.300647, 2.261853, 3.590517
 324.000000, 10.029835, 1.368313, 2.280864, 3.675926
 312.000000, 9.167735, 1.239316, 2.226496, 3.512821
 301.000000, 9.655592, 1.396456, 2.295681, 3.724252
 299.333333, 9.430958, 1.319599, 2.320713, 3.681514
 306.000000, 9.079521, 1.376906, 2.313725, 3.720044
 296.666667, 10.312360, 1.468539, 2.298876, 3.795506
 279.333333, 8.287589, 1.383055, 2.399761, 3.816229
 312.000000, 9.831197, 1.221154, 2.256410, 3.506410
 313.000000, 10.022364, 1.417465, 2.306709, 3.752929
 318.000000, 9.375262, 1.307128, 2.286164, 3.620545
 302.666667, 10.394273, 1.386564, 2.318282, 3.734581
 298.333333, 9.284916, 1.377654, 2.378771, 3.786592
 322.000000, 10.391304, 1.373706, 2.116977, 3.525880
 305.000000, 8.492896, 1.262295, 2.391257, 3.680874
 332.000000, 10.091365, 1.301205, 2.303213, 3.638554
 318.333333, 9.814660, 1.401047, 2.193717, 3.626178
 315.333333, 10.027484, 1.293869, 2.108879, 3.429175
 313.666667, 8.774708, 1.244421, 2.147715, 3.418704
19
 0.250000, 0.000000, 0.000000, 1.000000, 28.000000
 284.666667, 9.364169, 1.460187, 2.188525, 3.690867
 314.000000, 10.108280, 1.328025, 2.232484, 3.587049
 305.666667, 9.148310, 1.408942, 2.345692, 3.790622
 323.333333, 9.560825, 1.237113, 2.172165, 3.436082
 306.000000, 9.538126, 1.384532, 2.413943, 3.832244
 322.333333, 10.925543, 1.408480, 2.124095, 3.585315
 319.666667, 10.018770, 1.351408, 2.191867, 3.569343
 300.666667, 9.858093, 1.472284, 2.291574, 3.797118
 289.333333, 8.668203, 1.390553, 2.296083, 3.715438
 295.666667, 8.612176, 1.275085, 2.305524, 3.643743
 296.000000, 8.971847, 1.356982, 2.447072, 3.835586
 322.333333, 9.614271, 1.304033, 2.191313, 3.528438
 311.666667, 10.339037, 1.465241, 2.242781, 3.735829
 320.333333, 10.362123, 1.396462, 2.217482, 3.639958
 341.333333, 10.393555, 1.236328, 1.968750, 3.233398
 325.666667, 10.198567, 1.319345, 2.248721, 3.595701
 330.000000, 10.446465, 1.329293, 2.292929, 3.662626
 318.666667, 10.171548, 1.416318, 2.210251, 3.653766
 314.000000, 8.971338, 1.239915, 2.138004, 3.406582
 322.000000, 9.625259, 1.291925, 2.103520, 3.440994
20
 0.250000, 0.000000, 0.000000, 1.000000, 27.000000
 294.333333, 10.695357, 1.494904, 2.224236, 3.755379
 303.000000, 9.573157, 1.322332, 2.390539, 3.741474
 325.666667, 10.334698, 1.374616, 2.264074, 3.671443
 330.000000, 9.886869, 1.265657, 2.153535, 3.450505
 304.666667, 10.121444, 1.384026, 2.401532, 3.818381
 317.000000, 10.574132, 1.352261, 2.215563, 3.600421
 314.333333, 10.012725, 1.359491, 2.306469, 3.692471
 302.000000, 11.066225, 1.432671, 2.383002, 3.853201
 291.666667, 9.465143, 1.450286, 2.277714, 3.756571
 311.666667, 9.554011, 1.205348, 2.214973, 3.452406
 324.000000, 10.755144, 1.399177, 2.240741, 3.669753
 321.333333, 9.712656, 1.340249, 2.230290, 3.598548
 312.333333, 11.127001, 1.398079, 2.247599, 3.673426
 317.666667, 10.836306, 1.469045, 2.267576, 3.764953
 311.000000, 9.106109, 1.233655, 2.140407, 3.410504
 324.333333, 10.430627, 1.361768, 2.294964, 3.683453
 335.000000, 9.958209, 1.332338, 2.257711, 3.617910
 333.666667, 10.902098, 1.418581, 2.153846, 3.601399
 302.000000, 8.420530, 1.245033, 2.174393, 3.459161
 322.000000, 9.462733, 1.233954, 2.145963, 3.414079
21
 0.250000, 0.000000, 0.000000, 0.000000, 27.000000
 290.666667, 10.635321, 1.443807, 2.199541, 3.673165
 314.333333, 10.272534, 1.382821, 2.247084, 3.667020
 320.666667, 9.956341, 1.352391, 2.282744, 3.662162
 341.000000, 10.365591, 1.286413, 2.087977, 3.398827
 304.333333, 9.791895, 1.372399, 2.317634, 3.716320
 317.000000, 10.160883, 1.401682, 2.184017, 3.624606
 320.000000, 9.866667, 1.443750, 2.183333, 3.654167
 297.000000, 10.132435, 1.531987, 2.334456, 3.894501
 292.333333, 9.486887, 1.387685, 2.229190, 3.644242
 313.666667, 9.833156, 1.232731, 2.242295, 3.503719
 318.666667, 10.341004, 1.383891, 2.287657, 3.719665
 339.000000, 10.462144, 1.315634, 2.152409, 3.494592
 323.333333, 11.405155, 1.467010, 2.189691, 3.683505
 315.666667, 10.162619, 1.423442, 2.263992, 3.728617
 327.333333, 10.515275, 1.254582, 2.084521, 3.377800
 317.000000, 9.450053, 1.309148, 2.307045, 3.643533
 327.666667, 9.927772, 1.303154, 2.308240, 3.646999
 322.000000, 10.236025, 1.419255, 2.218427, 3.678054
 312.666667, 9.373134, 1.236674, 2.122601, 3.388060
 315.000000, 9.156614, 1.220106, 2.155556, 3.404233
22
 0.250000, 0.000000, 0.000000, 0.000000, 25.000000
 292.000000, 10.087900, 1.480594, 2.098174, 3.665525
 312.666667, 10.217484, 1.345416, 2.253731, 3.628998
 316.666667, 10.098947, 1.353684, 2.285263, 3.668421
 333.333333, 10.379000, 1.267000, 2.097000, 3.390000
 299.000000, 9.274247, 1.358974, 2.402453, 3.790412
 298.333333, 8.816760, 1.375419, 2.325140, 3.736313
 308.333333, 9.171892, 1.379459, 2.276757, 3.685405
 295.666667, 9.491545, 1.392334, 2.320180, 3.739572
 302.666667, 9.268722, 1.416300, 2.222467, 3.671806
 313.333333, 9.797872, 1.284043, 2.230851, 3.543617
 321.000000, 10.806854, 1.352025, 2.289720, 3.668744
 333.666667, 10.631369, 1.320679, 2.165834, 3.518482
 297.333333, 9.543722, 1.448430, 2.320628, 3.804933
 307.333333, 9.665944, 1.372017, 2.323210, 3.722343
 323.000000, 9.955624, 1.273478, 2.073271, 3.374613
 307.000000, 8.836048, 1.298588, 2.325733, 3.661238
 322.000000, 9.320911, 1.313665, 2.339545, 3.683230
 325.000000, 10.952821, 1.418462, 2.167179, 3.614359
 296.666667, 8.714607, 1.275281, 2.250562, 3.557303
 310.666667, 8.853004, 1.246781, 2.136266, 3.434549
23
 0.250000, 1.000000, 0.000000, 0.000000, 25.000000
 316.000000, 11.010549, 1.504219, 1.973629, 3.506329
 325.000000, 10.424615, 1.381538, 2.173333, 3.582564
 315.666667, 9.790919, 1.382260, 2.287223, 3.696938
 322.000000, 9.751553, 1.290890, 2.153209, 3.471014
 310.000000, 10.497849, 1.397849, 2.304301, 3.725806
 312.333333, 10.180363, 1.308431, 2.224120, 3.565635
 311.333333, 9.908994, 1.390792, 2.285867, 3.705567
 294.666667, 9.179864, 1.449095, 2.356335, 3.832579
 300.333333, 9.701443, 1.442841, 2.235294, 3.719201
 309.666667, 9.162540, 1.233584, 2.262648, 3.537137
 313.666667, 10.072264, 1.384697, 2.332625, 3.770457
 323.333333, 9.559794, 1.342268, 2.192784, 3.562887
 304.666667, 10.321663, 1.393873, 2.296499, 3.719912
 311.666667, 9.747594, 1.406417, 2.282353, 3.724064
 337.666667, 11.098717, 1.283317, 1.956565, 3.271471
 316.333333, 9.456270, 1.317176, 2.307692, 3.655427
 324.666667, 9.439425, 1.350103, 2.300821, 3.681725
 330.000000, 10.622222, 1.348485, 2.157576, 3.532323
 305.333333, 8.870087, 1.246725, 2.164847, 3.438865
 322.333333, 9.865564, 1.286453, 2.097208, 3.410548
24
 0.250000, 0.000000, 0.000000, 0.000000, 24.000000
 320.666667, 12.040541, 1.570686, 1.968815, 3.572765
 305.666667, 9.496183, 1.380589, 2.315158, 3.731734
 323.333333, 10.047423, 1.356701, 2.244330, 3.631959
 327.666667, 10.061038, 1.304171, 2.152594, 3.483215
 302.000000, 9.871965, 1.379691, 2.416115, 3.824503
 314.333333, 10.240721, 1.319194, 2.205726, 3.554613
 311.333333, 9.561028, 1.326552, 2.252677, 3.607066
 284.333333, 8.754982, 1.495897, 2.393904, 3.926143
 297.666667, 8.974244, 1.433371, 2.250840, 3.722284
 318.333333, 9.952880, 1.273298, 2.205236, 3.506806
 322.666667, 10.719008, 1.409091, 2.266529, 3.711777
 329.000000, 9.913880, 1.308004, 2.166160, 3.501520
 297.666667, 10.133259, 1.396417, 2.315789, 3.741321
 326.333333, 10.608784, 1.421859, 2.188968, 3.638407
 332.333333, 10.313942, 1.236710, 2.058175, 3.326981
 314.666667, 9.701271, 1.287076, 2.317797, 3.634534
 322.000000, 9.349896, 1.350932, 2.325052, 3.706004
 327.666667, 10.408952, 1.389624, 2.149542, 3.564598
 317.666667, 9.615950, 1.244491, 2.110178, 3.388248
 316.666667, 8.888421, 1.242105, 2.138947, 3.416842
25
 0.250000, 0.000000, 0.000000, 0.000000, 1.000000
 317.000000, 11.539432, 1.561514, 2.002103, 3.599369
 324.333333, 10.143885, 1.375128, 2.208633, 3.609455
 316.000000, 9.833333, 1.378692, 2.304852, 3.710970
 316.000000, 9.206751, 1.265823, 2.240506, 3.532700
 276.666667, 7.890361, 1.372289, 2.598795, 4.004819
 302.666667, 9.410793, 1.337004, 2.245595, 3.612335
 335.333333, 11.707753, 1.420477, 2.125249, 3.574553
 301.000000, 9.765227, 1.506091, 2.289037, 3.826135
 287.000000, 8.677120, 1.423926, 2.305459, 3.757259
 311.666667, 9.812834, 1.303743, 2.240642, 3.572193
 334.000000, 11.187625, 1.423154, 2.186627, 3.650699
 321.333333, 9.628631, 1.298755, 2.230290, 3.560166
 320.000000, 11.513542, 1.400000, 2.178125, 3.612500
 311.000000, 9.843516, 1.338692, 2.273312, 3.640943
 329.333333, 9.958502, 1.262146, 2.039474, 3.330972
 318.000000, 9.829140, 1.281971, 2.274633, 3.591195
 326.666667, 9.892857, 1.340816, 2.308163, 3.688776
 334.333333, 10.628116, 1.409771, 2.089731, 3.530409
 321.000000, 9.218069, 1.245067, 2.062305, 3.334372
 301.666667, 8.649724, 1.230939, 2.223204, 3.488398
26
 0.250000, 1.000000, 0.000000, 0.000000, 0.000000
 314.333333, 11.249205, 1.510074, 2.009544, 3.558855
 299.666667, 9.565072, 1.249166, 2.390434, 3.686318
 330.000000, 11.078788, 1.439394, 2.235354, 3.715152
 328.666667, 9.636917, 1.266734, 2.169371, 3.463489
 311.333333, 9.917559, 1.382227, 2.349036, 3.758030
 304.000000, 9.593202, 1.333333, 2.235746, 3.598684
 292.333333, 8.831243, 1.315849, 2.475485, 3.832383
 295.333333, 9.741535, 1.524831, 2.336343, 3.889391
 285.333333, 8.450935, 1.328271, 2.386682, 3.741822
 315.666667, 10.034847, 1.328405, 2.220697, 3.580781
 319.666667, 10.527633, 1.391032, 2.287800, 3.705944
 316.000000, 9.573840, 1.293249, 2.277426, 3.602321
 308.000000, 10.722944, 1.426407, 2.268398, 3.722944
 311.000000, 9.965702, 1.375134, 2.330118, 3.735263
 312.000000, 9.533120, 1.215812, 2.119658, 3.369658
 312.000000, 9.274573, 1.325855, 2.288462, 3.653846
 315.000000, 8.901587, 1.300529, 2.379894, 3.717460
 322.000000, 10.336439, 1.387164, 2.234990, 3.650104
 313.666667, 9.074389, 1.290117, 2.127524, 3.455898
 314.333333, 9.266172, 1.218452, 2.188759, 3.436903
27
 0.250000, 2.000000, 0.000000, 0.000000, 0.000000
 306.000000, 11.332244, 1.457516, 2.030501, 3.532680
 329.333333, 11.013158, 1.383603, 2.183198, 3.594130
 304.666667, 9.394967, 1.373085, 2.392779, 3.800875
 332.333333, 10.200602, 1.218656, 2.148445, 3.397192
 295.666667, 9.543405, 1.348365, 2.370913, 3.755355
 326.000000, 11.277096, 1.377301, 2.165644, 3.570552
 324.666667, 10.492813, 1.410678, 2.177618, 3.616016
 304.000000, 10.296053, 1.560307, 2.265351, 3.853070
 292.666667, 9.554670, 1.431663, 2.290433, 3.749431
 313.000000, 9.940362, 1.211928, 2.261981, 3.502662
 312.666667, 10.054371, 1.347548, 2.299574, 3.700426
 323.666667, 9.731205, 1.292482, 2.204943, 3.531411
 304.333333, 10.058050, 1.394304, 2.274918, 3.696605
 315.666667, 10.172122, 1.353749, 2.247096, 3.633580
 319.666667, 9.770594, 1.264859, 2.087591, 3.394161
 307.666667, 8.830986, 1.306609, 2.385699, 3.719393
 333.333333, 10.435000, 1.304000, 2.269000, 3.611000
 325.333333, 10.214139, 1.462090, 2.163934, 3.653689
 299.666667, 8.343715, 1.243604, 2.212458, 3.483871
 303.333333, 8.607692, 1.235165, 2.220879, 3.485714
28
 0.250000, 4.000000, 0.000000, 0.000000, 0.000000
 303.333333, 11.214286, 1.408791, 1.982418, 3.432967
 312.666667, 9.894456, 1.369936, 2.246269, 3.641791
 311.000000, 9.827438, 1.368703, 2.332262, 3.725616
 319.666667, 9.520334, 1.285714, 2.193952, 3.506778
 294.333333, 9.062288, 1.508494, 2.449604, 3.990940
 306.000000, 9.108932, 1.337691, 2.239651, 3.612200
 322.000000, 10.956522, 1.386128, 2.199793, 3.611801
 298.000000, 10.086130, 1.410515, 2.364653, 3.804251
 291.000000, 9.348225, 1.413517, 2.294387, 3.735395
 312.666667, 9.859275, 1.228145, 2.250533, 3.511727
 314.666667, 10.139831, 1.343220, 2.302966, 3.674788
 351.000000, 11.052232, 1.320038, 2.071225, 3.425451
 309.333333, 10.689655, 1.421336, 2.262931, 3.712284
 308.333333, 9.166486, 1.395676, 2.314595, 3.739459
 320.000000, 9.473958, 1.297917, 2.100000, 3.426042
 324.666667, 9.944559, 1.322382, 2.276181, 3.626283
 334.000000, 10.463074, 1.317365, 2.229541, 3.582834
 323.666667, 10.266735, 1.372812, 2.194645, 3.598352
 297.000000, 8.687991, 1.265993, 2.210999, 3.507295
 321.333333, 9.840249, 1.285270, 2.123444, 3.437759
29
 0.250000, 6.000000, 0.000000, 0.000000, 0.000000
 313.000000, 11.303514, 1.488818, 1.970181, 3.505857
 312.333333, 9.024546, 1.304162, 2.258271, 3.590181
 321.000000, 10.268951, 1.375909, 2.287643, 3.695742
 303.000000, 8.459846, 1.228823, 2.312431, 3.570957
 302.000000, 9.441501, 1.448124, 2.306843, 3.783664
 308.000000, 9.627706, 1.341991, 2.251082, 3.629870
 323.000000, 10.100103, 1.339525, 2.172343, 3.552116
 294.000000, 9.658730, 1.455782, 2.325397, 3.814059
 283.000000, 8.449941, 1.436985, 2.301531, 3.766784
 310.333333, 9.152524, 1.210526, 2.244898, 3.484425
 304.666667, 9.583151, 1.398249, 2.400438, 3.830416
 306.000000, 8.673203, 1.330065, 2.354031, 3.714597
 298.333333, 9.743017, 1.418994, 2.322905, 3.768715
 320.000000, 9.976042, 1.417708, 2.221875, 3.666667
 312.333333, 9.150480, 1.221985, 2.130203, 3.381003
 312.333333, 9.632871, 1.304162, 2.331910, 3.672359
 337.333333, 10.477273, 1.299407, 2.268775, 3.593874
 318.000000, 9.972746, 1.379455, 2.216981, 3.623690
 305.666667, 8.716467, 1.209378, 2.173391, 3.410033
 314.333333, 9.036055, 1.233298, 2.143160, 3.411453
30
 0.250000, 6.000000, 0.000000, 0.000000, 0.000000
 272.333333, 9.440636, 1.340269, 2.310894, 3.691554
 293.666667, 8.696935, 1.383655, 2.379115, 3.793417
 324.333333, 10.699897, 1.390545, 2.255910, 3.674203
 325.000000, 9.662564, 1.284103, 2.157949, 3.470769
 306.333333, 9.770403, 1.436344, 2.401523, 3.865071
 311.000000, 10.216506, 1.371919, 2.330118, 3.730975
 319.333333, 10.049061, 1.408142, 2.205637, 3.641962
 291.333333, 9.223112, 1.418764, 2.343249, 3.789474
 286.333333, 8.171129, 1.454016, 2.309662, 3.790454
 330.000000, 10.428283, 1.313131, 2.144444, 3.487879
 315.000000, 9.985185, 1.398942, 2.326984, 3.753439
 330.000000, 9.698990, 1.318182, 2.180808, 3.527273
 304.000000, 10.387061, 1.492325, 2.304825, 3.824561
 307.666667, 10.138678, 1.403034, 2.326111, 3.763814
 321.333333, 9.467842, 1.273859, 2.096473, 3.400415
 310.333333, 9.094522, 1.316864, 2.325456, 3.671321
 340.666667, 10.333659, 1.318004, 2.204501, 3.551859
 333.000000, 10.834835, 1.400400, 2.125125, 3.552553
 309.333333, 8.868534, 1.237069, 2.150862, 3.418103
 311.666667, 9.264171, 1.288770, 2.183957, 3.502674
31
 0.250000, 3.000000, 0.000000, 0.000000, 0.000000
 286.666667, 10.647674, 1.480233, 2.145349, 3.672093
 320.333333, 10.182102, 1.343392, 2.217482, 3.600416
 310.333333, 9.194415, 1.383459, 2.337272, 3.748657
 320.666667, 9.501040, 1.294179, 2.194387, 3.515593
 297.000000, 9.096521, 1.379349, 2.448934, 3.856341
 308.333333, 10.137297, 1.307027, 2.233514, 3.571892
 315.000000, 9.760847, 1.336508, 2.233862, 3.596825
 287.666667, 9.611819, 1.466976, 2.384705, 3.881808
 292.666667, 9.121868, 1.485194, 2.289294, 3.802961
 312.333333, 9.342583, 1.268943, 2.257204, 3.553895
 307.666667, 8.860238, 1.336945, 2.313109, 3.689057
 335.000000, 10.400995, 1.298507, 2.147264, 3.477612
 306.333333, 10.152339, 1.410229, 2.261153, 3.698585
 294.333333, 8.685164, 1.336353, 2.402039, 3.775764
 312.666667, 8.988273, 1.296375, 2.117271, 3.450959
 305.000000, 8.387978, 1.297268, 2.337705, 3.665574
 334.333333, 10.552343, 1.378863, 2.254237, 3.665005
 332.333333, 10.796389, 1.351053, 2.145436, 3.524574
 293.000000, 8.102389, 1.242321, 2.228669, 3.502844
 309.333333, 8.832974, 1.203664, 2.156250, 3.393319
Histogram
6 0 0 0 0 0 0 0 0 0 1 0 0 0 0 0 0 0 0 0 0 0 0 0 0 0 0 0 0 0 0 0 6 41 77 124 193 143 47 8 2 0 0 0 0 0 0 0 0 0 0 0 0 0 0 0 0 0 0 0 0 0 0 0 0 0 0 0 0 0 0 0 0 0 0 0 0 0 0 0 0 0 0 0 0 0 0 0 0 0 0 0 0 0 0 0 0 0 0 0 0 0 0 0 0 0 0 0 0 0 2 0 0 0 0 0 0 0 0 22 
Cache Miss Ratio
NaN
numOfSets
602613
numOfGets
0
numOfMultiGets
0
