20
0
 0.250000, 0.000000, 0.000000, 17.000000, 23.000000
 147.000000, 0.489796, 0.181406, 1.009070, 1.231293
 170.333333, 0.371820, 0.131115, 0.661448, 0.821918
 160.666667, 0.387967, 0.157676, 0.848548, 1.043568
 178.000000, 0.389513, 0.101124, 0.683521, 0.812734
 171.333333, 0.357977, 0.101167, 0.686770, 0.817121
 159.000000, 0.245283, 0.109015, 0.712788, 0.861635
 149.000000, 0.284116, 0.319911, 0.791946, 1.187919
 168.666667, 0.310277, 0.104743, 0.636364, 0.768775
 169.666667, 0.388998, 0.121807, 0.687623, 0.838900
 169.000000, 0.307692, 0.106509, 0.662722, 0.796844
 177.666667, 0.330206, 0.088180, 0.660413, 0.776735
 169.000000, 0.394477, 0.128205, 0.658777, 0.812623
 166.333333, 0.260521, 0.126253, 0.681363, 0.845691
 174.666667, 0.444656, 0.122137, 0.601145, 0.763359
 166.666667, 0.280000, 0.100000, 0.654000, 0.782000
 125.666667, 0.217507, 0.244032, 0.909814, 1.307692
 168.666667, 0.381423, 0.120553, 0.697628, 0.869565
 174.666667, 0.400763, 0.131679, 0.631679, 0.790076
 193.666667, 0.619621, 0.098107, 0.703959, 0.831325
1
 0.250000, 0.000000, 1.000000, 19.000000, 22.000000
 158.333333, 0.560000, 0.214737, 0.960000, 1.225263
 167.000000, 0.373253, 0.135729, 0.702595, 0.866267
 165.000000, 0.353535, 0.167677, 0.822222, 1.038384
 172.000000, 0.344961, 0.112403, 0.748062, 0.891473
 176.666667, 0.275472, 0.088679, 0.703774, 0.818868
 181.333333, 0.522059, 0.121324, 0.716912, 0.869485
 149.333333, 0.265625, 0.584821, 0.930804, 1.544643
 175.000000, 0.420952, 0.110476, 0.662857, 0.800000
 180.666667, 0.492620, 0.088561, 0.682657, 0.798893
 178.333333, 0.360748, 0.106542, 0.682243, 0.820561
 174.666667, 0.322519, 0.095420, 0.675573, 0.801527
 178.333333, 0.545794, 0.136449, 0.637383, 0.814953
 171.666667, 0.273786, 0.106796, 0.658252, 0.792233
 173.000000, 0.450867, 0.104046, 0.678227, 0.811175
 168.666667, 0.349802, 0.138340, 0.634387, 0.802372
 137.000000, 0.352798, 0.218978, 0.868613, 1.116788
 175.666667, 0.561670, 0.134725, 0.696395, 0.859583
 182.666667, 0.582117, 0.125912, 0.616788, 0.773723
 173.333333, 0.384615, 0.094231, 0.726923, 0.853846
2
 0.250000, 0.000000, 1.000000, 20.000000, 22.000000
 147.666667, 0.546275, 0.189616, 0.930023, 1.155756
 172.000000, 0.325581, 0.124031, 0.649225, 0.813953
 185.333333, 0.741007, 0.165468, 0.843525, 1.050360
 167.333333, 0.306773, 0.125498, 0.719124, 0.878486
 170.000000, 0.323529, 0.107843, 0.703922, 0.839216
 174.000000, 0.450192, 0.095785, 0.668582, 0.795019
 151.666667, 0.232967, 0.109890, 0.791209, 0.929670
 174.333333, 0.437859, 0.114723, 0.623327, 0.766730
 169.000000, 0.357002, 0.112426, 0.680473, 0.822485
 167.333333, 0.354582, 0.115538, 0.697211, 0.842629
 171.000000, 0.284600, 0.097466, 0.693957, 0.816764
 179.333333, 0.483271, 0.113383, 0.578067, 0.721190
 165.333333, 0.322581, 0.112903, 0.639113, 0.780242
 178.000000, 0.567416, 0.147940, 0.681648, 0.857678
 169.333333, 0.271654, 0.094488, 0.663386, 0.785433
 123.000000, 0.216802, 0.357724, 0.810298, 1.330623
 171.000000, 0.397661, 0.128655, 0.686160, 0.842105
 178.000000, 0.318352, 0.106742, 0.612360, 0.758427
 174.666667, 0.438931, 0.112595, 0.687023, 0.830153
3
 0.250000, 0.000000, 1.000000, 18.000000, 22.000000
 145.666667, 0.455378, 0.288330, 1.002288, 1.327231
 171.000000, 0.442495, 0.130604, 0.654971, 0.812865
 167.000000, 0.357285, 0.145709, 0.822355, 0.998004
 182.666667, 0.478102, 0.111314, 0.733577, 0.875912
 178.333333, 0.360748, 0.093458, 0.700935, 0.822430
 173.666667, 0.381958, 0.111324, 0.675624, 0.815739
 154.000000, 0.335498, 0.106061, 0.829004, 0.965368
 178.666667, 0.322761, 0.108209, 0.628731, 0.766791
 171.666667, 0.330097, 0.104854, 0.658252, 0.790291
 168.333333, 0.308911, 0.104950, 0.710891, 0.855446
 173.666667, 0.310940, 0.097889, 0.702495, 0.827255
 174.666667, 0.408397, 0.114504, 0.656489, 0.799618
 175.000000, 0.462857, 0.120000, 0.691429, 0.851429
 183.666667, 0.493648, 0.141561, 0.642468, 0.814882
 172.000000, 0.437984, 0.133721, 0.676357, 0.837209
 148.666667, 0.632287, 0.961883, 1.650224, 2.793722
 169.666667, 0.388998, 0.149312, 0.707269, 0.886051
 169.666667, 0.284872, 0.123772, 0.634578, 0.787819
 168.000000, 0.301587, 0.101190, 0.742063, 0.873016
4
 0.250000, 0.000000, 1.000000, 16.000000, 21.000000
 141.666667, 0.430588, 0.261176, 1.063529, 1.360000
 170.666667, 0.353516, 0.138672, 0.666016, 0.833984
 175.666667, 0.542694, 0.151803, 0.781784, 0.977230
 177.000000, 0.480226, 0.122411, 0.728814, 0.881356
 169.666667, 0.347741, 0.100196, 0.685658, 0.813360
 174.333333, 0.428298, 0.130019, 0.694073, 0.850860
 149.333333, 0.299107, 0.142857, 0.883929, 1.212054
 169.666667, 0.292731, 0.096267, 0.638507, 0.762279
 167.666667, 0.306163, 0.097416, 0.685885, 0.811133
 168.666667, 0.298419, 0.094862, 0.658103, 0.782609
 174.333333, 0.275335, 0.097514, 0.657744, 0.785851
 165.000000, 0.389899, 0.115152, 0.656566, 0.802020
 175.333333, 0.319392, 0.117871, 0.640684, 0.787072
 173.000000, 0.377649, 0.117534, 0.687861, 0.834297
 174.333333, 0.428298, 0.137667, 0.661568, 0.837476
 135.333333, 0.325123, 0.655172, 0.960591, 1.642857
 171.666667, 0.380583, 0.151456, 0.679612, 0.858252
 180.666667, 0.520295, 0.145756, 0.649446, 0.822878
 173.666667, 0.353167, 0.103647, 0.760077, 0.890595
5
 0.250000, 0.000000, 1.000000, 17.000000, 21.000000
 149.666667, 0.708241, 0.287305, 0.993318, 1.314031
 169.333333, 0.433071, 0.145669, 0.675197, 0.850394
 173.666667, 0.618042, 0.153551, 0.811900, 1.011516
 177.666667, 0.487805, 0.131332, 0.699812, 0.861163
 175.333333, 0.370722, 0.098859, 0.678707, 0.806084
 160.000000, 0.229167, 0.104167, 0.712500, 0.841667
 151.000000, 0.280353, 0.094923, 0.783664, 0.920530
 166.666667, 0.248000, 0.104000, 0.676000, 0.808000
 166.333333, 0.348697, 0.104208, 0.687375, 0.823647
 170.333333, 0.266145, 0.091977, 0.665362, 0.784736
 173.333333, 0.288462, 0.098077, 0.655769, 0.792308
 186.333333, 0.601073, 0.109123, 0.617174, 0.758497
 166.666667, 0.356000, 0.122000, 0.672000, 0.822000
 181.000000, 0.445672, 0.101289, 0.653775, 0.784530
 167.333333, 0.328685, 0.103586, 0.687251, 0.818725
 126.333333, 0.266491, 0.245383, 0.860158, 1.134565
 159.666667, 0.269311, 0.146138, 0.695198, 0.883090
 174.666667, 0.335878, 0.101145, 0.664122, 0.809160
 174.666667, 0.396947, 0.101145, 0.698473, 0.826336
6
 0.250000, 0.000000, 1.000000, 16.000000, 19.000000
 152.000000, 0.616228, 0.287281, 0.934211, 1.265351
 175.333333, 0.488593, 0.117871, 0.674905, 0.825095
 168.666667, 0.466403, 0.187747, 0.802372, 1.019763
 182.666667, 0.585766, 0.105839, 0.708029, 0.846715
 187.000000, 0.484848, 0.099822, 0.643494, 0.775401
 170.000000, 0.309804, 0.107843, 0.676471, 0.813725
 161.333333, 0.431818, 0.109504, 0.803719, 0.942149
 180.666667, 0.500000, 0.103321, 0.658672, 0.787823
 171.000000, 0.378168, 0.101365, 0.723197, 0.851852
 173.333333, 0.321154, 0.109615, 0.713462, 0.851923
 167.333333, 0.213147, 0.091633, 0.681275, 0.800797
 163.333333, 0.359184, 0.122449, 0.669388, 0.822449
 181.666667, 0.425688, 0.113761, 0.647706, 0.796330
 174.666667, 0.396947, 0.129771, 0.679389, 0.837786
 174.666667, 0.320611, 0.087786, 0.650763, 0.769084
 138.000000, 0.413043, 0.103865, 0.666667, 0.801932
 164.333333, 0.391481, 0.123732, 0.699797, 0.851927
 181.666667, 0.466055, 0.106422, 0.611009, 0.748624
 171.666667, 0.370874, 0.110680, 0.706796, 0.846602
7
 0.250000, 0.000000, 2.000000, 16.000000, 20.000000
 141.333333, 0.504717, 0.250000, 1.108491, 1.412736
 178.000000, 0.533708, 0.146067, 0.666667, 0.844569
 179.666667, 0.582560, 0.144712, 0.810761, 1.000000
 179.333333, 0.403346, 0.105948, 0.721190, 0.858736
 182.666667, 0.430657, 0.098540, 0.704380, 0.830292
 179.333333, 0.462825, 0.120818, 0.684015, 0.843866
 154.000000, 0.285714, 0.103896, 0.729437, 0.861472
 181.333333, 0.354779, 0.095588, 0.634191, 0.757353
 166.666667, 0.332000, 0.112000, 0.702000, 0.842000
 172.000000, 0.300388, 0.104651, 0.680233, 0.813953
 181.666667, 0.405505, 0.095413, 0.691743, 0.814679
 167.000000, 0.409182, 0.127745, 0.688623, 0.896208
 173.000000, 0.298651, 0.119461, 0.641618, 0.788054
 174.000000, 0.429119, 0.143678, 0.659004, 0.829502
 166.666667, 0.240000, 0.096000, 0.642000, 0.766000
 139.000000, 0.378897, 1.172662, 1.141487, 2.340528
 177.666667, 0.499062, 0.129456, 0.654784, 0.812383
 183.333333, 0.381818, 0.105455, 0.623636, 0.758182
 179.333333, 0.537175, 0.091078, 0.676580, 0.795539
8
 0.250000, 0.000000, 0.000000, 0.000000, 3.000000
 155.333333, 0.525751, 0.216738, 1.040773, 1.298283
 157.666667, 0.243129, 0.133192, 0.680761, 0.843552
 165.333333, 0.334677, 0.149194, 0.862903, 1.050403
 175.000000, 0.443810, 0.102857, 0.729524, 0.866667
 171.666667, 0.332039, 0.100971, 0.681553, 0.811650
 172.666667, 0.357143, 0.144788, 0.664093, 0.841699
 159.666667, 0.331942, 0.104384, 0.810021, 0.943633
 178.333333, 0.401869, 0.097196, 0.667290, 0.792523
 163.000000, 0.224949, 0.108384, 0.691207, 0.830266
 174.666667, 0.320611, 0.101145, 0.675573, 0.805344
 177.000000, 0.284369, 0.088512, 0.666667, 0.792844
 189.333333, 0.600352, 0.112676, 0.596831, 0.760563
 183.333333, 0.452727, 0.125455, 0.620000, 0.783636
 173.666667, 0.378119, 0.136276, 0.650672, 0.825336
 174.333333, 0.282983, 0.093690, 0.655832, 0.776291
 139.666667, 0.486874, 0.095465, 0.644391, 0.782816
 171.000000, 0.385965, 0.187135, 0.672515, 0.888889
 164.666667, 0.309717, 0.103239, 0.690283, 0.821862
 182.333333, 0.457038, 0.115174, 0.707495, 0.861060
9
 0.250000, 0.000000, 0.000000, 0.000000, 0.000000
 159.000000, 0.654088, 0.257862, 0.916143, 1.222222
 177.333333, 0.500000, 0.144737, 0.663534, 0.860902
 165.333333, 0.346774, 0.143145, 0.828629, 1.006048
 178.333333, 0.439252, 0.114019, 0.708411, 0.854206
 170.666667, 0.291016, 0.103516, 0.662109, 0.802734
 173.000000, 0.342967, 0.098266, 0.707129, 0.832370
 152.000000, 0.372807, 0.118421, 0.767544, 0.914474
 174.000000, 0.365900, 0.122605, 0.618774, 0.770115
 175.666667, 0.442125, 0.110057, 0.679317, 0.815939
 174.000000, 0.321839, 0.097701, 0.678161, 0.806513
 175.666667, 0.313093, 0.092979, 0.679317, 0.798861
 180.000000, 0.531481, 0.120370, 0.661111, 0.809259
 172.333333, 0.307544, 0.110251, 0.636364, 0.773694
 168.000000, 0.420635, 0.121032, 0.682540, 0.829365
 171.000000, 0.345029, 0.099415, 0.635478, 0.764133
 131.666667, 0.369620, 0.298734, 0.845570, 1.511392
 162.666667, 0.321721, 0.182377, 0.684426, 0.895492
 169.000000, 0.303748, 0.112426, 0.623274, 0.765286
 183.666667, 0.488203, 0.096189, 0.653358, 0.778584
10
 0.250000, 3.000000, 0.000000, 1.000000, 1.000000
 152.666667, 0.401747, 0.174672, 0.851528, 1.061135
 160.666667, 0.315353, 0.124481, 0.659751, 0.827801
 180.000000, 0.479630, 0.135185, 0.748148, 0.916667
 176.666667, 0.373585, 0.098113, 0.730189, 0.860377
 178.000000, 0.411985, 0.089888, 0.683521, 0.801498
 162.000000, 0.335391, 0.109053, 0.705761, 0.841564
 155.000000, 0.367742, 0.137634, 0.836559, 1.004301
 179.000000, 0.320298, 0.121043, 0.661080, 0.813780
 178.333333, 0.411215, 0.106542, 0.672897, 0.809346
 171.333333, 0.284047, 0.093385, 0.684825, 0.807393
 180.666667, 0.474170, 0.114391, 0.690037, 0.856089
 179.666667, 0.400742, 0.124304, 0.623377, 0.777365
 174.000000, 0.342912, 0.128352, 0.636015, 0.791188
 173.666667, 0.341651, 0.120921, 0.635317, 0.785029
 172.000000, 0.441860, 0.124031, 0.645349, 0.798450
 140.333333, 0.422803, 0.541568, 0.900238, 1.551069
 178.666667, 0.626866, 0.130597, 0.651119, 0.813433
 180.666667, 0.512915, 0.119926, 0.649446, 0.795203
 170.666667, 0.304688, 0.105469, 0.691406, 0.822266
11
 0.250000, 0.000000, 0.000000, 3.000000, 5.000000
 152.333333, 0.737418, 0.249453, 1.032823, 1.317287
 183.333333, 0.652727, 0.136364, 0.649091, 0.814545
 166.333333, 0.350701, 0.144289, 0.791583, 0.965932
 177.333333, 0.383459, 0.127820, 0.742481, 0.909774
 173.000000, 0.375723, 0.098266, 0.693642, 0.820809
 174.333333, 0.351816, 0.108987, 0.686424, 0.837476
 160.666667, 0.417012, 0.118257, 0.834025, 0.981328
 181.333333, 0.393382, 0.091912, 0.595588, 0.724265
 163.000000, 0.278119, 0.108384, 0.699387, 0.836401
 171.666667, 0.479612, 0.091262, 0.693204, 0.813592
 176.333333, 0.313800, 0.086957, 0.650284, 0.775047
 169.666667, 0.355599, 0.106090, 0.648330, 0.781925
 185.333333, 0.467626, 0.098921, 0.618705, 0.748201
 184.666667, 0.541516, 0.131769, 0.629964, 0.788809
 181.000000, 0.464088, 0.103131, 0.635359, 0.777164
 129.666667, 0.295630, 0.187661, 0.655527, 0.874036
 178.000000, 0.537453, 0.129213, 0.661049, 0.816479
 171.333333, 0.402724, 0.114786, 0.642023, 0.789883
 176.000000, 0.392045, 0.098485, 0.742424, 0.869318
12
 0.250000, 4.000000, 1.000000, 2.000000, 4.000000
 160.666667, 0.630705, 0.207469, 0.989627, 1.244813
 174.333333, 0.451243, 0.139579, 0.653920, 0.826004
 170.333333, 0.414873, 0.162427, 0.804305, 1.000000
 182.666667, 0.552920, 0.109489, 0.702555, 0.843066
 171.000000, 0.345029, 0.099415, 0.727096, 0.853801
 161.333333, 0.301653, 0.132231, 0.710744, 0.880165
 158.666667, 0.500000, 0.367647, 0.827731, 1.224790
 174.666667, 0.324427, 0.108779, 0.633588, 0.782443
 170.666667, 0.302734, 0.093750, 0.679688, 0.800781
 172.333333, 0.272727, 0.110251, 0.653772, 0.793037
 170.333333, 0.297456, 0.090020, 0.657534, 0.778865
 176.000000, 0.409091, 0.107955, 0.632576, 0.768939
 185.000000, 0.418018, 0.122523, 0.661261, 0.818018
 170.333333, 0.383562, 0.129159, 0.710372, 0.890411
 162.333333, 0.240246, 0.096509, 0.665298, 0.790554
 131.333333, 0.373096, 0.101523, 0.817259, 0.946701
 161.000000, 0.316770, 0.140787, 0.666667, 0.846791
 183.000000, 0.438980, 0.118397, 0.644809, 0.795993
 176.666667, 0.469811, 0.115094, 0.700000, 0.841509
13
 0.250000, 0.000000, 1.000000, 1.000000, 4.000000
 154.666667, 0.827586, 0.280172, 1.077586, 1.424569
 174.333333, 0.416826, 0.137667, 0.707457, 0.908222
 163.000000, 0.386503, 0.157464, 0.832311, 1.024540
 172.000000, 0.321705, 0.122093, 0.744186, 0.895349
 178.000000, 0.352060, 0.097378, 0.700375, 0.823970
 166.666667, 0.258000, 0.104000, 0.710000, 0.852000
 148.666667, 0.271300, 0.549327, 0.878924, 1.459641
 169.000000, 0.337278, 0.104536, 0.637081, 0.771203
 173.666667, 0.353167, 0.099808, 0.690979, 0.817658
 171.333333, 0.336576, 0.099222, 0.678988, 0.807393
 176.333333, 0.370510, 0.102079, 0.695652, 0.826087
 177.666667, 0.442777, 0.121951, 0.636023, 0.787992
 186.333333, 0.527728, 0.112701, 0.647585, 0.787120
 179.666667, 0.426716, 0.126160, 0.634508, 0.801484
 169.333333, 0.324803, 0.086614, 0.659449, 0.773622
 131.000000, 0.346056, 0.328244, 0.956743, 1.524173
 170.000000, 0.386275, 0.133333, 0.715686, 0.878431
 170.000000, 0.323529, 0.115686, 0.635294, 0.780392
 181.000000, 0.464088, 0.108656, 0.718232, 0.867403
14
 0.250000, 2.000000, 1.000000, 1.000000, 3.000000
 148.000000, 0.533784, 0.227477, 1.087838, 1.362613
 185.000000, 0.515315, 0.127928, 0.688288, 0.848649
 167.666667, 0.469185, 0.172962, 0.825050, 1.037773
 173.000000, 0.412331, 0.105973, 0.736031, 0.872832
 168.333333, 0.320792, 0.110891, 0.708911, 0.857426
 157.000000, 0.239915, 0.104034, 0.666667, 0.811040
 158.000000, 0.337553, 0.369198, 0.797468, 1.196203
 181.333333, 0.358456, 0.115809, 0.632353, 0.797794
 167.666667, 0.302187, 0.127237, 0.693837, 0.848907
 173.666667, 0.278311, 0.094050, 0.669866, 0.802303
 172.666667, 0.287645, 0.102317, 0.669884, 0.812741
 174.333333, 0.416826, 0.120459, 0.688337, 0.839388
 181.666667, 0.409174, 0.124771, 0.644037, 0.796330
 179.666667, 0.445269, 0.109462, 0.666048, 0.816327
 175.666667, 0.356736, 0.096774, 0.626186, 0.753321
 127.333333, 0.256545, 0.259162, 0.793194, 1.301047
 175.000000, 0.619048, 0.156190, 0.664762, 0.859048
 176.666667, 0.390566, 0.105660, 0.633962, 0.769811
 177.666667, 0.470919, 0.125704, 0.684803, 0.838649
15
 0.250000, 0.000000, 0.000000, 0.000000, 3.000000
 149.000000, 0.427293, 0.217002, 1.015660, 1.270694
 177.333333, 0.398496, 0.144737, 0.665414, 0.838346
 169.000000, 0.443787, 0.149901, 0.767258, 0.948718
 172.000000, 0.389535, 0.104651, 0.647287, 0.782946
 174.000000, 0.354406, 0.091954, 0.674330, 0.795019
 182.333333, 0.433272, 0.096892, 0.665448, 0.791590
 147.333333, 0.309955, 0.110860, 0.798643, 0.941176
 171.666667, 0.312621, 0.102913, 0.629126, 0.761165
 164.000000, 0.260163, 0.113821, 0.695122, 0.837398
 167.666667, 0.218688, 0.099404, 0.685885, 0.813121
 175.000000, 0.293333, 0.097143, 0.668571, 0.798095
 182.666667, 0.591241, 0.113139, 0.686131, 0.841241
 174.000000, 0.273946, 0.116858, 0.655172, 0.821839
 173.333333, 0.428846, 0.107692, 0.671154, 0.807692
 174.333333, 0.426386, 0.091778, 0.659656, 0.789675
 130.333333, 0.245524, 0.222506, 0.785166, 1.035806
 162.666667, 0.323770, 0.165984, 0.706967, 0.901639
 173.333333, 0.309615, 0.109615, 0.630769, 0.778846
 173.666667, 0.364683, 0.113244, 0.679463, 0.823417
16
 0.250000, 0.000000, 0.000000, 1.000000, 4.000000
 148.333333, 0.577528, 0.244944, 1.051685, 1.334831
 177.666667, 0.480300, 0.127580, 0.636023, 0.806754
 188.666667, 0.606007, 0.157244, 0.818021, 1.014134
 179.000000, 0.448790, 0.094972, 0.696462, 0.821229
 176.666667, 0.347170, 0.090566, 0.684906, 0.815094
 166.666667, 0.322000, 0.122000, 0.676000, 0.838000
 153.000000, 0.352941, 0.113290, 0.814815, 0.956427
 174.000000, 0.381226, 0.101533, 0.622605, 0.750958
 174.000000, 0.467433, 0.118774, 0.681992, 0.829502
 172.333333, 0.319149, 0.137331, 0.678917, 0.845261
 173.666667, 0.347409, 0.095969, 0.662188, 0.785029
 168.000000, 0.440476, 0.113095, 0.682540, 0.825397
 176.333333, 0.359168, 0.115312, 0.665406, 0.807183
 172.333333, 0.344294, 0.125725, 0.653772, 0.806576
 175.333333, 0.321293, 0.093156, 0.648289, 0.771863
 126.000000, 0.291005, 0.219577, 0.870370, 1.119048
 165.000000, 0.339394, 0.139394, 0.678788, 0.856566
 177.333333, 0.404135, 0.120301, 0.642857, 0.789474
 174.333333, 0.571702, 0.099426, 0.707457, 0.854685
17
 0.250000, 0.000000, 0.000000, 1.000000, 3.000000
 161.333333, 0.719008, 0.233471, 0.962810, 1.231405
 173.666667, 0.573896, 0.140115, 0.819578, 1.003839
 185.333333, 0.616906, 0.145683, 0.780576, 0.960432
 175.666667, 0.330171, 0.117647, 0.709677, 0.859583
 179.333333, 0.410781, 0.098513, 0.698885, 0.823420
 168.666667, 0.292490, 0.104743, 0.669960, 0.804348
 150.000000, 0.248889, 0.362222, 0.897778, 1.420000
 183.333333, 0.432727, 0.094545, 0.614545, 0.747273
 172.666667, 0.357143, 0.100386, 0.689189, 0.818533
 172.333333, 0.241779, 0.096712, 0.673114, 0.796905
 178.000000, 0.329588, 0.101124, 0.681648, 0.807116
 175.333333, 0.494297, 0.129278, 0.634981, 0.802281
 176.333333, 0.351607, 0.103970, 0.631380, 0.763705
 167.000000, 0.337325, 0.131737, 0.672655, 0.844311
 166.666667, 0.308000, 0.096000, 0.644000, 0.770000
 137.666667, 0.334140, 0.215496, 0.760291, 1.004843
 173.000000, 0.485549, 0.157996, 0.680154, 0.865125
 181.000000, 0.539595, 0.101289, 0.642726, 0.771639
 176.333333, 0.470699, 0.103970, 0.724008, 0.856333
18
 0.250000, 0.000000, 1.000000, 0.000000, 3.000000
 150.666667, 0.528761, 0.219027, 0.940265, 1.192478
 174.000000, 0.488506, 0.137931, 0.649425, 0.816092
 163.666667, 0.362525, 0.162933, 0.830957, 1.032587
 173.333333, 0.380769, 0.103846, 0.721154, 0.855769
 181.666667, 0.412844, 0.091743, 0.660550, 0.779817
 180.000000, 0.468519, 0.127778, 0.709259, 0.866667
 147.333333, 0.296380, 0.260181, 0.918552, 1.278281
 168.000000, 0.269841, 0.107143, 0.601190, 0.736111
 164.666667, 0.394737, 0.103239, 0.728745, 0.862348
 164.000000, 0.207317, 0.095528, 0.701220, 0.827236
 175.000000, 0.409524, 0.102857, 0.672381, 0.801905
 169.333333, 0.492126, 0.122047, 0.641732, 0.801181
 178.000000, 0.340824, 0.110487, 0.647940, 0.792135
 174.000000, 0.582375, 0.143678, 0.645594, 0.818008
 168.333333, 0.316832, 0.106931, 0.669307, 0.803960
 140.666667, 0.367299, 1.109005, 1.206161, 2.526066
 159.333333, 0.387029, 0.167364, 0.740586, 0.937238
 169.333333, 0.362205, 0.106299, 0.653543, 0.787402
 164.666667, 0.317814, 0.107287, 0.732794, 0.880567
19
 0.250000, 0.000000, 1.000000, 0.000000, 3.000000
 159.666667, 0.663883, 0.250522, 0.945720, 1.229645
 179.666667, 0.571429, 0.129870, 0.660482, 0.821892
 165.666667, 0.325956, 0.144869, 0.786720, 0.963783
 183.333333, 0.549091, 0.105455, 0.714545, 0.852727
 162.666667, 0.301230, 0.100410, 0.725410, 0.856557
 156.333333, 0.164179, 0.106610, 0.699360, 0.833689
 148.333333, 0.328090, 0.110112, 0.835955, 0.977528
 178.333333, 0.398131, 0.108411, 0.646729, 0.794393
 168.666667, 0.284585, 0.100791, 0.687747, 0.820158
 177.666667, 0.412758, 0.121951, 0.692308, 0.842402
 177.666667, 0.317073, 0.091932, 0.675422, 0.793621
 185.333333, 0.532374, 0.116906, 0.627698, 0.775180
 183.666667, 0.531760, 0.123412, 0.653358, 0.805808
 174.333333, 0.407266, 0.135755, 0.663480, 0.827916
 171.000000, 0.327485, 0.132554, 0.690058, 0.849903
 133.000000, 0.418546, 0.112782, 0.704261, 0.844612
 164.000000, 0.386179, 0.144309, 0.721545, 0.892276
 186.000000, 0.623656, 0.114695, 0.611111, 0.752688
 178.000000, 0.367041, 0.106742, 0.745318, 0.880150
20
 0.250000, 0.000000, 1.000000, 1.000000, 3.000000
 146.666667, 0.575000, 0.172727, 1.015909, 1.222727
 174.666667, 0.484733, 0.145038, 0.656489, 0.832061
 181.666667, 0.568807, 0.152294, 0.800000, 0.988991
 180.000000, 0.464815, 0.105556, 0.735185, 0.870370
 169.000000, 0.274162, 0.094675, 0.706114, 0.828402
 169.000000, 0.333333, 0.110454, 0.658777, 0.796844
 156.333333, 0.575693, 0.703625, 0.944563, 1.678038
 186.666667, 0.467857, 0.107143, 0.625000, 0.762500
 175.333333, 0.363118, 0.114068, 0.680608, 0.823194
 172.333333, 0.375242, 0.176015, 0.665377, 0.868472
 170.000000, 0.296078, 0.090196, 0.692157, 0.811765
 175.000000, 0.453333, 0.125714, 0.700952, 0.857143
 171.333333, 0.307393, 0.107004, 0.682879, 0.821012
 173.000000, 0.335260, 0.117534, 0.610790, 0.757225
 174.000000, 0.350575, 0.091954, 0.651341, 0.770115
 139.666667, 0.482100, 0.272076, 0.861575, 1.470167
 172.333333, 0.375242, 0.143133, 0.665377, 0.845261
 175.000000, 0.420952, 0.123810, 0.640000, 0.794286
 178.333333, 0.416822, 0.095327, 0.657944, 0.792523
21
 0.250000, 0.000000, 2.000000, 1.000000, 3.000000
 150.000000, 0.644444, 0.280000, 1.066667, 1.380000
 189.000000, 0.523810, 0.118166, 0.640212, 0.788360
 168.666667, 0.345850, 0.134387, 0.830040, 1.001976
 172.333333, 0.352031, 0.096712, 0.731141, 0.864603
 174.333333, 0.390057, 0.093690, 0.709369, 0.831740
 166.000000, 0.295181, 0.114458, 0.686747, 0.831325
 152.000000, 0.366228, 0.127193, 0.804825, 0.962719
 172.666667, 0.339768, 0.106178, 0.648649, 0.797297
 166.666667, 0.302000, 0.112000, 0.720000, 0.860000
 170.333333, 0.281800, 0.101761, 0.675147, 0.808219
 174.333333, 0.277247, 0.086042, 0.705545, 0.827916
 179.666667, 0.478664, 0.126160, 0.623377, 0.777365
 179.333333, 0.440520, 0.117100, 0.674721, 0.825279
 162.333333, 0.244353, 0.141684, 0.694045, 0.864476
 164.000000, 0.335366, 0.095528, 0.670732, 0.794715
 136.666667, 0.409756, 0.195122, 0.746341, 1.112195
 170.000000, 0.449020, 0.135294, 0.690196, 0.854902
 171.333333, 0.437743, 0.116732, 0.642023, 0.785992
 181.333333, 0.505515, 0.117647, 0.718750, 0.863971
22
 0.250000, 0.000000, 2.000000, 0.000000, 3.000000
 162.000000, 0.699588, 0.193416, 1.049383, 1.275720
 169.000000, 0.372781, 0.118343, 0.668639, 0.818540
 175.000000, 0.535238, 0.152381, 0.840000, 1.024762
 182.333333, 0.369287, 0.102377, 0.705667, 0.848263
 172.333333, 0.377176, 0.092843, 0.736944, 0.858801
 162.666667, 0.276639, 0.104508, 0.713115, 0.858607
 164.666667, 0.508097, 0.380567, 0.791498, 1.358300
 173.000000, 0.477842, 0.109827, 0.606936, 0.743738
 170.000000, 0.486275, 0.119608, 0.713725, 0.860784
 173.000000, 0.308285, 0.105973, 0.714836, 0.847784
 178.000000, 0.436330, 0.084270, 0.676030, 0.786517
 179.000000, 0.402235, 0.102421, 0.651769, 0.785847
 189.333333, 0.466549, 0.095070, 0.642606, 0.767606
 179.666667, 0.636364, 0.153989, 0.667904, 0.847866
 165.666667, 0.293763, 0.098592, 0.674044, 0.798793
 125.666667, 0.217507, 0.164456, 0.843501, 1.217507
 166.333333, 0.402806, 0.140281, 0.665331, 0.831663
 168.000000, 0.313492, 0.101190, 0.644841, 0.773810
 177.333333, 0.404135, 0.112782, 0.704887, 0.857143
23
 0.250000, 5.000000, 0.000000, 0.000000, 1.000000
 157.000000, 0.662420, 0.242038, 1.065817, 1.341826
 170.666667, 0.369141, 0.138672, 0.650391, 0.818359
 168.666667, 0.713439, 0.219368, 0.851779, 1.130435
 181.333333, 0.424632, 0.101103, 0.704044, 0.849265
 170.333333, 0.315068, 0.119374, 0.712329, 0.859100
 177.666667, 0.431520, 0.099437, 0.677298, 0.804878
 151.666667, 0.298901, 0.134066, 0.850549, 1.015385
 174.000000, 0.264368, 0.114943, 0.649425, 0.793103
 164.666667, 0.261134, 0.101215, 0.682186, 0.811741
 170.000000, 0.264706, 0.111765, 0.711765, 0.850980
 169.333333, 0.301181, 0.112205, 0.667323, 0.809055
 168.000000, 0.339286, 0.125000, 0.652778, 0.817460
 170.333333, 0.275930, 0.117417, 0.700587, 0.845401
 181.666667, 0.524771, 0.126606, 0.600000, 0.757798
 168.333333, 0.308911, 0.112871, 0.647525, 0.790099
 142.000000, 0.481221, 0.192488, 0.816901, 1.037559
 168.000000, 0.404762, 0.136905, 0.732143, 0.896825
 175.333333, 0.385932, 0.108365, 0.615970, 0.752852
 169.333333, 0.348425, 0.110236, 0.708661, 0.860236
24
 0.250000, 3.000000, 0.000000, 0.000000, 0.000000
 153.000000, 0.740741, 0.222222, 0.934641, 1.198257
 176.000000, 0.420455, 0.128788, 0.638258, 0.797348
 167.000000, 0.363273, 0.149701, 0.820359, 1.011976
 167.000000, 0.321357, 0.109780, 0.694611, 0.836327
 169.666667, 0.390963, 0.106090, 0.703340, 0.836935
 163.333333, 0.300000, 0.108163, 0.712245, 0.851020
 156.666667, 0.346809, 0.095745, 0.810638, 0.936170
 185.333333, 0.438849, 0.098921, 0.620504, 0.746403
 170.666667, 0.402344, 0.097656, 0.656250, 0.783203
 170.666667, 0.271484, 0.105469, 0.662109, 0.794922
 168.666667, 0.330040, 0.102767, 0.681818, 0.810277
 174.333333, 0.361377, 0.110899, 0.688337, 0.837476
 187.666667, 0.483126, 0.122558, 0.634103, 0.788632
 181.333333, 0.485294, 0.141544, 0.641544, 0.812500
 166.333333, 0.302605, 0.114228, 0.669339, 0.811623
 140.666667, 0.469194, 0.822275, 0.784360, 1.632701
 182.333333, 0.652651, 0.166362, 0.645338, 0.840951
 181.000000, 0.432781, 0.116022, 0.602210, 0.744015
 172.333333, 0.429400, 0.100580, 0.694391, 0.822050
25
 0.250000, 3.000000, 0.000000, 0.000000, 0.000000
 143.333333, 0.502326, 0.274419, 0.965116, 1.276744
 182.666667, 0.572993, 0.145985, 0.658759, 0.835766
 172.666667, 0.347490, 0.156371, 0.841699, 1.030888
 169.333333, 0.344488, 0.108268, 0.679134, 0.816929
 173.333333, 0.311538, 0.100000, 0.692308, 0.832692
 170.666667, 0.330078, 0.091797, 0.667969, 0.789063
 161.333333, 0.349174, 0.103306, 0.834711, 0.973140
 178.333333, 0.385047, 0.114019, 0.613084, 0.755140
 172.000000, 0.455426, 0.108527, 0.703488, 0.841085
 174.000000, 0.339080, 0.101533, 0.657088, 0.791188
 175.333333, 0.420152, 0.095057, 0.667300, 0.790875
 167.000000, 0.349301, 0.129741, 0.634731, 0.794411
 187.333333, 0.475089, 0.113879, 0.670819, 0.813167
 172.666667, 0.386100, 0.131274, 0.644788, 0.814672
 170.000000, 0.331373, 0.086275, 0.666667, 0.782353
 132.333333, 0.408060, 1.317380, 1.632242, 3.000000
 160.000000, 0.331250, 0.118750, 0.702083, 0.862500
 172.000000, 0.356589, 0.118217, 0.600775, 0.746124
 174.000000, 0.360153, 0.111111, 0.674330, 0.825670
26
 0.250000, 5.000000, 0.000000, 0.000000, 0.000000
 151.000000, 0.496689, 0.174393, 0.938190, 1.172185
 181.333333, 0.568015, 0.119485, 0.637868, 0.797794
 168.000000, 0.404762, 0.148810, 0.841270, 1.023810
 174.333333, 0.401530, 0.107075, 0.722753, 0.869981
 165.333333, 0.260081, 0.088710, 0.695565, 0.834677
 160.666667, 0.228216, 0.099585, 0.711618, 0.840249
 152.000000, 0.293860, 0.114035, 0.842105, 0.995614
 174.666667, 0.305344, 0.104962, 0.601145, 0.736641
 168.333333, 0.376238, 0.136634, 0.716832, 0.881188
 178.666667, 0.472015, 0.151119, 0.703358, 0.882463
 173.000000, 0.333333, 0.092486, 0.662813, 0.784200
 184.666667, 0.599278, 0.115523, 0.619134, 0.785199
 185.333333, 0.469424, 0.109712, 0.643885, 0.782374
 181.666667, 0.631193, 0.130275, 0.655046, 0.814679
 163.333333, 0.322449, 0.091837, 0.644898, 0.767347
 140.666667, 0.469194, 0.616114, 0.943128, 1.590047
 182.333333, 0.586837, 0.135283, 0.681901, 0.855576
 173.000000, 0.314066, 0.125241, 0.641618, 0.795761
 173.333333, 0.386538, 0.107692, 0.711538, 0.848077
27
 0.250000, 4.000000, 0.000000, 12.000000, 12.000000
 149.666667, 0.683742, 0.233853, 1.004454, 1.276169
 171.333333, 0.392996, 0.136187, 0.675097, 0.840467
 171.333333, 0.494163, 0.177043, 0.780156, 0.988327
 174.666667, 0.419847, 0.114504, 0.688931, 0.832061
 166.666667, 0.350000, 0.098000, 0.682000, 0.810000
 159.666667, 0.225470, 0.123173, 0.699374, 0.851775
 160.666667, 0.435685, 0.325726, 0.794606, 1.176349
 183.666667, 0.343013, 0.101633, 0.633394, 0.762250
 164.000000, 0.286585, 0.097561, 0.697154, 0.825203
 174.333333, 0.365201, 0.099426, 0.676864, 0.824092
 164.333333, 0.200811, 0.103448, 0.649087, 0.780933
 180.000000, 0.562963, 0.100000, 0.594444, 0.733333
 191.000000, 0.603839, 0.102967, 0.642234, 0.774869
 173.000000, 0.383430, 0.125241, 0.633911, 0.789981
 161.333333, 0.260331, 0.103306, 0.679752, 0.811983
 138.000000, 0.480676, 0.321256, 0.973430, 1.690821
 176.333333, 0.504726, 0.115312, 0.648393, 0.799622
 170.333333, 0.348337, 0.105675, 0.673190, 0.806262
 171.666667, 0.221359, 0.108738, 0.774757, 0.912621
28
 0.250000, 0.000000, 0.000000, 1.000000, 15.000000
 151.666667, 0.564835, 0.241758, 0.925275, 1.200000
 169.333333, 0.393701, 0.127953, 0.665354, 0.844488
 168.333333, 0.318812, 0.124752, 0.813861, 0.970297
 180.666667, 0.463100, 0.110701, 0.647601, 0.787823
 166.000000, 0.293173, 0.090361, 0.700803, 0.829317
 170.000000, 0.286275, 0.101961, 0.703922, 0.833333
 149.333333, 0.332589, 0.125000, 0.810268, 0.964286
 173.000000, 0.314066, 0.096339, 0.610790, 0.736031
 173.333333, 0.405769, 0.098077, 0.669231, 0.809615
 171.000000, 0.265107, 0.103314, 0.707602, 0.836257
 174.666667, 0.316794, 0.089695, 0.700382, 0.816794
 175.000000, 0.531429, 0.118095, 0.622857, 0.780952
 176.000000, 0.376894, 0.113636, 0.647727, 0.789773
 170.666667, 0.375000, 0.130859, 0.660156, 0.818359
 161.666667, 0.237113, 0.098969, 0.672165, 0.810309
 126.666667, 0.213158, 0.210526, 0.807895, 1.073684
 175.666667, 0.616698, 0.119545, 0.685009, 0.834915
 181.666667, 0.385321, 0.111927, 0.631193, 0.772477
 173.000000, 0.418112, 0.098266, 0.770713, 0.897881
29
 0.250000, 0.000000, 0.000000, 1.000000, 13.000000
 158.666667, 0.590336, 0.262605, 0.951681, 1.247899
 172.666667, 0.482625, 0.123552, 0.681467, 0.835907
 171.666667, 0.467961, 0.166990, 0.763107, 0.963107
 168.666667, 0.252964, 0.106719, 0.770751, 0.905138
 165.333333, 0.235887, 0.084677, 0.707661, 0.820565
 174.666667, 0.362595, 0.114504, 0.677481, 0.820611
 154.000000, 0.253247, 0.101732, 0.824675, 0.954545
 180.000000, 0.348148, 0.100000, 0.612963, 0.740741
 173.666667, 0.412668, 0.119002, 0.700576, 0.850288
 172.000000, 0.315891, 0.106589, 0.676357, 0.812016
 174.000000, 0.363985, 0.091954, 0.649425, 0.768199
 180.666667, 0.607011, 0.103321, 0.666052, 0.802583
 176.666667, 0.360377, 0.107547, 0.643396, 0.781132
 173.333333, 0.388462, 0.126923, 0.688462, 0.844231
 164.000000, 0.227642, 0.107724, 0.623984, 0.758130
 146.333333, 0.400911, 0.619590, 1.380410, 2.277904
 177.666667, 0.472795, 0.151970, 0.673546, 0.853659
 165.666667, 0.327968, 0.116700, 0.657948, 0.804829
 170.000000, 0.292157, 0.107843, 0.733333, 0.872549
30
 0.250000, 0.000000, 12.000000, 1.000000, 13.000000
 161.333333, 0.578512, 0.175620, 1.041322, 1.252066
 183.333333, 0.503636, 0.130909, 0.650909, 0.823636
 164.666667, 0.382591, 0.153846, 0.834008, 1.018219
 180.666667, 0.488930, 0.108856, 0.714022, 0.857934
 173.333333, 0.351923, 0.113462, 0.663462, 0.805769
 168.666667, 0.389328, 0.112648, 0.717391, 0.857708
 157.000000, 0.320594, 0.095541, 0.817410, 0.942675
 187.666667, 0.419183, 0.106572, 0.621670, 0.767318
 175.333333, 0.408745, 0.117871, 0.688213, 0.838403
 162.666667, 0.252049, 0.114754, 0.692623, 0.836066
 179.000000, 0.335196, 0.117318, 0.651769, 0.808194
 165.333333, 0.316532, 0.106855, 0.671371, 0.806452
 189.333333, 0.514085, 0.110915, 0.660211, 0.799296
 184.000000, 0.592391, 0.121377, 0.664855, 0.815217
 163.666667, 0.221996, 0.099796, 0.659878, 0.786151
 141.000000, 0.546099, 0.191489, 0.647754, 0.869976
 166.000000, 0.373494, 0.152610, 0.698795, 0.883534
 173.666667, 0.328215, 0.099808, 0.635317, 0.761996
 170.333333, 0.457926, 0.123288, 0.692759, 0.847358
31
 0.250000, 0.000000, 12.000000, 0.000000, 13.000000
 154.333333, 0.600432, 0.218143, 1.002160, 1.254860
 163.000000, 0.368098, 0.149284, 0.689162, 0.869121
 161.666667, 0.389691, 0.175258, 0.874227, 1.090722
 179.333333, 0.453532, 0.130112, 0.730483, 0.890335
 173.666667, 0.389635, 0.086372, 0.708253, 0.823417
 167.333333, 0.302789, 0.105578, 0.667331, 0.812749
 140.333333, 0.199525, 0.368171, 0.864608, 1.299287
 171.000000, 0.304094, 0.113060, 0.672515, 0.810916
 164.000000, 0.292683, 0.113821, 0.703252, 0.847561
 184.666667, 0.332130, 0.101083, 0.684116, 0.815884
 176.000000, 0.293561, 0.100379, 0.685606, 0.814394
 170.333333, 0.367906, 0.152642, 0.692759, 0.872798
 179.666667, 0.363636, 0.102041, 0.669759, 0.799629
 171.666667, 0.429126, 0.130097, 0.702913, 0.875728
 165.333333, 0.292339, 0.100806, 0.649194, 0.778226
 135.000000, 0.323457, 0.204938, 0.871605, 1.246914
 166.666667, 0.334000, 0.134000, 0.678000, 0.846000
 173.666667, 0.433781, 0.115163, 0.635317, 0.779271
 179.000000, 0.685289, 0.122905, 0.750466, 0.923650
Histogram
4 0 0 0 0 0 0 163 315 36 30 12 23 12 5 5 4 0 0 0 0 0 1 1 0 1 0 1 0 0 10 0 0 0 0 0 0 0 0 0 3 0 0 0 0 0 0 0 0 0 1 0 0 0 0 0 0 0 0 0 0 0 0 0 0 0 0 0 0 0 0 0 0 0 0 0 0 0 0 0 0 0 0 0 0 0 0 0 0 0 0 0 0 0 0 0 0 0 0 0 0 0 0 0 0 0 0 0 0 0 0 0 0 0 0 0 0 0 0 13 
Cache Miss Ratio
NaN
numOfSets
324451
numOfGets
0
numOfMultiGets
0
