20
0
 0.250000, 0.000000, 0.000000, 1.000000, 20.000000
 166.666667, 3.218000, 0.728000, 2.138000, 2.918000
 282.333333, 1.943329, 0.389610, 1.536009, 1.953955
 282.000000, 1.828605, 0.355792, 1.643026, 2.026005
 264.666667, 1.779597, 0.345088, 1.630982, 2.005038
 265.666667, 1.804266, 0.405270, 1.849435, 2.283563
 269.333333, 1.949257, 0.405941, 1.716584, 2.150990
 274.666667, 1.651699, 0.349515, 1.629854, 2.008495
 283.333333, 1.917647, 0.400000, 1.676471, 2.110588
 250.000000, 1.632000, 0.478667, 1.972000, 2.478667
 266.333333, 1.852315, 0.460576, 1.957447, 2.449312
 278.333333, 2.382036, 0.453892, 1.675449, 2.158084
 273.666667, 2.140073, 0.475030, 1.835566, 2.339829
 259.000000, 1.844273, 0.498069, 1.994852, 2.523810
 256.666667, 1.915584, 0.422078, 1.920779, 2.375325
 265.000000, 1.841509, 0.337107, 1.703145, 2.067925
 275.000000, 1.767273, 0.467879, 1.720000, 2.215758
 274.333333, 2.105711, 0.381531, 1.589307, 2.006075
 252.333333, 1.640687, 0.478203, 1.887715, 2.401585
 272.000000, 2.273284, 0.520833, 1.676471, 2.230392
1
 0.250000, 0.000000, 0.000000, 1.000000, 12.000000
 191.000000, 3.893543, 0.753927, 2.050611, 2.848168
 263.333333, 1.437975, 0.393671, 1.537975, 1.991139
 270.666667, 1.580049, 0.341133, 1.742611, 2.113300
 269.666667, 1.954265, 0.372064, 1.693449, 2.103832
 258.333333, 1.618065, 0.392258, 1.936774, 2.358710
 274.666667, 1.972087, 0.384709, 1.662621, 2.074029
 274.333333, 1.791009, 0.385176, 1.625759, 2.049818
 273.333333, 1.593902, 0.370732, 1.732927, 2.131707
 264.000000, 2.132576, 0.535354, 1.921717, 2.484848
 261.666667, 1.692994, 0.436943, 1.905732, 2.371975
 276.333333, 2.199035, 0.401689, 1.698432, 2.130277
 269.333333, 2.086634, 0.496287, 1.787129, 2.311881
 254.000000, 2.106299, 0.569554, 1.935696, 2.536745
 284.333333, 2.281360, 0.484174, 1.846424, 2.359906
 262.333333, 1.889454, 0.397713, 1.754765, 2.191868
 277.333333, 2.061298, 0.427885, 1.707933, 2.164663
 271.666667, 1.922699, 0.431902, 1.575460, 2.036810
 260.666667, 1.855499, 0.456522, 1.833760, 2.328645
 274.666667, 2.745146, 0.518204, 1.690534, 2.237864
2
 0.250000, 4.000000, 0.000000, 0.000000, 1.000000
 182.000000, 3.899267, 0.796703, 2.098901, 2.968864
 260.000000, 1.643590, 0.341026, 1.629487, 2.007692
 280.666667, 1.819477, 0.403800, 1.619952, 2.051069
 288.000000, 2.078704, 0.449074, 1.553241, 2.032407
 269.666667, 1.975278, 0.448702, 1.851669, 2.327565
 261.666667, 1.543949, 0.351592, 1.696815, 2.077707
 297.666667, 2.071669, 0.386338, 1.547592, 1.963046
 285.333333, 1.753505, 0.382009, 1.716121, 2.135514
 258.666667, 2.097938, 0.502577, 1.903351, 2.436856
 264.666667, 1.685139, 0.467254, 1.924433, 2.420655
 252.666667, 1.877309, 0.394459, 1.828496, 2.254617
 261.333333, 1.806122, 0.389031, 1.835459, 2.255102
 261.333333, 2.368622, 0.455357, 1.899235, 2.382653
 274.333333, 2.198056, 0.431349, 1.848117, 2.315917
 261.333333, 1.753827, 0.377551, 1.728316, 2.140306
 273.666667, 1.981730, 0.447016, 1.729598, 2.205847
 264.000000, 1.856061, 0.372475, 1.648990, 2.050505
 245.000000, 1.757823, 0.457143, 1.873469, 2.368707
 263.000000, 2.230672, 0.435995, 1.789607, 2.258555
3
 0.250000, 0.000000, 0.000000, 0.000000, 6.000000
 187.000000, 3.440285, 0.991087, 2.386809, 3.429590
 254.000000, 1.660105, 0.359580, 1.601050, 1.992126
 285.666667, 1.855309, 0.401400, 1.642940, 2.074679
 268.333333, 1.874534, 0.412422, 1.688199, 2.129193
 262.333333, 1.933926, 0.534943, 1.909784, 2.472681
 267.666667, 1.696139, 0.376090, 1.660025, 2.069738
 286.333333, 1.996508, 0.385332, 1.618161, 2.037253
 279.666667, 2.008343, 0.365912, 1.712753, 2.123957
 274.666667, 2.385922, 0.498786, 1.851942, 2.378641
 257.333333, 1.839378, 0.430052, 1.983161, 2.448187
 275.333333, 2.082324, 0.392252, 1.656174, 2.077482
 291.333333, 2.694508, 0.583524, 1.717391, 2.336384
 253.333333, 2.013158, 0.490789, 2.000000, 2.521053
 257.666667, 2.107374, 0.489004, 1.930142, 2.448900
 266.000000, 1.764411, 0.372180, 1.699248, 2.101504
 268.666667, 1.954094, 0.444169, 1.676179, 2.148883
 263.666667, 1.802781, 0.346397, 1.614412, 1.989886
 260.666667, 1.897698, 0.369565, 1.831202, 2.231458
 266.000000, 2.307018, 0.441103, 1.718045, 2.186717
4
 0.250000, 0.000000, 0.000000, 5.000000, 7.000000
 173.333333, 3.353846, 0.738462, 2.173077, 2.953846
 273.333333, 1.759756, 0.406098, 1.607317, 2.041463
 269.333333, 1.642327, 0.346535, 1.709158, 2.082921
 268.333333, 1.899379, 0.388820, 1.654658, 2.079503
 272.333333, 2.176255, 0.458996, 1.875153, 2.369645
 270.000000, 1.888889, 0.408642, 1.712346, 2.150617
 285.333333, 2.216121, 0.411215, 1.592290, 2.030374
 278.333333, 1.808383, 0.374850, 1.700599, 2.111377
 250.666667, 1.785904, 0.458777, 2.013298, 2.507979
 260.000000, 1.673077, 0.407692, 1.956410, 2.393590
 273.333333, 1.971951, 0.441463, 1.682927, 2.153659
 257.666667, 1.754204, 0.491591, 1.856404, 2.391979
 258.666667, 2.153351, 0.438144, 1.921392, 2.389175
 253.000000, 1.803689, 0.412385, 1.931489, 2.374177
 283.000000, 2.263840, 0.488810, 1.604240, 2.121319
 268.333333, 1.900621, 0.433540, 1.726708, 2.188820
 256.333333, 1.651495, 0.379714, 1.663199, 2.078023
 265.666667, 2.002509, 0.470514, 1.789210, 2.288582
 244.000000, 1.908470, 0.467213, 1.836066, 2.334699
5
 0.250000, 0.000000, 1.000000, 4.000000, 7.000000
 180.333333, 3.767098, 0.737523, 2.096118, 2.894640
 270.666667, 1.677340, 0.369458, 1.607143, 2.007389
 270.666667, 1.669951, 0.402709, 1.703202, 2.134236
 266.000000, 1.725564, 0.357143, 1.687970, 2.072682
 260.666667, 2.014066, 0.485934, 1.900256, 2.414322
 283.000000, 2.176678, 0.491166, 1.636042, 2.154299
 285.333333, 2.099299, 0.370327, 1.561916, 1.974299
 273.333333, 1.746341, 0.379268, 1.746341, 2.152439
 261.000000, 1.817369, 0.499361, 1.896552, 2.424010
 270.000000, 2.034568, 0.491358, 1.904938, 2.429630
 254.666667, 1.735602, 0.375654, 1.801047, 2.208115
 256.333333, 1.875163, 0.449935, 1.837451, 2.315995
 253.333333, 2.243421, 0.506579, 1.984211, 2.519737
 251.000000, 1.824701, 0.382470, 1.965471, 2.379814
 267.333333, 2.096010, 0.387781, 1.718204, 2.138404
 272.000000, 1.770833, 0.436275, 1.660539, 2.122549
 266.000000, 2.033835, 0.451128, 1.616541, 2.110276
 254.333333, 1.895151, 0.460026, 1.865007, 2.357798
 275.666667, 2.355502, 0.449819, 1.714631, 2.194680
6
 0.250000, 0.000000, 1.000000, 4.000000, 6.000000
 168.000000, 3.259921, 0.886905, 2.500000, 3.420635
 281.000000, 1.950178, 0.380783, 1.597865, 2.007117
 276.000000, 1.613527, 0.378019, 1.626812, 2.032609
 282.333333, 2.162928, 0.423849, 1.592680, 2.051948
 252.000000, 1.626984, 0.373016, 1.952381, 2.354497
 263.333333, 1.744304, 0.377215, 1.720253, 2.127848
 278.333333, 2.170060, 0.337725, 1.627545, 1.995210
 278.333333, 1.759281, 0.398802, 1.681437, 2.108982
 274.333333, 2.347509, 0.513973, 1.873633, 2.415553
 254.333333, 1.557012, 0.414155, 1.946265, 2.395806
 260.666667, 1.696931, 0.391304, 1.717391, 2.138107
 261.333333, 2.331633, 0.436224, 1.891582, 2.359694
 262.666667, 2.272843, 0.486041, 1.875635, 2.389594
 263.333333, 1.945570, 0.446835, 1.843038, 2.320253
 281.666667, 2.384615, 0.447337, 1.642604, 2.126627
 266.333333, 1.881101, 0.438048, 1.733417, 2.217772
 264.000000, 1.875000, 0.397727, 1.593434, 2.039141
 264.333333, 1.891551, 0.430013, 1.780580, 2.238335
 265.333333, 2.061558, 0.432161, 1.702261, 2.164573
7
 0.250000, 0.000000, 1.000000, 4.000000, 6.000000
 191.000000, 4.347295, 0.767888, 2.043630, 2.876091
 268.333333, 1.822360, 0.367702, 1.636025, 2.059627
 284.666667, 1.695550, 0.403981, 1.673302, 2.108899
 263.333333, 2.034177, 0.443038, 1.691139, 2.162025
 270.000000, 1.729630, 0.492593, 1.862963, 2.390123
 264.666667, 1.802267, 0.376574, 1.716625, 2.123426
 277.000000, 1.667870, 0.377858, 1.632972, 2.040915
 285.000000, 2.037427, 0.424561, 1.732164, 2.194152
 261.333333, 2.084184, 0.491071, 1.993622, 2.516582
 280.666667, 2.085511, 0.539192, 1.871734, 2.445368
 253.666667, 1.772668, 0.385020, 1.752957, 2.166886
 275.333333, 2.067797, 0.536320, 1.777240, 2.345036
 264.333333, 2.527112, 0.491803, 1.921816, 2.440101
 261.666667, 2.005096, 0.401274, 1.853503, 2.286624
 264.333333, 1.820933, 0.364439, 1.679697, 2.071879
 271.666667, 1.916564, 0.413497, 1.696933, 2.138650
 261.333333, 1.910714, 0.394133, 1.650510, 2.077806
 256.666667, 1.877922, 0.492208, 1.844156, 2.364935
 253.666667, 2.099869, 0.382392, 1.777924, 2.193167
8
 0.250000, 0.000000, 0.000000, 0.000000, 1.000000
 168.000000, 2.843254, 0.720238, 1.994048, 2.805556
 267.333333, 1.922693, 0.364090, 1.603491, 2.000000
 270.333333, 1.540074, 0.389642, 1.690506, 2.107275
 272.333333, 1.817625, 0.356181, 1.631579, 2.015912
 260.333333, 1.809219, 0.418694, 1.907810, 2.353393
 284.000000, 2.354460, 0.474178, 1.664319, 2.165493
 297.333333, 2.220852, 0.382287, 1.560538, 1.973094
 282.000000, 1.800236, 0.398345, 1.712766, 2.138298
 260.666667, 1.969309, 0.482097, 1.953964, 2.469309
 272.000000, 1.862745, 0.452206, 1.911765, 2.395833
 266.666667, 2.166250, 0.462500, 1.728750, 2.220000
 243.333333, 1.415068, 0.416438, 1.890411, 2.336986
 259.666667, 2.005135, 0.478819, 1.991014, 2.498074
 265.666667, 1.925972, 0.464241, 1.844417, 2.337516
 268.333333, 2.024845, 0.438509, 1.729193, 2.197516
 274.666667, 2.010922, 0.418689, 1.680825, 2.126214
 278.000000, 2.356115, 0.468825, 1.567146, 2.062350
 261.000000, 2.020434, 0.462324, 1.773946, 2.270754
 263.666667, 1.879899, 0.457649, 1.725664, 2.214918
9
 0.250000, 0.000000, 0.000000, 0.000000, 0.000000
 180.333333, 3.157116, 0.798521, 2.001848, 2.844732
 271.000000, 1.649446, 0.350554, 1.526445, 1.906519
 286.000000, 1.791375, 0.392774, 1.631702, 2.054779
 276.000000, 1.740338, 0.370773, 1.658213, 2.057971
 257.333333, 1.808290, 0.465026, 1.932642, 2.426166
 268.333333, 1.811180, 0.383851, 1.679503, 2.094410
 274.000000, 1.907543, 0.330900, 1.677616, 2.040146
 287.333333, 2.004640, 0.411833, 1.705336, 2.154292
 267.333333, 2.115960, 0.498753, 1.844140, 2.374065
 264.666667, 1.633501, 0.503778, 1.925693, 2.463476
 266.666667, 2.043750, 0.452500, 1.762500, 2.251250
 261.000000, 1.839080, 0.453384, 1.881226, 2.362708
 261.666667, 2.318471, 0.518471, 1.908280, 2.466242
 271.666667, 2.125153, 0.444172, 1.834356, 2.306748
 287.000000, 2.261324, 0.465738, 1.641115, 2.144019
 264.000000, 1.919192, 0.339646, 1.695707, 2.082071
 275.000000, 1.886061, 0.419394, 1.540606, 1.989091
 254.333333, 1.828309, 0.444299, 1.846658, 2.319790
 261.666667, 2.478981, 0.457325, 1.741401, 2.229299
10
 0.250000, 0.000000, 0.000000, 0.000000, 1.000000
 165.000000, 2.874747, 0.533333, 2.133333, 2.711111
 260.333333, 1.658131, 0.341869, 1.668374, 2.065301
 277.666667, 1.567827, 0.343337, 1.667467, 2.039616
 277.000000, 2.367028, 0.456077, 1.635379, 2.126354
 273.000000, 1.935287, 0.444444, 1.842491, 2.322344
 271.666667, 1.847853, 0.358282, 1.688344, 2.080982
 285.000000, 2.008187, 0.355556, 1.626901, 2.019883
 281.333333, 1.766588, 0.387441, 1.699052, 2.112559
 290.666667, 2.457569, 0.549312, 1.821101, 2.397936
 286.333333, 2.224680, 0.519208, 1.867288, 2.415600
 276.666667, 1.893976, 0.498795, 1.718072, 2.244578
 253.000000, 1.859025, 0.370224, 1.857708, 2.258235
 268.000000, 2.506219, 0.578358, 1.850746, 2.458955
 278.000000, 2.247002, 0.470024, 1.782974, 2.281775
 271.666667, 1.987730, 0.451534, 1.688344, 2.173006
 261.333333, 1.977041, 0.411990, 1.729592, 2.184949
 260.000000, 1.932051, 0.387179, 1.676923, 2.093590
 259.333333, 1.809769, 0.420308, 1.820051, 2.269923
 277.000000, 2.525872, 0.460890, 1.645006, 2.134777
11
 0.250000, 0.000000, 0.000000, 0.000000, 1.000000
 199.666667, 4.611018, 0.901503, 2.208681, 3.158598
 297.000000, 2.093154, 0.379349, 1.512907, 1.921437
 292.666667, 1.912301, 0.436219, 1.628702, 2.115034
 280.666667, 2.154394, 0.414489, 1.648456, 2.092637
 274.666667, 1.904126, 0.441748, 1.859223, 2.336165
 282.666667, 2.272406, 0.452830, 1.670991, 2.149764
 301.333333, 2.380531, 0.415929, 1.551991, 1.995575
 280.000000, 1.942857, 0.478571, 1.709524, 2.215476
 270.666667, 2.208128, 0.497537, 1.836207, 2.370690
 275.333333, 1.822034, 0.430993, 1.872881, 2.332930
 262.666667, 1.998731, 0.399746, 1.720812, 2.151015
 267.666667, 2.219178, 0.459527, 1.794521, 2.308842
 252.333333, 2.126816, 0.445178, 1.968296, 2.449141
 275.333333, 2.175545, 0.414044, 1.814770, 2.257869
 275.666667, 2.044740, 0.411125, 1.696493, 2.135429
 267.666667, 1.742217, 0.396015, 1.737235, 2.160648
 271.000000, 2.124231, 0.398524, 1.583026, 2.034440
 270.000000, 2.156790, 0.455556, 1.754321, 2.239506
 269.333333, 2.498762, 0.410891, 1.731436, 2.170792
12
 0.250000, 0.000000, 0.000000, 0.000000, 1.000000
 190.000000, 3.703509, 0.903509, 2.259649, 3.219298
 277.666667, 1.715486, 0.385354, 1.587035, 2.004802
 268.666667, 1.617866, 0.348635, 1.681141, 2.095533
 264.666667, 1.614610, 0.401763, 1.675063, 2.105793
 256.333333, 1.691808, 0.404421, 1.947984, 2.383615
 273.000000, 2.168498, 0.357753, 1.676435, 2.064713
 293.333333, 1.992045, 0.425000, 1.645455, 2.112500
 279.666667, 1.864124, 0.411204, 1.802145, 2.246722
 271.000000, 2.119311, 0.506765, 1.858549, 2.396064
 286.000000, 2.177156, 0.502331, 1.842657, 2.372960
 273.333333, 1.950000, 0.435366, 1.651220, 2.121951
 262.000000, 2.114504, 0.399491, 1.802799, 2.231552
 257.666667, 2.010349, 0.520052, 1.959897, 2.507115
 267.000000, 2.127341, 0.460674, 1.858926, 2.355805
 264.666667, 1.774559, 0.370277, 1.745592, 2.143577
 266.666667, 1.923750, 0.355000, 1.723750, 2.107500
 272.333333, 1.968176, 0.380661, 1.586291, 1.995104
 259.666667, 1.754814, 0.465982, 1.815148, 2.309371
 273.000000, 2.163614, 0.514042, 1.710623, 2.251526
13
 0.250000, 0.000000, 0.000000, 0.000000, 0.000000
 176.000000, 3.553030, 0.778409, 2.373106, 3.196970
 271.000000, 1.712177, 0.361624, 1.576876, 1.974170
 284.333333, 1.929660, 0.397421, 1.634232, 2.059789
 275.333333, 2.075061, 0.428571, 1.633172, 2.088378
 274.000000, 1.931873, 0.510949, 1.864964, 2.403893
 261.000000, 1.627075, 0.376756, 1.742018, 2.146871
 291.333333, 2.032037, 0.387872, 1.567506, 1.982838
 272.000000, 1.602941, 0.415441, 1.732843, 2.175245
 256.333333, 1.738622, 0.460338, 1.925878, 2.420026
 271.666667, 2.000000, 0.500613, 1.892025, 2.429448
 265.666667, 1.678795, 0.387704, 1.720201, 2.138018
 278.000000, 1.997602, 0.496403, 1.766187, 2.290168
 262.000000, 2.227735, 0.455471, 1.851145, 2.353690
 281.000000, 2.170819, 0.474496, 1.788849, 2.291815
 280.333333, 2.178359, 0.450654, 1.658740, 2.139120
 267.666667, 2.074720, 0.397260, 1.718555, 2.159402
 266.666667, 2.058750, 0.390000, 1.583750, 2.010000
 266.000000, 1.973684, 0.367168, 1.805764, 2.211779
 283.000000, 2.460542, 0.506478, 1.680801, 2.228504
14
 0.250000, 0.000000, 0.000000, 0.000000, 1.000000
 194.000000, 4.245704, 0.709622, 1.862543, 2.608247
 259.000000, 1.676963, 0.346203, 1.639640, 2.029601
 273.000000, 1.777778, 0.329670, 1.744811, 2.109890
 274.333333, 1.792224, 0.392467, 1.640340, 2.061968
 278.666667, 2.066986, 0.472488, 1.830144, 2.334928
 276.000000, 1.929952, 0.397343, 1.642512, 2.068841
 305.000000, 2.221858, 0.371585, 1.510383, 1.909290
 268.666667, 1.593052, 0.341191, 1.746898, 2.124069
 268.333333, 2.186335, 0.506832, 1.885714, 2.422360
 263.666667, 1.745891, 0.438685, 1.944374, 2.413401
 266.000000, 1.923559, 0.464912, 1.726817, 2.223058
 248.000000, 1.595430, 0.354839, 1.885753, 2.286290
 257.333333, 1.843264, 0.444301, 1.943005, 2.423575
 279.000000, 2.551971, 0.480287, 1.810036, 2.324970
 275.666667, 1.778718, 0.407497, 1.646917, 2.088271
 274.000000, 1.941606, 0.453771, 1.715328, 2.203163
 280.333333, 2.098692, 0.374554, 1.550535, 1.954816
 256.000000, 1.829427, 0.432292, 1.839844, 2.300781
 267.333333, 2.206983, 0.412718, 1.714464, 2.157107
15
 0.250000, 0.000000, 0.000000, 0.000000, 0.000000
 186.333333, 3.568873, 0.769231, 2.050089, 2.871199
 283.333333, 1.889412, 0.409412, 1.561176, 2.001176
 293.666667, 2.015891, 0.410897, 1.598184, 2.038593
 267.666667, 1.765878, 0.417186, 1.638854, 2.084682
 266.000000, 1.749373, 0.408521, 1.869674, 2.307018
 272.333333, 1.709914, 0.440636, 1.684211, 2.160343
 286.666667, 1.903488, 0.370930, 1.609302, 2.009302
 287.333333, 1.748260, 0.441995, 1.678654, 2.146172
 272.000000, 2.132353, 0.520833, 1.833333, 2.390931
 245.000000, 1.352381, 0.404082, 2.044898, 2.492517
 268.666667, 2.178660, 0.457816, 1.724566, 2.212159
 258.666667, 1.820876, 0.409794, 1.817010, 2.262887
 262.333333, 2.207116, 0.472681, 1.949174, 2.456163
 273.666667, 1.926918, 0.467722, 1.827040, 2.322777
 281.333333, 2.188389, 0.453791, 1.654028, 2.136256
 277.000000, 2.015644, 0.436823, 1.691937, 2.155235
 268.333333, 1.790062, 0.404969, 1.607453, 2.040994
 266.333333, 2.172716, 0.446809, 1.811014, 2.287860
 260.333333, 2.306018, 0.478873, 1.740077, 2.247119
16
 0.250000, 0.000000, 0.000000, 0.000000, 6.000000
 189.000000, 3.894180, 0.948854, 2.328042, 3.331570
 278.000000, 1.908873, 0.413669, 1.597122, 2.047962
 289.333333, 1.867512, 0.404378, 1.629032, 2.063364
 277.333333, 2.207933, 0.366587, 1.647837, 2.043269
 263.666667, 1.769912, 0.433628, 1.887484, 2.350190
 268.333333, 1.806211, 0.345342, 1.727950, 2.109317
 291.666667, 2.019429, 0.389714, 1.593143, 2.010286
 287.333333, 1.943155, 0.396752, 1.651972, 2.087007
 266.666667, 2.057500, 0.486250, 1.860000, 2.376250
 267.333333, 1.832918, 0.482544, 1.967581, 2.476309
 261.666667, 1.556688, 0.397452, 1.757962, 2.192357
 265.000000, 2.079245, 0.418868, 1.808805, 2.259119
 263.666667, 2.413401, 0.470291, 1.931732, 2.436157
 263.000000, 2.083650, 0.446134, 1.927757, 2.410646
 280.000000, 2.185714, 0.465476, 1.690476, 2.184524
 258.333333, 1.854194, 0.392258, 1.775484, 2.198710
 266.000000, 2.022556, 0.392231, 1.627820, 2.045113
 255.333333, 1.825065, 0.411227, 1.844648, 2.284595
 283.000000, 2.633687, 0.508834, 1.659600, 2.196702
17
 0.250000, 0.000000, 0.000000, 0.000000, 7.000000
 171.000000, 3.204678, 0.754386, 2.029240, 2.820663
 272.666667, 1.828851, 0.416870, 1.625917, 2.074572
 282.333333, 1.924439, 0.393152, 1.650531, 2.070838
 274.666667, 1.981796, 0.427184, 1.652913, 2.109223
 258.333333, 2.028387, 0.483871, 1.912258, 2.425806
 269.666667, 1.647713, 0.412855, 1.671199, 2.113721
 302.333333, 2.370452, 0.377067, 1.568908, 1.975744
 294.666667, 2.024887, 0.415158, 1.668552, 2.111991
 275.666667, 2.280532, 0.512696, 1.871826, 2.419589
 265.333333, 1.659548, 0.472362, 1.962312, 2.462312
 265.333333, 1.796482, 0.442211, 1.739950, 2.216080
 278.000000, 2.280576, 0.502398, 1.782974, 2.321343
 264.333333, 2.182850, 0.490542, 1.918033, 2.446406
 270.000000, 1.913580, 0.485185, 1.911111, 2.424691
 274.000000, 1.828467, 0.407543, 1.669100, 2.104623
 270.666667, 2.034483, 0.390394, 1.671182, 2.088670
 272.666667, 2.206601, 0.432763, 1.617359, 2.078240
 246.333333, 1.595399, 0.433018, 1.851150, 2.316644
 264.333333, 2.023960, 0.406053, 1.686003, 2.122320
18
 0.250000, 0.000000, 0.000000, 0.000000, 1.000000
 178.333333, 3.885981, 0.833645, 2.200000, 3.087850
 276.666667, 1.697590, 0.402410, 1.526506, 1.957831
 278.666667, 1.899522, 0.422249, 1.733254, 2.200957
 267.333333, 1.617207, 0.360349, 1.674564, 2.064838
 272.666667, 2.111247, 0.458435, 1.844743, 2.332518
 285.000000, 2.115789, 0.452632, 1.654971, 2.138012
 293.333333, 2.044318, 0.378409, 1.564773, 1.969318
 287.000000, 1.839721, 0.376307, 1.653891, 2.059233
 271.000000, 2.044280, 0.480935, 1.847478, 2.365314
 253.666667, 1.440210, 0.381078, 2.022339, 2.438896
 269.333333, 1.887376, 0.419554, 1.740099, 2.194307
 275.000000, 2.252121, 0.449697, 1.744242, 2.223030
 265.333333, 2.368090, 0.508794, 1.952261, 2.489950
 278.333333, 2.335329, 0.485030, 1.849102, 2.362874
 278.000000, 1.871703, 0.413669, 1.702638, 2.154676
 276.000000, 1.992754, 0.428744, 1.640097, 2.097826
 276.666667, 2.148193, 0.383133, 1.626506, 2.040964
 247.333333, 1.761456, 0.376011, 1.917790, 2.326146
 262.666667, 2.274112, 0.534264, 1.678934, 2.242386
19
 0.250000, 0.000000, 0.000000, 0.000000, 1.000000
 178.000000, 3.357678, 0.833333, 2.108614, 3.028090
 283.666667, 2.047004, 0.388954, 1.531140, 1.949471
 280.000000, 1.782143, 0.380952, 1.679762, 2.088095
 275.000000, 2.173333, 0.402424, 1.614545, 2.046061
 273.000000, 1.935287, 0.492063, 1.843712, 2.362637
 286.666667, 2.233721, 0.443023, 1.645349, 2.118605
 283.000000, 2.017668, 0.367491, 1.597173, 1.996466
 273.666667, 1.777101, 0.356882, 1.752741, 2.136419
 276.666667, 1.996386, 0.507229, 1.833735, 2.371084
 275.666667, 1.837969, 0.476421, 1.873035, 2.384522
 255.000000, 1.675817, 0.388235, 1.798693, 2.222222
 251.333333, 1.681698, 0.395225, 1.866048, 2.301061
 259.000000, 2.150579, 0.508366, 1.969112, 2.509653
 274.333333, 2.147023, 0.462940, 1.840826, 2.332928
 273.333333, 1.997561, 0.439024, 1.726829, 2.193902
 263.000000, 1.923954, 0.437262, 1.778200, 2.244613
 284.333333, 2.262603, 0.404455, 1.527550, 1.967175
 272.666667, 2.155257, 0.504890, 1.735941, 2.282396
 259.333333, 2.192802, 0.440874, 1.748072, 2.219794
20
 0.250000, 0.000000, 0.000000, 0.000000, 1.000000
 181.666667, 4.247706, 0.933945, 2.111927, 3.106422
 265.333333, 1.741206, 0.361809, 1.633166, 2.050251
 273.666667, 1.627284, 0.370280, 1.688185, 2.085262
 267.000000, 1.766542, 0.387016, 1.641698, 2.062422
 259.333333, 1.655527, 0.428021, 1.895887, 2.362468
 285.000000, 1.995322, 0.436257, 1.630409, 2.099415
 291.000000, 1.990836, 0.334479, 1.583047, 1.947308
 289.666667, 1.700806, 0.401611, 1.684695, 2.113924
 280.333333, 2.114150, 0.586207, 1.764566, 2.378121
 255.333333, 1.702350, 0.436031, 1.994778, 2.463446
 284.000000, 2.143192, 0.380282, 1.656103, 2.070423
 264.666667, 1.986146, 0.473552, 1.828715, 2.331234
 259.666667, 2.016688, 0.455712, 1.910141, 2.395379
 276.666667, 2.139759, 0.438554, 1.825301, 2.300000
 275.000000, 2.178182, 0.538182, 1.680000, 2.247273
 267.000000, 1.863920, 0.433208, 1.757803, 2.243446
 265.666667, 1.673777, 0.396487, 1.607277, 2.031368
 257.000000, 2.099870, 0.460441, 1.806744, 2.303502
 264.333333, 2.126103, 0.498108, 1.735183, 2.263556
21
 0.250000, 0.000000, 0.000000, 0.000000, 1.000000
 184.666667, 3.496390, 0.861011, 2.222022, 3.149819
 264.000000, 1.511364, 0.380051, 1.618687, 2.027778
 269.000000, 1.577447, 0.365551, 1.677819, 2.102850
 280.333333, 2.139120, 0.406659, 1.582640, 2.017836
 260.000000, 1.638462, 0.403846, 1.903846, 2.337179
 267.666667, 1.717310, 0.392279, 1.698630, 2.128269
 269.666667, 1.372064, 0.348578, 1.618047, 1.996292
 279.666667, 1.674613, 0.395709, 1.713945, 2.138260
 275.333333, 2.251816, 0.492736, 1.843826, 2.366828
 261.333333, 1.723214, 0.450255, 1.937500, 2.417092
 259.666667, 1.830552, 0.472401, 1.758665, 2.273427
 253.333333, 1.863158, 0.400000, 1.846053, 2.275000
 269.666667, 2.330037, 0.468480, 1.914710, 2.410383
 259.333333, 1.718509, 0.433162, 1.872751, 2.343188
 274.333333, 1.939247, 0.442284, 1.705954, 2.176185
 272.333333, 2.128519, 0.461444, 1.709914, 2.197062
 276.666667, 1.869880, 0.343373, 1.577108, 1.946988
 269.333333, 2.070545, 0.504950, 1.798267, 2.330446
 275.000000, 2.236364, 0.493333, 1.649697, 2.176970
22
 0.250000, 0.000000, 0.000000, 0.000000, 0.000000
 183.000000, 3.794171, 0.865209, 2.333333, 3.231330
 262.666667, 1.770305, 0.359137, 1.587563, 1.994924
 285.666667, 1.903151, 0.438740, 1.651109, 2.117853
 267.333333, 1.735661, 0.369077, 1.657107, 2.062344
 280.666667, 2.078385, 0.507126, 1.845606, 2.382423
 291.000000, 2.115693, 0.491409, 1.624284, 2.145475
 283.000000, 1.712603, 0.349823, 1.592462, 1.971731
 278.000000, 1.812950, 0.321343, 1.727818, 2.075540
 277.333333, 2.173077, 0.508413, 1.801683, 2.337740
 288.666667, 2.211316, 0.603926, 1.832564, 2.469977
 270.000000, 1.997531, 0.430864, 1.706173, 2.174074
 251.000000, 1.759628, 0.475432, 1.880478, 2.397078
 255.000000, 1.874510, 0.464052, 1.935948, 2.428758
 266.000000, 2.056391, 0.451128, 1.934837, 2.431078
 271.333333, 1.825553, 0.421376, 1.719902, 2.169533
 264.000000, 1.776515, 0.378788, 1.715909, 2.123737
 277.666667, 1.745498, 0.352941, 1.569028, 1.949580
 251.333333, 1.730769, 0.473475, 1.793103, 2.302387
 280.000000, 2.326190, 0.485714, 1.672619, 2.198810
23
 0.250000, 0.000000, 0.000000, 0.000000, 0.000000
 174.333333, 3.015296, 0.682600, 2.000000, 2.738050
 288.666667, 2.088915, 0.460739, 1.513857, 2.010393
 281.333333, 1.671801, 0.354265, 1.651659, 2.036730
 275.000000, 1.979394, 0.374545, 1.635152, 2.036364
 263.666667, 1.690265, 0.424779, 1.844501, 2.304678
 289.000000, 2.168397, 0.447520, 1.621684, 2.098039
 296.333333, 1.862767, 0.385827, 1.587177, 2.003375
 272.333333, 1.796818, 0.325581, 1.744186, 2.111383
 264.666667, 1.894207, 0.460957, 1.891688, 2.390428
 252.000000, 1.588624, 0.362434, 1.990741, 2.383598
 260.666667, 1.827366, 0.367008, 1.735294, 2.139386
 283.000000, 2.222615, 0.525324, 1.766784, 2.327444
 274.666667, 2.456311, 0.491505, 1.858010, 2.378641
 275.666667, 2.064087, 0.442563, 1.840387, 2.318017
 268.000000, 1.866915, 0.430348, 1.685323, 2.145522
 271.666667, 2.013497, 0.400000, 1.699387, 2.133742
 258.000000, 1.509044, 0.338501, 1.625323, 1.994832
 261.333333, 1.938776, 0.466837, 1.778061, 2.276786
 265.666667, 2.263488, 0.488080, 1.728984, 2.250941
24
 0.250000, 0.000000, 0.000000, 0.000000, 0.000000
 185.000000, 4.090090, 0.695495, 1.965766, 2.704505
 273.666667, 1.906212, 0.443362, 1.595615, 2.086480
 274.333333, 1.643985, 0.397327, 1.679222, 2.104496
 272.666667, 1.893643, 0.403423, 1.680929, 2.118582
 278.000000, 1.866906, 0.419664, 1.827338, 2.284173
 273.666667, 1.864799, 0.477467, 1.722290, 2.233861
 292.666667, 2.037585, 0.399772, 1.617312, 2.053531
 275.333333, 1.708232, 0.328087, 1.715496, 2.070218
 273.000000, 2.168498, 0.545788, 1.858364, 2.431013
 269.666667, 1.902349, 0.489493, 1.892460, 2.416564
 251.666667, 1.805298, 0.482119, 1.805298, 2.323179
 249.333333, 1.871658, 0.421123, 1.860963, 2.312834
 258.000000, 2.108527, 0.507752, 1.974160, 2.510336
 278.666667, 2.096890, 0.495215, 1.843301, 2.367225
 273.000000, 2.079365, 0.456654, 1.672772, 2.159951
 266.333333, 1.809762, 0.415519, 1.678348, 2.122653
 281.666667, 2.310059, 0.423669, 1.608284, 2.057988
 274.000000, 2.346715, 0.514599, 1.753041, 2.295620
 287.000000, 2.341463, 0.473868, 1.672474, 2.174216
25
 0.250000, 0.000000, 0.000000, 12.000000, 13.000000
 186.333333, 3.574240, 0.613596, 1.960644, 2.677996
 262.000000, 1.748092, 0.348601, 1.615776, 1.997455
 277.333333, 1.753606, 0.393029, 1.693510, 2.116587
 285.000000, 2.133333, 0.423392, 1.583626, 2.037427
 253.666667, 1.721419, 0.434954, 1.911958, 2.377135
 271.333333, 1.819410, 0.431204, 1.676904, 2.143735
 287.666667, 2.028969, 0.363847, 1.590962, 1.989571
 274.333333, 1.989064, 0.434994, 1.732685, 2.196841
 272.000000, 2.143382, 0.500000, 1.868873, 2.395833
 252.666667, 1.627968, 0.418206, 1.989446, 2.437995
 263.000000, 1.694550, 0.461343, 1.724968, 2.216730
 271.666667, 2.155828, 0.451534, 1.758282, 2.240491
 271.000000, 2.178352, 0.430504, 1.897909, 2.356704
 258.000000, 1.647287, 0.441860, 1.923773, 2.395349
 268.000000, 1.863184, 0.430348, 1.715174, 2.180348
 270.000000, 1.869136, 0.424691, 1.713580, 2.166667
 264.000000, 1.757576, 0.372475, 1.637626, 2.040404
 270.333333, 2.064118, 0.474723, 1.787916, 2.290999
 272.000000, 2.295343, 0.430147, 1.726716, 2.186275
26
 0.250000, 0.000000, 0.000000, 0.000000, 12.000000
 183.333333, 3.785455, 0.752727, 2.109091, 2.900000
 264.333333, 1.683480, 0.397226, 1.595208, 2.046658
 275.333333, 1.684019, 0.343826, 1.682809, 2.054479
 268.333333, 2.024845, 0.392547, 1.632298, 2.060870
 266.333333, 1.853567, 0.459324, 1.888611, 2.375469
 284.333333, 2.280188, 0.470106, 1.649472, 2.148886
 297.666667, 2.188130, 0.413214, 1.599104, 2.042553
 262.666667, 1.408629, 0.347716, 1.774112, 2.156091
 263.000000, 1.969582, 0.524715, 1.937896, 2.503169
 268.666667, 1.872208, 0.452854, 1.885856, 2.392060
 268.000000, 1.958955, 0.414179, 1.702736, 2.144279
 266.333333, 2.260325, 0.555695, 1.795995, 2.381727
 268.333333, 2.427329, 0.557764, 1.893168, 2.479503
 263.666667, 2.030341, 0.424779, 1.868521, 2.324905
 281.666667, 2.107692, 0.433136, 1.680473, 2.142012
 273.333333, 1.915854, 0.380488, 1.737805, 2.145122
 277.666667, 2.154862, 0.385354, 1.563025, 1.977191
 254.000000, 1.916010, 0.467192, 1.783465, 2.276903
 260.333333, 2.154930, 0.539052, 1.756722, 2.323944
27
 0.250000, 0.000000, 0.000000, 0.000000, 1.000000
 176.000000, 3.081439, 0.768939, 2.178030, 3.013258
 276.666667, 2.144578, 0.404819, 1.650602, 2.083133
 271.000000, 1.821648, 0.325953, 1.661747, 2.023370
 275.333333, 1.944310, 0.433414, 1.618644, 2.087167
 262.000000, 1.792621, 0.444020, 1.951654, 2.423664
 276.666667, 2.169880, 0.393976, 1.695181, 2.116867
 288.333333, 1.987283, 0.394220, 1.601156, 2.024277
 280.333333, 1.831153, 0.407848, 1.708680, 2.146254
 260.666667, 1.991049, 0.447570, 1.892583, 2.369565
 258.000000, 1.860465, 0.441860, 1.974160, 2.443152
 265.333333, 1.590452, 0.472362, 1.743719, 2.244975
 260.666667, 2.219949, 0.423274, 1.801790, 2.255754
 271.000000, 2.125461, 0.444034, 1.825338, 2.297663
 273.333333, 2.443902, 0.520732, 1.795122, 2.343902
 282.666667, 2.333726, 0.498821, 1.635613, 2.162736
 270.333333, 2.123305, 0.452528, 1.712700, 2.193588
 257.666667, 1.816300, 0.369987, 1.646831, 2.049159
 259.666667, 1.707317, 0.483954, 1.790757, 2.314506
 267.333333, 2.490025, 0.435162, 1.708229, 2.174564
28
 0.250000, 0.000000, 0.000000, 0.000000, 0.000000
 182.000000, 3.981685, 0.800366, 2.456044, 3.309524
 289.666667, 2.109321, 0.376295, 1.528193, 1.934407
 280.666667, 1.666271, 0.376485, 1.666271, 2.072447
 279.666667, 2.110846, 0.364720, 1.598331, 1.991657
 273.000000, 2.076923, 0.526252, 1.885226, 2.446886
 273.666667, 1.824604, 0.358100, 1.673569, 2.060901
 281.666667, 1.844970, 0.349112, 1.626036, 2.004734
 282.333333, 1.734357, 0.375443, 1.685950, 2.087367
 268.666667, 2.259305, 0.540943, 1.869727, 2.446650
 261.000000, 1.657727, 0.404853, 1.937420, 2.370370
 274.000000, 2.045012, 0.526764, 1.716545, 2.271290
 272.666667, 2.242054, 0.487775, 1.754279, 2.268949
 256.666667, 2.235065, 0.514286, 1.984416, 2.528571
 274.333333, 2.263670, 0.524909, 1.833536, 2.388821
 286.333333, 2.526193, 0.484284, 1.630966, 2.145518
 279.000000, 2.001195, 0.415771, 1.653524, 2.123059
 253.000000, 1.566535, 0.375494, 1.674572, 2.085639
 257.333333, 1.744819, 0.454663, 1.769430, 2.251295
 261.000000, 2.141762, 0.425287, 1.770115, 2.227331
29
 0.250000, 1.000000, 0.000000, 0.000000, 0.000000
 180.000000, 3.435185, 0.794444, 1.922222, 2.755556
 278.333333, 1.723353, 0.385629, 1.591617, 2.005988
 277.666667, 1.925570, 0.361345, 1.678271, 2.067227
 279.666667, 2.131108, 0.441001, 1.643623, 2.113230
 254.666667, 1.514398, 0.413613, 1.929319, 2.379581
 271.000000, 1.992620, 0.400984, 1.722017, 2.157442
 281.000000, 2.053381, 0.402135, 1.620403, 2.058126
 277.000000, 1.548736, 0.429603, 1.761733, 2.220217
 255.333333, 2.177546, 0.502611, 1.947781, 2.488251
 277.333333, 1.975962, 0.500000, 1.861779, 2.390625
 267.666667, 2.286426, 0.466999, 1.738481, 2.242839
 250.666667, 1.852394, 0.388298, 1.890957, 2.311170
 262.666667, 2.296954, 0.461929, 1.927665, 2.422589
 275.000000, 2.255758, 0.430303, 1.761212, 2.230303
 271.333333, 2.013514, 0.357494, 1.712531, 2.097052
 268.666667, 1.753102, 0.366005, 1.683623, 2.075682
 267.666667, 1.750934, 0.399751, 1.610212, 2.038605
 268.000000, 2.182836, 0.457711, 1.787313, 2.277363
 270.333333, 2.419236, 0.422935, 1.701603, 2.154131
30
 0.250000, 0.000000, 0.000000, 0.000000, 0.000000
 176.000000, 3.034091, 0.820076, 2.392045, 3.284091
 284.333333, 1.849941, 0.416178, 1.555686, 2.000000
 300.000000, 2.081111, 0.456667, 1.586667, 2.072222
 262.666667, 1.908629, 0.392132, 1.720812, 2.142132
 265.333333, 1.781407, 0.447236, 1.903266, 2.378141
 280.000000, 2.059524, 0.454762, 1.663095, 2.146429
 304.000000, 2.280702, 0.377193, 1.550439, 1.957237
 280.000000, 1.864286, 0.357143, 1.760714, 2.154762
 270.666667, 2.059113, 0.424877, 1.860837, 2.316502
 275.666667, 1.978235, 0.494559, 1.879081, 2.406288
 271.000000, 2.333333, 0.444034, 1.718327, 2.195572
 285.333333, 2.217290, 0.487150, 1.684579, 2.202103
 265.333333, 2.332915, 0.469849, 1.902010, 2.399497
 256.666667, 1.666234, 0.427273, 1.929870, 2.403896
 275.666667, 2.344619, 0.440145, 1.651753, 2.129383
 273.000000, 1.959707, 0.415140, 1.664225, 2.107448
 267.000000, 1.886392, 0.357054, 1.664170, 2.048689
 262.666667, 1.986041, 0.427665, 1.803299, 2.258883
 266.333333, 2.219024, 0.449312, 1.713392, 2.192741
31
 0.250000, 2.000000, 0.000000, 0.000000, 0.000000
 171.333333, 3.542802, 0.665370, 1.966926, 2.677043
 271.333333, 1.649877, 0.358722, 1.588452, 2.003686
 286.666667, 2.031395, 0.425581, 1.653488, 2.108140
 272.666667, 2.366748, 0.441320, 1.611247, 2.083130
 253.000000, 1.449275, 0.392622, 1.936759, 2.357049
 274.000000, 2.310219, 0.403893, 1.676399, 2.111922
 288.666667, 1.957275, 0.355658, 1.615473, 2.000000
 285.333333, 1.842290, 0.356308, 1.671729, 2.075935
 266.666667, 2.256250, 0.538750, 1.887500, 2.455000
 267.666667, 1.940224, 0.447073, 1.907846, 2.396015
 276.000000, 1.996377, 0.408213, 1.648551, 2.086957
 270.666667, 2.300493, 0.497537, 1.834975, 2.363300
 262.333333, 2.095299, 0.407878, 1.944091, 2.386277
 264.666667, 2.071788, 0.443325, 1.881612, 2.355164
 285.666667, 2.184364, 0.424737, 1.634772, 2.099183
 264.000000, 1.837121, 0.434343, 1.723485, 2.194444
 279.666667, 2.183552, 0.495828, 1.561383, 2.090584
 257.666667, 1.657180, 0.460543, 1.821475, 2.307891
 265.666667, 2.282309, 0.506901, 1.740276, 2.273526
Histogram
10 0 0 0 0 0 0 0 0 0 11 0 0 0 0 0 0 0 0 36 129 144 78 118 60 11 3 4 7 4 3 4 3 2 2 0 0 0 0 0 0 0 0 0 0 0 0 0 0 0 0 0 0 0 0 0 0 0 0 0 4 0 0 0 0 0 0 0 0 0 3 0 0 0 0 0 0 0 0 0 0 0 0 0 0 0 0 0 0 0 0 0 0 0 0 0 0 0 0 0 0 0 0 0 0 0 0 0 0 0 0 0 0 0 0 0 0 0 0 4 
Cache Miss Ratio
NaN
numOfSets
510181
numOfGets
0
numOfMultiGets
0
