20
0
 0.250000, 1.000000, 0.000000, 1.000000, 7.000000
 217.333333, 2.085890, 0.400307, 1.268405, 1.730061
 225.333333, 0.911243, 0.176036, 1.705621, 1.909763
 262.000000, 1.076336, 0.167939, 1.284987, 1.489822
 268.666667, 1.440447, 0.229529, 1.188586, 1.454094
 240.666667, 0.673130, 0.173130, 1.149584, 1.354571
 239.333333, 0.972145, 0.189415, 1.387187, 1.608635
 243.333333, 1.084932, 0.210959, 1.538356, 1.780822
 261.666667, 1.198726, 0.216561, 1.276433, 1.524841
 250.000000, 1.157333, 0.206667, 1.232000, 1.469333
 234.000000, 0.764957, 0.217949, 1.212251, 1.468661
 251.666667, 1.105960, 0.217219, 1.335099, 1.578808
 232.666667, 0.815186, 0.164756, 1.160458, 1.365330
 240.666667, 0.854571, 0.245152, 1.409972, 1.691136
 222.333333, 1.107946, 0.214393, 1.647676, 1.896552
 257.666667, 1.403622, 0.238034, 1.209573, 1.489004
 244.333333, 1.212824, 0.234652, 1.181446, 1.448840
 262.000000, 0.865140, 0.156489, 1.113232, 1.300254
 242.666667, 0.831044, 0.173077, 1.152473, 1.376374
 225.666667, 1.022157, 0.190547, 1.533235, 1.754801
1
 0.250000, 0.000000, 1.000000, 1.000000, 9.000000
 230.666667, 2.401734, 0.414740, 1.323699, 1.787572
 231.000000, 0.945166, 0.167388, 1.627706, 1.826840
 250.333333, 0.922770, 0.173103, 1.347537, 1.553928
 246.666667, 1.078378, 0.208108, 1.112162, 1.352703
 256.666667, 1.072727, 0.177922, 1.128571, 1.337662
 268.333333, 1.557764, 0.188820, 1.274534, 1.493168
 240.333333, 0.861304, 0.188627, 1.557559, 1.787795
 263.000000, 1.457541, 0.229404, 1.282636, 1.541191
 257.000000, 1.251621, 0.202335, 1.242542, 1.476005
 260.666667, 1.021739, 0.172634, 1.176471, 1.377238
 247.333333, 1.079515, 0.207547, 1.359838, 1.598383
 243.666667, 1.041040, 0.220246, 1.180575, 1.439124
 244.000000, 0.979508, 0.209016, 1.463115, 1.703552
 233.000000, 1.377682, 0.214592, 1.722461, 1.968526
 253.666667, 0.938239, 0.208936, 1.185283, 1.429698
 271.666667, 1.439264, 0.223313, 1.161963, 1.414724
 257.666667, 0.787840, 0.160414, 1.107374, 1.309185
 254.666667, 0.892670, 0.174084, 1.146597, 1.356021
 247.333333, 1.411051, 0.168464, 1.436658, 1.650943
2
 0.250000, 1.000000, 1.000000, 1.000000, 6.000000
 227.000000, 2.330396, 0.484581, 1.306902, 1.856094
 228.000000, 1.017544, 0.168129, 1.704678, 1.902047
 255.000000, 1.071895, 0.156863, 1.322876, 1.509804
 242.666667, 1.328297, 0.211538, 1.243132, 1.493132
 282.000000, 1.198582, 0.176123, 1.072104, 1.276596
 255.000000, 1.099346, 0.184314, 1.362092, 1.576471
 238.666667, 1.118715, 0.216480, 1.515363, 1.761173
 236.000000, 1.172316, 0.247175, 1.355932, 1.641243
 267.666667, 1.537983, 0.196762, 1.196762, 1.428394
 266.333333, 1.181477, 0.204005, 1.113892, 1.346683
 249.333333, 1.108289, 0.227273, 1.306150, 1.561497
 234.666667, 0.704545, 0.193182, 1.109375, 1.340909
 240.333333, 1.036061, 0.266297, 1.423024, 1.722607
 237.666667, 1.148668, 0.193548, 1.516129, 1.747546
 241.000000, 1.362379, 0.289073, 1.235131, 1.554633
 263.000000, 1.334601, 0.230672, 1.196451, 1.456274
 263.333333, 0.887342, 0.175949, 1.121519, 1.326582
 256.000000, 1.006510, 0.180990, 1.131510, 1.341146
 243.333333, 1.141096, 0.180822, 1.295890, 1.516438
3
 0.250000, 0.000000, 0.000000, 6.000000, 17.000000
 222.000000, 1.971471, 0.433934, 1.319820, 1.809309
 224.000000, 1.025298, 0.180060, 1.645833, 1.875000
 243.333333, 0.731507, 0.171233, 1.350685, 1.557534
 241.333333, 1.002762, 0.198895, 1.131215, 1.361878
 254.000000, 0.943570, 0.182415, 1.124672, 1.337270
 250.333333, 1.324900, 0.203728, 1.351531, 1.587217
 229.666667, 0.780842, 0.171263, 1.528302, 1.728592
 237.666667, 0.950912, 0.231417, 1.360449, 1.621318
 272.000000, 1.215686, 0.203431, 1.223039, 1.458333
 272.000000, 1.213235, 0.193627, 1.117647, 1.354167
 240.666667, 1.123269, 0.198061, 1.387812, 1.616343
 261.666667, 1.071338, 0.185987, 1.128662, 1.343949
 254.666667, 1.077225, 0.247382, 1.441099, 1.742147
 227.333333, 1.112903, 0.206745, 1.552786, 1.797654
 263.666667, 1.573957, 0.275601, 1.218710, 1.520860
 249.000000, 1.175368, 0.212851, 1.218206, 1.461847
 254.000000, 0.880577, 0.187664, 1.111549, 1.329396
 254.333333, 0.979030, 0.186107, 1.163827, 1.386632
 250.000000, 1.434667, 0.184000, 1.264000, 1.477333
4
 0.250000, 0.000000, 0.000000, 5.000000, 17.000000
 229.333333, 2.545058, 0.465116, 1.313953, 1.838663
 228.000000, 1.115497, 0.176901, 1.755848, 1.963450
 265.666667, 1.114178, 0.165621, 1.286073, 1.489335
 245.000000, 1.326531, 0.243537, 1.170068, 1.444898
 263.333333, 1.162025, 0.169620, 1.131646, 1.334177
 234.666667, 0.856534, 0.183239, 1.446023, 1.667614
 234.666667, 0.903409, 0.174716, 1.477273, 1.683239
 251.666667, 1.305960, 0.266225, 1.347020, 1.650331
 257.000000, 1.303502, 0.215305, 1.221790, 1.465629
 251.333333, 1.108753, 0.197613, 1.206897, 1.441645
 252.666667, 1.187335, 0.205805, 1.366755, 1.602902
 254.666667, 0.971204, 0.204188, 1.103403, 1.335079
 263.000000, 1.096324, 0.257288, 1.401774, 1.688213
 235.333333, 1.198300, 0.186969, 1.545326, 1.763456
 243.333333, 1.163014, 0.227397, 1.242466, 1.515068
 241.666667, 1.366897, 0.234483, 1.245517, 1.518621
 261.333333, 0.860969, 0.182398, 1.103316, 1.315051
 263.666667, 1.209861, 0.175727, 1.127686, 1.332491
 228.000000, 1.109649, 0.220760, 1.418129, 1.678363
5
 0.250000, 0.000000, 0.000000, 5.000000, 16.000000
 234.666667, 2.419034, 0.399148, 1.299716, 1.752841
 228.666667, 1.155977, 0.185131, 1.653061, 1.867347
 266.000000, 0.921053, 0.181704, 1.299499, 1.510025
 245.000000, 1.059864, 0.217687, 1.152381, 1.401361
 266.000000, 1.022556, 0.169173, 1.093985, 1.294486
 270.666667, 1.275862, 0.182266, 1.273399, 1.491379
 230.000000, 1.110145, 0.165217, 1.528986, 1.727536
 232.666667, 1.035817, 0.234957, 1.376791, 1.643266
 254.333333, 1.187418, 0.203145, 1.224115, 1.473132
 240.666667, 0.864266, 0.189751, 1.232687, 1.461219
 248.000000, 1.125000, 0.225806, 1.360215, 1.622312
 244.000000, 1.077869, 0.236339, 1.263661, 1.528689
 243.000000, 0.927298, 0.215364, 1.397805, 1.651578
 237.000000, 1.192686, 0.218003, 1.592124, 1.836850
 239.666667, 1.513213, 0.261474, 1.307371, 1.613352
 252.000000, 1.231481, 0.219577, 1.212963, 1.464286
 268.000000, 0.829602, 0.161692, 1.092040, 1.283582
 257.000000, 0.869001, 0.186770, 1.141375, 1.356680
 229.000000, 1.142649, 0.211063, 1.416303, 1.657933
6
 0.250000, 0.000000, 0.000000, 4.000000, 16.000000
 237.000000, 2.434599, 0.407876, 1.286920, 1.749648
 209.666667, 0.992051, 0.197138, 1.732909, 1.977742
 266.666667, 1.202500, 0.170000, 1.266250, 1.463750
 260.000000, 1.244872, 0.198718, 1.092308, 1.321795
 271.000000, 1.194342, 0.200492, 1.068881, 1.300123
 245.000000, 1.091156, 0.187755, 1.379592, 1.597279
 230.333333, 0.966715, 0.191027, 1.678726, 1.917511
 249.666667, 1.140187, 0.221629, 1.321762, 1.580774
 278.000000, 1.535971, 0.209832, 1.153477, 1.399281
 250.666667, 1.041223, 0.203457, 1.242021, 1.500000
 229.000000, 1.093159, 0.263464, 1.410480, 1.717613
 238.333333, 0.752448, 0.200000, 1.288112, 1.525874
 246.666667, 0.871622, 0.210811, 1.463514, 1.710811
 214.000000, 0.945483, 0.210280, 1.704050, 1.945483
 216.333333, 0.989214, 0.232666, 1.343606, 1.616333
 243.666667, 1.170999, 0.212038, 1.232558, 1.474692
 266.000000, 0.849624, 0.167920, 1.092732, 1.289474
 246.666667, 0.905405, 0.179730, 1.154054, 1.364865
 233.000000, 1.505007, 0.227468, 1.523605, 1.781116
7
 0.250000, 0.000000, 1.000000, 4.000000, 16.000000
 244.000000, 2.316940, 0.419399, 1.259563, 1.730874
 242.333333, 1.046768, 0.174691, 1.551582, 1.763411
 272.000000, 1.274510, 0.164216, 1.256127, 1.449755
 257.666667, 1.394567, 0.213454, 1.199224, 1.452781
 266.333333, 1.078849, 0.160200, 1.091364, 1.290363
 276.666667, 1.593976, 0.193976, 1.255422, 1.479518
 234.333333, 1.039829, 0.167852, 1.502134, 1.709815
 228.666667, 0.970845, 0.269679, 1.397959, 1.720117
 259.000000, 1.077220, 0.199485, 1.252252, 1.480051
 252.000000, 1.023810, 0.220899, 1.227513, 1.482804
 260.000000, 1.591026, 0.237179, 1.298718, 1.565385
 247.666667, 0.990579, 0.212651, 1.273217, 1.515478
 241.000000, 0.850622, 0.240664, 1.533887, 1.849239
 218.333333, 0.894656, 0.192366, 1.653435, 1.876336
 243.666667, 1.406293, 0.270862, 1.261286, 1.569083
 280.000000, 1.636905, 0.221429, 1.113095, 1.371429
 258.000000, 0.748062, 0.179587, 1.104651, 1.320413
 265.000000, 1.091824, 0.186164, 1.138365, 1.353459
 241.333333, 1.234807, 0.156077, 1.600829, 1.785912
8
 0.250000, 0.000000, 1.000000, 4.000000, 16.000000
 224.333333, 2.014859, 0.438336, 1.291233, 1.774146
 215.000000, 0.795349, 0.170543, 1.641860, 1.841860
 257.333333, 1.027202, 0.183938, 1.347150, 1.560881
 246.666667, 1.268919, 0.205405, 1.241892, 1.485135
 268.666667, 1.070720, 0.172457, 1.050868, 1.251861
 256.000000, 1.358073, 0.195313, 1.338542, 1.563802
 225.000000, 0.874074, 0.173333, 1.522963, 1.730370
 234.333333, 0.943101, 0.220484, 1.348506, 1.607397
 250.000000, 0.956000, 0.212000, 1.294667, 1.534667
 268.333333, 1.216149, 0.195031, 1.186335, 1.408696
 235.666667, 1.083451, 0.214993, 1.455446, 1.708628
 245.333333, 0.827446, 0.190217, 1.172554, 1.392663
 245.000000, 1.034014, 0.266667, 1.424490, 1.737415
 211.333333, 0.988959, 0.227129, 1.736593, 2.000000
 252.666667, 1.262533, 0.248021, 1.189974, 1.477573
 245.333333, 1.092391, 0.220109, 1.218750, 1.467391
 258.000000, 0.821705, 0.160207, 1.139535, 1.328165
 258.666667, 0.932990, 0.181701, 1.140464, 1.362113
 226.000000, 1.194690, 0.191740, 1.470501, 1.703540
9
 0.250000, 0.000000, 1.000000, 1.000000, 32.000000
 224.333333, 2.631501, 0.469539, 1.291233, 1.796434
 227.666667, 1.029283, 0.168375, 1.790630, 1.988287
 255.333333, 0.932115, 0.177546, 1.302872, 1.506527
 272.666667, 1.378973, 0.198044, 1.155257, 1.392421
 265.000000, 0.994969, 0.181132, 1.091824, 1.310692
 264.666667, 1.770781, 0.215365, 1.290932, 1.535264
 249.000000, 0.908969, 0.186078, 1.440428, 1.654618
 246.333333, 1.316644, 0.255751, 1.346414, 1.630582
 270.333333, 1.374846, 0.213317, 1.196054, 1.438964
 261.333333, 1.290816, 0.196429, 1.184949, 1.410714
 248.333333, 1.244295, 0.224161, 1.371812, 1.641611
 243.000000, 0.958848, 0.212620, 1.172840, 1.417010
 230.000000, 0.794203, 0.228986, 1.492754, 1.772464
 233.000000, 1.203147, 0.201717, 1.557940, 1.788269
 277.000000, 1.386282, 0.234657, 1.150421, 1.412756
 266.000000, 1.448622, 0.225564, 1.172932, 1.432331
 281.666667, 0.936095, 0.163314, 1.027219, 1.218935
 256.333333, 0.944083, 0.170351, 1.171651, 1.373212
 229.000000, 1.179039, 0.193595, 1.363901, 1.590975
10
 0.250000, 0.000000, 1.000000, 1.000000, 32.000000
 220.000000, 2.121212, 0.472727, 1.346970, 1.863636
 220.000000, 1.184848, 0.184848, 1.863636, 2.078788
 263.333333, 1.136709, 0.160759, 1.283544, 1.473418
 247.000000, 1.148448, 0.292848, 1.136302, 1.461538
 268.333333, 1.151553, 0.175155, 1.134161, 1.340373
 264.666667, 1.403023, 0.205290, 1.288413, 1.521411
 246.666667, 1.743243, 0.327027, 1.490541, 1.855405
 245.333333, 0.978261, 0.233696, 1.319293, 1.589674
 277.333333, 1.274038, 0.198317, 1.188702, 1.421875
 271.666667, 1.131288, 0.219632, 1.196319, 1.444172
 234.333333, 1.012802, 0.227596, 1.347084, 1.617354
 246.000000, 0.850949, 0.224932, 1.143631, 1.398374
 246.000000, 0.872629, 0.233062, 1.456640, 1.726287
 245.000000, 1.351020, 0.224490, 1.527891, 1.789116
 271.666667, 1.429448, 0.239264, 1.184049, 1.456442
 268.000000, 1.463930, 0.202736, 1.139303, 1.381841
 261.333333, 0.849490, 0.169643, 1.099490, 1.297194
 247.000000, 0.746289, 0.184885, 1.159244, 1.380567
 230.000000, 0.997101, 0.192754, 1.527536, 1.747826
11
 0.250000, 0.000000, 0.000000, 1.000000, 33.000000
 227.666667, 2.136164, 0.367496, 1.232796, 1.633968
 214.000000, 1.010903, 0.183801, 1.839564, 2.052960
 243.000000, 0.683128, 0.176955, 1.338820, 1.547325
 252.666667, 1.197889, 0.218997, 1.122691, 1.390501
 252.333333, 0.838838, 0.187583, 1.112285, 1.340819
 238.666667, 1.163408, 0.191341, 1.384078, 1.606145
 232.666667, 1.093123, 0.174785, 1.584527, 1.790831
 243.333333, 1.252055, 0.205479, 1.352055, 1.595890
 241.666667, 1.122759, 0.208276, 1.262069, 1.504828
 253.666667, 1.102497, 0.195795, 1.147175, 1.388962
 233.666667, 1.104137, 0.222539, 1.426534, 1.687589
 248.333333, 0.908725, 0.174497, 1.214765, 1.422819
 246.333333, 1.027064, 0.230041, 1.481732, 1.780785
 238.333333, 1.443357, 0.218182, 1.545455, 1.794406
 244.000000, 1.068306, 0.228142, 1.163934, 1.420765
 256.666667, 1.246753, 0.209091, 1.154545, 1.397403
 269.333333, 0.903465, 0.152228, 1.087871, 1.269802
 257.333333, 0.827720, 0.177461, 1.125648, 1.347150
 228.666667, 1.125364, 0.180758, 1.236152, 1.456268
12
 0.250000, 0.000000, 0.000000, 0.000000, 26.000000
 222.000000, 2.235736, 0.415916, 1.288288, 1.767267
 223.666667, 0.864382, 0.162444, 1.611028, 1.847988
 262.666667, 1.011421, 0.166244, 1.284264, 1.480964
 249.333333, 1.279412, 0.205882, 1.105615, 1.340909
 245.333333, 0.858696, 0.173913, 1.157609, 1.373641
 255.333333, 1.291123, 0.180157, 1.356397, 1.566580
 240.000000, 1.177778, 0.170833, 1.540278, 1.740278
 223.666667, 1.153502, 0.260805, 1.412817, 1.706408
 268.666667, 1.301489, 0.224566, 1.181141, 1.434243
 249.000000, 1.220884, 0.231593, 1.236948, 1.496653
 234.666667, 0.909091, 0.204545, 1.375000, 1.625000
 258.000000, 0.962532, 0.220930, 1.184755, 1.441860
 230.333333, 0.681621, 0.244573, 1.509407, 1.785818
 226.333333, 1.085420, 0.187040, 1.583211, 1.801178
 269.000000, 1.405204, 0.237918, 1.168525, 1.438662
 269.666667, 1.454883, 0.233622, 1.169345, 1.431397
 271.000000, 0.937269, 0.182042, 1.057811, 1.268143
 261.333333, 0.897959, 0.193878, 1.154337, 1.387755
 219.666667, 1.169954, 0.210926, 1.215478, 1.456753
13
 0.250000, 0.000000, 0.000000, 0.000000, 25.000000
 223.666667, 2.183308, 0.472429, 1.348733, 1.874814
 237.666667, 1.266480, 0.187938, 1.716690, 1.934081
 256.333333, 1.059818, 0.182055, 1.315995, 1.530559
 273.666667, 1.429963, 0.219245, 1.047503, 1.294762
 260.000000, 1.137179, 0.191026, 1.087179, 1.315385
 249.000000, 1.386881, 0.198126, 1.323963, 1.559572
 235.666667, 1.008487, 0.175389, 1.513437, 1.719943
 267.333333, 1.551122, 0.241895, 1.268080, 1.541147
 250.333333, 1.256991, 0.230360, 1.270306, 1.536618
 251.666667, 1.108609, 0.197351, 1.192053, 1.415894
 238.000000, 1.151261, 0.226891, 1.418768, 1.684874
 258.666667, 0.981959, 0.212629, 1.099227, 1.338918
 241.666667, 0.913103, 0.253793, 1.480000, 1.768276
 223.666667, 1.229508, 0.208644, 1.618480, 1.856930
 262.333333, 1.456163, 0.257942, 1.160102, 1.457433
 259.666667, 1.317073, 0.220796, 1.172015, 1.423620
 257.333333, 0.750000, 0.155440, 1.102332, 1.294041
 246.333333, 0.867388, 0.165088, 1.136671, 1.328823
 249.333333, 1.280749, 0.179144, 1.163102, 1.371658
14
 0.250000, 0.000000, 0.000000, 1.000000, 32.000000
 248.000000, 2.201613, 0.419355, 1.283602, 1.739247
 234.000000, 1.000000, 0.186610, 1.467236, 1.682336
 272.333333, 1.336597, 0.161567, 1.271726, 1.463892
 267.666667, 1.346202, 0.212951, 1.194271, 1.437111
 270.666667, 1.120690, 0.168719, 1.070197, 1.267241
 247.333333, 1.208895, 0.206199, 1.361186, 1.598383
 241.666667, 0.914483, 0.172414, 1.531034, 1.742069
 237.333333, 1.143258, 0.220506, 1.327247, 1.581461
 269.000000, 1.399009, 0.206939, 1.179678, 1.429988
 261.333333, 1.172194, 0.214286, 1.131378, 1.373724
 254.666667, 1.278796, 0.225131, 1.290576, 1.543194
 244.666667, 0.859673, 0.188011, 1.252044, 1.478202
 236.666667, 1.287324, 0.319718, 1.729577, 2.094366
 222.666667, 1.040419, 0.208084, 1.645210, 1.887725
 242.000000, 1.316804, 0.247934, 1.230028, 1.515152
 256.000000, 1.179688, 0.204427, 1.170573, 1.406250
 259.333333, 0.844473, 0.172237, 1.077121, 1.285347
 259.666667, 0.951220, 0.193838, 1.188703, 1.412067
 229.666667, 1.236575, 0.177068, 1.592163, 1.801161
15
 0.250000, 0.000000, 0.000000, 1.000000, 31.000000
 254.333333, 2.543906, 0.407602, 1.249017, 1.716907
 243.666667, 1.161423, 0.168263, 1.570451, 1.768810
 267.666667, 1.154421, 0.163138, 1.261519, 1.459527
 252.666667, 1.193931, 0.212401, 1.196570, 1.456464
 255.000000, 0.977778, 0.181699, 1.104575, 1.316340
 245.333333, 1.179348, 0.205163, 1.364130, 1.605978
 232.666667, 0.905444, 0.163324, 1.647564, 1.840974
 253.333333, 1.210526, 0.211842, 1.326316, 1.569737
 246.000000, 1.024390, 0.201897, 1.269648, 1.502710
 256.000000, 1.476563, 0.264323, 1.145833, 1.441406
 232.666667, 0.783668, 0.219198, 1.392550, 1.648997
 237.000000, 0.798875, 0.199719, 1.312236, 1.552743
 242.000000, 1.071625, 0.261708, 1.455923, 1.754821
 230.000000, 1.168116, 0.205797, 1.634783, 1.884058
 243.666667, 1.350205, 0.273598, 1.243502, 1.558140
 249.000000, 1.271754, 0.227577, 1.211513, 1.471218
 262.666667, 0.940355, 0.168782, 1.079949, 1.285533
 262.666667, 1.043147, 0.191624, 1.144670, 1.368020
 242.666667, 1.458791, 0.184066, 1.157967, 1.372253
16
 0.250000, 0.000000, 0.000000, 7.000000, 32.000000
 219.666667, 1.843703, 0.376328, 1.327769, 1.738998
 231.333333, 1.046110, 0.170029, 1.687320, 1.896254
 255.000000, 0.950327, 0.180392, 1.318954, 1.538562
 243.000000, 0.990398, 0.203018, 1.235940, 1.477366
 239.333333, 0.710306, 0.179666, 1.150418, 1.362117
 249.333333, 1.237968, 0.196524, 1.351604, 1.581551
 252.666667, 0.965699, 0.205805, 1.465699, 1.700528
 231.333333, 0.861671, 0.198847, 1.390490, 1.639769
 261.333333, 1.261480, 0.219388, 1.221939, 1.470663
 247.000000, 1.182186, 0.236167, 1.218623, 1.485830
 215.333333, 1.021672, 0.244582, 1.448916, 1.726006
 244.000000, 0.919399, 0.176230, 1.124317, 1.330601
 254.000000, 0.937008, 0.269029, 1.431759, 1.736220
 206.333333, 1.129241, 0.214863, 1.752827, 2.014540
 264.333333, 1.295082, 0.228247, 1.195460, 1.459016
 252.333333, 0.996037, 0.221929, 1.179657, 1.439894
 267.333333, 0.953865, 0.174564, 1.069825, 1.278055
 260.000000, 1.216667, 0.183333, 1.129487, 1.350000
 234.000000, 1.628205, 0.242165, 1.660969, 1.943020
17
 0.250000, 0.000000, 0.000000, 0.000000, 25.000000
 220.333333, 2.369138, 0.493192, 1.320726, 1.863843
 221.666667, 0.897744, 0.168421, 1.642105, 1.848120
 281.000000, 1.265718, 0.167260, 1.281139, 1.479241
 250.333333, 1.141145, 0.215712, 1.205060, 1.451398
 245.666667, 0.803256, 0.180461, 1.157395, 1.375848
 246.666667, 1.158108, 0.189189, 1.336486, 1.555405
 229.666667, 0.802612, 0.178520, 1.548621, 1.756168
 261.333333, 1.256378, 0.229592, 1.260204, 1.521684
 257.333333, 1.090674, 0.200777, 1.244819, 1.480570
 247.000000, 1.055331, 0.194332, 1.198381, 1.427800
 247.000000, 1.114710, 0.217274, 1.380567, 1.626181
 264.333333, 0.983607, 0.194199, 1.190416, 1.412358
 256.333333, 1.145644, 0.224967, 1.431730, 1.695709
 221.000000, 0.957768, 0.196078, 1.645551, 1.880845
 259.666667, 1.279846, 0.231065, 1.174583, 1.446727
 261.666667, 1.341401, 0.207643, 1.201274, 1.445860
 264.000000, 0.970960, 0.156566, 1.111111, 1.296717
 259.333333, 0.793059, 0.181234, 1.170951, 1.383033
 239.333333, 1.213092, 0.190808, 1.224234, 1.444290
18
 0.250000, 7.000000, 0.000000, 5.000000, 20.000000
 233.000000, 2.377682, 0.440629, 1.261803, 1.751073
 242.333333, 1.129298, 0.166437, 1.629986, 1.829436
 255.666667, 1.095176, 0.189048, 1.345502, 1.565841
 256.666667, 1.222078, 0.209091, 1.215584, 1.455844
 273.333333, 1.117073, 0.170732, 1.107317, 1.310976
 251.000000, 1.333333, 0.185923, 1.301461, 1.524568
 249.000000, 0.977242, 0.186078, 1.476573, 1.693440
 225.000000, 0.899259, 0.247407, 1.416296, 1.694815
 253.000000, 1.133070, 0.205534, 1.230567, 1.463768
 265.000000, 1.090566, 0.200000, 1.181132, 1.410063
 238.333333, 0.969231, 0.193007, 1.387413, 1.612587
 230.333333, 0.707670, 0.167873, 1.237337, 1.455861
 234.333333, 0.792319, 0.237553, 1.544808, 1.809388
 228.000000, 1.130117, 0.207602, 1.576023, 1.814327
 238.333333, 1.187413, 0.230769, 1.254545, 1.516084
 279.666667, 1.676996, 0.227652, 1.089392, 1.348033
 267.666667, 0.911582, 0.180573, 1.115816, 1.328767
 257.000000, 1.160830, 0.188067, 1.191958, 1.412451
 227.000000, 1.488987, 0.224670, 1.527166, 1.782673
19
 0.250000, 0.000000, 0.000000, 0.000000, 0.000000
 244.000000, 2.251366, 0.404372, 1.282787, 1.734973
 224.000000, 0.732143, 0.177083, 1.651786, 1.857143
 271.666667, 1.130061, 0.159509, 1.253988, 1.446626
 261.666667, 1.301911, 0.217834, 1.235669, 1.482803
 267.000000, 0.918851, 0.176030, 1.089888, 1.304619
 259.666667, 1.354300, 0.202824, 1.317073, 1.553273
 250.333333, 1.101198, 0.167776, 1.482024, 1.679095
 228.000000, 1.115497, 0.219298, 1.377193, 1.628655
 225.666667, 1.227474, 0.220089, 1.293944, 1.545052
 250.666667, 1.067819, 0.187500, 1.184840, 1.405585
 223.333333, 0.879104, 0.219403, 1.428358, 1.689552
 253.333333, 0.942105, 0.185526, 1.139474, 1.353947
 225.333333, 0.878698, 0.221893, 1.578402, 1.840237
 208.666667, 1.009585, 0.225240, 1.731629, 1.998403
 234.666667, 1.159091, 0.230114, 1.365057, 1.633523
 254.000000, 1.206037, 0.228346, 1.192913, 1.452756
 281.333333, 1.021327, 0.164692, 1.073460, 1.264218
 266.333333, 1.081352, 0.188986, 1.148936, 1.374218
 236.666667, 1.178873, 0.185915, 1.201408, 1.423944
20
 0.250000, 0.000000, 0.000000, 0.000000, 0.000000
 220.666667, 1.814199, 0.367069, 1.400302, 1.818731
 226.666667, 0.858824, 0.161765, 1.601471, 1.792647
 259.333333, 1.037275, 0.169666, 1.293059, 1.497429
 256.000000, 1.179688, 0.196615, 1.184896, 1.420573
 268.000000, 0.909204, 0.180348, 1.109453, 1.317164
 248.000000, 1.059140, 0.182796, 1.333333, 1.551075
 254.000000, 1.040682, 0.170604, 1.490814, 1.695538
 234.000000, 0.896011, 0.219373, 1.398860, 1.659544
 242.333333, 0.869326, 0.217331, 1.301238, 1.548831
 240.333333, 1.256588, 0.241331, 1.198336, 1.474341
 241.000000, 1.257261, 0.240664, 1.334716, 1.612725
 243.333333, 1.068493, 0.209589, 1.210959, 1.450685
 237.000000, 0.940928, 0.227848, 1.503516, 1.769339
 239.000000, 1.255230, 0.185495, 1.523013, 1.740586
 259.000000, 1.478764, 0.241956, 1.216216, 1.486486
 256.333333, 1.365410, 0.195059, 1.172952, 1.407022
 258.000000, 0.832041, 0.174419, 1.120155, 1.341085
 266.000000, 1.000000, 0.182957, 1.126566, 1.339599
 237.333333, 1.245787, 0.195225, 1.289326, 1.512640
21
 0.250000, 0.000000, 0.000000, 0.000000, 8.000000
 227.666667, 1.998536, 0.420205, 1.301611, 1.756955
 227.333333, 0.932551, 0.164223, 1.709677, 1.901760
 277.666667, 1.138055, 0.156062, 1.238896, 1.423770
 243.666667, 1.257182, 0.217510, 1.384405, 1.636115
 265.333333, 1.052764, 0.172111, 1.110553, 1.311558
 241.000000, 0.883817, 0.179806, 1.363762, 1.573997
 245.333333, 1.002717, 0.163043, 1.468750, 1.668478
 244.666667, 1.151226, 0.193460, 1.329700, 1.553134
 264.000000, 1.117424, 0.198232, 1.199495, 1.425505
 234.666667, 0.850852, 0.197443, 1.210227, 1.448864
 240.666667, 1.044321, 0.218837, 1.400277, 1.648199
 248.666667, 0.843164, 0.183646, 1.167560, 1.383378
 266.000000, 1.144110, 0.246867, 1.416040, 1.691729
 228.000000, 0.969298, 0.207602, 1.590643, 1.830409
 250.333333, 1.258322, 0.235686, 1.271638, 1.540613
 262.000000, 1.188295, 0.209924, 1.180662, 1.428753
 263.666667, 0.713021, 0.166877, 1.072061, 1.269279
 258.666667, 0.927835, 0.167526, 1.140464, 1.338918
 234.333333, 0.997155, 0.187767, 1.274538, 1.492176
22
 0.250000, 0.000000, 0.000000, 0.000000, 8.000000
 227.333333, 2.041056, 0.379765, 1.259531, 1.673021
 221.333333, 0.969880, 0.165663, 1.713855, 1.909639
 256.333333, 0.847854, 0.175553, 1.318596, 1.522757
 245.666667, 1.039349, 0.215739, 1.215739, 1.465400
 263.666667, 1.094817, 0.175727, 1.107459, 1.319848
 247.000000, 0.974359, 0.195682, 1.350877, 1.591093
 237.333333, 0.983146, 0.169944, 1.463483, 1.674157
 255.000000, 2.309804, 1.320261, 1.324183, 2.683660
 249.333333, 1.008021, 0.203209, 1.216578, 1.463904
 258.333333, 1.170323, 0.189677, 1.163871, 1.392258
 266.333333, 1.500626, 0.245307, 1.282854, 1.564456
 246.333333, 0.899865, 0.234100, 1.258457, 1.533153
 234.333333, 1.126600, 0.224751, 1.530583, 1.785206
 229.666667, 1.251089, 0.217707, 1.597968, 1.847605
 265.333333, 1.221106, 0.206030, 1.192211, 1.425879
 246.333333, 1.239513, 0.212449, 1.235453, 1.477673
 270.333333, 0.927250, 0.157830, 1.090012, 1.276202
 272.000000, 0.914216, 0.198529, 1.128676, 1.355392
 231.000000, 1.178932, 0.191919, 1.271284, 1.494949
23
 0.250000, 0.000000, 0.000000, 0.000000, 7.000000
 222.000000, 1.893393, 0.435435, 1.289790, 1.759760
 220.666667, 0.894260, 0.175227, 1.708459, 1.913897
 272.333333, 1.313341, 0.159119, 1.261934, 1.460220
 248.666667, 1.164879, 0.214477, 1.105898, 1.357909
 266.666667, 1.093750, 0.173750, 1.131250, 1.336250
 247.000000, 0.998650, 0.191633, 1.354926, 1.584345
 240.666667, 0.869806, 0.184211, 1.549861, 1.763158
 239.000000, 1.058577, 0.224547, 1.338912, 1.609484
 250.666667, 1.291223, 0.218085, 1.291223, 1.541223
 258.666667, 0.988402, 0.172680, 1.162371, 1.368557
 262.000000, 1.851145, 0.249364, 1.362595, 1.651399
 244.000000, 0.840164, 0.176230, 1.071038, 1.285519
 261.000000, 1.012771, 0.220945, 1.413793, 1.678161
 222.333333, 1.074963, 0.208396, 1.670165, 1.917541
 257.000000, 1.095979, 0.214008, 1.180285, 1.421530
 254.000000, 1.192913, 0.216535, 1.186352, 1.444882
 267.333333, 0.980050, 0.153367, 1.034913, 1.218204
 268.333333, 1.150311, 0.176398, 1.136646, 1.344099
 254.000000, 1.513123, 0.182415, 1.329396, 1.548556
24
 0.250000, 0.000000, 0.000000, 0.000000, 7.000000
 219.666667, 1.421851, 0.377845, 1.339909, 1.754173
 221.000000, 0.880845, 0.180995, 1.659125, 1.870287
 255.333333, 0.895561, 0.164491, 1.338120, 1.539164
 263.000000, 1.256020, 0.206591, 1.095057, 1.330798
 260.666667, 0.921995, 0.189258, 1.112532, 1.338875
 255.000000, 1.090196, 0.193464, 1.379085, 1.602614
 237.000000, 0.963432, 0.171589, 1.517581, 1.735584
 253.333333, 1.121053, 0.231579, 1.294737, 1.572368
 240.000000, 1.066667, 0.200000, 1.236111, 1.481944
 263.333333, 1.332911, 0.224051, 1.153165, 1.410127
 252.000000, 1.256614, 0.191799, 1.339947, 1.564815
 251.000000, 0.920319, 0.217795, 1.102258, 1.351926
 242.333333, 0.850069, 0.242091, 1.491059, 1.763411
 224.333333, 1.124814, 0.200594, 1.585438, 1.815750
 249.666667, 1.121495, 0.228304, 1.204272, 1.460614
 238.666667, 1.138268, 0.226257, 1.229050, 1.491620
 277.333333, 0.955529, 0.152644, 1.044471, 1.225962
 262.333333, 0.866582, 0.160102, 1.101652, 1.288437
 256.333333, 1.531860, 0.174252, 1.182055, 1.391417
25
 0.250000, 0.000000, 0.000000, 1.000000, 8.000000
 222.000000, 2.873874, 0.465465, 1.340841, 1.848348
 224.333333, 0.973254, 0.178306, 1.692422, 1.907875
 251.666667, 1.042384, 0.160265, 1.335099, 1.535099
 275.000000, 1.768485, 0.226667, 1.158788, 1.423030
 242.666667, 0.813187, 0.168956, 1.145604, 1.344780
 259.666667, 1.401797, 0.218228, 1.365854, 1.614891
 249.333333, 1.280749, 0.172460, 1.501337, 1.707219
 247.666667, 0.993271, 0.212651, 1.332436, 1.573351
 250.000000, 1.352000, 0.206667, 1.248000, 1.486667
 274.000000, 1.221411, 0.166667, 1.115572, 1.312652
 253.666667, 1.446781, 0.224704, 1.345598, 1.600526
 237.333333, 0.939607, 0.203652, 1.146067, 1.390449
 249.333333, 1.020053, 0.274064, 1.435829, 1.772727
 231.000000, 1.339105, 0.240981, 1.568543, 1.855700
 266.000000, 1.478697, 0.236842, 1.186717, 1.452381
 249.333333, 1.356952, 0.211230, 1.224599, 1.475936
 259.333333, 0.753213, 0.158098, 1.105398, 1.294344
 255.000000, 0.839216, 0.169935, 1.108497, 1.315033
 226.000000, 0.989676, 0.185841, 1.393805, 1.616519
26
 0.250000, 0.000000, 0.000000, 0.000000, 7.000000
 233.333333, 2.271429, 0.470000, 1.287143, 1.802857
 233.666667, 0.932953, 0.176890, 1.633381, 1.838802
 247.333333, 0.845013, 0.169811, 1.330189, 1.528302
 256.666667, 1.577922, 0.246753, 1.198701, 1.474026
 255.666667, 1.014342, 0.176010, 1.129074, 1.333768
 262.333333, 1.160102, 0.174079, 1.301144, 1.519695
 240.666667, 0.842105, 0.170360, 1.500000, 1.716066
 266.000000, 1.561404, 0.234336, 1.245614, 1.510025
 245.000000, 1.004082, 0.202721, 1.240816, 1.477551
 253.666667, 1.136662, 0.193167, 1.208936, 1.434954
 265.333333, 1.505025, 0.199749, 1.285176, 1.522613
 254.666667, 0.823298, 0.210733, 1.119110, 1.358639
 251.000000, 0.916335, 0.269588, 1.471448, 1.778220
 220.000000, 1.227273, 0.219697, 1.646970, 1.904545
 255.000000, 1.362092, 0.224837, 1.223529, 1.483660
 243.000000, 0.980796, 0.211248, 1.244170, 1.497942
 261.000000, 0.793103, 0.160920, 1.088123, 1.283525
 256.000000, 0.833333, 0.165365, 1.119792, 1.315104
 220.000000, 0.965152, 0.189394, 1.222727, 1.442424
27
 0.250000, 0.000000, 13.000000, 0.000000, 14.000000
 228.666667, 1.826531, 0.392128, 1.284257, 1.711370
 220.666667, 1.074018, 0.190332, 1.635952, 1.867069
 247.333333, 0.787062, 0.190027, 1.343666, 1.564690
 261.333333, 1.345663, 0.252551, 1.225765, 1.508929
 253.666667, 0.965834, 0.183968, 1.127464, 1.345598
 244.666667, 1.219346, 0.168937, 1.389646, 1.600817
 233.000000, 0.856938, 0.218884, 1.529328, 1.778255
 225.666667, 1.026588, 0.268833, 1.317578, 1.636632
 273.666667, 1.484775, 0.209501, 1.182704, 1.422655
 262.333333, 1.064803, 0.194409, 1.162643, 1.400254
 256.666667, 1.492208, 0.249351, 1.376623, 1.670130
 249.666667, 1.061415, 0.196262, 1.232310, 1.480641
 248.333333, 1.006711, 0.237584, 1.444295, 1.719463
 230.333333, 1.240232, 0.179450, 1.529667, 1.743849
 234.000000, 0.907407, 0.235043, 1.250712, 1.542735
 258.666667, 1.318299, 0.220361, 1.170103, 1.421392
 262.666667, 0.776650, 0.161168, 1.109137, 1.298223
 262.666667, 1.040609, 0.162437, 1.163706, 1.356599
 220.666667, 0.984894, 0.184290, 1.622356, 1.838369
28
 0.250000, 3.000000, 0.000000, 0.000000, 0.000000
 214.000000, 1.982866, 0.353583, 1.442368, 1.838006
 223.000000, 1.104634, 0.177877, 1.615845, 1.822123
 258.333333, 1.030968, 0.180645, 1.292903, 1.503226
 236.666667, 0.994366, 0.245070, 1.221127, 1.495775
 254.666667, 0.871728, 0.175393, 1.115183, 1.353403
 255.000000, 1.101961, 0.180392, 1.360784, 1.569935
 231.333333, 0.853026, 0.180115, 1.512968, 1.724784
 264.666667, 1.229219, 0.238035, 1.259446, 1.526448
 241.333333, 1.012431, 0.187845, 1.265193, 1.487569
 253.666667, 1.002628, 0.207622, 1.195795, 1.440210
 242.000000, 1.056474, 0.223140, 1.360882, 1.610193
 252.000000, 0.825397, 0.177249, 1.218254, 1.424603
 252.000000, 0.980159, 0.227513, 1.457672, 1.714286
 239.000000, 1.259414, 0.199442, 1.559275, 1.806137
 241.666667, 1.071724, 0.230345, 1.223448, 1.484138
 258.666667, 1.146907, 0.220361, 1.162371, 1.411082
 268.000000, 0.895522, 0.170398, 1.123134, 1.322139
 265.000000, 0.976101, 0.159748, 1.124528, 1.320755
 230.333333, 1.008683, 0.180897, 1.315485, 1.529667
29
 0.250000, 3.000000, 0.000000, 0.000000, 0.000000
 217.666667, 2.310873, 0.419602, 1.343032, 1.820827
 213.000000, 0.862285, 0.164319, 1.840376, 2.035994
 244.000000, 0.814208, 0.184426, 1.336066, 1.550546
 268.333333, 1.356522, 0.208696, 1.170186, 1.408696
 257.666667, 1.010349, 0.181113, 1.142303, 1.362225
 248.000000, 1.044355, 0.190860, 1.348118, 1.568548
 238.666667, 0.980447, 0.224860, 1.515363, 1.769553
 274.000000, 1.538929, 0.220195, 1.255474, 1.504866
 253.000000, 1.118577, 0.210804, 1.291173, 1.532279
 252.000000, 0.981481, 0.195767, 1.201058, 1.435185
 239.000000, 1.101813, 0.235704, 1.407252, 1.675035
 250.333333, 0.866844, 0.210386, 1.150466, 1.388815
 239.333333, 0.849582, 0.229805, 1.534819, 1.796657
 220.666667, 0.854985, 0.199396, 1.605740, 1.850453
 244.333333, 0.964529, 0.236016, 1.253752, 1.534789
 249.666667, 1.165554, 0.196262, 1.206943, 1.441923
 274.666667, 0.899272, 0.175971, 1.093447, 1.298544
 253.333333, 1.046053, 0.168421, 1.182895, 1.388158
 240.000000, 1.355556, 0.194444, 1.434722, 1.658333
30
 0.250000, 13.000000, 0.000000, 0.000000, 14.000000
 214.000000, 1.912773, 0.434579, 1.338006, 1.806854
 213.333333, 0.962500, 0.182813, 1.740625, 1.956250
 282.666667, 1.161557, 0.170991, 1.211085, 1.410377
 245.666667, 0.843962, 0.192673, 1.196744, 1.420624
 257.666667, 0.990944, 0.174644, 1.111255, 1.314360
 249.666667, 1.121495, 0.177570, 1.351135, 1.567423
 255.000000, 1.071895, 0.155556, 1.477124, 1.669281
 232.000000, 1.060345, 0.216954, 1.311782, 1.558908
 252.666667, 1.106860, 0.189974, 1.273087, 1.493404
 247.333333, 1.187332, 0.185984, 1.229111, 1.444744
 253.666667, 1.245729, 0.218134, 1.356110, 1.603154
 248.000000, 0.810484, 0.196237, 1.221774, 1.452957
 249.000000, 1.058902, 0.226238, 1.484605, 1.753681
 217.333333, 1.076687, 0.203988, 1.682515, 1.920245
 240.333333, 1.198336, 0.227462, 1.295423, 1.564494
 268.333333, 1.347826, 0.236025, 1.137888, 1.401242
 257.333333, 0.814767, 0.161917, 1.099741, 1.297927
 280.333333, 1.177170, 0.189061, 1.066587, 1.291320
 239.000000, 1.152022, 0.186890, 1.436541, 1.662483
31
 0.250000, 0.000000, 0.000000, 5.000000, 21.000000
 227.666667, 2.387994, 0.442167, 1.452416, 1.951684
 233.666667, 0.992867, 0.161198, 1.774608, 1.964337
 269.666667, 1.310260, 0.196539, 1.270705, 1.503090
 250.333333, 1.286285, 0.221039, 1.226365, 1.476698
 275.333333, 1.203390, 0.168281, 1.065375, 1.263923
 256.000000, 1.363281, 0.204427, 1.324219, 1.558594
 221.000000, 0.686275, 0.170437, 1.583710, 1.787330
 248.000000, 1.227151, 0.211022, 1.344086, 1.587366
 275.666667, 1.510278, 0.194680, 1.152358, 1.396614
 229.000000, 0.770015, 0.203785, 1.232897, 1.477438
 240.333333, 1.169209, 0.230236, 1.366158, 1.625520
 258.000000, 1.050388, 0.187339, 1.108527, 1.324289
 217.333333, 0.733129, 0.240798, 1.595092, 1.868098
 234.000000, 1.217949, 0.176638, 1.562678, 1.767806
 256.333333, 1.459038, 0.279584, 1.149545, 1.455137
 268.000000, 1.441542, 0.225124, 1.140547, 1.401741
 260.000000, 0.874359, 0.161538, 1.116667, 1.332051
 266.000000, 1.016291, 0.167920, 1.111529, 1.307018
 243.000000, 1.205761, 0.186557, 1.406036, 1.622771
Histogram
4 0 0 0 0 0 0 0 0 0 0 0 31 105 149 97 68 82 48 21 6 0 0 0 0 0 1 0 0 0 0 0 0 0 0 0 0 0 0 0 0 0 0 0 0 0 0 0 0 0 0 0 0 0 0 0 0 0 0 0 1 0 0 0 0 0 0 0 0 0 4 0 0 0 0 0 0 0 0 0 3 0 0 0 0 0 0 0 0 0 1 0 0 0 0 0 0 0 0 0 0 0 0 0 0 0 0 0 0 0 0 0 0 0 0 0 0 0 0 19 
Cache Miss Ratio
NaN
numOfSets
476817
numOfGets
0
numOfMultiGets
0
