20
0
 0.250000, 0.000000, 0.000000, 7.000000, 19.000000
 153.000000, 0.472767, 0.193900, 0.782135, 1.013072
 167.333333, 0.563745, 0.185259, 0.752988, 0.980080
 153.000000, 0.226580, 0.119826, 0.734205, 0.895425
 162.333333, 0.322382, 0.133470, 0.726899, 0.889117
 166.333333, 0.468938, 0.166333, 0.735471, 0.937876
 181.666667, 0.374312, 0.099083, 0.634862, 0.763303
 171.000000, 0.300195, 0.099415, 0.660819, 0.789474
 163.000000, 0.351738, 0.116564, 0.695297, 0.840491
 174.000000, 0.436782, 0.122605, 0.733716, 0.883142
 175.000000, 0.489524, 0.133333, 0.720000, 0.883810
 149.666667, 0.273942, 0.100223, 0.728285, 0.855234
 167.333333, 0.330677, 0.121514, 0.762948, 0.912351
 168.333333, 0.344554, 0.104950, 0.706931, 0.841584
 179.000000, 0.387337, 0.135940, 0.623836, 0.789572
 157.333333, 0.442797, 0.216102, 0.798729, 1.042373
 180.333333, 0.432532, 0.112754, 0.663586, 0.805915
 180.000000, 0.437037, 0.133333, 0.635185, 0.796296
 168.666667, 0.310277, 0.108696, 0.677866, 0.814229
 175.000000, 0.318095, 0.102857, 0.632381, 0.763810
1
 0.250000, 0.000000, 1.000000, 7.000000, 18.000000
 162.333333, 0.554415, 0.275154, 0.786448, 1.096509
 161.000000, 0.391304, 0.130435, 0.776398, 0.948240
 169.666667, 0.377210, 0.110020, 0.744597, 0.882122
 159.333333, 0.271967, 0.119247, 0.774059, 0.920502
 174.333333, 0.411090, 0.116635, 0.751434, 0.898662
 170.666667, 0.277344, 0.115234, 0.628906, 0.771484
 170.000000, 0.239216, 0.094118, 0.676471, 0.803922
 163.333333, 0.414286, 0.144898, 0.700000, 0.873469
 163.000000, 0.280164, 0.116564, 0.660532, 0.805726
 161.000000, 0.356108, 0.120083, 0.706004, 0.855072
 150.000000, 0.302222, 0.102222, 0.746667, 0.875556
 162.333333, 0.402464, 0.143737, 0.813142, 0.987680
 172.666667, 0.548263, 0.127413, 0.673745, 0.828185
 177.333333, 0.340226, 0.124060, 0.644737, 0.796992
 150.333333, 0.447894, 0.292683, 0.966741, 1.288248
 181.000000, 0.504604, 0.117864, 0.644567, 0.801105
 165.666667, 0.394366, 0.140845, 0.611670, 0.786720
 173.333333, 0.415385, 0.121154, 0.690385, 0.840385
 176.666667, 0.364151, 0.122642, 0.633962, 0.784906
2
 0.250000, 1.000000, 1.000000, 7.000000, 18.000000
 161.666667, 0.758763, 0.206186, 0.738144, 1.002062
 160.333333, 0.419958, 0.135135, 0.694387, 0.860707
 166.000000, 0.248996, 0.108434, 0.710843, 0.861446
 161.000000, 0.246377, 0.122153, 0.732919, 0.884058
 167.333333, 0.398406, 0.113546, 0.701195, 0.856574
 176.666667, 0.377358, 0.115094, 0.639623, 0.784906
 168.333333, 0.247525, 0.106931, 0.706931, 0.843564
 162.666667, 0.379098, 0.127049, 0.676230, 0.831967
 166.000000, 0.327309, 0.122490, 0.728916, 0.879518
 163.333333, 0.363265, 0.126531, 0.761224, 0.918367
 149.333333, 0.325893, 0.129464, 0.857143, 1.013393
 167.333333, 0.412351, 0.139442, 0.772908, 0.942231
 167.000000, 0.385230, 0.115768, 0.732535, 0.876248
 176.666667, 0.543396, 0.115094, 0.652830, 0.798113
 151.333333, 0.420705, 0.160793, 0.801762, 0.991189
 179.666667, 0.500928, 0.129870, 0.658627, 0.818182
 173.666667, 0.341651, 0.109405, 0.641075, 0.785029
 167.000000, 0.281437, 0.127745, 0.714571, 0.874251
 171.333333, 0.334630, 0.105058, 0.642023, 0.776265
 176.333333, 0.395085, 0.115312, 0.680529, 0.826087
3
 0.250000, 0.000000, 1.000000, 6.000000, 17.000000
 173.666667, 0.817658, 0.220729, 0.721689, 0.992322
 160.333333, 0.463617, 0.164241, 0.760915, 0.970894
 165.000000, 0.282828, 0.107071, 0.729293, 0.866667
 164.333333, 0.296146, 0.119675, 0.772819, 0.922921
 173.000000, 0.383430, 0.125241, 0.757225, 0.913295
 176.666667, 0.396226, 0.109434, 0.652830, 0.796226
 166.000000, 0.240964, 0.108434, 0.720884, 0.857430
 163.333333, 0.304082, 0.124490, 0.712245, 0.865306
 170.666667, 0.433594, 0.121094, 0.697266, 0.845703
 166.333333, 0.376754, 0.104208, 0.759519, 0.893788
 154.333333, 0.326134, 0.116631, 0.693305, 0.840173
 168.333333, 0.378218, 0.126733, 0.780198, 0.936634
 173.666667, 0.560461, 0.138196, 0.689060, 0.856046
 174.666667, 0.333969, 0.104962, 0.629771, 0.761450
 144.000000, 0.310185, 0.138889, 0.768519, 1.002315
 169.000000, 0.315582, 0.106509, 0.652860, 0.790927
 170.666667, 0.314453, 0.123047, 0.638672, 0.791016
 174.666667, 0.387405, 0.104962, 0.681298, 0.814885
 190.333333, 0.395797, 0.106830, 0.644483, 0.781086
4
 0.250000, 0.000000, 1.000000, 6.000000, 18.000000
 169.333333, 0.972441, 0.281496, 0.799213, 1.129921
 153.000000, 0.335512, 0.161220, 0.749455, 0.938998
 162.000000, 0.242798, 0.123457, 0.716049, 0.868313
 173.000000, 0.502890, 0.134875, 0.739884, 0.917148
 164.666667, 0.329960, 0.129555, 0.700405, 0.858300
 167.000000, 0.227545, 0.109780, 0.644711, 0.784431
 169.666667, 0.306483, 0.104126, 0.679764, 0.813360
 162.333333, 0.297741, 0.117043, 0.716632, 0.862423
 178.333333, 0.482243, 0.110280, 0.652336, 0.790654
 171.333333, 0.503891, 0.136187, 0.721790, 0.889105
 153.000000, 0.363834, 0.098039, 0.925926, 1.054466
 162.666667, 0.268443, 0.120902, 0.795082, 0.946721
 164.666667, 0.240891, 0.123482, 0.738866, 0.890688
 173.000000, 0.350674, 0.123314, 0.649326, 0.799615
 154.000000, 0.476190, 0.164502, 0.720779, 0.915584
 175.000000, 0.451429, 0.116190, 0.655238, 0.798095
 186.000000, 0.627240, 0.148746, 0.655914, 0.833333
 175.333333, 0.306084, 0.119772, 0.646388, 0.792776
 178.666667, 0.315299, 0.098881, 0.610075, 0.736940
5
 0.250000, 0.000000, 0.000000, 9.000000, 10.000000
 162.000000, 0.775720, 0.327160, 0.775720, 1.135802
 163.000000, 0.404908, 0.132924, 0.787321, 0.952965
 163.333333, 0.334694, 0.110204, 0.697959, 0.836735
 166.000000, 0.329317, 0.110442, 0.724900, 0.867470
 166.333333, 0.332665, 0.118236, 0.717435, 0.865731
 171.333333, 0.319066, 0.099222, 0.665370, 0.805447
 166.666667, 0.220000, 0.106000, 0.698000, 0.832000
 166.666667, 0.304000, 0.108000, 0.702000, 0.840000
 173.000000, 0.410405, 0.115607, 0.709056, 0.855491
 162.333333, 0.408624, 0.125257, 0.749487, 0.903491
 148.666667, 0.286996, 0.107623, 0.813901, 0.948430
 165.333333, 0.316532, 0.112903, 0.790323, 0.931452
 170.666667, 0.351563, 0.111328, 0.701172, 0.839844
 169.000000, 0.392505, 0.122288, 0.658777, 0.810651
 159.333333, 0.439331, 0.156904, 0.732218, 0.918410
 181.000000, 0.440147, 0.123389, 0.653775, 0.808471
 176.333333, 0.504726, 0.134216, 0.657845, 0.820416
 159.666667, 0.204593, 0.110647, 0.726514, 0.864301
 174.666667, 0.280534, 0.110687, 0.633588, 0.772901
6
 0.250000, 0.000000, 0.000000, 1.000000, 4.000000
 163.666667, 0.661914, 0.215886, 0.767821, 1.044807
 156.666667, 0.374468, 0.163830, 0.808511, 1.000000
 167.000000, 0.393214, 0.117764, 0.724551, 0.868263
 170.666667, 0.402344, 0.125000, 0.755859, 0.908203
 170.333333, 0.360078, 0.127202, 0.755382, 0.909980
 173.000000, 0.296724, 0.105973, 0.682081, 0.816956
 169.666667, 0.284872, 0.129666, 0.701375, 0.860511
 162.333333, 0.305955, 0.123203, 0.706366, 0.860370
 167.333333, 0.386454, 0.123506, 0.717131, 0.882470
 167.333333, 0.420319, 0.113546, 0.725100, 0.870518
 153.666667, 0.316703, 0.143167, 0.793926, 0.978308
 160.000000, 0.316667, 0.122917, 0.708333, 0.862500
 165.666667, 0.376258, 0.104628, 0.696177, 0.828974
 174.000000, 0.392720, 0.128352, 0.630268, 0.787356
 149.000000, 0.362416, 0.127517, 0.715884, 0.872483
 176.666667, 0.477358, 0.113208, 0.664151, 0.805660
 173.000000, 0.391137, 0.117534, 0.630058, 0.776493
 168.666667, 0.298419, 0.102767, 0.685771, 0.828063
 181.000000, 0.381215, 0.106814, 0.618785, 0.755064
 182.000000, 0.316850, 0.102564, 0.650183, 0.791209
7
 0.250000, 3.000000, 0.000000, 0.000000, 2.000000
 159.333333, 0.757322, 0.263598, 0.759414, 1.094142
 156.000000, 0.331197, 0.175214, 0.767094, 0.974359
 171.666667, 0.444660, 0.118447, 0.689320, 0.836893
 159.666667, 0.300626, 0.133612, 0.730689, 0.895616
 167.666667, 0.391650, 0.141153, 0.733598, 0.904573
 178.666667, 0.404851, 0.093284, 0.639925, 0.763060
 166.666667, 0.228000, 0.096000, 0.692000, 0.830000
 169.333333, 0.429134, 0.129921, 0.708661, 0.870079
 171.333333, 0.387160, 0.142023, 0.739300, 0.908560
 171.666667, 0.549515, 0.124272, 0.735922, 0.891262
 153.000000, 0.322440, 0.108932, 0.875817, 1.013072
 160.333333, 0.199584, 0.120582, 0.700624, 0.848233
 164.000000, 0.371951, 0.109756, 0.693089, 0.841463
 178.000000, 0.496255, 0.131086, 0.608614, 0.767790
 160.666667, 0.493776, 0.302905, 0.925311, 1.259336
 182.666667, 0.536496, 0.109489, 0.684307, 0.837591
 179.333333, 0.473978, 0.124535, 0.671004, 0.823420
 163.333333, 0.228571, 0.106122, 0.659184, 0.793878
 181.000000, 0.476980, 0.108656, 0.650092, 0.788214
 189.333333, 0.508803, 0.102113, 0.640845, 0.797535
8
 0.250000, 0.000000, 0.000000, 1.000000, 3.000000
 167.333333, 0.914343, 0.266932, 0.743028, 1.057769
 157.333333, 0.438559, 0.150424, 0.750000, 0.932203
 169.666667, 0.542240, 0.155206, 0.697446, 0.882122
 162.000000, 0.259259, 0.154321, 0.759259, 0.942387
 168.333333, 0.392079, 0.160396, 0.754455, 0.944554
 175.333333, 0.391635, 0.108365, 0.655894, 0.790875
 167.000000, 0.231537, 0.101796, 0.672655, 0.802395
 163.000000, 0.267894, 0.106339, 0.703476, 0.850716
 173.666667, 0.393474, 0.122841, 0.717850, 0.869482
 167.333333, 0.440239, 0.127490, 0.713147, 0.870518
 151.333333, 0.376652, 0.121145, 0.883260, 1.033040
 170.000000, 0.488235, 0.160784, 0.749020, 0.939216
 175.333333, 0.576046, 0.125475, 0.678707, 0.832700
 175.000000, 0.598095, 0.158095, 0.660952, 0.847619
 148.000000, 0.459459, 0.150901, 0.759009, 1.000000
 167.666667, 0.335984, 0.095427, 0.642147, 0.765408
 180.000000, 0.522222, 0.124074, 0.614815, 0.766667
 164.000000, 0.250000, 0.126016, 0.689024, 0.843496
 176.333333, 0.351607, 0.107750, 0.654064, 0.801512
9
 0.250000, 0.000000, 0.000000, 0.000000, 2.000000
 164.333333, 0.701826, 0.174442, 0.768763, 0.981744
 152.333333, 0.361050, 0.155361, 0.789934, 0.975930
 165.333333, 0.308468, 0.100806, 0.725806, 0.856855
 168.666667, 0.397233, 0.128458, 0.709486, 0.875494
 170.000000, 0.478431, 0.150980, 0.721569, 0.901961
 171.333333, 0.305447, 0.101167, 0.690661, 0.834630
 169.000000, 0.374753, 0.126233, 0.670611, 0.826430
 173.000000, 0.460501, 0.104046, 0.701349, 0.836224
 169.666667, 0.373281, 0.121807, 0.701375, 0.852652
 160.333333, 0.249480, 0.120582, 0.767152, 0.914761
 153.333333, 0.308696, 0.097826, 0.939130, 1.065217
 171.000000, 0.461988, 0.118908, 0.781676, 0.927875
 162.666667, 0.290984, 0.120902, 0.709016, 0.856557
 193.000000, 0.867012, 0.162349, 0.590674, 0.780656
 151.000000, 0.494481, 0.143488, 0.708609, 0.880795
 173.666667, 0.516315, 0.119002, 0.650672, 0.809981
 187.333333, 0.439502, 0.120996, 0.640569, 0.791815
 173.333333, 0.334615, 0.113462, 0.673077, 0.815385
 185.000000, 0.376577, 0.097297, 0.639640, 0.769369
 180.333333, 0.364140, 0.109057, 0.661738, 0.807763
10
 0.250000, 0.000000, 0.000000, 0.000000, 2.000000
 150.000000, 0.413333, 0.175556, 0.780000, 0.991111
 159.000000, 0.471698, 0.157233, 0.784067, 0.976939
 163.666667, 0.311609, 0.118126, 0.729124, 0.877800
 158.666667, 0.214286, 0.121849, 0.739496, 0.892857
 170.000000, 0.411765, 0.139216, 0.723529, 0.890196
 177.333333, 0.345865, 0.120301, 0.631579, 0.783835
 169.333333, 0.305118, 0.112205, 0.688976, 0.828740
 167.000000, 0.331337, 0.107784, 0.692615, 0.832335
 171.666667, 0.444660, 0.180583, 0.710680, 0.922330
 167.000000, 0.399202, 0.117764, 0.752495, 0.898204
 148.333333, 0.294382, 0.110112, 0.919101, 1.056180
 168.666667, 0.270751, 0.098814, 0.776680, 0.907115
 168.666667, 0.365613, 0.092885, 0.703557, 0.826087
 174.666667, 0.545802, 0.120229, 0.643130, 0.790076
 162.000000, 0.479424, 0.228395, 0.833333, 1.150206
 169.666667, 0.333988, 0.104126, 0.632613, 0.776031
 191.000000, 0.534031, 0.130890, 0.628272, 0.788831
 174.333333, 0.521989, 0.168260, 0.652008, 0.848948
 174.333333, 0.300191, 0.114723, 0.627151, 0.772467
11
 0.250000, 0.000000, 1.000000, 0.000000, 2.000000
 172.000000, 0.899225, 0.248062, 0.750000, 1.058140
 160.333333, 0.561331, 0.172557, 0.781705, 0.985447
 164.333333, 0.361055, 0.119675, 0.685598, 0.833671
 163.000000, 0.296524, 0.159509, 0.777096, 0.965235
 173.333333, 0.515385, 0.159615, 0.684615, 0.876923
 178.333333, 0.375701, 0.099065, 0.656075, 0.783178
 175.000000, 0.266667, 0.106667, 0.672381, 0.807619
 167.000000, 0.353293, 0.133733, 0.714571, 0.890220
 177.333333, 0.548872, 0.114662, 0.640977, 0.783835
 166.333333, 0.448898, 0.132265, 0.765531, 0.933868
 145.666667, 0.279176, 0.105263, 0.727689, 0.876430
 168.000000, 0.408730, 0.107143, 0.730159, 0.882937
 167.333333, 0.420319, 0.111554, 0.709163, 0.848606
 169.000000, 0.378698, 0.124260, 0.644970, 0.814596
 153.000000, 0.400871, 0.119826, 0.718954, 0.867102
 181.666667, 0.412844, 0.110092, 0.644037, 0.781651
 182.666667, 0.434307, 0.102190, 0.647810, 0.781022
 173.666667, 0.393474, 0.101727, 0.652591, 0.783109
 185.000000, 0.405405, 0.109910, 0.628829, 0.767568
12
 0.250000, 1.000000, 1.000000, 0.000000, 2.000000
 163.000000, 0.854806, 0.216769, 0.811861, 1.067485
 162.666667, 0.393443, 0.143443, 0.770492, 0.942623
 178.333333, 0.414953, 0.112150, 0.702804, 0.846729
 163.000000, 0.314928, 0.149284, 0.762781, 0.940695
 160.000000, 0.335417, 0.120833, 0.791667, 0.939583
 177.000000, 0.431262, 0.111111, 0.672316, 0.815443
 166.666667, 0.260000, 0.106000, 0.694000, 0.828000
 164.666667, 0.329960, 0.123482, 0.720648, 0.878543
 171.333333, 0.330739, 0.128405, 0.698444, 0.856031
 161.333333, 0.409091, 0.130165, 0.752066, 0.913223
 149.000000, 0.286353, 0.116331, 0.809843, 0.955257
 171.333333, 0.274319, 0.118677, 0.737354, 0.885214
 175.000000, 0.447619, 0.116190, 0.697143, 0.840000
 177.333333, 0.392857, 0.112782, 0.601504, 0.753759
 144.666667, 0.304147, 0.112903, 0.783410, 0.940092
 164.000000, 0.219512, 0.101626, 0.678862, 0.808943
 167.333333, 0.310757, 0.105578, 0.655378, 0.790837
 167.000000, 0.237525, 0.101796, 0.708583, 0.838323
 184.000000, 0.362319, 0.105072, 0.612319, 0.746377
 180.666667, 0.496310, 0.132841, 0.693727, 0.867159
13
 0.250000, 1.000000, 0.000000, 0.000000, 0.000000
 169.333333, 0.781496, 0.285433, 0.718504, 1.045276
 164.000000, 0.467480, 0.178862, 0.804878, 1.024390
 168.333333, 0.392079, 0.104950, 0.712871, 0.849505
 160.333333, 0.197505, 0.114345, 0.767152, 0.910603
 168.000000, 0.287698, 0.134921, 0.726190, 0.886905
 180.000000, 0.359259, 0.109259, 0.675926, 0.816667
 169.666667, 0.180747, 0.102161, 0.675835, 0.805501
 166.000000, 0.307229, 0.122490, 0.686747, 0.845382
 169.333333, 0.356299, 0.171260, 0.702756, 0.907480
 167.666667, 0.477137, 0.129225, 0.729622, 0.888668
 149.666667, 0.229399, 0.109131, 0.815145, 0.951002
 161.000000, 0.302277, 0.153209, 0.834369, 1.026915
 164.000000, 0.313008, 0.101626, 0.715447, 0.861789
 173.000000, 0.369942, 0.113680, 0.658960, 0.801541
 153.000000, 0.437908, 0.119826, 0.773420, 0.921569
 185.666667, 0.470377, 0.122083, 0.664273, 0.813285
 168.333333, 0.308911, 0.116832, 0.643564, 0.790099
 167.000000, 0.265469, 0.109780, 0.704591, 0.856287
 179.000000, 0.372439, 0.100559, 0.620112, 0.748603
14
 0.250000, 1.000000, 0.000000, 0.000000, 0.000000
 168.000000, 0.644841, 0.299603, 0.817460, 1.152778
 161.000000, 0.354037, 0.151139, 0.747412, 0.931677
 160.666667, 0.313278, 0.124481, 0.715768, 0.869295
 167.333333, 0.312749, 0.131474, 0.721116, 0.882470
 174.000000, 0.448276, 0.114943, 0.722222, 0.863985
 188.333333, 0.530973, 0.093805, 0.630088, 0.761062
 172.000000, 0.257752, 0.104651, 0.670543, 0.813953
 170.666667, 0.464844, 0.109375, 0.695313, 0.843750
 173.000000, 0.533719, 0.127168, 0.672447, 0.828516
 167.333333, 0.390438, 0.135458, 0.780876, 0.946215
 154.333333, 0.341253, 0.101512, 0.745140, 0.872570
 178.000000, 0.481273, 0.108614, 0.767790, 0.904494
 161.333333, 0.293388, 0.111570, 0.700413, 0.840909
 169.666667, 0.263261, 0.098232, 0.644401, 0.768173
 151.666667, 0.358242, 0.147253, 0.738462, 0.938462
 167.666667, 0.332008, 0.115308, 0.646123, 0.815109
 178.333333, 0.407477, 0.112150, 0.631776, 0.773832
 168.333333, 0.243564, 0.110891, 0.671287, 0.811881
 166.000000, 0.222892, 0.110442, 0.642570, 0.795181
15
 0.250000, 0.000000, 0.000000, 1.000000, 1.000000
 164.000000, 0.697154, 0.270325, 0.772358, 1.079268
 170.666667, 0.509766, 0.142578, 0.744141, 0.931641
 175.333333, 0.423954, 0.133080, 0.699620, 0.861217
 162.000000, 0.362140, 0.113169, 0.744856, 0.888889
 170.666667, 0.380859, 0.126953, 0.724609, 0.878906
 192.000000, 0.526042, 0.125000, 0.637153, 0.796875
 170.333333, 0.248532, 0.111546, 0.669276, 0.810176
 159.666667, 0.363257, 0.121086, 0.707724, 0.858038
 167.666667, 0.367793, 0.121272, 0.705765, 0.854871
 168.333333, 0.544554, 0.140594, 0.788119, 0.966337
 152.000000, 0.271930, 0.105263, 0.866228, 0.997807
 162.000000, 0.283951, 0.125514, 0.763374, 0.915638
 165.000000, 0.224242, 0.107071, 0.709091, 0.842424
 170.666667, 0.369141, 0.101563, 0.658203, 0.791016
 155.333333, 0.416309, 0.126609, 0.716738, 0.871245
 189.000000, 0.534392, 0.114638, 0.643739, 0.788360
 176.666667, 0.477358, 0.122642, 0.658491, 0.822642
 169.666667, 0.400786, 0.111984, 0.677800, 0.827112
 178.666667, 0.384328, 0.100746, 0.638060, 0.770522
16
 0.250000, 0.000000, 0.000000, 0.000000, 1.000000
 152.333333, 0.374179, 0.144420, 0.754923, 0.945295
 166.000000, 0.516064, 0.146586, 0.773092, 0.961847
 161.000000, 0.211180, 0.115942, 0.739130, 0.881988
 172.666667, 0.604247, 0.181467, 0.756757, 0.967181
 168.666667, 0.551383, 0.154150, 0.725296, 0.911067
 187.666667, 0.538188, 0.097691, 0.626998, 0.753108
 173.000000, 0.265896, 0.107900, 0.693642, 0.830443
 171.000000, 0.456140, 0.134503, 0.690058, 0.853801
 163.666667, 0.319756, 0.126273, 0.692464, 0.849287
 173.333333, 0.469231, 0.115385, 0.692308, 0.846154
 151.000000, 0.304636, 0.123620, 0.781457, 0.949227
 166.333333, 0.404810, 0.130261, 0.757515, 0.917836
 162.666667, 0.395492, 0.120902, 0.665984, 0.815574
 165.000000, 0.329293, 0.117172, 0.628283, 0.773737
 149.000000, 0.340045, 0.120805, 0.700224, 0.850112
 170.000000, 0.354902, 0.131373, 0.656863, 0.817647
 170.333333, 0.358121, 0.103718, 0.645793, 0.778865
 181.000000, 0.429098, 0.116022, 0.672192, 0.854512
 177.000000, 0.369115, 0.101695, 0.647834, 0.777778
17
 0.250000, 0.000000, 0.000000, 0.000000, 6.000000
 161.333333, 0.586777, 0.233471, 0.814050, 1.103306
 160.666667, 0.562241, 0.186722, 0.778008, 0.993776
 162.333333, 0.332649, 0.139630, 0.710472, 0.878850
 160.000000, 0.320833, 0.112500, 0.768750, 0.910417
 172.000000, 0.368217, 0.137597, 0.691860, 0.856589
 175.666667, 0.345351, 0.111954, 0.666034, 0.804554
 171.666667, 0.382524, 0.120388, 0.691262, 0.840777
 165.666667, 0.325956, 0.108652, 0.714286, 0.853119
 175.333333, 0.494297, 0.133080, 0.678707, 0.838403
 162.000000, 0.475309, 0.113169, 0.746914, 0.899177
 151.333333, 0.275330, 0.105727, 0.742291, 0.874449
 173.666667, 0.414587, 0.124760, 0.761996, 0.913628
 159.666667, 0.217119, 0.104384, 0.678497, 0.810021
 167.333333, 0.376494, 0.111554, 0.675299, 0.818725
 159.000000, 0.436059, 0.142558, 0.815514, 0.987421
 175.000000, 0.360000, 0.108571, 0.662857, 0.805714
 170.000000, 0.292157, 0.117647, 0.670588, 0.815686
 180.000000, 0.407407, 0.109259, 0.670370, 0.809259
 181.666667, 0.425688, 0.122936, 0.633028, 0.794495
18
 0.250000, 0.000000, 0.000000, 0.000000, 0.000000
 161.666667, 0.478351, 0.181443, 0.711340, 0.927835
 160.000000, 0.483333, 0.154167, 0.783333, 0.972917
 166.666667, 0.300000, 0.100000, 0.710000, 0.840000
 166.000000, 0.395582, 0.148594, 0.742972, 0.917671
 164.000000, 0.428862, 0.176829, 0.737805, 0.941057
 186.333333, 0.459750, 0.096601, 0.610018, 0.735242
 171.333333, 0.274319, 0.126459, 0.673152, 0.826848
 170.333333, 0.334638, 0.115460, 0.663405, 0.819961
 171.333333, 0.556420, 0.206226, 0.743191, 0.978599
 163.666667, 0.389002, 0.118126, 0.802444, 0.953157
 156.000000, 0.367521, 0.113248, 0.717949, 0.861111
 176.333333, 0.504726, 0.117202, 0.790170, 0.935728
 166.000000, 0.389558, 0.140562, 0.686747, 0.867470
 173.333333, 0.551923, 0.121154, 0.623077, 0.771154
 158.000000, 0.491561, 0.145570, 0.713080, 0.888186
 172.333333, 0.495164, 0.129594, 0.684720, 0.845261
 181.333333, 0.420956, 0.106618, 0.630515, 0.764706
 169.666667, 0.392927, 0.125737, 0.681729, 0.844794
 182.000000, 0.375458, 0.098901, 0.626374, 0.758242
 189.000000, 0.550265, 0.111111, 0.673721, 0.814815
19
 0.250000, 3.000000, 0.000000, 0.000000, 2.000000
 164.666667, 0.510121, 0.230769, 0.757085, 1.024291
 156.666667, 0.304255, 0.127660, 0.780851, 0.951064
 164.000000, 0.306911, 0.123984, 0.705285, 0.869919
 164.666667, 0.348178, 0.182186, 0.787449, 0.997976
 170.000000, 0.333333, 0.135294, 0.764706, 0.929412
 174.000000, 0.417625, 0.114943, 0.639847, 0.785441
 171.333333, 0.309339, 0.110895, 0.671206, 0.811284
 166.666667, 0.328000, 0.124000, 0.692000, 0.846000
 165.000000, 0.339394, 0.113131, 0.703030, 0.850505
 163.000000, 0.447853, 0.120654, 0.760736, 0.920245
 148.666667, 0.278027, 0.103139, 0.890135, 1.020179
 168.000000, 0.386905, 0.128968, 0.841270, 1.001984
 172.333333, 0.373308, 0.106383, 0.692456, 0.825919
 175.666667, 0.402277, 0.123340, 0.645161, 0.798861
 144.333333, 0.293303, 0.136259, 0.792148, 0.956120
 172.333333, 0.340426, 0.112186, 0.649903, 0.791103
 169.666667, 0.347741, 0.115914, 0.660118, 0.803536
 177.000000, 0.325800, 0.109228, 0.670433, 0.807910
 174.333333, 0.282983, 0.112811, 0.636711, 0.793499
 180.000000, 0.311111, 0.094444, 0.642593, 0.768519
20
 0.250000, 1.000000, 0.000000, 1.000000, 1.000000
 168.333333, 0.859406, 0.247525, 0.728713, 1.009901
 163.000000, 0.366053, 0.149284, 0.770961, 0.946830
 166.333333, 0.292585, 0.114228, 0.703407, 0.845691
 163.000000, 0.402863, 0.139059, 0.756646, 0.922290
 170.666667, 0.484375, 0.150391, 0.703125, 0.912109
 175.666667, 0.371917, 0.140417, 0.624288, 0.793169
 170.333333, 0.260274, 0.117417, 0.675147, 0.819961
 166.333333, 0.304609, 0.108216, 0.729459, 0.867735
 168.333333, 0.352475, 0.112871, 0.710891, 0.851485
 172.666667, 0.364865, 0.125483, 0.760618, 0.918919
 154.000000, 0.341991, 0.116883, 0.774892, 0.930736
 170.000000, 0.407843, 0.127451, 0.756863, 0.911765
 172.666667, 0.557915, 0.127413, 0.720077, 0.874517
 186.000000, 0.625448, 0.116487, 0.621864, 0.767025
 156.000000, 0.384615, 0.170940, 0.743590, 0.942308
 180.666667, 0.374539, 0.097786, 0.658672, 0.785978
 167.333333, 0.250996, 0.111554, 0.645418, 0.784861
 162.333333, 0.246407, 0.117043, 0.671458, 0.827515
 178.333333, 0.328972, 0.099065, 0.626168, 0.755140
21
 0.250000, 2.000000, 0.000000, 1.000000, 1.000000
 169.333333, 0.576772, 0.228346, 0.742126, 1.072835
 160.666667, 0.605809, 0.197095, 0.759336, 0.993776
 163.666667, 0.334012, 0.134420, 0.710794, 0.871690
 163.000000, 0.276074, 0.124744, 0.801636, 0.957055
 173.333333, 0.438462, 0.132692, 0.678846, 0.838462
 182.000000, 0.368132, 0.095238, 0.622711, 0.745421
 176.666667, 0.388679, 0.132075, 0.686792, 0.858491
 169.333333, 0.324803, 0.112205, 0.690945, 0.830709
 176.666667, 0.533962, 0.177358, 0.722642, 0.933962
 166.333333, 0.374749, 0.134269, 0.773547, 0.935872
 153.333333, 0.369565, 0.093478, 0.706522, 0.830435
 168.666667, 0.413043, 0.136364, 0.727273, 0.891304
 170.333333, 0.405088, 0.099804, 0.698630, 0.827789
 176.000000, 0.414773, 0.111742, 0.660985, 0.799242
 150.333333, 0.381375, 0.184035, 0.855876, 1.070953
 173.666667, 0.476008, 0.132438, 0.675624, 0.836852
 179.000000, 0.448790, 0.121043, 0.648045, 0.810056
 175.666667, 0.394687, 0.127135, 0.643264, 0.800759
 187.000000, 0.406417, 0.098039, 0.631016, 0.777184
22
 0.250000, 1.000000, 0.000000, 23.000000, 24.000000
 169.666667, 0.870334, 0.398821, 0.748527, 1.188605
 160.333333, 0.528067, 0.137214, 0.790021, 0.956341
 162.000000, 0.257202, 0.117284, 0.728395, 0.872428
 161.333333, 0.322314, 0.128099, 0.770661, 0.927686
 165.666667, 0.323944, 0.122736, 0.706237, 0.859155
 172.666667, 0.335907, 0.111969, 0.646718, 0.785714
 169.666667, 0.253438, 0.110020, 0.691552, 0.829077
 165.333333, 0.582661, 0.189516, 0.723790, 0.943548
 162.000000, 0.331276, 0.135802, 0.724280, 0.884774
 163.666667, 0.346232, 0.122200, 0.765784, 0.916497
 151.333333, 0.321586, 0.121145, 0.892070, 1.044053
 166.666667, 0.374000, 0.132000, 0.816000, 0.976000
 169.666667, 0.363458, 0.100196, 0.667976, 0.807466
 165.000000, 0.414141, 0.123232, 0.660606, 0.822222
 150.000000, 0.351111, 0.237778, 0.826667, 1.093333
 168.666667, 0.365613, 0.128458, 0.660079, 0.818182
 185.000000, 0.544144, 0.117117, 0.616216, 0.765766
 177.333333, 0.319549, 0.110902, 0.656015, 0.808271
 184.333333, 0.381555, 0.101266, 0.625678, 0.755877
23
 0.250000, 0.000000, 0.000000, 23.000000, 25.000000
 160.666667, 0.504149, 0.221992, 0.823651, 1.082988
 171.666667, 0.697087, 0.176699, 0.774757, 0.994175
 162.666667, 0.368852, 0.145492, 0.682377, 0.858607
 171.666667, 0.702913, 0.217476, 0.749515, 1.007767
 170.000000, 0.288235, 0.119608, 0.735294, 0.880392
 180.666667, 0.452030, 0.112546, 0.610701, 0.752768
 171.666667, 0.236893, 0.108738, 0.702913, 0.852427
 166.333333, 0.372745, 0.120240, 0.733467, 0.883768
 163.333333, 0.432653, 0.159184, 0.732653, 0.924490
 164.000000, 0.390244, 0.119919, 0.758130, 0.904472
 153.333333, 0.289130, 0.117391, 0.750000, 0.908696
 171.000000, 0.389864, 0.109162, 0.793372, 0.931774
 166.333333, 0.354709, 0.112224, 0.693387, 0.835671
 167.333333, 0.348606, 0.121514, 0.633466, 0.782869
 158.666667, 0.478992, 0.161765, 0.745798, 0.934874
 194.333333, 0.600343, 0.106346, 0.632933, 0.768439
 191.000000, 0.645724, 0.134380, 0.640489, 0.806283
 162.000000, 0.181070, 0.109053, 0.681070, 0.818930
 185.000000, 0.450450, 0.097297, 0.639640, 0.765766
24
 0.250000, 0.000000, 0.000000, 0.000000, 1.000000
 165.666667, 0.672032, 0.187123, 0.710262, 0.929577
 165.333333, 0.574597, 0.163306, 0.743952, 0.937500
 169.333333, 0.344488, 0.104331, 0.736220, 0.868110
 166.000000, 0.353414, 0.124498, 0.728916, 0.895582
 160.333333, 0.349272, 0.141372, 0.727651, 0.900208
 173.666667, 0.312860, 0.111324, 0.639155, 0.790787
 171.666667, 0.227184, 0.099029, 0.702913, 0.829126
 170.000000, 0.500000, 0.131373, 0.725490, 0.884314
 170.000000, 0.417647, 0.113725, 0.717647, 0.858824
 167.333333, 0.476096, 0.139442, 0.772908, 0.940239
 149.666667, 0.291759, 0.097996, 0.917595, 1.046771
 165.666667, 0.366197, 0.138833, 0.752515, 0.921529
 170.333333, 0.389432, 0.138943, 0.661448, 0.839530
 173.666667, 0.406910, 0.111324, 0.635317, 0.775432
 158.666667, 0.441176, 0.218487, 0.897059, 1.142857
 179.000000, 0.489758, 0.115456, 0.646182, 0.791434
 183.000000, 0.418944, 0.122040, 0.666667, 0.817851
 168.000000, 0.351190, 0.113095, 0.660714, 0.801587
 172.000000, 0.257752, 0.125969, 0.656977, 0.819767
25
 0.250000, 0.000000, 0.000000, 0.000000, 0.000000
 165.333333, 0.576613, 0.167339, 0.786290, 1.044355
 163.666667, 0.454175, 0.177189, 0.737271, 0.945010
 168.333333, 0.306931, 0.118812, 0.693069, 0.841584
 157.000000, 0.244161, 0.131635, 0.768577, 0.929936
 180.333333, 0.584104, 0.136784, 0.707948, 0.883549
 176.333333, 0.351607, 0.105860, 0.640832, 0.776938
 168.333333, 0.358416, 0.130693, 0.685149, 0.855446
 170.666667, 0.394531, 0.121094, 0.705078, 0.853516
 169.666667, 0.536346, 0.119843, 0.724951, 0.872299
 167.000000, 0.391218, 0.135729, 0.740519, 0.904192
 152.000000, 0.311404, 0.111842, 0.877193, 1.017544
 168.666667, 0.371542, 0.134387, 0.774704, 0.938735
 163.333333, 0.351020, 0.114286, 0.704082, 0.844898
 173.000000, 0.375723, 0.113680, 0.643545, 0.788054
 156.666667, 0.412766, 0.110638, 0.765957, 0.906383
 185.000000, 0.479279, 0.111712, 0.634234, 0.785586
 181.666667, 0.491743, 0.113761, 0.629358, 0.774312
 166.333333, 0.272545, 0.112224, 0.687375, 0.827655
 190.000000, 0.487719, 0.124561, 0.612281, 0.768421
26
 0.250000, 0.000000, 0.000000, 0.000000, 0.000000
 164.666667, 0.615385, 0.170040, 0.748988, 0.957490
 161.333333, 0.413223, 0.130165, 0.721074, 0.894628
 172.333333, 0.392650, 0.121857, 0.705996, 0.870406
 167.666667, 0.499006, 0.172962, 0.753479, 0.966203
 170.333333, 0.326810, 0.140900, 0.737769, 0.906067
 186.000000, 0.510753, 0.118280, 0.611111, 0.758065
 172.000000, 0.294574, 0.112403, 0.705426, 0.858527
 172.000000, 0.428295, 0.124031, 0.713178, 0.866279
 177.333333, 0.622180, 0.131579, 0.674812, 0.845865
 160.666667, 0.342324, 0.128631, 0.726141, 0.881743
 156.666667, 0.346809, 0.106383, 0.770213, 0.917021
 171.666667, 0.440777, 0.132039, 0.766990, 0.928155
 169.333333, 0.299213, 0.104331, 0.690945, 0.822835
 175.000000, 0.617143, 0.245714, 0.641905, 0.920000
 145.666667, 0.375286, 0.157895, 0.775744, 0.963387
 187.666667, 0.596803, 0.119005, 0.658970, 0.809947
 180.333333, 0.402957, 0.097967, 0.672828, 0.809612
 166.666667, 0.390000, 0.120000, 0.680000, 0.840000
 175.000000, 0.346667, 0.102857, 0.660952, 0.803810
27
 0.250000, 1.000000, 0.000000, 22.000000, 23.000000
 162.333333, 0.589322, 0.190965, 0.743326, 0.991786
 154.000000, 0.257576, 0.170996, 0.785714, 0.995671
 164.333333, 0.373225, 0.113590, 0.732252, 0.874239
 159.333333, 0.303347, 0.148536, 0.767782, 0.943515
 167.333333, 0.386454, 0.179283, 0.743028, 0.950199
 172.000000, 0.242248, 0.093023, 0.647287, 0.769380
 167.666667, 0.242545, 0.119284, 0.715706, 0.874751
 172.000000, 0.428295, 0.110465, 0.715116, 0.866279
 173.333333, 0.482692, 0.128846, 0.732692, 0.892308
 173.000000, 0.462428, 0.129094, 0.737958, 0.895954
 158.000000, 0.318565, 0.097046, 0.854430, 0.981013
 162.666667, 0.450820, 0.131148, 0.797131, 0.959016
 170.000000, 0.352941, 0.101961, 0.664706, 0.792157
 169.333333, 0.348425, 0.118110, 0.653543, 0.799213
 150.000000, 0.413333, 0.162222, 0.762222, 0.984444
 175.000000, 0.371429, 0.110476, 0.653333, 0.792381
 185.666667, 0.493716, 0.129264, 0.673250, 0.831239
 173.000000, 0.366089, 0.107900, 0.714836, 0.861272
 182.333333, 0.347349, 0.104205, 0.623400, 0.771481
28
 0.250000, 1.000000, 0.000000, 22.000000, 22.000000
 165.333333, 0.546371, 0.159274, 0.774194, 0.981855
 160.333333, 0.424116, 0.155925, 0.762994, 0.948025
 161.333333, 0.262397, 0.113636, 0.716942, 0.859504
 168.666667, 0.369565, 0.181818, 0.762846, 0.972332
 170.000000, 0.315686, 0.141176, 0.723529, 0.894118
 172.333333, 0.324952, 0.106383, 0.653772, 0.814313
 168.666667, 0.276680, 0.120553, 0.701581, 0.853755
 177.000000, 0.551789, 0.126177, 0.661017, 0.817326
 161.666667, 0.435052, 0.129897, 0.729897, 0.890722
 154.666667, 0.310345, 0.122845, 0.754310, 0.907328
 158.000000, 0.388186, 0.103376, 0.702532, 0.837553
 167.000000, 0.407186, 0.111776, 0.780439, 0.920160
 169.000000, 0.333333, 0.088757, 0.678501, 0.794872
 164.666667, 0.317814, 0.115385, 0.645749, 0.787449
 153.000000, 0.331155, 0.130719, 0.714597, 0.875817
 191.333333, 0.674216, 0.113240, 0.621951, 0.764808
 186.666667, 0.523214, 0.128571, 0.632143, 0.789286
 173.333333, 0.280769, 0.126923, 0.651923, 0.809615
 177.666667, 0.384615, 0.118199, 0.634146, 0.793621
29
 0.250000, 0.000000, 0.000000, 0.000000, 23.000000
 160.666667, 0.591286, 0.190871, 0.728216, 0.956432
 173.000000, 0.687861, 0.183044, 0.736031, 0.951830
 168.666667, 0.335968, 0.116601, 0.729249, 0.885375
 158.333333, 0.252632, 0.122105, 0.749474, 0.911579
 161.333333, 0.305785, 0.126033, 0.729339, 0.898760
 185.000000, 0.374775, 0.093694, 0.636036, 0.758559
 167.666667, 0.310139, 0.113320, 0.677932, 0.831014
 167.666667, 0.328032, 0.109344, 0.699801, 0.848907
 164.000000, 0.254065, 0.126016, 0.713415, 0.865854
 167.666667, 0.429423, 0.135189, 0.723658, 0.888668
 150.333333, 0.319290, 0.117517, 0.944568, 1.088692
 170.000000, 0.423529, 0.121569, 0.784314, 0.935294
 163.666667, 0.395112, 0.103870, 0.718941, 0.867617
 167.333333, 0.370518, 0.123506, 0.643426, 0.794821
 152.666667, 0.674672, 0.196507, 0.801310, 1.028384
 170.333333, 0.369863, 0.127202, 0.688845, 0.845401
 177.333333, 0.306391, 0.099624, 0.674812, 0.800752
 168.333333, 0.340594, 0.106931, 0.661386, 0.798020
 179.666667, 0.387755, 0.129870, 0.628942, 0.786642
30
 0.250000, 0.000000, 0.000000, 0.000000, 0.000000
 153.000000, 0.396514, 0.237473, 0.769063, 1.061002
 162.000000, 0.491770, 0.181070, 0.763374, 0.973251
 171.333333, 0.350195, 0.126459, 0.702335, 0.856031
 170.666667, 0.445313, 0.160156, 0.767578, 0.957031
 166.000000, 0.343373, 0.146586, 0.696787, 0.899598
 182.333333, 0.458867, 0.104205, 0.641682, 0.784278
 163.000000, 0.345603, 0.106339, 0.711656, 0.848671
 163.000000, 0.343558, 0.145194, 0.709611, 0.883436
 170.333333, 0.442270, 0.109589, 0.729941, 0.878669
 169.333333, 0.385827, 0.120079, 0.767717, 0.915354
 154.333333, 0.393089, 0.105832, 0.874730, 1.008639
 173.000000, 0.406551, 0.132948, 0.795761, 0.971098
 168.000000, 0.414683, 0.117063, 0.702381, 0.849206
 166.000000, 0.307229, 0.110442, 0.666667, 0.805221
 154.333333, 0.336933, 0.144708, 0.742981, 0.917927
 172.000000, 0.346899, 0.131783, 0.678295, 0.846899
 172.333333, 0.441006, 0.121857, 0.642166, 0.791103
 167.000000, 0.493014, 0.147705, 0.660679, 0.838323
 179.666667, 0.372913, 0.105751, 0.623377, 0.756957
31
 0.250000, 0.000000, 0.000000, 0.000000, 0.000000
 156.000000, 0.653846, 0.277778, 0.777778, 1.123932
 165.666667, 0.440644, 0.162978, 0.758551, 0.949698
 167.333333, 0.326693, 0.131474, 0.711155, 0.868526
 159.666667, 0.315240, 0.127349, 0.743215, 0.897704
 165.000000, 0.341414, 0.141414, 0.723232, 0.890909
 184.333333, 0.350814, 0.113924, 0.650995, 0.795660
 169.333333, 0.307087, 0.098425, 0.673228, 0.799213
 167.000000, 0.389222, 0.125749, 0.694611, 0.854291
 179.333333, 0.496283, 0.165428, 0.734201, 0.931227
 161.333333, 0.297521, 0.113636, 0.737603, 0.894628
 151.333333, 0.332599, 0.105727, 0.940529, 1.077093
 162.000000, 0.417695, 0.141975, 0.759259, 0.942387
 167.333333, 0.350598, 0.089641, 0.711155, 0.830677
 173.666667, 0.389635, 0.119002, 0.644914, 0.794626
 150.000000, 0.417778, 0.286667, 1.008889, 1.324444
 170.333333, 0.371820, 0.105675, 0.645793, 0.780822
 171.000000, 0.298246, 0.126706, 0.645224, 0.801170
 169.000000, 0.479290, 0.132150, 0.662722, 0.822485
 172.333333, 0.303675, 0.143133, 0.636364, 0.806576
Histogram
7 0 0 0 0 0 0 123 293 148 45 8 2 1 0 0 0 0 0 0 6 0 0 0 0 0 0 0 0 0 1 0 0 0 0 0 0 0 0 0 1 0 0 0 0 0 0 0 0 0 0 0 0 0 0 0 0 0 0 0 1 0 0 0 0 0 0 0 0 0 0 0 0 0 0 0 0 0 0 0 0 0 0 0 0 0 0 0 0 0 0 0 0 0 0 0 0 0 0 0 1 0 0 0 0 0 0 0 0 0 0 0 0 0 0 0 0 0 0 10 
Cache Miss Ratio
NaN
numOfSets
323774
numOfGets
0
numOfMultiGets
0
